Data path: /scratch/opt/lxu/CFLG/benchmarks/random_A
Instance: r_15_0.3_25.txt
Result path: /scratch/opt/lxu/CFLG/results/random_A
Solver: Gurobi
Time limit: 7200
Formulation: LEFP
Cover: Small
julia --project=. src/main.jl /scratch/opt/lxu/CFLG/benchmarks/random_A r_15_0.3_25.txt /scratch/opt/lxu/CFLG/results/random_A Gurobi 7200 LEFP Small
The latest version of Julia in the `release` channel is 1.11.6+0.x64.linux.gnu. You currently have `1.11.4+0.x64.linux.gnu` installed. Run:

  juliaup update

in your terminal shell to install Julia 1.11.6+0.x64.linux.gnu and update the `release` channel to that version.
/scratch/opt/lxu/CFLG/benchmarks/random_A Gurobi 7200.0 /scratch/opt/lxu/CFLG/results/random_A r_15_0.3_25.txt LEFP Small
/scratch/opt/lxu/CFLG/benchmarks/random_A/r_15_0.3_25.txt

 read graph
data loaded


after absorb:10 15

max_piece:16
problem_graph/original graph: node: 11/15 edge: 21/25 dlt: 0.1520455682071622 break_avg_len: 0.7240265152722012 break_max_len: 2.218773202861688Set parameter TokenServer to value "solice01.zib.de"
Set parameter Threads to value 1
Set parameter OutputFlag to value 1
Gurobi Optimizer version 12.0.1 build v12.0.1rc0 (linux64 - "Debian GNU/Linux 12 (bookworm)")

CPU model: Intel(R) Xeon(R) Gold 5122 CPU @ 3.60GHz, instruction set [SSE2|AVX|AVX2|AVX512]
Thread count: 8 physical cores, 16 logical processors, using up to 1 threads

Non-default parameters:
Threads  1

Optimize a model with 32 rows, 63 columns and 105 nonzeros
Model fingerprint: 0x4514b126
Coefficient statistics:
  Matrix range     [1e+00, 1e+00]
  Objective range  [1e+00, 1e+00]
  Bounds range     [1e+00, 1e+00]
  RHS range        [1e+00, 1e+00]
Presolve removed 2 rows and 3 columns
Presolve time: 0.01s
Presolved: 30 rows, 60 columns, 100 nonzeros

Iteration    Objective       Primal Inf.    Dual Inf.      Time
       0    2.1000000e+01   1.300000e+01   0.000000e+00      0s
      29    1.1000000e+01   0.000000e+00   0.000000e+00      0s

Solved in 29 iterations and 0.02 seconds (0.00 work units)
Optimal objective  1.100000000e+01

User-callback calls 105, time in user-callback 0.01 sec
elapsed CPU time: 1.231464 seconds
Set parameter TokenServer to value "solice01.zib.de"
Set parameter Threads to value 1
Set parameter OutputFlag to value 1
Set parameter MIPGap to value 0.0001
Set parameter TimeLimit to value 7198.768536

 more cuts: false 0.1520455682071622 false
is_attach:falseformulation:LEFP19 2 1

 model loaded

Gurobi Optimizer version 12.0.1 build v12.0.1rc0 (linux64 - "Debian GNU/Linux 12 (bookworm)")

CPU model: Intel(R) Xeon(R) Gold 5122 CPU @ 3.60GHz, instruction set [SSE2|AVX|AVX2|AVX512]
Thread count: 8 physical cores, 16 logical processors, using up to 1 threads

Non-default parameters:
TimeLimit  7198.768536
Threads  1

Optimize a model with 326 rows, 191 columns and 672 nonzeros
Model fingerprint: 0x13c48178
Variable types: 53 continuous, 138 integer (138 binary)
Coefficient statistics:
  Matrix range     [1e-02, 1e+00]
  Objective range  [1e+00, 1e+00]
  Bounds range     [1e-01, 2e+00]
  RHS range        [1e-02, 2e+00]
Found heuristic solution: objective 55.0000000
Presolve removed 194 rows and 66 columns
Presolve time: 0.00s
Presolved: 132 rows, 125 columns, 455 nonzeros
Variable types: 51 continuous, 74 integer (74 binary)

Root relaxation: objective 4.100000e+01, 74 iterations, 0.00 seconds (0.00 work units)

    Nodes    |    Current Node    |     Objective Bounds      |     Work
 Expl Unexpl |  Obj  Depth IntInf | Incumbent    BestBd   Gap | It/Node Time

     0     0   41.00000    0   25   55.00000   41.00000  25.5%     -    0s
H    0     0                      47.0000000   41.00000  12.8%     -    0s
     0     0   42.47973    0   35   47.00000   42.47973  9.62%     -    0s
     0     0   42.66836    0   34   47.00000   42.66836  9.22%     -    0s
     0     0   42.66836    0   34   47.00000   42.66836  9.22%     -    0s
     0     0   43.17472    0   32   47.00000   43.17472  8.14%     -    0s
H    0     0                      46.0000000   43.17472  6.14%     -    0s
     0     0   43.17472    0   33   46.00000   43.17472  6.14%     -    0s
     0     0   44.00000    0   25   46.00000   44.00000  4.35%     -    0s
     0     0   44.00000    0   25   46.00000   44.00000  4.35%     -    0s
     0     0   44.00000    0   25   46.00000   44.00000  4.35%     -    0s
     0     0   44.00000    0   25   46.00000   44.00000  4.35%     -    0s
     0     0   44.00000    0    7   46.00000   44.00000  4.35%     -    0s
     0     0   44.00000    0   11   46.00000   44.00000  4.35%     -    0s
     0     0   44.00000    0   13   46.00000   44.00000  4.35%     -    0s
     0     0   44.00000    0   12   46.00000   44.00000  4.35%     -    0s
     0     2   44.00000    0    9   46.00000   44.00000  4.35%     -    0s

Cutting planes:
  Cover: 62
  Implied bound: 27
  Clique: 2
  MIR: 54
  StrongCG: 1
  GUB cover: 2
  Inf proof: 7
  RLT: 13
  Relax-and-lift: 4
  BQP: 10

Explored 1652 nodes (19101 simplex iterations) in 0.55 seconds (0.29 work units)
Thread count was 1 (of 16 available processors)

Solution count 3: 46 47 55 

Optimal solution found (tolerance 1.00e-04)
Best objective 4.600000000000e+01, best bound 4.600000000000e+01, gap 0.0000%

User-callback calls 3924, time in user-callback 0.00 sec

 sepatime0 0 0
46.0
Stat(MathOptInterface.OPTIMAL, 46.0, 46.0, 0.0, 0.0, 1.231464, 0.5550029277801514, 1652, Main.CFLG.LEFP, "", #undef)
