Data path: /scratch/opt/lxu/CFLG/benchmarks/Kgroup_B
Instance: K400.10.con.red
Result path: /scratch/opt/lxu/CFLG/results/Kgroup_B
Solver: Gurobi
Time limit: 3600
Formulation: LEFPI
Cover: Small
julia --project=. src/main.jl /scratch/opt/lxu/CFLG/benchmarks/Kgroup_B K400.10.con.red /scratch/opt/lxu/CFLG/results/Kgroup_B Gurobi 3600 LEFPI Small
The latest version of Julia in the `release` channel is 1.11.5+0.x64.linux.gnu. You currently have `1.11.4+0.x64.linux.gnu` installed. Run:

  juliaup update

in your terminal shell to install Julia 1.11.5+0.x64.linux.gnu and update the `release` channel to that version.
/scratch/opt/lxu/CFLG/benchmarks/Kgroup_B Gurobi 3600.0 /scratch/opt/lxu/CFLG/results/Kgroup_B K400.10.con.red LEFPI Small
/scratch/opt/lxu/CFLG/benchmarks/Kgroup_B/K400.10.con.red

 read graph
data loaded


after absorb:220 221

max_piece:30
problem_graph/original graph: node: 333/221 edge: 1035/923 dlt: 0.03522927822971286 break_avg_len: 0.12566811132763275 break_max_len: 1.0elapsed CPU time: 0.369582 seconds
Set parameter TokenServer to value "solice01.zib.de"
Set parameter Threads to value 1
Set parameter OutputFlag to value 1
Set parameter MIPGap to value 0.0001
Set parameter MIPGapAbs to value 1
Set parameter TimeLimit to value 3599.630418

 more cuts:false
formulation:LEFPI761 274 113

 model loaded

Gurobi Optimizer version 12.0.1 build v12.0.1rc0 (linux64 - "Debian GNU/Linux 12 (bookworm)")

CPU model: Intel(R) Xeon(R) Gold 5122 CPU @ 3.60GHz, instruction set [SSE2|AVX|AVX2|AVX512]
Thread count: 8 physical cores, 16 logical processors, using up to 1 threads

Non-default parameters:
TimeLimit  3599.630418
MIPGapAbs  1
Threads  1

Optimize a model with 18047 rows, 12403 columns and 36672 nonzeros
Model fingerprint: 0x0a5e2da7
Model has 6134 simple general constraints
  6134 INDICATOR
Variable types: 3438 continuous, 8965 integer (7443 binary)
Coefficient statistics:
  Matrix range     [5e-04, 1e+00]
  Objective range  [1e+00, 1e+00]
  Bounds range     [5e-04, 1e+00]
  RHS range        [5e-04, 1e+01]
  GenCon rhs range [4e-08, 1e+00]
  GenCon coe range [1e+00, 1e+00]
Presolve removed 6860 rows and 2507 columns
Presolve time: 0.38s
Presolved: 11187 rows, 9896 columns, 49615 nonzeros
Variable types: 2890 continuous, 7006 integer (6662 binary)
Found heuristic solution: objective 1885.0000000

Root relaxation: objective 1.399000e+03, 4866 iterations, 0.05 seconds (0.04 work units)

    Nodes    |    Current Node    |     Objective Bounds      |     Work
 Expl Unexpl |  Obj  Depth IntInf | Incumbent    BestBd   Gap | It/Node Time

     0     0 1399.00000    0  553 1885.00000 1399.00000  25.8%     -    0s
H    0     0                    1858.0000000 1399.00000  24.7%     -    0s
H    0     0                    1847.0000000 1399.00000  24.3%     -    0s
H    0     0                    1829.0000000 1399.00000  23.5%     -    0s
     0     0 1400.91636    0  813 1829.00000 1400.91636  23.4%     -    1s
     0     0 1401.24757    0  844 1829.00000 1401.24757  23.4%     -    1s
     0     0 1401.25370    0  828 1829.00000 1401.25370  23.4%     -    1s
     0     0 1401.25370    0  818 1829.00000 1401.25370  23.4%     -    1s
     0     0 1407.53659    0  958 1829.00000 1407.53659  23.0%     -    1s
     0     0 1408.11417    0  945 1829.00000 1408.11417  23.0%     -    1s
     0     0 1408.21774    0  942 1829.00000 1408.21774  23.0%     -    1s
     0     0 1408.21813    0  943 1829.00000 1408.21813  23.0%     -    1s
     0     0 1417.32485    0 1056 1829.00000 1417.32485  22.5%     -    1s
     0     0 1418.67504    0 1023 1829.00000 1418.67504  22.4%     -    2s
     0     0 1418.84658    0 1058 1829.00000 1418.84658  22.4%     -    2s
     0     0 1418.86117    0 1063 1829.00000 1418.86117  22.4%     -    2s
     0     0 1418.86310    0 1063 1829.00000 1418.86310  22.4%     -    2s
     0     0 1427.15205    0  957 1829.00000 1427.15205  22.0%     -    2s
     0     0 1428.51763    0 1052 1829.00000 1428.51763  21.9%     -    2s
     0     0 1429.01604    0 1078 1829.00000 1429.01604  21.9%     -    2s
     0     0 1429.09254    0 1100 1829.00000 1429.09254  21.9%     -    2s
     0     0 1429.11318    0 1106 1829.00000 1429.11318  21.9%     -    2s
     0     0 1429.11474    0 1114 1829.00000 1429.11474  21.9%     -    2s
     0     0 1430.78585    0 1110 1829.00000 1430.78585  21.8%     -    3s
     0     0 1431.24673    0 1144 1829.00000 1431.24673  21.7%     -    3s
     0     0 1431.32865    0 1178 1829.00000 1431.32865  21.7%     -    3s
     0     0 1431.35069    0 1195 1829.00000 1431.35069  21.7%     -    3s
     0     0 1431.35211    0 1209 1829.00000 1431.35211  21.7%     -    3s
     0     0 1432.66143    0 1144 1829.00000 1432.66143  21.7%     -    3s
     0     0 1432.99808    0 1189 1829.00000 1432.99808  21.7%     -    3s
     0     0 1433.13674    0 1220 1829.00000 1433.13674  21.6%     -    3s
     0     0 1433.16357    0 1226 1829.00000 1433.16357  21.6%     -    4s
     0     0 1433.16870    0 1238 1829.00000 1433.16870  21.6%     -    4s
     0     0 1434.18434    0 1220 1829.00000 1434.18434  21.6%     -    4s
     0     0 1434.29593    0 1227 1829.00000 1434.29593  21.6%     -    4s
     0     0 1434.31213    0 1244 1829.00000 1434.31213  21.6%     -    4s
     0     0 1435.04221    0 1220 1829.00000 1435.04221  21.5%     -    4s
     0     0 1435.14757    0 1272 1829.00000 1435.14757  21.5%     -    4s
     0     0 1435.16196    0 1287 1829.00000 1435.16196  21.5%     -    4s
     0     0 1435.72294    0 1209 1829.00000 1435.72294  21.5%     -    5s
     0     0 1435.96143    0 1250 1829.00000 1435.96143  21.5%     -    5s
     0     0 1435.99544    0 1273 1829.00000 1435.99544  21.5%     -    5s
     0     0 1436.00098    0 1272 1829.00000 1436.00098  21.5%     -    5s
     0     0 1436.32483    0 1261 1829.00000 1436.32483  21.5%     -    5s
H    0     0                    1730.9999995 1436.32708  17.0%     -    5s
H    0     0                    1665.9999995 1436.32708  13.8%     -    5s
     0     0 1436.48805    0 1319 1666.00000 1436.48805  13.8%     -    5s
     0     0 1436.54890    0 1296 1666.00000 1436.54890  13.8%     -    6s
     0     0 1436.57264    0 1311 1666.00000 1436.57264  13.8%     -    6s
     0     0 1436.96525    0 1288 1666.00000 1436.96525  13.7%     -    6s
     0     0 1437.07367    0 1363 1666.00000 1437.07367  13.7%     -    6s
     0     0 1437.08992    0 1361 1666.00000 1437.08992  13.7%     -    6s
     0     0 1437.45080    0 1320 1666.00000 1437.45080  13.7%     -    6s
     0     0 1437.61516    0 1344 1666.00000 1437.61516  13.7%     -    6s
     0     0 1437.66069    0 1350 1666.00000 1437.66069  13.7%     -    6s
     0     0 1437.68255    0 1348 1666.00000 1437.68255  13.7%     -    6s
     0     0 1437.95420    0 1316 1666.00000 1437.95420  13.7%     -    7s
     0     0 1438.06725    0 1321 1666.00000 1438.06725  13.7%     -    7s
     0     0 1438.08254    0 1362 1666.00000 1438.08254  13.7%     -    7s
     0     0 1438.40129    0 1364 1666.00000 1438.40129  13.7%     -    7s
     0     0 1438.44923    0 1361 1666.00000 1438.44923  13.7%     -    7s
     0     0 1438.47067    0 1381 1666.00000 1438.47067  13.7%     -    7s
     0     0 1438.59095    0 1355 1666.00000 1438.59095  13.7%     -    8s
     0     0 1438.59195    0 1247 1666.00000 1438.59195  13.6%     -    8s
     0     2 1438.59195    0 1208 1666.00000 1438.59195  13.6%     -    9s
    32    34 1439.41498   23 1139 1666.00000 1438.59195  13.6%   108   10s
   104   106 1440.82096   67 1068 1666.00000 1438.59195  13.6%  67.2   15s
   672   652 1479.04179  465  475 1666.00000 1438.59195  13.6%  30.0   20s
* 1737  1619            1245    1551.0000000 1438.59195  7.25%  17.6   24s
  1742  1617 1461.30847  300 1247 1551.00000 1438.72538  7.24%  17.6   26s
  1763  1631 1460.44939  289 1330 1551.00000 1444.79382  6.85%  17.4   30s
  1779  1642 1546.24860 1211 1158 1551.00000 1453.62754  6.28%  17.2   35s
  1797  1654 1470.42760  370 1207 1551.00000 1457.27280  6.04%  17.1   40s
  1813  1664 1474.10787  415 1341 1551.00000 1460.68953  5.82%  16.9   45s
  1829  1675 1527.35305 1049 1236 1551.00000 1462.75762  5.69%  16.8   50s
  1842  1684 1463.69291  300 1403 1551.00000 1463.69291  5.63%  16.7   55s
  1856  1693 1501.97952  655 1205 1551.00000 1465.08204  5.54%  16.5   60s
  1872  1704 1480.50765  474 1455 1551.00000 1466.00138  5.48%  16.4   65s
  1885  1712 1469.84712  370 1333 1551.00000 1468.07832  5.35%  16.3   70s
  1905  1726 1481.19778  493 1382 1551.00000 1468.19889  5.34%  16.1   75s
H 1914  1642                    1537.0000000 1468.23464  4.47%  16.0   86s
  1922  1647 1525.00000  989 1292 1537.00000 1468.27643  4.47%  16.0   90s
  1939  1659 1537.00000 1158 1068 1537.00000 1468.28341  4.47%   148   95s
  1960  1673 1525.71719  991 1183 1537.00000 1468.82301  4.44%   146  100s
  1975  1683 1486.47730  522 1223 1537.00000 1469.51873  4.39%   145  105s
  1987  1691 1469.83027   51 1260 1537.00000 1469.83027  4.37%   144  110s
  2002  1701 1470.10739  281 1313 1537.00000 1470.10739  4.35%   143  115s
  2014  1709 1515.87678  814 1227 1537.00000 1470.35030  4.34%   142  120s
  2028  1719 1496.07835  594 1493 1537.00000 1470.49226  4.33%   141  125s
  2038  1725 1477.12397  446 1299 1537.00000 1470.92019  4.30%   141  130s
  2052  1735 1471.40729  237 1117 1537.00000 1471.40729  4.27%   140  135s
  2066  1744 1517.00000  849 1233 1537.00000 1471.97344  4.23%   139  140s
  2082  1755 1472.25617   49 1183 1537.00000 1472.25617  4.21%   138  146s
  2093  1762 1501.02094  653 1400 1537.00000 1472.41707  4.20%   137  150s
H 2093  1671                    1536.0000000 1472.47807  4.14%   137  161s
  2104  1678 1526.34548 1036 1459 1536.00000 1472.59375  4.13%   136  165s
  2116  1686 1494.15517  583 1359 1536.00000 1472.80586  4.11%   135  170s
  2128  1694 1496.07835  594 1267 1536.00000 1472.99801  4.10%   135  175s
  2140  1702 1475.18030  417 1414 1536.00000 1473.07417  4.10%   134  180s
  2151  1710 1534.05442 1128 1441 1536.00000 1473.16769  4.09%   133  185s
  2159  1715 1502.00590  653 1327 1536.00000 1473.25019  4.09%   133  190s
  2169  1722 1473.31693  178 1338 1536.00000 1473.31693  4.08%   132  195s
  2175  1726 1486.47730  522 1334 1536.00000 1473.36165  4.08%   132  200s
  2189  1735 1480.67677  490 1311 1536.00000 1473.46518  4.07%   131  205s
  2201  1744 1473.47365   73  590 1536.00000 1473.47365  4.07%   312  210s
  2216  1754 1494.15517  583 1322 1536.00000 1473.48320  4.07%   310  215s
  2222  1758 1525.00000  989 1238 1536.00000 1473.56963  4.06%   309  220s
  2233  1766 1518.00000  867 1290 1536.00000 1473.63838  4.06%   308  225s
  2241  1771 1473.66629  267 1403 1536.00000 1473.66629  4.06%   307  230s
  2246  1774 1533.00000 1104 1446 1536.00000 1473.68356  4.06%   306  235s
  2254  1780 1473.73096  155 1268 1536.00000 1473.73096  4.05%   305  241s
  2263  1786 1473.78342  289 1297 1536.00000 1473.78342  4.05%   304  246s
  2271  1791 1473.90180  170 1409 1536.00000 1473.90180  4.04%   303  250s
  2281  1798 1506.42857  715 1298 1536.00000 1473.98229  4.04%   301  255s
  2292  1805 1474.04151  150 1424 1536.00000 1474.04151  4.03%   300  260s
H 2298  1716                    1534.0000000 1474.08076  3.91%   299  277s
  2303  1719 1522.64306  949 1345 1534.00000 1474.09059  3.91%   298  280s
  2310  1724 1518.24316  878 1333 1534.00000 1474.10737  3.90%   297  285s
  2319  1730 1503.00038  662 1310 1534.00000 1474.14541  3.90%   296  290s
  2330  1737 1525.18511  989 1535 1534.00000 1474.20931  3.90%   295  295s
  2339  1743 1534.00000 1158 1335 1534.00000 1474.26343  3.89%   294  300s
  2349  1750 1474.31980  355 1465 1534.00000 1474.31980  3.89%   292  305s
  2358  1756 1499.72907  633 1374 1534.00000 1474.35073  3.89%   291  311s
  2365  1761 1526.07817 1021 1428 1534.00000 1474.38218  3.89%   291  315s
  2377  1769 1493.15592  563 1573 1534.00000 1474.47310  3.88%   289  320s
  2386  1775 1484.34128  509 1382 1534.00000 1474.49841  3.88%   288  325s
  2397  1782 1474.55611  370 1311 1534.00000 1474.55611  3.88%   287  330s
  2406  1788 1474.59321  216 1553 1534.00000 1474.59321  3.87%   286  335s
  2419  1797 1503.00038  662 1578 1534.00000 1474.64471  3.87%   284  340s
  2428  1803 1496.07835  594 1460 1534.00000 1474.70439  3.87%   283  345s
  2439  1810 1534.00000 1158 1631 1534.00000 1474.75705  3.86%   282  350s
  2448  1816 1501.01718  643 1444 1534.00000 1474.80966  3.86%   281  355s
  2457  1822 1534.00000 1149 1419 1534.00000 1474.83785  3.86%   280  360s
  2466  1828 1517.00000  849 1590 1534.00000 1474.86682  3.85%   279  365s
  2476  1835 1474.90568   28 1437 1534.00000 1474.90568  3.85%   277  370s
  2489  1844 1480.67677  490 1165 1534.00000 1474.90569  3.85%   490  375s
  2502  1853 1474.93811  281 1322 1534.00000 1474.93811  3.85%   488  380s
  2510  1858 1518.24316  878 1378 1534.00000 1475.01553  3.85%   486  385s
  2516  1862 1494.15517  583 1469 1534.00000 1475.03233  3.84%   485  390s
  2524  1868 1475.05778  280 1473 1534.00000 1475.05778  3.84%   484  395s
  2534  1874 1475.08293  201 1438 1534.00000 1475.08293  3.84%   482  400s
  2541  1879 1475.12266  267 1485 1534.00000 1475.12266  3.84%   480  405s
  2547  1883 1475.15784  300 1292 1534.00000 1475.15784  3.84%   479  411s
  2555  1888 1480.85579  486 1300 1534.00000 1475.20863  3.83%   478  417s
  2562  1893 1510.54437  742 1304 1534.00000 1475.22026  3.83%   476  420s
  2570  1898 1475.24439   29 1306 1534.00000 1475.24439  3.83%   475  425s
H 2575  1805                    1533.0000000 1475.26460  3.77%   474  437s
H 2575  1713                    1531.0000000 1475.26460  3.64%   474  441s
  2578  1715 1526.00000 1008 1384 1531.00000 1475.26895  3.64%   473  445s
  2586  1720 1484.34128  509 1479 1531.00000 1475.29690  3.64%   472  450s
  2594  1725 1519.24622  897 1535 1531.00000 1475.31379  3.64%   471  455s
  2603  1731 1522.64306  949 1502 1531.00000 1475.36755  3.63%   469  460s
  2610  1736 1518.24316  878 1408 1531.00000 1475.37499  3.63%   468  466s
  2614  1739 1515.87678  814 1380 1531.00000 1475.38075  3.63%   467  470s
  2615  1739 1513.00000  800 1380 1531.00000 1475.38075  3.63%   467  475s
  2653  1767 1475.79068   61 1187 1531.00000 1475.38837  3.63%   572  480s
  2713  1807 1476.46595   91 1107 1531.00000 1475.38837  3.63%   565  485s
  2772  1844 1477.12452  121  972 1531.00000 1475.38837  3.63%   559  490s
  2864  1905 1478.19366  167  850 1531.00000 1475.38837  3.63%   549  495s
  2972  1977 1480.16088  221  741 1531.00000 1475.38837  3.63%   537  500s
  3134  2081 1483.44732  301  606 1531.00000 1475.38837  3.63%   514  505s
  3372  2240 1488.09145  420  493 1531.00000 1475.38837  3.63%   484  510s
  3706  2463 1499.08099  587  314 1531.00000 1475.38837  3.63%   444  515s
  4016  2667 1505.99881  742  247 1531.00000 1475.38837  3.63%   412  520s
  4497  2973 1522.00000  983  175 1531.00000 1475.38837  3.63%   370  525s
  4748  3110 1475.73641   48 1326 1531.00000 1475.38882  3.63%   352  530s
  4802  3146 1476.70980   75 1017 1531.00000 1475.38882  3.63%   350  535s
  4844  3174 1477.28756   96  953 1531.00000 1475.38882  3.63%   349  540s
  4910  3218 1478.61755  129  876 1531.00000 1475.38882  3.63%   347  545s
H 4924  3116                    1528.0000000 1475.38882  3.44%   346  550s
H 4964  3021                    1527.0000000 1475.38882  3.38%   345  553s
  5017  3059 1480.23935  182  756 1527.00000 1475.38882  3.38%   342  555s
  5185  3171 1484.07207  266  640 1527.00000 1475.38882  3.38%   336  560s
  5468  3359 1489.66649  408  458 1527.00000 1475.38882  3.38%   323  565s
  5881  3633 1505.89728  615  246 1527.00000 1475.38882  3.38%   303  570s
  6396  3972 1523.29450  872  135 1527.00000 1475.38882  3.38%   280  575s
  6495  4006 1476.11853   52 1256 1527.00000 1475.39362  3.38%   278  580s
  6560  4049 1476.75880   85 1031 1527.00000 1475.39362  3.38%   277  585s
  6664  4119 1478.10846  137  862 1527.00000 1475.39362  3.38%   275  590s
H 6749  4062                    1526.0000000 1475.39362  3.32%   273  594s
  6773  4080 1479.37974  191  790 1526.00000 1475.39362  3.32%   272  595s
  6910  4172 1483.19422  260  646 1526.00000 1475.39362  3.32%   270  600s
  7181  4385 1492.22933  395  502 1526.00000 1475.39362  3.32%   262  605s
  7486  4684 1505.65367  547  274 1526.00000 1475.39362  3.32%   253  610s
  7830  5026 1517.50000  719  165 1526.00000 1475.39362  3.32%   243  615s
  8041  5203 1475.55288   50 1376 1526.00000 1475.39409  3.32%   238  620s
  8073  5235 1475.97600   66 1057 1526.00000 1475.39409  3.32%   238  625s
H 8100  5175                    1525.0000000 1475.39409  3.25%   238  628s
  8121  5198 1476.86499   90  992 1525.00000 1475.39409  3.25%   238  630s
H 8154  5127                    1524.0000000 1475.39409  3.19%   238  636s
  8208  5183 1478.64529  134  826 1524.00000 1475.39409  3.19%   238  640s
  8234  5209 1479.71633  147  794 1524.00000 1475.39409  3.19%   237  653s
  8247  5222 1480.24711  153  793 1524.00000 1475.39409  3.19%   237  655s
H 8289  5167                    1523.0000000 1475.39409  3.13%   237  659s
  8316  5196 1482.99845  188  720 1523.00000 1475.39409  3.13%   236  660s
  8451  5331 1486.92557  255  554 1523.00000 1475.39409  3.13%   234  665s
  8667  5547 1493.79304  363  415 1523.00000 1475.39409  3.13%   230  670s
  9025  5904 1505.87285  543  251 1523.00000 1475.39409  3.13%   222  675s
  9503  6334 1475.41791   50 1498 1523.00000 1475.39445  3.13%   212  680s
  9538  6369 1475.72519   68 1236 1523.00000 1475.39445  3.13%   212  685s
  9609  6440 1476.90860  103 1092 1523.00000 1475.39445  3.13%   212  690s
  9698  6529 1478.08345  148  830 1523.00000 1475.39445  3.13%   212  695s
  9833  6664 1481.31830  215  708 1523.00000 1475.39445  3.13%   211  700s
 10033  6862 1486.82512  315  653 1523.00000 1475.39445  3.13%   209  705s
 10203  7031 1495.72261  488 1247 1523.00000 1475.39445  3.13%   207  755s
 10212  7037 1483.14257  248 1246 1523.00000 1475.39445  3.13%   206  760s
 10222  7044 1498.89512  482 1450 1523.00000 1475.67283  3.11%   206  765s
 10230  7049 1484.89677  231 1380 1523.00000 1475.82585  3.10%   206  771s
 10235  7052 1497.48138  451 1239 1523.00000 1475.93432  3.09%   206  775s
 10240  7056 1486.52254  270 1480 1523.00000 1475.93432  3.09%   206  780s
 10246  7060 1480.20972  205 1295 1523.00000 1476.00023  3.09%   206  785s
 10255  7066 1507.59928  641 1478 1523.00000 1476.04683  3.08%   205  790s
 10260  7069 1506.99881  769 1301 1523.00000 1476.06857  3.08%   205  796s
 10266  7073 1485.00212  232 1454 1523.00000 1476.09304  3.08%   205  800s
 10270  7076 1477.87705  120 1315 1523.00000 1476.09304  3.08%   205  806s
 10276  7080 1518.31867  711 1417 1523.00000 1476.12921  3.08%   205  810s
 10284  7085 1477.71512  100 1449 1523.00000 1476.17521  3.07%   205  815s
 10289  7088 1484.94525  331 1331 1523.00000 1476.22703  3.07%   205  820s
 10296  7093 1496.32135  432 1543 1523.00000 1476.23103  3.07%   205  825s
 10300  7096 1487.41646  400 1395 1523.00000 1476.34411  3.06%   205  831s
 10307  7100 1508.17556  576 1575 1523.00000 1476.34411  3.06%   204  835s
 10314  7105 1495.10175  472 1584 1523.00000 1476.37628  3.06%   204  840s
 10315  7106 1477.86403  137 1394 1523.00000 1476.43415  3.06%   204  855s
 10327  7114 1505.83969  723 1559 1523.00000 1476.46879  3.06%   204  860s
 10333  7118 1509.42543  814 1508 1523.00000 1476.52625  3.05%   204  865s
 10341  7123 1508.51478  617 1528 1523.00000 1476.55474  3.05%   204  870s
 10347  7127 1483.55081  292 1481 1523.00000 1476.58802  3.05%   204  875s
 10351  7130 1508.44294  672 1514 1523.00000 1476.59670  3.05%   204  880s
 10356  7133 1506.47550  748 1392 1523.00000 1476.60887  3.05%   203  885s
 10363  7138 1492.70504  345 1547 1523.00000 1476.64206  3.04%   203  890s
 10369  7142 1478.89575  173 1392 1523.00000 1476.69334  3.04%   203  896s
 10374  7145 1507.35300  564 1600 1523.00000 1476.70452  3.04%   203  900s
 10383  7151 1488.24224  353 1609 1523.00000 1476.73759  3.04%   203  905s
 10388  7154 1479.66227  201 1445 1523.00000 1476.75000  3.04%   203  911s
 10392  7157 1508.67460  627 1557 1523.00000 1476.75295  3.04%   203  915s
 10398  7161 1484.00953  243 1616 1523.00000 1476.76982  3.04%   203  920s
 10404  7165 1487.29545  366 1404 1523.00000 1476.80483  3.03%   203  926s
 10407  7167 1508.17556  576 1585 1523.00000 1476.80483  3.03%   202  930s
 10414  7172 1495.10175  472 1479 1523.00000 1476.81258  3.03%   202  936s
 10417  7174 1485.08299  218 1449 1523.00000 1476.82186  3.03%   202  940s
 10422  7177 1498.89512  482 1652 1523.00000 1476.86079  3.03%   202  945s
 10426  7180 1480.24167  187 1509 1523.00000 1476.89489  3.03%   202  950s
 10431  7183 1510.63322  833 1587 1523.00000 1476.92785  3.03%   202  955s
 10434  7185 1483.23808  297 1447 1523.00000 1476.92785  3.03%   202  961s
 10437  7187 1497.04279  510 1600 1523.00000 1476.92785  3.03%   202  965s
 10441  7190 1508.51478  617 1495 1523.00000 1476.93114  3.02%   202  971s
 10448  7194 1479.02000  187 1657 1523.00000 1476.96701  3.02%   202  975s
 10452  7197 1487.71834  355 1624 1523.00000 1476.98395  3.02%   202  980s
 10457  7200 1515.21303  693 1658 1523.00000 1476.99204  3.02%   201  985s
 10460  7202 1506.99881  769 1459 1523.00000 1477.00326  3.02%   201  990s
 10467  7207 1504.83983  716 1694 1523.00000 1477.02080  3.02%   201  995s
 10476  7213 1518.31867  711 1761 1523.00000 1477.07387  3.02%   201 1000s
 10482  7217 1491.51872  299 1678 1523.00000 1477.10098  3.01%   201 1005s
 10485  7219 1479.75124  204 1545 1523.00000 1477.11092  3.01%   201 1011s
 10489  7222 1484.94525  331 1560 1523.00000 1477.11166  3.01%   201 1015s
 10494  7225 1490.00033  383 1703 1523.00000 1477.12101  3.01%   201 1021s
 10501  7230 1484.72610  225 1672 1523.00000 1477.13518  3.01%   201 1025s
 10506  7233 1506.87285  550 1489 1523.00000 1477.15390  3.01%   201 1031s
 10509  7235 1481.89398  220 1662 1523.00000 1477.16060  3.01%   201 1035s
 10514  7238 1495.10175  472 1715 1523.00000 1477.16155  3.01%   200 1040s
 10517  7240 1485.08299  218 1531 1523.00000 1477.16979  3.01%   200 1045s
 10522  7244 1498.89512  482 1681 1523.00000 1477.17164  3.01%   200 1050s
 10525  7246 1487.13387  397 1525 1523.00000 1477.18434  3.01%   200 1056s
 10529  7248 1498.68467  609 1533 1523.00000 1477.19150  3.01%   200 1060s
 10533  7251 1509.42543  814 1673 1523.00000 1477.19467  3.01%   200 1065s
 10538  7254 1508.63322  809 1487 1523.00000 1477.20927  3.01%   200 1070s
 10546  7260 1480.20972  205 1700 1523.00000 1477.22913  3.01%   200 1076s
 10551  7263 1508.44294  672 1649 1523.00000 1477.31576  3.00%   200 1080s
 10556  7266 1506.47550  748 1591 1523.00000 1477.34616  3.00%   200 1086s
 10561  7270 1486.61689  285 1522 1523.00000 1477.35967  3.00%   200 1090s
 10566  7273 1485.00212  232 1667 1523.00000 1477.37552  3.00%   199 1095s
 10571  7276 1503.07642  684 1750 1523.00000 1477.38762  2.99%   199 1100s
 10575  7279 1509.76893  575 1498 1523.00000 1477.40758  2.99%   199 1106s
 10580  7282 1503.73164  594 1506 1523.00000 1477.42778  2.99%   199 1111s
 10584  7285 1477.71512  100 1490 1523.00000 1477.46793  2.99%   199 1115s
 10589  7288 1484.94525  331 1674 1523.00000 1477.46793  2.99%   199 1120s
 10595  7292 1508.08413  652 1567 1523.00000 1477.49616  2.99%   199 1126s
 10604  7299 1487.29545  366 1048 1523.00000 1477.50192  2.99%   267 1130s
 10615  7307 1477.86403  137 1527 1523.00000 1477.50192  2.99%   267 1135s
 10620  7310 1481.50615  259 1383 1523.00000 1477.54394  2.98%   266 1141s
 10624  7313 1518.09813  957 1385 1523.00000 1477.54394  2.98%   266 1145s
 10628  7315 1508.07921  658 1572 1523.00000 1477.54394  2.98%   266 1150s
 10632  7318 1506.12516  614 1380 1523.00000 1477.55630  2.98%   266 1155s
 10638  7322 1508.63322  809 1528 1523.00000 1477.56207  2.98%   266 1160s
 10643  7325 1504.86453  486 1538 1523.00000 1477.57486  2.98%   266 1165s
 10648  7329 1479.02000  187 1542 1523.00000 1477.58812  2.98%   266 1170s
 10653  7332 1510.76893  585 1522 1523.00000 1477.60096  2.98%   266 1175s
 10656  7334 1506.47550  748 1522 1523.00000 1477.63227  2.98%   266 1180s
 10659  7336 1487.56696  383 1497 1523.00000 1477.63227  2.98%   266 1185s
 10663  7339 1492.70504  345 1410 1523.00000 1477.63357  2.98%   265 1191s
 10668  7342 1507.14728  639 1474 1523.00000 1477.63737  2.98%   265 1195s
 10674  7346 1507.35300  564 1384 1523.00000 1477.66234  2.98%   265 1201s
 10678  7349 1488.19214  457 1393 1523.00000 1477.66818  2.98%   265 1205s
 10684  7353 1477.71512  100 1455 1523.00000 1477.67907  2.98%   265 1210s
 10690  7357 1489.32923  353 1475 1523.00000 1477.70131  2.97%   265 1231s
 10696  7361 1496.32135  432 1524 1523.00000 1477.74685  2.97%   265 1235s
 10700  7363 1487.41646  400 1464 1523.00000 1477.74685  2.97%   265 1240s
 10705  7367 1480.33535  179 1441 1523.00000 1477.74685  2.97%   264 1245s
 10709  7369 1481.89398  220 1552 1523.00000 1477.74685  2.97%   264 1251s
 10715  7373 1477.86403  137 1562 1523.00000 1477.75072  2.97%   264 1256s
 10719  7376 1521.50000  775 1541 1523.00000 1477.76479  2.97%   264 1261s
 10722  7378 1498.89512  482 1507 1523.00000 1477.76479  2.97%   264 1265s
 10726  7381 1480.24167  187 1548 1523.00000 1477.76479  2.97%   264 1270s
 10730  7383 1484.89677  231 1537 1523.00000 1477.76479  2.97%   264 1275s
 10734  7386 1483.23808  297 1561 1523.00000 1477.76514  2.97%   264 1280s
 10737  7388 1497.04279  510 1491 1523.00000 1477.76514  2.97%   264 1285s
 10741  7391 1508.51478  617 1507 1523.00000 1477.76514  2.97%   263 1290s
 10745  7393 1491.23097  296 1526 1523.00000 1477.76514  2.97%   263 1295s
 10749  7396 1488.62997  433 1570 1523.00000 1477.76514  2.97%   263 1300s
 10753  7399 1510.76893  585 1592 1523.00000 1477.76514  2.97%   263 1305s
 10757  7401 1515.21303  693 1592 1523.00000 1477.76514  2.97%   263 1310s
 10761  7404 1486.61689  285 1444 1523.00000 1477.76514  2.97%   263 1315s
 10767  7408 1504.83983  716 1420 1523.00000 1477.76514  2.97%   263 1321s
 10771  7411 1503.07642  684 1552 1523.00000 1477.76514  2.97%   263 1325s
 10774  7413 1507.35300  564 1427 1523.00000 1477.77148  2.97%   263 1330s
 10779  7416 1503.07642  684 1457 1523.00000 1477.77148  2.97%   263 1335s
 10784  7419 1477.77352  100 1539 1523.00000 1477.77352  2.97%   262 1340s
 10788  7422 1479.66227  201 1564 1523.00000 1477.77710  2.97%   262 1345s
 10794  7426 1490.00033  383 1439 1523.00000 1477.78574  2.97%   262 1351s
 10799  7429 1493.69032  458 1576 1523.00000 1477.80358  2.97%   262 1355s
 10803  7432 1495.72261  488 1492 1523.00000 1477.81280  2.97%   262 1360s
 10810  7437 1482.11869  270 1617 1523.00000 1477.82156  2.97%   262 1365s
 10813  7439 1508.96941  601 1512 1523.00000 1477.82421  2.97%   262 1370s
 10817  7441 1485.08299  218 1521 1523.00000 1477.82489  2.97%   262 1375s
 10821  7444 1514.17222  883 1660 1523.00000 1477.82674  2.97%   262 1380s
 10826  7447 1480.24167  187 1580 1523.00000 1477.84943  2.96%   261 1386s
 10831  7451 1510.63322  833 1602 1523.00000 1477.85806  2.96%   261 1390s
 10836  7454 1498.41270  587 1482 1523.00000 1477.85806  2.96%   261 1396s
 10839  7456 1479.88971  209 1573 1523.00000 1477.85806  2.96%   261 1400s
 10845  7460 1491.23097  296 1555 1523.00000 1477.86075  2.96%   261 1406s
 10848  7462 1479.02000  187 1659 1523.00000 1477.86075  2.96%   261 1410s
 10854  7466 1492.63838  441 1559 1523.00000 1477.86926  2.96%   261 1416s
 10858  7469 1493.86625  378 1727 1523.00000 1477.87166  2.96%   261 1420s
 10862  7471 1489.69047  406 1720 1523.00000 1477.88355  2.96%   261 1425s
 10868  7475 1507.14728  639 1643 1523.00000 1477.88815  2.96%   260 1430s
 10871  7477 1503.07642  684 1627 1523.00000 1477.88815  2.96%   260 1435s
 10875  7480 1509.76893  575 1541 1523.00000 1477.89115  2.96%   260 1440s
 10879  7483 1503.07642  684 1612 1523.00000 1477.89231  2.96%   260 1445s
 10882  7485 1491.51872  299 1534 1523.00000 1477.89980  2.96%   260 1450s
 10883  7485 1488.24224  353 1534 1523.00000 1477.89980  2.96%   260 1456s
 10894  7495 1477.96585   71 1405 1523.00000 1477.89980  2.96%   300 1460s
 10909  7505 1478.34884   78 1299 1523.00000 1477.89980  2.96%   300 1465s
 10931  7519 1479.01234   89 1248 1523.00000 1477.89980  2.96%   300 1470s
 10960  7539 1479.17247  104 1135 1523.00000 1477.89980  2.96%   300 1475s
 10978  7551 1479.64608  113  999 1523.00000 1477.89980  2.96%   300 1480s
 11003  7567 1480.39881  125  968 1523.00000 1477.89980  2.96%   300 1485s
 11039  7591 1481.13418  143  891 1523.00000 1477.89980  2.96%   299 1491s
 11065  7609 1482.81724  156  934 1523.00000 1477.89980  2.96%   299 1495s
 11094  7628 1482.54993  171  861 1523.00000 1477.89980  2.96%   299 1500s
 11119  7645 1483.43519  183  859 1523.00000 1477.89980  2.96%   299 1505s
 11168  7677 1484.40686  208  821 1523.00000 1477.89980  2.96%   298 1510s
 11205  7702 1485.32814  226  742 1523.00000 1477.89980  2.96%   298 1515s
 11304  7768 1487.96264  276  603 1523.00000 1477.89980  2.96%   296 1520s
 11391  7826 1490.27488  319  555 1523.00000 1477.89980  2.96%   295 1525s
 11522  7913 1492.21649  385  455 1523.00000 1477.89980  2.96%   293 1530s
 11699  8031 1500.27296  473  337 1523.00000 1477.89980  2.96%   289 1535s
 11882  8152 1505.99942  565  284 1523.00000 1477.89980  2.96%   285 1540s
 11948  8196 1507.62898  598  268 1523.00000 1477.89980  2.96%   284 1556s
 12115  8308 1515.52866  681  227 1523.00000 1477.89980  2.96%   280 1560s
 12259  8352 1477.97309   70 1485 1523.00000 1477.89980  2.96%   277 1565s
 12278  8364 1478.23911   79 1345 1523.00000 1477.89980  2.96%   278 1570s
 12304  8382 1479.46351   92 1125 1523.00000 1477.89980  2.96%   278 1575s
 12334  8402 1479.94401  107 1015 1523.00000 1477.89980  2.96%   278 1580s
 12368  8424 1480.52981  124  942 1523.00000 1477.89980  2.96%   278 1585s
 12420  8459 1482.41998  150  942 1523.00000 1477.89980  2.96%   277 1590s
 12472  8494 1483.74780  176  869 1523.00000 1477.89980  2.96%   277 1595s
 12522  8525 1484.73951  202  821 1523.00000 1477.89980  2.96%   277 1600s
 12576  8561 1485.23972  229  758 1523.00000 1477.89980  2.96%   276 1605s
 12645  8607 1487.31947  263  539 1523.00000 1477.89980  2.96%   275 1610s
 12733  8666 1490.17011  307  500 1523.00000 1477.89980  2.96%   275 1615s
 12788  8702 1491.56833  335  463 1523.00000 1477.89980  2.96%   274 1622s
 12853  8746 1492.60098  367  416 1523.00000 1477.89980  2.96%   273 1625s
 13000  8844 1497.68837  441  396 1523.00000 1477.89980  2.96%   270 1630s
 13179  8962 1505.53001  530  259 1523.00000 1477.89980  2.96%   267 1635s
 13377  9090 1513.19052  629  195 1523.00000 1477.89980  2.96%   264 1640s
 13572  9219 1518.03407  727  182 1523.00000 1477.89980  2.96%   260 1645s
 13747  9269 1478.07523   69 1597 1523.00000 1477.90061  2.96%   257 1650s
 13764  9280 1478.21797   77 1437 1523.00000 1477.90061  2.96%   258 1655s
 13781  9291 1478.28197   86 1419 1523.00000 1477.90061  2.96%   258 1660s
 13800  9304 1479.10771   95 1161 1523.00000 1477.90061  2.96%   258 1665s
 13821  9318 1479.70432  106 1010 1523.00000 1477.90061  2.96%   258 1670s
 13857  9342 1480.30060  124  896 1523.00000 1477.90061  2.96%   258 1675s
 13892  9365 1480.79347  141  881 1523.00000 1477.90061  2.96%   258 1680s
 13932  9392 1481.86580  161  856 1523.00000 1477.90061  2.96%   258 1685s
 13967  9415 1482.31500  179  821 1523.00000 1477.90061  2.96%   257 1690s
 14010  9444 1483.32472  200  757 1523.00000 1477.90061  2.96%   257 1695s
 14062  9479 1485.77337  226  752 1523.00000 1477.90061  2.96%   257 1700s
 14116  9515 1486.83202  253  724 1523.00000 1477.90061  2.96%   256 1705s
 14170  9551 1488.86670  280  663 1523.00000 1477.90061  2.96%   256 1710s
 14254  9607 1491.97449  322  502 1523.00000 1477.90061  2.96%   255 1715s
 14351  9671 1493.83183  371  454 1523.00000 1477.90061  2.96%   254 1720s
 14502  9772 1498.34192  446  323 1523.00000 1477.90061  2.96%   252 1725s
 14688  9896 1503.77950  539  264 1523.00000 1477.90061  2.96%   250 1730s
 14772  9952 1506.66300  581  242 1523.00000 1477.90061  2.96%   248 1735s
 15069 10147 1516.55590  730  154 1523.00000 1477.90061  2.96%   244 1740s
 15342 10290 1478.07491   68 1572 1523.00000 1477.90078  2.96%   240 1746s
 15355 10299 1478.41257   75 1400 1523.00000 1477.90078  2.96%   240 1750s
 15373 10311 1478.30820   84 1230 1523.00000 1477.90078  2.96%   240 1755s
 15395 10325 1478.92124   95 1086 1523.00000 1477.90078  2.96%   240 1760s
 15406 10333 1479.00502  100 1118 1523.00000 1477.90078  2.96%   241 1765s
 15427 10347 1479.50305  111 1094 1523.00000 1477.90078  2.96%   241 1770s
 15451 10363 1479.98131  123  954 1523.00000 1477.90078  2.96%   241 1775s
 15487 10387 1481.67319  141  825 1523.00000 1477.90078  2.96%   241 1780s
 15533 10417 1482.38085  164  786 1523.00000 1477.90078  2.96%   241 1805s
 15596 10459 1484.72162  195  687 1523.00000 1477.90078  2.96%   240 1810s
 15686 10519 1486.59020  240  624 1523.00000 1477.90078  2.96%   240 1815s
 15790 10589 1489.13517  292  525 1523.00000 1477.90078  2.96%   239 1820s
 15952 10695 1492.95993  373  455 1523.00000 1477.90078  2.96%   237 1825s
 16145 10821 1499.28868  470  368 1523.00000 1477.90078  2.96%   235 1830s
 16473 11040 1508.37408  634  213 1523.00000 1477.90078  2.96%   231 1835s
 16817 11235 1477.91844   68 1681 1523.00000 1477.91098  2.96%   227 1840s
 16834 11247 1478.33269   77 1311 1523.00000 1477.91098  2.96%   227 1845s
 16854 11260 1478.85217   87 1107 1523.00000 1477.91098  2.96%   227 1850s
 16886 11281 1479.86729  103  931 1523.00000 1477.91098  2.96%   227 1855s
 16937 11315 1481.18367  128  864 1523.00000 1477.91098  2.96%   227 1860s
 16992 11352 1482.55907  156  776 1523.00000 1477.91098  2.96%   227 1865s
 17125 11439 1487.50236  222  585 1523.00000 1477.91098  2.96%   226 1870s
 17314 11565 1493.90160  317  404 1523.00000 1477.91098  2.96%   225 1875s
 17621 11767 1500.88011  470  292 1523.00000 1477.91098  2.96%   222 1880s
 18073 12063 1519.60125  695  169 1523.00000 1477.91098  2.96%   217 1885s
 18132 12069 1478.67132   77 1463 1523.00000 1477.91098  2.96%   217 1890s
 18155 12084 1479.14710   88 1255 1523.00000 1477.91098  2.96%   217 1895s
 18201 12115 1481.00291  111  957 1523.00000 1477.91098  2.96%   217 1900s
 18283 12170 1482.92696  152  786 1523.00000 1477.91098  2.96%   217 1905s
 18437 12272 1490.29672  229  489 1523.00000 1477.91098  2.96%   216 1910s
 18721 12461 1499.92539  371  325 1523.00000 1477.91098  2.96%   213 1915s
 19000 12647 1507.41811  511  268 1523.00000 1477.91098  2.96%   211 1920s
 19178 12765 1517.25977  600  183 1523.00000 1477.91098  2.96%   209 1925s
 19357 12860 1478.29067   72 1582 1523.00000 1477.91327  2.96%   207 1930s
 19368 12867 1478.44681   77 1480 1523.00000 1477.91327  2.96%   207 1938s
 19376 12872 1478.52355   81 1384 1523.00000 1477.91327  2.96%   208 1940s
 19404 12891 1479.18904   95 1139 1523.00000 1477.91327  2.96%   208 1945s
 19447 12920 1480.24659  117 1037 1523.00000 1477.91327  2.96%   208 1950s
 19490 12948 1481.12179  138  954 1523.00000 1477.91327  2.96%   208 1955s
 19530 12975 1482.58990  158  902 1523.00000 1477.91327  2.96%   208 1960s
 19611 13029 1485.13511  199  727 1523.00000 1477.91327  2.96%   208 1965s
 19771 13136 1490.29852  279  613 1523.00000 1477.91327  2.96%   207 1970s
 19956 13259 1496.32368  371  510 1523.00000 1477.91327  2.96%   206 1975s
 20358 13525 1510.83947  572  249 1523.00000 1477.91327  2.96%   203 1980s
 20624 13654 1478.75883   75 1453 1523.00000 1477.91384  2.96%   201 1985s
 20647 13670 1479.30757   86 1258 1523.00000 1477.91384  2.96%   201 1990s
 20671 13686 1480.55206   98 1078 1523.00000 1477.91384  2.96%   201 1995s
 20709 13711 1480.72390  117  957 1523.00000 1477.91384  2.96%   202 2000s
 20751 13739 1482.32098  138  860 1523.00000 1477.91384  2.96%   202 2005s
 20813 13780 1483.97929  169  796 1523.00000 1477.91384  2.96%   202 2010s
 20882 13826 1485.18582  204  641 1523.00000 1477.91384  2.96%   201 2015s
 20937 13863 1486.29082  231  623 1523.00000 1477.91384  2.96%   201 2020s
 21005 13908 1487.76051  265  482 1523.00000 1477.91384  2.96%   201 2025s
 21215 14048 1494.24186  370  346 1523.00000 1477.91384  2.96%   200 2030s
 21723 14387 1518.03344  624  167 1523.00000 1477.91384  2.96%   196 2035s
 21909 14477 1479.23959   87 1279 1523.00000 1477.91392  2.96%   195 2040s
 21937 14496 1480.09156  105 1113 1523.00000 1477.91392  2.96%   195 2046s
 21967 14516 1480.78682  122 1035 1523.00000 1477.91392  2.96%   195 2050s
 22044 14567 1482.59356  165  868 1523.00000 1477.91392  2.96%   195 2055s
 22212 14679 1486.63493  242  760 1523.00000 1477.91392  2.96%   195 2060s
 22420 14818 1489.83481  309  536 1523.00000 1477.91392  2.96%   194 2065s
 22802 15072 1496.42865  420  417 1523.00000 1477.91392  2.96%   192 2070s
 23182 15326 1501.35923  532  346 1523.00000 1477.91392  2.96%   189 2075s
 23697 15669 1515.17754  675  243 1523.00000 1477.91392  2.96%   185 2080s
 24102 15842 1477.95379   72 1760 1523.00000 1477.91445  2.96%   183 2085s
 24121 15855 1479.43492   90 1243 1523.00000 1477.91445  2.96%   183 2090s
 24193 15903 1481.91007  133  912 1523.00000 1477.91445  2.96%   183 2095s
 24288 15966 1484.65793  178  794 1523.00000 1477.91445  2.96%   183 2100s
 24455 16077 1487.30369  241  664 1523.00000 1477.91445  2.96%   182 2105s
 24621 16188 1489.95582  288  504 1523.00000 1477.91445  2.96%   182 2110s
 24917 16383 1495.55498  394  429 1523.00000 1477.91445  2.96%   180 2115s
 25038 16464 1497.96852  429  342 1523.00000 1477.91445  2.96%   180 2120s
 25173 16554 1501.75507  475  297 1523.00000 1477.91445  2.96%   179 2125s
 25443 16734 1506.57842  577  242 1523.00000 1477.91445  2.96%   177 2131s
 25578 16824 1508.61543  632  256 1523.00000 1477.91445  2.96%   176 2136s
 25787 16961 1514.81968  703  204 1523.00000 1477.91445  2.96%   175 2140s
 26117 17129 1478.73215   75 1496 1523.00000 1477.91471  2.96%   173 2145s
 26151 17152 1480.61010  105 1069 1523.00000 1477.91471  2.96%   173 2151s
 26193 17180 1483.23062  125  902 1523.00000 1477.91471  2.96%   173 2155s
 26270 17231 1485.28327  156  701 1523.00000 1477.91471  2.96%   173 2160s
 26441 17345 1488.33500  230  474 1523.00000 1477.91471  2.96%   173 2165s
 26835 17608 1494.46258  381  359 1523.00000 1477.91471  2.96%   172 2170s
 27418 17994 1506.88990  529  258 1523.00000 1477.91471  2.96%   169 2175s
 28041 18360 1477.92823   71 1736 1523.00000 1477.91473  2.96%   165 2180s
 28052 18367 1479.02100   82 1348 1523.00000 1477.91473  2.96%   165 2185s
 28073 18381 1480.02463   99 1109 1523.00000 1477.91473  2.96%   165 2190s
 28129 18419 1481.63281  131  924 1523.00000 1477.91473  2.96%   165 2195s
 28220 18479 1484.42483  174  804 1523.00000 1477.91473  2.96%   165 2200s
 28269 18512 1485.75400  194  675 1523.00000 1477.91473  2.96%   165 2205s
 28500 18666 1492.20858  274  483 1523.00000 1477.91473  2.96%   165 2210s
 28919 18943 1501.54725  432  344 1523.00000 1477.91473  2.96%   163 2215s
 29310 19204 1511.83278  531  249 1523.00000 1477.91473  2.96%   161 2220s
 29710 19453 1477.98135   71 1697 1523.00000 1477.92313  2.96%   159 2225s
 29731 19467 1479.70158   91 1187 1523.00000 1477.92313  2.96%   159 2230s
 29788 19505 1481.12272  127  947 1523.00000 1477.92313  2.96%   160 2235s
 29842 19541 1483.06382  150  805 1523.00000 1477.92313  2.96%   160 2240s
 29932 19601 1485.13191  191  773 1523.00000 1477.92313  2.96%   160 2245s
 30082 19701 1488.43804  254  617 1523.00000 1477.92313  2.96%   159 2250s
 30382 19901 1494.61606  369  429 1523.00000 1477.92313  2.96%   159 2255s
 30771 20160 1502.22728  555  324 1523.00000 1477.92313  2.96%   157 2260s
 31056 20350 1510.43466  642  266 1523.00000 1477.92313  2.96%   156 2265s
 31455 20578 1478.30396   73 1475 1523.00000 1477.92313  2.96%   154 2270s
 31496 20605 1480.16648  100 1086 1523.00000 1477.92313  2.96%   154 2275s
 31562 20649 1482.75040  144  766 1523.00000 1477.92313  2.96%   154 2280s
 31724 20757 1486.40282  207  649 1523.00000 1477.92313  2.96%   154 2285s
 31825 20825 1489.32503  243  543 1523.00000 1477.92313  2.96%   154 2290s
 32037 20966 1493.97275  322  482 1523.00000 1477.92313  2.96%   154 2295s
 32374 21191 1501.79889  407  369 1523.00000 1477.92313  2.96%   153 2300s
 32694 21404 1509.52695  510  338 1523.00000 1477.92313  2.96%   151 2305s
 32883 21530 1515.92641  589  294 1523.00000 1477.92313  2.96%   151 2310s
 33076 21659 1518.74266  624  218 1523.00000 1477.92313  2.96%   150 2315s
 33181 21713 1478.19574   71 1589 1523.00000 1477.92456  2.96%   150 2320s
 33188 21717 1478.72661   78 1331 1523.00000 1477.92456  2.96%   150 2326s
 33224 21741 1481.02096  107  970 1523.00000 1477.92456  2.96%   150 2330s
 33279 21778 1483.29345  143  826 1523.00000 1477.92456  2.96%   150 2335s
 33340 21819 1485.82822  169  838 1523.00000 1477.92456  2.96%   150 2340s
 33433 21912 1487.75651  206  707 1523.00000 1477.92456  2.96%   149 2345s
 33648 22127 1492.46439  264  573 1523.00000 1477.92456  2.96%   149 2350s
 33970 22449 1499.02558  358  354 1523.00000 1477.92456  2.96%   148 2355s
 34442 22921 1508.11910  501  251 1523.00000 1477.92456  2.96%   146 2360s
 35019 23465 1477.93189   71 1722 1523.00000 1477.92828  2.96%   144 2365s
 35036 23482 1479.88314   88 1261 1523.00000 1477.92828  2.96%   145 2371s
 35070 23516 1480.55748  111 1078 1523.00000 1477.92828  2.96%   145 2376s
 35124 23570 1482.97605  146  867 1523.00000 1477.92828  2.96%   145 2380s
 35250 23696 1486.92369  210  717 1523.00000 1477.92828  2.96%   145 2385s
 35530 23976 1495.12788  294  544 1523.00000 1477.92828  2.96%   144 2390s
 35898 24344 1500.58587  430  432 1523.00000 1477.92828  2.96%   143 2395s
 36477 24923 1513.15707  606  223 1523.00000 1477.92828  2.96%   141 2400s
 36666 25108 1519.25841  671  167 1523.00000 1477.92828  2.96%   141 2405s
 36832 25223 1479.15545   87 1200 1523.00000 1477.92828  2.96%   140 2410s
 36892 25283 1484.14544  147  758 1523.00000 1477.92828  2.96%   141 2415s
 37239 25612 1520.79875  478  307 1523.00000 1477.92828  2.96%   140 2420s
 37281 25640 1481.04193   94 1122 1523.00000 1477.92838  2.96%   140 2425s
 37470 25829 1498.23788  283  478 1523.00000 1477.92838  2.96%   140 2430s
 37772 26111 1478.18807   78 1455 1523.00000 1477.93199  2.96%   139 2435s
 37800 26139 1479.05646   92 1293 1523.00000 1477.93199  2.96%   139 2441s
 37840 26179 1479.74107  112 1112 1523.00000 1477.93199  2.96%   139 2445s
 37889 26228 1482.28392  136  906 1523.00000 1477.93199  2.96%   139 2450s
 37971 26310 1484.94765  177  778 1523.00000 1477.93199  2.96%   139 2455s
 38149 26488 1490.50187  266  561 1523.00000 1477.93199  2.96%   139 2460s
 38573 26910 1505.86670  478  276 1523.00000 1477.93199  2.96%   138 2465s
 39066 27329 1477.95117   72 1736 1523.00000 1477.93740  2.96%   137 2470s
 39073 27336 1479.23733   79 1271 1523.00000 1477.93740  2.96%   137 2500s
 39079 27342 1479.87123   85 1249 1523.00000 1477.93740  2.96%   137 2505s
 39163 27426 1487.68098  169  730 1523.00000 1477.93740  2.96%   137 2510s
 39422 27685 1511.50595  428  413 1523.00000 1477.93740  2.96%   137 2515s
 39615 27836 1478.77288   81 1375 1523.00000 1477.93740  2.96%   136 2520s
 39680 27901 1481.48702  146 1020 1523.00000 1477.93740  2.96%   136 2525s
 39880 28101 1495.97713  346  517 1523.00000 1477.93740  2.96%   136 2530s
 40322 28502 1478.71376   79 1353 1523.00000 1477.94046  2.96%   135 2535s
 40373 28553 1481.85648  118  989 1523.00000 1477.94046  2.96%   135 2540s
 40460 28640 1484.29138  162  790 1523.00000 1477.94046  2.96%   135 2545s
 40570 28750 1487.68440  198  739 1523.00000 1477.94046  2.96%   135 2550s
 40747 28927 1491.09006  259  721 1523.00000 1477.94046  2.96%   135 2555s
 40961 29141 1496.05856  338  507 1523.00000 1477.94046  2.96%   135 2560s
 41312 29492 1501.81353  445  397 1523.00000 1477.94046  2.96%   134 2565s
 41778 29956 1510.83981  607  272 1523.00000 1477.94046  2.96%   133 2570s
 42281 30456 1519.48789  769  200 1523.00000 1477.94046  2.96%   131 2575s
 42401 30549 1479.40141   83 1200 1523.00000 1477.94377  2.96%   131 2580s
 42619 30767 1501.27170  301  431 1523.00000 1477.94377  2.96%   131 2585s
 42802 30917 1479.82320   82 1211 1523.00000 1477.94389  2.96%   131 2590s
 42877 30992 1487.06462  157  701 1523.00000 1477.94389  2.96%   131 2595s
 43257 31330 1478.16082   71 1659 1523.00000 1477.94625  2.96%   130 2601s
 43282 31355 1482.92670   96 1093 1523.00000 1477.94625  2.96%   130 2605s
 43435 31508 1501.28156  249  581 1523.00000 1477.94625  2.96%   130 2610s
 43638 31687 1477.95998   74 1635 1523.00000 1477.95117  2.96%   130 2615s
 43673 31722 1479.30663   87 1256 1523.00000 1477.95117  2.96%   130 2620s
 43716 31765 1480.46689  107 1104 1523.00000 1477.95117  2.96%   130 2625s
 43787 31836 1483.09544  134  913 1523.00000 1477.95117  2.96%   130 2630s
 43923 31972 1488.68962  176  591 1523.00000 1477.95117  2.96%   130 2635s
 44179 32228 1504.92695  244  378 1523.00000 1477.95117  2.96%   130 2640s
 44487 32492 1478.46521   75 1544 1523.00000 1477.95379  2.96%   129 2645s
 44531 32536 1483.22231  119  926 1523.00000 1477.95379  2.96%   129 2650s
 44855 32840 1477.96163   73 1736 1523.00000 1477.95585  2.96%   129 2655s
 44868 32853 1478.66033   86 1351 1523.00000 1477.95585  2.96%   129 2660s
 44899 32884 1479.80626  117 1143 1523.00000 1477.95585  2.96%   129 2665s
 44960 32945 1483.29971  178  811 1523.00000 1477.95585  2.96%   129 2670s
 45132 33117 1496.48523  350  456 1523.00000 1477.95585  2.96%   129 2675s
 45666 33584 1478.35589   79 1435 1523.00000 1477.95620  2.96%   128 2680s
 45742 33660 1485.62927  155  765 1523.00000 1477.95620  2.96%   128 2685s
 45909 33827 1505.05427  322  467 1523.00000 1477.95620  2.96%   127 2690s
 46057 33951 1479.47459   82 1207 1523.00000 1477.95653  2.96%   127 2695s
 46110 34004 1483.81588  135  782 1523.00000 1477.95653  2.96%   127 2700s
 46414 34308 1512.52038  439  233 1523.00000 1477.95653  2.96%   127 2705s
 46520 34386 1479.65609   87 1233 1523.00000 1477.95824  2.96%   127 2710s
 46586 34452 1485.48445  153  763 1523.00000 1477.95824  2.96%   127 2715s
 46798 34664 1511.19108  365  393 1523.00000 1477.95824  2.96%   127 2720s
 46904 34742 1479.85999   91 1110 1523.00000 1477.95969  2.96%   127 2725s
 46933 34771 1482.26215  120  882 1523.00000 1477.95969  2.96%   127 2730s
 47122 34960 1497.91781  309  484 1523.00000 1477.95969  2.96%   126 2735s
 47365 35199 1520.06173  549  262 1523.00000 1477.95969  2.96%   126 2740s
 47408 35228 1481.06363   89 1115 1523.00000 1477.95970  2.96%   126 2745s
 47467 35287 1483.72371  129  861 1523.00000 1477.95970  2.96%   126 2750s
 47554 35374 1487.56307  172  741 1523.00000 1477.95970  2.96%   126 2755s
 47721 35541 1491.91966  235  554 1523.00000 1477.95970  2.96%   126 2760s
 48096 35916 1500.33126  348  372 1523.00000 1477.95970  2.96%   126 2765s
 48571 36391 1510.03507  472  291 1523.00000 1477.95970  2.96%   125 2770s
 49070 36888 1518.76399  684  180 1523.00000 1477.95970  2.96%   124 2775s
 49193 36975 1480.08709   86 1205 1523.00000 1477.96010  2.96%   124 2780s
 49314 37096 1489.56519  207  643 1523.00000 1477.96010  2.96%   124 2785s
 49678 37440 1478.34443   80 1439 1523.00000 1477.96080  2.96%   123 2790s
 49735 37497 1480.89977  137  961 1523.00000 1477.96080  2.96%   123 2795s
 49853 37615 1489.41176  255  666 1523.00000 1477.96080  2.96%   123 2800s
 50367 38128 1521.85058  769   93 1523.00000 1477.96080  2.96%   122 2805s
 50430 38166 1482.54888  103  931 1523.00000 1477.96084  2.96%   122 2810s
 50720 38456 1511.19571  393  423 1523.00000 1477.96084  2.96%   122 2815s
 50880 38580 1478.96296   77 1363 1523.00000 1477.96093  2.96%   122 2820s
 50958 38658 1488.49536  155  628 1523.00000 1477.96093  2.96%   122 2825s
 51249 38911 1477.98256   76 1706 1523.00000 1477.96163  2.96%   122 2830s
 51276 38938 1478.77083   90 1295 1523.00000 1477.96163  2.96%   122 2835s
 51306 38968 1479.52677  105 1154 1523.00000 1477.96163  2.96%   122 2840s
 51368 39030 1481.02231  136  943 1523.00000 1477.96163  2.96%   122 2845s
 51451 39113 1484.30569  177  692 1523.00000 1477.96163  2.96%   122 2850s
 51658 39320 1492.34628  281  482 1523.00000 1477.96163  2.96%   122 2855s
 52087 39743 1508.19222  494  328 1523.00000 1477.96163  2.96%   121 2860s
 52435 40057 1478.39046   78 1474 1523.00000 1477.96379  2.96%   121 2865s
 52478 40100 1479.11678   94 1384 1523.00000 1477.96379  2.96%   121 2870s
 52520 40142 1483.11301  106 1239 1523.00000 1477.96379  2.96%   121 2875s
 52591 40213 1486.97092  140  873 1523.00000 1477.96379  2.96%   121 2880s
 52811 40433 1499.77663  204  616 1523.00000 1477.96379  2.96%   121 2885s
 53078 40700 1514.45315  266  505 1523.00000 1477.96379  2.96%   121 2890s
 53242 40838 1479.95632   84 1212 1523.00000 1477.96403  2.96%   121 2895s
 53491 41087 1503.78442  333  430 1523.00000 1477.96403  2.96%   120 2900s
 53655 41225 1478.66889   79 1433 1523.00000 1477.96446  2.96%   120 2907s
 53670 41240 1480.84453   94 1160 1523.00000 1477.96446  2.96%   120 2910s
 53841 41411 1497.40953  265  525 1523.00000 1477.96446  2.96%   120 2915s
 54118 41656 1478.09154   74 1563 1523.00000 1477.96481  2.96%   120 2920s
 54159 41697 1480.12756  115 1131 1523.00000 1477.96481  2.96%   120 2925s
 54303 41841 1489.24449  259  641 1523.00000 1477.96481  2.96%   120 2930s
 54887 42400 1477.99333   74 1694 1523.00000 1477.96622  2.96%   119 2935s
 54900 42413 1478.97226   87 1292 1523.00000 1477.96622  2.96%   119 2941s
 54951 42464 1482.51985  138  867 1523.00000 1477.96622  2.96%   119 2945s
 55200 42713 1505.15663  387  347 1523.00000 1477.96622  2.96%   119 2950s
 55366 42859 1480.45836   94 1129 1523.00000 1477.96684  2.96%   119 2955s
 55462 42955 1485.13803  156  693 1523.00000 1477.96684  2.96%   119 2960s
 55705 43198 1491.07714  240  515 1523.00000 1477.96684  2.96%   119 2965s
 55974 43467 1495.99010  349  388 1523.00000 1477.96684  2.96%   118 2970s
 56324 43817 1502.00686  479  304 1523.00000 1477.96684  2.96%   118 2975s
 56562 44055 1507.90601  566  249 1523.00000 1477.96684  2.96%   117 2981s
 56885 44378 1516.13914  713  191 1523.00000 1477.96684  2.96%   117 2985s
 57228 44565 1478.03649   73 1719 1523.00000 1477.96768  2.96%   116 2990s
 57261 44598 1484.67366  106 1082 1523.00000 1477.96768  2.96%   116 2995s
 57390 44727 1498.55342  235  497 1523.00000 1477.96768  2.96%   116 3000s
 57616 44913 1478.37052   79 1461 1523.00000 1477.96852  2.96%   116 3005s
 57644 44941 1481.38461  107 1020 1523.00000 1477.96852  2.96%   116 3010s
 57832 45129 1497.34469  295  506 1523.00000 1477.96852  2.96%   116 3015s
 57959 45256 1514.38032  422  372 1523.00000 1477.96852  2.96%   116 3020s
 58105 45386 1479.67358   83 1276 1523.00000 1477.97346  2.96%   116 3025s
 58126 45407 1481.70138  104 1065 1523.00000 1477.97346  2.96%   116 3030s
 58313 45594 1502.98596  291  425 1523.00000 1477.97346  2.96%   116 3035s
 58537 45779 1479.01257   85 1308 1523.00000 1477.97349  2.96%   116 3040s
 58626 45868 1487.37928  174  609 1523.00000 1477.97349  2.96%   116 3045s
 59071 46293 1478.33979   73 1635 1523.00000 1477.97380  2.96%   115 3051s
 59076 46298 1478.45339   78 1495 1523.00000 1477.97380  2.96%   115 3055s
 59117 46339 1480.38773  119 1030 1523.00000 1477.97380  2.96%   115 3060s
 59177 46399 1483.54031  179  878 1523.00000 1477.97380  2.96%   115 3065s
 59501 46723 1505.27717  503  323 1523.00000 1477.97380  2.96%   115 3070s
 59849 47034 1480.83394   84 1260 1523.00000 1477.97415  2.96%   115 3075s
 59935 47120 1488.07952  170  744 1523.00000 1477.97415  2.96%   115 3080s
 60270 47441 1478.05287   72 1705 1523.00000 1477.97432  2.96%   114 3085s
 60273 47444 1478.62133   75 1488 1523.00000 1477.97432  2.96%   114 3127s
 60296 47467 1480.20330   98 1093 1523.00000 1477.97432  2.96%   114 3130s
 60482 47653 1504.20726  284  528 1523.00000 1477.97432  2.96%   114 3135s
 60636 47789 1478.55209   74 1470 1523.00000 1477.97445  2.96%   114 3140s
 60666 47819 1479.22504   88 1337 1523.00000 1477.97445  2.96%   114 3145s
 60703 47856 1481.49655  106 1113 1523.00000 1477.97445  2.96%   114 3150s
 60787 47940 1486.56771  142  832 1523.00000 1477.97445  2.96%   115 3155s
 60923 48076 1493.39905  190  653 1523.00000 1477.97445  2.96%   115 3160s
 61228 48381 1511.10632  273  426 1523.00000 1477.97445  2.96%   114 3165s
 61416 48541 1479.11780   86 1327 1523.00000 1477.97598  2.96%   114 3170s
 61493 48618 1486.50583  163  788 1523.00000 1477.97598  2.96%   114 3175s
 61806 48915 1479.23821   80 1340 1523.00000 1477.97599  2.96%   114 3180s
 61817 48926 1480.07397   91 1128 1523.00000 1477.97599  2.96%   114 3185s
 61887 48996 1485.28169  161  766 1523.00000 1477.97599  2.96%   114 3190s
 62324 49397 1478.00113   73 1603 1523.00000 1477.98135  2.96%   114 3195s
 62360 49433 1482.14788  107  924 1523.00000 1477.98135  2.96%   114 3200s
 62514 49587 1488.70645  189  615 1523.00000 1477.98135  2.96%   114 3205s
 62827 49900 1495.82528  309  427 1523.00000 1477.98135  2.96%   114 3210s
 63228 50301 1504.65716  421  239 1523.00000 1477.98135  2.96%   113 3215s
 63814 50887 1515.98686  585  187 1523.00000 1477.98135  2.96%   112 3220s
 64038 51087 1479.49817   90 1272 1523.00000 1477.98141  2.96%   112 3225s
 64128 51177 1484.27288  180  827 1523.00000 1477.98141  2.96%   112 3231s
 64411 51460 1502.88723  463  357 1523.00000 1477.98141  2.96%   112 3235s
 64805 51821 1478.55704   77 1575 1523.00000 1477.98212  2.96%   112 3240s
 64827 51843 1479.05401   88 1276 1523.00000 1477.98212  2.96%   112 3245s
 64908 51924 1481.47765  128  914 1523.00000 1477.98212  2.96%   112 3250s
 65112 52128 1488.93771  230  586 1523.00000 1477.98212  2.96%   112 3255s
 65434 52450 1503.68349  391  356 1523.00000 1477.98212  2.96%   111 3260s
 65944 52958 1518.08745  646  175 1523.00000 1477.98212  2.96%   111 3265s
 66065 53047 1483.69519  122  838 1523.00000 1477.98363  2.96%   111 3270s
 66369 53351 1520.08813  426  333 1523.00000 1477.98363  2.96%   111 3275s
 66459 53416 1479.96430   88 1226 1523.00000 1477.98378  2.96%   111 3280s
 66533 53490 1485.99179  162  836 1523.00000 1477.98378  2.96%   111 3285s
 66869 53797 1478.08486   72 1710 1523.00000 1477.98606  2.96%   110 3290s
 66921 53849 1484.75236  124  907 1523.00000 1477.98606  2.96%   111 3295s
 67140 54068 1508.09224  343  425 1523.00000 1477.98606  2.96%   110 3300s
 67296 54209 1479.83964   93 1293 1523.00000 1477.98659  2.96%   110 3305s
 67413 54326 1492.52788  210  571 1523.00000 1477.98659  2.96%   110 3310s
 67733 54621 1478.45508   81 1436 1523.00000 1477.98811  2.96%   110 3315s
 67783 54671 1484.68334  131  870 1523.00000 1477.98811  2.96%   110 3320s
 67952 54840 1499.64541  300  401 1523.00000 1477.98811  2.96%   110 3325s
 68217 55063 1478.70805   81 1339 1523.00000 1477.98922  2.96%   110 3330s
 68277 55123 1481.97303  141  977 1523.00000 1477.98922  2.96%   110 3335s
 68553 55399 1503.74696  417  329 1523.00000 1477.98922  2.96%   110 3340s
 68909 55738 1479.67656   84 1109 1523.00000 1477.98935  2.96%   110 3345s
 69052 55881 1491.57406  227  593 1523.00000 1477.98935  2.96%   110 3350s
 69403 56220 1478.51249   75 1567 1523.00000 1477.98982  2.96%   109 3355s
 69426 56243 1479.39607   84 1306 1523.00000 1477.98982  2.96%   109 3360s
 69463 56280 1481.00049  100 1180 1523.00000 1477.98982  2.96%   109 3365s
 69526 56343 1486.20894  127  957 1523.00000 1477.98982  2.96%   110 3370s
 69677 56494 1496.53675  186  694 1523.00000 1477.98982  2.96%   110 3375s
 69957 56774 1517.05683  266  442 1523.00000 1477.98982  2.96%   109 3380s
 70154 56894 1479.44434   79 1384 1523.00000 1477.99162  2.96%   109 3385s
 70258 56998 1486.24623  153  687 1523.00000 1477.99162  2.96%   110 3390s
 70588 57327 1494.75938  271  441 1523.00000 1477.99162  2.96%   109 3395s
 71129 57865 1506.84955  444  268 1523.00000 1477.99162  2.96%   109 3400s
 71723 58459 1519.09697  611  177 1523.00000 1477.99162  2.96%   108 3405s
 71855 58552 1480.98812   99  978 1523.00000 1477.99177  2.96%   108 3410s
 72118 58815 1514.08365  362  348 1523.00000 1477.99177  2.96%   108 3415s
 72250 58918 1481.22990   98 1018 1523.00000 1477.99422  2.96%   108 3420s
 72535 59203 1507.04275  383  401 1523.00000 1477.99422  2.96%   108 3425s
 72745 59387 1479.81866   92 1159 1523.00000 1477.99431  2.96%   108 3430s
 72785 59427 1483.88762  132  854 1523.00000 1477.99431  2.96%   108 3435s
 73050 59690 1513.84499  396  353 1523.00000 1477.99431  2.96%   108 3440s
 73139 59741 1479.14432   89 1186 1523.00000 1477.99456  2.96%   108 3445s
 73164 59766 1479.98821  114 1031 1523.00000 1477.99456  2.96%   108 3450s
 73264 59866 1486.46077  214  709 1523.00000 1477.99456  2.96%   108 3455s
 73877 60436 1478.15784   76 1655 1523.00000 1477.99587  2.95%   107 3461s
 73921 60480 1481.79033  120 1010 1523.00000 1477.99587  2.95%   107 3465s
 74234 60779 1478.14470   78 1553 1523.00000 1477.99625  2.95%   107 3470s
 74272 60817 1482.11924  116  910 1523.00000 1477.99625  2.95%   107 3475s
 74586 61131 1514.14592  430  300 1523.00000 1477.99625  2.95%   107 3480s
 74709 61222 1480.53069   90 1173 1523.00000 1477.99702  2.95%   107 3485s
 74789 61302 1490.68344  170  684 1523.00000 1477.99702  2.95%   107 3490s
 75084 61562 1478.37975   77 1478 1523.00000 1477.99771  2.95%   107 3495s
 75150 61628 1484.52442  143  832 1523.00000 1477.99771  2.95%   107 3501s
 75349 61827 1502.90591  342  480 1523.00000 1477.99771  2.95%   107 3505s
 75545 61995 1479.54689   90 1160 1523.00000 1477.99793  2.95%   107 3510s
 75715 62165 1500.44087  260  453 1523.00000 1477.99793  2.95%   107 3515s
 75887 62307 1478.97679   84 1306 1523.00000 1477.99888  2.95%   107 3520s
 75945 62365 1481.07209  113 1029 1523.00000 1477.99888  2.95%   107 3525s
 76035 62455 1483.70033  158  709 1523.00000 1477.99888  2.95%   107 3530s
 76269 62689 1492.16410  275  534 1523.00000 1477.99888  2.95%   107 3535s
 76647 63066 1506.52684  464  256 1523.00000 1477.99888  2.95%   107 3540s
 77080 63494 1520.37523  681  133 1523.00000 1477.99888  2.95%   106 3545s
 77126 63522 1481.22212   95 1104 1523.00000 1477.99985  2.95%   106 3550s
 77219 63615 1484.94294  141  814 1523.00000 1477.99985  2.95%   106 3555s
 77421 63816 1488.89747  226  669 1523.00000 1477.99985  2.95%   106 3560s
 77783 64178 1498.20625  372  414 1523.00000 1477.99985  2.95%   106 3565s
 78425 64817 1511.91726  596  227 1523.00000 1477.99985  2.95%   106 3570s
 78770 65138 1478.58296   76 1506 1523.00000 1478.00083  2.95%   105 3575s
 78799 65167 1479.95522   89 1222 1523.00000 1478.00083  2.95%   105 3580s
 78837 65205 1481.45849  106 1099 1523.00000 1478.00083  2.95%   105 3585s
 78925 65293 1484.86145  141  847 1523.00000 1478.00083  2.95%   105 3590s
 79080 65448 1492.03222  188  617 1523.00000 1478.00083  2.95%   105 3595s

Cutting planes:
  Learned: 1
  Gomory: 21
  Cover: 831
  Implied bound: 49
  MIR: 1168
  Mixing: 48
  StrongCG: 88
  Flow cover: 2423
  GUB cover: 105
  Inf proof: 8
  Zero half: 98
  RLT: 102
  Relax-and-lift: 218
  BQP: 41

Explored 79375 nodes (8417340 simplex iterations) in 3599.64 seconds (2833.77 work units)
Thread count was 1 (of 16 available processors)

Solution count 10: 1523 1524 1525 ... 1536

Time limit reached
Best objective 1.523000000000e+03, best bound 1.479000000000e+03, gap 2.8890%

User-callback calls 952982, time in user-callback 1.25 sec

 sepatime0
Stat(MathOptInterface.TIME_LIMIT, 1523.0, 1479.0, 0.028890347997373604, 0.0, 0.369582, 3599.637902021408, 79375, Main.CFLG.LEFPI, "", #undef)
