Data path: /scratch/opt/lxu/CFLG/benchmarks/Kgroup_B
Instance: K400.6.con.red
Result path: /scratch/opt/lxu/CFLG/results/Kgroup_B
Solver: Gurobi
Time limit: 7200
Formulation: LEFPAV
Cover: Large
julia --project=. src/main.jl /scratch/opt/lxu/CFLG/benchmarks/Kgroup_B K400.6.con.red /scratch/opt/lxu/CFLG/results/Kgroup_B Gurobi 7200 LEFPAV Large
The latest version of Julia in the `release` channel is 1.11.6+0.x64.linux.gnu. You currently have `1.11.4+0.x64.linux.gnu` installed. Run:

  juliaup update

in your terminal shell to install Julia 1.11.6+0.x64.linux.gnu and update the `release` channel to that version.
/scratch/opt/lxu/CFLG/benchmarks/Kgroup_B Gurobi 7200.0 /scratch/opt/lxu/CFLG/results/Kgroup_B K400.6.con.red LEFPAV Large
/scratch/opt/lxu/CFLG/benchmarks/Kgroup_B/K400.6.con.red

 read graph
data loaded


after absorb:240 241

max_piece:4
problem_graph/original graph: node: 301/241 edge: 1095/1035 dlt: 0.35862499259474645 break_avg_len: 0.16948715403450373 break_max_len: 1.0Vbar/V, Ebar/E(301, 301, 1095, 1095)
Set parameter TokenServer to value "solice01.zib.de"
Set parameter Threads to value 1
Set parameter OutputFlag to value 1
Gurobi Optimizer version 12.0.1 build v12.0.1rc0 (linux64 - "Debian GNU/Linux 12 (bookworm)")

CPU model: Intel(R) Xeon(R) Gold 5122 CPU @ 3.60GHz, instruction set [SSE2|AVX|AVX2|AVX512]
Thread count: 8 physical cores, 16 logical processors, using up to 1 threads

Non-default parameters:
Threads  1

Optimize a model with 1396 rows, 3285 columns and 5475 nonzeros
Model fingerprint: 0x1f82e93f
Coefficient statistics:
  Matrix range     [1e+00, 1e+00]
  Objective range  [1e+00, 1e+00]
  Bounds range     [1e+00, 1e+00]
  RHS range        [1e+00, 1e+00]
Presolve removed 122 rows and 183 columns
Presolve time: 0.00s
Presolved: 1274 rows, 3102 columns, 5170 nonzeros

Iteration    Objective       Primal Inf.    Dual Inf.      Time
       0    1.0950000e+03   1.420000e+03   0.000000e+00      0s
     929    3.0100000e+02   0.000000e+00   0.000000e+00      0s

Solved in 929 iterations and 0.01 seconds (0.01 work units)
Optimal objective  3.010000000e+02

User-callback calls 1005, time in user-callback 0.00 sec
elapsed CPU time: 1.248953 seconds
Set parameter TokenServer to value "solice01.zib.de"
Set parameter Threads to value 1
Set parameter OutputFlag to value 1
Set parameter MIPGap to value 0.0001
Set parameter TimeLimit to value 7198.751047

 more cuts: false 0.35862499259474645 false
is_attach:trueformulation:LEFPAV10 1085 286
Set parameter PreCrush to value 1

 model loaded

Gurobi Optimizer version 12.0.1 build v12.0.1rc0 (linux64 - "Debian GNU/Linux 12 (bookworm)")

CPU model: Intel(R) Xeon(R) Gold 5122 CPU @ 3.60GHz, instruction set [SSE2|AVX|AVX2|AVX512]
Thread count: 8 physical cores, 16 logical processors, using up to 1 threads

Non-default parameters:
TimeLimit  7198.751047
PreCrush  1
Threads  1

Optimize a model with 97229 rows, 47912 columns and 286558 nonzeros
Model fingerprint: 0xeeddf3dd
Variable types: 2491 continuous, 45421 integer (45421 binary)
Coefficient statistics:
  Matrix range     [1e-06, 1e+00]
  Objective range  [1e+00, 1e+00]
  Bounds range     [5e-04, 1e+00]
  RHS range        [5e-04, 2e+01]
Presolve removed 20446 rows and 2396 columns
Presolve time: 1.23s
Presolved: 76783 rows, 45516 columns, 258032 nonzeros
Variable types: 1406 continuous, 44110 integer (44110 binary)
Found heuristic solution: objective 1099.0000000
Found heuristic solution: objective 538.0000000

Root simplex log...

Iteration    Objective       Primal Inf.    Dual Inf.      Time
   24188    2.1579215e+01   2.483807e+02   0.000000e+00      5s
   26597    2.1646610e+01   0.000000e+00   0.000000e+00      6s

Root relaxation: objective 2.164661e+01, 26597 iterations, 4.22 seconds (5.63 work units)
Total elapsed time = 11.12s (DegenMoves)

    Nodes    |    Current Node    |     Objective Bounds      |     Work
 Expl Unexpl |  Obj  Depth IntInf | Incumbent    BestBd   Gap | It/Node Time

     0     0   21.64661    0 1083  538.00000   21.64661  96.0%     -   16s
H    0     0                     411.0000000   21.64661  94.7%     -   16s
H    0     0                     102.0000000   21.64661  78.8%     -   16s
H    0     0                     101.0000000   21.64661  78.6%     -   17s
H    0     0                      98.0000000   21.64661  77.9%     -   17s
H    0     0                      93.0000000   21.64661  76.7%     -   17s
H    0     0                      89.0000000   21.64661  75.7%     -   17s
H    0     0                      88.0000000   21.64661  75.4%     -   17s
H    0     0                      87.0000000   21.64661  75.1%     -   18s
H    0     0                      86.0000000   21.64661  74.8%     -   18s
H    0     0                      83.0000000   21.64661  73.9%     -   18s
H    0     0                      81.0000000   21.64661  73.3%     -   18s
H    0     0                      73.0000000   21.64661  70.3%     -   18s
H    0     0                      66.0000000   21.64661  67.2%     -   19s
H    0     0                      65.0000000   21.64661  66.7%     -   20s
H    0     0                      64.0000000   21.64661  66.2%     -   20s
H    0     0                      62.0000000   21.64661  65.1%     -   20s
elapsed CPU time: 1.401602 seconds
     0     0   23.20728    0 1610   62.00000   23.20728  62.6%     -   30s
H    0     0                      61.0000000   23.24472  61.9%     -   31s
H    0     0                      60.0000000   23.24472  61.3%     -   31s
H    0     0                      59.0000000   23.24472  60.6%     -   32s
H    0     0                      57.0000000   23.24472  59.2%     -   32s
H    0     0                      56.0000000   23.24472  58.5%     -   32s
elapsed CPU time: 4.595465181081402e12 seconds
     0     0   23.55685    0 1237   56.00000   23.55685  57.9%     -   35s
elapsed CPU time: 1.844451711598724e13 seconds
     0     0   24.37214    0 1849   56.00000   24.37214  56.5%     -   42s
elapsed CPU time: 1.385366737977712e13 seconds
     0     0   24.54082    0 2104   56.00000   24.54082  56.2%     -   46s
elapsed CPU time: 4.590862118601404e12 seconds
     0     0   24.69389    0 2199   56.00000   24.69389  55.9%     -   50s
elapsed CPU time: 9.142722249072588e12 seconds
     0     0   24.81004    0 2566   56.00000   24.81004  55.7%     -   53s
elapsed CPU time: 9.296989743403768e12 seconds
     0     0   24.82465    0 2411   56.00000   24.82465  55.7%     -   54s
elapsed CPU time: 1.8440512445530785e13 seconds
     0     0   24.82890    0 2379   56.00000   24.82890  55.7%     -   55s
elapsed CPU time: 1.5840058431506111e10 seconds
     0     0   24.89048    0 2284   56.00000   24.89048  55.6%     -   57s
elapsed CPU time: 0.522443 seconds
     0     0   24.89270    0 2336   56.00000   24.89270  55.5%     -   58s
elapsed CPU time: 1.8443873450713418e13 seconds
     0     0   24.89270    0 2311   56.00000   24.89270  55.5%     -   59s
elapsed CPU time: 1.8439577890711914e13 seconds
     0     0   25.72173    0 2166   56.00000   25.72173  54.1%     -   67s
elapsed CPU time: 1.8364219665846633e13 seconds
     0     0   25.85667    0 2383   56.00000   25.85667  53.8%     -   68s
elapsed CPU time: 9.31246521494588e12 seconds
     0     0   25.85667    0 2347   56.00000   25.85667  53.8%     -   70s
elapsed CPU time: 9.181137037863438e12 seconds
     0     0   25.85667    0 2351   56.00000   25.85667  53.8%     -   72s
elapsed CPU time: 1.3890873040784848e13 seconds
     0     0   25.85667    0 2332   56.00000   25.85667  53.8%     -   74s
elapsed CPU time: 4.592832095545975e12 seconds
     0     0   25.85667    0 2354   56.00000   25.85667  53.8%     -   75s
elapsed CPU time: 9.228645973226943e12 seconds
     0     0   25.85667    0 2360   56.00000   25.85667  53.8%     -   76s
elapsed CPU time: 1.8390135395431453e13 seconds
     0     0   27.47225    0 1972   56.00000   27.47225  50.9%     -   82s
H    0     0                      55.0000000   27.47322  50.0%     -   83s
H    0     0                      54.0000000   27.47322  49.1%     -   85s
elapsed CPU time: 4.5794796478131045e12 seconds
     0     0   27.49001    0 1980   54.00000   27.49001  49.1%     -   88s
elapsed CPU time: 1.842314441812449e13 seconds
     0     0   27.49187    0 2005   54.00000   27.49187  49.1%     -   89s
elapsed CPU time: 0.499113 seconds
     0     0   27.49221    0 1978   54.00000   27.49221  49.1%     -   90s
elapsed CPU time: 1.3835219584707705e13 seconds
     0     0   28.24819    0 1774   54.00000   28.24819  47.7%     -   94s
H    0     0                      53.0000000   28.29010  46.6%     -   95s
elapsed CPU time: 1.8443212137418957e13 seconds
     0     0   28.34124    0 2098   53.00000   28.34124  46.5%     -   99s
elapsed CPU time: 1.3852291895025973e13 seconds
     0     0   28.34197    0 2172   53.00000   28.34197  46.5%     -  100s
elapsed CPU time: 1.3821392293980518e13 seconds
     0     0   28.40758    0 1984   53.00000   28.40758  46.4%     -  104s
elapsed CPU time: 4.59019236999115e12 seconds
     0     0   28.41001    0 1929   53.00000   28.41001  46.4%     -  108s
elapsed CPU time: 0.518449 seconds
     0     0   28.41029    0 1960   53.00000   28.41029  46.4%     -  109s
elapsed CPU time: 3.810903007401106e9 seconds
     0     0   28.44112    0 1800   53.00000   28.44112  46.3%     -  111s
elapsed CPU time: 7.6794015753141e7 seconds
     0     0   28.45714    0 1803   53.00000   28.45714  46.3%     -  115s
elapsed CPU time: 4.601484844034674e12 seconds
     0     0   28.47243    0 1911   53.00000   28.47243  46.3%     -  116s
elapsed CPU time: 1.844045698032308e13 seconds
     0     0   28.47307    0 1922   53.00000   28.47307  46.3%     -  117s
elapsed CPU time: 0.500681 seconds
     0     0   28.54183    0 2025   53.00000   28.54183  46.1%     -  120s
H    0     0                      52.0000000   28.54263  45.1%     -  122s
elapsed CPU time: 9.206141027495674e12 seconds
     0     0   28.55262    0 1974   52.00000   28.55262  45.1%     -  124s
elapsed CPU time: 1.8413831236809625e13 seconds
     0     0   28.55277    0 1993   52.00000   28.55277  45.1%     -  125s
elapsed CPU time: 1.8360999217763676e13 seconds
     0     0   28.56400    0 2033   52.00000   28.56400  45.1%     -  127s
H    0     0                      51.0000000   28.56400  44.0%     -  131s
elapsed CPU time: 1.3917655958626484e13 seconds
     0     0   28.56640    0 2125   51.00000   28.56640  44.0%     -  138s
elapsed CPU time: 1.844064282355797e13 seconds
     0     0   28.57207    0 2292   51.00000   28.57207  44.0%     -  140s
elapsed CPU time: 0.51364 seconds
     0     0   28.57822    0 1776   51.00000   28.57822  44.0%     -  150s
elapsed CPU time: 4.423386818654877e9 seconds
elapsed CPU time: 1.841543690603831e13 seconds
     0     2   28.58080    0 1679   51.00000   28.58080  44.0%     -  207s
     2     4   28.65027    2 1966   51.00000   28.58080  44.0% 22656  211s
     5     7   28.91228    4 1894   51.00000   28.58080  44.0% 11024  215s
    11    13   29.09154    8 1911   51.00000   28.58080  44.0%  6303  220s
    16    18   29.44994   10 1882   51.00000   28.58080  44.0%  5358  225s
    26    28   29.27757   19 1661   51.00000   28.58080  44.0%  3707  231s
    31    33   29.36671   23 1538   51.00000   28.58080  44.0%  3253  235s
    47    49   30.00918   36 1389   51.00000   28.58080  44.0%  2435  240s
H   52    52                      50.0000000   28.58080  42.8%  2209  245s
    53    55   30.55559   40 1313   50.00000   28.58080  42.8%  2252  250s
    61    63   31.07233   45 1182   50.00000   28.58080  42.8%  2158  255s
    93    95   31.59360   73  957   50.00000   28.58080  42.8%  1558  260s
   139   140   33.04902  113  942   50.00000   28.58080  42.8%  1143  265s
   179   179   33.16895  152  746   50.00000   28.58080  42.8%   942  270s
   215   214   34.00000  186  871   50.00000   28.58080  42.8%   880  275s
   262   257   35.84455  224  665   50.00000   28.58080  42.8%   777  280s
   315   308   37.00000  273  635   50.00000   28.58080  42.8%   684  285s
   359   352   37.51664  308  594   50.00000   28.58080  42.8%   652  290s
   415   408   39.00000  357  575   50.00000   28.58080  42.8%   610  295s
   476   469   39.41478  411  589   50.00000   28.58080  42.8%   562  300s
H  540   531                      49.0000000   28.58080  41.7%   503  316s
   540   533   39.84789  473  525   49.00000   28.58080  41.7%   504  333s
   560   553   40.42747  490  439   49.00000   28.58080  41.7%   493  335s
   660   645   28.71511    1 2021   49.00000   28.60318  41.6%   441  343s
   662   646   33.16895  147 1776   49.00000   28.60318  41.6%   440  382s
   664   647   31.60708   74 1718   49.00000   28.60318  41.6%   438  415s
   665   648   39.59336  423 1870   49.00000   28.60318  41.6%   438  452s
   666   649   37.33857  291 2413   49.00000   28.62338  41.6%   437  464s
   667   649   38.18331  320 2512   49.00000   29.09397  40.6%   436  472s
   668   650   36.48984  246 2461   49.00000   29.24894  40.3%   436  477s
   669   651   35.16667  202 2562   49.00000   29.25589  40.3%   435  480s
   670   651   33.58448  106 2653   49.00000   29.25589  40.3%   434  487s
   671   652   40.00000  385 2346   49.00000   29.47989  39.8%   434  505s
   673   653   32.25000   69 2553   49.00000   29.64123  39.5%   433  512s
   675   655   35.76239  220 2806   49.00000   29.70120  39.4%   431  517s
   677   656   31.44845   72 2617   49.00000   29.70224  39.4%   430  526s
   678   657   31.14413   53 2424   49.00000   29.96250  38.9%   429  552s
   679   657   33.17342  140 2694   49.00000   29.97551  38.8%   429  559s
   680   658   38.18331  312 2592   49.00000   29.97940  38.8%   428  560s
   683   660   42.47204  554 2850   49.00000   30.00382  38.8%   426  568s
   686   662   38.18331  312 2940   49.00000   30.00624  38.8%   424  577s
   687   663   39.34789  405 2726   49.00000   30.13351  38.5%   424  601s
   689   664   36.09572  227 2906   49.00000   30.15782  38.5%   423  606s
   691   665   41.66861  569 2890   49.00000   30.18517  38.4%   421  610s
   696   669   39.65994  463 3321   49.00000   30.20193  38.4%   418  615s
   698   670   31.35183   57 3297   49.00000   30.20250  38.4%   417  624s
   699   671   31.59527   75 2820   49.00000   30.37718  38.0%   416  651s
   701   672   33.58448  106 2971   49.00000   30.38353  38.0%   415  655s
   703   673   41.08000  524 2967   49.00000   30.43056  37.9%   414  660s
   705   675   39.64811  450 3080   49.00000   30.43261  37.9%   413  668s
   706   675   41.24563  526 2745   49.00000   30.52724  37.7%   412  712s
   707   676   35.76239  221 2765   49.00000   30.53587  37.7%   412  715s
   709   677   39.00000  351 2918   49.00000   30.54304  37.7%   411  721s
   712   679   39.05715  384 3067   49.00000   30.55199  37.6%   409  725s
   714   681   37.00000  267 3202   49.00000   30.55356  37.6%   408  734s
   715   681   38.18331  300 2618   49.00000   30.62651  37.5%   407  756s
   716   682   35.00000  191 2858   49.00000   30.63240  37.5%   407  761s
   717   683   39.65361  455 3172   49.00000   30.64252  37.5%   406  765s
   719   684   39.51342  414 3003   49.00000   30.66001  37.4%   405  771s
   721   685   34.00000  187 3394   49.00000   30.66315  37.4%   404  778s
   722   686   39.33567  341 2922   49.00000   30.77460  37.2%   403  796s
   724   687   37.18731  296 3212   49.00000   30.78084  37.2%   402  802s
   726   689   39.00000  326 3174   49.00000   30.79113  37.2%   401  805s
   730   691   37.14962  255 3321   49.00000   30.79449  37.2%   399  812s
   731   692   36.70158  255 2939   49.00000   30.80011  37.1%   398  827s
   732   693   30.89052   43 3070   49.00000   30.80013  37.1%   398  833s
   733   693   39.34789  406 3160   49.00000   30.80181  37.1%   397  849s
   734   694   41.60977  543 3257   49.00000   30.80181  37.1%   397  855s
   735   695   39.27907  398 3159   49.00000   30.80203  37.1%   396  870s
   737   696   39.75576  410 3325   49.00000   30.80863  37.1%   395  879s
   738   697   33.16895  153 3022   49.00000   30.83208  37.1%   394  924s
   739   697   40.00000  385 3261   49.00000   30.83240  37.1%   394  927s
   740   698   38.06393  284 3247   49.00000   30.83240  37.1%   393  932s
   741   699   33.16895  179 2941   49.00000   30.83495  37.1%   393  947s
   742   699   38.06393  284 3176   49.00000   30.83711  37.1%   392  950s
   744   701   42.50118  542 3033   49.00000   30.83761  37.1%   391  965s
   746   702   34.00000  163 3199   49.00000   30.84048  37.1%   390  972s
   747   703   30.84177   19 2954   49.00000   30.84177  37.1%   390  984s
   748   703   39.00000  369 3077   49.00000   30.84177  37.1%   389  990s
   749   704   36.48984  246 2655   49.00000   31.02801  36.7%   389 1010s
   751   705   39.56557  432 2821   49.00000   31.03761  36.7%   388 1015s
   753   707   42.47204  557 2861   49.00000   31.04076  36.7%   387 1021s
   754   707   33.16895  161 2547   49.00000   31.10097  36.5%   386 1040s
   757   709   39.00130  370 2736   49.00000   31.10917  36.5%   385 1046s
   759   711   40.37497  445 2458   49.00000   31.11580  36.5%   384 1060s
   762   713   33.16895  147 2564   49.00000   31.11855  36.5%   382 1068s
   763   713   40.43423  507 2457   49.00000   31.12053  36.5%   382 1080s
   765   715   39.59336  423 2681   49.00000   31.12070  36.5%   381 1085s
   766   715   37.33857  291 2626   49.00000   31.12984  36.5%   380 1106s
   767   716   38.18331  320 2694   49.00000   31.12984  36.5%   380 1111s
   768   717   36.48984  246 2635   49.00000   31.12988  36.5%   379 1123s
   769   717   35.16667  202 2644   49.00000   31.12988  36.5%   379 1126s
   770   718   33.58448  106 2620   49.00000   31.13002  36.5%   378 1136s
   771   719   40.00000  385 2765   49.00000   31.13002  36.5%   378 1141s
   772   719   33.08665  132 2563   49.00000   31.13219  36.5%   377 1152s
   773   720   32.25000   69 2641   49.00000   31.13219  36.5%   377 1156s
   774   721   39.00130  373 2641   49.00000   31.13219  36.5%   376 1165s
   776   722   33.16895  156 2568   49.00000   31.13219  36.5%   375 1179s
   777   723   31.44845   72 2653   49.00000   31.13219  36.5%   375 1183s
   778   723   31.14413   53 2574   49.00000   31.13228  36.5%   374 1194s
   779   724   33.17342  140 2682   49.00000   31.13228  36.5%   374 1198s
   780   725   38.18331  312 2651   49.00000   31.13228  36.5%   373 1208s
   783   728   42.47204  554 1776   49.00000   31.13228  36.5%  2575 1218s
   785   729   32.16212   82 1720   49.00000   31.13228  36.5%  2569 1256s
   786   730   38.18331  312 1587   49.00000   31.13228  36.5%  2565 1292s
   787   731   39.34789  405 2394   49.00000   31.13228  36.5%  2562 1303s
   788   731   35.00000  191 2437   49.00000   31.13228  36.5%  2559 1314s
   789   732   36.09572  227 2700   49.00000   31.13228  36.5%  2556 1319s
   790   733   31.13495    8 2767   49.00000   31.13495  36.5%  2552 1322s
   793   735   39.00000  363 2849   49.00000   31.13841  36.5%  2543 1330s
   794   735   39.08877  390 2640   49.00000   31.19159  36.3%  2539 1348s
   795   736   33.08665  130 2653   49.00000   31.19966  36.3%  2536 1350s
   798   738   31.35183   57 2738   49.00000   31.21687  36.3%  2527 1359s
   799   739   31.59527   75 2487   49.00000   31.23909  36.2%  2524 1380s
   801   740   33.58448  106 2591   49.00000   31.24510  36.2%  2517 1386s
   804   742   31.72297   91 2777   49.00000   31.24864  36.2%  2508 1396s
   805   743   39.64811  450 2484   49.00000   31.27346  36.2%  2505 1413s
   806   743   41.24563  526 2550   49.00000   31.27408  36.2%  2502 1416s
   809   745   39.00000  351 2837   49.00000   31.27943  36.2%  2492 1421s
   810   746   39.67593  457 2828   49.00000   31.27945  36.2%  2489 1429s
   811   747   32.81534  109 2523   49.00000   31.32779  36.1%  2486 1451s
   813   748   36.06453  231 2843   49.00000   31.33737  36.0%  2480 1457s
   814   749   37.00000  267 2940   49.00000   31.33747  36.0%  2477 1465s
   815   749   38.18331  300 2609   49.00000   31.40657  35.9%  2474 1507s
   816   750   35.00000  191 2841   49.00000   31.41034  35.9%  2471 1510s
   818   751   31.41078    4 2861   49.00000   31.41078  35.9%  2465 1519s
   819   752   39.51342  414 2597   49.00000   31.43418  35.8%  2462 1537s
   820   753   32.25000   69 2679   49.00000   31.43418  35.8%  2459 1544s
   821   753   34.00000  187 2679   49.00000   31.44038  35.8%  2456 1559s
   822   754   39.33567  341 2780   49.00000   31.44294  35.8%  2453 1560s
   823   755   39.51342  414 2655   49.00000   31.44302  35.8%  2450 1566s
   824   755   37.18731  296 2800   49.00000   31.45802  35.8%  2447 1585s
   826   757   39.00000  326 2836   49.00000   31.45848  35.8%  2441 1594s
   827   757   38.18331  300 2605   49.00000   31.47830  35.8%  2438 1614s
   828   758   37.00000  265 2731   49.00000   31.47830  35.8%  2435 1622s
   829   759   37.00000  277 2623   49.00000   31.48403  35.7%  2432 1640s
   831   760   36.70158  255 2735   49.00000   31.48423  35.7%  2426 1649s
   832   761   31.49461   43 2612   49.00000   31.49461  35.7%  2423 1668s
   833   761   39.34789  406 2813   49.00000   31.49461  35.7%  2421 1670s
   836   763   40.36697  482 2825   49.00000   31.49897  35.7%  2412 1675s
   837   764   39.75576  410 2974   49.00000   31.49900  35.7%  2409 1681s
   838   765   33.16895  153 2795   49.00000   31.50245  35.7%  2406 1700s
   841   767   33.16895  179 3108   49.00000   31.50300  35.7%  2397 1711s
H  841   727                      48.0000000   31.51655  34.3%  2397 1751s
   842   727   38.06393  284 2941   48.00000   31.51655  34.3%  2395 1831s
   844   729   42.50118  542 2990   48.00000   31.51853  34.3%  2389 1835s
   847   731   31.52111   19 3189   48.00000   31.52111  34.3%  2381 1846s
   848   731   39.00000  369 2919   48.00000   31.53852  34.3%  2378 1864s
   849   732   36.48984  246 3152   48.00000   31.53979  34.3%  2375 1867s
   851   733   39.56557  432 3288   48.00000   31.54233  34.3%  2369 1870s
   854   735   33.16895  161 3307   48.00000   31.55179  34.3%  2361 1875s
   855   736   32.06349   66 3374   48.00000   31.55182  34.3%  2358 1882s
   856   737   31.65805   48 2946   48.00000   31.65805  34.0%  2355 1903s
   857   737   39.00130  370 3153   48.00000   31.72684  33.9%  2353 1909s
   858   738   39.00000  326 3245   48.00000   31.75322  33.8%  2350 1912s
   861   740   33.09126  136 3241   48.00000   31.76408  33.8%  2342 1916s
   864   742   31.77643   74 3280   48.00000   31.77643  33.8%  2334 1920s
   869   745   35.16667  202 3350   48.00000   31.78367  33.8%  2320 1925s
   870   746   33.58448  106 3333   48.00000   31.78369  33.8%  2318 1931s
   871   747   40.00000  385 2757   48.00000   31.82090  33.7%  2315 1949s
   872   747   33.08665  132 3057   48.00000   31.82341  33.7%  2312 1952s
   873   748   32.25000   69 3175   48.00000   31.82361  33.7%  2310 1955s
   875   749   35.76239  220 3327   48.00000   31.82432  33.7%  2304 1963s
   876   750   33.16895  156 3097   48.00000   31.84126  33.7%  2302 1983s
   877   751   31.84182   72 3251   48.00000   31.84182  33.7%  2299 1986s
   879   752   33.17342  140 3255   48.00000   31.84233  33.7%  2294 1996s
   880   753   38.18331  312 3243   48.00000   31.85174  33.6%  2291 2013s
   881   753   37.00000  265 3445   48.00000   31.85186  33.6%  2289 2016s
   882   754   34.05942  182 3541   48.00000   31.85198  33.6%  2286 2024s
   883   755   42.47204  554 3219   48.00000   31.85538  33.6%  2283 2042s
   884   755   42.47204  551 3434   48.00000   31.85538  33.6%  2281 2050s
   885   756   32.16212   82 3330   48.00000   31.85576  33.6%  2278 2067s
   886   757   38.18331  312 3444   48.00000   31.85576  33.6%  2276 2075s
   887   757   39.34789  405 3368   48.00000   31.86066  33.6%  2273 2092s
   888   758   35.00000  191 3603   48.00000   31.86090  33.6%  2271 2095s
   890   759   31.86306    8 3596   48.00000   31.86306  33.6%  2265 2105s
   891   760   41.66861  569 3442   48.00000   31.86523  33.6%  2263 2123s
   892   761   32.19791   74 3650   48.00000   31.86562  33.6%  2260 2126s
   893   761   39.00000  363 3742   48.00000   31.86562  33.6%  2258 2134s
   894   762   39.08877  390 3493   48.00000   31.86981  33.6%  2255 2154s
   895   763   33.08665  130 3675   48.00000   31.86981  33.6%  2253 2157s
   896   763   39.65994  463 3800   48.00000   31.86981  33.6%  2250 2167s
   897   764   33.58448  106 3569   48.00000   31.87251  33.6%  2248 2187s
   898   765   31.87251   57 3655   48.00000   31.87251  33.6%  2245 2195s
   899   765   31.88209   75 3465   48.00000   31.88209  33.6%  2243 2216s
   902   767   39.33567  341 3658   48.00000   31.88353  33.6%  2235 2220s
   904   769   31.88408   91 3655   48.00000   31.88408  33.6%  2230 2229s
   905   769   39.64811  450 3457   48.00000   31.88816  33.6%  2228 2248s
   906   770   41.24563  526 3638   48.00000   31.88816  33.6%  2225 2257s
   907   771   35.76239  221 3553   48.00000   31.89336  33.6%  2223 2276s
   908   771   40.37642  441 3689   48.00000   31.89336  33.6%  2221 2285s
   909   772   39.00000  351 3399   48.00000   31.89405  33.6%  2218 2303s
   910   773   39.67593  457 3571   48.00000   31.89405  33.6%  2216 2311s
   911   773   32.81534  109 3520   48.00000   31.90142  33.5%  2213 2329s
   912   774   39.05715  384 3666   48.00000   31.90160  33.5%  2211 2331s
   914   775   37.00000  267 3768   48.00000   31.90291  33.5%  2206 2343s
   915   776   38.18331  300 3462   48.00000   31.91810  33.5%  2204 2364s
   916   777   35.00000  191 3630   48.00000   31.92076  33.5%  2201 2367s
   918   778   31.92139    4 3616   48.00000   31.92139  33.5%  2196 2376s
   919   779   39.51342  414 3455   48.00000   31.92894  33.5%  2194 2393s
   920   779   32.25000   69 3570   48.00000   31.92930  33.5%  2192 2396s
   923   781   39.51342  414 3791   48.00000   31.92984  33.5%  2184 2407s
   924   782   37.18731  296 3444   48.00000   31.95492  33.4%  2182 2425s
   925   783   40.44394  512 3671   48.00000   31.95770  33.4%  2180 2430s
   928   785   37.00000  265 3748   48.00000   31.95829  33.4%  2173 2437s
   929   785   37.00000  277 3544   48.00000   31.95840  33.4%  2170 2450s
   930   786   37.14962  255 3716   48.00000   31.95841  33.4%  2168 2456s
   931   787   36.70158  255 3505   48.00000   31.95842  33.4%  2166 2468s
   932   787   31.95842   43 3736   48.00000   31.95842  33.4%  2163 2474s
   933   788   39.34789  406 3522   48.00000   31.95853  33.4%  2161 2487s
   934   789   41.60977  543 3715   48.00000   31.95853  33.4%  2159 2493s
   935   789   39.27907  398 3556   48.00000   31.95853  33.4%  2156 2505s
   938   793   33.16895  153 1776   48.00000   31.95853  33.4%  4546 2515s
   940   794   38.06393  284 1720   48.00000   31.95853  33.4%  4536 2552s
   941   795   33.16895  179 1655   48.00000   31.95853  33.4%  4531 2590s
   942   796   38.06393  284 2226   48.00000   31.95853  33.4%  4526 2602s
   943   796   32.06349   66 3146   48.00000   31.95853  33.4%  4522 2612s
   944   797   42.50118  542 3566   48.00000   31.95853  33.4%  4517 2620s
   946   798   34.00000  163 3588   48.00000   31.95853  33.4%  4507 2626s
   949   800   36.48984  246 3780   48.00000   31.96064  33.4%  4493 2636s
   950   801   42.47204  557 3287   48.00000   31.97136  33.4%  4488 2657s
   952   802   31.97261   49 3461   48.00000   31.97261  33.4%  4479 2661s
   955   804   32.06349   66 3533   48.00000   31.97567  33.4%  4465 2671s
   956   805   31.98246   48 3161   48.00000   31.98246  33.4%  4460 2692s
   957   806   39.00130  370 3354   48.00000   31.98564  33.4%  4456 2696s
   959   807   40.37497  445 3466   48.00000   31.98716  33.4%  4446 2706s
   960   808   31.99222   30 3191   48.00000   31.99222  33.3%  4442 2723s
   961   808   33.09126  136 3377   48.00000   31.99320  33.3%  4437 2726s
   964   810   31.99544   74 3415   48.00000   31.99544  33.3%  4423 2737s
   965   811   39.59336  423 3130   48.00000   32.00348  33.3%  4419 2758s
   966   812   37.33857  291 3459   48.00000   32.00363  33.3%  4414 2761s
   970   814   33.58448  106 3358   48.00000   32.00518  33.3%  4396 2772s
   971   815   40.00000  385 3231   48.00000   32.01486  33.3%  4391 2800s
   974   817   39.00130  373 3438   48.00000   32.01540  33.3%  4378 2811s
   975   818   35.76239  220 3341   48.00000   32.01873  33.3%  4373 2831s
   976   818   33.16895  156 3458   48.00000   32.01944  33.3%  4369 2836s
   978   820   32.02066   53 3566   48.00000   32.02066  33.3%  4360 2846s
   979   820   33.17342  140 3241   48.00000   32.02582  33.3%  4355 2868s
   980   821   38.18331  312 3509   48.00000   32.02673  33.3%  4351 2871s
   981   822   37.00000  265 3570   48.00000   32.02677  33.3%  4347 2879s
   982   822   34.05942  182 3326   48.00000   32.02883  33.3%  4342 2898s
   983   823   42.47204  554 3550   48.00000   32.02883  33.3%  4338 2907s
   984   824   42.47204  551 3298   48.00000   32.02972  33.3%  4333 2924s
   985   824   32.16212   82 3488   48.00000   32.02977  33.3%  4329 2934s
   986   825   38.18331  312 3147   48.00000   32.03410  33.3%  4324 2952s
   987   826   39.34789  405 3303   48.00000   32.03410  33.3%  4320 2955s
   988   826   35.00000  191 3358   48.00000   32.03410  33.3%  4316 2964s
   989   827   36.09572  227 3079   48.00000   32.03473  33.3%  4311 3009s
   990   828   32.03480    8 3314   48.00000   32.03480  33.3%  4307 3020s
   991   828   41.66861  569 3244   48.00000   32.03552  33.3%  4303 3037s
   992   829   32.19791   74 3322   48.00000   32.03559  33.3%  4298 3048s
   993   830   39.00000  363 3178   48.00000   32.03770  33.3%  4294 3064s
   994   830   39.08877  390 3349   48.00000   32.03775  33.3%  4290 3074s
   995   831   33.08665  130 3144   48.00000   32.03855  33.3%  4285 3089s
   996   832   39.65994  463 3205   48.00000   32.03855  33.3%  4281 3097s
   997   832   33.58448  106 3194   48.00000   32.07434  33.2%  4277 3117s
   999   834   32.07506   75 3430   48.00000   32.07506  33.2%  4268 3121s
  1000   834   32.07506   85 3397   48.00000   32.07506  33.2%  4264 3128s
  1001   835   33.58448  106 3207   48.00000   32.07883  33.2%  4260 3147s
  1002   836   39.33567  341 3453   48.00000   32.07892  33.2%  4255 3150s
  1003   836   41.08000  524 3504   48.00000   32.07894  33.2%  4251 3157s
  1004   837   32.08418   91 3290   48.00000   32.08418  33.2%  4247 3181s
  1006   838   41.24563  526 3590   48.00000   32.08573  33.2%  4238 3187s
  1007   839   35.76239  221 3660   48.00000   32.08578  33.2%  4234 3193s
  1008   840   40.37642  441 3258   48.00000   32.08866  33.1%  4230 3210s
  1009   840   39.00000  351 3383   48.00000   32.08866  33.1%  4226 3218s
  1010   841   39.67593  457 3338   48.00000   32.08889  33.1%  4222 3237s
  1011   842   32.81534  109 3644   48.00000   32.08923  33.1%  4218 3241s
  1012   842   39.05715  384 3623   48.00000   32.08933  33.1%  4213 3249s
  1013   843   36.06453  231 3208   48.00000   32.09143  33.1%  4209 3267s
  1014   844   37.00000  267 3304   48.00000   32.09143  33.1%  4205 3274s
  1015   844   38.18331  300 3319   48.00000   32.09189  33.1%  4201 3326s
  1016   845   35.00000  191 3446   48.00000   32.09189  33.1%  4197 3334s
  1017   846   39.65361  455 3214   48.00000   32.09210  33.1%  4193 3349s
  1018   846   32.09210    4 3344   48.00000   32.09210  33.1%  4189 3357s
  1019   847   39.51342  414 3281   48.00000   32.09210  33.1%  4184 3371s
  1020   848   32.25000   69 3471   48.00000   32.09210  33.1%  4180 3380s
  1021   848   34.00000  187 3207   48.00000   32.09236  33.1%  4176 3394s
  1022   849   39.33567  341 3207   48.00000   32.09236  33.1%  4172 3416s
  1023   850   39.51342  414 3207   48.00000   32.09236  33.1%  4168 3460s
  1024   852   32.12733   28 3025   48.00000   32.09370  33.1%  5672 3480s
  1025   853   32.09999   28 3364   48.00000   32.09999  33.1%  5672 3485s
  1027   854   32.33392   29 3135   48.00000   32.10975  33.1%  5673 3497s
  1028   855   32.11976   30 3228   48.00000   32.10975  33.1%  5669 3501s
  1030   856   32.13309   31 3105   48.00000   32.11979  33.1%  5663 3508s
  1031   857   32.23785   31 2732   48.00000   32.12366  33.1%  5663 3512s
  1032   858   32.15938   32 2953   48.00000   32.12366  33.1%  5661 3515s
  1033   858   32.49747   32 2990   48.00000   32.12366  33.1%  5671 3524s
  1034   859   32.17965   33 2821   48.00000   32.12366  33.1%  5667 3532s
  1035   860   32.33554   33 2961   48.00000   32.12366  33.1%  5671 3537s
  1037   861   32.52706   34 2835   48.00000   32.12366  33.1%  5670 3545s
  1039   862   32.45036   35 2792   48.00000   32.12366  33.1%  5671 3551s
  1040   863   32.20338   36 2906   48.00000   32.12366  33.1%  5667 3561s
  1041   864   32.36917   36 2702   48.00000   32.12366  33.1%  5666 3565s
  1044   866   32.22256   38 2702   48.00000   32.12366  33.1%  5656 3570s
  1046   867   32.23387   39 2569   48.00000   32.12366  33.1%  5652 3575s
  1047   868   32.51649   39 2448   48.00000   32.12366  33.1%  5653 3580s
  1049   869   32.54145   40 2406   48.00000   32.12366  33.1%  5649 3593s
  1051   870   32.64497   41 2420   48.00000   32.12366  33.1%  5653 3600s
  1053   872   32.56595   42 2530   48.00000   32.12366  33.1%  5649 3606s
  1055   873   32.54639   43 2130   48.00000   32.12366  33.1%  5646 3612s
  1057   874   32.48905   44 2345   48.00000   32.12366  33.1%  5641 3617s
  1059   876   32.47333   45 2759   48.00000   32.12366  33.1%  5637 3621s
  1061   877   32.43054   46 2577   48.00000   32.12366  33.1%  5633 3626s
  1065   880   32.61456   48 2172   48.00000   32.12366  33.1%  5623 3634s
  1066   880   32.30587   49 2616   48.00000   32.12366  33.1%  5620 3637s
  1067   881   32.59263   49 2633   48.00000   32.12366  33.1%  5620 3642s
  1068   882   32.36466   50 2627   48.00000   32.12366  33.1%  5621 3645s
  1071   884   32.49652   51 2456   48.00000   32.12366  33.1%  5610 3650s
  1073   885   32.46751   52 2273   48.00000   32.12366  33.1%  5609 3662s
  1075   886   32.46345   53 2415   48.00000   32.12366  33.1%  5603 3674s
  1076   887   32.39307   54 2492   48.00000   32.12366  33.1%  5602 3676s
  1078   888   32.40057   55 2495   48.00000   32.12366  33.1%  5596 3680s
  1079   889   32.70450   55 2316   48.00000   32.12366  33.1%  5597 3686s
  1081   890   32.71777   56 2330   48.00000   32.12366  33.1%  5596 3691s
  1083   892   32.65862   57 2435   48.00000   32.12366  33.1%  5593 3697s
  1085   893   32.78737   58 2228   48.00000   32.12366  33.1%  5591 3702s
  1087   894   32.62342   59 2569   48.00000   32.12366  33.1%  5586 3706s
  1090   896   32.64005   61 2361   48.00000   32.12366  33.1%  5576 3710s
  1093   898   33.17957   62 2346   48.00000   32.12366  33.1%  5570 3716s
  1096   900   32.77259   64 2331   48.00000   32.12366  33.1%  5566 3722s
  1097   901   32.84246   64 2026   48.00000   32.12366  33.1%  5565 3726s
  1101   904   33.01839   66 2193   48.00000   32.12366  33.1%  5553 3777s
  1103   905   33.18812   67 2377   48.00000   32.12366  33.1%  5547 3780s
  1105   906   33.46850   68 2022   48.00000   32.12366  33.1%  5545 3786s
  1108   908   33.04225   70 2216   48.00000   32.12366  33.1%  5537 3792s
  1110   910   33.04408   71 2171   48.00000   32.12366  33.1%  5532 3795s
  1112   911   33.12394   72 2117   48.00000   32.12366  33.1%  5531 3800s
  1115   913   33.55164   73 2082   48.00000   32.12366  33.1%  5527 3807s
  1116   914   33.13411   74 2149   48.00000   32.12366  33.1%  5522 3813s
  1117   914   33.45581   74 2124   48.00000   32.12366  33.1%  5527 3817s
  1119   916   33.27759   75 1890   48.00000   32.12366  33.1%  5522 3821s
  1121   917   33.71659   76 2288   48.00000   32.12366  33.1%  5518 3825s
  1127   921   33.43332   79 1863   48.00000   32.12366  33.1%  5497 3832s
  1129   922   33.40586   80 1962   48.00000   32.12366  33.1%  5491 3835s
  1132   924   33.33438   82 2010   48.00000   32.12366  33.1%  5482 3840s
  1134   926   33.34561   83 2041   48.00000   32.12366  33.1%  5480 3845s
  1137   928   33.38936   84 2247   48.00000   32.12366  33.1%  5472 3850s
  1140   930   33.38757   86 1991   48.00000   32.12366  33.1%  5467 3855s
  1142   931   33.44417   87 2116   48.00000   32.12366  33.1%  5466 3860s
  1147   934   33.94775   89 1541   48.00000   32.12366  33.1%  5449 3865s
  1153   938   34.03301   92 1686   48.00000   32.12366  33.1%  5432 3873s
  1155   940   33.58800   93 1854   48.00000   32.12366  33.1%  5427 3876s
  1157   941   34.02702   94 1847   48.00000   32.12366  33.1%  5433 3891s
  1159   942   33.76974   95 1201   48.00000   32.12366  33.1%  5432 3895s
  1165   946   33.89664   98 1547   48.00000   32.12366  33.1%  5420 3904s
  1167   948   33.79156   99 1328   48.00000   32.12366  33.1%  5422 3908s
  1169   949   33.77406  100 1460   48.00000   32.12366  33.1%  5421 3912s
  1171   950   34.04817  101 1705   48.00000   32.12366  33.1%  5418 3916s
  1173   952   34.20193  102 1229   48.00000   32.12366  33.1%  5413 3921s
  1175   953   33.77128  103 1375   48.00000   32.12366  33.1%  5409 3926s
  1178   955   33.53804  105 1443   48.00000   32.12366  33.1%  5402 3930s
  1181   957   34.15197  106 1472   48.00000   32.12366  33.1%  5397 3935s
  1185   960   33.65915  108 1546   48.00000   32.12366  33.1%  5388 3941s
  1187   961   33.90784  109 1860   48.00000   32.12366  33.1%  5387 3946s
  1190   963   33.73151  111 1212   48.00000   32.12366  33.1%  5380 3950s
  1195   966   34.17104  113 1197   48.00000   32.12366  33.1%  5369 3956s
  1199   969   33.80060  115 1201   48.00000   32.12366  33.1%  5363 3961s
  1203   972   33.94913  117 1377   48.00000   32.12366  33.1%  5356 3965s
  1207   974   34.12042  119  991   48.00000   32.12366  33.1%  5351 3970s
  1211   977   34.13378  121 1589   48.00000   32.12366  33.1%  5346 3976s
  1213   978   34.29919  122 1514   48.00000   32.12366  33.1%  5346 3980s
  1217   981   34.28922  124 1195   48.00000   32.12366  33.1%  5343 3986s
  1220   983   33.97619  126 1311   48.00000   32.12366  33.1%  5338 3990s
  1223   985   34.49643  127 1157   48.00000   32.12366  33.1%  5340 3995s
  1227   988   34.69040  129 1023   48.00000   32.12366  33.1%  5337 4001s
  1231   990   34.60179  131 1118   48.00000   32.12366  33.1%  5327 4006s
  1235   993   34.59292  133 1211   48.00000   32.12366  33.1%  5317 4010s
  1239   996   34.40476  135 1415   48.00000   32.12366  33.1%  5307 4016s
  1242   998   34.12977  137 1408   48.00000   32.12366  33.1%  5300 4020s
  1245  1000   34.54781  138 1004   48.00000   32.12366  33.1%  5298 4026s
  1247  1001   34.88020  139 1601   48.00000   32.12366  33.1%  5296 4031s
  1248  1002   34.13671  140 1373   48.00000   32.12366  33.1%  5292 4043s
  1251  1004   34.27774  141 1277   48.00000   32.12366  33.1%  5287 4046s
  1255  1006   34.40231  143 1313   48.00000   32.12366  33.1%  5283 4051s
  1259  1009   34.29652  145 1219   48.00000   32.12366  33.1%  5278 4056s
  1263  1012   34.52376  147 1337   48.00000   32.12366  33.1%  5271 4060s
  1267  1014   35.27435  149 1363   48.00000   32.12366  33.1%  5264 4068s
  1269  1016   34.58124  150 1232   48.00000   32.12366  33.1%  5260 4070s
  1275  1020   34.62987  153 1239   48.00000   32.12366  33.1%  5253 4077s
  1279  1022   35.03937  155 1350   48.00000   32.12366  33.1%  5248 4082s
  1281  1024   35.03937  156 1261   48.00000   32.12366  33.1%  5249 4086s
  1285  1026   34.66891  158 1121   48.00000   32.12366  33.1%  5242 4090s
  1290  1030   34.46962  161 1574   48.00000   32.12366  33.1%  5232 4095s
  1293  1032   35.01159  162 1073   48.00000   32.12366  33.1%  5233 4100s
  1299  1036   35.01159  165 1256   48.00000   32.12366  33.1%  5227 4108s
  1301  1037   34.90048  166 1073   48.00000   32.12366  33.1%  5224 4110s
  1303  1038   35.09493  167  999   48.00000   32.12366  33.1%  5226 4115s
  1307  1041   35.14782  169 1061   48.00000   32.12366  33.1%  5225 4121s
  1309  1042   35.09493  170  932   48.00000   32.12366  33.1%  5227 4137s
  1312  1044   34.57201  172 1371   48.00000   32.12366  33.1%  5222 4140s
  1316  1047   34.57372  174 1275   48.00000   32.12366  33.1%  5219 4145s
  1320  1050   34.63739  176 1576   48.00000   32.12366  33.1%  5217 4151s
  1324  1052   34.64038  178 1153   48.00000   32.12366  33.1%  5210 4155s
  1329  1056   35.20639  180 1330   48.00000   32.12366  33.1%  5208 4161s
  1333  1058   34.86568  182 1218   48.00000   32.12366  33.1%  5202 4165s
  1339  1062   35.43784  185 1321   48.00000   32.12366  33.1%  5197 4171s
  1343  1065   34.71803  187 1218   48.00000   32.12366  33.1%  5191 4175s
  1349  1069   35.26159  190 1256   48.00000   32.12366  33.1%  5184 4182s
  1357  1074   34.90695  194  955   48.00000   32.12366  33.1%  5163 4185s
  1362  1078   34.72077  197 1092   48.00000   32.12366  33.1%  5156 4191s
  1367  1081   34.87473  199 1267   48.00000   32.12366  33.1%  5149 4195s
  1373  1085   35.25699  202 1120   48.00000   32.12366  33.1%  5141 4201s
  1375  1086   35.13743  203 1025   48.00000   32.12366  33.1%  5141 4205s
  1385  1093   36.62378  208  995   48.00000   32.12366  33.1%  5114 4210s
  1393  1098   36.77607  212  859   48.00000   32.12366  33.1%  5101 4216s
  1399  1102   36.76068  215  797   48.00000   32.12366  33.1%  5089 4220s
  1408  1108   36.63342  220 1121   48.00000   32.12366  33.1%  5071 4225s
  1411  1110   36.64451  221 1092   48.00000   32.12366  33.1%  5065 4282s
  1417  1114   37.38034  224  883   48.00000   32.12366  33.1%  5053 4285s
  1425  1120   37.50000  228  936   48.00000   32.12366  33.1%  5041 4291s
  1429  1122   37.50000  230  968   48.00000   32.12366  33.1%  5036 4295s
  1438  1128   36.76558  235  957   48.00000   32.12366  33.1%  5020 4300s
  1447  1134   36.96997  239  889   48.00000   32.12366  33.1%  5002 4305s
  1455  1140   37.03206  243  901   48.00000   32.12366  33.1%  4986 4310s
  1462  1144   38.57402  247 1100   48.00000   32.12366  33.1%  4980 4316s
  1467  1148   37.87309  249  940   48.00000   32.12366  33.1%  4970 4320s
  1478  1155   39.72542  255  951   48.00000   32.12366  33.1%  4946 4325s
  1497  1168   38.25487  264  877   48.00000   32.12366  33.1%  4896 4330s
  1512  1178   38.17028  272  769   48.00000   32.12366  33.1%  4856 4335s
  1529  1189   39.10209  280  766   48.00000   32.12366  33.1%  4815 4340s
  1547  1201   38.41480  289  765   48.00000   32.12366  33.1%  4768 4345s
  1565  1213   38.66173  298  778   48.00000   32.12366  33.1%  4721 4350s
  1593  1232   39.57136  312  658   48.00000   32.12366  33.1%  4647 4355s
  1621  1250   39.88083  326  521   48.00000   32.12366  33.1%  4575 4360s
  1644  1266   41.02376  338  517   48.00000   32.12366  33.1%  4519 4365s
  1671  1284   42.54188  351  365   48.00000   32.12366  33.1%  4454 4370s
  1704  1306   41.70592  368  364   48.00000   32.12366  33.1%  4373 4375s
  1735  1326   42.70592  383  392   48.00000   32.12366  33.1%  4301 4380s
  1779  1356   41.89915  405  345   48.00000   32.12366  33.1%  4198 4385s
  1826  1387   42.60799  429  333   48.00000   32.12366  33.1%  4092 4390s
  1864  1412   43.42992  448  304   48.00000   32.12366  33.1%  4011 4395s
  1904  1437   44.37653  468  286   48.00000   32.12366  33.1%  3930 4400s
  1929  1454   45.25377  480  282   48.00000   32.12366  33.1%  3880 4405s
  1975  1484   45.25377  503  256   48.00000   32.12366  33.1%  3791 4411s
  2011  1508   45.37653  521  273   48.00000   32.12366  33.1%  3724 4415s
  2049  1532   45.39198  540  293   48.00000   32.12366  33.1%  3657 4421s
  2084  1549   46.00000  558  233   48.00000   32.12366  33.1%  3596 4425s
  2135  1537   32.13833   31 3106   48.00000   32.12393  33.1%  3515 4441s
  2136  1538   32.22399   32 3127   48.00000   32.12393  33.1%  3520 4449s
  2137  1538   32.60426   32 3082   48.00000   32.12393  33.1%  3526 4458s
  2138  1539   32.32665   33 2652   48.00000   32.12393  33.1%  3529 4464s
  2139  1540   32.22999   33 3209   48.00000   32.12393  33.1%  3529 4465s
  2141  1541   32.57828   34 2833   48.00000   32.12393  33.1%  3534 4475s
  2144  1543   32.24792   36 3057   48.00000   32.12393  33.1%  3533 4480s
  2145  1544   32.47952   36 2859   48.00000   32.12393  33.1%  3537 4487s
  2147  1545   32.50257   37 2739   48.00000   32.12393  33.1%  3538 4492s
  2148  1546   32.29508   38 3122   48.00000   32.12393  33.1%  3538 4495s
  2150  1547   32.45750   39 2819   48.00000   32.12393  33.1%  3543 4504s
  2151  1548   32.37697   39 2894   48.00000   32.12393  33.1%  3544 4507s
  2152  1548   32.57888   40 2807   48.00000   32.12393  33.1%  3545 4510s
  2154  1550   32.46663   41 2735   48.00000   32.12393  33.1%  3545 4515s
  2155  1550   32.69711   41 2545   48.00000   32.12393  33.1%  3548 4520s
  2156  1551   32.80368   42 2557   48.00000   32.12393  33.1%  3553 4527s
  2158  1552   32.56585   43 2728   48.00000   32.12393  33.1%  3552 4530s
  2159  1553   32.68783   43 2659   48.00000   32.12393  33.1%  3555 4535s
  2161  1554   32.93939   44 2472   48.00000   32.12393  33.1%  3557 4541s
  2163  1556   32.85707   45 2399   48.00000   32.12393  33.1%  3559 4546s
  2164  1556   32.82699   46 1957   48.00000   32.12393  33.1%  3562 4550s
  2167  1558   32.86318   47 2481   48.00000   32.12393  33.1%  3561 4556s
  2169  1560   32.92080   48 1722   48.00000   32.12393  33.1%  3563 4560s
  2171  1561   33.36423   49 2174   48.00000   32.12393  33.1%  3566 4567s
  2173  1562   32.96337   50 2374   48.00000   32.12393  33.1%  3569 4572s
  2176  1564   32.69958   52 2539   48.00000   32.12393  33.1%  3566 4575s
  2179  1566   32.74719   53 2462   48.00000   32.12393  33.1%  3564 4580s
  2181  1568   33.21115   54 2185   48.00000   32.12393  33.1%  3567 4586s
  2184  1570   32.90388   56 2330   48.00000   32.12393  33.1%  3566 4590s
  2186  1571   32.91757   57 2367   48.00000   32.12393  33.1%  3567 4595s
  2188  1572   32.99553   58 2301   48.00000   32.12393  33.1%  3569 4600s
  2189  1573   33.08237   58 2306   48.00000   32.12393  33.1%  3573 4606s
  2191  1574   33.13000   59 2140   48.00000   32.12393  33.1%  3573 4610s
  2194  1576   33.16232   61 2329   48.00000   32.12393  33.1%  3576 4617s
  2197  1578   33.23390   62 2105   48.00000   32.12393  33.1%  3576 4623s
  2199  1580   33.62749   63 1828   48.00000   32.12393  33.1%  3578 4627s
  2201  1581   33.68046   64 2314   48.00000   32.12393  33.1%  3579 4632s
  2203  1582   33.53969   65 2388   48.00000   32.12393  33.1%  3580 4637s
  2205  1584   33.34323   66 2156   48.00000   32.12393  33.1%  3581 4641s
  2207  1585   33.33706   67 2266   48.00000   32.12393  33.1%  3581 4646s
  2209  1586   33.65923   68 1964   48.00000   32.12393  33.1%  3582 4650s
  2211  1588   33.65954   69 2002   48.00000   32.12393  33.1%  3583 4655s
  2214  1590   33.25112   71 2062   48.00000   32.12393  33.1%  3584 4661s
  2215  1590   33.58704   71 2184   48.00000   32.12393  33.1%  3587 4666s
  2217  1592   33.57271   72 1774   48.00000   32.12393  33.1%  3591 4672s
  2218  1592   33.43396   73 2120   48.00000   32.12393  33.1%  3593 4675s
  2221  1594   33.84197   74 2186   48.00000   32.12393  33.1%  3594 4682s
  2223  1596   33.91901   75 1638   48.00000   32.12393  33.1%  3596 4687s
  2227  1598   33.82067   77 1978   48.00000   32.12393  33.1%  3597 4693s
  2228  1599   33.59095   78 1885   48.00000   32.12393  33.1%  3598 4696s
  2230  1600   33.60444   79 1895   48.00000   32.12393  33.1%  3600 4700s
  2233  1602   34.00301   80 1467   48.00000   32.12393  33.1%  3604 4708s
  2235  1604   33.74736   81 1872   48.00000   32.12393  33.1%  3603 4711s
  2237  1605   33.95983   82 1249   48.00000   32.12393  33.1%  3608 4716s
  2239  1606   33.96928   83 1680   48.00000   32.12393  33.1%  3610 4721s
  2241  1608   34.10266   84 1534   48.00000   32.12393  33.1%  3612 4725s
  2244  1610   33.67176   86 2102   48.00000   32.12393  33.1%  3612 4731s
  2245  1610   34.08536   86 1620   48.00000   32.12393  33.1%  3616 4736s
  2247  1612   33.84221   87 1939   48.00000   32.12393  33.1%  3619 4741s
  2249  1613   33.80796   88 1752   48.00000   32.12393  33.1%  3620 4745s
  2251  1614   34.33790   89 1508   48.00000   32.12393  33.1%  3624 4750s
  2254  1616   33.70472   91 2128   48.00000   32.12393  33.1%  3626 4755s
  2257  1618   33.79935   92 2053   48.00000   32.12393  33.1%  3627 4760s
  2260  1620   33.71117   94 1956   48.00000   32.12393  33.1%  3628 4765s
  2263  1622   34.30050   95 1225   48.00000   32.12393  33.1%  3631 4771s
  2265  1624   34.09234   96 1350   48.00000   32.12393  33.1%  3634 4775s
  2267  1625   34.06948   97 2004   48.00000   32.12393  33.1%  3637 4780s
  2271  1628   34.37934   99 1977   48.00000   32.12393  33.1%  3639 4787s
  2273  1629   34.48336  100 2008   48.00000   32.12393  33.1%  3640 4791s
  2276  1631   33.85869  102 2116   48.00000   32.12393  33.1%  3641 4796s
  2279  1633   33.95211  103 1886   48.00000   32.12393  33.1%  3642 4801s
  2281  1634   34.59636  104 2009   48.00000   32.12393  33.1%  3645 4806s
  2284  1636   33.97338  106 2212   48.00000   32.12393  33.1%  3645 4810s
  2287  1638   34.48517  107 1612   48.00000   32.12393  33.1%  3646 4815s
  2291  1641   34.39167  109 1077   48.00000   32.12393  33.1%  3649 4822s
  2293  1642   34.33428  110 1465   48.00000   32.12393  33.1%  3650 4825s
  2295  1644   34.33497  111 1554   48.00000   32.12393  33.1%  3654 4830s
  2296  1644   34.08573  112 1825   48.00000   32.12393  33.1%  3654 4847s
  2297  1645   34.70000  112 1414   48.00000   32.12393  33.1%  3658 4851s
  2300  1647   34.08957  114 1991   48.00000   32.12393  33.1%  3659 4856s
  2303  1649   34.26668  115 1714   48.00000   32.12393  33.1%  3662 4861s
  2305  1650   34.55169  116 1504   48.00000   32.12393  33.1%  3665 4865s
  2308  1652   34.11444  118 1954   48.00000   32.12393  33.1%  3666 4870s
  2310  1654   34.30817  119 1846   48.00000   32.12393  33.1%  3669 4875s
  2315  1657   34.87037  121 1415   48.00000   32.12393  33.1%  3669 4880s
  2319  1660   34.81608  123 1729   48.00000   32.12393  33.1%  3669 4885s
  2323  1662   34.44478  125 1385   48.00000   32.12393  33.1%  3672 4891s
  2325  1664   34.39710  126 1464   48.00000   32.12393  33.1%  3672 4895s
  2330  1667   34.16667  129  996   48.00000   32.12393  33.1%  3671 4900s
  2335  1670   34.68333  131 1094   48.00000   32.12393  33.1%  3673 4906s
  2338  1672   34.17833  133 1390   48.00000   32.12393  33.1%  3674 4910s
  2341  1674   34.29103  134 1547   48.00000   32.12393  33.1%  3676 4915s
  2346  1678   34.25181  137 1462   48.00000   32.12393  33.1%  3674 4920s
  2349  1680   34.70987  138 1577   48.00000   32.12393  33.1%  3678 4926s
  2352  1682   34.28413  140 1423   48.00000   32.12393  33.1%  3680 4930s
  2355  1684   34.82031  141 1281   48.00000   32.12393  33.1%  3685 4936s
  2358  1686   34.30065  143 1664   48.00000   32.12393  33.1%  3686 4940s
  2361  1688   34.48532  144 1457   48.00000   32.12393  33.1%  3689 4946s
  2365  1690   34.97820  146 1348   48.00000   32.12393  33.1%  3690 4951s
  2368  1692   34.36941  148 1454   48.00000   32.12393  33.1%  3690 4955s
  2371  1694   34.86667  149 1212   48.00000   32.12393  33.1%  3693 4979s
  2372  1695   34.39061  150 1527   48.00000   32.12393  33.1%  3692 4980s
  2378  1699   34.49728  153 1470   48.00000   32.12393  33.1%  3691 4987s
  2380  1700   34.55051  154 1496   48.00000   32.12393  33.1%  3693 4990s
  2383  1702   34.73037  155 1475   48.00000   32.12393  33.1%  3695 4995s
  2389  1706   35.17708  158 1182   48.00000   32.12393  33.1%  3693 5000s
  2393  1709   34.85711  160 1283   48.00000   32.12393  33.1%  3694 5005s
  2396  1711   34.74990  162 1572   48.00000   32.12393  33.1%  3696 5010s
  2400  1714   34.77980  164 1303   48.00000   32.12393  33.1%  3698 5015s
  2405  1717   35.14024  166 1085   48.00000   32.12393  33.1%  3697 5020s
  2409  1720   35.28203  168 1404   48.00000   32.12393  33.1%  3700 5025s
  2414  1723   34.85481  171 1385   48.00000   32.12393  33.1%  3698 5030s
  2418  1726   34.86482  173 1564   48.00000   32.12393  33.1%  3699 5035s
  2423  1729   35.16186  175 1530   48.00000   32.12393  33.1%  3699 5040s
  2429  1733   35.21380  178 1623   48.00000   32.12393  33.1%  3699 5046s
  2435  1737   35.29739  181 1244   48.00000   32.12393  33.1%  3696 5050s
  2441  1741   35.64236  184 1322   48.00000   32.12393  33.1%  3695 5056s
  2446  1744   34.99328  187 1191   48.00000   32.12393  33.1%  3693 5060s
  2451  1748   35.73992  189 1210   48.00000   32.12393  33.1%  3693 5065s
  2456  1751   35.02257  192 1553   48.00000   32.12393  33.1%  3693 5070s
  2459  1753   35.26832  193 1260   48.00000   32.12393  33.1%  3692 5075s
  2464  1756   35.02257  196 1510   48.00000   32.12393  33.1%  3693 5080s
  2469  1760   35.52869  198 1352   48.00000   32.12393  33.1%  3694 5085s
  2475  1764   35.21566  201 1163   48.00000   32.12393  33.1%  3693 5090s
  2483  1769   35.32369  205  878   48.00000   32.12393  33.1%  3690 5095s
  2489  1773   36.17262  208 1095   48.00000   32.12393  33.1%  3687 5100s
  2501  1781   35.93124  214 1058   48.00000   32.12393  33.1%  3676 5105s
  2507  1785   35.82308  217 1138   48.00000   32.12393  33.1%  3675 5110s
  2513  1789   35.90327  220 1017   48.00000   32.12393  33.1%  3673 5116s
  2517  1792   36.07225  222 1111   48.00000   32.12393  33.1%  3673 5120s
  2524  1796   35.50989  226 1007   48.00000   32.12393  33.1%  3671 5125s
  2530  1800   35.50989  229 1039   48.00000   32.12393  33.1%  3670 5130s
  2533  1802   36.01318  230  937   48.00000   32.12393  33.1%  3670 5212s
  2538  1806   35.58312  233 1091   48.00000   32.12393  33.1%  3667 5215s
  2545  1810   36.27716  236 1074   48.00000   32.12393  33.1%  3666 5220s
  2554  1816   36.06229  241 1119   48.00000   32.12393  33.1%  3661 5225s
  2561  1821   35.89628  244  955   48.00000   32.12393  33.1%  3659 5230s
  2583  1836   36.46418  255 1250   48.00000   32.12393  33.1%  3631 5235s
  2591  1841   37.23334  259 1165   48.00000   32.12393  33.1%  3627 5240s
  2596  1844   36.29606  262 1250   48.00000   32.12393  33.1%  3622 5245s
  2601  1848   36.68441  264 1303   48.00000   32.12393  33.1%  3624 5251s
  2606  1851   36.39483  267 1286   48.00000   32.12393  33.1%  3624 5255s
  2613  1856   37.23606  270 1046   48.00000   32.12393  33.1%  3625 5262s
  2618  1859   36.48691  273 1144   48.00000   32.12393  33.1%  3623 5265s
  2622  1862   36.48691  275 1100   48.00000   32.12393  33.1%  3623 5270s
  2629  1866   36.79995  278 1192   48.00000   32.12393  33.1%  3622 5275s
  2637  1872   37.11989  282 1067   48.00000   32.12393  33.1%  3617 5280s
  2646  1878   36.88234  287 1104   48.00000   32.12393  33.1%  3611 5285s
  2657  1885   39.11283  292  986   48.00000   32.12393  33.1%  3604 5290s
  2667  1892   37.81484  297 1024   48.00000   32.12393  33.1%  3598 5295s
  2677  1898   37.46821  302 1188   48.00000   32.12393  33.1%  3592 5300s
  2689  1906   37.96404  308  951   48.00000   32.12393  33.1%  3585 5305s
  2702  1915   37.84136  315  954   48.00000   32.12393  33.1%  3575 5310s
  2714  1923   37.86206  321  946   48.00000   32.12393  33.1%  3567 5315s
  2728  1932   37.88688  328  888   48.00000   32.12393  33.1%  3554 5320s
  2743  1942   38.78906  335  862   48.00000   32.12393  33.1%  3538 5325s
  2756  1951   38.56539  342 1030   48.00000   32.12393  33.1%  3526 5330s
  2772  1962   38.53272  350  934   48.00000   32.12393  33.1%  3513 5335s
  2791  1974   39.13494  359  828   48.00000   32.12393  33.1%  3497 5340s
  2810  1987   38.97549  369  893   48.00000   32.12393  33.1%  3480 5346s
  2819  1993   39.97335  373  938   48.00000   32.12393  33.1%  3475 5350s
  2836  2004   39.81251  382  852   48.00000   32.12393  33.1%  3462 5355s
  2855  2017   40.08281  391  818   48.00000   32.12393  33.1%  3445 5360s
  2872  2028   40.60873  400  695   48.00000   32.12393  33.1%  3427 5365s
  2891  2041   40.77426  409  723   48.00000   32.12393  33.1%  3411 5370s
  2917  2058   42.49281  422  726   48.00000   32.12393  33.1%  3387 5375s
  2936  2071   41.03488  432  684   48.00000   32.12393  33.1%  3368 5380s
  2958  2086   41.39916  443  652   48.00000   32.12393  33.1%  3345 5390s
  2993  2109   41.94075  460  591   48.00000   32.12393  33.1%  3310 5395s
  3009  2120   42.05062  468  575   48.00000   32.12393  33.1%  3294 5400s
  3041  2141   42.06582  484  567   48.00000   32.12393  33.1%  3261 5405s
  3063  2156   42.42856  495  642   48.00000   32.12393  33.1%  3240 5410s
  3087  2172   42.77392  507  532   48.00000   32.12393  33.1%  3221 5415s
  3116  2191   42.63513  522  411   48.00000   32.12393  33.1%  3196 5420s
  3151  2214   43.62846  539  381   48.00000   32.12393  33.1%  3162 5425s
  3188  2239   44.12846  558  429   48.00000   32.12393  33.1%  3127 5430s
  3225  2262   44.93559  576  296   48.00000   32.12393  33.1%  3093 5435s
  3263  2287   45.62847  595  280   48.00000   32.12393  33.1%  3060 5440s
  3305  2315   45.62847  616  248   48.00000   32.12393  33.1%  3023 5445s
  3333  2311   32.29112   31 3079   48.00000   32.12734  33.1%  3002 5459s
  3334  2311   32.61320   32 2824   48.00000   32.12734  33.1%  3006 5467s
  3335  2312   32.32198   32 3009   48.00000   32.12734  33.1%  3007 5470s
  3337  2313   32.32261   33 3175   48.00000   32.12734  33.1%  3006 5475s
  3339  2315   32.32477   34 3105   48.00000   32.12734  33.1%  3007 5480s
  3341  2316   32.72863   35 2770   48.00000   32.12734  33.1%  3008 5488s
  3342  2317   32.40906   36 3141   48.00000   32.12734  33.1%  3009 5491s
  3343  2317   32.46445   36 2753   48.00000   32.12734  33.1%  3010 5495s
  3346  2319   32.41701   38 2900   48.00000   32.12734  33.1%  3010 5500s
  3347  2320   32.59692   38 2757   48.00000   32.12734  33.1%  3013 5507s
  3349  2321   32.46920   39 2712   48.00000   32.12734  33.1%  3013 5510s
  3350  2322   32.54434   40 2422   48.00000   32.12734  33.1%  3014 5515s
  3353  2324   32.97571   41 1896   48.00000   32.12734  33.1%  3016 5523s
  3355  2325   32.88784   42 1858   48.00000   32.12734  33.1%  3017 5527s
  3357  2327   32.74406   43 2200   48.00000   32.12734  33.1%  3018 5532s
  3359  2328   33.01635   44 2035   48.00000   32.12734  33.1%  3018 5536s
  3361  2329   33.15961   45 2161   48.00000   32.12734  33.1%  3020 5541s
  3363  2331   33.18795   46 2075   48.00000   32.12734  33.1%  3023 5547s
  3365  2332   33.86943   47 1729   48.00000   32.12734  33.1%  3025 5552s
  3369  2335   33.26685   49 1713   48.00000   32.12734  33.1%  3024 5556s
  3372  2337   33.26873   51 1397   48.00000   32.12734  33.1%  3024 5560s
  3375  2339   33.51231   52 1539   48.00000   32.12734  33.1%  3027 5566s
  3377  2340   33.67270   53 1655   48.00000   32.12734  33.1%  3028 5570s
  3381  2343   33.63757   55 1773   48.00000   32.12734  33.1%  3029 5576s
  3383  2344   33.72948   56 1769   48.00000   32.12734  33.1%  3030 5580s
  3389  2348   33.76557   59 1709   48.00000   32.12734  33.1%  3031 5587s
  3391  2349   33.67449   60 1572   48.00000   32.12734  33.1%  3031 5590s
  3396  2353   33.59540   63 1729   48.00000   32.12734  33.1%  3029 5595s
  3401  2356   34.21453   65 1464   48.00000   32.12734  33.1%  3031 5601s
  3404  2358   33.65956   67 1666   48.00000   32.12734  33.1%  3029 5605s
  3407  2360   33.81576   68 1718   48.00000   32.12734  33.1%  3032 5610s
  3411  2363   34.39820   70 1646   48.00000   32.12734  33.1%  3032 5616s
  3414  2365   33.85070   72 1916   48.00000   32.12734  33.1%  3033 5620s
  3417  2367   34.18215   73 1733   48.00000   32.12734  33.1%  3035 5626s
  3421  2369   34.13251   75 1580   48.00000   32.12734  33.1%  3037 5632s
  3422  2370   34.06952   76 1911   48.00000   32.12734  33.1%  3038 5635s
  3425  2372   34.61124   77 1540   48.00000   32.12734  33.1%  3040 5640s
  3429  2375   34.70861   79 1526   48.00000   32.12734  33.1%  3042 5647s
  3433  2377   34.28782   81 1845   48.00000   32.12734  33.1%  3041 5651s
  3437  2380   34.84407   83 1490   48.00000   32.12734  33.1%  3043 5656s
  3441  2383   34.87313   85 1200   48.00000   32.12734  33.1%  3044 5660s
  3445  2385   34.72370   87 1450   48.00000   32.12734  33.1%  3045 5665s
  3449  2388   34.43574   89 1294   48.00000   32.12734  33.1%  3048 5672s
  3451  2389   34.67258   90 1400   48.00000   32.12734  33.1%  3051 5676s
  3455  2392   34.65975   92 1333   48.00000   32.12734  33.1%  3050 5680s
  3459  2395   34.73887   94 1491   48.00000   32.12734  33.1%  3050 5685s
  3464  2398   34.68439   97 2023   48.00000   32.12734  33.1%  3051 5690s
  3468  2401   34.70211   99 1819   48.00000   32.12734  33.1%  3052 5695s
  3473  2404   35.38427  101 1421   48.00000   32.12734  33.1%  3053 5701s
  3479  2408   34.87562  104 1361   48.00000   32.12734  33.1%  3051 5705s
  3487  2413   34.79761  108 1622   48.00000   32.12734  33.1%  3048 5710s
  3493  2417   35.16511  111 1440   48.00000   32.12734  33.1%  3048 5716s
  3497  2420   35.39654  113 1553   48.00000   32.12734  33.1%  3048 5720s
  3503  2424   35.03595  116 1450   48.00000   32.12734  33.1%  3046 5725s
  3511  2429   35.34124  120 1328   48.00000   32.12734  33.1%  3045 5731s
  3515  2432   35.42223  122 1417   48.00000   32.12734  33.1%  3044 5735s
  3519  2435   35.79286  124 1596   48.00000   32.12734  33.1%  3044 5740s
  3521  2436   35.59401  125 1142   48.00000   32.12734  33.1%  3047 5745s
  3527  2440   37.12937  128 1116   48.00000   32.12734  33.1%  3047 5751s
  3531  2443   35.59401  130 1011   48.00000   32.12734  33.1%  3047 5756s
  3535  2445   36.84550  132 1390   48.00000   32.12734  33.1%  3048 5761s
  3539  2448   35.54401  134 1112   48.00000   32.12734  33.1%  3047 5766s
  3545  2452   35.69897  137 1467   48.00000   32.12734  33.1%  3045 5770s
  3551  2456   35.77337  140 1211   48.00000   32.12734  33.1%  3045 5776s
  3555  2459   35.76058  142 1113   48.00000   32.12734  33.1%  3049 5783s
  3557  2460   35.85854  143 1133   48.00000   32.12734  33.1%  3049 5785s
  3563  2464   35.54432  146 1219   48.00000   32.12734  33.1%  3052 5793s
  3566  2466   35.27494  148 1228   48.00000   32.12734  33.1%  3051 5796s
  3571  2469   36.12584  150 1219   48.00000   32.12734  33.1%  3050 5800s
  3577  2475   35.49437  153 1078   48.00000   32.12734  33.1%  3051 5805s
  3582  2480   35.40904  156 1329   48.00000   32.12734  33.1%  3051 5810s
  3587  2485   35.93615  158 1193   48.00000   32.12734  33.1%  3052 5815s
  3595  2493   35.91513  162 1408   48.00000   32.12734  33.1%  3050 5820s
  3602  2500   35.48692  166 1237   48.00000   32.12734  33.1%  3050 5825s
  3609  2507   35.90550  169 1184   48.00000   32.12734  33.1%  3049 5830s
  3617  2515   35.84754  173 1178   48.00000   32.12734  33.1%  3050 5836s
  3622  2520   35.50655  176 1082   48.00000   32.12734  33.1%  3048 5840s
  3627  2525   35.93469  178  953   48.00000   32.12734  33.1%  3051 5846s
  3631  2529   35.78177  180 1054   48.00000   32.12734  33.1%  3053 5851s
  3635  2533   35.79378  182 1155   48.00000   32.12734  33.1%  3055 5856s
  3639  2537   36.03428  184 1208   48.00000   32.12734  33.1%  3056 5860s
  3645  2543   36.36554  187 1103   48.00000   32.12734  33.1%  3054 5865s
  3649  2547   35.93421  189  968   48.00000   32.12734  33.1%  3056 5871s
  3653  2551   36.56822  191 1244   48.00000   32.12734  33.1%  3055 5875s
  3661  2559   35.93421  195 1054   48.00000   32.12734  33.1%  3054 5881s
  3667  2565   36.23038  198 1015   48.00000   32.12734  33.1%  3053 5885s
  3673  2571   36.44964  201 1059   48.00000   32.12734  33.1%  3052 5890s
  3679  2577   35.73680  204 1118   48.00000   32.12734  33.1%  3050 5895s
  3687  2585   35.92187  208  866   48.00000   32.12734  33.1%  3047 5900s
  3697  2595   36.73512  213  940   48.00000   32.12734  33.1%  3044 5905s
  3702  2600   36.05070  216  932   48.00000   32.12734  33.1%  3043 5910s
  3713  2611   36.79309  221  984   48.00000   32.12734  33.1%  3039 5915s
  3720  2618   36.82162  225  961   48.00000   32.12734  33.1%  3040 5922s
  3728  2626   36.82164  229  924   48.00000   32.12734  33.1%  3036 5925s
  3736  2634   36.99452  233  986   48.00000   32.12734  33.1%  3034 5932s
  3739  2637   37.88308  234  890   48.00000   32.12734  33.1%  3035 5935s
  3748  2646   37.00129  239 1058   48.00000   32.12734  33.1%  3030 5940s
  3755  2653   37.49673  242  945   48.00000   32.12734  33.1%  3030 5945s
  3761  2659   37.95870  245  990   48.00000   32.12734  33.1%  3029 5950s
  3766  2664   37.86795  248  963   48.00000   32.12734  33.1%  3029 5955s
  3774  2672   37.92495  252  914   48.00000   32.12734  33.1%  3027 5960s
  3781  2679   38.75752  255  802   48.00000   32.12734  33.1%  3026 5965s
  3791  2689   38.54299  260  750   48.00000   32.12734  33.1%  3022 5970s
  3805  2703   38.19787  267  937   48.00000   32.12734  33.1%  3016 5975s
  3813  2711   38.25643  271  762   48.00000   32.12734  33.1%  3012 5980s
  3833  2731   38.21647  281  872   48.00000   32.12734  33.1%  3000 5985s
  3842  2740   38.92562  286  664   48.00000   32.12734  33.1%  2996 5990s
  3856  2754   38.43784  293  781   48.00000   32.12734  33.1%  2991 5995s
  3870  2768   38.43784  300  767   48.00000   32.12734  33.1%  2986 6000s
  3885  2783   39.17529  307  707   48.00000   32.12734  33.1%  2982 6005s
  3899  2797   39.19452  314  657   48.00000   32.12734  33.1%  2975 6010s
  3910  2808   39.27298  320  767   48.00000   32.12734  33.1%  2972 6015s
  3925  2823   39.52734  327  550   48.00000   32.12734  33.1%  2967 6020s
  3935  2833   40.02298  332  517   48.00000   32.12734  33.1%  2963 6025s
  3941  2839   40.02298  335  529   48.00000   32.12734  33.1%  2961 6039s
  3944  2842   39.62577  337  619   48.00000   32.12734  33.1%  2959 6040s
  3966  2864   39.84531  348  593   48.00000   32.12734  33.1%  2945 6057s
  3978  2876   39.96409  354  588   48.00000   32.12734  33.1%  2937 6060s
  3993  2891   41.30476  361  625   48.00000   32.12734  33.1%  2929 6065s
  4005  2903   40.30476  367  585   48.00000   32.12734  33.1%  2921 6070s
  4031  2929   39.99807  380  654   48.00000   32.12734  33.1%  2905 6075s
  4051  2949   40.55126  390  441   48.00000   32.12734  33.1%  2896 6080s
  4076  2974   41.36111  403  503   48.00000   32.12734  33.1%  2882 6086s
  4088  2986   41.35027  409  444   48.00000   32.12734  33.1%  2875 6090s
  4117  3015   41.96355  423  414   48.00000   32.12734  33.1%  2860 6095s
  4139  3037   42.04613  434  539   48.00000   32.12734  33.1%  2850 6100s
  4165  3063   41.48896  447  432   48.00000   32.12734  33.1%  2838 6105s
  4190  3088   41.58793  460  486   48.00000   32.12734  33.1%  2826 6110s
  4214  3112   41.59465  472  490   48.00000   32.12734  33.1%  2815 6115s
  4238  3136   41.60244  484  482   48.00000   32.12734  33.1%  2805 6120s
  4268  3166   42.48703  499  432   48.00000   32.12734  33.1%  2790 6125s
  4289  3187   41.98528  509  433   48.00000   32.12734  33.1%  2780 6130s
  4327  3225   42.62020  528  379   48.00000   32.12734  33.1%  2758 6135s
  4357  3255   43.56636  543  315   48.00000   32.12734  33.1%  2741 6140s
  4397  3295   42.76527  563  357   48.00000   32.12734  33.1%  2718 6145s
  4436  3334   43.41722  583  363   48.00000   32.12734  33.1%  2696 6150s
  4483  3381   46.63350  606  305   48.00000   32.12734  33.1%  2670 6155s
  4534  3431   45.24321  632  234   48.00000   32.12734  33.1%  2642 6160s
  4578  3470   45.30440  654  255   48.00000   32.12734  33.1%  2617 6165s
  4610  3472   32.16488   29 3568   48.00000   32.12991  33.1%  2602 6178s
  4611  3473   32.18738   30 3444   48.00000   32.12991  33.1%  2603 6182s
  4612  3474   32.32346   30 2960   48.00000   32.12991  33.1%  2605 6189s
  4613  3475   32.77222   31 2719   48.00000   32.12991  33.1%  2607 6197s
  4615  3477   32.41975   32 2911   48.00000   32.12991  33.1%  2607 6201s
  4616  3478   32.48271   32 2862   48.00000   32.12991  33.1%  2609 6228s
  4618  3480   32.90294   33 2532   48.00000   32.12991  33.1%  2610 6234s
  4619  3481   33.24595   34 2730   48.00000   32.12991  33.1%  2611 6238s
  4620  3482   32.91312   34 2536   48.00000   32.12991  33.1%  2611 6241s
  4622  3484   33.51574   35 2383   48.00000   32.12991  33.1%  2613 6248s
  4623  3485   33.35361   36 2631   48.00000   32.12991  33.1%  2614 6251s
  4624  3486   33.83104   36 2404   48.00000   32.12991  33.1%  2616 6257s
  4626  3488   33.44879   37 2504   48.00000   32.12991  33.1%  2617 6262s
  4627  3489   33.49179   38 2495   48.00000   32.12991  33.1%  2618 6265s
  4628  3490   33.67885   38 2459   48.00000   32.12991  33.1%  2621 6271s
  4629  3491   33.60424   39 2365   48.00000   32.12991  33.1%  2622 6275s
  4632  3494   33.95713   40 1876   48.00000   32.12991  33.1%  2623 6281s
  4636  3498   33.72356   42 2320   48.00000   32.12991  33.1%  2624 6287s
  4638  3500   33.74533   43 1748   48.00000   32.12991  33.1%  2624 6290s
  4641  3503   33.91494   45 1784   48.00000   32.12991  33.1%  2625 6295s
  4644  3506   34.17544   46 1603   48.00000   32.12991  33.1%  2628 6302s
  4646  3508   34.10942   47 1942   48.00000   32.12991  33.1%  2630 6307s
  4649  3511   34.40391   49 1461   48.00000   32.12991  33.1%  2630 6312s
  4652  3514   34.76778   50 1727   48.00000   32.12991  33.1%  2632 6318s
  4653  3515   34.94669   51 1620   48.00000   32.12991  33.1%  2632 6320s
  4656  3518   34.53105   52 1462   48.00000   32.12991  33.1%  2634 6325s
  4660  3522   35.01132   54 1545   48.00000   32.12991  33.1%  2635 6331s
  4662  3524   35.01132   55 1548   48.00000   32.12991  33.1%  2637 6335s
  4666  3528   34.74318   57 1461   48.00000   32.12991  33.1%  2639 6341s
  4668  3530   34.87657   58 1584   48.00000   32.12991  33.1%  2640 6345s
  4674  3536   35.09019   61 1507   48.00000   32.12991  33.1%  2640 6351s
  4678  3540   34.93003   63 1580   48.00000   32.12991  33.1%  2641 6356s
  4681  3543   34.58663   65 1477   48.00000   32.12991  33.1%  2641 6360s
  4683  3545   34.83933   66 1342   48.00000   32.12991  33.1%  2644 6365s
  4688  3550   35.08994   68 1665   48.00000   32.12991  33.1%  2645 6371s
  4692  3554   34.94661   70 1634   48.00000   32.12991  33.1%  2646 6376s
  4697  3559   34.98229   73 1415   48.00000   32.12991  33.1%  2647 6381s
  4699  3561   34.98401   74 1414   48.00000   32.12991  33.1%  2649 6385s
  4702  3564   35.25411   75 1454   48.00000   32.12991  33.1%  2652 6390s
  4706  3568   35.59878   77 1227   48.00000   32.12991  33.1%  2653 6488s
  4708  3570   35.28411   78 1439   48.00000   32.12991  33.1%  2654 6491s
  4712  3574   36.01808   80 1693   48.00000   32.12991  33.1%  2656 6496s
  4716  3578   35.49073   82 1333   48.00000   32.12991  33.1%  2658 6500s
  4719  3581   35.34103   84 1369   48.00000   32.12991  33.1%  2659 6505s
  4722  3584   35.57719   85 1416   48.00000   32.12991  33.1%  2662 6510s
  4725  3587   35.50057   87 1534   48.00000   32.12991  33.1%  2666 6516s
  4728  3590   35.42334   88 1329   48.00000   32.12991  33.1%  2665 6520s
  4732  3594   35.70386   90 1305   48.00000   32.12991  33.1%  2668 6525s
  4736  3598   36.00849   92 1143   48.00000   32.12991  33.1%  2671 6530s
  4740  3602   35.85212   94 1214   48.00000   32.12991  33.1%  2673 6537s
  4742  3604   35.79865   95 1392   48.00000   32.12991  33.1%  2675 6541s
  4746  3608   35.92506   97 1438   48.00000   32.12991  33.1%  2676 6545s
  4752  3614   35.93807  100 1081   48.00000   32.12991  33.1%  2677 6550s
  4758  3620   36.01547  103 1210   48.00000   32.12991  33.1%  2678 6555s
  4762  3624   36.27549  105 1408   48.00000   32.12991  33.1%  2680 6560s
  4768  3630   36.14871  108 1249   48.00000   32.12991  33.1%  2682 6565s
  4774  3636   35.78125  111 1309   48.00000   32.12991  33.1%  2683 6570s
  4781  3643   35.71915  115 1124   48.00000   32.12991  33.1%  2683 6575s
  4785  3647   35.71915  117 1143   48.00000   32.12991  33.1%  2684 6580s
  4790  3652   36.38581  119 1101   48.00000   32.12991  33.1%  2686 6585s
  4797  3659   35.81310  123 1232   48.00000   32.12991  33.1%  2686 6590s
  4802  3664   35.97487  125 1367   48.00000   32.12991  33.1%  2687 6595s
  4809  3671   35.83100  129 1087   48.00000   32.12991  33.1%  2687 6600s
  4813  3675   35.89712  131 1181   48.00000   32.12991  33.1%  2690 6605s
  4815  3677   36.03515  132 1325   48.00000   32.12991  33.1%  2693 6610s
  4818  3680   36.26924  133 1108   48.00000   32.12991  33.1%  2696 6615s
  4821  3683   36.04586  135 1133   48.00000   32.12991  33.1%  2698 6620s
  4823  3685   36.04586  136 1213   48.00000   32.12991  33.1%  2700 6626s
  4827  3689   36.04586  138 1225   48.00000   32.12991  33.1%  2702 6630s
  4832  3694   36.38581  140  949   48.00000   32.12991  33.1%  2704 6635s
  4836  3698   36.35836  142  998   48.00000   32.12991  33.1%  2704 6640s
  4842  3704   36.45429  145 1166   48.00000   32.12991  33.1%  2705 6645s
  4846  3708   36.15018  147 1381   48.00000   32.12991  33.1%  2706 6650s
  4850  3712   36.35013  149 1219   48.00000   32.12991  33.1%  2708 6655s
  4857  3719   36.18161  153 1112   48.00000   32.12991  33.1%  2708 6660s
  4860  3722   37.49344  154  980   48.00000   32.12991  33.1%  2710 6665s
  4863  3725   36.18161  156 1098   48.00000   32.12991  33.1%  2712 6670s
  4869  3731   36.18969  159 1155   48.00000   32.12991  33.1%  2713 6675s
  4874  3736   36.43981  161 1064   48.00000   32.12991  33.1%  2715 6680s
  4880  3742   36.43951  164 1089   48.00000   32.12991  33.1%  2716 6685s
  4886  3748   36.50190  167 1120   48.00000   32.12991  33.1%  2719 6691s
  4890  3752   36.49329  169 1189   48.00000   32.12991  33.1%  2719 6696s
  4893  3755   36.43981  171  984   48.00000   32.12991  33.1%  2721 6702s
  4895  3757   36.43981  172  894   48.00000   32.12991  33.1%  2724 6706s
  4898  3760   36.48001  173  887   48.00000   32.12991  33.1%  2725 6710s
  4905  3767   36.49679  177 1068   48.00000   32.12991  33.1%  2725 6715s
  4914  3776   37.18756  181  909   48.00000   32.12991  33.1%  2724 6720s
  4924  3786   37.12179  186  937   48.00000   32.12991  33.1%  2722 6738s
  4928  3790   37.16128  188  867   48.00000   32.12991  33.1%  2721 6740s
  4943  3805   37.95651  196  856   48.00000   32.12991  33.1%  2718 6745s
  4950  3812   38.87120  199  898   48.00000   32.12991  33.1%  2717 6750s
  4960  3822   38.11996  204  879   48.00000   32.12991  33.1%  2715 6755s
  4976  3838   38.50574  212  756   48.00000   32.12991  33.1%  2710 6760s
  4985  3847   38.02656  217  798   48.00000   32.12991  33.1%  2708 6765s
  4988  3850   38.20864  218  846   48.00000   32.12991  33.1%  2708 6770s
  4995  3857   38.16792  222  797   48.00000   32.12991  33.1%  2706 6775s
  5004  3866   38.95864  226  689   48.00000   32.12991  33.1%  2705 6780s
  5016  3878   39.16361  232  630   48.00000   32.12991  33.1%  2702 6785s
  5035  3897   38.52112  242  747   48.00000   32.12991  33.1%  2696 6790s
  5053  3915   38.71248  251  659   48.00000   32.12991  33.1%  2689 6795s
  5079  3941   38.78634  264  661   48.00000   32.12991  33.1%  2678 6801s
  5101  3963   40.61349  275  620   48.00000   32.12991  33.1%  2668 6833s
  5109  3971   40.61413  279  595   48.00000   32.12991  33.1%  2665 6835s
  5133  3995   40.88102  291  628   48.00000   32.12991  33.1%  2657 6841s
  5153  4015   41.30822  301  555   48.00000   32.12991  33.1%  2650 6845s
  5187  4049   41.50606  318  551   48.00000   32.12991  33.1%  2635 6850s
  5216  4078   42.30003  332  502   48.00000   32.12991  33.1%  2621 6855s
  5241  4103   42.30003  345  516   48.00000   32.12991  33.1%  2610 6860s
  5268  4130   43.32716  358  501   48.00000   32.12991  33.1%  2599 6865s
  5295  4157   42.51265  372  478   48.00000   32.12991  33.1%  2588 6870s
  5327  4189   44.32586  388  404   48.00000   32.12991  33.1%  2575 6875s
  5356  4218   45.32468  402  335   48.00000   32.12991  33.1%  2563 6880s
  5399  4261   45.37725  424  412   48.00000   32.12991  33.1%  2545 6885s
  5425  4286   45.37725  437  448   48.00000   32.12991  33.1%  2535 6890s
  5457  4318   45.37725  453  337   48.00000   32.12991  33.1%  2523 6895s
  5484  4345   46.24325  466  350   48.00000   32.12991  33.1%  2514 6901s
  5512  4362   46.14592  476  421   48.00000   32.12991  33.1%  2503 6905s
  5530  4360   32.41364   29 3476   48.00000   32.18743  32.9%  2500 6923s
  5531  4361   32.44101   30 3276   48.00000   32.18743  32.9%  2501 6928s
  5532  4362   32.54943   30 3155   48.00000   32.18743  32.9%  2503 6934s
  5533  4363   32.44637   31 3420   48.00000   32.18743  32.9%  2502 6935s
  5534  4364   32.81474   31 3070   48.00000   32.18743  32.9%  2504 6942s
  5535  4365   33.11218   32 2442   48.00000   32.18743  32.9%  2505 6948s
  5537  4367   32.84994   33 3056   48.00000   32.18743  32.9%  2505 6951s
  5538  4368   32.98283   33 2842   48.00000   32.18743  32.9%  2506 6956s
  5539  4369   32.98873   34 2781   48.00000   32.18743  32.9%  2506 6960s
  5540  4370   33.19164   34 2402   48.00000   32.18743  32.9%  2507 6965s
  5542  4372   33.22331   35 2504   48.00000   32.18743  32.9%  2508 6972s
  5544  4374   33.08295   36 2594   48.00000   32.18743  32.9%  2509 6977s
  5546  4376   33.58623   37 1942   48.00000   32.18743  32.9%  2511 6983s
  5547  4377   33.14468   38 2222   48.00000   32.18743  32.9%  2512 6986s
  5548  4378   33.66265   38 2365   48.00000   32.18743  32.9%  2513 6990s
  5550  4380   33.30358   39 2281   48.00000   32.18743  32.9%  2515 6997s
  5552  4382   33.71295   40 1861   48.00000   32.18743  32.9%  2516 7002s
  5554  4384   33.30086   41 2089   48.00000   32.18743  32.9%  2517 7005s
  5557  4387   33.78363   43 2110   48.00000   32.18743  32.9%  2518 7012s
  5559  4389   33.78363   44 2095   48.00000   32.18743  32.9%  2518 7015s
  5562  4392   33.99123   45 2014   48.00000   32.18743  32.9%  2519 7021s
  5566  4396   34.77957   47 1249   48.00000   32.18743  32.9%  2520 7029s
  5567  4397   34.77975   48 1188   48.00000   32.18743  32.9%  2522 7032s
  5568  4398   34.50546   48 1719   48.00000   32.18743  32.9%  2523 7035s
  5572  4402   34.65081   50 1790   48.00000   32.18743  32.9%  2523 7041s
  5576  4406   35.59900   52 1588   48.00000   32.18743  32.9%  2523 7045s
  5582  4412   35.26216   55 1469   48.00000   32.18743  32.9%  2523 7051s
  5584  4414   35.26532   56 1340   48.00000   32.18743  32.9%  2525 7056s
  5588  4418   34.90410   58 1634   48.00000   32.18743  32.9%  2526 7060s
  5593  4423   34.83368   61 1714   48.00000   32.18743  32.9%  2526 7066s
  5595  4425   34.89079   62 1533   48.00000   32.18743  32.9%  2527 7070s
  5599  4429   34.91131   64 1629   48.00000   32.18743  32.9%  2528 7075s
  5602  4432   35.22862   65 1495   48.00000   32.18743  32.9%  2530 7080s
  5608  4438   35.30381   68 1272   48.00000   32.18743  32.9%  2530 7085s
  5611  4441   35.12599   70 1531   48.00000   32.18743  32.9%  2531 7090s
  5616  4446   35.77596   72 1371   48.00000   32.18743  32.9%  2533 7097s
  5618  4448   35.71792   73 1408   48.00000   32.18743  32.9%  2535 7101s
  5620  4450   35.88529   74 1518   48.00000   32.18743  32.9%  2536 7105s
  5625  4455   35.05669   77 1394   48.00000   32.18743  32.9%  2536 7110s
  5629  4459   35.08512   79 1414   48.00000   32.18743  32.9%  2537 7115s
  5634  4464   35.51153   81 1317   48.00000   32.18743  32.9%  2539 7121s
  5638  4468   35.39938   83 1327   48.00000   32.18743  32.9%  2539 7125s
  5644  4474   35.98989   86 1386   48.00000   32.18743  32.9%  2540 7130s
  5648  4478   35.37732   88 1199   48.00000   32.18743  32.9%  2540 7135s
  5653  4483   35.20506   91 1351   48.00000   32.18743  32.9%  2541 7140s
  5660  4490   35.72720   94 1459   48.00000   32.18743  32.9%  2541 7145s
  5666  4496   35.49254   97 1188   48.00000   32.18743  32.9%  2541 7150s
  5672  4502   35.63681  100 1083   48.00000   32.18743  32.9%  2542 7155s
  5676  4506   35.56766  102 1271   48.00000   32.18743  32.9%  2543 7160s
  5684  4514   35.50130  106 1549   48.00000   32.18743  32.9%  2543 7165s
  5692  4522   35.60243  110 1074   48.00000   32.18743  32.9%  2542 7170s
  5698  4528   35.86937  113 1372   48.00000   32.18743  32.9%  2544 7177s
  5701  4531   35.44448  115 1152   48.00000   32.18743  32.9%  2543 7181s
  5704  4534   35.91602  116 1565   48.00000   32.18743  32.9%  2545 7186s
  5708  4538   35.58656  118 1201   48.00000   32.18743  32.9%  2545 7190s
  5714  4544   35.65725  121 1039   48.00000   32.18743  32.9%  2545 7195s

Cutting planes:
  Learned: 31
  Gomory: 1
  Cover: 354
  Implied bound: 134
  Projected implied bound: 1
  Clique: 176
  MIR: 179
  Mixing: 9
  StrongCG: 26
  Flow cover: 736
  GUB cover: 490
  Zero half: 81
  Mod-K: 1
  RLT: 102
  Relax-and-lift: 478
  BQP: 12

Explored 5721 nodes (14874921 simplex iterations) in 7198.76 seconds (11793.25 work units)
Thread count was 1 (of 16 available processors)

Solution count 10: 48 49 49 ... 54

Time limit reached
Best objective 4.800000000000e+01, best bound 3.300000000000e+01, gap 31.2500%

User-callback calls 1103349, time in user-callback 24.09 sec

 sepatime4.0557422848251344e14 1166964 41
48.0
Stat(MathOptInterface.TIME_LIMIT, 48.0, 33.0, 0.3125, 4.0557422848251344e14, 1.248953, 7198.760066986084, 5721, Main.CFLG.LEFPAV, "", #undef)
