Data path: /scratch/opt/lxu/CFLG/benchmarks/random_A
Instance: r_15_0.1_14.txt
Result path: /scratch/opt/lxu/CFLG/results/random_A
Solver: Gurobi
Time limit: 7200
Formulation: EFP
Cover: Small
julia --project=. src/main.jl /scratch/opt/lxu/CFLG/benchmarks/random_A r_15_0.1_14.txt /scratch/opt/lxu/CFLG/results/random_A Gurobi 7200 EFP Small
The latest version of Julia in the `release` channel is 1.11.5+0.x64.linux.gnu. You currently have `1.11.4+0.x64.linux.gnu` installed. Run:

  juliaup update

in your terminal shell to install Julia 1.11.5+0.x64.linux.gnu and update the `release` channel to that version.
/scratch/opt/lxu/CFLG/benchmarks/random_A Gurobi 7200.0 /scratch/opt/lxu/CFLG/results/random_A r_15_0.1_14.txt EFP Small
/scratch/opt/lxu/CFLG/benchmarks/random_A/r_15_0.1_14.txt

 read graph
data loaded


after absorb:10 15

max_piece:18
problem_graph/original graph: node: 61/15 edge: 60/14 dlt: 0.16325254938132508 break_avg_len: 0.1523690460892368 break_max_len: 0.16141142330633407elapsed CPU time: 0.036661 seconds
Set parameter TokenServer to value "solice01.zib.de"
Set parameter Threads to value 1
Set parameter OutputFlag to value 1
Set parameter MIPGap to value 0.0001
Set parameter MIPGapAbs to value 1
Set parameter TimeLimit to value 7199.963339

 more cuts:falsefalse
6 0
formulation:EFP0 60 61

 model loaded

Gurobi Optimizer version 12.0.1 build v12.0.1rc0 (linux64 - "Debian GNU/Linux 12 (bookworm)")

CPU model: Intel(R) Xeon(R) Gold 5122 CPU @ 3.60GHz, instruction set [SSE2|AVX|AVX2|AVX512]
Thread count: 8 physical cores, 16 logical processors, using up to 1 threads

Non-default parameters:
TimeLimit  7199.963339
MIPGapAbs  1
Threads  1

Optimize a model with 1137 rows, 716 columns and 3034 nonzeros
Model fingerprint: 0x672c6a68
Variable types: 181 continuous, 535 integer (535 binary)
Coefficient statistics:
  Matrix range     [8e-02, 1e+00]
  Objective range  [1e+00, 1e+00]
  Bounds range     [1e-01, 2e-01]
  RHS range        [1e-01, 2e+00]
Found heuristic solution: objective 60.0000000
Presolve removed 522 rows and 276 columns
Presolve time: 0.02s
Presolved: 615 rows, 440 columns, 2522 nonzeros
Variable types: 109 continuous, 331 integer (331 binary)

Root relaxation: objective 1.413830e+01, 497 iterations, 0.01 seconds (0.01 work units)

    Nodes    |    Current Node    |     Objective Bounds      |     Work
 Expl Unexpl |  Obj  Depth IntInf | Incumbent    BestBd   Gap | It/Node Time

     0     0   14.13830    0  248   60.00000   14.13830  76.4%     -    0s
H    0     0                      49.0000000   14.13830  71.1%     -    0s
H    0     0                      48.0000000   14.13830  70.5%     -    0s
     0     0   15.99961    0  261   48.00000   15.99961  66.7%     -    0s
H    0     0                      47.0000000   16.09924  65.7%     -    0s
     0     0   19.63680    0  223   47.00000   19.63680  58.2%     -    0s
H    0     0                      33.0000000   19.71465  40.3%     -    0s
H    0     0                      32.0000000   19.71465  38.4%     -    0s
     0     0   19.71465    0  223   32.00000   19.71465  38.4%     -    0s
     0     0   21.25000    0  183   32.00000   21.25000  33.6%     -    0s
H    0     0                      31.0000000   21.50000  30.6%     -    0s
     0     0   21.50000    0  183   31.00000   21.50000  30.6%     -    0s
     0     0   21.50000    0  182   31.00000   21.50000  30.6%     -    0s
     0     0   21.50000    0  182   31.00000   21.50000  30.6%     -    0s
     0     0   21.50000    0  180   31.00000   21.50000  30.6%     -    0s
     0     0   21.50000    0  176   31.00000   21.50000  30.6%     -    0s
     0     0   21.50000    0  161   31.00000   21.50000  30.6%     -    0s
     0     0   21.50000    0  146   31.00000   21.50000  30.6%     -    0s
     0     0   21.50000    0  151   31.00000   21.50000  30.6%     -    0s
     0     0   21.50000    0  139   31.00000   21.50000  30.6%     -    0s
     0     0   21.50000    0  153   31.00000   21.50000  30.6%     -    0s
     0     0   21.50000    0  141   31.00000   21.50000  30.6%     -    0s
H    0     0                      30.0000000   21.50000  28.3%     -    0s
     0     2   21.50000    0  141   30.00000   21.50000  28.3%     -    0s
  3477  2051   25.39217   27  113   30.00000   23.99887  20.0%  26.8    5s
* 6837  3168              51      29.0000000   24.29045  16.2%  25.6    8s
  7867  3664   25.05819   30  110   29.00000   24.40373  15.8%  25.6   10s
 10203  4664   27.25055   38  141   29.00000   24.57263  15.3%  26.1   15s
 12131  5155     cutoff   53        29.00000   25.30978  12.7%  26.5   20s
 16983  5471     cutoff   48        29.00000   26.00000  10.3%  25.4   25s
 21519  5802     cutoff   46        29.00000   26.03582  10.2%  25.0   30s
 26065  6366   28.00000   53   24   29.00000   26.15462  9.81%  24.9   35s
 30997  7963   28.00000   48   78   29.00000   26.27645  9.39%  24.7   40s
 35800  9159     cutoff   58        29.00000   26.41159  8.93%  24.5   45s
 40735 10461   27.33333   41   68   29.00000   26.50000  8.62%  24.2   50s
 45665 11548     cutoff   51        29.00000   26.59386  8.30%  24.2   55s
 50652 12511   28.00000   49   29   29.00000   26.71998  7.86%  24.0   60s
 55431 13408   28.00000   54   34   29.00000   26.83680  7.46%  24.0   65s
 60501 14279     cutoff   44        29.00000   26.93211  7.13%  23.8   70s
 65121 15060   26.99290   41   97   29.00000   26.97129  7.00%  23.8   75s
*68079  1197              51      28.0000000   27.00000  3.57%  23.7   78s

Cutting planes:
  Gomory: 33
  Cover: 140
  Implied bound: 24
  MIR: 152
  Mixing: 1
  StrongCG: 3
  Flow cover: 537
  GUB cover: 15
  Inf proof: 10
  Zero half: 41
  RLT: 45
  Relax-and-lift: 30

Explored 68080 nodes (1617223 simplex iterations) in 78.12 seconds (51.99 work units)
Thread count was 1 (of 16 available processors)

Solution count 10: 28 28 29 ... 49

Optimal solution found (tolerance 1.00e-04)
Best objective 2.800000000000e+01, best bound 2.700000000000e+01, gap 3.5714%

User-callback calls 168455, time in user-callback 0.15 sec

 sepatime0
28.0Stat(MathOptInterface.OPTIMAL, 28.0, 27.000000000000004, 0.03571428571428559, 0.0, 0.036661, 78.12469482421875, 68080, Main.CFLG.EFP, "", #undef)
