Data path: /scratch/opt/lxu/CFLG/benchmarks/Kgroup_B
Instance: K400.9.con.red
Result path: /scratch/opt/lxu/CFLG/results/Kgroup_B
Solver: Gurobi
Time limit: 3600
Formulation: LEVFP
Cover: Small
julia --project=. src/main.jl /scratch/opt/lxu/CFLG/benchmarks/Kgroup_B K400.9.con.red /scratch/opt/lxu/CFLG/results/Kgroup_B Gurobi 3600 LEVFP Small
The latest version of Julia in the `release` channel is 1.11.5+0.x64.linux.gnu. You currently have `1.11.4+0.x64.linux.gnu` installed. Run:

  juliaup update

in your terminal shell to install Julia 1.11.5+0.x64.linux.gnu and update the `release` channel to that version.
/scratch/opt/lxu/CFLG/benchmarks/Kgroup_B Gurobi 3600.0 /scratch/opt/lxu/CFLG/results/Kgroup_B K400.9.con.red LEVFP Small
/scratch/opt/lxu/CFLG/benchmarks/Kgroup_B/K400.9.con.red

 read graph
data loaded


after absorb:210 211

max_piece:24
problem_graph/original graph: node: 328/211 edge: 979/862 dlt: 0.043690673578734594 break_avg_len: 0.15387685648567612 break_max_len: 1.0elapsed CPU time: 0.356893 seconds
Set parameter TokenServer to value "solice01.zib.de"
Set parameter Threads to value 1
Set parameter OutputFlag to value 1
Set parameter MIPGap to value 0.0001
Set parameter MIPGapAbs to value 1
Set parameter TimeLimit to value 3599.643107

 model loaded

Gurobi Optimizer version 12.0.1 build v12.0.1rc0 (linux64 - "Debian GNU/Linux 12 (bookworm)")

CPU model: Intel(R) Xeon(R) Gold 5122 CPU @ 3.60GHz, instruction set [SSE2|AVX|AVX2|AVX512]
Thread count: 8 physical cores, 16 logical processors, using up to 1 threads

Non-default parameters:
TimeLimit  3599.643107
MIPGapAbs  1
Threads  1

Optimize a model with 23405 rows, 11200 columns and 61933 nonzeros
Model fingerprint: 0xb8c5117f
Variable types: 1307 continuous, 9893 integer (9893 binary)
Coefficient statistics:
  Matrix range     [2e-06, 1e+00]
  Objective range  [1e+00, 1e+00]
  Bounds range     [3e-04, 9e-02]
  RHS range        [7e-05, 1e+01]
Presolve removed 11442 rows and 2460 columns
Presolve time: 0.43s
Presolved: 11963 rows, 8740 columns, 58508 nonzeros
Variable types: 1307 continuous, 7433 integer (7433 binary)
Found heuristic solution: objective 2212.0000000
Found heuristic solution: objective 2211.0000000

Root relaxation: objective 1.288448e+03, 2750 iterations, 0.04 seconds (0.03 work units)

    Nodes    |    Current Node    |     Objective Bounds      |     Work
 Expl Unexpl |  Obj  Depth IntInf | Incumbent    BestBd   Gap | It/Node Time

     0     0 1288.44822    0  634 2211.00000 1288.44822  41.7%     -    0s
H    0     0                    2142.0000000 1288.44822  39.8%     -    0s
H    0     0                    2116.0000000 1288.44822  39.1%     -    0s
H    0     0                    2085.0000000 1288.44822  38.2%     -    0s
     0     0 1300.21690    0  815 2085.00000 1300.21690  37.6%     -    1s
H    0     0                    2084.0000000 1300.22975  37.6%     -    1s
H    0     0                    1597.0000000 1300.22975  18.6%     -    1s
H    0     0                    1567.0000000 1300.22975  17.0%     -    1s
     0     0 1303.97814    0  915 1567.00000 1303.97814  16.8%     -    1s
     0     0 1304.84582    0  936 1567.00000 1304.84582  16.7%     -    1s
     0     0 1304.95009    0  940 1567.00000 1304.95009  16.7%     -    1s
     0     0 1304.97577    0  938 1567.00000 1304.97577  16.7%     -    1s
     0     0 1305.10456    0  950 1567.00000 1305.10456  16.7%     -    1s
     0     0 1305.10457    0  973 1567.00000 1305.10457  16.7%     -    1s
     0     0 1319.28172    0  850 1567.00000 1319.28172  15.8%     -    1s
     0     0 1321.26448    0  977 1567.00000 1321.26448  15.7%     -    2s
     0     0 1321.78882    0  997 1567.00000 1321.78882  15.6%     -    2s
     0     0 1322.05115    0 1009 1567.00000 1322.05115  15.6%     -    2s
     0     0 1322.09990    0 1022 1567.00000 1322.09990  15.6%     -    2s
     0     0 1322.10451    0 1021 1567.00000 1322.10451  15.6%     -    2s
     0     0 1331.80477    0  902 1567.00000 1331.80477  15.0%     -    2s
     0     0 1332.30094    0  978 1567.00000 1332.30094  15.0%     -    3s
     0     0 1332.44027    0 1061 1567.00000 1332.44027  15.0%     -    3s
     0     0 1332.51344    0 1088 1567.00000 1332.51344  15.0%     -    3s
     0     0 1332.58257    0 1107 1567.00000 1332.58257  15.0%     -    3s
     0     0 1332.60294    0 1103 1567.00000 1332.60294  15.0%     -    3s
     0     0 1336.97511    0 1024 1567.00000 1336.97511  14.7%     -    3s
     0     0 1337.29308    0 1038 1567.00000 1337.29308  14.7%     -    3s
     0     0 1337.38807    0 1053 1567.00000 1337.38807  14.7%     -    4s
     0     0 1337.43843    0 1083 1567.00000 1337.43843  14.6%     -    4s
     0     0 1337.45879    0 1029 1567.00000 1337.45879  14.6%     -    4s
     0     0 1339.19433    0 1011 1567.00000 1339.19433  14.5%     -    4s
     0     0 1339.46808    0 1096 1567.00000 1339.46808  14.5%     -    4s
     0     0 1339.53178    0 1125 1567.00000 1339.53178  14.5%     -    4s
     0     0 1339.55384    0 1110 1567.00000 1339.55384  14.5%     -    4s
     0     0 1340.73312    0 1128 1567.00000 1340.73312  14.4%     -    5s
     0     0 1340.84998    0 1149 1567.00000 1340.84998  14.4%     -    5s
     0     0 1340.91821    0 1174 1567.00000 1340.91821  14.4%     -    5s
     0     0 1340.92737    0 1202 1567.00000 1340.92737  14.4%     -    5s
     0     0 1341.71603    0 1143 1567.00000 1341.71603  14.4%     -    5s
     0     0 1341.87883    0 1218 1567.00000 1341.87883  14.4%     -    6s
     0     0 1341.94159    0 1220 1567.00000 1341.94159  14.4%     -    6s
     0     0 1341.99077    0 1247 1567.00000 1341.99077  14.4%     -    6s
     0     0 1342.00374    0 1258 1567.00000 1342.00374  14.4%     -    6s
     0     0 1342.47576    0 1199 1567.00000 1342.47576  14.3%     -    6s
H    0     0                    1561.0000000 1342.53715  14.0%     -    6s
H    0     0                    1551.0000000 1342.53715  13.4%     -    6s
H    0     0                    1440.0000000 1342.53715  6.77%     -    7s
     0     0 1342.59790    0 1216 1440.00000 1342.59790  6.76%     -    7s
     0     0 1342.63189    0 1232 1440.00000 1342.63189  6.76%     -    7s
     0     0 1342.78298    0 1241 1440.00000 1342.78298  6.75%     -    7s
     0     0 1342.78934    0 1058 1440.00000 1342.78934  6.75%     -    7s
H    0     0                    1427.0000000 1342.78969  5.90%     -    9s
H    0     0                    1426.0000000 1342.78969  5.84%     -    9s
H    0     0                    1409.0000000 1342.78969  4.70%     -    9s
     0     2 1342.80485    0 1058 1409.00000 1342.80485  4.70%     -   10s
H   78    78                    1406.0000000 1342.87506  4.49%   129   14s
H   78    78                    1405.0000000 1342.87506  4.42%   129   14s
   129   131 1350.69544   88  683 1405.00000 1342.87506  4.42%   109   15s
H  322   321                    1403.0000000 1342.87506  4.29%  69.7   17s
H  349   348                    1402.0000000 1342.87506  4.22%  65.9   17s
   591   587 1380.10920  452  228 1402.00000 1342.87506  4.22%  45.5   20s
   930   902 1374.50602  382  554 1402.00000 1343.01344  4.21%  32.7   25s
   949   915 1363.32039  259 1026 1402.00000 1347.95430  3.85%  32.1   30s
   968   927 1351.11844   97 1131 1402.00000 1351.11844  3.63%  31.4   35s
   974   931 1394.95996  638 1175 1402.00000 1351.85623  3.58%  31.2   40s
   988   941 1387.00000  538 1035 1402.00000 1353.24787  3.48%  30.8   45s
  1003   951 1364.31890  268 1106 1402.00000 1354.15467  3.41%  30.3   50s
  1020   962 1380.01250  438 1360 1402.00000 1354.60435  3.38%  29.8   55s
H 1020   912                    1400.0000000 1354.65494  3.24%  29.8   56s
  1032   920 1389.00000  571 1279 1400.00000 1354.75958  3.23%  29.5   60s
H 1033   873                    1399.0000000 1354.77427  3.16%  29.5   62s
H 1042   833                    1398.0000000 1355.15968  3.06%  29.2   66s
H 1055   797                    1397.0000000 1355.38463  2.98%  28.9   69s
  1057   799 1355.38463  156 1248 1397.00000 1355.38463  2.98%  28.8   70s
  1071   808 1355.41766    5 1373 1397.00000 1355.41766  2.98%  28.4   75s
  1083   816 1381.00000  465 1116 1397.00000 1355.47608  2.97%  28.1   80s
  1098   826 1397.00000  646 1459 1397.00000 1355.53683  2.97%  27.7   85s
  1112   837 1387.00000  544 1058 1397.00000 1355.56528  2.97%   333   90s
  1130   849 1374.50602  382 1097 1397.00000 1355.63856  2.96%   328   96s
  1140   856 1366.97244  311 1114 1397.00000 1355.84578  2.95%   325  100s
  1150   862 1358.87557  198 1128 1397.00000 1355.98606  2.94%   322  105s
  1160   869 1385.00000  482 1114 1397.00000 1356.17569  2.92%   319  110s
  1169   875 1374.58961  381 1106 1397.00000 1356.31999  2.91%   317  115s
  1180   882 1384.00000  520 1112 1397.00000 1356.49406  2.90%   314  120s
  1190   889 1396.00000  644 1226 1397.00000 1356.77356  2.88%   311  126s
  1201   896 1356.93198    5 1561 1397.00000 1356.93198  2.87%   308  130s
  1207   900 1384.00000  506 1338 1397.00000 1357.12150  2.85%   307  135s
  1216   906 1388.00000  562 1391 1397.00000 1357.23352  2.85%   304  140s
  1227   914 1357.32064    2 1415 1397.00000 1357.32064  2.84%   302  145s
  1238   921 1382.75000  477 1469 1397.00000 1357.45624  2.83%   299  150s
  1247   927 1357.56513   75 1407 1397.00000 1357.56513  2.82%   297  155s
  1257   934 1357.67042  156 1386 1397.00000 1357.67042  2.82%   295  160s
  1268   941 1357.79040   97 1475 1397.00000 1357.79040  2.81%   292  165s
  1280   949 1384.00000  520 1505 1397.00000 1357.82614  2.80%   289  171s
H 1282   899                    1396.0000000 1357.82840  2.73%   289  173s
  1290   906 1396.00000  644  607 1396.00000 1357.82960  2.73%   529  175s
  1298   912 1396.00000  646 1265 1396.00000 1357.82960  2.73%   526  180s
  1309   919 1384.18962  511 1377 1396.00000 1357.93513  2.73%   521  185s
  1320   926 1380.01250  438 1395 1396.00000 1358.05100  2.72%   517  190s
  1330   933 1374.50602  382 1379 1396.00000 1358.15150  2.71%   513  196s
  1338   938 1382.75000  477 1527 1396.00000 1358.26970  2.70%   510  200s
  1343   942 1358.33241  117 1414 1396.00000 1358.33241  2.70%   508  205s
  1352   948 1389.00000  584 1456 1396.00000 1358.45824  2.69%   505  212s
  1357   951 1358.49508  156 1369 1396.00000 1358.49508  2.69%   503  215s
  1365   956 1358.54814  143 1436 1396.00000 1358.54814  2.68%   500  220s
  1374   962 1394.95996  638 1414 1396.00000 1358.68046  2.67%   496  226s
  1382   968 1379.18947  423 1462 1396.00000 1358.72228  2.67%   494  230s
  1392   974 1358.81166  120 1440 1396.00000 1358.81166  2.66%   490  235s
  1402   981 1358.86671    8 1538 1396.00000 1358.86671  2.66%   487  240s
  1412   988 1387.00000  544 1674 1396.00000 1358.92514  2.66%   483  245s
  1419   992 1376.31346  401 1658 1396.00000 1358.95093  2.65%   481  250s
  1427   998 1358.98152    2 1690 1396.00000 1358.98152  2.65%   478  255s
  1435  1003 1381.00000  449 1524 1396.00000 1359.03087  2.65%   475  262s
  1439  1006 1375.02369  389 1585 1396.00000 1359.04502  2.65%   474  265s
  1446  1010 1359.08177   22 1698 1396.00000 1359.08177  2.64%   472  270s
  1455  1016 1384.75055  512 1759 1396.00000 1359.09331  2.64%   469  275s
  1466  1025 1361.58612  214 1176 1396.00000 1359.09339  2.64%   671  280s
  1477  1032 1384.00000  526 1524 1396.00000 1359.10904  2.64%   666  285s
  1483  1036 1381.00000  465 1516 1396.00000 1359.12072  2.64%   663  290s
  1488  1039 1387.00000  538 1502 1396.00000 1359.12855  2.64%   661  295s
  1492  1042 1359.13427  120 1483 1396.00000 1359.13427  2.64%   659  300s
  1498  1046 1396.00000  646 1483 1396.00000 1359.15951  2.64%   656  306s
  1505  1051 1396.00000  644 1488 1396.00000 1359.17303  2.64%   653  311s
  1509  1053 1384.18962  511 1624 1396.00000 1359.17800  2.64%   651  315s
  1513  1056 1359.18577   96 1438 1396.00000 1359.18577  2.64%   650  321s
  1514  1057 1359.18577    4 1438 1396.00000 1359.18577  2.64%   649  325s
  1540  1076 1359.45598   59 1277 1396.00000 1359.21078  2.64%   721  330s
  1592  1111 1359.99811   85 1095 1396.00000 1359.21078  2.64%   706  336s
  1620  1129 1361.52930   99 1026 1396.00000 1359.21078  2.64%   697  340s
  1684  1172 1361.98315  131  868 1396.00000 1359.21078  2.64%   681  345s
  1801  1248 1364.51754  190  726 1396.00000 1359.21078  2.64%   649  350s
  1973  1363 1366.83704  276  536 1396.00000 1359.21078  2.64%   606  355s
  2216  1516 1373.47505  398  385 1396.00000 1359.21078  2.64%   550  360s
  2460  1671 1383.19649  521  232 1396.00000 1359.21078  2.64%   498  365s
  2786  1838 1394.96889  668  139 1396.00000 1359.21078  2.64%   442  370s
  2837  1863 1360.11532   70 1126 1396.00000 1359.21078  2.64%   441  375s
  2905  1908 1361.37524  104  902 1396.00000 1359.21078  2.64%   437  380s
  2958  1943 1362.13962  131  842 1396.00000 1359.21078  2.64%   433  386s
  3029  1991 1363.12548  166  704 1396.00000 1359.21078  2.64%   428  390s
  3154  2074 1365.67660  229  641 1396.00000 1359.21078  2.64%   416  395s
  3334  2192 1371.98385  319  466 1396.00000 1359.21078  2.64%   398  400s
H 3515  2254                    1395.0000000 1359.21078  2.57%   380  404s
  3566  2290 1382.91861  435  251 1395.00000 1359.21078  2.57%   375  405s
  3903  2503 1392.11362  603  155 1395.00000 1359.21078  2.57%   344  410s
  3977  2520 1360.48135   60 1066 1395.00000 1359.21078  2.57%   342  415s
  4024  2551 1360.80098   83 1003 1395.00000 1359.21078  2.57%   342  420s
  4100  2602 1362.74767  121  873 1395.00000 1359.21078  2.57%   341  425s
  4272  2716 1367.40423  207  593 1395.00000 1359.21078  2.57%   333  430s
  4325  2752 1368.10799  234  520 1395.00000 1359.21078  2.57%   330  435s
  4614  2972 1380.10685  379  249 1395.00000 1359.21078  2.57%   313  440s
  4924  3272 1392.03242  533  152 1395.00000 1359.21078  2.57%   294  446s
  4993  3313 1359.85119   60 1225 1395.00000 1359.21078  2.57%   293  450s
  5048  3368 1361.93941   87  962 1395.00000 1359.21078  2.57%   293  455s
  5164  3484 1364.59716  145  686 1395.00000 1359.21078  2.57%   291  460s
  5418  3737 1372.40907  272  303 1395.00000 1359.21078  2.57%   282  465s
  5731  4046 1382.11624  428  188 1395.00000 1359.21078  2.57%   268  470s
  5986  4301 1391.00000  556  105 1395.00000 1359.21078  2.57%   257  475s
  6111  4387 1359.79713   61 1127 1395.00000 1359.21078  2.57%   255  481s
  6162  4438 1360.65389   87  952 1395.00000 1359.21078  2.57%   255  485s
  6296  4572 1364.83838  154  666 1395.00000 1359.21078  2.57%   254  490s
  6485  4761 1372.07853  248  434 1395.00000 1359.21078  2.57%   251  495s
  6842  5116 1391.64152  427  170 1395.00000 1359.21078  2.57%   239  500s
  6940  5172 1359.95038   56 1307 1395.00000 1359.22180  2.56%   237  506s
  6979  5211 1360.25720   75 1074 1395.00000 1359.22180  2.56%   238  510s
  7108  5340 1364.64989  140  734 1395.00000 1359.22180  2.56%   237  515s
  7327  5557 1371.78069  249  425 1395.00000 1359.22180  2.56%   233  520s
  7606  5832 1381.47895  388  248 1395.00000 1359.22180  2.56%   226  525s
  7892  6113 1391.80537  532  126 1395.00000 1359.22180  2.56%   218  530s
  7989  6170 1359.93280   66 1101 1395.00000 1359.22224  2.56%   217  535s
  8079  6260 1362.53717  111  877 1395.00000 1359.22224  2.56%   218  540s
  8232  6413 1368.62308  188  573 1395.00000 1359.22224  2.56%   216  546s
  8467  6648 1380.90516  305  287 1395.00000 1359.22224  2.56%   212  550s
  8898  7053 1359.41480   54 1500 1395.00000 1359.22240  2.56%   203  555s
  8958  7113 1360.86720   84 1054 1395.00000 1359.22240  2.56%   203  560s
  9064  7219 1364.88580  137  724 1395.00000 1359.22240  2.56%   203  565s
  9317  7470 1377.16363  263  398 1395.00000 1359.22240  2.56%   200  570s
  9596  7749 1388.57106  402  254 1395.00000 1359.22240  2.56%   195  575s
  9742  7876 1360.77212   72 1045 1395.00000 1359.22260  2.56%   194  580s
  9884  8018 1365.20799  144  570 1395.00000 1359.22260  2.56%   194  585s
 10120  8254 1369.47297  244  540 1395.00000 1359.22260  2.56%   192  590s
 10203  8336 1361.25349  102 1058 1395.00000 1359.22260  2.56%   191  643s
 10206  8338 1370.52014  247  747 1395.00000 1359.22260  2.56%   191  645s
 10213  8343 1368.21852  187 1350 1395.00000 1359.22260  2.56%   191  650s
 10224  8350 1373.59805  253 1457 1395.00000 1359.40129  2.55%   190  655s
 10232  8355 1369.73438  366 1528 1395.00000 1359.47335  2.55%   190  660s
 10236  8358 1369.63496  191 1590 1395.00000 1359.50664  2.54%   190  665s
 10242  8362 1368.51714  216 1457 1395.00000 1359.54577  2.54%   190  671s
 10245  8364 1376.86518  377 1414 1395.00000 1359.56851  2.54%   190  675s
 10250  8367 1393.00000  538 1450 1395.00000 1359.61008  2.54%   190  680s
 10258  8373 1381.64923  388 1662 1395.00000 1359.67172  2.53%   190  685s
 10265  8377 1377.69413  252 1699 1395.00000 1359.72014  2.53%   190  691s
 10271  8381 1393.00000  544 1680 1395.00000 1359.75684  2.53%   189  695s
 10276  8385 1360.69248   89 1713 1395.00000 1359.81634  2.52%   189  700s
 10282  8389 1393.09508  613 1490 1395.00000 1359.85347  2.52%   189  706s
 10286  8391 1385.08235  412 1482 1395.00000 1359.87991  2.52%   189  710s
 10296  8398 1382.74233  322 1733 1395.00000 1359.90683  2.52%   189  715s
 10300  8401 1374.44477  231 1465 1395.00000 1359.92745  2.51%   189  721s
 10304  8403 1392.64152  450 1676 1395.00000 1359.94523  2.51%   189  725s
 10311  8408 1391.00000  604 1477 1395.00000 1359.99726  2.51%   189  731s
 10315  8411 1391.14152  424 1453 1395.00000 1360.02367  2.51%   189  736s
 10320  8414 1384.11109  443 1450 1395.00000 1360.07937  2.50%   189  740s
 10330  8421 1360.42431   75 1716 1395.00000 1360.11066  2.50%   188  745s
 10335  8424 1369.03619  237 1549 1395.00000 1360.12729  2.50%   188  751s
 10340  8427 1380.91439  301 1697 1395.00000 1360.13597  2.50%   188  755s
 10345  8431 1376.86518  377 1589 1395.00000 1360.15774  2.50%   188  762s
 10347  8432 1387.07292  485 1527 1395.00000 1360.15979  2.50%   188  765s
 10352  8435 1385.05840  464 1570 1395.00000 1360.17568  2.50%   188  770s
 10359  8440 1389.02831  478 1804 1395.00000 1360.18974  2.50%   188  775s
 10364  8443 1360.21976   65 1602 1395.00000 1360.21976  2.49%   188  781s
 10367  8445 1376.81559  278 1563 1395.00000 1360.23412  2.49%   188  785s
 10372  8449 1388.05651  526 1735 1395.00000 1360.26917  2.49%   188  790s
 10378  8453 1365.44139  171 1815 1395.00000 1360.28791  2.49%   188  795s
 10382  8455 1393.09508  613 1691 1395.00000 1360.29441  2.49%   187  800s
 10385  8457 1363.05237  166 1629 1395.00000 1360.30994  2.49%   187  805s
 10392  8462 1389.11998  427 1802 1395.00000 1360.32057  2.49%   187  810s
 10395  8464 1377.32349  377 1611 1395.00000 1360.34277  2.48%   187  816s
 10400  8467 1374.44477  231 1642 1395.00000 1360.35940  2.48%   187  820s
 10405  8471 1374.17883  356 1854 1395.00000 1360.37324  2.48%   187  826s
 10408  8473 1368.69344  335 1658 1395.00000 1360.38661  2.48%   187  831s
 10410  8474 1381.47528  294 1635 1395.00000 1360.38661  2.48%   187  835s
 10416  8478 1382.33561  440 1760 1395.00000 1360.41982  2.48%   187  840s
 10420  8481 1384.11109  443 1835 1395.00000 1360.43080  2.48%   187  845s
 10425  8484 1371.72358  383 1678 1395.00000 1360.45171  2.48%   187  851s
 10430  8487 1360.45735   75 1810 1395.00000 1360.45735  2.48%   187  855s
 10435  8491 1369.03619  237 1895 1395.00000 1360.46821  2.48%   187  860s
 10438  8493 1360.47104   63 1711 1395.00000 1360.47104  2.48%   186  868s
 10440  8494 1380.91439  301 1696 1395.00000 1360.48112  2.47%   186  871s
 10443  8496 1362.90185  154 1696 1395.00000 1360.48112  2.47%   186  875s
 10448  8499 1369.72838  287 1881 1395.00000 1360.51429  2.47%   186  880s
 10453  8503 1385.14139  355 1917 1395.00000 1360.52957  2.47%   186  885s
 10457  8505 1369.35917  278 1787 1395.00000 1360.53896  2.47%   186  891s
 10460  8507 1387.00000  372 1727 1395.00000 1360.54369  2.47%   186  896s
 10464  8510 1360.55310   65 1803 1395.00000 1360.55310  2.47%   186  900s
 10469  8513 1390.28902  478 1674 1395.00000 1360.56769  2.47%   186  906s
 10472  8515 1388.05651  526 1700 1395.00000 1360.57650  2.47%   186  910s
 10478  8519 1365.44139  171 1856 1395.00000 1360.59591  2.47%   186  916s
 10481  8521 1369.37730  235 1709 1395.00000 1360.60196  2.47%   186  921s
 10484  8523 1389.05126  528 1738 1395.00000 1360.60661  2.47%   186  925s
 10489  8527 1393.00000  567 1925 1395.00000 1360.61171  2.47%   186  930s
 10492  8529 1389.11998  427 1718 1395.00000 1360.61703  2.46%   186  936s
 10496  8531 1382.74233  322 1881 1395.00000 1360.61997  2.46%   185  941s
 10499  8533 1369.06167  341 1745 1395.00000 1360.62476  2.46%   185  946s
 10501  8535 1372.47888  280 1756 1395.00000 1360.63162  2.46%   185  951s
 10504  8537 1392.64152  450 1757 1395.00000 1360.63696  2.46%   185  955s
 10509  8540 1378.76827  399 1908 1395.00000 1360.64662  2.46%   185  960s
 10514  8543 1364.85455  153 1939 1395.00000 1360.66188  2.46%   185  965s
 10519  8547 1383.81517  331 1803 1395.00000 1360.68235  2.46%   185  971s
 10523  8549 1372.93369  334 1774 1395.00000 1360.69552  2.46%   185  975s
 10528  8553 1387.60594  453 1885 1395.00000 1360.70684  2.46%   185  980s
 10533  8556 1364.69801  150 1890 1395.00000 1360.71760  2.46%   185  985s
 10537  8559 1368.10250  231 1789 1395.00000 1360.73448  2.46%   185  991s
 10539  8560 1360.73640   76 1771 1395.00000 1360.73640  2.46%   185  995s
 10543  8563 1362.90185  154 1745 1395.00000 1360.73895  2.46%   185 1001s
 10545  8564 1376.86518  377 1807 1395.00000 1360.74257  2.46%   185 1005s
 10550  8567 1393.00000  538 1941 1395.00000 1360.74980  2.46%   184 1010s
 10554  8570 1384.56086  417 1814 1395.00000 1360.75696  2.45%   184 1016s
 10557  8572 1369.35917  278 1899 1395.00000 1360.75890  2.45%   184 1020s
 10561  8575 1367.93625  298 1808 1395.00000 1360.76570  2.45%   184 1027s
 10563  8576 1367.54191  285 1798 1395.00000 1360.76952  2.45%   184 1030s
 10572  8583 1388.05651  526 1103 1395.00000 1360.77058  2.45%   250 1035s
 10579  8588 1385.64761  426 1481 1395.00000 1360.77058  2.45%   250 1040s
 10586  8593 1385.08235  412 1588 1395.00000 1360.78038  2.45%   250 1045s
 10591  8596 1385.64456  413 1722 1395.00000 1360.78863  2.45%   250 1051s
 10594  8598 1385.64761  424 1650 1395.00000 1360.79871  2.45%   250 1057s
 10597  8600 1373.80673  308 1604 1395.00000 1360.80198  2.45%   250 1061s
 10599  8601 1369.06167  341 1622 1395.00000 1360.80707  2.45%   250 1065s
 10602  8603 1379.64793  486 1750 1395.00000 1360.81102  2.45%   250 1071s
 10605  8605 1374.17883  356 1740 1395.00000 1360.83072  2.45%   250 1075s
 10609  8608 1378.76827  399 1583 1395.00000 1360.85075  2.45%   249 1081s
 10611  8609 1391.00000  604 1582 1395.00000 1360.85656  2.45%   249 1086s
 10613  8611 1368.21852  187 1585 1395.00000 1360.85751  2.45%   249 1090s
 10616  8613 1382.33561  440 1786 1395.00000 1360.85751  2.45%   249 1095s
 10619  8615 1383.81517  331 1608 1395.00000 1360.86854  2.45%   249 1101s
 10623  8617 1372.93369  334 1736 1395.00000 1360.87475  2.45%   249 1106s
 10626  8619 1389.11998  426 1643 1395.00000 1360.88304  2.45%   249 1111s
 10630  8622 1360.88493   75 1790 1395.00000 1360.88493  2.45%   249 1115s
 10634  8625 1372.70153  269 1632 1395.00000 1360.89998  2.44%   249 1121s
 10637  8627 1368.10250  231 1675 1395.00000 1360.90731  2.44%   249 1125s
 10639  8628 1360.90731   76 1682 1395.00000 1360.90731  2.44%   249 1130s
 10643  8631 1362.90185  154 1679 1395.00000 1360.90954  2.44%   249 1136s
 10646  8633 1376.11278  334 1821 1395.00000 1360.91384  2.44%   249 1141s
 10649  8635 1385.87409  477 1687 1395.00000 1360.91513  2.44%   249 1146s
 10652  8637 1385.05840  464 1842 1395.00000 1360.91513  2.44%   248 1150s
 10655  8639 1369.21088  351 1717 1395.00000 1360.91513  2.44%   248 1156s
 10658  8641 1381.64923  388 1855 1395.00000 1360.91872  2.44%   248 1160s
 10661  8643 1367.93625  298 1733 1395.00000 1360.92144  2.44%   248 1166s
 10663  8644 1367.54191  285 1722 1395.00000 1360.92146  2.44%   248 1170s
 10667  8647 1376.81559  278 1746 1395.00000 1360.92523  2.44%   248 1176s
 10669  8648 1390.28902  478 1774 1395.00000 1360.92813  2.44%   248 1180s
 10672  8650 1388.05651  526 1862 1395.00000 1360.93024  2.44%   248 1185s
 10675  8652 1393.00000  540 1839 1395.00000 1360.93372  2.44%   248 1191s
 10678  8654 1365.44139  171 1853 1395.00000 1360.93530  2.44%   248 1195s
 10682  8657 1393.09508  613 1731 1395.00000 1360.94337  2.44%   248 1201s
 10686  8659 1385.08235  412 1725 1395.00000 1360.94543  2.44%   248 1205s
 10690  8662 1378.91371  392 1932 1395.00000 1360.95535  2.44%   248 1210s
 10695  8665 1377.32349  377 1731 1395.00000 1360.98119  2.44%   247 1216s
 10700  8669 1374.44477  231 1908 1395.00000 1360.98769  2.44%   247 1221s
 10703  8671 1361.25349  102 1766 1395.00000 1360.99031  2.44%   247 1227s
 10705  8672 1374.17883  356 1810 1395.00000 1360.99315  2.44%   247 1230s
 10707  8673 1366.29569  162 1804 1395.00000 1360.99731  2.44%   247 1251s
 10710  8675 1381.47528  294 1944 1395.00000 1361.00061  2.44%   247 1256s
 10713  8677 1368.21852  187 1802 1395.00000 1361.00434  2.44%   247 1261s
 10716  8679 1382.33561  440 1845 1395.00000 1361.00548  2.44%   247 1265s
 10721  8683 1361.07281   98 1750 1395.00000 1361.01602  2.44%   247 1271s
 10724  8685 1373.59805  253 1830 1395.00000 1361.01602  2.44%   247 1275s
 10727  8687 1375.85100  242 1972 1395.00000 1361.02109  2.44%   247 1280s
 10730  8689 1361.02622   75 1771 1395.00000 1361.02622  2.44%   247 1286s
 10733  8691 1364.69801  150 1938 1395.00000 1361.02847  2.44%   247 1290s
 10736  8693 1369.63496  191 1817 1395.00000 1361.02854  2.44%   246 1295s
 10739  8695 1361.03379   76 1969 1395.00000 1361.03379  2.43%   246 1300s
 10742  8697 1368.51714  216 1822 1395.00000 1361.03436  2.43%   246 1306s
 10745  8699 1376.86518  377 1916 1395.00000 1361.03505  2.43%   246 1310s
 10749  8701 1385.87409  477 1814 1395.00000 1361.04141  2.43%   246 1316s
 10752  8703 1385.05840  464 1841 1395.00000 1361.04868  2.43%   246 1320s
 10755  8705 1369.21088  351 1948 1395.00000 1361.04868  2.43%   246 1325s
 10758  8707 1381.64923  388 1799 1395.00000 1361.04868  2.43%   246 1331s
 10761  8709 1367.93625  298 1936 1395.00000 1361.04868  2.43%   246 1336s
 10765  8712 1377.69413  252 1764 1395.00000 1361.06494  2.43%   246 1341s
 10768  8714 1385.32791  340 1800 1395.00000 1361.06858  2.43%   246 1345s
 10772  8717 1388.05651  526 1973 1395.00000 1361.07098  2.43%   246 1350s
 10775  8719 1393.00000  540 1802 1395.00000 1361.07847  2.43%   246 1355s
 10779  8721 1385.64761  426 1984 1395.00000 1361.08239  2.43%   246 1361s
 10783  8724 1380.94694  373 1823 1395.00000 1361.12287  2.43%   245 1367s
 10785  8725 1363.05237  166 1827 1395.00000 1361.12427  2.43%   245 1370s
 10788  8727 1375.48923  331 1963 1395.00000 1361.12781  2.43%   245 1375s
 10791  8729 1385.64456  413 1791 1395.00000 1361.13828  2.43%   245 1381s
 10793  8731 1392.64761  514 1814 1395.00000 1361.14528  2.43%   245 1385s
 10798  8734 1394.00000  651 1925 1395.00000 1361.15296  2.43%   245 1391s
 10801  8736 1372.47888  280 2007 1395.00000 1361.15747  2.43%   245 1395s
 10805  8739 1374.17883  356 1800 1395.00000 1361.16431  2.43%   245 1400s
 10808  8741 1368.69344  335 1903 1395.00000 1361.17167  2.42%   245 1405s
 10811  8743 1391.00000  604 1792 1395.00000 1361.18172  2.42%   245 1411s
 10814  8745 1364.85455  153 1797 1395.00000 1361.18621  2.42%   245 1416s
 10815  8745 1391.14152  424 1797 1395.00000 1361.18621  2.42%   245 1422s
 10822  8752 1361.23689   68 1618 1395.00000 1361.18955  2.42%   300 1425s
 10840  8764 1361.58347   77 1375 1395.00000 1361.18955  2.42%   301 1430s
 10859  8777 1361.97352   86 1193 1395.00000 1361.18955  2.42%   301 1435s
 10876  8788 1362.00804   95 1176 1395.00000 1361.18955  2.42%   301 1440s
 10895  8801 1362.68614  104 1099 1395.00000 1361.18955  2.42%   301 1445s
 10919  8817 1362.66401  116  990 1395.00000 1361.18955  2.42%   302 1451s
 10938  8829 1362.87810  126  895 1395.00000 1361.18955  2.42%   302 1455s
 10971  8851 1364.36835  142  819 1395.00000 1361.18955  2.42%   302 1461s
 10997  8869 1364.61514  155  780 1395.00000 1361.18955  2.42%   301 1465s
 11047  8902 1366.65573  180  594 1395.00000 1361.18955  2.42%   301 1470s
 11134  8960 1368.94602  224  508 1395.00000 1361.18955  2.42%   299 1475s
 11283  9057 1377.22088  298  361 1395.00000 1361.18955  2.42%   296 1480s
 11478  9185 1383.00000  396  196 1395.00000 1361.18955  2.42%   291 1485s
 11675  9317 1388.00000  494  145 1395.00000 1361.18955  2.42%   287 1490s
 11805  9403 1391.00000  559  118 1395.00000 1361.18955  2.42%   284 1497s
 11910  9419 1361.19811   68 1624 1395.00000 1361.18955  2.42%   282 1500s
 11928  9431 1361.64659   77 1397 1395.00000 1361.18955  2.42%   282 1505s
 11951  9447 1362.50640   89 1141 1395.00000 1361.18955  2.42%   282 1510s
 11967  9457 1362.82290   97  966 1395.00000 1361.18955  2.42%   282 1515s
 11990  9473 1363.60735  108  848 1395.00000 1361.18955  2.42%   282 1540s
 12033  9501 1364.89576  130  735 1395.00000 1361.18955  2.42%   282 1545s
 12129  9565 1367.22110  178  571 1395.00000 1361.18955  2.42%   281 1550s
 12252  9647 1370.23788  239  413 1395.00000 1361.18955  2.42%   279 1555s
 12413  9755 1376.04684  320  299 1395.00000 1361.18955  2.42%   277 1560s
 12602  9881 1384.87364  414  223 1395.00000 1361.18955  2.42%   273 1565s
 12788 10004 1392.60972  507  147 1395.00000 1361.18955  2.42%   269 1570s
 12884  9997 1361.45788   70 1650 1395.00000 1361.20272  2.42%   268 1575s
 12902 10009 1362.04103   79 1360 1395.00000 1361.20272  2.42%   268 1580s
 12922 10022 1363.03868   89 1219 1395.00000 1361.20272  2.42%   268 1585s
 12948 10039 1363.37357  102 1094 1395.00000 1361.20272  2.42%   268 1590s
 12968 10053 1363.99367  112  979 1395.00000 1361.20272  2.42%   268 1595s
 12997 10072 1363.89106  127 1030 1395.00000 1361.20272  2.42%   268 1600s
 13026 10091 1364.83095  141  906 1395.00000 1361.20272  2.42%   268 1605s
 13072 10122 1365.72277  164  815 1395.00000 1361.20272  2.42%   268 1610s
 13148 10173 1368.67787  202  581 1395.00000 1361.20272  2.42%   268 1615s
 13272 10255 1371.68070  264  378 1395.00000 1361.20272  2.42%   266 1620s
 13443 10369 1376.66306  350  289 1395.00000 1361.20272  2.42%   263 1625s
 13643 10501 1389.00000  451  166 1395.00000 1361.20272  2.42%   260 1630s
 13790 10566 1361.24264   69 1747 1395.00000 1361.20302  2.42%   258 1635s
 13804 10575 1361.70863   76 1449 1395.00000 1361.20302  2.42%   258 1640s
 13826 10590 1362.84226   87 1203 1395.00000 1361.20302  2.42%   258 1645s
 13861 10613 1363.61539  105  995 1395.00000 1361.20302  2.42%   258 1650s
 13900 10639 1365.19672  124  870 1395.00000 1361.20302  2.42%   258 1655s
 13960 10679 1366.01295  154  719 1395.00000 1361.20302  2.42%   258 1660s
 14056 10743 1369.85577  202  471 1395.00000 1361.20302  2.42%   257 1665s
 14203 10840 1375.04670  276  322 1395.00000 1361.20302  2.42%   255 1670s
 14401 10971 1382.93835  375  246 1395.00000 1361.20302  2.42%   252 1675s
 14619 11115 1388.04782  484  153 1395.00000 1361.20302  2.42%   249 1680s
 14802 11191 1361.27264   69 1796 1395.00000 1361.21543  2.42%   246 1685s
 14817 11201 1361.61508   77 1473 1395.00000 1361.21543  2.42%   246 1690s
 14836 11214 1362.11660   86 1381 1395.00000 1361.21543  2.42%   247 1695s
 14854 11226 1362.61653   95 1157 1395.00000 1361.21543  2.42%   247 1700s
 14880 11243 1363.47504  108 1057 1395.00000 1361.21543  2.42%   247 1705s
 14912 11265 1363.93095  124  965 1395.00000 1361.21543  2.42%   247 1710s
 14958 11295 1365.82726  147  812 1395.00000 1361.21543  2.42%   247 1715s
 15019 11336 1367.94741  178  722 1395.00000 1361.21543  2.42%   247 1720s
 15094 11386 1369.34817  215  557 1395.00000 1361.21543  2.42%   246 1725s
 15228 11475 1377.33645  282  293 1395.00000 1361.21543  2.42%   245 1730s
 15393 11584 1385.11600  365  214 1395.00000 1361.21543  2.42%   243 1735s
 15553 11661 1361.28524   70 1826 1395.00000 1361.21546  2.42%   241 1740s
 15569 11672 1361.69926   78 1577 1395.00000 1361.21546  2.42%   241 1745s
 15587 11684 1362.91934   87 1372 1395.00000 1361.21546  2.42%   241 1750s
 15609 11698 1362.92203   98 1267 1395.00000 1361.21546  2.42%   241 1755s
 15636 11716 1363.80428  112 1183 1395.00000 1361.21546  2.42%   241 1760s
 15667 11737 1365.53724  127  918 1395.00000 1361.21546  2.42%   242 1765s
 15717 11770 1367.64958  152  804 1395.00000 1361.21546  2.42%   242 1770s
 15763 11801 1369.38166  175  669 1395.00000 1361.21546  2.42%   241 1775s
 15852 11860 1372.12360  220  522 1395.00000 1361.21546  2.42%   241 1780s
 15903 11894 1373.58733  245  479 1395.00000 1361.21546  2.42%   241 1785s
 15939 11918 1376.61275  263  442 1395.00000 1361.21546  2.42%   240 1790s
 16066 12003 1380.75073  327  321 1395.00000 1361.21546  2.42%   239 1795s
 16279 12106 1361.24657   70 1857 1395.00000 1361.24657  2.42%   236 1800s
 16293 12115 1361.72839   77 1442 1395.00000 1361.24659  2.42%   236 1805s
 16304 12123 1362.61861   83 1278 1395.00000 1361.24659  2.42%   237 1810s
 16329 12139 1363.46423   95 1166 1395.00000 1361.24659  2.42%   237 1815s
 16365 12163 1364.96495  113  858 1395.00000 1361.24659  2.42%   237 1820s
 16415 12197 1365.64875  138  861 1395.00000 1361.24659  2.42%   237 1825s
 16485 12243 1368.23543  173  732 1395.00000 1361.24659  2.42%   237 1830s
H16530 11810                    1394.0000000 1361.24659  2.35%   236 1859s
 16531 11813 1371.39266  196  594 1394.00000 1361.24659  2.35%   236 1860s
 16649 11892 1374.93717  255  428 1394.00000 1361.24659  2.35%   236 1865s
 16803 11994 1381.12804  332  261 1394.00000 1361.24659  2.35%   234 1870s
 16979 12112 1386.15728  420  196 1394.00000 1361.24659  2.35%   232 1875s
 17112 12152 1361.49215   71 1692 1394.00000 1361.24675  2.35%   230 1880s
 17131 12165 1362.51009   81 1292 1394.00000 1361.24675  2.35%   231 1885s
 17153 12180 1363.25840   92 1146 1394.00000 1361.24675  2.35%   231 1890s
 17192 12206 1364.47862  111  936 1394.00000 1361.24675  2.35%   231 1895s
 17245 12241 1366.88100  138  866 1394.00000 1361.24675  2.35%   231 1900s
 17338 12303 1370.36369  184  530 1394.00000 1361.24675  2.35%   230 1905s
 17504 12414 1376.38026  267  255 1394.00000 1361.24675  2.35%   229 1910s
 17749 12577 1386.58058  390  160 1394.00000 1361.24675  2.35%   226 1915s
 17923 12655 1361.72001   73 1656 1394.00000 1361.24842  2.35%   225 1920s
 17936 12664 1362.77755   85 1247 1394.00000 1361.24842  2.35%   225 1925s
 17949 12672 1363.88289   97 1051 1394.00000 1361.24842  2.35%   225 1930s
 17984 12696 1366.32489  125  868 1394.00000 1361.24842  2.35%   225 1935s
 18031 12727 1367.73654  144  792 1394.00000 1361.24842  2.35%   225 1940s
 18092 12768 1369.56921  174  669 1394.00000 1361.24842  2.35%   225 1945s
 18228 12858 1373.37347  228  481 1394.00000 1361.24842  2.35%   224 1950s
 18471 13020 1379.53780  337  304 1394.00000 1361.24842  2.35%   222 1955s
 18770 13220 1388.50163  439  215 1394.00000 1361.24842  2.35%   219 1960s
 18872 13265 1361.86083   82 1478 1394.00000 1361.24920  2.35%   218 1965s
 18894 13279 1362.71103   95 1097 1394.00000 1361.24920  2.35%   218 1970s
 18943 13312 1364.54767  128  851 1394.00000 1361.24920  2.35%   218 1975s
 19012 13358 1366.81762  154  661 1394.00000 1361.24920  2.35%   218 1980s
 19119 13429 1370.20321  204  584 1394.00000 1361.24920  2.35%   218 1985s
 19361 13591 1375.08134  261  372 1394.00000 1361.24920  2.35%   216 1990s
 19524 13699 1378.28757  319  328 1394.00000 1361.24920  2.35%   215 1995s
 19794 13879 1384.61185  385  249 1394.00000 1361.24920  2.35%   213 2000s
 20145 14113 1391.53332  478  171 1394.00000 1361.24920  2.35%   209 2005s
 20242 14124 1362.07589   75 1584 1394.00000 1361.25095  2.35%   209 2010s
 20259 14135 1362.88885   87 1243 1394.00000 1361.25095  2.35%   209 2015s
 20296 14160 1364.83538  113  902 1394.00000 1361.25095  2.35%   209 2020s
 20388 14221 1367.46146  160  672 1394.00000 1361.25095  2.35%   209 2025s
 20545 14326 1372.39447  229  447 1394.00000 1361.25095  2.35%   208 2030s
 20793 14491 1377.13580  302  367 1394.00000 1361.25095  2.35%   207 2035s
 21085 14686 1384.53028  394  236 1394.00000 1361.25095  2.35%   205 2040s
 21414 14858 1392.78680  473  186 1394.00000 1361.25095  2.35%   202 2045s
 21432 14858 1362.41909   83 1360 1394.00000 1361.25102  2.35%   202 2050s
 21458 14876 1363.30759   98 1107 1394.00000 1361.25102  2.35%   202 2055s
 21513 14912 1364.56292  126  987 1394.00000 1361.25102  2.35%   203 2060s
 21587 14962 1366.69203  161  784 1394.00000 1361.25102  2.35%   203 2065s
 21720 15050 1368.73007  196  663 1394.00000 1361.25102  2.35%   202 2070s
 21934 15193 1373.68602  273  440 1394.00000 1361.25102  2.35%   201 2075s
 22254 15406 1383.69612  372  238 1394.00000 1361.25102  2.35%   199 2080s
 22678 15661 1361.66410   73 1875 1394.00000 1361.25114  2.35%   196 2086s
 22691 15670 1362.55046   85 1219 1394.00000 1361.25114  2.35%   196 2090s
 22749 15708 1365.28728  118  903 1394.00000 1361.25114  2.35%   197 2095s
 22860 15782 1368.93537  168  635 1394.00000 1361.25114  2.35%   196 2100s
 23069 15922 1373.69479  253  472 1394.00000 1361.25114  2.35%   195 2105s
 23376 16124 1384.85229  347  366 1394.00000 1361.25114  2.35%   193 2110s
 23732 16316 1361.31518   74 1724 1394.00000 1361.25786  2.35%   191 2115s
 23761 16335 1362.97133   97 1128 1394.00000 1361.25786  2.35%   191 2120s
 23803 16363 1365.84109  119  956 1394.00000 1361.25786  2.35%   191 2125s
 23900 16428 1368.60123  159  756 1394.00000 1361.25786  2.35%   191 2130s
 24008 16500 1371.34743  203  567 1394.00000 1361.25786  2.35%   191 2135s
 24251 16662 1376.91416  285  371 1394.00000 1361.25786  2.35%   190 2140s
 24629 16911 1386.31735  402  186 1394.00000 1361.25786  2.35%   187 2145s
 24822 17025 1361.78809   79 1501 1394.00000 1361.25945  2.35%   186 2150s
 24846 17041 1363.09119   94 1241 1394.00000 1361.25945  2.35%   186 2155s
 24887 17069 1364.60533  115 1042 1394.00000 1361.25945  2.35%   187 2160s
 24951 17111 1367.14102  154  910 1394.00000 1361.25945  2.35%   187 2165s
 25095 17207 1372.51410  216  519 1394.00000 1361.25945  2.35%   186 2170s
 25304 17347 1378.96948  273  349 1394.00000 1361.25945  2.35%   185 2175s
 25557 17515 1389.49063  380  234 1394.00000 1361.25945  2.35%   184 2180s
 25695 17591 1361.80939   79 1581 1394.00000 1361.26119  2.35%   183 2185s
 25718 17607 1363.22757   97 1178 1394.00000 1361.26119  2.35%   183 2190s
 25763 17637 1364.71387  122  970 1394.00000 1361.26119  2.35%   184 2195s
 25814 17671 1365.72744  143  896 1394.00000 1361.26119  2.35%   184 2200s
 25898 17727 1368.07525  185  714 1394.00000 1361.26119  2.35%   184 2205s
 26028 17813 1371.55298  223  531 1394.00000 1361.26119  2.35%   183 2210s
 26293 17987 1379.03809  317  326 1394.00000 1361.26119  2.35%   182 2215s
 26701 18255 1390.50000  447  136 1394.00000 1361.26119  2.35%   180 2222s
 26813 18301 1361.43215   72 1736 1394.00000 1361.26226  2.35%   179 2225s
 26830 18312 1363.16366   89 1156 1394.00000 1361.26226  2.35%   180 2230s
 26914 18368 1372.70601  173  711 1394.00000 1361.26226  2.35%   179 2235s
 27058 18452 1361.57378   72 1658 1394.00000 1361.26665  2.35%   179 2240s
 27078 18465 1363.43295   92 1198 1394.00000 1361.26665  2.35%   179 2245s
 27093 18475 1365.42938  107 1056 1394.00000 1361.26665  2.35%   179 2250s
 27302 18615 1385.73287  316  288 1394.00000 1361.26665  2.35%   179 2255s
 27376 18648 1361.68970   77 1590 1394.00000 1361.26665  2.35%   178 2260s
 27397 18662 1362.42155   87 1408 1394.00000 1361.26665  2.35%   179 2265s
 27426 18681 1363.66131  102 1223 1394.00000 1361.26665  2.35%   179 2270s
 27449 18697 1364.17072  113 1101 1394.00000 1361.26665  2.35%   179 2276s
 27485 18721 1365.18332  131  945 1394.00000 1361.26665  2.35%   179 2280s
 27554 18767 1366.93586  166  771 1394.00000 1361.26665  2.35%   179 2285s
 27719 18877 1373.79950  248  419 1394.00000 1361.26665  2.35%   179 2290s
 27969 19043 1385.72621  373  279 1394.00000 1361.26665  2.35%   178 2295s
 28148 19136 1361.46496   76 1655 1394.00000 1361.27878  2.35%   177 2300s
 28156 19141 1361.93816   84 1356 1394.00000 1361.27878  2.35%   177 2305s
 28202 19172 1368.28686  130  865 1394.00000 1361.27878  2.35%   177 2310s
 28426 19297 1361.30408   71 1965 1394.00000 1361.28598  2.35%   176 2315s
 28449 19312 1362.46769   94 1418 1394.00000 1361.28598  2.35%   177 2320s
 28522 19361 1366.01302  167  994 1394.00000 1361.28598  2.35%   177 2325s
 28721 19494 1379.67018  366  342 1394.00000 1361.28598  2.35%   176 2330s
 28917 19624 1390.00000  562   68 1394.00000 1361.28598  2.35%   175 2335s
 28981 19664 1393.00000  625   29 1394.00000 1361.28598  2.35%   175 2342s
 29019 19671 1361.72230   76 1570 1394.00000 1361.29463  2.35%   175 2345s
 29051 19693 1364.42973  101 1001 1394.00000 1361.29463  2.35%   175 2350s
 29113 19734 1367.10923  137  779 1394.00000 1361.29463  2.35%   175 2355s
 29349 19891 1376.80802  226  336 1394.00000 1361.29463  2.35%   174 2360s
 29573 20041 1383.18386  312  232 1394.00000 1361.29463  2.35%   173 2365s
 29921 20243 1361.30126   72 1933 1394.00000 1361.29464  2.35%   171 2370s
 29942 20257 1363.87435   93 1113 1394.00000 1361.29464  2.35%   171 2375s
 30019 20308 1374.13351  170  545 1394.00000 1361.29464  2.35%   171 2382s
 30140 20389 1387.94603  291  328 1394.00000 1361.29464  2.35%   171 2385s
 30202 20401 1362.68245   86 1370 1394.00000 1361.29554  2.35%   171 2390s
 30260 20440 1368.83080  144  815 1394.00000 1361.29554  2.35%   171 2395s
 30532 20601 1361.30696   71 1828 1394.00000 1361.29554  2.35%   170 2400s
 30548 20612 1363.23195   87 1427 1394.00000 1361.29554  2.35%   170 2407s
 30589 20639 1368.94566  128  798 1394.00000 1361.29554  2.35%   170 2410s
 30815 20778 1361.42513   72 1699 1394.00000 1361.29718  2.35%   170 2415s
 30837 20792 1361.93005   80 1421 1394.00000 1361.29718  2.35%   170 2420s
 30865 20811 1363.75557   93 1207 1394.00000 1361.29718  2.35%   170 2425s
 30908 20840 1366.21524  115  951 1394.00000 1361.29718  2.35%   170 2431s
 30944 20864 1367.22047  126  952 1394.00000 1361.29718  2.35%   170 2435s
 31062 20942 1372.55050  159  713 1394.00000 1361.29718  2.35%   170 2440s
 31226 21052 1386.01516  209  521 1394.00000 1361.29718  2.35%   170 2445s
 31334 21091 1362.44987   81 1497 1394.00000 1361.29790  2.35%   170 2450s
 31368 21113 1366.84666  115  930 1394.00000 1361.29790  2.35%   170 2457s
 31462 21176 1379.92766  209  498 1394.00000 1361.29790  2.35%   169 2460s
 31589 21245 1362.01666   81 1428 1394.00000 1361.29857  2.35%   169 2465s
 31663 21294 1365.86750  155  821 1394.00000 1361.29857  2.35%   169 2470s
 31848 21417 1380.57547  340  315 1394.00000 1361.29857  2.35%   169 2475s
 32111 21579 1361.77756   78 1518 1394.00000 1361.29991  2.35%   168 2480s
 32146 21602 1366.36887  113  868 1394.00000 1361.29991  2.35%   168 2485s
 32291 21699 1381.44840  258  514 1394.00000 1361.29991  2.35%   168 2490s
 32388 21753 1361.55808   72 1826 1394.00000 1361.30270  2.35%   167 2495s
 32406 21765 1363.35317   90 1280 1394.00000 1361.30270  2.35%   168 2500s
 32532 21849 1374.07543  216  533 1394.00000 1361.30270  2.35%   168 2505s
 32739 21971 1361.66636   77 1642 1394.00000 1361.30290  2.35%   167 2510s
 32756 21983 1364.32166   94 1118 1394.00000 1361.30290  2.35%   167 2515s
 32802 22013 1369.49761  140  766 1394.00000 1361.30290  2.35%   167 2521s
 32980 22132 1390.19760  318  226 1394.00000 1361.30290  2.35%   167 2525s
 33038 22132 1362.55917   81 1400 1394.00000 1361.30455  2.35%   167 2530s
 33066 22150 1365.71690  109  942 1394.00000 1361.30455  2.35%   167 2535s
 33362 22330 1361.42192   72 1964 1394.00000 1361.30526  2.35%   166 2540s
 33380 22342 1363.41744   87 1262 1394.00000 1361.30526  2.35%   166 2545s
 33434 22378 1366.00657  124  843 1394.00000 1361.30526  2.35%   166 2550s
 33535 22445 1369.58946  164  676 1394.00000 1361.30526  2.35%   166 2555s
 33630 22508 1374.03992  205  477 1394.00000 1361.30526  2.35%   166 2589s
 33636 22512 1374.01349  211  466 1394.00000 1361.30526  2.35%   166 2590s
 33902 22690 1381.98460  308  276 1394.00000 1361.30526  2.35%   165 2595s
 34194 22856 1361.52214   74 1786 1394.00000 1361.30696  2.35%   164 2600s
 34218 22872 1363.95735   98 1112 1394.00000 1361.30696  2.35%   164 2605s
 34342 22955 1374.90599  222  688 1394.00000 1361.30696  2.35%   164 2610s
 34557 23080 1361.74431   84 1460 1394.00000 1361.30850  2.35%   164 2615s
 34631 23130 1366.15979  158  836 1394.00000 1361.30850  2.35%   164 2620s
 34861 23283 1382.91673  388  235 1394.00000 1361.30850  2.35%   163 2625s
 35085 23408 1361.93479   67 1846 1394.00000 1361.30867  2.35%   163 2630s
 35105 23422 1363.57065   87 1201 1394.00000 1361.30867  2.35%   163 2635s
 35198 23484 1374.21453  180  622 1394.00000 1361.30867  2.35%   163 2640s
 35391 23600 1361.67758   69 1743 1394.00000 1361.31518  2.34%   162 2645s
 35412 23614 1364.16999   90 1225 1394.00000 1361.31518  2.34%   162 2650s
 35550 23706 1382.59067  228  397 1394.00000 1361.31518  2.34%   162 2655s
 35641 23741 1361.63165   79 1684 1394.00000 1361.31539  2.34%   162 2660s
 35665 23757 1362.25982   91 1353 1394.00000 1361.31539  2.34%   162 2665s
 35701 23781 1363.82905  109  966 1394.00000 1361.31539  2.34%   163 2670s
 35741 23813 1365.40148  129  950 1394.00000 1361.31539  2.34%   163 2675s
 35880 23952 1371.39190  198  578 1394.00000 1361.31539  2.34%   163 2680s
 36117 24189 1382.88796  317  407 1394.00000 1361.31539  2.34%   162 2685s
 36293 24343 1361.41528   76 1840 1394.00000 1361.31809  2.34%   162 2690s
 36312 24362 1363.04387   87 1445 1394.00000 1361.31809  2.34%   162 2695s
 36350 24400 1364.03341   99 1252 1394.00000 1361.31809  2.34%   162 2700s
 36447 24497 1368.87363  139  787 1394.00000 1361.31809  2.34%   162 2705s
 36558 24608 1371.34543  167  642 1394.00000 1361.31809  2.34%   162 2710s
 36827 24872 1392.28166  253  328 1394.00000 1361.31809  2.34%   162 2715s
 36877 24895 1364.18702   98 1077 1394.00000 1361.32057  2.34%   162 2720s
 36926 24944 1369.06912  147  766 1394.00000 1361.32057  2.34%   162 2725s
 37239 25225 1361.38647   76 1852 1394.00000 1361.32109  2.34%   161 2730s
 37264 25250 1362.95642  101 1120 1394.00000 1361.32109  2.34%   161 2735s
 37374 25360 1377.86639  211  659 1394.00000 1361.32109  2.34%   161 2740s
 37503 25455 1361.72408   85 1506 1394.00000 1361.32113  2.34%   161 2745s
 37541 25493 1364.40166  123 1045 1394.00000 1361.32113  2.34%   161 2750s
 37665 25617 1373.42933  247  566 1394.00000 1361.32113  2.34%   161 2755s
 38014 25934 1361.37521   74 1834 1394.00000 1361.32123  2.34%   160 2760s
 38029 25949 1363.00103   89 1268 1394.00000 1361.32123  2.34%   160 2765s
 38076 25996 1368.79948  136  823 1394.00000 1361.32123  2.34%   160 2771s
 38222 26142 1390.21564  282  362 1394.00000 1361.32123  2.34%   160 2775s
 38267 26177 1362.61101   86 1333 1394.00000 1361.32441  2.34%   160 2780s
 38318 26228 1365.32687  114  921 1394.00000 1361.32441  2.34%   160 2785s
 38402 26312 1368.09084  145  798 1394.00000 1361.32441  2.34%   160 2790s
 38542 26452 1374.65412  200  471 1394.00000 1361.32441  2.34%   160 2795s
 38889 26799 1384.68668  335  211 1394.00000 1361.32441  2.34%   159 2800s
 39297 27161 1361.43726   75 1830 1394.00000 1361.32864  2.34%   157 2805s
 39322 27186 1363.03685  100 1135 1394.00000 1361.32864  2.34%   157 2810s
 39432 27296 1377.33079  210  588 1394.00000 1361.32864  2.34%   157 2815s
 39557 27411 1361.55285   79 1751 1394.00000 1361.33648  2.34%   157 2820s
 39586 27440 1364.37561  108 1117 1394.00000 1361.33648  2.34%   157 2825s
 39687 27541 1371.02548  209  636 1394.00000 1361.33648  2.34%   157 2830s
 39899 27733 1361.49412   80 1680 1394.00000 1361.33988  2.34%   157 2835s
 39926 27760 1364.30561  107 1053 1394.00000 1361.33988  2.34%   157 2840s
 40137 27971 1386.21435  318  364 1394.00000 1361.33988  2.34%   156 2845s
 40226 28038 1362.08528   81 1468 1394.00000 1361.33988  2.34%   156 2850s
 40250 28062 1365.65586  105 1074 1394.00000 1361.33988  2.34%   156 2855s
 40407 28219 1381.68457  262  422 1394.00000 1361.33988  2.34%   156 2860s
 40583 28363 1361.67062   78 1608 1394.00000 1361.34172  2.34%   156 2865s
 40625 28405 1363.84692  120 1183 1394.00000 1361.34172  2.34%   156 2870s
 40690 28470 1368.79924  185  672 1394.00000 1361.34172  2.34%   156 2875s
 40821 28601 1378.46230  316  318 1394.00000 1361.34172  2.34%   156 2880s
 41021 28785 1361.97231   75 1493 1394.00000 1361.34573  2.34%   155 2885s
 41050 28814 1364.22053  104 1109 1394.00000 1361.34573  2.34%   155 2890s
 41109 28873 1369.35655  163  805 1394.00000 1361.34573  2.34%   156 2895s
 41361 29104 1361.34986   72 1941 1394.00000 1361.34628  2.34%   155 2900s
 41377 29120 1362.72858   88 1361 1394.00000 1361.34628  2.34%   155 2905s
 41440 29183 1370.59101  151  805 1394.00000 1361.34628  2.34%   155 2910s
 41651 29351 1361.60452   75 1761 1394.00000 1361.34733  2.34%   155 2915s
 41665 29365 1361.69368   80 1667 1394.00000 1361.34733  2.34%   155 2920s
 41686 29386 1362.80419   90 1299 1394.00000 1361.34733  2.34%   155 2925s
 41710 29410 1364.48247  102 1172 1394.00000 1361.34733  2.34%   155 2930s
 41744 29444 1365.17790  115 1063 1394.00000 1361.34733  2.34%   155 2935s
 41807 29507 1369.51886  136  913 1394.00000 1361.34733  2.34%   156 2940s
 41877 29577 1375.67079  158  631 1394.00000 1361.34733  2.34%   156 2945s
 42038 29738 1386.68889  213  380 1394.00000 1361.34733  2.34%   155 2950s
 42220 29853 1361.59065   73 1758 1394.00000 1361.34737  2.34%   155 2955s
 42260 29893 1364.77179  113  894 1394.00000 1361.34737  2.34%   155 2960s
 42490 30123 1390.12504  343  285 1394.00000 1361.34737  2.34%   155 2965s
 42542 30152 1362.34487   84 1453 1394.00000 1361.35070  2.34%   155 2970s
 42625 30235 1370.15530  167  830 1394.00000 1361.35070  2.34%   155 2975s
 42886 30476 1361.90461   80 1474 1394.00000 1361.35485  2.34%   154 2980s
 42920 30510 1364.39136  108 1161 1394.00000 1361.35485  2.34%   154 2985s
 42988 30578 1366.65336  141  886 1394.00000 1361.35485  2.34%   155 2990s
 43054 30644 1368.39750  163  741 1394.00000 1361.35485  2.34%   155 2995s
 43219 30809 1373.91367  241  482 1394.00000 1361.35485  2.34%   155 3000s
 43459 31049 1379.20019  304  364 1394.00000 1361.35485  2.34%   154 3005s
 43703 31291 1384.76768  383  310 1394.00000 1361.35485  2.34%   153 3011s
 43891 31479 1390.19675  421  226 1394.00000 1361.35485  2.34%   153 3015s
 44005 31565 1361.71646   85 1624 1394.00000 1361.35520  2.34%   153 3020s
 44054 31614 1364.67695  134 1093 1394.00000 1361.35520  2.34%   153 3025s
 44108 31668 1368.68740  188  785 1394.00000 1361.35520  2.34%   153 3030s
 44296 31856 1382.09333  376  311 1394.00000 1361.35520  2.34%   152 3035s
 44557 32101 1361.52737   78 1648 1394.00000 1361.35893  2.34%   152 3042s
 44566 32110 1362.25293   83 1527 1394.00000 1361.35893  2.34%   152 3045s
 44596 32140 1363.43037   98 1273 1394.00000 1361.35893  2.34%   152 3050s
 44657 32201 1365.89601  128 1041 1394.00000 1361.35893  2.34%   152 3055s
 44751 32295 1369.46033  175  689 1394.00000 1361.35893  2.34%   152 3060s
 44944 32488 1379.59320  272  385 1394.00000 1361.35893  2.34%   152 3065s
 45240 32765 1361.48865   75 1737 1394.00000 1361.35966  2.34%   151 3070s
 45264 32789 1363.53385   99 1240 1394.00000 1361.35966  2.34%   151 3075s
 45376 32901 1375.80070  211  543 1394.00000 1361.35966  2.34%   151 3080s
 45564 33071 1361.50615   74 1825 1394.00000 1361.36117  2.34%   151 3086s
 45576 33083 1363.00463   86 1307 1394.00000 1361.36117  2.34%   151 3090s
 45673 33180 1375.28772  183  471 1394.00000 1361.36117  2.34%   151 3095s
 45836 33323 1362.48862   80 1424 1394.00000 1361.36365  2.34%   151 3100s
 45865 33352 1366.42987  109 1108 1394.00000 1361.36365  2.34%   151 3106s
 45990 33477 1379.89245  234  463 1394.00000 1361.36365  2.34%   151 3110s
 46136 33608 1361.54238   76 1789 1394.00000 1361.36753  2.34%   150 3117s
 46146 33618 1362.64417   86 1383 1394.00000 1361.36753  2.34%   150 3120s
 46189 33661 1366.48239  129  828 1394.00000 1361.36753  2.34%   151 3125s
 46406 33874 1392.01324  344  238 1394.00000 1361.36753  2.34%   150 3130s
 46457 33899 1364.59943   93 1140 1394.00000 1361.36767  2.34%   150 3135s
 46597 34039 1379.10897  233  446 1394.00000 1361.36767  2.34%   150 3140s
 46764 34182 1361.79402   80 1598 1394.00000 1361.36825  2.34%   150 3147s
 46785 34203 1362.37315  101 1315 1394.00000 1361.36825  2.34%   150 3150s
 46853 34271 1367.15872  169  933 1394.00000 1361.36825  2.34%   150 3155s
 46895 34313 1370.89950  211  605 1394.00000 1361.36825  2.34%   150 3160s
 47291 34696 1361.42000   71 1868 1394.00000 1361.36954  2.34%   149 3165s
 47315 34720 1363.51184   95 1139 1394.00000 1361.36954  2.34%   149 3170s
 47435 34840 1375.39270  215  534 1394.00000 1361.36954  2.34%   149 3175s
 47627 35006 1362.11747   79 1630 1394.00000 1361.36981  2.34%   149 3180s
 47640 35019 1362.03469   83 1508 1394.00000 1361.36981  2.34%   149 3236s
 47652 35031 1362.59999   88 1407 1394.00000 1361.36981  2.34%   149 3240s
 47691 35070 1364.63711  104 1215 1394.00000 1361.36981  2.34%   149 3245s
 47754 35133 1368.41230  130 1067 1394.00000 1361.36981  2.34%   149 3250s
 47826 35205 1370.54925  150  833 1394.00000 1361.36981  2.34%   149 3255s
 47928 35307 1376.66134  184  568 1394.00000 1361.36981  2.34%   149 3260s
 48163 35542 1388.03343  243  325 1394.00000 1361.36981  2.34%   149 3265s
 48306 35653 1361.64710   76 1648 1394.00000 1361.37006  2.34%   149 3270s
 48333 35680 1362.53972   91 1120 1394.00000 1361.37006  2.34%   149 3275s
 48369 35716 1366.26632  112  968 1394.00000 1361.37006  2.34%   149 3280s
 48462 35809 1369.51789  160  625 1394.00000 1361.37006  2.34%   149 3285s
 48701 36048 1375.75815  255  401 1394.00000 1361.37006  2.34%   149 3290s
 49037 36384 1386.44024  334  248 1394.00000 1361.37006  2.34%   148 3295s
 49360 36663 1361.39641   75 1923 1394.00000 1361.37052  2.34%   148 3300s
 49377 36680 1363.29729   92 1292 1394.00000 1361.37052  2.34%   148 3305s
 49519 36822 1380.07345  234  440 1394.00000 1361.37052  2.34%   148 3310s
 49655 36934 1362.38336   86 1270 1394.00000 1361.37075  2.34%   147 3315s
 49703 36982 1367.65497  134  859 1394.00000 1361.37075  2.34%   148 3320s
 49901 37180 1386.59458  332  357 1394.00000 1361.37075  2.34%   147 3325s
 49987 37246 1363.52915  102 1108 1394.00000 1361.37088  2.34%   147 3330s
 50172 37431 1387.03494  287  307 1394.00000 1361.37088  2.34%   147 3335s
 50236 37467 1361.80814   85 1500 1394.00000 1361.37130  2.34%   147 3340s
 50296 37527 1365.35062  145 1070 1394.00000 1361.37130  2.34%   147 3345s
 50469 37700 1380.20113  318  336 1394.00000 1361.37130  2.34%   147 3350s
 50751 37953 1361.69530   85 1548 1394.00000 1361.37473  2.34%   146 3355s
 50775 37977 1364.68988  109 1062 1394.00000 1361.37473  2.34%   147 3360s
 50855 38057 1373.75235  189  627 1394.00000 1361.37473  2.34%   147 3365s
 51030 38220 1361.81945   78 1610 1394.00000 1361.37487  2.34%   146 3370s
 51053 38243 1363.58993  101 1145 1394.00000 1361.37487  2.34%   146 3375s
 51120 38310 1371.97899  168  825 1394.00000 1361.37487  2.34%   146 3380s
 51370 38539 1361.53327   75 1787 1394.00000 1361.37596  2.34%   146 3385s
 51392 38561 1363.56962   97 1399 1394.00000 1361.37596  2.34%   146 3390s
 51471 38640 1370.86367  176  820 1394.00000 1361.37596  2.34%   146 3395s
 51651 38804 1362.02041   80 1561 1394.00000 1361.37664  2.34%   146 3400s
 51687 38840 1366.30085  116  946 1394.00000 1361.37664  2.34%   146 3405s
 51850 39003 1381.28432  279  396 1394.00000 1361.37664  2.34%   146 3410s
 51985 39122 1363.35710   92 1155 1394.00000 1361.37947  2.34%   146 3415s
 52037 39174 1369.38559  144  900 1394.00000 1361.37947  2.34%   146 3420s
 52226 39363 1385.44521  333  301 1394.00000 1361.37947  2.34%   146 3425s
 52310 39418 1362.07538   84 1435 1394.00000 1361.37992  2.34%   146 3430s
 52334 39442 1362.55162   96 1186 1394.00000 1361.37992  2.34%   146 3435s
 52391 39499 1367.10527  124  986 1394.00000 1361.37992  2.34%   146 3440s
 52500 39608 1373.38064  179  728 1394.00000 1361.37992  2.34%   146 3445s
 52715 39823 1384.70656  286  374 1394.00000 1361.37992  2.34%   146 3450s
 52892 39981 1391.96138  366  205 1394.00000 1361.37992  2.34%   145 3455s
 52941 40000 1362.84525   90 1335 1394.00000 1361.38316  2.34%   145 3460s
 52982 40041 1366.77375  111  959 1394.00000 1361.38316  2.34%   145 3465s
 53106 40165 1370.44623  156  746 1394.00000 1361.38316  2.34%   145 3470s
 53282 40341 1376.59668  233  465 1394.00000 1361.38316  2.34%   145 3475s
 53581 40638 1385.30741  321  268 1394.00000 1361.38316  2.34%   145 3480s
 53872 40912 1361.48826   76 1875 1394.00000 1361.38353  2.34%   144 3485s
 53890 40930 1361.86582   85 1694 1394.00000 1361.38353  2.34%   144 3490s
 53911 40951 1363.13055   93 1247 1394.00000 1361.38353  2.34%   144 3495s
 53951 40991 1364.97510  107 1104 1394.00000 1361.38353  2.34%   144 3500s
 54014 41054 1367.35784  133  963 1394.00000 1361.38353  2.34%   145 3505s
 54104 41144 1372.01922  162  902 1394.00000 1361.38353  2.34%   145 3510s
 54156 41196 1373.23253  183  678 1394.00000 1361.38353  2.34%   145 3515s
 54389 41429 1389.98063  238  374 1394.00000 1361.38353  2.34%   144 3520s
 54648 41556 1361.55949   75 1868 1394.00000 1361.38551  2.34%   144 3525s
 54663 41571 1362.70780   90 1171 1394.00000 1361.38551  2.34%   144 3530s
 54720 41628 1368.70019  147  875 1394.00000 1361.38551  2.34%   144 3535s
 54893 41776 1361.57087   75 1833 1394.00000 1361.38636  2.34%   144 3541s
 54906 41789 1362.89849   88 1306 1394.00000 1361.38636  2.34%   144 3545s
 54987 41870 1369.24882  169  710 1394.00000 1361.38636  2.34%   144 3550s
 55187 42056 1361.52080   75 1791 1394.00000 1361.38701  2.34%   144 3555s
 55214 42083 1364.24822  102 1139 1394.00000 1361.38701  2.34%   144 3560s
 55365 42234 1381.22565  253  310 1394.00000 1361.38701  2.34%   144 3565s
 55485 42333 1362.37362   90 1305 1394.00000 1361.38977  2.34%   144 3570s
 55554 42402 1367.05403  159  820 1394.00000 1361.38977  2.34%   144 3575s
 55836 42668 1361.46731   73 1870 1394.00000 1361.39032  2.34%   144 3581s
 55846 42678 1361.99591   83 1371 1394.00000 1361.39032  2.34%   144 3585s
 55885 42717 1365.60350  122  849 1394.00000 1361.39032  2.34%   144 3590s
 56103 42918 1361.47570   73 1840 1394.00000 1361.39160  2.34%   144 3595s

Cutting planes:
  Learned: 191
  Gomory: 18
  Cover: 2158
  Implied bound: 18
  Clique: 107
  MIR: 729
  Mixing: 29
  StrongCG: 193
  Flow cover: 2612
  GUB cover: 253
  Inf proof: 1
  Zero half: 184
  RLT: 47
  Relax-and-lift: 291
  BQP: 22

Explored 56113 nodes (8108059 simplex iterations) in 3599.65 seconds (2914.74 work units)
Thread count was 1 (of 16 available processors)

Solution count 10: 1394 1394 1395 ... 1402

Time limit reached
Warning: max constraint violation (1.0000e-06) exceeds tolerance
Best objective 1.394000000000e+03, best bound 1.362000000000e+03, gap 2.2956%

User-callback calls 900305, time in user-callback 1.37 sec
Stat(MathOptInterface.TIME_LIMIT, 1394.0, 1362.0, 0.02295552367288379, 2.5e-323, 0.356893, 3599.6554520130157, 56113, Main.CFLG.LEVFP, "", #undef)
