Data path: /scratch/opt/lxu/CFLG/benchmarks/Kgroup_B
Instance: K400.4.red
Result path: /scratch/opt/lxu/CFLG/results/Kgroup_B
Solver: Gurobi
Time limit: 7200
Formulation: EFP
Cover: Large
julia --project=. src/main.jl /scratch/opt/lxu/CFLG/benchmarks/Kgroup_B K400.4.red /scratch/opt/lxu/CFLG/results/Kgroup_B Gurobi 7200 EFP Large
The latest version of Julia in the `release` channel is 1.11.5+0.x64.linux.gnu. You currently have `1.11.4+0.x64.linux.gnu` installed. Run:

  juliaup update

in your terminal shell to install Julia 1.11.5+0.x64.linux.gnu and update the `release` channel to that version.
/scratch/opt/lxu/CFLG/benchmarks/Kgroup_B Gurobi 7200.0 /scratch/opt/lxu/CFLG/results/Kgroup_B K400.4.red EFP Large
/scratch/opt/lxu/CFLG/benchmarks/Kgroup_B/K400.4.red

 read graph
data loaded


after absorb:197 197

max_piece:3
problem_graph/original graph: node: 270/197 edge: 857/784 dlt: 0.4381869493489543 break_avg_len: 0.20043090331947472 break_max_len: 0.43379206661269804elapsed CPU time: 0.101543 seconds
Set parameter TokenServer to value "solice01.zib.de"
Set parameter Threads to value 1
Set parameter OutputFlag to value 1
Set parameter MIPGap to value 0.0001
Set parameter MIPGapAbs to value 0.999998
Set parameter TimeLimit to value 7199.898457

 more cuts:falsefalse
0 0
formulation:EFP0 857 270

 model loaded

Gurobi Optimizer version 12.0.1 build v12.0.1rc0 (linux64 - "Debian GNU/Linux 12 (bookworm)")

CPU model: Intel(R) Xeon(R) Gold 5222 CPU @ 3.80GHz, instruction set [SSE2|AVX|AVX2|AVX512]
Thread count: 8 physical cores, 16 logical processors, using up to 1 threads

Non-default parameters:
TimeLimit  7199.898457
MIPGapAbs  0.999998
Threads  1

Optimize a model with 76818 rows, 38185 columns and 228247 nonzeros
Model fingerprint: 0x8175506e
Variable types: 1984 continuous, 36201 integer (36201 binary)
Coefficient statistics:
  Matrix range     [1e-06, 1e+00]
  Objective range  [1e+00, 1e+00]
  Bounds range     [2e-03, 4e-01]
  RHS range        [2e-03, 2e+01]
Found heuristic solution: objective 320.0000000
Presolve removed 16093 rows and 2154 columns
Presolve time: 0.87s
Presolved: 60725 rows, 36031 columns, 204211 nonzeros
Variable types: 1127 continuous, 34904 integer (34904 binary)

Root simplex log...

Iteration    Objective       Primal Inf.    Dual Inf.      Time
   26650    6.4664797e+00   3.281839e+02   0.000000e+00      5s
   29234    6.4767607e+00   0.000000e+00   0.000000e+00      7s

Root relaxation: objective 6.476761e+00, 29234 iterations, 5.51 seconds (9.23 work units)
Total elapsed time = 12.10s (DegenMoves)

    Nodes    |    Current Node    |     Objective Bounds      |     Work
 Expl Unexpl |  Obj  Depth IntInf | Incumbent    BestBd   Gap | It/Node Time

     0     0    6.47676    0 2076  320.00000    6.47676  98.0%     -   13s
H    0     0                     185.0000000    6.47676  96.5%     -   13s
H    0     0                     183.0000000    6.47676  96.5%     -   13s
H    0     0                     177.0000000    6.47676  96.3%     -   13s
H    0     0                     131.0000000    6.47676  95.1%     -   13s
H    0     0                     105.0000000    6.47676  93.8%     -   13s
H    0     0                      98.0000000    6.47676  93.4%     -   14s
H    0     0                      93.0000000    6.47676  93.0%     -   14s
H    0     0                      91.0000000    6.47676  92.9%     -   14s
H    0     0                      83.0000000    6.47676  92.2%     -   14s
H    0     0                      82.0000000    6.47676  92.1%     -   14s
H    0     0                      81.0000000    6.47676  92.0%     -   15s
H    0     0                      80.0000000    6.47676  91.9%     -   15s
H    0     0                      78.0000000    6.47676  91.7%     -   15s
H    0     0                      74.0000000    6.47676  91.2%     -   15s
     0     0    9.26409    0 1810   74.00000    9.26409  87.5%     -   25s
H    0     0                      73.0000000    9.27804  87.3%     -   25s
H    0     0                      72.0000000    9.27804  87.1%     -   25s
H    0     0                      71.0000000    9.27804  86.9%     -   25s
H    0     0                      67.0000000    9.27804  86.2%     -   25s
H    0     0                      66.0000000    9.27804  85.9%     -   25s
H    0     0                      65.0000000    9.27804  85.7%     -   26s
H    0     0                      64.0000000    9.27804  85.5%     -   26s
H    0     0                      63.0000000    9.27804  85.3%     -   27s
H    0     0                      59.0000000    9.27804  84.3%     -   27s
H    0     0                      58.0000000    9.27804  84.0%     -   27s
H    0     0                      54.0000000    9.27804  82.8%     -   28s
     0     0   11.64908    0 2169   54.00000   11.64908  78.4%     -   35s
     0     0   12.19072    0 2467   54.00000   12.19072  77.4%     -   39s
     0     0   12.21793    0 2514   54.00000   12.21793  77.4%     -   39s
     0     0   12.21922    0 2584   54.00000   12.21922  77.4%     -   39s
     0     0   12.21931    0 2588   54.00000   12.21931  77.4%     -   39s
     0     0   15.75408    0 2620   54.00000   15.75408  70.8%     -   47s
H    0     0                      51.0000000   15.80670  69.0%     -   47s
H    0     0                      48.0000000   15.80670  67.1%     -   47s
H    0     0                      47.0000000   15.80670  66.4%     -   47s
H    0     0                      46.0000000   15.80670  65.6%     -   47s
H    0     0                      45.0000000   15.80670  64.9%     -   48s
H    0     0                      44.0000000   15.80670  64.1%     -   48s
     0     0   16.23259    0 2578   44.00000   16.23259  63.1%     -   50s
     0     0   16.28768    0 2784   44.00000   16.28768  63.0%     -   52s
     0     0   16.29192    0 2826   44.00000   16.29192  63.0%     -   52s
     0     0   16.30184    0 2775   44.00000   16.30184  63.0%     -   52s
     0     0   16.30292    0 2821   44.00000   16.30292  62.9%     -   52s
     0     0   20.84111    0 2358   44.00000   20.84111  52.6%     -   60s
H    0     0                      42.0000000   20.84111  50.4%     -   63s
H    0     0                      40.0000000   20.84111  47.9%     -   64s
     0     0   20.98790    0 2237   40.00000   20.98790  47.5%     -   68s
     0     0   21.02021    0 2358   40.00000   21.02021  47.4%     -   69s
     0     0   21.02170    0 2382   40.00000   21.02170  47.4%     -   69s
     0     0   21.57081    0 2127   40.00000   21.57081  46.1%     -   72s
     0     0   21.74196    0 2077   40.00000   21.74196  45.6%     -   74s
     0     0   21.79127    0 2189   40.00000   21.79127  45.5%     -   75s
     0     0   21.79306    0 2211   40.00000   21.79306  45.5%     -   76s
     0     0   21.81110    0 2304   40.00000   21.81110  45.5%     -   77s
     0     0   21.81783    0 2358   40.00000   21.81783  45.5%     -   84s
     0     0   21.82112    0 2421   40.00000   21.82112  45.4%     -   84s
     0     0   21.93714    0 2397   40.00000   21.93714  45.2%     -   85s
     0     0   21.94053    0 2352   40.00000   21.94053  45.1%     -  101s
     0     0   22.01888    0 2284   40.00000   22.01888  45.0%     -  102s
     0     0   22.02130    0 2261   40.00000   22.02130  44.9%     -  102s
     0     0   22.02130    0 2258   40.00000   22.02130  44.9%     -  103s
     0     0   22.02130    0 2288   40.00000   22.02130  44.9%     -  103s
     0     0   22.02130    0 2292   40.00000   22.02130  44.9%     -  104s
     0     0   22.02130    0 2300   40.00000   22.02130  44.9%     -  104s
     0     0   22.02548    0 2396   40.00000   22.02548  44.9%     -  105s
     0     0   22.02549    0 1609   40.00000   22.02549  44.9%     -  111s
     0     2   22.04527    0 1609   40.00000   22.04527  44.9%     -  129s
     1     3   22.05423    1 1567   40.00000   22.04527  44.9% 17370  130s
     9    11   22.28259    6 1509   40.00000   22.18146  44.5%  3409  135s
    27    29   22.74665   22 1308   40.00000   22.18146  44.5%  1461  143s
    38    40   22.86830   31 1256   40.00000   22.18146  44.5%  1218  145s
    54    56   23.04612   44 1096   40.00000   22.18146  44.5%   936  150s
    86    88   23.96441   67  961   40.00000   22.18146  44.5%   794  155s
   113   115   24.27001   92  904   40.00000   22.18146  44.5%   679  160s
   187   189   25.11872  161  687   40.00000   22.18146  44.5%   508  165s
   262   264   25.75000  231  626   40.00000   22.18146  44.5%   440  170s
   339   339   27.50000  304  569   40.00000   22.18146  44.5%   370  176s
   424   424   28.00000  385  588   40.00000   22.18146  44.5%   328  180s
   567   566   31.00000  524  362   40.00000   22.18146  44.5%   267  185s
   707   698   37.00000  638  228   40.00000   22.18146  44.5%   227  190s
   808   781   31.00000  498 1609   40.00000   22.18554  44.5%   205  223s
   810   782   38.00000  683 2464   40.00000   22.18554  44.5%   204  253s
   811   783   24.61863  101 1339   40.00000   22.18554  44.5%   204  280s
   813   784   27.50000  350 1484   40.00000   22.18554  44.5%   203  286s
   817   787   23.91682   66 1623   40.00000   22.18554  44.5%   202  290s
   822   790   24.88021  123 1896   40.00000   22.18554  44.5%   201  296s
   827   794   25.29762  179 1931   40.00000   22.18554  44.5%   200  300s
   833   798   31.27190  566 2056   40.00000   22.18554  44.5%   199  308s
   834   798   27.50000  334 1682   40.00000   22.30140  44.2%   198  321s
   836   800   38.00000  693 1854   40.00000   22.31628  44.2%   198  327s
   837   800   24.66884  104 1715   40.00000   22.37075  44.1%   198  343s
   838   801   24.38934   86 1893   40.00000   22.37167  44.1%   197  345s
   839   802   26.83333  279 2011   40.00000   22.37177  44.1%   197  350s
   840   802   25.66667  239 1915   40.00000   22.38643  44.0%   197  359s
   841   803   25.83333  266 2076   40.00000   22.38696  44.0%   197  365s
   842   804   38.00000  661 1896   40.00000   22.41335  44.0%   196  378s
   843   804   31.00000  550 1986   40.00000   22.41335  44.0%   196  384s
   844   805   29.50000  444 1996   40.00000   22.42027  43.9%   196  424s
   845   806   22.42027    5 2051   40.00000   22.42027  43.9%   196  430s
   846   806   28.50000  393 1885   40.00000   22.43548  43.9%   195  441s
   848   808   26.70000  249 2201   40.00000   22.44044  43.9%   195  449s
   849   808   38.00000  661 2090   40.00000   22.51950  43.7%   195  459s
   850   809   28.00000  404 2279   40.00000   22.51998  43.7%   195  461s
   851   810   31.00000  550 2354   40.00000   22.52032  43.7%   194  467s
   852   810   37.00000  632 2026   40.00000   22.53738  43.7%   194  479s
   853   811   25.47917  207 2169   40.00000   22.53749  43.7%   194  485s
   854   812   28.71297  428 2058   40.00000   22.54097  43.6%   194  492s
   856   813   28.50000  416 2380   40.00000   22.55424  43.6%   193  496s
   858   814   31.00000  525 2418   40.00000   22.55686  43.6%   193  500s
   859   815   28.56601  427 2171   40.00000   22.56250  43.6%   193  509s
   860   816   27.00000  312 2288   40.00000   22.59561  43.5%   192  510s
   863   818   28.00000  368 2128   40.00000   22.63429  43.4%   192  522s
   864   818   32.00000  556 2195   40.00000   22.63429  43.4%   191  526s
   865   819   28.00000  386 2245   40.00000   22.64953  43.4%   191  536s
   866   820   27.50000  322 2315   40.00000   22.64953  43.4%   191  541s
   867   820   36.00000  602 2201   40.00000   22.64953  43.4%   191  549s
   868   821   27.83333  377 2302   40.00000   22.64953  43.4%   191  553s
   869   822   29.50000  448 2248   40.00000   22.64969  43.4%   190  562s
   870   822   26.33333  275 2306   40.00000   22.64969  43.4%   190  566s
   871   823   22.92793    3 2042   40.00000   22.92793  42.7%   190  577s
   873   824   25.83333  253 2194   40.00000   22.95788  42.6%   189  580s
   875   826   25.14057  153 1629   40.00000   23.26582  41.8%   189  594s
   876   826   31.00000  528 1878   40.00000   23.27506  41.8%   189  596s
   880   829   36.00000  610 1892   40.00000   23.31817  41.7%   188  600s
   882   830   36.00000  619 1640   40.00000   23.35440  41.6%   188  612s
   884   832   25.41667  191 1964   40.00000   23.36005  41.6%   187  615s
   887   834   27.33333  279 1753   40.00000   23.36965  41.6%   186  626s
   889   835   25.47917  208 1629   40.00000   23.38890  41.5%   186  635s
   891   836   25.01566  138 1692   40.00000   23.38891  41.5%   186  648s
   892   837   27.00000  308 1824   40.00000   23.38891  41.5%   185  651s
   893   838   35.00000  597 1693   40.00000   23.39320  41.5%   185  658s
   894   838   27.50000  360 1787   40.00000   23.39320  41.5%   185  661s
   895   839   25.75000  232 1657   40.00000   23.39320  41.5%   185  667s
   896   840   25.41667  200 1822   40.00000   23.39320  41.5%   185  670s
   897   840   25.83333  187 1666   40.00000   23.39320  41.5%   184  675s
   900   844   37.00000  632 1609   40.00000   23.39320  41.5%  1482  684s
H  901   802                      39.0000000   23.39320  40.0%  1480  703s
   902   802   25.46667  205 2449   39.00000   23.39320  40.0%  1479  712s
   903   803   25.30128  183 1314   39.00000   23.39320  40.0%  1477  736s
   904   804   27.50000  282 1521   39.00000   23.39320  40.0%  1475  740s
   909   807   23.39320   13 1598   39.00000   23.39320  40.0%  1467  747s
   912   809   38.00000  654 1815   39.00000   23.39320  40.0%  1463  750s
   913   810   27.50000  350 1839   39.00000   23.39320  40.0%  1461  756s
   914   810   30.00000  460 1413   39.00000   23.39320  40.0%  1459  767s
   915   811   36.00000  623 1645   39.00000   23.39320  40.0%  1458  772s
   916   812   25.41667  201 1552   39.00000   23.45684  39.9%  1456  789s
   917   812   23.91682   66 1679   39.00000   23.46089  39.8%  1455  790s
   919   814   37.00000  625 1710   39.00000   23.46797  39.8%  1451  795s
   920   814   28.00000  399 1547   39.00000   23.47943  39.8%  1450  804s
   921   815   25.83333  266 1726   39.00000   23.47945  39.8%  1448  809s
   922   816   24.88021  123 1625   39.00000   23.48268  39.8%  1447  822s
   923   816   39.00000  700 1631   39.00000   23.48268  39.8%  1445  827s
   924   817   27.83333  381 1685   39.00000   23.49098  39.8%  1444  867s
   925   818   37.00000  640 1759   39.00000   23.49098  39.8%  1442  871s
   926   818   26.83333  290 1574   39.00000   23.49190  39.8%  1440  879s
   927   819   25.29762  179 1753   39.00000   23.49190  39.8%  1439  884s
   928   820   25.29762  176 1679   39.00000   23.49194  39.8%  1437  891s
   929   820   24.86086  121 1801   39.00000   23.49194  39.8%  1436  897s
   930   821   28.58935  433 1677   39.00000   23.49281  39.8%  1434  908s
   931   822   27.50000  305 1818   39.00000   23.49281  39.8%  1433  913s
   932   822   37.00000  670 1631   39.00000   23.49432  39.8%  1431  920s
   933   823   31.27190  566 1631   39.00000   23.49440  39.8%  1430  926s
   934   824   27.50000  334 1631   39.00000   23.49445  39.8%  1428  948s
   935   826   23.65106   19 1613   39.00000   23.49822  39.7%  2079  958s
   936   827   23.62274   19 1524   39.00000   23.62274  39.4%  2083  962s
   940   830   24.04626   21 1672   39.00000   23.65106  39.4%  2085  966s
   944   832   23.82137   23 1545   39.00000   23.65106  39.4%  2090  971s
   948   835   24.08384   25 1552   39.00000   23.65106  39.4%  2100  975s
   954   839   24.01551   28 1329   39.00000   23.65106  39.4%  2101  981s
   960   843   24.10331   31 1505   39.00000   23.65106  39.4%  2100  986s
   963   845   23.83407   33 1603   39.00000   23.65106  39.4%  2095  990s
   969   849   23.97339   36 1535   39.00000   23.65106  39.4%  2097  995s
   974   852   24.34010   38 1496   39.00000   23.65106  39.4%  2104 1000s
H  979   812                      38.0000000   23.65106  37.8%  2103 1011s
   984   817   24.77099   43 1495   38.00000   23.65106  37.8%  2108 1016s
   988   820   24.74245   45 1490   38.00000   23.65106  37.8%  2112 1020s
   996   825   24.97757   49 1491   38.00000   23.65106  37.8%  2114 1026s
  1001   828   24.50400   52 1461   38.00000   23.65106  37.8%  2116 1030s
  1008   833   25.15906   55 1374   38.00000   23.65106  37.8%  2121 1036s
  1014   837   24.86863   58 1339   38.00000   23.65106  37.8%  2120 1040s
  1018   840   24.85312   60 1315   38.00000   23.65106  37.8%  2123 1045s
  1026   845   25.06060   64 1341   38.00000   23.65106  37.8%  2126 1050s
  1034   850   25.00681   68 1388   38.00000   23.65106  37.8%  2129 1056s
  1038   853   24.94581   70 1368   38.00000   23.65106  37.8%  2136 1060s
  1042   856   24.92437   72 1279   38.00000   23.65106  37.8%  2133 1065s
  1048   860   25.08455   75 1115   38.00000   23.65106  37.8%  2139 1070s
  1054   864   25.33600   78 1244   38.00000   23.65106  37.8%  2141 1075s
  1061   868   24.80085   82 1434   38.00000   23.65106  37.8%  2146 1080s
  1069   874   24.91207   86 1371   38.00000   23.65106  37.8%  2147 1085s
  1078   880   25.62615   90 1251   38.00000   23.65106  37.8%  2145 1090s
  1086   885   25.64335   94 1203   38.00000   23.65106  37.8%  2150 1095s
  1091   888   25.32343   97 1229   38.00000   23.65106  37.8%  2158 1101s
  1094   890   25.80253   98 1227   38.00000   23.65106  37.8%  2161 1105s
  1096   892   26.15019   99 1203   38.00000   23.65106  37.8%  2163 1110s
  1101   895   25.36242  102 1257   38.00000   23.65106  37.8%  2164 1115s
  1104   897   26.21478  103 1131   38.00000   23.65106  37.8%  2169 1121s
  1106   898   25.91617  104 1005   38.00000   23.65106  37.8%  2170 1125s
  1110   901   25.96667  106 1080   38.00000   23.65106  37.8%  2175 1130s
  1115   904   25.56508  109 1165   38.00000   23.65106  37.8%  2179 1135s
  1121   908   25.57692  112 1115   38.00000   23.65106  37.8%  2183 1140s
  1123   910   25.59195  113 1181   38.00000   23.65106  37.8%  2184 1145s
  1130   914   25.89368  116 1246   38.00000   23.65106  37.8%  2187 1150s
  1137   919   25.72305  120 1169   38.00000   23.65106  37.8%  2193 1155s
  1143   923   25.78019  123 1068   38.00000   23.65106  37.8%  2201 1160s
  1152   929   26.27854  127  998   38.00000   23.65106  37.8%  2208 1165s
  1160   934   26.11801  131  979   38.00000   23.65106  37.8%  2209 1170s
  1169   940   26.46627  136  985   38.00000   23.65106  37.8%  2209 1175s
  1177   946   26.14646  140  887   38.00000   23.65106  37.8%  2205 1181s
  1186   952   26.66200  144 1049   38.00000   23.65106  37.8%  2201 1185s
  1197   959   26.19412  150 1073   38.00000   23.65106  37.8%  2196 1190s
  1204   964   26.47577  153 1108   38.00000   23.65106  37.8%  2198 1198s
  1208   966   26.23811  155 1070   38.00000   23.65106  37.8%  2197 1200s
  1218   973   26.77778  160 1016   38.00000   23.65106  37.8%  2197 1205s
  1228   980   27.22390  165 1265   38.00000   23.65106  37.8%  2197 1210s
  1235   984   27.45981  169  981   38.00000   23.65106  37.8%  2197 1215s
  1252   996   27.00000  177  718   38.00000   23.65106  37.8%  2183 1220s
  1260  1001   27.44810  181 1002   38.00000   23.65106  37.8%  2176 1225s
  1272  1009   27.41667  187  788   38.00000   23.65106  37.8%  2171 1230s
  1286  1018   27.11681  194  910   38.00000   23.65106  37.8%  2162 1235s
  1306  1032   28.51759  204  570   38.00000   23.65106  37.8%  2145 1240s
  1317  1039   27.25000  210  587   38.00000   23.65106  37.8%  2129 1245s
  1349  1060   27.50000  226  537   38.00000   23.65106  37.8%  2090 1250s
  1367  1072   27.61319  235  666   38.00000   23.65106  37.8%  2073 1255s
  1397  1086   27.70410  250  677   38.00000   23.65106  37.8%  2034 1260s
  1420  1098   28.88715  261  568   38.00000   23.65106  37.8%  2011 1267s
  1438  1110   29.24318  270  496   38.00000   23.65106  37.8%  1992 1270s
  1470  1131   29.68398  286  515   38.00000   23.65106  37.8%  1955 1275s
  1486  1140   30.90610  294  577   38.00000   23.65106  37.8%  1939 1280s
  1516  1160   32.12010  309  544   38.00000   23.65106  37.8%  1904 1285s
  1528  1168   32.12010  315  564   38.00000   23.65106  37.8%  1890 1291s
  1553  1184   33.24558  328  597   38.00000   23.65106  37.8%  1866 1295s
  1557  1187   33.44304  330  693   38.00000   23.65106  37.8%  1864 1300s
  1579  1202   35.25000  341  663   38.00000   23.65106  37.8%  1850 1305s
  1593  1211   34.50000  348  422   38.00000   23.65106  37.8%  1847 1310s
  1614  1225   35.50000  358  414   38.00000   23.65106  37.8%  1835 1315s
  1672  1232     cutoff  387        38.00000   23.65106  37.8%  1778 1320s
  1695  1223   23.78016   20 1476   38.00000   23.65106  37.8%  1757 1329s
  1696  1224   23.89813   21 1926   38.00000   23.65106  37.8%  1760 1332s
  1697  1224   24.53182   21 1745   38.00000   23.65106  37.8%  1764 1343s
  1698  1225   24.28472   22 1739   38.00000   23.65106  37.8%  1765 1345s
  1703  1228   24.18114   24 1698   38.00000   23.65106  37.8%  1768 1350s
  1709  1232   24.26989   27 1599   38.00000   23.65106  37.8%  1768 1356s
  1712  1234   24.05143   29 1823   38.00000   23.65106  37.8%  1771 1360s
  1717  1238   24.45283   31 1563   38.00000   23.65106  37.8%  1773 1365s
  1723  1242   24.41061   34 1624   38.00000   23.65106  37.8%  1774 1371s
  1729  1246   24.89275   37 1508   38.00000   23.65106  37.8%  1775 1377s
  1733  1248   25.23762   39 1433   38.00000   23.65106  37.8%  1777 1381s
  1736  1250   25.04128   41 1597   38.00000   23.65106  37.8%  1778 1418s
  1737  1251   25.26643   41 1462   38.00000   23.65106  37.8%  1779 1425s
  1745  1256   25.41254   45 1445   38.00000   23.65106  37.8%  1780 1431s
  1751  1260   25.64806   48 1375   38.00000   23.65106  37.8%  1782 1436s
  1757  1264   25.31878   51 1353   38.00000   23.65106  37.8%  1784 1441s
  1761  1267   25.67310   53 1364   38.00000   23.65106  37.8%  1786 1445s
  1769  1272   25.75159   57 1433   38.00000   23.65106  37.8%  1785 1450s
  1776  1277   25.33382   61 1460   38.00000   23.65106  37.8%  1786 1455s
  1779  1279   25.93371   62 1196   38.00000   23.65106  37.8%  1789 1461s
  1786  1284   25.41743   66 1420   38.00000   23.65106  37.8%  1790 1465s
  1793  1288   26.00510   69 1270   38.00000   23.65106  37.8%  1791 1470s
  1799  1292   25.84035   72 1268   38.00000   23.65106  37.8%  1793 1475s
  1804  1296   25.50493   75 1350   38.00000   23.65106  37.8%  1795 1483s
  1805  1296   25.82204   75 1316   38.00000   23.65106  37.8%  1798 1485s
  1809  1299   25.82177   77 1501   38.00000   23.65106  37.8%  1803 1490s
  1817  1304   26.07917   81 1095   38.00000   23.65106  37.8%  1802 1495s
  1821  1307   26.53842   83 1171   38.00000   23.65106  37.8%  1806 1500s
  1829  1312   26.08854   87 1059   38.00000   23.65106  37.8%  1807 1505s
  1839  1319   25.98542   92 1158   38.00000   23.65106  37.8%  1801 1511s
  1843  1322   26.26415   94 1249   38.00000   23.65106  37.8%  1805 1515s
  1848  1325   25.83176   97 1192   38.00000   23.65106  37.8%  1810 1520s
  1851  1327   26.28837   98 1034   38.00000   23.65106  37.8%  1817 1525s
  1857  1331   26.34851  101 1108   38.00000   23.65106  37.8%  1820 1530s
  1858  1332   25.85481  102 1184   38.00000   23.65106  37.8%  1820 1536s
  1863  1335   26.09855  104 1184   38.00000   23.65106  37.8%  1824 1541s
  1869  1339   25.89995  107 1243   38.00000   23.65106  37.8%  1828 1546s
  1874  1342   26.11625  110 1065   38.00000   23.65106  37.8%  1830 1550s
  1882  1348   26.59658  114 1050   38.00000   23.65106  37.8%  1831 1555s
  1891  1354   27.71002  118  890   38.00000   23.65106  37.8%  1832 1560s
  1903  1362   26.97484  124 1006   38.00000   23.65106  37.8%  1829 1565s
  1916  1370   26.98580  131 1043   38.00000   23.65106  37.8%  1824 1570s
  1927  1378   27.80296  136 1029   38.00000   23.65106  37.8%  1824 1575s
  1935  1383   27.80296  140 1051   38.00000   23.65106  37.8%  1826 1580s
  1939  1386   27.47436  142  949   38.00000   23.65106  37.8%  1826 1586s
  1945  1390   27.35061  145  893   38.00000   23.65106  37.8%  1827 1590s
  1954  1396   27.19076  150 1009   38.00000   23.65106  37.8%  1827 1595s
  1963  1402   27.51959  154  996   38.00000   23.65106  37.8%  1831 1600s
  1973  1408   28.17697  159  893   38.00000   23.65106  37.8%  1828 1605s
  1990  1420   27.66316  168  952   38.00000   23.65106  37.8%  1819 1610s
  1994  1422   27.68869  170  924   38.00000   23.65106  37.8%  1818 1617s
  1997  1424   28.60202  171  929   38.00000   23.65106  37.8%  1817 1621s
  2000  1426   27.74997  173  917   38.00000   23.65106  37.8%  1816 1625s
  2009  1432   29.16672  177  812   38.00000   23.65106  37.8%  1813 1630s
  2022  1441   28.66765  184  945   38.00000   23.65106  37.8%  1807 1635s
  2044  1456   29.32986  195  876   38.00000   23.65106  37.8%  1794 1640s
  2049  1459   29.38666  197  797   38.00000   23.65106  37.8%  1793 1645s
  2070  1473   30.79078  208  700   38.00000   23.65106  37.8%  1782 1650s
  2074  1476   30.81900  210  756   38.00000   23.65106  37.8%  1780 1655s
  2093  1488   31.49085  219  681   38.00000   23.65106  37.8%  1771 1660s
  2113  1502   31.74443  229  609   38.00000   23.65106  37.8%  1763 1665s
  2137  1518   31.74443  241  781   38.00000   23.65106  37.8%  1752 1670s
  2157  1531   31.38591  251  556   38.00000   23.65106  37.8%  1742 1675s
  2177  1544   31.48112  261  585   38.00000   23.65106  37.8%  1735 1680s
  2195  1556   31.68579  270  708   38.00000   23.65106  37.8%  1730 1685s
  2221  1574   32.22157  283  632   38.00000   23.65106  37.8%  1718 1692s
  2236  1584   31.70214  291  660   38.00000   23.65106  37.8%  1712 1695s
  2267  1604   31.81677  306  529   38.00000   23.65106  37.8%  1696 1700s
  2301  1627   33.31110  323  531   38.00000   23.65106  37.8%  1678 1705s
  2323  1642   33.31110  334  583   38.00000   23.65106  37.8%  1669 1710s
  2364  1669   32.33416  355  600   38.00000   23.65106  37.8%  1644 1715s
  2398  1692   32.35307  372  591   38.00000   23.65106  37.8%  1625 1723s
  2415  1703   32.85294  380  496   38.00000   23.65106  37.8%  1615 1725s
  2447  1724   32.85307  396  459   38.00000   23.65106  37.8%  1600 1730s
  2490  1753   34.58651  418  314   38.00000   23.65106  37.8%  1576 1735s
  2533  1782   34.59065  439  353   38.00000   23.65106  37.8%  1555 1740s
  2583  1788   23.70786   20 1954   38.00000   23.70786  37.6%  1530 1752s
  2584  1789   24.09868   21 1822   38.00000   23.70786  37.6%  1533 1755s
  2586  1790   23.75664   22 2020   38.00000   23.74667  37.5%  1536 1765s
  2590  1793   23.75991   24 1988   38.00000   23.74713  37.5%  1538 1770s
  2596  1797   23.88302   27 2058   38.00000   23.74713  37.5%  1538 1775s
  2599  1799   24.18936   28 1764   38.00000   23.74713  37.5%  1540 1780s
  2604  1802   24.20911   31 1763   38.00000   23.74713  37.5%  1543 1786s
  2607  1804   24.02489   32 1892   38.00000   23.74713  37.5%  1545 1791s
  2609  1805   24.66902   33 1682   38.00000   23.74713  37.5%  1548 1795s
  2613  1808   24.41060   35 1663   38.00000   23.74713  37.5%  1550 1800s
  2617  1811   24.42450   37 1491   38.00000   23.74713  37.5%  1551 1805s
  2621  1813   24.47121   39 1611   38.00000   23.74713  37.5%  1554 1811s
  2625  1816   24.49718   41 1752   38.00000   23.74713  37.5%  1557 1818s
  2627  1817   24.57141   42 1884   38.00000   23.74713  37.5%  1558 1820s
  2631  1820   24.97409   44 1556   38.00000   23.74713  37.5%  1560 1825s
  2635  1823   24.87945   46 1713   38.00000   23.74713  37.5%  1562 1831s
  2639  1825   24.32023   48 1602   38.00000   23.74713  37.5%  1563 1835s
  2640  1826   24.31169   49 1491   38.00000   23.74713  37.5%  1563 1840s
  2644  1829   24.49771   51 1515   38.00000   23.74713  37.5%  1565 1846s
  2649  1832   24.91739   53 1388   38.00000   23.74713  37.5%  1568 1851s
  2655  1836   24.86598   56 1513   38.00000   23.74713  37.5%  1567 1855s
  2660  1839   24.59706   59 1497   38.00000   23.74713  37.5%  1568 1860s
  2664  1842   24.68744   61 1427   38.00000   23.74713  37.5%  1569 1865s
  2669  1845   24.92083   63 1440   38.00000   23.74713  37.5%  1572 1871s
  2672  1847   24.76500   65 1255   38.00000   23.74713  37.5%  1574 1875s
  2678  1851   24.82660   68 1325   38.00000   23.74713  37.5%  1575 1880s
  2691  1860   25.36212   74 1071   38.00000   23.74713  37.5%  1574 1886s
  2694  1862   25.04567   76 1282   38.00000   23.74713  37.5%  1572 1890s
  2701  1867   25.38306   79  984   38.00000   23.74713  37.5%  1574 1897s
  2705  1869   25.73100   81  993   38.00000   23.74713  37.5%  1576 1901s
  2709  1872   25.27754   83 1303   38.00000   23.74713  37.5%  1580 1907s
  2713  1875   25.96059   85  918   38.00000   23.74713  37.5%  1582 1910s
  2718  1878   25.20709   88 1229   38.00000   23.74713  37.5%  1584 1915s
  2723  1881   25.50787   90 1032   38.00000   23.74713  37.5%  1585 1920s
  2726  1883   25.84835   92 1016   38.00000   23.74713  37.5%  1589 1925s
  2729  1885   25.84835   93  981   38.00000   23.74713  37.5%  1592 1930s
  2733  1888   26.09781   95 1053   38.00000   23.74713  37.5%  1598 1936s
  2737  1891   26.16108   97  904   38.00000   23.74713  37.5%  1600 1940s
  2745  1896   25.97234  101 1051   38.00000   23.74713  37.5%  1603 1945s
H 2748  1837                      37.0000000   23.74713  35.8%  1604 1950s
  2757  1845   26.28515  107  945   37.00000   23.74713  35.8%  1603 1955s
  2765  1850   26.18367  111  987   37.00000   23.74713  35.8%  1603 1960s
  2775  1857   26.11384  116  897   37.00000   23.74713  35.8%  1603 1966s
  2783  1862   26.57939  120  843   37.00000   23.74713  35.8%  1603 1970s
  2794  1870   26.27688  126  936   37.00000   23.74713  35.8%  1602 1975s
  2802  1875   26.32516  130 1027   37.00000   23.74713  35.8%  1602 1982s
  2809  1880   26.71725  133  798   37.00000   23.74713  35.8%  1602 1985s
  2818  1886   26.34532  138 1063   37.00000   23.74713  35.8%  1600 1990s
  2829  1893   27.47042  143 1073   37.00000   23.74713  35.8%  1599 1996s
  2846  1904   26.64535  152  961   37.00000   23.74713  35.8%  1592 2000s
  2856  1911   26.76014  157  939   37.00000   23.74713  35.8%  1591 2005s
  2869  1920   27.79125  163  795   37.00000   23.74713  35.8%  1589 2010s
  2883  1929   27.68341  170  818   37.00000   23.74713  35.8%  1582 2015s
  2895  1937   27.13274  176  805   37.00000   23.74713  35.8%  1581 2020s
  2909  1946   27.75044  183  705   37.00000   23.74713  35.8%  1579 2025s
  2910  1947   27.09484  184  836   37.00000   23.74713  35.8%  1579 2030s
  2922  1955   27.10407  190  869   37.00000   23.74713  35.8%  1576 2035s
  2933  1962   27.42849  195  675   37.00000   23.74713  35.8%  1575 2043s
  2937  1965   28.03561  197  852   37.00000   23.74713  35.8%  1573 2045s
  2952  1975   27.21741  205  864   37.00000   23.74713  35.8%  1570 2050s
  2958  1979   27.21741  208  862   37.00000   23.74713  35.8%  1568 2062s
  2964  1983   27.22918  211  835   37.00000   23.74713  35.8%  1566 2067s
  2975  1990   27.95202  216  769   37.00000   23.74713  35.8%  1562 2070s
  2989  2000   28.21687  223  857   37.00000   23.74713  35.8%  1561 2075s
  2994  2003   27.65561  226  817   37.00000   23.74713  35.8%  1560 2080s
  3006  2011   27.83057  232  770   37.00000   23.74713  35.8%  1557 2085s
  3023  2022   28.55381  240  667   37.00000   23.74713  35.8%  1552 2090s
  3042  2035   28.20313  250  669   37.00000   23.74713  35.8%  1548 2095s
  3062  2048   28.26671  260  683   37.00000   23.74713  35.8%  1543 2100s
  3072  2055   28.28163  265  720   37.00000   23.74713  35.8%  1541 2107s
  3083  2062   28.96714  270  554   37.00000   23.74713  35.8%  1539 2110s
  3099  2073   28.80667  278  603   37.00000   23.74713  35.8%  1533 2115s
  3124  2090   28.68363  291  674   37.00000   23.74713  35.8%  1525 2120s
  3126  2091   28.71770  292  565   37.00000   23.74713  35.8%  1525 2125s
  3142  2102   28.86203  300  802   37.00000   23.74713  35.8%  1520 2130s
  3167  2120   29.48599  312  627   37.00000   23.74713  35.8%  1513 2135s
  3196  2149   29.83539  327  618   37.00000   23.74713  35.8%  1505 2140s
  3237  2190   31.29359  347  323   37.00000   23.74713  35.8%  1489 2145s
  3293  2246   33.01429  375  236   37.00000   23.74713  35.8%  1466 2150s
  3355  2308   33.77730  406  230   37.00000   23.74713  35.8%  1441 2155s
  3417  2370   34.27730  437  246   37.00000   23.74713  35.8%  1416 2160s
  3453  2386   23.93065   24 1909   37.00000   23.74996  35.8%  1404 2201s
  3454  2387   23.77464   24 2085   37.00000   23.74996  35.8%  1404 2208s
  3456  2389   23.86993   25 1912   37.00000   23.74996  35.8%  1404 2210s
  3461  2394   23.97573   28 1947   37.00000   23.74996  35.8%  1405 2215s
  3466  2399   24.18456   30 1766   37.00000   23.74996  35.8%  1407 2220s
  3473  2406   24.34855   34 1662   37.00000   23.74996  35.8%  1407 2225s
  3477  2410   24.37456   36 1625   37.00000   23.74996  35.8%  1408 2230s
  3481  2414   24.39792   38 1586   37.00000   23.74996  35.8%  1410 2240s
  3488  2421   24.74345   41 1502   37.00000   23.74996  35.8%  1411 2245s
  3494  2427   24.70645   44 1470   37.00000   23.74996  35.8%  1412 2250s
  3502  2435   24.98102   48 1401   37.00000   23.74996  35.8%  1411 2255s
  3506  2439   24.66448   50 1569   37.00000   23.74996  35.8%  1413 2260s
  3514  2447   25.15006   54 1253   37.00000   23.74996  35.8%  1414 2266s
  3519  2452   25.08885   57 1374   37.00000   23.74996  35.8%  1414 2270s
  3526  2459   25.45519   60 1267   37.00000   23.74996  35.8%  1415 2275s
  3531  2464   25.28122   63 1254   37.00000   23.74996  35.8%  1417 2280s
  3536  2469   25.34560   65 1199   37.00000   23.74996  35.8%  1418 2285s
  3542  2475   25.96701   68  989   37.00000   23.74996  35.8%  1420 2290s
  3548  2481   25.82453   71 1227   37.00000   23.74996  35.8%  1421 2295s
  3553  2486   25.83219   74 1056   37.00000   23.74996  35.8%  1422 2301s
  3557  2490   25.92788   76 1172   37.00000   23.74996  35.8%  1423 2305s
  3564  2497   25.94688   79 1112   37.00000   23.74996  35.8%  1425 2310s
  3570  2503   25.99565   82 1211   37.00000   23.74996  35.8%  1426 2315s
  3574  2507   26.62853   84  832   37.00000   23.74996  35.8%  1429 2321s
  3578  2511   26.64207   86  898   37.00000   23.74996  35.8%  1431 2325s
  3584  2517   26.35050   89  874   37.00000   23.74996  35.8%  1432 2331s
  3588  2521   26.04535   91 1131   37.00000   23.74996  35.8%  1434 2335s
  3594  2527   26.76670   94  833   37.00000   23.74996  35.8%  1435 2340s
  3605  2538   26.26281  100 1022   37.00000   23.74996  35.8%  1434 2345s
  3607  2540   26.26748  101  989   37.00000   23.74996  35.8%  1433 2350s
  3616  2549   26.88369  105  982   37.00000   23.74996  35.8%  1434 2355s
  3624  2557   26.55578  109  960   37.00000   23.74996  35.8%  1435 2360s
  3631  2564   26.39895  113 1187   37.00000   23.74996  35.8%  1436 2365s
  3634  2567   26.82860  114  821   37.00000   23.74996  35.8%  1438 2372s
  3641  2574   26.47374  118 1052   37.00000   23.74996  35.8%  1437 2375s
  3647  2580   26.75910  121 1034   37.00000   23.74996  35.8%  1439 2380s
  3656  2589   27.20522  125  784   37.00000   23.74996  35.8%  1440 2385s
  3666  2599   27.33601  130  846   37.00000   23.74996  35.8%  1439 2390s
  3676  2609   27.31923  135  927   37.00000   23.74996  35.8%  1440 2395s
  3688  2621   27.48681  141  844   37.00000   23.74996  35.8%  1438 2401s
  3700  2633   27.58935  147  844   37.00000   23.74996  35.8%  1436 2405s
  3715  2648   27.45068  155  941   37.00000   23.74996  35.8%  1433 2411s
  3732  2665   29.16543  163  669   37.00000   23.74996  35.8%  1429 2415s
  3748  2681   29.20300  171  637   37.00000   23.74996  35.8%  1426 2420s
  3766  2699   29.34852  180  837   37.00000   23.74996  35.8%  1424 2425s
  3777  2710   28.97328  186  649   37.00000   23.74996  35.8%  1421 2430s
  3796  2729   30.10514  195  654   37.00000   23.74996  35.8%  1417 2435s
  3812  2745   29.99400  203  608   37.00000   23.74996  35.8%  1416 2440s
  3823  2756   29.49630  209  575   37.00000   23.74996  35.8%  1414 2445s
  3843  2776   29.66793  219  610   37.00000   23.74996  35.8%  1410 2450s
  3876  2809   30.92463  235  572   37.00000   23.74996  35.8%  1402 2455s
  3901  2834   31.35791  248  516   37.00000   23.74996  35.8%  1397 2460s
  3933  2866   31.39397  264  540   37.00000   23.74996  35.8%  1388 2465s
  3941  2874   32.12309  268  467   37.00000   23.74996  35.8%  1385 2484s
  3942  2875   32.10216  268  498   37.00000   23.74996  35.8%  1385 2486s
  3975  2908   32.19860  285  407   37.00000   23.74996  35.8%  1376 2492s
  3996  2928   34.64010  295  335   37.00000   23.74996  35.8%  1370 2495s
  4035  2945   24.07593   23 1758   37.00000   23.75991  35.8%  1360 2503s
  4037  2947   24.23229   24 1698   37.00000   23.75991  35.8%  1361 2505s
  4042  2952   24.19983   27 1710   37.00000   23.75991  35.8%  1362 2510s
  4043  2953   24.45502   27 1515   37.00000   23.75991  35.8%  1363 2515s
  4049  2959   24.36077   30 1806   37.00000   23.75991  35.8%  1363 2520s
  4053  2963   24.81356   32 1734   37.00000   23.75991  35.8%  1365 2525s
  4060  2970   24.66479   36 1382   37.00000   23.75991  35.8%  1365 2530s
  4067  2977   25.03567   39 1429   37.00000   23.75991  35.8%  1365 2535s
  4072  2982   25.30155   42 1351   37.00000   23.75991  35.8%  1366 2540s
  4079  2989   25.43903   45 1304   37.00000   23.75991  35.8%  1367 2545s
  4083  2993   25.78876   47 1291   37.00000   23.75991  35.8%  1369 2550s
  4086  2996   25.41212   49 1081   37.00000   23.75991  35.8%  1372 2555s
  4093  3003   26.13626   52 1047   37.00000   23.75991  35.8%  1374 2561s
  4097  3007   26.14480   54  959   37.00000   23.75991  35.8%  1377 2566s
  4101  3011   26.12010   56  993   37.00000   23.75991  35.8%  1379 2570s
  4104  3014   25.80600   58 1191   37.00000   23.75991  35.8%  1380 2575s
  4113  3023   26.32856   62 1019   37.00000   23.75991  35.8%  1380 2580s
  4119  3029   26.08693   65 1079   37.00000   23.75991  35.8%  1382 2585s
  4131  3041   27.11653   71 1079   37.00000   23.75991  35.8%  1380 2590s
  4144  3054   26.51418   78  998   37.00000   23.75991  35.8%  1379 2595s
  4155  3065   26.83511   83  869   37.00000   23.75991  35.8%  1379 2600s
  4161  3071   27.17815   86  670   37.00000   23.75991  35.8%  1380 2605s
  4171  3081   27.71156   91  750   37.00000   23.75991  35.8%  1381 2610s
  4185  3095   28.17209   98  607   37.00000   23.75991  35.8%  1380 2615s
  4203  3113   28.83328  107  608   37.00000   23.75991  35.8%  1376 2620s
  4228  3138   28.45549  120  617   37.00000   23.75991  35.8%  1370 2625s
  4239  3149   28.57355  125  614   37.00000   23.75991  35.8%  1368 2631s
  4251  3161   28.92746  131  478   37.00000   23.75991  35.8%  1368 2635s
  4266  3176   28.57980  139  639   37.00000   23.75991  35.8%  1367 2641s
  4283  3191   29.54190  147  761   37.00000   23.75991  35.8%  1364 2645s
  4301  3209   29.74413  156  464   37.00000   23.75991  35.8%  1362 2650s
  4319  3227   30.27091  165  538   37.00000   23.75991  35.8%  1361 2658s
  4323  3231   29.74413  167  414   37.00000   23.75991  35.8%  1361 2660s
  4354  3260 infeasible  183        37.00000   23.75991  35.8%  1356 2665s
  4394  3298   32.00807  203  311   37.00000   23.75991  35.8%  1348 2670s
  4434  3338   32.17821  223  440   37.00000   23.75991  35.8%  1340 2675s
  4484  3388   32.73890  248  392   37.00000   23.75991  35.8%  1329 2680s
  4542  3444   33.25712  277  339   37.00000   23.75991  35.8%  1314 2685s
  4585  3485   34.52294  298  324   37.00000   23.75991  35.8%  1305 2690s
  4645  3521 infeasible  328        37.00000   23.75991  35.8%  1290 2695s
  4650  3518   23.88911   27 2149   37.00000   23.76028  35.8%  1290 2708s
  4651  3519   24.37114   28 2136   37.00000   23.76028  35.8%  1291 2710s
  4653  3521   24.68086   29 2083   37.00000   23.76028  35.8%  1293 2715s
  4656  3524   23.97900   30 2040   37.00000   23.76028  35.8%  1294 2720s
  4660  3528   24.45911   32 1792   37.00000   23.76028  35.8%  1296 2726s
  4663  3531   24.47649   34 1888   37.00000   23.76028  35.8%  1297 2730s
  4667  3535   24.69693   36 1929   37.00000   23.76028  35.8%  1299 2736s
  4669  3537   24.74735   37 1840   37.00000   23.76028  35.8%  1301 2743s
  4670  3538   24.97928   37 1842   37.00000   23.76028  35.8%  1302 2745s
  4674  3542   24.95675   39 1566   37.00000   23.76028  35.8%  1304 2750s
  4678  3546   25.45020   41 1445   37.00000   23.76028  35.8%  1305 2756s
  4681  3549   25.40024   43 1358   37.00000   23.76028  35.8%  1306 2760s
  4690  3558   26.35753   47 1339   37.00000   23.76028  35.8%  1306 2765s
  4700  3568   26.55793   52 1193   37.00000   23.76028  35.8%  1305 2770s
  4706  3574   26.42606   55 1194   37.00000   23.76028  35.8%  1305 2778s
  4711  3579   26.42156   58 1234   37.00000   23.76028  35.8%  1305 2780s
  4718  3586   27.12465   61 1187   37.00000   23.76028  35.8%  1305 2785s
  4724  3592   26.71115   64 1133   37.00000   23.76028  35.8%  1307 2790s
  4732  3600   26.99199   68 1025   37.00000   23.76028  35.8%  1307 2795s
  4741  3609   26.82532   73 1091   37.00000   23.76028  35.8%  1308 2800s
  4752  3620   27.54001   78 1088   37.00000   23.76028  35.8%  1309 2806s
  4761  3629   27.03988   83 1037   37.00000   23.76028  35.8%  1308 2810s
  4769  3637   27.06912   87  966   37.00000   23.76028  35.8%  1309 2815s
  4775  3643   27.08938   90  877   37.00000   23.76028  35.8%  1310 2820s
  4784  3652   27.14701   94  978   37.00000   23.76028  35.8%  1311 2825s
  4788  3656   27.40439   96  871   37.00000   23.76028  35.8%  1311 2830s
  4795  3663   27.15883  100  995   37.00000   23.76028  35.8%  1313 2835s
  4800  3668   27.15883  102 1058   37.00000   23.76028  35.8%  1315 2840s
  4808  3676   27.86653  106  840   37.00000   23.76028  35.8%  1318 2846s
  4815  3683   27.15883  110  779   37.00000   23.76028  35.8%  1318 2850s
  4823  3691   27.16860  114  921   37.00000   23.76028  35.8%  1320 2855s
  4831  3699   27.16860  118 1055   37.00000   23.76028  35.8%  1322 2860s
  4842  3710   28.25301  123  794   37.00000   23.76028  35.8%  1322 2867s
  4848  3716   27.68273  126  719   37.00000   23.76028  35.8%  1321 2870s
  4865  3733   27.73414  135  733   37.00000   23.76028  35.8%  1320 2875s
  4878  3746   28.17765  141  638   37.00000   23.76028  35.8%  1320 2880s
  4895  3763   28.16109  150  572   37.00000   23.76028  35.8%  1319 2885s
  4901  3769   28.16109  153  669   37.00000   23.76028  35.8%  1319 2890s
  4912  3780   28.16185  158  745   37.00000   23.76028  35.8%  1320 2895s
  4922  3790   28.56248  163  639   37.00000   23.76028  35.8%  1321 2900s
  4924  3792   28.50088  164  641   37.00000   23.76028  35.8%  1321 2925s
  4936  3804   28.52326  170  582   37.00000   23.76028  35.8%  1322 2930s
  4948  3816   28.63802  176  625   37.00000   23.76028  35.8%  1323 2935s
  4951  3819   28.16663  178  698   37.00000   23.76028  35.8%  1322 2940s
  4964  3832   28.86955  184  519   37.00000   23.76028  35.8%  1322 2945s
  4977  3845   28.72331  191  555   37.00000   23.76028  35.8%  1322 2950s
  4986  3854   29.56890  195  577   37.00000   23.76028  35.8%  1323 2955s
  4998  3866   29.36879  201  509   37.00000   23.76028  35.8%  1322 2993s
  5004  3872   29.15936  204  544   37.00000   23.76028  35.8%  1321 2998s
  5010  3878   29.44132  207  542   37.00000   23.76028  35.8%  1321 3000s
  5026  3894   28.79930  215  556   37.00000   23.76028  35.8%  1320 3005s
  5042  3910   29.42051  223  498   37.00000   23.76028  35.8%  1317 3010s
  5058  3926   30.42051  231  450   37.00000   23.76028  35.8%  1315 3015s
  5075  3943   30.33020  240  423   37.00000   23.76028  35.8%  1314 3020s
  5101  3969   30.58511  253  441   37.00000   23.76028  35.8%  1310 3047s
  5115  3983   30.60223  260  460   37.00000   23.76028  35.8%  1307 3050s
  5149  4017   30.77548  277  457   37.00000   23.76028  35.8%  1300 3055s
  5172  4040   32.79293  288  392   37.00000   23.76028  35.8%  1296 3060s
  5217  4085   32.72258  311  369   37.00000   23.76028  35.8%  1287 3065s
  5249  4117   32.73814  327  390   37.00000   23.76028  35.8%  1281 3070s
  5262  4130   33.54472  333  370   37.00000   23.76028  35.8%  1279 3075s
  5305  4173   33.22268  355  293   37.00000   23.76028  35.8%  1270 3080s
  5355  4223   33.37287  380  265   37.00000   23.76028  35.8%  1261 3085s
  5413  4281   33.37297  409  262   37.00000   23.76028  35.8%  1248 3090s
  5479  4319   35.05445  444  171   37.00000   23.76028  35.8%  1236 3095s
  5510  4318   23.92340   28 2081   37.00000   23.81565  35.6%  1230 3100s
  5511  4319   24.37487   28 1917   37.00000   23.81565  35.6%  1231 3107s
  5513  4321   24.21742   29 1895   37.00000   23.81565  35.6%  1232 3110s
  5519  4327   24.24404   32 1903   37.00000   23.81565  35.6%  1233 3115s
  5524  4332   24.82632   35 1761   37.00000   23.81565  35.6%  1234 3120s
  5529  4337   25.27794   37 1569   37.00000   23.81565  35.6%  1235 3125s
  5534  4342   25.36040   40 1593   37.00000   23.81565  35.6%  1236 3130s
  5544  4352   25.69375   45 1261   37.00000   23.81565  35.6%  1237 3135s
  5555  4363   25.89716   50  957   37.00000   23.81565  35.6%  1237 3140s
  5564  4372   25.77200   55 1018   37.00000   23.81565  35.6%  1238 3145s
  5573  4381   26.21907   59 1242   37.00000   23.81565  35.6%  1239 3150s
  5581  4389   26.34842   63 1045   37.00000   23.81565  35.6%  1240 3155s
  5593  4401   26.38622   69 1107   37.00000   23.81565  35.6%  1240 3160s
  5599  4407   26.36579   72  985   37.00000   23.81565  35.6%  1241 3165s
  5603  4411   26.21758   74 1111   37.00000   23.81565  35.6%  1241 3171s
  5611  4419   26.84991   78 1067   37.00000   23.81565  35.6%  1242 3175s
  5621  4429   26.44092   83  936   37.00000   23.81565  35.6%  1243 3180s
  5633  4441   26.50920   89 1192   37.00000   23.81565  35.6%  1243 3185s
  5637  4445   26.71494   91 1026   37.00000   23.81565  35.6%  1244 3191s
  5645  4453   26.69740   95 1119   37.00000   23.81565  35.6%  1244 3195s
  5657  4465   26.99811  101  933   37.00000   23.81565  35.6%  1245 3200s
  5670  4478   27.30639  108  873   37.00000   23.81565  35.6%  1246 3205s
  5685  4493   27.80163  115  748   37.00000   23.81565  35.6%  1245 3210s
  5695  4503   27.76131  120  757   37.00000   23.81565  35.6%  1246 3215s
  5706  4514   27.30918  126  943   37.00000   23.81565  35.6%  1247 3220s
  5716  4524   27.35684  131  777   37.00000   23.81565  35.6%  1247 3226s
  5724  4532   27.35684  135  760   37.00000   23.81565  35.6%  1248 3230s
  5739  4547   28.33390  142  707   37.00000   23.81565  35.6%  1248 3235s
  5751  4559   28.07801  148  731   37.00000   23.81565  35.6%  1249 3240s
  5774  4582   28.86861  160  651   37.00000   23.81565  35.6%  1245 3245s
  5787  4595   29.35907  166  613   37.00000   23.81565  35.6%  1244 3251s
  5801  4609   29.55336  173  661   37.00000   23.81565  35.6%  1244 3255s
  5821  4629   29.55336  183  631   37.00000   23.81565  35.6%  1242 3260s
  5843  4651   29.55413  194  627   37.00000   23.81565  35.6%  1241 3265s
  5868  4676   29.57722  207  691   37.00000   23.81565  35.6%  1239 3270s
  5907  4715   31.07722  226  452   37.00000   23.81565  35.6%  1233 3295s
  5922  4730   30.24367  234  441   37.00000   23.81565  35.6%  1231 3300s
  5965  4773   31.12004  255  441   37.00000   23.81565  35.6%  1224 3305s
  5988  4796   31.24532  267  455   37.00000   23.81565  35.6%  1220 3310s
  6019  4827   34.18701  282  344   37.00000   23.81565  35.6%  1215 3315s
  6056  4864   34.40564  301  299   37.00000   23.81565  35.6%  1209 3320s
  6117  4919   36.00000  330  278   37.00000   23.81565  35.6%  1199 3325s
  6130  4916   24.08682   21 1987   37.00000   23.82096  35.6%  1198 3340s
  6132  4918   24.40163   22 1983   37.00000   23.82096  35.6%  1200 3348s
  6135  4921   24.56388   24 1911   37.00000   23.82096  35.6%  1200 3350s
  6139  4925   24.80185   26 1751   37.00000   23.82096  35.6%  1200 3355s
  6146  4932   25.63939   29 1663   37.00000   23.82096  35.6%  1200 3360s
  6152  4938   25.36273   32 1555   37.00000   23.82096  35.6%  1201 3365s
  6157  4943   25.34055   35 1611   37.00000   23.82096  35.6%  1201 3370s
  6162  4948   25.34088   37 1705   37.00000   23.82096  35.6%  1202 3375s
  6166  4952   25.41827   39 1410   37.00000   23.82096  35.6%  1203 3385s
  6172  4958   25.79172   42 1606   37.00000   23.82096  35.6%  1204 3392s
  6176  4962   25.76856   44 1460   37.00000   23.82096  35.6%  1204 3395s
  6180  4966   25.99463   46 1336   37.00000   23.82096  35.6%  1205 3400s
  6186  4972   26.14819   49 1363   37.00000   23.82096  35.6%  1206 3405s
  6194  4980   25.81221   53 1355   37.00000   23.82096  35.6%  1206 3410s
  6202  4988   26.43964   57 1328   37.00000   23.82096  35.6%  1206 3415s
  6208  4994   26.48166   60 1360   37.00000   23.82096  35.6%  1206 3420s
  6216  5002   26.79388   64 1243   37.00000   23.82096  35.6%  1207 3425s
  6224  5010   26.48110   68 1479   37.00000   23.82096  35.6%  1207 3430s
  6229  5015   26.66057   71 1546   37.00000   23.82096  35.6%  1207 3435s
  6233  5019   26.77675   73 1226   37.00000   23.82096  35.6%  1208 3440s
  6240  5026   27.26997   76 1321   37.00000   23.82096  35.6%  1209 3445s
  6248  5034   27.17265   80 1145   37.00000   23.82096  35.6%  1209 3450s
  6254  5040   27.39737   83 1232   37.00000   23.82096  35.6%  1210 3455s
  6258  5044   27.54353   85 1040   37.00000   23.82096  35.6%  1210 3461s
  6270  5056   27.83962   91 1116   37.00000   23.82096  35.6%  1209 3465s
  6280  5066   28.86571   96  835   37.00000   23.82096  35.6%  1209 3470s
  6289  5075   29.26229  101  913   37.00000   23.82096  35.6%  1209 3475s
  6299  5085   28.86820  106  904   37.00000   23.82096  35.6%  1209 3480s
  6310  5096   29.76165  111  786   37.00000   23.82096  35.6%  1209 3485s
  6314  5100   29.96844  113  941   37.00000   23.82096  35.6%  1210 3490s
  6328  5114   30.13547  120  821   37.00000   23.82096  35.6%  1209 3495s
  6339  5125   30.48047  126  799   37.00000   23.82096  35.6%  1209 3501s
  6354  5140   31.41858  133  734   37.00000   23.82096  35.6%  1207 3505s
  6366  5152   31.88249  139  654   37.00000   23.82096  35.6%  1207 3513s
  6372  5158   31.89691  142  708   37.00000   23.82096  35.6%  1207 3515s
  6389  5175   31.59334  151  735   37.00000   23.82096  35.6%  1206 3520s
  6404  5190   32.02683  158  724   37.00000   23.82096  35.6%  1205 3525s
  6419  5205   31.92402  166  792   37.00000   23.82096  35.6%  1203 3530s
  6430  5216   32.35941  171  746   37.00000   23.82096  35.6%  1204 3535s
  6441  5227   32.14609  177  804   37.00000   23.82096  35.6%  1203 3540s
  6455  5241   32.35674  184  766   37.00000   23.82096  35.6%  1202 3545s
  6480  5266   32.94288  196  591   37.00000   23.82096  35.6%  1200 3550s
  6495  5281   33.39126  204  638   37.00000   23.82096  35.6%  1199 3555s
  6510  5296   33.46747  211  644   37.00000   23.82096  35.6%  1199 3560s
  6511  5297   33.05975  212  562   37.00000   23.82096  35.6%  1199 3565s
  6543  5329   33.23081  228  529   37.00000   23.82096  35.6%  1195 3570s
  6572  5358   34.44462  242  385   37.00000   23.82096  35.6%  1192 3575s
  6620  5406   34.48380  266  362   37.00000   23.82096  35.6%  1185 3580s
  6674  5456   33.87101  293  503   37.00000   23.82096  35.6%  1176 3585s
  6720  5496   35.04131  316  365   37.00000   23.82096  35.6%  1169 3590s
  6773  5527   34.90722  343  429   37.00000   23.82096  35.6%  1161 3595s
  6795  5529   24.23522   21 2140   37.00000   23.82173  35.6%  1159 3608s
  6796  5530   24.33308   22 1982   37.00000   23.82173  35.6%  1159 3610s
  6801  5535   25.53717   27 1612   37.00000   23.82173  35.6%  1160 3615s
  6812  5546   25.75225   37 1651   37.00000   23.82173  35.6%  1159 3620s
  6817  5551   26.23250   38 1557   37.00000   23.82173  35.6%  1160 3625s
  6821  5555   26.31404   38 1542   37.00000   23.82173  35.6%  1161 3630s
  6827  5561   26.17327   42 1375   37.00000   23.82173  35.6%  1161 3635s
  6832  5566   26.21117   46 1650   37.00000   23.82173  35.6%  1162 3640s
  6837  5571   26.44224   48 1660   37.00000   23.82173  35.6%  1162 3645s
  6845  5579   26.71016   50 1520   37.00000   23.82173  35.6%  1162 3650s
  6850  5584   26.89693   52 1690   37.00000   23.82173  35.6%  1163 3657s
  6855  5589   27.38896   54 1213   37.00000   23.82173  35.6%  1163 3660s
  6862  5596   27.79348   57  868   37.00000   23.82173  35.6%  1164 3665s
  6864  5598   27.85190   59 1210   37.00000   23.82173  35.6%  1164 3671s
  6872  5606   27.83658   65 1173   37.00000   23.82173  35.6%  1164 3675s
  6885  5619   28.00640   76 1096   37.00000   23.82173  35.6%  1164 3680s
  6890  5624   28.09941   79 1199   37.00000   23.82173  35.6%  1164 3725s
  6891  5625   28.09942   80 1174   37.00000   23.82173  35.6%  1163 3740s
  6906  5640   29.58688   88 1081   37.00000   23.82173  35.6%  1162 3745s
  6921  5655   29.20742   99 1181   37.00000   23.82173  35.6%  1160 3750s
  6941  5675   29.41175  119 1122   37.00000   23.82173  35.6%  1158 3755s
  6954  5688   29.70356  128 1309   37.00000   23.82173  35.6%  1157 3760s
  6960  5694   29.86773  130 1085   37.00000   23.82173  35.6%  1157 3765s
  6969  5703   29.93616  137 1096   37.00000   23.82173  35.6%  1157 3770s
  6973  5707   29.94798  141 1065   37.00000   23.82173  35.6%  1157 3775s
  6978  5712   30.05042  142 1133   37.00000   23.82173  35.6%  1159 3780s
  6984  5718   30.34463  148  976   37.00000   23.82173  35.6%  1158 3785s
  6997  5731   31.00251  153  714   37.00000   23.82173  35.6%  1157 3790s
  7004  5738   30.37850  161  871   37.00000   23.82173  35.6%  1156 3795s
  7014  5748   31.22305  166  867   37.00000   23.82173  35.6%  1156 3800s
  7026  5760   31.22237  168  782   37.00000   23.82173  35.6%  1155 3805s
  7048  5781   32.14413  172  939   37.00000   23.82173  35.6%  1154 3810s
  7070  5801   33.16177  184  625   37.00000   23.82173  35.6%  1152 3815s
  7092  5821   33.06677  197  611   37.00000   23.82173  35.6%  1149 3820s
  7113  5842   34.55819  208  487   37.00000   23.82173  35.6%  1148 3825s
  7130  5859   35.47495  217  509   37.00000   23.82173  35.6%  1147 3830s
  7133  5862   35.31975  215  508   37.00000   23.82173  35.6%  1147 3835s
  7157  5863   24.07259   24 2289   37.00000   23.82976  35.6%  1146 3846s
  7160  5866   24.59713   27 1761   37.00000   23.82976  35.6%  1147 3858s
  7161  5867   25.22087   28 1460   37.00000   23.82976  35.6%  1148 3862s
  7165  5871   25.19647   30 1681   37.00000   23.82976  35.6%  1149 3867s
  7169  5875   24.93400   32 1837   37.00000   23.82976  35.6%  1149 3870s
  7173  5879   25.37461   34 1575   37.00000   23.82976  35.6%  1151 3875s
  7180  5886   25.70304   40 1382   37.00000   23.82976  35.6%  1151 3881s
  7183  5889   25.80712   39 1581   37.00000   23.82976  35.6%  1152 3885s
  7189  5895   25.82507   45 1504   37.00000   23.82976  35.6%  1152 3890s
  7192  5898   26.01994   45 1402   37.00000   23.82976  35.6%  1154 3896s
  7198  5904   26.06107   50 1469   37.00000   23.82976  35.6%  1154 3903s
  7201  5907   26.17070   53 1329   37.00000   23.82976  35.6%  1154 3905s
  7211  5917   26.60479   60 1058   37.00000   23.82976  35.6%  1154 3910s
  7213  5919   26.52520   62 1227   37.00000   23.82976  35.6%  1155 3915s
  7219  5925   27.39125   62 1333   37.00000   23.82976  35.6%  1157 3920s
  7225  5931   26.97403   69 1230   37.00000   23.82976  35.6%  1156 3925s
  7230  5936   27.13612   72 1142   37.00000   23.82976  35.6%  1157 3930s
  7242  5948   27.46134   82 1076   37.00000   23.82976  35.6%  1157 3935s
  7250  5956   27.61199   88 1028   37.00000   23.82976  35.6%  1158 3941s
  7263  5969   28.16180   93  840   37.00000   23.82976  35.6%  1157 3945s
  7267  5973   28.26518   95  850   37.00000   23.82976  35.6%  1157 3950s
  7279  5985   27.87882  105  921   37.00000   23.82976  35.6%  1157 3955s
  7292  5998   28.55607  111  955   37.00000   23.82976  35.6%  1157 3964s
  7293  5999   28.35275  110  967   37.00000   23.82976  35.6%  1157 3965s
  7311  6017   28.41672  123 1056   37.00000   23.82976  35.6%  1155 3970s
  7333  6039   28.61101  143 1047   37.00000   23.82976  35.6%  1153 3975s
  7339  6045   29.24159  143  954   37.00000   23.82976  35.6%  1154 3981s
  7358  6064   28.70925  163  833   37.00000   23.82976  35.6%  1152 3985s
  7373  6079   29.19286  172  824   37.00000   23.82976  35.6%  1151 3990s
  7386  6092   29.81649  183  594   37.00000   23.82976  35.6%  1150 3999s
  7387  6093   29.69607  182  619   37.00000   23.82976  35.6%  1151 4000s
  7392  6096   30.10221  184  650   37.00000   23.82976  35.6%  1152 4005s
  7402  6106   29.98466  187  624   37.00000   23.82976  35.6%  1153 4010s
  7408  6112   29.98316  186  629   37.00000   23.82976  35.6%  1153 4017s
  7428  6132   30.07296  205  731   37.00000   23.82976  35.6%  1151 4020s
  7452  6156   30.16569  224  703   37.00000   23.82976  35.6%  1149 4025s
  7479  6181   31.01267  243  683   37.00000   23.82976  35.6%  1146 4030s
  7505  6207   31.08646  264  597   37.00000   23.82976  35.6%  1144 4035s
  7533  6235   31.79870  287  563   37.00000   23.82976  35.6%  1141 4040s
  7557  6259   31.41281  304  543   37.00000   23.82976  35.6%  1140 4045s
  7583  6285   31.54695  326  546   37.00000   23.82976  35.6%  1137 4050s
  7593  6295   31.73721  333  623   37.00000   23.82976  35.6%  1137 4056s
  7611  6313   32.50018  338  512   37.00000   23.82976  35.6%  1135 4060s
  7631  6333   33.88441  343  480   37.00000   23.82976  35.6%  1134 4065s
  7678  6380   34.40892  368  399   37.00000   23.82976  35.6%  1128 4070s
  7730  6422   35.45787  388  380   37.00000   23.82976  35.6%  1122 4075s
  7770  6422   24.49908   24 1954   37.00000   23.83187  35.6%  1119 4084s
  7771  6423   24.54434   25 1833   37.00000   23.83187  35.6%  1119 4085s
  7773  6425   25.03493   25 1571   37.00000   23.83187  35.6%  1120 4096s
  7778  6430   25.58890   30 1408   37.00000   23.83187  35.6%  1120 4100s
  7790  6442   26.22515   40 1471   37.00000   23.83187  35.6%  1119 4105s
  7797  6449   26.17374   42 1342   37.00000   23.83187  35.6%  1120 4110s
  7805  6457   26.43853   48 1227   37.00000   23.83187  35.6%  1119 4192s
  7806  6458   26.44832   49 1233   37.00000   23.83187  35.6%  1119 4197s
  7816  6468   27.24248   57 1235   37.00000   23.83187  35.6%  1118 4200s
  7827  6479   27.36593   63 1215   37.00000   23.83187  35.6%  1118 4205s
  7839  6491   27.74957   72 1014   37.00000   23.83187  35.6%  1118 4210s
  7850  6502   28.07389   77  986   37.00000   23.83187  35.6%  1117 4216s
  7860  6512   28.18536   83 1179   37.00000   23.83187  35.6%  1117 4220s
  7873  6525   28.21957   91 1182   37.00000   23.83187  35.6%  1117 4262s
  7880  6532   28.29969   97 1144   37.00000   23.83187  35.6%  1116 4265s
  7895  6547   28.67714  108 1004   37.00000   23.83187  35.6%  1115 4270s
  7904  6556   28.66207  112 1098   37.00000   23.83187  35.6%  1116 4275s
  7920  6572   29.06384  122  987   37.00000   23.83187  35.6%  1115 4280s
  7931  6583   29.21107  130  968   37.00000   23.83187  35.6%  1115 4288s
  7941  6593   29.23516  139 1060   37.00000   23.83187  35.6%  1114 4290s
  7963  6615   29.48807  150  781   37.00000   23.83187  35.6%  1112 4295s
  7979  6631   30.04317  154  631   37.00000   23.83187  35.6%  1111 4300s
  7996  6648   30.56083  164  569   37.00000   23.83187  35.6%  1110 4305s
  8013  6663   32.01150  167  601   37.00000   23.83187  35.6%  1109 4310s
  8016  6666   31.89409  167  425   37.00000   23.83187  35.6%  1109 4315s
  8055  6705   33.54493  187  445   37.00000   23.83187  35.6%  1105 4320s
  8118  6768   33.68341  216  320   37.00000   23.83187  35.6%  1097 4325s
  8175  6803   24.85088   33 2164   37.00000   23.83570  35.6%  1092 4335s
  8179  6807   25.92420   37 1742   37.00000   23.83570  35.6%  1093 4340s
  8183  6811   26.13627   39 1774   37.00000   23.83570  35.6%  1092 4348s
  8184  6812   25.98557   41 1602   37.00000   23.83570  35.6%  1093 4350s
  8188  6816   26.39162   43 1648   37.00000   23.83570  35.6%  1094 4355s
  8192  6820   26.95463   46 1604   37.00000   23.83570  35.6%  1094 4360s
  8197  6825   27.49531   48 1509   37.00000   23.83570  35.6%  1095 4366s
  8201  6829   27.68578   49 1457   37.00000   23.83570  35.6%  1096 4370s
  8210  6838   27.72575   54 1361   37.00000   23.83570  35.6%  1097 4375s
  8215  6843   27.72588   55 1291   37.00000   23.83570  35.6%  1098 4380s
  8220  6848   28.31219   58 1014   37.00000   23.83570  35.6%  1099 4386s
  8226  6854   28.34679   63 1130   37.00000   23.83570  35.6%  1100 4390s
  8231  6859   28.78302   64 1101   37.00000   23.83570  35.6%  1100 4395s
  8237  6865   28.86364   69  995   37.00000   23.83570  35.6%  1102 4400s
  8243  6871   29.41057   70  730   37.00000   23.83570  35.6%  1103 4405s
  8251  6879   30.00000   76  620   37.00000   23.83570  35.6%  1103 4410s
  8258  6886   29.49798   80  667   37.00000   23.83570  35.6%  1103 4416s
  8273  6901   29.66829   94  623   37.00000   23.83570  35.6%  1102 4420s
  8288  6916   29.86107  106  682   37.00000   23.83570  35.6%  1102 4425s
  8317  6945   31.88146  127  727   37.00000   23.83570  35.6%  1099 4430s
  8336  6964   31.34814  140  662   37.00000   23.83570  35.6%  1099 4435s
  8362  6990   31.16454  158  539   37.00000   23.83570  35.6%  1097 4440s
  8389  7017   31.41177  183  560   37.00000   23.83570  35.6%  1094 4445s
  8405  7033   32.35973  192  582   37.00000   23.83570  35.6%  1094 4452s
  8415  7043   32.15338  199  513   37.00000   23.83570  35.6%  1093 4455s
  8451  7079   32.62335  219  436   37.00000   23.83570  35.6%  1090 4460s
  8493  7121   33.83443  238  356   37.00000   23.83570  35.6%  1086 4465s
  8529  7125   25.16676   33 2161   37.00000   23.84800  35.5%  1084 4473s
  8532  7128   25.52120   35 1785   37.00000   23.84800  35.5%  1084 4476s
  8537  7133   25.70822   40 1701   37.00000   23.84800  35.5%  1084 4480s
  8544  7140   25.74782   45 1596   37.00000   23.84800  35.5%  1084 4485s
  8545  7141   25.77169   46 1597   37.00000   23.84800  35.5%  1084 4490s
  8555  7151   26.21335   54 1320   37.00000   23.84800  35.5%  1084 4495s
  8560  7156   26.09520   57 1451   37.00000   23.84800  35.5%  1085 4500s
  8568  7164   26.95698   61 1316   37.00000   23.84800  35.5%  1085 4506s
  8573  7169   27.01770   64 1212   37.00000   23.84800  35.5%  1087 4511s
  8579  7175   26.85133   69 1161   37.00000   23.84800  35.5%  1087 4515s
  8586  7182   27.07135   71 1236   37.00000   23.84800  35.5%  1087 4520s
  8594  7190   27.41024   75 1115   37.00000   23.84800  35.5%  1088 4525s
  8601  7197   27.39574   82 1122   37.00000   23.84800  35.5%  1088 4530s
  8608  7204   27.71902   87 1203   37.00000   23.84800  35.5%  1089 4536s
  8613  7209   27.85604   88 1089   37.00000   23.84800  35.5%  1090 4540s
  8617  7213   27.89445   90 1209   37.00000   23.84800  35.5%  1091 4546s
  8622  7218   28.07875   93  995   37.00000   23.84800  35.5%  1092 4550s
  8635  7231   28.31679   98  922   37.00000   23.84800  35.5%  1091 4555s
  8645  7241   28.54073  102  786   37.00000   23.84800  35.5%  1092 4560s
  8655  7251   28.56915  108  845   37.00000   23.84800  35.5%  1091 4565s
  8676  7272   28.72116  127  743   37.00000   23.84800  35.5%  1090 4572s
  8685  7281   30.03156  132  701   37.00000   23.84800  35.5%  1090 4575s
  8702  7298   30.35590  137  683   37.00000   23.84800  35.5%  1090 4580s
  8720  7316   30.81751  144  558   37.00000   23.84800  35.5%  1088 4585s
  8730  7326   31.19510  146  521   37.00000   23.84800  35.5%  1087 4591s
  8752  7348   31.50000  164  535   37.00000   23.84800  35.5%  1085 4595s
  8770  7366   32.16512  171  560   37.00000   23.84800  35.5%  1085 4600s
  8795  7391   31.68436  195  597   37.00000   23.84800  35.5%  1083 4605s
  8825  7421   32.26231  210  504   37.00000   23.84800  35.5%  1081 4610s
  8856  7452   33.04233  238  438   37.00000   23.84800  35.5%  1077 4656s
  8883  7479   33.04836  265  480   37.00000   23.84800  35.5%  1075 4660s
  8892  7488   33.05962  272  430   37.00000   23.84800  35.5%  1074 4665s
  8950  7546   33.24306  310  325   37.00000   23.84800  35.5%  1068 4670s
  9009  7604   34.40303  347  356   37.00000   23.84800  35.5%  1062 4675s
  9072  7631   35.80388  372  354   37.00000   23.84800  35.5%  1056 4680s
  9084  7629   24.29494   26 2175   37.00000   23.84803  35.5%  1055 4685s
  9085  7630   24.64279   27 1785   37.00000   23.84803  35.5%  1056 4695s
  9094  7639   24.86773   35 1583   37.00000   23.84803  35.5%  1056 4700s
  9099  7644   25.10209   38 1528   37.00000   23.84803  35.5%  1057 4706s
  9103  7648   25.72808   40 1460   37.00000   23.84803  35.5%  1057 4710s
  9110  7655   25.90531   43 1353   37.00000   23.84803  35.5%  1058 4715s
  9122  7667   26.51490   53 1169   37.00000   23.84803  35.5%  1058 4720s
  9139  7684   26.75601   61 1089   37.00000   23.84803  35.5%  1057 4725s
  9156  7701   27.10768   76 1129   37.00000   23.84803  35.5%  1056 4730s
  9173  7718   27.65862   86 1008   37.00000   23.84803  35.5%  1055 4735s
  9185  7730   28.34188   93  635   37.00000   23.84803  35.5%  1056 4741s
  9196  7741   28.83729   97  763   37.00000   23.84803  35.5%  1056 4745s
  9209  7754   29.03468   99  754   37.00000   23.84803  35.5%  1055 4750s
  9229  7774   29.22916  116  633   37.00000   23.84803  35.5%  1054 4755s
  9244  7789   29.68103  124  909   37.00000   23.84803  35.5%  1053 4760s
  9267  7812   29.74619  144  857   37.00000   23.84803  35.5%  1051 4765s
  9283  7828   29.92536  157  900   37.00000   23.84803  35.5%  1051 4771s
  9302  7847   29.93671  176  722   37.00000   23.84803  35.5%  1050 4775s
  9315  7860   29.97550  181  827   37.00000   23.84803  35.5%  1050 4780s
  9325  7870   30.28052  186  790   37.00000   23.84803  35.5%  1049 4785s
  9336  7881   30.42536  194  790   37.00000   23.84803  35.5%  1050 4790s
  9381  7926   30.65245  223  423   37.00000   23.84803  35.5%  1046 4795s
  9427  7972   31.22193  255  508   37.00000   23.84803  35.5%  1042 4800s
  9460  8005   31.28764  281  507   37.00000   23.84803  35.5%  1039 4809s
  9461  8006   32.19027  279  433   37.00000   23.84803  35.5%  1038 4810s
  9502  8047   31.59027  317  538   37.00000   23.84803  35.5%  1034 4815s
  9532  8077   32.35336  339  427   37.00000   23.84803  35.5%  1032 4820s
  9597  8142   33.19275  389  315   37.00000   23.84803  35.5%  1025 4825s
  9650  8191   34.30619  402  281   37.00000   23.84803  35.5%  1021 4830s
  9716  8243   34.78119  419  301   37.00000   23.84803  35.5%  1015 4835s
  9735  8244   24.23318   27 1748   37.00000   23.86625  35.5%  1014 4842s
  9737  8246   24.88844   29 1555   37.00000   23.86625  35.5%  1015 4845s
  9744  8253   25.15648   35 1512   37.00000   23.86625  35.5%  1015 4850s
  9747  8256   25.50740   37 1306   37.00000   23.86625  35.5%  1016 4855s
  9752  8261   25.53004   38 1441   37.00000   23.86625  35.5%  1017 4861s
  9758  8267   25.51005   43 1457   37.00000   23.86625  35.5%  1017 4865s
  9767  8276   25.65955   49 1439   37.00000   23.86625  35.5%  1017 4871s
  9771  8280   25.75895   51 1411   37.00000   23.86625  35.5%  1017 4880s
  9781  8290   25.74478   58 1324   37.00000   23.86625  35.5%  1017 4885s
  9793  8302   26.80484   63 1329   37.00000   23.86625  35.5%  1016 4890s
  9802  8311   27.44101   68 1220   37.00000   23.86625  35.5%  1017 4896s
  9810  8319   26.97320   75 1382   37.00000   23.86625  35.5%  1016 4900s
  9821  8330   27.21671   85 1309   37.00000   23.86625  35.5%  1016 4905s
  9828  8337   27.36728   89 1240   37.00000   23.86625  35.5%  1017 4910s
  9829  8338   27.60623   89 1134   37.00000   23.86625  35.5%  1017 4916s
  9836  8345   27.45057   94 1354   37.00000   23.86625  35.5%  1017 4920s
  9839  8348   27.45211   97 1287   37.00000   23.86625  35.5%  1017 4962s
  9845  8354   27.58415  103 1316   37.00000   23.86625  35.5%  1017 4965s
  9850  8359   27.76379  103 1253   37.00000   23.86625  35.5%  1018 4970s
  9854  8363   27.82577  105 1234   37.00000   23.86625  35.5%  1019 4975s
  9860  8369   27.58941  106 1358   37.00000   23.86625  35.5%  1019 4980s
  9871  8380   27.89752  109 1244   37.00000   23.86625  35.5%  1019 4986s
  9883  8392   27.79727  119 1191   37.00000   23.86625  35.5%  1018 4991s
  9896  8405   28.23493  129  977   37.00000   23.86625  35.5%  1018 4995s
  9913  8422   28.79335  141  824   37.00000   23.86625  35.5%  1018 5000s
  9928  8437   28.63289  151  866   37.00000   23.86625  35.5%  1018 5005s
  9937  8446   28.68911  154  850   37.00000   23.86625  35.5%  1018 5011s
  9950  8459   28.86004  155  846   37.00000   23.86625  35.5%  1018 5015s
  9965  8474   29.16709  166  873   37.00000   23.86625  35.5%  1016 5020s
  9974  8483   29.32516  169  847   37.00000   23.86625  35.5%  1017 5025s
  9991  8500   29.95223  174  711   37.00000   23.86625  35.5%  1016 5030s
 10012  8521   30.20587  189  733   37.00000   23.86625  35.5%  1015 5035s
 10025  8534   30.20587  201  722   37.00000   23.86625  35.5%  1014 5040s
 10047  8556   30.72580  217  602   37.00000   23.86625  35.5%  1013 5045s
 10065  8574   31.22498  224  636   37.00000   23.86625  35.5%  1013 5050s
 10101  8610   34.15519  244  395   37.00000   23.86625  35.5%  1011 5055s
 10141  8650   34.00510  272  319   37.00000   23.86625  35.5%  1008 5060s
 10203  8711   29.57596  172 1609   37.00000   23.86625  35.5%  1002 6029s
 10205  8712   31.25511  259 2086   37.00000   23.86625  35.5%  1001 6060s
 10206  8713   26.30000  107 1370   37.00000   23.86625  35.5%  1001 6093s
 10207  8714   31.35243  237 1724   37.00000   23.86625  35.5%  1001 6099s
 10208  8714   31.25511  259 1793   37.00000   23.86625  35.5%  1001 6101s
 10210  8716   28.58326  168 2112   37.00000   23.86625  35.5%  1001 6107s
 10212  8717   28.92902  132 2047   37.00000   23.86625  35.5%  1001 6110s
 10216  8720   33.09805  223 2209   37.00000   23.86625  35.5%  1000 6118s
 10217  8720   24.05252   23 1801   37.00000   23.86625  35.5%  1000 6155s
 10220  8722   31.09960  253 2222   37.00000   23.86625  35.5%  1000 6186s
 10221  8723   31.07722  233 1915   37.00000   23.86625  35.5%  1000 6230s
 10225  8726   29.42051  220 2199   37.00000   23.86625  35.5%   999 6267s
 10226  8726   26.95787  145 2092   37.00000   24.09303  34.9%   999 6312s
 10227  8727   29.98177  198 2165   37.00000   24.09303  34.9%   999 6347s
 10228  8728   28.37795  153 2077   37.00000   24.09303  34.9%   999 6390s
 10231  8730   25.40565   40 2393   37.00000   24.09303  34.9%   999 6395s
 10237  8734   35.58343  213 2412   37.00000   24.09303  34.9%   998 6400s
 10238  8734   33.76277  216 2456   37.00000   24.09303  34.9%   998 6431s
 10239  8735   33.14201  386 1982   37.00000   24.09303  34.9%   998 6498s
 10240  8736   27.24639   68 2223   37.00000   24.09303  34.9%   998 6523s
 10241  8736   26.05072  115 2135   37.00000   24.09303  34.9%   998 6560s
 10242  8737   31.33340  253 2285   37.00000   24.09303  34.9%   998 6591s
 10243  8738   33.31811  375 2130   37.00000   24.09303  34.9%   998 6629s
 10244  8738   30.15920  230 2301   37.00000   24.09303  34.9%   997 6661s
 10245  8739   27.80494  109 2164   37.00000   24.09303  34.9%   997 6697s
 10247  8740   33.24999  315 2416   37.00000   24.09303  34.9%   997 6700s
 10249  8742   31.03014  260 2591   37.00000   24.09303  34.9%   997 6730s
 10250  8742   32.90371  169 2166   37.00000   24.09303  34.9%   997 6769s
 10251  8743   35.50000  355 2387   37.00000   24.09303  34.9%   997 6801s
 10252  8744   34.02295  293 2164   37.00000   24.09303  34.9%   997 6846s
 10253  8744   27.88977  197 2218   37.00000   24.09303  34.9%   997 6875s
 10254  8745   29.35845  288 2210   37.00000   24.09303  34.9%   997 6965s
 10255  8746   31.07262  219 2344   37.00000   24.09303  34.9%   996 6997s
 10256  8746   31.97183  302 2173   37.00000   24.09303  34.9%   996 7036s
 10258  8748   29.33059  132 2386   37.00000   24.09303  34.9%   996 7068s
 10259  8748   31.63455  346 2093   37.00000   24.09303  34.9%   996 7106s
 10260  8749   31.31029  360 2303   37.00000   24.09303  34.9%   996 7134s
 10261  8750   29.68754  316 2034   37.00000   24.09303  34.9%   996 7172s

Cutting planes:
  Gomory: 2
  Cover: 191
  Implied bound: 158
  Clique: 107
  MIR: 93
  StrongCG: 9
  Flow cover: 300
  GUB cover: 155
  Zero half: 97
  RLT: 80
  Relax-and-lift: 491

Explored 10262 nodes (11356090 simplex iterations) in 7202.23 seconds (11180.39 work units)
Thread count was 1 (of 16 available processors)

Solution count 10: 37 37 38 ... 44

Time limit reached
Best objective 3.700000000000e+01, best bound 2.500000000000e+01, gap 32.4324%

User-callback calls 1323636, time in user-callback 2.13 sec

 sepatime0
37.0Stat(MathOptInterface.TIME_LIMIT, 37.0, 25.0, 0.32432432432432434, 0.0, 0.101543, 7202.2284779548645, 10262, Main.CFLG.EFP, "", #undef)
