Data path: /scratch/opt/lxu/CFLG/benchmarks/city
Instance: city_268.txt
Result path: /scratch/opt/lxu/CFLG/results/city
Solver: Gurobi
Time limit: 3600
Formulation: LEFPV2
Cover: Large
julia --project=. src/main.jl /scratch/opt/lxu/CFLG/benchmarks/city city_268.txt /scratch/opt/lxu/CFLG/results/city Gurobi 3600 LEFPV2 Large
The latest version of Julia in the `release` channel is 1.11.5+0.x64.linux.gnu. You currently have `1.11.4+0.x64.linux.gnu` installed. Run:

  juliaup update

in your terminal shell to install Julia 1.11.5+0.x64.linux.gnu and update the `release` channel to that version.
/scratch/opt/lxu/CFLG/benchmarks/city Gurobi 3600.0 /scratch/opt/lxu/CFLG/results/city city_268.txt LEFPV2 Large
/scratch/opt/lxu/CFLG/benchmarks/city/city_268.txt

 read graph
data loaded


after absorb:151 195

max_piece:6
problem_graph/original graph: node: 178/195 edge: 251/268 dlt: 0.35473360846495194 break_avg_len: 0.189379695355791 break_max_len: 2.047817047817048elapsed CPU time: 0.076096 seconds
Set parameter TokenServer to value "solice01.zib.de"
Set parameter Threads to value 1
Set parameter OutputFlag to value 1
Set parameter MIPGap to value 0.0001
Set parameter MIPGapAbs to value 1
Set parameter TimeLimit to value 3599.923904
formulation:LEFPV23 248 172
Set parameter PreCrush to value 1

 model loaded

Gurobi Optimizer version 12.0.1 build v12.0.1rc0 (linux64 - "Debian GNU/Linux 12 (bookworm)")

CPU model: Intel(R) Xeon(R) Gold 5122 CPU @ 3.60GHz, instruction set [SSE2|AVX|AVX2|AVX512]
Thread count: 8 physical cores, 16 logical processors, using up to 1 threads

Non-default parameters:
TimeLimit  3599.923904
MIPGapAbs  1
PreCrush  1
Threads  1

Optimize a model with 10264 rows, 5549 columns and 29591 nonzeros
Model fingerprint: 0x29fa7184
Variable types: 931 continuous, 4618 integer (4612 binary)
Coefficient statistics:
  Matrix range     [1e-06, 2e+00]
  Objective range  [1e+00, 1e+00]
  Bounds range     [5e-03, 2e+00]
  RHS range        [5e-03, 3e+00]
Presolve removed 2366 rows and 948 columns
Presolve time: 0.28s
Presolved: 7898 rows, 4601 columns, 39656 nonzeros
Variable types: 435 continuous, 4166 integer (4165 binary)
Found heuristic solution: objective 210.0000000
Found heuristic solution: objective 133.0000000

Root relaxation: objective 1.413798e+01, 3761 iterations, 0.14 seconds (0.19 work units)

    Nodes    |    Current Node    |     Objective Bounds      |     Work
 Expl Unexpl |  Obj  Depth IntInf | Incumbent    BestBd   Gap | It/Node Time

     0     0   14.13798    0  764  133.00000   14.13798  89.4%     -    0s
     0     0   14.14609    0  763  133.00000   14.14609  89.4%     -    0s
     0     0   14.14615    0  764  133.00000   14.14615  89.4%     -    0s
H    0     0                     120.0000000   14.14615  88.2%     -    0s
H    0     0                      82.0000000   14.14615  82.7%     -    0s
H    0     0                      80.0000000   14.14615  82.3%     -    0s
H    0     0                      78.0000000   14.14615  81.9%     -    0s
H    0     0                      77.0000000   14.14615  81.6%     -    0s
     0     0   18.34401    0 1129   77.00000   18.34401  76.2%     -    1s
H    0     0                      73.0000000   18.54274  74.6%     -    1s
H    0     0                      70.0000000   18.54274  73.5%     -    1s
H    0     0                      69.0000000   18.54274  73.1%     -    1s
     0     0   18.54274    0 1113   69.00000   18.54274  73.1%     -    1s
     0     0   18.54274    0 1136   69.00000   18.54274  73.1%     -    1s
     0     0   18.54274    0 1146   69.00000   18.54274  73.1%     -    1s
     0     0   18.54274    0 1153   69.00000   18.54274  73.1%     -    1s
     0     0   20.71055    0 1045   69.00000   20.71055  70.0%     -    2s
H    0     0                      67.0000000   20.71685  69.1%     -    2s
H    0     0                      66.0000000   20.71685  68.6%     -    2s
     0     0   20.93711    0 1059   66.00000   20.93711  68.3%     -    2s
     0     0   20.96113    0 1115   66.00000   20.96113  68.2%     -    2s
     0     0   20.96358    0 1118   66.00000   20.96358  68.2%     -    2s
     0     0   20.96520    0 1127   66.00000   20.96520  68.2%     -    2s
     0     0   20.96548    0 1156   66.00000   20.96548  68.2%     -    2s
     0     0   24.64111    0  951   66.00000   24.64111  62.7%     -    2s
H    0     0                      65.0000000   24.66521  62.1%     -    3s
H    0     0                      64.0000000   24.66521  61.5%     -    3s
     0     0   25.13072    0  959   64.00000   25.13072  60.7%     -    3s
     0     0   25.19254    0 1078   64.00000   25.19254  60.6%     -    3s
     0     0   25.21119    0 1034   64.00000   25.21119  60.6%     -    3s
     0     0   25.21586    0 1053   64.00000   25.21586  60.6%     -    3s
     0     0   25.21879    0 1051   64.00000   25.21879  60.6%     -    3s
     0     0   25.21882    0 1051   64.00000   25.21882  60.6%     -    3s
     0     0   26.22370    0  848   64.00000   26.22370  59.0%     -    3s
H    0     0                      60.0000000   26.22482  56.3%     -    3s
H    0     0                      59.0000000   26.22482  55.6%     -    3s
     0     0   26.39678    0  848   59.00000   26.39678  55.3%     -    3s
     0     0   26.39678    0  860   59.00000   26.39678  55.3%     -    3s
     0     0   26.46411    0  904   59.00000   26.46411  55.1%     -    3s
     0     0   26.46411    0  903   59.00000   26.46411  55.1%     -    3s
     0     0   26.47187    0  939   59.00000   26.47187  55.1%     -    3s
     0     0   26.47219    0  941   59.00000   26.47219  55.1%     -    3s
     0     0   26.59407    0  937   59.00000   26.59407  54.9%     -    4s
H    0     0                      57.0000000   26.59407  53.3%     -    4s
     0     0   26.60233    0  974   57.00000   26.60233  53.3%     -    4s
     0     0   26.60447    0  948   57.00000   26.60447  53.3%     -    4s
     0     0   26.68304    0  967   57.00000   26.68304  53.2%     -    4s
H    0     0                      56.0000000   26.68361  52.4%     -    4s
H    0     0                      55.0000000   26.68361  51.5%     -    4s
H    0     0                      50.0000000   26.68361  46.6%     -    4s
H    0     0                      48.0000000   26.68361  44.4%     -    4s
H    0     0                      47.0000000   26.68361  43.2%     -    4s
H    0     0                      46.0000000   26.68361  42.0%     -    4s
     0     0   26.68786    0  952   46.00000   26.68786  42.0%     -    4s
     0     0   26.68786    0  955   46.00000   26.68786  42.0%     -    4s
     0     0   26.76290    0  934   46.00000   26.76290  41.8%     -    5s
     0     0   26.77225    0  961   46.00000   26.77225  41.8%     -    5s
     0     0   26.77339    0  967   46.00000   26.77339  41.8%     -    5s
     0     0   26.78364    0  951   46.00000   26.78364  41.8%     -    5s
     0     0   26.78444    0  988   46.00000   26.78444  41.8%     -    5s
     0     0   26.78718    0  972   46.00000   26.78718  41.8%     -    5s
     0     0   26.78800    0  755   46.00000   26.78800  41.8%     -    5s
H    0     0                      45.0000000   26.79268  40.5%     -    7s
     0     2   26.79268    0  732   45.00000   26.79268  40.5%     -    7s
H   78    78                      44.0000000   26.92745  38.8%   231    9s
    78    80   29.25330   57  401   44.00000   26.92745  38.8%   232   10s
H  271   255                      43.0000000   26.93922  37.4%   155   12s
H  439   399                      42.0000000   26.93922  35.9%   122   15s
   535   496   34.36551  141  755   42.00000   26.94419  35.8%   140   20s
   545   503   32.10329   65  908   42.00000   27.24567  35.1%   138   25s
   557   511   31.00000   67  859   42.00000   28.35994  32.5%   135   30s
   571   520   35.64219  134  739   42.00000   28.90723  31.2%   132   35s
   581   527   34.74480  124 1061   42.00000   29.12207  30.7%   129   40s
   587   531   30.00000   62  949   42.00000   29.21139  30.4%   128   45s
   597   537   30.66321   57  928   42.00000   29.35253  30.1%   126   50s
   603   541   32.25330   64  850   42.00000   29.50000  29.8%   125   56s
   607   544   29.50000   39  768   42.00000   29.50000  29.8%   124   61s
   614   550   38.83104  164  908   42.00000   29.50000  29.8%   401   65s
   623   556   29.52532   14  950   42.00000   29.52532  29.7%   395   70s
   631   562   38.22680  159  868   42.00000   29.56791  29.6%   390   75s
   641   568   38.11089  156  817   42.00000   29.78901  29.1%   384   80s
   650   574   38.08057  161  980   42.00000   29.86181  28.9%   379   85s
   658   580   32.00000  100  891   42.00000   29.92384  28.8%   374   90s
   669   587   39.83235  177  955   42.00000   30.09904  28.3%   368   95s
   679   594   30.11108    4 1134   42.00000   30.11108  28.3%   363  100s
   688   600   30.14542    4 1037   42.00000   30.14542  28.2%   358  105s
   694   604   34.46996  137 1021   42.00000   30.26462  27.9%   355  110s
   701   608   31.22183   87  986   42.00000   30.26462  27.9%   351  115s
   712   616   35.40025  135  982   42.00000   30.28565  27.9%   346  120s
   727   627   30.29302   11  898   42.00000   30.29302  27.9%   648  125s
   736   633   32.66441  119 1016   42.00000   30.30482  27.8%   640  130s
   744   638   30.31316   29  958   42.00000   30.31316  27.8%   633  135s
   749   644   30.35565   36  979   42.00000   30.32523  27.8%   721  140s
   816   688   32.94772   69  514   42.00000   30.49933  27.4%   717  145s
  1009   814 infeasible  166        42.00000   30.49933  27.4%   624  150s
H 1018   783                      41.0000000   30.49933  25.6%   619  150s
H 1048   735                      40.0000000   30.49933  23.8%   603  150s
  1131   792   32.59268   80  598   40.00000   30.50095  23.7%   600  155s
  1318   915   37.86334  173  229   40.00000   30.50095  23.7%   543  160s
  1394   941   31.33333   44  690   40.00000   30.50378  23.7%   528  165s
  1433   967   32.68436   63  523   40.00000   30.50378  23.7%   530  170s
  1615  1067   30.97653   45  806   40.00000   30.50462  23.7%   504  175s
  1684  1113   32.88982   80  453   40.00000   30.50462  23.7%   502  180s
  1890  1232   32.61606   55  582   40.00000   30.58961  23.5%   473  185s
  1975  1289   34.81733   97  425   40.00000   30.58961  23.5%   463  190s
  2136  1372   32.37179   52  602   40.00000   30.58972  23.5%   447  195s
  2312  1472   31.45011   46  763   40.00000   30.59750  23.5%   434  200s
  2381  1518   34.05476   80  463   40.00000   30.59750  23.5%   438  205s
  2541  1621   33.70449   71  564   40.00000   30.59750  23.5%   429  210s
  2745  1811   34.49191   92  435   40.00000   30.60880  23.5%   417  215s
  2975  2016   34.56088   86  414   40.00000   30.61710  23.5%   401  220s
  3271  2280   31.40635   49  677   40.00000   30.62043  23.4%   379  225s
  3418  2412   32.25939   49  663   40.00000   30.62345  23.4%   374  230s
  3636  2617   32.36232   57  478   40.00000   30.62407  23.4%   367  235s
  3822  2786   33.41684   65  427   40.00000   30.62607  23.4%   360  240s
  4013  2947   33.78028   72  387   40.00000   30.63050  23.4%   352  245s
  4216  3109   31.05922   43  958   40.00000   30.63715  23.4%   344  257s
  4229  3122   33.03700   56  689   40.00000   30.63715  23.4%   344  260s
  4343  3223   34.82719   68  470   40.00000   30.66116  23.3%   346  265s
  4524  3379   31.15019   52  707   40.00000   30.67207  23.3%   341  270s
  4683  3516   34.20652   67  524   40.00000   30.67214  23.3%   338  275s
  4876  3658   31.25238   46  883   40.00000   30.67310  23.3%   333  280s
  5040  3801   38.69769  123  334   40.00000   30.70124  23.2%   329  285s
  5101  3859   34.56099   67  442   40.00000   30.70192  23.2%   333  290s
  5232  3970   32.38238   62  789   40.00000   30.70304  23.2%   332  295s
  5413  4118   31.12091   46  784   40.00000   30.73421  23.2%   327  300s
  5563  4227   33.81795   67  492   40.00000   30.73462  23.2%   326  306s
  5725  4359   31.19067   42  852   40.00000   30.74738  23.1%   322  310s
  5897  4520   31.68419   49  632   40.00000   30.77235  23.1%   320  315s
  6049  4653   30.92489   42  938   40.00000   30.79032  23.0%   318  320s
  6209  4797   37.78944   98  264   40.00000   30.79266  23.0%   316  325s
  6391  4954   31.33333   42  749   40.00000   30.79393  23.0%   316  330s
  6454  5017   35.58768   69  384   40.00000   30.79393  23.0%   322  335s
  6628  5164   36.84425   87  323   40.00000   30.79689  23.0%   320  340s
  6814  5319   32.39046   51  747   40.00000   30.80573  23.0%   318  345s
  6982  5471   33.13036   59  693   40.00000   30.81015  23.0%   317  350s
  7117  5583   35.75994  100  399   40.00000   30.81201  23.0%   316  355s
  7273  5718   33.48434   75  502   40.00000   30.81524  23.0%   314  360s
  7433  5854   31.53955   45  681   40.00000   30.82217  22.9%   313  365s
  7595  5992   31.75774   52  839   40.00000   30.82577  22.9%   312  370s
  7720  6105   34.89651   70  423   40.00000   30.82765  22.9%   314  375s
  7897  6242   33.76579   57  484   40.00000   30.83223  22.9%   312  380s
  8091  6418   37.61806  101  240   40.00000   30.83223  22.9%   310  385s
  8298  6591   34.70379   82  452   40.00000   30.83746  22.9%   309  390s
  8448  6721   37.09597   95  432   40.00000   30.83905  22.9%   309  395s
  8597  6847   35.60028   96  410   40.00000   30.84035  22.9%   309  400s
  8763  6986   32.41289   54  679   40.00000   30.84214  22.9%   308  405s
  8896  7091   32.42588   49  604   40.00000   30.85262  22.9%   309  410s
  9017  7201   32.45726   54  672   40.00000   30.85267  22.9%   312  415s
  9199  7375   38.48800  149  234   40.00000   30.85267  22.9%   312  420s
  9391  7528   31.66195   50  740   40.00000   30.85806  22.9%   311  425s
  9548  7660   32.52812   56  590   40.00000   30.86836  22.8%   312  430s
  9745  7827   31.98775   47  754   40.00000   30.87579  22.8%   311  435s
  9883  7949   35.53853  105  482   40.00000   30.87765  22.8%   311  440s
 10008  8053   33.34111   50  595   40.00000   30.88179  22.8%   313  445s
 10181  8204   35.63798   88  403   40.00000   30.88243  22.8%   313  450s
 10203  8225   33.97124   87  755   40.00000   30.88243  22.8%   313  544s
 10205  8226   34.78009   84  898   40.00000   30.88243  22.8%   313  545s
 10213  8232   33.57237   60  938   40.00000   30.88243  22.8%   313  550s
 10219  8236   32.41070   58 1099   40.00000   30.88243  22.8%   313  555s
 10225  8240   37.33122   96  934   40.00000   30.88243  22.8%   312  561s
 10229  8242   32.41289   55  986   40.00000   30.88243  22.8%   312  565s
 10234  8246   36.77406  102 1135   40.00000   30.88243  22.8%   312  570s
 10237  8248   35.25128   80  928   40.00000   30.88243  22.8%   312  576s
 10239  8249   35.82109   90  971   40.00000   30.88243  22.8%   312  580s
 10244  8252   31.81715   52 1155   40.00000   30.88243  22.8%   312  585s
 10245  8253   33.33591   69  977   40.00000   30.88243  22.8%   312  590s
 10250  8256   33.41220   68 1138   40.00000   30.88243  22.8%   312  595s
 10253  8258   32.25663   52 1007   40.00000   30.88243  22.8%   312  602s
 10255  8260   34.47904   85 1008   40.00000   30.88243  22.8%   312  606s
 10259  8262   36.78058  100  899   40.00000   30.88243  22.8%   311  610s
 10264  8266   36.02101   89 1035   40.00000   30.88243  22.8%   311  615s
 10267  8268   34.94701   97  964   40.00000   30.88243  22.8%   311  620s
 10271  8270   35.07245   96 1066   40.00000   30.88243  22.8%   311  625s
 10274  8272   34.00167   61 1006   40.00000   30.88243  22.8%   311  630s
 10277  8274   32.50614   67 1069   40.00000   30.88243  22.8%   311  635s
 10280  8276   32.25916   52  971   40.00000   30.88243  22.8%   311  641s
 10284  8279   31.02003   47 1114   40.00000   30.88243  22.8%   311  646s
 10288  8282   34.62162   83 1156   40.00000   30.88243  22.8%   311  650s
 10292  8284   35.49675   96 1027   40.00000   30.88243  22.8%   310  655s
 10295  8286   34.23728   70 1133   40.00000   30.88243  22.8%   310  660s
 10296  8287   36.67010   93 1034   40.00000   30.88243  22.8%   310  667s
 10298  8288   30.93521   46  999   40.00000   30.88243  22.8%   310  671s
 10302  8291   35.46173   88  995   40.00000   30.88243  22.8%   310  675s
 10305  8293   34.78009   84 1086   40.00000   30.88243  22.8%   310  680s
 10308  8295   35.45276   70 1032   40.00000   30.88243  22.8%   310  687s
 10310  8296   33.47874   64 1006   40.00000   30.88243  22.8%   310  690s
 10313  8298   33.57237   60 1156   40.00000   30.88243  22.8%   310  695s
 10317  8301   37.06688  130  931   40.00000   30.88243  22.8%   310  701s
 10319  8302   32.41070   58  984   40.00000   30.88243  22.8%   310  705s
 10321  8304   37.57900  124  983   40.00000   30.88243  22.8%   310  710s
 10324  8306   33.16716   72 1032   40.00000   30.88243  22.8%   310  715s
 10336  8316   31.34576   52  895   40.00000   30.88243  22.8%   336  720s
 10361  8332   34.26634   64  571   40.00000   30.88243  22.8%   337  725s
 10403  8359   37.25255   86  245   40.00000   30.88243  22.8%   337  733s
 10433  8362   38.36009  105  256   40.00000   30.88243  22.8%   336  735s
 10455  8371   33.04757   58  486   40.00000   30.88243  22.8%   337  740s
 10481  8388   33.69270   71  473   40.00000   30.88243  22.8%   338  749s
 10483  8390   34.56926   72  451   40.00000   30.88243  22.8%   338  750s
 10532  8421   36.64140   97  316   40.00000   30.88243  22.8%   337  755s
 10573  8442   32.41501   57  648   40.00000   30.95991  22.6%   338  760s
 10602  8461   34.23051   71  547   40.00000   30.95991  22.6%   339  765s
 10671  8505   37.64927  106  288   40.00000   30.95991  22.6%   338  770s
 10721  8526   31.83300   56  685   40.00000   30.96528  22.6%   339  775s
 10740  8539   33.50987   65  511   40.00000   30.96528  22.6%   340  780s
 10784  8568   34.94938   87  388   40.00000   30.96528  22.6%   340  787s
 10811  8586   35.08124  101  367   40.00000   30.96528  22.6%   340  790s
 10838  8603   38.27720  114  248   40.00000   30.96528  22.6%   340  796s
 10865  8613   32.52851   58  529   40.00000   31.15011  22.1%   341  802s
 10891  8631   33.71083   71  487   40.00000   31.15011  22.1%   341  805s
 10910  8643   35.23478   80  411   40.00000   31.15011  22.1%   341  810s
 10970  8683   36.66045  110  427   40.00000   31.15011  22.1%   342  815s
 11055  8720   32.53789   56  462   40.00000   31.15862  22.1%   342  820s
 11085  8740   33.91702   71  436   40.00000   31.15862  22.1%   342  825s
 11168  8793   36.19051  113  375   40.00000   31.15862  22.1%   341  830s
 11218  8807   32.97137   56  626   40.00000   31.16761  22.1%   341  835s
 11275  8844   35.25187   85  384   40.00000   31.16761  22.1%   341  840s
 11370  8899   38.62602  133  242   40.00000   31.16761  22.1%   340  845s
 11387  8904   32.07703   58  624   40.00000   31.17145  22.1%   341  850s
 11449  8946   35.41254   89  392   40.00000   31.17145  22.1%   341  855s
 11526  8981   32.66406   59  543   40.00000   31.18459  22.0%   341  860s
 11593  9026   37.03305   98  277   40.00000   31.18459  22.0%   340  865s
 11645  9047   33.12806   61  596   40.00000   31.20152  22.0%   341  871s
 11681  9071   35.51902   85  493   40.00000   31.20152  22.0%   340  875s
 11755  9109   38.58325  135  306   40.00000   31.20152  22.0%   340  880s
 11792  9124   34.55198   71  510   40.00000   31.28559  21.8%   340  885s
 11805  9133   36.01427   76  480   40.00000   31.28559  21.8%   340  892s
 11843  9158   37.06768   98  307   40.00000   31.28559  21.8%   340  895s
 11920  9193   32.74103   61  556   40.00000   31.28559  21.8%   340  900s
 11970  9226   35.86494   87  428   40.00000   31.28559  21.8%   340  905s
 12043  9255   32.01062   55  670   40.00000   31.29335  21.8%   339  910s
 12094  9289   34.29913   80  504   40.00000   31.29335  21.8%   340  915s
 12172  9320   32.01453   51  820   40.00000   31.29519  21.8%   339  920s
 12211  9346   34.18341   76  491   40.00000   31.29519  21.8%   340  925s
 12289  9398   36.77078  123  375   40.00000   31.29519  21.8%   339  930s
 12387  9440   32.98507   58  892   40.00000   31.33198  21.7%   338  935s
 12466  9493   37.87954  103  339   40.00000   31.33198  21.7%   339  940s
 12523  9517   34.66571   78  466   40.00000   31.34678  21.6%   339  945s
 12659  9584   32.39512   62  618   40.00000   31.35711  21.6%   337  950s
 12747  9624   33.00000   59  612   40.00000   31.36271  21.6%   338  955s
 12837  9671   34.55583   66  422   40.00000   31.36982  21.6%   338  960s
 12997  9717   33.29723   70  559   40.00000   31.37074  21.6%   338  965s
 13108  9771   32.96661   66  491   40.00000   31.37088  21.6%   337  970s
 13211  9824   33.56157   68  596   40.00000   31.38397  21.5%   338  975s
 13357  9906   32.38096   57  728   40.00000   31.40462  21.5%   337  980s
 13412  9942   37.46470  112  504   40.00000   31.40462  21.5%   336  987s
 13469  9966   34.44969   86  564   40.00000   31.42665  21.4%   337  990s
 13584 10031   38.42176  108  304   40.00000   31.42770  21.4%   337  995s
 13621 10046   34.04554   70  470   40.00000   31.44432  21.4%   338 1000s
 13731 10103   35.04676   86  422   40.00000   31.45089  21.4%   338 1005s
 13882 10152   31.78449   53  888   40.00000   31.45928  21.4%   338 1010s
 13947 10185   31.75061   54  891   40.00000   31.45932  21.4%   338 1015s
 14028 10212   32.65881   63  586   40.00000   31.46227  21.3%   338 1020s
 14109 10254   34.07154   88  487   40.00000   31.48412  21.3%   339 1025s
 14229 10313   34.31253   79  521   40.00000   31.48782  21.3%   339 1030s
 14388 10404   36.77820  132  381   40.00000   31.49258  21.3%   338 1035s
 14529 10454   31.94102   55  840   40.00000   31.50846  21.2%   338 1040s
 14608 10496   31.92152   61  643   40.00000   31.52200  21.2%   338 1045s
 14689 10540   32.90844   58  787   40.00000   31.52215  21.2%   340 1050s
 14802 10606   31.88887   50  867   40.00000   31.52641  21.2%   341 1055s
 14905 10661   33.94570   82  672   40.00000   31.53430  21.2%   342 1060s
 15003 10707   31.84397   59  691   40.00000   31.54544  21.1%   342 1065s
 15132 10780   35.65053  100  464   40.00000   31.55204  21.1%   342 1070s
 15295 10863   36.68029   93  427   40.00000   31.57783  21.1%   341 1075s
 15427 10918   34.24093   71  640   40.00000   31.58397  21.0%   340 1080s
 15555 10979   32.33818   61  583   40.00000   31.59738  21.0%   340 1085s
 15677 11034   35.36716   83  495   40.00000   31.60334  21.0%   341 1090s
 15783 11087   31.75838   55  825   40.00000   31.62768  20.9%   341 1095s
 15891 11141   32.29781   57  824   40.00000   31.63481  20.9%   342 1104s
 15898 11146   32.76567   64  662   40.00000   31.63481  20.9%   342 1105s
 16031 11216   37.90599  119  220   40.00000   31.63522  20.9%   342 1110s
 16202 11290   32.33333   59  674   40.00000   31.64164  20.9%   341 1115s
 16301 11340   33.14222   56  620   40.00000   31.65234  20.9%   342 1120s
 16500 11462   33.51774   71  723   40.00000   31.65312  20.9%   341 1125s
 16674 11560   38.51802  160  207   40.00000   31.65337  20.9%   340 1130s
 16816 11632   32.46486   59  742   40.00000   31.66930  20.8%   340 1135s
 16937 11695   33.00000   57  560   40.00000   31.69177  20.8%   340 1140s
 17039 11743   33.19880   78  541   40.00000   31.69342  20.8%   340 1145s
 17141 11790   35.57253   77  419   40.00000   31.69342  20.8%   341 1150s
 17262 11859   35.62285   92  399   40.00000   31.69592  20.8%   342 1155s
 17441 11938   31.90862   55  854   40.00000   31.70105  20.7%   341 1160s
 17526 11977   31.89066   60  713   40.00000   31.70105  20.7%   342 1165s
 17641 12044   35.06146   94  460   40.00000   31.70357  20.7%   343 1170s
 17760 12102   38.41784  112  345   40.00000   31.70571  20.7%   343 1175s
 17862 12147   36.81108   90  530   40.00000   31.71186  20.7%   344 1180s
 17981 12202   34.70498   79  536   40.00000   31.71427  20.7%   344 1185s
 18032 12228   33.11012   66  682   40.00000   31.71481  20.7%   344 1191s
 18102 12275   36.27254  101  399   40.00000   31.71481  20.7%   345 1195s
 18245 12350   36.28596   95  335   40.00000   31.71700  20.7%   344 1200s
 18416 12428   34.56864   78  494   40.00000   31.72015  20.7%   344 1205s
 18535 12476   31.87387   55  916   40.00000   31.72198  20.7%   345 1210s
 18626 12522   33.17179   61  644   40.00000   31.72290  20.7%   345 1215s
 18752 12583   36.44304  105  397   40.00000   31.72416  20.7%   345 1220s
 18923 12671   36.52120  113  387   40.00000   31.73626  20.7%   345 1225s
 19038 12729   33.56376   72  699   40.00000   31.73917  20.7%   345 1230s
 19193 12823   37.10686  115  342   40.00000   31.74045  20.6%   344 1235s
 19324 12876   32.63103   73  630   40.00000   31.74106  20.6%   344 1240s
 19442 12935   32.83143   63  598   40.00000   31.74307  20.6%   344 1245s
 19596 13017   35.13626  102  580   40.00000   31.74359  20.6%   343 1250s
 19696 13055   32.25000   63  684   40.00000   31.74359  20.6%   343 1255s
 19783 13101   32.26768   62  795   40.00000   31.74359  20.6%   344 1260s
 19905 13165   32.02746   64  703   40.00000   31.74388  20.6%   344 1265s
 20028 13227   35.46802   77  541   40.00000   31.74969  20.6%   343 1270s
 20101 13268   36.20040  101  377   40.00000   31.75022  20.6%   344 1275s
 20235 13345   36.26514   92  343   40.00000   31.75063  20.6%   344 1280s
 20403 13412   32.08916   55  851   40.00000   31.75194  20.6%   343 1285s
 20510 13472   35.90461   97  313   40.00000   31.75330  20.6%   343 1290s
 20608 13518   32.00000   60  639   40.00000   31.75447  20.6%   343 1295s
 20662 13554   34.42845   80  411   40.00000   31.75466  20.6%   344 1300s
 20762 13601   34.36939   89  552   40.00000   31.75466  20.6%   345 1305s
 20850 13650   35.36457  106  494   40.00000   31.75494  20.6%   345 1310s
 20945 13686   33.00000   75  595   40.00000   31.75563  20.6%   345 1315s
 21032 13732   34.55682   85  583   40.00000   31.75848  20.6%   345 1320s
 21177 13795   32.51221   61  738   40.00000   31.76035  20.6%   344 1325s
 21302 13878   37.09901  128  327   40.00000   31.76035  20.6%   345 1330s
 21458 13943   32.18912   58  733   40.00000   31.76551  20.6%   344 1335s
 21578 13996   33.36221   72  624   40.00000   31.76990  20.6%   343 1340s
 21682 14056   33.72082   76  615   40.00000   31.77125  20.6%   344 1345s
 21828 14113   38.38456  104  337   40.00000   31.77246  20.6%   343 1350s
 21960 14164   32.29006   59  767   40.00000   31.77480  20.6%   343 1355s
 22054 14213   32.50918   59  747   40.00000   31.78090  20.5%   343 1360s
 22190 14289   37.08838  101  335   40.00000   31.78102  20.5%   343 1365s
 22322 14331   33.18974   60  535   40.00000   31.79224  20.5%   343 1370s
 22493 14425   33.57282   70  586   40.00000   31.79426  20.5%   342 1375s
 22590 14463   34.61343   86  358   40.00000   31.79656  20.5%   342 1380s
 22699 14512   32.01533   53  860   40.00000   31.80401  20.5%   343 1385s
 22790 14557   33.21424   61  503   40.00000   31.80537  20.5%   343 1390s
 22934 14629   34.47068   89  551   40.00000   31.80937  20.5%   342 1395s
 23096 14691   32.04062   56  660   40.00000   31.81356  20.5%   341 1400s
 23170 14725   34.00000   64  514   40.00000   31.81394  20.5%   342 1405s
 23271 14780   35.38079   99  447   40.00000   31.81530  20.5%   343 1410s
 23393 14838   37.03215   97  419   40.00000   31.81530  20.5%   343 1415s
 23549 14907   32.36172   60  698   40.00000   31.81734  20.5%   342 1420s
 23679 14967   32.24632   59  806   40.00000   31.81843  20.5%   342 1425s
 23799 15029   37.53506   91  411   40.00000   31.81866  20.5%   343 1430s
 23892 15055   35.03282   88  420   40.00000   31.82220  20.4%   343 1435s
 24004 15108   32.20939   57  793   40.00000   31.82290  20.4%   343 1440s
 24154 15184   36.52216  116  406   40.00000   31.82328  20.4%   343 1445s
 24313 15255   33.39157   57  745   40.00000   31.82525  20.4%   343 1450s
 24489 15334   38.56944  130  292   40.00000   31.82754  20.4%   342 1455s
 24656 15400   31.92006   54  768   40.00000   31.82986  20.4%   341 1460s
 24816 15489   36.08640   87  472   40.00000   31.83156  20.4%   341 1465s
 24960 15563   34.76537   71  484   40.00000   31.83431  20.4%   341 1470s
 25177 15692   35.63886   93  393   40.00000   31.83821  20.4%   340 1475s
 25317 15753   32.44504   61  746   40.00000   31.83834  20.4%   340 1480s
 25454 15824   36.62182  101  308   40.00000   31.83877  20.4%   341 1485s
 25554 15861   32.40768   64  741   40.00000   31.84250  20.4%   341 1490s
 25692 15917   32.40303   58  739   40.00000   31.84325  20.4%   342 1495s
 25792 15971   35.00000   77  426   40.00000   31.84397  20.4%   342 1500s
 25922 16029   33.14491   65  522   40.00000   31.84568  20.4%   342 1505s
 26050 16103   35.07001   90  515   40.00000   31.84621  20.4%   342 1510s
 26201 16174   34.58949   75  584   40.00000   31.84833  20.4%   342 1515s
 26328 16226   32.18701   60  852   40.00000   31.84895  20.4%   343 1520s
 26478 16305   38.27252  127  368   40.00000   31.84954  20.4%   343 1525s
 26631 16385   32.34704   57  874   40.00000   31.85140  20.4%   343 1530s
 26767 16450   38.30464  103  214   40.00000   31.85594  20.4%   343 1535s
 26949 16527   31.88551   56  880   40.00000   31.85874  20.4%   343 1540s
 27110 16619   36.16109   94  372   40.00000   31.86075  20.3%   343 1545s
 27289 16697   33.80796   71  569   40.00000   31.86353  20.3%   342 1550s
 27370 16735   33.58422   80  545   40.00000   31.86353  20.3%   343 1555s
 27545 16810   31.93469   54  850   40.00000   31.86982  20.3%   343 1560s
 27703 16896   32.22489   57  770   40.00000   31.87168  20.3%   343 1565s
 27818 16962   36.03768   94  378   40.00000   31.87237  20.3%   343 1570s
 27997 17036   31.98578   54  778   40.00000   31.87338  20.3%   343 1575s
 28176 17130   33.25585   69  616   40.00000   31.87777  20.3%   342 1580s
 28346 17233   35.25828   90  534   40.00000   31.87822  20.3%   342 1585s
 28492 17308   32.80220   64  762   40.00000   31.87851  20.3%   342 1590s
 28595 17358   34.66855   80  563   40.00000   31.87915  20.3%   343 1595s
 28728 17419   32.56992   63  663   40.00000   31.88016  20.3%   343 1600s
 28809 17463   34.47061   79  479   40.00000   31.88027  20.3%   344 1605s
 28904 17516   33.82871   75  500   40.00000   31.88047  20.3%   345 1610s
 29013 17573   33.83771   71  584   40.00000   31.88112  20.3%   345 1615s
 29101 17618   34.81248   87  590   40.00000   31.88208  20.3%   345 1620s
 29204 17674   35.47322   96  373   40.00000   31.88331  20.3%   345 1625s
 29357 17751   37.50633  148  293   40.00000   31.88348  20.3%   345 1630s
 29489 17799   32.46784   59  901   40.00000   31.88600  20.3%   345 1635s
 29652 17863   32.11641   55  821   40.00000   31.88809  20.3%   344 1640s
 29730 17906   34.00000   74  422   40.00000   31.88887  20.3%   345 1645s
 29848 17972   38.05555   83  320   40.00000   31.89066  20.3%   345 1650s
 29949 18023   37.85737  113  439   40.00000   31.89066  20.3%   345 1655s
 30079 18079   32.71067   64  500   40.00000   31.89280  20.3%   345 1660s
 30166 18122   33.27925   77  646   40.00000   31.89329  20.3%   345 1665s
 30275 18184   35.11274   96  438   40.00000   31.89338  20.3%   345 1670s
 30387 18228   32.01281   59  785   40.00000   31.89431  20.3%   345 1675s
 30490 18280   33.63952   91  629   40.00000   31.89434  20.3%   345 1680s
 30633 18350   32.43909   58  826   40.00000   31.89656  20.3%   345 1685s
 30775 18419   32.29519   57  968   40.00000   31.90057  20.2%   345 1690s
 30886 18484   32.73680   61  587   40.00000   31.90182  20.2%   345 1695s
 31062 18531   32.49318   59  773   40.00000   31.90313  20.2%   344 1700s
 31164 18590   32.32428   66  676   40.00000   31.90628  20.2%   344 1705s
 31312 18671   32.87165   59  596   40.00000   31.90802  20.2%   344 1710s
 31410 18720   35.55971   98  423   40.00000   31.90802  20.2%   344 1715s
 31521 18766   33.60338   69  636   40.00000   31.91099  20.2%   344 1720s
 31695 18852   32.36282   59  859   40.00000   31.91157  20.2%   343 1725s
 31808 18903   34.57289   75  435   40.00000   31.91176  20.2%   344 1730s
 31933 18964   34.54383   80  523   40.00000   31.91177  20.2%   344 1735s
 32064 19025   33.00000   64  714   40.00000   31.91541  20.2%   343 1741s
 32097 19047   35.19339   80  567   40.00000   31.91541  20.2%   344 1745s
 32190 19084   34.49081   75  553   40.00000   31.91757  20.2%   345 1750s
 32336 19149   32.09596   63  879   40.00000   31.91812  20.2%   345 1755s
 32434 19188   34.10490   69  597   40.00000   31.92006  20.2%   345 1760s
 32568 19251   32.86538   69  620   40.00000   31.92223  20.2%   345 1765s
 32667 19293   33.00000   71  513   40.00000   31.92275  20.2%   345 1770s
 32765 19336   34.20456   69  513   40.00000   31.92324  20.2%   345 1775s
 32934 19415   32.45909   61  718   40.00000   31.92341  20.2%   345 1780s
 33092 19494   31.93887   58  946   40.00000   31.92469  20.2%   344 1785s
 33204 19544   32.48180   61  642   40.00000   31.92613  20.2%   344 1790s
 33253 19577   34.56557   77  528   40.00000   31.92613  20.2%   345 1795s
 33373 19641   36.59834  104  488   40.00000   31.92613  20.2%   345 1800s
 33478 19694   33.95000   72  539   40.00000   31.93110  20.2%   345 1805s
 33596 19753   36.28769   94  337   40.00000   31.93110  20.2%   345 1810s
 33728 19816   33.45340   65  610   40.00000   31.93162  20.2%   345 1815s
 33842 19880   34.90995   84  451   40.00000   31.93184  20.2%   346 1820s
 33926 19922   37.08768  102  428   40.00000   31.93243  20.2%   346 1825s
 34044 19985   34.38518   84  446   40.00000   31.93303  20.2%   346 1830s
 34159 20051   35.51211  107  372   40.00000   31.93349  20.2%   346 1835s
 34305 20124   32.41563   61  778   40.00000   31.93576  20.2%   346 1840s
 34394 20183   34.93173   76  488   40.00000   31.93576  20.2%   347 1845s
 34635 20268   32.61342   55  755   40.00000   31.93686  20.2%   346 1850s
 34705 20303   32.32941   53  858   40.00000   31.93712  20.2%   347 1855s
 34805 20356   33.00000   72  591   40.00000   31.93952  20.2%   347 1860s
 34895 20402   34.44571   73  548   40.00000   31.94001  20.1%   347 1865s
 35049 20491   36.70610  103  492   40.00000   31.94058  20.1%   347 1870s
H35071 17979                      39.0000000   31.94067  18.1%   347 1875s
 35072 17982   33.46722   61  649   39.00000   31.94067  18.1%   347 1884s
 35083 17993   34.00780   72  535   39.00000   31.94067  18.1%   347 1885s
 35124 18034   37.30097  113  244   39.00000   31.94067  18.1%   347 1898s
 35141 18037   32.50879   61  931   39.00000   31.94067  18.1%   347 1900s
 35167 18055   32.62923   53  804   39.00000   31.94074  18.1%   347 1905s
 35273 18145   35.75729  101  540   39.00000   31.94091  18.1%   348 1910s
 35362 18208   36.45677  112  401   39.00000   31.94102  18.1%   348 1915s
 35477 18303   36.04991   92  368   39.00000   31.94225  18.1%   348 1920s
 35662 18438     cutoff  110        39.00000   31.94327  18.1%   348 1925s
 35727 18501   35.76959   98  439   39.00000   31.94492  18.1%   349 1930s
 35887 18634   37.11147  107  297   39.00000   31.94715  18.1%   348 1935s
 35979 18706   33.43060   71  568   39.00000   31.94777  18.1%   349 1940s
 36152 18845   34.18134   81  500   39.00000   31.94837  18.1%   348 1945s
 36331 18990   38.00000  110  339   39.00000   31.94880  18.1%   348 1950s
 36464 19075   33.99984   74  655   39.00000   31.94987  18.1%   348 1959s
 36478 19089   35.56218   81  498   39.00000   31.94987  18.1%   348 1960s
 36656 19243   36.16507   85  472   39.00000   31.95191  18.1%   348 1965s
 36799 19367   37.34211  114  310   39.00000   31.95311  18.1%   348 1970s
 36876 19419   32.64866   58  755   39.00000   31.95467  18.1%   349 1975s
 36982 19502   34.95670   82  703   39.00000   31.95471  18.1%   348 1980s
 37128 19627   36.57595   88  400   39.00000   31.95570  18.1%   348 1985s
 37248 19719   34.70353   82  608   39.00000   31.95918  18.1%   349 1990s
 37397 19837   33.95317   72  651   39.00000   31.96014  18.1%   349 1995s
 37493 19919   34.09027   80  544   39.00000   31.96017  18.1%   349 2000s
 37606 20004     cutoff  109        39.00000   31.96116  18.0%   350 2005s
 37760 20126   32.79274   64  771   39.00000   31.96308  18.0%   350 2010s
 37943 20282   32.38551   58  787   39.00000   31.96711  18.0%   350 2015s
 38076 20367   32.22421   64  669   39.00000   31.96844  18.0%   350 2020s
 38231 20491   32.14421   64  793   39.00000   31.96863  18.0%   349 2025s
 38326 20566   32.91138   67  764   39.00000   31.96944  18.0%   350 2030s
 38475 20685   33.77329   80  534   39.00000   31.97125  18.0%   350 2035s
 38626 20812   34.40708   70  539   39.00000   31.97272  18.0%   350 2040s
 38801 20951   32.75000   70  647   39.00000   31.97525  18.0%   350 2045s
 38945 21070   33.00000   67  747   39.00000   31.97642  18.0%   350 2050s
 39060 21159   32.46044   64  929   39.00000   31.97728  18.0%   350 2055s
 39175 21262   36.58227   94  256   39.00000   31.97921  18.0%   350 2060s
 39323 21375   32.57394   57  855   39.00000   31.98075  18.0%   350 2065s
 39444 21478   36.22007   89  471   39.00000   31.98132  18.0%   350 2070s
 39550 21560   34.16883   74  596   39.00000   31.98241  18.0%   351 2075s
 39779 21697   36.10385   84  486   39.00000   31.98330  18.0%   350 2080s
 39933 21834   37.19297  113  375   39.00000   31.98442  18.0%   350 2085s
 40051 21931   35.31920   80  561   39.00000   31.98543  18.0%   350 2090s
 40200 22050   33.04803   62  647   39.00000   31.98558  18.0%   350 2095s
 40360 22188   35.82025  106  517   39.00000   31.98593  18.0%   350 2100s
 40529 22318     cutoff   89        39.00000   31.98804  18.0%   350 2105s
 40671 22430   32.23775   54  777   39.00000   31.98999  18.0%   350 2110s
 40777 22510   32.09715   52 1132   39.00000   31.99062  18.0%   350 2115s
 40835 22562   33.10777   66  589   39.00000   31.99083  18.0%   350 2120s
 40919 22635   35.61850   74  405   39.00000   31.99134  18.0%   350 2125s
 41020 22715   34.15480   63  358   39.00000   31.99201  18.0%   351 2130s
 41101 22774   33.37998   69  626   39.00000   31.99242  18.0%   351 2135s
 41227 22877   33.91086   65  543   39.00000   31.99249  18.0%   351 2140s
 41311 22943   32.75148   63  728   39.00000   31.99365  18.0%   351 2145s
 41398 23023   34.93602  102  364   39.00000   31.99538  18.0%   352 2150s
 41551 23131   35.23375   86  446   39.00000   31.99733  18.0%   351 2155s
 41615 23177   34.78234   86  581   39.00000   31.99788  18.0%   351 2161s
 41672 23226   35.59782   90  428   39.00000   31.99825  18.0%   352 2165s
 41763 23306   35.32756   89  489   39.00000   31.99861  18.0%   352 2170s
 41929 23426   32.37036   58  839   39.00000   32.00000  17.9%   351 2175s
 42015 23499   33.01785   57  671   39.00000   32.00000  17.9%   351 2180s
 42148 23616   37.34872  110  374   39.00000   32.00000  17.9%   351 2185s
 42290 23723   34.13910   84  466   39.00000   32.00000  17.9%   351 2190s
 42401 23818   36.96859  122  427   39.00000   32.00000  17.9%   351 2195s
 42475 23870   33.20927   74  606   39.00000   32.00000  17.9%   351 2200s
 42557 23938   34.89686   79  494   39.00000   32.00000  17.9%   351 2205s
 42672 24024   35.98101  104  478   39.00000   32.00032  17.9%   351 2210s
 42765 24098   34.06313   68  602   39.00000   32.00049  17.9%   352 2215s
 42853 24174   34.06970   77  587   39.00000   32.00171  17.9%   352 2220s
 42977 24275   34.45023   65  492   39.00000   32.00271  17.9%   352 2225s
 43125 24384   34.17863   65  614   39.00000   32.00346  17.9%   352 2230s
 43225 24464   32.47347   58  918   39.00000   32.00512  17.9%   352 2235s
 43331 24544   32.48915   55  821   39.00000   32.00645  17.9%   352 2240s
 43457 24645   32.49178   65  793   39.00000   32.00736  17.9%   352 2245s
 43570 24749   34.61261   84  549   39.00000   32.00805  17.9%   352 2250s
 43678 24836   32.37432   60  914   39.00000   32.00962  17.9%   352 2255s
 43762 24912   35.25852   86  481   39.00000   32.00965  17.9%   352 2260s
 43883 25006   33.04242   72  677   39.00000   32.00991  17.9%   352 2265s
 43999 25097   33.29099   73  592   39.00000   32.01042  17.9%   352 2270s
 44129 25206   33.35562   65  639   39.00000   32.01148  17.9%   352 2275s
 44261 25324   37.28212  112  250   39.00000   32.01238  17.9%   352 2280s
 44345 25380   34.01287   75  512   39.00000   32.01289  17.9%   353 2285s
 44482 25483   32.96407   64  568   39.00000   32.01316  17.9%   352 2290s
 44597 25583   33.05971   61  715   39.00000   32.01453  17.9%   352 2295s
 44671 25648   33.77459   64  709   39.00000   32.01495  17.9%   353 2300s
 44809 25738   32.47607   72  636   39.00000   32.01659  17.9%   353 2305s
 44868 25785   34.71429   74  471   39.00000   32.01673  17.9%   353 2310s
 45037 25911   32.35549   58  889   39.00000   32.01867  17.9%   352 2315s
 45157 26017   37.63641  106  399   39.00000   32.01923  17.9%   352 2320s
 45234 26075   32.76413   61  737   39.00000   32.02275  17.9%   353 2325s
 45310 26141   34.29750   92  622   39.00000   32.02290  17.9%   353 2330s
 45440 26240   32.53313   58  768   39.00000   32.02339  17.9%   353 2335s
 45567 26345   32.50922   66  710   39.00000   32.02465  17.9%   353 2340s
 45640 26410   33.57739   77  528   39.00000   32.02541  17.9%   353 2345s
 45786 26532   33.69041   77  600   39.00000   32.02547  17.9%   353 2350s
 45862 26595   35.70040   92  479   39.00000   32.02555  17.9%   353 2355s
 45991 26666   32.81765   61  609   39.00000   32.02617  17.9%   353 2360s
 46092 26754   35.55021  101  451   39.00000   32.02630  17.9%   353 2365s
 46213 26849   34.55574   78  397   39.00000   32.02691  17.9%   353 2370s
 46355 26964   33.81767   80  576   39.00000   32.02794  17.9%   353 2375s
 46482 27055   32.55982   59  810   39.00000   32.02939  17.9%   353 2380s
 46594 27158   36.60226  101  556   39.00000   32.02990  17.9%   353 2385s
 46715 27251   35.86556  104  457   39.00000   32.03029  17.9%   353 2390s
 46861 27364   33.01821   62  679   39.00000   32.03143  17.9%   353 2395s
 46966 27450   37.71417  111  353   39.00000   32.03152  17.9%   353 2400s
 47144 27575   33.61320   82  618   39.00000   32.03186  17.9%   353 2405s
 47263 27671   35.33470   89  486   39.00000   32.03309  17.9%   353 2410s
 47446 27800   32.37762   60  707   39.00000   32.03604  17.9%   353 2415s
 47532 27865   32.70075   70  737   39.00000   32.03713  17.9%   354 2420s
 47608 27925   33.14121   76  545   39.00000   32.03730  17.9%   354 2425s
 47710 27998   35.99389  104  506   39.00000   32.03767  17.9%   354 2430s
 47844 28108   33.46087   59  601   39.00000   32.03867  17.8%   355 2435s
 47919 28177   36.40166   98  356   39.00000   32.03951  17.8%   355 2440s
 48067 28297   37.67074  106  334   39.00000   32.04197  17.8%   355 2445s
 48185 28389     cutoff  101        39.00000   32.04306  17.8%   355 2450s
 48291 28476   34.84699   79  476   39.00000   32.04353  17.8%   355 2455s
 48425 28580   37.13601   94  298   39.00000   32.04353  17.8%   355 2460s
 48550 28664   35.04919   86  418   39.00000   32.04470  17.8%   355 2465s
 48732 28813   33.25621   65  764   39.00000   32.04643  17.8%   355 2470s
 48849 28921   35.91686   98  379   39.00000   32.04733  17.8%   355 2475s
 49020 29062   37.41402  106  468   39.00000   32.04768  17.8%   355 2480s
 49110 29130   35.15218   91  474   39.00000   32.04834  17.8%   355 2485s
 49223 29207   33.08965   66  489   39.00000   32.04927  17.8%   356 2490s
 49371 29318   32.62491   59  763   39.00000   32.04984  17.8%   356 2495s
 49474 29399   33.41966   67  637   39.00000   32.05171  17.8%   356 2500s
 49590 29499   35.51471   96  367   39.00000   32.05192  17.8%   356 2505s
 49737 29607   33.66692   67  522   39.00000   32.05356  17.8%   356 2510s
 49855 29713   36.00000   93  274   39.00000   32.05441  17.8%   356 2515s
 49995 29817   35.40297   94  384   39.00000   32.05488  17.8%   356 2520s
 50109 29908   34.05267   74  515   39.00000   32.05524  17.8%   356 2525s
 50249 30014   37.26377   80  233   39.00000   32.05550  17.8%   356 2530s
 50377 30117   36.40176   89  430   39.00000   32.05593  17.8%   357 2535s
 50535 30235   32.47043   61  818   39.00000   32.05923  17.8%   356 2540s
 50602 30293   35.50000   88  458   39.00000   32.05947  17.8%   357 2545s
 50744 30413   38.00000  101  277   39.00000   32.06000  17.8%   357 2550s
 50861 30481   34.22850   82  502   39.00000   32.06005  17.8%   357 2555s
 51001 30598   33.13629   67  627   39.00000   32.06014  17.8%   357 2560s
 51081 30661   33.43246   69  657   39.00000   32.06027  17.8%   357 2565s
 51223 30781   32.45318   59  857   39.00000   32.06183  17.8%   357 2570s
 51371 30895   32.50636   62  640   39.00000   32.06270  17.8%   357 2575s
 51479 30992   35.77128  105  466   39.00000   32.06346  17.8%   358 2580s
 51609 31090   34.20000   87  403   39.00000   32.06387  17.8%   358 2585s
 51757 31212   36.33259   95  486   39.00000   32.06463  17.8%   358 2590s
 51844 31265   32.55053   62  597   39.00000   32.06530  17.8%   358 2595s
 51943 31355   33.85186   57  564   39.00000   32.06705  17.8%   358 2600s
 52062 31456   34.51068   78  597   39.00000   32.06716  17.8%   358 2605s
 52176 31535   33.28676   76  505   39.00000   32.06989  17.8%   358 2610s
 52317 31651   34.33421   86  587   39.00000   32.07079  17.8%   358 2615s
 52477 31765   32.56072   61  818   39.00000   32.07116  17.8%   358 2620s
 52608 31872   32.77105   64  679   39.00000   32.07169  17.8%   358 2625s
 52684 31934   33.19298   65  544   39.00000   32.07183  17.8%   359 2630s
 52853 32074   33.27739   67  722   39.00000   32.07344  17.8%   359 2635s
 52983 32177   32.49537   57  692   39.00000   32.07421  17.8%   359 2640s
 53126 32299   35.00000   67  608   39.00000   32.07548  17.8%   359 2645s
 53289 32426   37.09041  103  372   39.00000   32.07586  17.8%   359 2650s
 53437 32538   37.16078  121  188   39.00000   32.07702  17.8%   359 2655s
 53557 32640   36.06271   94  351   39.00000   32.07862  17.7%   359 2660s
 53670 32711   32.30274   63  860   39.00000   32.07886  17.7%   359 2665s
 53777 32795   33.30509   61  692   39.00000   32.07965  17.7%   359 2670s
 53871 32873   36.00000   89  556   39.00000   32.07984  17.7%   359 2675s
 53960 32946   33.75361   85  572   39.00000   32.08043  17.7%   360 2680s
 54108 33064   37.29273  102  279   39.00000   32.08083  17.7%   359 2685s
 54227 33158   33.74961   72  479   39.00000   32.08173  17.7%   359 2690s
 54354 33260   34.50168   84  431   39.00000   32.08218  17.7%   359 2695s
 54471 33350   33.59128   81  528   39.00000   32.08308  17.7%   359 2700s
 54587 33437   32.25000   57  817   39.00000   32.08599  17.7%   360 2705s
 54689 33530   36.06877  103  415   39.00000   32.08611  17.7%   360 2710s
 54819 33620   34.79902   80  507   39.00000   32.08707  17.7%   360 2715s
 54890 33683   35.19301   80  415   39.00000   32.08721  17.7%   360 2720s
 54975 33758   34.44988   65  518   39.00000   32.08724  17.7%   360 2725s
 55047 33809   35.00373   90  449   39.00000   32.08780  17.7%   360 2730s
 55164 33900   32.76703   65  759   39.00000   32.08936  17.7%   360 2735s
 55251 33975   37.01695   94  343   39.00000   32.09025  17.7%   360 2740s
 55388 34093   34.74485   83  481   39.00000   32.09269  17.7%   360 2745s
 55431 34123   32.25310   64  701   39.00000   32.09493  17.7%   360 2750s
 55529 34211   34.27311   72  548   39.00000   32.09507  17.7%   360 2755s
 55667 34313   32.61065   58  821   39.00000   32.09524  17.7%   360 2760s
 55834 34455   37.85080  117  311   39.00000   32.09528  17.7%   360 2765s
 55929 34523   33.95039   68  566   39.00000   32.09686  17.7%   360 2770s
 56040 34605   32.35294   62  626   39.00000   32.09750  17.7%   360 2775s
 56112 34665   34.45158   89  446   39.00000   32.09839  17.7%   360 2780s
 56233 34761   34.03491   63  453   39.00000   32.09846  17.7%   360 2785s
 56319 34826   33.70853   70  624   39.00000   32.09950  17.7%   360 2790s
 56427 34913   34.47116   78  671   39.00000   32.10000  17.7%   361 2795s
 56548 35005   32.29147   59  852   39.00000   32.10112  17.7%   361 2800s
 56646 35094   37.00000  108  239   39.00000   32.10143  17.7%   361 2805s
 56784 35204   34.58485   87  641   39.00000   32.10208  17.7%   361 2810s
 56854 35259   36.06300   88  485   39.00000   32.10235  17.7%   361 2815s
 57003 35383   34.22287   93  458   39.00000   32.10353  17.7%   361 2820s
 57114 35471   34.85553   84  430   39.00000   32.10410  17.7%   361 2825s
 57197 35527   33.12216   62  633   39.00000   32.10454  17.7%   361 2830s
 57316 35624   36.05986   96  456   39.00000   32.10526  17.7%   361 2835s
 57417 35700   34.85647   85  503   39.00000   32.10540  17.7%   361 2840s
 57561 35821   37.11668  108  213   39.00000   32.10589  17.7%   361 2845s
 57603 35839   33.96555   71  573   39.00000   32.10614  17.7%   361 2850s
 57663 35880   33.66667   69  616   39.00000   32.10639  17.7%   362 2855s
 57762 35962   32.66872   57  815   39.00000   32.10757  17.7%   362 2860s
 57878 36054   33.14789   69  635   39.00000   32.10779  17.7%   361 2865s
 58003 36158   37.00000  101  287   39.00000   32.10816  17.7%   361 2870s
 58141 36267   34.73861   79  507   39.00000   32.10862  17.7%   361 2875s
 58257 36362   32.59259   57  572   39.00000   32.10994  17.7%   361 2880s
 58347 36444   36.21267   99  391   39.00000   32.11066  17.7%   362 2885s
 58430 36503   33.35965   74  570   39.00000   32.11108  17.7%   362 2890s
 58543 36598   33.89013   82  651   39.00000   32.11198  17.7%   362 2895s
 58633 36676   37.34246   82  403   39.00000   32.11210  17.7%   362 2900s
 58747 36744   33.77485   73  484   39.00000   32.11300  17.7%   362 2905s
 58841 36817   34.69918   73  530   39.00000   32.11398  17.7%   362 2910s
 58974 36898   32.45462   62  787   39.00000   32.11463  17.7%   362 2915s
 59063 36975   35.00000   73  489   39.00000   32.11525  17.7%   362 2920s
 59181 37062   32.32150   58  908   39.00000   32.11538  17.7%   362 2925s
 59314 37171   32.68688   58  808   39.00000   32.11618  17.7%   362 2930s
 59438 37287   36.88003  108  369   39.00000   32.11631  17.7%   362 2935s
 59593 37396   32.45733   57  789   39.00000   32.11641  17.7%   362 2940s
 59682 37475   33.47614   70  637   39.00000   32.11678  17.6%   362 2945s
 59774 37545   32.40594   58  994   39.00000   32.11781  17.6%   362 2950s
 59861 37625   35.18005   86  541   39.00000   32.11811  17.6%   362 2955s
 59969 37711   33.64059   85  422   39.00000   32.11866  17.6%   363 2960s
 60143 37854   32.19166   57  801   39.00000   32.11927  17.6%   362 2965s
 60237 37934   33.70535   80  528   39.00000   32.11932  17.6%   362 2970s
 60408 38052   33.26425   64  669   39.00000   32.12052  17.6%   362 2975s
 60536 38161   34.50524   77  477   39.00000   32.12058  17.6%   362 2980s
 60689 38289   32.23309   61  881   39.00000   32.12162  17.6%   362 2985s
 60780 38370   32.84482   59  758   39.00000   32.12162  17.6%   362 2990s
 60868 38450   35.00000   72  469   39.00000   32.12185  17.6%   362 2995s
 60996 38552   35.20943   81  563   39.00000   32.12219  17.6%   362 3000s
 61109 38647   34.16128   84  522   39.00000   32.12252  17.6%   362 3005s
 61207 38727   33.07203   65  734   39.00000   32.12255  17.6%   362 3010s
 61321 38821   32.87940   59  659   39.00000   32.12260  17.6%   363 3015s
 61451 38926   32.90096   63  772   39.00000   32.12340  17.6%   363 3020s
 61597 39057   36.43218  120  341   39.00000   32.12354  17.6%   363 3025s
 61692 39110   32.55663   61  977   39.00000   32.12435  17.6%   363 3030s
 61817 39205   36.49082  102  363   39.00000   32.12530  17.6%   363 3035s
 61923 39275   33.15235   60  676   39.00000   32.12583  17.6%   363 3040s
 62055 39381   33.07733   53 1010   39.00000   32.12752  17.6%   363 3045s
 62179 39482   32.53246   63  794   39.00000   32.12963  17.6%   363 3050s
 62323 39601   32.55557   60  882   39.00000   32.12963  17.6%   363 3055s
 62474 39738   36.32679   82  501   39.00000   32.12994  17.6%   363 3060s
 62591 39823   35.61775   92  378   39.00000   32.13208  17.6%   363 3065s
 62710 39912   32.78103   65  712   39.00000   32.13231  17.6%   363 3070s
 62811 39998   33.69598   71  596   39.00000   32.13268  17.6%   363 3075s
 62937 40103   33.05907   68  767   39.00000   32.13299  17.6%   363 3080s
 63110 40245   32.53254   60  776   39.00000   32.13327  17.6%   363 3085s
 63279 40381   32.48217   60  915   39.00000   32.13397  17.6%   363 3090s
 63398 40464   34.50000   81  514   39.00000   32.13416  17.6%   363 3095s
 63457 40513   34.32714   68  525   39.00000   32.13418  17.6%   363 3100s
 63555 40595     cutoff  104        39.00000   32.13463  17.6%   363 3105s
 63681 40691   33.84654   63  596   39.00000   32.13541  17.6%   364 3110s
 63808 40789   32.92222   67  587   39.00000   32.13555  17.6%   363 3115s
 63916 40881   33.85582   76  577   39.00000   32.13560  17.6%   364 3120s
 64046 40963   33.35896   64  638   39.00000   32.13666  17.6%   364 3125s
 64180 41066   33.71619   70  613   39.00000   32.13727  17.6%   364 3130s
 64243 41111   33.04351   76  425   39.00000   32.13770  17.6%   364 3135s
 64348 41198   33.94060   64  550   39.00000   32.13781  17.6%   364 3140s
 64422 41248   32.66667   60  734   39.00000   32.13864  17.6%   364 3145s
 64542 41351   34.13450   69  688   39.00000   32.13883  17.6%   364 3150s
 64634 41429   36.19609  108  415   39.00000   32.13889  17.6%   365 3155s
 64703 41490   35.77308   80  377   39.00000   32.13927  17.6%   365 3160s
 64804 41571     cutoff  114        39.00000   32.13947  17.6%   365 3165s
 64883 41634   32.63047   64  669   39.00000   32.14028  17.6%   365 3170s
 65028 41732   34.13343   77  611   39.00000   32.14101  17.6%   365 3175s
 65181 41837     cutoff  138        39.00000   32.14130  17.6%   365 3180s
 65297 41933   32.54748   58  680   39.00000   32.14176  17.6%   365 3185s
 65409 42033   33.51248   68  611   39.00000   32.14176  17.6%   366 3190s
 65538 42149   36.30316   90  510   39.00000   32.14190  17.6%   366 3195s
 65665 42255   36.08599  100  374   39.00000   32.14328  17.6%   366 3200s
 65808 42367   33.22731   56  957   39.00000   32.14381  17.6%   366 3205s
 65933 42472   34.14363   82  635   39.00000   32.14394  17.6%   366 3210s
 66029 42545   33.49514   65  757   39.00000   32.14405  17.6%   366 3215s
 66179 42663   34.26743   72  439   39.00000   32.14413  17.6%   366 3220s
 66354 42809   32.47055   61  717   39.00000   32.14516  17.6%   366 3225s
 66506 42938   34.33486   81  514   39.00000   32.14760  17.6%   366 3230s
 66688 43070   34.97531   78  463   39.00000   32.14779  17.6%   365 3235s
 66820 43166   33.14199   72  650   39.00000   32.14816  17.6%   365 3240s
 66966 43291   34.81782   77  501   39.00000   32.14973  17.6%   365 3245s
 67117 43415   32.50304   56  951   39.00000   32.15117  17.6%   365 3250s
 67205 43486   33.46380   66  554   39.00000   32.15148  17.6%   366 3255s
 67338 43601   35.31290   80  501   39.00000   32.15183  17.6%   366 3260s
 67451 43692   32.42342   57  744   39.00000   32.15214  17.6%   366 3265s
 67574 43791     cutoff  111        39.00000   32.15215  17.6%   366 3270s
 67694 43899   36.52360  111  463   39.00000   32.15309  17.6%   366 3275s
 67806 43988   35.70399   88  329   39.00000   32.15333  17.6%   366 3280s
 67888 44050   34.73633   79  559   39.00000   32.15388  17.6%   366 3285s
 68015 44145   34.21344   73  506   39.00000   32.15479  17.6%   366 3290s
 68146 44225   34.26070   66  614   39.00000   32.15513  17.6%   366 3295s
 68312 44356   33.08211   70  620   39.00000   32.15550  17.6%   366 3300s
 68453 44470   33.06009   62  657   39.00000   32.15556  17.5%   366 3305s
 68544 44547   34.36556   89  387   39.00000   32.15574  17.5%   366 3310s
 68656 44628   33.05748   60  647   39.00000   32.15625  17.5%   366 3315s
 68776 44729   37.18902  108  466   39.00000   32.15650  17.5%   366 3320s
 68822 44767   35.00000   76  460   39.00000   32.15694  17.5%   366 3325s
 68906 44829   32.49116   55  912   39.00000   32.15789  17.5%   366 3330s
 69040 44939   32.84615   65  638   39.00000   32.15802  17.5%   366 3335s
 69138 45027   34.58330   75  566   39.00000   32.15925  17.5%   366 3340s
 69252 45133   36.08899   92  283   39.00000   32.15954  17.5%   366 3345s
 69378 45228   34.99206   89  560   39.00000   32.16035  17.5%   366 3350s
 69459 45294   32.27757   59  870   39.00000   32.16066  17.5%   366 3357s
 69538 45357   32.70209   54  850   39.00000   32.16127  17.5%   366 3360s
 69639 45444   36.58409  115  368   39.00000   32.16138  17.5%   366 3365s
 69724 45479   34.00436   70  497   39.00000   32.16138  17.5%   367 3370s
 69802 45543   34.81000   79  592   39.00000   32.16160  17.5%   367 3375s
 69926 45648   35.10977   72  499   39.00000   32.16210  17.5%   367 3380s
 70048 45739   32.58622   70  717   39.00000   32.16217  17.5%   367 3385s
 70140 45819   33.71973   78  495   39.00000   32.16261  17.5%   367 3390s
 70229 45901   36.50114  106  457   39.00000   32.16338  17.5%   367 3395s
 70324 45975   34.11111   72  544   39.00000   32.16389  17.5%   367 3400s
 70456 46077   33.50741   76  679   39.00000   32.16510  17.5%   367 3405s
 70620 46210   32.30063   58  870   39.00000   32.16624  17.5%   367 3410s
 70768 46338   37.25357  107  271   39.00000   32.16667  17.5%   367 3415s
 70834 46381   33.01813   66  691   39.00000   32.16667  17.5%   367 3425s
 70959 46468   32.75000   66  826   39.00000   32.16767  17.5%   367 3430s
 71032 46532   35.69530   93  454   39.00000   32.16775  17.5%   367 3435s
 71129 46607   33.67602   71  636   39.00000   32.17039  17.5%   367 3440s
 71240 46692   37.76139   98  315   39.00000   32.17096  17.5%   367 3445s
 71389 46804   32.66667   60  529   39.00000   32.17217  17.5%   367 3450s
 71502 46903   36.05372   77  334   39.00000   32.17223  17.5%   367 3455s
 71634 47002   32.91266   67  855   39.00000   32.17257  17.5%   367 3460s
 71735 47074   33.88942   82  676   39.00000   32.17287  17.5%   367 3465s
 71817 47147   36.23051   91  504   39.00000   32.17288  17.5%   367 3470s
 71963 47249   32.52575   62  841   39.00000   32.17421  17.5%   367 3475s
 72079 47352   36.07100  103  444   39.00000   32.17422  17.5%   367 3480s
 72188 47442   35.60477   70  496   39.00000   32.17715  17.5%   367 3485s
 72306 47541   33.60387   76  427   39.00000   32.17841  17.5%   367 3490s
 72381 47603   34.32642   64  594   39.00000   32.17934  17.5%   367 3495s
 72487 47687   32.38374   62  863   39.00000   32.18058  17.5%   367 3500s
 72597 47779   33.01395   62  652   39.00000   32.18114  17.5%   367 3505s
 72669 47843   33.58792   75  589   39.00000   32.18154  17.5%   368 3510s
 72814 47932   32.39012   59  921   39.00000   32.18170  17.5%   367 3515s
 72901 48009   34.68825   66  563   39.00000   32.18178  17.5%   368 3520s
 72986 48086   34.75323   75  539   39.00000   32.18188  17.5%   368 3525s
 73129 48207   34.64071   77  507   39.00000   32.18213  17.5%   368 3530s
 73290 48323   33.08062   60  580   39.00000   32.18228  17.5%   368 3535s
 73432 48441   36.12366   96  557   39.00000   32.18238  17.5%   367 3540s
 73506 48496   37.63811   98  473   39.00000   32.18415  17.5%   368 3545s
 73639 48593   32.51705   57  795   39.00000   32.18450  17.5%   367 3550s
 73769 48700   34.24773   70  576   39.00000   32.18472  17.5%   367 3555s
 73875 48782   35.24449   87  462   39.00000   32.18496  17.5%   367 3560s
 74004 48889   34.50000   75  463   39.00000   32.18631  17.5%   367 3565s
 74131 48988   33.11191   71  628   39.00000   32.18717  17.5%   367 3570s
 74252 49086   33.51296   73  661   39.00000   32.18743  17.5%   367 3575s
 74418 49225   36.03591   92  323   39.00000   32.18747  17.5%   367 3580s
 74539 49322   33.63636   64  564   39.00000   32.18816  17.5%   367 3585s
 74652 49417   32.35110   59  902   39.00000   32.18838  17.5%   367 3590s
 74812 49539   32.70705   61  765   39.00000   32.18881  17.5%   367 3595s

Cutting planes:
  Learned: 1
  Gomory: 12
  Cover: 457
  Implied bound: 511
  Clique: 50
  MIR: 752
  Mixing: 11
  StrongCG: 25
  Flow cover: 2094
  GUB cover: 333
  Inf proof: 3
  Zero half: 404
  RLT: 236
  Relax-and-lift: 147
  BQP: 30

Explored 74885 nodes (27508871 simplex iterations) in 3599.94 seconds (3604.70 work units)
Thread count was 1 (of 16 available processors)

Solution count 10: 39 39 40 ... 44

Time limit reached
Best objective 3.900000000000e+01, best bound 3.300000000000e+01, gap 15.3846%

User-callback calls 959632, time in user-callback 1.61 sec

 sepatime0
Stat(MathOptInterface.TIME_LIMIT, 39.0, 33.0, 0.15384615384615385, 0.0, 0.076096, 3599.9363491535187, 74885, Main.CFLG.LEFPV2, "", #undef)
