Data path: /scratch/opt/lxu/CFLG/benchmarks/random_B
Instance: r_40_0.2_148.txt
Result path: /scratch/opt/lxu/CFLG/results/random_B
Solver: Gurobi
Time limit: 3600
Formulation: LEFP
Cover: Small
julia --project=. src/main.jl /scratch/opt/lxu/CFLG/benchmarks/random_B r_40_0.2_148.txt /scratch/opt/lxu/CFLG/results/random_B Gurobi 3600 LEFP Small
The latest version of Julia in the `release` channel is 1.11.5+0.x64.linux.gnu. You currently have `1.11.4+0.x64.linux.gnu` installed. Run:

  juliaup update

in your terminal shell to install Julia 1.11.5+0.x64.linux.gnu and update the `release` channel to that version.
/scratch/opt/lxu/CFLG/benchmarks/random_B Gurobi 3600.0 /scratch/opt/lxu/CFLG/results/random_B r_40_0.2_148.txt LEFP Small
/scratch/opt/lxu/CFLG/benchmarks/random_B/r_40_0.2_148.txt

 read graph
data loaded


after absorb:40 40

max_piece:8
problem_graph/original graph: node: 50/40 edge: 158/148 dlt: 0.15338293046318827 break_avg_len: 0.5747006002165027 break_max_len: 0.9866416686465209elapsed CPU time: 0.049471 seconds
Set parameter TokenServer to value "solice01.zib.de"
Set parameter Threads to value 1
Set parameter OutputFlag to value 1
Set parameter MIPGap to value 0.0001
Set parameter MIPGapAbs to value 1
Set parameter TimeLimit to value 3599.950529

 more cuts:false
formulation:LEFP138 20 10

 model loaded

Gurobi Optimizer version 12.0.1 build v12.0.1rc0 (linux64 - "Debian GNU/Linux 12 (bookworm)")

CPU model: Intel(R) Xeon(R) Gold 5122 CPU @ 3.60GHz, instruction set [SSE2|AVX|AVX2|AVX512]
Thread count: 8 physical cores, 16 logical processors, using up to 1 threads

Non-default parameters:
TimeLimit  3599.950529
MIPGapAbs  1
Threads  1

Optimize a model with 4010 rows, 2149 columns and 10675 nonzeros
Model fingerprint: 0xdccacde4
Variable types: 524 continuous, 1625 integer (1625 binary)
Coefficient statistics:
  Matrix range     [1e-01, 1e+00]
  Objective range  [1e+00, 1e+00]
  Bounds range     [1e-01, 1e+00]
  RHS range        [1e-03, 2e+00]
Presolve removed 1465 rows and 401 columns
Presolve time: 0.09s
Presolved: 2545 rows, 1748 columns, 11834 nonzeros
Variable types: 482 continuous, 1266 integer (1266 binary)
Found heuristic solution: objective 269.0000000

Root relaxation: objective 2.220000e+02, 694 iterations, 0.01 seconds (0.01 work units)

    Nodes    |    Current Node    |     Objective Bounds      |     Work
 Expl Unexpl |  Obj  Depth IntInf | Incumbent    BestBd   Gap | It/Node Time

     0     0  222.00000    0   75  269.00000  222.00000  17.5%     -    0s
     0     0  222.00000    0  133  269.00000  222.00000  17.5%     -    0s
     0     0  222.00000    0  124  269.00000  222.00000  17.5%     -    0s
     0     0  222.63185    0  142  269.00000  222.63185  17.2%     -    0s
H    0     0                     268.0000000  222.77171  16.9%     -    0s
     0     0  222.77171    0  146  268.00000  222.77171  16.9%     -    0s
     0     0  222.77171    0  146  268.00000  222.77171  16.9%     -    0s
     0     0  226.30939    0  189  268.00000  226.30939  15.6%     -    0s
     0     0  226.37186    0  193  268.00000  226.37186  15.5%     -    0s
     0     0  226.40467    0  199  268.00000  226.40467  15.5%     -    0s
     0     0  226.40467    0  202  268.00000  226.40467  15.5%     -    0s
     0     0  228.06905    0  159  268.00000  228.06905  14.9%     -    0s
H    0     0                     266.0000000  228.20566  14.2%     -    0s
H    0     0                     265.0000000  228.20566  13.9%     -    0s
     0     0  228.20566    0  184  265.00000  228.20566  13.9%     -    0s
     0     0  228.20566    0  191  265.00000  228.20566  13.9%     -    0s
     0     0  228.90297    0  222  265.00000  228.90297  13.6%     -    0s
     0     0  228.97142    0  227  265.00000  228.97142  13.6%     -    0s
     0     0  228.98088    0  217  265.00000  228.98088  13.6%     -    0s
     0     0  228.98567    0  214  265.00000  228.98567  13.6%     -    0s
     0     0  228.99278    0  221  265.00000  228.99278  13.6%     -    0s
     0     0  228.99391    0  229  265.00000  228.99391  13.6%     -    0s
     0     0  229.65377    0  232  265.00000  229.65377  13.3%     -    0s
H    0     0                     262.0000000  229.67241  12.3%     -    0s
H    0     0                     255.0000000  229.67241  9.93%     -    0s
     0     0  229.89720    0  227  255.00000  229.89720  9.84%     -    0s
     0     0  229.89782    0  233  255.00000  229.89782  9.84%     -    0s
     0     0  229.98897    0  222  255.00000  229.98897  9.81%     -    0s
     0     0  230.10338    0  232  255.00000  230.10338  9.76%     -    0s
     0     0  230.10614    0  236  255.00000  230.10614  9.76%     -    0s
     0     0  230.26668    0  234  255.00000  230.26668  9.70%     -    0s
     0     0  230.31998    0  261  255.00000  230.31998  9.68%     -    0s
     0     0  230.32304    0  282  255.00000  230.32304  9.68%     -    0s
     0     0  230.37686    0  256  255.00000  230.37686  9.66%     -    0s
     0     0  230.71019    0  257  255.00000  230.71019  9.53%     -    0s
     0     0  230.71019    0  260  255.00000  230.71019  9.53%     -    0s
     0     0  230.71019    0  268  255.00000  230.71019  9.53%     -    0s
     0     0  230.71019    0  293  255.00000  230.71019  9.53%     -    0s
     0     0  230.71019    0  310  255.00000  230.71019  9.53%     -    0s
     0     0  230.71019    0  297  255.00000  230.71019  9.53%     -    0s
     0     0  230.71019    0  264  255.00000  230.71019  9.53%     -    1s
     0     0  230.71019    0  258  255.00000  230.71019  9.53%     -    1s
     0     0  230.71019    0  262  255.00000  230.71019  9.53%     -    1s
     0     0  230.71019    0  264  255.00000  230.71019  9.53%     -    1s
     0     0  230.71019    0  288  255.00000  230.71019  9.53%     -    1s
     0     0  230.71019    0  290  255.00000  230.71019  9.53%     -    1s
     0     0  230.71019    0  279  255.00000  230.71019  9.53%     -    1s
     0     0  230.71019    0  245  255.00000  230.71019  9.53%     -    1s
     0     2  231.21019    0  231  255.00000  231.21019  9.33%     -    1s
*  203   192             153     250.0000000  231.47255  7.41%  20.6    1s
*  378   339             137     248.0000000  231.47754  6.66%  24.7    2s
H  397   321                     247.0000000  231.48922  6.28%  27.4    2s
   580   477  235.53421   27  233  247.00000  235.53421  4.64%  24.4    5s
   849   656  242.15583  130   53  247.00000  236.20710  4.37%  61.9   10s
H  897   645                     246.0000000  236.21229  3.98%  60.3   10s
H 1504   923                     245.0000000  236.33699  3.54%  58.6   13s
  1815  1072  236.64265   39  185  245.00000  236.36415  3.52%  57.9   15s
  3205  2192  239.13097   46  128  245.00000  236.44719  3.49%  51.6   20s
  4269  3035  237.02734   40  229  245.00000  236.51073  3.47%  49.7   25s
  5474  4035  238.42307   39  167  245.00000  236.57071  3.44%  49.5   30s
  6991  5251  237.11642   36  137  245.00000  236.61546  3.42%  49.6   35s
  8565  6542  237.44940   33  178  245.00000  236.64476  3.41%  49.3   40s
  9930  7664  239.30431   64  132  245.00000  236.69973  3.39%  49.9   45s
 10203  7889  242.18962   99  245  245.00000  236.70328  3.39%  49.5   55s
 10248  7919  241.10719   92  283  245.00000  236.70328  3.39%  49.3   60s
 10278  7939  237.73331   39  269  245.00000  236.73664  3.37%  49.2   65s
 10304  7956  239.10813   59  298  245.00000  236.83847  3.33%  49.0   70s
 10330  7974  239.71930   53  286  245.00000  236.84681  3.33%  48.9   75s
 10357  7992  238.09470   55  297  245.00000  236.90774  3.30%  48.8   80s
 10381  8008  240.39853   61  302  245.00000  236.94214  3.29%  48.7   85s
 10407  8025  239.00569   65  329  245.00000  236.95493  3.28%  48.5   90s
 10431  8041  237.05777   34  353  245.00000  236.95493  3.28%  48.4   95s
 10651  8160  242.45202   79   60  245.00000  236.97779  3.27%  56.4  100s
 10794  8238  237.62177   49  227  245.00000  237.01486  3.26%  56.9  105s
 11211  8483  237.40678   43  307  245.00000  237.05717  3.24%  57.4  110s
 11837  8805  243.01161  109   23  245.00000  237.07885  3.23%  57.5  115s
 12570  9210  241.02741   84   76  245.00000  237.10175  3.22%  57.5  120s
 13329  9568  237.64687   46  284  245.00000  237.19720  3.18%  57.7  125s
 13970  9866  238.36016   49  239  245.00000  237.25626  3.16%  58.0  130s
 14676 10234  243.00000  112   16  245.00000  237.30640  3.14%  58.1  135s
*14699  9589             129     244.0000000  237.30640  2.74%  58.0  135s
 15311  9880  239.86086   57  119  244.00000  237.35023  2.73%  58.7  140s
 15960 10161  237.68642   44  324  244.00000  237.36926  2.72%  59.1  145s
 16589 10467  241.39534   84   86  244.00000  237.40276  2.70%  59.6  150s
 17211 10699  237.75331   53  208  244.00000  237.41967  2.70%  60.1  155s
 17948 11048  238.62598   61  175  244.00000  237.44267  2.69%  60.5  160s
 18734 11417  238.06974   46  245  244.00000  237.45771  2.68%  61.1  165s
 19368 11712  240.48992   61   97  244.00000  237.48211  2.67%  61.7  170s
 20176 12048  237.71412   50  264  244.00000  237.50125  2.66%  62.2  175s
 20851 12356  237.74254   48  279  244.00000  237.51161  2.66%  63.0  180s
 21490 12661  238.80328   54  155  244.00000  237.53160  2.65%  63.3  185s
 22278 13040  238.82795   62  180  244.00000  237.54574  2.65%  63.6  190s
 23091 13400  238.12788   50  181  244.00000  237.55849  2.64%  63.9  195s
 23836 13754  237.89202   51  271  244.00000  237.57957  2.63%  64.6  200s
 24606 14117  238.49472   52  217  244.00000  237.59800  2.62%  65.3  205s
 25454 14504  241.37102   78  131  244.00000  237.60782  2.62%  65.6  210s
 26216 14830  239.88375   57  108  244.00000  237.61529  2.62%  65.9  215s
 26981 15187  239.42901   63  119  244.00000  237.62368  2.61%  66.3  220s
 27667 15503  240.84836   73  117  244.00000  237.63487  2.61%  66.3  225s
 28430 15854  239.54628   63   95  244.00000  237.64261  2.61%  67.0  230s
 29171 16159  237.83201   48  231  244.00000  237.64982  2.60%  67.2  235s
 29960 16481  238.66291   53  184  244.00000  237.65937  2.60%  67.6  240s
 30717 16840  240.29485   55   93  244.00000  237.66990  2.59%  68.1  245s
 31460 17112  238.82097   55  188  244.00000  237.67661  2.59%  68.4  250s
 32146 17398  238.27537   51  156  244.00000  237.68642  2.59%  68.9  255s
 32924 17756  240.39552   60   85  244.00000  237.69162  2.59%  69.2  260s
 33755 18240  238.02288   47  188  244.00000  237.69810  2.58%  69.2  265s
 34471 18795  240.85798   75  103  244.00000  237.70432  2.58%  69.3  270s
 35229 19389  238.45335   57  129  244.00000  237.71135  2.58%  69.6  275s
 35963 19976  240.09104   59  110  244.00000  237.71796  2.57%  69.9  280s
 36760 20591  238.02227   51  246  244.00000  237.72440  2.57%  69.9  285s
 37497 21114  237.97045   50  251  244.00000  237.73276  2.57%  70.1  290s
 38233 21686  238.21508   54  219  244.00000  237.74199  2.56%  70.4  295s
 39003 22252  238.53081   55  216  244.00000  237.74816  2.56%  70.6  300s
 39784 22866  238.00249   49  244  244.00000  237.75702  2.56%  70.9  305s
 40603 23493  238.38443   55  300  244.00000  237.76403  2.56%  71.1  310s
 41328 24044  238.00300   47  253  244.00000  237.76904  2.55%  71.2  315s
 42084 24591  240.24129   62  148  244.00000  237.77272  2.55%  71.5  320s
 42822 25142  241.90178   91   77  244.00000  237.77765  2.55%  71.7  325s
 43628 25775  238.42230   53  252  244.00000  237.78769  2.55%  71.9  330s
 44367 26354  238.73946   57  181  244.00000  237.79398  2.54%  72.1  335s
 45048 26906  238.86076   57  143  244.00000  237.79765  2.54%  72.2  340s
 45881 27543  238.30280   55  248  244.00000  237.80268  2.54%  72.3  345s
 46575 28073  239.06187   57  174  244.00000  237.80707  2.54%  72.4  350s
 47313 28628  239.00375   56  191  244.00000  237.81269  2.54%  72.5  355s
 48022 29161  239.17062   56  141  244.00000  237.81498  2.53%  72.7  360s
 48803 29768     cutoff   98       244.00000  237.81998  2.53%  72.9  365s
 49526 30325  238.06296   48  261  244.00000  237.82407  2.53%  73.0  370s
 50225 30867  239.32925   63   88  244.00000  237.82751  2.53%  73.3  375s
 51010 31450  238.40479   59  225  244.00000  237.83254  2.53%  73.4  380s
 51698 31992  241.00000   72   62  244.00000  237.83769  2.53%  73.5  385s
 52491 32576  238.53214   52  252  244.00000  237.84285  2.52%  73.6  390s
 53239 33120  239.97048   71  129  244.00000  237.84682  2.52%  73.7  395s
 54025 33718  241.79770   86   62  244.00000  237.85014  2.52%  73.9  400s
 54835 34322  238.04499   52  258  244.00000  237.85445  2.52%  73.9  405s
 55592 34924  238.11206   46  268  244.00000  237.85855  2.52%  74.0  410s
 56312 35454  240.65637   60   95  244.00000  237.86220  2.52%  74.1  415s
 57053 36016  239.50000   61  119  244.00000  237.86402  2.51%  74.2  420s
 57776 36586  238.46600   53  199  244.00000  237.86767  2.51%  74.4  425s
 58468 37099  241.30169   70   92  244.00000  237.86947  2.51%  74.5  430s
 59218 37679  239.50000   58   97  244.00000  237.87196  2.51%  74.6  435s
 60031 38297  238.26235   53  280  244.00000  237.87517  2.51%  74.7  440s
 60719 38844  238.62503   53  213  244.00000  237.87825  2.51%  74.9  445s
 61410 39390  239.05525   60  151  244.00000  237.88059  2.51%  75.0  450s
 62117 39936  239.34871   57  145  244.00000  237.88599  2.51%  75.1  455s
 62864 40545  239.24103   56  140  244.00000  237.88867  2.50%  75.2  460s
 63566 41070  238.84261   55  251  244.00000  237.89172  2.50%  75.3  465s
 64338 41660  240.56136   64  103  244.00000  237.89347  2.50%  75.4  470s
 65113 42222  238.14387   49  313  244.00000  237.89576  2.50%  75.4  475s
 65775 42730  238.98334   58  189  244.00000  237.89845  2.50%  75.6  480s
 66557 43317  239.54814   52  172  244.00000  237.90205  2.50%  75.6  485s
 67275 43861  242.50205   82   73  244.00000  237.90593  2.50%  75.6  490s
 68011 44414  238.84172   53  209  244.00000  237.90862  2.50%  75.7  495s
 68774 45013  242.59426   70  101  244.00000  237.91070  2.50%  75.8  500s
 69427 45517  238.85172   57  165  244.00000  237.91408  2.49%  76.0  505s
 70179 46040  241.01360   81   68  244.00000  237.91750  2.49%  76.1  510s
 70931 46623     cutoff   74       244.00000  237.92059  2.49%  76.2  515s
 71678 47167  238.30687   53  270  244.00000  237.92315  2.49%  76.3  520s
 72458 47754  238.28757   55  290  244.00000  237.92626  2.49%  76.2  525s
 73233 48341  238.11034   49  262  244.00000  237.92840  2.49%  76.3  530s
 73706 48686  238.10353   53  261  244.00000  237.92980  2.49%  76.3  535s
 74440 49239  238.06620   49  305  244.00000  237.93309  2.49%  76.4  540s
 75205 49812  238.52902   57  200  244.00000  237.93499  2.49%  76.5  545s
 75944 50392  240.32986   67  127  244.00000  237.93679  2.48%  76.6  550s
 76659 50921  238.39764   52  244  244.00000  237.94082  2.48%  76.6  555s
 77438 51521  239.74188   61  182  244.00000  237.94436  2.48%  76.7  560s
 78268 52140  238.06700   52  264  244.00000  237.94849  2.48%  76.7  565s
 79026 52730  238.89464   56  194  244.00000  237.94995  2.48%  76.8  570s
 79748 53282  239.10174   59  133  244.00000  237.95366  2.48%  76.9  575s
 80602 53904  238.18982   49  310  244.00000  237.95823  2.48%  76.9  580s
 81407 54519  241.33532   81   74  244.00000  237.96103  2.47%  76.9  585s
 82112 55059  240.28227   79   94  244.00000  237.96469  2.47%  77.0  590s
 82848 55637  238.21803   48  225  244.00000  237.96802  2.47%  77.1  595s
 83569 56215  238.38905   51  257  244.00000  237.96989  2.47%  77.2  600s
 84372 56826  240.18053   62  178  244.00000  237.97293  2.47%  77.2  605s
 85140 57395     cutoff   81       244.00000  237.97607  2.47%  77.3  610s
 85823 57907  240.12794   68  116  244.00000  237.97853  2.47%  77.3  615s
 86525 58399  238.63684   47  240  244.00000  237.98058  2.47%  77.4  620s
 87209 58923  241.06359   80   77  244.00000  237.98289  2.47%  77.5  625s
 87855 59408  238.46407   55  215  244.00000  237.98450  2.47%  77.6  630s
 88585 59950  238.11896   51  278  244.00000  237.98745  2.46%  77.7  635s
 89269 60469  238.19418   50  278  244.00000  237.98997  2.46%  77.8  640s
 90026 61032  238.64311   52  267  244.00000  237.99265  2.46%  77.8  645s
 90711 61577  238.74871   53  242  244.00000  237.99476  2.46%  77.9  650s
 91425 62108  239.32300   61  134  244.00000  237.99687  2.46%  77.9  655s
 92082 62599  242.09819   74   82  244.00000  237.99885  2.46%  78.0  660s
 92804 63156  239.65627   63   95  244.00000  238.00044  2.46%  78.0  665s
 93521 63666  238.89320   53  267  244.00000  238.00197  2.46%  78.0  673s
 93615 63750  242.73118  105   96  244.00000  238.00267  2.46%  78.1  675s
 94288 64263  243.00000   82   40  244.00000  238.00379  2.46%  78.1  680s
 95009 64776  238.65630   55  159  244.00000  238.00577  2.46%  78.2  685s
 95747 65327  239.59507   63  106  244.00000  238.00739  2.46%  78.2  690s
 96558 65921  241.83761   95   85  244.00000  238.00938  2.46%  78.3  695s
 97261 66451  238.40770   53  214  244.00000  238.01218  2.45%  78.3  700s
 97990 66995  238.35889   53  271  244.00000  238.01461  2.45%  78.4  705s
 98709 67517  240.09888   63  109  244.00000  238.01665  2.45%  78.5  710s
 99485 68137  239.67717   71  156  244.00000  238.01811  2.45%  78.5  715s
 100190 68652     cutoff   85       244.00000  238.02011  2.45%  78.5  720s
 100836 69116  241.15065   91   98  244.00000  238.02214  2.45%  78.6  725s
 101671 69728  238.51452   51  257  244.00000  238.02489  2.45%  78.6  730s
 102339 70189  239.09083   59  207  244.00000  238.02678  2.45%  78.7  735s
 103079 70754  242.16826   77   84  244.00000  238.02880  2.45%  78.7  740s
 103747 71264  238.41939   49  227  244.00000  238.03141  2.45%  78.8  745s
 104586 71872  239.08831   55  282  244.00000  238.03568  2.44%  78.8  750s
 105258 72398  241.42616   74  106  244.00000  238.03793  2.44%  78.9  755s
 105984 72953  239.43211   59  146  244.00000  238.04071  2.44%  79.0  760s
 106679 73474  239.59900   66  148  244.00000  238.04167  2.44%  79.0  765s
 106916 73619  239.42461   62  168  244.00000  238.04222  2.44%  79.0  776s
 107383 73962  238.66008   56  162  244.00000  238.04343  2.44%  79.1  780s
 108019 74414  238.79159   55  149  244.00000  238.04543  2.44%  79.1  785s
 108793 75014  239.65402   63   94  244.00000  238.04698  2.44%  79.2  790s
 109486 75525  239.39206   58   84  244.00000  238.04886  2.44%  79.2  795s
 110177 76022  238.53911   49  144  244.00000  238.05218  2.44%  79.3  800s
 110933 76599  238.88723   52  195  244.00000  238.05383  2.44%  79.3  805s
 111628 77076  238.76021   60  191  244.00000  238.05653  2.44%  79.4  810s
 112302 77574  240.13044   67  126  244.00000  238.05829  2.44%  79.5  815s
 113055 78120  239.31191   60  112  244.00000  238.05998  2.43%  79.5  820s
 113771 78650  238.52138   56  203  244.00000  238.06187  2.43%  79.5  825s
 114539 79225  238.65320   52  290  244.00000  238.06376  2.43%  79.6  830s
 115279 79780  238.17643   45  268  244.00000  238.06546  2.43%  79.6  835s
 115997 80327  239.00505   49  230  244.00000  238.06842  2.43%  79.7  840s
 116679 80841  239.48586   62  127  244.00000  238.06980  2.43%  79.7  845s
 117390 81381  239.12360   51  183  244.00000  238.07153  2.43%  79.8  850s
 118112 81902  238.69523   57  187  244.00000  238.07334  2.43%  79.8  855s
 118819 82441  240.15048   69  116  244.00000  238.07474  2.43%  79.9  860s
 119541 82992  240.21094   69   99  244.00000  238.07611  2.43%  79.9  865s
 120236 83507  238.54523   54  302  244.00000  238.07776  2.43%  80.0  870s
 120867 83982  239.38407   60  220  244.00000  238.07904  2.43%  80.0  875s
 121602 84509  239.69512   55  118  244.00000  238.08039  2.43%  80.1  880s
 122351 85073  241.48195   77   68  244.00000  238.08186  2.43%  80.1  885s
 123065 85589  238.51877   49  227  244.00000  238.08360  2.42%  80.1  890s
 123791 86152  238.92045   53  264  244.00000  238.08504  2.42%  80.1  895s
 124527 86668  242.15435   90   42  244.00000  238.08633  2.42%  80.2  900s
 125222 87193  238.27801   56  241  244.00000  238.08789  2.42%  80.2  905s
 126020 87763  239.22437   54  205  244.00000  238.08872  2.42%  80.2  910s
 126715 88283  241.10079   68   72  244.00000  238.09194  2.42%  80.3  915s
 127428 88795  239.50314   63  153  244.00000  238.09413  2.42%  80.3  920s
 128186 89306  238.59445   53  300  244.00000  238.09633  2.42%  80.4  925s
 128829 89812  239.20506   60  151  244.00000  238.09785  2.42%  80.4  930s
 129588 90405  239.19728   60  185  244.00000  238.09927  2.42%  80.5  935s
 130290 90925  238.78342   51  244  244.00000  238.10133  2.42%  80.5  940s
 130983 91425  238.54275   53  249  244.00000  238.10350  2.42%  80.5  945s
 131691 91947  238.59024   55  225  244.00000  238.10481  2.42%  80.6  950s
 132409 92474  241.15310   73   74  244.00000  238.10589  2.42%  80.6  955s
 133071 92952  239.27963   56  206  244.00000  238.10686  2.42%  80.6  960s
 133721 93433  239.63250   64  194  244.00000  238.10821  2.41%  80.6  965s
 134366 93894  238.98880   59  253  244.00000  238.10987  2.41%  80.7  970s
 135028 94435  239.31312   58  168  244.00000  238.11169  2.41%  80.7  975s
 135669 94915  242.19252   91   31  244.00000  238.11246  2.41%  80.8  980s
 136311 95415  240.42732   76   88  244.00000  238.11419  2.41%  80.9  985s
 137073 95942  240.51346   67  149  244.00000  238.11533  2.41%  80.8  990s
 137716 96405  242.25084   91  110  244.00000  238.11672  2.41%  80.8  995s
 138248 96809  240.96219   79  111  244.00000  238.11788  2.41%  80.9 1000s
 138882 97228  241.87500   63   66  244.00000  238.11918  2.41%  80.9 1005s
 139535 97720  238.74534   60  199  244.00000  238.12138  2.41%  80.9 1010s
 140211 98194  238.84679   51  305  244.00000  238.12310  2.41%  81.0 1015s
 140951 98727     cutoff   85       244.00000  238.12486  2.41%  81.0 1020s
 141559 99177  242.95190   78  129  244.00000  238.12591  2.41%  81.1 1025s
 142294 99712  239.83320   67  136  244.00000  238.12722  2.41%  81.1 1030s
 142966 100217  239.04615   51  166  244.00000  238.12906  2.41%  81.1 1035s
 143654 100689  238.73344   49  243  244.00000  238.13056  2.41%  81.1 1040s
 144296 101183  239.14101   56  204  244.00000  238.13155  2.41%  81.2 1045s
 144998 101672  239.03598   52  144  244.00000  238.13248  2.40%  81.2 1050s
 145684 102180  238.41593   46  186  244.00000  238.13467  2.40%  81.2 1055s
 146407 102751  238.48925   54  275  244.00000  238.13665  2.40%  81.2 1060s
 147021 103189  239.06109   56  216  244.00000  238.13866  2.40%  81.3 1065s
 147642 103670  239.88856   76  102  244.00000  238.13976  2.40%  81.3 1070s
 148299 104140  241.54904   70   59  244.00000  238.14147  2.40%  81.4 1075s
 149022 104671  239.44017   56  226  244.00000  238.14247  2.40%  81.4 1080s
 149765 105224  239.00759   57  259  244.00000  238.14414  2.40%  81.4 1085s
 150408 105697  239.67435   56  236  244.00000  238.14539  2.40%  81.4 1090s
 151075 106171  240.47867   65  100  244.00000  238.14616  2.40%  81.5 1095s
 151763 106661  238.83051   47  255  244.00000  238.14792  2.40%  81.5 1100s
 152408 107137  240.62339   71  105  244.00000  238.14884  2.40%  81.5 1105s
 153042 107598  241.78182   99   76  244.00000  238.14969  2.40%  81.6 1110s
 153684 108081     cutoff   89       244.00000  238.15065  2.40%  81.6 1115s
 154378 108586  239.26167   48  243  244.00000  238.15176  2.40%  81.6 1120s
 155073 109111  238.79788   49  252  244.00000  238.15399  2.40%  81.6 1125s
 155723 109564  240.25105   57  104  244.00000  238.15510  2.40%  81.7 1130s
 156549 110207  238.62970   53  245  244.00000  238.15601  2.40%  81.6 1135s
 157263 110727  238.86848   50  243  244.00000  238.15701  2.39%  81.6 1140s
 157864 111179  240.05025   66   89  244.00000  238.15917  2.39%  81.7 1145s
 158498 111673  238.84362   52  155  244.00000  238.15967  2.39%  81.7 1150s
 159209 112184  240.87277   63  117  244.00000  238.16051  2.39%  81.7 1155s
 159868 112668  238.72013   54  288  244.00000  238.16175  2.39%  81.8 1160s
 160580 113175  239.10649   55  176  244.00000  238.16341  2.39%  81.7 1165s
 161247 113677  238.83826   54  253  244.00000  238.16481  2.39%  81.8 1170s
 161938 114191  242.33804   70   84  244.00000  238.16688  2.39%  81.8 1175s
 162614 114687  239.36009   54  209  244.00000  238.16792  2.39%  81.8 1180s
 163325 115233  240.09888   58  114  244.00000  238.16983  2.39%  81.8 1185s
 163958 115673  239.02688   53  181  244.00000  238.17137  2.39%  81.9 1190s
 164613 116174  241.54104   82   70  244.00000  238.17298  2.39%  81.9 1195s
 165306 116632     cutoff   92       244.00000  238.17451  2.39%  81.9 1200s
 166004 117142  239.83515   61  209  244.00000  238.17595  2.39%  81.9 1205s
 166639 117612  239.29518   59  194  244.00000  238.17722  2.39%  82.0 1210s
 167314 118078  238.58255   51  281  244.00000  238.17776  2.39%  82.0 1215s
 167907 118523  242.06349   86  112  244.00000  238.17888  2.39%  82.1 1220s
 168508 118938  238.78647   49  288  244.00000  238.18018  2.39%  82.1 1225s
 169181 119448  238.68269   51  228  244.00000  238.18113  2.38%  82.2 1230s
 169879 119944     cutoff   84       244.00000  238.18257  2.38%  82.2 1235s
 170444 120374  238.84801   53  294  244.00000  238.18386  2.38%  82.3 1240s
 171113 120900  238.86880   59  211  244.00000  238.18515  2.38%  82.2 1245s
 171824 121413  240.36273   68  117  244.00000  238.18581  2.38%  82.2 1250s
 172427 121880  239.11531   53  154  244.00000  238.18716  2.38%  82.3 1255s
 173074 122333  239.63376   53  225  244.00000  238.18875  2.38%  82.3 1260s
 173663 122762  238.77290   59  286  244.00000  238.18942  2.38%  82.4 1265s
 174327 123223  238.44837   52  289  244.00000  238.19080  2.38%  82.4 1270s
 174995 123718  238.70612   52  205  244.00000  238.19160  2.38%  82.4 1275s
 175634 124177  239.52924   68  179  244.00000  238.19336  2.38%  82.5 1280s
 176318 124671  239.44127   53  263  244.00000  238.19422  2.38%  82.5 1285s
 176964 125181     cutoff   91       244.00000  238.19531  2.38%  82.5 1290s
 177609 125599  240.09842   61  194  244.00000  238.19613  2.38%  82.5 1295s
 178302 126130  238.70524   55  256  244.00000  238.19758  2.38%  82.6 1300s
 178938 126594  239.77352   59  125  244.00000  238.19862  2.38%  82.6 1305s
 179653 127137  243.00000   82   38  244.00000  238.19995  2.38%  82.6 1310s
 180336 127645  243.00000  100   22  244.00000  238.20190  2.38%  82.6 1315s
 180956 128122  240.36849   68  131  244.00000  238.20307  2.38%  82.6 1320s
 181559 128568  239.87640   61  255  244.00000  238.20391  2.38%  82.7 1325s
 182231 129053  240.49109   71  160  244.00000  238.20535  2.37%  82.7 1330s
 182913 129532  239.51311   54  158  244.00000  238.20635  2.37%  82.7 1335s
 183622 130050  239.72109   59  152  244.00000  238.20786  2.37%  82.7 1340s
 184242 130495  242.19147   70   61  244.00000  238.20927  2.37%  82.7 1345s
 184920 130959  241.42916   90  119  244.00000  238.21061  2.37%  82.7 1350s
 185585 131440  238.57475   54  238  244.00000  238.21190  2.37%  82.8 1355s
 186287 131975     cutoff   89       244.00000  238.21304  2.37%  82.8 1360s
 186963 132481  239.13614   50  235  244.00000  238.21505  2.37%  82.8 1365s
 187597 132944  238.81378   56  307  244.00000  238.21576  2.37%  82.8 1370s
 188265 133443  243.00000   95   47  244.00000  238.21672  2.37%  82.9 1375s
 188966 133956  238.66299   53  245  244.00000  238.21806  2.37%  82.8 1380s
 189604 134407  242.03589   85   94  244.00000  238.21927  2.37%  82.9 1385s
 190332 134967  239.46079   63  175  244.00000  238.22064  2.37%  82.9 1390s
 190942 135436  239.72414   64  132  244.00000  238.22153  2.37%  82.9 1395s
 191580 135889  239.06925   63  191  244.00000  238.22264  2.37%  82.9 1400s
 192324 136381  239.26763   56  168  244.00000  238.22362  2.37%  82.9 1405s
 192942 136801     cutoff   92       244.00000  238.22496  2.37%  83.0 1410s
 193596 137230     cutoff   95       244.00000  238.22557  2.37%  83.0 1415s
 194290 137742  238.62709   49  263  244.00000  238.22680  2.37%  83.0 1420s
 194967 138272  239.26934   54  242  244.00000  238.22814  2.37%  83.0 1425s
 195617 138726  239.09406   48  246  244.00000  238.22937  2.37%  83.0 1430s
 196326 139226  238.86273   53  222  244.00000  238.23135  2.36%  83.0 1435s
 196901 139642  238.98082   58  190  244.00000  238.23245  2.36%  83.1 1440s
 197547 140113  241.05998   75   45  244.00000  238.23318  2.36%  83.1 1445s
 198271 140637  238.34794   49  285  244.00000  238.23441  2.36%  83.1 1450s
 198880 141053  238.95025   60  195  244.00000  238.23558  2.36%  83.1 1455s
 199499 141471  242.39427   88  106  244.00000  238.23673  2.36%  83.1 1460s
 200149 141950  238.77665   50  242  244.00000  238.23824  2.36%  83.2 1465s
 200810 142405  238.90372   50  268  244.00000  238.23945  2.36%  83.2 1470s
 201513 142952  240.39585   78  128  244.00000  238.24052  2.36%  83.2 1475s
 202269 143497  238.79802   55  276  244.00000  238.24152  2.36%  83.2 1480s
 202984 144027  238.99386   59  218  244.00000  238.24298  2.36%  83.2 1485s
 203588 144498  239.04575   53  219  244.00000  238.24419  2.36%  83.2 1490s
 204230 144977  238.83489   50  276  244.00000  238.24524  2.36%  83.2 1495s
 204844 145447  238.89168   54  307  244.00000  238.24639  2.36%  83.3 1500s
 205547 145944  239.44219   57  182  244.00000  238.24770  2.36%  83.3 1505s
 206179 146404  240.50000   74  102  244.00000  238.24892  2.36%  83.3 1510s
 206775 146840  239.66839   61  147  244.00000  238.25020  2.36%  83.4 1515s
 207506 147346  242.00000   78   81  244.00000  238.25142  2.36%  83.3 1520s
 208257 147882  239.38626   58  206  244.00000  238.25245  2.36%  83.3 1525s
 208886 148344  241.46972   85  123  244.00000  238.25321  2.36%  83.4 1530s
 209508 148796  238.52082   53  258  244.00000  238.25422  2.35%  83.4 1535s
 210140 149271  239.30305   52  190  244.00000  238.25566  2.35%  83.4 1540s
 210855 149808  238.32530   52  210  244.00000  238.25668  2.35%  83.4 1545s
 211511 150290  241.60083   76   67  244.00000  238.25794  2.35%  83.4 1550s
 212249 150818  241.01100   70  107  244.00000  238.25940  2.35%  83.4 1555s
 212862 151279  238.95647   54  211  244.00000  238.26032  2.35%  83.5 1560s
 213551 151777  239.90743   55  226  244.00000  238.26120  2.35%  83.4 1565s
 214237 152258  238.70869   54  240  244.00000  238.26239  2.35%  83.5 1570s
 214805 152676  239.87078   65  107  244.00000  238.26304  2.35%  83.5 1575s
 215475 153165  240.29315   75  144  244.00000  238.26412  2.35%  83.5 1580s
 216129 153619  239.18499   67  190  244.00000  238.26486  2.35%  83.5 1585s
 216797 154118  238.78394   56  239  244.00000  238.26554  2.35%  83.6 1590s
 217449 154625  240.00000   69   70  244.00000  238.26658  2.35%  83.6 1595s
 218127 155078  239.28687   57  184  244.00000  238.26799  2.35%  83.6 1600s
 218819 155568  238.98744   59  284  244.00000  238.26876  2.35%  83.6 1605s
 219416 156002  240.52286   81  131  244.00000  238.26964  2.35%  83.6 1610s
 220049 156457     cutoff   92       244.00000  238.27063  2.35%  83.7 1615s
 220711 156938  243.00000  100   31  244.00000  238.27172  2.35%  83.7 1620s
 221347 157388  240.44778   63  158  244.00000  238.27305  2.35%  83.7 1625s
 222064 157918  240.55223   73   92  244.00000  238.27415  2.35%  83.7 1630s
 222703 158357  241.56315   79   96  244.00000  238.27521  2.35%  83.7 1635s
 223402 158839     cutoff   75       244.00000  238.27625  2.35%  83.7 1640s
 224074 159314  241.49906   74  116  244.00000  238.27743  2.35%  83.7 1645s
 224674 159740  239.05817   52  219  244.00000  238.27868  2.34%  83.8 1650s
 225434 160325  242.45907   73   57  244.00000  238.27963  2.34%  83.8 1655s
 226192 160912  242.38546   86   41  244.00000  238.28096  2.34%  83.7 1660s
 226891 161406  239.79423   60  107  244.00000  238.28198  2.34%  83.7 1665s
 227580 161942  242.07946   78   95  244.00000  238.28342  2.34%  83.7 1670s
 228269 162424  239.70473   59  145  244.00000  238.28456  2.34%  83.7 1675s
 228997 162954  239.69735   62  160  244.00000  238.28553  2.34%  83.7 1680s
 229585 163415  240.78581   58  110  244.00000  238.28656  2.34%  83.8 1685s
 230231 163918  238.92871   60  165  244.00000  238.28736  2.34%  83.8 1690s
 230900 164431  241.31186   79  107  244.00000  238.28874  2.34%  83.8 1695s
 231569 164948  240.68242   70  142  244.00000  238.28956  2.34%  83.8 1700s
 232304 165463  241.96990   73  105  244.00000  238.28992  2.34%  83.8 1705s
 233014 165930  239.51421   49  240  244.00000  238.29129  2.34%  83.8 1710s
 233655 166400  239.36559   50  209  244.00000  238.29250  2.34%  83.8 1715s
 234279 166881  240.07554   60  173  244.00000  238.29312  2.34%  83.9 1720s
 234834 167261  239.83000   61  132  244.00000  238.29359  2.34%  83.9 1725s
 235393 167699  239.62652   55  209  244.00000  238.29478  2.34%  83.9 1730s
 236071 168191  239.44326   59  195  244.00000  238.29572  2.34%  84.0 1735s
 236676 168631  238.89378   48  267  244.00000  238.29671  2.34%  84.0 1740s
 237380 169123  240.63374   58  126  244.00000  238.29754  2.34%  84.0 1745s
 237972 169560  240.79382   74   89  244.00000  238.29865  2.34%  84.0 1750s
 238631 170049  241.65439   75   73  244.00000  238.29977  2.34%  84.1 1755s
 239367 170568  238.95679   56  218  244.00000  238.30053  2.34%  84.1 1760s
 240033 171054  242.36122   94   44  244.00000  238.30131  2.34%  84.1 1765s
 240653 171499  242.01503   67   98  244.00000  238.30212  2.34%  84.1 1770s
 241324 171986  239.59727   60  135  244.00000  238.30293  2.33%  84.1 1775s
 241927 172418  242.13782   80   58  244.00000  238.30399  2.33%  84.1 1780s
 242604 172881  238.56386   53  214  244.00000  238.30484  2.33%  84.2 1785s
 243266 173365  238.66005   51  223  244.00000  238.30541  2.33%  84.2 1790s
 243912 173799  238.68585   47  223  244.00000  238.30669  2.33%  84.2 1795s
 244540 174270  239.12030   51  175  244.00000  238.30757  2.33%  84.2 1800s
 245226 174758  239.75547   54  280  244.00000  238.30806  2.33%  84.2 1805s
 245883 175213  240.10641   69  126  244.00000  238.30893  2.33%  84.2 1810s
 246599 175729  239.77852   58  202  244.00000  238.30981  2.33%  84.2 1815s
 247328 176256  239.33534   54  149  244.00000  238.31069  2.33%  84.2 1820s
 247973 176719  239.58153   50  258  244.00000  238.31176  2.33%  84.2 1825s
 248516 177108  240.45033   70  135  244.00000  238.31277  2.33%  84.2 1830s
 249179 177557  239.11939   50  273  244.00000  238.31379  2.33%  84.3 1835s
 249758 177993  238.74420   52  234  244.00000  238.31451  2.33%  84.3 1840s
 250417 178495  240.10617   65  166  244.00000  238.31531  2.33%  84.3 1845s
 251034 178953  238.51002   50  237  244.00000  238.31636  2.33%  84.3 1850s
 251651 179420  241.00002   72  100  244.00000  238.31708  2.33%  84.4 1855s
 252360 179940  239.42568   63  155  244.00000  238.31808  2.33%  84.4 1860s
 253083 180498  240.44706   57  139  244.00000  238.31896  2.33%  84.4 1865s
 253675 180870  240.16692   58  164  244.00000  238.31971  2.33%  84.4 1870s
 254343 181348  239.14770   49  252  244.00000  238.32075  2.33%  84.4 1875s
 254984 181788  240.52240   75  117  244.00000  238.32146  2.33%  84.4 1880s
 255575 182227  239.15455   52  190  244.00000  238.32258  2.33%  84.5 1885s
 256218 182682  240.82713   72  141  244.00000  238.32328  2.33%  84.5 1890s
 256816 183152  241.05980   67   97  244.00000  238.32391  2.33%  84.5 1895s
 257444 183590     cutoff   84       244.00000  238.32448  2.33%  84.5 1900s
 258077 184003  239.26725   52  178  244.00000  238.32564  2.33%  84.5 1905s
 258687 184462  241.71305   81  106  244.00000  238.32623  2.33%  84.6 1910s
 259402 184972  239.50505   56  254  244.00000  238.32740  2.32%  84.6 1915s
 259983 185410  240.86305   73  137  244.00000  238.32857  2.32%  84.6 1920s
 260650 185897  239.53272   54  214  244.00000  238.32953  2.32%  84.6 1925s
 261318 186363  242.25067   81   61  244.00000  238.33016  2.32%  84.6 1930s
 261972 186847  238.48784   50  254  244.00000  238.33081  2.32%  84.6 1935s
 262609 187290  242.27379   65  123  244.00000  238.33148  2.32%  84.6 1940s
 263246 187751  239.19616   55  203  244.00000  238.33229  2.32%  84.7 1945s
 263850 188187  240.47630   63  176  244.00000  238.33311  2.32%  84.7 1950s
 264569 188694  239.03769   52  243  244.00000  238.33349  2.32%  84.7 1955s
 265169 189139  240.36186   74  111  244.00000  238.33427  2.32%  84.7 1960s
 265797 189559  239.61379   64  187  244.00000  238.33500  2.32%  84.7 1965s
 266349 189966  238.79810   52  261  244.00000  238.33582  2.32%  84.8 1970s
 266983 190413     cutoff   79       244.00000  238.33685  2.32%  84.8 1975s
 267638 190884  238.88494   51  255  244.00000  238.33771  2.32%  84.8 1980s
 268298 191353  239.65462   61  218  244.00000  238.33851  2.32%  84.8 1985s
 268902 191787  238.96779   55  258  244.00000  238.33938  2.32%  84.9 1990s
 269515 192255  239.05594   53  251  244.00000  238.34063  2.32%  84.9 1995s
 270200 192744  240.61300   77  101  244.00000  238.34128  2.32%  84.9 2000s
 270782 193182  239.67277   61  173  244.00000  238.34200  2.32%  84.9 2005s
 271461 193667  239.55328   55  153  244.00000  238.34304  2.32%  84.9 2010s
 272099 194129  238.53593   52  201  244.00000  238.34380  2.32%  84.9 2015s
 272747 194605  241.17258   78  107  244.00000  238.34464  2.32%  84.9 2020s
 273395 195051  239.49805   60  111  244.00000  238.34547  2.32%  85.0 2025s
 274047 195535  239.27834   49  245  244.00000  238.34622  2.32%  85.0 2030s
 274667 195967  239.07858   54  293  244.00000  238.34692  2.32%  85.0 2035s
 275312 196421  239.54362   58  203  244.00000  238.34761  2.32%  85.0 2040s
 275892 196868  238.92197   55  260  244.00000  238.34818  2.32%  85.0 2045s
 276590 197387  239.32546   59  149  244.00000  238.34895  2.32%  85.0 2050s
 277179 197826  240.55346   69  126  244.00000  238.34992  2.32%  85.1 2055s
 277843 198298  243.00000   81   56  244.00000  238.35041  2.32%  85.1 2060s
 278474 198748  239.01836   54  256  244.00000  238.35113  2.32%  85.1 2065s
 279042 199139  238.95081   57  253  244.00000  238.35185  2.31%  85.1 2070s
 279612 199576  239.62158   59  125  244.00000  238.35266  2.31%  85.2 2075s
 280227 200018  239.15685   55  255  244.00000  238.35323  2.31%  85.2 2080s
 280897 200523  238.67750   53  268  244.00000  238.35408  2.31%  85.2 2085s
 281536 200984  239.10378   55  288  244.00000  238.35497  2.31%  85.2 2090s
 282149 201416  239.38198   60  162  244.00000  238.35584  2.31%  85.2 2095s
 282799 201874  239.96297   64  152  244.00000  238.35716  2.31%  85.2 2100s
 283381 202322 infeasible   65       244.00000  238.35757  2.31%  85.3 2105s
 284020 202787  238.94816   53  235  244.00000  238.35833  2.31%  85.3 2110s
 284715 203293  241.69729   71   80  244.00000  238.35918  2.31%  85.3 2115s
 285351 203746  238.74383   49  266  244.00000  238.36004  2.31%  85.3 2120s
 285983 204211  240.39807   67  111  244.00000  238.36078  2.31%  85.3 2125s
 286625 204668  241.15640   77  140  244.00000  238.36167  2.31%  85.3 2130s
 287170 205058  239.20222   56  274  244.00000  238.36255  2.31%  85.3 2135s
 287792 205519  239.38181   54  161  244.00000  238.36334  2.31%  85.4 2140s
 288518 206055  239.59449   54  168  244.00000  238.36427  2.31%  85.4 2145s
 289216 206562     cutoff   75       244.00000  238.36519  2.31%  85.3 2150s
 289826 206974  243.00000   91   53  244.00000  238.36620  2.31%  85.4 2155s
 290467 207435  238.95898   59  199  244.00000  238.36670  2.31%  85.4 2160s
 290596 207529  238.98287   53  277  244.00000  238.36698  2.31%  85.4 2171s
 290916 207757  238.66866   54  275  244.00000  238.36761  2.31%  85.4 2175s
 291457 208156  239.70036   58  164  244.00000  238.36833  2.31%  85.4 2180s
 292084 208610  239.73954   68  149  244.00000  238.36913  2.31%  85.4 2185s
 292694 209052  239.49693   55  240  244.00000  238.36982  2.31%  85.5 2190s
 293324 209522  240.67346   77  131  244.00000  238.37063  2.31%  85.5 2195s
 293932 209909  240.31145   59  142  244.00000  238.37150  2.31%  85.5 2200s
 294520 210339  239.65254   54  223  244.00000  238.37237  2.31%  85.5 2205s
 295156 210830  240.16583   63  168  244.00000  238.37320  2.31%  85.5 2210s
 295799 211296  242.08595   92   54  244.00000  238.37437  2.31%  85.5 2215s
 296381 211707  240.19618   70  134  244.00000  238.37501  2.31%  85.6 2220s
 297065 212222  240.48748   82  152  244.00000  238.37545  2.31%  85.6 2225s
 297686 212679  241.02511   82  120  244.00000  238.37656  2.30%  85.6 2230s
 298390 213188  239.18946   54  199  244.00000  238.37736  2.30%  85.6 2235s
 299065 213677  240.14784   63  161  244.00000  238.37789  2.30%  85.6 2240s
 299661 214103  238.88688   54  212  244.00000  238.37887  2.30%  85.6 2245s
 300275 214528  239.16914   53  191  244.00000  238.37961  2.30%  85.6 2250s
 300926 214983  242.67495   72   57  244.00000  238.37996  2.30%  85.6 2255s
 301543 215420  239.01388   53  217  244.00000  238.38082  2.30%  85.6 2260s
 302195 215879  241.75198   76  102  244.00000  238.38152  2.30%  85.7 2265s
 302900 216405  240.00000   61  139  244.00000  238.38249  2.30%  85.6 2270s
 303606 216855  239.95042   64  162  244.00000  238.38333  2.30%  85.6 2275s
 304240 217289  240.00568   72  142  244.00000  238.38385  2.30%  85.7 2280s
 304860 217723  239.33699   60  172  244.00000  238.38479  2.30%  85.7 2285s
 305524 218210  239.33811   56  229  244.00000  238.38566  2.30%  85.7 2290s
 306146 218647  240.93877   67   87  244.00000  238.38624  2.30%  85.7 2295s
 306816 219138  241.31480   82   90  244.00000  238.38689  2.30%  85.7 2300s
 307409 219538  239.38621   57  223  244.00000  238.38747  2.30%  85.7 2305s
 308097 220064  239.78677   63  125  244.00000  238.38816  2.30%  85.7 2310s
 308912 220642     cutoff  104       244.00000  238.38883  2.30%  85.7 2315s
 309567 221129  238.85590   55  197  244.00000  238.38978  2.30%  85.7 2320s
 310243 221647  239.33862   60  114  244.00000  238.39070  2.30%  85.7 2325s
 310885 222105  239.74912   57  210  244.00000  238.39166  2.30%  85.7 2330s
 311544 222578  238.79036   55  206  244.00000  238.39253  2.30%  85.8 2335s
 312106 222948  239.52811   61  253  244.00000  238.39284  2.30%  85.8 2340s
 312743 223375  239.17758   58  237  244.00000  238.39348  2.30%  85.8 2345s
 313415 223873  239.06775   52  262  244.00000  238.39411  2.30%  85.8 2350s
 314043 224324  240.33997   57  146  244.00000  238.39479  2.30%  85.8 2355s
 314654 224767  240.70758   62  110  244.00000  238.39543  2.30%  85.8 2360s
 315312 225199  239.87256   61  102  244.00000  238.39617  2.30%  85.8 2365s
 316038 225708  240.47122   67  192  244.00000  238.39695  2.30%  85.8 2370s
 316632 226127  240.76086   73  101  244.00000  238.39748  2.30%  85.8 2375s
 317276 226602  239.37346   60  196  244.00000  238.39837  2.30%  85.8 2380s
 317906 227060  238.88788   53  221  244.00000  238.39894  2.30%  85.8 2385s
 318611 227554  238.83483   50  247  244.00000  238.39975  2.30%  85.9 2390s
 319259 228012  239.47849   63  160  244.00000  238.40045  2.29%  85.9 2395s
 319902 228487  240.67253   73   77  244.00000  238.40086  2.29%  85.9 2400s
 320543 228924  239.55024   55  236  244.00000  238.40159  2.29%  85.9 2405s
 321133 229337  238.73873   49  252  244.00000  238.40204  2.29%  85.9 2410s
 321741 229775  241.85925   76  110  244.00000  238.40303  2.29%  85.9 2415s
 322357 230215  239.53279   55  251  244.00000  238.40373  2.29%  86.0 2420s
 323010 230717  242.08608   78  102  244.00000  238.40423  2.29%  86.0 2425s
 323710 231180  239.21717   57  210  244.00000  238.40520  2.29%  86.0 2430s
 324336 231643  240.93516   66   93  244.00000  238.40576  2.29%  86.0 2435s
 324938 232068  239.57847   64  161  244.00000  238.40672  2.29%  86.0 2440s
 325661 232585  240.71129   71   84  244.00000  238.40734  2.29%  86.0 2445s
 326224 232980  239.35867   52  180  244.00000  238.40840  2.29%  86.0 2450s
 326916 233506  240.61359   63  125  244.00000  238.40965  2.29%  86.0 2455s
 327531 233945  240.60707   63  164  244.00000  238.41019  2.29%  86.0 2460s
 328182 234402  239.00801   57  153  244.00000  238.41067  2.29%  86.0 2465s
 328851 234874  238.84692   57  269  244.00000  238.41146  2.29%  86.0 2470s
 329509 235375  240.32081   57  189  244.00000  238.41197  2.29%  86.0 2475s
 330137 235822  239.74819   54  255  244.00000  238.41250  2.29%  86.0 2480s
 330747 236252  239.60115   56  232  244.00000  238.41314  2.29%  86.1 2485s
 331428 236745  239.93734   67  123  244.00000  238.41402  2.29%  86.1 2490s
 332030 237202  240.57296   70  129  244.00000  238.41472  2.29%  86.1 2495s
 332716 237713  241.22772   89  113  244.00000  238.41521  2.29%  86.1 2500s
 333318 238146  238.91195   55  195  244.00000  238.41606  2.29%  86.1 2505s
 333978 238603  240.05850   56  215  244.00000  238.41671  2.29%  86.1 2510s
 334699 239126  239.87821   59  121  244.00000  238.41724  2.29%  86.0 2515s
 335318 239547  241.90067   79  135  244.00000  238.41772  2.29%  86.1 2520s
 335950 239979  239.11215   53  223  244.00000  238.41859  2.29%  86.1 2525s
 336665 240525  242.08262   81   76  244.00000  238.41945  2.29%  86.1 2530s
 337255 240907  239.35969   50  223  244.00000  238.42005  2.29%  86.1 2535s
 337939 241341     cutoff   95       244.00000  238.42067  2.29%  86.1 2540s
 338609 241808  240.72971   60  163  244.00000  238.42144  2.29%  86.1 2545s
 339250 242247  241.00000   69   85  244.00000  238.42200  2.29%  86.1 2550s
 339919 242730  239.34210   55  186  244.00000  238.42270  2.29%  86.1 2555s
 340581 243172  238.96167   51  284  244.00000  238.42331  2.29%  86.1 2560s
 341256 243619  239.51738   58  221  244.00000  238.42414  2.29%  86.1 2565s
 341857 244092  242.14377   90   67  244.00000  238.42480  2.28%  86.1 2570s
 342479 244524  239.88707   64  169  244.00000  238.42517  2.28%  86.1 2575s
 343110 244992     cutoff   77       244.00000  238.42584  2.28%  86.2 2580s
 343836 245498  239.46874   59  220  244.00000  238.42676  2.28%  86.1 2585s
 344579 246041  239.50854   52  192  244.00000  238.42725  2.28%  86.1 2590s
 345173 246457  239.20501   55  257  244.00000  238.42783  2.28%  86.2 2595s
 345835 246911  239.24446   52  222  244.00000  238.42862  2.28%  86.2 2600s
 346518 247395  238.89658   50  250  244.00000  238.42916  2.28%  86.2 2605s
 347109 247815  241.67465   83  118  244.00000  238.42950  2.28%  86.2 2610s
 347706 248240  239.67855   58  207  244.00000  238.43045  2.28%  86.2 2615s
 348271 248658  239.65885   67  189  244.00000  238.43120  2.28%  86.2 2620s
 348894 249058  239.78451   56  183  244.00000  238.43182  2.28%  86.2 2625s
 349614 249586  241.28269   60  137  244.00000  238.43242  2.28%  86.2 2630s
 350269 250054     cutoff   68       244.00000  238.43348  2.28%  86.2 2635s
 350964 250508  239.46923   54  268  244.00000  238.43438  2.28%  86.2 2640s
 351602 250971  241.26617   71   82  244.00000  238.43490  2.28%  86.2 2645s
 352198 251393  241.13748   77  122  244.00000  238.43550  2.28%  86.2 2650s
 352852 251854  239.68756   63  218  244.00000  238.43618  2.28%  86.3 2655s
 353509 252307  241.88889   76   61  244.00000  238.43674  2.28%  86.3 2660s
 354145 252750  239.26552   54  180  244.00000  238.43748  2.28%  86.3 2665s
 354790 253214  238.60274   52  303  244.00000  238.43816  2.28%  86.3 2670s
 355488 253702  239.37274   54  240  244.00000  238.43914  2.28%  86.3 2675s
 356131 254167  241.37923   78   80  244.00000  238.43976  2.28%  86.3 2680s
 356799 254618  239.18095   61  166  244.00000  238.44038  2.28%  86.3 2685s
 357432 255089  242.22461   88   35  244.00000  238.44129  2.28%  86.3 2690s
 358088 255578  243.00000   87   21  244.00000  238.44169  2.28%  86.3 2695s
 358799 256079  239.62335   55  241  244.00000  238.44240  2.28%  86.3 2700s
 359528 256641  242.58202   97   57  244.00000  238.44309  2.28%  86.3 2705s
 360154 257088  242.57396   97   82  244.00000  238.44375  2.28%  86.3 2710s
 360799 257509  240.15484   67  200  244.00000  238.44439  2.28%  86.3 2715s
 361474 257990  242.67912   72   89  244.00000  238.44482  2.28%  86.3 2720s
 362069 258410  239.05052   54  226  244.00000  238.44542  2.28%  86.3 2725s
 362742 258951  242.09485   75   48  244.00000  238.44581  2.28%  86.3 2730s
 363485 259429  242.50000   92   41  244.00000  238.44613  2.28%  86.3 2735s
 364134 259888  238.90541   55  184  244.00000  238.44700  2.28%  86.3 2740s
 364776 260332  241.00147   67   72  244.00000  238.44773  2.28%  86.3 2745s
 365416 260781  242.51101  102   52  244.00000  238.44825  2.28%  86.3 2750s
 366027 261191  239.55734   53  220  244.00000  238.44908  2.27%  86.3 2755s
 366732 261728  241.12243   77  117  244.00000  238.44950  2.27%  86.3 2760s
 367356 262152  240.03842   71  105  244.00000  238.45027  2.27%  86.3 2765s
 368050 262657  239.37902   50  285  244.00000  238.45059  2.27%  86.3 2770s
 368799 263203  243.00000  100   12  244.00000  238.45135  2.27%  86.3 2775s
 369485 263673  242.00000   88   16  244.00000  238.45226  2.27%  86.3 2780s
 370096 264129  240.56804   60  125  244.00000  238.45322  2.27%  86.3 2785s
 370740 264554  239.37803   64  198  244.00000  238.45362  2.27%  86.3 2790s
 371387 265035  239.14050   57  227  244.00000  238.45442  2.27%  86.3 2795s
 372054 265499  242.04413   61   76  244.00000  238.45512  2.27%  86.3 2800s
 372694 265966  242.40939   78   99  244.00000  238.45555  2.27%  86.3 2805s
 373314 266399  240.31969   69  131  244.00000  238.45614  2.27%  86.4 2810s
 373917 266807  239.69302   60  211  244.00000  238.45681  2.27%  86.4 2815s
 374600 267324  242.38626   92   37  244.00000  238.45747  2.27%  86.4 2820s
 375262 267779  240.04808   61  208  244.00000  238.45870  2.27%  86.4 2825s
 375912 268232  239.38659   58  215  244.00000  238.45951  2.27%  86.4 2830s
 376530 268679  240.40892   63  122  244.00000  238.46003  2.27%  86.4 2835s
 377094 269058  239.69919   60  223  244.00000  238.46060  2.27%  86.4 2840s
 377662 269485     cutoff   80       244.00000  238.46109  2.27%  86.5 2845s
 378255 269883  241.08487   72  103  244.00000  238.46186  2.27%  86.5 2850s
 378910 270365  242.97978  101   31  244.00000  238.46227  2.27%  86.5 2855s
 379596 270854  238.96606   51  264  244.00000  238.46291  2.27%  86.5 2860s
 380235 271320  238.92326   49  261  244.00000  238.46321  2.27%  86.5 2865s
 380879 271801  239.98639   63  120  244.00000  238.46417  2.27%  86.5 2870s
 381566 272266  239.28012   58  248  244.00000  238.46482  2.27%  86.5 2875s
 382137 272692  238.88818   50  239  244.00000  238.46547  2.27%  86.5 2880s
 382752 273118  238.96891   54  248  244.00000  238.46599  2.27%  86.5 2885s
 383364 273525  241.54635   67  132  244.00000  238.46651  2.27%  86.5 2890s
 383935 273937  239.89581   60  129  244.00000  238.46710  2.27%  86.5 2895s
 384563 274395  240.03806   61  150  244.00000  238.46766  2.27%  86.6 2900s
 385160 274846  241.32538   79  116  244.00000  238.46807  2.27%  86.6 2905s
 385809 275331  239.73964   60  154  244.00000  238.46864  2.27%  86.6 2910s
 386492 275806  239.99011   73  177  244.00000  238.46923  2.27%  86.6 2915s
 387090 276224     cutoff   80       244.00000  238.46990  2.27%  86.6 2920s
 387735 276697  242.01790   74   36  244.00000  238.47061  2.27%  86.6 2925s
 388381 277165  239.38650   55  142  244.00000  238.47095  2.27%  86.6 2930s
 388927 277553  241.73535   80   66  244.00000  238.47147  2.27%  86.6 2935s
 389603 278035  240.90182   82  147  244.00000  238.47200  2.27%  86.6 2940s
 390230 278445  238.95330   56  250  244.00000  238.47256  2.27%  86.6 2945s
 390824 278850  240.26635   64  152  244.00000  238.47316  2.27%  86.6 2950s
 391429 279274  239.49983   58  246  244.00000  238.47365  2.26%  86.7 2955s
 392030 279717  240.14904   67  131  244.00000  238.47413  2.26%  86.7 2960s
 392678 280184  238.82993   50  237  244.00000  238.47483  2.26%  86.7 2965s
 393293 280627  239.21239   53  228  244.00000  238.47570  2.26%  86.7 2970s
 393859 281024  239.23592   57  259  244.00000  238.47611  2.26%  86.7 2975s
 394488 281483  242.13823   89   54  244.00000  238.47670  2.26%  86.7 2980s
 395136 281895  239.32630   54  285  244.00000  238.47753  2.26%  86.7 2985s
 395776 282364  240.79564   60  228  244.00000  238.47825  2.26%  86.7 2990s
 396460 282825  242.29820   76   71  244.00000  238.47880  2.26%  86.7 2995s
 397124 283283  242.01193   83   39  244.00000  238.47922  2.26%  86.7 3000s
 397783 283732  239.02957   54  236  244.00000  238.47978  2.26%  86.8 3005s
 398371 284163  239.94922   65  214  244.00000  238.48029  2.26%  86.8 3010s
 399007 284612  239.58841   55  212  244.00000  238.48086  2.26%  86.8 3015s
 399683 285096  239.82621   56  268  244.00000  238.48140  2.26%  86.8 3020s
 400291 285526  239.38847   58  231  244.00000  238.48216  2.26%  86.8 3025s
 400916 285964  240.40761   63  121  244.00000  238.48284  2.26%  86.8 3030s
 401532 286384  239.39797   58  274  244.00000  238.48323  2.26%  86.8 3035s
 402111 286806  238.89342   51  244  244.00000  238.48373  2.26%  86.8 3040s
 402702 287251  242.14614   86   83  244.00000  238.48440  2.26%  86.9 3045s
 403306 287697  241.17244   66  130  244.00000  238.48516  2.26%  86.9 3050s
 403968 288191  242.26836   78  109  244.00000  238.48558  2.26%  86.9 3055s
 404651 288659  239.24126   58  204  244.00000  238.48638  2.26%  86.9 3060s
 405264 289116  241.04497   75  104  244.00000  238.48686  2.26%  86.9 3065s
 405936 289534  239.19737   55  253  244.00000  238.48722  2.26%  86.9 3070s
 406604 290010  239.29653   53  239  244.00000  238.48775  2.26%  86.9 3075s
 407200 290432  242.50868   70   76  244.00000  238.48826  2.26%  86.9 3080s
 407845 290868  238.71743   46  265  244.00000  238.48882  2.26%  86.9 3085s
 408484 291316  240.71099   69  101  244.00000  238.48946  2.26%  86.9 3090s
 409107 291750  238.82324   50  290  244.00000  238.48990  2.26%  86.9 3095s
 409812 292264  239.12588   57  215  244.00000  238.49066  2.26%  86.9 3100s
 410427 292711  239.77109   54  147  244.00000  238.49125  2.26%  86.9 3105s
 411088 293192  239.51626   51  234  244.00000  238.49196  2.26%  86.9 3110s
 411752 293657  240.47579   61  239  244.00000  238.49260  2.26%  86.9 3115s
 412354 294107  241.44122   69  116  244.00000  238.49316  2.26%  86.9 3120s
 412979 294546  240.11084   57  108  244.00000  238.49403  2.26%  87.0 3125s
 413582 294987  240.93519   68  116  244.00000  238.49459  2.26%  87.0 3130s
 414304 295483  240.61571   71  122  244.00000  238.49515  2.26%  87.0 3135s
 414945 295949  239.70053   54  195  244.00000  238.49591  2.26%  87.0 3140s
 415595 296400  240.60000   61  155  244.00000  238.49676  2.26%  87.0 3145s
 416230 296803  242.00000   61   70  244.00000  238.49710  2.26%  87.0 3150s
 416832 297242  239.27821   54  227  244.00000  238.49753  2.26%  87.0 3155s
 417491 297715  239.01194   53  200  244.00000  238.49848  2.25%  87.0 3160s
 418185 298199  239.78048   63   90  244.00000  238.49918  2.25%  87.0 3165s
 418799 298613  241.21337   65  127  244.00000  238.49947  2.25%  87.0 3170s
 419378 299040  240.39237   58  159  244.00000  238.49998  2.25%  87.0 3175s
 420010 299480  242.13676   82   77  244.00000  238.50045  2.25%  87.0 3180s
 420673 299924  239.42037   53  244  244.00000  238.50082  2.25%  87.0 3185s
 421392 300403  239.35513   51  229  244.00000  238.50140  2.25%  87.0 3190s
 421967 300819  239.66232   59  145  244.00000  238.50185  2.25%  87.0 3195s
 422638 301262  242.07678   90   74  244.00000  238.50240  2.25%  87.0 3200s
 423338 301748  239.15535   52  174  244.00000  238.50297  2.25%  87.0 3205s
 423909 302158  240.48632   65   95  244.00000  238.50367  2.25%  87.0 3210s
 424480 302555  242.43680   79   94  244.00000  238.50414  2.25%  87.0 3215s
 425157 303013  240.20134   56  129  244.00000  238.50491  2.25%  87.0 3220s
 425821 303492  238.93649   57  291  244.00000  238.50546  2.25%  87.0 3225s
 426480 303967  240.99080   71  170  244.00000  238.50616  2.25%  87.0 3230s
 427110 304390  239.73824   62  114  244.00000  238.50661  2.25%  87.0 3235s
 427792 304885  240.91373   66  123  244.00000  238.50715  2.25%  87.0 3240s
 428326 305260  239.84462   60  223  244.00000  238.50753  2.25%  87.1 3245s
 428878 305627  239.10144   53  257  244.00000  238.50803  2.25%  87.1 3250s
 429492 306062  242.34963   79  106  244.00000  238.50860  2.25%  87.1 3255s
 430081 306460  239.27513   55  234  244.00000  238.50900  2.25%  87.1 3260s
 430737 306904  239.30227   54  236  244.00000  238.50963  2.25%  87.1 3265s
 431314 307328 infeasible   75       244.00000  238.51017  2.25%  87.2 3270s
 431914 307719  239.96034   56  166  244.00000  238.51053  2.25%  87.2 3275s
 432585 308199  239.97519   67  159  244.00000  238.51107  2.25%  87.2 3280s
 433274 308690  239.63613   57  120  244.00000  238.51150  2.25%  87.2 3285s
 433892 309110  240.40442   67  128  244.00000  238.51209  2.25%  87.2 3290s
 434511 309578  239.50357   59  242  244.00000  238.51284  2.25%  87.2 3295s
 435146 309976  239.81247   65  203  244.00000  238.51369  2.25%  87.2 3300s
 435721 310362  239.57562   47  222  244.00000  238.51420  2.25%  87.2 3305s
 436316 310780  242.02487   72   55  244.00000  238.51483  2.25%  87.2 3310s
 436955 311218  241.53296   77   69  244.00000  238.51556  2.25%  87.2 3315s
 437625 311697  240.02042   64  149  244.00000  238.51603  2.25%  87.2 3320s
 438227 312101  239.22126   56  266  244.00000  238.51651  2.25%  87.2 3325s
 438838 312554  241.75610   76  110  244.00000  238.51711  2.25%  87.2 3330s
 439531 313019  242.09561   80   90  244.00000  238.51775  2.25%  87.2 3335s
 440196 313492  240.96621   70  130  244.00000  238.51826  2.25%  87.2 3340s
 440823 313937  240.57979   75  105  244.00000  238.51859  2.25%  87.2 3345s
 441497 314392  240.79592   67  215  244.00000  238.51919  2.25%  87.2 3350s
 442144 314817     cutoff   82       244.00000  238.51978  2.25%  87.2 3355s
 442809 315313  238.82541   50  219  244.00000  238.52026  2.25%  87.2 3360s
 443514 315788  239.24414   57  282  244.00000  238.52053  2.25%  87.2 3365s
 444077 316182  239.75009   64  147  244.00000  238.52111  2.25%  87.2 3370s
 444737 316632  239.11698   55  194  244.00000  238.52165  2.25%  87.2 3375s
 445363 317101  240.47589   62  177  244.00000  238.52224  2.24%  87.2 3380s
 445990 317538  242.06740   74   42  244.00000  238.52278  2.24%  87.3 3385s
 446666 317989  239.70201   56  212  244.00000  238.52327  2.24%  87.3 3390s
 447350 318485  239.37391   60  205  244.00000  238.52376  2.24%  87.2 3395s
 447966 318908  239.72766   56  138  244.00000  238.52445  2.24%  87.2 3400s
 448619 319362  242.08375   68   64  244.00000  238.52486  2.24%  87.3 3405s
 449158 319725  241.24376   69   70  244.00000  238.52538  2.24%  87.3 3410s
 449818 320170  240.38609   57  275  244.00000  238.52609  2.24%  87.3 3415s
 450481 320602  240.21979   57  260  244.00000  238.52658  2.24%  87.3 3420s
 451037 321012     cutoff   65       244.00000  238.52708  2.24%  87.3 3425s
 451674 321448  239.09895   57  225  244.00000  238.52743  2.24%  87.3 3430s
 452386 321925  239.40778   61  213  244.00000  238.52772  2.24%  87.3 3435s
 453064 322420  240.61746   76  120  244.00000  238.52814  2.24%  87.3 3440s
 453683 322854  242.34966   83   97  244.00000  238.52897  2.24%  87.3 3445s
 454318 323311  239.62350   53  266  244.00000  238.52943  2.24%  87.3 3450s
 454892 323701  239.47477   58  270  244.00000  238.52981  2.24%  87.3 3455s
 455560 324195  241.39569   75   99  244.00000  238.53035  2.24%  87.3 3460s
 456221 324658  238.95332   61  275  244.00000  238.53074  2.24%  87.3 3465s
 456846 325078  241.37494   75  103  244.00000  238.53142  2.24%  87.3 3470s
 457487 325545  242.35183   69   93  244.00000  238.53220  2.24%  87.3 3475s
 458165 325988  239.41742   61  196  244.00000  238.53275  2.24%  87.3 3480s
 458802 326418  241.91447   83   77  244.00000  238.53319  2.24%  87.4 3485s
 459448 326891  241.26117   84  108  244.00000  238.53365  2.24%  87.4 3490s
 459997 327268  240.12468   60  162  244.00000  238.53397  2.24%  87.4 3495s
 460677 327743  242.91880   89   78  244.00000  238.53446  2.24%  87.4 3500s
 461290 328191  239.63512   70  169  244.00000  238.53502  2.24%  87.4 3505s
 461920 328654  239.85245   57  214  244.00000  238.53586  2.24%  87.4 3510s
 462546 329107  239.87600   56  196  244.00000  238.53635  2.24%  87.4 3515s
 463231 329586  241.00093   70  131  244.00000  238.53715  2.24%  87.4 3520s
 463915 330064  239.62679   57  187  244.00000  238.53786  2.24%  87.4 3525s
 464602 330548  241.00000   80   92  244.00000  238.53846  2.24%  87.4 3530s
 465342 331041  243.00000   87   94  244.00000  238.53903  2.24%  87.4 3535s
 466015 331502  239.54072   54  270  244.00000  238.53971  2.24%  87.4 3540s
 466704 332006  239.45518   60  243  244.00000  238.54045  2.24%  87.4 3545s
 467439 332507  239.75213   56  275  244.00000  238.54077  2.24%  87.4 3550s
 468067 332955  241.13452   65   98  244.00000  238.54128  2.24%  87.5 3555s
 468884 333519  241.70659   81  130  244.00000  238.54198  2.24%  87.4 3560s
 469630 334011  243.00000   81   27  244.00000  238.54286  2.24%  87.4 3565s
 470300 334484     cutoff   81       244.00000  238.54360  2.24%  87.4 3570s
 471073 335019  239.74594   56  261  244.00000  238.54413  2.24%  87.4 3575s
 471802 335537  242.48136   80   83  244.00000  238.54462  2.24%  87.4 3580s
 472066 335715  239.73507   58  261  244.00000  238.54482  2.24%  87.5 3594s
 472132 335755  239.77883   56  206  244.00000  238.54482  2.24%  87.5 3595s

Cutting planes:
  Gomory: 30
  Cover: 902
  Implied bound: 213
  Clique: 3
  MIR: 606
  Mixing: 43
  StrongCG: 39
  Flow cover: 2173
  GUB cover: 150
  Inf proof: 5
  Zero half: 137
  RLT: 113
  Relax-and-lift: 173
  BQP: 28

Explored 472746 nodes (41355029 simplex iterations) in 3599.95 seconds (3195.38 work units)
Thread count was 1 (of 16 available processors)

Solution count 10: 244 244 245 ... 265

Time limit reached
Best objective 2.440000000000e+02, best bound 2.390000000000e+02, gap 2.0492%

User-callback calls 2035145, time in user-callback 2.36 sec

 sepatime0
244.0Stat(MathOptInterface.TIME_LIMIT, 244.0, 239.0, 0.020491803278688523, 0.0, 0.049471, 3599.9528498649597, 472746, Main.CFLG.LEFP, "", #undef)
