Data path: /scratch/opt/lxu/CFLG/benchmarks/random_A
Instance: r_15_0.2_22.txt
Result path: /scratch/opt/lxu/CFLG/results/random_A
Solver: Gurobi
Time limit: 3600
Formulation: LEFPI
Cover: Small
julia --project=. src/main.jl /scratch/opt/lxu/CFLG/benchmarks/random_A r_15_0.2_22.txt /scratch/opt/lxu/CFLG/results/random_A Gurobi 3600 LEFPI Small
The latest version of Julia in the `release` channel is 1.11.5+0.x64.linux.gnu. You currently have `1.11.4+0.x64.linux.gnu` installed. Run:

  juliaup update

in your terminal shell to install Julia 1.11.5+0.x64.linux.gnu and update the `release` channel to that version.
/scratch/opt/lxu/CFLG/benchmarks/random_A Gurobi 3600.0 /scratch/opt/lxu/CFLG/results/random_A r_15_0.2_22.txt LEFPI Small
/scratch/opt/lxu/CFLG/benchmarks/random_A/r_15_0.2_22.txt

 read graph
data loaded


after absorb:12 15

max_piece:10
problem_graph/original graph: node: 14/15 edge: 21/22 dlt: 0.14906975708906386 break_avg_len: 0.6246732678017914 break_max_len: 1.3887690850493994elapsed CPU time: 0.045325 seconds
Set parameter TokenServer to value "solice01.zib.de"
Set parameter Threads to value 1
Set parameter OutputFlag to value 1
Set parameter MIPGap to value 0.0001
Set parameter MIPGapAbs to value 1
Set parameter TimeLimit to value 3599.954675

 more cuts:false
formulation:LEFPI17 4 2

 model loaded

Gurobi Optimizer version 12.0.1 build v12.0.1rc0 (linux64 - "Debian GNU/Linux 12 (bookworm)")

CPU model: Intel(R) Xeon(R) Gold 5122 CPU @ 3.60GHz, instruction set [SSE2|AVX|AVX2|AVX512]
Thread count: 8 physical cores, 16 logical processors, using up to 1 threads

Non-default parameters:
TimeLimit  3599.954675
MIPGapAbs  1
Threads  1

Optimize a model with 336 rows, 216 columns and 611 nonzeros
Model fingerprint: 0x00a507a6
Model has 80 simple general constraints
  80 INDICATOR
Variable types: 77 continuous, 139 integer (105 binary)
Coefficient statistics:
  Matrix range     [1e-01, 1e+00]
  Objective range  [1e+00, 1e+00]
  Bounds range     [1e-01, 1e+00]
  RHS range        [1e-02, 4e+00]
  GenCon rhs range [1e-07, 1e+00]
  GenCon coe range [1e+00, 1e+00]
Presolve removed 162 rows and 55 columns
Presolve time: 0.01s
Presolved: 174 rows, 161 columns, 592 nonzeros
Variable types: 67 continuous, 94 integer (83 binary)
Found heuristic solution: objective 45.0000000

Root relaxation: objective 3.427006e+01, 162 iterations, 0.00 seconds (0.00 work units)

    Nodes    |    Current Node    |     Objective Bounds      |     Work
 Expl Unexpl |  Obj  Depth IntInf | Incumbent    BestBd   Gap | It/Node Time

     0     0   34.27006    0   40   45.00000   34.27006  23.8%     -    0s
H    0     0                      44.0000000   34.27006  22.1%     -    0s
     0     0   36.09187    0   42   44.00000   36.09187  18.0%     -    0s
H    0     0                      42.0000000   36.21140  13.8%     -    0s
     0     0   36.21140    0   45   42.00000   36.21140  13.8%     -    0s
     0     0   36.21140    0   46   42.00000   36.21140  13.8%     -    0s
     0     0   37.40604    0   52   42.00000   37.40604  10.9%     -    0s
     0     0   37.69116    0   47   42.00000   37.69116  10.3%     -    0s
     0     0   37.71434    0   51   42.00000   37.71434  10.2%     -    0s
     0     0   37.71556    0   51   42.00000   37.71556  10.2%     -    0s
     0     0   38.21061    0   45   42.00000   38.21061  9.02%     -    0s
     0     0   38.47218    0   33   42.00000   38.47218  8.40%     -    0s
     0     0   38.47925    0   43   42.00000   38.47925  8.38%     -    0s
     0     0   38.77450    0   33   42.00000   38.77450  7.68%     -    0s
     0     0   38.85275    0   38   42.00000   38.85275  7.49%     -    0s
     0     0   38.85872    0   38   42.00000   38.85872  7.48%     -    0s
     0     0   38.85872    0   38   42.00000   38.85872  7.48%     -    0s
     0     0   38.86117    0   37   42.00000   38.86117  7.47%     -    0s
     0     0   38.89359    0   37   42.00000   38.89359  7.40%     -    0s
     0     0   38.89359    0   37   42.00000   38.89359  7.40%     -    0s
     0     0   38.98291    0   30   42.00000   38.98291  7.18%     -    0s
     0     2   39.03812    0   30   42.00000   39.03812  7.05%     -    0s
*  510    83              12      41.0000000   39.60360  3.41%   9.2    0s

Cutting planes:
  Learned: 2
  Gomory: 5
  Cover: 14
  Implied bound: 9
  MIR: 66
  StrongCG: 5
  Flow cover: 52
  Inf proof: 5
  Zero half: 1
  RLT: 8
  Relax-and-lift: 10
  BQP: 3

Explored 901 nodes (10740 simplex iterations) in 0.41 seconds (0.20 work units)
Thread count was 1 (of 16 available processors)

Solution count 4: 41 42 44 45 

Optimal solution found (tolerance 1.00e-04)
Best objective 4.100000000000e+01, best bound 4.100000000000e+01, gap 0.0000%

User-callback calls 2636, time in user-callback 0.01 sec

 sepatime0
Stat(MathOptInterface.OPTIMAL, 41.0, 41.0, 0.0, 0.0, 0.045325, 0.40670204162597656, 901, Main.CFLG.LEFPI, "", #undef)
