Data path: /scratch/opt/lxu/CFLG/benchmarks/Kgroup_A
Instance: K100.8.con.red
Result path: /scratch/opt/lxu/CFLG/results/Kgroup_A
Solver: Gurobi
Time limit: 3600
Formulation: LEVFP
Cover: Small
julia --project=. src/main.jl /scratch/opt/lxu/CFLG/benchmarks/Kgroup_A K100.8.con.red /scratch/opt/lxu/CFLG/results/Kgroup_A Gurobi 3600 LEVFP Small
The latest version of Julia in the `release` channel is 1.11.5+0.x64.linux.gnu. You currently have `1.11.4+0.x64.linux.gnu` installed. Run:

  juliaup update

in your terminal shell to install Julia 1.11.5+0.x64.linux.gnu and update the `release` channel to that version.
/scratch/opt/lxu/CFLG/benchmarks/Kgroup_A Gurobi 3600.0 /scratch/opt/lxu/CFLG/results/Kgroup_A K100.8.con.red LEVFP Small
/scratch/opt/lxu/CFLG/benchmarks/Kgroup_A/K100.8.con.red

 read graph
data loaded


after absorb:43 43

max_piece:16
problem_graph/original graph: node: 72/43 edge: 173/144 dlt: 0.07021112447039961 break_avg_len: 0.17709584732418185 break_max_len: 1.0elapsed CPU time: 0.04815 seconds
Set parameter TokenServer to value "solice01.zib.de"
Set parameter Threads to value 1
Set parameter OutputFlag to value 1
Set parameter MIPGap to value 0.0001
Set parameter MIPGapAbs to value 1
Set parameter TimeLimit to value 3599.95185

 model loaded

Gurobi Optimizer version 12.0.1 build v12.0.1rc0 (linux64 - "Debian GNU/Linux 12 (bookworm)")

CPU model: Intel(R) Xeon(R) Gold 5122 CPU @ 3.60GHz, instruction set [SSE2|AVX|AVX2|AVX512]
Thread count: 8 physical cores, 16 logical processors, using up to 1 threads

Non-default parameters:
TimeLimit  3599.95185
MIPGapAbs  1
Threads  1

Optimize a model with 4501 rows, 2158 columns and 11957 nonzeros
Model fingerprint: 0xf5a8c83c
Variable types: 245 continuous, 1913 integer (1913 binary)
Coefficient statistics:
  Matrix range     [2e-06, 1e+00]
  Objective range  [1e+00, 1e+00]
  Bounds range     [9e-04, 1e-01]
  RHS range        [1e-04, 1e+01]
Presolve removed 2144 rows and 482 columns
Presolve time: 0.08s
Presolved: 2357 rows, 1676 columns, 14035 nonzeros
Variable types: 245 continuous, 1431 integer (1431 binary)
Found heuristic solution: objective 308.0000000
Found heuristic solution: objective 300.0000000
Found heuristic solution: objective 299.0000000

Root relaxation: objective 1.520000e+02, 634 iterations, 0.01 seconds (0.01 work units)

    Nodes    |    Current Node    |     Objective Bounds      |     Work
 Expl Unexpl |  Obj  Depth IntInf | Incumbent    BestBd   Gap | It/Node Time

     0     0  152.00000    0  110  299.00000  152.00000  49.2%     -    0s
H    0     0                     292.0000000  152.00000  47.9%     -    0s
H    0     0                     194.0000000  152.00000  21.6%     -    0s
     0     0  153.03250    0  176  194.00000  153.03250  21.1%     -    0s
H    0     0                     188.0000000  153.28156  18.5%     -    0s
H    0     0                     187.0000000  153.28156  18.0%     -    0s
     0     0  153.28156    0  178  187.00000  153.28156  18.0%     -    0s
     0     0  153.28156    0  181  187.00000  153.28156  18.0%     -    0s
     0     0  153.29072    0  181  187.00000  153.29072  18.0%     -    0s
     0     0  153.31902    0  195  187.00000  153.31902  18.0%     -    0s
     0     0  153.34443    0  198  187.00000  153.34443  18.0%     -    0s
     0     0  153.34443    0  201  187.00000  153.34443  18.0%     -    0s
     0     0  156.90941    0  186  187.00000  156.90941  16.1%     -    0s
H    0     0                     186.0000000  157.07607  15.6%     -    0s
H    0     0                     185.0000000  157.07607  15.1%     -    0s
H    0     0                     184.0000000  157.07607  14.6%     -    0s
H    0     0                     183.0000000  157.07607  14.2%     -    0s
     0     0  157.23719    0  216  183.00000  157.23719  14.1%     -    0s
     0     0  157.30451    0  205  183.00000  157.30451  14.0%     -    0s
     0     0  157.31290    0  217  183.00000  157.31290  14.0%     -    0s
     0     0  157.31329    0  210  183.00000  157.31329  14.0%     -    0s
     0     0  159.26221    0  195  183.00000  159.26221  13.0%     -    0s
H    0     0                     182.0000000  159.26221  12.5%     -    0s
H    0     0                     180.0000000  159.26221  11.5%     -    0s
     0     0  159.73333    0  186  180.00000  159.73333  11.3%     -    0s
     0     0  159.74077    0  193  180.00000  159.74077  11.3%     -    0s
     0     0  159.75558    0  225  180.00000  159.75558  11.2%     -    0s
     0     0  159.76013    0  211  180.00000  159.76013  11.2%     -    0s
     0     0  159.76032    0  205  180.00000  159.76032  11.2%     -    0s
     0     0  160.27532    0  242  180.00000  160.27532  11.0%     -    0s
H    0     0                     179.0000000  160.29463  10.4%     -    0s
H    0     0                     178.0000000  160.29463  9.95%     -    0s
     0     0  160.61031    0  193  178.00000  160.61031  9.77%     -    0s
     0     0  160.63521    0  233  178.00000  160.63521  9.76%     -    0s
     0     0  160.64778    0  251  178.00000  160.64778  9.75%     -    0s
     0     0  160.64778    0  252  178.00000  160.64778  9.75%     -    0s
     0     0  161.08669    0  205  178.00000  161.08669  9.50%     -    0s
H    0     0                     177.0000000  161.09553  8.99%     -    0s
     0     0  161.13950    0  222  177.00000  161.13950  8.96%     -    0s
     0     0  161.13950    0  218  177.00000  161.13950  8.96%     -    0s
     0     0  161.15077    0  228  177.00000  161.15077  8.95%     -    0s
H    0     0                     176.0000000  161.15145  8.44%     -    0s
     0     0  161.15601    0  248  176.00000  161.15601  8.43%     -    0s
     0     0  161.16149    0  253  176.00000  161.16149  8.43%     -    0s
     0     0  161.16262    0  257  176.00000  161.16262  8.43%     -    0s
     0     0  161.16834    0  232  176.00000  161.16834  8.43%     -    0s
     0     0  161.18759    0  210  176.00000  161.18759  8.42%     -    0s
H    0     0                     175.0000000  161.18759  7.89%     -    0s
H    0     0                     174.0000000  161.18759  7.36%     -    0s
H    0     0                     173.0000000  161.18759  6.83%     -    1s
     0     2  161.18759    0  194  173.00000  161.18759  6.83%     -    1s
   583   513  167.00000   68  243  173.00000  163.26992  5.62%  26.5    5s
   663   566  167.00000   75  397  173.00000  164.33011  5.01%  23.3   10s
   726   610  165.25149   43  304  173.00000  164.72318  4.78%   109   15s
  1118   856  171.00000  150   44  173.00000  164.78643  4.75%   120   20s
  1983  1311  169.68212   95   47  173.00000  164.89341  4.69%  88.8   25s
H 2723  1567                     172.0000000  165.05746  4.04%  78.6   28s
  3065  1875  167.08341   57  109  172.00000  165.06875  4.03%  79.3   30s
  4423  3039  165.26540   35  333  172.00000  165.14836  3.98%  74.3   35s
  5446  3865  165.92867   35  245  172.00000  165.16422  3.97%  72.8   40s
  6458  4665  165.26972   37  306  172.00000  165.21019  3.95%  73.9   45s
  7355  5414  165.55024   35  307  172.00000  165.24751  3.93%  73.5   50s
  8387  6233  165.62106   48  207  172.00000  165.28516  3.90%  73.4   55s
  9320  6994  170.11818   83  106  172.00000  165.31595  3.89%  73.3   60s
 10203  7691  169.14548   69  210  172.00000  165.33655  3.87%  72.8   76s
 10235  7712  167.14669   58  351  172.00000  165.33655  3.87%  72.6   80s
 10258  7728  168.00354  110  380  172.00000  165.33655  3.87%  72.4   85s
 10281  7743  167.72038   53  389  172.00000  165.33655  3.87%  72.2   90s
 10307  7760  167.00000   47  324  172.00000  165.33655  3.87%  72.1   95s
 10332  7777  169.95313   72  370  172.00000  165.33655  3.87%  71.9  100s
 10356  7793  166.23099   49  338  172.00000  165.33655  3.87%  71.7  105s
 10385  7812  166.00000   40  371  172.00000  165.33655  3.87%  71.5  110s
 10404  7825  168.02695   44  330  172.00000  165.33655  3.87%  71.4  115s
 10423  7838  167.06282   47  352  172.00000  165.33655  3.87%  71.3  120s
 10450  7856  169.00000   56  399  172.00000  165.33655  3.87%  71.1  125s
 10588  7938  167.08333   49  134  172.00000  165.36429  3.86%  88.5  131s
 10777  8055  169.81769   88   99  172.00000  165.37625  3.85%  88.2  135s
 11122  8240  166.83971   46  184  172.00000  165.39882  3.84%  88.0  140s
 11484  8421  167.63636   64  110  172.00000  165.42699  3.82%  88.1  145s
 12006  8684  166.33795   46  281  172.00000  165.49240  3.78%  87.0  150s
 12488  8944  168.43525   83   98  172.00000  165.52738  3.76%  87.1  155s
 13089  9250  165.77811   42  307  172.00000  165.58904  3.73%  86.4  160s
 13694  9518  167.50000   57  130  172.00000  165.69034  3.67%  86.3  165s
 14383  9856  168.71635   61  151  172.00000  165.71794  3.65%  86.1  170s
 15085 10143  169.66319   72   63  172.00000  165.75454  3.63%  85.6  175s
 15620 10366  165.98187   44  312  172.00000  165.77294  3.62%  85.5  180s
 16350 10697  166.00000   50  305  172.00000  165.79054  3.61%  84.9  185s
 17051 11005  167.50909   64  147  172.00000  165.79646  3.61%  84.4  190s
 17838 11385  166.50084   44  239  172.00000  165.81401  3.60%  83.7  195s
 18493 11694  166.58072   54  300  172.00000  165.82864  3.59%  83.4  200s
 19064 11960  166.83575   52  255  172.00000  165.84671  3.58%  83.2  205s
 19683 12271  167.19457   60  198  172.00000  165.86176  3.57%  83.1  210s
 20300 12548  166.33754   51  251  172.00000  165.87762  3.56%  83.0  215s
 20890 12817  168.00000   54  138  172.00000  165.89917  3.55%  83.1  220s
 21556 13090  170.00000   73   82  172.00000  165.91416  3.54%  83.0  225s
 22295 13407  167.03719   56  209  172.00000  165.93142  3.53%  82.6  230s
 23008 13730  166.16377   47  339  172.00000  165.94816  3.52%  82.6  235s
 23768 14068  166.58874   58  257  172.00000  165.96095  3.51%  82.3  240s
 24427 14361  168.22853   71  100  172.00000  165.97428  3.50%  82.3  245s
 25191 14677  166.84558   57  181  172.00000  165.98320  3.50%  82.0  250s
 25933 15032  167.40000   81   88  172.00000  165.99613  3.49%  81.7  255s
 26624 15369  170.17148  120   57  172.00000  165.99961  3.49%  81.8  260s
 27304 15645  166.41551   47  344  172.00000  166.00000  3.49%  81.9  265s
 27974 15961  166.47336   51  305  172.00000  166.00179  3.49%  81.9  270s
 28668 16271  168.48988   84  157  172.00000  166.00687  3.48%  81.8  275s
 29416 16615  166.38646   47  239  172.00000  166.01470  3.48%  81.5  280s
 30137 16950  167.00000   48  178  172.00000  166.02114  3.48%  81.4  285s
 30872 17303  168.21467   80  174  172.00000  166.02427  3.47%  81.3  290s
 31658 17629  167.00000   62  163  172.00000  166.02901  3.47%  81.1  295s
 32430 17986  166.50000   48  187  172.00000  166.03204  3.47%  80.8  300s
 33177 18303  166.27540   50  324  172.00000  166.03802  3.47%  80.8  305s
 33845 18619  170.16920   90  119  172.00000  166.04480  3.46%  80.8  310s
 34526 19098  167.12016   65  242  172.00000  166.04971  3.46%  80.9  315s
 35174 19554  166.40146   50  321  172.00000  166.05826  3.45%  81.1  320s
 35849 20080  167.15867   59  205  172.00000  166.06078  3.45%  81.1  325s
 36508 20571  166.95043   52  215  172.00000  166.06745  3.45%  81.2  330s
 37313 21205  166.75562   52  209  172.00000  166.07301  3.45%  81.0  335s
 38084 21771  167.23741   58  192  172.00000  166.07835  3.44%  80.7  340s
 38772 22325  167.08215   61  196  172.00000  166.08444  3.44%  80.8  345s
 39515 22871  167.36846   54  172  172.00000  166.09100  3.44%  80.6  350s
 40220 23433  167.79232   63  117  172.00000  166.09847  3.43%  80.6  355s
 40929 23999  168.76248   81  131  172.00000  166.10565  3.43%  80.6  360s
 41629 24505  166.31442   50  292  172.00000  166.10916  3.42%  80.6  365s
 42296 25019  169.11298   83   90  172.00000  166.11439  3.42%  80.6  370s
 42947 25523  166.97662   53  232  172.00000  166.11843  3.42%  80.6  375s
 43731 26151 infeasible   93       172.00000  166.12389  3.42%  80.5  380s
 44489 26738  166.95381   61  166  172.00000  166.12861  3.41%  80.3  385s
 45241 27312  166.64424   53  283  172.00000  166.13371  3.41%  80.2  390s
 45930 27854  170.02146   82   96  172.00000  166.13863  3.41%  80.1  395s
 46542 28316  168.93699   64  160  172.00000  166.14239  3.41%  80.3  400s
 47162 28802  167.16275   59  184  172.00000  166.14388  3.40%  80.4  405s
 47887 29368  169.08720   92   86  172.00000  166.14872  3.40%  80.3  410s
 48643 29949  167.01664   61  212  172.00000  166.15414  3.40%  80.2  415s
 49469 30572  168.12383   78   66  172.00000  166.15613  3.40%  80.1  420s
 50168 31112     cutoff   69       172.00000  166.15783  3.40%  80.0  425s
 50874 31669  171.00000  108   63  172.00000  166.16133  3.39%  79.9  430s
 51435 32112  166.43652   49  317  172.00000  166.16563  3.39%  80.1  435s
 52122 32671  167.43876   64  145  172.00000  166.17012  3.39%  80.0  440s
 52801 33197  167.58699   61  220  172.00000  166.17486  3.39%  80.1  445s
 53491 33756  168.83996   79  121  172.00000  166.17805  3.38%  80.1  450s
 54237 34337  170.00000   99   43  172.00000  166.18024  3.38%  79.9  455s
 54923 34874  167.91712   74  189  172.00000  166.18495  3.38%  80.0  460s
 55605 35377  168.42944   70  117  172.00000  166.18891  3.38%  80.0  465s
 56272 35899     cutoff  112       172.00000  166.19069  3.38%  79.9  470s
 57031 36435  166.25065   53  298  172.00000  166.19382  3.38%  79.8  475s
 57610 36890  167.49502   59  212  172.00000  166.19646  3.37%  79.9  480s
 58266 37363  170.00000  109   41  172.00000  166.19915  3.37%  79.9  485s
 58951 37859  166.69125   50  337  172.00000  166.20355  3.37%  80.0  490s
 59577 38357  166.72856   54  323  172.00000  166.20701  3.37%  80.0  495s
 60201 38860  168.29836   61  163  172.00000  166.20833  3.37%  80.1  500s
 60817 39341  168.56852   81  178  172.00000  166.21249  3.36%  80.1  505s
 61508 39873  166.67633   55  234  172.00000  166.21532  3.36%  80.1  510s
 62235 40439  169.16667   94   75  172.00000  166.21855  3.36%  80.0  515s
 62847 40922  169.96807   92   97  172.00000  166.22177  3.36%  80.1  520s
 63436 41385  166.65731   48  287  172.00000  166.22444  3.36%  80.1  525s
 64131 41869  167.32348   54  224  172.00000  166.22794  3.36%  80.1  530s
 64834 42409  166.80643   52  334  172.00000  166.23024  3.35%  80.1  535s
 65394 42854  168.00000   53  156  172.00000  166.23235  3.35%  80.2  540s
 65980 43311  168.74997   69  139  172.00000  166.23613  3.35%  80.3  545s
 66703 43815  167.04857   57  224  172.00000  166.24043  3.35%  80.2  550s
 67178 44186  167.22437   51  238  172.00000  166.24213  3.35%  80.2  557s
 67535 44476     cutoff   82       172.00000  166.24277  3.35%  80.1  560s
 68195 44984  167.80000   82  119  172.00000  166.24548  3.35%  80.1  565s
 68872 45520  168.46725   59  190  172.00000  166.24910  3.34%  80.1  570s
 69528 46024  167.01952   63  224  172.00000  166.25065  3.34%  80.1  575s
 70277 46614  169.00000   68  116  172.00000  166.25237  3.34%  80.1  580s
 70971 47151  168.24092   69  135  172.00000  166.25465  3.34%  80.0  585s
 71656 47666  171.00000  107   89  172.00000  166.25753  3.34%  80.0  590s
 72264 48127  167.28533   60  229  172.00000  166.25999  3.34%  80.1  595s
 72868 48595  170.12181   61  122  172.00000  166.26189  3.34%  80.2  600s
 73602 49173  168.16128   58  192  172.00000  166.26521  3.33%  80.1  605s
 74331 49740  167.56926   72  126  172.00000  166.26741  3.33%  80.1  610s
 75028 50298     cutoff   70       172.00000  166.27037  3.33%  80.1  615s
 75754 50858     cutoff   95       172.00000  166.27238  3.33%  80.0  620s
 76513 51426  166.74675   49  257  172.00000  166.27505  3.33%  79.9  625s
 77212 51966  170.00000   97   94  172.00000  166.27811  3.33%  79.8  630s
 77890 52521  167.28219   63  163  172.00000  166.28024  3.33%  79.8  635s
 78664 53126  168.79439   68  172  172.00000  166.28389  3.32%  79.7  640s
 79462 53757  166.72894   57  238  172.00000  166.28754  3.32%  79.6  645s
 80159 54284  167.13213   63  212  172.00000  166.28993  3.32%  79.6  650s
 80814 54773  166.73702   57  317  172.00000  166.29207  3.32%  79.7  655s
 81467 55267  168.00000   69  129  172.00000  166.29339  3.32%  79.7  660s
 82158 55813  166.86971   61  288  172.00000  166.29582  3.32%  79.7  665s
 82850 56387  171.00000  132   12  172.00000  166.29867  3.31%  79.7  670s
 83519 56917  167.39264   70  253  172.00000  166.30152  3.31%  79.7  675s
 84243 57451  168.74820   65  191  172.00000  166.30301  3.31%  79.7  680s
 84875 57911  168.06283   63  208  172.00000  166.30424  3.31%  79.8  685s
 85694 58497  167.17397   58  230  172.00000  166.30582  3.31%  79.6  690s
 86338 58985  166.82096   55  227  172.00000  166.30854  3.31%  79.7  695s
 86977 59497  169.00000   67   61  172.00000  166.31077  3.31%  79.7  700s
 87739 60049  169.03126   63  113  172.00000  166.31405  3.31%  79.6  705s
 88389 60529  168.73376   66  106  172.00000  166.31556  3.30%  79.7  710s
 89178 61161  168.74724   65  145  172.00000  166.31689  3.30%  79.6  715s
 89922 61735  166.67335   52  360  172.00000  166.32016  3.30%  79.5  720s
 90522 62203  170.50000   87   64  172.00000  166.32221  3.30%  79.6  725s
 91302 62805  170.00000   93   69  172.00000  166.32386  3.30%  79.5  730s
 92020 63355  167.13691   49  211  172.00000  166.32532  3.30%  79.5  735s
 92707 63895  169.84385   73   93  172.00000  166.32714  3.30%  79.5  740s
 93449 64454  168.16001   67  137  172.00000  166.32952  3.30%  79.5  745s
 94118 64976  167.62564   63  170  172.00000  166.33123  3.30%  79.5  750s
 94759 65436  166.99294   54  223  172.00000  166.33333  3.29%  79.5  755s
 95405 65942  168.75512   73  154  172.00000  166.33437  3.29%  79.5  760s
 96027 66402  167.45789   79  137  172.00000  166.33613  3.29%  79.6  765s
 96733 66930  167.85013   62  206  172.00000  166.33772  3.29%  79.6  770s
 97443 67455  166.66450   50  327  172.00000  166.33953  3.29%  79.6  775s
 98233 68035  168.34105   63  182  172.00000  166.34096  3.29%  79.5  780s
 98929 68561  168.15508   76  130  172.00000  166.34333  3.29%  79.5  785s
 99649 69137  167.00000   56  183  172.00000  166.34728  3.29%  79.4  790s
 100372 69688  167.31486   61  197  172.00000  166.34900  3.29%  79.4  795s
 101048 70226  166.82880   47  340  172.00000  166.35046  3.28%  79.4  800s
 101694 70769  169.01251   75  137  172.00000  166.35188  3.28%  79.5  805s
 102387 71297  166.45400   55  303  172.00000  166.35363  3.28%  79.4  810s
 103026 71793  170.33333   93   61  172.00000  166.35614  3.28%  79.5  815s
 103726 72330  166.53113   56  322  172.00000  166.35734  3.28%  79.4  820s
 104386 72824  168.00000   63  170  172.00000  166.35843  3.28%  79.4  825s
 105031 73320  166.98912   50  282  172.00000  166.36075  3.28%  79.5  830s
 105902 73967  170.00000   85   56  172.00000  166.36276  3.28%  79.5  835s
 106565 74458     cutoff  129       172.00000  166.36444  3.28%  79.7  840s
 107332 75033  167.18465   57  244  172.00000  166.36667  3.28%  79.8  845s
 107988 75559  170.00000  101   45  172.00000  166.36808  3.27%  80.0  850s
 108676 76046  167.66921   54  274  172.00000  166.36940  3.27%  80.2  855s
 109361 76570  166.49833   56  333  172.00000  166.37191  3.27%  80.4  860s
 110012 77068  167.18806   59  173  172.00000  166.37362  3.27%  80.6  865s
 110798 77703 infeasible  106       172.00000  166.37654  3.27%  80.6  870s
 111519 78252  166.56933   53  276  172.00000  166.37763  3.27%  80.7  875s
 112221 78780  167.02542   59  202  172.00000  166.38021  3.27%  80.9  880s
 112965 79377  168.00178   74  107  172.00000  166.38140  3.27%  80.9  885s
 113688 79935  166.73002   58  284  172.00000  166.38241  3.27%  81.0  890s
 114509 80557  171.00001  107   57  172.00000  166.38446  3.26%  81.1  895s
 115316 81150  170.11087  101   52  172.00000  166.38594  3.26%  81.1  900s
 116009 81688  168.20342   66  139  172.00000  166.38712  3.26%  81.3  905s
 116742 82240  167.33333   56  269  172.00000  166.38925  3.26%  81.4  910s
 117440 82774  167.49081   61  158  172.00000  166.39038  3.26%  81.5  915s
 118207 83330  166.70174   54  351  172.00000  166.39171  3.26%  81.6  920s
 118746 83770  168.00327   75  113  172.00000  166.39243  3.26%  81.8  925s
 119453 84299  167.02000   63  228  172.00000  166.39407  3.26%  82.0  930s
 120267 84963  167.70835   55  158  172.00000  166.39480  3.26%  82.0  935s
 120911 85450  167.39238   66  132  172.00000  166.39633  3.26%  82.2  940s
 121649 86002  166.86700   53  238  172.00000  166.39750  3.26%  82.3  945s
 122529 86643  166.85635   53  311  172.00000  166.39969  3.26%  82.3  950s
 123199 87201  167.01786   49  183  172.00000  166.40123  3.26%  82.3  955s
 123982 87808  166.76625   45  239  172.00000  166.40230  3.25%  82.4  960s
 124764 88424  166.48097   57  328  172.00000  166.40390  3.25%  82.5  965s
 125524 88987  166.63209   52  299  172.00000  166.40588  3.25%  82.6  970s
 126290 89594  167.18437   63  194  172.00000  166.40722  3.25%  82.6  975s
 126961 90095  166.92473   47  243  172.00000  166.40878  3.25%  82.8  980s
 127635 90618  167.00000   59  183  172.00000  166.41039  3.25%  82.9  985s
 128342 91196  168.59672  112  118  172.00000  166.41191  3.25%  83.0  990s
 129123 91795  167.04781   50  306  172.00000  166.41374  3.25%  83.1  995s
 129747 92284  166.94779   54  267  172.00000  166.41504  3.25%  83.2 1000s
 130652 92958  167.58712   63  175  172.00000  166.41663  3.25%  83.2 1005s
 131450 93568  167.53053   63  191  172.00000  166.41767  3.25%  83.2 1010s
 132105 94080  170.03325   95   77  172.00000  166.41917  3.24%  83.4 1015s
 132693 94511  168.48035   67  163  172.00000  166.42009  3.24%  83.5 1020s
 133420 95090  168.46352   61  120  172.00000  166.42133  3.24%  83.6 1025s
 134156 95646  170.00000  106   69  172.00000  166.42395  3.24%  83.7 1030s
 134946 96226  169.50621   81  137  172.00000  166.42555  3.24%  83.7 1035s
 135641 96759  170.15412   70  122  172.00000  166.42665  3.24%  83.8 1040s
 136272 97215  168.30917   71  185  172.00000  166.42787  3.24%  83.9 1045s
 136896 97700  167.53797   58  157  172.00000  166.42943  3.24%  84.1 1050s
 137579 98227  169.26872   95  128  172.00000  166.43089  3.24%  84.2 1055s
 138307 98822  168.35689   83  102  172.00000  166.43180  3.24%  84.2 1060s
 138969 99334  168.06653   82  150  172.00000  166.43333  3.24%  84.3 1065s
 139707 99889  167.04239   61  192  172.00000  166.43459  3.24%  84.4 1070s
 140374 100417  168.80128   68  150  172.00000  166.43643  3.23%  84.5 1075s
 141022 100917  170.02155   91   85  172.00000  166.43788  3.23%  84.6 1080s
 141663 101422  171.00000  108   77  172.00000  166.43924  3.23%  84.7 1085s
 142466 101954  168.24884   67  121  172.00000  166.44166  3.23%  84.8 1090s
 143270 102548  169.73734  113   52  172.00000  166.44274  3.23%  84.8 1095s
 143930 103024  167.12060   60  248  172.00000  166.44355  3.23%  84.9 1100s
 144615 103539  168.00000   73  162  172.00000  166.44469  3.23%  85.0 1105s
 145310 104059  166.81536   55  246  172.00000  166.44664  3.23%  85.1 1110s
 146071 104619  170.50000  100   46  172.00000  166.44760  3.23%  85.1 1115s
 146637 105033  168.64019   69  119  172.00000  166.44925  3.23%  85.2 1120s
 147480 105689  170.88556   85  138  172.00000  166.45035  3.23%  85.2 1125s
 148232 106275  169.90571   66  145  172.00000  166.45176  3.23%  85.3 1130s
 148929 106789  167.09953   61  306  172.00000  166.45375  3.22%  85.3 1135s
 149640 107345  171.00000   74  113  172.00000  166.45457  3.22%  85.4 1140s
 150299 107860  171.00000  137   18  172.00000  166.45632  3.22%  85.5 1145s
 151034 108412  168.50000   81   52  172.00000  166.45767  3.22%  85.6 1150s
 151811 108981  168.14559   74  111  172.00000  166.45863  3.22%  85.6 1155s
 152543 109535  167.02756   63  141  172.00000  166.45957  3.22%  85.6 1160s
 153181 110034  167.89635   83  190  172.00000  166.46123  3.22%  85.8 1165s
 153805 110491  167.51361   55  135  172.00000  166.46233  3.22%  85.8 1170s
 154482 111036  170.00000  102   72  172.00000  166.46373  3.22%  85.9 1175s
 155216 111580  167.00953   58  255  172.00000  166.46572  3.22%  86.0 1180s
 155918 112134  167.51835   55  266  172.00000  166.46707  3.22%  86.1 1185s
 156720 112766     cutoff   98       172.00000  166.46902  3.22%  86.1 1190s
 157439 113306  169.02982   68   99  172.00000  166.46989  3.22%  86.1 1195s
 158157 113864  166.60064   49  252  172.00000  166.47064  3.21%  86.2 1200s
 158338 114019  170.50000  104   68  172.00000  166.47096  3.21%  86.2 1207s
 158602 114183  167.16136   63  184  172.00000  166.47129  3.21%  86.3 1210s
 159306 114714  166.90325   55  315  172.00000  166.47250  3.21%  86.3 1215s
 159965 115240  170.15175   73  140  172.00000  166.47355  3.21%  86.4 1220s
 160809 115833  166.72363   57  212  172.00000  166.47429  3.21%  86.4 1225s
 161520 116371  168.74219   59  126  172.00000  166.47579  3.21%  86.5 1230s
 162296 116957  168.37561   66  128  172.00000  166.47683  3.21%  86.5 1235s
 163018 117515  167.91367   73  200  172.00000  166.47781  3.21%  86.6 1240s
 163786 118096  167.34170   57  267  172.00000  166.47961  3.21%  86.6 1245s
 164460 118608  167.08461   59  219  172.00000  166.48073  3.21%  86.7 1250s
 165311 119278  167.12106   64  218  172.00000  166.48225  3.21%  86.7 1255s
 166037 119850  167.74273   81  124  172.00000  166.48309  3.21%  86.7 1260s
 166743 120404  168.35333   84  134  172.00000  166.48400  3.21%  86.8 1265s
 167542 120996  170.43390   82  153  172.00000  166.48518  3.21%  86.8 1270s
 168149 121458  168.00000   60  129  172.00000  166.48629  3.21%  86.9 1275s
 168856 122020  167.00000   55  242  172.00000  166.48758  3.20%  86.9 1280s
 169423 122468  170.82408   87   79  172.00000  166.48877  3.20%  87.1 1285s
 170204 123074  168.92471   77   97  172.00000  166.49047  3.20%  87.1 1290s
 170996 123687  170.40574   98   96  172.00000  166.49145  3.20%  87.1 1295s
 171649 124177  166.94792   56  309  172.00000  166.49352  3.20%  87.1 1300s
 172383 124738  169.51108   78  111  172.00000  166.49447  3.20%  87.2 1305s
 173197 125350  167.27039   59  263  172.00000  166.49578  3.20%  87.2 1310s
 173944 125944  166.64171   58  351  172.00000  166.49652  3.20%  87.2 1315s
 174621 126455  167.99999   59  208  172.00000  166.49734  3.20%  87.2 1320s
 175291 126952  168.33599   84   88  172.00000  166.49813  3.20%  87.3 1325s
 176099 127564  167.06940   59  303  172.00000  166.49903  3.20%  87.3 1330s
 176688 128008  166.78869   54  276  172.00000  166.49951  3.20%  87.4 1335s
 177336 128510  167.01087   49  190  172.00000  166.50000  3.20%  87.5 1340s
 177988 129020  167.02173   67  173  172.00000  166.50000  3.20%  87.6 1345s
 178675 129518  167.87462   68  176  172.00000  166.50000  3.20%  87.6 1350s
 179340 130067  168.79770   78   82  172.00000  166.50000  3.20%  87.7 1355s
 179960 130529  167.52129   55  185  172.00000  166.50059  3.20%  87.7 1360s
 180742 131140  169.20585   72  116  172.00000  166.50177  3.20%  87.8 1365s
 181461 131668  167.83294   70  136  172.00000  166.50298  3.20%  87.8 1370s
 182156 132166  166.57657   53  338  172.00000  166.50398  3.20%  87.9 1375s
 182886 132719  169.70000   83   66  172.00000  166.50497  3.19%  88.0 1380s
 183585 133291  171.00000   98   29  172.00000  166.50629  3.19%  88.0 1385s
 184213 133762  171.00000   83   38  172.00000  166.50812  3.19%  88.1 1390s
 185044 134374  166.71300   52  312  172.00000  166.50933  3.19%  88.1 1395s
 185775 134941  170.31469  106  128  172.00000  166.51041  3.19%  88.1 1400s
 186461 135485  169.00000   83  117  172.00000  166.51178  3.19%  88.1 1405s
 187217 136069  170.22804   91  119  172.00000  166.51328  3.19%  88.1 1410s
 187910 136599  167.37292   58  209  172.00000  166.51463  3.19%  88.2 1415s
 188579 137111  168.51626   67  156  172.00000  166.51557  3.19%  88.2 1420s
 189430 137759  170.35514   88   66  172.00000  166.51637  3.19%  88.2 1425s
 190012 138232  168.02000   73  124  172.00000  166.51664  3.19%  88.3 1430s
 190642 138706  166.92201   54  245  172.00000  166.51722  3.19%  88.4 1435s
 191350 139238  169.02416   97   61  172.00000  166.51801  3.19%  88.4 1440s
 192080 139765  166.73463   63  189  172.00000  166.51916  3.19%  88.4 1445s
 192784 140325  169.36485   98   57  172.00000  166.51999  3.19%  88.5 1450s
 193458 140819  169.18634   60  163  172.00000  166.52053  3.19%  88.5 1455s
 194162 141374  171.00000   92   62  172.00000  166.52105  3.19%  88.6 1460s
 194829 141892  166.70999   49  341  172.00000  166.52273  3.18%  88.6 1465s
 195583 142462  168.15228   69  162  172.00000  166.52349  3.18%  88.6 1470s
 196225 142942  167.34924   53  178  172.00000  166.52503  3.18%  88.7 1475s
 197066 143585     cutoff  118       172.00000  166.52608  3.18%  88.7 1480s
 197785 144109  167.50000   52  141  172.00000  166.52703  3.18%  88.7 1485s
 198446 144609  170.06946   95   38  172.00000  166.52799  3.18%  88.7 1490s
 199195 145206  166.68997   48  274  172.00000  166.52897  3.18%  88.7 1495s
 199889 145746  168.20427   66  157  172.00000  166.52981  3.18%  88.8 1500s
 200611 146277  169.09596   92  113  172.00000  166.53134  3.18%  88.8 1505s
 201398 146846  167.03410   49  341  172.00000  166.53289  3.18%  88.8 1510s
 202097 147358  167.03103   50  228  172.00000  166.53386  3.18%  88.9 1515s
 202730 147826  167.21124   66  183  172.00000  166.53561  3.18%  88.9 1520s
 203399 148342  167.18875   61  228  172.00000  166.53651  3.18%  89.0 1525s
 204099 148901  170.98171   93  103  172.00000  166.53820  3.18%  89.0 1530s
 204769 149402  167.30079   53  217  172.00000  166.53918  3.17%  89.1 1535s
 205423 149895  168.60402   80  113  172.00000  166.54009  3.17%  89.1 1540s
 206061 150371 infeasible   67       172.00000  166.54102  3.17%  89.2 1545s
 206812 150941  166.69060   53  288  172.00000  166.54106  3.17%  89.2 1550s
 207605 151566  166.89972   52  280  172.00000  166.54153  3.17%  89.2 1555s
 208321 152110  167.13239   56  199  172.00000  166.54207  3.17%  89.2 1560s
 209011 152637  169.76134  103   65  172.00000  166.54251  3.17%  89.3 1565s
 209851 153238  168.45857   54  148  172.00000  166.54337  3.17%  89.2 1570s
 210590 153799 infeasible   64       172.00000  166.54427  3.17%  89.2 1575s
 211325 154350  169.52801  100  112  172.00000  166.54483  3.17%  89.3 1580s
 211939 154815  166.74092   55  251  172.00000  166.54511  3.17%  89.4 1585s
 212653 155351  167.98410   67  224  172.00000  166.54621  3.17%  89.4 1590s
 213420 155935  167.42662   55  258  172.00000  166.54730  3.17%  89.4 1595s
 214097 156496  169.11028   66  162  172.00000  166.54769  3.17%  89.4 1600s
 214756 156964  170.85244   88  100  172.00000  166.54850  3.17%  89.5 1605s
 215417 157473  170.03830   99  101  172.00000  166.54931  3.17%  89.5 1610s
 216082 157992  167.86542   81  186  172.00000  166.55043  3.17%  89.6 1615s
 216764 158533  167.07016   55  211  172.00000  166.55155  3.17%  89.6 1620s
 217416 159038  168.50000   58  119  172.00000  166.55220  3.17%  89.7 1625s
 218105 159558  170.25953   89   64  172.00000  166.55316  3.17%  89.7 1630s
 218861 160046  167.04570   45  315  172.00000  166.55423  3.17%  89.7 1635s
 219596 160577  171.00000   93   57  172.00000  166.55486  3.17%  89.8 1640s
 220298 161084  166.76660   49  271  172.00000  166.55603  3.17%  89.8 1645s
 220985 161606  166.61083   51  307  172.00000  166.55656  3.16%  89.8 1650s
 221721 162173  167.55214   58  231  172.00000  166.55764  3.16%  89.8 1655s
 222378 162666  168.13063   78  151  172.00000  166.55816  3.16%  89.9 1660s
 223092 163231  170.50000   98   73  172.00000  166.55900  3.16%  89.9 1665s
 223837 163769  167.21054   57  210  172.00000  166.55973  3.16%  89.9 1670s
 224577 164339  167.07363   51  221  172.00000  166.56046  3.16%  89.9 1675s
 225250 164890  168.92786   80  131  172.00000  166.56093  3.16%  90.0 1680s
 225919 165391  167.55512   52  208  172.00000  166.56150  3.16%  90.0 1685s
 226618 165909  166.67438   49  375  172.00000  166.56207  3.16%  90.0 1690s
 227322 166425     cutoff   86       172.00000  166.56348  3.16%  90.1 1695s
 227994 166926  166.79491   52  303  172.00000  166.56397  3.16%  90.1 1700s
 228726 167465  170.00399   99  113  172.00000  166.56450  3.16%  90.1 1705s
 229409 167964  166.74331   57  307  172.00000  166.56561  3.16%  90.2 1710s
 230132 168505  167.40448   61  230  172.00000  166.56652  3.16%  90.2 1715s
 230833 169037  168.59942   88  166  172.00000  166.56722  3.16%  90.2 1720s
 231607 169600  170.08103   98  110  172.00000  166.56792  3.16%  90.3 1725s
 232325 170133  166.88814   59  226  172.00000  166.56856  3.16%  90.3 1730s
 233028 170680  168.15212   68  159  172.00000  166.56902  3.16%  90.3 1735s
 233726 171197  167.52580   64  177  172.00000  166.57024  3.16%  90.3 1740s
 234349 171661  166.87543   53  252  172.00000  166.57120  3.16%  90.4 1745s
 235019 172162  170.23418   78  149  172.00000  166.57181  3.16%  90.4 1750s
 235730 172695  168.63823   62  158  172.00000  166.57264  3.16%  90.4 1755s
 236488 173294  166.93229   54  265  172.00000  166.57342  3.15%  90.5 1760s
 237228 173883  166.75258   54  380  172.00000  166.57447  3.15%  90.5 1765s
 237970 174449  170.11562   71  179  172.00000  166.57580  3.15%  90.5 1770s
 238682 174995  167.18289   58  234  172.00000  166.57638  3.15%  90.5 1775s
 239282 175445  168.30395   72  145  172.00000  166.57697  3.15%  90.6 1780s
 240063 176052  168.36022   78  176  172.00000  166.57742  3.15%  90.6 1785s
 240759 176580  169.30145   76  116  172.00000  166.57846  3.15%  90.6 1790s
 241450 177131  169.43262   90  119  172.00000  166.57917  3.15%  90.6 1795s
 242310 177819  168.06651   64  125  172.00000  166.57982  3.15%  90.6 1800s
 242983 178345  169.00000   69  108  172.00000  166.58049  3.15%  90.6 1805s
 243714 178897  167.00153   50  280  172.00000  166.58116  3.15%  90.6 1810s
 244312 179370  171.00000   73   73  172.00000  166.58165  3.15%  90.7 1815s
 245019 179889  167.64314   51  280  172.00000  166.58246  3.15%  90.7 1820s
 245576 180330  167.28571   56  202  172.00000  166.58287  3.15%  90.8 1825s
 246333 180890  167.50785   74  177  172.00000  166.58333  3.15%  90.8 1830s
 246961 181341  168.08857   61  243  172.00000  166.58465  3.15%  90.9 1835s
 247798 181946     cutoff   97       172.00000  166.58555  3.15%  90.8 1840s
 248498 182488  167.18760   58  261  172.00000  166.58609  3.15%  90.9 1845s
 249138 182977  168.79571   66  140  172.00000  166.58715  3.15%  90.9 1850s
 249874 183567  167.24236   55  240  172.00000  166.58787  3.15%  90.9 1855s
 250566 184043  168.00000   80  120  172.00000  166.58875  3.15%  91.0 1860s
 251334 184658  166.82449   56  257  172.00000  166.59011  3.15%  91.0 1865s
 252047 185167  167.50000   52  198  172.00000  166.59076  3.14%  91.0 1870s
 252718 185682  166.66967   47  311  172.00000  166.59130  3.14%  91.0 1875s
 253570 186240  171.00000   85   88  172.00000  166.59212  3.14%  91.0 1880s
 254308 186789  168.29804   70  113  172.00000  166.59305  3.14%  91.0 1885s
 254942 187256  168.78918   68  140  172.00000  166.59358  3.14%  91.1 1890s
 255569 187740  167.50000   50  209  172.00000  166.59439  3.14%  91.1 1895s
 256315 188277  167.58656   60   96  172.00000  166.59488  3.14%  91.1 1900s
 257084 188850  168.66808   72  147  172.00000  166.59556  3.14%  91.1 1905s
 257720 189336  167.38964   61  181  172.00000  166.59623  3.14%  91.2 1910s
 258426 189860  170.97348  101  104  172.00000  166.59710  3.14%  91.2 1915s
 258970 190240  167.96368   67  222  172.00000  166.59778  3.14%  91.3 1920s
 259638 190761  167.68278   61  211  172.00000  166.59849  3.14%  91.3 1925s
 260342 191284  167.25003   57  303  172.00000  166.59957  3.14%  91.3 1930s
 260944 191740  166.65158   56  309  172.00000  166.60000  3.14%  91.3 1935s
 261567 192248  169.00000   64  132  172.00000  166.60000  3.14%  91.4 1940s
 262142 192688  167.24440   61  191  172.00000  166.60080  3.14%  91.4 1945s
 262858 193226  168.08828   63  150  172.00000  166.60170  3.14%  91.5 1950s
 263393 193644  167.09929   66  247  172.00000  166.60247  3.14%  91.5 1961s
 263855 193993  169.62692   77  147  172.00000  166.60273  3.14%  91.5 1965s
 264544 194503  166.97379   56  277  172.00000  166.60361  3.14%  91.5 1970s
 265242 195025  167.28232   54  251  172.00000  166.60464  3.14%  91.5 1975s
 265857 195498  168.10000   65  139  172.00000  166.60542  3.14%  91.6 1980s
 266559 196026  168.01020   64  198  172.00000  166.60589  3.14%  91.6 1985s
 267261 196564  168.29434   62   99  172.00000  166.60663  3.14%  91.6 1990s
 268001 197106  168.00000   50  116  172.00000  166.60713  3.14%  91.6 1995s
 268602 197552  171.00000  100   36  172.00000  166.60760  3.14%  91.7 2000s
 269437 198146  168.09784   66  150  172.00000  166.60827  3.13%  91.6 2005s
 270151 198693  167.04243   63  225  172.00000  166.60923  3.13%  91.7 2010s
 270830 199187     cutoff   78       172.00000  166.61001  3.13%  91.7 2015s
 271528 199709  170.00000   81   50  172.00000  166.61078  3.13%  91.7 2020s
 272224 200218  168.06145   61  181  172.00000  166.61127  3.13%  91.7 2025s
 272931 200743  167.04581   65  138  172.00000  166.61177  3.13%  91.7 2030s
 273626 201265  167.00000   54  173  172.00000  166.61250  3.13%  91.8 2035s
 274430 201844  166.70959   57  295  172.00000  166.61326  3.13%  91.8 2040s
 275172 202385  170.12500   79   66  172.00000  166.61442  3.13%  91.8 2045s
 275926 202965  168.23016   63  125  172.00000  166.61524  3.13%  91.8 2050s
 276603 203483  167.80546   62  269  172.00000  166.61640  3.13%  91.8 2055s
 277346 203999  168.00000   55  174  172.00000  166.61688  3.13%  91.8 2060s
 277969 204506  168.52247   85  136  172.00000  166.61742  3.13%  91.9 2065s
 278706 205063  168.31735   67  105  172.00000  166.61811  3.13%  91.9 2070s
 279327 205502  167.13741   57  234  172.00000  166.61890  3.13%  91.9 2075s
 280093 206017  167.99999   66  182  172.00000  166.61970  3.13%  91.9 2080s
 280871 206639  168.02694   62  176  172.00000  166.62031  3.13%  91.9 2085s
 281536 207132  170.02353   60  119  172.00000  166.62078  3.13%  91.9 2090s
 282200 207635  166.66373   59  289  172.00000  166.62143  3.13%  91.9 2095s
 282896 208152  167.37196   63  190  172.00000  166.62214  3.13%  92.0 2100s
 283519 208627  169.00341   89  128  172.00000  166.62271  3.13%  92.0 2105s
 284233 209116  167.34311   58  227  172.00000  166.62325  3.13%  92.0 2110s
 284942 209683  169.00000   72  103  172.00000  166.62415  3.13%  92.0 2115s
 285612 210159  167.77584   69  145  172.00000  166.62500  3.13%  92.1 2120s
 286185 210615  167.00000   55  322  172.00000  166.62570  3.12%  92.1 2125s
 286906 211193  169.01948   74   84  172.00000  166.62638  3.12%  92.1 2130s
 287621 211713  167.17481   53  274  172.00000  166.62720  3.12%  92.1 2135s
 288429 212316  169.09235   64  181  172.00000  166.62786  3.12%  92.1 2140s
 289115 212868  166.75984   59  278  172.00000  166.62849  3.12%  92.1 2145s
 289811 213405  166.64191   57  297  172.00000  166.62900  3.12%  92.2 2150s
 290501 213944  169.00000   67  127  172.00000  166.62980  3.12%  92.2 2155s
 291155 214446  167.03064   49  248  172.00000  166.63042  3.12%  92.2 2160s
 291903 215026  166.83364   54  309  172.00000  166.63128  3.12%  92.2 2165s
 292512 215448  167.27353   51  209  172.00000  166.63220  3.12%  92.3 2170s
 293166 215943  170.16395   93   79  172.00000  166.63282  3.12%  92.3 2175s
 293860 216472  169.20115   69  145  172.00000  166.63360  3.12%  92.3 2180s
 294698 217067  168.00000   60  156  172.00000  166.63416  3.12%  92.3 2185s
 295404 217614  170.02353   81  107  172.00000  166.63510  3.12%  92.3 2190s
 296142 218132  166.77114   51  304  172.00000  166.63560  3.12%  92.3 2195s
 296748 218601  167.09032   63  292  172.00000  166.63636  3.12%  92.3 2200s
 297441 219095  169.02353   77  156  172.00000  166.63686  3.12%  92.4 2205s
 298217 219666  167.08490   55  305  172.00000  166.63760  3.12%  92.4 2210s
 298836 220106  167.50000   61  145  172.00000  166.63829  3.12%  92.4 2215s
 299458 220598  169.86546   69   77  172.00000  166.63852  3.12%  92.4 2220s
 300130 221071  168.75000   64  122  172.00000  166.63898  3.12%  92.5 2225s
 300905 221684  166.92208   57  242  172.00000  166.63950  3.12%  92.5 2230s
 301542 222147  167.45885   57  283  172.00000  166.64003  3.12%  92.5 2235s
 302283 222728  170.08243  119  101  172.00000  166.64072  3.12%  92.5 2240s
 303025 223299  170.01469   83   68  172.00000  166.64104  3.12%  92.5 2245s
 303835 223895  167.61429   61  210  172.00000  166.64162  3.12%  92.5 2250s
 304621 224455  169.34742   82   98  172.00000  166.64214  3.12%  92.4 2255s
 305213 224896  168.22060   83  101  172.00000  166.64307  3.11%  92.5 2260s
 305831 225333  167.40439   58  269  172.00000  166.64368  3.11%  92.5 2265s
 306517 225851  167.62176   54  203  172.00000  166.64421  3.11%  92.5 2270s
 307214 226380  167.41044   62  199  172.00000  166.64485  3.11%  92.6 2275s
 307909 226899  167.37257   59  255  172.00000  166.64550  3.11%  92.6 2280s
 308588 227408  166.95885   47  342  172.00000  166.64586  3.11%  92.6 2285s
 309337 227979  167.50000   56  136  172.00000  166.64656  3.11%  92.6 2290s
 309948 228444  170.11023   63  114  172.00000  166.64699  3.11%  92.6 2295s
 310695 228996  168.92785   64  160  172.00000  166.64748  3.11%  92.7 2300s
 311379 229500  171.00000  115   22  172.00000  166.64836  3.11%  92.7 2305s
 312103 230054  171.00000  101   45  172.00000  166.64860  3.11%  92.7 2310s
 312779 230540  167.55749   58  217  172.00000  166.64946  3.11%  92.7 2315s
 313472 231057  168.55714   87   85  172.00000  166.65042  3.11%  92.7 2320s
 314269 231659  167.09091   62  111  172.00000  166.65085  3.11%  92.7 2325s
 314877 232093  169.00000   74   71  172.00000  166.65128  3.11%  92.7 2330s
 315623 232650  167.49370   64  248  172.00000  166.65161  3.11%  92.7 2335s
 316272 233118  168.11368   60  192  172.00000  166.65229  3.11%  92.8 2340s
 316993 233658     cutoff   68       172.00000  166.65340  3.11%  92.8 2345s
 317684 234175  169.08149   71  169  172.00000  166.65397  3.11%  92.8 2350s
 318315 234664  171.00000   98   23  172.00000  166.65425  3.11%  92.8 2355s
 319059 235217  167.43506   57  231  172.00000  166.65522  3.11%  92.8 2360s
 319704 235711  169.21169   76  148  172.00000  166.65558  3.11%  92.9 2365s
 320458 236247  167.19744   54  193  172.00000  166.65637  3.11%  92.9 2370s
 321160 236804  167.17744   59  204  172.00000  166.65688  3.11%  92.9 2375s
 321538 237089  166.94263   49  312  172.00000  166.65722  3.11%  92.9 2380s
 322291 237650  168.68024   66  123  172.00000  166.65784  3.11%  92.9 2385s
 322981 238199  167.95742   68  151  172.00000  166.65834  3.11%  92.9 2390s
 323729 238776  169.52646   82   94  172.00000  166.65898  3.11%  92.9 2395s
 324412 239306  171.00000  112   24  172.00000  166.65972  3.10%  93.0 2400s
 325101 239815  169.15963   77  123  172.00000  166.66031  3.10%  93.0 2405s
 325936 240412  171.00000  110   43  172.00000  166.66093  3.10%  93.0 2410s
 326607 240901  168.60000   68  145  172.00000  166.66164  3.10%  93.0 2415s
 327334 241423  167.16158   55  261  172.00000  166.66216  3.10%  93.0 2420s
 328056 241968  167.56181   61  162  172.00000  166.66294  3.10%  93.0 2425s
 328835 242540  167.13698   62  294  172.00000  166.66340  3.10%  93.0 2430s
 329385 242946  168.66667   83  145  172.00000  166.66380  3.10%  93.1 2435s
 330092 243473  167.24376   53  293  172.00000  166.66474  3.10%  93.1 2440s
 330796 244021  168.50150   70  111  172.00000  166.66500  3.10%  93.1 2445s
 331602 244611  170.04012   77  129  172.00000  166.66596  3.10%  93.1 2450s
 332390 245221  170.30050   81   51  172.00000  166.66667  3.10%  93.1 2455s
 332998 245688  167.29983   55  171  172.00000  166.66667  3.10%  93.1 2460s
 333798 246277     cutoff   89       172.00000  166.66667  3.10%  93.1 2465s
 334522 246815  167.46770   69  126  172.00000  166.66667  3.10%  93.2 2470s
 335226 247336     cutoff  115       172.00000  166.66690  3.10%  93.2 2475s
 335956 247900  167.16975   55  306  172.00000  166.66737  3.10%  93.2 2480s
 336717 248480  167.27168   66  287  172.00000  166.66804  3.10%  93.2 2485s
 337398 248982  168.58405   92  132  172.00000  166.66858  3.10%  93.2 2490s
 338075 249434  169.26216   76   96  172.00000  166.66891  3.10%  93.2 2495s
 338787 249975  168.37543   64  133  172.00000  166.66949  3.10%  93.3 2500s
 339688 250662  167.09632   54  227  172.00000  166.66997  3.10%  93.2 2505s
 340371 251175  167.30149   58  239  172.00000  166.67054  3.10%  93.2 2510s
 341108 251730  167.94771   63  191  172.00000  166.67100  3.10%  93.3 2515s
 341879 252326  167.47424   59  170  172.00000  166.67165  3.10%  93.2 2520s
 342617 252865  167.19603   53  313  172.00000  166.67203  3.10%  93.2 2525s
 343334 253419  166.69802   51  285  172.00000  166.67254  3.10%  93.3 2530s
 343895 253840  168.25156   62  199  172.00000  166.67313  3.10%  93.3 2535s
 344517 254294  167.35618   52  350  172.00000  166.67335  3.10%  93.3 2540s
 345200 254828  170.02395   76   77  172.00000  166.67408  3.10%  93.3 2545s
 345810 255279  169.00000   62  102  172.00000  166.67440  3.10%  93.4 2550s
 346450 255740  167.23779   50  331  172.00000  166.67487  3.10%  93.4 2555s
 347087 256185  169.86687   82  127  172.00000  166.67539  3.10%  93.4 2560s
 347828 256710 infeasible   73       172.00000  166.67616  3.10%  93.4 2565s
 348581 257258  169.70445   91   63  172.00000  166.67666  3.09%  93.4 2570s
 349328 257798  170.00000   63   84  172.00000  166.67728  3.09%  93.4 2575s
 350029 258329  171.00000  105   24  172.00000  166.67787  3.09%  93.5 2580s
 350700 258819  167.21327   58  179  172.00000  166.67804  3.09%  93.5 2585s
 351486 259408  167.48776   74  221  172.00000  166.67875  3.09%  93.5 2590s
 352321 260021  167.30127   52  247  172.00000  166.67969  3.09%  93.4 2595s
 353043 260582  171.00000   97   34  172.00000  166.68055  3.09%  93.4 2600s
 353762 261088  167.34279   57  323  172.00000  166.68172  3.09%  93.4 2605s
 354466 261633     cutoff   92       172.00000  166.68231  3.09%  93.5 2610s
 355103 262113  166.84786   60  185  172.00000  166.68307  3.09%  93.5 2615s
 355828 262638     cutoff   86       172.00000  166.68378  3.09%  93.5 2620s
 356613 263249  168.48373   84  109  172.00000  166.68433  3.09%  93.5 2625s
 357370 263828  168.29746   77   65  172.00000  166.68472  3.09%  93.5 2630s
 358063 264362  168.00000   64  127  172.00000  166.68500  3.09%  93.5 2635s
 358802 264882  167.46356   47  219  172.00000  166.68561  3.09%  93.5 2640s
 359482 265376  169.05085   73  120  172.00000  166.68640  3.09%  93.5 2645s
 360208 265939  168.03077   65  181  172.00000  166.68667  3.09%  93.5 2650s
 360917 266444  167.00105   62  251  172.00000  166.68730  3.09%  93.5 2655s
 361549 266932     cutoff  101       172.00000  166.68767  3.09%  93.5 2660s
 362270 267469  170.00000   95  110  172.00000  166.68815  3.09%  93.5 2665s
 363138 268131  167.66494   64  226  172.00000  166.68881  3.09%  93.5 2670s
 363820 268621  169.02571   73  113  172.00000  166.68942  3.09%  93.5 2675s
 364663 269267  169.71058   82   96  172.00000  166.69013  3.09%  93.5 2680s
 365367 269783  167.25640   52  258  172.00000  166.69090  3.09%  93.5 2685s
 365972 270251  168.00000   55  197  172.00000  166.69125  3.09%  93.5 2690s
 366635 270756  168.00000   60   86  172.00000  166.69175  3.09%  93.5 2695s
 367319 271262  166.78596   56  240  172.00000  166.69223  3.09%  93.6 2700s
 368112 271864  168.50122   56  167  172.00000  166.69321  3.09%  93.5 2705s
 368820 272379  171.00000   81   52  172.00000  166.69369  3.09%  93.6 2710s
 369556 272895     cutoff   81       172.00000  166.69437  3.08%  93.6 2715s
 370258 273332  167.47409   60  214  172.00000  166.69554  3.08%  93.6 2720s
 371109 273977  167.25713   54  262  172.00000  166.69624  3.08%  93.5 2725s
 371827 274540  170.00000   83   77  172.00000  166.69708  3.08%  93.5 2730s
 372424 275001  170.55882   89  120  172.00000  166.69801  3.08%  93.6 2735s
 373126 275498  169.79786   89  120  172.00000  166.69822  3.08%  93.6 2740s
 373905 276061  167.34764   55  285  172.00000  166.69870  3.08%  93.6 2745s
 374639 276597  171.00000  105   46  172.00000  166.69911  3.08%  93.6 2750s
 375346 277120  167.34797   63  158  172.00000  166.69985  3.08%  93.6 2755s
 376005 277589     cutoff   98       172.00000  166.70022  3.08%  93.6 2760s
 376664 278076  168.09968   63  186  172.00000  166.70105  3.08%  93.6 2765s
 377413 278605     cutoff   95       172.00000  166.70179  3.08%  93.6 2770s
 378104 279094  168.04778   65  158  172.00000  166.70222  3.08%  93.6 2775s
 378728 279580  167.16725   52  281  172.00000  166.70274  3.08%  93.7 2780s
 379372 280045  167.41151   52  309  172.00000  166.70345  3.08%  93.7 2785s
 380040 280560 infeasible   90       172.00000  166.70412  3.08%  93.7 2790s
 380766 281075  167.04565   60  301  172.00000  166.70453  3.08%  93.7 2795s
 381501 281642  167.47203   56  223  172.00000  166.70534  3.08%  93.7 2800s
 382215 282160  167.00000   56  231  172.00000  166.70580  3.08%  93.7 2805s
 382889 282656  167.75923   60  272  172.00000  166.70665  3.08%  93.7 2810s
 383599 283168  167.28222   57  196  172.00000  166.70740  3.08%  93.7 2815s
 384161 283586  168.72419   87  125  172.00000  166.70774  3.08%  93.8 2820s
 384980 284207  167.11414   55  271  172.00000  166.70810  3.08%  93.8 2825s
 385662 284712  167.51650   52  351  172.00000  166.70881  3.08%  93.8 2830s
 386326 285165  167.43741   54  294  172.00000  166.70939  3.08%  93.8 2835s
 386955 285638  168.00000   68  137  172.00000  166.70998  3.08%  93.8 2840s
 387676 286151  170.00359  105   97  172.00000  166.71060  3.08%  93.8 2845s
 388361 286672  168.08532   61   88  172.00000  166.71102  3.07%  93.8 2850s
 389212 287308  169.23982   68  137  172.00000  166.71148  3.07%  93.8 2855s
 389901 287825  167.31875   61  237  172.00000  166.71177  3.07%  93.8 2860s
 390611 288312     cutoff  110       172.00000  166.71200  3.07%  93.8 2865s
 391335 288833  167.03996   53  218  172.00000  166.71259  3.07%  93.8 2870s
 392103 289386  167.68599   60  196  172.00000  166.71326  3.07%  93.8 2875s
 392777 289906  168.90974   69  121  172.00000  166.71380  3.07%  93.8 2880s
 393406 290400  170.10000   83   73  172.00000  166.71428  3.07%  93.8 2885s
 394199 290951  167.55280   55  272  172.00000  166.71484  3.07%  93.8 2890s
 394863 291421  168.16367   78  161  172.00000  166.71537  3.07%  93.8 2895s
 395520 291910  167.78044   67  212  172.00000  166.71576  3.07%  93.8 2900s
 396197 292405  167.50387   54  223  172.00000  166.71635  3.07%  93.8 2905s
 396843 292898  168.03077   77  109  172.00000  166.71689  3.07%  93.9 2910s
 397443 293380  167.87138   60  230  172.00000  166.71738  3.07%  93.9 2915s
 398191 293943  170.66249   83  100  172.00000  166.71795  3.07%  93.9 2920s
 398796 294410  169.67733   77   64  172.00000  166.71854  3.07%  93.9 2925s
 399380 294801  168.29840   62  209  172.00000  166.71907  3.07%  93.9 2930s
 400131 295372     cutoff   76       172.00000  166.71953  3.07%  93.9 2935s
 400826 295902  168.18326   60  120  172.00000  166.72000  3.07%  93.9 2940s
 401515 296446  171.00000  107   49  172.00000  166.72076  3.07%  93.9 2945s
 402079 296871  168.41106   59  186  172.00000  166.72115  3.07%  93.9 2950s
 402930 297506  168.76576   60  174  172.00000  166.72195  3.07%  93.9 2955s
 403644 298007  167.06311   54  279  172.00000  166.72233  3.07%  93.9 2960s
 404292 298503  170.00000   81   72  172.00000  166.72291  3.07%  93.9 2965s
 404969 298957  167.32032   51  213  172.00000  166.72319  3.07%  94.0 2970s
 405629 299456  167.32019   61  246  172.00000  166.72366  3.07%  94.0 2975s
 406272 299945  167.66414   58  289  172.00000  166.72397  3.07%  94.0 2980s
 406928 300459  169.70755   70  143  172.00000  166.72430  3.07%  94.0 2985s
 407712 301023  166.89574   53  306  172.00000  166.72473  3.07%  94.0 2990s
 408342 301512  169.24302   71  206  172.00000  166.72540  3.07%  94.0 2995s
 408984 301992  168.03077   59  146  172.00000  166.72570  3.07%  94.0 3000s
 409663 302501  169.58398   95  119  172.00000  166.72619  3.07%  94.1 3005s
 410399 303051  168.00000   63  112  172.00000  166.72648  3.07%  94.1 3010s
 411131 303579  169.11118   77  161  172.00000  166.72708  3.07%  94.1 3015s
 411803 304075  166.88290   49  273  172.00000  166.72763  3.07%  94.1 3020s
 412546 304628  166.98044   50  285  172.00000  166.72826  3.06%  94.1 3025s
 413123 305045  170.68512   80  136  172.00000  166.72861  3.06%  94.1 3030s
 413930 305641  166.99488   52  305  172.00000  166.72903  3.06%  94.1 3035s
 414580 306141  166.87511   51  254  172.00000  166.72947  3.06%  94.1 3040s
 415331 306712  169.00000   76   97  172.00000  166.73017  3.06%  94.1 3045s
 416114 307304  168.69124   74  195  172.00000  166.73093  3.06%  94.1 3050s
 416736 307728  167.03497   55  232  172.00000  166.73173  3.06%  94.1 3055s
 417400 308157  168.81220   86  160  172.00000  166.73231  3.06%  94.1 3060s
 418030 308593  170.10457   72  101  172.00000  166.73279  3.06%  94.1 3065s
 418488 308921  167.56015   57  207  172.00000  166.73291  3.06%  94.1 3081s
 418794 309117  167.27251   53  292  172.00000  166.73298  3.06%  94.1 3085s
 419385 309574  168.80232   69  199  172.00000  166.73345  3.06%  94.2 3090s
 419875 309945  167.89366   62  197  172.00000  166.73386  3.06%  94.2 3095s
 420608 310474  168.25095   79  176  172.00000  166.73446  3.06%  94.2 3100s
 421252 310926  167.67085   60  204  172.00000  166.73494  3.06%  94.3 3105s
 421893 311398  167.24585   59  216  172.00000  166.73538  3.06%  94.3 3110s
 422542 311855  167.37075   60  298  172.00000  166.73579  3.06%  94.3 3115s
 423207 312351  167.05637   53  335  172.00000  166.73598  3.06%  94.3 3120s
 423856 312829  169.40337   79  145  172.00000  166.73635  3.06%  94.3 3125s
 424582 313369  167.01172   47  297  172.00000  166.73670  3.06%  94.3 3130s
 425172 313822  169.74002   76   66  172.00000  166.73701  3.06%  94.4 3135s
 425858 314331  166.99660   55  322  172.00000  166.73744  3.06%  94.4 3140s
 426601 314883  168.69146   64  187  172.00000  166.73790  3.06%  94.4 3145s
 427232 315354  169.00000   77  102  172.00000  166.73866  3.06%  94.4 3150s
 427876 315806  168.11610   54  322  172.00000  166.73917  3.06%  94.4 3155s
 428519 316311  170.48826  102  138  172.00000  166.73965  3.06%  94.4 3160s
 429170 316795  167.50000   48  242  172.00000  166.74012  3.06%  94.5 3165s
 429782 317248  169.05672   85  100  172.00000  166.74044  3.06%  94.5 3170s
 430500 317741  167.85498   67  208  172.00000  166.74093  3.06%  94.5 3175s
 431173 318229  171.00000   91   22  172.00000  166.74140  3.06%  94.5 3180s
 431937 318778  169.23839   92   90  172.00000  166.74169  3.06%  94.5 3185s
 432642 319310  167.86586   56  196  172.00000  166.74235  3.06%  94.5 3190s
 433367 319866  170.00181  115   29  172.00000  166.74268  3.06%  94.5 3195s
 434023 320331  167.45886   49  314  172.00000  166.74309  3.06%  94.5 3200s
 434692 320831  167.84241   56  224  172.00000  166.74346  3.06%  94.5 3205s
 435469 321415  167.71955   60  290  172.00000  166.74415  3.06%  94.5 3210s
 436203 321963  169.10161   84   81  172.00000  166.74488  3.06%  94.5 3215s
 436813 322403  168.59111   74  141  172.00000  166.74515  3.06%  94.5 3220s
 437495 322907  168.00000   61  143  172.00000  166.74557  3.05%  94.5 3225s
 438107 323332  170.61331   91  115  172.00000  166.74603  3.05%  94.6 3230s
 438771 323833  169.63468   96   71  172.00000  166.74662  3.05%  94.6 3235s
 439434 324329  166.96583   58  309  172.00000  166.74693  3.05%  94.6 3240s
 440098 324854  167.13719   63  309  172.00000  166.74733  3.05%  94.6 3245s
 440755 325382  167.99567   59  180  172.00000  166.74763  3.05%  94.6 3250s
 441547 326002  170.18419   96  122  172.00000  166.74815  3.05%  94.6 3255s
 442231 326507  166.93469   53  355  172.00000  166.74874  3.05%  94.6 3260s
 442967 327057  168.16015  102   85  172.00000  166.74911  3.05%  94.6 3265s
 443697 327589  167.84110   63  198  172.00000  166.74960  3.05%  94.6 3270s
 444401 328084  169.00000   88   71  172.00000  166.75000  3.05%  94.6 3275s
 444948 328499  167.21429   62  168  172.00000  166.75000  3.05%  94.6 3280s
 445633 328991  167.04645   51  253  172.00000  166.75022  3.05%  94.6 3285s
 446338 329482  168.17812   63  145  172.00000  166.75044  3.05%  94.7 3290s
 447077 330019  170.09808   99  129  172.00000  166.75100  3.05%  94.7 3295s
 447839 330579  168.30128   74  126  172.00000  166.75161  3.05%  94.7 3300s
 448486 331041  169.16970   71  111  172.00000  166.75219  3.05%  94.7 3305s
 449260 331622  167.44995   66  183  172.00000  166.75279  3.05%  94.7 3310s
 449964 332159  168.79986   70  111  172.00000  166.75332  3.05%  94.7 3315s
 450687 332683  170.18984   69   96  172.00000  166.75373  3.05%  94.7 3320s
 451372 333204  170.05399  108   62  172.00000  166.75436  3.05%  94.7 3325s
 452110 333766  168.32773   61  148  172.00000  166.75483  3.05%  94.7 3330s
 452685 334187  170.32576   79  137  172.00000  166.75520  3.05%  94.7 3335s
 453398 334700  167.02690   57  278  172.00000  166.75562  3.05%  94.7 3340s
 454050 335192  167.47316   57  158  172.00000  166.75618  3.05%  94.7 3345s
 454790 335755  170.20000   99   53  172.00000  166.75666  3.05%  94.7 3350s
 455451 336253  167.45068   57  264  172.00000  166.75695  3.05%  94.7 3355s
 456134 336759  170.21578   88  148  172.00000  166.75732  3.05%  94.7 3360s
 456850 337290  171.00000   82  104  172.00000  166.75776  3.05%  94.7 3365s
 457489 337733  167.65691   68  218  172.00000  166.75819  3.05%  94.8 3370s
 458190 338286  167.98917   70  159  172.00000  166.75852  3.05%  94.8 3375s
 458924 338829  168.50508   85  124  172.00000  166.75915  3.05%  94.8 3380s
 459658 339406  170.09338   85   55  172.00000  166.75954  3.05%  94.8 3385s
 460400 339949  169.46728   76  162  172.00000  166.76005  3.05%  94.8 3390s
 461097 340466  167.00000   51  257  172.00000  166.76061  3.05%  94.8 3395s
 461770 340980  167.93416   58  180  172.00000  166.76112  3.05%  94.8 3400s
 462559 341573  167.60000   57  197  172.00000  166.76178  3.05%  94.8 3405s
 463164 342054  170.15191  116   45  172.00000  166.76218  3.05%  94.8 3410s
 463931 342618  168.26528   63  184  172.00000  166.76287  3.04%  94.8 3415s
 464606 343115  167.33512   50  333  172.00000  166.76359  3.04%  94.8 3420s
 465333 343652  167.06109   72  102  172.00000  166.76426  3.04%  94.8 3425s
 466060 344200  170.00552  103   69  172.00000  166.76482  3.04%  94.8 3430s
 466878 344804     cutoff  120       172.00000  166.76531  3.04%  94.8 3435s
 467547 345277  167.02135   50  333  172.00000  166.76590  3.04%  94.8 3440s
 468121 345698  167.24275   57  251  172.00000  166.76658  3.04%  94.8 3445s
 468705 346140  171.00000   67   73  172.00000  166.76715  3.04%  94.8 3450s
 469482 346688  170.04816   85   92  172.00000  166.76762  3.04%  94.8 3455s
 470253 347254  167.80008   57  230  172.00000  166.76818  3.04%  94.8 3460s
 470952 347797  166.85722   54  255  172.00000  166.76893  3.04%  94.8 3465s
 471692 348273  167.19763   53  277  172.00000  166.76938  3.04%  94.8 3470s
 472284 348727  168.36680   71  191  172.00000  166.76987  3.04%  94.9 3475s
 473007 349289  170.14698  103  128  172.00000  166.77000  3.04%  94.9 3480s
 473638 349777  171.00000  120   58  172.00000  166.77028  3.04%  94.9 3485s
 474393 350333  171.00000  115   41  172.00000  166.77088  3.04%  94.9 3490s
 474971 350762  168.00000   67  111  172.00000  166.77115  3.04%  94.9 3495s
 475709 351304  167.77816   60  200  172.00000  166.77171  3.04%  94.9 3500s
 476542 351931  171.00000  114   30  172.00000  166.77242  3.04%  94.9 3505s
 477263 352491  171.00000  119   22  172.00000  166.77288  3.04%  94.9 3510s
 477942 353040  169.47732   84  113  172.00000  166.77331  3.04%  94.9 3515s
 478683 353599  170.00544   96   85  172.00000  166.77369  3.04%  94.9 3520s
 479430 354110  171.00000   92   40  172.00000  166.77443  3.04%  94.9 3525s
 480117 354621  169.27261   98  137  172.00000  166.77485  3.04%  94.9 3530s
 480756 355091  166.80928   53  287  172.00000  166.77521  3.04%  94.9 3535s
 481410 355567  168.00000   72  175  172.00000  166.77559  3.04%  94.9 3540s
 482123 356083  169.16830   64  119  172.00000  166.77617  3.04%  94.9 3545s
 482790 356585  167.04565   53  243  172.00000  166.77668  3.04%  94.9 3550s
 483412 357042  171.00000   90   18  172.00000  166.77710  3.04%  94.9 3555s
 484083 357549  167.48126   61  189  172.00000  166.77771  3.04%  94.9 3560s
 484752 358049  167.19935   56  228  172.00000  166.77821  3.04%  95.0 3565s
 485451 358598  167.40768   56  260  172.00000  166.77863  3.04%  95.0 3570s
 486103 359079  168.00000   76  136  172.00000  166.77900  3.04%  95.0 3575s
 486735 359546  170.37961   90  106  172.00000  166.77984  3.03%  95.0 3580s
 487298 359960  167.56399   68  203  172.00000  166.78008  3.03%  95.0 3585s
 487964 360464  168.02995   81  190  172.00000  166.78050  3.03%  95.0 3590s
 488680 361013  169.94969   96   84  172.00000  166.78090  3.03%  95.1 3595s

Cutting planes:
  Learned: 36
  Gomory: 31
  Cover: 847
  Implied bound: 58
  Clique: 37
  MIR: 623
  Mixing: 24
  StrongCG: 32
  Flow cover: 1866
  GUB cover: 210
  Inf proof: 9
  Zero half: 98
  RLT: 26
  Relax-and-lift: 146
  BQP: 21

Explored 489226 nodes (46526519 simplex iterations) in 3599.95 seconds (3495.74 work units)
Thread count was 1 (of 16 available processors)

Solution count 10: 172 172 173 ... 180

Time limit reached
Best objective 1.720000000000e+02, best bound 1.670000000000e+02, gap 2.9070%

User-callback calls 1936148, time in user-callback 1.13 sec
Stat(MathOptInterface.TIME_LIMIT, 172.0, 167.0, 0.029069767441860465, 0.0, 0.04815, 3599.95369887352, 489226, Main.CFLG.LEVFP, "", #undef)
