Data path: /scratch/opt/lxu/CFLG/benchmarks/Kgroup_A
Instance: K100.8.con.red
Result path: /scratch/opt/lxu/CFLG/results/Kgroup_A
Solver: Gurobi
Time limit: 3600
Formulation: LEFPI
Cover: Small
julia --project=. src/main.jl /scratch/opt/lxu/CFLG/benchmarks/Kgroup_A K100.8.con.red /scratch/opt/lxu/CFLG/results/Kgroup_A Gurobi 3600 LEFPI Small
The latest version of Julia in the `release` channel is 1.11.5+0.x64.linux.gnu. You currently have `1.11.4+0.x64.linux.gnu` installed. Run:

  juliaup update

in your terminal shell to install Julia 1.11.5+0.x64.linux.gnu and update the `release` channel to that version.
/scratch/opt/lxu/CFLG/benchmarks/Kgroup_A Gurobi 3600.0 /scratch/opt/lxu/CFLG/results/Kgroup_A K100.8.con.red LEFPI Small
/scratch/opt/lxu/CFLG/benchmarks/Kgroup_A/K100.8.con.red

 read graph
data loaded


after absorb:43 43

max_piece:16
problem_graph/original graph: node: 72/43 edge: 173/144 dlt: 0.07021112447039961 break_avg_len: 0.17709584732418185 break_max_len: 1.0elapsed CPU time: 0.047555 seconds
Set parameter TokenServer to value "solice01.zib.de"
Set parameter Threads to value 1
Set parameter OutputFlag to value 1
Set parameter MIPGap to value 0.0001
Set parameter MIPGapAbs to value 1
Set parameter TimeLimit to value 3599.952445

 more cuts:false
formulation:LEFPI107 66 29

 model loaded

Gurobi Optimizer version 12.0.1 build v12.0.1rc0 (linux64 - "Debian GNU/Linux 12 (bookworm)")

CPU model: Intel(R) Xeon(R) Gold 5122 CPU @ 3.60GHz, instruction set [SSE2|AVX|AVX2|AVX512]
Thread count: 8 physical cores, 16 logical processors, using up to 1 threads

Non-default parameters:
TimeLimit  3599.952445
MIPGapAbs  1
Threads  1

Optimize a model with 2994 rows, 2237 columns and 6393 nonzeros
Model fingerprint: 0x0f2d5263
Model has 1193 simple general constraints
  1193 INDICATOR
Variable types: 591 continuous, 1646 integer (1432 binary)
Coefficient statistics:
  Matrix range     [9e-04, 1e+00]
  Objective range  [1e+00, 1e+00]
  Bounds range     [9e-04, 1e+00]
  RHS range        [9e-04, 7e+00]
  GenCon rhs range [7e-08, 1e+00]
  GenCon coe range [1e+00, 1e+00]
Presolve removed 1149 rows and 679 columns
Presolve time: 0.07s
Presolved: 1845 rows, 1558 columns, 9100 nonzeros
Variable types: 459 continuous, 1099 integer (1079 binary)
Found heuristic solution: objective 242.0000000
Found heuristic solution: objective 223.0000000

Root relaxation: objective 1.520000e+02, 928 iterations, 0.01 seconds (0.01 work units)

    Nodes    |    Current Node    |     Objective Bounds      |     Work
 Expl Unexpl |  Obj  Depth IntInf | Incumbent    BestBd   Gap | It/Node Time

     0     0  152.00000    0  100  223.00000  152.00000  31.8%     -    0s
H    0     0                     218.0000000  152.00000  30.3%     -    0s
H    0     0                     201.0000000  152.00000  24.4%     -    0s
H    0     0                     195.0000000  152.00000  22.1%     -    0s
     0     0  152.15977    0  146  195.00000  152.15977  22.0%     -    0s
     0     0  152.25318    0  147  195.00000  152.25318  21.9%     -    0s
     0     0  152.62327    0  167  195.00000  152.62327  21.7%     -    0s
     0     0  152.74898    0  177  195.00000  152.74898  21.7%     -    0s
     0     0  152.74898    0  173  195.00000  152.74898  21.7%     -    0s
     0     0  154.18434    0  178  195.00000  154.18434  20.9%     -    0s
     0     0  154.22169    0  182  195.00000  154.22169  20.9%     -    0s
     0     0  154.22433    0  192  195.00000  154.22433  20.9%     -    0s
     0     0  154.22590    0  194  195.00000  154.22590  20.9%     -    0s
     0     0  154.22590    0  195  195.00000  154.22590  20.9%     -    0s
     0     0  155.34924    0  197  195.00000  155.34924  20.3%     -    0s
     0     0  155.52292    0  206  195.00000  155.52292  20.2%     -    0s
     0     0  155.61248    0  209  195.00000  155.61248  20.2%     -    0s
     0     0  155.74821    0  205  195.00000  155.74821  20.1%     -    0s
     0     0  155.76965    0  204  195.00000  155.76965  20.1%     -    0s
     0     0  155.76965    0  204  195.00000  155.76965  20.1%     -    0s
     0     0  156.05028    0  218  195.00000  156.05028  20.0%     -    0s
     0     0  156.12089    0  234  195.00000  156.12089  19.9%     -    0s
     0     0  156.14527    0  225  195.00000  156.14527  19.9%     -    0s
     0     0  156.14527    0  230  195.00000  156.14527  19.9%     -    0s
     0     0  156.45914    0  200  195.00000  156.45914  19.8%     -    0s
     0     0  156.53873    0  237  195.00000  156.53873  19.7%     -    0s
     0     0  156.54743    0  243  195.00000  156.54743  19.7%     -    0s
     0     0  156.55059    0  247  195.00000  156.55059  19.7%     -    0s
     0     0  156.55139    0  249  195.00000  156.55139  19.7%     -    0s
     0     0  156.79797    0  207  195.00000  156.79797  19.6%     -    0s
     0     0  156.81776    0  216  195.00000  156.81776  19.6%     -    0s
     0     0  156.83631    0  244  195.00000  156.83631  19.6%     -    0s
     0     0  156.83948    0  256  195.00000  156.83948  19.6%     -    0s
     0     0  156.84104    0  254  195.00000  156.84104  19.6%     -    0s
     0     0  157.03937    0  235  195.00000  157.03937  19.5%     -    0s
     0     0  157.10415    0  265  195.00000  157.10415  19.4%     -    0s
     0     0  157.12310    0  262  195.00000  157.12310  19.4%     -    0s
     0     0  157.12530    0  268  195.00000  157.12530  19.4%     -    0s
     0     0  157.40227    0  250  195.00000  157.40227  19.3%     -    0s
     0     0  157.49154    0  245  195.00000  157.49154  19.2%     -    0s
     0     0  157.51811    0  276  195.00000  157.51811  19.2%     -    0s
     0     0  157.52372    0  291  195.00000  157.52372  19.2%     -    0s
     0     0  157.52483    0  289  195.00000  157.52483  19.2%     -    0s
     0     0  157.71550    0  254  195.00000  157.71550  19.1%     -    0s
     0     0  157.73013    0  258  195.00000  157.73013  19.1%     -    0s
     0     0  157.73225    0  265  195.00000  157.73225  19.1%     -    0s
     0     0  157.93548    0  257  195.00000  157.93548  19.0%     -    0s
     0     0  157.94495    0  255  195.00000  157.94495  19.0%     -    0s
     0     0  157.94543    0  261  195.00000  157.94543  19.0%     -    0s
     0     0  157.98331    0  272  195.00000  157.98331  19.0%     -    0s
     0     0  158.01371    0  275  195.00000  158.01371  19.0%     -    0s
     0     0  158.01371    0  278  195.00000  158.01371  19.0%     -    0s
     0     0  158.01371    0  280  195.00000  158.01371  19.0%     -    0s
     0     0  158.02663    0  245  195.00000  158.02663  19.0%     -    0s
     0     2  158.02903    0  234  195.00000  158.02903  19.0%     -    0s
H  157   146                     179.0000000  158.02903  11.7%  19.0    1s
H  543   478                     175.0000000  158.31569  9.53%  21.0    1s
   609   526  170.53791  115  234  175.00000  162.03757  7.41%  19.9    5s
   697   586  162.90488   31  294  175.00000  162.90488  6.91%  91.8   10s
H  839   649                     174.0000000  163.26721  6.17%   112   13s
H  939   686                     173.0000000  163.26721  5.63%   103   14s
   981   712  171.34077  151   15  173.00000  163.26721  5.63%  99.1   15s
  1785  1184  171.84362  118   44  173.00000  163.43240  5.53%  84.2   20s
  3236  2266  164.06665   32  230  173.00000  163.63587  5.41%  67.4   25s
  4928  3797  166.79858   47  152  173.00000  163.80175  5.32%  60.3   30s
  6513  5080  165.51139   49  175  173.00000  163.88501  5.27%  58.9   35s
  8020  6355  166.42069   82  115  173.00000  163.93575  5.24%  56.9   40s
  9859  7957  170.08897  113   78  173.00000  163.96847  5.22%  55.1   45s
 10203  8220  169.40042   67  245  173.00000  163.97005  5.22%  54.5   55s
 10245  8248  172.00000  141  317  173.00000  164.11569  5.14%  54.3   60s
 10277  8269  164.37220   36  296  173.00000  164.37220  4.99%  54.1   65s
 10301  8285  169.11185  110  263  173.00000  164.47481  4.93%  54.0   70s
 10333  8307  166.51005   50  250  173.00000  164.61592  4.85%  53.8   75s
 10358  8323  171.10105   96  258  173.00000  164.66034  4.82%  53.7   80s
 10384  8341  170.91593   80  287  173.00000  164.73011  4.78%  53.6   85s
 10407  8356  166.81523   44  293  173.00000  164.74268  4.77%  53.4   90s
 10430  8371  164.95534   43  295  173.00000  164.75217  4.77%  53.3   95s
H10451  7961                     172.0000000  164.78417  4.20%  53.2   99s
 10453  7965  164.86991   42  226  172.00000  164.78945  4.19%  69.9  100s
 10644  8067  166.52648   71  124  172.00000  164.83378  4.17%  70.3  105s
 10993  8240  167.90353   74  122  172.00000  164.85719  4.15%  70.7  110s
 11419  8433  165.75353   50  192  172.00000  164.91417  4.12%  71.6  115s
 12262  8890 infeasible  168       172.00000  164.94040  4.10%  70.4  120s
 13136  9337  168.52927   93   89  172.00000  164.97804  4.08%  69.8  125s
 13958  9728  165.51621   51  274  172.00000  165.05355  4.04%  69.5  130s
 14778 10131  165.24120   52  272  172.00000  165.07574  4.03%  69.1  135s
 15526 10553  169.41226   96  113  172.00000  165.08847  4.02%  69.6  140s
 16190 10836  165.97726   53  267  172.00000  165.11455  4.00%  70.1  145s
 17176 11314  170.50332  129   62  172.00000  165.13547  3.99%  69.6  150s
 18095 11747  167.00186   67  108  172.00000  165.15412  3.98%  69.6  155s
 19120 12244  165.70879   52  262  172.00000  165.18622  3.96%  69.9  160s
 20184 12786  170.00000  105   72  172.00000  165.20624  3.95%  70.3  165s
 21042 13181  169.36434   90   77  172.00000  165.21646  3.94%  70.8  170s
 21952 13633  169.77705   69   62  172.00000  165.22534  3.94%  70.9  175s
 22820 14029  169.17212   91   95  172.00000  165.23665  3.93%  71.1  180s
 23509 14357  166.00000   62  151  172.00000  165.24532  3.93%  71.5  185s
 24438 14778  168.18952  102  159  172.00000  165.26067  3.92%  71.8  190s
 25382 15240  166.07097   63  207  172.00000  165.26911  3.91%  72.1  195s
 26177 15630  165.32526   55  318  172.00000  165.27497  3.91%  72.8  200s
 27161 16135  166.65275   57  156  172.00000  165.28032  3.91%  72.6  205s
 28165 16631  165.39536   57  289  172.00000  165.29051  3.90%  72.4  210s
 28981 17004  170.34024  126   49  172.00000  165.29584  3.90%  72.9  215s
 29860 17434  168.36962   77  126  172.00000  165.30440  3.89%  73.3  220s
 30774 17896  168.40999  121  104  172.00000  165.31608  3.89%  73.6  225s
 31745 18366  166.95166   75  164  172.00000  165.32037  3.88%  73.8  230s
 32551 18762  166.00000   64  107  172.00000  165.32547  3.88%  74.2  235s
 33498 19261  167.86986  101  107  172.00000  165.33101  3.88%  74.2  240s
 34432 19678  170.00000  110   65  172.00000  165.33651  3.87%  74.3  245s
 35290 20351  166.52294   76  132  172.00000  165.34533  3.87%  74.4  250s
 36314 21171  169.07336  134   52  172.00000  165.35018  3.87%  74.4  255s
 37334 21983  165.94041   59  243  172.00000  165.35586  3.86%  74.5  260s
 38191 22675  166.82677   78  147  172.00000  165.36058  3.86%  74.7  265s
 39232 23549  166.27021   57  163  172.00000  165.36525  3.86%  74.7  270s
 40020 24214  169.11784  133  111  172.00000  165.37511  3.85%  74.8  275s
 41150 25140  169.10075   76  110  172.00000  165.38083  3.85%  74.3  280s
 41888 25740  168.01975   97   87  172.00000  165.38659  3.85%  74.8  285s
 42793 26493  169.37587   97   74  172.00000  165.39358  3.84%  74.9  290s
 43787 27280 infeasible  123       172.00000  165.39976  3.84%  74.9  295s
 44848 28163  166.39094   63  212  172.00000  165.40385  3.83%  74.9  300s
 45825 28966  168.19777   73  149  172.00000  165.40694  3.83%  75.1  305s
 46892 29833  168.61570   98  119  172.00000  165.41227  3.83%  75.3  310s
 48135 30834  167.14326   76  142  172.00000  165.41495  3.83%  75.2  315s
 49208 31691  166.72248   76  173  172.00000  165.41892  3.83%  75.2  320s
 50238 32540  166.34182   79  180  172.00000  165.42334  3.82%  75.3  325s
 51326 33430  168.20376   89   80  172.00000  165.42623  3.82%  75.4  330s
 52417 34311  165.83168   51  329  172.00000  165.42996  3.82%  75.5  335s
 53539 35189  166.91040   69  141  172.00000  165.43728  3.82%  75.6  340s
 54804 36236  167.41792  110  130  172.00000  165.44376  3.81%  75.5  345s
 55954 37190  165.87319   56  224  172.00000  165.44718  3.81%  75.6  350s
 57053 38101  165.92023   64  266  172.00000  165.45321  3.81%  75.7  355s
 58298 39119  166.64988   76  162  172.00000  165.45614  3.80%  75.7  360s
 59529 40114  166.46665   67  136  172.00000  165.46183  3.80%  75.7  365s
 60589 40981  167.20599   67  160  172.00000  165.46428  3.80%  75.9  370s
 61644 41848  165.48283   57  245  172.00000  165.46828  3.80%  76.1  375s
 63106 43122  170.35724   98   77  172.00000  165.47165  3.80%  75.9  380s
 64353 44170  165.92901   59  218  172.00000  165.47444  3.79%  75.8  385s
 65746 45344  167.06437   72  180  172.00000  165.47812  3.79%  75.7  390s
 67068 46376  166.38005   54  230  172.00000  165.48201  3.79%  75.6  395s
 68265 47354  167.01773   57  142  172.00000  165.48594  3.79%  75.6  400s
 69667 48493  167.00000   67  123  172.00000  165.48987  3.78%  75.4  405s
 71095 49655  166.13170   65  231  172.00000  165.49344  3.78%  75.3  410s
 72358 50701  166.73398   74  153  172.00000  165.49567  3.78%  75.2  415s
 73718 51781  166.02435   67  206  172.00000  165.49974  3.78%  75.1  420s
 74911 52776  167.37406   73  192  172.00000  165.50417  3.78%  75.2  425s
 76031 53658     cutoff  101       172.00000  165.50605  3.78%  75.3  430s
 77134 54575  166.75688   61  221  172.00000  165.50816  3.77%  75.4  435s
 78292 55551  170.07997  126   79  172.00000  165.51159  3.77%  75.4  440s
 79667 56652  170.88482  150   40  172.00000  165.51527  3.77%  75.3  445s
 80951 57741  169.02619   90  104  172.00000  165.51781  3.77%  75.2  450s
 82072 58651  168.03321   79  104  172.00000  165.52022  3.77%  75.3  455s
 83289 59611  166.35349   59  205  172.00000  165.52353  3.77%  75.3  460s
 84595 60723  170.23582  109   54  172.00000  165.52505  3.76%  75.2  465s
 85842 61695  166.00000   52  182  172.00000  165.52896  3.76%  75.2  470s
 86891 62582  169.61230   83  121  172.00000  165.53054  3.76%  75.3  475s
 88030 63515  166.34050   55  198  172.00000  165.53250  3.76%  75.4  480s
 89261 64519  169.02827   85  117  172.00000  165.53473  3.76%  75.4  485s
 90506 65563  169.40214  102   92  172.00000  165.53796  3.76%  75.4  490s
 91591 66419  168.22090  103  103  172.00000  165.53995  3.76%  75.4  495s
 92931 67538  166.26828   76  191  172.00000  165.54225  3.75%  75.3  500s
 94100 68441  166.06695   66  166  172.00000  165.54502  3.75%  75.3  505s
 95416 69524  168.55508  119  121  172.00000  165.54644  3.75%  75.2  510s
 96584 70471  170.49919   80   93  172.00000  165.54870  3.75%  75.2  515s
 97682 71361  166.22887   53  289  172.00000  165.55161  3.75%  75.3  520s
 98844 72318  165.84492   62  225  172.00000  165.55329  3.75%  75.3  525s
 99876 73191  168.50000   89   77  172.00000  165.55471  3.75%  75.5  530s
 100282 73524  167.04150   80   78  172.00000  165.55613  3.75%  75.5  536s
 100889 74004  168.16935  105  108  172.00000  165.55741  3.75%  75.5  540s
 102033 74942  167.52129   79  144  172.00000  165.55944  3.74%  75.5  545s
 103306 75963  166.14366   57  242  172.00000  165.56103  3.74%  75.5  550s
 104479 76966  168.14972   89  137  172.00000  165.56318  3.74%  75.5  555s
 105644 77917  165.95373   61  271  172.00000  165.56533  3.74%  75.5  560s
 106610 78699  167.07775   65  213  172.00000  165.56745  3.74%  75.6  565s
 107790 79660  166.28876   54  208  172.00000  165.57014  3.74%  75.6  570s
 108753 80460  168.07310   73  108  172.00000  165.57147  3.74%  75.7  575s
 109825 81341  166.18093   62  182  172.00000  165.57353  3.74%  75.8  580s
 111027 82318  169.80439  147  110  172.00000  165.57565  3.74%  75.7  585s
 112010 83112  169.82896  115   85  172.00000  165.57746  3.73%  75.8  590s
 113082 83957     cutoff  113       172.00000  165.57960  3.73%  75.8  595s
 114186 84848  166.05493   72  154  172.00000  165.58119  3.73%  75.9  600s
 115385 85807  166.23384   59  253  172.00000  165.58386  3.73%  75.8  605s
 116575 86785  167.43894   68  180  172.00000  165.58637  3.73%  75.8  610s
 117817 87802  166.28411   60  269  172.00000  165.58887  3.73%  75.8  615s
 119152 88934  166.66667   75  156  172.00000  165.59072  3.73%  75.6  620s
 120187 89748  169.03909  101  133  172.00000  165.59189  3.73%  75.7  625s
 121440 90724  169.02133   95   95  172.00000  165.59287  3.73%  75.6  630s
 122537 91618  166.60793   66  121  172.00000  165.59454  3.72%  75.7  635s
 123756 92646  165.99847   55  207  172.00000  165.59592  3.72%  75.6  640s
 124797 93492  165.83840   57  211  172.00000  165.59743  3.72%  75.7  645s
 126030 94498  165.88886   64  234  172.00000  165.59847  3.72%  75.7  650s
 127146 95374  166.00000   70  153  172.00000  165.59968  3.72%  75.7  655s
 128215 96248  168.76278   86  120  172.00000  165.60079  3.72%  75.8  660s
 129401 97198  168.33333   89  116  172.00000  165.60253  3.72%  75.8  665s
 130784 98306  165.77901   58  267  172.00000  165.60362  3.72%  75.6  670s
 131921 99222  167.09459   81  129  172.00000  165.60466  3.72%  75.6  675s
 133070 100136  168.46025   83  111  172.00000  165.60614  3.72%  75.6  680s
 134078 100955  166.20529   66  207  172.00000  165.60868  3.72%  75.7  685s
 135300 101959  166.25000   64  182  172.00000  165.61006  3.72%  75.6  690s
 136475 102887  170.01978   98   39  172.00000  165.61126  3.71%  75.6  695s
 137376 103579  169.00080  100  127  172.00000  165.61272  3.71%  75.7  700s
 138663 104615  167.77529   96   85  172.00000  165.61422  3.71%  75.6  705s
 139764 105494  167.32436   72   78  172.00000  165.61592  3.71%  75.7  710s
 140844 106354  167.17691   62  134  172.00000  165.61802  3.71%  75.7  715s
 141682 107010  166.77709   68  157  172.00000  165.61920  3.71%  75.9  720s
 142791 107896  165.94236   59  278  172.00000  165.62095  3.71%  75.9  725s
 143931 108809  167.59965   77  165  172.00000  165.62251  3.71%  75.9  730s
 145160 109798  168.77938  106   60  172.00000  165.62403  3.71%  75.8  735s
 146406 110809  167.83333   73  101  172.00000  165.62521  3.71%  75.8  740s
 147560 111719  166.33850   56  179  172.00000  165.62766  3.70%  75.7  745s
 148763 112709  169.00000   99   88  172.00000  165.62880  3.70%  75.7  750s
 150027 113740  166.55716   68  182  172.00000  165.63050  3.70%  75.7  755s
 151162 114628  165.75222   54  293  172.00000  165.63290  3.70%  75.7  760s
 152326 115583  166.30940   56  188  172.00000  165.63447  3.70%  75.7  765s
 153570 116574  166.06103   59  245  172.00000  165.63662  3.70%  75.6  770s
 154609 117398  165.88995   61  234  172.00000  165.63803  3.70%  75.6  775s
 155754 118355  166.12903   54  220  172.00000  165.63986  3.70%  75.6  780s
 156805 119201  166.66581   68  190  172.00000  165.64070  3.70%  75.6  785s
 157972 120096  165.74505   55  193  172.00000  165.64220  3.70%  75.6  790s
 159005 120970  169.00000   97  124  172.00000  165.64325  3.70%  75.7  795s
 159980 121755  169.03058   87  100  172.00000  165.64404  3.70%  75.8  800s
 161051 122642  168.48547   94   86  172.00000  165.64508  3.69%  75.8  805s
 162232 123609  166.83362   63  181  172.00000  165.64689  3.69%  75.7  810s
 163351 124479  166.57118   58  258  172.00000  165.64834  3.69%  75.8  815s
 164368 125283  167.47498   71  146  172.00000  165.65027  3.69%  75.8  820s
 165399 126077  167.03847   90  135  172.00000  165.65196  3.69%  75.8  825s
 166530 127004  166.42846   63  160  172.00000  165.65277  3.69%  75.8  830s
 167623 127868  166.38793   64  172  172.00000  165.65409  3.69%  75.8  835s
 168908 128926  166.91040   67  184  172.00000  165.65588  3.69%  75.8  840s
 170047 129853  168.75745   97   89  172.00000  165.65708  3.69%  75.8  845s
 171205 130773  165.81692   54  292  172.00000  165.65858  3.69%  75.8  850s
 172418 131776  168.23277   86  111  172.00000  165.66004  3.69%  75.7  855s
 173577 132705  169.16818  100  112  172.00000  165.66152  3.69%  75.7  860s
 174704 133596  167.00729   65  179  172.00000  165.66309  3.68%  75.7  865s
 175763 134477  166.49291   69  243  172.00000  165.66474  3.68%  75.7  870s
 176973 135433  166.08153   61  239  172.00000  165.66624  3.68%  75.7  875s
 178176 136408  167.31237   82  134  172.00000  165.66684  3.68%  75.7  880s
 179389 137371  166.50769   66  163  172.00000  165.66768  3.68%  75.6  885s
 180529 138274  166.04199   69  230  172.00000  165.66861  3.68%  75.7  890s
 181624 139140  167.24409   67  172  172.00000  165.67031  3.68%  75.6  895s
 182710 140036  166.54018   61  198  172.00000  165.67208  3.68%  75.7  900s
 183742 140879  166.78475   74  177  172.00000  165.67313  3.68%  75.7  905s
 184817 141737  168.20790  108  143  172.00000  165.67432  3.68%  75.7  910s
 186022 142701  167.61100   79  141  172.00000  165.67527  3.68%  75.7  915s
 187080 143544  166.66883   75  205  172.00000  165.67615  3.68%  75.7  920s
 188225 144462  168.54088   81   73  172.00000  165.67696  3.68%  75.7  925s
 189364 145407  166.58098   62  175  172.00000  165.67832  3.68%  75.7  930s
 190594 146383  167.05631   76   82  172.00000  165.67913  3.67%  75.7  935s
 191762 147331  166.29799   68  196  172.00000  165.68035  3.67%  75.7  940s
 192897 148212  165.94052   64  192  172.00000  165.68132  3.67%  75.7  945s
 194126 149197  169.65946   79  169  172.00000  165.68208  3.67%  75.6  950s
 195252 150108  166.50000   60  114  172.00000  165.68307  3.67%  75.7  955s
 196293 150915  165.95496   70  251  172.00000  165.68451  3.67%  75.7  960s
 197396 151812  166.67362   67  192  172.00000  165.68539  3.67%  75.7  965s
 198592 152765  167.28166   68  139  172.00000  165.68652  3.67%  75.6  970s
 199714 153684  168.13321   70  163  172.00000  165.68748  3.67%  75.6  975s
 200778 154564  167.72028   67  159  172.00000  165.68818  3.67%  75.6  980s
 201879 155474  171.00000   84   73  172.00000  165.68935  3.67%  75.7  985s
 203002 156394  168.07254   75  133  172.00000  165.69037  3.67%  75.7  990s
 204035 157204  166.12335   56  261  172.00000  165.69153  3.67%  75.7  995s
 205122 158109  166.74251   71  139  172.00000  165.69235  3.67%  75.7 1000s
 206323 159084  166.09130   57  270  172.00000  165.69396  3.67%  75.7 1005s
 207542 160050  167.48010   89  152  172.00000  165.69564  3.67%  75.6 1010s
 208749 160991  166.94001   73  195  172.00000  165.69679  3.66%  75.6 1015s
 209775 161835  170.69220  138   95  172.00000  165.69724  3.66%  75.6 1020s
 210987 162789  169.19032  111  118  172.00000  165.69848  3.66%  75.6 1025s
 212084 163636  167.37522   87  183  172.00000  165.69940  3.66%  75.6 1030s
 213271 164622  170.49554  117   40  172.00000  165.70022  3.66%  75.6 1035s
 214480 165622  167.78210   96  168  172.00000  165.70121  3.66%  75.5 1040s
 215561 166478  165.99847   59  303  172.00000  165.70314  3.66%  75.6 1045s
 216527 167259  166.60880   66  158  172.00000  165.70449  3.66%  75.6 1050s
 217495 168066  166.11394   66  152  172.00000  165.70545  3.66%  75.7 1055s
 218712 169077  166.20357   62  198  172.00000  165.70634  3.66%  75.6 1060s
 219976 170118  167.26191   71  154  172.00000  165.70738  3.66%  75.6 1065s
 221080 171045     cutoff  107       172.00000  165.70871  3.66%  75.6 1070s
 222182 171949  166.81930   60  177  172.00000  165.70929  3.66%  75.6 1075s
 222898 172504  168.98913   88  136  172.00000  165.70993  3.66%  75.6 1080s
 223917 173318  166.04427   68  199  172.00000  165.71109  3.66%  75.7 1085s
 224931 174135  165.77456   55  249  172.00000  165.71178  3.66%  75.7 1090s
 226177 175144  167.00000   62  116  172.00000  165.71269  3.66%  75.7 1095s
 227197 175977  167.00000   71  144  172.00000  165.71377  3.65%  75.7 1100s
 228331 176840  166.20008   55  217  172.00000  165.71463  3.65%  75.7 1105s
 229504 177772  166.20831   70  193  172.00000  165.71543  3.65%  75.7 1110s
 230653 178684  165.95326   54  295  172.00000  165.71632  3.65%  75.7 1115s
 231895 179674  169.38850   93   84  172.00000  165.71725  3.65%  75.7 1120s
 233041 180607  166.15333   59  224  172.00000  165.71797  3.65%  75.7 1125s
 234369 181682  165.83191   62  233  172.00000  165.71896  3.65%  75.6 1130s
 235473 182600  167.39372   69  183  172.00000  165.72015  3.65%  75.6 1135s
 236748 183653  166.26629   71  270  172.00000  165.72133  3.65%  75.6 1140s
 237764 184434  166.13954   77  291  172.00000  165.72184  3.65%  75.6 1145s
 238873 185292  166.17832   60  197  172.00000  165.72267  3.65%  75.6 1150s
 240205 186416  166.46346   62  190  172.00000  165.72323  3.65%  75.5 1155s
 241375 187345  166.61213   69  142  172.00000  165.72449  3.65%  75.5 1160s
 242624 188397  169.99998  115   68  172.00000  165.72553  3.65%  75.5 1165s
 243877 189411  166.13068   55  220  172.00000  165.72649  3.65%  75.4 1170s
 244981 190306  166.98132   59  235  172.00000  165.72772  3.65%  75.4 1175s
 246019 191135  167.40082   84  127  172.00000  165.72885  3.65%  75.5 1180s
 247184 192090  167.00000   61  119  172.00000  165.73008  3.65%  75.4 1185s
 248334 193038  167.00093   67  117  172.00000  165.73128  3.64%  75.4 1190s
 249378 193882  167.43609   69  164  172.00000  165.73205  3.64%  75.4 1195s
 250560 194822  167.04398   65  132  172.00000  165.73277  3.64%  75.4 1200s
 251536 195571  166.22052   62  282  172.00000  165.73346  3.64%  75.4 1205s
 252547 196377  166.04218   68  189  172.00000  165.73407  3.64%  75.5 1210s
 253628 197265  167.36355   88  108  172.00000  165.73511  3.64%  75.5 1215s
 254794 198177  167.66726   69  168  172.00000  165.73565  3.64%  75.5 1220s
 255784 198950  166.76344   61  216  172.00000  165.73645  3.64%  75.5 1225s
 256835 199761  165.85884   54  308  172.00000  165.73719  3.64%  75.5 1230s
 257884 200610  166.55438   73  147  172.00000  165.73789  3.64%  75.5 1235s
 259047 201543  170.56707  107   84  172.00000  165.73851  3.64%  75.5 1240s
 260212 202468  165.98602   64  220  172.00000  165.73941  3.64%  75.5 1245s
 261415 203442  166.58719   55  213  172.00000  165.74003  3.64%  75.4 1250s
 262597 204406  167.04316   79  156  172.00000  165.74078  3.64%  75.4 1255s
 263719 205338 infeasible  118       172.00000  165.74141  3.64%  75.4 1260s
 264776 206178  171.00000  104   60  172.00000  165.74232  3.64%  75.4 1265s
 265836 207007     cutoff  123       172.00000  165.74303  3.64%  75.4 1270s
 266823 207826  170.10319  115   56  172.00000  165.74368  3.64%  75.4 1275s
 267982 208768  165.76863   64  251  172.00000  165.74435  3.64%  75.4 1280s
 269079 209642  166.24726   55  270  172.00000  165.74528  3.64%  75.4 1285s
 270030 210424  166.35524   56  234  172.00000  165.74603  3.64%  75.4 1290s
 271020 211199  167.01004   65  112  172.00000  165.74695  3.64%  75.4 1295s
 272051 211997  168.37074   68  107  172.00000  165.74811  3.63%  75.4 1300s
 273097 212816  166.34808   63  205  172.00000  165.74896  3.63%  75.4 1305s
 274064 213600  170.49074  129   41  172.00000  165.74945  3.63%  75.4 1310s
 274360 213839  168.56293   78   95  172.00000  165.74969  3.63%  75.5 1315s
 275317 214605  167.73051   89  117  172.00000  165.75030  3.63%  75.5 1320s
 276340 215379  171.00000  109   43  172.00000  165.75116  3.63%  75.5 1325s
 277423 216209     cutoff  120       172.00000  165.75188  3.63%  75.5 1330s
 278330 216895  166.50336   59  195  172.00000  165.75251  3.63%  75.6 1335s
 279353 217680  167.51388   65  170  172.00000  165.75315  3.63%  75.6 1340s
 280475 218583  165.89309   66  322  172.00000  165.75405  3.63%  75.6 1345s
 281480 219410  167.07452   51  246  172.00000  165.75493  3.63%  75.6 1350s
 282457 220180  166.36194   57  241  172.00000  165.75518  3.63%  75.6 1355s
 283524 221048  167.60006   86  147  172.00000  165.75609  3.63%  75.6 1360s
 284639 221943  170.35851   76   99  172.00000  165.75706  3.63%  75.6 1365s
 285656 222799  170.19159  103   73  172.00000  165.75796  3.63%  75.6 1370s
 286732 223686  170.58095  142   63  172.00000  165.75867  3.63%  75.6 1375s
 287678 224406  166.79605   71  170  172.00000  165.75928  3.63%  75.7 1380s
 288776 225304  167.68770   72  143  172.00000  165.76010  3.63%  75.7 1385s
 289936 226169  166.16911   62  200  172.00000  165.76084  3.63%  75.7 1390s
 290789 226837  167.00000   61  154  172.00000  165.76137  3.63%  75.7 1395s
 291958 227791  166.33611   73  200  172.00000  165.76202  3.63%  75.7 1400s
 293206 228814  170.17963  109   47  172.00000  165.76276  3.63%  75.7 1405s
 294268 229632  166.39910   62  201  172.00000  165.76379  3.63%  75.7 1410s
 295389 230537  166.34968   54  258  172.00000  165.76487  3.63%  75.7 1415s
 296439 231378  166.60204   67  150  172.00000  165.76579  3.62%  75.7 1420s
 297584 232309  166.34775   66  196  172.00000  165.76704  3.62%  75.7 1425s
 298762 233255 infeasible  111       172.00000  165.76737  3.62%  75.7 1430s
 299743 234044  166.19971   56  240  172.00000  165.76804  3.62%  75.7 1435s
 300655 234813  167.62016   81   98  172.00000  165.76862  3.62%  75.7 1440s
 301921 235830  167.59289   91  183  172.00000  165.76916  3.62%  75.7 1445s
 303013 236701  166.05488   62  181  172.00000  165.76965  3.62%  75.7 1450s
 304150 237596  166.44000   52  265  172.00000  165.76991  3.62%  75.7 1455s
 305146 238410  166.84090   65  225  172.00000  165.77065  3.62%  75.7 1460s
 306129 239234     cutoff  124       172.00000  165.77120  3.62%  75.7 1465s
 307237 240042  166.59391   67  156  172.00000  165.77163  3.62%  75.7 1470s
 308397 240965  170.07567  106   86  172.00000  165.77239  3.62%  75.7 1475s
 309564 241895  166.59495   57  230  172.00000  165.77310  3.62%  75.7 1480s
 310593 242713  165.99882   60  233  172.00000  165.77399  3.62%  75.7 1485s
 311641 243555  169.18082   98  109  172.00000  165.77449  3.62%  75.7 1490s
 312754 244423  168.55840   77   88  172.00000  165.77501  3.62%  75.7 1495s
 313842 245179  166.68972   66  122  172.00000  165.77563  3.62%  75.7 1500s
 314949 246072  166.49450   57  188  172.00000  165.77642  3.62%  75.7 1505s
 316126 247023  166.29432   65  189  172.00000  165.77708  3.62%  75.7 1510s
 317170 247866  169.04101  118  115  172.00000  165.77778  3.62%  75.7 1515s
 318257 248741  166.59321   61  237  172.00000  165.77841  3.62%  75.7 1520s
 319293 249578  167.00403   76  194  172.00000  165.77910  3.62%  75.7 1525s
 320360 250407  166.78375   70  174  172.00000  165.77984  3.62%  75.7 1530s
 321516 251336  170.00000  127   44  172.00000  165.78072  3.62%  75.7 1535s
 322571 252177  166.75892   59  277  172.00000  165.78135  3.62%  75.7 1540s
 323678 253063  167.77798   76  184  172.00000  165.78181  3.62%  75.7 1545s
 324783 253949  167.57713   88  165  172.00000  165.78256  3.61%  75.7 1550s
 325938 254889  166.35854   55  189  172.00000  165.78333  3.61%  75.6 1555s
 326904 255635     cutoff  108       172.00000  165.78390  3.61%  75.7 1560s
 327803 256367  166.02966   58  178  172.00000  165.78479  3.61%  75.7 1565s
 329112 257389  168.00000   67   88  172.00000  165.78565  3.61%  75.7 1570s
 330184 258234     cutoff  114       172.00000  165.78610  3.61%  75.7 1575s
 331123 258947  166.33492   67  176  172.00000  165.78666  3.61%  75.7 1580s
 332233 259839  167.49900   66  165  172.00000  165.78713  3.61%  75.7 1585s
 333246 260662  167.34548   72  137  172.00000  165.78787  3.61%  75.7 1590s
 334398 261563  167.08194   65  165  172.00000  165.78881  3.61%  75.7 1595s
 335524 262481  170.10004  138   84  172.00000  165.78979  3.61%  75.7 1600s
 336531 263270  169.01593   91   84  172.00000  165.79035  3.61%  75.7 1605s
 337634 264168  170.13972  116   77  172.00000  165.79082  3.61%  75.7 1610s
 338709 265049     cutoff  108       172.00000  165.79172  3.61%  75.7 1615s
 339673 265796  168.14133   93   63  172.00000  165.79239  3.61%  75.8 1620s
 340770 266701  167.58471   91  152  172.00000  165.79295  3.61%  75.8 1625s
 341793 267521  166.17206   63  299  172.00000  165.79338  3.61%  75.8 1630s
 342862 268385  166.44659   63  236  172.00000  165.79413  3.61%  75.8 1635s
 344024 269342  166.28457   64  231  172.00000  165.79500  3.61%  75.8 1640s
 345065 270162  167.06676   76  123  172.00000  165.79584  3.61%  75.8 1645s
 346036 270889  167.99666   75  146  172.00000  165.79658  3.61%  75.8 1650s
 347077 271679  166.25938   52  179  172.00000  165.79742  3.61%  75.8 1655s
 348165 272517  166.85576   75  213  172.00000  165.79829  3.61%  75.8 1660s
 349274 273411  166.44590   54  199  172.00000  165.79867  3.61%  75.8 1665s
 350392 274335  168.00483   70  126  172.00000  165.79927  3.61%  75.8 1670s
 351430 275175  166.48517   64  199  172.00000  165.79999  3.60%  75.8 1675s
 352550 276069  166.02509   55  242  172.00000  165.80023  3.60%  75.8 1680s
 353538 276840  166.36176   62  224  172.00000  165.80103  3.60%  75.8 1685s
 354620 277691  166.38703   51  281  172.00000  165.80192  3.60%  75.8 1690s
 355607 278448  167.06676   78  106  172.00000  165.80242  3.60%  75.9 1695s
 356613 279265  168.20849   70  139  172.00000  165.80329  3.60%  75.9 1700s
 357671 280098  167.42914   68  193  172.00000  165.80394  3.60%  75.9 1705s
 358625 280836     cutoff  101       172.00000  165.80461  3.60%  75.9 1710s
 359666 281674  167.75662   74  142  172.00000  165.80512  3.60%  75.9 1715s
 360862 282613  167.22419   74  189  172.00000  165.80543  3.60%  75.9 1720s
 361905 283484  169.37500  108  122  172.00000  165.80615  3.60%  75.9 1725s
 363205 284536  168.00000   95   92  172.00000  165.80676  3.60%  75.9 1730s
 364191 285300  166.42455   66  237  172.00000  165.80738  3.60%  75.9 1735s
 365363 286258  166.36437   54  266  172.00000  165.80799  3.60%  75.9 1740s
 366467 287117  166.23286   58  187  172.00000  165.80848  3.60%  75.9 1745s
 367694 288125  168.54721   86  109  172.00000  165.80923  3.60%  75.8 1750s
 368768 289019  167.44318   65  175  172.00000  165.80963  3.60%  75.8 1755s
 370047 290040  169.14784  100  136  172.00000  165.81043  3.60%  75.8 1760s
 371332 291058  166.15008   55  200  172.00000  165.81146  3.60%  75.8 1765s
 372318 291838  168.54059   92   95  172.00000  165.81209  3.60%  75.8 1770s
 373338 292620  167.28851   65  147  172.00000  165.81261  3.60%  75.8 1775s
 374466 293542  170.11967  134   99  172.00000  165.81300  3.60%  75.8 1780s
 375550 294373  166.20879   64  272  172.00000  165.81349  3.60%  75.8 1785s
 376583 295206  166.51856   66  196  172.00000  165.81418  3.60%  75.8 1790s
 377759 296171  170.24397   85   86  172.00000  165.81497  3.60%  75.8 1795s
 378752 296949  167.07634   70  139  172.00000  165.81572  3.60%  75.8 1800s
 379982 297904  166.15240   59  211  172.00000  165.81630  3.60%  75.8 1805s
 380908 298648  167.71077   76  109  172.00000  165.81684  3.59%  75.8 1810s
 382021 299543  167.30551   76  151  172.00000  165.81745  3.59%  75.8 1815s
 382963 300304  166.57181   68  146  172.00000  165.81794  3.59%  75.8 1820s
 384377 301457  169.00000  118   64  172.00000  165.81837  3.59%  75.8 1825s
 385521 302399  168.09687   67  144  172.00000  165.81896  3.59%  75.7 1830s
 386580 303241  170.28458  126   75  172.00000  165.81957  3.59%  75.8 1835s
 387694 304086  166.83861   68  183  172.00000  165.81992  3.59%  75.8 1840s
 388776 304982  167.10224   74  103  172.00000  165.82055  3.59%  75.8 1845s
 389761 305739  166.58671   71  170  172.00000  165.82075  3.59%  75.8 1850s
 390967 306716  166.05896   62  224  172.00000  165.82151  3.59%  75.8 1855s
 391946 307532  168.40470   94  104  172.00000  165.82218  3.59%  75.8 1860s
 393091 308453  167.16198   68  146  172.00000  165.82258  3.59%  75.8 1865s
 394184 309300  167.07824   75  108  172.00000  165.82300  3.59%  75.8 1870s
 395261 310170     cutoff  114       172.00000  165.82337  3.59%  75.8 1875s
 396475 311145  167.08626   81  103  172.00000  165.82406  3.59%  75.8 1880s
 397488 311951  170.06803  133   39  172.00000  165.82459  3.59%  75.8 1885s
 398516 312769  166.77275   62  152  172.00000  165.82504  3.59%  75.8 1890s
 399766 313729  167.03067   71  124  172.00000  165.82572  3.59%  75.8 1895s
 400614 314368  167.73462   68  131  172.00000  165.82616  3.59%  75.8 1900s
 401681 315181  166.25593   58  271  172.00000  165.82684  3.59%  75.8 1905s
 402708 315983  166.37500   66  126  172.00000  165.82752  3.59%  75.8 1910s
 403720 316810  166.14427   68  309  172.00000  165.82814  3.59%  75.8 1915s
 404282 317254  166.40158   69  182  172.00000  165.82844  3.59%  75.8 1923s
 404599 317505  166.27171   50  210  172.00000  165.82856  3.59%  75.8 1925s
 405476 318177  167.53586   82  214  172.00000  165.82925  3.59%  75.9 1930s
 406505 319022  170.50978  107   87  172.00000  165.82978  3.59%  75.9 1935s
 407470 319758  166.40406   63  234  172.00000  165.83017  3.59%  75.9 1940s
 408545 320626  166.66787   51  295  172.00000  165.83048  3.59%  75.9 1945s
 409687 321577  167.36288   72  168  172.00000  165.83106  3.59%  75.9 1950s
 410680 322387  167.31222   72  144  172.00000  165.83161  3.59%  75.9 1955s
 411785 323263  168.49510   93  152  172.00000  165.83210  3.59%  75.9 1960s
 412899 324159  168.58471   90  137  172.00000  165.83274  3.59%  75.9 1965s
 413987 325013  166.50908   68  170  172.00000  165.83329  3.59%  75.9 1970s
 415090 325862  169.00000  105  118  172.00000  165.83375  3.59%  75.9 1975s
 416147 326699  168.22363   67  101  172.00000  165.83449  3.58%  76.0 1980s
 417255 327558  167.02116   74  122  172.00000  165.83508  3.58%  76.0 1985s
 418258 328371  166.65613   60  220  172.00000  165.83575  3.58%  76.0 1990s
 419501 329403  169.53656  128   58  172.00000  165.83631  3.58%  76.0 1995s
 420486 330174  165.95866   60  308  172.00000  165.83681  3.58%  76.0 2000s
 421702 331172  169.00000   77   65  172.00000  165.83741  3.58%  76.0 2005s
 422731 332000  166.35058   61  306  172.00000  165.83790  3.58%  76.0 2010s
 423870 332932  167.73567   73  145  172.00000  165.83867  3.58%  76.0 2015s
 424891 333729  170.00000   97   73  172.00000  165.83890  3.58%  76.0 2020s
 425989 334569  167.25224   82  124  172.00000  165.83946  3.58%  76.0 2025s
 427145 335455  167.50874   69  135  172.00000  165.83981  3.58%  76.0 2030s
 428154 336221  166.98383   62  187  172.00000  165.84039  3.58%  76.0 2035s
 429234 337108  168.02353   75   77  172.00000  165.84124  3.58%  76.0 2040s
 430302 337923  170.19930   89   69  172.00000  165.84176  3.58%  76.0 2045s
 431363 338762  167.63156   96  162  172.00000  165.84212  3.58%  76.0 2050s
 432436 339599  166.79956   63  253  172.00000  165.84283  3.58%  76.0 2055s
 433539 340455  167.47050   63  188  172.00000  165.84342  3.58%  76.0 2060s
 434711 341373  166.12715   53  277  172.00000  165.84406  3.58%  76.0 2065s
 435712 342144  170.04620   86   91  172.00000  165.84459  3.58%  76.0 2070s
 436765 342965  169.03038   76   89  172.00000  165.84514  3.58%  76.0 2075s
 437956 343911  168.13333   76  150  172.00000  165.84586  3.58%  76.0 2080s
 439020 344752  170.51266  131   88  172.00000  165.84649  3.58%  76.0 2085s
 440132 345637  168.50000   73  124  172.00000  165.84715  3.58%  76.0 2090s
 441201 346478  169.00691   95   99  172.00000  165.84795  3.58%  76.0 2095s
 442255 347310  170.18284   99   72  172.00000  165.84854  3.58%  76.0 2100s
 443335 348161  167.95367   85  182  172.00000  165.84873  3.58%  76.0 2105s
 444508 349069     cutoff   92       172.00000  165.84909  3.58%  76.0 2110s
 445542 349838  167.22601   71  177  172.00000  165.84979  3.58%  76.0 2115s
 446804 350818  167.00536   70  128  172.00000  165.85046  3.58%  76.0 2120s
 447795 351612  166.24033   57  261  172.00000  165.85096  3.58%  76.0 2125s
 448772 352404  169.62107  109  136  172.00000  165.85133  3.57%  76.0 2130s
 449803 353228  167.72154   62  135  172.00000  165.85178  3.57%  76.0 2135s
 451109 354255  168.33481   81  117  172.00000  165.85264  3.57%  76.0 2140s
 452297 355206  169.02039   99  101  172.00000  165.85383  3.57%  75.9 2145s
 453456 356150  169.00000   96   79  172.00000  165.85427  3.57%  75.9 2150s
 454524 357039  166.89987   65  148  172.00000  165.85514  3.57%  75.9 2155s
 455515 357816  166.50057   68  204  172.00000  165.85586  3.57%  75.9 2160s
 456447 358545  166.30386   59  237  172.00000  165.85652  3.57%  76.0 2165s
 457516 359379  167.24351   57  189  172.00000  165.85701  3.57%  76.0 2170s
 458620 360267  167.18956   59  139  172.00000  165.85738  3.57%  76.0 2175s
 459566 361057  168.52467   73  109  172.00000  165.85781  3.57%  76.0 2180s
 460593 361835  167.64730   71  160  172.00000  165.85829  3.57%  76.0 2185s
 461617 362641  166.32551   54  255  172.00000  165.85868  3.57%  76.0 2190s
 462817 363609  166.27856   50  283  172.00000  165.85915  3.57%  76.0 2195s
 463864 364452  171.00000  114   84  172.00000  165.85965  3.57%  76.0 2200s
 464976 365329  166.53451   68  212  172.00000  165.86024  3.57%  76.0 2205s
 465840 366048  170.19938  102   70  172.00000  165.86066  3.57%  76.0 2210s
 466897 366905  170.34101  119  114  172.00000  165.86102  3.57%  76.0 2215s
 467990 367758  168.80125   91   84  172.00000  165.86180  3.57%  76.0 2220s
 469203 368749  167.00000   63  153  172.00000  165.86241  3.57%  76.0 2225s
 470312 369591     cutoff  144       172.00000  165.86289  3.57%  76.0 2230s
 471606 370654  170.00000  112   36  172.00000  165.86346  3.57%  76.0 2235s
 472902 371665  166.26405   53  279  172.00000  165.86413  3.57%  76.0 2240s
 473977 372531  168.44516   76  109  172.00000  165.86466  3.57%  76.0 2245s
 475119 373462  166.33078   62  251  172.00000  165.86513  3.57%  76.0 2250s
 476287 374384  169.09727   94   79  172.00000  165.86549  3.57%  76.0 2255s
 477600 375378  166.45912   57  300  172.00000  165.86617  3.57%  75.9 2260s
 478793 376279  166.30108   62  280  172.00000  165.86667  3.57%  75.9 2265s
 479730 377018  167.86258   80  134  172.00000  165.86723  3.57%  75.9 2270s
 481015 378011  169.01804  108   47  172.00000  165.86774  3.57%  75.9 2275s
 482048 378829  167.18096   69  147  172.00000  165.86839  3.56%  75.9 2280s
 483178 379740  166.25000   71  176  172.00000  165.86899  3.56%  75.9 2285s
 484363 380713  168.00000   73  121  172.00000  165.86944  3.56%  75.9 2290s
 485539 381619  169.63634  100   63  172.00000  165.87013  3.56%  75.9 2295s
 486834 382629  166.57638   57  308  172.00000  165.87058  3.56%  75.9 2300s
 487795 383406  170.22413  113  104  172.00000  165.87122  3.56%  75.9 2305s
 488833 384247  169.23951  117  112  172.00000  165.87169  3.56%  76.0 2310s
 489916 385146  168.24929   80   84  172.00000  165.87206  3.56%  76.0 2315s
 490980 385979  166.28290   59  183  172.00000  165.87255  3.56%  76.0 2320s
 492178 386940  167.04563   68  159  172.00000  165.87372  3.56%  76.0 2325s
 493198 387713  166.47884   55  246  172.00000  165.87411  3.56%  76.0 2330s
 494209 388537  167.00000   73  117  172.00000  165.87500  3.56%  76.0 2335s
 495487 389578  166.38532   58  176  172.00000  165.87581  3.56%  76.0 2340s
 496541 390384  169.08976   82   90  172.00000  165.87652  3.56%  76.0 2345s
 497607 391222  167.99475   79  121  172.00000  165.87695  3.56%  76.0 2350s
 498745 392097  166.27583   68  234  172.00000  165.87744  3.56%  76.0 2355s
 499901 392981  166.47590   73  214  172.00000  165.87822  3.56%  75.9 2360s
 500859 393743  167.28052   73  187  172.00000  165.87862  3.56%  76.0 2365s
 501903 394557  167.21653  103  143  172.00000  165.87902  3.56%  76.0 2370s
 503069 395535  167.81030   74  165  172.00000  165.87943  3.56%  76.0 2375s
 504169 396373  166.21003   58  211  172.00000  165.88029  3.56%  76.0 2380s
 505211 397228  169.61917  100   73  172.00000  165.88063  3.56%  76.0 2385s
 506099 397897  167.00000   65  167  172.00000  165.88091  3.56%  76.0 2390s
 507288 398840  166.10600   61  241  172.00000  165.88166  3.56%  76.0 2395s
 508508 399802  166.67051   62  290  172.00000  165.88225  3.56%  76.0 2400s
 509532 400599  166.20484   56  254  172.00000  165.88251  3.56%  76.0 2405s
 510666 401481  167.19703   58  110  172.00000  165.88306  3.56%  76.0 2410s
 511599 402219  166.71570   64  228  172.00000  165.88372  3.56%  76.0 2415s
 512717 403131  169.88718  110  115  172.00000  165.88429  3.56%  76.0 2420s
 513911 404067  165.91768   60  274  172.00000  165.88506  3.56%  76.0 2425s
 515135 405021  166.44768   57  200  172.00000  165.88574  3.55%  76.0 2430s
 516334 405985  169.19571  123   89  172.00000  165.88624  3.55%  76.0 2435s
 517435 406863  166.49245   67  164  172.00000  165.88663  3.55%  76.0 2440s
 518555 407737  166.65120   67  179  172.00000  165.88719  3.55%  76.0 2445s
 519671 408614  167.75660   86  145  172.00000  165.88753  3.55%  76.0 2450s
 520717 409437  168.33333   83  119  172.00000  165.88794  3.55%  76.0 2455s
 521861 410348  168.40205  113  106  172.00000  165.88855  3.55%  76.0 2460s
 523132 411351  166.50141   62  180  172.00000  165.88900  3.55%  75.9 2465s
 524153 412158  170.08333  111   53  172.00000  165.88927  3.55%  76.0 2470s
 525252 412986  167.17547   70  133  172.00000  165.89013  3.55%  76.0 2475s
 526340 413855  166.34094   75  184  172.00000  165.89044  3.55%  76.0 2480s
 527472 414743  166.53132   68  290  172.00000  165.89095  3.55%  76.0 2485s
 528627 415672  170.00000  143   52  172.00000  165.89128  3.55%  75.9 2490s
 529877 416661  166.72601   61  259  172.00000  165.89159  3.55%  75.9 2495s
 530927 417514  167.25601   73  175  172.00000  165.89210  3.55%  75.9 2500s
 531996 418377  167.84930  109   84  172.00000  165.89264  3.55%  75.9 2505s
 533088 419248     cutoff  106       172.00000  165.89311  3.55%  75.9 2510s
 534183 420109  168.00000   92   79  172.00000  165.89391  3.55%  75.9 2515s
 535433 421135  169.39400  108   87  172.00000  165.89430  3.55%  75.9 2520s
 536519 421986  167.57264   67  125  172.00000  165.89476  3.55%  75.9 2525s
 537663 422921  169.03343   85   84  172.00000  165.89535  3.55%  75.9 2530s
 538679 423733  166.72863   73  231  172.00000  165.89608  3.55%  75.9 2535s
 539778 424533  166.21134   73  203  172.00000  165.89651  3.55%  75.9 2540s
 541168 425642  166.30220   65  191  172.00000  165.89714  3.55%  75.9 2545s
 542266 426527  166.15220   63  164  172.00000  165.89745  3.55%  75.9 2550s
 543261 427327  170.04176  122   60  172.00000  165.89776  3.55%  75.9 2555s
 544342 428190  167.14988   73  114  172.00000  165.89834  3.55%  75.9 2560s
 545461 429096  170.87608  137   67  172.00000  165.89885  3.55%  75.9 2565s
 546505 429928  167.84624  101  112  172.00000  165.89942  3.55%  75.9 2570s
 547769 430958  168.00073   79   82  172.00000  165.89981  3.55%  75.9 2575s
 548882 431810  166.13462   61  296  172.00000  165.90064  3.55%  75.9 2580s
 549917 432621  166.93709   82  133  172.00000  165.90101  3.55%  75.9 2585s
 550954 433454  166.98228   71  154  172.00000  165.90158  3.55%  75.9 2590s
 552029 434297  171.00000  122   55  172.00000  165.90208  3.55%  75.9 2595s
 553096 435164  167.33036   74  151  172.00000  165.90280  3.54%  75.9 2600s
 554106 435967  167.35824   84  123  172.00000  165.90320  3.54%  75.9 2605s
 555408 437040  170.00023  103  102  172.00000  165.90379  3.54%  75.9 2610s
 556669 438052  167.04225   72  214  172.00000  165.90427  3.54%  75.9 2615s
 557702 438908  168.34646   69  118  172.00000  165.90470  3.54%  75.9 2620s
 558914 439897  168.29995   89  131  172.00000  165.90545  3.54%  75.9 2625s
 559985 440715  166.15082   58  324  172.00000  165.90583  3.54%  75.9 2630s
 561110 441606  167.11857   80   88  172.00000  165.90604  3.54%  75.9 2635s
 562333 442581 infeasible   93       172.00000  165.90637  3.54%  75.8 2640s
 563482 443500  166.29224   72  261  172.00000  165.90683  3.54%  75.8 2645s
 564592 444405  166.55503   78  172  172.00000  165.90739  3.54%  75.8 2650s
 565821 445375  167.27514   82   75  172.00000  165.90798  3.54%  75.8 2655s
 566918 446282  167.21235   85  110  172.00000  165.90832  3.54%  75.8 2660s
 568039 447176  170.02341   74   64  172.00000  165.90884  3.54%  75.8 2665s
 569064 447999  167.02714   66  220  172.00000  165.90918  3.54%  75.8 2670s
 570176 448905  168.32581   93  108  172.00000  165.90973  3.54%  75.8 2675s
 571220 449734  166.03165   55  277  172.00000  165.91023  3.54%  75.8 2680s
 572388 450639  170.69491   92   81  172.00000  165.91069  3.54%  75.8 2685s
 573561 451564  166.81741   73  145  172.00000  165.91140  3.54%  75.8 2690s
 574688 452483  167.18072   77  106  172.00000  165.91196  3.54%  75.8 2695s
 575912 453474  168.00738   75  134  172.00000  165.91228  3.54%  75.8 2700s
 576988 454348  167.62159   63  140  172.00000  165.91282  3.54%  75.8 2705s
 578109 455229  166.63556   65  208  172.00000  165.91318  3.54%  75.8 2710s
 579268 456171  166.60171   61  176  172.00000  165.91378  3.54%  75.7 2715s
 580561 457215  169.00000   82   79  172.00000  165.91439  3.54%  75.7 2720s
 581816 458180  168.82123  103   98  172.00000  165.91515  3.54%  75.7 2725s
 582845 458998  166.18391   68  258  172.00000  165.91574  3.54%  75.7 2730s
 584096 460024  166.24163   67  230  172.00000  165.91619  3.54%  75.7 2735s
 585117 460785  168.01706   91   75  172.00000  165.91649  3.54%  75.7 2740s
 586246 461688  166.76853   59  262  172.00000  165.91715  3.54%  75.7 2745s
 587319 462544  167.20735   70  142  172.00000  165.91761  3.54%  75.7 2750s
 588637 463618  167.65141   78  188  172.00000  165.91816  3.54%  75.6 2755s
 589742 464495  167.12179   75  156  172.00000  165.91858  3.54%  75.7 2760s
 590982 465469  166.62697   63  138  172.00000  165.91889  3.54%  75.6 2765s
 591988 466289  168.40614   82  128  172.00000  165.91913  3.54%  75.6 2770s
 593119 467177  166.58915   65  190  172.00000  165.91948  3.54%  75.6 2775s
 594185 467966  166.00668   62  223  172.00000  165.91987  3.53%  75.6 2780s
 595445 469017  166.51958   58  188  172.00000  165.92038  3.53%  75.6 2785s
 596536 469901  166.91773   74  258  172.00000  165.92097  3.53%  75.6 2790s
 597590 470723  169.10869   85  140  172.00000  165.92127  3.53%  75.6 2795s
 598856 471730  166.02763   66  206  172.00000  165.92176  3.53%  75.6 2800s
 599825 472478  168.17771   78   85  172.00000  165.92208  3.53%  75.6 2805s
 600954 473351  167.02521   75  235  172.00000  165.92239  3.53%  75.6 2810s
 602018 474212  170.16255   92  105  172.00000  165.92310  3.53%  75.6 2815s
 603066 475050  167.29327   74  170  172.00000  165.92381  3.53%  75.6 2820s
 604248 475990  166.80679   66  184  172.00000  165.92425  3.53%  75.6 2825s
 605364 476871  167.30201   76  180  172.00000  165.92477  3.53%  75.6 2830s
 606368 477694     cutoff   76       172.00000  165.92528  3.53%  75.6 2835s
 607427 478554  171.00000  133   86  172.00000  165.92593  3.53%  75.6 2840s
 608612 479490  167.88185   80  105  172.00000  165.92624  3.53%  75.6 2845s
 609791 480405  168.17748   77  129  172.00000  165.92656  3.53%  75.6 2850s
 610941 481349  169.01112   89   80  172.00000  165.92713  3.53%  75.5 2855s
 612040 482210  169.85576  103   60  172.00000  165.92754  3.53%  75.6 2860s
 613085 483052  167.93496   75  107  172.00000  165.92793  3.53%  75.5 2865s
 614211 483928  170.00000  113   54  172.00000  165.92826  3.53%  75.5 2870s
 615379 484842  170.55597  124   69  172.00000  165.92867  3.53%  75.5 2875s
 616313 485579  168.93401  102  135  172.00000  165.92900  3.53%  75.6 2880s
 617227 486315  170.89694  128   96  172.00000  165.92916  3.53%  75.6 2890s
 618153 487060     cutoff  125       172.00000  165.92955  3.53%  75.6 2895s
 619193 487837  168.84672   96   65  172.00000  165.93024  3.53%  75.6 2900s
 620211 488632  169.00000   77   98  172.00000  165.93070  3.53%  75.6 2905s
 621373 489567  168.14998   79  156  172.00000  165.93099  3.53%  75.6 2910s
 622473 490439  169.10863  106  106  172.00000  165.93136  3.53%  75.5 2915s
 623582 491327  166.30366   66  224  172.00000  165.93168  3.53%  75.5 2920s
 624744 492240  166.37080   61  206  172.00000  165.93211  3.53%  75.5 2925s
 625903 493125  166.15398   63  254  172.00000  165.93236  3.53%  75.5 2930s
 627062 494057  167.16851   68  180  172.00000  165.93301  3.53%  75.5 2935s
 628085 494852  166.01807   61  298  172.00000  165.93342  3.53%  75.5 2940s
 629128 495678  167.92130  102  151  172.00000  165.93369  3.53%  75.5 2945s
 630529 496776  167.24975   78   86  172.00000  165.93405  3.53%  75.5 2950s
 631756 497733  166.35309   61  262  172.00000  165.93457  3.53%  75.5 2955s
 632966 498649  167.30148   88  165  172.00000  165.93515  3.53%  75.5 2960s
 634063 499489  167.92763   76   81  172.00000  165.93554  3.53%  75.5 2965s
 635160 500384  167.59100   63  227  172.00000  165.93594  3.53%  75.5 2970s
 636403 501344  166.54035   60  116  172.00000  165.93626  3.53%  75.5 2975s
 637511 502227  166.25601   61  242  172.00000  165.93668  3.53%  75.5 2980s
 638667 503142  169.46641  105   67  172.00000  165.93688  3.53%  75.4 2985s
 639844 504095  166.02175   62  298  172.00000  165.93759  3.52%  75.4 2990s
 640964 505017  168.09058   90   85  172.00000  165.93798  3.52%  75.4 2995s
 642039 505852  167.20540   65  171  172.00000  165.93847  3.52%  75.4 3000s
 643112 506731  168.56061   96   90  172.00000  165.93912  3.52%  75.4 3005s
 644363 507724  167.02735   68  152  172.00000  165.93962  3.52%  75.4 3010s
 645329 508493  167.64235   74  148  172.00000  165.94010  3.52%  75.4 3015s
 646290 509267  169.16728   91  129  172.00000  165.94053  3.52%  75.5 3020s
 647412 510128  166.87994   76  265  172.00000  165.94092  3.52%  75.4 3025s
 648719 511173  166.08380   59  276  172.00000  165.94151  3.52%  75.4 3030s
 649782 511958  168.00000   75  148  172.00000  165.94201  3.52%  75.4 3035s
 650826 512817  168.25648   81  126  172.00000  165.94255  3.52%  75.4 3040s
 651843 513575  166.96166   54  235  172.00000  165.94287  3.52%  75.4 3045s
 652897 514453  170.08153  119   73  172.00000  165.94323  3.52%  75.4 3050s
 654158 515474  166.13991   67  211  172.00000  165.94398  3.52%  75.4 3055s
 655314 516420  170.19603   71  101  172.00000  165.94456  3.52%  75.4 3060s
 656588 517461  166.05205   65  247  172.00000  165.94493  3.52%  75.4 3065s
 657787 518385  168.08726   75  152  172.00000  165.94569  3.52%  75.4 3070s
 658877 519282  166.42540   53  179  172.00000  165.94620  3.52%  75.4 3075s
 660130 520312  166.39428   75  168  172.00000  165.94652  3.52%  75.4 3080s
 661379 521327  166.65584   69  182  172.00000  165.94692  3.52%  75.3 3085s
 662552 522235  166.73483   62  139  172.00000  165.94726  3.52%  75.3 3090s
 663753 523182  167.07492   64  129  172.00000  165.94754  3.52%  75.3 3095s
 664939 524148  170.61590   87   81  172.00000  165.94821  3.52%  75.3 3100s
 666040 525042  169.68942  106   98  172.00000  165.94870  3.52%  75.3 3105s
 667165 525863  166.40411   58  303  172.00000  165.94906  3.52%  75.3 3110s
 668328 526767  168.20874   80   91  172.00000  165.94959  3.52%  75.3 3115s
 669555 527780  170.38655  111  105  172.00000  165.94990  3.52%  75.3 3120s
 670894 528798  166.72671   64  199  172.00000  165.95043  3.52%  75.3 3125s
 671927 529597  166.36453   71  227  172.00000  165.95076  3.52%  75.3 3130s
 673007 530463  169.03795   85  110  172.00000  165.95120  3.52%  75.3 3135s
 674112 531332  166.09991   61  240  172.00000  165.95138  3.52%  75.3 3140s
 675260 532250  166.80032   63  249  172.00000  165.95187  3.52%  75.3 3145s
 676276 533073 infeasible  115       172.00000  165.95219  3.52%  75.3 3150s
 677257 533860  166.95931   67  149  172.00000  165.95249  3.52%  75.3 3155s
 678580 534874     cutoff  164       172.00000  165.95288  3.52%  75.3 3160s
 679668 535743  166.14484   58  321  172.00000  165.95324  3.52%  75.3 3165s
 680789 536640  170.50000   81   69  172.00000  165.95351  3.52%  75.3 3170s
 682000 537619  171.00000  116   55  172.00000  165.95402  3.52%  75.2 3175s
 682992 538393 infeasible   98       172.00000  165.95455  3.51%  75.3 3180s
 684184 539300  166.81314   69  226  172.00000  165.95490  3.51%  75.2 3185s
 685495 540378  166.26725   66  207  172.00000  165.95525  3.51%  75.2 3190s
 686558 541211  169.48697   93  122  172.00000  165.95578  3.51%  75.2 3195s
 687727 542123  168.43170   76   96  172.00000  165.95621  3.51%  75.2 3200s
 688854 542998  166.77581   56  231  172.00000  165.95664  3.51%  75.2 3205s
 689926 543837  166.21649   65  272  172.00000  165.95712  3.51%  75.2 3210s
 691181 544818  168.98069  104  122  172.00000  165.95742  3.51%  75.2 3215s
 692382 545764  169.00000   75   80  172.00000  165.95794  3.51%  75.2 3220s
 693563 546719  166.88387   65  166  172.00000  165.95817  3.51%  75.2 3225s
 694707 547643  166.42469   67  226  172.00000  165.95857  3.51%  75.2 3230s
 695889 548569  167.03234   74  215  172.00000  165.95906  3.51%  75.2 3235s
 696844 549300  169.71653   97   57  172.00000  165.95950  3.51%  75.2 3240s
 697896 550132     cutoff   80       172.00000  165.95984  3.51%  75.2 3245s
 698928 550949  167.14802   77  161  172.00000  165.96010  3.51%  75.2 3250s
 700007 551821  166.50497   60  251  172.00000  165.96081  3.51%  75.2 3255s
 701140 552744  166.66667   69  146  172.00000  165.96131  3.51%  75.2 3260s
 702166 553577  170.20426  115   65  172.00000  165.96164  3.51%  75.2 3265s
 703267 554414  165.99043   50  243  172.00000  165.96212  3.51%  75.2 3270s
 704478 555390  166.16250   66  190  172.00000  165.96248  3.51%  75.2 3275s
 705757 556402  168.11383   75   85  172.00000  165.96300  3.51%  75.2 3280s
 706918 557294  169.67565  126   93  172.00000  165.96336  3.51%  75.1 3285s
 708219 558297  166.35210   57  169  172.00000  165.96395  3.51%  75.1 3290s
 709418 559259  166.94850   61  311  172.00000  165.96439  3.51%  75.1 3295s
 710460 560070  166.71183   70  133  172.00000  165.96485  3.51%  75.1 3300s
 711789 561132  167.57384   59  221  172.00000  165.96528  3.51%  75.1 3305s
 712808 561961  167.54841   65  114  172.00000  165.96549  3.51%  75.1 3310s
 714009 562933  171.00000  153   36  172.00000  165.96594  3.51%  75.1 3315s
 715066 563760  171.00000  126   35  172.00000  165.96641  3.51%  75.1 3320s
 716195 564673  168.19503   82  109  172.00000  165.96686  3.51%  75.1 3325s
 717208 565494  168.53468   76  119  172.00000  165.96733  3.51%  75.1 3330s
 718286 566326  166.53983   70  187  172.00000  165.96770  3.51%  75.1 3335s
 719392 567227  167.38019   89  148  172.00000  165.96800  3.51%  75.1 3340s
 720613 568187  169.50000   86   54  172.00000  165.96833  3.51%  75.1 3345s
 721816 569135  170.00000  100   97  172.00000  165.96887  3.51%  75.1 3350s
 722793 569899  168.33333   78  116  172.00000  165.96941  3.51%  75.1 3355s
 723821 570665  166.77784   60  236  172.00000  165.96970  3.51%  75.1 3360s
 725046 571622  168.23495   82  112  172.00000  165.97007  3.51%  75.1 3365s
 726146 572497  166.67057   64  209  172.00000  165.97043  3.51%  75.1 3370s
 727341 573426  168.04491   95  123  172.00000  165.97080  3.51%  75.1 3375s
 728429 574249  166.45886   66  225  172.00000  165.97125  3.51%  75.1 3380s
 729420 575069     cutoff   83       172.00000  165.97163  3.50%  75.1 3385s
 730671 576080  167.52329   76  152  172.00000  165.97217  3.50%  75.1 3390s
 731763 576889  168.00587   80   92  172.00000  165.97249  3.50%  75.1 3395s
 732777 577644  167.24963   72  180  172.00000  165.97290  3.50%  75.1 3400s
 733928 578550  166.88445   68  217  172.00000  165.97321  3.50%  75.1 3405s
 735000 579414  166.81814   72  201  172.00000  165.97357  3.50%  75.1 3410s
 736073 580254  166.27985   67  174  172.00000  165.97381  3.50%  75.1 3415s
 737308 581237  166.88200   71  171  172.00000  165.97433  3.50%  75.1 3420s
 738474 582155  168.32022  100  127  172.00000  165.97471  3.50%  75.1 3425s
 739545 582986  166.17598   66  301  172.00000  165.97517  3.50%  75.1 3430s
 740491 583755  170.00338  121   64  172.00000  165.97537  3.50%  75.0 3435s
 741634 584679  166.70042   61  259  172.00000  165.97579  3.50%  75.0 3440s
 742672 585524  167.72931   64  187  172.00000  165.97619  3.50%  75.1 3445s
 743725 586387  168.75310   77  125  172.00000  165.97654  3.50%  75.1 3450s
 744725 587212  166.65084   68  201  172.00000  165.97683  3.50%  75.1 3455s
 745874 588135     cutoff  130       172.00000  165.97701  3.50%  75.1 3460s
 747041 589073  166.31663   60  241  172.00000  165.97754  3.50%  75.1 3465s
 748141 589963  166.91554   75  194  172.00000  165.97796  3.50%  75.1 3470s
 749219 590782  167.01795   66  180  172.00000  165.97837  3.50%  75.1 3475s
 750580 591888  166.69621   73  166  172.00000  165.97892  3.50%  75.1 3480s
 751905 592955  167.11580   68  224  172.00000  165.97931  3.50%  75.0 3485s
 753048 593886  169.79139  129   82  172.00000  165.97963  3.50%  75.0 3490s
 754268 594857  166.18549   61  263  172.00000  165.98017  3.50%  75.0 3495s
 755411 595745  167.74154   72  167  172.00000  165.98087  3.50%  75.0 3500s
 756481 596587  166.29873   65  231  172.00000  165.98130  3.50%  75.0 3505s
 757600 597483  166.44970   60  268  172.00000  165.98181  3.50%  75.0 3510s
 758622 598290  166.49460   65  297  172.00000  165.98198  3.50%  75.0 3515s
 759837 599258  170.10365   87   92  172.00000  165.98243  3.50%  75.0 3520s
 760872 600095  168.45192   83  107  172.00000  165.98275  3.50%  75.0 3525s
 761922 600926  166.46539   63  239  172.00000  165.98331  3.50%  75.0 3530s
 762921 601688  168.64686   81  142  172.00000  165.98351  3.50%  75.0 3535s
 763897 602466  167.08220   65  149  172.00000  165.98409  3.50%  75.0 3540s
 765121 603446  167.23475   77  149  172.00000  165.98432  3.50%  75.0 3545s
 766263 604348  167.72043   64  166  172.00000  165.98486  3.50%  75.0 3550s
 767547 605383  166.23375   54  256  172.00000  165.98555  3.50%  75.0 3555s
 768674 606274  166.84034   54  182  172.00000  165.98599  3.50%  75.0 3560s
 769791 607136  170.14599  107  101  172.00000  165.98637  3.50%  75.0 3565s
 770875 607950  166.03405   62  244  172.00000  165.98672  3.50%  75.0 3570s
 771955 608793  168.12463   66  115  172.00000  165.98725  3.50%  75.0 3575s
 773174 609752  167.00000   68  115  172.00000  165.98769  3.50%  75.0 3580s
 774279 610618  167.21234   61  178  172.00000  165.98829  3.50%  75.0 3585s
 775426 611510  170.47671  106  110  172.00000  165.98858  3.50%  75.0 3590s
 776490 612311  167.73361   62  189  172.00000  165.98909  3.49%  75.0 3595s

Cutting planes:
  Learned: 1
  Gomory: 26
  Cover: 478
  Implied bound: 125
  MIR: 603
  Mixing: 52
  StrongCG: 13
  Flow cover: 1452
  GUB cover: 56
  Inf proof: 36
  Zero half: 61
  RLT: 58
  Relax-and-lift: 109
  BQP: 8

Explored 777581 nodes (58310704 simplex iterations) in 3599.95 seconds (3310.23 work units)
Thread count was 1 (of 16 available processors)

Solution count 10: 172 173 174 ... 242

Time limit reached
Warning: max constraint violation (1.0000e-06) exceeds tolerance
Warning: max bound violation (1.0000e-06) exceeds tolerance
Best objective 1.720000000000e+02, best bound 1.660000000000e+02, gap 3.4884%

User-callback calls 2614506, time in user-callback 1.93 sec

 sepatime0
Stat(MathOptInterface.TIME_LIMIT, 172.0, 166.0, 0.03488372093023256, 0.0, 0.047555, 3599.953129053116, 777581, Main.CFLG.LEFPI, "", #undef)
