Data path: /scratch/opt/lxu/CFLG/benchmarks/Kgroup_A
Instance: K100.6.red
Result path: /scratch/opt/lxu/CFLG/results/Kgroup_A
Solver: Gurobi
Time limit: 7200
Formulation: EFP
Cover: Large
julia --project=. src/main.jl /scratch/opt/lxu/CFLG/benchmarks/Kgroup_A K100.6.red /scratch/opt/lxu/CFLG/results/Kgroup_A Gurobi 7200 EFP Large
The latest version of Julia in the `release` channel is 1.11.5+0.x64.linux.gnu. You currently have `1.11.4+0.x64.linux.gnu` installed. Run:

  juliaup update

in your terminal shell to install Julia 1.11.5+0.x64.linux.gnu and update the `release` channel to that version.
/scratch/opt/lxu/CFLG/benchmarks/Kgroup_A Gurobi 7200.0 /scratch/opt/lxu/CFLG/results/Kgroup_A K100.6.red EFP Large
/scratch/opt/lxu/CFLG/benchmarks/Kgroup_A/K100.6.red

 read graph
data loaded


after absorb:22 22

max_piece:2
problem_graph/original graph: node: 28/22 edge: 70/64 dlt: 0.7044959720114354 break_avg_len: 0.3220553014909418 break_max_len: 0.6188719867292556elapsed CPU time: 0.036106 seconds
Set parameter TokenServer to value "solice01.zib.de"
Set parameter Threads to value 1
Set parameter OutputFlag to value 1
Set parameter MIPGap to value 0.0001
Set parameter MIPGapAbs to value 0.999998
Set parameter TimeLimit to value 7199.963894

 more cuts: false 0.7044959720114354 false
is_attach:falseformulation:EFP0 70 0

 model loaded

Gurobi Optimizer version 12.0.1 build v12.0.1rc0 (linux64 - "Debian GNU/Linux 12 (bookworm)")

CPU model: Intel(R) Xeon(R) Gold 5222 CPU @ 3.80GHz, instruction set [SSE2|AVX|AVX2|AVX512]
Thread count: 8 physical cores, 16 logical processors, using up to 1 threads

Non-default parameters:
TimeLimit  7199.963894
MIPGapAbs  0.999998
Threads  1

Optimize a model with 3568 rows, 1879 columns and 10410 nonzeros
Model fingerprint: 0x8a5d4740
Variable types: 168 continuous, 1711 integer (1711 binary)
Coefficient statistics:
  Matrix range     [1e-06, 1e+00]
  Objective range  [1e+00, 1e+00]
  Bounds range     [6e-02, 6e-01]
  RHS range        [6e-02, 1e+00]
Found heuristic solution: objective 12.0000000
Presolve removed 924 rows and 206 columns
Presolve time: 0.07s
Presolved: 2644 rows, 1673 columns, 13332 nonzeros
Variable types: 98 continuous, 1575 integer (1572 binary)

Root relaxation: objective 1.258072e+00, 1422 iterations, 0.03 seconds (0.05 work units)

    Nodes    |    Current Node    |     Objective Bounds      |     Work
 Expl Unexpl |  Obj  Depth IntInf | Incumbent    BestBd   Gap | It/Node Time

     0     0    1.25807    0  204   12.00000    1.25807  89.5%     -    0s
H    0     0                       8.0000000    1.25807  84.3%     -    0s
     0     0    1.68554    0  279    8.00000    1.68554  78.9%     -    0s
H    0     0                       6.0000000    1.69373  71.8%     -    0s
     0     0    1.69373    0  290    6.00000    1.69373  71.8%     -    0s
     0     0    1.96177    0  256    6.00000    1.96177  67.3%     -    0s
     0     0    2.00956    0  239    6.00000    2.00956  66.5%     -    0s
     0     0    2.00991    0  236    6.00000    2.00991  66.5%     -    0s
     0     0    2.00991    0  238    6.00000    2.00991  66.5%     -    0s
     0     0    2.28571    0  174    6.00000    2.28571  61.9%     -    0s
H    0     0                       5.0000000    2.28571  54.3%     -    0s
     0     0    2.33333    0  197    5.00000    2.33333  53.3%     -    0s
     0     0    2.34375    0  164    5.00000    2.34375  53.1%     -    0s
     0     0    2.34821    0  185    5.00000    2.34821  53.0%     -    0s
     0     0    2.35000    0  220    5.00000    2.35000  53.0%     -    0s
     0     0    2.35000    0  223    5.00000    2.35000  53.0%     -    0s
     0     0    2.52174    0  169    5.00000    2.52174  49.6%     -    0s
     0     0    2.52174    0  183    5.00000    2.52174  49.6%     -    0s
     0     0    2.52174    0  180    5.00000    2.52174  49.6%     -    0s
     0     0    2.52174    0  180    5.00000    2.52174  49.6%     -    0s
     0     0    2.52174    0  143    5.00000    2.52174  49.6%     -    0s
H    0     0                       4.0000000    2.52174  37.0%     -    0s
     0     0    2.52174    0  177    4.00000    2.52174  37.0%     -    0s
     0     0    2.52174    0  165    4.00000    2.52174  37.0%     -    0s
     0     0    2.52174    0  165    4.00000    2.52174  37.0%     -    0s
     0     0    2.52174    0  131    4.00000    2.52174  37.0%     -    0s
     0     0    2.52174    0  130    4.00000    2.52174  37.0%     -    0s
     0     0    2.52174    0  130    4.00000    2.52174  37.0%     -    1s
     0     0    2.52174    0  147    4.00000    2.52174  37.0%     -    1s
     0     0    2.52174    0  135    4.00000    2.52174  37.0%     -    1s
     0     0    2.57143    0  147    4.00000    2.57143  35.7%     -    1s
     0     0    2.57143    0  147    4.00000    2.57143  35.7%     -    1s
     0     0    2.57143    0  173    4.00000    2.57143  35.7%     -    1s
     0     0    2.66667    0  179    4.00000    2.66667  33.3%     -    1s
     0     0    2.66667    0  184    4.00000    2.66667  33.3%     -    1s
     0     0    2.66667    0  160    4.00000    2.66667  33.3%     -    1s
     0     0    2.66667    0  176    4.00000    2.66667  33.3%     -    1s
     0     0    2.68421    0  195    4.00000    2.68421  32.9%     -    1s
     0     0    2.68421    0  193    4.00000    2.68421  32.9%     -    1s
     0     0    2.68421    0  175    4.00000    2.68421  32.9%     -    1s
     0     0    2.68421    0  137    4.00000    2.68421  32.9%     -    1s
     0     0    2.68421    0  139    4.00000    2.68421  32.9%     -    1s
     0     0    2.68421    0  134    4.00000    2.68421  32.9%     -    1s
     0     0    2.68421    0  120    4.00000    2.68421  32.9%     -    1s
     0     0    2.68421    0   97    4.00000    2.68421  32.9%     -    1s
     0     0    2.68421    0   97    4.00000    2.68421  32.9%     -    1s
     0     0    2.68421    0  113    4.00000    2.68421  32.9%     -    1s
     0     0    2.68421    0  186    4.00000    2.68421  32.9%     -    1s
     0     0    2.68421    0  172    4.00000    2.68421  32.9%     -    1s
     0     0    2.68421    0  180    4.00000    2.68421  32.9%     -    1s
     0     0    2.68421    0   73    4.00000    2.68421  32.9%     -    2s
     0     0    3.00000    0  108    4.00000    3.00000  25.0%     -    2s
     0     0    3.00000    0   96    4.00000    3.00000  25.0%     -    2s
     0     0    3.00000    0   86    4.00000    3.00000  25.0%     -    2s
     0     0    3.00000    0   86    4.00000    3.00000  25.0%     -    2s
     0     0    3.00000    0   65    4.00000    3.00000  25.0%     -    2s
     0     0    3.00000    0   99    4.00000    3.00000  25.0%     -    2s
     0     0    3.00000    0   66    4.00000    3.00000  25.0%     -    2s
     0     0    3.00000    0   65    4.00000    3.00000  25.0%     -    2s
     0     0    3.00000    0   55    4.00000    3.00000  25.0%     -    2s
     0     0    3.00000    0  123    4.00000    3.00000  25.0%     -    2s
     0     0    3.00000    0   83    4.00000    3.00000  25.0%     -    2s
     0     0    3.00000    0  101    4.00000    3.00000  25.0%     -    2s
     0     0    3.00000    0   96    4.00000    3.00000  25.0%     -    2s
     0     0    3.00000    0   96    4.00000    3.00000  25.0%     -    2s
     0     0    3.00000    0   66    4.00000    3.00000  25.0%     -    2s
     0     0    3.00000    0   66    4.00000    3.00000  25.0%     -    2s
     0     2    3.00000    0   66    4.00000    3.00000  25.0%     -    2s

Explored 2 nodes (29560 simplex iterations) in 2.98 seconds (2.98 work units)
Thread count was 1 (of 16 available processors)

Solution count 7: 4 4 5 ... 12

Optimal solution found (tolerance 1.00e-04)
Best objective 4.000000000000e+00, best bound 4.000000000000e+00, gap 0.0000%

User-callback calls 1760, time in user-callback 0.00 sec

 sepatime0 0 0
4.0Stat(MathOptInterface.OPTIMAL, 4.0, 4.0, 0.0, 0.0, 0.036106, 2.9846930503845215, 2, Main.CFLG.EFP, "", #undef)
