Data path: /scratch/opt/lxu/CFLG/benchmarks/city
Instance: city_268.txt
Result path: /scratch/opt/lxu/CFLG/results/city
Solver: Gurobi
Time limit: 3600
Formulation: LEFPD
Cover: Large
julia --project=. src/main.jl /scratch/opt/lxu/CFLG/benchmarks/city city_268.txt /scratch/opt/lxu/CFLG/results/city Gurobi 3600 LEFPD Large
The latest version of Julia in the `release` channel is 1.11.5+0.x64.linux.gnu. You currently have `1.11.4+0.x64.linux.gnu` installed. Run:

  juliaup update

in your terminal shell to install Julia 1.11.5+0.x64.linux.gnu and update the `release` channel to that version.
/scratch/opt/lxu/CFLG/benchmarks/city Gurobi 3600.0 /scratch/opt/lxu/CFLG/results/city city_268.txt LEFPD Large
/scratch/opt/lxu/CFLG/benchmarks/city/city_268.txt

 read graph
data loaded


after absorb:151 195

max_piece:6
problem_graph/original graph: node: 178/195 edge: 251/268 dlt: 0.35473360846495194 break_avg_len: 0.189379695355791 break_max_len: 2.047817047817048Set parameter TokenServer to value "solice01.zib.de"
Set parameter Threads to value 1
Set parameter OutputFlag to value 1
Gurobi Optimizer version 12.0.1 build v12.0.1rc0 (linux64 - "Debian GNU/Linux 12 (bookworm)")

CPU model: Intel(R) Xeon(R) Gold 5122 CPU @ 3.60GHz, instruction set [SSE2|AVX|AVX2|AVX512]
Thread count: 8 physical cores, 16 logical processors, using up to 1 threads

Non-default parameters:
Threads  1

Optimize a model with 429 rows, 753 columns and 1255 nonzeros
Model fingerprint: 0x0445ecc5
Coefficient statistics:
  Matrix range     [1e+00, 1e+00]
  Objective range  [1e+00, 1e+00]
  Bounds range     [1e+00, 1e+00]
  RHS range        [1e+00, 1e+00]
Presolve removed 429 rows and 753 columns
Presolve time: 0.00s
Presolve: All rows and columns removed
Iteration    Objective       Primal Inf.    Dual Inf.      Time
       0    1.5000000e+01   0.000000e+00   0.000000e+00      0s

Solved in 0 iterations and 0.00 seconds (0.00 work units)
Optimal objective  1.500000000e+01

User-callback calls 36, time in user-callback 0.00 sec
elapsed CPU time: 1.315768 seconds
Set parameter TokenServer to value "solice01.zib.de"
Set parameter Threads to value 1
Set parameter OutputFlag to value 1
Set parameter MIPGap to value 0.0001
Set parameter MIPGapAbs to value 1
Set parameter TimeLimit to value 3598.684232

 more cuts:falsefalse
15 0
formulation:LEFPD3 248 172

 model loaded

Gurobi Optimizer version 12.0.1 build v12.0.1rc0 (linux64 - "Debian GNU/Linux 12 (bookworm)")

CPU model: Intel(R) Xeon(R) Gold 5122 CPU @ 3.60GHz, instruction set [SSE2|AVX|AVX2|AVX512]
Thread count: 8 physical cores, 16 logical processors, using up to 1 threads

Non-default parameters:
TimeLimit  3598.684232
MIPGapAbs  1
Threads  1

Optimize a model with 14199 rows, 9239 columns and 41201 nonzeros
Model fingerprint: 0xadb597f5
Variable types: 4615 continuous, 4624 integer (4624 binary)
Coefficient statistics:
  Matrix range     [4e-07, 2e+00]
  Objective range  [1e+00, 1e+00]
  Bounds range     [5e-03, 2e+00]
  RHS range        [5e-03, 3e+00]
Presolve removed 4584 rows and 1609 columns
Presolve time: 0.22s
Presolved: 9615 rows, 7630 columns, 35478 nonzeros
Variable types: 3718 continuous, 3912 integer (3912 binary)
Found heuristic solution: objective 236.0000000
Found heuristic solution: objective 89.0000000

Root relaxation: objective 1.790983e+01, 6132 iterations, 0.21 seconds (0.30 work units)

    Nodes    |    Current Node    |     Objective Bounds      |     Work
 Expl Unexpl |  Obj  Depth IntInf | Incumbent    BestBd   Gap | It/Node Time

     0     0   17.90983    0  832   89.00000   17.90983  79.9%     -    0s
     0     0   17.99089    0  833   89.00000   17.99089  79.8%     -    0s
     0     0   17.99204    0  832   89.00000   17.99204  79.8%     -    0s
H    0     0                      88.0000000   17.99204  79.6%     -    0s
     0     0   22.60027    0  979   88.00000   22.60027  74.3%     -    1s
     0     0   22.60035    0  987   88.00000   22.60035  74.3%     -    1s
H    0     0                      85.0000000   22.72060  73.3%     -    1s
     0     0   22.72060    0  968   85.00000   22.72060  73.3%     -    1s
     0     0   22.72060    0  940   85.00000   22.72060  73.3%     -    1s
     0     0   22.72060    0  949   85.00000   22.72060  73.3%     -    1s
     0     0   24.31003    0 1079   85.00000   24.31003  71.4%     -    2s
     0     0   24.34964    0 1003   85.00000   24.34964  71.4%     -    2s
     0     0   24.35024    0 1001   85.00000   24.35024  71.4%     -    2s
H    0     0                      84.0000000   24.35177  71.0%     -    2s
     0     0   24.41281    0 1050   84.00000   24.41281  70.9%     -    2s
     0     0   24.43240    0 1056   84.00000   24.43240  70.9%     -    2s
     0     0   24.43282    0 1060   84.00000   24.43282  70.9%     -    2s
     0     0   25.72337    0 1138   84.00000   25.72337  69.4%     -    4s
H    0     0                      82.0000000   25.77229  68.6%     -    4s
H    0     0                      81.0000000   25.77229  68.2%     -    4s
     0     0   25.80379    0 1165   81.00000   25.80379  68.1%     -    4s
     0     0   25.81047    0 1196   81.00000   25.81047  68.1%     -    4s
     0     0   25.81165    0 1193   81.00000   25.81165  68.1%     -    4s
     0     0   26.72711    0  991   81.00000   26.72711  67.0%     -    5s
H    0     0                      76.0000000   26.72711  64.8%     -    5s
     0     0   26.80808    0 1058   76.00000   26.80808  64.7%     -    5s
     0     0   26.82303    0 1062   76.00000   26.82303  64.7%     -    6s
     0     0   26.82829    0 1130   76.00000   26.82829  64.7%     -    6s
     0     0   26.82898    0 1121   76.00000   26.82898  64.7%     -    6s
     0     0   26.99280    0 1142   76.00000   26.99280  64.5%     -    6s
H    0     0                      73.0000000   26.99280  63.0%     -    6s
     0     0   27.01597    0 1175   73.00000   27.01597  63.0%     -    7s
     0     0   27.01772    0 1178   73.00000   27.01772  63.0%     -    7s
     0     0   27.13289    0 1103   73.00000   27.13289  62.8%     -    7s
H    0     0                      71.0000000   27.13289  61.8%     -    7s
H    0     0                      70.0000000   27.13289  61.2%     -    7s
     0     0   27.14632    0 1159   70.00000   27.14632  61.2%     -    7s
     0     0   27.15209    0 1231   70.00000   27.15209  61.2%     -    7s
     0     0   27.15253    0 1241   70.00000   27.15253  61.2%     -    8s
     0     0   27.22672    0 1187   70.00000   27.22672  61.1%     -    8s
     0     0   27.24425    0 1240   70.00000   27.24425  61.1%     -    8s
     0     0   27.25074    0 1228   70.00000   27.25074  61.1%     -    9s
     0     0   27.25204    0 1223   70.00000   27.25204  61.1%     -    9s
     0     0   27.34476    0 1239   70.00000   27.34476  60.9%     -    9s
     0     0   27.35403    0 1224   70.00000   27.35403  60.9%     -    9s
     0     0   27.35807    0 1274   70.00000   27.35807  60.9%     -    9s
     0     0   27.35845    0 1265   70.00000   27.35845  60.9%     -   10s
     0     0   27.39961    0 1241   70.00000   27.39961  60.9%     -   10s
     0     0   27.40876    0 1242   70.00000   27.40876  60.8%     -   10s
     0     0   27.40960    0 1246   70.00000   27.40960  60.8%     -   10s
     0     0   27.43017    0 1243   70.00000   27.43017  60.8%     -   11s
     0     0   27.43017    0 1131   70.00000   27.43017  60.8%     -   11s
H    0     0                      67.0000000   27.43017  59.1%     -   12s
H    0     0                      65.0000008   27.43017  57.8%     -   12s
H    0     0                      63.0000008   27.43017  56.5%     -   12s
H    0     0                      63.0000000   27.43017  56.5%     -   12s
H    0     0                      61.0000000   27.43017  55.0%     -   12s
H    0     0                      60.0000000   27.43017  54.3%     -   12s
H    0     0                      59.0000000   27.43017  53.5%     -   12s
H    0     0                      56.0000010   27.43017  51.0%     -   12s
H    0     0                      56.0000000   27.43017  51.0%     -   12s
H    0     0                      52.0000000   27.43017  47.2%     -   12s
H    0     0                      50.0000000   27.43017  45.1%     -   12s
H    0     0                      49.0000000   27.43017  44.0%     -   12s
     0     2   27.43017    0 1123   49.00000   27.43017  44.0%     -   12s
    19    21   27.88421   14  926   49.00000   27.43017  44.0%   549   15s
H   26    26                      48.0000000   27.43017  42.9%   485   15s
H   52    52                      47.0000000   27.43017  41.6%   408   18s
H   52    52                      46.0000000   27.43017  40.4%   408   18s
    78    78   29.43083   58  882   46.00000   27.43017  40.4%   333   20s
H  104   102                      45.0000009   27.43017  39.0%   339   24s
H  104   102                      45.0000000   27.43017  39.0%   339   24s
   104   104   30.30345   75  721   45.00000   27.43017  39.0%   342   25s
   339   315   27.72980    1 1020   45.00000   27.47591  38.9%   209   30s
   399   375   30.36882   52  779   45.00000   27.47591  38.9%   235   35s
   528   501   34.79602  146 1131   45.00000   27.47591  38.9%   227   43s
   530   502   42.25757  214  786   45.00000   27.47591  38.9%   226   45s
   539   508   29.82821   34  976   45.00000   28.54775  36.6%   223   50s
   553   518   29.38452   18  949   45.00000   29.38452  34.7%   217   56s
   565   526   29.85420   46 1074   45.00000   29.85420  33.7%   212   60s
   578   534   35.29063  148  912   45.00000   30.61863  32.0%   208   65s
   588   541   33.54655  128 1022   45.00000   30.65650  31.9%   204   70s
   595   546   30.73001   25 1006   45.00000   30.73001  31.7%   202   75s
H  599   519                      44.0000000   30.76279  30.1%   200   78s
   605   523   32.80202  119 1118   44.00000   30.77478  30.1%   198   80s
H  612   500                      42.9999991   30.90068  28.1%   196   85s
H  612   474                      42.0000000   30.90068  26.4%   196   86s
   619   479   34.13777  138 1110   42.00000   30.95841  26.3%   194   90s
   628   485   34.79602  146 1149   42.00000   31.06257  26.0%   191   95s
H  634   462                      41.0000000   31.17887  24.0%   189   99s
   636   463   33.14082  123 1151   41.00000   31.18662  23.9%   189  100s
   649   472   31.23219   40 1164   41.00000   31.23219  23.8%   185  105s
   664   482   35.05220  148 1111   41.00000   31.27362  23.7%   181  110s
   676   490   37.59893  174  991   41.00000   31.33011  23.6%   177  115s
   693   501   31.35247   75 1084   41.00000   31.35247  23.5%   173  120s
   708   511   31.52385   95  975   41.00000   31.52385  23.1%   169  125s
   724   522   31.57241   63 1099   41.00000   31.57241  23.0%   166  130s
   741   533   31.59041   26 1179   41.00000   31.59041  23.0%   162  135s
   753   542   31.59431   18  553   41.00000   31.59431  22.9%   579  140s
   763   549   35.85250  150 1019   41.00000   31.59443  22.9%   571  145s
   769   553   31.59468   55 1073   41.00000   31.59468  22.9%   567  150s
   774   556   31.59559   29 1153   41.00000   31.59559  22.9%   563  155s
   779   559   31.59673   30 1110   41.00000   31.59673  22.9%   559  160s
   782   563   31.61737   25  970   41.00000   31.60276  22.9%   646  166s
   803   577   31.89975   35  788   41.00000   31.61739  22.9%   655  170s
   859   615   32.90831   63  585   41.00000   31.61739  22.9%   646  175s
   931   663   35.34861   99  394   41.00000   31.61739  22.9%   619  180s
H  989   670                      40.0000000   31.61739  21.0%   598  183s
  1041   707   37.76947  154  307   40.00000   31.61739  21.0%   575  185s
  1078   719   31.80728   34  967   40.00000   31.61786  21.0%   570  190s
  1107   738   33.51946   48  652   40.00000   31.61786  21.0%   574  195s
  1160   773   34.70503   75  515   40.00000   31.61786  21.0%   568  200s
  1275   837   31.93484   28  955   40.00000   31.62754  20.9%   539  221s
  1296   851   32.26505   38  782   40.00000   31.62754  20.9%   541  225s
  1347   885   34.18387   64  488   40.00000   31.62754  20.9%   535  230s
  1461   951   31.75013   29  935   40.00000   31.62804  20.9%   510  235s
  1494   973   32.61213   46  692   40.00000   31.62804  20.9%   511  240s
  1553  1012   34.45211   75  527   40.00000   31.62804  20.9%   506  245s
  1672  1079   38.73569  135  233   40.00000   31.62804  20.9%   484  250s
  1703  1095   33.04903   43  467   40.00000   31.62997  20.9%   488  255s
  1787  1151   35.14756   85  367   40.00000   31.62997  20.9%   480  260s
  1895  1208   31.90902   32  948   40.00000   31.63017  20.9%   465  265s
  1924  1228   32.45155   47  764   40.00000   31.63017  20.9%   468  270s
  1957  1250   33.63175   63  596   40.00000   31.63017  20.9%   471  275s
H 1975  1180                      39.0000000   31.63017  18.9%   470  279s
  1975  1182   34.85045   72  557   39.00000   31.63017  18.9%   471  285s
  2048  1230   36.42819  109  420   39.00000   31.63017  18.9%   466  290s
  2135  1260   32.46775   37  756   39.00000   31.63140  18.9%   456  295s
  2185  1294   34.38139   62  507   39.00000   31.63140  18.9%   456  300s
  2264  1346   36.69749  101  313   39.00000   31.63140  18.9%   451  305s
  2334  1376   32.91016   43  730   39.00000   31.63140  18.9%   446  310s
  2366  1408   34.65441   59  590   39.00000   31.63140  18.9%   449  315s
  2437  1468   31.63679   30 1090   39.00000   31.63487  18.9%   446  320s
  2466  1497   32.96827   51  700   39.00000   31.63487  18.9%   447  325s
  2526  1557   35.32917   85  451   39.00000   31.63487  18.9%   444  330s
  2619  1636   32.15454   36  848   39.00000   31.63938  18.9%   436  335s
  2658  1675   33.10629   52  645   39.00000   31.63938  18.9%   437  340s
  2727  1744   35.47672   85  463   39.00000   31.63938  18.9%   434  345s
  2808  1810   32.94917   38  894   39.00000   31.64030  18.9%   428  350s
  2846  1848   34.36373   59  548   39.00000   31.64030  18.9%   429  355s
  2928  1930   36.55145  104  489   39.00000   31.64030  18.9%   424  360s
  3003  1985   31.86197   32 1054   39.00000   31.64991  18.8%   418  365s
  3039  2021   33.24299   55  786   39.00000   31.64991  18.8%   419  370s
  3093  2075   35.06887   85  522   39.00000   31.64991  18.8%   417  375s
  3189  2157   31.99473   37  899   39.00000   31.65244  18.8%   412  380s
  3224  2192   33.18751   52  741   39.00000   31.65244  18.8%   413  385s
  3270  2238   35.42013   73  462   39.00000   31.65244  18.8%   415  390s
  3377  2320   32.34450   40  878   39.00000   31.65244  18.8%   408  395s
  3430  2373   34.44785   72  558   39.00000   31.65244  18.8%   407  400s
  3544  2465   31.99071   34  905   39.00000   31.73265  18.6%   399  405s
  3595  2516   33.86449   65  635   39.00000   31.73265  18.6%   399  410s
  3704  2625   36.41879  123  183   39.00000   31.73265  18.6%   393  415s
  3779  2684   33.04141   60  542   39.00000   31.73384  18.6%   390  420s
  3893  2798   36.34435  134  242   39.00000   31.73384  18.6%   384  425s
  3967  2857   34.29828   63  650   39.00000   31.73683  18.6%   381  430s
  4031  2903   33.19196   49  672   39.00000   31.73749  18.6%   381  435s
  4134  2994   32.07465   38  912   39.00000   31.74337  18.6%   376  440s
  4163  3023   33.10782   52  659   39.00000   31.74337  18.6%   377  445s
  4207  3067   36.05230   74  472   39.00000   31.74337  18.6%   379  450s
  4315  3155     cutoff  128        39.00000   31.74337  18.6%   374  455s
  4353  3189   34.51757   68  535   39.00000   31.74583  18.6%   375  460s
  4412  3238   33.75212   49  619   39.00000   31.75053  18.6%   375  465s
  4492  3299   32.48041   42  809   39.00000   31.75074  18.6%   372  470s
  4525  3332   33.37315   60  719   39.00000   31.75074  18.6%   373  475s
  4592  3399   35.58470   99  383   39.00000   31.75074  18.6%   372  480s
  4685  3477   32.79410   48  804   39.00000   31.75180  18.6%   369  485s
  4767  3538   32.63767   40  775   39.00000   31.75535  18.6%   366  490s
  4833  3602   37.96995  105  328   39.00000   31.75535  18.6%   366  495s
  4879  3641   37.15501   71  420   39.00000   31.75545  18.6%   366  500s
  4919  3675   32.69504   39  764   39.00000   31.75550  18.6%   368  505s
  4967  3723   34.79855   59  522   39.00000   31.75550  18.6%   369  510s
  5029  3776   33.43878   48  648   39.00000   31.75550  18.6%   369  515s
  5089  3830   33.26687   54  612   39.00000   31.75887  18.6%   368  520s
  5176  3897   33.06225   54  809   39.00000   31.75962  18.6%   365  525s
  5233  3941   33.09928   52  729   39.00000   31.76013  18.6%   366  530s
  5305  3996   32.23566   45  828   39.00000   31.76150  18.6%   364  535s
  5403  4085   32.78176   47  671   39.00000   31.76150  18.6%   362  540s
  5497  4167   32.28138   39  789   39.00000   31.76179  18.6%   359  545s
  5565  4235   35.73742   70  424   39.00000   31.76179  18.6%   359  550s
  5644  4288   33.54699   42  832   39.00000   31.76243  18.6%   358  555s
  5696  4332   32.52664   31  922   39.00000   31.76645  18.5%   358  560s
  5761  4394   37.28297   95  224   39.00000   31.76645  18.5%   357  565s
  5826  4449   36.36016   78  373   39.00000   31.76645  18.5%   357  570s
  5906  4517   36.29193   68  437   39.00000   31.77089  18.5%   356  575s
  5950  4556   33.53883   48  621   39.00000   31.77519  18.5%   357  580s
  6006  4612   34.67118   76  458   39.00000   31.77519  18.5%   356  585s
  6122  4711   32.75276   41  688   39.00000   31.77681  18.5%   353  590s
  6208  4773   32.08210   38  863   39.00000   31.77696  18.5%   352  595s
  6298  4838   31.97990   34  954   39.00000   31.78169  18.5%   350  600s
  6357  4897   37.80303   93  361   39.00000   31.78169  18.5%   350  605s
  6409  4936   35.55204   71  406   39.00000   31.79407  18.5%   350  610s
  6474  4989   34.36881   58  588   39.00000   31.79410  18.5%   350  615s
  6557  5049   32.49927   49  790   39.00000   31.79454  18.5%   348  620s
  6622  5114   35.31149   86  518   39.00000   31.79454  18.5%   348  625s
  6701  5175   33.21828   40  663   39.00000   31.79515  18.5%   348  630s
  6764  5228   32.81578   43  785   39.00000   31.79585  18.5%   347  635s
  6842  5298   37.90572  114  236   39.00000   31.79585  18.5%   347  640s
  6903  5353   37.68463   95  391   39.00000   31.79971  18.5%   347  645s
  6945  5385   33.83786   68  610   39.00000   31.80065  18.5%   347  650s
  7004  5436   32.19019   38  801   39.00000   31.80163  18.5%   347  655s
  7079  5501   32.03721   31  953   39.00000   31.80231  18.5%   346  660s
  7119  5541   34.90580   71  486   39.00000   31.80231  18.5%   347  665s
  7193  5606   34.10990   60  683   39.00000   31.80662  18.4%   346  670s
  7274  5655   33.11752   39  699   39.00000   31.80699  18.4%   345  675s
  7361  5728   31.89366   32  961   39.00000   31.80861  18.4%   344  680s
  7420  5787   34.71973   91  423   39.00000   31.80861  18.4%   344  685s
  7517  5865   35.16029   98  377   39.00000   31.80884  18.4%   342  690s
  7602  5932   33.23892   54  668   39.00000   31.80947  18.4%   341  695s
  7744  6057   31.86494   35  877   39.00000   31.81138  18.4%   337  700s
  7847  6146   32.22868   36  913   39.00000   31.81142  18.4%   335  705s
  7879  6178   33.37501   52  676   39.00000   31.81142  18.4%   336  710s
  7927  6226   34.17446   76  461   39.00000   31.81142  18.4%   336  715s
  8015  6314   36.93917  120  262   39.00000   31.81142  18.4%   335  720s
  8091  6366   34.35392   73  424   39.00000   31.81204  18.4%   335  725s
  8179  6442   34.31994   64  546   39.00000   31.81523  18.4%   334  730s
  8250  6496   33.70310   57  746   39.00000   31.82040  18.4%   333  735s
  8329  6565   33.07816   52  764   39.00000   31.82382  18.4%   332  740s
  8386  6612   32.52652   51  842   39.00000   31.82542  18.4%   332  745s
  8453  6669   32.34144   42  777   39.00000   31.82586  18.4%   332  750s
  8564  6761   31.90721   38  974   39.00000   31.82738  18.4%   330  755s
  8622  6819   36.45311   96  451   39.00000   31.82738  18.4%   331  760s
  8666  6854   34.40444   47  688   39.00000   31.82889  18.4%   331  765s
  8740  6899   32.33897   44  858   39.00000   31.83207  18.4%   331  770s
  8788  6947   34.58831   68  648   39.00000   31.83207  18.4%   331  775s
  8884  7007   32.05521   38 1080   39.00000   31.83625  18.4%   330  780s
  8931  7054   36.04475   85  430   39.00000   31.83625  18.4%   330  785s
  8984  7093   34.49274   63  564   39.00000   31.83942  18.4%   330  790s
  9063  7161   32.49659   49  823   39.00000   31.84345  18.4%   329  795s
  9134  7217   32.35667   40  885   39.00000   31.84345  18.4%   329  800s
  9227  7295   32.34015   33  794   39.00000   31.84644  18.3%   328  806s
  9293  7353   32.00207   32  946   39.00000   31.85171  18.3%   327  810s
  9341  7401   36.10942   80  442   39.00000   31.85171  18.3%   328  815s
  9403  7454   34.06306   55  617   39.00000   31.85178  18.3%   328  820s
  9468  7510   33.53031   50  644   39.00000   31.85264  18.3%   329  825s
  9529  7571   36.54212  111  337   39.00000   31.85264  18.3%   328  830s
  9607  7628   32.44694   37  784   39.00000   31.85388  18.3%   328  835s
  9655  7676   35.40599   61  335   39.00000   31.85388  18.3%   328  840s
  9767  7758   33.08190   52  702   39.00000   31.85449  18.3%   326  845s
  9901  7882   37.64511  126  222   39.00000   31.85449  18.3%   324  850s
  9934  7905   33.22485   47  781   39.00000   31.85776  18.3%   325  855s
  9978  7949   35.82970   64  473   39.00000   31.85776  18.3%   326  860s
 10046  8003   34.15351   57  703   39.00000   31.85857  18.3%   325  865s
 10119  8060   32.74763   53  780   39.00000   31.85996  18.3%   325  870s
 10186  8114   32.63870   40  927   39.00000   31.86197  18.3%   325  875s
 10203  8130   35.24463   70 1131   39.00000   31.86197  18.3%   325 1042s
 10207  8133   36.69333  105  993   39.00000   31.86197  18.3%   325 1045s
 10215  8138   36.21044   64 1048   39.00000   31.86197  18.3%   325 1051s
 10220  8141   37.34820  147 1078   39.00000   31.86197  18.3%   325 1057s
 10226  8145   31.94157   39 1074   39.00000   31.86197  18.3%   325 1062s
 10228  8147   32.20602   38 1193   39.00000   31.86197  18.3%   325 1065s
 10232  8149   34.07983   51 1217   39.00000   31.86197  18.3%   324 1070s
 10235  8151   34.45472   58 1196   39.00000   31.86197  18.3%   324 1076s
 10239  8154   34.64664   56 1246   39.00000   31.87149  18.3%   324 1081s
 10241  8155   36.15009  101 1190   39.00000   31.87807  18.3%   324 1085s
 10246  8159   32.68158   41 1144   39.00000   31.89127  18.2%   324 1090s
 10249  8161   36.53754  108 1123   39.00000   31.89127  18.2%   324 1096s
 10253  8163   32.80680   43 1129   39.00000   31.90507  18.2%   324 1101s
 10258  8167   32.48332   42 1161   39.00000   31.91338  18.2%   324 1107s
 10260  8168   35.24333   85 1239   39.00000   31.91338  18.2%   323 1110s
 10266  8172   32.10652   32 1280   39.00000   31.91708  18.2%   323 1116s
 10268  8173   32.68107   40 1271   39.00000   31.92212  18.1%   323 1121s
 10270  8175   36.49134  133 1268   39.00000   31.92272  18.1%   323 1126s
 10271  8175   32.39334   37 1103   39.00000   31.92549  18.1%   323 1130s
 10276  8179   35.60120   60 1092   39.00000   31.93907  18.1%   323 1135s
 10282  8183   36.01068   88 1167   39.00000   31.95430  18.1%   323 1142s
 10286  8185   34.50457   79 1143   39.00000   31.95430  18.1%   323 1147s
 10289  8187   34.13947   81 1158   39.00000   31.95664  18.1%   323 1152s
 10292  8189   33.06857   49 1165   39.00000   31.96506  18.0%   322 1157s
 10295  8191   35.66950   98 1254   39.00000   31.96506  18.0%   322 1160s
 10300  8195   36.67507  117 1280   39.00000   31.96506  18.0%   322 1166s
 10304  8197   35.67228   98 1282   39.00000   31.96838  18.0%   322 1171s
 10305  8198   37.26898  133 1254   39.00000   31.97174  18.0%   322 1184s
 10306  8199   37.98054  128 1314   39.00000   31.97174  18.0%   322 1186s
 10308  8200   33.40668   55 1269   39.00000   31.97287  18.0%   322 1190s
 10311  8202   32.60014   50 1254   39.00000   31.97287  18.0%   322 1197s
 10313  8203   34.53058   85 1276   39.00000   31.97378  18.0%   322 1202s
 10314  8204   37.80449  111 1199   39.00000   31.98122  18.0%   322 1205s
 10317  8206   37.56466  119 1199   39.00000   31.98597  18.0%   322 1210s
 10319  8207   37.25138   93 1279   39.00000   31.98783  18.0%   322 1215s
 10322  8209   36.82357   91 1253   39.00000   31.98783  18.0%   322 1221s
 10324  8211   35.98514  108 1257   39.00000   31.98783  18.0%   321 1226s
 10328  8213   32.20602   38 1235   39.00000   31.98907  18.0%   321 1231s
 10330  8215   36.04847  103 1220   39.00000   31.99022  18.0%   321 1236s
 10332  8216   34.07983   51 1225   39.00000   31.99022  18.0%   321 1241s
 10334  8217   34.02510   53 1232   39.00000   31.99022  18.0%   321 1246s
 10336  8219   35.20846   90 1209   39.00000   31.99198  18.0%   321 1252s
 10338  8220   32.53517   42 1267   39.00000   31.99198  18.0%   321 1257s
 10341  8222   36.15009  101 1212   39.00000   31.99198  18.0%   321 1262s
 10343  8223   34.15173   51 1228   39.00000   31.99237  18.0%   321 1267s
 10344  8224   32.66367   45 1286   39.00000   31.99237  18.0%   321 1270s
 10346  8225   32.68158   41 1230   39.00000   31.99370  18.0%   321 1275s
 10348  8227   34.24240   63 1307   39.00000   31.99370  18.0%   321 1280s
 10351  8229   32.80093   55 1254   39.00000   31.99694  18.0%   321 1285s
 10355  8231   35.85921   93 1265   39.00000   31.99713  18.0%   321 1292s
 10356  8232   34.97453   82 1179   39.00000   31.99810  18.0%   320 1295s
 10359  8234   36.33507   88 1229   39.00000   31.99885  18.0%   320 1301s
 10361  8235   35.82591   96 1182   39.00000   32.00643  17.9%   320 1306s
 10363  8237   37.26405   90 1198   39.00000   32.00643  17.9%   320 1311s
 10365  8238   32.00643   34 1231   39.00000   32.00643  17.9%   320 1317s
 10367  8239   32.50984   46 1197   39.00000   32.00643  17.9%   320 1322s
 10369  8241   32.56297   43 1188   39.00000   32.00643  17.9%   320 1327s
 10370  8241   36.49134  133 1286   39.00000   32.00643  17.9%   320 1330s
 10372  8243   37.10535   71 1269   39.00000   32.00643  17.9%   320 1335s
 10376  8245   35.60120   60 1325   39.00000   32.00643  17.9%   320 1341s
 10377  8246   33.75975   53 1228   39.00000   32.00643  17.9%   320 1345s
 10379  8247   36.86688  108 1220   39.00000   32.00643  17.9%   320 1350s
 10381  8249   35.54041   76 1225   39.00000   32.00643  17.9%   320 1356s
 10383  8250   36.79529   86 1233   39.00000   32.00643  17.9%   320 1362s
 10386  8252   34.50457   79 1247   39.00000   32.00643  17.9%   320 1367s
 10388  8253   34.12928   68 1218   39.00000   32.00839  17.9%   320 1372s
 10390  8255   35.22665   86 1345   39.00000   32.00839  17.9%   319 1375s
 10394  8257   33.46594   59 1334   39.00000   32.00939  17.9%   319 1381s
 10396  8259   35.82205   72 1364   39.00000   32.01190  17.9%   319 1387s
 10397  8259   35.67982   89 1283   39.00000   32.01190  17.9%   319 1390s
 10399  8261   33.93917   67 1230   39.00000   32.01190  17.9%   319 1396s
 10401  8262   35.37969   71 1301   39.00000   32.01190  17.9%   319 1401s
 10403  8263   35.24463   70 1285   39.00000   32.01190  17.9%   319 1407s
 10405  8265   37.26898  133 1256   39.00000   32.01190  17.9%   319 1412s
 10407  8266   36.69333  105 1231   39.00000   32.01190  17.9%   319 1416s
 10410  8268   35.17164   86 1319   39.00000   32.01190  17.9%   319 1420s
 10414  8271   37.80449  111 1303   39.00000   32.01459  17.9%   319 1425s
 10418  8273   34.53058   85 1320   39.00000   32.01619  17.9%   319 1430s
 10424  8277   35.98514  108 1302   39.00000   32.01619  17.9%   318 1435s
 10428  8280   32.20602   38 1301   39.00000   32.01619  17.9%   318 1441s
 10431  8282   35.17788   92 1359   39.00000   32.01619  17.9%   318 1445s
 10435  8285   34.45472   58 1335   39.00000   32.01619  17.9%   318 1450s
 10438  8287   32.53517   42 1310   39.00000   32.01619  17.9%   318 1455s
 10442  8289   33.99164   56 1299   39.00000   32.01770  17.9%   318 1461s
 10445  8291   33.48757   49 1339   39.00000   32.01770  17.9%   318 1465s
 10449  8294   36.53754  108 1303   39.00000   32.02065  17.9%   318 1470s
 10453  8297   32.80680   43 1387   39.00000   32.02065  17.9%   318 1475s
 10457  8299   36.42902   78 1377   39.00000   32.02065  17.9%   317 1481s
 10460  8301   35.24333   85 1301   39.00000   32.02198  17.9%   317 1485s
 10464  8304   37.36782  136 1400   39.00000   32.02264  17.9%   317 1492s
 10467  8306   32.50984   46 1433   39.00000   32.02264  17.9%   317 1496s
 10470  8308   36.49134  133 1310   39.00000   32.02264  17.9%   317 1500s
 10474  8311   34.06892   61 1343   39.00000   32.02279  17.9%   317 1506s
 10477  8313   33.75975   53 1382   39.00000   32.02279  17.9%   317 1510s
 10479  8314   36.86688  108 1348   39.00000   32.02314  17.9%   317 1517s
 10481  8317   32.03972   36 1207   39.00000   32.03972  17.8%   368 1520s
 10493  8325   32.47982   42  914   39.00000   32.04230  17.8%   369 1525s
 10504  8333   32.80601   48  893   39.00000   32.04230  17.8%   370 1530s
 10514  8339   32.95511   53  881   39.00000   32.04230  17.8%   370 1535s
 10528  8349   33.12966   60  796   39.00000   32.04230  17.8%   371 1540s
 10542  8358   33.63616   67  661   39.00000   32.04230  17.8%   372 1545s
 10557  8368   34.05250   74  655   39.00000   32.04230  17.8%   372 1550s
 10572  8378   34.57700   82  545   39.00000   32.04230  17.8%   373 1555s
 10588  8389   34.83989   90  505   39.00000   32.04230  17.8%   373 1560s
 10609  8403   36.75701  100  435   39.00000   32.04230  17.8%   373 1569s
 10618  8408   36.84859  105  390   39.00000   32.04230  17.8%   373 1570s
 10633  8407   32.37716   40 1000   39.00000   32.04230  17.8%   374 1575s
 10636  8409   32.31507   42  915   39.00000   32.04230  17.8%   374 1580s
 10642  8413   32.46443   45  874   39.00000   32.04230  17.8%   375 1585s
 10652  8419   32.98166   50  776   39.00000   32.04230  17.8%   376 1590s
 10661  8425   33.59193   54  668   39.00000   32.04230  17.8%   377 1595s
 10674  8434   34.16488   61  584   39.00000   32.04230  17.8%   377 1600s
 10689  8444   34.55651   68  542   39.00000   32.04230  17.8%   377 1605s
 10713  8460   35.30332   80  457   39.00000   32.04230  17.8%   377 1612s
 10739  8477   35.08167   93  404   39.00000   32.04230  17.8%   377 1621s
 10765  8495   36.60459  106  343   39.00000   32.04230  17.8%   377 1625s
 10791  8511   37.09227  119  303   39.00000   32.04230  17.8%   376 1630s
 10805  8513   32.69327   41  909   39.00000   32.06099  17.8%   377 1635s
 10817  8521   34.23087   47  556   39.00000   32.06099  17.8%   377 1641s
 10829  8529   34.44284   53  596   39.00000   32.06099  17.8%   377 1645s
 10866  8553   37.13877   71  363   39.00000   32.06099  17.8%   378 1650s
 10893  8552   32.58374   42 1053   39.00000   32.06099  17.8%   378 1655s
 10902  8558   33.03714   46  948   39.00000   32.06099  17.8%   379 1660s
 10908  8562   33.34557   49  919   39.00000   32.06099  17.8%   379 1665s
 10925  8573   34.04675   58  790   39.00000   32.06099  17.8%   379 1670s
 10954  8593   35.85273   72  383   39.00000   32.06099  17.8%   379 1675s
 10982  8611   36.77198   86  415   39.00000   32.06099  17.8%   379 1680s
 11029  8638   37.69575  110  419   39.00000   32.06099  17.8%   379 1685s
 11046  8638   32.20307   43 1054   39.00000   32.08623  17.7%   379 1690s
 11057  8645   32.75405   48  844   39.00000   32.08623  17.7%   380 1695s
 11070  8654   33.33169   55  724   39.00000   32.08623  17.7%   380 1700s
 11085  8662   34.31657   62  627   39.00000   32.08623  17.7%   381 1705s
 11106  8676   36.28740   72  430   39.00000   32.08623  17.7%   382 1710s
 11148  8698   37.60353   93  303   39.00000   32.08623  17.7%   382 1715s
 11162  8697   32.78157   41  985   39.00000   32.08643  17.7%   382 1720s
 11172  8704   33.25254   46  860   39.00000   32.08643  17.7%   383 1725s
 11185  8713   34.14509   52  718   39.00000   32.08643  17.7%   384 1730s
 11202  8724   34.87079   61  559   39.00000   32.08643  17.7%   385 1735s
 11239  8749   36.37720   79  360   39.00000   32.08643  17.7%   385 1740s
 11290  8759   37.62829  108  205   39.00000   32.08643  17.7%   385 1745s
 11298  8762   32.84781   42  861   39.00000   32.12972  17.6%   386 1750s
 11307  8768   32.91960   47  789   39.00000   32.12972  17.6%   386 1755s
 11319  8776   33.37128   53  612   39.00000   32.12972  17.6%   387 1760s
 11344  8793   34.64065   65  595   39.00000   32.12972  17.6%   387 1765s
 11372  8811   36.43809   79  483   39.00000   32.12972  17.6%   387 1770s
 11414  8833   37.76291  100  363   39.00000   32.12972  17.6%   387 1775s
 11440  8832   32.42603   38 1151   39.00000   32.12972  17.6%   387 1780s
 11447  8836   32.83019   42  975   39.00000   32.12972  17.6%   388 1785s
 11458  8844   33.99929   47  661   39.00000   32.12972  17.6%   389 1790s
 11474  8854   34.86874   55  553   39.00000   32.12972  17.6%   389 1795s
 11504  8874   36.63114   70  341   39.00000   32.12972  17.6%   389 1800s
 11537  8884   32.16918   37 1194   39.00000   32.15783  17.5%   389 1805s
 11545  8890   33.25828   42  902   39.00000   32.15783  17.5%   390 1810s
 11557  8898   33.35839   52  888   39.00000   32.15783  17.5%   391 1815s
 11574  8909   33.79030   68  673   39.00000   32.15783  17.5%   391 1820s
 11593  8922   34.84728   81  605   39.00000   32.15783  17.5%   391 1825s
 11624  8942   35.96005  102  357   39.00000   32.15783  17.5%   391 1830s
 11676  8962   32.33795   41 1195   39.00000   32.15784  17.5%   390 1836s
 11684  8967   32.60180   47  943   39.00000   32.15784  17.5%   391 1840s
 11697  8976   33.41860   57  824   39.00000   32.15784  17.5%   391 1845s
 11720  8991   34.29258   73  632   39.00000   32.15784  17.5%   391 1850s
 11748  9010   36.05719   92  382   39.00000   32.15784  17.5%   391 1855s
 11797  9025   32.25116   41 1213   39.00000   32.16918  17.5%   390 1861s
 11803  9029   32.81281   46  865   39.00000   32.16918  17.5%   391 1865s
 11813  9035   33.53203   52  748   39.00000   32.16918  17.5%   391 1870s
 11836  9051   34.84359   67  622   39.00000   32.16918  17.5%   391 1875s
 11868  9072   35.57543   89  426   39.00000   32.16918  17.5%   391 1880s
 11918  9096   37.55859  122  359   39.00000   32.16918  17.5%   390 1885s
 11931  9097   32.87304   43  873   39.00000   32.19240  17.5%   391 1890s
 11947  9108   33.70980   55  641   39.00000   32.19240  17.5%   391 1895s
 11970  9123   34.59886   72  399   39.00000   32.19240  17.5%   391 1900s
 12022  9143   32.46822   39 1163   39.00000   32.25518  17.3%   391 1906s
 12025  9145   32.78578   41  961   39.00000   32.25518  17.3%   391 1910s
 12038  9153   33.71980   49  739   39.00000   32.25518  17.3%   392 1915s
 12057  9166   34.53213   62  610   39.00000   32.25518  17.3%   392 1920s
 12095  9189   36.69306   83  372   39.00000   32.25518  17.3%   392 1925s
 12130  9192   32.62773   43  936   39.00000   32.25576  17.3%   392 1930s
 12143  9200   33.79537   54  748   39.00000   32.25576  17.3%   393 1935s
 12162  9213   34.37502   64  646   39.00000   32.25576  17.3%   393 1940s
 12183  9227   35.74977   73  604   39.00000   32.25576  17.3%   393 1945s
 12224  9252   37.40760   96  397   39.00000   32.25576  17.3%   393 1950s
 12252  9249   32.72086   41 1034   39.00000   32.25626  17.3%   393 1955s
 12261  9255   33.42674   47  913   39.00000   32.25626  17.3%   394 1960s
 12275  9264   34.85303   59  731   39.00000   32.25626  17.3%   394 1965s
 12303  9283   36.62016   73  377   39.00000   32.25626  17.3%   394 1970s
 12340  9292   32.51754   45 1054   39.00000   32.25649  17.3%   394 1975s
 12353  9300   33.29592   54  871   39.00000   32.25649  17.3%   394 1980s
 12370  9312   34.89667   67  691   39.00000   32.25649  17.3%   395 1985s
 12392  9326   35.92706   77  564   39.00000   32.25649  17.3%   395 1990s
 12426  9349   36.88085   96  412   39.00000   32.25649  17.3%   395 1995s
 12452  9350   32.47167   44 1151   39.00000   32.26205  17.3%   395 2000s
 12465  9359   33.13507   57  885   39.00000   32.26205  17.3%   395 2005s
 12483  9371   35.65746   75  548   39.00000   32.26205  17.3%   396 2010s
 12518  9376   32.37391   46 1061   39.00000   32.26291  17.3%   395 2015s
 12530  9384   33.74348   58  727   39.00000   32.26291  17.3%   396 2020s
 12551  9398   35.74141   79  594   39.00000   32.26291  17.3%   396 2025s
 12584  9396   32.47132   45 1175   39.00000   32.27311  17.2%   396 2030s
 12591  9401   32.89818   49 1016   39.00000   32.27311  17.2%   397 2035s
 12604  9410   34.30039   55  748   39.00000   32.27311  17.2%   397 2040s
 12628  9426   36.40971   67  434   39.00000   32.27311  17.2%   398 2045s
 12687  9440   37.51443   98  344   39.00000   32.27311  17.2%   398 2050s
 12705  9439   32.91440   44  951   39.00000   32.27311  17.2%   398 2055s
 12721  9450   33.61956   60  697   39.00000   32.27311  17.2%   398 2060s
 12748  9468   36.43721   87  346   39.00000   32.27311  17.2%   398 2065s
 12782  9476   32.58176   42 1070   39.00000   32.27802  17.2%   398 2070s
 12789  9481   32.88939   49 1044   39.00000   32.27802  17.2%   398 2075s
 12800  9488   33.64464   60  857   39.00000   32.27802  17.2%   399 2080s
 12817  9500   35.55611   77  485   39.00000   32.27802  17.2%   399 2085s
 12863  9520   32.48427   41 1123   39.00000   32.29307  17.2%   399 2091s
 12874  9528   33.20726   49  786   39.00000   32.29307  17.2%   399 2095s
 12901  9546   35.43463   62  448   39.00000   32.29307  17.2%   399 2100s
 12952  9579   37.10931   95  236   39.00000   32.29307  17.2%   399 2105s
 12976  9584   33.98710   50  843   39.00000   32.30030  17.2%   399 2110s
 13001  9600   36.94522   75  537   39.00000   32.30030  17.2%   399 2115s
 13019  9606   33.64035   51  891   39.00000   32.30062  17.2%   400 2120s
 13032  9615   34.47958   64  718   39.00000   32.30062  17.2%   400 2125s
 13061  9634   36.38406   93  507   39.00000   32.30062  17.2%   400 2130s
 13082  9637   33.08054   45 1020   39.00000   32.30410  17.2%   401 2135s
 13101  9650   35.93066   64  515   39.00000   32.30410  17.2%   401 2140s
 13143  9662   33.23266   44  870   39.00000   32.30410  17.2%   401 2145s
 13155  9670   33.99916   52  838   39.00000   32.30410  17.2%   401 2150s
 13172  9681   35.73798   59  605   39.00000   32.30410  17.2%   402 2155s
 13205  9685   32.55914   41 1207   39.00000   32.30696  17.2%   402 2160s
 13218  9694   34.14247   54  694   39.00000   32.30696  17.2%   403 2165s
 13257  9710   32.44402   41 1256   39.00000   32.30821  17.2%   403 2170s
 13267  9717   33.08051   51  861   39.00000   32.30821  17.2%   404 2175s
 13285  9729   34.80634   69  736   39.00000   32.30821  17.2%   404 2180s
 13312  9747   36.50342   96  423   39.00000   32.30821  17.2%   404 2185s
 13356  9759   33.22662   42 1007   39.00000   32.30906  17.2%   404 2190s
 13371  9769   34.17220   57  734   39.00000   32.30906  17.2%   405 2195s
 13398  9785   37.93590   84  538   39.00000   32.30906  17.2%   405 2200s
 13416  9789   32.74819   52  949   39.00000   32.30933  17.2%   405 2205s
 13434  9801   35.07828   70  621   39.00000   32.30933  17.2%   406 2210s
 13487  9820   32.50130   42 1186   39.00000   32.32236  17.1%   406 2216s
 13501  9830   33.80225   56  749   39.00000   32.32236  17.1%   406 2220s
 13534  9844   32.67241   43 1057   39.00000   32.32257  17.1%   406 2225s
 13561  9862   34.63397   70  607   39.00000   32.32257  17.1%   406 2230s
 13627  9895   32.52237   44 1081   39.00000   32.32561  17.1%   406 2235s
 13642  9905   33.87436   53  787   39.00000   32.32561  17.1%   406 2240s
 13667  9921   35.85576   67  413   39.00000   32.32561  17.1%   407 2245s
 13725  9945   32.64943   43  968   39.00000   32.33159  17.1%   407 2250s
 13760  9968   36.07437   78  483   39.00000   32.33159  17.1%   407 2255s
 13787  9978   33.16039   46  885   39.00000   32.33184  17.1%   407 2260s
 13820 10000   35.09814   79  507   39.00000   32.33184  17.1%   408 2265s
 13864 10013   33.42615   45  774   39.00000   32.33374  17.1%   408 2270s
 13901 10037   36.53893   82  532   39.00000   32.33374  17.1%   408 2275s
 13949 10053   33.12517   53  892   39.00000   32.33795  17.1%   408 2280s
 13961 10061   34.62485   65  688   39.00000   32.33795  17.1%   409 2285s
 13996 10075   32.89505   42 1227   39.00000   32.33988  17.1%   409 2291s
 14002 10079   33.37335   45  902   39.00000   32.33988  17.1%   410 2295s
 14014 10087   33.91054   51  809   39.00000   32.33988  17.1%   411 2300s
 14028 10096   34.59235   58  555   39.00000   32.33988  17.1%   411 2305s
 14099 10128   32.36551   44 1239   39.00000   32.34135  17.1%   411 2310s
 14107 10134   33.70099   47  803   39.00000   32.34135  17.1%   412 2315s
 14126 10146   34.18266   56  839   39.00000   32.34135  17.1%   413 2320s
 14154 10165   36.55957   70  554   39.00000   32.34135  17.1%   413 2325s
 14192 10169   33.44424   50  880   39.00000   32.34135  17.1%   414 2330s
 14220 10188   35.74409   78  511   39.00000   32.34135  17.1%   414 2335s
 14255 10195   32.94817   48  897   39.00000   32.35323  17.0%   415 2340s
 14274 10208   34.68554   67  718   39.00000   32.35323  17.0%   415 2345s
 14320 10223   32.59188   48 1060   39.00000   32.35555  17.0%   415 2350s
 14338 10235   34.59861   66  629   39.00000   32.35555  17.0%   416 2355s
 14353 10245   35.77929   81  426   39.00000   32.35555  17.0%   416 2360s
 14374 10259   36.88289  102  358   39.00000   32.35555  17.0%   416 2365s
 14417 10269   32.48739   46 1198   39.00000   32.35572  17.0%   415 2370s
 14445 10288   34.95636   74  440   39.00000   32.35572  17.0%   416 2375s
 14487 10305   32.99016   51  966   39.00000   32.35572  17.0%   417 2380s
 14514 10323   35.01309   63  497   39.00000   32.35572  17.0%   417 2385s
 14588 10354   32.49092   47 1132   39.00000   32.36285  17.0%   418 2390s
 14599 10362   34.62872   58  726   39.00000   32.36285  17.0%   419 2395s
 14640 10381   33.15305   47 1039   39.00000   32.37154  17.0%   420 2400s
 14649 10387   33.81238   56  860   39.00000   32.37154  17.0%   420 2405s
 14676 10405   35.92928   83  668   39.00000   32.37154  17.0%   421 2410s
 14712 10418   32.92289   48  940   39.00000   32.37407  17.0%   421 2415s
 14733 10432   34.80765   69  713   39.00000   32.37407  17.0%   421 2420s
 14776 10449   32.60735   47 1108   39.00000   32.37716  17.0%   422 2426s
 14785 10455   33.04532   56  953   39.00000   32.37716  17.0%   422 2430s
 14799 10464   34.66572   70  680   39.00000   32.37716  17.0%   423 2435s
 14838 10482   32.52480   41 1056   39.00000   32.37716  17.0%   424 2441s
 14849 10489   33.73029   52  835   39.00000   32.37716  17.0%   424 2445s
 14892 10518   35.42665   95  416   39.00000   32.37716  17.0%   424 2450s
 14941 10537   32.88734   48  964   39.00000   32.38032  17.0%   424 2455s
 14955 10546   33.98230   62  827   39.00000   32.38032  17.0%   424 2460s
 14973 10558   35.28538   80  645   39.00000   32.38032  17.0%   425 2465s
 15009 10573   32.73013   43 1030   39.00000   32.38959  16.9%   425 2470s
 15026 10584   34.61156   60  764   39.00000   32.38959  16.9%   426 2475s
 15042 10595   36.10320   76  557   39.00000   32.38959  16.9%   426 2480s
 15076 10603   32.82644   47  951   39.00000   32.38984  16.9%   427 2485s
 15089 10611   33.52185   52  836   39.00000   32.38984  16.9%   428 2490s
 15105 10622   34.41427   56  685   39.00000   32.38984  16.9%   429 2495s
 15122 10633   35.00748   62  672   39.00000   32.38984  16.9%   429 2500s
 15156 10656   36.30930   75  479   39.00000   32.38984  16.9%   430 2505s
 15198 10667   32.74603   48 1007   39.00000   32.39505  16.9%   430 2510s
 15214 10678   33.85133   64  748   39.00000   32.39505  16.9%   431 2515s
 15237 10693   35.82403   87  567   39.00000   32.39505  16.9%   431 2520s
 15272 10694   33.39208   46  972   39.00000   32.39609  16.9%   431 2525s
 15285 10703   34.33638   59  808   39.00000   32.39609  16.9%   432 2530s
 15309 10719   35.96418   83  675   39.00000   32.39609  16.9%   432 2535s
 15338 10728   33.28322   50  829   39.00000   32.40038  16.9%   433 2540s
 15354 10739   34.54404   59  593   39.00000   32.40038  16.9%   434 2545s
 15412 10778   37.17531   85  423   39.00000   32.40038  16.9%   435 2550s
 15449 10791   33.02381   50  977   39.00000   32.40199  16.9%   435 2555s
 15486 10816   35.60307   87  528   39.00000   32.40199  16.9%   435 2560s
 15515 10826   33.43211   50  828   39.00000   32.40258  16.9%   436 2565s
 15532 10838   34.31426   59  813   39.00000   32.40258  16.9%   437 2570s
 15552 10851   36.12737   69  587   39.00000   32.40258  16.9%   438 2575s
 15603 10872   32.52120   44 1095   39.00000   32.40271  16.9%   438 2580s
 15624 10886   33.64946   65  768   39.00000   32.40271  16.9%   439 2585s
 15676 10908   37.79186  109  374   39.00000   32.40271  16.9%   439 2590s
 15695 10912   33.45392   55  729   39.00000   32.40414  16.9%   440 2595s
 15756 10940   32.42507   43 1053   39.00000   32.40416  16.9%   440 2600s
 15778 10955   34.21666   65  691   39.00000   32.40416  16.9%   441 2605s
 15857 10981   32.81448   44 1256   39.00000   32.41688  16.9%   441 2611s
 15867 10988   34.96970   54  598   39.00000   32.41688  16.9%   442 2615s
 15897 11001   32.75704   49 1092   39.00000   32.41727  16.9%   443 2620s
 15928 11022   35.68605   80  559   39.00000   32.41727  16.9%   444 2625s
 15970 11041   33.14952   47  923   39.00000   32.41804  16.9%   444 2630s
 16011 11068   35.66825   88  402   39.00000   32.41804  16.9%   444 2635s
 16067 11093   33.01140   52  939   39.00000   32.41877  16.9%   444 2640s
 16096 11113   35.82542   81  666   39.00000   32.41877  16.9%   445 2645s
 16130 11127   32.78561   49 1094   39.00000   32.42274  16.9%   446 2650s
 16145 11137   33.55086   53  872   39.00000   32.42274  16.9%   447 2655s
 16171 11155   36.82769   65  537   39.00000   32.42274  16.9%   448 2660s
 16197 11155   32.75972   48 1038   39.00000   32.42370  16.9%   449 2665s
 16212 11165   33.34328   57  796   39.00000   32.42370  16.9%   450 2670s
 16244 11186   34.96817   74  572   39.00000   32.42370  16.9%   451 2675s
 16326 11220   32.73450   43 1141   39.00000   32.42521  16.9%   450 2680s
 16337 11227   33.96567   54  883   39.00000   32.42521  16.9%   451 2685s
 16377 11250   37.70254   91  379   39.00000   32.42521  16.9%   451 2690s
 16407 11260   33.53194   65  776   39.00000   32.42738  16.9%   452 2695s
 16448 11287   36.34923  106  357   39.00000   32.42738  16.9%   453 2700s
 16485 11303   33.12504   54  881   39.00000   32.43508  16.8%   453 2705s
 16539 11337   37.54367  107  354   39.00000   32.43508  16.8%   453 2710s
 16559 11345   34.01886   60  870   39.00000   32.43558  16.8%   454 2715s
 16619 11374   32.55157   43 1190   39.00000   32.44288  16.8%   454 2721s
 16634 11384   33.24251   58  952   39.00000   32.44288  16.8%   455 2725s
 16674 11411   37.00000   98  226   39.00000   32.44288  16.8%   455 2730s
 16714 11420   33.87627   54  851   39.00000   32.44368  16.8%   455 2735s
 16760 11450   37.61316  100  370   39.00000   32.44368  16.8%   456 2740s
 16778 11455   33.43693   52  833   39.00000   32.44402  16.8%   456 2745s
 16803 11472   36.08458   77  543   39.00000   32.44402  16.8%   457 2750s
 16830 11482   33.23514   50  814   39.00000   32.44426  16.8%   458 2755s
 16868 11507   36.25682   88  475   39.00000   32.44426  16.8%   458 2760s
 16902 11519   33.35556   53  841   39.00000   32.44832  16.8%   458 2765s
 16949 11550   37.28374  100  503   39.00000   32.44832  16.8%   459 2770s
 16980 11553   33.16428   42  999   39.00000   32.44832  16.8%   459 2775s
 17002 11568   34.35765   53  738   39.00000   32.44832  16.8%   460 2780s
 17045 11596   36.71469   75  453   39.00000   32.44832  16.8%   461 2785s
 17087 11596   33.21332   48  701   39.00000   32.45292  16.8%   461 2790s
 17114 11614   34.18066   67  523   39.00000   32.45292  16.8%   462 2795s
 17201 11669   37.67875  129  249   39.00000   32.45292  16.8%   461 2800s
 17227 11676   34.72045   53  734   39.00000   32.46443  16.8%   462 2805s
 17278 11695   32.71208   46 1060   39.00000   32.46525  16.8%   463 2811s
 17298 11708   34.19431   66  725   39.00000   32.46525  16.8%   464 2815s
 17344 11721   32.99447   52  932   39.00000   32.46547  16.8%   464 2820s
 17373 11740   36.56296   81  519   39.00000   32.46547  16.8%   465 2825s
 17401 11750   33.25926   50 1049   39.00000   32.47168  16.7%   465 2830s
 17419 11762   35.17244   68  655   39.00000   32.47168  16.7%   466 2835s
 17442 11769   33.56391   50  791   39.00000   32.47542  16.7%   467 2840s
 17500 11796   32.68848   45 1195   39.00000   32.47982  16.7%   467 2846s
 17512 11804   33.80543   57  835   39.00000   32.47982  16.7%   468 2850s
 17548 11820   32.66931   43 1211   39.00000   32.48187  16.7%   468 2856s
 17562 11829   34.10842   57  782   39.00000   32.48187  16.7%   469 2860s
 17588 11846   36.59860   83  498   39.00000   32.48187  16.7%   469 2865s
 17629 11860   34.06885   50  816   39.00000   32.48434  16.7%   469 2870s
 17656 11878   37.16633   77  532   39.00000   32.48434  16.7%   470 2875s
 17682 11887   33.28189   57  932   39.00000   32.48739  16.7%   470 2880s
 17710 11906   34.78873   85  561   39.00000   32.48739  16.7%   470 2885s
 17751 11921   34.16817   56  814   39.00000   32.48743  16.7%   470 2890s
 17799 11943   32.64786   43 1010   39.00000   32.48934  16.7%   470 2895s
 17814 11953   33.62125   55  748   39.00000   32.48934  16.7%   471 2900s
 17852 11978   35.55553   76  565   39.00000   32.48934  16.7%   471 2905s
 17894 11998   32.74519   48 1110   39.00000   32.49092  16.7%   471 2910s
 17939 12025   37.81058   91  306   39.00000   32.49092  16.7%   471 2915s
 17949 12025   32.92454   52  948   39.00000   32.49224  16.7%   471 2920s
 17980 12044   35.99723   82  440   39.00000   32.49224  16.7%   472 2925s
 18013 12058   33.58200   51  870   39.00000   32.49364  16.7%   472 2930s
 18036 12073   36.19791   74  645   39.00000   32.49364  16.7%   472 2935s
 18069 12085   32.90230   45  962   39.00000   32.49899  16.7%   472 2940s
 18096 12103   35.19882   72  686   39.00000   32.49899  16.7%   473 2945s
 18142 12122   33.05043   43 1004   39.00000   32.49928  16.7%   473 2950s
 18160 12134   34.65460   61  601   39.00000   32.49928  16.7%   474 2955s
 18204 12153   32.74788   44  995   39.00000   32.50148  16.7%   474 2960s
 18221 12164   34.09795   61  819   39.00000   32.50148  16.7%   474 2965s
 18270 12197   37.47202  110  367   39.00000   32.50148  16.7%   474 2970s
 18290 12198   32.92436   49  956   39.00000   32.50150  16.7%   475 2975s
 18303 12207   33.94196   56  722   39.00000   32.50150  16.7%   475 2980s
 18332 12226   37.33363   70  377   39.00000   32.50150  16.7%   476 2985s
 18376 12227   33.73399   45  982   39.00000   32.50359  16.7%   476 2990s
 18399 12242   35.32537   68  635   39.00000   32.50359  16.7%   477 2995s
 18425 12251   33.29371   45  914   39.00000   32.50378  16.7%   477 3000s
 18444 12264   35.36198   64  671   39.00000   32.50378  16.7%   477 3005s
 18482 12279   32.98617   47  893   39.00000   32.50704  16.6%   478 3010s
 18525 12308   35.52709   90  350   39.00000   32.50704  16.6%   478 3015s
 18559 12321   33.33928   52  898   39.00000   32.50721  16.6%   478 3020s
 18580 12335   34.57290   62  708   39.00000   32.50721  16.6%   478 3025s
 18600 12348   35.62089   70  575   39.00000   32.50721  16.6%   479 3030s
 18654 12384   37.53422   92  298   39.00000   32.50721  16.6%   480 3035s
 18681 12376   33.32029   47  938   39.00000   32.50766  16.6%   480 3040s
 18703 12391   34.16963   69  748   39.00000   32.50766  16.6%   480 3045s
 18740 12408   32.75837   47 1178   39.00000   32.50975  16.6%   481 3051s
 18756 12419   34.10765   63  748   39.00000   32.50975  16.6%   481 3055s
 18799 12435   32.61976   49 1036   39.00000   32.51021  16.6%   481 3060s
 18808 12441   33.41386   58  860   39.00000   32.51021  16.6%   482 3065s
 18827 12453   35.19443   77  758   39.00000   32.51021  16.6%   482 3070s
 18870 12472   32.65809   41 1059   39.00000   32.51063  16.6%   482 3075s
 18882 12480   33.97870   53  750   39.00000   32.51063  16.6%   483 3080s
 18926 12501   32.90662   42 1023   39.00000   32.51169  16.6%   483 3085s
 18935 12507   33.29303   45  861   39.00000   32.51169  16.6%   484 3090s
 18949 12517   34.96818   52  716   39.00000   32.51169  16.6%   484 3095s
 18994 12538   37.41016   66  426   39.00000   32.51169  16.6%   484 3100s
 19020 12541   33.44571   57  862   39.00000   32.51353  16.6%   484 3105s
 19048 12560   35.22721   85  526   39.00000   32.51353  16.6%   484 3110s
 19095 12578   32.98619   47  871   39.00000   32.51754  16.6%   484 3115s
 19124 12597   36.24342   76  680   39.00000   32.51754  16.6%   484 3120s
 19150 12607   34.26234   58  842   39.00000   32.51920  16.6%   484 3125s
 19179 12626   36.21571   87  570   39.00000   32.51920  16.6%   484 3130s
 19210 12640   33.58339   52  902   39.00000   32.51939  16.6%   484 3135s
 19264 12676   36.89345  106  413   39.00000   32.51939  16.6%   484 3140s
 19311 12684   33.63572   56  753   39.00000   32.52022  16.6%   484 3145s
 19340 12698   33.56152   52  879   39.00000   32.52120  16.6%   484 3150s
 19353 12707   34.29364   57  830   39.00000   32.52120  16.6%   484 3155s
 19374 12721   35.58241   66  491   39.00000   32.52120  16.6%   484 3160s
 19426 12756   37.51057   95  362   39.00000   32.52120  16.6%   484 3165s
 19456 12768   33.26514   60  860   39.00000   32.52136  16.6%   484 3170s
 19482 12783   37.02261   85  563   39.00000   32.52136  16.6%   484 3175s
 19506 12789   33.80500   60  825   39.00000   32.52237  16.6%   485 3180s
 19549 12818   36.30985  103  241   39.00000   32.52237  16.6%   484 3185s
 19573 12823   33.37041   54  869   39.00000   32.52480  16.6%   485 3190s
 19592 12835   34.55918   73  764   39.00000   32.52480  16.6%   485 3195s
 19625 12840   32.73514   42 1066   39.00000   32.53026  16.6%   485 3200s
 19644 12853   34.66518   52  706   39.00000   32.53026  16.6%   486 3205s
 19694 12874   32.96729   45 1077   39.00000   32.53658  16.6%   486 3210s
 19716 12889   33.91579   67  717   39.00000   32.53658  16.6%   486 3215s
 19760 12902   33.08716   46  910   39.00000   32.53666  16.6%   486 3220s
 19794 12925   35.23159   80  543   39.00000   32.53666  16.6%   486 3225s
 19851 12953   33.00484   49  890   39.00000   32.53731  16.6%   485 3230s
 19866 12963   33.62557   54  891   39.00000   32.53731  16.6%   486 3235s
 19889 12978   34.97520   65  537   39.00000   32.53731  16.6%   486 3240s
 19934 12991   32.72828   45 1052   39.00000   32.53795  16.6%   486 3245s
 19943 12997   33.33655   54  870   39.00000   32.53795  16.6%   486 3251s
 19960 13009   34.80378   71  549   39.00000   32.53795  16.6%   486 3255s
 20003 13029   33.03564   48  848   39.00000   32.53952  16.6%   486 3260s
 20019 13040   34.29977   64  626   39.00000   32.53952  16.6%   486 3265s
 20040 13054   36.30644   85  503   39.00000   32.53952  16.6%   487 3270s
 20081 13066   32.87210   51 1025   39.00000   32.54200  16.6%   487 3275s
 20095 13076   33.95830   65  811   39.00000   32.54200  16.6%   487 3280s
 20132 13100   37.02799  102  542   39.00000   32.54200  16.6%   487 3285s
 20162 13109   33.52772   50  869   39.00000   32.54286  16.6%   487 3290s
 20183 13123   34.44404   64  682   39.00000   32.54286  16.6%   488 3295s
 20216 13145   36.25192   76  505   39.00000   32.54286  16.6%   488 3300s
 20264 13167   33.32127   58  833   39.00000   32.54299  16.6%   489 3305s
 20321 13205   36.95128  115  398   39.00000   32.54299  16.6%   488 3310s
 20355 13212   33.95584   58  823   39.00000   32.54299  16.6%   489 3315s
 20402 13229   32.82276   46  941   39.00000   32.54629  16.5%   489 3320s
 20429 13247   35.16075   73  588   39.00000   32.54629  16.5%   489 3325s
 20462 13255   32.95256   43  980   39.00000   32.54652  16.5%   489 3330s
 20490 13274   34.57489   71  690   39.00000   32.54652  16.5%   489 3335s
 20537 13291   32.67837   46 1104   39.00000   32.54788  16.5%   489 3340s
 20559 13306   34.55263   68  665   39.00000   32.54788  16.5%   490 3345s
 20598 13315   32.73744   45  936   39.00000   32.55266  16.5%   490 3350s
 20621 13330   35.08393   68  719   39.00000   32.55266  16.5%   490 3355s
 20650 13339   32.93180   46  996   39.00000   32.55402  16.5%   491 3360s
 20677 13357   35.80451   73  666   39.00000   32.55402  16.5%   491 3365s
 20704 13365   33.75660   47  819   39.00000   32.55634  16.5%   492 3370s
 20733 13384   36.37728   76  610   39.00000   32.55634  16.5%   492 3375s
 20759 13393   32.97785   49  915   39.00000   32.55693  16.5%   493 3380s
 20776 13405   33.30635   53  873   39.00000   32.55693  16.5%   494 3385s
 20799 13420   36.01778   61  549   39.00000   32.55693  16.5%   494 3390s
 20860 13435   33.14473   48  960   39.00000   32.55776  16.5%   494 3395s
 20887 13453   35.15197   75  610   39.00000   32.55776  16.5%   494 3400s
 20934 13473   32.91192   47 1010   39.00000   32.55809  16.5%   494 3405s
 20943 13479   33.22935   52  910   39.00000   32.55809  16.5%   494 3410s
 20964 13493   35.39332   64  496   39.00000   32.55809  16.5%   494 3415s
 21024 13524   33.27697   45 1083   39.00000   32.55824  16.5%   494 3420s
 21042 13536   35.59620   63  713   39.00000   32.55824  16.5%   494 3425s
 21088 13559   32.59817   44 1087   39.00000   32.55914  16.5%   494 3430s
 21107 13571   33.76264   63  770   39.00000   32.55914  16.5%   494 3435s
 21177 13601   32.70543   43 1071   39.00000   32.56034  16.5%   494 3440s
 21196 13614   33.90074   62  808   39.00000   32.56034  16.5%   494 3445s
 21230 13636   36.80737   96  351   39.00000   32.56034  16.5%   494 3450s
 21259 13644   33.50234   61  871   39.00000   32.56108  16.5%   494 3455s
 21300 13663   32.77546   43 1088   39.00000   32.56226  16.5%   495 3460s
 21316 13674   34.23997   59  786   39.00000   32.56226  16.5%   495 3465s
 21356 13693   33.05614   46  994   39.00000   32.56270  16.5%   495 3470s
 21379 13699   32.77364   47 1042   39.00000   32.56667  16.5%   495 3475s
 21398 13711   34.67390   66  747   39.00000   32.56667  16.5%   496 3480s
 21406 13717   35.45304   74  617   39.00000   32.56667  16.5%   496 3485s
 21432 13727   33.53363   50  972   39.00000   32.56880  16.5%   496 3490s
 21457 13744   35.48487   75  590   39.00000   32.56880  16.5%   497 3495s
 21517 13765   32.75985   47 1053   39.00000   32.57236  16.5%   496 3500s
 21532 13775   35.50177   62  642   39.00000   32.57236  16.5%   497 3505s
 21566 13788   32.83697   45 1079   39.00000   32.57731  16.5%   497 3510s
 21589 13804   35.05097   68  663   39.00000   32.57731  16.5%   498 3515s
 21651 13834   32.94555   40 1150   39.00000   32.57754  16.5%   498 3521s
 21663 13842   33.55860   48  881   39.00000   32.57754  16.5%   498 3525s
 21699 13866   35.50358   71  446   39.00000   32.57754  16.5%   498 3530s
 21755 13903   37.05040  116  381   39.00000   32.57754  16.5%   497 3535s
 21795 13920   33.27515   53  836   39.00000   32.57868  16.5%   497 3540s
 21828 13942   34.82737   86  600   39.00000   32.57868  16.5%   497 3545s
 21871 13958   33.21006   50  952   39.00000   32.58004  16.5%   497 3550s
 21924 13986   37.77474  100  344   39.00000   32.58004  16.5%   497 3555s
 21937 13986   33.02032   49  943   39.00000   32.58052  16.5%   497 3561s
 21948 13993   33.95274   60  864   39.00000   32.58052  16.5%   497 3565s
 21973 14010   37.34613   85  446   39.00000   32.58052  16.5%   498 3570s
 22008 14023   34.93985   65  614   39.00000   32.58095  16.5%   498 3575s
 22067 14044   32.84280   42 1061   39.00000   32.58228  16.5%   497 3580s
 22080 14053   33.60057   55  887   39.00000   32.58228  16.5%   498 3585s
 22107 14071   34.84145   82  694   39.00000   32.58228  16.5%   498 3590s
 22151 14089   32.88051   43 1109   39.00000   32.58457  16.4%   498 3595s

Cutting planes:
  Gomory: 17
  Cover: 175
  Implied bound: 705
  Clique: 38
  MIR: 1033
  Mixing: 13
  Flow cover: 1260
  GUB cover: 235
  Zero half: 162
  RLT: 543
  Relax-and-lift: 253
  BQP: 347

Explored 22162 nodes (11070910 simplex iterations) in 3598.69 seconds (3689.02 work units)
Thread count was 1 (of 16 available processors)

Solution count 10: 39 40 41 ... 47

Time limit reached
Best objective 3.900000000000e+01, best bound 3.300000000000e+01, gap 15.3846%

User-callback calls 749029, time in user-callback 1.01 sec

 sepatime0
39.0Stat(MathOptInterface.TIME_LIMIT, 39.0, 33.0, 0.15384615384615385, 0.0, 1.315768, 3598.6859951019287, 22162, Main.CFLG.LEFPD, "", #undef)
