Data path: /scratch/opt/lxu/CFLG/benchmarks/tree_B
Instance: treeB.300.45
Result path: /scratch/opt/lxu/CFLG/results/tree_B
Solver: Gurobi
Time limit: 7200
Formulation: LEFPAD
Cover: Large
julia --project=. src/main.jl /scratch/opt/lxu/CFLG/benchmarks/tree_B treeB.300.45 /scratch/opt/lxu/CFLG/results/tree_B Gurobi 7200 LEFPAD Large
The latest version of Julia in the `release` channel is 1.11.6+0.x64.linux.gnu. You currently have `1.11.4+0.x64.linux.gnu` installed. Run:

  juliaup update

in your terminal shell to install Julia 1.11.6+0.x64.linux.gnu and update the `release` channel to that version.
/scratch/opt/lxu/CFLG/benchmarks/tree_B Gurobi 7200.0 /scratch/opt/lxu/CFLG/results/tree_B treeB.300.45 LEFPAD Large
/scratch/opt/lxu/CFLG/benchmarks/tree_B/treeB.300.45

 read graph
data loaded

problem_graph/original graph: node: 300/300 edge: 344/344 dlt: 3.003086670695954 break_avg_len: 1.501543335347977 break_max_len: 1.9969454749325635Vbar/V, Ebar/E(158, 300, 202, 344)
Set parameter TokenServer to value "solice01.zib.de"
Set parameter Threads to value 1
Set parameter OutputFlag to value 1
Gurobi Optimizer version 12.0.1 build v12.0.1rc0 (linux64 - "Debian GNU/Linux 12 (bookworm)")

CPU model: Intel(R) Xeon(R) Gold 5122 CPU @ 3.60GHz, instruction set [SSE2|AVX|AVX2|AVX512]
Thread count: 8 physical cores, 16 logical processors, using up to 1 threads

Non-default parameters:
Threads  1

Optimize a model with 470 rows, 771 columns and 1285 nonzeros
Model fingerprint: 0xdd0c38cf
Coefficient statistics:
  Matrix range     [1e+00, 1e+00]
  Objective range  [1e+00, 1e+00]
  Bounds range     [1e+00, 1e+00]
  RHS range        [1e+00, 1e+00]
Presolve removed 230 rows and 290 columns
Presolve time: 0.00s
Presolved: 240 rows, 481 columns, 765 nonzeros

Iteration    Objective       Primal Inf.    Dual Inf.      Time
       0    2.5700000e+02   1.270000e+02   0.000000e+00      0s
     105    1.5800000e+02   0.000000e+00   0.000000e+00      0s

Solved in 105 iterations and 0.00 seconds (0.00 work units)
Optimal objective  1.580000000e+02

User-callback calls 184, time in user-callback 0.00 sec
elapsed CPU time: 1.425176 seconds
Set parameter TokenServer to value "solice01.zib.de"
Set parameter Threads to value 1
Set parameter OutputFlag to value 1
Set parameter MIPGap to value 0.0001
Set parameter TimeLimit to value 7198.574824

 more cuts: false 3.003086670695954 false
is_attach:trueformulation:LEFPAD0 257 213

 model loaded

Gurobi Optimizer version 12.0.1 build v12.0.1rc0 (linux64 - "Debian GNU/Linux 12 (bookworm)")

CPU model: Intel(R) Xeon(R) Gold 5122 CPU @ 3.60GHz, instruction set [SSE2|AVX|AVX2|AVX512]
Thread count: 8 physical cores, 16 logical processors, using up to 1 threads

Non-default parameters:
TimeLimit  7198.574824
Threads  1

Optimize a model with 11435 rows, 7262 columns and 32036 nonzeros
Model fingerprint: 0x22bd7b89
Variable types: 3631 continuous, 3631 integer (3631 binary)
Coefficient statistics:
  Matrix range     [2e-04, 3e+00]
  Objective range  [1e+00, 1e+00]
  Bounds range     [3e-02, 3e+00]
  RHS range        [3e-02, 5e+00]
Presolve removed 5405 rows and 2519 columns
Presolve time: 0.17s
Presolved: 6030 rows, 4743 columns, 20577 nonzeros
Variable types: 2205 continuous, 2538 integer (2538 binary)
Found heuristic solution: objective 235.0000000
Found heuristic solution: objective 133.0000000
Found heuristic solution: objective 114.0000000

Root relaxation: objective 5.068619e+01, 3691 iterations, 0.14 seconds (0.13 work units)

    Nodes    |    Current Node    |     Objective Bounds      |     Work
 Expl Unexpl |  Obj  Depth IntInf | Incumbent    BestBd   Gap | It/Node Time

     0     0   50.68619    0  466  114.00000   50.68619  55.5%     -    0s
H    0     0                     113.0000000   50.68619  55.1%     -    0s
H    0     0                      94.0000000   50.68619  46.1%     -    0s
H    0     0                      87.0000000   50.68619  41.7%     -    0s
H    0     0                      86.0000000   50.68619  41.1%     -    0s
H    0     0                      85.0000000   50.68619  40.4%     -    0s
     0     0   55.19179    0  574   85.00000   55.19179  35.1%     -    0s
H    0     0                      81.0000000   55.19179  31.9%     -    0s
     0     0   55.29815    0  543   81.00000   55.29815  31.7%     -    1s
     0     0   55.29815    0  543   81.00000   55.29815  31.7%     -    1s
     0     0   56.00000    0  626   81.00000   56.00000  30.9%     -    1s
     0     0   56.00000    0  599   81.00000   56.00000  30.9%     -    1s
     0     0   56.00000    0  556   81.00000   56.00000  30.9%     -    1s
     0     0   57.14600    0  576   81.00000   57.14600  29.4%     -    1s
     0     0   57.14600    0  576   81.00000   57.14600  29.4%     -    1s
H    0     0                      80.0000000   57.14600  28.6%     -    1s
     0     0   57.14600    0  562   80.00000   57.14600  28.6%     -    1s
     0     0   57.22710    0  557   80.00000   57.22710  28.5%     -    1s
H    0     0                      74.0000000   57.22710  22.7%     -    1s
H    0     0                      72.0000000   57.22710  20.5%     -    1s
     0     0   57.23894    0  489   72.00000   57.23894  20.5%     -    2s
     0     0   57.24589    0  484   72.00000   57.24589  20.5%     -    2s
     0     0   57.24589    0  465   72.00000   57.24589  20.5%     -    2s
     0     0   57.26123    0  494   72.00000   57.26123  20.5%     -    2s
     0     0   57.26221    0  463   72.00000   57.26221  20.5%     -    2s
     0     0   57.26754    0  511   72.00000   57.26754  20.5%     -    2s
     0     0   57.26754    0  498   72.00000   57.26754  20.5%     -    2s
     0     0   57.26758    0  460   72.00000   57.26758  20.5%     -    2s
     0     0   57.27129    0  512   72.00000   57.27129  20.5%     -    2s
     0     0   57.27129    0  282   72.00000   57.27129  20.5%     -    2s
H    0     0                      69.0000000   57.27129  17.0%     -    2s
     0     2   57.27129    0  265   69.00000   57.27129  17.0%     -    2s
H   26    26                      68.0000000   57.27129  15.8%   336    3s
H   52    50                      67.0000000   57.27129  14.5%   207    3s
H  130   118                      66.0000000   57.27129  13.2%   122    4s
H  130   109                      65.0000000   57.27129  11.9%   122    4s
H  156   119                      64.0000000   57.27129  10.5%   139    4s
   213   177   61.59597   67  216   64.00000   57.27129  10.5%   116    5s
H  256   160                      63.0000000   57.27129  9.09%   113    5s
H  561   345                      62.0000000   57.27491  7.62%   104    8s
   565   348   59.54772   30  294   62.00000   57.29940  7.58%   103   10s
   582   359   59.07666   11  381   62.00000   59.07666  4.72%   100   15s
   597   369   59.35551   14  257   62.00000   59.35551  4.27%  97.5   20s
   608   377   59.35551   12  570   62.00000   59.35551  4.27%  95.7   25s
H  608   357                      61.0000000   59.35551  2.70%  95.7   25s
   626   369   60.79931   56  386   61.00000   59.41039  2.61%  93.0   30s
   647   383   60.04328   46  290   61.00000   59.49209  2.47%  89.9   35s
   670   399   59.53494   25  213   61.00000   59.53494  2.40%   438   40s

Cutting planes:
  Learned: 2
  Gomory: 40
  Cover: 25
  Implied bound: 75
  Projected implied bound: 4
  Clique: 22
  MIR: 57
  Mixing: 2
  Flow cover: 69
  GUB cover: 13
  Zero half: 3
  Mod-K: 1
  RLT: 66
  Relax-and-lift: 9
  BQP: 49
  PSD: 1

Explored 690 nodes (376782 simplex iterations) in 43.17 seconds (31.16 work units)
Thread count was 1 (of 16 available processors)

Solution count 10: 61 62 63 ... 72

Optimal solution found (tolerance 1.00e-04)
Warning: max constraint violation (1.4673e-06) exceeds tolerance
Best objective 6.100000000000e+01, best bound 6.100000000000e+01, gap 0.0000%

User-callback calls 13589, time in user-callback 0.02 sec

 sepatime0 0 0
61.0
Stat(MathOptInterface.OPTIMAL, 61.0, 61.0, 0.0, 0.0, 1.425176, 43.17439794540405, 690, Main.CFLG.LEFPAD, "", #undef)
