Data path: /scratch/opt/lxu/CFLG/benchmarks/random_A
Instance: r_20_0.2_34.txt
Result path: /scratch/opt/lxu/CFLG/results/random_A
Solver: Gurobi
Time limit: 7200
Formulation: LEFP
Cover: Small
julia --project=. src/main.jl /scratch/opt/lxu/CFLG/benchmarks/random_A r_20_0.2_34.txt /scratch/opt/lxu/CFLG/results/random_A Gurobi 7200 LEFP Small
The latest version of Julia in the `release` channel is 1.11.5+0.x64.linux.gnu. You currently have `1.11.4+0.x64.linux.gnu` installed. Run:

  juliaup update

in your terminal shell to install Julia 1.11.5+0.x64.linux.gnu and update the `release` channel to that version.
/scratch/opt/lxu/CFLG/benchmarks/random_A Gurobi 7200.0 /scratch/opt/lxu/CFLG/results/random_A r_20_0.2_34.txt LEFP Small
/scratch/opt/lxu/CFLG/benchmarks/random_A/r_20_0.2_34.txt

 read graph
data loaded


after absorb:17 20

max_piece:12
problem_graph/original graph: node: 22/20 edge: 36/34 dlt: 0.15356760412703901 break_avg_len: 0.5801442822577029 break_max_len: 1.671255587357936Set parameter TokenServer to value "solice01.zib.de"
Set parameter Threads to value 1
Set parameter OutputFlag to value 1
Gurobi Optimizer version 12.0.1 build v12.0.1rc0 (linux64 - "Debian GNU/Linux 12 (bookworm)")

CPU model: Intel(R) Xeon(R) Gold 5122 CPU @ 3.60GHz, instruction set [SSE2|AVX|AVX2|AVX512]
Thread count: 8 physical cores, 16 logical processors, using up to 1 threads

Non-default parameters:
Threads  1

Optimize a model with 58 rows, 108 columns and 180 nonzeros
Model fingerprint: 0x421ca69d
Coefficient statistics:
  Matrix range     [1e+00, 1e+00]
  Objective range  [1e+00, 1e+00]
  Bounds range     [1e+00, 1e+00]
  RHS range        [1e+00, 1e+00]
Presolve removed 58 rows and 108 columns
Presolve time: 0.02s
Presolve: All rows and columns removed
Iteration    Objective       Primal Inf.    Dual Inf.      Time
       0    3.0000000e+00   0.000000e+00   0.000000e+00      0s

Solved in 0 iterations and 0.02 seconds (0.00 work units)
Optimal objective  3.000000000e+00

User-callback calls 36, time in user-callback 0.00 sec
elapsed CPU time: 1.224752 seconds
Set parameter TokenServer to value "solice01.zib.de"
Set parameter Threads to value 1
Set parameter OutputFlag to value 1
Set parameter MIPGap to value 0.0001
Set parameter MIPGapAbs to value 0.999998
Set parameter TimeLimit to value 7198.775248

 more cuts: false 0.15356760412703901 false
is_attach:falseformulation:LEFP26 10 0

 model loaded

Gurobi Optimizer version 12.0.1 build v12.0.1rc0 (linux64 - "Debian GNU/Linux 12 (bookworm)")

CPU model: Intel(R) Xeon(R) Gold 5122 CPU @ 3.60GHz, instruction set [SSE2|AVX|AVX2|AVX512]
Thread count: 8 physical cores, 16 logical processors, using up to 1 threads

Non-default parameters:
TimeLimit  7198.775248
MIPGapAbs  0.999998
Threads  1

Optimize a model with 585 rows, 368 columns and 1286 nonzeros
Model fingerprint: 0xd36d953c
Variable types: 94 continuous, 274 integer (274 binary)
Coefficient statistics:
  Matrix range     [1e-02, 1e+00]
  Objective range  [1e+00, 1e+00]
  Bounds range     [1e-01, 2e+00]
  RHS range        [2e-02, 2e+00]
Presolve removed 351 rows and 155 columns
Presolve time: 0.01s
Presolved: 234 rows, 213 columns, 888 nonzeros
Variable types: 81 continuous, 132 integer (132 binary)
Found heuristic solution: objective 71.0000000
Found heuristic solution: objective 70.0000000
Found heuristic solution: objective 69.0000000

Root relaxation: objective 5.600000e+01, 132 iterations, 0.00 seconds (0.00 work units)

    Nodes    |    Current Node    |     Objective Bounds      |     Work
 Expl Unexpl |  Obj  Depth IntInf | Incumbent    BestBd   Gap | It/Node Time

     0     0   56.00000    0   34   69.00000   56.00000  18.8%     -    0s
H    0     0                      68.0000000   56.00000  17.6%     -    0s
H    0     0                      64.0000000   56.00000  12.5%     -    0s
     0     0   56.11854    0   43   64.00000   56.11854  12.3%     -    0s
     0     0   56.26907    0   43   64.00000   56.26907  12.1%     -    0s
     0     0   58.00000    0   43   64.00000   58.00000  9.38%     -    0s
     0     0   58.00000    0   43   64.00000   58.00000  9.38%     -    0s
     0     0   58.06584    0   55   64.00000   58.06584  9.27%     -    0s
     0     0   58.29545    0   47   64.00000   58.29545  8.91%     -    0s
     0     0   58.29545    0   46   64.00000   58.29545  8.91%     -    0s
     0     0   59.00000    0   38   64.00000   59.00000  7.81%     -    0s
     0     0   59.00000    0   40   64.00000   59.00000  7.81%     -    0s
     0     0   59.00000    0   40   64.00000   59.00000  7.81%     -    0s
H    0     0                      63.0000000   59.00000  6.35%     -    0s
     0     0   59.00000    0   51   63.00000   59.00000  6.35%     -    0s
     0     0   59.00682    0   40   63.00000   59.00682  6.34%     -    0s
     0     0   59.02084    0   35   63.00000   59.02084  6.32%     -    0s
     0     2   59.13760    0   35   63.00000   59.13760  6.13%     -    0s
H  159    89                      62.0000000   59.57830  3.91%  10.9    0s
* 1725    71              32      61.0000000   61.00000  0.00%  14.4    1s

Cutting planes:
  Gomory: 2
  Cover: 40
  Implied bound: 4
  Clique: 3
  MIR: 30
  StrongCG: 1
  Flow cover: 27
  GUB cover: 7
  Inf proof: 1
  Zero half: 5
  RLT: 1
  Relax-and-lift: 3
  BQP: 1

Explored 1726 nodes (25800 simplex iterations) in 1.09 seconds (0.57 work units)
Thread count was 1 (of 16 available processors)

Solution count 9: 61 61 62 ... 71

Optimal solution found (tolerance 1.00e-04)
Best objective 6.100000000000e+01, best bound 6.100000000000e+01, gap 0.0000%

User-callback calls 4584, time in user-callback 0.00 sec

 sepatime0 0 0
61.0Stat(MathOptInterface.OPTIMAL, 61.0, 61.0, 0.0, 0.0, 1.224752, 1.0868020057678223, 1726, Main.CFLG.LEFP, "", #undef)
