Data path: /scratch/opt/lxu/CFLG/benchmarks/city
Instance: city_138.txt
Result path: /scratch/opt/lxu/CFLG/results/city
Solver: Gurobi
Time limit: 3600
Formulation: LEVFP
Cover: Small
julia --project=. src/main.jl /scratch/opt/lxu/CFLG/benchmarks/city city_138.txt /scratch/opt/lxu/CFLG/results/city Gurobi 3600 LEVFP Small
The latest version of Julia in the `release` channel is 1.11.5+0.x64.linux.gnu. You currently have `1.11.4+0.x64.linux.gnu` installed. Run:

  juliaup update

in your terminal shell to install Julia 1.11.5+0.x64.linux.gnu and update the `release` channel to that version.
/scratch/opt/lxu/CFLG/benchmarks/city Gurobi 3600.0 /scratch/opt/lxu/CFLG/results/city city_138.txt LEVFP Small
/scratch/opt/lxu/CFLG/benchmarks/city/city_138.txt

 read graph
data loaded


after absorb:76 99

max_piece:14
problem_graph/original graph: node: 90/99 edge: 129/138 dlt: 0.13293455506356963 break_avg_len: 0.430936542137012 break_max_len: 1.6061576865194156elapsed CPU time: 0.061539 seconds
Set parameter TokenServer to value "solice01.zib.de"
Set parameter Threads to value 1
Set parameter OutputFlag to value 1
Set parameter MIPGap to value 0.0001
Set parameter MIPGapAbs to value 1
Set parameter TimeLimit to value 3599.938461

 model loaded

Gurobi Optimizer version 12.0.1 build v12.0.1rc0 (linux64 - "Debian GNU/Linux 12 (bookworm)")

CPU model: Intel(R) Xeon(R) Gold 5122 CPU @ 3.60GHz, instruction set [SSE2|AVX|AVX2|AVX512]
Thread count: 8 physical cores, 16 logical processors, using up to 1 threads

Non-default parameters:
TimeLimit  3599.938461
MIPGapAbs  1
Threads  1

Optimize a model with 2656 rows, 1342 columns and 6490 nonzeros
Model fingerprint: 0x119851fc
Variable types: 219 continuous, 1123 integer (1123 binary)
Coefficient statistics:
  Matrix range     [2e-06, 1e+00]
  Objective range  [1e+00, 1e+00]
  Bounds range     [1e-02, 3e-01]
  RHS range        [7e-04, 3e+00]
Presolve removed 1313 rows and 427 columns
Presolve time: 0.04s
Presolved: 1343 rows, 915 columns, 5441 nonzeros
Variable types: 217 continuous, 698 integer (698 binary)
Found heuristic solution: objective 266.0000000
Found heuristic solution: objective 265.0000000
Found heuristic solution: objective 264.0000000
Found heuristic solution: objective 263.0000000

Root relaxation: objective 1.580474e+02, 998 iterations, 0.02 seconds (0.02 work units)

    Nodes    |    Current Node    |     Objective Bounds      |     Work
 Expl Unexpl |  Obj  Depth IntInf | Incumbent    BestBd   Gap | It/Node Time

     0     0  158.04738    0  245  263.00000  158.04738  39.9%     -    0s
H    0     0                     228.0000000  158.04738  30.7%     -    0s
H    0     0                     209.0000000  158.04738  24.4%     -    0s
H    0     0                     206.0000000  158.04738  23.3%     -    0s
     0     0  171.29902    0  266  206.00000  171.29902  16.8%     -    0s
H    0     0                     204.0000000  171.65845  15.9%     -    0s
     0     0  171.65845    0  260  204.00000  171.65845  15.9%     -    0s
     0     0  171.65845    0  267  204.00000  171.65845  15.9%     -    0s
     0     0  176.58730    0  239  204.00000  176.58730  13.4%     -    0s
     0     0  176.86757    0  239  204.00000  176.86757  13.3%     -    0s
     0     0  176.86757    0  246  204.00000  176.86757  13.3%     -    0s
     0     0  178.25534    0  233  204.00000  178.25534  12.6%     -    0s
H    0     0                     203.0000000  178.25534  12.2%     -    0s
     0     0  178.33476    0  237  203.00000  178.33476  12.2%     -    0s
     0     0  178.35761    0  249  203.00000  178.35761  12.1%     -    0s
     0     0  178.36152    0  258  203.00000  178.36152  12.1%     -    0s
     0     0  179.04549    0  271  203.00000  179.04549  11.8%     -    0s
H    0     0                     202.0000000  179.04549  11.4%     -    0s
     0     0  179.08308    0  248  202.00000  179.08308  11.3%     -    0s
     0     0  179.08470    0  257  202.00000  179.08470  11.3%     -    0s
     0     0  179.40466    0  269  202.00000  179.40466  11.2%     -    0s
H    0     0                     201.0000000  179.52225  10.7%     -    0s
     0     0  179.52225    0  271  201.00000  179.52225  10.7%     -    0s
     0     0  179.52225    0  289  201.00000  179.52225  10.7%     -    0s
     0     0  179.52225    0  277  201.00000  179.52225  10.7%     -    0s
     0     0  179.56002    0  283  201.00000  179.56002  10.7%     -    0s
     0     0  179.57452    0  290  201.00000  179.57452  10.7%     -    0s
     0     0  179.57868    0  290  201.00000  179.57868  10.7%     -    0s
     0     0  179.69652    0  282  201.00000  179.69652  10.6%     -    0s
     0     0  179.71843    0  275  201.00000  179.71843  10.6%     -    0s
     0     0  179.71843    0  277  201.00000  179.71843  10.6%     -    0s
     0     0  179.72420    0  271  201.00000  179.72420  10.6%     -    0s
     0     0  179.72420    0  233  201.00000  179.72420  10.6%     -    0s
H    0     0                     200.0000000  179.75718  10.1%     -    0s
H    0     0                     199.0000000  179.75718  9.67%     -    0s
H    0     0                     198.0000000  179.75718  9.21%     -    0s
H    0     0                     197.0000000  179.75718  8.75%     -    0s
H    0     0                     196.0000000  179.75718  8.29%     -    0s
     0     2  179.85613    0  229  196.00000  179.85613  8.24%     -    0s
   614   546  188.48309   59  217  196.00000  183.91013  6.17%  57.6    5s
H  641   534                     195.0000000  184.21567  5.53%  55.2    6s
H  896   653                     194.0000000  184.24683  5.03%  87.7    8s
H  974   662                     193.0000000  184.24683  4.54%  82.0    9s
  1295   817  184.49770   31  254  193.00000  184.38718  4.46%  70.2   10s
H 1862  1001                     192.0000000  184.43420  3.94%  59.2   11s
  3318  2132  188.00000   54  114  192.00000  184.59009  3.86%  50.9   15s
  5502  3791  185.37601   34  271  192.00000  184.78817  3.76%  46.7   20s
  7566  5337  188.16168   55  131  192.00000  184.86593  3.72%  44.6   25s
  9562  6814  187.20878   69  121  192.00000  184.95032  3.67%  43.9   30s
 10203  7270  190.00000   70  233  192.00000  184.97607  3.66%  44.1   40s
 10245  7298  191.00000   76  307  192.00000  185.18508  3.55%  44.0   45s
 10279  7321  187.04034   45  324  192.00000  185.19999  3.54%  43.8   50s
 10317  7346  186.12349   47  303  192.00000  185.25735  3.51%  43.6   55s
 10350  7368  189.50000   53  308  192.00000  185.30464  3.49%  43.5   60s
 10382  7389  188.00000   61  318  192.00000  185.40435  3.44%  43.4   65s
 10415  7411  186.59512   49  296  192.00000  185.42838  3.42%  43.2   70s
 10796  7615  186.40000   49  203  192.00000  185.50966  3.38%  54.1   75s
 11323  7892  187.73924   85  158  192.00000  185.60327  3.33%  55.2   80s
 12169  8318  186.08147   49  308  192.00000  185.69007  3.29%  56.4   85s
 13355  8846  186.18793   50  329  192.00000  185.74369  3.26%  57.7   90s
 14464  9352  186.94750   66  161  192.00000  185.79085  3.23%  58.3   95s
 15944  9988  190.00000   69   96  192.00000  185.84237  3.21%  58.5  100s
 17501 10671  186.79908   47  280  192.00000  185.87977  3.19%  58.6  105s
 18943 11296  186.08965   49  322  192.00000  185.91295  3.17%  58.7  110s
 20417 11875  186.52637   50  286  192.00000  185.93700  3.16%  58.9  115s
 21857 12456  189.51986   69  137  192.00000  185.96302  3.14%  59.0  120s
 23164 12993  186.29157   53  324  192.00000  185.99479  3.13%  59.4  125s
 24830 13663  186.66045   56  234  192.00000  186.00984  3.12%  59.3  130s
 26293 14269  186.67530   50  326  192.00000  186.02486  3.11%  59.6  135s
 27622 14800  187.81693   66  179  192.00000  186.03601  3.11%  60.0  140s
 29207 15422  186.22609   54  222  192.00000  186.05278  3.10%  60.1  145s
 30718 15987  186.77254   53  298  192.00000  186.07081  3.09%  60.2  150s
 32067 16553  189.03735   77  142  192.00000  186.08245  3.08%  60.5  155s
 33681 17534  187.83896   70  126  192.00000  186.10537  3.07%  60.4  160s
 35071 18511  186.51988   55  279  192.00000  186.12184  3.06%  60.8  165s
 36504 19553  186.94555   59  208  192.00000  186.13123  3.06%  61.0  170s
 38004 20659  188.19660   58  165  192.00000  186.14657  3.05%  61.2  175s
 39324 21645  187.13371   55  193  192.00000  186.15332  3.05%  61.5  180s
 40831 22763  188.75234   87  125  192.00000  186.16708  3.04%  61.4  185s
 42341 23906  187.21038   58  184  192.00000  186.17561  3.03%  61.4  190s
 43978 25082  189.13308   73  157  192.00000  186.18415  3.03%  61.3  195s
 45456 26170  190.14286   92   74  192.00000  186.19185  3.03%  61.3  200s
 46852 27190  188.61689   69  195  192.00000  186.20132  3.02%  61.6  205s
 48181 28183  186.43897   53  228  192.00000  186.20874  3.02%  61.7  210s
 49516 29169  187.08308   60  233  192.00000  186.21478  3.01%  61.7  215s
 51098 30294  187.13843   53  193  192.00000  186.22568  3.01%  61.7  220s
 52626 31415  190.11598   74  147  192.00000  186.23053  3.00%  61.7  225s
 54109 32535  186.85000   52  252  192.00000  186.23810  3.00%  61.7  230s
 55554 33597  187.74941   61  198  192.00000  186.24475  3.00%  61.5  235s
 57133 34715  187.57203   61  166  192.00000  186.25000  2.99%  61.4  240s
 58506 35718  187.74100   62  190  192.00000  186.25540  2.99%  61.5  245s
 59912 36716  191.00000   84   80  192.00000  186.26124  2.99%  61.4  250s
 61335 37713  186.29834   53  280  192.00000  186.26788  2.99%  61.5  255s
 62811 38750  187.58414   61  143  192.00000  186.27420  2.98%  61.5  260s
 64414 39933  191.00000   92   63  192.00000  186.28097  2.98%  61.5  265s
 65641 40826  190.00000   79   80  192.00000  186.28541  2.98%  61.6  270s
 67242 41903  186.33279   54  262  192.00000  186.29243  2.97%  61.5  275s
 68797 43047  186.30406   56  269  192.00000  186.29696  2.97%  61.5  280s
 70036 43945  186.38989   54  310  192.00000  186.30135  2.97%  61.6  285s
 71405 44958  186.68666   57  247  192.00000  186.30633  2.97%  61.6  290s
 72777 45956  190.15289   89   80  192.00000  186.31032  2.96%  61.7  295s
 74140 46934  191.00000   85   90  192.00000  186.31505  2.96%  61.8  300s
 74961 47509  186.68364   55  329  192.00000  186.31815  2.96%  61.8  305s
 76343 48486  187.01784   50  267  192.00000  186.32291  2.96%  61.8  310s
 77799 49492  189.45779   80  136  192.00000  186.32762  2.95%  61.9  315s
 79324 50623  189.25996   72   95  192.00000  186.33185  2.95%  61.8  320s
 80890 51736  188.50086   76  124  192.00000  186.33524  2.95%  61.8  325s
 82577 52933  189.37375   93   97  192.00000  186.34336  2.95%  61.6  331s
 83526 53602  187.73074   68  190  192.00000  186.34583  2.94%  61.7  335s
 85125 54720  187.15874   55  248  192.00000  186.35020  2.94%  61.6  340s
 86509 55700  186.77535   50  310  192.00000  186.35549  2.94%  61.7  345s
 87905 56703  188.01841   64  219  192.00000  186.35894  2.94%  61.7  350s
 89379 57785  188.10972   68  191  192.00000  186.36306  2.94%  61.8  355s
 90735 58720  186.70321   57  279  192.00000  186.36901  2.93%  61.9  360s
 92265 59755  186.89678   51  291  192.00000  186.37436  2.93%  61.8  365s
 93718 60761  187.46284   68  242  192.00000  186.37704  2.93%  61.8  370s
 95188 61823  187.46648   61  261  192.00000  186.38152  2.93%  61.8  375s
 96528 62733  190.00000   78   50  192.00000  186.38575  2.92%  61.9  380s
 97762 63588  188.64973   71  138  192.00000  186.38865  2.92%  62.0  385s
 99339 64659  186.67813   53  292  192.00000  186.39248  2.92%  61.9  390s
 100846 65700  189.75788   83  145  192.00000  186.39617  2.92%  61.8  395s
 102153 66607  188.00000   64   96  192.00000  186.39974  2.92%  61.9  400s
 103538 67577  187.28567   58  188  192.00000  186.40478  2.91%  61.9  405s
 105084 68671  189.01404   69  159  192.00000  186.40770  2.91%  61.9  410s
 106460 69647  187.65714   59  222  192.00000  186.41247  2.91%  61.9  415s
 108047 70769  189.02605   79  114  192.00000  186.41698  2.91%  61.8  420s
 109299 71593  187.75103   65  133  192.00000  186.42085  2.91%  61.9  425s
 110672 72555  187.25398   59  204  192.00000  186.42577  2.90%  61.9  430s
 112144 73582  189.50000   75  138  192.00000  186.42801  2.90%  61.9  435s
 113479 74489  188.33333   66  138  192.00000  186.43218  2.90%  61.9  440s
 114914 75510  187.37488   63  123  192.00000  186.43569  2.90%  61.9  445s
 116232 76430  186.76748   51  251  192.00000  186.43849  2.90%  61.9  450s
 117357 77180  186.48905   47  298  192.00000  186.44087  2.90%  61.9  455s
 118754 78197  191.00000   84   76  192.00000  186.44434  2.89%  61.9  460s
 120263 79210  186.46525   54  325  192.00000  186.44753  2.89%  61.8  465s
 121796 80270  186.64486   54  281  192.00000  186.45069  2.89%  61.7  470s
 123004 81123  188.19927   59  162  192.00000  186.45292  2.89%  61.8  475s
 124460 82139     cutoff   97       192.00000  186.45602  2.89%  61.8  480s
 126017 83179  188.67556   64  159  192.00000  186.45852  2.89%  61.7  485s
 127369 84152  187.06893   53  276  192.00000  186.46240  2.88%  61.8  490s
 128231 84752  186.80033   58  295  192.00000  186.46397  2.88%  61.7  495s
 129756 85794  186.84247   55  285  192.00000  186.46648  2.88%  61.7  500s
 131048 86727  190.85111  103   92  192.00000  186.46957  2.88%  61.7  505s
 132431 87678  189.97464   78  110  192.00000  186.47258  2.88%  61.7  510s
 133756 88582  189.20806   77  154  192.00000  186.47544  2.88%  61.8  515s
 135071 89509  187.53226   58  193  192.00000  186.47845  2.88%  61.8  520s
 136486 90544  186.83979   58  276  192.00000  186.48042  2.87%  61.8  525s
 137737 91427  187.06778   58  180  192.00000  186.48276  2.87%  61.8  530s
 139280 92504  187.27536   57  269  192.00000  186.48582  2.87%  61.8  535s
 140740 93575  189.31109   73  181  192.00000  186.49001  2.87%  61.8  540s
 142095 94518  190.16079   91  128  192.00000  186.49145  2.87%  61.8  545s
 143451 95465  187.31099   56  235  192.00000  186.49405  2.87%  61.8  550s
 144726 96347  190.04158   78   82  192.00000  186.49699  2.87%  61.8  555s
 146069 97224  188.03256   61  108  192.00000  186.49999  2.86%  61.8  560s
 147265 98074     cutoff   85       192.00000  186.50000  2.86%  61.9  565s
 148591 99041  188.02948   70  193  192.00000  186.50137  2.86%  61.9  570s
 149952 99976  186.84246   57  279  192.00000  186.50348  2.86%  61.9  575s
 151345 100983  188.08607   64  222  192.00000  186.50544  2.86%  61.9  580s
 152939 102103  186.79115   58  313  192.00000  186.50773  2.86%  61.8  585s
 154364 103094  186.89069   53  318  192.00000  186.51007  2.86%  61.8  590s
 155838 104155  190.05018   80  120  192.00000  186.51252  2.86%  61.8  595s
 157213 105138  187.78571   63  179  192.00000  186.51495  2.86%  61.8  600s
 158518 106035  186.53571   52  302  192.00000  186.51719  2.86%  61.7  605s
 160060 107109  187.69195   63  211  192.00000  186.51919  2.85%  61.7  610s
 161500 108110     cutoff   91       192.00000  186.52168  2.85%  61.7  615s
 162925 109108  186.60628   49  232  192.00000  186.52358  2.85%  61.7  620s
 164310 110123  187.37864   64  194  192.00000  186.52566  2.85%  61.7  625s
 165839 111255  189.42518   70  186  192.00000  186.52787  2.85%  61.7  630s
 167317 112270     cutoff   85       192.00000  186.53024  2.85%  61.6  635s
 168581 113105  187.65987   51  266  192.00000  186.53238  2.85%  61.7  640s
 169952 114053 infeasible   91       192.00000  186.53451  2.85%  61.7  645s
 171272 114949  187.01887   55  223  192.00000  186.53685  2.85%  61.7  650s
 172657 115928  186.99758   56  292  192.00000  186.53825  2.84%  61.7  655s
 173956 116867  186.58750   54  277  192.00000  186.54026  2.84%  61.7  660s
 175398 117839  186.93193   48  249  192.00000  186.54259  2.84%  61.7  665s
 176878 118880  189.68430   75  174  192.00000  186.54464  2.84%  61.7  670s
 178173 119766  188.35173   65  143  192.00000  186.54651  2.84%  61.7  675s
 179358 120580  188.75637   71  189  192.00000  186.54881  2.84%  61.7  680s
 180825 121634  188.00000   70  126  192.00000  186.55036  2.84%  61.7  685s
 182155 122565  188.69315   67  167  192.00000  186.55276  2.84%  61.7  690s
 183652 123616  187.44466   55  251  192.00000  186.55540  2.84%  61.7  695s
 185100 124650  190.00577   86   98  192.00000  186.55653  2.84%  61.7  700s
 186218 125400  188.08686   63  167  192.00000  186.55817  2.83%  61.7  705s
 187670 126402  187.02238   52  308  192.00000  186.56003  2.83%  61.7  710s
 188943 127279  191.00000   87   64  192.00000  186.56212  2.83%  61.7  715s
 190322 128256  190.10838   89   90  192.00000  186.56303  2.83%  61.7  720s
 191535 129095  191.00000   71  100  192.00000  186.56497  2.83%  61.8  725s
 192820 129928  187.09917   63  226  192.00000  186.56682  2.83%  61.8  730s
 194195 130937  187.54556   59  260  192.00000  186.56890  2.83%  61.8  735s
 195506 131871  187.29456   61  246  192.00000  186.57121  2.83%  61.8  740s
 196858 132800  187.35240   57  229  192.00000  186.57324  2.83%  61.8  745s
 198149 133730  191.00000   96   41  192.00000  186.57417  2.83%  61.8  750s
 199225 134424  186.94799   58  269  192.00000  186.57612  2.82%  61.8  755s
 200620 135397  187.40022   55  289  192.00000  186.57808  2.82%  61.8  760s
 202012 136393  187.14543   50  298  192.00000  186.58009  2.82%  61.8  765s
 203480 137444  189.28600   76  141  192.00000  186.58249  2.82%  61.7  770s
 204880 138413  188.24523   60  179  192.00000  186.58411  2.82%  61.7  775s
 206261 139355  187.05855   57  290  192.00000  186.58596  2.82%  61.7  780s
 207599 140269  186.87393   58  324  192.00000  186.58738  2.82%  61.7  785s
 208824 141088  189.10135   70  156  192.00000  186.58951  2.82%  61.7  790s
 210113 141941  188.22354   58  229  192.00000  186.59098  2.82%  61.7  795s
 211489 142841  191.00000   96   73  192.00000  186.59268  2.82%  61.7  800s
 212986 143930  187.05876   61  175  192.00000  186.59503  2.82%  61.7  805s
 214336 144855  189.49175   72  122  192.00000  186.59667  2.81%  61.7  810s
 215815 145817  186.83502   55  249  192.00000  186.59899  2.81%  61.7  815s
 217303 146857  187.17522   59  257  192.00000  186.60046  2.81%  61.6  820s
 218694 147830  190.37712   84  161  192.00000  186.60189  2.81%  61.6  825s
 220034 148696  188.10603   63  219  192.00000  186.60338  2.81%  61.6  830s
 221371 149607     cutoff   82       192.00000  186.60433  2.81%  61.6  835s
 222738 150588  187.19083   57  160  192.00000  186.60651  2.81%  61.6  840s
 224012 151488  188.92202   66  205  192.00000  186.60863  2.81%  61.6  845s
 225627 152610  189.85437   79  112  192.00000  186.61036  2.81%  61.6  850s
 226980 153548  188.12500   68  156  192.00000  186.61181  2.81%  61.6  855s
 228291 154413  186.80556   49  270  192.00000  186.61336  2.81%  61.6  860s
 229603 155275  191.00000   82   64  192.00000  186.61479  2.80%  61.6  865s
 230352 155809  187.06159   59  283  192.00000  186.61619  2.80%  61.6  872s
 231050 156280  187.35396   59  245  192.00000  186.61683  2.80%  61.6  875s
 232307 157142  188.21430   62  279  192.00000  186.61871  2.80%  61.6  880s
 233736 158114  187.65064   64  230  192.00000  186.62038  2.80%  61.6  885s
 235014 158984  187.08387   53  231  192.00000  186.62170  2.80%  61.6  890s
 236257 159834  187.41238   54  258  192.00000  186.62308  2.80%  61.6  895s
 237691 160840  191.00000  108   81  192.00000  186.62463  2.80%  61.6  900s
 239128 161859  188.18562   59  142  192.00000  186.62626  2.80%  61.6  905s
 240456 162784  187.65573   69  158  192.00000  186.62760  2.80%  61.6  910s
 241797 163687  188.37877   75  171  192.00000  186.62959  2.80%  61.6  915s
 243109 164601  190.10501   75  112  192.00000  186.63051  2.80%  61.6  920s
 244410 165427  187.56277   59  184  192.00000  186.63176  2.80%  61.6  925s
 245870 166442  186.87149   58  306  192.00000  186.63406  2.79%  61.6  930s
 247335 167489  187.57904   58  167  192.00000  186.63619  2.79%  61.6  935s
 248570 168367  188.15098   71  181  192.00000  186.63765  2.79%  61.6  940s
 249887 169282  187.21921   61  231  192.00000  186.63894  2.79%  61.6  945s
 251311 170303  188.44654   69  192  192.00000  186.64094  2.79%  61.6  950s
 252581 171115  187.10852   62  180  192.00000  186.64261  2.79%  61.6  955s
 253764 171902  189.81689   81  107  192.00000  186.64380  2.79%  61.7  960s
 255068 172769  187.73134   61  162  192.00000  186.64490  2.79%  61.7  965s
 256383 173659  189.75000   81  108  192.00000  186.64575  2.79%  61.7  970s
 257729 174599  186.64768   59  300  192.00000  186.64744  2.79%  61.7  975s
 259135 175605  187.23104   58  214  192.00000  186.64904  2.79%  61.7  980s
 260520 176525  187.56108   62  159  192.00000  186.65039  2.79%  61.7  985s
 262024 177584  187.27987   59  296  192.00000  186.65181  2.79%  61.7  990s
 263398 178475  187.03519   56  295  192.00000  186.65340  2.78%  61.6  995s
 264634 179295  186.97031   54  278  192.00000  186.65467  2.78%  61.6 1000s
 265866 180131  186.66759   51  312  192.00000  186.65582  2.78%  61.7 1005s
 267163 181033  191.00000   92   57  192.00000  186.65724  2.78%  61.7 1010s
 268592 182020  190.20715   80   80  192.00000  186.65818  2.78%  61.7 1015s
 269848 182860  190.53358   77  116  192.00000  186.65914  2.78%  61.7 1020s
 271285 183885  188.33327   65  196  192.00000  186.66082  2.78%  61.7 1025s
 272677 184817  186.82136   52  244  192.00000  186.66229  2.78%  61.7 1030s
 274048 185795  188.22526   64  207  192.00000  186.66387  2.78%  61.7 1035s
 275320 186642     cutoff   83       192.00000  186.66526  2.78%  61.7 1040s
 276673 187547  186.89526   54  264  192.00000  186.66667  2.78%  61.7 1045s
 278154 188547  187.16667   58  155  192.00000  186.66744  2.78%  61.6 1050s
 279481 189428  187.61594   63  202  192.00000  186.66911  2.78%  61.7 1055s
 280883 190384  188.61449   71  172  192.00000  186.67070  2.78%  61.6 1060s
 282263 191278     cutoff   97       192.00000  186.67225  2.77%  61.6 1065s
 283555 192168  187.46453   61  246  192.00000  186.67369  2.77%  61.7 1070s
 284892 193086  191.00000   88   74  192.00000  186.67487  2.77%  61.6 1075s
 286283 194028  187.04595   58  308  192.00000  186.67566  2.77%  61.7 1080s
 287707 194957     cutoff  101       192.00000  186.67680  2.77%  61.6 1085s
 289064 195906  191.00000   96   93  192.00000  186.67809  2.77%  61.6 1090s
 290413 196820  186.80430   52  299  192.00000  186.67906  2.77%  61.6 1095s
 291682 197673  187.42137   66  223  192.00000  186.68018  2.77%  61.6 1100s
 293025 198617  191.00000   95   53  192.00000  186.68185  2.77%  61.6 1105s
 294347 199495  188.20007   65  157  192.00000  186.68327  2.77%  61.7 1110s
 295839 200466  187.48080   51  312  192.00000  186.68475  2.77%  61.6 1115s
 297077 201347  187.34757   68  205  192.00000  186.68586  2.77%  61.6 1120s
 298395 202310  188.66667   64  107  192.00000  186.68683  2.77%  61.6 1125s
 299830 203254  187.66945   54  262  192.00000  186.68782  2.77%  61.6 1130s
 301133 204144  189.49580   72  165  192.00000  186.68921  2.77%  61.6 1135s
 302397 205019  187.63014   59  207  192.00000  186.69096  2.77%  61.7 1140s
 303718 205906  187.33292   57  272  192.00000  186.69230  2.76%  61.7 1145s
 305100 206829  186.96595   58  283  192.00000  186.69328  2.76%  61.7 1150s
 306412 207719  187.25000   58  205  192.00000  186.69444  2.76%  61.7 1155s
 307751 208621  187.05346   57  236  192.00000  186.69627  2.76%  61.7 1160s
 309067 209543  188.38478   63   96  192.00000  186.69766  2.76%  61.7 1165s
 310444 210460  187.13960   55  299  192.00000  186.69901  2.76%  61.7 1170s
 311901 211362  191.00000   76   62  192.00000  186.69991  2.76%  61.6 1175s
 313090 212156  186.99039   54  285  192.00000  186.70080  2.76%  61.7 1180s
 314509 213146  187.05966   54  267  192.00000  186.70211  2.76%  61.7 1185s
 315788 214038  187.54021   63  260  192.00000  186.70335  2.76%  61.7 1190s
 317055 214900  190.14491   72  148  192.00000  186.70526  2.76%  61.7 1195s
 318341 215776  188.40719   60  192  192.00000  186.70670  2.76%  61.7 1200s
 319646 216688  187.16374   54  331  192.00000  186.70808  2.76%  61.7 1205s
 320977 217618  187.83512   62  167  192.00000  186.70930  2.76%  61.7 1210s
 322249 218437  186.72668   58  312  192.00000  186.71045  2.75%  61.7 1215s
 323591 219314  187.20204   59  221  192.00000  186.71132  2.75%  61.7 1220s
 324761 220122  188.49470   68  164  192.00000  186.71265  2.75%  61.7 1225s
 325993 220987  190.00454   72   90  192.00000  186.71411  2.75%  61.7 1230s
 327343 221865  187.05472   57  278  192.00000  186.71523  2.75%  61.7 1235s
 328709 222765  188.25490   68  230  192.00000  186.71674  2.75%  61.7 1240s
 330119 223685 infeasible   93       192.00000  186.71738  2.75%  61.7 1245s
 331559 224607  190.10674   71  111  192.00000  186.71894  2.75%  61.7 1250s
 333013 225576  186.79448   50  327  192.00000  186.72053  2.75%  61.6 1255s
 334362 226429  191.00000   71   81  192.00000  186.72161  2.75%  61.6 1260s
 335565 227261  190.13922   85   54  192.00000  186.72271  2.75%  61.7 1265s
 336952 228218  187.29249   57  239  192.00000  186.72400  2.75%  61.7 1270s
 338336 229092  188.14839   76  130  192.00000  186.72569  2.75%  61.7 1275s
 339748 230040  188.31757   66  209  192.00000  186.72704  2.75%  61.6 1280s
 341095 230927  187.19798   52  326  192.00000  186.72825  2.75%  61.6 1285s
 342429 231750  187.10314   55  326  192.00000  186.72950  2.75%  61.7 1290s
 343695 232608  189.11694   73  134  192.00000  186.73048  2.74%  61.7 1295s
 344880 233421  187.69556   72  243  192.00000  186.73163  2.74%  61.7 1300s
 346302 234407  186.76058   50  281  192.00000  186.73282  2.74%  61.7 1305s
 347617 235304  187.17955   58  304  192.00000  186.73458  2.74%  61.7 1310s
 348866 236145  191.00000   81   83  192.00000  186.73590  2.74%  61.7 1315s
 350043 236887  191.00000   81   83  192.00000  186.73725  2.74%  61.7 1320s
 351323 237763  187.08256   57  301  192.00000  186.73816  2.74%  61.7 1325s
 352704 238648  188.74893   66  170  192.00000  186.73927  2.74%  61.7 1330s
 354150 239620  187.09875   55  328  192.00000  186.74019  2.74%  61.7 1335s
 355471 240528  187.35000   62  220  192.00000  186.74126  2.74%  61.7 1340s
 356631 241248  189.07941   61  183  192.00000  186.74213  2.74%  61.7 1345s
 357973 242135     cutoff   82       192.00000  186.74349  2.74%  61.7 1350s
 359183 242935  191.00000   92   54  192.00000  186.74488  2.74%  61.8 1355s
 360601 243911  190.00000   86   81  192.00000  186.74611  2.74%  61.7 1360s
 361868 244705  188.03110   54  280  192.00000  186.74719  2.74%  61.8 1365s
 363122 245546  190.06862   79   85  192.00000  186.74812  2.74%  61.8 1370s
 364392 246369  187.23127   59  309  192.00000  186.74914  2.73%  61.8 1375s
 365706 247209     cutoff   76       192.00000  186.75000  2.73%  61.8 1380s
 366870 247958  188.05647   65  156  192.00000  186.75000  2.73%  61.8 1385s
 368313 249020  188.20000   71  149  192.00000  186.75026  2.73%  61.8 1390s
 369573 249860  187.02294   58  264  192.00000  186.75144  2.73%  61.8 1395s
 371033 250899  189.04820   69  167  192.00000  186.75281  2.73%  61.8 1400s
 372247 251714  187.51640   60  201  192.00000  186.75419  2.73%  61.8 1405s
 373466 252549  189.57665   72  123  192.00000  186.75502  2.73%  61.8 1410s
 374875 253517  187.58034   60  251  192.00000  186.75624  2.73%  61.8 1415s
 376187 254374  187.38186   53  298  192.00000  186.75730  2.73%  61.8 1420s
 377514 255244  191.00000   90   49  192.00000  186.75862  2.73%  61.8 1425s
 378825 256148  190.04611   85  105  192.00000  186.75965  2.73%  61.8 1430s
 380171 257042  187.00203   59  324  192.00000  186.76055  2.73%  61.8 1435s
 381458 257935  187.23689   58  286  192.00000  186.76121  2.73%  61.8 1440s
 382798 258835  188.23284   65  150  192.00000  186.76218  2.73%  61.8 1445s
 384127 259738  187.47004   60  286  192.00000  186.76310  2.73%  61.8 1450s
 385480 260681  190.08761   81  121  192.00000  186.76416  2.73%  61.8 1455s
 386697 261527  187.29036   59  194  192.00000  186.76512  2.73%  61.8 1460s
 388073 262479  187.06413   57  297  192.00000  186.76583  2.73%  61.8 1465s
 389477 263396  186.81420   58  251  192.00000  186.76709  2.73%  61.8 1470s
 390797 264269  191.00000   86   74  192.00000  186.76778  2.73%  61.8 1475s
 391112 264487  186.92564   57  302  192.00000  186.76800  2.72%  61.8 1480s
 392372 265277  190.00000   72  108  192.00000  186.76876  2.72%  61.8 1485s
 393623 266123     cutoff  103       192.00000  186.76926  2.72%  61.8 1490s
 394905 266977  186.95648   58  310  192.00000  186.77041  2.72%  61.8 1495s
 396214 267872  187.37563   58  300  192.00000  186.77138  2.72%  61.8 1500s
 397615 268863  190.00054   75  151  192.00000  186.77275  2.72%  61.8 1505s
 399030 269830  188.20198   62  146  192.00000  186.77377  2.72%  61.8 1510s
 400250 270643  189.71327   80   98  192.00000  186.77471  2.72%  61.8 1515s
 401573 271537  187.09869   52  208  192.00000  186.77553  2.72%  61.8 1520s
 402864 272415     cutoff   81       192.00000  186.77649  2.72%  61.8 1525s
 404018 273207  189.47941   77  118  192.00000  186.77749  2.72%  61.9 1530s
 405419 274200  187.44056   55  309  192.00000  186.77890  2.72%  61.9 1535s
 406662 275049  189.06777   68  158  192.00000  186.77974  2.72%  61.9 1540s
 407918 275837  187.01474   51  313  192.00000  186.78039  2.72%  61.9 1545s
 409166 276691  187.27927   60  258  192.00000  186.78114  2.72%  61.9 1550s
 409767 277052  188.23015   70  137  192.00000  186.78154  2.72%  61.9 1555s
 410833 277805  186.98012   56  323  192.00000  186.78257  2.72%  61.9 1560s
 412178 278697 infeasible   84       192.00000  186.78355  2.72%  61.9 1565s
 413498 279534  187.18384   58  337  192.00000  186.78439  2.72%  61.9 1570s
 414761 280400  187.06358   59  242  192.00000  186.78514  2.72%  61.9 1575s
 416311 281440  187.69917   68  225  192.00000  186.78606  2.72%  61.9 1580s
 417744 282445  187.45839   52  298  192.00000  186.78760  2.71%  61.9 1585s
 418344 282819  187.70522   61  308  192.00000  186.78789  2.71%  61.9 1590s
 419550 283630  189.85298   75  124  192.00000  186.78929  2.71%  61.9 1595s
 420823 284464  187.38680   55  267  192.00000  186.79033  2.71%  61.9 1600s
 422225 285354  187.01006   53  304  192.00000  186.79164  2.71%  61.9 1605s
 423493 286231  190.23276   87   87  192.00000  186.79253  2.71%  61.9 1610s
 424882 287152  187.16725   51  303  192.00000  186.79371  2.71%  61.9 1615s
 426288 288101  190.13114   83  104  192.00000  186.79477  2.71%  61.9 1620s
 427576 288996  187.01133   55  235  192.00000  186.79648  2.71%  61.9 1625s
 428999 289941  188.08938   62  204  192.00000  186.79741  2.71%  61.9 1630s
 430359 290822  187.67841   56  238  192.00000  186.79888  2.71%  61.9 1635s
 431749 291709  188.71425   71  173  192.00000  186.79969  2.71%  61.9 1640s
 433203 292711  187.12262   50  263  192.00000  186.80033  2.71%  61.9 1645s
 434584 293611  190.10674   71   98  192.00000  186.80148  2.71%  61.9 1650s
 435917 294531  188.19079   61  213  192.00000  186.80232  2.71%  61.9 1655s
 437304 295476     cutoff   83       192.00000  186.80329  2.71%  61.9 1660s
 438536 296274  187.03634   59  296  192.00000  186.80403  2.71%  61.9 1665s
 439725 297054  187.45695   57  254  192.00000  186.80501  2.71%  61.9 1670s
 441099 297964  188.00000   59  125  192.00000  186.80581  2.71%  62.0 1675s
 442448 298890  191.00000   88   60  192.00000  186.80666  2.70%  62.0 1680s
 443882 299809  190.72244   87  141  192.00000  186.80771  2.70%  61.9 1685s
 445332 300800  189.79944   84  149  192.00000  186.80903  2.70%  61.9 1690s
 446630 301691  188.67528   65  157  192.00000  186.80997  2.70%  61.9 1695s
 447960 302598  189.58293   65  175  192.00000  186.81131  2.70%  61.9 1700s
 449195 303473  191.00000   82   65  192.00000  186.81216  2.70%  61.9 1705s
 450535 304353  190.01518   77   76  192.00000  186.81306  2.70%  62.0 1710s
 451784 305221  191.00000   74   63  192.00000  186.81388  2.70%  62.0 1715s
 453168 306165  190.28251   86   71  192.00000  186.81518  2.70%  62.0 1720s
 454457 306993  190.19656   79  119  192.00000  186.81621  2.70%  62.0 1725s
 455766 307835     cutoff  112       192.00000  186.81738  2.70%  62.0 1730s
 457116 308754  187.49676   58  253  192.00000  186.81863  2.70%  62.0 1735s
 458604 309757  187.18223   54  311  192.00000  186.81986  2.70%  61.9 1740s
 459893 310622  188.34150   61  159  192.00000  186.82067  2.70%  62.0 1745s
 461312 311604  189.34698   75  151  192.00000  186.82164  2.70%  61.9 1750s
 462608 312408  187.26161   56  224  192.00000  186.82215  2.70%  62.0 1755s
 463892 313315  189.26835   85  101  192.00000  186.82295  2.70%  62.0 1760s
 465155 314147  189.39444   68  195  192.00000  186.82378  2.70%  62.0 1765s
 466374 314936  187.60354   66  220  192.00000  186.82448  2.70%  62.0 1770s
 467353 315579  191.00000   83   62  192.00000  186.82537  2.70%  62.0 1775s
 468727 316443  188.57332   65  201  192.00000  186.82655  2.69%  62.0 1780s
 470067 317337  189.25000   74  111  192.00000  186.82763  2.69%  62.0 1785s
 471397 318285  190.09464   72  129  192.00000  186.82868  2.69%  62.0 1790s
 472727 319163  187.61142   59  254  192.00000  186.82978  2.69%  62.0 1795s
 474028 320063  189.33578   83  135  192.00000  186.83075  2.69%  62.0 1800s
 475402 320950  188.40745   76   99  192.00000  186.83155  2.69%  62.0 1805s
 476725 321823  188.09197   63  161  192.00000  186.83215  2.69%  62.0 1810s
 478080 322715  189.29279   68  139  192.00000  186.83305  2.69%  62.0 1815s
 479465 323639  188.21341   68  178  192.00000  186.83333  2.69%  62.0 1820s
 480769 324545  188.37191   70  235  192.00000  186.83382  2.69%  62.0 1825s
 482115 325477  188.64362   82  173  192.00000  186.83453  2.69%  62.0 1830s
 483498 326423  189.01406   69  186  192.00000  186.83556  2.69%  62.0 1835s
 484937 327413  191.00000   83   62  192.00000  186.83669  2.69%  62.0 1840s
 486303 328345  187.48732   60  320  192.00000  186.83764  2.69%  62.0 1845s
 487583 329192  187.45702   56  304  192.00000  186.83869  2.69%  62.0 1850s
 488952 330072  187.57868   54  240  192.00000  186.83967  2.69%  62.0 1855s
 490218 330969  189.27273   67  130  192.00000  186.84052  2.69%  62.0 1860s
 491657 331938  189.06180   68  173  192.00000  186.84128  2.69%  62.0 1865s
 492997 332804  187.38508   57  288  192.00000  186.84189  2.69%  62.0 1870s
 494447 333798  191.00000   85   89  192.00000  186.84278  2.69%  62.0 1875s
 495831 334750  189.09885   87  149  192.00000  186.84382  2.69%  62.0 1880s
 497161 335659  188.14198   62  222  192.00000  186.84457  2.69%  61.9 1885s
 498638 336634  188.00000   64  124  192.00000  186.84592  2.68%  61.9 1890s
 500121 337599  187.01439   59  284  192.00000  186.84666  2.68%  61.9 1895s
 501544 338485  188.34091   62  208  192.00000  186.84742  2.68%  61.9 1900s
 502893 339400  189.12714   68  135  192.00000  186.84848  2.68%  61.9 1905s
 504243 340255  187.63565   61  288  192.00000  186.84948  2.68%  61.9 1910s
 505545 341133  191.00000   84   81  192.00000  186.85000  2.68%  61.9 1915s
 506806 341981  187.56617   53  294  192.00000  186.85115  2.68%  61.9 1920s
 508169 342905  187.39620   55  223  192.00000  186.85187  2.68%  61.9 1925s
 509678 343896     cutoff   98       192.00000  186.85284  2.68%  61.9 1930s
 510997 344743  187.43524   59  294  192.00000  186.85379  2.68%  61.9 1935s
 512369 345636  188.87478   69  166  192.00000  186.85471  2.68%  61.9 1940s
 513728 346542  190.33333   80  100  192.00000  186.85561  2.68%  61.9 1945s
 514911 347324  187.13926   58  324  192.00000  186.85689  2.68%  61.9 1950s
 516207 348214  189.13006   72  144  192.00000  186.85762  2.68%  61.9 1955s
 517172 348872  188.70608   66  240  192.00000  186.85825  2.68%  61.9 1961s
 517978 349369  187.53397   53  292  192.00000  186.85874  2.68%  61.9 1965s
 519237 350250  191.00000   81   74  192.00000  186.85977  2.68%  61.9 1970s
 520582 351143  186.94696   58  283  192.00000  186.86093  2.68%  61.9 1975s
 521785 351985  187.09652   56  217  192.00000  186.86175  2.68%  61.9 1980s
 523180 352963  190.03317   77  122  192.00000  186.86263  2.68%  61.9 1985s
 524513 353846  188.51777   59  176  192.00000  186.86313  2.68%  61.9 1990s
 525947 354855  187.70279   60  207  192.00000  186.86425  2.67%  61.9 1995s
 527242 355734  187.81477   56  316  192.00000  186.86492  2.67%  61.9 2000s
 528704 356757  190.72044   83   75  192.00000  186.86574  2.67%  61.9 2005s
 529312 357142  187.05534   59  303  192.00000  186.86634  2.67%  61.9 2013s
 529509 357279  187.20179   59  253  192.00000  186.86644  2.67%  61.9 2015s
 530835 358140  187.75268   57  300  192.00000  186.86689  2.67%  61.9 2020s
 532169 358975  187.06617   59  298  192.00000  186.86774  2.67%  61.9 2025s
 533437 359852  189.53925   74  122  192.00000  186.86889  2.67%  61.9 2030s
 534724 360694  189.31609   68  149  192.00000  186.86963  2.67%  61.9 2035s
 536048 361535  187.42889   58  254  192.00000  186.87054  2.67%  61.9 2040s
 537290 362367  187.52031   54  311  192.00000  186.87151  2.67%  61.9 2045s
 538657 363270  187.22948   57  256  192.00000  186.87217  2.67%  61.9 2050s
 540044 364211  187.41667   59  233  192.00000  186.87300  2.67%  61.9 2055s
 541296 364999  187.03448   57  260  192.00000  186.87366  2.67%  61.9 2060s
 542620 365881  190.34188   76  110  192.00000  186.87485  2.67%  61.9 2065s
 543969 366787  188.33744   69  163  192.00000  186.87518  2.67%  61.9 2070s
 545475 367769  187.51776   68  169  192.00000  186.87602  2.67%  61.9 2075s
 546758 368583  191.00000   93   51  192.00000  186.87668  2.67%  61.9 2080s
 548092 369444  190.60291   75  104  192.00000  186.87759  2.67%  61.9 2085s
 549556 370442  187.09906   60  300  192.00000  186.87825  2.67%  61.8 2090s
 551012 371445  189.17274   76  177  192.00000  186.87912  2.67%  61.8 2095s
 552324 372251  187.62916   64  226  192.00000  186.88007  2.67%  61.8 2100s
 553726 373197  188.34074   64  239  192.00000  186.88080  2.67%  61.8 2105s
 555137 374143  188.72960   62  162  192.00000  186.88169  2.67%  61.8 2110s
 556590 375109  188.71837   63  154  192.00000  186.88293  2.67%  61.8 2115s
 557742 375852  187.27974   65  264  192.00000  186.88366  2.66%  61.8 2122s
 558443 376321  190.10560   78  133  192.00000  186.88412  2.66%  61.8 2125s
 559784 377163  187.17338   58  294  192.00000  186.88485  2.66%  61.8 2130s
 561171 378091  187.51498   54  309  192.00000  186.88569  2.66%  61.8 2135s
 562473 378957  188.09016   63  187  192.00000  186.88670  2.66%  61.8 2140s
 563788 379813     cutoff   91       192.00000  186.88754  2.66%  61.8 2145s
 565126 380688  191.00000   75  116  192.00000  186.88856  2.66%  61.8 2150s
 566320 381498  187.73939   65  229  192.00000  186.88929  2.66%  61.8 2155s
 567789 382472  188.66511   64  191  192.00000  186.89027  2.66%  61.8 2160s
 569094 383369  189.75614   81  129  192.00000  186.89106  2.66%  61.8 2165s
 570320 384159  187.11277   56  298  192.00000  186.89182  2.66%  61.8 2170s
 571675 385085  189.02905   72  184  192.00000  186.89244  2.66%  61.8 2175s
 572980 385912  187.71877   61  235  192.00000  186.89305  2.66%  61.8 2180s
 574275 386734 infeasible   91       192.00000  186.89361  2.66%  61.8 2185s
 575559 387556  187.69764   62  230  192.00000  186.89461  2.66%  61.8 2190s
 577083 388557  188.57752   66  143  192.00000  186.89567  2.66%  61.8 2195s
 578358 389371  187.68082   56  260  192.00000  186.89644  2.66%  61.8 2200s
 579793 390351  188.55000   64  209  192.00000  186.89746  2.66%  61.8 2205s
 581158 391283  187.76941   58  250  192.00000  186.89820  2.66%  61.8 2210s
 582470 392177  188.73917   67  164  192.00000  186.89887  2.66%  61.8 2215s
 584014 393227  189.58235   77  164  192.00000  186.89981  2.66%  61.8 2220s
 585246 394069  187.27262   58  277  192.00000  186.90033  2.66%  61.8 2225s
 586606 394954  188.49004   63  205  192.00000  186.90100  2.66%  61.8 2230s
 587959 395855  187.09110   64  247  192.00000  186.90217  2.66%  61.8 2235s
 589293 396680  188.18094   57  211  192.00000  186.90297  2.65%  61.8 2240s
 590547 397511  190.01382   73  111  192.00000  186.90376  2.65%  61.8 2245s
 592021 398506  188.17676   66  203  192.00000  186.90476  2.65%  61.8 2250s
 593359 399419  187.53833   62  186  192.00000  186.90593  2.65%  61.8 2255s
 594659 400326  190.47958   69  112  192.00000  186.90664  2.65%  61.8 2260s
 595958 401216  188.00020   63  186  192.00000  186.90735  2.65%  61.8 2265s
 597481 402197  187.66667   65  184  192.00000  186.90824  2.65%  61.8 2270s
 598986 403173  187.40411   59  247  192.00000  186.90893  2.65%  61.8 2275s
 600354 404127     cutoff   68       192.00000  186.90970  2.65%  61.8 2280s
 601823 405119  187.46796   60  243  192.00000  186.91067  2.65%  61.8 2285s
 603324 406114  188.18233   66  213  192.00000  186.91156  2.65%  61.8 2290s
 604611 406975  189.11724   66  247  192.00000  186.91221  2.65%  61.8 2295s
 605952 407833  187.26002   53  217  192.00000  186.91300  2.65%  61.8 2300s
 607460 408821  187.70760   59  252  192.00000  186.91349  2.65%  61.7 2305s
 608866 409748  187.29027   58  303  192.00000  186.91430  2.65%  61.7 2310s
 610218 410691  189.83014   71  117  192.00000  186.91534  2.65%  61.7 2315s
 611583 411575  187.66685   52  279  192.00000  186.91648  2.65%  61.7 2320s
 612939 412462  189.00278   60  181  192.00000  186.91704  2.65%  61.7 2325s
 614246 413302  188.35663   64  175  192.00000  186.91776  2.65%  61.7 2330s
 615579 414217  187.56368   56  235  192.00000  186.91813  2.65%  61.7 2335s
 616897 415105  191.00000   97   49  192.00000  186.91877  2.65%  61.7 2340s
 618373 416094  187.63518   59  255  192.00000  186.91977  2.65%  61.7 2345s
 619810 417051  187.70000   66  130  192.00000  186.92068  2.65%  61.7 2350s
 621095 417887  189.11932   69  156  192.00000  186.92139  2.65%  61.7 2355s
 622324 418672  187.54939   53  307  192.00000  186.92226  2.64%  61.7 2360s
 623630 419545  187.47248   55  271  192.00000  186.92305  2.64%  61.7 2365s
 624957 420417     cutoff   88       192.00000  186.92375  2.64%  61.7 2370s
 626181 421236  187.32425   60  302  192.00000  186.92450  2.64%  61.7 2375s
 627528 422129  187.45396   63  243  192.00000  186.92517  2.64%  61.7 2380s
 628831 422971  188.86769   64  181  192.00000  186.92585  2.64%  61.7 2385s
 630035 423789  187.60890   58  217  192.00000  186.92659  2.64%  61.7 2390s
 631374 424707  190.15867   74  143  192.00000  186.92721  2.64%  61.7 2395s
 632630 425499  190.08216   76  128  192.00000  186.92776  2.64%  61.8 2400s
 633975 426352  187.06471   56  326  192.00000  186.92868  2.64%  61.8 2405s
 635385 427327  190.12473   81  121  192.00000  186.92959  2.64%  61.8 2410s
 636904 428322  187.38960   56  266  192.00000  186.93044  2.64%  61.7 2415s
 638314 429286  187.55399   59  250  192.00000  186.93132  2.64%  61.7 2420s
 639740 430230  188.24595   57  191  192.00000  186.93196  2.64%  61.7 2425s
 640977 431047  187.56389   52  288  192.00000  186.93247  2.64%  61.7 2430s
 642288 431913  187.05159   57  253  192.00000  186.93334  2.64%  61.7 2435s
 643665 432856  189.28731   77   94  192.00000  186.93412  2.64%  61.7 2440s
 644918 433674  190.26985   71  147  192.00000  186.93482  2.64%  61.7 2445s
 646302 434602  190.19705   84  105  192.00000  186.93560  2.64%  61.7 2450s
 647506 435436     cutoff   81       192.00000  186.93669  2.64%  61.7 2455s
 648708 436217  187.01053   50  348  192.00000  186.93720  2.64%  61.8 2460s
 649821 436938     cutoff   79       192.00000  186.93759  2.64%  61.8 2465s
 651087 437713  189.13775   69  143  192.00000  186.93830  2.64%  61.8 2470s
 652449 438551  189.38574   73  118  192.00000  186.93922  2.64%  61.8 2475s
 653707 439376  188.58235   59  152  192.00000  186.93992  2.64%  61.8 2480s
 654909 440159  189.50000   71  104  192.00000  186.94058  2.64%  61.8 2485s
 656133 440894  189.67119   72  154  192.00000  186.94118  2.63%  61.8 2490s
 657378 441697  188.61808   69  217  192.00000  186.94230  2.63%  61.8 2495s
 658572 442427  188.44444   72  151  192.00000  186.94280  2.63%  61.8 2500s
 659928 443335  191.00000   78   69  192.00000  186.94371  2.63%  61.8 2505s
 660317 443571     cutoff   79       192.00000  186.94388  2.63%  61.8 2510s
 661437 444292  187.11289   55  264  192.00000  186.94472  2.63%  61.8 2515s
 662727 445145  190.03496   71  135  192.00000  186.94516  2.63%  61.8 2520s
 664002 445957  189.50000   75   98  192.00000  186.94574  2.63%  61.8 2525s
 665333 446794  190.13095   70  122  192.00000  186.94655  2.63%  61.8 2530s
 666659 447642  190.16519   79  117  192.00000  186.94706  2.63%  61.8 2535s
 667982 448509  191.00000   83   72  192.00000  186.94781  2.63%  61.8 2540s
 669277 449349  190.05957   81   80  192.00000  186.94835  2.63%  61.8 2545s
 670515 450141  187.68942   58  300  192.00000  186.94897  2.63%  61.8 2550s
 671776 450980  189.83340   75  119  192.00000  186.94951  2.63%  61.8 2555s
 672988 451767  187.78313   55  212  192.00000  186.95003  2.63%  61.8 2560s
 674304 452657  190.58044   84  102  192.00000  186.95076  2.63%  61.8 2565s
 675565 453498  187.64173   55  259  192.00000  186.95154  2.63%  61.8 2570s
 676838 454337  187.81841   56  295  192.00000  186.95209  2.63%  61.9 2575s
 678087 455139  187.65568   65  171  192.00000  186.95294  2.63%  61.9 2580s
 679433 456055  187.14286   61  244  192.00000  186.95348  2.63%  61.9 2585s
 680818 456994  187.52503   66  276  192.00000  186.95405  2.63%  61.8 2590s
 682079 457848  188.38070   67  207  192.00000  186.95471  2.63%  61.9 2595s
 683491 458771  189.32955   62  154  192.00000  186.95539  2.63%  61.8 2600s
 684714 459570  187.78723   60  266  192.00000  186.95622  2.63%  61.9 2605s
 686289 460591  190.88923   80  112  192.00000  186.95672  2.63%  61.8 2610s
 687599 461399  190.29312   81   83  192.00000  186.95769  2.63%  61.8 2615s
 688809 462234  189.03081   67  146  192.00000  186.95836  2.63%  61.9 2620s
 690103 463093  187.70578   62  283  192.00000  186.95888  2.63%  61.9 2625s
 691385 463892  187.63851   58  285  192.00000  186.95963  2.63%  61.9 2630s
 692582 464672  187.89259   53  264  192.00000  186.96009  2.62%  61.9 2635s
 693833 465508  191.00000   83   63  192.00000  186.96084  2.62%  61.9 2640s
 695158 466418  190.00428   88   88  192.00000  186.96154  2.62%  61.9 2645s
 696384 467195  187.56250   63  250  192.00000  186.96215  2.62%  61.9 2650s
 697631 468020  187.68608   57  332  192.00000  186.96263  2.62%  61.9 2655s
 698951 468904  187.22039   55  292  192.00000  186.96341  2.62%  61.9 2660s
 700157 469705  189.04348   59  122  192.00000  186.96415  2.62%  61.9 2665s
 701389 470492  187.14491   51  235  192.00000  186.96464  2.62%  61.9 2670s
 702627 471304  187.53882   60  291  192.00000  186.96539  2.62%  61.9 2675s
 703917 472128  189.24142   65  187  192.00000  186.96598  2.62%  61.9 2680s
 705260 473008  190.00491   69  100  192.00000  186.96678  2.62%  61.9 2685s
 706494 473818  187.37321   58  294  192.00000  186.96730  2.62%  61.9 2690s
 707730 474607  188.14679   68  196  192.00000  186.96798  2.62%  61.9 2695s
 709060 475466  189.16785   67  168  192.00000  186.96844  2.62%  61.9 2700s
 710480 476391  189.50331   92  107  192.00000  186.96938  2.62%  61.9 2705s
 711836 477256  187.44817   60  349  192.00000  186.97005  2.62%  61.9 2710s
 713102 478054  189.84027   83  128  192.00000  186.97060  2.62%  61.9 2715s
 714563 479004  188.26290   63  217  192.00000  186.97134  2.62%  61.9 2720s
 715811 479807  188.35114   58  214  192.00000  186.97215  2.62%  61.9 2725s
 717059 480598  187.43146   58  285  192.00000  186.97293  2.62%  61.9 2730s
 718386 481476  190.34852   88  138  192.00000  186.97391  2.62%  61.9 2735s
 719834 482396  190.32716   81  128  192.00000  186.97442  2.62%  61.9 2740s
 721118 483250  191.00000   89   67  192.00000  186.97519  2.62%  61.9 2745s
 722304 484049  187.43513   54  254  192.00000  186.97592  2.62%  61.9 2750s
 723553 484855  187.37497   61  305  192.00000  186.97652  2.62%  61.9 2755s
 724712 485633  187.95858   60  150  192.00000  186.97731  2.62%  61.9 2760s
 726129 486568  188.97559   65  158  192.00000  186.97801  2.62%  61.9 2765s
 727435 487373  191.00000   74   65  192.00000  186.97886  2.62%  61.9 2770s
 728680 488158  187.50575   54  264  192.00000  186.97973  2.61%  61.9 2775s
 730035 489058  190.02504   71   83  192.00000  186.98052  2.61%  61.9 2780s
 731338 489925  187.83070   71  151  192.00000  186.98112  2.61%  61.9 2785s
 732596 490743  188.27160   64  255  192.00000  186.98188  2.61%  61.9 2790s
 733860 491610  191.00000   76  107  192.00000  186.98274  2.61%  61.9 2795s
 734948 492325  187.31369   55  269  192.00000  186.98338  2.61%  61.9 2800s
 736201 493087  188.19316   55  182  192.00000  186.98393  2.61%  61.9 2805s
 737472 493915  188.09239   64  218  192.00000  186.98458  2.61%  61.9 2810s
 738705 494712  188.00000   61  169  192.00000  186.98534  2.61%  61.9 2815s
 739940 495457  188.15185   62  283  192.00000  186.98597  2.61%  61.9 2820s
 741121 496224  187.67493   66  174  192.00000  186.98680  2.61%  61.9 2825s
 742448 497061     cutoff   79       192.00000  186.98726  2.61%  61.9 2830s
 743733 497881  188.30171   67  275  192.00000  186.98792  2.61%  61.9 2835s
 744999 498704  187.28763   53  306  192.00000  186.98864  2.61%  61.9 2840s
 746262 499499  190.55998   74  141  192.00000  186.98935  2.61%  61.9 2845s
 747512 500342  188.03838   62  281  192.00000  186.98996  2.61%  61.9 2850s
 748698 501093  189.17738   96   85  192.00000  186.99062  2.61%  62.0 2855s
 749847 501814  190.36667   76  146  192.00000  186.99143  2.61%  62.0 2860s
 751114 502638  190.17701   85   98  192.00000  186.99197  2.61%  62.0 2865s
 752336 503371  190.30720   74  177  192.00000  186.99253  2.61%  62.0 2870s
 753566 504144  189.20183   67  208  192.00000  186.99325  2.61%  62.0 2875s
 754791 504951  189.65438   68  138  192.00000  186.99406  2.61%  62.0 2880s
 755966 505656  187.83741   60  240  192.00000  186.99486  2.61%  62.0 2885s
 757102 506394  187.62286   60  309  192.00000  186.99538  2.61%  62.0 2890s
 758354 507194  187.57152   59  267  192.00000  186.99619  2.61%  62.0 2895s
 759674 508045  189.01058   71  140  192.00000  186.99688  2.61%  62.0 2900s
 760890 508850  188.58531   71  204  192.00000  186.99749  2.61%  62.0 2905s
 762111 509666  188.27756   61  275  192.00000  186.99822  2.61%  62.0 2910s
 763522 510608  188.59657   72  178  192.00000  186.99903  2.60%  62.0 2915s
 764760 511434  189.31328   67  140  192.00000  186.99968  2.60%  62.0 2920s
 766080 512222  190.50787   84  138  192.00000  187.00000  2.60%  62.0 2925s
 767241 512996  190.05777  100   75  192.00000  187.00000  2.60%  62.0 2930s
 768458 513751  190.95786   73  110  192.00000  187.00000  2.60%  62.0 2935s
 769552 514462  188.22222   60  213  192.00000  187.00000  2.60%  62.0 2940s
 770705 515180  187.35685   60  271  192.00000  187.00000  2.60%  62.0 2945s
 771757 515840  189.31276   70  156  192.00000  187.00000  2.60%  62.1 2950s
 772907 516600  187.23016   56  336  192.00000  187.00000  2.60%  62.1 2955s
 774063 517376  191.00000   72   99  192.00000  187.00000  2.60%  62.1 2960s
 775345 518200  188.79098   66  176  192.00000  187.00000  2.60%  62.1 2965s
 776524 519000  187.13779   52  328  192.00000  187.00000  2.60%  62.1 2970s
 777630 519749  190.36841   78   88  192.00000  187.00000  2.60%  62.1 2975s
 778762 520470  187.06788   60  254  192.00000  187.00000  2.60%  62.1 2980s
 779842 521190  187.76550   55  259  192.00000  187.00000  2.60%  62.1 2985s
 780913 521894  188.61708   59  137  192.00000  187.00000  2.60%  62.1 2990s
 781992 522578  187.45433   62  321  192.00000  187.00000  2.60%  62.1 2995s
 783130 523319  188.11403   66  178  192.00000  187.00000  2.60%  62.2 3000s
 784270 524048  187.06250   55  292  192.00000  187.00000  2.60%  62.2 3005s
 785410 524837  190.50000   80  138  192.00000  187.00000  2.60%  62.2 3010s
 786646 525624  187.35455   54  327  192.00000  187.00000  2.60%  62.2 3015s
 787897 526437  187.81788   63  161  192.00000  187.00000  2.60%  62.2 3020s
 789042 527197  190.11717   83   92  192.00000  187.00022  2.60%  62.2 3025s
 790248 527993  189.10318   63  130  192.00000  187.00055  2.60%  62.2 3030s
 791528 528805  190.45921   76  103  192.00000  187.00114  2.60%  62.2 3035s
 792441 529393  188.41309   71  227  192.00000  187.00171  2.60%  62.2 3040s
 793625 530195  188.85595   74  156  192.00000  187.00208  2.60%  62.2 3045s
 794625 530839  190.00000   78  123  192.00000  187.00264  2.60%  62.2 3050s
 795860 531632  189.23930   73  142  192.00000  187.00328  2.60%  62.2 3055s
 797065 532371  187.86022   62  248  192.00000  187.00395  2.60%  62.2 3060s
 798249 533086  188.84862   74  176  192.00000  187.00449  2.60%  62.2 3065s
 799508 533913  191.00000   77   87  192.00000  187.00520  2.60%  62.2 3070s
 800602 534624  188.50000   62   95  192.00000  187.00571  2.60%  62.3 3075s
 801872 535459  188.24360   70  205  192.00000  187.00626  2.60%  62.3 3080s
 803118 536271  188.17568   61  294  192.00000  187.00668  2.60%  62.3 3085s
 804304 537018  190.13332   71  122  192.00000  187.00717  2.60%  62.3 3090s
 805510 537739  187.94250   65  163  192.00000  187.00799  2.60%  62.3 3095s
 806774 538513  188.06667   60  169  192.00000  187.00872  2.60%  62.3 3100s
 808051 539295  187.10318   57  270  192.00000  187.00913  2.60%  62.3 3105s
 809319 540105  187.54868   64  194  192.00000  187.00977  2.60%  62.3 3110s
 810528 540888  187.57389   58  320  192.00000  187.01020  2.60%  62.3 3115s
 811672 541679  188.68978   66  206  192.00000  187.01053  2.60%  62.3 3120s
 812876 542477  190.00000   67  150  192.00000  187.01094  2.60%  62.3 3125s
 814045 543190  189.52895   74  120  192.00000  187.01140  2.60%  62.3 3130s
 815268 543934  189.02031   73  180  192.00000  187.01206  2.60%  62.3 3135s
 816508 544762  187.74631   66  196  192.00000  187.01272  2.60%  62.3 3140s
 817548 545460  188.65428   65  169  192.00000  187.01329  2.60%  62.3 3145s
 818908 546332  187.52212   62  234  192.00000  187.01364  2.60%  62.3 3150s
 820158 547139  188.04965   62  186  192.00000  187.01417  2.60%  62.3 3155s
 821243 547851  190.83705   81  123  192.00000  187.01481  2.60%  62.3 3160s
 822474 548684  191.00000   89   53  192.00000  187.01510  2.60%  62.3 3165s
 823656 549416  187.58229   62  263  192.00000  187.01563  2.60%  62.3 3170s
 825034 550297  191.00000   85   80  192.00000  187.01619  2.60%  62.3 3175s
 826067 550982  187.30235   51  349  192.00000  187.01647  2.60%  62.3 3180s
 827259 551807  191.00000   74   97  192.00000  187.01700  2.60%  62.3 3185s
 828318 552509  188.20903   58  182  192.00000  187.01739  2.60%  62.4 3190s
 829453 553222  187.68544   62  297  192.00000  187.01802  2.59%  62.4 3195s
 830694 554073     cutoff   95       192.00000  187.01829  2.59%  62.4 3200s
 831843 554813  188.32037   58  253  192.00000  187.01892  2.59%  62.4 3205s
 833001 555568  188.01419   59  244  192.00000  187.01926  2.59%  62.4 3210s
 834001 556191  187.73077   52  226  192.00000  187.01955  2.59%  62.4 3215s
 835298 557014  190.26820   88   99  192.00000  187.01990  2.59%  62.4 3220s
 836483 557784  190.13120   72  147  192.00000  187.02040  2.59%  62.4 3225s
 837686 558583  188.30108   57  175  192.00000  187.02099  2.59%  62.4 3230s
 838981 559452  187.60870   58  310  192.00000  187.02122  2.59%  62.4 3235s
 840031 560175  187.17241   56  261  192.00000  187.02152  2.59%  62.4 3240s
 841209 560955  187.32284   55  229  192.00000  187.02196  2.59%  62.4 3245s
 842247 561639  187.90549   57  289  192.00000  187.02243  2.59%  62.4 3257s
 842782 561970  191.00000   87   74  192.00000  187.02260  2.59%  62.4 3260s
 843820 562657  188.47683   62  301  192.00000  187.02302  2.59%  62.4 3265s
 845050 563450  189.69610   74  186  192.00000  187.02351  2.59%  62.4 3270s
 846325 564266  189.46184   90  137  192.00000  187.02378  2.59%  62.4 3275s
 847493 564997  191.00000   87   44  192.00000  187.02419  2.59%  62.5 3280s
 848751 565778  188.23449   60  185  192.00000  187.02471  2.59%  62.4 3285s
 849965 566592  189.16667   67  152  192.00000  187.02520  2.59%  62.5 3290s
 851124 567354  190.05948   83  149  192.00000  187.02554  2.59%  62.5 3295s
 852295 568084  187.78414   51  319  192.00000  187.02571  2.59%  62.5 3300s
 853432 568801  188.15366   62  195  192.00000  187.02608  2.59%  62.5 3305s
 854753 569634  187.49705   52  301  192.00000  187.02653  2.59%  62.5 3310s
 856016 570448  187.78515   55  267  192.00000  187.02704  2.59%  62.5 3315s
 857138 571159  188.28806   58  226  192.00000  187.02760  2.59%  62.5 3320s
 858351 571917     cutoff   98       192.00000  187.02809  2.59%  62.5 3325s
 859517 572669  187.78217   57  291  192.00000  187.02853  2.59%  62.5 3330s
 860766 573458  187.65428   56  246  192.00000  187.02899  2.59%  62.5 3335s
 861929 574197  188.01987   64  240  192.00000  187.02947  2.59%  62.5 3340s
 863103 574926  190.78004   78  133  192.00000  187.03001  2.59%  62.5 3345s
 864285 575691  189.00000   73  140  192.00000  187.03039  2.59%  62.5 3350s
 865506 576471  187.35826   53  306  192.00000  187.03080  2.59%  62.5 3355s
 866718 577269  187.68581   55  304  192.00000  187.03126  2.59%  62.5 3360s
 867909 578004  190.00000   73  112  192.00000  187.03163  2.59%  62.5 3365s
 869192 578818  187.70057   59  305  192.00000  187.03221  2.59%  62.5 3370s
 870454 579634  187.75722   56  237  192.00000  187.03277  2.59%  62.5 3375s
 871629 580396  188.65966   68  134  192.00000  187.03311  2.59%  62.5 3380s
 872875 581235  190.03216   82  104  192.00000  187.03337  2.59%  62.5 3385s
 874035 581976  190.01469   87   74  192.00000  187.03388  2.59%  62.5 3390s
 875303 582778  188.67781   69  131  192.00000  187.03449  2.59%  62.5 3395s
 876484 583476  188.18503   56  242  192.00000  187.03510  2.59%  62.5 3400s
 877644 584207  187.41095   61  274  192.00000  187.03556  2.59%  62.5 3405s
 878875 584992  187.61464   56  187  192.00000  187.03590  2.59%  62.5 3410s
 880028 585755  187.47379   56  301  192.00000  187.03635  2.59%  62.6 3415s
 881260 586514  188.01229   62  301  192.00000  187.03689  2.58%  62.6 3420s
 882512 587346  188.15898   58  241  192.00000  187.03738  2.58%  62.6 3425s
 883696 588114  188.40724   58  221  192.00000  187.03774  2.58%  62.6 3430s
 884929 588862  188.36000   61  223  192.00000  187.03810  2.58%  62.6 3435s
 886114 589630  190.40256   74  142  192.00000  187.03860  2.58%  62.6 3440s
 887330 590389  189.60566   78  118  192.00000  187.03907  2.58%  62.6 3445s
 888472 591134  189.16913   74  118  192.00000  187.03950  2.58%  62.6 3450s
 889711 591926  187.11882   60  265  192.00000  187.04001  2.58%  62.6 3455s
 890910 592711  187.56526   57  238  192.00000  187.04034  2.58%  62.6 3460s
 892224 593531  188.95455   69  148  192.00000  187.04065  2.58%  62.6 3465s
 893478 594296  187.87193   60  301  192.00000  187.04124  2.58%  62.6 3470s
 894761 595069  187.23247   61  305  192.00000  187.04167  2.58%  62.6 3475s
 895924 595837  190.33333   75  123  192.00000  187.04214  2.58%  62.6 3480s
 897126 596621  188.56799   70  166  192.00000  187.04247  2.58%  62.6 3485s
 898158 597318  190.03817   69  128  192.00000  187.04255  2.58%  62.6 3490s
 899265 598061  190.08698   72  111  192.00000  187.04271  2.58%  62.6 3495s
 900462 598846  189.27116   75  118  192.00000  187.04308  2.58%  62.6 3500s
 901713 599647  187.91640   59  259  192.00000  187.04348  2.58%  62.6 3505s
 902771 600309  187.91667   62  253  192.00000  187.04366  2.58%  62.7 3510s
 903687 600882  187.95509   62  264  192.00000  187.04394  2.58%  62.7 3516s
 904611 601473     cutoff   79       192.00000  187.04419  2.58%  62.7 3520s
 905734 602220  190.00000   87   68  192.00000  187.04453  2.58%  62.7 3525s
 906986 603048  190.14643   88  102  192.00000  187.04515  2.58%  62.7 3530s
 908155 603747  190.02005   64  173  192.00000  187.04551  2.58%  62.7 3535s
 909495 604577  187.66457   58  287  192.00000  187.04591  2.58%  62.7 3540s
 910664 605342  188.30688   62  221  192.00000  187.04641  2.58%  62.7 3545s
 911846 606071  188.73298   72  180  192.00000  187.04690  2.58%  62.7 3550s
 913069 606889  187.94440   62  277  192.00000  187.04730  2.58%  62.7 3555s
 914261 607625  189.51937   72  168  192.00000  187.04786  2.58%  62.7 3560s
 915582 608449  191.00000  101   59  192.00000  187.04834  2.58%  62.7 3565s
 916898 609233  187.52705   57  300  192.00000  187.04858  2.58%  62.7 3570s
 918067 609958  190.24041   87  104  192.00000  187.04897  2.58%  62.7 3575s
 919216 610709  187.57525   63  248  192.00000  187.04959  2.58%  62.7 3580s
 920467 611511  190.19725   72  181  192.00000  187.05013  2.58%  62.7 3585s
 921679 612320  190.23488   87  124  192.00000  187.05048  2.58%  62.7 3590s
 922922 613121  190.17378   68  123  192.00000  187.05092  2.58%  62.7 3595s

Cutting planes:
  Learned: 42
  Gomory: 48
  Cover: 574
  Implied bound: 61
  Clique: 11
  MIR: 800
  Mixing: 37
  StrongCG: 9
  Flow cover: 2044
  GUB cover: 59
  Inf proof: 65
  Zero half: 124
  RLT: 48
  Relax-and-lift: 46
  BQP: 19

Explored 924111 nodes (57971458 simplex iterations) in 3599.94 seconds (3007.06 work units)
Thread count was 1 (of 16 available processors)

Solution count 10: 192 193 194 ... 200

Time limit reached
Best objective 1.920000000000e+02, best bound 1.880000000000e+02, gap 2.0833%

User-callback calls 3101557, time in user-callback 2.94 sec
Stat(MathOptInterface.TIME_LIMIT, 192.0, 188.0, 0.020833333333333332, 0.0, 0.061539, 3599.941071987152, 924111, Main.CFLG.LEVFP, "", #undef)
