Data path: /scratch/opt/lxu/CFLG/benchmarks/tree_B
Instance: treeB.100.15
Result path: /scratch/opt/lxu/CFLG/results/tree_B
Solver: Gurobi
Time limit: 7200
Formulation: LEFPA
Cover: Small
julia --project=. src/main.jl /scratch/opt/lxu/CFLG/benchmarks/tree_B treeB.100.15 /scratch/opt/lxu/CFLG/results/tree_B Gurobi 7200 LEFPA Small
The latest version of Julia in the `release` channel is 1.11.6+0.x64.linux.gnu. You currently have `1.11.4+0.x64.linux.gnu` installed. Run:

  juliaup update

in your terminal shell to install Julia 1.11.6+0.x64.linux.gnu and update the `release` channel to that version.
/scratch/opt/lxu/CFLG/benchmarks/tree_B Gurobi 7200.0 /scratch/opt/lxu/CFLG/results/tree_B treeB.100.15 LEFPA Small
/scratch/opt/lxu/CFLG/benchmarks/tree_B/treeB.100.15

 read graph
data loaded


after absorb:76 100

max_piece:18
problem_graph/original graph: node: 76/100 edge: 90/114 dlt: 0.36987371454793094 break_avg_len: 1.8740268203761834 break_max_len: 6.139720590219355Vbar/V, Ebar/E(35, 76, 49, 90)
Set parameter TokenServer to value "solice01.zib.de"
Set parameter Threads to value 1
Set parameter OutputFlag to value 1
Gurobi Optimizer version 12.0.1 build v12.0.1rc0 (linux64 - "Debian GNU/Linux 12 (bookworm)")

CPU model: Intel(R) Xeon(R) Gold 5222 CPU @ 3.80GHz, instruction set [SSE2|AVX|AVX2|AVX512]
Thread count: 8 physical cores, 16 logical processors, using up to 1 threads

Non-default parameters:
Threads  1

Optimize a model with 130 rows, 216 columns and 360 nonzeros
Model fingerprint: 0x24e93339
Coefficient statistics:
  Matrix range     [1e+00, 1e+00]
  Objective range  [1e+00, 1e+00]
  Bounds range     [1e+00, 1e+00]
  RHS range        [1e+00, 1e+00]
Presolve removed 46 rows and 46 columns
Presolve time: 0.00s
Presolved: 84 rows, 170 columns, 268 nonzeros

Iteration    Objective       Primal Inf.    Dual Inf.      Time
       0    5.8000000e+01   2.500000e+01   0.000000e+00      0s
      45    3.5000000e+01   0.000000e+00   0.000000e+00      0s

Solved in 45 iterations and 0.00 seconds (0.00 work units)
Optimal objective  3.500000000e+01

User-callback calls 93, time in user-callback 0.00 sec
elapsed CPU time: 0.977689 seconds
Set parameter TokenServer to value "solice01.zib.de"
Set parameter Threads to value 1
Set parameter OutputFlag to value 1
Set parameter MIPGap to value 0.0001
Set parameter TimeLimit to value 7199.022311

 more cuts: false 0.36987371454793094 false
is_attach:trueformulation:LEFPA49 23 23

 model loaded

Gurobi Optimizer version 12.0.1 build v12.0.1rc0 (linux64 - "Debian GNU/Linux 12 (bookworm)")

CPU model: Intel(R) Xeon(R) Gold 5222 CPU @ 3.80GHz, instruction set [SSE2|AVX|AVX2|AVX512]
Thread count: 8 physical cores, 16 logical processors, using up to 1 threads

Non-default parameters:
TimeLimit  7199.022311
Threads  1

Optimize a model with 1154 rows, 687 columns and 2374 nonzeros
Model fingerprint: 0xc952baf6
Variable types: 202 continuous, 485 integer (485 binary)
Coefficient statistics:
  Matrix range     [1e-03, 1e+00]
  Objective range  [1e+00, 1e+00]
  Bounds range     [1e-03, 6e+00]
  RHS range        [1e-03, 6e+00]
Found heuristic solution: objective 241.0000000
Presolve removed 777 rows and 330 columns
Presolve time: 0.01s
Presolved: 377 rows, 357 columns, 1160 nonzeros
Variable types: 147 continuous, 210 integer (210 binary)
Found heuristic solution: objective 240.0000000

Root relaxation: objective 2.053794e+02, 374 iterations, 0.00 seconds (0.00 work units)

    Nodes    |    Current Node    |     Objective Bounds      |     Work
 Expl Unexpl |  Obj  Depth IntInf | Incumbent    BestBd   Gap | It/Node Time

     0     0  205.37944    0  119  240.00000  205.37944  14.4%     -    0s
H    0     0                     228.0000000  205.37944  9.92%     -    0s
     0     0  212.42256    0  105  228.00000  212.42256  6.83%     -    0s
H    0     0                     227.0000000  212.43528  6.42%     -    0s
     0     0  212.49890    0  102  227.00000  212.49890  6.39%     -    0s
     0     0  212.50592    0   99  227.00000  212.50592  6.39%     -    0s
     0     0  212.50613    0  100  227.00000  212.50613  6.38%     -    0s
     0     0  214.14846    0   87  227.00000  214.14846  5.66%     -    0s
H    0     0                     225.0000000  214.14846  4.82%     -    0s
     0     0  214.21319    0   94  225.00000  214.21319  4.79%     -    0s
     0     0  214.21679    0   89  225.00000  214.21679  4.79%     -    0s
     0     0  214.86123    0   88  225.00000  214.86123  4.51%     -    0s
H    0     0                     224.0000000  214.94379  4.04%     -    0s
     0     0  214.94379    0   95  224.00000  214.94379  4.04%     -    0s
     0     0  214.94379    0  101  224.00000  214.94379  4.04%     -    0s
     0     0  214.94379    0  101  224.00000  214.94379  4.04%     -    0s
     0     0  215.83333    0   95  224.00000  215.83333  3.65%     -    0s
     0     0  215.83333    0   95  224.00000  215.83333  3.65%     -    0s
     0     0  215.83333    0   87  224.00000  215.83333  3.65%     -    0s
     0     0  215.83333    0   35  224.00000  215.83333  3.65%     -    0s
H    0     0                     223.0000000  216.00000  3.14%     -    0s
H    0     0                     222.0000000  216.00000  2.70%     -    0s
     0     2  216.00000    0   33  222.00000  216.00000  2.70%     -    0s
H  108    82                     221.0000000  216.50000  2.04%  12.6    0s
H  711   428                     220.0000000  217.02090  1.35%  18.0    0s

Cutting planes:
  Gomory: 36
  Cover: 97
  Implied bound: 25
  Clique: 1
  MIR: 75
  StrongCG: 1
  Flow cover: 67
  GUB cover: 7
  Inf proof: 3
  Zero half: 1
  RLT: 24
  Relax-and-lift: 5
  BQP: 3

Explored 4411 nodes (99013 simplex iterations) in 3.62 seconds (2.47 work units)
Thread count was 1 (of 16 available processors)

Solution count 10: 220 220 221 ... 240

Optimal solution found (tolerance 1.00e-04)
Best objective 2.200000000000e+02, best bound 2.200000000000e+02, gap 0.0000%

User-callback calls 10927, time in user-callback 0.00 sec

 sepatime0 0 0
220.0
Stat(MathOptInterface.OPTIMAL, 220.0, 220.0, 0.0, 0.0, 0.977689, 3.6165409088134766, 4411, Main.CFLG.LEFPA, "", #undef)
