Data path: /scratch/opt/lxu/CFLG/benchmarks/Kgroup_A
Instance: K100.7.red
Result path: /scratch/opt/lxu/CFLG/results/Kgroup_A
Solver: Gurobi
Time limit: 3600
Formulation: LEVFP
Cover: Large
julia --project=. src/main.jl /scratch/opt/lxu/CFLG/benchmarks/Kgroup_A K100.7.red /scratch/opt/lxu/CFLG/results/Kgroup_A Gurobi 3600 LEVFP Large
The latest version of Julia in the `release` channel is 1.11.5+0.x64.linux.gnu. You currently have `1.11.4+0.x64.linux.gnu` installed. Run:

  juliaup update

in your terminal shell to install Julia 1.11.5+0.x64.linux.gnu and update the `release` channel to that version.
/scratch/opt/lxu/CFLG/benchmarks/Kgroup_A Gurobi 3600.0 /scratch/opt/lxu/CFLG/results/Kgroup_A K100.7.red LEVFP Large
/scratch/opt/lxu/CFLG/benchmarks/Kgroup_A/K100.7.red

 read graph
data loaded


after absorb:25 25

max_piece:4
problem_graph/original graph: node: 37/25 edge: 105/93 dlt: 0.563171465577237 break_avg_len: 0.24940450618420493 break_max_len: 0.5631709024057714elapsed CPU time: 0.052087 seconds
Set parameter TokenServer to value "solice01.zib.de"
Set parameter Threads to value 1
Set parameter OutputFlag to value 1
Set parameter MIPGap to value 0.0001
Set parameter MIPGapAbs to value 1
Set parameter TimeLimit to value 3599.947913

 model loaded

Gurobi Optimizer version 12.0.1 build v12.0.1rc0 (linux64 - "Debian GNU/Linux 12 (bookworm)")

CPU model: Intel(R) Xeon(R) Gold 5122 CPU @ 3.60GHz, instruction set [SSE2|AVX|AVX2|AVX512]
Thread count: 8 physical cores, 16 logical processors, using up to 1 threads

Non-default parameters:
TimeLimit  3599.947913
MIPGapAbs  1
Threads  1

Optimize a model with 9713 rows, 4254 columns and 27940 nonzeros
Model fingerprint: 0xd217f47a
Variable types: 142 continuous, 4112 integer (4112 binary)
Coefficient statistics:
  Matrix range     [1e-06, 1e+00]
  Objective range  [1e+00, 1e+00]
  Bounds range     [1e-02, 6e-01]
  RHS range        [1e-02, 1e+01]
Found heuristic solution: objective 24.0000000
Presolve removed 2573 rows and 120 columns
Presolve time: 0.16s
Presolved: 7140 rows, 4134 columns, 24812 nonzeros
Variable types: 142 continuous, 3992 integer (3992 binary)

Root relaxation: objective 2.197492e+00, 3065 iterations, 0.09 seconds (0.16 work units)

    Nodes    |    Current Node    |     Objective Bounds      |     Work
 Expl Unexpl |  Obj  Depth IntInf | Incumbent    BestBd   Gap | It/Node Time

     0     0    2.19749    0  292   24.00000    2.19749  90.8%     -    0s
H    0     0                      20.0000000    2.19749  89.0%     -    0s
H    0     0                      11.0000000    2.19749  80.0%     -    0s
H    0     0                       5.0000000    2.19749  56.1%     -    0s
     0     0    2.46154    0  227    5.00000    2.46154  50.8%     -    0s
     0     0    2.46154    0  227    5.00000    2.46154  50.8%     -    1s
     0     0    2.50000    0  277    5.00000    2.50000  50.0%     -    1s
     0     0    2.50000    0  221    5.00000    2.50000  50.0%     -    1s
     0     0    2.50000    0  243    5.00000    2.50000  50.0%     -    1s
     0     0    2.50000    0  185    5.00000    2.50000  50.0%     -    1s
     0     0    2.50000    0   89    5.00000    2.50000  50.0%     -    2s
H    0     0                       4.0000000    2.50000  37.5%     -    2s
     0     0    2.50000    0  112    4.00000    2.50000  37.5%     -    2s
     0     0    2.50000    0  115    4.00000    2.50000  37.5%     -    2s
     0     0    2.50000    0  236    4.00000    2.50000  37.5%     -    2s
     0     0    2.50000    0  234    4.00000    2.50000  37.5%     -    2s
     0     0    2.53147    0  216    4.00000    2.53147  36.7%     -    3s
     0     0    2.53243    0  223    4.00000    2.53243  36.7%     -    3s
     0     0    2.53626    0  185    4.00000    2.53626  36.6%     -    3s
     0     0    2.53626    0  211    4.00000    2.53626  36.6%     -    3s
     0     0    2.58057    0  255    4.00000    2.58057  35.5%     -    3s
     0     0    2.58057    0  197    4.00000    2.58057  35.5%     -    3s
     0     0    2.58057    0  181    4.00000    2.58057  35.5%     -    3s
     0     0    2.58057    0  173    4.00000    2.58057  35.5%     -    3s
     0     0    2.75000    0  244    4.00000    2.75000  31.3%     -    3s
     0     0    3.00000    0  306    4.00000    3.00000  25.0%     -    4s
     0     0    3.00000    0  302    4.00000    3.00000  25.0%     -    4s
     0     0    3.00000    0  301    4.00000    3.00000  25.0%     -    4s
     0     0    3.00000    0  321    4.00000    3.00000  25.0%     -    4s

Cutting planes:
  Learned: 5
  Gomory: 1
  Cover: 26
  Implied bound: 7
  Clique: 49
  MIR: 36
  Flow cover: 50
  GUB cover: 4
  Zero half: 9
  RLT: 19
  Relax-and-lift: 19
  BQP: 22
  PSD: 3

Explored 1 nodes (49031 simplex iterations) in 4.34 seconds (4.61 work units)
Thread count was 1 (of 16 available processors)

Solution count 5: 4 5 11 ... 24

Optimal solution found (tolerance 1.00e-04)
Best objective 4.000000000000e+00, best bound 3.000000000000e+00, gap 25.0000%

User-callback calls 1889, time in user-callback 0.01 sec
Stat(MathOptInterface.OPTIMAL, 4.0, 3.0000000000000004, 0.2499999999999999, 0.0, 0.052087, 4.3358259201049805, 1, Main.CFLG.LEVFP, "", #undef)
