Data path: /scratch/opt/lxu/CFLG/benchmarks/tree_A
Instance: treeA.300.60
Result path: /scratch/opt/lxu/CFLG/results/tree_A
Solver: Gurobi
Time limit: 7200
Formulation: LEFPAD
Cover: Large
julia --project=. src/main.jl /scratch/opt/lxu/CFLG/benchmarks/tree_A treeA.300.60 /scratch/opt/lxu/CFLG/results/tree_A Gurobi 7200 LEFPAD Large
The latest version of Julia in the `release` channel is 1.11.6+0.x64.linux.gnu. You currently have `1.11.4+0.x64.linux.gnu` installed. Run:

  juliaup update

in your terminal shell to install Julia 1.11.6+0.x64.linux.gnu and update the `release` channel to that version.
/scratch/opt/lxu/CFLG/benchmarks/tree_A Gurobi 7200.0 /scratch/opt/lxu/CFLG/results/tree_A treeA.300.60 LEFPAD Large
/scratch/opt/lxu/CFLG/benchmarks/tree_A/treeA.300.60

 read graph
data loaded

problem_graph/original graph: node: 300/300 edge: 359/359 dlt: 2.992103032199821 break_avg_len: 1.4960515160999106 break_max_len: 1.9958269173130143Vbar/V, Ebar/E(187, 300, 246, 359)
Set parameter TokenServer to value "solice01.zib.de"
Set parameter Threads to value 1
Set parameter OutputFlag to value 1
Gurobi Optimizer version 12.0.1 build v12.0.1rc0 (linux64 - "Debian GNU/Linux 12 (bookworm)")

CPU model: Intel(R) Xeon(R) Gold 5122 CPU @ 3.60GHz, instruction set [SSE2|AVX|AVX2|AVX512]
Thread count: 8 physical cores, 16 logical processors, using up to 1 threads

Non-default parameters:
Threads  1

Optimize a model with 539 rows, 897 columns and 1495 nonzeros
Model fingerprint: 0xdb400120
Coefficient statistics:
  Matrix range     [1e+00, 1e+00]
  Objective range  [1e+00, 1e+00]
  Bounds range     [1e+00, 1e+00]
  RHS range        [1e+00, 1e+00]
Presolve removed 256 rows and 331 columns
Presolve time: 0.00s
Presolved: 283 rows, 566 columns, 908 nonzeros

Iteration    Objective       Primal Inf.    Dual Inf.      Time
       0    2.9900000e+02   1.510000e+02   0.000000e+00      0s
     122    1.8700000e+02   0.000000e+00   0.000000e+00      0s

Solved in 122 iterations and 0.00 seconds (0.00 work units)
Optimal objective  1.870000000e+02

User-callback calls 201, time in user-callback 0.01 sec
elapsed CPU time: 1.379755 seconds
Set parameter TokenServer to value "solice01.zib.de"
Set parameter Threads to value 1
Set parameter OutputFlag to value 1
Set parameter MIPGap to value 0.0001
Set parameter TimeLimit to value 7198.620245

 more cuts: false 2.992103032199821 false
is_attach:trueformulation:LEFPAD0 299 240

 model loaded

Gurobi Optimizer version 12.0.1 build v12.0.1rc0 (linux64 - "Debian GNU/Linux 12 (bookworm)")

CPU model: Intel(R) Xeon(R) Gold 5122 CPU @ 3.60GHz, instruction set [SSE2|AVX|AVX2|AVX512]
Thread count: 8 physical cores, 16 logical processors, using up to 1 threads

Non-default parameters:
TimeLimit  7198.620245
Threads  1

Optimize a model with 14203 rows, 9038 columns and 40060 nonzeros
Model fingerprint: 0x5394144a
Variable types: 4519 continuous, 4519 integer (4519 binary)
Coefficient statistics:
  Matrix range     [1e-03, 3e+00]
  Objective range  [1e+00, 1e+00]
  Bounds range     [3e-02, 3e+00]
  RHS range        [3e-02, 6e+00]
Presolve removed 6274 rows and 2855 columns
Presolve time: 0.25s
Presolved: 7929 rows, 6183 columns, 27414 nonzeros
Variable types: 2902 continuous, 3281 integer (3281 binary)
Found heuristic solution: objective 268.0000000
Found heuristic solution: objective 267.0000000

Root relaxation: objective 5.025087e+01, 4691 iterations, 0.09 seconds (0.08 work units)

    Nodes    |    Current Node    |     Objective Bounds      |     Work
 Expl Unexpl |  Obj  Depth IntInf | Incumbent    BestBd   Gap | It/Node Time

     0     0   50.25087    0  368  267.00000   50.25087  81.2%     -    0s
H    0     0                     162.0000000   50.25087  69.0%     -    0s
H    0     0                     152.0000000   50.25087  66.9%     -    0s
H    0     0                     150.0000000   50.25087  66.5%     -    0s
H    0     0                     146.0000000   50.25087  65.6%     -    0s
     0     0   52.89928    0  563  146.00000   52.89928  63.8%     -    0s
H    0     0                      78.0000000   52.89928  32.2%     -    0s
     0     0   53.03263    0  493   78.00000   53.03263  32.0%     -    0s
     0     0   53.03263    0  493   78.00000   53.03263  32.0%     -    0s
     0     0   55.00000    0  600   78.00000   55.00000  29.5%     -    1s
     0     0   55.00000    0  600   78.00000   55.00000  29.5%     -    1s
H    0     0                      73.0000000   55.00000  24.7%     -    1s
H    0     0                      72.0000000   55.00000  23.6%     -    1s
     0     0   55.00000    0  594   72.00000   55.00000  23.6%     -    1s
     0     0   55.00000    0  541   72.00000   55.00000  23.6%     -    1s
H    0     0                      71.0000000   55.00000  22.5%     -    1s
     0     0   55.00000    0  529   71.00000   55.00000  22.5%     -    1s
     0     0   55.00000    0  325   71.00000   55.00000  22.5%     -    2s
     0     0   55.00000    0  399   71.00000   55.00000  22.5%     -    2s
     0     0   55.00000    0  394   71.00000   55.00000  22.5%     -    2s
     0     0   55.00000    0  256   71.00000   55.00000  22.5%     -    2s
H    0     0                      68.0000000   55.00000  19.1%     -    2s
     0     0   55.00000    0  387   68.00000   55.00000  19.1%     -    2s
     0     0   55.00000    0  387   68.00000   55.00000  19.1%     -    2s
     0     0   55.00000    0  362   68.00000   55.00000  19.1%     -    3s
     0     0   55.00000    0  294   68.00000   55.00000  19.1%     -    3s
H    0     0                      67.0000000   55.00000  17.9%     -    3s
H    0     0                      65.0000000   55.00000  15.4%     -    4s
     0     2   55.00000    0  294   65.00000   55.00000  15.4%     -    4s
    23    25   55.21232   18  342   65.00000   55.00000  15.4%   513    5s
H   52    51                      61.0000000   55.00000  9.84%   323    5s
H  104    77                      59.9999996   55.00000  8.33%   215    6s
   445   352   58.14790   49  302   60.00000   55.00000  8.33%   144   10s
H  542   279                      59.0000000   55.00000  6.78%   141   11s
   594   306   56.31946   17  465   59.00000   56.03417  5.03%   144   15s
   604   313   57.17076   43  499   59.00000   56.12419  4.87%   142   20s
   613   319   56.21774    9  330   59.00000   56.21774  4.72%   140   25s
   622   325   57.03061   30  385   59.00000   56.22235  4.71%   138   30s
   635   335   57.88963   41  202   59.00000   56.22235  4.71%   391   35s
   645   341   57.00000   15  344   59.00000   56.27535  4.62%   385   40s
   652   348   56.31451   22  384   59.00000   56.31451  4.55%   526   45s
   759   390   56.50000   27  357   59.00000   56.40000  4.41%   494   50s
   916   429   57.31639   60  190   59.00000   56.42493  4.36%   434   55s
  1075   452   57.37443   49  275   59.00000   56.47147  4.29%   395   60s
  1266   463   58.00000   32  295   59.00000   56.50000  4.24%   357   65s
H 1300   202                      58.0000000   56.50000  2.59%   353   66s
  1388   183   56.60000   27  378   58.00000   56.59274  2.43%   348   70s
  1573   153   57.00000   39  199   58.00000   56.60000  2.41%   330   75s
  1768   155   57.00000   44  163   58.00000   57.00000  1.72%   315   80s
  2040   203     cutoff   37        58.00000   57.00000  1.72%   297   85s
  2333   217     cutoff   29        58.00000   57.00000  1.72%   284   90s
  2585   289   57.00000   44  175   58.00000   57.00000  1.72%   275   95s
  2845   334     cutoff   30        58.00000   57.00000  1.72%   271  100s
  3198   360     cutoff   47        58.00000   57.00000  1.72%   259  105s
  3627   342   57.00000   39  150   58.00000   57.00000  1.72%   242  110s
  3997   314   57.00000   38  217   58.00000   57.00000  1.72%   232  115s
  4255   125   57.00000   32  263   58.00000   57.00000  1.72%   239  120s
  4390    25     cutoff   33        58.00000   57.00000  1.72%   251  125s

Cutting planes:
  Gomory: 17
  Lift-and-project: 19
  Cover: 113
  Implied bound: 182
  Clique: 29
  MIR: 239
  Mixing: 8
  StrongCG: 1
  Flow cover: 340
  GUB cover: 58
  Inf proof: 1
  Zero half: 39
  Network: 1
  RLT: 190
  Relax-and-lift: 42
  BQP: 53
  PSD: 2

Explored 4420 nodes (1172057 simplex iterations) in 125.84 seconds (100.02 work units)
Thread count was 1 (of 16 available processors)

Solution count 10: 58 59 60 ... 73

Optimal solution found (tolerance 1.00e-04)
Warning: max constraint violation (3.1314e-06) exceeds tolerance
Best objective 5.800000000000e+01, best bound 5.800000000000e+01, gap 0.0000%

User-callback calls 38102, time in user-callback 0.05 sec

 sepatime0 0 0
58.0
Stat(MathOptInterface.OPTIMAL, 58.0, 58.0, 0.0, 0.0, 1.379755, 125.84044313430786, 4420, Main.CFLG.LEFPAD, "", #undef)
