Data path: /scratch/opt/lxu/CFLG/benchmarks/Kgroup_A
Instance: K100.1.red
Result path: /scratch/opt/lxu/CFLG/results/Kgroup_A
Solver: Gurobi
Time limit: 3600
Formulation: LEFPD
Cover: Small
julia --project=. src/main.jl /scratch/opt/lxu/CFLG/benchmarks/Kgroup_A K100.1.red /scratch/opt/lxu/CFLG/results/Kgroup_A Gurobi 3600 LEFPD Small
The latest version of Julia in the `release` channel is 1.11.5+0.x64.linux.gnu. You currently have `1.11.4+0.x64.linux.gnu` installed. Run:

  juliaup update

in your terminal shell to install Julia 1.11.5+0.x64.linux.gnu and update the `release` channel to that version.
/scratch/opt/lxu/CFLG/benchmarks/Kgroup_A Gurobi 3600.0 /scratch/opt/lxu/CFLG/results/Kgroup_A K100.1.red LEFPD Small
/scratch/opt/lxu/CFLG/benchmarks/Kgroup_A/K100.1.red

 read graph
data loaded


after absorb:42 42

max_piece:16
problem_graph/original graph: node: 95/42 edge: 238/185 dlt: 0.06713991192918889 break_avg_len: 0.15814723334479183 break_max_len: 1.0elapsed CPU time: 0.049076 seconds
Set parameter TokenServer to value "solice01.zib.de"
Set parameter Threads to value 1
Set parameter OutputFlag to value 1
Set parameter MIPGap to value 0.0001
Set parameter MIPGapAbs to value 1
Set parameter TimeLimit to value 3599.950924

 more cuts:false
formulation:LEFPD118 120 53

 model loaded

Gurobi Optimizer version 12.0.1 build v12.0.1rc0 (linux64 - "Debian GNU/Linux 12 (bookworm)")

CPU model: Intel(R) Xeon(R) Gold 5222 CPU @ 3.80GHz, instruction set [SSE2|AVX|AVX2|AVX512]
Thread count: 8 physical cores, 16 logical processors, using up to 1 threads

Non-default parameters:
TimeLimit  3599.950924
MIPGapAbs  1
Threads  1

Optimize a model with 8967 rows, 5874 columns and 24187 nonzeros
Model fingerprint: 0x0f91ce7e
Variable types: 2997 continuous, 2877 integer (2641 binary)
Coefficient statistics:
  Matrix range     [7e-08, 1e+00]
  Objective range  [1e+00, 1e+00]
  Bounds range     [4e-03, 1e+00]
  RHS range        [3e-03, 7e+00]
Presolve removed 4126 rows and 761 columns
Presolve time: 0.08s
Presolved: 4841 rows, 5113 columns, 19520 nonzeros
Variable types: 2632 continuous, 2481 integer (2448 binary)
Found heuristic solution: objective 406.0000000
Found heuristic solution: objective 390.0000000

Root relaxation: objective 1.948542e+02, 2548 iterations, 0.03 seconds (0.03 work units)

    Nodes    |    Current Node    |     Objective Bounds      |     Work
 Expl Unexpl |  Obj  Depth IntInf | Incumbent    BestBd   Gap | It/Node Time

     0     0  194.85421    0  216  390.00000  194.85421  50.0%     -    0s
H    0     0                     361.0000000  194.85421  46.0%     -    0s
H    0     0                     360.0000000  194.85421  45.9%     -    0s
H    0     0                     346.0000000  194.85421  43.7%     -    0s
     0     0  199.09680    0  397  346.00000  199.09680  42.5%     -    0s
     0     0  199.35817    0  409  346.00000  199.35817  42.4%     -    0s
     0     0  199.36211    0  420  346.00000  199.36211  42.4%     -    0s
     0     0  199.39890    0  423  346.00000  199.39890  42.4%     -    0s
     0     0  199.40320    0  422  346.00000  199.40320  42.4%     -    0s
     0     0  202.25573    0  503  346.00000  202.25573  41.5%     -    0s
     0     0  202.49535    0  520  346.00000  202.49535  41.5%     -    0s
     0     0  202.51834    0  519  346.00000  202.51834  41.5%     -    0s
     0     0  202.52047    0  519  346.00000  202.52047  41.5%     -    0s
     0     0  203.85144    0  509  346.00000  203.85144  41.1%     -    0s
     0     0  203.96903    0  519  346.00000  203.96903  41.0%     -    0s
     0     0  204.02644    0  541  346.00000  204.02644  41.0%     -    0s
     0     0  204.03376    0  552  346.00000  204.03376  41.0%     -    0s
     0     0  204.64519    0  560  346.00000  204.64519  40.9%     -    1s
H    0     0                     345.0000000  204.69556  40.7%     -    1s
H    0     0                     320.0000000  204.69556  36.0%     -    1s
     0     0  204.74404    0  547  320.00000  204.74404  36.0%     -    1s
     0     0  204.75782    0  561  320.00000  204.75782  36.0%     -    1s
     0     0  204.76206    0  560  320.00000  204.76206  36.0%     -    1s
     0     0  204.88111    0  589  320.00000  204.88111  36.0%     -    1s
     0     0  204.90867    0  585  320.00000  204.90867  36.0%     -    1s
     0     0  204.91006    0  590  320.00000  204.91006  36.0%     -    1s
     0     0  204.97623    0  617  320.00000  204.97623  35.9%     -    1s
     0     0  204.99220    0  615  320.00000  204.99220  35.9%     -    1s
     0     0  204.99873    0  623  320.00000  204.99873  35.9%     -    1s
     0     0  205.00147    0  617  320.00000  205.00147  35.9%     -    1s
     0     0  205.05028    0  642  320.00000  205.05028  35.9%     -    1s
H    0     0                     260.0000000  205.05028  21.1%     -    1s
     0     0  205.05716    0  644  260.00000  205.05716  21.1%     -    1s
     0     0  205.06421    0  648  260.00000  205.06421  21.1%     -    1s
     0     0  205.06644    0  653  260.00000  205.06644  21.1%     -    1s
     0     0  205.14017    0  645  260.00000  205.14017  21.1%     -    1s
     0     0  205.15092    0  654  260.00000  205.15092  21.1%     -    2s
     0     0  205.15104    0  657  260.00000  205.15104  21.1%     -    2s
     0     0  205.20809    0  644  260.00000  205.20809  21.1%     -    2s
H    0     0                     251.0000000  205.20907  18.2%     -    2s
     0     0  205.21714    0  656  251.00000  205.21714  18.2%     -    2s
     0     0  205.21738    0  667  251.00000  205.21738  18.2%     -    2s
     0     0  205.23668    0  659  251.00000  205.23668  18.2%     -    2s
     0     0  205.23857    0  614  251.00000  205.23857  18.2%     -    2s
H    0     0                     239.0000000  205.23857  14.1%     -    2s
H    0     0                     237.0000000  205.23857  13.4%     -    2s
     0     2  205.23857    0  606  237.00000  205.23857  13.4%     -    2s
H   54    54                     234.0000000  205.27787  12.3%   103    3s
H  182   182                     233.0000000  205.27787  11.9%  75.7    4s
H  182   182                     229.0000074  205.27787  10.4%  75.7    5s
H  182   182                     229.0000000  205.27787  10.4%  75.7    5s
H  182   182                     226.0000000  205.27787  9.17%  75.7    5s
H  216   216                     225.0000000  205.27787  8.77%  66.5    5s
H  244   242                     224.0000000  205.27787  8.36%  61.4    5s
H  260   258                     223.0000000  205.27787  7.95%  59.0    5s
   530   513  214.53509  183  580  223.00000  206.04238  7.60%  49.9   10s
   563   535  220.60684  246  718  223.00000  208.24344  6.62%  47.0   15s
   597   557  209.13767   11  777  223.00000  209.13767  6.22%  44.3   20s
   633   581  209.44397    8  689  223.00000  209.44397  6.08%  41.8   25s
   668   605  210.54626   67  698  223.00000  209.66330  5.98%  39.6   30s
   711   634  209.74772   55  735  223.00000  209.74772  5.94%   128   35s
   743   656  210.67120   96  743  223.00000  209.90755  5.87%   122   40s
   769   673  214.02747  116  751  223.00000  209.98501  5.84%   118   45s
   796   691  210.01899   60  763  223.00000  210.01899  5.82%   114   50s
   831   714  210.73399   64  760  223.00000  210.11019  5.78%   109   55s
   849   726  221.05954  251  793  223.00000  210.13568  5.77%   107   60s
   876   746  210.68400   97  776  223.00000  210.13605  5.77%   158   65s
   895   759  221.24447  255  757  223.00000  210.15859  5.76%   155   70s
   906   768  210.17004   41  762  223.00000  210.15859  5.76%   179   75s
   948   796  210.85267   62  597  223.00000  210.20260  5.74%   191   80s
  1039   857  212.90683  107  367  223.00000  210.20260  5.74%   193   85s
  1163   938  217.14525  169  216  223.00000  210.20260  5.74%   183   93s
  1290  1001  210.22203   41  735  223.00000  210.20270  5.74%   173   95s
  1358  1046  212.88252   75  422  223.00000  210.20270  5.74%   178  100s
  1634  1209  210.40740   42  755  223.00000  210.24115  5.72%   160  105s
  1684  1243  212.30110   67  593  223.00000  210.24115  5.72%   166  110s
  1800  1320  216.30299  125  219  223.00000  210.24115  5.72%   167  115s
  1984  1423  211.84808   63  584  223.00000  210.24135  5.72%   160  120s
  2053  1469  214.59223   97  377  223.00000  210.24135  5.72%   162  125s
  2297  1594  211.75376   51  588  223.00000  210.25271  5.72%   155  130s
  2387  1654  214.75272   96  306  223.00000  210.25271  5.72%   157  135s
  2641  1801  210.91679   50  685  223.00000  210.25286  5.72%   150  140s
  2659  1813  211.75312   59  653  223.00000  210.25286  5.72%   152  145s
  2745  1870  214.35519  102  349  223.00000  210.25286  5.72%   155  150s
H 2877  1871                     222.0000000  210.25286  5.29%   154  152s
  2958  1888  210.80137   47  600  222.00000  210.32740  5.26%   152  157s
  2986  1907  211.73286   61  628  222.00000  210.32740  5.26%   154  160s
  3055  1953  214.22645   95  393  222.00000  210.32740  5.26%   158  165s
  3236  2111  213.88112   57  500  222.00000  210.32884  5.26%   156  170s
  3445  2319  218.76158  162   97  222.00000  210.32884  5.26%   154  175s
  3595  2455  216.28637  106  221  222.00000  210.34092  5.25%   154  180s
  3788  2625  213.27822   76  441  222.00000  210.34092  5.25%   152  185s
  4094  2897  211.04407   51  732  222.00000  210.36848  5.24%   146  190s
  4167  2970  214.35730   90  365  222.00000  210.36848  5.24%   149  195s
H 4363  2942                     221.0000000  210.36848  4.81%   145  197s
  4400  2963  212.35158   62  629  221.00000  210.37763  4.81%   146  200s
  4659  3206  210.71984   47  717  221.00000  210.37949  4.81%   143  205s
  4713  3260  213.38042   80  523  221.00000  210.37949  4.81%   146  210s
  5001  3524  211.16047   53  709  221.00000  210.39648  4.80%   142  215s
  5049  3572  213.37784   74  520  221.00000  210.39648  4.80%   144  220s
  5271  3775  211.03911   51  739  221.00000  210.39689  4.80%   143  225s
  5351  3855  214.21973   91  362  221.00000  210.39689  4.80%   145  230s
  5605  4093  216.64465  112  219  221.00000  210.39745  4.80%   143  235s
  5891  4348  219.91197  181  128  221.00000  210.40253  4.80%   140  240s
  6011  4458  216.16350  106  189  221.00000  210.40376  4.79%   141  245s
  6281  4703  215.02565   89  400  221.00000  210.42356  4.79%   139  250s
  6398  4799  212.82886   69  500  221.00000  210.42670  4.78%   140  255s
  6605  5002  219.39647  156  156  221.00000  210.42670  4.78%   139  260s
  6733  5099  212.16652   60  518  221.00000  210.43480  4.78%   140  265s
  6946  5293  210.70208   51  610  221.00000  210.43735  4.78%   139  270s
  7074  5397  210.59121   46  746  221.00000  210.43798  4.78%   139  275s
  7205  5517  211.73505   57  676  221.00000  210.44468  4.78%   139  280s
  7364  5660  216.02183   95  409  221.00000  210.44964  4.77%   139  285s
  7560  5803  211.87903   62  484  221.00000  210.45407  4.77%   138  290s
  7749  5972  210.67765   47  712  221.00000  210.46769  4.77%   138  295s
  7873  6096  216.34802  116  253  221.00000  210.46769  4.77%   138  306s
  8028  6227  213.91714   91  447  221.00000  210.47760  4.76%   137  310s
  8243  6407  211.34257   50  706  221.00000  210.48488  4.76%   137  315s
  8357  6511  212.48372   62  559  221.00000  210.50523  4.75%   137  320s
  8498  6629  214.22120   86  404  221.00000  210.50555  4.75%   138  325s
  8663  6779  211.97310   54  663  221.00000  210.50574  4.75%   138  330s
  8824  6920  216.09945  107  319  221.00000  210.50662  4.75%   138  335s
  9033  7107  213.86867   83  434  221.00000  210.51241  4.75%   137  340s
  9227  7278  211.09984   46  623  221.00000  210.52091  4.74%   136  345s
  9453  7489  211.28641   51  652  221.00000  210.52378  4.74%   135  350s
  9543  7564  210.88005   46  663  221.00000  210.52621  4.74%   135  363s
  9585  7606  214.60430   88  464  221.00000  210.52621  4.74%   135  365s
  9797  7790  211.29485   50  686  221.00000  210.52910  4.74%   135  370s
  9956  7937  211.66753   51  671  221.00000  210.53322  4.74%   135  375s
 10095  8064  214.49748   87  401  221.00000  210.53711  4.73%   135  380s
 10203  8163  214.66299  107  614  221.00000  210.53827  4.73%   134  454s
 10207  8166  215.64482  104  621  221.00000  210.53827  4.73%   134  455s
 10233  8183  214.30826   94  760  221.00000  211.13312  4.46%   134  460s
 10256  8198  216.24512  126  740  221.00000  211.25249  4.41%   133  465s
 10278  8213  215.03676   94  742  221.00000  211.27860  4.40%   133  470s
 10298  8226  216.94839  117  757  221.00000  211.38643  4.35%   133  475s
 10321  8242  218.01407  128  757  221.00000  211.42421  4.33%   133  480s
 10343  8256  211.67569   53  755  221.00000  211.46466  4.31%   132  485s
 10355  8264  215.13930  102  726  221.00000  211.46572  4.31%   132  490s
 10372  8276  213.96877   84  739  221.00000  211.47420  4.31%   132  495s
 10380  8283  211.89128   51  658  221.00000  211.48051  4.31%   137  500s
 10414  8306  213.49260   68  510  221.00000  211.48051  4.31%   138  505s
 10428  8315  213.95807   75  518  221.00000  211.48051  4.31%   138  514s
 10433  8318  213.58210   78  501  221.00000  211.48051  4.31%   138  515s
 10545  8381  211.67235   51  717  221.00000  211.48051  4.31%   137  520s
 10579  8404  214.04102   68  500  221.00000  211.48051  4.31%   138  525s
 10655  8454  217.93796  106  207  221.00000  211.48051  4.31%   138  530s
 10754  8496  212.03663   56  660  221.00000  211.55201  4.28%   138  535s
 10785  8517  213.85045   71  479  221.00000  211.55201  4.28%   139  540s
 10865  8567  217.55192  111  346  221.00000  211.55201  4.28%   139  545s
 10942  8603  212.30625   58  625  221.00000  211.55274  4.27%   139  550s
 10972  8623  213.83059   73  547  221.00000  211.55274  4.27%   139  555s
 11021  8653  215.81321   98  351  221.00000  211.55274  4.27%   140  560s
 11108  8711  218.60284  141  230  221.00000  211.55274  4.27%   140  565s
 11158  8731  212.14043   65  681  221.00000  211.56015  4.27%   140  570s
 11198  8757  214.13665   85  472  221.00000  211.56015  4.27%   140  575s
 11279  8811  218.04342  125  274  221.00000  211.56015  4.27%   140  580s
 11348  8843  212.80675   63  519  221.00000  211.56079  4.27%   141  585s
 11386  8869  214.66464   82  551  221.00000  211.56079  4.27%   141  590s
 11470  8925  218.15445  124  247  221.00000  211.56079  4.27%   141  595s
 11532  8951  213.30721   68  537  221.00000  211.68179  4.22%   141  600s
 11589  8989  216.44913   96  341  221.00000  211.68179  4.22%   142  605s
 11704  9034  212.10294   56  688  221.00000  211.68324  4.22%   142  610s
 11737  9056  214.55799   72  539  221.00000  211.68324  4.22%   143  615s
 11818  9092  211.90115   54  725  221.00000  211.72951  4.19%   144  620s
 11865  9123  213.30171   80  481  221.00000  211.72951  4.19%   144  625s
 12029  9214  211.96126   54  762  221.00000  211.72951  4.19%   144  630s
 12216  9315  212.22682   56  687  221.00000  211.73136  4.19%   143  635s
 12315  9381  217.47249  109  313  221.00000  211.73136  4.19%   144  640s
 12432  9439  214.41530   70  513  221.00000  211.73204  4.19%   144  645s
 12614  9534  213.59240   65  575  221.00000  211.79070  4.17%   144  650s
 12727  9598  212.22513   55  737  221.00000  211.79070  4.17%   144  655s
 12788  9638  214.58608   88  514  221.00000  211.79070  4.17%   145  661s
 12874  9696  217.22241  131  317  221.00000  211.79070  4.17%   145  665s
 13026  9767  213.05986   79  601  221.00000  211.80659  4.16%   145  670s
 13131  9837  216.73890  135  288  221.00000  211.80659  4.16%   145  675s
 13338  9949  213.68297   76  488  221.00000  211.80759  4.16%   145  680s
 13519 10045  217.38912   71  546  221.00000  211.84990  4.14%   144  685s
 13688 10135  212.47045   57  694  221.00000  211.86772  4.13%   144  690s
 13747 10175  215.41758   86  511  221.00000  211.86772  4.13%   145  695s
 13911 10245  214.66171   90  490  221.00000  211.87565  4.13%   145  700s
 14095 10351  216.34358  114  374  221.00000  211.87590  4.13%   144  705s
 14184 10399  213.60068   71  627  221.00000  211.87614  4.13%   145  710s
 14301 10477  219.32252  120  153  221.00000  211.87614  4.13%   145  715s
 14438 10539  213.11566   66  657  221.00000  211.88673  4.12%   145  720s
 14574 10614  214.81825   74  572  221.00000  211.89180  4.12%   145  725s
 14676 10669  213.45086   62  671  221.00000  211.90717  4.11%   146  730s
 14774 10716  212.93618   55  682  221.00000  211.91172  4.11%   146  735s
 14879 10778  216.03644   96  464  221.00000  211.92476  4.11%   147  740s
 14965 10826  213.92282   75  598  221.00000  211.92513  4.11%   147  745s
 15086 10892  215.57843   99  410  221.00000  211.92605  4.11%   147  750s
 15259 10976  212.45590   61  748  221.00000  211.95085  4.09%   147  755s
 15380 11040  213.20710   63  583  221.00000  211.96497  4.09%   147  760s
 15540 11125  214.51061   84  556  221.00000  211.96528  4.09%   147  765s
 15692 11205  215.91328  100  389  221.00000  211.96730  4.09%   147  770s
 15845 11287  218.47439  126  260  221.00000  211.96861  4.09%   147  775s
 15970 11342  213.18548   61  694  221.00000  211.97978  4.08%   147  780s
 16052 11396  217.29836  102  327  221.00000  211.97978  4.08%   148  785s
 16157 11451  216.70428   71  561  221.00000  211.98730  4.08%   148  790s
 16270 11503  216.47418  104  406  221.00000  211.99381  4.08%   149  795s
 16364 11550  218.50711  117  389  221.00000  211.99381  4.08%   149  800s
 16511 11611  212.44758   55  763  221.00000  212.00521  4.07%   149  805s
 16610 11662  214.13913   71  526  221.00000  212.00807  4.07%   150  810s
 16731 11742  218.92065  135  163  221.00000  212.00807  4.07%   150  815s
 16806 11773  214.50749   70  659  221.00000  212.00929  4.07%   150  820s
 16878 11814  214.13120   75  587  221.00000  212.00983  4.07%   150  825s
 16979 11871  213.70174   78  649  221.00000  212.01314  4.07%   150  830s
 17086 11929  213.67362   71  642  221.00000  212.01524  4.07%   151  835s
 17208 12000  215.36464   75  627  221.00000  212.01700  4.06%   151  840s
 17303 12052  214.06593   81  593  221.00000  212.02520  4.06%   151  845s
 17413 12113  215.14378   79  539  221.00000  212.02520  4.06%   151  850s
 17518 12173  215.17443   70  503  221.00000  212.02881  4.06%   151  855s
 17624 12229  212.57532   59  782  221.00000  212.02991  4.06%   152  860s
 17703 12282  219.72591  138  260  221.00000  212.02991  4.06%   152  871s
 17776 12320  217.53586  118  289  221.00000  212.03665  4.06%   152  875s
 17897 12387  214.71457   83  532  221.00000  212.03974  4.05%   152  880s
 18051 12474  212.16958   56  765  221.00000  212.04518  4.05%   152  885s
 18185 12551  213.25837   61  606  221.00000  212.04541  4.05%   152  890s
 18371 12646  212.92817   59  647  221.00000  212.05029  4.05%   152  895s
 18510 12725  219.97092  105  283  221.00000  212.05266  4.05%   152  900s
 18630 12786  212.11485   56  762  221.00000  212.06873  4.04%   152  905s
 18740 12849  213.71123   72  621  221.00000  212.07863  4.04%   152  910s
 18874 12926  214.19053   76  550  221.00000  212.08175  4.04%   152  915s
 19016 13006  215.66129  100  413  221.00000  212.08455  4.03%   153  920s
 19142 13064  215.92658   79  502  221.00000  212.08748  4.03%   153  925s
 19259 13104  214.48520   72  657  221.00000  212.08789  4.03%   153  930s
 19373 13180  218.78353  129  258  221.00000  212.08789  4.03%   153  935s
 19550 13252     cutoff  101       221.00000  212.10164  4.03%   153  940s
 19620 13288  215.21584   83  503  221.00000  212.10371  4.03%   153  945s
 19750 13352  212.77855   59  718  221.00000  212.10621  4.02%   153  950s
 19917 13440  213.59645   65  621  221.00000  212.11541  4.02%   153  955s
 20020 13496  213.69570   75  546  221.00000  212.11835  4.02%   153  960s
 20122 13555  215.93807   99  462  221.00000  212.11896  4.02%   154  965s
 20269 13633  217.70636   91  314  221.00000  212.12248  4.02%   154  970s
 20392 13684  215.06155   81  543  221.00000  212.12358  4.02%   154  975s
 20518 13750  213.26288   61  659  221.00000  212.12432  4.02%   154  987s
 20558 13776  218.62987   82  428  221.00000  212.12432  4.02%   155  990s
 20665 13821  214.86330   88  551  221.00000  212.13001  4.01%   155  995s
 20808 13906  218.89403  111  406  221.00000  212.13065  4.01%   155 1000s
 20925 13958  212.66102   57  726  221.00000  212.13226  4.01%   155 1005s
 20989 13994  212.57146   57  753  221.00000  212.13348  4.01%   155 1010s
 21066 14034  213.23988   63  661  221.00000  212.13434  4.01%   156 1015s
 21173 14089  213.71913   70  661  221.00000  212.13698  4.01%   156 1020s
 21269 14140  219.22159  107  350  221.00000  212.13870  4.01%   156 1025s
 21366 14197  216.06377   97  428  221.00000  212.14197  4.01%   157 1030s
 21538 14278  215.25926   75  608  221.00000  212.14255  4.01%   156 1035s
 21738 14382  212.66640   57  748  221.00000  212.14458  4.01%   156 1040s
 21858 14454  214.10705   83  610  221.00000  212.14742  4.01%   156 1045s
 21999 14538  216.90674   93  455  221.00000  212.14878  4.01%   156 1050s
 22117 14605  216.89346  120  330  221.00000  212.14920  4.00%   156 1055s
 22249 14677  216.92269   93  414  221.00000  212.15398  4.00%   157 1060s
 22409 14755  216.02829  106  404  221.00000  212.15398  4.00%   157 1065s
 22568 14835  213.61860   73  584  221.00000  212.15571  4.00%   156 1070s
 22707 14917  213.79041   71  616  221.00000  212.15611  4.00%   156 1075s
 22762 14954  215.83463   90  472  221.00000  212.15611  4.00%   157 1080s
 22914 15055  219.19568  143  218  221.00000  212.15611  4.00%   157 1085s
 23077 15131  212.81350   58  742  221.00000  212.16209  4.00%   157 1090s
 23173 15184  212.53764   58  748  221.00000  212.16247  4.00%   157 1095s
 23273 15240  212.90305   60  693  221.00000  212.16304  4.00%   157 1100s
 23366 15290  212.81817   58  694  221.00000  212.16438  4.00%   157 1105s
 23439 15325  219.89693   93  443  221.00000  212.16438  4.00%   158 1110s
 23505 15350  216.18431  109  394  221.00000  212.16570  4.00%   158 1115s
 23638 15417  215.68473  110  496  221.00000  212.16700  4.00%   158 1120s
 23738 15473  213.73631   61  626  221.00000  212.16958  4.00%   158 1141s
 23813 15515  215.06397   73  580  221.00000  212.17560  3.99%   158 1145s
 23918 15573  214.99384   83  475  221.00000  212.17766  3.99%   158 1150s
 24014 15621  214.62139   77  534  221.00000  212.17868  3.99%   158 1155s
 24154 15694  218.98374   89  459  221.00000  212.18601  3.99%   158 1160s
 24315 15771  213.09249   62  664  221.00000  212.19181  3.99%   158 1165s
 24406 15819  213.35224   68  515  221.00000  212.19219  3.99%   158 1170s
 24563 15910  212.42723   57  806  221.00000  212.19784  3.98%   158 1175s
 24650 15956  212.48867   60  722  221.00000  212.20057  3.98%   158 1180s
 24803 16045  215.93658   66  570  221.00000  212.20533  3.98%   158 1185s
 24890 16086  214.47463   91  550  221.00000  212.21199  3.98%   158 1190s
 25017 16154  213.54537   73  644  221.00000  212.21556  3.97%   158 1195s
 25145 16226  216.30302   95  484  221.00000  212.22190  3.97%   158 1200s
 25274 16300  215.23095   85  417  221.00000  212.22513  3.97%   158 1205s
 25407 16363  214.92084   92  568  221.00000  212.22514  3.97%   158 1210s
 25549 16445  219.76399  107  326  221.00000  212.22514  3.97%   159 1215s
 25655 16497  214.47261   73  554  221.00000  212.23343  3.97%   159 1220s
 25763 16554  218.05119  116  349  221.00000  212.23357  3.97%   159 1225s
 25887 16616  214.23546   65  637  221.00000  212.23619  3.97%   159 1230s
 26007 16679  214.50513   80  553  221.00000  212.23682  3.97%   159 1235s
 26100 16733  214.85059   71  583  221.00000  212.23876  3.96%   159 1240s
 26198 16778  215.21390   80  603  221.00000  212.23927  3.96%   159 1245s
 26286 16821  214.65646   71  612  221.00000  212.24105  3.96%   160 1250s
 26447 16910  216.85076  102  427  221.00000  212.24380  3.96%   160 1255s
 26588 16986  218.41255  147  263  221.00000  212.24442  3.96%   160 1260s
 26730 17052  214.13980   65  676  221.00000  212.25313  3.96%   160 1265s
 26842 17112  215.06574   66  617  221.00000  212.25650  3.96%   160 1270s
 26944 17138  213.89508   68  689  221.00000  212.25839  3.96%   160 1275s
 27047 17196  216.13435   89  540  221.00000  212.25849  3.96%   160 1280s
 27166 17264  216.18277   99  431  221.00000  212.26447  3.95%   160 1285s
 27306 17329  214.62946   60  710  221.00000  212.27201  3.95%   160 1290s
 27409 17386  216.15849   89  558  221.00000  212.27369  3.95%   161 1295s
 27537 17448  217.52970  114  404  221.00000  212.27369  3.95%   161 1300s
 27665 17503  216.90704  136  385  221.00000  212.27870  3.95%   161 1305s
 27836 17581  219.73843  141  194  221.00000  212.28001  3.95%   161 1310s
 27922 17619  214.22065   69  662  221.00000  212.28271  3.94%   161 1315s
 28028 17681  217.72084  110  389  221.00000  212.28582  3.94%   161 1320s
 28136 17735  213.79392   60  618  221.00000  212.28895  3.94%   161 1325s
 28289 17812  212.75687   58  732  221.00000  212.29110  3.94%   161 1330s
 28382 17866  214.22934   79  545  221.00000  212.29141  3.94%   161 1335s
 28567 17963  216.15170   91  536  221.00000  212.29175  3.94%   161 1340s
 28626 17994  214.65199   65  598  221.00000  212.29784  3.94%   162 1345s
 28744 18036  213.63118   80  669  221.00000  212.29990  3.94%   162 1350s
 28858 18103  216.04913  101  495  221.00000  212.30276  3.94%   162 1355s
 28992 18181  219.39679  124  329  221.00000  212.30477  3.93%   162 1360s
 29087 18226  218.47772  137  301  221.00000  212.30683  3.93%   162 1365s
 29238 18301  213.69545   68  615  221.00000  212.30828  3.93%   162 1370s
 29380 18380  214.73137   72  606  221.00000  212.31483  3.93%   162 1375s
 29480 18435  216.76465  104  413  221.00000  212.31600  3.93%   162 1380s
 29611 18497  215.54361   93  449  221.00000  212.31760  3.93%   162 1385s
 29787 18600  212.60230   58  787  221.00000  212.31823  3.93%   162 1390s
 29924 18680  212.98525   61  638  221.00000  212.31829  3.93%   162 1395s
 30026 18740  215.52644   88  514  221.00000  212.32011  3.93%   162 1400s
 30167 18802  213.66236   65  680  221.00000  212.32224  3.93%   162 1405s
 30287 18868  213.95569   63  712  221.00000  212.32365  3.93%   162 1410s
 30345 18907  216.70129   92  448  221.00000  212.32365  3.93%   163 1415s
 30461 18969  214.92533   74  571  221.00000  212.32402  3.93%   163 1420s
 30589 19025  214.05472   69  610  221.00000  212.32506  3.93%   163 1425s
 30712 19094  215.15309   81  553  221.00000  212.32532  3.93%   163 1430s
 30823 19153  214.60465   84  579  221.00000  212.32532  3.93%   163 1435s
 30969 19247  219.44944  158  190  221.00000  212.32532  3.93%   163 1440s
 31100 19292  212.75070   59  779  221.00000  212.32901  3.92%   163 1445s
 31223 19364  215.17207   76  475  221.00000  212.32988  3.92%   163 1450s
 31418 19445     cutoff   78       221.00000  212.33305  3.92%   163 1455s
 31537 19492  215.18548   70  540  221.00000  212.33593  3.92%   163 1460s
 31673 19567  217.93077  117  396  221.00000  212.33839  3.92%   163 1465s
 31780 19620  214.57208   75  512  221.00000  212.34116  3.92%   163 1470s
 31931 19702  214.52809   69  612  221.00000  212.34316  3.92%   163 1475s
 32073 19785  216.26834   98  432  221.00000  212.34334  3.92%   163 1480s
 32275 19895  212.49725   57  771  221.00000  212.34766  3.92%   163 1485s
 32424 19974  214.98228   61  697  221.00000  212.34775  3.92%   163 1490s
 32515 20013  216.03676  111  519  221.00000  212.35192  3.91%   163 1495s
 32672 20091  213.49769   64  692  221.00000  212.36054  3.91%   163 1500s
 32801 20165  216.13295   62  558  221.00000  212.36105  3.91%   163 1505s
 32886 20206  215.31249   94  507  221.00000  212.36263  3.91%   163 1510s
 33009 20260  213.82329   65  682  221.00000  212.36454  3.91%   163 1515s
 33191 20364  213.96953   66  677  221.00000  212.36500  3.91%   163 1520s
 33305 20432  217.88931  117  360  221.00000  212.36545  3.91%   163 1525s
 33439 20494  213.43799   70  686  221.00000  212.36888  3.91%   163 1530s
 33557 20559  214.24195   72  634  221.00000  212.36953  3.91%   163 1535s
 33701 20644  217.51411  106  401  221.00000  212.36984  3.91%   163 1540s
 33832 20710  213.09319   68  640  221.00000  212.37244  3.90%   163 1545s
 33946 20778  215.69313   91  537  221.00000  212.37325  3.90%   164 1550s
 34048 20830  216.78952   74  475  221.00000  212.37480  3.90%   164 1555s
 34130 20876  214.66300   84  507  221.00000  212.37491  3.90%   164 1560s
 34324 20987  215.97411  110  383  221.00000  212.37639  3.90%   164 1565s
 34487 21063  214.84395   79  673  221.00000  212.37951  3.90%   164 1570s
 34603 21131  215.27538   84  525  221.00000  212.37959  3.90%   164 1575s
 34791 21215  213.06684   62  762  221.00000  212.38002  3.90%   164 1580s
 34882 21263  216.62877   87  532  221.00000  212.38081  3.90%   164 1585s
 34995 21320  218.02131  123  400  221.00000  212.38155  3.90%   164 1590s
 35094 21372  217.49395  128  341  221.00000  212.38192  3.90%   164 1595s
 35245 21453  213.14917   62  722  221.00000  212.38622  3.90%   164 1600s
 35420 21594  212.57181   56  783  221.00000  212.38640  3.90%   164 1605s
 35493 21655  219.14172   86  352  221.00000  212.38640  3.90%   165 1610s
 35621 21751  212.45118   58  806  221.00000  212.39093  3.90%   165 1615s
 35775 21877  217.56748  114  351  221.00000  212.39219  3.89%   165 1620s
 35892 21968  213.22077   61  666  221.00000  212.39488  3.89%   165 1625s
 36022 22089  216.90548  104  437  221.00000  212.39570  3.89%   165 1630s
 36131 22189  219.00396  102  363  221.00000  212.39694  3.89%   165 1635s
 36297 22334  214.31826   74  650  221.00000  212.39928  3.89%   165 1640s
 36407 22428  217.42526   71  565  221.00000  212.39983  3.89%   165 1645s
 36565 22566  213.35287   59  659  221.00000  212.40104  3.89%   165 1650s
 36667 22652  216.30543   76  554  221.00000  212.40107  3.89%   165 1655s
 36758 22721  214.88804   71  637  221.00000  212.40265  3.89%   165 1660s
 36915 22854  212.64930   59  738  221.00000  212.40600  3.89%   165 1665s
 37027 22938  213.26413   69  684  221.00000  212.40609  3.89%   166 1670s
 37146 23039  214.02832   66  653  221.00000  212.40802  3.89%   166 1675s
 37243 23124  216.20985  100  428  221.00000  212.40806  3.89%   166 1680s
 37376 23235  213.48039   65  709  221.00000  212.40983  3.89%   166 1685s
 37464 23323  217.81410  113  293  221.00000  212.40983  3.89%   166 1690s
 37624 23461  214.41418   78  583  221.00000  212.41188  3.89%   166 1695s
 37742 23568  215.18671   92  550  221.00000  212.41280  3.89%   166 1700s
 37864 23678  215.31248  103  509  221.00000  212.41302  3.89%   166 1705s
 37969 23769  213.68773   66  629  221.00000  212.41354  3.89%   166 1710s
 38077 23861  217.31963  107  368  221.00000  212.41371  3.89%   166 1715s
 38249 24006  212.68235   60  756  221.00000  212.41773  3.88%   166 1720s
 38370 24115  214.94752   74  595  221.00000  212.42039  3.88%   166 1725s
 38467 24198  215.02374   87  531  221.00000  212.42253  3.88%   166 1730s
 38602 24318  214.71673   86  534  221.00000  212.42637  3.88%   166 1735s
 38766 24465  212.87835   63  731  221.00000  212.42645  3.88%   166 1740s
 38870 24556  214.14226   74  616  221.00000  212.42723  3.88%   166 1745s
 38942 24617  215.33084   73  565  221.00000  212.42897  3.88%   166 1750s
 39062 24721  216.09675   80  594  221.00000  212.42902  3.88%   166 1755s
 39215 24851  212.47564   59  730  221.00000  212.43495  3.88%   166 1760s
 39338 24955  213.58834   60  595  221.00000  212.43551  3.88%   166 1765s
 39407 25024  217.08466   70  494  221.00000  212.43551  3.88%   166 1770s
 39573 25106  216.42552   82  572  221.00000  212.43593  3.88%   166 1775s
 39641 25164  217.88062  102  477  221.00000  212.43603  3.88%   166 1780s
 39755 25252  213.19570   65  706  221.00000  212.43850  3.87%   167 1785s
 39880 25377  218.19675  130  225  221.00000  212.43850  3.87%   167 1790s
 40015 25490  219.07329  121  336  221.00000  212.43933  3.87%   167 1795s
 40155 25605  219.43706   73  239  221.00000  212.44041  3.87%   167 1800s
 40284 25701  213.31686   62  756  221.00000  212.44303  3.87%   167 1805s
 40372 25777  214.30953   66  692  221.00000  212.44334  3.87%   167 1810s
 40488 25884  214.10962   85  521  221.00000  212.44355  3.87%   167 1815s
 40670 26041  213.30458   64  673  221.00000  212.44459  3.87%   167 1820s
 40808 26161  215.48572   99  528  221.00000  212.44644  3.87%   166 1825s
 40909 26247  214.60397   77  513  221.00000  212.44819  3.87%   167 1830s
 41082 26395  215.61886   91  529  221.00000  212.44823  3.87%   166 1835s
 41186 26490  214.62072   81  538  221.00000  212.44905  3.87%   166 1840s
 41294 26585  216.54554  114  382  221.00000  212.44923  3.87%   167 1845s
 41441 26718  219.56881  116  302  221.00000  212.44984  3.87%   166 1850s
 41578 26816  215.22555   77  534  221.00000  212.45483  3.87%   166 1855s
 41721 26950  218.16778  153  292  221.00000  212.45590  3.87%   166 1860s
 41856 27054  219.83586  135  274  221.00000  212.45711  3.87%   167 1865s
 41948 27124  216.17773   68  604  221.00000  212.45916  3.86%   167 1870s
 42030 27191  214.58809   78  506  221.00000  212.46067  3.86%   167 1875s
 42182 27323  214.47605   74  655  221.00000  212.46207  3.86%   167 1880s
 42308 27431  219.08519   99  473  221.00000  212.46328  3.86%   167 1885s
 42389 27494  213.10737   62  722  221.00000  212.46373  3.86%   167 1890s
 42510 27604  214.21946   63  688  221.00000  212.46444  3.86%   167 1895s
 42621 27703  219.03788  124  391  221.00000  212.46491  3.86%   167 1900s
 42726 27784  214.63140   82  562  221.00000  212.46519  3.86%   167 1905s
 42846 27888  215.79301   74  636  221.00000  212.46714  3.86%   167 1910s
 42925 27951  212.86754   55  763  221.00000  212.46787  3.86%   167 1915s
 43007 28033  217.54664  101  265  221.00000  212.46787  3.86%   168 1920s
 43152 28159  213.34307   63  596  221.00000  212.46900  3.86%   168 1925s
 43270 28255  215.23636  100  555  221.00000  212.46938  3.86%   168 1930s
 43466 28419  212.71392   61  663  221.00000  212.47045  3.86%   168 1935s
 43607 28547  214.45277   82  585  221.00000  212.47047  3.86%   168 1940s
 43710 28638  215.30764   72  564  221.00000  212.47105  3.86%   168 1945s
 43842 28753  215.58556   83  443  221.00000  212.47168  3.86%   168 1950s
 43983 28873  218.64915  136  312  221.00000  212.47203  3.86%   168 1955s
 44116 28974  213.83125   63  754  221.00000  212.47313  3.86%   168 1960s
 44197 29055  217.61110  120  343  221.00000  212.47313  3.86%   168 1965s
 44316 29157  215.80386   96  464  221.00000  212.47431  3.86%   168 1970s
 44445 29257  216.69437   99  462  221.00000  212.47756  3.86%   168 1975s
 44566 29345  216.63123   81  554  221.00000  212.47763  3.86%   168 1980s
 44685 29440  214.64965   73  558  221.00000  212.47884  3.86%   168 1985s
 44830 29570  216.85488  111  370  221.00000  212.48204  3.85%   168 1990s
 44972 29688  214.70386   78  625  221.00000  212.48418  3.85%   168 1995s
 45090 29794  216.20990   63  530  221.00000  212.48459  3.85%   168 2000s
 45282 29960  214.83765   59  675  221.00000  212.48476  3.85%   168 2005s
 45366 30036  217.66190  107  348  221.00000  212.48769  3.85%   168 2010s
 45462 30122  215.49510   89  513  221.00000  212.48780  3.85%   168 2015s
 45565 30213  215.11261   87  561  221.00000  212.48781  3.85%   168 2020s
 45679 30314  216.87275   83  502  221.00000  212.48786  3.85%   169 2025s
 45817 30420  217.83165  145  301  221.00000  212.48867  3.85%   169 2030s
 45956 30533  212.99769   62  643  221.00000  212.48978  3.85%   168 2035s
 46112 30678  215.06163   90  459  221.00000  212.49112  3.85%   168 2040s
 46273 30798  216.76825   87  314  221.00000  212.49131  3.85%   168 2045s
 46414 30913  212.91649   58  688  221.00000  212.49215  3.85%   168 2050s
 46551 31036  217.78827   89  444  221.00000  212.49231  3.85%   168 2055s
 46691 31158  213.17558   63  641  221.00000  212.49431  3.85%   168 2060s
 46807 31261  217.23528  103  399  221.00000  212.49470  3.85%   168 2065s
 46902 31335  214.67480   66  590  221.00000  212.49478  3.85%   168 2070s
 46993 31415  215.42026   73  524  221.00000  212.49490  3.85%   168 2075s
 47096 31505  215.29879   94  543  221.00000  212.49548  3.85%   168 2080s
 47213 31610  216.20775   90  461  221.00000  212.49580  3.85%   168 2085s
 47328 31712  214.42807   71  507  221.00000  212.49743  3.85%   168 2090s
 47459 31821  213.38486   66  660  221.00000  212.49787  3.85%   169 2095s
 47601 31946  214.48226   93  552  221.00000  212.49845  3.85%   168 2100s
 47792 32098  212.66146   62  776  221.00000  212.49871  3.85%   168 2105s
 47880 32170  212.84532   58  741  221.00000  212.49874  3.85%   168 2110s
 48010 32288  214.95277   94  534  221.00000  212.50417  3.84%   168 2115s
 48202 32452  213.77660   70  661  221.00000  212.50495  3.84%   168 2120s
 48360 32578  219.32713   86  293  221.00000  212.50705  3.84%   168 2125s
 48437 32644  214.51542   80  541  221.00000  212.50707  3.84%   168 2130s
 48600 32807  217.80019  133  284  221.00000  212.50707  3.84%   168 2135s
 48768 32932  214.23407   80  632  221.00000  212.50747  3.84%   168 2140s
 48876 33031  214.88552   84  507  221.00000  212.50747  3.84%   168 2145s
 49055 33188  213.30700   62  700  221.00000  212.50803  3.84%   168 2150s
 49172 33290  216.12784   84  630  221.00000  212.50819  3.84%   168 2155s
 49291 33399  216.99911  107  411  221.00000  212.50853  3.84%   168 2160s
 49442 33525  212.97697   60  729  221.00000  212.51015  3.84%   168 2165s
 49529 33612  218.30966  103  322  221.00000  212.51015  3.84%   168 2170s
 49651 33707  214.29793   64  683  221.00000  212.51338  3.84%   168 2175s
 49772 33817  214.70202   67  604  221.00000  212.51440  3.84%   168 2180s
 49906 33937  219.42360  119  284  221.00000  212.51491  3.84%   168 2185s
 50050 34055  214.49690   74  562  221.00000  212.51593  3.84%   168 2190s
 50201 34194  219.84168  148  196  221.00000  212.51625  3.84%   168 2195s
 50324 34290  213.66258   75  584  221.00000  212.51663  3.84%   168 2200s
 50467 34423  215.06095   86  517  221.00000  212.51738  3.84%   168 2205s
 50618 34559  219.21443  132  359  221.00000  212.51779  3.84%   168 2210s
 50720 34636  213.21743   61  672  221.00000  212.51852  3.84%   168 2215s
 50790 34706  217.21331   96  387  221.00000  212.51852  3.84%   168 2220s
 50951 34801  213.19873   65  696  221.00000  212.51976  3.84%   168 2225s
 51072 34908  216.14000   65  568  221.00000  212.52032  3.84%   168 2230s
 51141 34967  212.77357   58  776  221.00000  212.52133  3.84%   168 2235s
 51253 35061  214.42093   70  597  221.00000  212.52148  3.84%   168 2240s
 51395 35165  214.81657   80  501  221.00000  212.52402  3.84%   168 2245s
 51511 35261  212.91765   61  760  221.00000  212.52429  3.84%   168 2250s
 51612 35354  215.41637   89  442  221.00000  212.52437  3.84%   168 2255s
 51781 35511  219.34468  126  273  221.00000  212.52437  3.84%   168 2260s
 51893 35598  213.41219   70  652  221.00000  212.52444  3.84%   168 2265s
 52022 35711  213.84994   63  653  221.00000  212.52556  3.83%   168 2270s
 52116 35795  213.99839   74  635  221.00000  212.52621  3.83%   168 2275s
 52252 35907  215.89212   99  469  221.00000  212.52736  3.83%   168 2280s
 52395 36037  219.26710  124  310  221.00000  212.52789  3.83%   168 2285s
 52446 36057  213.78850   66  721  221.00000  212.52885  3.83%   168 2290s
 52549 36146  216.67059   95  501  221.00000  212.52923  3.83%   168 2295s
 52666 36245  218.74116  116  403  221.00000  212.53094  3.83%   168 2300s
 52808 36348  213.11437   63  774  221.00000  212.53314  3.83%   168 2305s
 52890 36418  213.26823   64  680  221.00000  212.53438  3.83%   168 2310s
 52913 36441  214.69702   77  557  221.00000  212.53438  3.83%   168 2317s
 53047 36554  213.55854   65  687  221.00000  212.53518  3.83%   168 2320s
 53160 36650  215.30466   79  545  221.00000  212.53611  3.83%   168 2325s
 53343 36807  214.76009   68  663  221.00000  212.53650  3.83%   168 2330s
 53447 36901  215.88713   79  631  221.00000  212.53672  3.83%   168 2335s
 53602 37034  214.33693   71  468  221.00000  212.53746  3.83%   168 2340s
 53701 37118  215.10062   94  531  221.00000  212.53764  3.83%   169 2345s
 53840 37239  218.88323  117  384  221.00000  212.53855  3.83%   169 2350s
 54015 37379  214.44638   76  661  221.00000  212.54043  3.83%   168 2355s
 54135 37499  218.95304  147  235  221.00000  212.54043  3.83%   169 2360s
 54341 37669  213.28356   68  698  221.00000  212.54135  3.83%   168 2365s
 54491 37797     cutoff  156       221.00000  212.54171  3.83%   168 2370s
 54570 37874  218.99643  140  313  221.00000  212.54278  3.83%   168 2375s
 54736 38010  214.45786   71  590  221.00000  212.54450  3.83%   168 2380s
 54853 38110  214.96610   84  543  221.00000  212.54533  3.83%   168 2385s
 55013 38249  217.09789   60  627  221.00000  212.54600  3.83%   168 2390s
 55121 38341  219.72123   98  262  221.00000  212.54600  3.83%   168 2395s
 55224 38419  214.18094   69  523  221.00000  212.54753  3.82%   169 2400s
 55408 38584  216.94791   81  528  221.00000  212.54870  3.82%   168 2405s
 55537 38701  218.96701  157  203  221.00000  212.54886  3.82%   168 2410s
 55663 38788  217.26584   84  521  221.00000  212.54958  3.82%   168 2415s
 55783 38888  213.15358   66  680  221.00000  212.55044  3.82%   169 2420s
 55884 38979  214.67157   61  689  221.00000  212.55094  3.82%   169 2425s
 56012 39085  213.12879   63  763  221.00000  212.55416  3.82%   169 2430s
 56135 39195  213.87668   71  632  221.00000  212.55435  3.82%   169 2435s
 56289 39334  214.90624   84  533  221.00000  212.55579  3.82%   169 2440s
 56452 39477  215.65223   83  502  221.00000  212.55619  3.82%   169 2445s
 56596 39595  214.50556   70  638  221.00000  212.55759  3.82%   169 2450s
 56764 39734  213.16749   62  752  221.00000  212.55801  3.82%   169 2455s
 56845 39807  213.82478   73  609  221.00000  212.56023  3.82%   169 2460s
 57011 39954  219.03247  162  172  221.00000  212.56085  3.82%   169 2465s
 57064 39995  214.85664   83  554  221.00000  212.56190  3.82%   169 2470s
 57191 40122  219.56182  147  160  221.00000  212.56190  3.82%   169 2475s
 57340 40240  212.67657   58  788  221.00000  212.56231  3.82%   169 2480s
 57424 40312  216.79735   91  464  221.00000  212.56609  3.82%   169 2485s
 57564 40444  217.59150  103  370  221.00000  212.56655  3.82%   169 2490s
 57671 40538  219.41069   89  397  221.00000  212.56718  3.82%   169 2495s
 57799 40624  213.54391   74  666  221.00000  212.56797  3.82%   169 2500s
 57919 40720  213.48989   72  606  221.00000  212.56834  3.82%   169 2505s
 58049 40828  216.17197  101  454  221.00000  212.56856  3.82%   169 2510s
 58214 40958  213.85236   74  646  221.00000  212.56917  3.81%   169 2515s
 58345 41076  215.48711   92  479  221.00000  212.56940  3.81%   169 2520s
 58465 41183  218.31172  137  315  221.00000  212.56970  3.81%   169 2525s
 58562 41266  216.31639   84  436  221.00000  212.56997  3.81%   169 2530s
 58772 41457  219.62849  158  248  221.00000  212.57013  3.81%   169 2535s
 58905 41557  212.98558   62  683  221.00000  212.57192  3.81%   169 2540s
 59030 41672  213.44053   62  686  221.00000  212.57216  3.81%   169 2545s
 59135 41766  213.94452   65  534  221.00000  212.57236  3.81%   169 2550s
 59322 41932  212.81462   58  747  221.00000  212.57262  3.81%   169 2555s
 59408 42008  214.19553   79  628  221.00000  212.57314  3.81%   169 2560s
 59556 42144  219.15425  103  351  221.00000  212.57318  3.81%   169 2565s
 59712 42276  212.92432   60  746  221.00000  212.57348  3.81%   169 2570s
 59800 42349  213.92169   63  593  221.00000  212.57350  3.81%   169 2575s
 59926 42475  218.11436  133  265  221.00000  212.57350  3.81%   169 2580s
 60090 42601  216.44940  105  412  221.00000  212.57469  3.81%   169 2585s
 60222 42716  213.52195   65  720  221.00000  212.57570  3.81%   169 2590s
 60350 42821  218.20334   93  447  221.00000  212.57664  3.81%   169 2595s
 60410 42855  216.55308   73  564  221.00000  212.57698  3.81%   169 2600s
 60498 42930  215.07731   75  568  221.00000  212.57727  3.81%   169 2605s
 60595 43016  214.20844   85  604  221.00000  212.57813  3.81%   169 2610s
 60725 43129  216.59419   80  487  221.00000  212.57857  3.81%   169 2615s
 60827 43219  217.30190  131  366  221.00000  212.57860  3.81%   169 2620s
 60955 43317  215.74199   92  477  221.00000  212.57925  3.81%   169 2625s
 61129 43465  213.95620   65  711  221.00000  212.57965  3.81%   169 2630s
 61258 43573  214.20217   66  603  221.00000  212.57965  3.81%   169 2635s
 61364 43663  214.76241   79  562  221.00000  212.58000  3.81%   169 2640s
 61498 43786  217.78835  112  288  221.00000  212.58021  3.81%   169 2645s
 61661 43925  213.35136   70  649  221.00000  212.58112  3.81%   169 2650s
 61764 44019  217.89309  117  391  221.00000  212.58246  3.81%   169 2655s
 61873 44105  213.64136   64  630  221.00000  212.58282  3.81%   169 2660s
 62004 44216  213.16126   60  785  221.00000  212.58544  3.81%   169 2665s
 62073 44285  216.56225  100  407  221.00000  212.58544  3.81%   169 2670s
 62222 44407  213.61558   63  714  221.00000  212.58671  3.81%   169 2675s
 62326 44501  215.36052   93  526  221.00000  212.58675  3.81%   169 2680s
 62492 44640  218.65072  138  294  221.00000  212.58700  3.81%   169 2685s
 62599 44729  213.01598   69  726  221.00000  212.58830  3.81%   169 2690s
 62768 44853  215.99942  103  446  221.00000  212.58850  3.81%   169 2695s
 62868 44944  217.29010  115  364  221.00000  212.58862  3.81%   169 2700s
 62982 45033  214.50755   68  694  221.00000  212.58956  3.81%   169 2705s
 63063 45098  213.64320   69  663  221.00000  212.58988  3.81%   169 2710s
 63196 45212  213.46955   63  625  221.00000  212.59114  3.80%   169 2715s
 63317 45315  213.16869   64  681  221.00000  212.59144  3.80%   169 2720s
 63472 45439  213.15986   60  746  221.00000  212.59173  3.80%   169 2725s
 63593 45544  213.13662   61  785  221.00000  212.59180  3.80%   169 2730s
 63721 45661  217.26330   87  590  221.00000  212.59183  3.80%   169 2735s
 63851 45780  218.94656  144  271  221.00000  212.59189  3.80%   169 2740s
 63965 45865  213.67655   64  645  221.00000  212.59316  3.80%   169 2745s
 64071 45971  218.57305  120  311  221.00000  212.59316  3.80%   170 2750s
 64195 46064  218.22022   91  439  221.00000  212.59467  3.80%   170 2755s
 64317 46161  219.39241  142  279  221.00000  212.59473  3.80%   170 2760s
 64440 46252  214.71981   80  641  221.00000  212.59681  3.80%   170 2765s
 64551 46346  214.47827   71  567  221.00000  212.59799  3.80%   170 2770s
 64706 46481  213.14391   62  787  221.00000  212.59799  3.80%   170 2775s
 64761 46536  216.48075   90  414  221.00000  212.59799  3.80%   170 2780s
 64883 46629  214.54697   77  598  221.00000  212.59882  3.80%   170 2785s
 65043 46778  215.84533  110  451  221.00000  212.60024  3.80%   170 2790s
 65205 46918  219.30717  180  150  221.00000  212.60149  3.80%   170 2795s
 65355 47033  213.18969   62  689  221.00000  212.60230  3.80%   170 2800s
 65478 47140  214.90842   87  542  221.00000  212.60238  3.80%   170 2805s
 65582 47233  216.27049   75  491  221.00000  212.60286  3.80%   170 2810s
 65688 47300  214.88080   82  599  221.00000  212.60453  3.80%   170 2815s
 65802 47402  215.81178   77  503  221.00000  212.60519  3.80%   170 2820s
 65901 47486  216.39388  115  371  221.00000  212.60541  3.80%   170 2825s
 66078 47624  213.73819   72  644  221.00000  212.60812  3.80%   170 2830s
 66226 47752  216.07106   90  481  221.00000  212.60837  3.80%   170 2835s
 66366 47882  217.21225  114  158  221.00000  212.60864  3.80%   170 2840s
 66549 48028  215.20153   79  563  221.00000  212.60918  3.80%   170 2845s
 66719 48170  213.81622   67  653  221.00000  212.60927  3.80%   170 2850s
 66812 48250  213.94175   70  568  221.00000  212.60937  3.80%   170 2855s
 66949 48359  212.70436   59  780  221.00000  212.61167  3.80%   170 2860s
 67054 48453  214.48864   78  631  221.00000  212.61179  3.80%   170 2865s
 67209 48594  216.98114  116  341  221.00000  212.61314  3.79%   170 2870s
 67328 48700  216.76034  128  383  221.00000  212.61361  3.79%   170 2875s
 67497 48858  217.77441  110  333  221.00000  212.61407  3.79%   170 2880s
 67700 49037  214.41701   68  643  221.00000  212.61622  3.79%   170 2885s
 67806 49123  217.37097  129  335  221.00000  212.61659  3.79%   170 2890s
 67990 49286  214.12803   84  573  221.00000  212.61933  3.79%   170 2895s
 68121 49400  215.39587   82  544  221.00000  212.61933  3.79%   170 2900s
 68221 49492  217.75062  119  357  221.00000  212.62064  3.79%   170 2905s
 68373 49616  215.10742   82  557  221.00000  212.62323  3.79%   170 2910s
 68518 49750  217.10989  102  448  221.00000  212.62398  3.79%   170 2915s
 68646 49866  216.36138  105  364  221.00000  212.62525  3.79%   170 2920s
 68793 49988  214.84634   80  491  221.00000  212.62601  3.79%   170 2925s
 68939 50116  218.93219   80  508  221.00000  212.62634  3.79%   170 2930s
 69057 50220  218.98535  151  232  221.00000  212.62794  3.79%   170 2935s
 69203 50349  219.08738  165  264  221.00000  212.62936  3.79%   170 2940s
 69334 50456  216.22535  100  446  221.00000  212.62939  3.79%   170 2945s
 69484 50582  213.18146   77  621  221.00000  212.62997  3.79%   170 2950s
 69630 50717  214.15332   64  619  221.00000  212.63093  3.79%   170 2955s
 69700 50785  215.28011   76  463  221.00000  212.63093  3.79%   170 2960s
 69868 50897  213.97547   70  656  221.00000  212.63219  3.79%   170 2965s
 69976 50990  214.27670   81  585  221.00000  212.63283  3.79%   170 2970s
 70158 51156  213.32913   66  640  221.00000  212.63339  3.79%   170 2975s
 70361 51325  213.34903   71  663  221.00000  212.63491  3.79%   170 2980s
 70499 51450  216.52305   77  528  221.00000  212.63526  3.78%   170 2985s
 70662 51594     cutoff  169       221.00000  212.63568  3.78%   170 2990s
 70792 51694  219.69294   74  431  221.00000  212.63602  3.78%   170 2995s
 70903 51790  216.22480   77  450  221.00000  212.63638  3.78%   170 3000s
 71056 51921  214.57795   70  598  221.00000  212.63657  3.78%   170 3005s
 71151 51999  214.57199   78  559  221.00000  212.63697  3.78%   170 3010s
 71309 52136  213.55151   66  615  221.00000  212.63715  3.78%   170 3015s
 71399 52214  215.51646   97  442  221.00000  212.63715  3.78%   170 3020s
 71518 52309  214.35900   69  613  221.00000  212.63819  3.78%   170 3025s
 71672 52432  212.97115   60  760  221.00000  212.63885  3.78%   170 3030s
 71784 52532  215.76449   85  515  221.00000  212.63938  3.78%   170 3035s
 71921 52656  218.59025  133  352  221.00000  212.63999  3.78%   170 3040s
 72043 52748  214.23230   75  569  221.00000  212.64035  3.78%   170 3045s
 72200 52881  215.84847   89  487  221.00000  212.64072  3.78%   170 3050s
 72335 52997  219.65818  113  351  221.00000  212.64384  3.78%   170 3055s
 72440 53080  219.91797   98  308  221.00000  212.64450  3.78%   170 3060s
 72569 53187  214.67913   76  598  221.00000  212.64555  3.78%   170 3065s
 72717 53316  217.76805  121  295  221.00000  212.64573  3.78%   170 3070s
 72810 53395  216.68661   90  407  221.00000  212.64588  3.78%   170 3075s
 72985 53548  213.01520   61  744  221.00000  212.64758  3.78%   170 3080s
 73093 53641  213.82902   64  682  221.00000  212.64812  3.78%   170 3085s
 73194 53729  217.69690   74  542  221.00000  212.64820  3.78%   170 3090s
 73342 53869  218.66516  125  186  221.00000  212.64826  3.78%   170 3095s
 73513 53998  213.18302   64  671  221.00000  212.65064  3.78%   170 3100s
 73642 54111  214.79219   73  540  221.00000  212.65155  3.78%   170 3105s
 73747 54198     cutoff   79       221.00000  212.65237  3.78%   170 3110s
 73859 54277  215.72322   80  583  221.00000  212.65279  3.78%   170 3115s
 73972 54372  214.78340   81  535  221.00000  212.65417  3.78%   170 3120s
 74151 54521  214.06742   84  587  221.00000  212.65479  3.78%   170 3125s
 74309 54661  215.37704   82  577  221.00000  212.65483  3.78%   170 3130s
 74402 54754  217.64073   95  364  221.00000  212.65483  3.78%   170 3135s
 74569 54892  213.13727   63  768  221.00000  212.65572  3.78%   170 3140s
 74649 54963  214.22145   69  603  221.00000  212.65585  3.78%   170 3145s
 74748 55062  218.40517  119  179  221.00000  212.65585  3.78%   170 3150s
 74900 55191  213.02644   61  727  221.00000  212.65703  3.78%   170 3155s
 75050 55332  214.40659   67  546  221.00000  212.65846  3.77%   170 3160s
 75150 55412  214.79801   79  545  221.00000  212.65900  3.77%   170 3165s
 75283 55533  218.60760  103  411  221.00000  212.65901  3.77%   170 3170s
 75407 55638     cutoff  151       221.00000  212.65905  3.77%   170 3175s
 75494 55701  214.74132   87  529  221.00000  212.65920  3.77%   170 3180s
 75688 55867  213.09309   61  764  221.00000  212.66017  3.77%   170 3185s
 75813 55982  214.58751   70  605  221.00000  212.66102  3.77%   170 3190s
 75944 56101  219.44532  141  319  221.00000  212.66102  3.77%   170 3195s
 76075 56213  216.35870   95  531  221.00000  212.66129  3.77%   170 3200s
 76169 56296  215.57270   84  536  221.00000  212.66159  3.77%   170 3205s
 76256 56369  214.39637   75  508  221.00000  212.66205  3.77%   170 3210s
 76355 56454  215.73916   94  449  221.00000  212.66224  3.77%   170 3215s
 76497 56584  218.12226  141  321  221.00000  212.66366  3.77%   170 3220s
 76615 56691  218.24718  104  303  221.00000  212.66413  3.77%   170 3225s
 76757 56816  218.58350  141  290  221.00000  212.66431  3.77%   170 3230s
 76895 56930  215.59913   85  520  221.00000  212.66591  3.77%   170 3235s
 77057 57067  217.01474   77  559  221.00000  212.66691  3.77%   170 3240s
 77183 57171  214.61968   74  597  221.00000  212.66818  3.77%   170 3245s
 77329 57305  219.61580  122  274  221.00000  212.66981  3.77%   170 3250s
 77450 57395  214.39653   77  504  221.00000  212.67027  3.77%   170 3255s
 77598 57522  214.92598   91  522  221.00000  212.67034  3.77%   170 3260s
 77770 57668  215.05010   76  551  221.00000  212.67034  3.77%   170 3265s
 77942 57816  216.73694   74  603  221.00000  212.67063  3.77%   170 3270s
 78078 57939  217.85197  156  352  221.00000  212.67198  3.77%   170 3275s
 78209 58052  215.70555   79  474  221.00000  212.67296  3.77%   170 3280s
 78377 58186  212.73153   59  804  221.00000  212.67385  3.77%   170 3285s
 78435 58244  215.45636   88  517  221.00000  212.67385  3.77%   170 3290s
 78554 58352  217.30891   93  464  221.00000  212.67423  3.77%   170 3295s
 78683 58468  218.76486  152  306  221.00000  212.67439  3.77%   170 3300s
 78769 58540  215.61546   95  502  221.00000  212.67462  3.77%   170 3305s
 78970 58715  213.66252   63  758  221.00000  212.67498  3.77%   170 3310s
 79082 58779  214.71300   78  616  221.00000  212.67506  3.77%   170 3315s
 79171 58855  215.03165   77  593  221.00000  212.67572  3.77%   170 3320s
 79283 58932  214.40649   74  589  221.00000  212.67634  3.77%   170 3325s
 79469 59093  219.56367  167  303  221.00000  212.67657  3.77%   170 3330s
 79603 59198  217.79242  101  416  221.00000  212.67727  3.77%   170 3335s
 79730 59304  214.42401   82  625  221.00000  212.67798  3.77%   170 3340s
 79863 59437  219.13582  151  145  221.00000  212.67798  3.77%   170 3345s
 80026 59558  214.34949   79  592  221.00000  212.67848  3.77%   170 3350s
 80157 59679  216.25789   75  469  221.00000  212.67910  3.77%   170 3355s
 80271 59772  215.58745   90  494  221.00000  212.67942  3.76%   170 3360s
 80443 59922  213.46215   65  709  221.00000  212.68035  3.76%   170 3365s
 80566 60026  216.24219   76  619  221.00000  212.68071  3.76%   170 3370s
 80685 60132  217.35673  110  454  221.00000  212.68076  3.76%   170 3375s
 80812 60246  217.97825  130  345  221.00000  212.68118  3.76%   170 3380s
 80922 60343  216.09564  113  383  221.00000  212.68118  3.76%   170 3385s
 81116 60514  213.70068   69  686  221.00000  212.68231  3.76%   170 3390s
 81235 60623  216.92574  105  413  221.00000  212.68232  3.76%   170 3395s
 81379 60734  214.43064   65  627  221.00000  212.68277  3.76%   170 3400s
 81448 60803  217.93931   89  426  221.00000  212.68277  3.76%   170 3405s
 81577 60901  214.53622   74  483  221.00000  212.68386  3.76%   170 3410s
 81798 61102  219.67197  182   93  221.00000  212.68396  3.76%   170 3415s
 81900 61186  216.39065  102  443  221.00000  212.68511  3.76%   170 3420s
 82057 61331  219.06902  122  276  221.00000  212.68532  3.76%   170 3425s
 82222 61466  213.84494   78  618  221.00000  212.68589  3.76%   170 3430s
 82373 61586  217.13372   64  551  221.00000  212.68651  3.76%   170 3435s
 82522 61708  213.46433   69  656  221.00000  212.68791  3.76%   170 3440s
 82673 61832  214.30878   61  625  221.00000  212.68836  3.76%   170 3445s
 82781 61926  215.41908   87  553  221.00000  212.68854  3.76%   170 3450s
 82953 62078  213.72978   74  672  221.00000  212.68880  3.76%   170 3455s
 83062 62173  213.48361   69  682  221.00000  212.68946  3.76%   170 3460s
 83166 62277  218.77279  119  309  221.00000  212.68946  3.76%   170 3465s
 83319 62403  214.46007   68  599  221.00000  212.69018  3.76%   170 3470s
 83486 62547  213.26321   60  653  221.00000  212.69051  3.76%   170 3475s
 83607 62634  218.43293  131  289  221.00000  212.69061  3.76%   170 3480s
 83745 62745  216.93131  108  374  221.00000  212.69188  3.76%   170 3485s
 83870 62858  219.48152  137  204  221.00000  212.69204  3.76%   170 3490s
 83943 62907  216.15534   83  379  221.00000  212.69222  3.76%   170 3495s
 84047 62997  219.57536   97  280  221.00000  212.69247  3.76%   170 3500s
 84249 63153  219.72004  139  112  221.00000  212.69250  3.76%   170 3505s
 84377 63260  213.22652   65  698  221.00000  212.69382  3.76%   170 3510s
 84514 63379  215.20512   82  589  221.00000  212.69412  3.76%   170 3515s
 84685 63520  213.44627   63  696  221.00000  212.69482  3.76%   170 3520s
 84830 63655  216.14561  102  424  221.00000  212.69536  3.76%   170 3525s
 84966 63767  213.80194   72  645  221.00000  212.69547  3.76%   170 3530s
 85123 63896  213.19554   63  684  221.00000  212.69593  3.76%   170 3535s
 85176 63949  216.61307   96  413  221.00000  212.69593  3.76%   170 3540s
 85356 64106  215.29348  100  512  221.00000  212.69654  3.76%   170 3545s
 85511 64233  213.44013   72  677  221.00000  212.69752  3.76%   170 3550s
 85686 64399  217.83972  115  278  221.00000  212.69782  3.76%   170 3555s
 85872 64562  213.09108   62  746  221.00000  212.69861  3.76%   170 3560s
 85968 64646  213.69895   64  636  221.00000  212.69892  3.76%   170 3565s
 86139 64800  212.73986   61  761  221.00000  212.69919  3.76%   170 3570s
 86282 64933  217.02353  123  344  221.00000  212.69919  3.76%   170 3575s
 86449 65073  213.53642   73  664  221.00000  212.69931  3.76%   170 3580s
 86523 65147  216.62884  105  432  221.00000  212.69931  3.76%   170 3585s
 86689 65288  215.90970   85  448  221.00000  212.69936  3.76%   170 3590s
 86790 65375  216.93652  106  387  221.00000  212.69955  3.76%   170 3595s

Cutting planes:
  Learned: 1
  Gomory: 30
  Lift-and-project: 2
  Cover: 301
  Implied bound: 224
  MIR: 720
  Mixing: 10
  StrongCG: 2
  Flow cover: 734
  GUB cover: 22
  Inf proof: 1
  Zero half: 2
  Mod-K: 1
  RLT: 83
  Relax-and-lift: 92
  BQP: 4

Explored 86939 nodes (14799975 simplex iterations) in 3599.95 seconds (4010.82 work units)
Thread count was 1 (of 16 available processors)

Solution count 10: 221 221 222 ... 229

Time limit reached
Best objective 2.210000000000e+02, best bound 2.130000000000e+02, gap 3.6199%

User-callback calls 689188, time in user-callback 0.66 sec

 sepatime0
Stat(MathOptInterface.TIME_LIMIT, 221.0, 213.0, 0.03619909502262444, 0.0, 0.049076, 3599.953912973404, 86939, Main.CFLG.LEFPD, "", #undef)
