Data path: /scratch/opt/lxu/CFLG/benchmarks/Kgroup_B
Instance: K400.6.con.red
Result path: /scratch/opt/lxu/CFLG/results/Kgroup_B
Solver: Gurobi
Time limit: 3600
Formulation: EFP
Cover: Small
julia --project=. src/main.jl /scratch/opt/lxu/CFLG/benchmarks/Kgroup_B K400.6.con.red /scratch/opt/lxu/CFLG/results/Kgroup_B Gurobi 3600 EFP Small
The latest version of Julia in the `release` channel is 1.11.5+0.x64.linux.gnu. You currently have `1.11.4+0.x64.linux.gnu` installed. Run:

  juliaup update

in your terminal shell to install Julia 1.11.5+0.x64.linux.gnu and update the `release` channel to that version.
/scratch/opt/lxu/CFLG/benchmarks/Kgroup_B Gurobi 3600.0 /scratch/opt/lxu/CFLG/results/Kgroup_B K400.6.con.red EFP Small
/scratch/opt/lxu/CFLG/benchmarks/Kgroup_B/K400.6.con.red

 read graph
data loaded


after absorb:240 241

max_piece:23
problem_graph/original graph: node: 3865/241 edge: 4659/1035 dlt: 0.044828124074343306 break_avg_len: 0.03983439228756895 break_max_len: 0.044823021181716834elapsed CPU time: 5.767335 seconds
Set parameter TokenServer to value "solice01.zib.de"
Set parameter Threads to value 1
Set parameter OutputFlag to value 1
Set parameter MIPGap to value 0.0001
Set parameter MIPGapAbs to value 1
Set parameter TimeLimit to value 3594.232665

 more cuts:false
formulation:EFP0 4659 3865

 model loaded

Gurobi Optimizer version 12.0.1 build v12.0.1rc0 (linux64 - "Debian GNU/Linux 12 (bookworm)")

CPU model: Intel(R) Xeon(R) Gold 5122 CPU @ 3.60GHz, instruction set [SSE2|AVX|AVX2|AVX512]
Thread count: 8 physical cores, 16 logical processors, using up to 1 threads

Non-default parameters:
TimeLimit  3594.232665
MIPGapAbs  1
Threads  1

Optimize a model with 117589 rows, 74702 columns and 328783 nonzeros
Model fingerprint: 0x31454abc
Variable types: 17842 continuous, 56860 integer (56860 binary)
Coefficient statistics:
  Matrix range     [2e-04, 1e+00]
  Objective range  [1e+00, 1e+00]
  Bounds range     [1e-02, 9e-02]
  RHS range        [1e-02, 2e+01]
Found heuristic solution: objective 4657.0000000
Presolve removed 23327 rows and 13983 columns
Presolve time: 1.45s
Presolved: 94262 rows, 60719 columns, 335522 nonzeros
Variable types: 8524 continuous, 52195 integer (52195 binary)

Root simplex log...

Iteration    Objective       Primal Inf.    Dual Inf.      Time
   58349    3.2941164e+02   4.069649e+02   0.000000e+00      5s
   63883    3.3063789e+02   0.000000e+00   0.000000e+00      6s

Root relaxation: objective 3.306379e+02, 63883 iterations, 4.39 seconds (2.84 work units)
Total elapsed time = 10.15s (DegenMoves)

    Nodes    |    Current Node    |     Objective Bounds      |     Work
 Expl Unexpl |  Obj  Depth IntInf | Incumbent    BestBd   Gap | It/Node Time

     0     0  330.63789    0 17378 4657.00000  330.63789  92.9%     -   10s
H    0     0                    4449.0000000  330.63789  92.6%     -   10s
H    0     0                    4381.0000000  330.63789  92.5%     -   10s
H    0     0                    4372.0000000  330.63789  92.4%     -   10s
H    0     0                    4365.0000000  330.63789  92.4%     -   10s
H    0     0                    4359.0000000  330.63789  92.4%     -   10s
H    0     0                    4358.0000000  330.63789  92.4%     -   10s
H    0     0                    4357.0000000  330.63789  92.4%     -   10s
H    0     0                    4350.0000000  330.63789  92.4%     -   10s
     0     0  437.02199    0 20340 4350.00000  437.02199  90.0%     -   20s
H    0     0                    3416.0000000  437.06431  87.2%     -   20s
H    0     0                    3391.0000000  437.06431  87.1%     -   20s
H    0     0                    3388.0000000  437.06431  87.1%     -   20s
H    0     0                    3386.0000000  437.06431  87.1%     -   20s
     0     0  489.52757    0 21808 3386.00000  489.52757  85.5%     -   24s
     0     0  562.10018    0 22810 3386.00000  562.10018  83.4%     -   29s
     0     0  617.88157    0 21524 3386.00000  617.88157  81.8%     -   33s
     0     0  620.09494    0 21569 3386.00000  620.09494  81.7%     -   34s
     0     0  620.25411    0 21549 3386.00000  620.25411  81.7%     -   35s
     0     0  620.25424    0 21552 3386.00000  620.25424  81.7%     -   36s
     0     0  768.08393    0 17707 3386.00000  768.08393  77.3%     -   41s
H    0     0                    3249.0000000  768.08393  76.4%     -   41s
H    0     0                    3247.0000000  768.08393  76.3%     -   41s
H    0     0                    3194.0000000  768.08393  76.0%     -   41s
     0     0  797.89469    0 18679 3194.00000  797.89469  75.0%     -   42s
     0     0  820.14742    0 19557 3194.00000  820.14742  74.3%     -   44s
     0     0  822.80328    0 20116 3194.00000  822.80328  74.2%     -   45s
     0     0  823.19312    0 20474 3194.00000  823.19312  74.2%     -   46s
     0     0  823.23739    0 20586 3194.00000  823.23739  74.2%     -   46s
     0     0 1138.76553    0 11427 3194.00000 1138.76553  64.3%     -   52s
     0     0 1149.03931    0 12368 3194.00000 1149.03931  64.0%     -   54s
     0     0 1151.08403    0 12337 3194.00000 1151.08403  64.0%     -   54s
     0     0 1151.24101    0 12088 3194.00000 1151.24101  64.0%     -   55s
     0     0 1224.76090    0 10671 3194.00000 1224.76090  61.7%     -   58s
H    0     0                    2847.0000000 1224.76090  57.0%     -   58s
H    0     0                    2845.0000000 1224.76090  57.0%     -   58s
H    0     0                    2786.0000000 1224.76090  56.0%     -   58s
     0     0 1227.19551    0 10790 2786.00000 1227.19551  56.0%     -   59s
     0     0 1228.00534    0 10555 2786.00000 1228.00534  55.9%     -   59s
     0     0 1228.02466    0 10636 2786.00000 1228.02466  55.9%     -   59s
     0     0 1231.19959    0 10375 2786.00000 1231.19959  55.8%     -   61s
     0     0 1231.61498    0 10487 2786.00000 1231.61498  55.8%     -   62s
     0     0 1231.92073    0 10487 2786.00000 1231.92073  55.8%     -   62s
     0     0 1232.01900    0 10535 2786.00000 1232.01900  55.8%     -   62s
     0     0 1235.19031    0 10372 2786.00000 1235.19031  55.7%     -   64s
H    0     0                    2296.0000000 1235.19031  46.2%     -   65s
H    0     0                    2277.0000000 1235.19031  45.8%     -   65s
     0     0 1235.46006    0 10480 2277.00000 1235.46006  45.7%     -   65s
     0     0 1237.09237    0 10482 2277.00000 1237.09237  45.7%     -   67s
H    0     0                    2259.0000000 1237.09237  45.2%     -   67s
     0     0 1237.46625    0 10688 2259.00000 1237.46625  45.2%     -   67s
     0     0 1237.67923    0 10692 2259.00000 1237.67923  45.2%     -   68s
     0     0 1239.53622    0 10456 2259.00000 1239.53622  45.1%     -   69s
     0     0 1239.53622    0 10456 2259.00000 1239.53622  45.1%     -   71s
H    0     0                    2212.0000000 1239.53622  44.0%     -   73s
H    0     0                    2137.0000000 1239.53622  42.0%     -   77s
H    0     0                    2136.0000000 1239.53622  42.0%     -   77s
H    0     0                    2121.0000000 1239.53622  41.6%     -   77s
H    0     0                    2030.0000000 1239.53622  38.9%     -   81s
H    0     0                    2021.0000000 1239.53622  38.7%     -   81s
     0     2 1239.53622    0 10456 2021.00000 1239.53622  38.7%     -   81s
H   26    26                    1868.0000000 1239.53622  33.6%  1147   85s
H   52    52                    1855.0000000 1239.53622  33.2%   641   89s
H   52    52                    1853.0000000 1239.53622  33.1%   641   89s
    61    63 1240.67533   52 10085 1853.00000 1239.53622  33.1%   559   90s
H   78    78                    1849.0000000 1239.53622  33.0%   446   92s
H  104   104                    1822.0000000 1239.53622  32.0%   349  102s
   129   131 1240.79830  104 9924 1822.00000 1239.53622  32.0%   295  105s
   179   181 1241.30582  137 9849 1822.00000 1239.53622  32.0%   236  110s
   239   241 1241.61693  182 9831 1822.00000 1239.53622  32.0%   191  115s
   295   297 1242.75737  217 9705 1822.00000 1239.53622  32.0%   166  120s
H  324   324                    1819.0000000 1239.53622  31.9%   158  123s
   343   345 1243.16280  249 9590 1819.00000 1239.53622  31.9%   156  125s
   398   400 1243.71651  296 9509 1819.00000 1239.53622  31.9%   145  130s
H  405   405                    1818.0000000 1239.53622  31.8%   144  130s
H  432   432                    1817.0000000 1239.53622  31.8%   141  133s
   447   449 1244.06304  334 9546 1817.00000 1239.53622  31.8%   139  135s
   494   496 1245.01753  367 9517 1817.00000 1239.53622  31.8%   134  140s
H  540   540                    1816.0000000 1239.53622  31.7%   132  145s
H  566   566                    1812.0000000 1239.53622  31.6%   130  153s
H  567   567                    1810.0000000 1239.53622  31.5%   130  154s
   572   574 1246.14116  419 9261 1810.00000 1239.53622  31.5%   130  155s
H  594   594                    1809.0000000 1239.53622  31.5%   128  157s
   620   622 1247.72977  452 9279 1809.00000 1239.53622  31.5%   128  160s
   659   660 1248.52047  477 9251 1809.00000 1239.53622  31.5%   127  165s
H  675   674                    1808.0000000 1239.53622  31.4%   126  167s
   702   703 1248.86583  506 9140 1808.00000 1239.53622  31.4%   124  170s
   742   743 1250.22205  529 9205 1808.00000 1239.53622  31.4%   120  175s
   783   784 1250.32825  551 9081 1808.00000 1239.53622  31.4%   116  180s
   825   826 1250.91700  576 9109 1808.00000 1239.53622  31.4%   114  185s
   864   865 1251.80420  597 9071 1808.00000 1239.53622  31.4%   112  190s
   906   907 1252.90545  618 8956 1808.00000 1239.53622  31.4%   109  195s
   944   945 1253.95180  643 8937 1808.00000 1239.53622  31.4%   107  200s
H  945   944                    1807.0000000 1239.53622  31.4%   106  200s
   979   980 1254.79886  661 8886 1807.00000 1239.53622  31.4%   105  205s
  1022  1023 1255.24242  683 8864 1807.00000 1239.53622  31.4%   102  210s
  1062  1063 1255.71916  704 8794 1807.00000 1239.53622  31.4%   100  215s
  1089  1090 1256.22034  718 8735 1807.00000 1239.53622  31.4%  98.5  221s
  1124  1125 1257.18872  738 8728 1807.00000 1239.53622  31.4%  96.8  225s
  1164  1165 1258.06577  763 8681 1807.00000 1239.53622  31.4%  94.9  230s
  1211  1212 1259.58306  794 8580 1807.00000 1239.53622  31.4%  93.7  235s
  1250  1251 1261.57129  819 8577 1807.00000 1239.53622  31.4%  92.0  240s
  1296  1296 1261.95923  848 8530 1807.00000 1239.53622  31.4%  90.1  245s
H 1319  1316                    1800.0000000 1239.53622  31.1%  89.3  252s
H 1319  1316                    1796.0000000 1239.53622  31.0%  89.3  256s
H 1340  1332                    1792.0000000 1239.56112  30.8%  88.5  264s
  1341  1333 1244.28739  308 10456 1792.00000 1239.56112  30.8%  88.5  271s
  1343  1334 1248.85362  494 27693 1792.00000 1239.56112  30.8%  88.3  297s
  1344  1335 1243.98058  329 12500 1792.00000 1239.56112  30.8%  88.3  327s
  1351  1340 1250.90614  577 10373 1792.00000 1245.31013  30.5%  87.8  331s
  1352  1340 1347.59310  423 8104 1792.00000 1347.59310  24.8%  87.7  338s
  1355  1342 1351.67150  871 8362 1792.00000 1351.67150  24.6%  87.6  340s
  1359  1345 1398.24144  534 7439 1792.00000 1398.24144  22.0%  87.3  346s
  1363  1348 1418.25315  336 7137 1792.00000 1418.25315  20.9%  87.0  353s
  1366  1350 1418.65254  535 7325 1792.00000 1418.65254  20.8%  86.8  355s
  1368  1351 1429.73482  736 7076 1792.00000 1429.73482  20.2%  86.7  360s
  1372  1354 1439.06714   15 6610 1792.00000 1439.06714  19.7%  86.5  366s
  1376  1356 1445.83832  842 6872 1792.00000 1445.83832  19.3%  86.2  371s
  1380  1359 1450.93319  812 6625 1792.00000 1450.93319  19.0%  86.0  377s
  1383  1361 1453.84335  242 6698 1792.00000 1453.84335  18.9%  85.8  383s
  1387  1364 1454.04653    7 6853 1792.00000 1454.04653  18.9%  85.5  385s
H 1387  1295                    1791.0000000 1455.38323  18.7%  85.5  389s
  1389  1296 1455.54427   96 6495 1791.00000 1455.54427  18.7%  85.4  390s
  1392  1298 1457.13622  510 6547 1791.00000 1457.13622  18.6%  85.2  395s
  1398  1302 1459.40406  216 6429 1791.00000 1459.40406  18.5%  84.9  402s
  1402  1305 1462.32121   78 6518 1791.00000 1462.32121  18.4%  84.6  408s
  1405  1307 1462.33667  213 6520 1791.00000 1462.33667  18.4%  84.4  410s
  1406  1307 1464.53366  210 6315 1791.00000 1464.53366  18.2%  84.4  415s
  1411  1311 1466.59805  417 6340 1791.00000 1466.59805  18.1%  84.1  422s
  1415  1313 1466.86167  700 6827 1791.00000 1466.86167  18.1%  83.8  425s
H 1415  1246                    1790.0000000 1479.62475  17.3%  83.8  430s
H 1415  1182                    1789.0000000 1479.62475  17.3%  83.8  431s
H 1415  1122                    1788.0000000 1479.62475  17.2%  83.8  432s
  1419  1125 1484.04851  492 6271 1788.00000 1484.04851  17.0%  83.6  436s
  1420  1126 1485.59096  727 6118 1788.00000 1485.59096  16.9%  83.5  440s
H 1426  1072                    1786.9999994 1486.88560  16.8%  83.2  451s
H 1426  1017                    1786.0000000 1486.88560  16.7%  83.2  452s
  1431  1020 1487.03690  508 6491 1786.00000 1487.03690  16.7%  82.9  455s
  1433  1021 1488.01125  769 6350 1786.00000 1488.01125  16.7%  82.8  460s
H 1434   969                    1785.0000000 1489.82024  16.5%  82.7  469s
H 1434   919                    1782.0000000 1489.82024  16.4%  82.7  471s
H 1434   872                    1780.0000000 1489.82024  16.3%  82.7  475s
H 1434   826                    1779.0000000 1489.82024  16.3%  82.7  475s
H 1434   784                    1778.0000000 1489.82024  16.2%  82.7  475s
H 1434   743                    1776.0000000 1489.82024  16.1%  82.7  478s
  1441   748 1489.97349  308 6469 1776.00000 1489.97349  16.1%  82.3  481s
  1442   748 1491.14242  846 6073 1776.00000 1491.14242  16.0%  82.3  485s
  1447   752 1492.21147  667 6216 1776.00000 1492.21147  16.0%  82.0  491s
  1451   754 1493.46338  577 6066 1776.00000 1493.46338  15.9%  81.8  497s
  1454   756 1493.70813  822 6241 1776.00000 1493.70813  15.9%  81.6  500s
  1458   759 1494.90978  226 6354 1776.00000 1494.90978  15.8%  81.4  506s
  1459   760 1495.36138  534 6067 1776.00000 1495.36138  15.8%  81.3  510s
  1464   763 1496.24764  781 6007 1776.00000 1496.24764  15.8%  81.0  518s
  1466   764 1496.32210  535 5966 1776.00000 1496.32210  15.7%  80.9  522s
  1470   767 1496.33488  475 5944 1776.00000 1496.33488  15.7%  80.7  527s
  1472   768 1497.33488   15 5858 1776.00000 1497.33488  15.7%  80.6  531s
  1474   770 1497.33488  670 5985 1776.00000 1497.33488  15.7%  80.5  535s
  1476   771 1497.33488  842 5904 1776.00000 1497.33488  15.7%  80.4  540s
  1479   773 1497.33488  681 6076 1776.00000 1497.33488  15.7%  80.2  545s
  1484   776 1497.33488  343 6222 1776.00000 1497.33488  15.7%  79.9  550s
  1486   778 1497.33488   55 6200 1776.00000 1497.33488  15.7%  79.8  555s
  1492   783 1497.33488  510 27707 1776.00000 1497.33488  15.7%  1258  586s
  1493   784 1497.33488  695 8520 1776.00000 1497.33488  15.7%  1257  616s
  1498   787 1498.28460  216 6125 1776.00000 1498.28460  15.6%  1253  624s
  1499   788 1498.28460  328 6133 1776.00000 1498.28460  15.6%  1252  625s
  1502   790 1498.64702   78 6148 1776.00000 1498.64702  15.6%  1250  630s
  1505   792 1499.20650  213 6112 1776.00000 1499.20650  15.6%  1247  636s
  1509   795 1500.99300  185 6025 1776.00000 1500.99300  15.5%  1244  641s
  1513   797 1502.52843  644 5866 1776.00000 1502.52843  15.4%  1241  647s
  1515   799 1502.94824  700 5891 1776.00000 1502.94824  15.4%  1239  652s
  1520   802 1503.02775  727 5852 1776.00000 1503.02775  15.4%  1235  655s
H 1520   761                    1775.0000000 1504.64057  15.2%  1235  658s
  1523   763 1504.67473  455 5985 1775.00000 1504.67473  15.2%  1232  660s
  1527   766 1505.24823   64 6036 1775.00000 1505.24823  15.2%  1229  666s
H 1527   727                    1774.0000000 1505.74793  15.1%  1229  670s
  1532   730 1506.72977  670 5849 1774.00000 1506.72977  15.1%  1225  675s
  1534   731 1506.72977  573 5493 1774.00000 1506.72977  15.1%  1224  681s
  1539   735 1506.84883  474 5925 1774.00000 1506.84883  15.1%  1220  686s
  1542   737 1507.72776  846 5690 1774.00000 1507.72776  15.0%  1217  693s
  1544   738 1507.73631  329 5904 1774.00000 1507.73631  15.0%  1216  695s
  1546   739 1508.55505  675 5972 1774.00000 1508.55505  15.0%  1214  700s
  1549   741 1512.20157  637 5592 1774.00000 1512.20157  14.8%  1212  709s
  1550   742 1514.08276  671 5844 1774.00000 1514.08276  14.7%  1211  710s
  1553   744 1515.16275  335 5940 1774.00000 1515.16275  14.6%  1209  715s
  1560   749 1516.06920  601 5753 1774.00000 1516.06920  14.5%  1203  724s
  1561   749 1516.06920  731 5866 1774.00000 1516.06920  14.5%  1202  726s
  1562   750 1516.47494  868 5751 1774.00000 1516.47494  14.5%  1202  730s
H 1563   712                    1772.0000000 1516.65141  14.4%  1201  745s
  1564   712 1516.65141  781 5558 1772.00000 1516.65141  14.4%  1200  750s
  1566   714 1516.81228  535 5585 1772.00000 1516.81228  14.4%  1199  756s
  1570   716 1516.98489  475 5647 1772.00000 1516.98489  14.4%  1196  762s
  1573   718 1517.28821  235 5625 1772.00000 1517.28821  14.4%  1193  768s
  1576   720 1517.50737  842 5897 1772.00000 1517.50737  14.4%  1191  771s
  1578   722 1518.29829  587 5741 1772.00000 1518.29829  14.3%  1190  775s
  1583   725 1519.39294  242 5645 1772.00000 1519.39294  14.3%  1186  781s
  1587   728 1520.19377    7 5764 1772.00000 1520.19377  14.2%  1183  787s
  1592   731 1520.86069  510 5732 1772.00000 1520.86069  14.2%  1179  793s
  1596   734 1520.92951  532 5984 1772.00000 1520.92951  14.2%  1176  795s
  1598   735 1521.38061  216 6057 1772.00000 1521.38061  14.1%  1175  800s
  1602   738 1522.73441   78 5847 1772.00000 1522.73441  14.1%  1172  806s
  1606   740 1522.73441  210 5691 1772.00000 1522.73441  14.1%  1169  812s
  1609   742 1522.73441  185 5758 1772.00000 1522.73441  14.1%  1167  818s
  1610   743 1522.73441  780 6055 1772.00000 1522.73441  14.1%  1166  820s
  1611   744 1522.73441  417 5753 1772.00000 1522.73441  14.1%  1165  825s
  1616   747 1522.95308  316 5797 1772.00000 1522.95308  14.1%  1162  832s
  1619   749 1523.60072  492 5801 1772.00000 1523.60072  14.0%  1159  838s
H 1620   711                    1769.0000000 1523.62389  13.9%  1159  844s
  1623   713 1523.67389  455 5919 1769.00000 1523.67389  13.9%  1157  846s
  1624   713 1524.36856  374 5781 1769.00000 1524.36856  13.8%  1156  850s
H 1625   676                    1767.0000000 1524.61192  13.7%  1155  855s
  1633   681 1524.69268  769 5701 1767.00000 1524.69268  13.7%  1149  861s
H 1634   645                    1766.0000000 1524.69300  13.7%  1149  866s
H 1634   610                    1765.0000000 1524.69300  13.6%  1149  866s
  1637   612 1524.69300  610 5515 1765.00000 1524.69300  13.6%  1147  870s
  1642   616 1524.69300  846 27716 1765.00000 1524.69300  13.6%  2308  897s
  1643   617 1524.69300  494 7828 1765.00000 1524.69300  13.6%  2307  929s
  1645   618 1524.69300  238 6690 1765.00000 1524.69300  13.6%  2304  930s
  1651   622 1524.87652  577 5956 1765.00000 1524.87652  13.6%  2296  938s
  1652   623 1524.87652  423 5857 1765.00000 1524.87652  13.6%  2294  940s
  1654   624 1525.49742  822 5647 1765.00000 1525.49742  13.6%  2292  946s
  1656   626 1528.18085  353 5260 1765.00000 1528.18085  13.4%  2289  950s
  1660   628 1529.24690  601 5408 1765.00000 1529.24690  13.4%  2283  955s
H 1663   598                    1764.0000000 1531.64776  13.2%  2279  961s
  1668   602 1531.91729  736 5554 1764.00000 1531.91729  13.2%  2272  966s
H 1670   572                    1763.0000000 1532.47361  13.1%  2270  972s
  1673   574 1532.66117  235 5484 1763.00000 1532.66117  13.1%  2266  977s
  1675   575 1532.91117  124 5363 1763.00000 1532.91117  13.1%  2263  983s
  1677   577 1532.99928  630 5529 1763.00000 1532.99928  13.0%  2260  988s
  1679   578 1533.02150  681 5281 1763.00000 1533.02150  13.0%  2257  990s
  1682   580 1533.11982  693 5713 1763.00000 1533.11982  13.0%  2253  995s
  1684   581 1533.30393  343 5561 1763.00000 1533.30393  13.0%  2251 1000s
  1686   583 1533.48327   55 5473 1763.00000 1533.48327  13.0%  2248 1012s
  1689   585 1533.49227   96 5548 1763.00000 1533.49227  13.0%  2244 1018s
  1691   586 1533.49261  750 5542 1763.00000 1533.49261  13.0%  2241 1021s
  1692   587 1534.89598  510 5477 1763.00000 1534.89598  12.9%  2240 1045s
  1695   589 1535.28558   59 5472 1763.00000 1535.28558  12.9%  2236 1051s
  1698   591 1535.31362  216 5486 1763.00000 1535.31362  12.9%  2232 1057s
  1701   593 1535.69336  643 5618 1763.00000 1535.69336  12.9%  2228 1062s
  1703   594 1535.69336  158 5599 1763.00000 1535.69336  12.9%  2226 1067s
  1705   595 1535.69405  213 5488 1763.00000 1535.69405  12.9%  2223 1073s
  1707   597 1536.28644   26 5370 1763.00000 1536.28644  12.9%  2220 1078s
  1709   598 1536.28778  185 5681 1763.00000 1536.28778  12.9%  2218 1080s
  1712   600 1536.35516  761 5489 1763.00000 1536.35516  12.9%  2214 1085s
  1715   602 1536.46495  700 5391 1763.00000 1536.46495  12.8%  2210 1090s
  1719   605 1536.57870  492 5539 1763.00000 1536.57870  12.8%  2205 1096s
  1723   607 1537.07663  455 5590 1763.00000 1537.07663  12.8%  2200 1101s
  1726   609 1537.98108  233 5506 1763.00000 1537.98108  12.8%  2196 1107s
  1729   611 1537.98108  317 6118 1763.00000 1537.98108  12.8%  2192 1110s
  1730   612 1538.34326  676 5536 1763.00000 1538.34326  12.7%  2191 1115s
  1733   614 1538.58852  769 5397 1763.00000 1538.58852  12.7%  2187 1121s
  1735   615 1538.76177  447 5270 1763.00000 1538.76177  12.7%  2185 1126s
  1738   617 1539.32129   70 5471 1763.00000 1539.32129  12.7%  2181 1132s
  1740   619 1539.37129  638 5282 1763.00000 1539.37129  12.7%  2178 1138s
  1741   619 1539.37129  308 5658 1763.00000 1539.37129  12.7%  2177 1140s
  1743   621 1539.37129  494 5643 1763.00000 1539.37129  12.7%  2175 1146s
  1744   621 1539.53796  329 5337 1763.00000 1539.53796  12.7%  2173 1150s
  1746   623 1539.62129  675 5367 1763.00000 1539.62129  12.7%  2171 1155s
  1748   624 1539.67843  763 5413 1763.00000 1539.67843  12.7%  2168 1161s
  1750   625 1539.68601  671 5427 1763.00000 1539.68601  12.7%  2166 1167s
  1755   629 1539.77724  871 5473 1763.00000 1539.77724  12.7%  2160 1173s
  1756   629 1539.77724  353 5719 1763.00000 1539.77724  12.7%  2158 1175s
H 1756   596                    1762.0000000 1539.91058  12.6%  2158 1180s
  1759   598 1540.00105  534 5564 1762.00000 1540.00105  12.6%  2155 1185s
H 1761   568                    1761.0000000 1540.15092  12.5%  2152 1192s
  1767   572 1540.15754  303 5880 1761.00000 1540.15754  12.5%  2145 1195s
  1769   573 1540.17635  173 5589 1761.00000 1540.17635  12.5%  2143 1200s
  1772   575 1540.22358   15 5932 1761.00000 1540.22358  12.5%  2139 1205s
  1774   576 1540.73511  670 5906 1761.00000 1540.73511  12.5%  2137 1210s
  1776   578 1540.73511  842 5961 1761.00000 1540.73511  12.5%  2134 1215s
  1780   582 1540.73511  812 10456 1761.00000 1540.73511  12.5%  3342 1220s
  1782   583 1540.73511  693 27699 1761.00000 1540.73511  12.5%  3339 1247s
  1783   584 1540.73511  242 7721 1761.00000 1540.73511  12.5%  3337 1273s
  1788   587 1540.73511  475 6357 1761.00000 1540.73511  12.5%  3327 1275s
  1793   591 1540.80892  695 5668 1761.00000 1540.80892  12.5%  3318 1283s
  1795   592 1540.81075   59 5528 1761.00000 1540.81075  12.5%  3314 1288s
  1797   593 1540.98188  529 5471 1761.00000 1540.98188  12.5%  3311 1290s
  1799   595 1541.02887  328 5322 1761.00000 1541.02887  12.5%  3307 1295s
  1802   597 1541.53755   78 5283 1761.00000 1541.53755  12.5%  3301 1300s
H 1803   566                    1760.0000000 1541.53755  12.4%  3300 1304s
  1805   568 1541.54320  213 5495 1760.00000 1541.54320  12.4%  3296 1305s
  1807   569 1541.54494   26 5324 1760.00000 1541.54494  12.4%  3292 1310s
H 1809   541                    1758.0000000 1542.04357  12.3%  3289 1316s
  1812   543 1542.04366  761 5302 1758.00000 1542.04366  12.3%  3283 1322s
  1814   545 1542.05176  872 5297 1758.00000 1542.05176  12.3%  3280 1328s
  1817   547 1542.06695  505 5337 1758.00000 1542.06695  12.3%  3274 1333s
  1819   548 1542.06852  492 5541 1758.00000 1542.06852  12.3%  3271 1335s
  1821   549 1542.07842  112 5456 1758.00000 1542.07842  12.3%  3267 1341s
  1822   550 1542.08473  593 5470 1758.00000 1542.08473  12.3%  3265 1345s
H 1823   523                    1757.0000000 1542.08675  12.2%  3263 1355s
  1826   525 1542.17578  233 5541 1757.00000 1542.17578  12.2%  3258 1362s
H 1828   499                    1756.0000000 1542.30568  12.2%  3255 1373s
  1830   500 1542.31601  676 5492 1756.00000 1542.31601  12.2%  3251 1375s
  1834   503 1542.41878  573 5208 1756.00000 1542.41878  12.2%  3244 1381s
  1837   505 1542.92629  610 5407 1756.00000 1542.92629  12.1%  3239 1386s
  1840   507 1542.93720  638 5325 1756.00000 1542.93720  12.1%  3233 1391s
  1842   508 1542.93720  846 5139 1756.00000 1542.93720  12.1%  3230 1397s
  1844   510 1542.93720  329 5367 1756.00000 1542.93720  12.1%  3226 1402s
  1846   511 1543.18720  675 5435 1756.00000 1543.18720  12.1%  3223 1407s
  1848   512 1543.21385  763 5284 1756.00000 1543.21385  12.1%  3219 1412s
  1852   515 1543.22443  423 5490 1756.00000 1543.22443  12.1%  3212 1415s
  1854   516 1543.25809  822 5619 1756.00000 1543.25809  12.1%  3209 1420s
  1856   518 1543.32883  353 5402 1756.00000 1543.32883  12.1%  3205 1426s
H 1856   491                    1755.0000000 1543.41365  12.1%  3205 1434s
  1857   491 1543.41365   10 5124 1755.00000 1543.41365  12.1%  3204 1438s
  1859   493 1543.42407  534 5373 1755.00000 1543.42407  12.1%  3200 1440s
  1861   494 1543.50740  731 5505 1755.00000 1543.50740  12.1%  3197 1446s
  1863   495 1543.51013  336 5502 1755.00000 1543.51013  12.1%  3193 1450s
  1866   497 1543.51119  535 5208 1755.00000 1543.51119  12.1%  3188 1456s
  1868   499 1543.51193  736 5418 1755.00000 1543.51193  12.1%  3185 1461s
  1872   501 1544.11193   15 5262 1755.00000 1544.11193  12.0%  3178 1467s
  1874   503 1544.12198  670 5465 1755.00000 1544.12198  12.0%  3175 1473s
  1875   503 1544.12198  124 5554 1755.00000 1544.12198  12.0%  3173 1475s
  1877   505 1544.12198  630 5573 1755.00000 1544.12198  12.0%  3170 1481s
  1879   506 1544.29073  681 5523 1755.00000 1544.29073  12.0%  3166 1486s
  1880   507 1544.29073  812 5406 1755.00000 1544.29073  12.0%  3165 1490s
  1882   508 1544.29929  693 5359 1755.00000 1544.29929  12.0%  3161 1496s
  1885   510 1544.31752  638 5406 1755.00000 1544.31752  12.0%  3156 1502s
  1888   512 1544.53581  475 5636 1755.00000 1544.53581  12.0%  3151 1508s
H 1890   485                    1754.0000000 1544.56422  11.9%  3148 1514s
  1892   487 1544.56422  510 5627 1754.00000 1544.56422  11.9%  3144 1515s
  1894   488 1544.57030  140 5693 1754.00000 1544.57030  11.9%  3141 1521s
  1895   489 1544.57070   59 5361 1754.00000 1544.57070  11.9%  3139 1527s
  1898   491 1544.58285  216 5362 1754.00000 1544.58285  11.9%  3134 1533s
  1899   491 1544.58293  328 5668 1754.00000 1544.58293  11.9%  3133 1535s
  1901   493 1544.74960  643 5808 1754.00000 1544.74960  11.9%  3130 1541s
  1902   493 1544.75926   78 5331 1754.00000 1544.75926  11.9%  3128 1545s
  1904   495 1544.78659  508 5511 1754.00000 1544.78659  11.9%  3125 1551s
  1907   497 1544.90465   26 5539 1754.00000 1544.90465  11.9%  3120 1567s
H 1908   470                    1753.0000000 1544.95636  11.9%  3118 1573s
  1911   472 1544.95636  417 5516 1753.00000 1544.95636  11.9%  3113 1577s
  1913   474 1544.95636  644 5291 1753.00000 1544.95636  11.9%  3110 1582s
  1918   478 1544.95636  592 27708 1753.00000 1544.95636  11.9%  4235 1611s
  1919   479 1544.95636  492 7554 1753.00000 1544.95636  11.9%  4233 1642s
  1924   482 1544.96068  374 6367 1753.00000 1544.96068  11.9%  4222 1645s
  1925   483 1544.97303  486 5693 1753.00000 1544.97303  11.9%  4219 1651s
  1927   484 1545.05461   64 5584 1753.00000 1545.05461  11.9%  4215 1656s
  1929   486 1545.33970  317 5326 1753.00000 1545.33970  11.8%  4211 1662s
  1932   488 1545.47047  670 5309 1753.00000 1545.47047  11.8%  4204 1667s
  1934   489 1545.47047  573 5311 1753.00000 1545.47047  11.8%  4200 1673s
  1936   490 1545.47047  593 5521 1753.00000 1545.47047  11.8%  4195 1678s
  1938   492 1545.47047   70 5425 1753.00000 1545.47047  11.8%  4191 1685s
  1940   493 1545.94100  638 5078 1753.00000 1545.94100  11.8%  4187 1693s
  1941   494 1545.94100  308 5206 1753.00000 1545.94100  11.8%  4185 1695s
  1943   495 1545.94100  494 5299 1753.00000 1545.94100  11.8%  4180 1701s
  1945   496 1545.94100  238 5529 1753.00000 1545.94100  11.8%  4176 1706s
  1946   497 1545.94100  675 5294 1753.00000 1545.94100  11.8%  4174 1714s
  1947   498 1545.94100  667 5474 1753.00000 1545.94100  11.8%  4172 1715s
  1949   499 1546.37661  637 5287 1753.00000 1546.37661  11.8%  4167 1721s
  1950   500 1546.37661  671 5137 1753.00000 1546.37661  11.8%  4165 1727s
  1952   501 1546.40161  423 5496 1753.00000 1546.40161  11.8%  4161 1732s
  1954   502 1546.40161  822 5304 1753.00000 1546.40161  11.8%  4157 1741s
  1956   504 1546.42383  353 5224 1753.00000 1546.42383  11.8%  4152 1747s
  1959   506 1546.42732  534 5281 1753.00000 1546.42732  11.8%  4146 1765s
  1961   507 1546.42732  731 5408 1753.00000 1546.42732  11.8%  4142 1771s
  1963   508 1546.42732  336 5319 1753.00000 1546.42732  11.8%  4138 1776s
  1965   510 1546.42732  259 5225 1753.00000 1546.42732  11.8%  4133 1782s
  1967   511 1546.42732  303 5353 1753.00000 1546.42732  11.8%  4129 1787s
  1968   512 1546.42732  736 5353 1753.00000 1546.42732  11.8%  4127 1791s
  1969   512 1546.42732  173 5353 1753.00000 1546.42732  11.8%  4125 1810s
  1978   520 1548.76066   69 5296 1753.00000 1547.26066  11.7%  4674 1815s
  2017   546 1551.87780   88 5096 1753.00000 1547.26066  11.7%  4585 1820s
  2054   571 1553.97860  107 5011 1753.00000 1547.26066  11.7%  4503 1825s
  2073   584 1554.21829  116 5042 1753.00000 1547.26066  11.7%  4462 1830s
  2116   612 1556.75030  138 4950 1753.00000 1547.26066  11.7%  4373 1835s
  2157   640 1558.89564  158 4926 1753.00000 1547.26066  11.7%  4291 1840s
  2192   662 1559.99287  176 4795 1753.00000 1547.26066  11.7%  4224 1845s
  2231   688 1563.56759  196 4745 1753.00000 1547.26066  11.7%  4150 1850s
H 2256   676                    1752.0000000 1547.26066  11.7%  4105 1861s
  2270   687 1565.52086  215 4666 1752.00000 1547.26066  11.7%  4079 1865s
  2307   708 1566.51981  234 4670 1752.00000 1547.26066  11.7%  4015 1870s
  2342   731 1566.47730  251 4628 1752.00000 1547.26066  11.7%  3956 1875s
  2364   746 1566.48601  262 4706 1752.00000 1547.26066  11.7%  3920 1880s
  2400   770 1566.48601  280 4766 1752.00000 1547.26066  11.7%  3862 1885s
  2409   776 1566.48601  285 4795 1752.00000 1547.26066  11.7%  3848 1890s
  2448   802 1566.93046  304 4772 1752.00000 1547.26066  11.7%  3787 1895s
  2482   824 1567.44604  321 4788 1752.00000 1547.26066  11.7%  3736 1901s
  2509   842 1567.44604  335 4763 1752.00000 1547.26066  11.7%  3697 1906s
  2536   860 1567.44604  348 4772 1752.00000 1547.26066  11.7%  3659 1910s
  2563   878 1567.44604  362 4823 1752.00000 1547.26066  11.7%  3621 1915s
  2596   898 1567.44604  378 4875 1752.00000 1547.26066  11.7%  3575 1920s
  2625   916 1569.39176  392 4801 1752.00000 1547.26066  11.7%  3537 1925s
  2663   941 1571.52042  411 4770 1752.00000 1547.26066  11.7%  3487 1930s
  2698   961 1573.71415  429 4785 1752.00000 1547.26066  11.7%  3442 1936s
  2725   977 1574.77222  443 4764 1752.00000 1547.26066  11.7%  3409 1940s
  2753   996 1574.77222  457 4732 1752.00000 1547.26066  11.7%  3374 1945s
  2779  1011 1578.56542  471 4636 1752.00000 1547.26066  11.7%  3343 1950s
  2807  1030 1578.56542  485 4673 1752.00000 1547.26066  11.7%  3310 1955s
  2834  1048 1578.57816  499 4620 1752.00000 1547.26066  11.7%  3279 1960s
  2870  1068 1580.85481  517 4593 1752.00000 1547.26066  11.7%  3238 1965s
  2886  1079 1580.87176  525 4616 1752.00000 1547.26066  11.7%  3221 1974s
  2887  1079 1581.36436  525 4598 1752.00000 1547.26066  11.7%  3220 1976s
  2914  1097 1581.25222  539 4571 1752.00000 1547.26066  11.7%  3190 1980s
  2941  1115 1581.86436  552 4525 1752.00000 1547.26066  11.7%  3161 1986s
  2968  1133 1581.86436  566 4558 1752.00000 1547.26066  11.7%  3133 1990s
  2995  1150 1582.86436  579 4531 1752.00000 1547.26066  11.7%  3105 1995s
H 3022  1140                    1751.0000000 1547.26066  11.6%  3078 2000s
H 3049  1134                    1750.0000000 1547.26066  11.6%  3051 2006s
  3076  1154 1585.57232  620 4448 1750.00000 1547.26066  11.6%  3025 2012s
  3099  1166 1586.57232  631 4388 1750.00000 1547.26066  11.6%  3003 2015s
  3121  1180 1586.57232  642 4388 1750.00000 1547.26066  11.6%  2982 2020s
H 3157  1179                    1749.0000000 1547.26066  11.5%  2948 2030s
H 3184  1189                    1748.0000000 1547.26066  11.5%  2924 2036s
  3211  1218 1586.65506  687 4330 1748.00000 1547.26066  11.5%  2899 2042s
  3238  1245 1586.65506  701 4314 1748.00000 1547.26066  11.5%  2875 2047s
  3265  1272 1586.65506  714 4273 1748.00000 1547.26066  11.5%  2852 2052s
  3289  1296 1587.70939  726 4281 1748.00000 1547.26066  11.5%  2831 2055s
  3325  1332 1587.65506  744 4211 1748.00000 1547.26066  11.5%  2801 2062s
  3352  1359 1587.65506  758 4165 1748.00000 1547.26066  11.5%  2779 2065s
  3398  1405 1587.65506  781 4248 1748.00000 1547.26066  11.5%  2742 2070s
  3446  1453 1588.28242  805 4274 1748.00000 1547.26066  11.5%  2704 2075s
  3468  1475 1589.94709  816 4257 1748.00000 1547.26066  11.5%  2687 2086s
  3503  1510 1589.94709  833 4192 1748.00000 1547.26066  11.5%  2661 2091s
  3542  1549 1592.07928  853 4189 1748.00000 1547.26066  11.5%  2632 2095s
  3571  1578 1592.53748  867 4191 1748.00000 1547.26066  11.5%  2611 2100s
  3620  1627 1592.13362  892 4184 1748.00000 1547.26066  11.5%  2576 2105s
  3659  1665 1593.13362  911 4171 1748.00000 1547.26066  11.5%  2549 2110s
  3701  1706 1593.70077  932 4191 1748.00000 1547.26066  11.5%  2521 2115s
  3736  1741 1593.96482  950 4146 1748.00000 1547.26066  11.5%  2497 2120s
  3778  1783 1593.73637  971 4165 1748.00000 1547.26066  11.5%  2470 2125s
  3831  1835 1593.73637  997 4107 1748.00000 1547.26066  11.5%  2437 2130s
  3882  1883 1594.61007 1023 4057 1748.00000 1547.26066  11.5%  2405 2135s
  3912  1913 1596.57863 1038 4053 1748.00000 1547.26066  11.5%  2387 2140s
  3941  1942 1596.74237 1053 4040 1748.00000 1547.26066  11.5%  2369 2148s
  3942  1943 1597.57863 1053 4036 1748.00000 1547.26066  11.5%  2369 2150s
  3986  1985 1597.61007 1075 4027 1748.00000 1547.26066  11.5%  2343 2155s
  4034  2033 1598.15050 1099 4052 1748.00000 1547.26066  11.5%  2316 2160s
  4069  2067 1601.50087 1117 3993 1748.00000 1547.26066  11.5%  2297 2165s
  4099  2097 1602.01072 1132 3955 1748.00000 1547.26066  11.5%  2280 2171s
  4136  2131 1602.68632 1150 3967 1748.00000 1547.26066  11.5%  2260 2175s
H 4143  2136                    1747.0000000 1547.26066  11.4%  2256 2186s
  4174  2161 1604.62777 1170 3933 1747.00000 1547.26066  11.4%  2240 2190s
  4209  2196 1606.26726 1188 3882 1747.00000 1547.26066  11.4%  2222 2195s
  4259  2244 1610.19907 1212 3870 1747.00000 1547.26066  11.4%  2196 2200s
  4298  2281 1613.45529 1232 3835 1747.00000 1547.26066  11.4%  2176 2205s
H 4304  2285                    1746.0000000 1547.26066  11.4%  2173 2208s
  4323  2306 1614.34258 1244 3829 1746.00000 1547.26066  11.4%  2164 2210s
  4372  2354 1617.85782 1269 3796 1746.00000 1547.26066  11.4%  2140 2215s
  4422  2403 1618.59359 1294 3763 1746.00000 1547.26066  11.4%  2116 2220s
  4446  2427 1619.53405 1306 3754 1746.00000 1547.26066  11.4%  2105 2225s
  4493  2474 1620.46050 1330 3735 1746.00000 1547.26066  11.4%  2083 2230s
  4544  2525 1622.13251 1355 3721 1746.00000 1547.26066  11.4%  2060 2235s
  4584  2564 1623.24940 1376 3668 1746.00000 1547.26066  11.4%  2042 2240s
  4611  2591 1625.66013 1389 3616 1746.00000 1547.26066  11.4%  2031 2245s
  4659  2637 1627.86180 1413 3573 1746.00000 1547.26066  11.4%  2010 2250s
  4706  2683 1629.51916 1437 3542 1746.00000 1547.26066  11.4%  1990 2255s
  4743  2720 1630.48690 1455 3556 1746.00000 1547.26066  11.4%  1975 2260s
  4777  2754 1631.50123 1472 3489 1746.00000 1547.26066  11.4%  1961 2265s
  4826  2802 1634.29627 1497 3418 1746.00000 1547.26066  11.4%  1942 2270s
  4861  2834 1635.00647 1515 3386 1746.00000 1547.26066  11.4%  1928 2275s
  4903  2876 1636.18510 1537 3383 1746.00000 1547.26066  11.4%  1912 2280s
  4924  2897 1637.03170 1547 3358 1746.00000 1547.26066  11.4%  1904 2289s
  4927  2900 1636.95843 1549 3334 1746.00000 1547.26066  11.4%  1902 2290s
  4962  2935 1639.20243 1566 3318 1746.00000 1547.26066  11.4%  1889 2295s
  5000  2973 1639.81787 1585 3293 1746.00000 1547.26066  11.4%  1875 2300s
  5030  3003 1640.02614 1600 3286 1746.00000 1547.26066  11.4%  1864 2305s
  5074  3047 1642.61518 1622 3240 1746.00000 1547.26066  11.4%  1848 2310s
  5101  3069 1645.05612 1635 3179 1746.00000 1547.26066  11.4%  1839 2316s
  5139  3101 1648.05612 1654 3150 1746.00000 1547.26066  11.4%  1825 2320s
  5192  3150 1650.25092 1681 3079 1746.00000 1547.26066  11.4%  1807 2325s
  5201  3159 1650.93226 1685 3127 1746.00000 1547.26066  11.4%  1804 2339s
  5205  3163 1650.50498 1687 3087 1746.00000 1547.26066  11.4%  1802 2340s
  5233  3191 1651.13507 1701 3080 1746.00000 1547.26066  11.4%  1793 2345s
  5284  3242 1652.57139 1727 3072 1746.00000 1547.26066  11.4%  1776 2350s
  5322  3280 1652.70927 1746 2997 1746.00000 1547.26066  11.4%  1764 2355s
  5370  3324 1653.50741 1769 3001 1746.00000 1547.26066  11.4%  1748 2360s
  5414  3366 1657.20403 1791 3010 1746.00000 1547.26066  11.4%  1734 2365s
  5442  3394 1657.59640 1805 2971 1746.00000 1547.26066  11.4%  1725 2370s
  5491  3443 1659.08137 1829 2977 1746.00000 1547.26066  11.4%  1710 2375s
  5538  3490 1662.54079 1853 2923 1746.00000 1547.26066  11.4%  1696 2380s
  5576  3521 1665.11831 1872 2895 1746.00000 1547.26066  11.4%  1685 2385s
  5616  3560 1668.06821 1893 2837 1746.00000 1547.26066  11.4%  1673 2390s
  5667  3611 1668.52847 1918 2834 1746.00000 1547.26066  11.4%  1658 2395s
  5705  3642 1670.36203 1938 2804 1746.00000 1547.26066  11.4%  1647 2400s
  5754  3691 1672.68782 1962 2760 1746.00000 1547.26066  11.4%  1633 2405s
  5789  3726 1673.74675 1980 2707 1746.00000 1547.26066  11.4%  1624 2410s
  5839  3776 1676.22990 2005 2681 1746.00000 1547.26066  11.4%  1610 2415s
  5860  3796 1677.17603 2015 2731 1746.00000 1547.26066  11.4%  1604 2420s
  5907  3843 1678.41529 2039 2666 1746.00000 1547.26066  11.4%  1592 2433s
  5913  3849 1678.59921 2042 2669 1746.00000 1547.26066  11.4%  1590 2435s
  5959  3894 1681.65026 2065 2644 1746.00000 1547.26066  11.4%  1578 2440s
  5996  3927 1682.65026 2084 2617 1746.00000 1547.26066  11.4%  1569 2445s
  6048  3979 1683.66910 2110 2615 1746.00000 1547.26066  11.4%  1556 2450s
  6086  4015 1685.05389 2129 2554 1746.00000 1547.26066  11.4%  1546 2455s
  6124  4053 1685.27272 2148 2542 1746.00000 1547.26066  11.4%  1537 2460s
  6173  4082 1687.68402 2172 2515 1746.00000 1547.26066  11.4%  1525 2465s
  6227  4136 1688.42523 2199 2494 1746.00000 1547.26066  11.4%  1512 2470s
  6274  4183 1690.21233 2222 2431 1746.00000 1547.26066  11.4%  1501 2475s
  6321  4230 1691.94105 2246 2395 1746.00000 1547.26066  11.4%  1490 2481s
  6355  4264 1691.94105 2263 2342 1746.00000 1547.26066  11.4%  1482 2501s
  6367  4276 1691.94105 2269 2341 1746.00000 1547.26066  11.4%  1479 2505s
  6409  4318 1692.03899 2290 2303 1746.00000 1547.26066  11.4%  1470 2510s
  6434  4341 1692.95298 2302 2334 1746.00000 1547.26066  11.4%  1464 2515s
  6491  4393 1694.12492 2331 2269 1746.00000 1547.26066  11.4%  1452 2520s
  6542  4443 1695.98737 2357 2247 1746.00000 1547.26066  11.4%  1441 2525s
  6589  4486 1698.11133 2380 2202 1746.00000 1547.26066  11.4%  1430 2530s
  6617  4514 1699.09941 2394 2234 1746.00000 1547.26066  11.4%  1425 2535s
  6673  4568 1701.60186 2423 2139 1746.00000 1547.26066  11.4%  1413 2540s
  6730  4625 1702.61712 2451 2101 1746.00000 1547.26066  11.4%  1401 2545s
  6769  4664 1704.48846 2471 2136 1746.00000 1547.26066  11.4%  1393 2551s
  6810  4695 1705.71415 2488 2077 1746.00000 1547.26066  11.4%  1385 2555s
  6852  4708 1548.87852   78 5351 1746.00000 1547.42732  11.4%  1377 2562s
  6876  4732 1552.64505   90 5214 1746.00000 1547.42732  11.4%  1372 2565s
  6890  4746 1554.93165   97 5130 1746.00000 1547.42732  11.4%  1370 2582s
  6894  4750 1555.83600   99 5112 1746.00000 1547.42732  11.4%  1369 2585s
  6936  4792 1558.55791  120 4948 1746.00000 1547.42732  11.4%  1361 2590s
  6985  4841 1560.40685  145 4873 1746.00000 1547.42732  11.4%  1352 2595s
  7032  4888 1562.93251  168 4782 1746.00000 1547.42732  11.4%  1343 2600s
  7063  4919 1564.00747  184 4744 1746.00000 1547.42732  11.4%  1337 2605s
  7113  4969 1565.71507  209 4731 1746.00000 1547.42732  11.4%  1328 2610s
  7153  5009 1566.72994  229 4721 1746.00000 1547.42732  11.4%  1321 2615s
  7194  5050 1566.89925  249 4694 1746.00000 1547.42732  11.4%  1314 2620s
  7234  5090 1569.17879  269 4596 1746.00000 1547.42732  11.4%  1307 2625s
  7269  5125 1569.20836  287 4634 1746.00000 1547.42732  11.4%  1301 2630s
  7310  5166 1570.87342  307 4578 1746.00000 1547.42732  11.4%  1294 2635s
  7351  5207 1570.57834  328 4693 1746.00000 1547.42732  11.4%  1287 2640s
  7390  5244 1572.34201  347 4700 1746.00000 1547.42732  11.4%  1281 2645s
  7423  5277 1571.77501  364 4724 1746.00000 1547.42732  11.4%  1275 2650s
  7472  5316 1575.79715  389 4639 1746.00000 1547.42732  11.4%  1267 2655s
  7514  5358 1577.42817  410 4567 1746.00000 1547.42732  11.4%  1260 2660s
  7548  5392 1579.39993  427 4551 1746.00000 1547.42732  11.4%  1255 2665s
  7592  5436 1582.32889  449 4501 1746.00000 1547.42732  11.4%  1248 2670s
  7626  5470 1583.05543  466 4473 1746.00000 1547.42732  11.4%  1242 2675s
  7672  5516 1584.92210  489 4464 1746.00000 1547.42732  11.4%  1235 2680s
  7693  5536 1587.61578  500 4428 1746.00000 1547.42732  11.4%  1232 2685s
  7739  5582 1588.67350  523 4350 1746.00000 1547.42732  11.4%  1225 2690s
  7790  5631 1591.52010  549 4412 1746.00000 1547.42732  11.4%  1218 2695s
  7831  5671 1592.78759  570 4374 1746.00000 1547.42732  11.4%  1211 2700s
  7875  5715 1593.55229  592 4346 1746.00000 1547.42732  11.4%  1205 2705s
  7914  5754 1595.24543  611 4351 1746.00000 1547.42732  11.4%  1199 2710s
  7936  5776 1596.63008  622 4324 1746.00000 1547.42732  11.4%  1196 2715s
  7987  5827 1598.23317  648 4394 1746.00000 1547.42732  11.4%  1189 2720s
  8038  5878 1598.23333  673 4323 1746.00000 1547.42732  11.4%  1181 2725s
  8059  5899 1598.70424  684 4284 1746.00000 1547.42732  11.4%  1178 2751s
  8077  5917 1599.29293  693 4361 1746.00000 1547.42732  11.4%  1176 2755s
  8105  5945 1601.19701  707 4280 1746.00000 1547.42732  11.4%  1172 2760s
  8145  5985 1601.66819  727 4267 1746.00000 1547.42732  11.4%  1166 2765s
  8185  6025 1601.20054  747 4217 1746.00000 1547.42732  11.4%  1161 2770s
  8215  6052 infeasible  762      1746.00000 1547.42732  11.4%  1157 2775s
  8242  6079 1604.87479  776 4105 1746.00000 1547.42732  11.4%  1153 2780s
  8290  6127 1606.84108  800 4056 1746.00000 1547.42732  11.4%  1147 2785s
  8341  6177 1607.44336  825 4009 1746.00000 1547.42732  11.4%  1140 2790s
  8379  6215 1608.30680  844 4037 1746.00000 1547.42732  11.4%  1135 2795s
  8427  6263 1609.24569  868 4043 1746.00000 1547.42732  11.4%  1129 2800s
  8464  6300 1608.65692  887 4031 1746.00000 1547.42732  11.4%  1124 2805s
  8506  6340 1609.65692  908 3986 1746.00000 1547.42732  11.4%  1118 2810s
  8550  6379 1612.88666  931 4003 1746.00000 1547.42732  11.4%  1113 2815s
  8602  6429 1612.88707  957 3998 1746.00000 1547.42732  11.4%  1106 2820s
  8629  6456 1613.55398  970 3978 1746.00000 1547.42732  11.4%  1103 2825s
  8681  6508 1613.77629  996 3936 1746.00000 1547.42732  11.4%  1097 2830s
  8723  6547 1615.13988 1018 3954 1746.00000 1547.42732  11.4%  1092 2835s
  8755  6577 1616.81729 1034 3891 1746.00000 1547.42732  11.4%  1088 2840s
  8798  6620 1618.58587 1055 3859 1746.00000 1547.42732  11.4%  1082 2845s
  8849  6671 1619.58587 1081 3801 1746.00000 1547.42732  11.4%  1076 2850s
  8883  6705 1621.07709 1098 3728 1746.00000 1547.42732  11.4%  1072 2855s
  8930  6752 1621.89748 1121 3749 1746.00000 1547.42732  11.4%  1067 2860s
  8972  6794 1622.54914 1142 3705 1746.00000 1547.42732  11.4%  1062 2865s
  9008  6830 1622.54914 1160 3665 1746.00000 1547.42732  11.4%  1058 2870s
  9035  6857 1622.61930 1174 3710 1746.00000 1547.42732  11.4%  1055 2875s
  9084  6905 1624.38079 1198 3670 1746.00000 1547.42732  11.4%  1050 2880s
  9131  6952 1625.18358 1222 3636 1746.00000 1547.42732  11.4%  1045 2885s
  9174  6995 1625.17996 1243 3552 1746.00000 1547.42732  11.4%  1040 2890s
  9204  7025 1626.13026 1258 3501 1746.00000 1547.42732  11.4%  1037 2895s
  9254  7075 1627.28846 1283 3552 1746.00000 1547.42732  11.4%  1031 2900s
  9297  7117 1626.52800 1305 3573 1746.00000 1547.42732  11.4%  1027 2905s
  9328  7147 1626.52800 1320 3548 1746.00000 1547.42732  11.4%  1024 2910s
  9378  7197 1626.52800 1345 3580 1746.00000 1547.42732  11.4%  1018 2915s
  9421  7240 1626.55360 1367 3583 1746.00000 1547.42732  11.4%  1014 2920s
  9466  7285 1626.83357 1389 3541 1746.00000 1547.42732  11.4%  1009 2925s
  9492  7311 1627.83357 1402 3513 1746.00000 1547.42732  11.4%  1007 2931s
  9525  7344 1628.44489 1419 3545 1746.00000 1547.42732  11.4%  1003 2935s
  9574  7393 1628.73876 1443 3567 1746.00000 1547.42732  11.4%   999 2940s
  9623  7442 1629.96792 1468 3514 1746.00000 1547.42732  11.4%   994 2945s
  9674  7493 1630.58953 1493 3477 1746.00000 1547.42732  11.4%   989 2950s
  9714  7533 1631.58953 1513 3435 1746.00000 1547.42732  11.4%   985 2955s
  9742  7561 1633.15537 1527 3421 1746.00000 1547.42732  11.4%   982 2960s
  9795  7614 1632.64445 1554 3412 1746.00000 1547.42732  11.4%   977 2965s
  9839  7658 1632.96493 1576 3430 1746.00000 1547.42732  11.4%   973 2989s
  9840  7659 1632.96493 1576 3432 1746.00000 1547.42732  11.4%   973 2990s
  9875  7694 1635.15512 1594 3406 1746.00000 1547.42732  11.4%   970 2995s
  9913  7732 1634.94363 1613 3409 1746.00000 1547.42732  11.4%   966 3000s
  9937  7756 1635.61030 1625 3399 1746.00000 1547.42732  11.4%   964 3005s
  9987  7806 1637.41215 1650 3323 1746.00000 1547.42732  11.4%   959 3010s
H 9998  7815                    1745.0000000 1547.42732  11.3%   958 3013s
 10017  7835 1637.71540 1665 3304 1745.00000 1547.42732  11.3%   956 3015s
 10072  7888 1639.27969 1693 3257 1745.00000 1547.42732  11.3%   951 3020s
 10111  7926 1640.30322 1713 3223 1745.00000 1547.42732  11.3%   948 3027s
 10136  7951 1641.64896 1725 3163 1745.00000 1547.42732  11.3%   945 3030s
 10185  8000 1641.99045 1750 3228 1745.00000 1547.42732  11.3%   941 3035s
 10203  8017 1594.11766  940 10456 1745.00000 1547.42732  11.3%   940 3449s
 10205  8018 1691.54946 2234 27861 1745.00000 1547.42732  11.3%   939 3477s
 10206  8019 1569.18455  286 6873 1745.00000 1547.42732  11.3%   939 3516s
 10213  8024 1629.75965 1460 5382 1745.00000 1548.15872  11.3%   939 3530s
 10215  8025 1582.25222  548 5389 1745.00000 1548.15872  11.3%   938 3538s
 10216  8026 1587.49959  730 5343 1745.00000 1548.15872  11.3%   938 3547s
 10217  8026 1591.17420  541 5225 1745.00000 1548.15872  11.3%   938 3554s
 10218  8027 1659.18973 1832 5472 1745.00000 1548.15872  11.3%   938 3563s
 10220  8028 1685.27272 2149 5567 1745.00000 1548.15872  11.3%   938 3570s
 10221  8029 1569.75661  293 5335 1745.00000 1548.15872  11.3%   938 3579s
 10222  8030 1619.58645 1089 5329 1745.00000 1548.15872  11.3%   938 3580s
 10224  8031 1624.20075 1384 5392 1745.00000 1548.15872  11.3%   938 3587s

Cutting planes:
  Gomory: 237
  Cover: 1270
  Implied bound: 144
  Clique: 8
  MIR: 555
  Mixing: 9
  StrongCG: 37
  Flow cover: 2277
  GUB cover: 597
  Zero half: 2286
  Mod-K: 6
  RLT: 446
  Relax-and-lift: 274
  BQP: 2

Explored 10224 nodes (10378996 simplex iterations) in 3594.25 seconds (2611.96 work units)
Thread count was 1 (of 16 available processors)

Solution count 10: 1745 1746 1747 ... 1754

Time limit reached
Best objective 1.745000000000e+03, best bound 1.549000000000e+03, gap 11.2321%

User-callback calls 812591, time in user-callback 1.37 sec

 sepatime0
Stat(MathOptInterface.TIME_LIMIT, 1745.0, 1549.0, 0.11232091690544413, 0.0, 5.767335, 3594.252439022064, 10224, Main.CFLG.EFP, "", #undef)
