Data path: /scratch/opt/lxu/CFLG/benchmarks/tree_B
Instance: treeB.500.75
Result path: /scratch/opt/lxu/CFLG/results/tree_B
Solver: Gurobi
Time limit: 7200
Formulation: LEFPAD
Cover: Small
julia --project=. src/main.jl /scratch/opt/lxu/CFLG/benchmarks/tree_B treeB.500.75 /scratch/opt/lxu/CFLG/results/tree_B Gurobi 7200 LEFPAD Small
The latest version of Julia in the `release` channel is 1.11.5+0.x64.linux.gnu. You currently have `1.11.4+0.x64.linux.gnu` installed. Run:

  juliaup update

in your terminal shell to install Julia 1.11.5+0.x64.linux.gnu and update the `release` channel to that version.
/scratch/opt/lxu/CFLG/benchmarks/tree_B Gurobi 7200.0 /scratch/opt/lxu/CFLG/results/tree_B treeB.500.75 LEFPAD Small
/scratch/opt/lxu/CFLG/benchmarks/tree_B/treeB.500.75

 read graph
data loaded


after absorb:361 500

max_piece:22
problem_graph/original graph: node: 361/500 edge: 435/574 dlt: 0.372824851975933 break_avg_len: 1.9678295635327412 break_max_len: 7.6208088307286905Vbar/V, Ebar/E(165, 361, 239, 435)
Set parameter TokenServer to value "solice01.zib.de"
Set parameter Threads to value 1
Set parameter OutputFlag to value 1
Gurobi Optimizer version 12.0.1 build v12.0.1rc0 (linux64 - "Debian GNU/Linux 12 (bookworm)")

CPU model: Intel(R) Xeon(R) Gold 5222 CPU @ 3.80GHz, instruction set [SSE2|AVX|AVX2|AVX512]
Thread count: 8 physical cores, 16 logical processors, using up to 1 threads

Non-default parameters:
Threads  1

Optimize a model with 606 rows, 1020 columns and 1700 nonzeros
Model fingerprint: 0x5586d177
Coefficient statistics:
  Matrix range     [1e+00, 1e+00]
  Objective range  [1e+00, 1e+00]
  Bounds range     [1e+00, 1e+00]
  RHS range        [1e+00, 1e+00]
Presolve removed 606 rows and 1020 columns
Presolve time: 0.00s
Presolve: All rows and columns removed
Iteration    Objective       Primal Inf.    Dual Inf.      Time
       0    1.0100000e+02   0.000000e+00   0.000000e+00      0s

Solved in 0 iterations and 0.00 seconds (0.00 work units)
Optimal objective  1.010000000e+02

User-callback calls 35, time in user-callback 0.00 sec
elapsed CPU time: 1.070444 seconds
Set parameter TokenServer to value "solice01.zib.de"
Set parameter Threads to value 1
Set parameter OutputFlag to value 1
Set parameter MIPGap to value 0.0001
Set parameter MIPGapAbs to value 0.999998
Set parameter TimeLimit to value 7198.929556

 more cuts: false 0.372824851975933 false
is_attach:trueformulation:LEFPAD0 340 0

 model loaded

Gurobi Optimizer version 12.0.1 build v12.0.1rc0 (linux64 - "Debian GNU/Linux 12 (bookworm)")

CPU model: Intel(R) Xeon(R) Gold 5222 CPU @ 3.80GHz, instruction set [SSE2|AVX|AVX2|AVX512]
Thread count: 8 physical cores, 16 logical processors, using up to 1 threads

Non-default parameters:
TimeLimit  7198.929556
MIPGapAbs  0.999998
Threads  1

Optimize a model with 5006 rows, 4032 columns and 12429 nonzeros
Model fingerprint: 0xb24b9b06
Variable types: 1883 continuous, 2149 integer (2149 binary)
Coefficient statistics:
  Matrix range     [9e-04, 8e+00]
  Objective range  [1e+00, 1e+00]
  Bounds range     [5e-03, 8e+00]
  RHS range        [1e-06, 8e+00]
Presolve removed 3465 rows and 2357 columns
Presolve time: 0.02s
Presolved: 1541 rows, 1675 columns, 4701 nonzeros
Variable types: 927 continuous, 748 integer (748 binary)
Found heuristic solution: objective 763.0000000

Explored 0 nodes (0 simplex iterations) in 0.02 seconds (0.02 work units)
Thread count was 1 (of 16 available processors)

Solution count 1: 763 

Optimal solution found (tolerance 1.00e-04)
Best objective 7.630000000000e+02, best bound 7.630000000000e+02, gap 0.0000%

User-callback calls 540, time in user-callback 0.00 sec

 sepatime0 0 0
763.0Stat(MathOptInterface.OPTIMAL, 763.0, 763.0, 0.0, 0.0, 1.070444, 0.024805068969726562, 0, Main.CFLG.LEFPAD, "", #undef)
