Data path: /scratch/opt/lxu/CFLG/benchmarks/Kgroup_B
Instance: K400.3.con.red
Result path: /scratch/opt/lxu/CFLG/results/Kgroup_B
Solver: Gurobi
Time limit: 7200
Formulation: LEFP
Cover: Large
julia --project=. src/main.jl /scratch/opt/lxu/CFLG/benchmarks/Kgroup_B K400.3.con.red /scratch/opt/lxu/CFLG/results/Kgroup_B Gurobi 7200 LEFP Large
The latest version of Julia in the `release` channel is 1.11.6+0.x64.linux.gnu. You currently have `1.11.4+0.x64.linux.gnu` installed. Run:

  juliaup update

in your terminal shell to install Julia 1.11.6+0.x64.linux.gnu and update the `release` channel to that version.
/scratch/opt/lxu/CFLG/benchmarks/Kgroup_B Gurobi 7200.0 /scratch/opt/lxu/CFLG/results/Kgroup_B K400.3.con.red LEFP Large
/scratch/opt/lxu/CFLG/benchmarks/Kgroup_B/K400.3.con.red

 read graph
data loaded


after absorb:210 210

max_piece:4
problem_graph/original graph: node: 249/210 edge: 845/806 dlt: 0.3359578936834595 break_avg_len: 0.16022607237211134 break_max_len: 1.0Set parameter TokenServer to value "solice01.zib.de"
Set parameter Threads to value 1
Set parameter OutputFlag to value 1
Gurobi Optimizer version 12.0.1 build v12.0.1rc0 (linux64 - "Debian GNU/Linux 12 (bookworm)")

CPU model: Intel(R) Xeon(R) Gold 5222 CPU @ 3.80GHz, instruction set [SSE2|AVX|AVX2|AVX512]
Thread count: 8 physical cores, 16 logical processors, using up to 1 threads

Non-default parameters:
Threads  1

Optimize a model with 1094 rows, 2535 columns and 4225 nonzeros
Model fingerprint: 0x23990601
Coefficient statistics:
  Matrix range     [1e+00, 1e+00]
  Objective range  [1e+00, 1e+00]
  Bounds range     [1e+00, 1e+00]
  RHS range        [1e+00, 1e+00]
Presolve removed 80 rows and 119 columns
Presolve time: 0.00s
Presolved: 1014 rows, 2416 columns, 4026 nonzeros

Iteration    Objective       Primal Inf.    Dual Inf.      Time
       0    8.4500000e+02   1.055000e+03   0.000000e+00      0s
     737    2.4800000e+02   0.000000e+00   0.000000e+00      0s

Solved in 737 iterations and 0.01 seconds (0.01 work units)
Optimal objective  2.480000000e+02

User-callback calls 816, time in user-callback 0.00 sec
elapsed CPU time: 1.024729 seconds
Set parameter TokenServer to value "solice01.zib.de"
Set parameter Threads to value 1
Set parameter OutputFlag to value 1
Set parameter MIPGap to value 0.0001
Set parameter TimeLimit to value 7198.975271

 more cuts: false 0.3359578936834595 false
is_attach:falseformulation:LEFP12 833 233

 model loaded

Gurobi Optimizer version 12.0.1 build v12.0.1rc0 (linux64 - "Debian GNU/Linux 12 (bookworm)")

CPU model: Intel(R) Xeon(R) Gold 5222 CPU @ 3.80GHz, instruction set [SSE2|AVX|AVX2|AVX512]
Thread count: 8 physical cores, 16 logical processors, using up to 1 threads

Non-default parameters:
TimeLimit  7198.975271
Threads  1

Optimize a model with 72183 rows, 35293 columns and 212417 nonzeros
Model fingerprint: 0x7bb869b8
Variable types: 1939 continuous, 33354 integer (33354 binary)
Coefficient statistics:
  Matrix range     [1e-06, 1e+00]
  Objective range  [1e+00, 1e+00]
  Bounds range     [5e-04, 1e+00]
  RHS range        [5e-04, 2e+01]
Presolve removed 15857 rows and 2108 columns
Presolve time: 0.79s
Presolved: 56326 rows, 33185 columns, 188752 nonzeros
Variable types: 1106 continuous, 32079 integer (32079 binary)
Found heuristic solution: objective 847.0000000
Found heuristic solution: objective 412.0000000

Root relaxation: objective 2.201068e+01, 19464 iterations, 2.28 seconds (3.01 work units)
Total elapsed time = 5.40s (DegenMoves)

    Nodes    |    Current Node    |     Objective Bounds      |     Work
 Expl Unexpl |  Obj  Depth IntInf | Incumbent    BestBd   Gap | It/Node Time

     0     0   22.01068    0  989  412.00000   22.01068  94.7%     -    7s
H    0     0                     317.0000000   22.01068  93.1%     -    7s
H    0     0                     301.0000000   22.01068  92.7%     -    7s
H    0     0                     297.0000000   22.01068  92.6%     -    7s
H    0     0                     137.0000000   22.01068  83.9%     -    7s
H    0     0                     136.0000000   22.01068  83.8%     -    7s
H    0     0                     135.0000000   22.01068  83.7%     -    7s
H    0     0                     134.0000000   22.01068  83.6%     -    8s
H    0     0                     126.0000000   22.01068  82.5%     -    8s
H    0     0                     107.0000000   22.01068  79.4%     -    8s
H    0     0                     106.0000000   22.01068  79.2%     -    8s
H    0     0                      93.0000000   22.01068  76.3%     -    8s
H    0     0                      92.0000000   22.01068  76.1%     -    8s
H    0     0                      90.0000000   22.01068  75.5%     -    8s
H    0     0                      89.0000000   22.01068  75.3%     -    8s
H    0     0                      88.0000000   22.01068  75.0%     -    8s
H    0     0                      87.0000000   22.01068  74.7%     -    9s
H    0     0                      86.0000000   22.01068  74.4%     -    9s
H    0     0                      85.0000000   22.01068  74.1%     -   10s
H    0     0                      84.0000000   22.01068  73.8%     -   10s
     0     0   23.33677    0 1358   84.00000   23.33677  72.2%     -   13s
H    0     0                      83.0000000   23.34509  71.9%     -   14s
H    0     0                      81.0000000   23.34509  71.2%     -   14s
H    0     0                      80.0000000   23.34509  70.8%     -   14s
H    0     0                      72.0000000   23.34509  67.6%     -   14s
H    0     0                      71.0000000   23.34509  67.1%     -   14s
H    0     0                      66.0000000   23.34509  64.6%     -   14s
H    0     0                      65.0000000   23.34509  64.1%     -   15s
     0     0   23.80535    0 1470   65.00000   23.80535  63.4%     -   16s
     0     0   24.25129    0 1626   65.00000   24.25129  62.7%     -   18s
     0     0   24.27280    0 1449   65.00000   24.27280  62.7%     -   19s
     0     0   24.35286    0 1435   65.00000   24.35286  62.5%     -   20s
     0     0   24.35287    0 1438   65.00000   24.35287  62.5%     -   20s
     0     0   25.74100    0 1657   65.00000   25.74100  60.4%     -   24s
     0     0   25.87514    0 1850   65.00000   25.87514  60.2%     -   25s
     0     0   25.89681    0 1844   65.00000   25.89681  60.2%     -   26s
     0     0   25.89848    0 1904   65.00000   25.89848  60.2%     -   26s
     0     0   25.89931    0 1858   65.00000   25.89931  60.2%     -   26s
     0     0   26.23308    0 1936   65.00000   26.23308  59.6%     -   29s
H    0     0                      64.0000000   26.23904  59.0%     -   29s
H    0     0                      63.0000000   26.23904  58.4%     -   29s
H    0     0                      61.0000000   26.23904  57.0%     -   30s
H    0     0                      58.0000000   26.23904  54.8%     -   30s
H    0     0                      57.0000000   26.23904  54.0%     -   31s
     0     0   26.30440    0 1911   57.00000   26.30440  53.9%     -   31s
     0     0   26.33854    0 1948   57.00000   26.33854  53.8%     -   32s
     0     0   26.35165    0 1868   57.00000   26.35165  53.8%     -   33s
     0     0   26.35344    0 1932   57.00000   26.35344  53.8%     -   33s
     0     0   26.35500    0 1893   57.00000   26.35500  53.8%     -   33s
     0     0   26.35519    0 1908   57.00000   26.35519  53.8%     -   33s
     0     0   26.80664    0 1889   57.00000   26.80664  53.0%     -   35s
     0     0   26.85001    0 2062   57.00000   26.85001  52.9%     -   36s
     0     0   26.86002    0 2228   57.00000   26.86002  52.9%     -   37s
     0     0   26.87195    0 2064   57.00000   26.87195  52.9%     -   37s
     0     0   26.87881    0 2215   57.00000   26.87881  52.8%     -   38s
     0     0   26.87946    0 2167   57.00000   26.87946  52.8%     -   39s
     0     0   27.00521    0 2328   57.00000   27.00521  52.6%     -   41s
H    0     0                      56.0000000   27.00748  51.8%     -   42s
H    0     0                      55.0000000   27.00748  50.9%     -   42s
     0     0   27.00748    0 2254   55.00000   27.00748  50.9%     -   43s
     0     0   27.01931    0 2379   55.00000   27.01931  50.9%     -   44s
     0     0   27.02235    0 2388   55.00000   27.02235  50.9%     -   44s
     0     0   27.02235    0 2360   55.00000   27.02235  50.9%     -   44s
     0     0   27.04747    0 2411   55.00000   27.04747  50.8%     -   46s
H    0     0                      54.0000000   27.04750  49.9%     -   46s
H    0     0                      53.0000000   27.04750  49.0%     -   46s
H    0     0                      52.0000000   27.04750  48.0%     -   46s
     0     0   27.04750    0 2430   52.00000   27.04750  48.0%     -   47s
     0     0   27.08043    0 2488   52.00000   27.08043  47.9%     -   49s
H    0     0                      51.0000000   27.08441  46.9%     -   50s
     0     0   27.08976    0 2498   51.00000   27.08976  46.9%     -   52s
     0     0   27.09207    0 2443   51.00000   27.09207  46.9%     -   52s
     0     0   27.09288    0 2461   51.00000   27.09288  46.9%     -   52s
     0     0   27.10387    0 2529   51.00000   27.10387  46.9%     -   54s
H    0     0                      50.0000000   27.10387  45.8%     -   54s
H    0     0                      49.0000000   27.10387  44.7%     -   54s
     0     0   27.14827    0 2274   49.00000   27.14827  44.6%     -   55s
     0     0   27.15129    0 2275   49.00000   27.15129  44.6%     -   55s
     0     0   27.15181    0 2282   49.00000   27.15181  44.6%     -   55s
     0     0   27.20959    0 2212   49.00000   27.20959  44.5%     -   57s
H    0     0                      48.0000000   27.21236  43.3%     -   65s
     0     0   27.22027    0 2321   48.00000   27.22027  43.3%     -   65s
     0     0   27.22361    0 2520   48.00000   27.22361  43.3%     -   66s
     0     0   27.22405    0 2393   48.00000   27.22405  43.3%     -   66s
     0     0   27.22940    0 2274   48.00000   27.22940  43.3%     -   67s
     0     0   27.23105    0 2461   48.00000   27.23105  43.3%     -   73s
     0     0   27.25447    0 2488   48.00000   27.25447  43.2%     -   74s
     0     0   27.26383    0 2383   48.00000   27.26383  43.2%     -   75s
     0     0   27.26570    0 2430   48.00000   27.26570  43.2%     -   75s
     0     0   27.26782    0 2337   48.00000   27.26782  43.2%     -   76s
     0     0   27.26824    0 2394   48.00000   27.26824  43.2%     -   76s
     0     0   27.27095    0 2315   48.00000   27.27095  43.2%     -   77s
     0     0   27.27141    0 2415   48.00000   27.27141  43.2%     -   78s
     0     0   27.27141    0 2405   48.00000   27.27141  43.2%     -   79s
     0     0   27.27171    0 1990   48.00000   27.27171  43.2%     -   84s
     0     2   27.27528    0 1920   48.00000   27.27528  43.2%     -   98s
     2     4   27.38617    2 1906   48.00000   27.31456  43.1% 11759  100s
     9    11   27.53107    6 2053   48.00000   27.31456  43.1%  3864  105s
    20    22   27.75078   14 1880   48.00000   27.31456  43.1%  2481  110s
H   26    26                      47.0000000   27.31456  41.9%  1968  115s
    35    37   28.34116   26 1824   47.00000   27.31456  41.9%  1708  120s
    54    56   28.17062   42 1738   47.00000   27.31456  41.9%  1302  126s
    79    81   28.44206   65 1610   47.00000   27.31456  41.9%  1016  130s
    96    98   28.62649   80 1476   47.00000   27.31456  41.9%   895  135s
H  122   122                      46.0000000   27.31456  40.6%   771  140s
   161   163   29.87549  139 1013   46.00000   27.31456  40.6%   678  145s
   214   214   30.84456  186  807   46.00000   27.31456  40.6%   588  150s
   255   255   32.24233  219  799   46.00000   27.31456  40.6%   579  155s
H  287   285                      45.0000000   27.31456  39.3%   569  159s
   287   287   33.25000  246  661   45.00000   27.31456  39.3%   570  160s
   361   359   34.79318  316  506   45.00000   27.31456  39.3%   492  165s
   459   451   39.50000  400  416   45.00000   27.31456  39.3%   403  170s
   514   497   27.89822    2 1829   45.00000   27.41175  39.1%   391  176s
   521   504   27.78436    7 1982   45.00000   27.41175  39.1%   413  180s
   523   505   35.69681  364 1990   45.00000   27.41175  39.1%   412  207s
   525   506   28.20269   26 1379   45.00000   27.41175  39.1%   410  227s
   526   507   28.45059   67 1867   45.00000   27.41175  39.1%   409  246s
   527   508   28.83893   92 1746   45.00000   27.41175  39.1%   408  251s
   528   508   28.09035   35 2487   45.00000   27.88964  38.0%   408  259s
   529   509   39.50000  398 2486   45.00000   27.97167  37.8%   407  262s
   531   510   32.56670  224 2612   45.00000   27.97471  37.8%   405  267s
   532   511   29.59301  137 2286   45.00000   28.43737  36.8%   405  281s
   534   512   28.48173   14 2523   45.00000   28.48173  36.7%   403  286s
   538   515   39.50000  398 2593   45.00000   28.49892  36.7%   400  293s
   539   516   28.67094    3 2557   45.00000   28.67094  36.3%   399  310s
   542   518   30.84456  189 2533   45.00000   28.70594  36.2%   397  315s
   545   520   35.50000  298 2488   45.00000   28.71410  36.2%   395  321s
   546   520   30.84456  179 2382   45.00000   28.82722  35.9%   394  334s
   547   521   30.84456  176 2541   45.00000   28.82968  35.9%   394  336s
   550   523   30.63710  165 2623   45.00000   28.86588  35.9%   391  340s
   552   524   28.86864   16 2541   45.00000   28.86864  35.8%   390  345s
   553   525   33.39338  250 2367   45.00000   29.03956  35.5%   389  363s
   554   526   35.69681  350 2415   45.00000   29.03983  35.5%   389  368s
   555   526   35.50000  292 2403   45.00000   29.12445  35.3%   388  396s
   556   527   32.55954  224 2569   45.00000   29.13245  35.3%   387  400s
   561   530   40.50000  415 2925   45.00000   29.15021  35.2%   384  410s
   562   531   35.69681  364 2260   45.00000   29.21447  35.1%   383  424s
   563   532   29.22262  111 2475   45.00000   29.22262  35.1%   382  427s
   564   532   35.19320  345 2500   45.00000   29.22286  35.1%   382  431s
   565   533   29.25015   31 2387   45.00000   29.25015  35.0%   381  442s
   566   534   35.70596  356 2491   45.00000   29.25015  35.0%   380  446s
   567   534   29.25727   16 2560   45.00000   29.25727  35.0%   380  454s
   568   535   32.05006  208 2837   45.00000   29.26041  35.0%   379  456s
   571   537   30.50742  146 2847   45.00000   29.28241  34.9%   377  460s
   573   538   35.50000  305 2793   45.00000   29.28360  34.9%   376  465s
   574   539   29.42372  135 2532   45.00000   29.28964  34.9%   375  476s
   576   540   32.24233  218 2876   45.00000   29.29303  34.9%   374  483s
   577   541   34.25000  259 2684   45.00000   29.29517  34.9%   373  492s
   578   542   30.84456  183 2738   45.00000   29.29517  34.9%   372  496s
   579   542   29.29517    5 2573   45.00000   29.29517  34.9%   372  522s
   580   543   40.50000  407 2730   45.00000   29.29517  34.9%   371  525s
   581   544   29.29825   34 2736   45.00000   29.29825  34.9%   371  534s
   582   544   30.40034  157 2835   45.00000   29.29885  34.9%   370  538s
   583   545   33.40481  255 2722   45.00000   29.30264  34.9%   369  547s
   584   546   41.00000  413 2828   45.00000   29.30264  34.9%   369  550s
   585   546   29.47676  133 2534   45.00000   29.31336  34.9%   368  559s
   586   547   30.34125  155 2661   45.00000   29.31395  34.9%   367  564s
   587   548   35.71596  358 2536   45.00000   29.50080  34.4%   367  577s
   589   549   40.50000  416 2614   45.00000   29.50271  34.4%   365  582s
   590   550   36.70596  372 2232   45.00000   29.56131  34.3%   365  590s
   594   552   29.57586   76 2630   45.00000   29.57586  34.3%   362  597s
   595   553   29.57811   92 2539   45.00000   29.57811  34.3%   362  605s
   597   554   29.57953   71 2572   45.00000   29.57953  34.3%   361  617s
   599   556   36.24498  367 2551   45.00000   29.58355  34.3%   359  626s
   602   558   31.30627  205 2764   45.00000   29.58669  34.3%   358  631s
   603   558   34.79318  326 2606   45.00000   29.58817  34.2%   357  639s
   604   559   32.24233  219 2720   45.00000   29.58817  34.2%   356  641s
   605   560   37.74260  382 2655   45.00000   29.58817  34.2%   356  647s
   608   563   29.58817  134 1990   45.00000   29.58817  34.2%  2029  656s
   610   564   37.00080  377 1408   45.00000   29.58817  34.2%  2022  678s
   611   565   34.25000  264 1808   45.00000   29.58817  34.2%  2019  697s
   612   566   29.58817  111 2167   45.00000   29.58817  34.2%  2016  703s
   613   566   35.78617  361 2613   45.00000   29.58817  34.2%  2012  708s
   614   567   34.25000  263 2824   45.00000   29.58817  34.2%  2009  710s
   618   570   34.79318  323 2689   45.00000   29.58817  34.2%  1996  717s
   619   570   30.77466  148 2451   45.00000   29.63277  34.1%  1993  729s
   620   571   37.69957  375 2484   45.00000   29.63405  34.1%  1990  731s
   621   572   35.71596  355 2519   45.00000   29.63429  34.1%  1986  735s
   622   572   41.75000  433 2536   45.00000   29.65994  34.1%  1983  748s
   623   573   35.69681  364 2567   45.00000   29.65994  34.1%  1980  753s
   624   574   30.37945  158 2486   45.00000   29.68746  34.0%  1977  764s
   625   574   29.68746   26 2571   45.00000   29.68746  34.0%  1974  769s
   626   575   29.69699   67 2583   45.00000   29.69699  34.0%  1970  781s
   627   576   29.69702   92 2685   45.00000   29.69702  34.0%  1967  787s
   628   576   29.70791   35 2437   45.00000   29.70791  34.0%  1964  802s
   629   577   39.50000  398 2665   45.00000   29.70834  34.0%  1961  808s
   630   578   32.35392  234 2518   45.00000   29.73961  33.9%  1958  820s
   633   580   39.50000  398 2719   45.00000   29.74551  33.9%  1949  828s
   634   580   29.76886   14 2518   45.00000   29.76886  33.8%  1946  839s
   635   581   29.76951   27 2791   45.00000   29.76951  33.8%  1943  841s
   636   582   29.76957   15 2816   45.00000   29.76957  33.8%  1940  846s
   637   582   29.84360   62 2608   45.00000   29.84360  33.7%  1936  857s
   639   584   29.84706    3 2861   45.00000   29.84706  33.7%  1930  865s
   640   584   33.39794  251 2631   45.00000   29.85840  33.6%  1927  877s
   643   586   34.79318  331 2869   45.00000   29.86122  33.6%  1918  885s
   644   587   40.50000  411 2810   45.00000   29.88597  33.6%  1915  899s
   645   588   35.50000  298 2848   45.00000   29.88878  33.6%  1912  901s
   646   588   30.84456  179 2857   45.00000   29.88909  33.6%  1909  907s
   647   589   30.84456  176 2714   45.00000   29.90280  33.5%  1907  930s
   651   592   32.26857  224 2814   45.00000   29.91522  33.5%  1895  935s
   652   592   29.91540   16 2910   45.00000   29.91540  33.5%  1892  941s
   653   593   33.39338  250 2536   45.00000   29.93948  33.5%  1889  953s
   654   594   35.69681  350 2776   45.00000   29.94226  33.5%  1886  955s
   656   595   32.55954  224 2930   45.00000   29.94439  33.5%  1880  963s
   657   596   30.00418  132 2728   45.00000   30.00418  33.3%  1878  976s
   659   597   41.75000  433 2896   45.00000   30.00866  33.3%  1872  984s
   660   598   32.47743  228 2606   45.00000   30.05228  33.2%  1869  994s
   661   598   40.50000  415 2811   45.00000   30.06236  33.2%  1866  996s
   663   600   30.06407  111 2969   45.00000   30.06407  33.2%  1861 1003s
   664   600   35.19320  345 2618   45.00000   30.09234  33.1%  1858 1016s
   666   602   35.70596  356 2930   45.00000   30.10230  33.1%  1852 1020s
   668   603   32.05006  208 2883   45.00000   30.10916  33.1%  1847 1026s
   669   604   30.11772   44 2607   45.00000   30.11772  33.1%  1844 1037s
   670   604   30.11796   40 2808   45.00000   30.11796  33.1%  1841 1043s
   671   605   30.50742  146 2726   45.00000   30.13047  33.0%  1838 1083s
   672   606   30.13153   17 2874   45.00000   30.13153  33.0%  1836 1085s
   673   606   35.50000  305 2906   45.00000   30.13183  33.0%  1833 1090s
   674   607   30.15101  135 2832   45.00000   30.15101  33.0%  1830 1101s
   677   609   34.25000  259 3189   45.00000   30.15368  33.0%  1822 1105s
   679   610   30.15847    5 2856   45.00000   30.15847  33.0%  1817 1120s
   680   611   40.50000  407 3110   45.00000   30.15869  33.0%  1814 1127s
   681   612   30.16592   34 2852   45.00000   30.16592  33.0%  1811 1138s
   682   612   30.40034  157 2995   45.00000   30.16948  33.0%  1809 1141s
   684   614   41.00000  413 3108   45.00000   30.17368  32.9%  1803 1147s
   685   614   30.17775  133 2906   45.00000   30.17775  32.9%  1801 1157s
   686   615   30.34125  155 3135   45.00000   30.17838  32.9%  1798 1163s
   687   616   35.71596  358 2908   45.00000   30.17895  32.9%  1796 1174s
   688   616   32.24233  217 3026   45.00000   30.17895  32.9%  1793 1177s
   689   617   40.50000  416 2942   45.00000   30.17986  32.9%  1790 1184s
   690   618   36.70596  372 3115   45.00000   30.17986  32.9%  1788 1188s
   691   618   36.04509  357 2974   45.00000   30.17986  32.9%  1785 1196s
   692   619   34.50000  282 3111   45.00000   30.17986  32.9%  1783 1200s
   693   620   30.17986    4 3012   45.00000   30.17986  32.9%  1780 1208s
   694   620   30.17986   76 3012   45.00000   30.17986  32.9%  1777 1221s
   695   621   30.17986   92 3012   45.00000   30.17986  32.9%  1775 1253s
   696   624   30.19022   23 2848   45.00000   30.18502  32.9%  3397 1264s
   697   624   30.35962   23 2209   45.00000   30.19055  32.9%  3401 1269s
   698   625   30.21169   24 2766   45.00000   30.19084  32.9%  3400 1273s
   699   626   30.49428   24 2417   45.00000   30.21169  32.9%  3404 1277s
   701   627   30.21170   25 2755   45.00000   30.21170  32.9%  3399 1280s
   704   629   30.25105   27 2356   45.00000   30.23958  32.8%  3394 1285s
   706   630   30.27347   28 2480   45.00000   30.25692  32.8%  3403 1291s
   707   631   30.58508   28 2480   45.00000   30.27399  32.7%  3412 1297s
   709   632   30.60767   29 2571   45.00000   30.28778  32.7%  3412 1302s
   711   634   30.56507   30 2389   45.00000   30.28778  32.7%  3412 1306s
   714   636   30.50392   32 2508   45.00000   30.28778  32.7%  3411 1311s
   717   638   30.56525   33 2401   45.00000   30.28778  32.7%  3412 1315s
   719   639   30.78376   34 2312   45.00000   30.28778  32.7%  3414 1320s
   721   640   30.65929   35 1765   45.00000   30.28778  32.7%  3415 1329s
   722   641   30.40568   36 2377   45.00000   30.28778  32.7%  3410 1330s
   725   643   30.78407   37 2462   45.00000   30.28778  32.7%  3409 1335s
   728   645   30.43051   39 2526   45.00000   30.28778  32.7%  3412 1340s
   731   647   30.76555   40 2346   45.00000   30.28778  32.7%  3409 1345s
   734   649   30.67382   42 2420   45.00000   30.28778  32.7%  3406 1350s
   739   652   30.73859   44 2179   45.00000   30.28778  32.7%  3396 1355s
   743   655   31.10427   46 2003   45.00000   30.28778  32.7%  3387 1360s
   747   658   30.99656   48 1767   45.00000   30.28778  32.7%  3380 1370s
   751   660   31.27105   50 1994   45.00000   30.28778  32.7%  3374 1375s
   752   661   30.70069   51 2310   45.00000   30.28778  32.7%  3371 1380s
   755   663   30.95540   52 2138   45.00000   30.28778  32.7%  3370 1385s
   759   666   31.03884   54 2023   45.00000   30.28778  32.7%  3363 1391s
   761   667   31.09822   55 1821   45.00000   30.28778  32.7%  3367 1395s
   765   670   31.01602   57 2147   45.00000   30.28778  32.7%  3361 1400s
   769   672   31.13973   59 1957   45.00000   30.28778  32.7%  3356 1406s
   773   675   31.28101   61 2055   45.00000   30.28778  32.7%  3357 1513s
   775   676   30.89941   62 2240   45.00000   30.28778  32.7%  3352 1515s
   778   678   30.78552   64 2346   45.00000   30.28778  32.7%  3346 1520s
   781   680   31.33905   65 2127   45.00000   30.28778  32.7%  3346 1526s
   785   683   30.87648   67 2027   45.00000   30.28778  32.7%  3338 1533s
   787   684   31.40082   68 2174   45.00000   30.28778  32.7%  3337 1536s
   789   686   31.26479   69 2019   45.00000   30.28778  32.7%  3340 1540s
   793   688   31.55802   71 1844   45.00000   30.28778  32.7%  3342 1545s
   798   692   31.03236   74 1682   45.00000   30.28778  32.7%  3332 1550s
   803   695   31.25990   76 1532   45.00000   30.28778  32.7%  3327 1556s
   807   698   31.24181   78 1635   45.00000   30.28778  32.7%  3320 1560s
   811   700   31.18547   80 1738   45.00000   30.28778  32.7%  3314 1566s
   815   703   31.28831   82 1320   45.00000   30.28778  32.7%  3315 1571s
   819   706   31.28765   84 1668   45.00000   30.28778  32.7%  3314 1575s
   825   710   31.15782   87 1586   45.00000   30.28778  32.7%  3303 1580s
   830   713   31.20173   90 1296   45.00000   30.28778  32.7%  3296 1586s
   833   715   31.94681   91 1128   45.00000   30.28778  32.7%  3294 1590s
   840   720   31.32609   95 1416   45.00000   30.28778  32.7%  3280 1595s
   845   723   31.68750   97 1187   45.00000   30.28778  32.7%  3276 1600s
   848   725   31.40118   99 1473   45.00000   30.28778  32.7%  3273 1605s
   853   728   31.72880  101 1097   45.00000   30.28778  32.7%  3267 1610s
   857   731   32.01557  103 1320   45.00000   30.28778  32.7%  3273 1615s
   862   734   31.68835  106 1340   45.00000   30.28778  32.7%  3274 1620s
   867   738   32.13661  108 1443   45.00000   30.28778  32.7%  3270 1625s
   873   742   32.26667  111 1249   45.00000   30.28778  32.7%  3262 1630s
   877   744   31.85907  113 1235   45.00000   30.28778  32.7%  3261 1635s
   882   748   31.80402  116 1232   45.00000   30.28778  32.7%  3255 1641s
   885   750   32.10163  117 1175   45.00000   30.28778  32.7%  3255 1646s
   889   752   32.00000  119  948   45.00000   30.28778  32.7%  3258 1652s
   892   754   32.03102  121 1164   45.00000   30.28778  32.7%  3257 1655s
   899   759   32.40278  124 1059   45.00000   30.28778  32.7%  3249 1660s
   903   762   32.50000  126 1249   45.00000   30.28778  32.7%  3250 1665s
   909   766   32.46331  129  972   45.00000   30.28778  32.7%  3250 1671s
   913   768   32.45497  131 1271   45.00000   30.28778  32.7%  3248 1675s
   921   774   32.55000  135  891   45.00000   30.28778  32.7%  3238 1680s
   927   778   32.16667  138  864   45.00000   30.28778  32.7%  3231 1685s
   937   784   32.33333  143  755   45.00000   30.28778  32.7%  3214 1690s
   943   788   32.33333  146  839   45.00000   30.28778  32.7%  3206 1696s
   946   790   32.39547  148  939   45.00000   30.28778  32.7%  3209 1700s
   951   794   33.00000  150  748   45.00000   30.28778  32.7%  3206 1705s
   962   801   32.37500  156 1056   45.00000   30.28778  32.7%  3185 1710s
   971   807   32.76041  160  942   45.00000   30.28778  32.7%  3168 1715s
   979   812   33.00000  164  718   45.00000   30.28778  32.7%  3157 1722s
   986   817   32.42000  168  710   45.00000   30.28778  32.7%  3142 1725s
   994   822   32.66667  172  652   45.00000   30.28778  32.7%  3133 1730s
  1000   826   33.00000  175  519   45.00000   30.28778  32.7%  3125 1735s
  1017   838   34.00000  183  634   45.00000   30.28778  32.7%  3087 1740s
  1033   848   34.00000  191  892   45.00000   30.28778  32.7%  3054 1745s
  1042   854   34.06405  196  730   45.00000   30.28778  32.7%  3046 1750s
  1050   860   34.08086  200  687   45.00000   30.28778  32.7%  3035 1755s
  1067   871   34.25856  208  679   45.00000   30.28778  32.7%  3004 1760s
  1089   886   34.60161  219  775   45.00000   30.28778  32.7%  2960 1765s
  1101   894   35.00000  225  410   45.00000   30.28778  32.7%  2939 1770s
  1120   906   35.01479  235  678   45.00000   30.28778  32.7%  2907 1775s
  1137   918   36.00000  243  548   45.00000   30.28778  32.7%  2879 1780s
  1163   935   36.11815  256  435   45.00000   30.28778  32.7%  2831 1785s
  1194   956   36.01977  272  330   45.00000   30.28778  32.7%  2768 1790s
H 1235   948                      44.0000000   30.28778  31.2%  2681 1794s
  1235   950   38.00000  292  320   44.00000   30.28778  31.2%  2681 1795s
  1278   979   38.40168  314  300   44.00000   30.28778  31.2%  2595 1800s
  1316  1004   38.40794  333  271   44.00000   30.28778  31.2%  2528 1805s
  1352  1028   39.66330  351  332   44.00000   30.28778  31.2%  2469 1810s
  1386  1051   40.34161  368  157   44.00000   30.28778  31.2%  2419 1815s
  1440  1079   41.33204  395  127   44.00000   30.28778  31.2%  2332 1820s
  1501  1085   42.00000  425   90   44.00000   30.28778  31.2%  2241 1825s
  1525  1075   30.38612   26 2647   44.00000   30.28791  31.2%  2209 1832s
  1526  1076   30.91721   27 2685   44.00000   30.28791  31.2%  2211 1836s
  1528  1077   30.49632   28 2709   44.00000   30.28791  31.2%  2212 1840s
  1532  1080   30.53729   30 2251   44.00000   30.28791  31.2%  2211 1845s
  1538  1084   30.71891   33 2264   44.00000   30.28791  31.2%  2207 1850s
  1541  1086   30.86365   34 1712   44.00000   30.28791  31.2%  2208 1855s
  1545  1089   31.16390   36 1422   44.00000   30.28791  31.2%  2207 1860s
  1553  1094   31.35997   40 1638   44.00000   30.28791  31.2%  2202 1865s
  1559  1098   31.22475   43 1844   44.00000   30.28791  31.2%  2199 1871s
  1567  1103   31.78151   47 1305   44.00000   30.28791  31.2%  2196 1877s
  1573  1107   31.97371   50 1697   44.00000   30.28791  31.2%  2190 1880s
  1581  1113   31.63433   54 1382   44.00000   30.28791  31.2%  2186 1885s
  1587  1117   31.54759   57 1606   44.00000   30.28791  31.2%  2184 1891s
  1591  1119   31.73764   59 1607   44.00000   30.28791  31.2%  2185 1895s
  1597  1123   31.46287   62 1798   44.00000   30.28791  31.2%  2183 1900s
  1603  1127   31.66157   65 1629   44.00000   30.28791  31.2%  2181 1905s
  1609  1131   31.60603   68 1639   44.00000   30.28791  31.2%  2180 1910s
  1615  1135   32.18314   71 1605   44.00000   30.28791  31.2%  2180 1916s
  1622  1140   31.80912   75 1571   44.00000   30.28791  31.2%  2176 1920s
  1628  1144   31.98654   78 1330   44.00000   30.28791  31.2%  2175 1925s
  1637  1150   32.39686   82 1426   44.00000   30.28791  31.2%  2171 1930s
  1641  1153   32.57056   84 1345   44.00000   30.28791  31.2%  2170 1935s
  1649  1158   32.50198   88 1390   44.00000   30.28791  31.2%  2168 1940s
  1654  1161   32.53786   91 1015   44.00000   30.28791  31.2%  2169 1945s
  1661  1166   33.20006   94 1087   44.00000   30.28791  31.2%  2166 1950s
  1669  1171   33.26380   98 1087   44.00000   30.28791  31.2%  2164 1955s
  1677  1177   33.47881  102  998   44.00000   30.28791  31.2%  2162 1961s
  1683  1181   33.10270  105 1189   44.00000   30.28791  31.2%  2160 1965s
  1693  1187   33.07375  110  916   44.00000   30.28791  31.2%  2155 1970s
  1699  1191   32.90650  113  838   44.00000   30.28791  31.2%  2153 1975s
  1713  1201   33.51029  120  910   44.00000   30.28791  31.2%  2142 1980s
  1723  1207   33.63034  125  897   44.00000   30.28791  31.2%  2138 1985s
  1732  1213   33.18707  130  807   44.00000   30.28791  31.2%  2135 1990s
  1744  1221   33.32091  136  905   44.00000   30.28791  31.2%  2127 1995s
  1763  1234   33.94264  145  871   44.00000   30.28791  31.2%  2110 2000s
  1775  1242   33.95501  151  798   44.00000   30.28791  31.2%  2101 2005s
  1795  1255   34.20078  161  904   44.00000   30.28791  31.2%  2085 2010s
  1806  1263   34.11791  167  838   44.00000   30.28791  31.2%  2077 2015s
  1829  1278   34.44299  178  633   44.00000   30.28791  31.2%  2056 2020s
  1845  1289   35.27467  186  751   44.00000   30.28791  31.2%  2046 2025s
  1867  1303   35.64361  197  555   44.00000   30.28791  31.2%  2027 2030s
  1893  1321   35.61475  210  570   44.00000   30.28791  31.2%  2006 2035s
  1926  1343   36.49783  227  648   44.00000   30.28791  31.2%  1976 2040s
  1954  1361   36.55223  241  494   44.00000   30.28791  31.2%  1953 2045s
  1976  1376   36.57602  252  412   44.00000   30.28791  31.2%  1933 2050s
  2004  1395   36.69416  266  422   44.00000   30.28791  31.2%  1909 2055s
  2041  1419   37.57475  284  405   44.00000   30.28791  31.2%  1879 2060s
  2075  1442   38.26301  301  497   44.00000   30.28791  31.2%  1851 2065s
  2102  1460   38.26301  315  495   44.00000   30.28791  31.2%  1830 2070s
  2141  1486   38.97757  334  464   44.00000   30.28791  31.2%  1802 2075s
  2180  1512   38.84735  354  419   44.00000   30.28791  31.2%  1774 2081s
  2208  1531   39.23646  368  391   44.00000   30.28791  31.2%  1754 2085s
  2254  1561   39.28776  391  406   44.00000   30.28791  31.2%  1721 2090s
  2293  1587   40.29686  410  345   44.00000   30.28791  31.2%  1695 2095s
  2327  1608   42.84439  427  340   44.00000   30.28791  31.2%  1674 2100s
  2373  1607     cutoff  450        44.00000   30.28791  31.2%  1644 2105s
  2386  1601   30.65203   26 2645   44.00000   30.34471  31.0%  1638 2111s
  2387  1602   31.16328   27 2811   44.00000   30.34471  31.0%  1641 2116s
  2389  1603   30.74289   28 2722   44.00000   30.34471  31.0%  1642 2120s
  2393  1606   30.82541   30 2585   44.00000   30.34471  31.0%  1641 2125s
  2397  1609   31.10349   32 2147   44.00000   30.34471  31.0%  1641 2131s
  2400  1611   31.30863   33 2160   44.00000   30.34471  31.0%  1642 2135s
  2404  1613   31.46384   35 1299   44.00000   30.34471  31.0%  1643 2140s
  2406  1615   31.42279   36 1944   44.00000   30.34471  31.0%  1644 2145s
  2410  1617   31.66963   38 2100   44.00000   30.34471  31.0%  1644 2150s
  2414  1620   31.45752   40 2089   44.00000   30.34471  31.0%  1645 2155s
  2418  1623   31.49746   42 1668   44.00000   30.34471  31.0%  1645 2160s
  2424  1627   31.95332   45 1533   44.00000   30.34471  31.0%  1645 2166s
  2428  1629   32.00396   47 1618   44.00000   30.34471  31.0%  1646 2171s
  2432  1632   31.80007   49 1721   44.00000   30.34471  31.0%  1646 2175s
  2439  1637   32.09975   53 1265   44.00000   30.34471  31.0%  1645 2180s
  2446  1641   32.86187   56 1137   44.00000   30.34471  31.0%  1645 2185s
  2452  1645   32.68589   59  997   44.00000   30.34471  31.0%  1645 2190s
  2460  1651   32.38318   63 1155   44.00000   30.34471  31.0%  1644 2195s
  2468  1659   33.02616   67 1084   44.00000   30.34471  31.0%  1644 2200s
  2477  1668   32.31265   72 1004   44.00000   30.34471  31.0%  1642 2205s
  2485  1676   32.38586   76 1155   44.00000   30.34471  31.0%  1641 2210s
  2493  1684   32.41600   80 1006   44.00000   30.34471  31.0%  1640 2215s
  2500  1691   32.64699   83 1065   44.00000   30.34471  31.0%  1641 2220s
  2509  1700   32.58979   88 1189   44.00000   30.34471  31.0%  1639 2225s
  2519  1710   33.45011   93 1281   44.00000   30.34471  31.0%  1637 2232s
  2526  1717   32.94080   96  937   44.00000   30.34471  31.0%  1635 2235s
  2535  1726   32.74730  101 1145   44.00000   30.34471  31.0%  1633 2240s
  2545  1736   32.77910  106 1097   44.00000   30.34471  31.0%  1631 2245s
  2555  1746   32.79953  111 1000   44.00000   30.34471  31.0%  1630 2250s
  2568  1759   33.34594  117 1060   44.00000   30.34471  31.0%  1626 2255s
  2573  1764   32.93353  120 1001   44.00000   30.34471  31.0%  1627 2260s
  2585  1776   33.77313  126  899   44.00000   30.34471  31.0%  1623 2266s
  2590  1781   34.19233  128 1087   44.00000   30.34471  31.0%  1624 2270s
  2603  1794   33.83322  135  972   44.00000   30.34471  31.0%  1619 2275s
  2612  1803   34.52342  139  829   44.00000   30.34471  31.0%  1617 2280s
  2620  1811   34.70924  143  737   44.00000   30.34471  31.0%  1617 2285s
  2628  1819   34.49859  147  790   44.00000   30.34471  31.0%  1617 2290s
  2639  1830   34.00298  153  975   44.00000   30.34471  31.0%  1614 2295s
  2648  1839   34.22906  157  837   44.00000   30.34471  31.0%  1613 2300s
  2661  1852   34.21464  164  745   44.00000   30.34471  31.0%  1610 2305s
  2678  1869   34.82918  172  631   44.00000   30.34471  31.0%  1604 2310s
  2690  1881   34.81064  178  718   44.00000   30.34471  31.0%  1600 2315s
  2708  1899   35.48378  187  856   44.00000   30.34471  31.0%  1594 2320s
  2720  1911   35.30975  193  835   44.00000   30.34471  31.0%  1591 2325s
  2738  1929   35.56021  202  666   44.00000   30.34471  31.0%  1585 2330s
  2754  1945   35.51462  210  680   44.00000   30.34471  31.0%  1580 2335s
  2768  1959   35.80959  217  707   44.00000   30.34471  31.0%  1576 2340s
  2786  1977   36.51705  226  827   44.00000   30.34471  31.0%  1571 2345s
  2801  1992   35.86716  234  769   44.00000   30.34471  31.0%  1567 2350s
  2817  2008   35.89366  242  773   44.00000   30.34471  31.0%  1561 2355s
  2830  2021   36.29027  248  642   44.00000   30.34471  31.0%  1559 2360s
  2851  2042   37.06968  259  673   44.00000   30.34471  31.0%  1552 2365s
  2866  2057   37.69699  266  625   44.00000   30.34471  31.0%  1547 2370s
  2898  2089   38.77600  282  515   44.00000   30.34471  31.0%  1534 2375s
H 2909  2098                      43.0000015   30.34471  29.4%  1530 2377s
H 2909  2087                      43.0000000   30.34471  29.4%  1530 2377s
  2917  2097   38.63001  292  475   43.00000   30.34471  29.4%  1527 2380s
  2936  2116   40.12386  301  383   43.00000   30.34471  29.4%  1522 2386s
  2958  2138   40.75674  312  440   43.00000   30.34471  29.4%  1512 2403s
  2972  2141 infeasible  318        43.00000   30.34471  29.4%  1507 2405s
  2979  2140   30.84213   28 2654   43.00000   30.35472  29.4%  1508 2414s
  2980  2141   30.51054   28 2467   43.00000   30.35472  29.4%  1508 2417s
  2983  2144   30.76566   30 2364   43.00000   30.35472  29.4%  1509 2421s
  2987  2148   30.82884   32 2428   43.00000   30.35472  29.4%  1509 2425s
  2990  2151   31.13580   33 1925   43.00000   30.35472  29.4%  1509 2431s
  2991  2152   31.14308   34 1966   43.00000   30.35472  29.4%  1509 2441s
  2994  2155   31.30921   35 1846   43.00000   30.35472  29.4%  1510 2446s
  2997  2158   31.15657   37 1947   43.00000   30.35472  29.4%  1510 2451s
  3002  2163   31.65473   39 1752   43.00000   30.35472  29.4%  1510 2455s
  3006  2167   31.17161   41 1843   43.00000   30.35472  29.4%  1508 2462s
  3010  2171   31.61423   43 1551   43.00000   30.35472  29.4%  1509 2467s
  3012  2173   31.84159   44 1871   43.00000   30.35472  29.4%  1510 2470s
  3017  2178   31.19942   47 1886   43.00000   30.35472  29.4%  1510 2475s
  3021  2182   31.23591   49 1936   43.00000   30.35472  29.4%  1511 2480s
  3025  2186   31.26930   51 1994   43.00000   30.35472  29.4%  1512 2485s
  3028  2189   31.54223   52 2126   43.00000   30.35472  29.4%  1513 2490s
  3034  2195   31.91397   55 1813   43.00000   30.35472  29.4%  1514 2496s
  3037  2198   31.63890   57 1849   43.00000   30.35472  29.4%  1515 2500s
  3042  2203   31.86213   59 1808   43.00000   30.35472  29.4%  1516 2506s
  3046  2207   32.15700   61 1568   43.00000   30.35472  29.4%  1517 2510s
  3050  2211   32.33453   63 1627   43.00000   30.35472  29.4%  1518 2515s
  3056  2217   32.11768   66 1728   43.00000   30.35472  29.4%  1519 2520s
  3062  2223   32.40863   69 1241   43.00000   30.35472  29.4%  1519 2525s
  3068  2229   32.58449   72 1663   43.00000   30.35472  29.4%  1520 2531s
  3074  2235   32.31260   75 1416   43.00000   30.35472  29.4%  1520 2536s
  3082  2243   32.98943   79 1199   43.00000   30.35472  29.4%  1519 2540s
  3091  2252   32.32620   84 1346   43.00000   30.35472  29.4%  1518 2545s
  3097  2258   32.40566   87 1503   43.00000   30.35472  29.4%  1519 2550s
  3107  2268   32.54464   92 1172   43.00000   30.35472  29.4%  1517 2555s
  3116  2277   32.88133   96 1266   43.00000   30.35472  29.4%  1517 2560s
  3124  2285   32.98291  100 1173   43.00000   30.35472  29.4%  1517 2565s
  3134  2295   32.90148  105 1004   43.00000   30.35472  29.4%  1516 2570s
  3142  2303   33.05882  109 1051   43.00000   30.35472  29.4%  1516 2575s
  3150  2311   33.48831  113  780   43.00000   30.35472  29.4%  1516 2580s
  3164  2325   33.82164  120  842   43.00000   30.35472  29.4%  1514 2585s
  3176  2337   33.45748  126  902   43.00000   30.35472  29.4%  1513 2590s
  3186  2347   33.53839  131  865   43.00000   30.35472  29.4%  1512 2595s
  3197  2358   33.76608  137 1023   43.00000   30.35472  29.4%  1511 2600s
  3206  2367   34.21995  141  985   43.00000   30.35472  29.4%  1512 2607s
  3214  2375   34.04290  145 1007   43.00000   30.35472  29.4%  1512 2610s
  3224  2385   34.36366  150  896   43.00000   30.35472  29.4%  1512 2615s
  3242  2403   34.40780  159 1093   43.00000   30.35472  29.4%  1507 2620s
  3256  2417   34.49635  166  852   43.00000   30.35472  29.4%  1505 2625s
  3271  2432   34.48160  174  761   43.00000   30.35472  29.4%  1501 2630s
  3286  2447   35.40948  181  703   43.00000   30.35472  29.4%  1499 2635s
  3303  2464   34.67399  190  781   43.00000   30.35472  29.4%  1494 2640s
  3327  2488   35.65205  202  583   43.00000   30.35472  29.4%  1486 2645s
  3354  2515   36.14623  215  601   43.00000   30.35472  29.4%  1478 2650s
  3389  2550   37.21886  233  340   43.00000   30.35472  29.4%  1465 2655s
  3416  2577   37.32978  246  315   43.00000   30.35472  29.4%  1456 2660s
  3452  2613   39.71285  264  354   43.00000   30.35472  29.4%  1443 2665s
  3499  2658   40.50000  288  337   43.00000   30.35472  29.4%  1425 2670s
  3553  2680   40.50041  315  377   43.00000   30.35472  29.4%  1407 2675s
  3600  2689 infeasible  338        43.00000   30.35472  29.4%  1392 2680s
  3641  2692   40.62205  359  331   43.00000   30.35472  29.4%  1378 2685s
  3671  2692   30.87803   27 2734   43.00000   30.35993  29.4%  1371 2697s
  3672  2693   31.36415   28 2422   43.00000   30.35993  29.4%  1372 2701s
  3674  2695   31.40724   29 2340   43.00000   30.35993  29.4%  1372 2707s
  3677  2698   31.52428   30 2266   43.00000   30.35993  29.4%  1373 2710s
  3679  2700   31.76636   31 2386   43.00000   30.35993  29.4%  1374 2715s
  3682  2703   31.75564   33 2345   43.00000   30.35993  29.4%  1375 2720s
  3687  2708   32.10773   35 2358   43.00000   30.35993  29.4%  1376 2727s
  3689  2710   31.64037   36 2407   43.00000   30.35993  29.4%  1377 2730s
  3697  2718   31.86623   40 1925   43.00000   30.35993  29.4%  1377 2736s
  3700  2721   31.91153   42 1737   43.00000   30.35993  29.4%  1378 2740s
  3705  2726   32.08313   44 1891   43.00000   30.35993  29.4%  1378 2746s
  3710  2731   32.01012   47 1827   43.00000   30.35993  29.4%  1378 2750s
  3715  2736   32.63028   49 1579   43.00000   30.35993  29.4%  1379 2756s
  3721  2742   33.70441   52 1001   43.00000   30.35993  29.4%  1380 2760s
  3726  2747   33.13746   55 1475   43.00000   30.35993  29.4%  1380 2765s
  3740  2761   33.21454   62  968   43.00000   30.35993  29.4%  1377 2770s
  3749  2770   33.69650   66  977   43.00000   30.35993  29.4%  1377 2775s
  3759  2780   33.45743   71  973   43.00000   30.35993  29.4%  1376 2780s
  3767  2788   33.87383   75 1250   43.00000   30.35993  29.4%  1376 2785s
  3775  2796   33.54551   79 1021   43.00000   30.35993  29.4%  1376 2790s
  3785  2806   34.02488   84  963   43.00000   30.35993  29.4%  1375 2795s
  3801  2822   33.96398   92 1154   43.00000   30.35993  29.4%  1372 2800s
  3809  2830   34.45046   96  957   43.00000   30.35993  29.4%  1371 2805s
  3817  2838   34.13954  100  792   43.00000   30.35993  29.4%  1371 2810s
  3827  2848   34.60048  105 1158   43.00000   30.35993  29.4%  1371 2815s
  3839  2860   34.43827  111 1083   43.00000   30.35993  29.4%  1369 2820s
  3848  2869   34.45985  116  954   43.00000   30.35993  29.4%  1369 2825s
  3861  2882   35.18322  122  824   43.00000   30.35993  29.4%  1366 2830s
  3873  2894   35.68702  128  892   43.00000   30.35993  29.4%  1366 2835s
  3887  2908   36.12047  135  803   43.00000   30.35993  29.4%  1364 2840s
  3909  2930   35.80621  146  740   43.00000   30.35993  29.4%  1360 2845s
  3925  2946   36.29903  154  796   43.00000   30.35993  29.4%  1357 2850s
  3941  2962   36.38465  162  601   43.00000   30.35993  29.4%  1353 2860s
  3964  2985   35.92667  174  619   43.00000   30.35993  29.4%  1348 2865s
  3988  3009   36.05113  186  656   43.00000   30.35993  29.4%  1342 2870s
  3996  3017   36.11137  190  796   43.00000   30.35993  29.4%  1341 2875s
  4018  3039   36.21330  201  601   43.00000   30.35993  29.4%  1336 2880s
  4037  3058   36.98749  210  681   43.00000   30.35993  29.4%  1331 2885s
  4060  3081   37.92118  222  449   43.00000   30.35993  29.4%  1326 2890s
  4097  3118   40.74164  240  325   43.00000   30.35993  29.4%  1316 2895s
  4130  3151   40.20322  257  386   43.00000   30.35993  29.4%  1307 2900s
  4170  3176   40.84805  277  315   43.00000   30.35993  29.4%  1297 2905s
  4199  3194   41.82490  291  280   43.00000   30.35993  29.4%  1290 2910s
  4238  3207   40.96655  311  338   43.00000   30.35993  29.4%  1281 2915s
  4256  3207   30.40843   24 2792   43.00000   30.36018  29.4%  1281 2929s
  4257  3208   30.81820   25 2444   43.00000   30.36018  29.4%  1282 2933s
  4258  3209   30.51057   25 2411   43.00000   30.36018  29.4%  1283 2937s
  4260  3211   30.58838   26 2390   43.00000   30.36018  29.4%  1284 2940s
  4264  3215   31.54278   28 1913   43.00000   30.36018  29.4%  1285 2947s
  4266  3217   31.42056   29 2118   43.00000   30.36018  29.4%  1286 2951s
  4272  3223   31.46658   32 1847   43.00000   30.36018  29.4%  1286 2956s
  4276  3227   31.26000   34 2008   43.00000   30.36018  29.4%  1287 2961s
  4280  3231   31.66489   36 1476   43.00000   30.36018  29.4%  1287 2965s
  4287  3238   31.75602   40 1451   43.00000   30.36018  29.4%  1287 2970s
  4293  3244   31.90033   43 1630   43.00000   30.36018  29.4%  1287 2975s
  4300  3251   32.40743   46 1303   43.00000   30.36018  29.4%  1288 2981s
  4305  3256   32.21808   49 1404   43.00000   30.36018  29.4%  1288 2985s
  4312  3263   32.39006   52 1157   43.00000   30.36018  29.4%  1289 2990s
  4320  3271   33.00763   56 1113   43.00000   30.36018  29.4%  1289 2995s
  4330  3281   33.12475   61 1005   43.00000   30.36018  29.4%  1288 3000s
  4338  3289   33.17631   65 1127   43.00000   30.36018  29.4%  1289 3005s
  4344  3295   33.10839   68 1035   43.00000   30.36018  29.4%  1290 3010s
  4352  3303   32.99623   72 1071   43.00000   30.36018  29.4%  1290 3015s
  4362  3313   33.38505   77 1224   43.00000   30.36018  29.4%  1290 3020s
  4372  3323   34.09246   82  989   43.00000   30.36018  29.4%  1290 3025s
  4385  3336   33.33798   89 1022   43.00000   30.36018  29.4%  1288 3030s
  4396  3347   33.77378   94  873   43.00000   30.36018  29.4%  1288 3035s
  4406  3357   33.82667   99  867   43.00000   30.36018  29.4%  1288 3040s
  4420  3371   33.50182  106  931   43.00000   30.36018  29.4%  1287 3045s
  4431  3382   34.09634  112  634   43.00000   30.36018  29.4%  1288 3052s
  4436  3387   34.19985  114  749   43.00000   30.36018  29.4%  1289 3055s
  4446  3397   34.95341  119  718   43.00000   30.36018  29.4%  1289 3060s
  4455  3406   34.51050  124  924   43.00000   30.36018  29.4%  1289 3065s
  4468  3419   35.24496  130  822   43.00000   30.36018  29.4%  1288 3070s
  4479  3430   34.57673  136  990   43.00000   30.36018  29.4%  1289 3075s
  4490  3441   35.09126  141  777   43.00000   30.36018  29.4%  1288 3080s
  4502  3453   34.77416  147  936   43.00000   30.36018  29.4%  1287 3085s
  4514  3465   35.25057  153  753   43.00000   30.36018  29.4%  1287 3090s
  4528  3479   35.68093  160  648   43.00000   30.36018  29.4%  1286 3095s
  4538  3489   35.32020  165  804   43.00000   30.36018  29.4%  1286 3100s
  4550  3501   35.33388  171 1055   43.00000   30.36018  29.4%  1285 3105s
  4562  3513   36.16908  177  674   43.00000   30.36018  29.4%  1285 3110s
  4576  3527   36.32575  184  595   43.00000   30.36018  29.4%  1283 3115s
  4588  3539   35.77850  190  793   43.00000   30.36018  29.4%  1284 3120s
  4597  3548   35.60426  195  777   43.00000   30.36018  29.4%  1283 3125s
  4610  3561   36.76938  201  590   43.00000   30.36018  29.4%  1282 3130s
  4630  3581   36.89076  211  551   43.00000   30.36018  29.4%  1279 3135s
  4647  3597   37.18455  220  446   43.00000   30.36018  29.4%  1276 3140s
  4674  3624   39.17534  233  378   43.00000   30.36018  29.4%  1271 3145s
  4712  3661   41.28113  252  290   43.00000   30.36018  29.4%  1263 3150s
  4732  3680   41.20092  262  308   43.00000   30.36018  29.4%  1261 3155s
  4759  3689   30.71611   24 2262   43.00000   30.43779  29.2%  1259 3166s
  4761  3691   30.79790   25 2235   43.00000   30.43779  29.2%  1260 3170s
  4765  3695   31.39666   27 1908   43.00000   30.43779  29.2%  1261 3176s
  4767  3697   31.35245   28 1950   43.00000   30.43779  29.2%  1262 3180s
  4771  3701   31.49013   30 1661   43.00000   30.43779  29.2%  1263 3185s
  4774  3704   31.52144   32 1689   43.00000   30.43779  29.2%  1264 3190s
  4779  3709   31.77865   34 1328   43.00000   30.43779  29.2%  1264 3195s
  4782  3712   31.93941   36 1340   43.00000   30.43779  29.2%  1265 3201s
  4785  3715   31.78008   37 1665   43.00000   30.43779  29.2%  1266 3205s
  4791  3721   31.95050   40 1324   43.00000   30.43779  29.2%  1266 3211s
  4794  3724   31.90854   42 1476   43.00000   30.43779  29.2%  1267 3215s
  4801  3731   33.00318   45 1135   43.00000   30.43779  29.2%  1268 3221s
  4807  3737   32.61988   48  925   43.00000   30.43779  29.2%  1268 3225s
  4814  3744   32.60754   52  809   43.00000   30.43779  29.2%  1268 3230s
  4819  3749   32.86620   54  893   43.00000   30.43779  29.2%  1269 3235s
  4826  3756   32.91622   58 1014   43.00000   30.43779  29.2%  1270 3240s
  4840  3770   33.26506   65 1021   43.00000   30.43779  29.2%  1268 3245s
  4855  3785   34.92315   72  971   43.00000   30.43779  29.2%  1266 3250s
  4868  3798   34.19868   79  964   43.00000   30.43779  29.2%  1264 3255s
  4883  3813   34.98851   86  635   43.00000   30.43779  29.2%  1263 3260s
  4893  3823   35.14653   91  563   43.00000   30.43779  29.2%  1263 3265s
  4910  3840   35.93605  100  723   43.00000   30.43779  29.2%  1261 3270s
  4924  3854   36.13207  107  667   43.00000   30.43779  29.2%  1259 3283s
  4933  3863   36.69044  111  310   43.00000   30.43779  29.2%  1258 3285s
  4961  3891   37.17505  125  392   43.00000   30.43779  29.2%  1253 3290s
  4981  3911   37.12846  135  317   43.00000   30.43779  29.2%  1250 3295s
  4996  3926   36.70215  143  677   43.00000   30.43779  29.2%  1247 3300s
  5015  3945   37.30828  152  539   43.00000   30.43779  29.2%  1244 3305s
  5039  3969   37.21858  164  487   43.00000   30.43779  29.2%  1241 3310s
  5059  3989   37.31379  174  461   43.00000   30.43779  29.2%  1238 3315s
  5089  4019   38.69133  189  471   43.00000   30.43779  29.2%  1233 3320s
  5101  4031   38.63148  195  379   43.00000   30.43779  29.2%  1231 3344s
  5109  4039   38.20232  199  343   43.00000   30.43779  29.2%  1230 3345s
  5137  4067   38.26936  213  383   43.00000   30.43779  29.2%  1225 3350s
  5158  4088   38.60992  224  466   43.00000   30.43779  29.2%  1222 3355s
  5195  4125   40.57472  242  274   43.00000   30.43779  29.2%  1215 3360s
  5242  4142   40.71651  266  348   43.00000   30.43779  29.2%  1207 3365s
  5274  4150   30.56176   32 2897   43.00000   30.43785  29.2%  1202 3378s
  5275  4151   30.81607   33 2503   43.00000   30.43785  29.2%  1203 3381s
  5278  4154   31.22947   34 2164   43.00000   30.43785  29.2%  1204 3387s
  5280  4156   30.97079   35 2138   43.00000   30.43785  29.2%  1204 3390s
  5284  4160   31.31610   37 1860   43.00000   30.43785  29.2%  1205 3395s
  5288  4164   31.76575   39 1512   43.00000   30.43785  29.2%  1206 3401s
  5291  4167   31.42412   41 1947   43.00000   30.43785  29.2%  1207 3405s
  5296  4172   32.04163   43 1681   43.00000   30.43785  29.2%  1208 3412s
  5299  4175   31.52526   45 1774   43.00000   30.43785  29.2%  1209 3417s
  5300  4176   31.69969   45 1729   43.00000   30.43785  29.2%  1210 3420s
  5301  4177   31.66606   46 1858   43.00000   30.43785  29.2%  1211 3425s
  5305  4181   31.79877   48 1951   43.00000   30.43785  29.2%  1213 3431s
  5308  4184   32.05485   49 1818   43.00000   30.43785  29.2%  1214 3435s
  5313  4189   31.82787   52 1865   43.00000   30.43785  29.2%  1214 3440s
  5317  4193   32.03072   54 1544   43.00000   30.43785  29.2%  1215 3445s
  5324  4200   32.65186   57 1589   43.00000   30.43785  29.2%  1216 3451s
  5330  4206   32.30682   60 1188   43.00000   30.43785  29.2%  1216 3455s
  5336  4212   33.00142   63 1136   43.00000   30.43785  29.2%  1217 3461s
  5341  4217   32.51162   66 1297   43.00000   30.43785  29.2%  1218 3465s
  5347  4223   32.56400   69 1200   43.00000   30.43785  29.2%  1220 3470s
  5353  4229   32.81321   72 1402   43.00000   30.43785  29.2%  1221 3477s
  5355  4231   33.13967   73 1401   43.00000   30.43785  29.2%  1222 3480s
  5363  4239   33.06044   77 1385   43.00000   30.43785  29.2%  1221 3485s
  5369  4245   33.30662   80 1217   43.00000   30.43785  29.2%  1222 3490s
  5375  4251   33.34090   83 1311   43.00000   30.43785  29.2%  1223 3495s
  5380  4256   33.81698   85  868   43.00000   30.43785  29.2%  1225 3500s
  5394  4270   34.61757   92  675   43.00000   30.43785  29.2%  1224 3505s
  5409  4285   34.28935  100  886   43.00000   30.43785  29.2%  1223 3510s
  5426  4302   34.84479  108  811   43.00000   30.43785  29.2%  1221 3515s
  5443  4319   34.50946  117  856   43.00000   30.43785  29.2%  1220 3520s
  5462  4338   35.47461  126  625   43.00000   30.43785  29.2%  1218 3525s
  5480  4356   35.99149  135  622   43.00000   30.43785  29.2%  1216 3530s
  5493  4369   36.63113  142  718   43.00000   30.43785  29.2%  1215 3535s
  5517  4393   36.70863  154  583   43.00000   30.43785  29.2%  1212 3540s
  5535  4411   37.89945  163  672   43.00000   30.43785  29.2%  1210 3545s
  5549  4425   38.72903  170  431   43.00000   30.43785  29.2%  1209 3550s
  5578  4454   39.42521  184  422   43.00000   30.43785  29.2%  1204 3555s
  5619  4493   40.78335  205  360   43.00000   30.43785  29.2%  1197 3560s
  5635  4485   30.55184   32 2984   43.00000   30.47803  29.1%  1195 3569s
  5636  4486   30.77232   33 2509   43.00000   30.47803  29.1%  1196 3573s
  5638  4488   30.81461   35 2343   43.00000   30.47803  29.1%  1196 3575s
  5641  4491   30.95117   36 2224   43.00000   30.47803  29.1%  1197 3581s
  5644  4494   31.47114   37 1896   43.00000   30.47803  29.1%  1198 3586s
  5649  4499   31.24806   43 1840   43.00000   30.47803  29.1%  1198 3590s
  5654  4504   31.56857   47 1506   43.00000   30.47803  29.1%  1199 3596s
  5660  4510   31.99100   50 1462   43.00000   30.47803  29.1%  1200 3605s
  5671  4521   32.00478   58 1484   43.00000   30.47803  29.1%  1199 3610s
  5678  4528   32.29817   64 1090   43.00000   30.47803  29.1%  1199 3615s
  5686  4536   32.25389   69  971   43.00000   30.47803  29.1%  1199 3620s
  5696  4546   32.07683   75 1268   43.00000   30.47803  29.1%  1199 3625s
  5702  4552   32.32064   75 1197   43.00000   30.47803  29.1%  1200 3630s
  5709  4559   32.16478   78 1254   43.00000   30.47803  29.1%  1200 3635s
  5716  4566   32.46339   81 1221   43.00000   30.47803  29.1%  1201 3640s
  5727  4577   32.54142   91 1135   43.00000   30.47803  29.1%  1200 3645s
  5734  4584   32.96719   92  819   43.00000   30.47803  29.1%  1201 3650s
  5740  4590   33.57476   96  974   43.00000   30.47803  29.1%  1201 3655s
  5748  4598   34.03855   97  927   43.00000   30.47803  29.1%  1201 3660s
  5759  4609   34.35960  104  962   43.00000   30.47803  29.1%  1201 3665s
  5767  4617   34.72306  108 1018   43.00000   30.47803  29.1%  1201 3670s
  5793  4643   35.07579  127  859   43.00000   30.47803  29.1%  1198 3675s
  5815  4665   36.12407  144  652   43.00000   30.47803  29.1%  1196 3682s
  5822  4672   35.57470  146  714   43.00000   30.47803  29.1%  1196 3685s
  5856  4706   36.52838  168  452   43.00000   30.47803  29.1%  1191 3690s
  5877  4727   37.30999  178  391   43.00000   30.47803  29.1%  1188 3695s
  5897  4747   37.80047  184  402   43.00000   30.47803  29.1%  1187 3700s
  5907  4757   37.80047  187  385   43.00000   30.47803  29.1%  1186 3713s
  5920  4770   38.00000  191  320   43.00000   30.47803  29.1%  1184 3715s
  5951  4801   38.02162  213  261   43.00000   30.47803  29.1%  1179 3720s
  5988  4838   38.23939  229  262   43.00000   30.47803  29.1%  1174 3725s
  6015  4865   39.36298  248  262   43.00000   30.47803  29.1%  1170 3730s
  6066  4916   39.26853  282  176   43.00000   30.47803  29.1%  1162 3735s
  6118  4966   39.75642  316  169   43.00000   30.47803  29.1%  1153 3740s
  6185  5027   40.80041  355  159   43.00000   30.47803  29.1%  1141 3745s
  6241  5057   30.61886   29 2893   43.00000   30.47872  29.1%  1133 3753s
  6242  5058   30.84281   30 2230   43.00000   30.47872  29.1%  1133 3756s
  6246  5062   31.46810   33 1896   43.00000   30.47872  29.1%  1134 3761s
  6251  5067   31.42700   35 1471   43.00000   30.47872  29.1%  1134 3766s
  6255  5071   31.37868   39 1550   43.00000   30.47872  29.1%  1134 3770s
  6266  5082   31.73851   49 1639   43.00000   30.47872  29.1%  1134 3776s
  6271  5087   32.09574   51 1565   43.00000   30.47872  29.1%  1134 3780s
  6277  5093   32.21490   54 1742   43.00000   30.47872  29.1%  1135 3786s
  6280  5096   32.03718   54 1424   43.00000   30.47872  29.1%  1136 3791s
  6282  5098   32.10979   56 1586   43.00000   30.47872  29.1%  1138 3795s
  6292  5108   32.08587   65 1476   43.00000   30.47872  29.1%  1137 3800s
  6298  5114   32.10871   69 1547   43.00000   30.47872  29.1%  1138 3805s
  6303  5119   32.33600   73 1500   43.00000   30.47872  29.1%  1139 3810s
  6311  5127   32.80866   77 1128   43.00000   30.47872  29.1%  1139 3816s
  6315  5131   32.92405   78 1239   43.00000   30.47872  29.1%  1140 3820s
  6322  5138   33.04046   82 1061   43.00000   30.47872  29.1%  1141 3825s
  6327  5143   33.04167   84  946   43.00000   30.47872  29.1%  1142 3830s
  6335  5151   33.22135   88 1221   43.00000   30.47872  29.1%  1142 3835s
  6345  5161   33.36031   96  946   43.00000   30.47872  29.1%  1143 3840s
  6354  5170   33.50000  101  786   43.00000   30.47872  29.1%  1143 3845s
  6366  5182   33.79426  107  659   43.00000   30.47872  29.1%  1144 3850s
  6377  5193   34.00000  111  477   43.00000   30.47872  29.1%  1144 3855s
  6384  5200   34.00131  116  753   43.00000   30.47872  29.1%  1144 3860s
  6402  5218   34.65497  124  823   43.00000   30.47872  29.1%  1143 3865s
  6413  5229   35.87612  126  680   43.00000   30.47872  29.1%  1143 3870s
  6435  5251   36.22320  140  397   43.00000   30.47872  29.1%  1141 3875s
  6448  5264   36.32681  144  471   43.00000   30.47872  29.1%  1141 3880s
  6471  5287   36.59494  151  543   43.00000   30.47872  29.1%  1138 3885s
  6497  5313   37.64083  166  519   43.00000   30.47872  29.1%  1135 3890s
  6533  5349   38.60794  190  637   43.00000   30.47872  29.1%  1130 3895s
  6567  5383   38.16738  213  498   43.00000   30.47872  29.1%  1125 3900s
  6600  5416   39.42857  234  409   43.00000   30.47872  29.1%  1121 3905s
  6640  5448   41.42731  243  285   43.00000   30.47872  29.1%  1116 3910s
  6656  5444   30.50556   29 2872   43.00000   30.49480  29.1%  1114 3922s
  6657  5445   30.68853   30 2170   43.00000   30.49480  29.1%  1114 3925s
  6662  5450   30.77898   35 2063   43.00000   30.49480  29.1%  1115 3930s
  6666  5454   31.04127   36 1963   43.00000   30.49480  29.1%  1116 3937s
  6669  5457   31.20082   40 1906   43.00000   30.49480  29.1%  1117 3941s
  6675  5463   31.32274   43 1857   43.00000   30.49480  29.1%  1117 3945s
  6684  5472   31.44827   50 1657   43.00000   30.49480  29.1%  1117 3950s
  6698  5486   31.65581   60 1625   43.00000   30.49480  29.1%  1115 3955s
  6710  5498   31.82287   69 1458   43.00000   30.49480  29.1%  1115 3962s
  6716  5504   32.13615   70 1311   43.00000   30.49480  29.1%  1115 3965s
  6725  5513   32.72327   76 1003   43.00000   30.49480  29.1%  1116 3970s
  6737  5525   32.32692   87 1264   43.00000   30.49480  29.1%  1115 3975s
  6749  5537   32.67927   95  890   43.00000   30.49480  29.1%  1114 3980s
  6763  5551   33.01170  106  921   43.00000   30.49480  29.1%  1114 3986s
  6768  5556   33.53695  106  766   43.00000   30.49480  29.1%  1115 3990s
  6784  5572   33.04059  119  740   43.00000   30.49480  29.1%  1114 3995s
  6795  5583   33.19228  122  809   43.00000   30.49480  29.1%  1113 4000s
  6810  5598   33.54853  126  542   43.00000   30.49480  29.1%  1113 4005s
  6833  5621   33.42488  139  699   43.00000   30.49480  29.1%  1111 4010s
  6849  5637   33.68832  151  810   43.00000   30.49480  29.1%  1110 4015s
  6869  5657   34.14183  165  839   43.00000   30.49480  29.1%  1109 4020s
  6890  5678   34.20646  183  528   43.00000   30.49480  29.1%  1106 4034s
  6893  5681   34.99674  182  454   43.00000   30.49480  29.1%  1106 4035s
  6909  5697   34.99674  191  516   43.00000   30.49480  29.1%  1106 4040s
  6928  5716   35.00742  198  546   43.00000   30.49480  29.1%  1104 4045s
  6948  5736   35.54905  206  498   43.00000   30.49480  29.1%  1103 4050s
  6980  5768   35.82353  228  418   43.00000   30.49480  29.1%  1099 4055s
  7007  5795   36.87533  241  355   43.00000   30.49480  29.1%  1096 4060s
  7041  5829   37.90124  249  355   43.00000   30.49480  29.1%  1091 4065s
  7105  5893   39.14734  299  261   43.00000   30.49480  29.1%  1082 4070s
  7156  5919 infeasible  321        43.00000   30.49480  29.1%  1075 4075s
  7162  5917   30.56840   25 2856   43.00000   30.49486  29.1%  1076 4080s
  7166  5921   30.85592   29 2106   43.00000   30.49486  29.1%  1076 4085s
  7169  5924   30.97225   31 2251   43.00000   30.49486  29.1%  1077 4090s
  7173  5928   31.55180   33 1650   43.00000   30.49486  29.1%  1077 4096s
  7181  5936   31.68118   40 1590   43.00000   30.49486  29.1%  1077 4100s
  7187  5942   31.85798   41 1592   43.00000   30.49486  29.1%  1078 4105s
  7190  5945   31.90184   42 1555   43.00000   30.49486  29.1%  1079 4111s
  7194  5949   32.23743   45 1588   43.00000   30.49486  29.1%  1080 4115s
  7205  5960   32.35079   55 1365   43.00000   30.49486  29.1%  1079 4120s
  7212  5967   32.92572   56 1100   43.00000   30.49486  29.1%  1080 4125s
  7219  5974   33.13617   59 1218   43.00000   30.49486  29.1%  1080 4130s
  7227  5982   33.17397   64 1216   43.00000   30.49486  29.1%  1081 4135s
  7237  5992   33.42047   72  963   43.00000   30.49486  29.1%  1081 4140s
  7245  6000   33.60868   76  852   43.00000   30.49486  29.1%  1081 4145s
  7253  6008   33.76639   79 1008   43.00000   30.49486  29.1%  1082 4150s
  7265  6020   34.49610   87  785   43.00000   30.49486  29.1%  1082 4155s
  7277  6032   35.61837   88  718   43.00000   30.49486  29.1%  1082 4160s
  7299  6054   36.22371   99  556   43.00000   30.49486  29.1%  1081 4165s
  7316  6071   36.81610  106  592   43.00000   30.49486  29.1%  1080 4170s
  7345  6100   37.08850  116  430   43.00000   30.49486  29.1%  1077 4175s
  7385  6140   37.46138  142  366   43.00000   30.49486  29.1%  1072 4180s
  7427  6182   38.52757  161  331   43.00000   30.49486  29.1%  1067 4185s
  7469  6224   39.70053  192  235   43.00000   30.49486  29.1%  1062 4190s
  7520  6275   40.61732  229  252   43.00000   30.49486  29.1%  1056 4195s
  7543  6278   30.74151   25 2673   43.00000   30.50392  29.1%  1055 4202s
  7545  6280   31.36173   27 1824   43.00000   30.50392  29.1%  1055 4206s
  7548  6283   31.96278   30 1299   43.00000   30.50392  29.1%  1056 4211s
  7557  6292   32.46620   38 1284   43.00000   30.50392  29.1%  1056 4215s
  7570  6305   32.79009   47 1066   43.00000   30.50392  29.1%  1055 4220s
  7581  6316   33.27292   55  948   43.00000   30.50392  29.1%  1056 4225s
  7595  6330   33.29853   61 1017   43.00000   30.50392  29.1%  1056 4230s
  7606  6341   33.54732   67 1002   43.00000   30.50392  29.1%  1056 4235s
  7620  6355   33.81991   77  707   43.00000   30.50392  29.1%  1056 4240s
  7639  6374   34.44974   88  628   43.00000   30.50392  29.1%  1055 4245s
  7656  6391   34.69273   97  590   43.00000   30.50392  29.1%  1054 4250s
  7673  6408   34.81386  102  712   43.00000   30.50392  29.1%  1053 4255s
  7687  6422   35.54618  109  747   43.00000   30.50392  29.1%  1053 4260s
  7709  6444   35.76617  121  641   43.00000   30.50392  29.1%  1052 4266s
  7722  6457   36.40951  128  571   43.00000   30.50392  29.1%  1052 4270s
  7741  6476   35.89558  142  475   43.00000   30.50392  29.1%  1052 4275s
  7763  6498   38.05171  151  455   43.00000   30.50392  29.1%  1050 4280s
  7781  6516   38.24374  154  612   43.00000   30.50392  29.1%  1050 4285s
  7799  6534   38.23379  169  476   43.00000   30.50392  29.1%  1049 4290s
  7818  6553   38.53248  182  505   43.00000   30.50392  29.1%  1047 4295s
  7839  6574   39.79906  188  414   43.00000   30.50392  29.1%  1046 4300s
  7871  6604   40.66982  197  368   43.00000   30.50392  29.1%  1043 4305s
  7883  6600   30.54988   33 3030   43.00000   30.50392  29.1%  1043 4311s
  7884  6601   30.92408   34 2560   43.00000   30.50392  29.1%  1043 4315s
  7887  6604   32.17459   37 1588   43.00000   30.50392  29.1%  1044 4320s
  7894  6611   32.78027   42 1539   43.00000   30.50392  29.1%  1044 4325s
  7903  6620   32.87091   49 1645   43.00000   30.50392  29.1%  1044 4330s
  7910  6627   32.87091   53 1616   43.00000   30.50392  29.1%  1044 4335s
  7925  6642   33.22657   66 1428   43.00000   30.50392  29.1%  1043 4340s
  7929  6646   33.38546   68 1295   43.00000   30.50392  29.1%  1044 4345s
  7940  6657   33.62403   77 1307   43.00000   30.50392  29.1%  1044 4350s
  7951  6668   33.88698   86 1182   43.00000   30.50392  29.1%  1044 4366s
  7960  6677   34.14451   91  959   43.00000   30.50392  29.1%  1043 4370s
  7969  6686   34.67616   94  878   43.00000   30.50392  29.1%  1044 4375s
  7976  6693   34.83918   98  744   43.00000   30.50392  29.1%  1043 4384s
  7977  6694   35.06219   96  717   43.00000   30.50392  29.1%  1043 4385s
  7982  6699   34.85702  100  736   43.00000   30.50392  29.1%  1043 4396s
  7992  6709   35.05128  103  764   43.00000   30.50392  29.1%  1044 4400s
  8005  6722   35.27016  105  751   43.00000   30.50392  29.1%  1044 4405s
  8009  6726   35.39012  110  856   43.00000   30.50392  29.1%  1046 4413s
  8012  6729   35.39012  111  665   43.00000   30.50392  29.1%  1046 4416s
  8016  6733   35.45502  112  768   43.00000   30.50392  29.1%  1046 4420s
  8037  6754   35.96722  122  513   43.00000   30.50392  29.1%  1045 4425s
  8060  6777   36.17505  141  560   43.00000   30.50392  29.1%  1043 4430s
  8089  6806   37.51299  151  827   43.00000   30.50392  29.1%  1041 4435s
  8119  6836   37.66579  168  514   43.00000   30.50392  29.1%  1038 4440s
  8158  6875   37.92660  191  436   43.00000   30.50392  29.1%  1034 4445s
  8186  6903   39.07877  199  436   43.00000   30.50392  29.1%  1032 4450s
  8210  6927   39.39441  207  569   43.00000   30.50392  29.1%  1031 4455s
  8249  6966   39.33411  239  436   43.00000   30.50392  29.1%  1027 4461s
  8280  6997   39.92260  256  387   43.00000   30.50392  29.1%  1025 4465s
  8314  7010     cutoff  261        43.00000   30.50392  29.1%  1022 4470s
  8321  7007   30.64767   33 2922   43.00000   30.50560  29.1%  1022 4478s
  8322  7008   30.70413   34 2897   43.00000   30.50560  29.1%  1023 4480s
  8326  7012   31.12019   38 2205   43.00000   30.50560  29.1%  1023 4486s
  8329  7015   31.94800   41 1330   43.00000   30.50560  29.1%  1024 4490s
  8334  7020   32.10107   43 1184   43.00000   30.50560  29.1%  1024 4495s
  8345  7031   32.29751   51 1174   43.00000   30.50560  29.1%  1024 4500s
  8354  7040   33.25351   53  927   43.00000   30.50560  29.1%  1024 4505s
  8369  7055   33.28504   64 1217   43.00000   30.50560  29.1%  1024 4510s
  8387  7073   34.50316   74 1023   43.00000   30.50560  29.1%  1023 4515s
  8400  7086   34.78813   84  698   43.00000   30.50560  29.1%  1023 4521s
  8410  7096   34.88563   90  875   43.00000   30.50560  29.1%  1023 4525s
  8424  7110   34.99781  103  889   43.00000   30.50560  29.1%  1022 4530s
  8439  7125   35.50802  115  762   43.00000   30.50560  29.1%  1021 4535s
  8455  7141   35.73089  122  551   43.00000   30.50560  29.1%  1021 4540s
  8473  7159   38.07422  128  411   43.00000   30.50560  29.1%  1021 4545s
  8497  7183   37.56424  144  365   43.00000   30.50560  29.1%  1019 4550s
  8520  7206   38.31039  154  433   43.00000   30.50560  29.1%  1018 4555s
  8541  7227   38.75652  161  424   43.00000   30.50560  29.1%  1018 4560s
  8562  7248   39.17437  175  462   43.00000   30.50560  29.1%  1017 4565s
  8592  7278   40.28466  187  302   43.00000   30.50560  29.1%  1015 4570s
  8645  7301   41.35512  211  337   43.00000   30.50560  29.1%  1009 4575s
  8651  7303   31.09658   33 2169   43.00000   30.50866  29.0%  1010 4581s
  8652  7304   31.34913   34 1751   43.00000   30.50866  29.0%  1010 4585s
  8654  7306   31.54350   36 1854   43.00000   30.50866  29.0%  1011 4595s
  8658  7310   31.86923   40 1825   43.00000   30.50866  29.0%  1011 4600s
  8669  7321   32.00784   49 1701   43.00000   30.50866  29.0%  1010 4605s
  8676  7328   32.23578   54 1667   43.00000   30.50866  29.0%  1010 4610s
  8680  7332   32.40412   54 1332   43.00000   30.50866  29.0%  1011 4615s
  8684  7336   32.78413   56 1433   43.00000   30.50866  29.0%  1012 4620s
  8690  7342   32.78637   57 1375   43.00000   30.50866  29.0%  1012 4626s
  8697  7349   32.85786   63 1655   43.00000   30.50866  29.0%  1013 4630s
  8705  7357   33.43786   65 1170   43.00000   30.50866  29.0%  1013 4635s
  8710  7362   33.93814   66 1105   43.00000   30.50866  29.0%  1013 4640s
  8720  7372   35.26562   71  995   43.00000   30.50866  29.0%  1014 4645s
  8728  7380   34.88140   74  884   43.00000   30.50866  29.0%  1015 4650s
  8741  7393   35.05649   81  780   43.00000   30.50866  29.0%  1014 4655s
  8760  7412   35.37514   94  822   43.00000   30.50866  29.0%  1014 4660s
  8774  7426   35.91733  105  668   43.00000   30.50866  29.0%  1013 4665s
  8789  7441   36.29820  110  727   43.00000   30.50866  29.0%  1013 4670s
  8799  7451   36.64917  116  750   43.00000   30.50866  29.0%  1012 4675s
  8817  7469   36.63555  125  662   43.00000   30.50866  29.0%  1011 4680s
  8838  7490   37.63284  134  523   43.00000   30.50866  29.0%  1010 4685s
  8856  7508   37.56014  145  513   43.00000   30.50866  29.0%  1008 4701s
  8881  7533   38.26303  157  584   43.00000   30.50866  29.0%  1006 4705s
  8911  7563   39.27570  172  551   43.00000   30.50866  29.0%  1003 4710s
  8942  7594   39.40696  187  356   43.00000   30.50866  29.0%  1001 4715s
  8973  7624   40.20487  194  288   43.00000   30.50866  29.0%   998 4720s
  9006  7654   41.37167  206  267   43.00000   30.50866  29.0%   995 4725s
  9016  7648   30.85889   32 2455   43.00000   30.53436  29.0%   995 4730s
  9018  7650   31.68106   34 2216   43.00000   30.53436  29.0%   995 4739s
  9021  7653   31.77120   37 2074   43.00000   30.53436  29.0%   995 4740s
  9026  7658   32.05078   42 1885   43.00000   30.53436  29.0%   995 4745s
  9027  7659   32.15589   43 1753   43.00000   30.53436  29.0%   995 4808s
  9028  7660   32.41833   44 1535   43.00000   30.53436  29.0%   996 4810s
  9039  7671   32.71402   55 1568   43.00000   30.53436  29.0%   995 4815s
  9051  7683   33.61893   67 1237   43.00000   30.53436  29.0%   995 4820s
  9061  7693   34.09404   77  861   43.00000   30.53436  29.0%   995 4825s
  9074  7706   35.23881   90  794   43.00000   30.53436  29.0%   994 4830s
  9089  7721   36.31643  105  743   43.00000   30.53436  29.0%   994 4835s
  9110  7742   38.38206  126  694   43.00000   30.53436  29.0%   992 4840s
  9135  7767   39.93451  151  608   43.00000   30.53436  29.0%   991 4845s
  9172  7786     cutoff  176        43.00000   30.53436  29.0%   988 4850s
  9183  7787   30.85376   36 2047   43.00000   30.53622  29.0%   988 4857s
  9187  7791   31.07204   40 1845   43.00000   30.53622  29.0%   988 4860s
  9193  7797   31.56156   46 1722   43.00000   30.53622  29.0%   988 4865s
  9199  7803   31.99601   52 1595   43.00000   30.53622  29.0%   988 4870s
  9210  7814   32.18766   63 1636   43.00000   30.53622  29.0%   988 4875s
  9217  7821   32.41089   70 1488   43.00000   30.53622  29.0%   988 4880s
  9222  7826   32.58681   75 1278   43.00000   30.53622  29.0%   988 4885s
  9232  7836   33.10357   85 1235   43.00000   30.53622  29.0%   988 4891s
  9235  7839   33.26497   88 1297   43.00000   30.53622  29.0%   989 4897s
  9241  7845   33.31899   94 1489   43.00000   30.53622  29.0%   989 4900s
  9249  7853   33.89387  102 1291   43.00000   30.53622  29.0%   989 4905s
  9260  7864   34.85637  113 1259   43.00000   30.53622  29.0%   989 4910s
  9276  7880   35.13298  129 1164   43.00000   30.53622  29.0%   988 4915s
  9290  7894   35.95716  143 1005   43.00000   30.53622  29.0%   987 4920s
  9303  7907   36.31000  156  956   43.00000   30.53622  29.0%   987 4925s
  9330  7934   38.03191  183  769   43.00000   30.53622  29.0%   984 4930s
  9367  7971   39.44808  220  578   43.00000   30.53622  29.0%   981 4935s
  9396  7984   30.53656   33 2764   43.00000   30.53656  29.0%   979 4940s
  9400  7988   30.95729   35 2292   43.00000   30.54052  29.0%   979 4945s
  9404  7992   32.04750   37 1988   43.00000   30.54052  29.0%   980 4950s
  9408  7996   31.69860   39 1939   43.00000   30.54052  29.0%   980 4956s
  9412  8000   32.13264   41 1499   43.00000   30.54052  29.0%   980 4961s
  9416  8004   31.94595   43 1601   43.00000   30.54052  29.0%   981 4965s
  9421  8009   32.07537   46 1546   43.00000   30.54052  29.0%   981 4970s
  9424  8012   32.38234   47 1788   43.00000   30.54052  29.0%   982 4975s
  9430  8018   32.69700   50 1478   43.00000   30.54052  29.0%   983 4980s
  9436  8024   33.27111   53 1202   43.00000   30.54052  29.0%   983 4986s
  9442  8030   32.74985   56 1158   43.00000   30.54052  29.0%   984 4990s
  9446  8034   33.01492   58 1299   43.00000   30.54052  29.0%   985 4996s
  9452  8040   33.32184   61 1194   43.00000   30.54052  29.0%   985 5000s
  9460  8048   33.40747   65 1168   43.00000   30.54052  29.0%   985 5005s
  9468  8056   33.41872   69 1261   43.00000   30.54052  29.0%   986 5010s
  9474  8062   32.88082   72 1300   43.00000   30.54052  29.0%   986 5015s
  9482  8070   33.35009   76 1263   43.00000   30.54052  29.0%   986 5020s
  9492  8080   33.50692   81 1069   43.00000   30.54052  29.0%   986 5025s
  9502  8090   34.10880   86  930   43.00000   30.54052  29.0%   987 5030s
  9508  8096   34.20806   89 1052   43.00000   30.54052  29.0%   987 5035s
  9518  8106   34.80926   94  971   43.00000   30.54052  29.0%   987 5040s
  9532  8120   34.96712  101  484   43.00000   30.54052  29.0%   987 5045s
  9547  8135   35.75654  109  493   43.00000   30.54052  29.0%   987 5050s
  9570  8158   36.62436  120  643   43.00000   30.54052  29.0%   986 5055s
  9589  8177   36.43685  130  514   43.00000   30.54052  29.0%   985 5060s
  9611  8199   36.75910  141  510   43.00000   30.54052  29.0%   984 5065s
  9635  8223   37.27755  153  436   43.00000   30.54052  29.0%   982 5070s
  9654  8242   38.07132  162  439   43.00000   30.54052  29.0%   982 5075s
  9680  8268   39.00394  175  390   43.00000   30.54052  29.0%   980 5080s
  9719  8307   39.35364  195  293   43.00000   30.54052  29.0%   978 5085s
  9765  8326   30.58410   42 3065   43.00000   30.54052  29.0%   974 5095s
  9769  8330   31.27544   46 2471   43.00000   30.54052  29.0%   975 5102s
  9770  8331   31.64218   47 1925   43.00000   30.54052  29.0%   975 5105s
  9780  8341   32.33225   57 1454   43.00000   30.54052  29.0%   975 5110s
  9796  8357   33.26438   73 1068   43.00000   30.54052  29.0%   974 5115s
  9815  8376   34.65514   92  888   43.00000   30.54052  29.0%   973 5120s
  9822  8383   35.16594   99  813   43.00000   30.54052  29.0%   974 5125s
  9839  8400   35.75489  116  662   43.00000   30.54052  29.0%   973 5141s
  9847  8408   37.58625  124  639   43.00000   30.54052  29.0%   973 5145s
  9871  8432   40.75035  148  479   43.00000   30.54052  29.0%   972 5150s
  9884  8433   30.71432   42 3134   43.00000   30.54344  29.0%   972 5157s
  9888  8437   30.77090   46 2535   43.00000   30.54344  29.0%   972 5160s
  9894  8443   31.35430   52 2472   43.00000   30.54344  29.0%   972 5165s
  9900  8449   31.84898   58 2263   43.00000   30.54344  29.0%   972 5172s
  9903  8452   32.06044   61 1948   43.00000   30.54344  29.0%   972 5175s
  9913  8462   32.77660   71 1678   43.00000   30.54344  29.0%   972 5180s
  9925  8474   33.05466   83 1536   43.00000   30.54344  29.0%   972 5185s
  9936  8485   34.19242   94 1283   43.00000   30.54344  29.0%   971 5190s
  9944  8493   35.17692  102 1126   43.00000   30.54344  29.0%   972 5196s
  9954  8503   35.74412  112 1024   43.00000   30.54344  29.0%   972 5200s
  9970  8519   36.67692  128  562   43.00000   30.54344  29.0%   971 5205s
  9989  8538   38.39827  147  347   43.00000   30.54344  29.0%   969 5210s
 10026  8575   40.03568  184  392   43.00000   30.54344  29.0%   966 5215s
 10070  8608   30.70897   31 2787   43.00000   30.54346  29.0%   964 5224s
 10071  8609   30.89172   32 2272   43.00000   30.54346  29.0%   964 5227s
 10074  8612   31.27891   35 1806   43.00000   30.54346  29.0%   964 5230s
 10082  8620   32.06463   42 1484   43.00000   30.54346  29.0%   964 5235s
 10090  8628   32.33450   50 1559   43.00000   30.54346  29.0%   964 5240s
 10095  8633   32.47159   52 1303   43.00000   30.54346  29.0%   965 5245s
 10104  8642   33.33329   57 1219   43.00000   30.54346  29.0%   965 5250s
 10113  8651   32.92566   63  976   43.00000   30.54346  29.0%   965 5255s
 10122  8660   32.95523   70 1160   43.00000   30.54346  29.0%   965 5260s
 10131  8669   33.32364   76 1372   43.00000   30.54346  29.0%   965 5265s
 10139  8677   33.51201   80 1285   43.00000   30.54346  29.0%   966 5271s
 10147  8685   34.14536   86 1044   43.00000   30.54346  29.0%   966 5275s
 10163  8701   34.31725   96  920   43.00000   30.54346  29.0%   965 5280s
 10177  8715   35.23831  109  711   43.00000   30.54346  29.0%   965 5286s
 10195  8733   34.54570  125  845   43.00000   30.54346  29.0%   964 5290s
 10203  8740   33.61244  133 1990   43.00000   30.54346  29.0%   964 6265s
 10205  8741   37.49383  268 1506   43.00000   30.54346  29.0%   964 6288s
 10206  8742   32.23199   64 2217   43.00000   30.54346  29.0%   964 6317s
 10207  8743   32.89044   63 2539   43.00000   30.54346  29.0%   964 6330s
 10208  8743   31.19862   38 2826   43.00000   30.54346  29.0%   963 6338s
 10209  8744   34.55523  177 2756   43.00000   30.54346  29.0%   963 6343s
 10210  8745   33.85825   86 2799   43.00000   30.54346  29.0%   963 6346s
 10213  8747   36.78037  127 2853   43.00000   30.54346  29.0%   963 6353s
 10214  8747   37.46138  141 2415   43.00000   30.54346  29.0%   963 6400s
 10216  8749   36.55068  110 2754   43.00000   30.54346  29.0%   963 6405s
 10217  8749   33.71463   89 2783   43.00000   30.54346  29.0%   963 6442s
 10218  8750   33.26682   61 2548   43.00000   30.54346  29.0%   962 6495s
 10220  8751   33.47682  106 2777   43.00000   30.54346  29.0%   962 6501s
 10223  8753   38.77361  168 2877   43.00000   30.54346  29.0%   962 6543s
 10224  8754   36.95099  202 2548   43.00000   30.54346  29.0%   962 6590s
 10226  8755   38.04794  222 2908   43.00000   30.54346  29.0%   962 6596s
 10227  8756   38.76544  174 2924   43.00000   30.54346  29.0%   962 6637s
 10228  8757   35.83505  159 2707   43.00000   30.54346  29.0%   962 6683s
 10229  8757   34.99674  185 2841   43.00000   30.54854  29.0%   961 6688s
 10230  8758   36.18144  132 3084   43.00000   30.55405  28.9%   961 6690s
 10232  8759   40.00000  171 3082   43.00000   30.55571  28.9%   961 6732s
 10233  8760   35.45759   83 2837   43.00000   30.57295  28.9%   961 6810s
 10235  8761   30.78407   38 3059   43.00000   30.57464  28.9%   961 6853s
 10236  8762   34.40015  132 2688   43.00000   30.58511  28.9%   961 6902s
 10237  8763   31.30490   87 2927   43.00000   30.58886  28.9%   961 6905s
 10240  8765   41.26020  417 3007   43.00000   30.60024  28.8%   960 6911s
 10241  8765   31.06525   34 3004   43.00000   30.60024  28.8%   960 6948s
 10242  8766   31.97744   44 2620   43.00000   30.60402  28.8%   960 7003s
 10243  8767   41.00000  197 2885   43.00000   30.60402  28.8%   960 7047s
 10244  8767   39.17534  234 2799   43.00000   30.61329  28.8%   960 7099s
 10245  8768   32.74189   56 2994   43.00000   30.61329  28.8%   960 7136s
 10246  8769   39.08376  231 2803   43.00000   30.61420  28.8%   960 7181s
 10248  8770   36.50890  112 2917   43.00000   30.61420  28.8%   960 7186s
 10250  8771   33.13527   55 2985   43.00000   30.62610  28.8%   959 7190s

Cutting planes:
  Learned: 11
  Gomory: 2
  Cover: 302
  Implied bound: 627
  Projected implied bound: 3
  Clique: 324
  MIR: 88
  Mixing: 2
  StrongCG: 12
  Flow cover: 448
  GUB cover: 207
  Zero half: 44
  RLT: 86
  Relax-and-lift: 388
  BQP: 7

Explored 10251 nodes (10654219 simplex iterations) in 7199.14 seconds (11192.89 work units)
Thread count was 1 (of 16 available processors)

Solution count 10: 43 43 44 ... 48

Time limit reached
Best objective 4.300000000000e+01, best bound 3.100000000000e+01, gap 27.9070%

User-callback calls 1175464, time in user-callback 2.08 sec

 sepatime0 0 0
43.0
Stat(MathOptInterface.TIME_LIMIT, 43.0, 31.0, 0.27906976744186046, 0.0, 1.024729, 7199.14111995697, 10251, Main.CFLG.LEFP, "", #undef)
