Data path: /scratch/opt/lxu/CFLG/benchmarks/tree_A
Instance: treeA.300.30
Result path: /scratch/opt/lxu/CFLG/results/tree_A
Solver: Gurobi
Time limit: 7200
Formulation: LEFPA
Cover: Large
julia --project=. src/main.jl /scratch/opt/lxu/CFLG/benchmarks/tree_A treeA.300.30 /scratch/opt/lxu/CFLG/results/tree_A Gurobi 7200 LEFPA Large
The latest version of Julia in the `release` channel is 1.11.5+0.x64.linux.gnu. You currently have `1.11.4+0.x64.linux.gnu` installed. Run:

  juliaup update

in your terminal shell to install Julia 1.11.5+0.x64.linux.gnu and update the `release` channel to that version.
/scratch/opt/lxu/CFLG/benchmarks/tree_A Gurobi 7200.0 /scratch/opt/lxu/CFLG/results/tree_A treeA.300.30 LEFPA Large
/scratch/opt/lxu/CFLG/benchmarks/tree_A/treeA.300.30

 read graph
data loaded

problem_graph/original graph: node: 300/300 edge: 329/329 dlt: 2.9890589700229544 break_avg_len: 1.4945294850114772 break_max_len: 1.9970764156328928Vbar/V, Ebar/E(157, 300, 186, 329)
(Dict{Int64, Bool}(230 => 1, 16 => 1, 81 => 1, 110 => 1, 79 => 1, 195 => 0, 30 => 1, 32 => 1, 136 => 0, 291 => 1, 215 => 1, 135 => 1, 217 => 1, 282 => 1, 272 => 1, 233 => 0, 182 => 1, 31 => 1, 275 => 1, 112 => 1, 186 => 0, 94 => 1, 29 => 1, 4 => 1, 207 => 1, 62 => 1, 244 => 0, 192 => 0, 58 => 1, 177 => 1, 72 => 1, 184 => 1, 37 => 1, 53 => 1, 277 => 1, 83 => 0, 41 => 1, 300 => 1, 175 => 1, 36 => 1, 99 => 1, 98 => 0, 237 => 0, 82 => 1, 85 => 1, 206 => 1, 118 => 0, 198 => 1, 288 => 0, 162 => 1, 80 => 1, 299 => 1, 33 => 1, 143 => 1, 50 => 1, 243 => 1, 113 => 1, 2 => 1, 296 => 1, 174 => 0, 261 => 1, 240 => 0, 284 => 1, 127 => 1), Dict(230 => 1.47585524904452, 16 => 1.2972588094013988, 81 => 1.7439738351996974, 110 => 1.5606852166544605, 79 => 2.6338041196912023, 195 => 1.8230820443143023, 30 => 1.650612066961477, 32 => 2.703697861914497, 136 => 0.31491154230351137, 291 => 2.5187819671941165, 215 => 1.736531005460508, 135 => 1.8192498787364408, 217 => 1.5037019879681455, 282 => 1.7626210617953295, 272 => 1.1979346184419932, 233 => 0.3862354049699337, 182 => 1.0205388286065578, 31 => 2.961592549777181, 275 => 1.4325844805557297, 112 => 1.8698050996641808, 186 => 0.1919183459452216, 94 => 1.789073584851188, 29 => 1.0005705377511838, 4 => 1.3854873149674436, 207 => 1.4491270237216198, 62 => 2.1828164986875764, 244 => 1.0032976723098397, 192 => 2.9650810576994466, 58 => 2.7365814384409544, 177 => 1.1662702835705705, 72 => 1.529689444891848, 184 => 1.3094784630456648, 37 => 0.0999664795228945, 53 => 1.3600588047681255, 277 => 1.5992865392001019, 83 => 2.235841175885371, 41 => 1.8044177088468414, 300 => 1.852115931251257, 175 => 1.64350856669482, 36 => 2.389564185664841, 99 => 1.6265820606473937, 98 => 1.7908586444789485, 237 => 1.5010579274174498, 82 => 1.7795640248732503, 85 => 1.0663072574104855, 206 => 2.340634419877118, 118 => 1.4703974759709855, 198 => 1.5866237424688323, 288 => 1.72349105379908, 162 => 1.8449981471821275, 80 => 1.7355438715445397, 299 => 1.3820840562437344, 33 => 1.2927468807100735, 143 => 1.9613836195161216, 50 => 1.0769874422178523, 243 => 1.9586685593770583, 113 => 1.4789174923813766, 2 => 1.6735047838598376, 296 => 1.109288848570205, 174 => 0.28784623983087654, 261 => 2.6644994163617466, 240 => 0.013256328801679373, 284 => 2.660471134506431, 127 => 1.5348130653416996))Set parameter TokenServer to value "solice01.zib.de"
Set parameter Threads to value 1
Set parameter OutputFlag to value 1
Gurobi Optimizer version 12.0.1 build v12.0.1rc0 (linux64 - "Debian GNU/Linux 12 (bookworm)")

CPU model: Intel(R) Xeon(R) Gold 5122 CPU @ 3.60GHz, instruction set [SSE2|AVX|AVX2|AVX512]
Thread count: 8 physical cores, 16 logical processors, using up to 1 threads

Non-default parameters:
Threads  1

Optimize a model with 471 rows, 750 columns and 1250 nonzeros
Model fingerprint: 0x02f0d485
Coefficient statistics:
  Matrix range     [1e+00, 1e+00]
  Objective range  [1e+00, 1e+00]
  Bounds range     [1e+00, 1e+00]
  RHS range        [1e+00, 1e+00]
Presolve removed 471 rows and 750 columns
Presolve time: 0.00s
Presolve: All rows and columns removed
Iteration    Objective       Primal Inf.    Dual Inf.      Time
       0    6.4000000e+01   0.000000e+00   0.000000e+00      0s

Solved in 0 iterations and 0.00 seconds (0.00 work units)
Optimal objective  6.400000000e+01

User-callback calls 35, time in user-callback 0.01 sec
elapsed CPU time: 1.952348 seconds
Set parameter TokenServer to value "solice01.zib.de"
Set parameter Threads to value 1
Set parameter OutputFlag to value 1
Set parameter MIPGap to value 0.0001
Set parameter TimeLimit to value 7198.047652

 more cuts: false 2.9890589700229544 false
is_attach:trueformulation:LEFPA0 250 0

 model loaded

Min ye[1] + ye[2] + ye[3] + ye[4] + ye[5] + ye[6] + ye[7] + ye[8] + ye[9] + ye[10] + ye[11] + ye[12] + ye[13] + ye[14] + ye[15] + ye[16] + ye[17] + ye[18] + ye[19] + ye[20] + ye[21] + ye[22] + ye[23] + ye[24] + ye[25] + ye[26] + ye[27] + ye[28] + ye[29] + ye[30] + [[...347 terms omitted...]] + yv[192] + yv[193] + yv[194] + yv[195] + yv[196] + yv[197] + yv[198] + yv[199] + yv[200] + yv[201] + yv[202] + yv[203] + yv[204] + yv[205] + yv[206] + yv[207] + yv[208] + yv[209] + yv[210] + yv[211] + yv[212] + yv[213] + yv[214] + yv[215] + yv[216] + yv[217] + yv[218] + yv[219] + yv[220] + yv[221] + 20
Subject to
 q[1,a] ≥ 0
 q[2,a] ≥ 0
 q[3,a] ≥ 0
 q[4,a] ≥ 0
 q[5,a] ≥ 0
 q[6,a] ≥ 0
 q[7,a] ≥ 0
 q[8,a] ≥ 0
 q[9,a] ≥ 0
 q[10,a] ≥ 0
 q[11,a] ≥ 0
 q[12,a] ≥ 0
 q[13,a] ≥ 0
 q[14,a] ≥ 0
 q[15,a] ≥ 0
 q[16,a] ≥ 0
 q[17,a] ≥ 0
 q[18,a] ≥ 0
 q[19,a] ≥ 0
 q[20,a] ≥ 0
 q[21,a] ≥ 0
 q[22,a] ≥ 0
 q[23,a] ≥ 0
 q[24,a] ≥ 0
 q[25,a] ≥ 0
 q[26,a] ≥ 0
 q[27,a] ≥ 0
 q[28,a] ≥ 0
 q[29,a] ≥ 0
 q[30,a] ≥ 0
 q[31,a] ≥ 0
 q[32,a] ≥ 0
 q[33,a] ≥ 0
 q[34,a] ≥ 0
 q[35,a] ≥ 0
 q[36,a] ≥ 0
 q[37,a] ≥ 0
 q[38,a] ≥ 0
 q[39,a] ≥ 0
 q[40,a] ≥ 0
 q[41,a] ≥ 0
 q[42,a] ≥ 0
 q[43,a] ≥ 0
 q[44,a] ≥ 0
 q[45,a] ≥ 0
 q[46,a] ≥ 0
 q[47,a] ≥ 0
 q[48,a] ≥ 0
 q[49,a] ≥ 0
 q[50,a] ≥ 0
[[...11972 constraints skipped...]]
 q[201,a] = 0
 q[202,a] = 1.9857612977131147
 q[203,a] = 0
 q[204,a] = 0
 q[205,a] = 0
 q[206,a] = 0
 q[207,a] = 0
 q[208,a] = 0
 q[209,a] = 1.198200325544006
 q[210,a] = 0
 q[211,a] = 0
 q[212,a] = 1.518661494051969
 q[213,a] = 0
 q[214,a] = 0
 q[215,a] = 0
 q[216,a] = 0
 q[217,a] = 0
 q[218,a] = 0
 q[219,a] = 2.975802641221275
 q[220,a] = 0
 q[221,a] = 0
 q[222,a] = 0
 q[223,a] = 0
 q[224,a] = 0
 q[225,a] = 1.165976925708652
 q[226,a] = 0
 q[227,a] = 0
 q[228,a] = 0
 q[229,a] = 0
 q[230,a] = 0
 q[231,a] = 0
 q[232,a] = 0.023977912323507766
 q[233,a] = 0
 q[234,a] = 0
 q[235,a] = 0
 q[236,a] = 0
 q[237,a] = 0.7532177941375835
 q[238,a] = 0
 q[239,a] = 0
 q[240,a] = 1.4880010426055046
 q[241,a] = 0
 q[242,a] = 0
 q[243,a] = 1.2655679162238744
 q[244,a] = 0
 q[245,a] = 0
 q[246,a] = 0
 q[247,a] = 0
 q[248,a] = 0
 q[249,a] = 2.701212730192078
 q[250,a] = 0
Gurobi Optimizer version 12.0.1 build v12.0.1rc0 (linux64 - "Debian GNU/Linux 12 (bookworm)")

CPU model: Intel(R) Xeon(R) Gold 5122 CPU @ 3.60GHz, instruction set [SSE2|AVX|AVX2|AVX512]
Thread count: 8 physical cores, 16 logical processors, using up to 1 threads

Non-default parameters:
TimeLimit  7198.047652
Threads  1

Optimize a model with 7126 rows, 4225 columns and 19645 nonzeros
Model fingerprint: 0xbc5d20cd
Variable types: 721 continuous, 3504 integer (3504 binary)
Coefficient statistics:
  Matrix range     [1e-06, 6e+00]
  Objective range  [1e+00, 1e+00]
  Bounds range     [2e-02, 3e+00]
  RHS range        [1e-06, 6e+00]
Presolve removed 3569 rows and 1981 columns
Presolve time: 0.13s
Presolved: 3557 rows, 2244 columns, 15812 nonzeros
Variable types: 366 continuous, 1878 integer (1878 binary)
Found heuristic solution: objective 205.0000000
Found heuristic solution: objective 204.0000000
Found heuristic solution: objective 139.0000000

Root relaxation: objective 4.520974e+01, 2228 iterations, 0.04 seconds (0.04 work units)

    Nodes    |    Current Node    |     Objective Bounds      |     Work
 Expl Unexpl |  Obj  Depth IntInf | Incumbent    BestBd   Gap | It/Node Time

     0     0   45.20974    0  622  139.00000   45.20974  67.5%     -    0s
H    0     0                     130.0000000   45.20974  65.2%     -    0s
H    0     0                      94.0000000   45.20974  51.9%     -    0s
H    0     0                      93.0000000   45.20974  51.4%     -    0s
H    0     0                      92.0000000   45.20974  50.9%     -    0s
     0     0   50.56323    0  657   92.00000   50.56323  45.0%     -    0s
H    0     0                      91.0000000   50.62677  44.4%     -    0s
     0     0   50.66153    0  669   91.00000   50.66153  44.3%     -    0s
     0     0   50.71365    0  669   91.00000   50.71365  44.3%     -    0s
     0     0   50.71528    0  672   91.00000   50.71528  44.3%     -    0s
     0     0   50.71528    0  672   91.00000   50.71528  44.3%     -    0s
     0     0   52.81211    0  638   91.00000   52.81211  42.0%     -    0s
H    0     0                      90.0000000   52.84860  41.3%     -    0s
H    0     0                      89.0000000   52.84860  40.6%     -    0s
H    0     0                      88.0000000   52.84860  39.9%     -    0s
     0     0   53.02107    0  630   88.00000   53.02107  39.7%     -    0s
     0     0   53.03711    0  637   88.00000   53.03711  39.7%     -    0s
     0     0   53.03877    0  639   88.00000   53.03877  39.7%     -    0s
     0     0   55.96811    0  620   88.00000   55.96811  36.4%     -    0s
H    0     0                      83.0000000   55.96811  32.6%     -    0s
H    0     0                      82.0000000   55.96811  31.7%     -    0s
H    0     0                      81.0000000   55.96811  30.9%     -    0s
     0     0   55.97204    0  599   81.00000   55.97204  30.9%     -    0s
     0     0   55.97204    0  598   81.00000   55.97204  30.9%     -    0s
     0     0   56.93129    0  574   81.00000   56.93129  29.7%     -    0s
H    0     0                      80.0000000   56.93129  28.8%     -    0s
     0     0   56.98348    0  582   80.00000   56.98348  28.8%     -    0s
     0     0   56.98890    0  572   80.00000   56.98890  28.8%     -    0s
     0     0   56.98890    0  573   80.00000   56.98890  28.8%     -    0s
     0     0   57.00999    0  591   80.00000   57.00999  28.7%     -    0s
H    0     0                      78.0000000   57.00999  26.9%     -    0s
H    0     0                      77.0000000   57.00999  26.0%     -    0s
     0     0   57.00999    0  595   77.00000   57.00999  26.0%     -    0s
     0     0   57.18786    0  570   77.00000   57.18786  25.7%     -    1s
H    0     0                      72.0000000   57.18786  20.6%     -    1s
H    0     0                      71.0000000   57.18786  19.5%     -    1s
     0     0   57.20080    0  575   71.00000   57.20080  19.4%     -    1s
     0     0   57.20080    0  573   71.00000   57.20080  19.4%     -    1s
     0     0   57.20690    0  578   71.00000   57.20690  19.4%     -    1s
     0     0   57.20690    0  579   71.00000   57.20690  19.4%     -    1s
     0     0   57.20690    0  547   71.00000   57.20690  19.4%     -    1s
     0     0   57.20690    0  284   71.00000   57.20690  19.4%     -    1s
H    0     0                      70.0000000   57.25675  18.2%     -    1s
H    0     0                      68.0000000   57.25675  15.8%     -    1s
H    0     0                      67.0000000   57.25675  14.5%     -    1s
H    0     0                      66.0000000   57.25675  13.2%     -    1s
     0     2   57.27100    0  261   66.00000   57.27100  13.2%     -    1s
H  432   284                      65.0000000   57.71972  11.2%  29.3    2s
H  571   359                      64.0000000   57.75000  9.77%  27.7    2s
   596   375   60.52231   11  347   64.00000   60.52231  5.43%  26.6    5s
   711   437   61.19828   21  250   64.00000   61.19828  4.38%   136   10s
* 1226   295              74      63.0000000   61.50000  2.38%  94.7   13s
  1478   236   61.62916   36  164   63.00000   61.53977  2.32%  86.7   15s
  2553   120   62.00000   41  121   63.00000   62.00000  1.59%  68.8   20s
  3795   224   62.00000   35   92   63.00000   62.00000  1.59%  63.4   25s
  5240   331   62.00000   46   86   63.00000   62.00000  1.59%  56.1   30s
  7107   344   62.00000   38  141   63.00000   62.00000  1.59%  48.9   35s
  9141   360     cutoff   46        63.00000   62.00000  1.59%  44.7   40s
 10202   365   62.00000   33  137   63.00000   62.00000  1.59%  44.4   52s
 11213   381     cutoff   68        63.00000   62.00000  1.59%  43.2   55s
 12748   294   62.00000   66  161   63.00000   62.00000  1.59%  43.2   60s
 14436   259   62.00000   48  162   63.00000   62.00000  1.59%  42.0   65s
 16115   140   62.00000   48  155   63.00000   62.00000  1.59%  41.7   70s
 17867    59   62.00000   51  124   63.00000   62.00000  1.59%  40.6   75s

Cutting planes:
  Learned: 2
  Gomory: 26
  Lift-and-project: 14
  Cover: 87
  Implied bound: 40
  Dual implied bound: 1
  Clique: 6
  MIR: 82
  Mixing: 6
  StrongCG: 10
  Flow cover: 270
  GUB cover: 49
  Inf proof: 3
  Zero half: 79
  RLT: 36
  Relax-and-lift: 10
  BQP: 14

Explored 19739 nodes (788745 simplex iterations) in 79.88 seconds (53.43 work units)
Thread count was 1 (of 16 available processors)

Solution count 10: 63 64 64 ... 72

Optimal solution found (tolerance 1.00e-04)
Best objective 6.300000000000e+01, best bound 6.300000000000e+01, gap 0.0000%

User-callback calls 76708, time in user-callback 0.10 sec

 sepatime0 0 0
63.0Stat(MathOptInterface.OPTIMAL, 63.0, 63.0, 0.0, 0.0, 1.952348, 79.87605118751526, 19739, Main.CFLG.LEFPA, "", #undef)
