Data path: /scratch/opt/lxu/CFLG/benchmarks/Kgroup_A
Instance: K100.4.con.red
Result path: /scratch/opt/lxu/CFLG/results/Kgroup_A
Solver: Gurobi
Time limit: 7200
Formulation: EF
Cover: Small
julia --project=. src/main.jl /scratch/opt/lxu/CFLG/benchmarks/Kgroup_A K100.4.con.red /scratch/opt/lxu/CFLG/results/Kgroup_A Gurobi 7200 EF Small
The latest version of Julia in the `release` channel is 1.11.5+0.x64.linux.gnu. You currently have `1.11.4+0.x64.linux.gnu` installed. Run:

  juliaup update

in your terminal shell to install Julia 1.11.5+0.x64.linux.gnu and update the `release` channel to that version.
/scratch/opt/lxu/CFLG/benchmarks/Kgroup_A Gurobi 7200.0 /scratch/opt/lxu/CFLG/results/Kgroup_A K100.4.con.red EF Small
/scratch/opt/lxu/CFLG/benchmarks/Kgroup_A/K100.4.con.red

 read graph
data loaded


after absorb:29 29

max_piece:14
problem_graph/original graph: node: 423/29 edge: 507/113 dlt: 0.07656427576270303 break_avg_len: 0.06825848647878077 break_max_len: 0.0765236963861448elapsed CPU time: 0.170188 seconds
Set parameter TokenServer to value "solice01.zib.de"
Set parameter Threads to value 1
Set parameter OutputFlag to value 1
Set parameter MIPGap to value 0.0001
Set parameter MIPGapAbs to value 1
Set parameter TimeLimit to value 7199.829812
slurmstepd-htc-cmp484: error: Detected 1 oom_kill event in StepId=12774223.0. Some of the step tasks have been OOM Killed.
srun: error: htc-cmp484: task 0: Out Of Memory
