Data path: /scratch/opt/lxu/CFLG/benchmarks/random_A
Instance: r_10_0.4_13.txt
Result path: /scratch/opt/lxu/CFLG/results/random_A
Solver: Gurobi
Time limit: 7200
Formulation: LEFPD
Cover: Small
julia --project=. src/main.jl /scratch/opt/lxu/CFLG/benchmarks/random_A r_10_0.4_13.txt /scratch/opt/lxu/CFLG/results/random_A Gurobi 7200 LEFPD Small
The latest version of Julia in the `release` channel is 1.11.5+0.x64.linux.gnu. You currently have `1.11.4+0.x64.linux.gnu` installed. Run:

  juliaup update

in your terminal shell to install Julia 1.11.5+0.x64.linux.gnu and update the `release` channel to that version.
/scratch/opt/lxu/CFLG/benchmarks/random_A Gurobi 7200.0 /scratch/opt/lxu/CFLG/results/random_A r_10_0.4_13.txt LEFPD Small
/scratch/opt/lxu/CFLG/benchmarks/random_A/r_10_0.4_13.txt

 read graph
data loaded


after absorb:7 10

max_piece:8
problem_graph/original graph: node: 7/10 edge: 10/13 dlt: 0.1228897293128583 break_avg_len: 0.6390265924268632 break_max_len: 0.9618411558093726Set parameter TokenServer to value "solice01.zib.de"
Set parameter Threads to value 1
Set parameter OutputFlag to value 1
Gurobi Optimizer version 12.0.1 build v12.0.1rc0 (linux64 - "Debian GNU/Linux 12 (bookworm)")

CPU model: Intel(R) Xeon(R) Gold 5122 CPU @ 3.60GHz, instruction set [SSE2|AVX|AVX2|AVX512]
Thread count: 8 physical cores, 16 logical processors, using up to 1 threads

Non-default parameters:
Threads  1

Optimize a model with 17 rows, 30 columns and 50 nonzeros
Model fingerprint: 0xe2f703bd
Coefficient statistics:
  Matrix range     [1e+00, 1e+00]
  Objective range  [1e+00, 1e+00]
  Bounds range     [1e+00, 1e+00]
  RHS range        [1e+00, 1e+00]
Presolve removed 17 rows and 30 columns
Presolve time: 0.02s
Presolve: All rows and columns removed
Iteration    Objective       Primal Inf.    Dual Inf.      Time
       0    1.0000000e+00   0.000000e+00   0.000000e+00      0s

Solved in 0 iterations and 0.02 seconds (0.00 work units)
Optimal objective  1.000000000e+00

User-callback calls 36, time in user-callback 0.01 sec
elapsed CPU time: 1.234594 seconds
Set parameter TokenServer to value "solice01.zib.de"
Set parameter Threads to value 1
Set parameter OutputFlag to value 1
Set parameter MIPGap to value 0.0001
Set parameter MIPGapAbs to value 0.999998
Set parameter TimeLimit to value 7198.765406

 more cuts:falsefalse
0 1
formulation:LEFPD10 0 0

 model loaded

Gurobi Optimizer version 12.0.1 build v12.0.1rc0 (linux64 - "Debian GNU/Linux 12 (bookworm)")

CPU model: Intel(R) Xeon(R) Gold 5122 CPU @ 3.60GHz, instruction set [SSE2|AVX|AVX2|AVX512]
Thread count: 8 physical cores, 16 logical processors, using up to 1 threads

Non-default parameters:
TimeLimit  7198.765406
MIPGapAbs  0.999998
Threads  1

Optimize a model with 166 rows, 111 columns and 347 nonzeros
Model fingerprint: 0xb05d412f
Variable types: 47 continuous, 64 integer (64 binary)
Coefficient statistics:
  Matrix range     [2e-03, 1e+00]
  Objective range  [1e+00, 1e+00]
  Bounds range     [1e-01, 1e+00]
  RHS range        [9e-03, 1e+00]
Found heuristic solution: objective 29.0000000
Presolve removed 100 rows and 42 columns
Presolve time: 0.01s
Presolved: 66 rows, 69 columns, 205 nonzeros
Variable types: 42 continuous, 27 integer (27 binary)

Root relaxation: objective 2.204574e+01, 61 iterations, 0.00 seconds (0.00 work units)

    Nodes    |    Current Node    |     Objective Bounds      |     Work
 Expl Unexpl |  Obj  Depth IntInf | Incumbent    BestBd   Gap | It/Node Time

     0     0   22.04574    0   18   29.00000   22.04574  24.0%     -    0s
H    0     0                      26.0000000   22.04574  15.2%     -    0s
     0     0   23.20673    0   18   26.00000   23.20673  10.7%     -    0s
     0     0   23.22145    0   16   26.00000   23.22145  10.7%     -    0s
     0     0   24.00000    0   13   26.00000   24.00000  7.69%     -    0s
     0     0   24.00000    0   13   26.00000   24.00000  7.69%     -    0s
     0     0   24.00000    0   14   26.00000   24.00000  7.69%     -    0s
     0     0   24.00000    0   14   26.00000   24.00000  7.69%     -    0s
     0     0   24.00000    0    4   26.00000   24.00000  7.69%     -    0s
     0     0   24.00000    0   10   26.00000   24.00000  7.69%     -    0s
     0     0   24.00000    0   13   26.00000   24.00000  7.69%     -    0s
     0     0   24.00000    0    5   26.00000   24.00000  7.69%     -    0s
     0     2   24.00000    0    5   26.00000   24.00000  7.69%     -    0s
H    6     4                      25.0000000   24.00000  4.00%  12.5    0s

Cutting planes:
  Cover: 10
  Implied bound: 3
  Clique: 2
  MIR: 6
  Flow cover: 2
  RLT: 1

Explored 13 nodes (710 simplex iterations) in 0.10 seconds (0.02 work units)
Thread count was 1 (of 16 available processors)

Solution count 3: 25 26 29 

Optimal solution found (tolerance 1.00e-04)
Best objective 2.500000000000e+01, best bound 2.500000000000e+01, gap 0.0000%

User-callback calls 632, time in user-callback 0.00 sec

 sepatime0 0 0
25.0Stat(MathOptInterface.OPTIMAL, 25.0, 25.0, 0.0, 0.0, 1.234594, 0.10022306442260742, 13, Main.CFLG.LEFPD, "", #undef)
