Data path: /scratch/opt/lxu/CFLG/benchmarks/tree_A
Instance: treeA.300.45
Result path: /scratch/opt/lxu/CFLG/results/tree_A
Solver: Gurobi
Time limit: 7200
Formulation: LEFPAD
Cover: Large
julia --project=. src/main.jl /scratch/opt/lxu/CFLG/benchmarks/tree_A treeA.300.45 /scratch/opt/lxu/CFLG/results/tree_A Gurobi 7200 LEFPAD Large
The latest version of Julia in the `release` channel is 1.11.5+0.x64.linux.gnu. You currently have `1.11.4+0.x64.linux.gnu` installed. Run:

  juliaup update

in your terminal shell to install Julia 1.11.5+0.x64.linux.gnu and update the `release` channel to that version.
/scratch/opt/lxu/CFLG/benchmarks/tree_A Gurobi 7200.0 /scratch/opt/lxu/CFLG/results/tree_A treeA.300.45 LEFPAD Large
/scratch/opt/lxu/CFLG/benchmarks/tree_A/treeA.300.45

 read graph
data loaded

problem_graph/original graph: node: 300/300 edge: 344/344 dlt: 2.9599043285902895 break_avg_len: 1.4799521642951448 break_max_len: 1.9943078919075363Vbar/V, Ebar/E(173, 300, 217, 344)
Set parameter TokenServer to value "solice01.zib.de"
Set parameter Threads to value 1
Set parameter OutputFlag to value 1
Gurobi Optimizer version 12.0.1 build v12.0.1rc0 (linux64 - "Debian GNU/Linux 12 (bookworm)")

CPU model: Intel(R) Xeon(R) Gold 5122 CPU @ 3.60GHz, instruction set [SSE2|AVX|AVX2|AVX512]
Thread count: 8 physical cores, 16 logical processors, using up to 1 threads

Non-default parameters:
Threads  1

Optimize a model with 512 rows, 834 columns and 1390 nonzeros
Model fingerprint: 0x2630968d
Coefficient statistics:
  Matrix range     [1e+00, 1e+00]
  Objective range  [1e+00, 1e+00]
  Bounds range     [1e+00, 1e+00]
  RHS range        [1e+00, 1e+00]
Presolve removed 512 rows and 834 columns
Presolve time: 0.00s
Presolve: All rows and columns removed
Iteration    Objective       Primal Inf.    Dual Inf.      Time
       0    6.1000000e+01   0.000000e+00   0.000000e+00      0s

Solved in 0 iterations and 0.00 seconds (0.00 work units)
Optimal objective  6.100000000e+01

User-callback calls 35, time in user-callback 0.00 sec
elapsed CPU time: 1.218317 seconds
Set parameter TokenServer to value "solice01.zib.de"
Set parameter Threads to value 1
Set parameter OutputFlag to value 1
Set parameter MIPGap to value 0.0001
Set parameter MIPGapAbs to value 0.999998
Set parameter TimeLimit to value 7198.781683

 more cuts: false 2.9599043285902895 false
is_attach:trueformulation:LEFPAD0 278 0

 model loaded

Gurobi Optimizer version 12.0.1 build v12.0.1rc0 (linux64 - "Debian GNU/Linux 12 (bookworm)")

CPU model: Intel(R) Xeon(R) Gold 5122 CPU @ 3.60GHz, instruction set [SSE2|AVX|AVX2|AVX512]
Thread count: 8 physical cores, 16 logical processors, using up to 1 threads

Non-default parameters:
TimeLimit  7198.781683
MIPGapAbs  0.999998
Threads  1

Optimize a model with 11867 rows, 8214 columns and 33526 nonzeros
Model fingerprint: 0x68ca464b
Variable types: 3990 continuous, 4224 integer (4224 binary)
Coefficient statistics:
  Matrix range     [9e-04, 3e+00]
  Objective range  [1e+00, 1e+00]
  Bounds range     [8e-02, 3e+00]
  RHS range        [1e-06, 3e+00]
Presolve removed 5229 rows and 2955 columns
Presolve time: 0.12s
Presolved: 6638 rows, 5259 columns, 20983 nonzeros
Variable types: 2648 continuous, 2611 integer (2611 binary)

Root relaxation: objective 5.291861e+01, 4165 iterations, 0.08 seconds (0.09 work units)

    Nodes    |    Current Node    |     Objective Bounds      |     Work
 Expl Unexpl |  Obj  Depth IntInf | Incumbent    BestBd   Gap | It/Node Time

     0     0   52.91861    0  591          -   52.91861      -     -    0s
H    0     0                     130.0000000   52.91861  59.3%     -    0s
H    0     0                     118.0000000   52.91861  55.2%     -    0s
H    0     0                     117.0000000   52.91861  54.8%     -    0s
H    0     0                     114.0000000   52.91861  53.6%     -    0s
     0     0   59.81718    0  766  114.00000   59.81718  47.5%     -    0s
     0     0   60.21720    0  742  114.00000   60.21720  47.2%     -    0s
     0     0   60.40813    0  730  114.00000   60.40813  47.0%     -    0s
     0     0   60.44163    0  762  114.00000   60.44163  47.0%     -    0s
     0     0   60.45974    0  751  114.00000   60.45974  47.0%     -    0s
H    0     0                     105.0000000   60.53711  42.3%     -    0s
     0     0   60.60871    0  727  105.00000   60.60871  42.3%     -    1s
     0     0   60.60877    0  724  105.00000   60.60877  42.3%     -    1s
     0     0   60.62074    0  737  105.00000   60.62074  42.3%     -    1s
     0     0   60.62247    0  756  105.00000   60.62247  42.3%     -    1s
     0     0   62.28386    0  813  105.00000   62.28386  40.7%     -    1s
H    0     0                     104.0000000   62.28917  40.1%     -    1s
     0     0   62.50714    0  810  104.00000   62.50714  39.9%     -    1s
     0     0   62.52999    0  843  104.00000   62.52999  39.9%     -    1s
     0     0   62.53363    0  854  104.00000   62.53363  39.9%     -    1s
     0     0   62.53445    0  864  104.00000   62.53445  39.9%     -    1s
     0     0   64.94615    0  744  104.00000   64.94615  37.6%     -    2s
     0     0   64.95956    0  757  104.00000   64.95956  37.5%     -    2s
H    0     0                     103.0000000   64.97000  36.9%     -    2s
     0     0   65.34131    0  734  103.00000   65.34131  36.6%     -    2s
     0     0   65.35354    0  765  103.00000   65.35354  36.5%     -    2s
     0     0   65.35354    0  764  103.00000   65.35354  36.5%     -    2s
     0     0   65.35756    0  750  103.00000   65.35756  36.5%     -    2s
     0     0   66.61561    0  717  103.00000   66.61561  35.3%     -    2s
     0     0   66.70250    0  726  103.00000   66.70250  35.2%     -    2s
     0     0   66.72121    0  751  103.00000   66.72121  35.2%     -    2s
     0     0   66.73041    0  708  103.00000   66.73041  35.2%     -    2s
     0     0   66.73053    0  740  103.00000   66.73053  35.2%     -    2s
     0     0   66.96609    0  730  103.00000   66.96609  35.0%     -    2s
H    0     0                     102.0000000   66.96609  34.3%     -    2s
     0     0   66.99552    0  736  102.00000   66.99552  34.3%     -    2s
     0     0   66.99552    0  736  102.00000   66.99552  34.3%     -    2s
     0     0   67.00053    0  740  102.00000   67.00053  34.3%     -    2s
     0     0   67.07281    0  744  102.00000   67.07281  34.2%     -    3s
     0     0   67.07426    0  754  102.00000   67.07426  34.2%     -    3s
H    0     0                      99.0000000   67.07426  32.2%     -    3s
H    0     0                      98.0000000   67.07426  31.6%     -    3s
H    0     0                      96.0000000   67.07426  30.1%     -    3s
H    0     0                      95.0000000   67.07426  29.4%     -    3s
     0     0   67.07688    0  767   95.00000   67.07688  29.4%     -    3s
     0     0   67.09389    0  812   95.00000   67.09389  29.4%     -    3s
     0     0   67.10394    0  777   95.00000   67.10394  29.4%     -    3s
     0     0   67.11115    0  755   95.00000   67.11115  29.4%     -    3s
     0     0   67.11595    0  780   95.00000   67.11595  29.4%     -    3s
     0     0   67.12364    0  819   95.00000   67.12364  29.3%     -    3s
     0     0   67.12591    0  613   95.00000   67.12591  29.3%     -    3s
H    0     0                      92.0000000   67.12591  27.0%     -    3s
H    0     0                      91.0000000   67.12591  26.2%     -    3s
H    0     0                      88.0000000   67.12591  23.7%     -    4s
H    0     0                      87.0000000   67.12591  22.8%     -    4s
H    0     0                      86.0000000   67.12591  21.9%     -    4s
H    0     0                      85.0000000   67.12591  21.0%     -    4s
H    0     0                      84.0000000   67.12591  20.1%     -    4s
     0     2   67.13006    0  595   84.00000   67.13006  20.1%     -    4s
H   26    24                      82.9999996   67.13006  19.1%   257    4s
    33    31   70.24718   20  467   83.00000   67.13006  19.1%   258    5s
H  244   151                      80.0000000   67.20837  16.0%  85.2    8s
   416   296   67.78728    3  633   80.00000   67.31151  15.9%  96.0   10s
   569   435   76.54116  119  593   80.00000   69.84817  12.7%  93.5   15s
   595   453   74.07852   69  496   80.00000   72.21154  9.74%  89.4   20s
   619   469   74.68378   80  500   80.00000   72.51539  9.36%  85.9   25s
H  626   448                      79.0000000   72.63209  8.06%  85.0   27s
   640   458   72.97899   32  512   79.00000   72.97899  7.62%  83.1   30s
   664   475   73.62031   71  399   79.00000   73.62031  6.81%   303   35s
   686   490   75.98767   93  552   79.00000   73.62031  6.81%   293   40s
   703   501   75.49652   90  351   79.00000   73.77499  6.61%   286   45s
   758   539   76.11357   51  221   79.00000   73.84338  6.53%   427   50s
   940   630   76.16930   60  207   79.00000   73.91327  6.44%   368   55s
H 1008   560                      78.0000000   73.91436  5.24%   350   57s
  1073   593   73.95383   29  414   78.00000   73.95383  5.19%   336   60s
  1210   657   75.96056   56  185   78.00000   74.23005  4.83%   315   65s
  1545   762   75.46071   45  257   78.00000   74.33531  4.70%   267   70s
  2047   971   74.49305   33  386   78.00000   74.40103  4.61%   222   75s
  2407  1199   74.51642   32  376   78.00000   74.43214  4.57%   207   80s
  2812  1473   74.74864   34  384   78.00000   74.44660  4.56%   193   86s
  3082  1622   74.70769   39  353   78.00000   74.46194  4.54%   188   90s
  3559  1924   75.33025   38  256   78.00000   74.50813  4.48%   178   95s
  3941  2188   76.07743   54  148   78.00000   74.53611  4.44%   173  103s
H 4019  1061                      77.0000000   74.53794  3.20%   172  105s
  4439  1237   75.04860   34  306   77.00000   74.57792  3.15%   169  110s
  4891  1431   74.97572   41  264   77.00000   74.60096  3.12%   167  115s
  5393  1621   75.70258   48  250   77.00000   74.64966  3.05%   162  120s
  5739  1744   75.63450   44  251   77.00000   74.67260  3.02%   161  125s
  6110  1874   74.79468   43  289   77.00000   74.70588  2.98%   160  130s
  6483  2013   75.22766   39  248   77.00000   74.71902  2.96%   158  135s
  6815  2136   74.99716   41  288   77.00000   74.73661  2.94%   158  140s
  7170  2264   75.11147   38  388   77.00000   74.75906  2.91%   157  145s
  7559  2414   75.84061   46  236   77.00000   74.78137  2.88%   156  150s
  7921  2554   75.44929   40  290   77.00000   74.79609  2.86%   155  155s
  8329  2717   75.18825   36  351   77.00000   74.81239  2.84%   155  160s
  8754  2870   75.71231   40  267   77.00000   74.83061  2.82%   154  165s
  9216  3036   75.55613   42  265   77.00000   74.84811  2.79%   153  170s
  9559  3170   74.86182   39  394   77.00000   74.86182  2.78%   152  175s
 10004  3303   75.21142   40  307   77.00000   74.88723  2.74%   151  180s
 10203  3371   75.31672   44  613   77.00000   74.89344  2.74%   151  213s
 10215  3379   76.00000   50  352   77.00000   74.89344  2.74%   151  215s
 10227  3387   75.23922   45  482   77.00000   74.89344  2.74%   150  220s
 10237  3394   75.64172   51  512   77.00000   74.89344  2.74%   150  225s
 10248  3401   75.80450   44  497   77.00000   74.89344  2.74%   150  230s
 10257  3407   76.00000   51  404   77.00000   74.89344  2.74%   150  236s
 10264  3412   76.00000   50  332   77.00000   74.89344  2.74%   150  240s
 10273  3418   75.77165   50  442   77.00000   74.89344  2.74%   150  245s
 10283  3424   75.43228   47  461   77.00000   74.89344  2.74%   150  250s
 10293  3431   75.76224   47  399   77.00000   74.89344  2.74%   149  255s
 10302  3437   75.08271   40  490   77.00000   74.89344  2.74%   149  260s
 10310  3442   74.90666   39  484   77.00000   74.89344  2.74%   149  265s
 10317  3447   75.38630   42  389   77.00000   74.89344  2.74%   149  270s
 10327  3454   75.23922   45  388   77.00000   74.89344  2.74%   149  275s
 10333  3458   75.08370   40  470   77.00000   74.89344  2.74%   149  280s
 10341  3463   75.54144   48  379   77.00000   74.89344  2.74%   149  287s
 10348  3468   75.80450   44  499   77.00000   74.89344  2.74%   149  290s
 10358  3474   75.72726   54  410   77.00000   74.89344  2.74%   148  295s
 10378  3488   75.91623   46  381   77.00000   74.89344  2.74%   148  300s
 10397  3500   75.43302   46  453   77.00000   74.89344  2.74%   148  305s
 10416  3513   75.49265   42  474   77.00000   74.89344  2.74%   148  310s
 10429  3522   75.23870   44  383   77.00000   74.89344  2.74%   147  315s
 10529  3539   75.32616   45  233   77.00000   74.89344  2.74%   194  320s
 10699  3553   75.14373   44  227   77.00000   74.89344  2.74%   194  325s
 10821  3554   75.18519   45  307   77.00000   74.93468  2.68%   193  330s
 10918  3539   75.11644   44  339   77.00000   74.97251  2.63%   193  335s
 11039  3535   75.61755   48  214   77.00000   74.98496  2.62%   193  340s
 11200  3508   76.00000   59  283   77.00000   75.04615  2.54%   192  345s
 11380  3496   75.29487   46  372   77.00000   75.12743  2.43%   191  350s
 11574  3482   75.43352   53  312   77.00000   75.18551  2.36%   189  355s
 11785  3442   75.62617   51  331   77.00000   75.21275  2.32%   189  360s
 12071  3398   75.79347   53  274   77.00000   75.25051  2.27%   188  365s
 12427  3339   75.33348   52  232   77.00000   75.33348  2.16%   186  370s
 12717  3303   76.00000   49  231   77.00000   75.40759  2.07%   186  375s
 12898  3274   75.60165   47  202   77.00000   75.42952  2.04%   186  380s
 13300  3221   75.75654   60  285   77.00000   75.46048  2.00%   184  385s
 13769  3169   75.51852   57  169   77.00000   75.49722  1.95%   183  390s
 13925  3182     cutoff   62        77.00000   75.50000  1.95%   182  395s
 14491  3172   75.80047   61  289   77.00000   75.52771  1.91%   180  400s
 14976  3128   76.00000   61  116   77.00000   75.54558  1.89%   178  405s
 15497  3078     cutoff   58        77.00000   75.57853  1.85%   177  410s
 16001  3041   75.73180   55  338   77.00000   75.62681  1.78%   176  415s
 16379  2960   76.00000   50  274   77.00000   75.66667  1.73%   175  420s
 16801  2862   76.00000   64  114   77.00000   75.75042  1.62%   175  425s
 17278  2587   75.94686   56  330   77.00000   75.92455  1.40%   174  430s
 17819  2436   76.00000   79   85   77.00000   76.00000  1.30%   173  435s
 18222  2314   76.00000   78  111   77.00000   76.00000  1.30%   173  440s
 18715  2213     cutoff   77        77.00000   76.00000  1.30%   172  445s
 19162  2124   76.00000   75  140   77.00000   76.00000  1.30%   172  450s
 19640  1992     cutoff   83        77.00000   76.00000  1.30%   172  455s
 20142  1837   76.00000   81  118   77.00000   76.00000  1.30%   172  460s
 20608  1673   76.00000   76  104   77.00000   76.00000  1.30%   171  465s
 21045  1556   76.00000   83  102   77.00000   76.00000  1.30%   172  470s
 21508  1548     cutoff   88        77.00000   76.00000  1.30%   171  475s
 21993  1587 infeasible   79        77.00000   76.00000  1.30%   171  480s
 22448  1588   76.00002   88   99   77.00000   76.00000  1.30%   171  485s
 22865  1584   76.00000   77   90   77.00000   76.00000  1.30%   172  490s
 23312  1603   76.00000   79   64   77.00000   76.00000  1.30%   172  495s
 23846  1582   76.00000   89   45   77.00000   76.00000  1.30%   171  500s
 24246  1587   76.00000   90   55   77.00000   76.00000  1.30%   171  505s
 24781  1603   76.00000   85   67   77.00000   76.00000  1.30%   171  510s
 25313  1587   76.00000   84   83   77.00000   76.00000  1.30%   170  515s
 25776  1597     cutoff   89        77.00000   76.00000  1.30%   170  520s
 26246  1572   76.00000   64  163   77.00000   76.00000  1.30%   169  525s
 26793  1638   76.00000   87   77   77.00000   76.00000  1.30%   169  530s
 27308  1661     cutoff   81        77.00000   76.00000  1.30%   168  535s
 27918  1698   76.00000   80  107   77.00000   76.00000  1.30%   167  540s
 28511  1681   76.00000   86   81   77.00000   76.00000  1.30%   165  545s
 29174  1726     cutoff  101        77.00000   76.00000  1.30%   164  550s
 29717  1701     cutoff   80        77.00000   76.00000  1.30%   163  555s
 30248  1726   76.00000   96   86   77.00000   76.00000  1.30%   163  560s
 30731  1725     cutoff   85        77.00000   76.00000  1.30%   162  565s
 31187  1717   76.00000   83  107   77.00000   76.00000  1.30%   162  570s
 31773  1748     cutoff   97        77.00000   76.00000  1.30%   161  575s
 32382  1765   76.00000   94   96   77.00000   76.00000  1.30%   160  580s
 32982  1739     cutoff   92        77.00000   76.00000  1.30%   160  585s
 33470  1667   76.00000   78  113   77.00000   76.00000  1.30%   160  590s
 34041  1728   76.00000   91   55   77.00000   76.00000  1.30%   159  595s
 34622  1701     cutoff   97        77.00000   76.00000  1.30%   158  600s
 35211  1715   76.00000   95  123   77.00000   76.00000  1.30%   158  605s
 35801  1693     cutoff  103        77.00000   76.00000  1.30%   157  610s
 36370  1714   76.00000   79   92   77.00000   76.00000  1.30%   156  615s
 36876  1731   76.00000   77   78   77.00000   76.00000  1.30%   156  620s
 37462  1733   76.00000   85   85   77.00000   76.00000  1.30%   156  625s
 37940  1796   76.00000  103   40   77.00000   76.00000  1.30%   156  630s
 38500  1783   76.00000  102   90   77.00000   76.00000  1.30%   155  635s
 39112  1762     cutoff  103        77.00000   76.00000  1.30%   154  640s
 39608  1770   76.00000   73  155   77.00000   76.00000  1.30%   154  645s
 40174  1796   76.00000   86   93   77.00000   76.00000  1.30%   153  650s
 40899  1802   76.00000   94   71   77.00000   76.00000  1.30%   151  655s
 41562  1817     cutoff   83        77.00000   76.00000  1.30%   150  660s
 41984  1808     cutoff   75        77.00000   76.00000  1.30%   150  665s
 42479  1854   76.00000   73   74   77.00000   76.00000  1.30%   150  670s
 42985  1868     cutoff   70        77.00000   76.00000  1.30%   150  675s
 43465  1893   76.00000   57  176   77.00000   76.00000  1.30%   151  680s
 43980  1877   76.00000   73  163   77.00000   76.00000  1.30%   150  685s
 44545  1881   76.00000   88  105   77.00000   76.00000  1.30%   150  690s
 45058  1898   76.00000   73  127   77.00000   76.00000  1.30%   150  695s
 45666  1876     cutoff   74        77.00000   76.00000  1.30%   149  700s
 46204  1903   76.00000   88   53   77.00000   76.00000  1.30%   149  705s
 46798  1922   76.00000   86   95   77.00000   76.00000  1.30%   148  710s
 47393  1927   76.00000   79   86   77.00000   76.00000  1.30%   148  715s
 48000  1934     cutoff   80        77.00000   76.00000  1.30%   147  720s
 48530  1963   76.00000   92  168   77.00000   76.00000  1.30%   147  725s
 49054  1970   76.00000   71  150   77.00000   76.00000  1.30%   147  730s
 49535  1976   76.00000   85   83   77.00000   76.00000  1.30%   147  735s
 50042  1980   76.00000   85   94   77.00000   76.00000  1.30%   147  740s
 50608  1965   76.00000   69  135   77.00000   76.00000  1.30%   146  745s
 51225  1993   76.00000   73  180   77.00000   76.00000  1.30%   146  750s
 51689  2009   76.00000   86  112   77.00000   76.00000  1.30%   146  755s
 52335  2003   76.00000   82   95   77.00000   76.00000  1.30%   145  760s
 52824  2006   76.00000   94   67   77.00000   76.00000  1.30%   145  765s
 53226  2026   76.00000   76   93   77.00000   76.00000  1.30%   145  770s
 53854  2018   76.00000   84  166   77.00000   76.00000  1.30%   145  775s
 54428  2032   76.00000   74  100   77.00000   76.00000  1.30%   145  780s
 55073  2055     cutoff   94        77.00000   76.00000  1.30%   144  785s
 55629  2051   76.00000   68  153   77.00000   76.00000  1.30%   144  790s
 56259  2053     cutoff   98        77.00000   76.00000  1.30%   143  795s
 56805  2074   76.00000   91   71   77.00000   76.00000  1.30%   143  800s
 57301  2065   76.00000   98  118   77.00000   76.00000  1.30%   142  805s
 57965  2103   76.00000  119   39   77.00000   76.00000  1.30%   142  810s
 58767  2137   76.00000  114   86   77.00000   76.00000  1.30%   141  815s
 59451  2123   76.00000   83   98   77.00000   76.00000  1.30%   140  820s
 59959  2137     cutoff   88        77.00000   76.00000  1.30%   140  825s
 60452  2144   76.00000   94   79   77.00000   76.00000  1.30%   140  830s
 60987  2148   76.00000  104   53   77.00000   76.00000  1.30%   140  835s
 61438  2131   76.00000   76  154   77.00000   76.00000  1.30%   141  840s
 61787  2168     cutoff   88        77.00000   76.00000  1.30%   141  845s
 62290  2186   76.00000   81   95   77.00000   76.00000  1.30%   141  850s
 62842  2189   76.00000   83   73   77.00000   76.00000  1.30%   141  855s
 63354  2181   76.00000   86   59   77.00000   76.00000  1.30%   140  860s
 63856  2185     cutoff   65        77.00000   76.00000  1.30%   140  865s
 64268  2192   76.00000   73  154   77.00000   76.00000  1.30%   141  870s
 64753  2274     cutoff   79        77.00000   76.00000  1.30%   141  875s
 65332  2283     cutoff  105        77.00000   76.00000  1.30%   140  880s
 65956  2334   76.00000  102   92   77.00000   76.00000  1.30%   140  885s
 66541  2343   76.00000  112   95   77.00000   76.00000  1.30%   140  890s
 66887  2332     cutoff   73        77.00000   76.00000  1.30%   140  895s
 67424  2360   76.00000   63   96   77.00000   76.00000  1.30%   140  900s
 67861  2371   76.00000   79  157   77.00000   76.00000  1.30%   140  905s
 68369  2395     cutoff   76        77.00000   76.00000  1.30%   140  910s
 68844  2436   76.00000   97   90   77.00000   76.00000  1.30%   140  915s
 69449  2436   76.00000   99   47   77.00000   76.00000  1.30%   140  920s
 70061  2437   76.00000   95   49   77.00000   76.00000  1.30%   139  925s
 70679  2403   76.00000   76  125   77.00000   76.00000  1.30%   139  930s
 71283  2415   76.00000   90   31   77.00000   76.00000  1.30%   139  935s
 71861  2433     cutoff   91        77.00000   76.00000  1.30%   139  940s
 72477  2427     cutoff  102        77.00000   76.00000  1.30%   138  945s
 73035  2441     cutoff  103        77.00000   76.00000  1.30%   138  950s
 73635  2427   76.00000   79   66   77.00000   76.00000  1.30%   138  955s
 74064  2430   76.00000   94   59   77.00000   76.00000  1.30%   138  960s
 74453  2420     cutoff   91        77.00000   76.00000  1.30%   138  965s
 74930  2428     cutoff  101        77.00000   76.00000  1.30%   138  970s
 75340  2425     cutoff  101        77.00000   76.00000  1.30%   139  975s
 75775  2451     cutoff   98        77.00000   76.00000  1.30%   139  980s
 76242  2433   76.00000   97   68   77.00000   76.00000  1.30%   139  985s
 76691  2439     cutoff  103        77.00000   76.00000  1.30%   139  990s
 77083  2420     cutoff   95        77.00000   76.00000  1.30%   139  995s
 77633  2450     cutoff   89        77.00000   76.00000  1.30%   139 1000s
 78231  2463   76.00000   95   88   77.00000   76.00000  1.30%   139 1005s
 78827  2442     cutoff   56        77.00000   76.00000  1.30%   139 1010s
 79024  2454   76.00000   78  134   77.00000   76.00000  1.30%   139 1017s
 79241  2500   76.00000   87  134   77.00000   76.00000  1.30%   139 1020s
 79714  2517     cutoff   93        77.00000   76.00000  1.30%   139 1025s
 80221  2519   76.00000   91   80   77.00000   76.00000  1.30%   139 1030s
 80739  2513     cutoff   79        77.00000   76.00000  1.30%   139 1035s
 81249  2495   76.00000   87  110   77.00000   76.00000  1.30%   139 1040s
 81863  2490   76.00000   94  131   77.00000   76.00000  1.30%   138 1045s
 82321  2499     cutoff   93        77.00000   76.00000  1.30%   138 1050s
 82769  2526   76.00000  107   53   77.00000   76.00000  1.30%   139 1055s
 83179  2478     cutoff   77        77.00000   76.00000  1.30%   139 1060s
 83612  2555 infeasible   89        77.00000   76.00000  1.30%   139 1065s
 83956  2541     cutoff   78        77.00000   76.00000  1.30%   139 1070s
 84294  2558     cutoff   83        77.00000   76.00000  1.30%   140 1075s
 84656  2517     cutoff   71        77.00000   76.00000  1.30%   140 1080s
 85084  2507     cutoff   78        77.00000   76.00000  1.30%   140 1085s
 85536  2517   76.00000   59  128   77.00000   76.00000  1.30%   141 1090s
 85973  2512   76.00000   66  128   77.00000   76.00000  1.30%   141 1095s
 86151  2515     cutoff   64        77.00000   76.00000  1.30%   141 1100s
 86667  2548     cutoff   79        77.00000   76.00000  1.30%   141 1105s
 87091  2516   76.00000   84  146   77.00000   76.00000  1.30%   141 1110s
 87508  2503   76.00000   79   90   77.00000   76.00000  1.30%   141 1115s
 87972  2538   76.00000   63  125   77.00000   76.00000  1.30%   142 1120s
 88483  2556   76.00000   60  125   77.00000   76.00000  1.30%   141 1125s
 89124  2606   76.00000   62  126   77.00000   76.00000  1.30%   141 1130s
 89659  2606   76.00000   78  172   77.00000   76.00000  1.30%   141 1135s
 90158  2619   76.00000   63  161   77.00000   76.00000  1.30%   141 1140s
 90653  2610     cutoff   97        77.00000   76.00000  1.30%   141 1145s
 91160  2614     cutoff   92        77.00000   76.00000  1.30%   141 1150s
 91620  2631   76.00000   96  111   77.00000   76.00000  1.30%   141 1155s
 92131  2647   76.00000   88  133   77.00000   76.00000  1.30%   141 1160s
 92512  2651   76.00000   73  150   77.00000   76.00000  1.30%   141 1165s
 92916  2651   76.00000   57  163   77.00000   76.00000  1.30%   142 1170s
 93414  2683   76.00000   60  129   77.00000   76.00000  1.30%   142 1175s
 93929  2725     cutoff   68        77.00000   76.00000  1.30%   142 1180s
 94355  2737   76.00000   71   63   77.00000   76.00000  1.30%   142 1185s
 94846  2714   76.00000   71  167   77.00000   76.00000  1.30%   142 1190s
 95284  2718   76.00000   55  120   77.00000   76.00000  1.30%   142 1195s
 95754  2770     cutoff   84        77.00000   76.00000  1.30%   142 1200s
 96229  2827   76.00000   78  115   77.00000   76.00000  1.30%   142 1205s
 96688  2850   76.00000   73  137   77.00000   76.00000  1.30%   142 1210s
 97181  2852     cutoff   79        77.00000   76.00000  1.30%   142 1215s
 97602  2800     cutoff   77        77.00000   76.00000  1.30%   143 1220s
 98078  2810     cutoff   72        77.00000   76.00000  1.30%   143 1225s
 98554  2797   76.00000   78  128   77.00000   76.00000  1.30%   143 1230s
 99022  2827     cutoff   79        77.00000   76.00000  1.30%   143 1235s
 99529  2862   76.00000   61  205   77.00000   76.00000  1.30%   143 1240s
 99958  2898   76.00000   68  181   77.00000   76.00000  1.30%   143 1245s
 100392  2914   76.00000   74  134   77.00000   76.00000  1.30%   143 1250s
 100866  2940   76.00000   85  126   77.00000   76.00000  1.30%   143 1255s
 101282  2963     cutoff   90        77.00000   76.00000  1.30%   143 1260s
 101781  2960   76.00000   65  120   77.00000   76.00000  1.30%   143 1265s
 102186  3009   76.00000   85  107   77.00000   76.00000  1.30%   143 1270s
 102735  2997   76.00000   74  113   77.00000   76.00000  1.30%   143 1275s
 103154  2995   76.00000   84  100   77.00000   76.00000  1.30%   143 1280s
 103648  2981   76.00000   72  107   77.00000   76.00000  1.30%   143 1285s
 104158  2977   76.00000   84  135   77.00000   76.00000  1.30%   143 1290s
 104675  2970     cutoff   88        77.00000   76.00000  1.30%   143 1295s
 105101  2986   76.00000   65  154   77.00000   76.00000  1.30%   143 1300s
 105603  2944   76.00000  113   78   77.00000   76.00000  1.30%   143 1305s
 106225  2942     cutoff   91        77.00000   76.00000  1.30%   143 1310s
 106652  2942   76.00000   82  140   77.00000   76.00000  1.30%   143 1315s
 107088  3024   76.00000   87  137   77.00000   76.00000  1.30%   143 1320s
 107513  3048   76.00000   75  132   77.00000   76.00000  1.30%   144 1325s
 107974  3072     cutoff   82        77.00000   76.00000  1.30%   144 1330s
 108447  3037   76.00000   64  130   77.00000   76.00000  1.30%   144 1335s
 108623  3063   76.00000   76  101   77.00000   76.00000  1.30%   144 1341s
 109002  3092     cutoff   84        77.00000   76.00000  1.30%   144 1345s
 109492  3112   76.00000   89   98   77.00000   76.00000  1.30%   144 1350s
 109937  3103   76.00000   88  117   77.00000   76.00000  1.30%   144 1355s
 110282  3094   76.00000   80  127   77.00000   76.00000  1.30%   144 1360s
 110648  3082   76.00000   82   91   77.00000   76.00000  1.30%   144 1365s
 111076  3081     cutoff   85        77.00000   76.00000  1.30%   144 1370s
 111553  3124   76.00000   80  149   77.00000   76.00000  1.30%   144 1375s
 112066  3141   76.00000   77  133   77.00000   76.00000  1.30%   144 1380s
 112507  3169   76.00000   89   73   77.00000   76.00000  1.30%   144 1385s
 112957  3157     cutoff   89        77.00000   76.00000  1.30%   145 1390s
 113410  3214   76.00000   91   52   77.00000   76.00000  1.30%   145 1395s
 113850  3196     cutoff   75        77.00000   76.00000  1.30%   145 1400s
 114292  3223     cutoff   95        77.00000   76.00000  1.30%   145 1405s
 114740  3214   76.00000   66  118   77.00000   76.00000  1.30%   145 1410s
 115201  3226     cutoff   82        77.00000   76.00000  1.30%   145 1415s
 115685  3227   76.00000   81  108   77.00000   76.00000  1.30%   145 1420s
 116114  3255   76.00000   83   93   77.00000   76.00000  1.30%   145 1425s
 116589  3242     cutoff   92        77.00000   76.00000  1.30%   145 1430s
 116943  3237     cutoff   83        77.00000   76.00000  1.30%   146 1435s
 117456  3244   76.00000   91   72   77.00000   76.00000  1.30%   146 1440s
 118009  3212     cutoff   99        77.00000   76.00000  1.30%   146 1445s
 118492  3200     cutoff   76        77.00000   76.00000  1.30%   146 1450s
 118958  3186   76.00000   92   70   77.00000   76.00000  1.30%   146 1455s
 119473  3189   76.00000   96   83   77.00000   76.00000  1.30%   146 1460s
 120079  3197   76.00000   94   61   77.00000   76.00000  1.30%   146 1465s
 120675  3195     cutoff   84        77.00000   76.00000  1.30%   146 1470s
 121205  3224   76.00000   80  117   77.00000   76.00000  1.30%   146 1475s
 121724  3213     cutoff   80        77.00000   76.00000  1.30%   146 1480s
 122250  3259     cutoff   86        77.00000   76.00000  1.30%   146 1485s
 122699  3255   76.00000   98  152   77.00000   76.00000  1.30%   146 1490s
 123164  3257   76.00000   75  140   77.00000   76.00000  1.30%   146 1495s
 123684  3271     cutoff   82        77.00000   76.00000  1.30%   146 1500s
 124156  3273   76.00000   94  127   77.00000   76.00000  1.30%   146 1505s
 124675  3295   76.00000   92  118   77.00000   76.00000  1.30%   146 1510s
 125108  3289   76.00000   92  118   77.00000   76.00000  1.30%   146 1515s
 125530  3306   76.00000   93  107   77.00000   76.00000  1.30%   146 1520s
 125955  3320   76.00000   97  124   77.00000   76.00000  1.30%   146 1525s
 126430  3308   76.00000   76  128   77.00000   76.00000  1.30%   146 1530s
 126924  3306   76.00000   83  126   77.00000   76.00000  1.30%   145 1535s
 127421  3300     cutoff   76        77.00000   76.00000  1.30%   145 1540s
 127915  3340     cutoff   96        77.00000   76.00000  1.30%   145 1545s
 128341  3330   76.00000   92  101   77.00000   76.00000  1.30%   146 1550s
 128998  3333     cutoff   94        77.00000   76.00000  1.30%   145 1555s
 129557  3324   76.00000   99  124   77.00000   76.00000  1.30%   145 1560s
 130133  3326   76.00000   72  154   77.00000   76.00000  1.30%   145 1565s
 130572  3351   76.00000   80  132   77.00000   76.00000  1.30%   145 1570s
 130711  3354   76.00000   83  110   77.00000   76.00000  1.30%   145 1578s
 130919  3347   76.00000   77  127   77.00000   76.00000  1.30%   145 1580s
 131468  3389   76.00000   99  121   77.00000   76.00000  1.30%   145 1585s
 132037  3390   76.00000   89   90   77.00000   76.00000  1.30%   145 1590s
 132467  3368     cutoff   71        77.00000   76.00000  1.30%   145 1595s
 132918  3371     cutoff   87        77.00000   76.00000  1.30%   145 1600s
 133371  3368   76.00000   75  122   77.00000   76.00000  1.30%   145 1605s
 133917  3376   76.00000   87   91   77.00000   76.00000  1.30%   145 1610s
 134417  3390   76.00000   89  130   77.00000   76.00000  1.30%   145 1615s
 134901  3387   76.00000   80  122   77.00000   76.00000  1.30%   145 1620s
 135378  3400   76.00000   83  120   77.00000   76.00000  1.30%   145 1625s
 135895  3405   76.00000   91  123   77.00000   76.00000  1.30%   145 1630s
 136403  3399   76.00000   72  132   77.00000   76.00000  1.30%   145 1635s
 136987  3413   76.00000   62  189   77.00000   76.00000  1.30%   144 1640s
 137424  3447   76.00000   93  112   77.00000   76.00000  1.30%   145 1645s
 137987  3463   76.00000   81   38   77.00000   76.00000  1.30%   144 1650s
 138575  3495   76.00000   92   48   77.00000   76.00000  1.30%   144 1655s
 139094  3479     cutoff   98        77.00000   76.00000  1.30%   144 1660s
 139675  3481     cutoff  103        77.00000   76.00000  1.30%   144 1665s
 140242  3474 infeasible   89        77.00000   76.00000  1.30%   144 1670s
 140776  3464     cutoff   85        77.00000   76.00000  1.30%   144 1675s
 141369  3456     cutoff   84        77.00000   76.00000  1.30%   144 1680s
 141699  3464   76.00000   87  123   77.00000   76.00000  1.30%   144 1685s
 142160  3485   76.00000   85   89   77.00000   76.00000  1.30%   144 1690s
 142639  3481     cutoff   95        77.00000   76.00000  1.30%   144 1695s
 143121  3493     cutoff   87        77.00000   76.00000  1.30%   144 1700s
 143718  3498   76.00000   78  106   77.00000   76.00000  1.30%   144 1705s
 144284  3506   76.00000   95   63   77.00000   76.00000  1.30%   144 1710s
 144809  3491     cutoff   91        77.00000   76.00000  1.30%   144 1715s
 145414  3497   76.00000   85  117   77.00000   76.00000  1.30%   144 1720s
 145909  3516   76.00000   99   66   77.00000   76.00000  1.30%   144 1725s
 146504  3488   76.00000   87  108   77.00000   76.00000  1.30%   144 1730s
 146974  3505   76.00000  101   79   77.00000   76.00000  1.30%   144 1735s
 147398  3473   76.00000   76  167   77.00000   76.00000  1.30%   144 1740s
 147879  3493   76.00000   85   70   77.00000   76.00000  1.30%   144 1745s
 148374  3523     cutoff   93        77.00000   76.00000  1.30%   144 1750s
 148883  3524     cutoff   91        77.00000   76.00000  1.30%   144 1755s
 149435  3529     cutoff   99        77.00000   76.00000  1.30%   144 1760s
 149666  3503   76.00000   88   67   77.00000   76.00000  1.30%   144 1765s
 150209  3476     cutoff   95        77.00000   76.00000  1.30%   144 1770s
 150676  3489   76.00000   87   77   77.00000   76.00000  1.30%   144 1775s
 151223  3496   76.00000   97   81   77.00000   76.00000  1.30%   144 1780s
 151740  3484     cutoff   81        77.00000   76.00000  1.30%   144 1785s
 152244  3450   76.00000   72  162   77.00000   76.00000  1.30%   144 1790s
 152724  3492     cutoff   86        77.00000   76.00000  1.30%   144 1795s
 153189  3502   76.00000   77  149   77.00000   76.00000  1.30%   144 1800s
 153631  3490   76.00000   83  137   77.00000   76.00000  1.30%   144 1805s
 154155  3505   76.00000   94   85   77.00000   76.00000  1.30%   144 1810s
 154643  3506   76.00000   94   71   77.00000   76.00000  1.30%   144 1815s
 155119  3490   76.00000   82  136   77.00000   76.00000  1.30%   144 1820s
 155782  3521   76.00000   90  123   77.00000   76.00000  1.30%   143 1825s
 156389  3488   76.00000   80   80   77.00000   76.00000  1.30%   143 1830s
 156889  3521   76.00000   90   94   77.00000   76.00000  1.30%   143 1835s
 157502  3563     cutoff   80        77.00000   76.00000  1.30%   143 1840s
 158147  3524   76.00000   81  152   77.00000   76.00000  1.30%   143 1845s
 158703  3540   76.00000   71  139   77.00000   76.00000  1.30%   143 1850s
 159379  3535     cutoff   92        77.00000   76.00000  1.30%   142 1855s
 159988  3574     cutoff   86        77.00000   76.00000  1.30%   142 1860s
 160540  3544   76.00000   78  108   77.00000   76.00000  1.30%   142 1865s
 161043  3542   76.00000   76  126   77.00000   76.00000  1.30%   142 1870s
 161586  3544   76.00000   83  123   77.00000   76.00000  1.30%   142 1875s
 162148  3557     cutoff   78        77.00000   76.00000  1.30%   142 1880s
 162749  3577   76.00000   87  102   77.00000   76.00000  1.30%   142 1885s
 163361  3581   76.00000   86  108   77.00000   76.00000  1.30%   142 1890s
 163962  3587   76.00000   83  135   77.00000   76.00000  1.30%   142 1895s
 164565  3587   76.00000   93   95   77.00000   76.00000  1.30%   141 1900s
 165129  3581   76.00000   74  162   77.00000   76.00000  1.30%   141 1905s
 165599  3577     cutoff   84        77.00000   76.00000  1.30%   141 1910s
 166118  3554   76.00000   69  156   77.00000   76.00000  1.30%   141 1915s
 166642  3571     cutoff  102        77.00000   76.00000  1.30%   141 1920s
 167243  3564   76.00000   96  119   77.00000   76.00000  1.30%   141 1925s
 167783  3557   76.00000   57  170   77.00000   76.00000  1.30%   141 1930s
 168333  3602   76.00000   85  139   77.00000   76.00000  1.30%   141 1935s
 168832  3612     cutoff   96        77.00000   76.00000  1.30%   141 1940s
 169368  3635   76.00000   73  139   77.00000   76.00000  1.30%   141 1945s
 169853  3631     cutoff   87        77.00000   76.00000  1.30%   141 1950s
 170008  3631     cutoff   85        77.00000   76.00000  1.30%   141 1955s
 170597  3643   76.00000   84  106   77.00000   76.00000  1.30%   141 1960s
 171163  3656   76.00000   95  146   77.00000   76.00000  1.30%   141 1965s
 171710  3674   76.00000   91  114   77.00000   76.00000  1.30%   141 1970s
 172311  3693   76.00000   90  133   77.00000   76.00000  1.30%   141 1975s
 172897  3672   76.00000   92  104   77.00000   76.00000  1.30%   141 1980s
 173553  3673   76.00000   94  143   77.00000   76.00000  1.30%   140 1985s
 174083  3677     cutoff   93        77.00000   76.00000  1.30%   140 1990s
 174650  3700     cutoff   92        77.00000   76.00000  1.30%   140 1995s
 175237  3686     cutoff   87        77.00000   76.00000  1.30%   140 2000s
 175737  3687     cutoff   93        77.00000   76.00000  1.30%   140 2005s
 176285  3665     cutoff   93        77.00000   76.00000  1.30%   140 2010s
 176856  3655   76.00004   91  154   77.00000   76.00000  1.30%   140 2015s
 177432  3667     cutoff   93        77.00000   76.00000  1.30%   140 2020s
 177888  3677     cutoff   92        77.00000   76.00000  1.30%   140 2025s
 178389  3698     cutoff   88        77.00000   76.00000  1.30%   140 2030s
 178926  3678   76.00000   90  106   77.00000   76.00000  1.30%   140 2035s
 179454  3684   76.00000   89  102   77.00000   76.00000  1.30%   140 2040s
 179934  3696   76.00000   95  106   77.00000   76.00000  1.30%   140 2045s
 180385  3702   76.00000   99  120   77.00000   76.00000  1.30%   140 2050s
 180865  3700     cutoff  105        77.00000   76.00000  1.30%   140 2055s
 181353  3653   76.00000   95  141   77.00000   76.00000  1.30%   140 2060s
 181905  3674     cutoff  105        77.00000   76.00000  1.30%   140 2065s
 182416  3661     cutoff   98        77.00000   76.00000  1.30%   140 2070s
 182979  3655   76.00000  112  123   77.00000   76.00000  1.30%   140 2075s
 183473  3634   76.00000   87  115   77.00000   76.00000  1.30%   140 2080s
 183951  3643   76.00000   76  133   77.00000   76.00000  1.30%   140 2085s
 184441  3624   76.00000   59  194   77.00000   76.00000  1.30%   140 2090s
 184919  3662 infeasible  106        77.00000   76.00000  1.30%   140 2095s
 185468  3701   76.00005  105  136   77.00000   76.00000  1.30%   140 2100s
 185935  3643     cutoff   81        77.00000   76.00000  1.30%   140 2105s
 186385  3614   76.00000   93  103   77.00000   76.00000  1.30%   140 2110s
 186839  3638   76.00000   75  153   77.00000   76.00000  1.30%   140 2115s
 187369  3654     cutoff   71        77.00000   76.00000  1.30%   140 2120s
 187521  3670   76.00000   76   96   77.00000   76.00000  1.30%   140 2130s
 188000  3665   76.00000   75  131   77.00000   76.00000  1.30%   140 2135s
 188402  3648   76.00000   76  184   77.00000   76.00000  1.30%   140 2140s
 188846  3652   76.00000   74  106   77.00000   76.00000  1.30%   140 2145s
 189340  3685     cutoff   80        77.00000   76.00000  1.30%   140 2150s
 189859  3691   76.00000   72   97   77.00000   76.00000  1.30%   140 2155s
 190325  3705   76.00000   81  142   77.00000   76.00000  1.30%   140 2160s
 190818  3711     cutoff   84        77.00000   76.00000  1.30%   140 2165s
 191276  3681     cutoff   86        77.00000   76.00000  1.30%   140 2170s
 191729  3668     cutoff   83        77.00000   76.00000  1.30%   139 2175s
 192266  3684   76.00000   88  133   77.00000   76.00000  1.30%   139 2180s
 192755  3689     cutoff   76        77.00000   76.00000  1.30%   139 2185s
 193247  3677   76.00000   74  138   77.00000   76.00000  1.30%   139 2190s
 193704  3671   76.00000   66  144   77.00000   76.00000  1.30%   139 2195s
 194159  3717     cutoff  107        77.00000   76.00000  1.30%   140 2200s
 194641  3720   76.00000  125  113   77.00000   76.00000  1.30%   140 2205s
 195245  3763   76.00000  110   94   77.00000   76.00000  1.30%   139 2210s
 195812  3738     cutoff  123        77.00000   76.00000  1.30%   139 2215s
 196334  3721     cutoff  107        77.00000   76.00000  1.30%   139 2220s
 196910  3721   76.00000  114  107   77.00000   76.00000  1.30%   139 2225s
 197367  3718   76.00000   88  113   77.00000   76.00000  1.30%   139 2230s
 197798  3696   76.00000   76  186   77.00000   76.00000  1.30%   139 2235s
 198265  3711     cutoff   76        77.00000   76.00000  1.30%   140 2240s
 198708  3699     cutoff   70        77.00000   76.00000  1.30%   140 2245s
 199213  3740     cutoff   95        77.00000   76.00000  1.30%   140 2250s
 199651  3752   76.00000   93   94   77.00000   76.00000  1.30%   140 2255s
 200050  3725     cutoff  110        77.00000   76.00000  1.30%   140 2260s
 200512  3716   76.00000   98  121   77.00000   76.00000  1.30%   140 2265s
 201067  3708   76.00000   92  127   77.00000   76.00000  1.30%   140 2270s
 201533  3664   76.00000   56  127   77.00000   76.00000  1.30%   140 2275s
 202037  3690   76.00000   75  113   77.00000   76.00000  1.30%   140 2280s
 202451  3691   76.00000   76  113   77.00000   76.00000  1.30%   140 2285s
 202830  3674   76.00000   84  112   77.00000   76.00000  1.30%   140 2290s
 203386  3666     cutoff   81        77.00000   76.00000  1.30%   140 2295s
 203877  3669   76.00000   75  163   77.00000   76.00000  1.30%   140 2300s
 204353  3672   76.00000   82  143   77.00000   76.00000  1.30%   140 2305s
 204815  3645   76.00000   88  113   77.00000   76.00000  1.30%   140 2310s
 205359  3637   76.00000   83  158   77.00000   76.00000  1.30%   140 2315s
 205507  3641   76.00000   88  115   77.00000   76.00000  1.30%   140 2321s
 205846  3648     cutoff   93        77.00000   76.00000  1.30%   140 2325s
 206386  3627     cutoff   74        77.00000   76.00000  1.30%   140 2330s
 206858  3616   76.00000   69  150   77.00000   76.00000  1.30%   140 2335s
 207412  3627     cutoff   93        77.00000   76.00000  1.30%   140 2340s
 208014  3628     cutoff   93        77.00000   76.00000  1.30%   140 2345s
 208459  3614 infeasible   78        77.00000   76.00000  1.30%   140 2350s
 208846  3635   76.00000   76   94   77.00000   76.00000  1.30%   140 2355s
 209264  3654     cutoff   82        77.00000   76.00000  1.30%   140 2360s
 209789  3627     cutoff   83        77.00000   76.00000  1.30%   140 2365s
 210271  3631     cutoff   85        77.00000   76.00000  1.30%   140 2370s
 210821  3637   76.00000   83   95   77.00000   76.00000  1.30%   140 2375s
 211408  3643     cutoff   75        77.00000   76.00000  1.30%   140 2380s
 211891  3635   76.00000   78  101   77.00000   76.00000  1.30%   140 2385s
 212390  3645     cutoff   90        77.00000   76.00000  1.30%   140 2390s
 212967  3625   76.00000   97  120   77.00000   76.00000  1.30%   140 2395s
 213469  3586   76.00000   71  147   77.00000   76.00000  1.30%   140 2400s
 213979  3595   76.00000   75  139   77.00000   76.00000  1.30%   140 2405s
 214514  3597   76.00000   78   91   77.00000   76.00000  1.30%   140 2410s
 215002  3606     cutoff   91        77.00000   76.00000  1.30%   140 2415s
 215489  3545     cutoff   77        77.00000   76.00000  1.30%   140 2420s
 215971  3563   76.00000   83  146   77.00000   76.00000  1.30%   140 2425s
 216404  3554     cutoff   78        77.00000   76.00000  1.30%   140 2430s
 216908  3552   76.00000   72  163   77.00000   76.00000  1.30%   140 2435s
 217482  3558 infeasible   81        77.00000   76.00000  1.30%   139 2440s
 217961  3568   76.00000   81  135   77.00000   76.00000  1.30%   139 2445s
 218475  3558     cutoff   80        77.00000   76.00000  1.30%   139 2450s
 218947  3540     cutoff   75        77.00000   76.00000  1.30%   139 2455s
 219419  3569   76.00000   82  135   77.00000   76.00000  1.30%   139 2460s
 219861  3563     cutoff   88        77.00000   76.00000  1.30%   139 2465s
 220351  3590     cutoff   85        77.00000   76.00000  1.30%   139 2470s
 220825  3599   76.00000   96  115   77.00000   76.00000  1.30%   139 2475s
 221254  3574   76.00000   89  144   77.00000   76.00000  1.30%   139 2480s
 221808  3548     cutoff   67        77.00000   76.00000  1.30%   139 2485s
 222323  3546   76.00000   81   75   77.00000   76.00000  1.30%   139 2490s
 222830  3578   76.00000   81  146   77.00000   76.00000  1.30%   139 2495s
 223297  3586   76.00000   83  111   77.00000   76.00000  1.30%   139 2500s
 223780  3580   76.00000   82  116   77.00000   76.00000  1.30%   139 2505s
 224254  3550   76.00000   82  120   77.00000   76.00000  1.30%   139 2510s
 224671  3541     cutoff   97        77.00000   76.00000  1.30%   139 2515s
 225195  3553   76.00000   73  142   77.00000   76.00000  1.30%   139 2520s
 225717  3587   76.00000   93  106   77.00000   76.00000  1.30%   139 2525s
 226244  3577     cutoff   92        77.00000   76.00000  1.30%   139 2530s
 226787  3580     cutoff   76        77.00000   76.00000  1.30%   139 2535s
 227319  3572   76.00000   74   78   77.00000   76.00000  1.30%   139 2540s
 227764  3599   76.00000   82  114   77.00000   76.00000  1.30%   139 2545s
 228199  3579   76.00000   80   80   77.00000   76.00000  1.30%   139 2550s
 228691  3560     cutoff   55        77.00000   76.00000  1.30%   139 2555s
 229229  3593     cutoff   89        77.00000   76.00000  1.30%   139 2560s
 229734  3583     cutoff   85        77.00000   76.00000  1.30%   139 2565s
 230251  3572   76.00000   72  156   77.00000   76.00000  1.30%   139 2570s
 230818  3582   76.00000   93   97   77.00000   76.00000  1.30%   139 2575s
 231410  3582   76.00000   98  100   77.00000   76.00000  1.30%   139 2580s
 231850  3599   76.00000   90  123   77.00000   76.00000  1.30%   139 2598s
 231992  3589   76.00000   69  170   77.00000   76.00000  1.30%   139 2600s
 232464  3622   76.00000   89  142   77.00000   76.00000  1.30%   139 2605s
 232937  3618   76.00000   92  140   77.00000   76.00000  1.30%   139 2610s
 233432  3612     cutoff   93        77.00000   76.00000  1.30%   139 2615s
 233979  3597   76.00000   86  148   77.00000   76.00000  1.30%   139 2620s
 234244  3588     cutoff   71        77.00000   76.00000  1.30%   139 2625s
 234869  3602   76.00000   69  137   77.00000   76.00000  1.30%   139 2630s
 235476  3598   76.00000   79  153   77.00000   76.00000  1.30%   139 2635s
 236077  3585     cutoff   59        77.00000   76.00000  1.30%   139 2640s
 236640  3586   76.00000   79  130   77.00000   76.00000  1.30%   138 2645s
 237095  3604   76.00000   76  146   77.00000   76.00000  1.30%   138 2650s
 237615  3593   76.00000   83  134   77.00000   76.00000  1.30%   138 2655s
 238105  3612     cutoff   93        77.00000   76.00000  1.30%   138 2660s
 238491  3609   76.00000   83   74   77.00000   76.00000  1.30%   139 2665s
 238984  3634   76.00000   76   98   77.00000   76.00000  1.30%   139 2670s
 239476  3644   76.00000   78  168   77.00000   76.00000  1.30%   139 2675s
 240068  3664   76.00000   90   95   77.00000   76.00000  1.30%   139 2680s
 240555  3678     cutoff   80        77.00000   76.00000  1.30%   139 2685s
 241004  3698   76.00000   78   87   77.00000   76.00000  1.30%   139 2690s
 241468  3723   76.00000   83   95   77.00000   76.00000  1.30%   139 2695s
 242074  3686     cutoff   83        77.00000   76.00000  1.30%   138 2700s
 242596  3682     cutoff   88        77.00000   76.00000  1.30%   138 2705s
 243083  3664     cutoff   62        77.00000   76.00000  1.30%   138 2710s
 243589  3724     cutoff   78        77.00000   76.00000  1.30%   138 2715s
 244196  3740     cutoff   76        77.00000   76.00000  1.30%   138 2720s
 244725  3763     cutoff   83        77.00000   76.00000  1.30%   138 2725s
 245288  3747   76.00000   71  162   77.00000   76.00000  1.30%   138 2730s
 245906  3764   76.00000   76  107   77.00000   76.00000  1.30%   138 2735s
 246481  3758   76.00000   81  146   77.00000   76.00000  1.30%   138 2740s
 247022  3753     cutoff   86        77.00000   76.00000  1.30%   138 2745s
 247494  3759   76.00000   88   79   77.00000   76.00000  1.30%   138 2750s
 248049  3724   76.00000   80  119   77.00000   76.00000  1.30%   138 2755s
 248631  3717     cutoff   88        77.00000   76.00000  1.30%   138 2760s
 249250  3693   76.00000   87  124   77.00000   76.00000  1.30%   138 2765s
 249665  3670     cutoff   81        77.00000   76.00000  1.30%   138 2770s
 250148  3637   76.00000   56  144   77.00000   76.00000  1.30%   138 2775s
 250586  3670   76.00000   63  175   77.00000   76.00000  1.30%   138 2780s
 251004  3681   76.00000   75  111   77.00000   76.00000  1.30%   138 2785s
 251449  3684   76.00000   61  146   77.00000   76.00000  1.30%   138 2790s
 251964  3710   76.00000   82  118   77.00000   76.00000  1.30%   138 2795s
 252408  3683     cutoff   62        77.00000   76.00000  1.30%   138 2800s
 252659  3702   76.00000   73  139   77.00000   76.00000  1.30%   138 2811s
 252935  3702   76.00000   62  143   77.00000   76.00000  1.30%   138 2815s
 253344  3690   76.00000   70  133   77.00000   76.00000  1.30%   138 2820s
 253727  3703     cutoff   78        77.00000   76.00000  1.30%   138 2825s
 254106  3681     cutoff   75        77.00000   76.00000  1.30%   138 2830s
 254611  3706   76.00000   90   78   77.00000   76.00000  1.30%   138 2835s
 255225  3775   76.00000   90   92   77.00000   76.00000  1.30%   138 2840s
 255716  3776   76.00000   87   90   77.00000   76.00000  1.30%   138 2845s
 256305  3744     cutoff   99        77.00000   76.00000  1.30%   138 2850s
 256819  3713   76.00000   83  151   77.00000   76.00000  1.30%   138 2855s
 257293  3714     cutoff   86        77.00000   76.00000  1.30%   138 2860s
 257720  3707   76.00000   79  122   77.00000   76.00000  1.30%   138 2865s
 258236  3712   76.00000   82  102   77.00000   76.00000  1.30%   138 2870s
 258732  3736     cutoff   80        77.00000   76.00000  1.30%   138 2875s
 259305  3723     cutoff   83        77.00000   76.00000  1.30%   138 2880s
 259912  3735     cutoff   88        77.00000   76.00000  1.30%   138 2885s
 260462  3740   76.00000   88  119   77.00000   76.00000  1.30%   138 2890s
 261009  3718   76.00000   86  143   77.00000   76.00000  1.30%   138 2895s
 261587  3712   76.00000   85  103   77.00000   76.00000  1.30%   138 2900s
 262067  3724   76.00000   86  132   77.00000   76.00000  1.30%   138 2905s
 262674  3698   76.00000   78  125   77.00000   76.00000  1.30%   138 2910s
 263142  3725   76.00000   94   86   77.00000   76.00000  1.30%   138 2915s
 263665  3717   76.00000   85  145   77.00000   76.00000  1.30%   138 2920s
 264201  3726   76.00000   84  135   77.00000   76.00000  1.30%   138 2925s
 264717  3725   76.00000   83  119   77.00000   76.00000  1.30%   138 2930s
 265243  3733   76.00000   80  111   77.00000   76.00000  1.30%   138 2935s
 265639  3756   76.00000   69  127   77.00000   76.00000  1.30%   138 2940s
 266175  3821   76.00000   84   58   77.00000   76.00000  1.30%   138 2945s
 266602  3808   76.00000   81   91   77.00000   76.00000  1.30%   138 2950s
 267090  3842   76.00000   91  115   77.00000   76.00000  1.30%   138 2955s
 267668  3856   76.00000   87  144   77.00000   76.00000  1.30%   138 2960s
 268221  3852   76.00000   79  112   77.00000   76.00000  1.30%   138 2965s
 268712  3855     cutoff   80        77.00000   76.00000  1.30%   138 2970s
 269159  3855   76.00000   77  144   77.00000   76.00000  1.30%   138 2975s
 269633  3892     cutoff   92        77.00000   76.00000  1.30%   138 2980s
 270232  3879   76.00000   79  117   77.00000   76.00000  1.30%   138 2985s
 270805  3861   76.00000   82  127   77.00000   76.00000  1.30%   138 2990s
 271365  3881   76.00000   75   94   77.00000   76.00000  1.30%   138 2995s
 271933  3865     cutoff   82        77.00000   76.00000  1.30%   137 3000s
 272463  3858   76.00000   90  124   77.00000   76.00000  1.30%   137 3005s
 273024  3884   76.00000   85  144   77.00000   76.00000  1.30%   137 3010s
 273636  3875   76.00000   83  112   77.00000   76.00000  1.30%   137 3015s
 274202  3908   76.00000   77  152   77.00000   76.00000  1.30%   137 3020s
 274757  3936   76.00000   90  132   77.00000   76.00000  1.30%   137 3025s
 275314  3918 infeasible   87        77.00000   76.00000  1.30%   137 3030s
 275901  3898   76.00000   74  154   77.00000   76.00000  1.30%   137 3035s
 276354  3937   76.00000  103   98   77.00000   76.00000  1.30%   137 3040s
 276827  3937   76.00000   95  140   77.00000   76.00000  1.30%   137 3045s
 277277  3929     cutoff   89        77.00000   76.00000  1.30%   137 3050s
 277773  3903   76.00000   67  158   77.00000   76.00000  1.30%   137 3055s
 278275  3928   76.00000   80  171   77.00000   76.00000  1.30%   137 3060s
 278808  3941   76.00000   98   51   77.00000   76.00000  1.30%   137 3065s
 279306  3942   76.00000  101   50   77.00000   76.00000  1.30%   137 3070s
 279840  3938     cutoff   86        77.00000   76.00000  1.30%   137 3075s
 280388  3930   76.00000  104   41   77.00000   76.00000  1.30%   137 3080s
 280901  3942   76.00000   83  103   77.00000   76.00000  1.30%   137 3085s
 281412  3956   76.00000   98   57   77.00000   76.00000  1.30%   137 3090s
 281888  3996   76.00000   91   84   77.00000   76.00000  1.30%   137 3095s
 282400  4026   76.00000  101   65   77.00000   76.00000  1.30%   137 3100s
 282888  4024   76.00000   91  112   77.00000   76.00000  1.30%   137 3105s
 283428  3996   76.00000   94   95   77.00000   76.00000  1.30%   137 3110s
 283902  3985     cutoff  100        77.00000   76.00000  1.30%   137 3115s
 284395  3993   76.00000   92   78   77.00000   76.00000  1.30%   137 3120s
 284893  3986   76.00000   92   66   77.00000   76.00000  1.30%   137 3125s
 285342  3998     cutoff   93        77.00000   76.00000  1.30%   137 3130s
 285858  3972     cutoff   90        77.00000   76.00000  1.30%   137 3135s
 286360  3950   76.00000  101   75   77.00000   76.00000  1.30%   137 3140s
 286834  3928     cutoff   71        77.00000   76.00000  1.30%   137 3145s
 287360  3942   76.00000   74  128   77.00000   76.00000  1.30%   137 3150s
 287861  3958     cutoff   80        77.00000   76.00000  1.30%   137 3155s
 288241  3954   76.00000   79   81   77.00000   76.00000  1.30%   137 3160s
 288616  3928   76.00000   79  118   77.00000   76.00000  1.30%   137 3165s
 289152  3917     cutoff   83        77.00000   76.00000  1.30%   137 3170s
 289658  3916   76.00000   72  140   77.00000   76.00000  1.30%   137 3175s
 290153  3943     cutoff   91        77.00000   76.00000  1.30%   137 3180s
 290719  3951   76.00000   76  131   77.00000   76.00000  1.30%   137 3185s
 291322  3945   76.00000   85  108   77.00000   76.00000  1.30%   137 3190s
 291825  3979   76.00000   77  127   77.00000   76.00000  1.30%   137 3195s
 292231  4008     cutoff   82        77.00000   76.00000  1.30%   137 3200s
 292629  4008   76.00000   83  128   77.00000   76.00000  1.30%   137 3205s
 293091  4014   76.00000   90  124   77.00000   76.00000  1.30%   137 3210s
 293545  3997     cutoff   81        77.00000   76.00000  1.30%   137 3215s
 293944  4001   76.00000   85   76   77.00000   76.00000  1.30%   137 3220s
 294370  4014   76.00000   84  117   77.00000   76.00000  1.30%   137 3225s
 294790  3990   76.00000   81  103   77.00000   76.00000  1.30%   137 3230s
 295238  4002     cutoff   87        77.00000   76.00000  1.30%   137 3235s
 295701  3990   76.00005   89  133   77.00000   76.00000  1.30%   137 3240s
 296143  4006   76.00000   81  101   77.00000   76.00000  1.30%   137 3245s
 296584  4030   76.00000   95  130   77.00000   76.00000  1.30%   137 3250s
 297045  4017   76.00000   75  124   77.00000   76.00000  1.30%   137 3255s
 297432  4034   76.00000   83  109   77.00000   76.00000  1.30%   138 3260s
 297841  4032   76.00000   84   75   77.00000   76.00000  1.30%   138 3265s
 298281  4043   76.00000   85   41   77.00000   76.00000  1.30%   138 3270s
 298676  4042     cutoff   81        77.00000   76.00000  1.30%   138 3275s
 299079  4038     cutoff   79        77.00000   76.00000  1.30%   138 3280s
 299492  4031     cutoff   86        77.00000   76.00000  1.30%   138 3285s
 299968  4020   76.00005   98  124   77.00000   76.00000  1.30%   138 3290s
 300378  4027     cutoff   95        77.00000   76.00000  1.30%   138 3295s
 300824  4023   76.00000   90  129   77.00000   76.00000  1.30%   138 3300s
 301265  4027     cutoff   92        77.00000   76.00000  1.30%   138 3305s
 301755  4002   76.00000   79   63   77.00000   76.00000  1.30%   138 3310s
 302197  4015   76.00000   89  117   77.00000   76.00000  1.30%   138 3315s
 302618  4030   76.00000   86   94   77.00000   76.00000  1.30%   138 3320s
 303069  4020   76.00000   82  145   77.00000   76.00000  1.30%   138 3325s
 303498  4021   76.00000   83   83   77.00000   76.00000  1.30%   138 3330s
 303879  4012   76.00000   83  121   77.00000   76.00000  1.30%   138 3335s
 304292  4023     cutoff   93        77.00000   76.00000  1.30%   138 3340s
 304665  4062   76.00000   95  143   77.00000   76.00000  1.30%   138 3345s
 305038  4029   76.00000   79  104   77.00000   76.00000  1.30%   138 3350s
 305473  4065     cutoff   77        77.00000   76.00000  1.30%   138 3355s
 306050  4085   76.00000   83  113   77.00000   76.00000  1.30%   138 3360s
 306581  4052   76.00000   79  120   77.00000   76.00000  1.30%   138 3365s
 307145  4071     cutoff  103        77.00000   76.00000  1.30%   138 3370s
 307681  4070     cutoff   99        77.00000   76.00000  1.30%   138 3375s
 308155  4004   76.00000  108  151   77.00000   76.00000  1.30%   138 3380s
 308578  3996   76.00000   84  113   77.00000   76.00000  1.30%   138 3385s
 309184  4004     cutoff   97        77.00000   76.00000  1.30%   138 3390s
 309744  3998   76.00000   73  116   77.00000   76.00000  1.30%   138 3395s
 310357  3977     cutoff   68        77.00000   76.00000  1.30%   138 3400s
 310718  3977     cutoff   77        77.00000   76.00000  1.30%   138 3405s
 311127  3991     cutoff   87        77.00000   76.00000  1.30%   138 3410s
 311544  3981   76.00000   71  105   77.00000   76.00000  1.30%   138 3415s
 312032  3987   76.00000   84   84   77.00000   76.00000  1.30%   138 3420s
 312316  4001   76.00000   77  118   77.00000   76.00000  1.30%   138 3427s
 312582  4011   76.00000   73   71   77.00000   76.00000  1.30%   138 3430s
 313065  3985   76.00000   73  113   77.00000   76.00000  1.30%   138 3435s
 313617  3975     cutoff  106        77.00000   76.00000  1.30%   138 3440s
 314275  3987   76.00000  107   95   77.00000   76.00000  1.30%   138 3445s
 315020  4009   76.00000  107   92   77.00000   76.00000  1.30%   138 3450s
 315754  4028   76.00000  118   91   77.00000   76.00000  1.30%   138 3455s
 316471  3972     cutoff   81        77.00000   76.00000  1.30%   138 3460s
 316988  3958     cutoff   86        77.00000   76.00000  1.30%   138 3465s
 317573  3965   76.00000   83  123   77.00000   76.00000  1.30%   138 3470s
 318058  3935   76.00000   78  126   77.00000   76.00000  1.30%   138 3475s
 318583  3924   76.00000   59  170   77.00000   76.00000  1.30%   138 3480s
 318986  3975   76.00000   85  130   77.00000   76.00000  1.30%   138 3485s
 319422  3973     cutoff   88        77.00000   76.00000  1.30%   138 3490s
 319908  3952     cutoff   82        77.00000   76.00000  1.30%   138 3495s
 320352  3950     cutoff   74        77.00000   76.00000  1.30%   138 3500s
 320778  3961   76.00000   78  128   77.00000   76.00000  1.30%   138 3505s
 321183  3939     cutoff   74        77.00000   76.00000  1.30%   138 3510s
 321601  3926   76.00000   66  137   77.00000   76.00000  1.30%   138 3515s
 322092  3935   76.00000   72  136   77.00000   76.00000  1.30%   138 3520s
 322594  3936   76.00000   86  118   77.00000   76.00000  1.30%   138 3525s
 323089  3934   76.00000   74  132   77.00000   76.00000  1.30%   138 3530s
 323584  3943   76.00000   81   89   77.00000   76.00000  1.30%   138 3535s
 324081  3926   76.00000   70  154   77.00000   76.00000  1.30%   138 3540s
 324545  3927   76.00000   82  103   77.00000   76.00000  1.30%   138 3545s
 325028  3941     cutoff   80        77.00000   76.00000  1.30%   138 3550s
 325469  3926   76.00000   73  143   77.00000   76.00000  1.30%   138 3555s
 325930  3921   76.00000   70  155   77.00000   76.00000  1.30%   138 3560s
 326412  3922   76.00000   76  190   77.00000   76.00000  1.30%   138 3565s
 326885  3945     cutoff   84        77.00000   76.00000  1.30%   138 3570s
 327348  3928   76.00000   83  174   77.00000   76.00000  1.30%   138 3575s
 327869  3936   76.00000   63  144   77.00000   76.00000  1.30%   138 3580s
 328331  3975   76.00000   77   73   77.00000   76.00000  1.30%   138 3585s
 328823  3956   76.00000   63  173   77.00000   76.00000  1.30%   138 3590s
 329314  3974   76.00000   73  149   77.00000   76.00000  1.30%   138 3595s
 329762  3968   76.00000   76  131   77.00000   76.00000  1.30%   138 3600s
 330161  3969     cutoff   72        77.00000   76.00000  1.30%   138 3605s
 330625  3967   76.00000   71  167   77.00000   76.00000  1.30%   138 3610s
 331093  3946   76.00000   71  147   77.00000   76.00000  1.30%   138 3615s
 331560  3961     cutoff   72        77.00000   76.00000  1.30%   138 3620s
 331941  3941   76.00000   76  149   77.00000   76.00000  1.30%   138 3625s
 332369  3914     cutoff   79        77.00000   76.00000  1.30%   138 3630s
 332904  3916     cutoff   80        77.00000   76.00000  1.30%   138 3635s
 333386  3918     cutoff   82        77.00000   76.00000  1.30%   138 3640s
 333869  3926     cutoff   80        77.00000   76.00000  1.30%   138 3645s
 334433  3924     cutoff   76        77.00000   76.00000  1.30%   138 3650s
 335148  3935   76.00000   79  160   77.00000   76.00000  1.30%   138 3655s
 335880  3934   76.00000   75  129   77.00000   76.00000  1.30%   137 3660s
 336445  3937     cutoff   93        77.00000   76.00000  1.30%   137 3665s
 336998  3954   76.00000   76  128   77.00000   76.00000  1.30%   137 3670s
 337508  3949     cutoff   94        77.00000   76.00000  1.30%   137 3675s
 337993  3886     cutoff   82        77.00000   76.00000  1.30%   137 3680s
 338374  3825   76.00000   70  178   77.00000   76.00000  1.30%   137 3685s
 338782  3762   76.00000   70  155   77.00000   76.00000  1.30%   137 3690s
 339223  3721   76.00000   75  172   77.00000   76.00000  1.30%   137 3695s
 339710  3740     cutoff   78        77.00000   76.00000  1.30%   137 3700s
 340129  3769   76.00000   75  116   77.00000   76.00000  1.30%   137 3705s
 340570  3779   76.00000   87   66   77.00000   76.00000  1.30%   137 3710s
 340594  3769   76.00000   73  108   77.00000   76.00000  1.30%   138 3720s
 340922  3765     cutoff   78        77.00000   76.00000  1.30%   138 3725s
 341347  3790   76.00000   73  109   77.00000   76.00000  1.30%   138 3730s
 341847  3760     cutoff   91        77.00000   76.00000  1.30%   138 3735s
 342315  3746   76.00000   86  123   77.00000   76.00000  1.30%   138 3740s
 342798  3750     cutoff   85        77.00000   76.00000  1.30%   138 3745s
 343281  3738     cutoff   76        77.00000   76.00000  1.30%   138 3750s
 343736  3732     cutoff   83        77.00000   76.00000  1.30%   138 3755s
 344118  3687     cutoff   78        77.00000   76.00000  1.30%   138 3760s
 344544  3681     cutoff   93        77.00000   76.00000  1.30%   138 3765s
 344956  3712     cutoff   89        77.00000   76.00000  1.30%   138 3770s
 345378  3724   76.00000   98  115   77.00000   76.00000  1.30%   138 3775s
 345791  3720     cutoff   88        77.00000   76.00000  1.30%   138 3780s
 346242  3738     cutoff  103        77.00000   76.00000  1.30%   138 3785s
 346664  3735   76.00000   84  154   77.00000   76.00000  1.30%   138 3790s
 347108  3753     cutoff   84        77.00000   76.00000  1.30%   138 3795s
 347509  3780   76.00000   94  104   77.00000   76.00000  1.30%   138 3800s
 347959  3765   76.00000   87  107   77.00000   76.00000  1.30%   138 3805s
 348393  3738   76.00000   91   91   77.00000   76.00000  1.30%   138 3810s
 348811  3717   76.00000   85  139   77.00000   76.00000  1.30%   138 3815s
 349250  3742   76.00000   81  123   77.00000   76.00000  1.30%   138 3820s
 349667  3731   76.00000   77  131   77.00000   76.00000  1.30%   138 3825s
 350110  3734     cutoff   97        77.00000   76.00000  1.30%   138 3830s
 350546  3710     cutoff   80        77.00000   76.00000  1.30%   138 3835s
 350962  3698     cutoff   66        77.00000   76.00000  1.30%   138 3840s
 351397  3723   76.00000   79  110   77.00000   76.00000  1.30%   138 3845s
 351830  3703   76.00000   74   88   77.00000   76.00000  1.30%   138 3850s
 352303  3604     cutoff   79        77.00000   76.00000  1.30%   138 3855s
 352789  3579   76.00000   78  111   77.00000   76.00000  1.30%   138 3860s
 353267  3570   76.00000   79  141   77.00000   76.00000  1.30%   138 3865s
 353765  3553   76.00000   90  109   77.00000   76.00000  1.30%   138 3870s
 354248  3570   76.00000   90   78   77.00000   76.00000  1.30%   138 3875s
 354728  3584   76.00000   88  107   77.00000   76.00000  1.30%   138 3880s
 355185  3584     cutoff  107        77.00000   76.00000  1.30%   138 3885s
 355615  3614   76.00000   76   76   77.00000   76.00000  1.30%   138 3890s
 356127  3660     cutoff   86        77.00000   76.00000  1.30%   138 3895s
 356648  3658     cutoff   83        77.00000   76.00000  1.30%   138 3900s
 357183  3650   76.00000   81   80   77.00000   76.00000  1.30%   138 3905s
 357749  3682   76.00000   89  107   77.00000   76.00000  1.30%   138 3910s
 358361  3672   76.00000   90   78   77.00000   76.00000  1.30%   138 3915s
 358904  3681   76.00000   85  108   77.00000   76.00000  1.30%   138 3920s
 359297  3688   76.00000   85   99   77.00000   76.00000  1.30%   138 3925s
 359722  3673   76.00000   80  116   77.00000   76.00000  1.30%   138 3930s
 360167  3699   76.00000   76  110   77.00000   76.00000  1.30%   138 3935s
 360601  3699     cutoff   85        77.00000   76.00000  1.30%   138 3940s
 361070  3748   76.00000   93   71   77.00000   76.00000  1.30%   138 3945s
 361483  3751     cutoff   92        77.00000   76.00000  1.30%   138 3950s
 361916  3755     cutoff   86        77.00000   76.00000  1.30%   138 3955s
 362359  3775   76.00000   87  101   77.00000   76.00000  1.30%   138 3960s
 362836  3775     cutoff   85        77.00000   76.00000  1.30%   138 3965s
 363270  3815     cutoff   98        77.00000   76.00000  1.30%   138 3970s
 363770  3837   76.00000   80  111   77.00000   76.00000  1.30%   138 3975s
 364268  3860   76.00000   83   85   77.00000   76.00000  1.30%   138 3980s
 364752  3828   76.00000   83  131   77.00000   76.00000  1.30%   138 3985s
 365130  3702     cutoff   83        77.00000   76.00000  1.30%   139 3990s
 365424  3550     cutoff   75        77.00000   76.00000  1.30%   139 3995s
 365724  3304     cutoff   73        77.00000   76.00000  1.30%   139 4000s
 366047  3072   76.00000   59  223   77.00000   76.00000  1.30%   139 4005s
 366339  3008     cutoff   59        77.00000   76.00000  1.30%   139 4010s
 366596  2883     cutoff   74        77.00000   76.00000  1.30%   140 4015s
 366861  2727     cutoff   59        77.00000   76.00000  1.30%   140 4020s
 367117  2605     cutoff   75        77.00000   76.00000  1.30%   140 4025s
 367386  2338   76.00000   55  294   77.00000   76.00000  1.30%   140 4030s
 367652  2213     cutoff   73        77.00000   76.00000  1.30%   140 4035s
 367919  2138     cutoff   83        77.00000   76.00000  1.30%   140 4040s
 368133  2031   76.00000   52  242   77.00000   76.00000  1.30%   141 4045s
 368488  1982     cutoff   69        77.00000   76.00000  1.30%   141 4050s
 368689  1796   76.00000   48  328   77.00000   76.00000  1.30%   141 4055s
 368970  1728     cutoff   75        77.00000   76.00000  1.30%   141 4060s
 369258  1655     cutoff   83        77.00000   76.00000  1.30%   141 4065s
 369549  1535     cutoff   76        77.00000   76.00000  1.30%   141 4070s
 369796  1438     cutoff   58        77.00000   76.00000  1.30%   142 4075s
 370020  1327   76.00000   53  190   77.00000   76.00000  1.30%   142 4080s
 370258  1280   76.00000   57  266   77.00000   76.00000  1.30%   142 4085s
 370545  1251     cutoff   53        77.00000   76.00000  1.30%   142 4090s
 370813  1224     cutoff   55        77.00000   76.00000  1.30%   142 4095s
 371016  1186     cutoff   58        77.00000   76.00000  1.30%   143 4100s
 371272  1120     cutoff   57        77.00000   76.00000  1.30%   143 4105s
 371550  1031     cutoff   75        77.00000   76.00000  1.30%   143 4110s
 371874  1045     cutoff   58        77.00000   76.00000  1.30%   143 4115s
 372114  1022     cutoff   68        77.00000   76.00000  1.30%   143 4120s
 372400   896     cutoff   61        77.00000   76.00000  1.30%   143 4125s
 372653   853   76.00000   58  198   77.00000   76.00000  1.30%   143 4130s
 372937   782     cutoff   57        77.00000   76.00000  1.30%   144 4135s
 373221   606     cutoff   50        77.00000   76.00000  1.30%   144 4140s
 373531   473     cutoff   81        77.00000   76.00000  1.30%   144 4145s
 373951   132     cutoff   72        77.00000   76.00000  1.30%   144 4150s

Cutting planes:
  Gomory: 26
  Lift-and-project: 31
  Cover: 157
  Implied bound: 354
  Dual implied bound: 1
  Clique: 9
  MIR: 594
  Mixing: 4
  Flow cover: 880
  GUB cover: 127
  Inf proof: 1
  Zero half: 144
  RLT: 251
  Relax-and-lift: 50
  BQP: 68

Explored 374050 nodes (53882156 simplex iterations) in 4150.91 seconds (3294.80 work units)
Thread count was 1 (of 16 available processors)

Solution count 10: 77 77 78 ... 87

Optimal solution found (tolerance 1.00e-04)
Best objective 7.700000000000e+01, best bound 7.600001202601e+01, gap 1.2987%

User-callback calls 1588085, time in user-callback 2.02 sec

 sepatime0 0 0
77.0Stat(MathOptInterface.OPTIMAL, 77.0, 76.00001202601206, 0.012986856805038206, 0.0, 1.218317, 4150.912077188492, 374050, Main.CFLG.LEFPAD, "", #undef)
ERROR: LoadError: SystemError: opening file "/scratch/opt/lxu/CFLG/results/tree_A/treeA.300.45.LEFPAD.Large": No such file or directory
Stacktrace:
 [1] systemerror(p::String, errno::Int32; extrainfo::Nothing)
   @ Base ./error.jl:176
 [2] systemerror
   @ ./error.jl:175 [inlined]
 [3] open(fname::String; lock::Bool, read::Nothing, write::Nothing, create::Nothing, truncate::Bool, append::Nothing)
   @ Base ./iostream.jl:295
 [4] open
   @ ./iostream.jl:277 [inlined]
 [5] open(fname::String, mode::String; lock::Bool)
   @ Base ./iostream.jl:358
 [6] open
   @ ./iostream.jl:357 [inlined]
 [7] main(args::Vector{String})
   @ Main /scratch/opt/lxu/CFLG/src/main.jl:51
 [8] top-level scope
   @ /scratch/opt/lxu/CFLG/src/main.jl:57
in expression starting at /scratch/opt/lxu/CFLG/src/main.jl:57
srun: error: htc-cmp435: task 0: Exited with exit code 1
