Data path: /scratch/opt/lxu/CFLG/benchmarks/tree_B
Instance: treeB.30.1
Result path: /scratch/opt/lxu/CFLG/results/tree_B
Solver: Gurobi
Time limit: 7200
Formulation: LEFP
Cover: Large
julia --project=. src/main.jl /scratch/opt/lxu/CFLG/benchmarks/tree_B treeB.30.1 /scratch/opt/lxu/CFLG/results/tree_B Gurobi 7200 LEFP Large
The latest version of Julia in the `release` channel is 1.11.6+0.x64.linux.gnu. You currently have `1.11.4+0.x64.linux.gnu` installed. Run:

  juliaup update

in your terminal shell to install Julia 1.11.6+0.x64.linux.gnu and update the `release` channel to that version.
/scratch/opt/lxu/CFLG/benchmarks/tree_B Gurobi 7200.0 /scratch/opt/lxu/CFLG/results/tree_B treeB.30.1 LEFP Large
/scratch/opt/lxu/CFLG/benchmarks/tree_B/treeB.30.1

 read graph
data loaded

problem_graph/original graph: node: 30/30 edge: 30/30 dlt: 2.9766661178149247 break_avg_len: 1.4883330589074624 break_max_len: 1.9852215206607577Set parameter TokenServer to value "solice01.zib.de"
Set parameter Threads to value 1
Set parameter OutputFlag to value 1
Gurobi Optimizer version 12.0.1 build v12.0.1rc0 (linux64 - "Debian GNU/Linux 12 (bookworm)")

CPU model: Intel(R) Xeon(R) Gold 5222 CPU @ 3.80GHz, instruction set [SSE2|AVX|AVX2|AVX512]
Thread count: 8 physical cores, 16 logical processors, using up to 1 threads

Non-default parameters:
Threads  1

Optimize a model with 60 rows, 90 columns and 150 nonzeros
Model fingerprint: 0x71c54eb0
Coefficient statistics:
  Matrix range     [1e+00, 1e+00]
  Objective range  [1e+00, 1e+00]
  Bounds range     [1e+00, 1e+00]
  RHS range        [1e+00, 1e+00]
Presolve removed 52 rows and 74 columns
Presolve time: 0.00s
Presolved: 8 rows, 16 columns, 24 nonzeros

Iteration    Objective       Primal Inf.    Dual Inf.      Time
       0    1.8000000e+01   4.000000e+00   0.000000e+00      0s
       4    1.4000000e+01   0.000000e+00   0.000000e+00      0s

Solved in 4 iterations and 0.00 seconds (0.00 work units)
Optimal objective  1.400000000e+01

User-callback calls 115, time in user-callback 0.00 sec
elapsed CPU time: 0.923534 seconds
Set parameter TokenServer to value "solice01.zib.de"
Set parameter Threads to value 1
Set parameter OutputFlag to value 1
Set parameter MIPGap to value 0.0001
Set parameter TimeLimit to value 7199.076466

 more cuts: false 2.9766661178149247 false
is_attach:falseformulation:LEFP0 30 30

 model loaded

Gurobi Optimizer version 12.0.1 build v12.0.1rc0 (linux64 - "Debian GNU/Linux 12 (bookworm)")

CPU model: Intel(R) Xeon(R) Gold 5222 CPU @ 3.80GHz, instruction set [SSE2|AVX|AVX2|AVX512]
Thread count: 8 physical cores, 16 logical processors, using up to 1 threads

Non-default parameters:
TimeLimit  7199.076466
Threads  1

Optimize a model with 970 rows, 508 columns and 2670 nonzeros
Model fingerprint: 0x4448a852
Variable types: 90 continuous, 418 integer (418 binary)
Coefficient statistics:
  Matrix range     [1e-06, 4e+00]
  Objective range  [1e+00, 1e+00]
  Bounds range     [1e+00, 2e+00]
  RHS range        [1e+00, 4e+00]
Found heuristic solution: objective 10.0000000
Presolve removed 366 rows and 160 columns
Presolve time: 0.04s
Presolved: 604 rows, 348 columns, 2622 nonzeros
Variable types: 51 continuous, 297 integer (297 binary)

Root relaxation: objective 7.000000e+00, 230 iterations, 0.00 seconds (0.00 work units)

    Nodes    |    Current Node    |     Objective Bounds      |     Work
 Expl Unexpl |  Obj  Depth IntInf | Incumbent    BestBd   Gap | It/Node Time

H    0     0                       7.0000000    7.00000  0.00%     -    0s
     0     0    7.00000    0   81    7.00000    7.00000  0.00%     -    0s

Explored 1 nodes (230 simplex iterations) in 0.04 seconds (0.04 work units)
Thread count was 1 (of 16 available processors)

Solution count 2: 7 10 

Optimal solution found (tolerance 1.00e-04)
Best objective 7.000000000000e+00, best bound 7.000000000000e+00, gap 0.0000%

User-callback calls 1115, time in user-callback 0.00 sec

 sepatime0 0 0
7.0
Stat(MathOptInterface.OPTIMAL, 7.0, 7.0, 0.0, 0.0, 0.923534, 0.04314303398132324, 1, Main.CFLG.LEFP, "", #undef)
ERROR: LoadError: SystemError: opening file "/scratch/opt/lxu/CFLG/results/tree_B/treeB.30.1.LEFP.Large": No such file or directory
Stacktrace:
 [1] systemerror(p::String, errno::Int32; extrainfo::Nothing)
   @ Base ./error.jl:176
 [2] systemerror
   @ ./error.jl:175 [inlined]
 [3] open(fname::String; lock::Bool, read::Nothing, write::Nothing, create::Nothing, truncate::Bool, append::Nothing)
   @ Base ./iostream.jl:295
 [4] open
   @ ./iostream.jl:277 [inlined]
 [5] open(fname::String, mode::String; lock::Bool)
   @ Base ./iostream.jl:358
 [6] open
   @ ./iostream.jl:357 [inlined]
 [7] main(args::Vector{String})
   @ Main /scratch/opt/lxu/CFLG/src/main.jl:51
 [8] top-level scope
   @ /scratch/opt/lxu/CFLG/src/main.jl:57
in expression starting at /scratch/opt/lxu/CFLG/src/main.jl:57
srun: error: htc-cmp483: task 0: Exited with exit code 1
