Data path: /scratch/opt/lxu/CFLG/benchmarks/tree_B
Instance: treeB.200.30
Result path: /scratch/opt/lxu/CFLG/results/tree_B
Solver: Gurobi
Time limit: 7200
Formulation: LEFPA
Cover: Small
julia --project=. src/main.jl /scratch/opt/lxu/CFLG/benchmarks/tree_B treeB.200.30 /scratch/opt/lxu/CFLG/results/tree_B Gurobi 7200 LEFPA Small
The latest version of Julia in the `release` channel is 1.11.6+0.x64.linux.gnu. You currently have `1.11.4+0.x64.linux.gnu` installed. Run:

  juliaup update

in your terminal shell to install Julia 1.11.6+0.x64.linux.gnu and update the `release` channel to that version.
/scratch/opt/lxu/CFLG/benchmarks/tree_B Gurobi 7200.0 /scratch/opt/lxu/CFLG/results/tree_B treeB.200.30 LEFPA Small
/scratch/opt/lxu/CFLG/benchmarks/tree_B/treeB.200.30

 read graph
data loaded


after absorb:151 200

max_piece:22
problem_graph/original graph: node: 151/200 edge: 180/229 dlt: 0.3787818609107315 break_avg_len: 1.927578803301277 break_max_len: 8.273360924001528Vbar/V, Ebar/E(63, 151, 92, 180)
Set parameter TokenServer to value "solice01.zib.de"
Set parameter Threads to value 1
Set parameter OutputFlag to value 1
Gurobi Optimizer version 12.0.1 build v12.0.1rc0 (linux64 - "Debian GNU/Linux 12 (bookworm)")

CPU model: Intel(R) Xeon(R) Gold 5122 CPU @ 3.60GHz, instruction set [SSE2|AVX|AVX2|AVX512]
Thread count: 8 physical cores, 16 logical processors, using up to 1 threads

Non-default parameters:
Threads  1

Optimize a model with 235 rows, 396 columns and 660 nonzeros
Model fingerprint: 0xc61e00de
Coefficient statistics:
  Matrix range     [1e+00, 1e+00]
  Objective range  [1e+00, 1e+00]
  Bounds range     [1e+00, 1e+00]
  RHS range        [1e+00, 1e+00]
Presolve removed 80 rows and 80 columns
Presolve time: 0.00s
Presolved: 155 rows, 316 columns, 500 nonzeros

Iteration    Objective       Primal Inf.    Dual Inf.      Time
       0    1.0800000e+02   4.900000e+01   0.000000e+00      0s
      84    6.3000000e+01   0.000000e+00   0.000000e+00      0s

Solved in 84 iterations and 0.00 seconds (0.00 work units)
Optimal objective  6.300000000e+01

User-callback calls 132, time in user-callback 0.00 sec
elapsed CPU time: 1.071318 seconds
Set parameter TokenServer to value "solice01.zib.de"
Set parameter Threads to value 1
Set parameter OutputFlag to value 1
Set parameter MIPGap to value 0.0001
Set parameter TimeLimit to value 7198.928682

 more cuts: false 0.3787818609107315 false
is_attach:trueformulation:LEFPA92 40 40

 model loaded

Gurobi Optimizer version 12.0.1 build v12.0.1rc0 (linux64 - "Debian GNU/Linux 12 (bookworm)")

CPU model: Intel(R) Xeon(R) Gold 5122 CPU @ 3.60GHz, instruction set [SSE2|AVX|AVX2|AVX512]
Thread count: 8 physical cores, 16 logical processors, using up to 1 threads

Non-default parameters:
TimeLimit  7198.928682
Threads  1

Optimize a model with 2106 rows, 1251 columns and 4327 nonzeros
Model fingerprint: 0xc15f551e
Variable types: 367 continuous, 884 integer (884 binary)
Coefficient statistics:
  Matrix range     [5e-03, 1e+00]
  Objective range  [1e+00, 1e+00]
  Bounds range     [2e-02, 8e+00]
  RHS range        [6e-03, 8e+00]
Presolve removed 1435 rows and 609 columns
Presolve time: 0.01s
Presolved: 671 rows, 642 columns, 2065 nonzeros
Variable types: 269 continuous, 373 integer (373 binary)
Found heuristic solution: objective 473.0000000
Found heuristic solution: objective 472.0000000
Found heuristic solution: objective 468.0000000

Root relaxation: objective 4.131110e+02, 708 iterations, 0.01 seconds (0.01 work units)

    Nodes    |    Current Node    |     Objective Bounds      |     Work
 Expl Unexpl |  Obj  Depth IntInf | Incumbent    BestBd   Gap | It/Node Time

     0     0  413.11096    0  215  468.00000  413.11096  11.7%     -    0s
H    0     0                     456.0000000  413.11096  9.41%     -    0s
     0     0  429.27072    0  167  456.00000  429.27072  5.86%     -    0s
H    0     0                     455.0000000  429.27072  5.65%     -    0s
H    0     0                     454.0000000  429.27072  5.45%     -    0s
     0     0  429.32385    0  162  454.00000  429.32385  5.44%     -    0s
     0     0  429.32620    0  169  454.00000  429.32620  5.43%     -    0s
     0     0  432.38932    0  174  454.00000  432.38932  4.76%     -    0s
H    0     0                     452.0000000  432.88932  4.23%     -    0s
H    0     0                     451.0000000  432.88932  4.02%     -    0s
     0     0  432.88932    0  163  451.00000  432.88932  4.02%     -    0s
     0     0  432.88932    0  176  451.00000  432.88932  4.02%     -    0s
     0     0  436.04183    0  127  451.00000  436.04183  3.32%     -    0s
H    0     0                     450.0000000  436.04183  3.10%     -    0s
     0     0  436.18539    0  107  450.00000  436.18539  3.07%     -    0s
     0     0  436.18539    0  107  450.00000  436.18539  3.07%     -    0s
     0     0  437.33333    0   91  450.00000  437.33333  2.81%     -    0s
     0     0  437.33333    0   99  450.00000  437.33333  2.81%     -    0s
     0     0  437.33333    0   89  450.00000  437.33333  2.81%     -    0s
     0     0  437.50000    0   50  450.00000  437.50000  2.78%     -    0s
H    0     0                     447.0000000  437.50000  2.13%     -    0s
H    0     0                     446.0000000  437.50000  1.91%     -    0s
     0     2  437.50000    0   40  446.00000  437.50000  1.91%     -    0s
H  586   437                     445.0000000  438.00000  1.57%  13.2    0s
  2786  1678  439.44300   16  156  445.00000  439.29800  1.28%  28.2    5s
  7123  4741     cutoff   52       445.00000  439.57208  1.22%  23.4   10s
 10203  6853  441.50000   32   50  445.00000  439.73158  1.18%  22.6   16s
 10279  6904  443.23586   47   89  445.00000  441.00000  0.90%  22.4   20s
H10743  6735                     444.0000000  441.00000  0.68%  25.1   21s
 13060  7191  441.65751   28  130  444.00000  441.00000  0.68%  25.5   25s
 16782  7714  443.00000   44   54  444.00000  441.06467  0.66%  25.3   30s
 21118  8300  441.38412   45  125  444.00000  441.18386  0.63%  25.1   35s
 25350  8644     cutoff   49       444.00000  441.31559  0.60%  25.1   40s
 29797  9034  441.55747   40   74  444.00000  441.40000  0.59%  25.0   45s
 34307 10640  442.16922   45   64  444.00000  441.46519  0.57%  24.8   50s
 38336 12175  441.63549   34  102  444.00000  441.50879  0.56%  25.0   55s
 42207 13611  443.00000   49   18  444.00000  441.55362  0.55%  25.1   60s
 46135 14777  443.00000   39   45  444.00000  441.60000  0.54%  25.2   65s
 50281 16011  442.28828   45   55  444.00000  441.64525  0.53%  25.2   70s
 54010 17017  442.43764   40   53  444.00000  441.68421  0.52%  25.2   75s
H57234  2085                     443.0000000  441.71841  0.29%  25.1   79s
 57335  2035  441.82253   37  148  443.00000  441.72796  0.29%  25.2   80s
 60078   582  442.00000   40   49  443.00000  442.00000  0.23%  25.5   85s
 62590    88  442.00000   41   59  443.00000  442.00000  0.23%  26.1   90s

Cutting planes:
  Learned: 3
  Gomory: 47
  Cover: 298
  Implied bound: 61
  Clique: 4
  MIR: 286
  Mixing: 26
  StrongCG: 1
  Flow cover: 942
  GUB cover: 15
  Inf proof: 5
  Zero half: 31
  RLT: 27
  Relax-and-lift: 23
  BQP: 2

Explored 62818 nodes (1648680 simplex iterations) in 90.55 seconds (65.78 work units)
Thread count was 1 (of 16 available processors)

Solution count 10: 443 443 444 ... 454

Optimal solution found (tolerance 1.00e-04)
Warning: max constraint violation (1.0000e-06) exceeds tolerance
Best objective 4.430000000000e+02, best bound 4.430000000000e+02, gap 0.0000%

User-callback calls 158064, time in user-callback 0.11 sec

 sepatime0 0 0
443.0
Stat(MathOptInterface.OPTIMAL, 443.0, 443.0, 0.0, 0.0, 1.071318, 90.55301117897034, 62818, Main.CFLG.LEFPA, "", #undef)
