Data path: /scratch/opt/lxu/CFLG/benchmarks/Kgroup_A
Instance: K100.3.con.red
Result path: /scratch/opt/lxu/CFLG/results/Kgroup_A
Solver: Gurobi
Time limit: 3600
Formulation: LEFP
Cover: Small
julia --project=. src/main.jl /scratch/opt/lxu/CFLG/benchmarks/Kgroup_A K100.3.con.red /scratch/opt/lxu/CFLG/results/Kgroup_A Gurobi 3600 LEFP Small
The latest version of Julia in the `release` channel is 1.11.5+0.x64.linux.gnu. You currently have `1.11.4+0.x64.linux.gnu` installed. Run:

  juliaup update

in your terminal shell to install Julia 1.11.5+0.x64.linux.gnu and update the `release` channel to that version.
/scratch/opt/lxu/CFLG/benchmarks/Kgroup_A Gurobi 3600.0 /scratch/opt/lxu/CFLG/results/Kgroup_A K100.3.con.red LEFP Small
/scratch/opt/lxu/CFLG/benchmarks/Kgroup_A/K100.3.con.red

 read graph
data loaded


after absorb:26 26

max_piece:28
problem_graph/original graph: node: 43/26 edge: 140/123 dlt: 0.037777522644551434 break_avg_len: 0.13276100815085215 break_max_len: 1.0elapsed CPU time: 0.046045 seconds
Set parameter TokenServer to value "solice01.zib.de"
Set parameter Threads to value 1
Set parameter OutputFlag to value 1
Set parameter MIPGap to value 0.0001
Set parameter MIPGapAbs to value 1
Set parameter TimeLimit to value 3599.953955

 more cuts:false
formulation:LEFP95 45 17

 model loaded

Gurobi Optimizer version 12.0.1 build v12.0.1rc0 (linux64 - "Debian GNU/Linux 12 (bookworm)")

CPU model: Intel(R) Xeon(R) Gold 5222 CPU @ 3.80GHz, instruction set [SSE2|AVX|AVX2|AVX512]
Thread count: 8 physical cores, 16 logical processors, using up to 1 threads

Non-default parameters:
TimeLimit  3599.953955
MIPGapAbs  1
Threads  1

Optimize a model with 3871 rows, 2001 columns and 9354 nonzeros
Model fingerprint: 0xea422a0b
Variable types: 463 continuous, 1538 integer (1348 binary)
Coefficient statistics:
  Matrix range     [2e-03, 1e+00]
  Objective range  [1e+00, 1e+00]
  Bounds range     [2e-03, 1e+00]
  RHS range        [4e-04, 1e+01]
Presolve removed 2092 rows and 486 columns
Presolve time: 0.07s
Presolved: 1779 rows, 1515 columns, 9349 nonzeros
Variable types: 373 continuous, 1142 integer (1095 binary)
Found heuristic solution: objective 279.0000000
Found heuristic solution: objective 255.0000000

Root relaxation: objective 1.890000e+02, 445 iterations, 0.01 seconds (0.01 work units)

    Nodes    |    Current Node    |     Objective Bounds      |     Work
 Expl Unexpl |  Obj  Depth IntInf | Incumbent    BestBd   Gap | It/Node Time

     0     0  189.00000    0   60  255.00000  189.00000  25.9%     -    0s
H    0     0                     238.0000000  189.00000  20.6%     -    0s
H    0     0                     230.0000000  189.00000  17.8%     -    0s
H    0     0                     225.0000000  189.00000  16.0%     -    0s
     0     0  189.24010    0   90  225.00000  189.24010  15.9%     -    0s
     0     0  189.48663    0   88  225.00000  189.48663  15.8%     -    0s
     0     0  189.84634    0   94  225.00000  189.84634  15.6%     -    0s
H    0     0                     209.0000000  189.91034  9.13%     -    0s
     0     0  189.91386    0   80  209.00000  189.91386  9.13%     -    0s
     0     0  189.91505    0   82  209.00000  189.91505  9.13%     -    0s
     0     0  189.91505    0   82  209.00000  189.91505  9.13%     -    0s
     0     0  190.33816    0   96  209.00000  190.33816  8.93%     -    0s
     0     0  190.37553    0   99  209.00000  190.37553  8.91%     -    0s
     0     0  190.37697    0  102  209.00000  190.37697  8.91%     -    0s
     0     0  190.37699    0  101  209.00000  190.37699  8.91%     -    0s
     0     0  190.77477    0  101  209.00000  190.77477  8.72%     -    0s
     0     0  190.79989    0   93  209.00000  190.79989  8.71%     -    0s
     0     0  190.80460    0  106  209.00000  190.80460  8.71%     -    0s
     0     0  190.80460    0  106  209.00000  190.80460  8.71%     -    0s
     0     0  190.99032    0  106  209.00000  190.99032  8.62%     -    0s
H    0     0                     208.0000000  190.99040  8.18%     -    0s
     0     0  191.00045    0  110  208.00000  191.00045  8.17%     -    0s
     0     0  191.00112    0  101  208.00000  191.00112  8.17%     -    0s
     0     0  191.00560    0  102  208.00000  191.00560  8.17%     -    0s
     0     0  191.00816    0  104  208.00000  191.00816  8.17%     -    0s
     0     0  191.03261    0  110  208.00000  191.03261  8.16%     -    0s
     0     0  191.03632    0  113  208.00000  191.03632  8.16%     -    0s
     0     0  191.03632    0  109  208.00000  191.03632  8.16%     -    0s
     0     0  191.09037    0  119  208.00000  191.09037  8.13%     -    0s
H    0     0                     207.0000000  191.12544  7.67%     -    0s
     0     0  191.12544    0  120  207.00000  191.12544  7.67%     -    0s
     0     0  191.12544    0  121  207.00000  191.12544  7.67%     -    0s
     0     0  191.12614    0  119  207.00000  191.12614  7.67%     -    0s
H    0     0                     206.0000000  191.14552  7.21%     -    0s
     0     0  191.15929    0  117  206.00000  191.15929  7.20%     -    0s
     0     0  191.16997    0  125  206.00000  191.16997  7.20%     -    0s
     0     0  191.17004    0  125  206.00000  191.17004  7.20%     -    0s
     0     0  191.19045    0  108  206.00000  191.19045  7.19%     -    0s
H    0     0                     204.0000000  191.19457  6.28%     -    0s
H    0     0                     203.0000000  191.19457  5.82%     -    0s
     0     0  191.19457    0  122  203.00000  191.19457  5.82%     -    0s
     0     0  191.19457    0  119  203.00000  191.19457  5.82%     -    0s
     0     0  191.20973    0  112  203.00000  191.20973  5.81%     -    0s
H    0     0                     202.0000000  191.23655  5.33%     -    0s
     0     0  191.23655    0  116  202.00000  191.23655  5.33%     -    0s
     0     0  191.23655    0  124  202.00000  191.23655  5.33%     -    0s
     0     0  191.24653    0  111  202.00000  191.24653  5.32%     -    0s
     0     0  191.24653    0  114  202.00000  191.24653  5.32%     -    0s
     0     0  191.26130    0  122  202.00000  191.26130  5.32%     -    0s
     0     0  191.29324    0  129  202.00000  191.29324  5.30%     -    0s
     0     0  191.29630    0  129  202.00000  191.29630  5.30%     -    0s
     0     0  191.29630    0  129  202.00000  191.29630  5.30%     -    0s
     0     0  191.30105    0  121  202.00000  191.30105  5.30%     -    0s
     0     0  191.30439    0  124  202.00000  191.30439  5.29%     -    0s
     0     0  191.30451    0  126  202.00000  191.30451  5.29%     -    0s
     0     0  191.31154    0  116  202.00000  191.31154  5.29%     -    0s
     0     0  191.31737    0   97  202.00000  191.31737  5.29%     -    0s
H    0     0                     201.0000000  191.88183  4.54%     -    0s
     0     2  191.88183    0   97  201.00000  191.88183  4.54%     -    0s
   720   587  197.97837   49   43  201.00000  193.95118  3.51%  41.4    5s
H 1183   769                     200.0000000  194.06606  2.97%  38.2    6s
  2703  1748  196.58514   48   51  200.00000  194.11727  2.94%  32.6   10s
  5641  3915  195.42095   29   80  200.00000  194.33745  2.83%  30.3   15s
  8829  6310  195.36189   25  117  200.00000  194.45170  2.77%  29.6   20s
 10203  7353  198.94067   57   97  200.00000  194.48172  2.76%  29.2   26s
 10246  7382  195.80398   33  143  200.00000  194.48172  2.76%  29.1   30s
 10293  7413  195.59794   38  140  200.00000  194.91387  2.54%  29.0   35s
 10360  7458  198.04446   37  147  200.00000  195.17450  2.41%  28.8   40s
 10564  7559  198.10100   42   43  200.00000  195.18848  2.41%  33.1   45s
 11384  7943  198.06979   61   40  200.00000  195.34209  2.33%  34.2   50s
 12759  8559  197.07424   54   89  200.00000  195.45130  2.27%  35.1   55s
 14313  9169  195.60875   28  147  200.00000  195.57150  2.21%  36.4   60s
 15816  9775  197.07444   37   54  200.00000  195.62143  2.19%  37.6   65s
 17495 10394  198.34531   54   39  200.00000  195.67413  2.16%  38.5   70s
 19202 10982  196.12070   26  143  200.00000  195.71054  2.14%  39.6   75s
 21014 11646  197.13997   52   65  200.00000  195.74138  2.13%  40.4   80s
 22845 12254  198.51334   54   29  200.00000  195.76701  2.12%  40.7   85s
 24786 12972  196.41780   41  115  200.00000  195.79374  2.10%  41.0   90s
 26682 13623  198.14589   60   43  200.00000  195.82049  2.09%  41.5   95s
 28416 14198  197.26826   47   70  200.00000  195.84087  2.08%  42.1  100s
 30207 14824  196.68619   36  104  200.00000  195.86193  2.07%  42.5  105s
 32081 15437  196.15462   35  109  200.00000  195.87629  2.06%  42.8  110s
 34021 16509  196.52407   42   87  200.00000  195.89025  2.05%  43.1  115s
 35976 17753  196.05002   32  114  200.00000  195.90579  2.05%  43.1  120s
 37871 19044     cutoff   73       200.00000  195.92391  2.04%  43.2  125s
 39818 20307  196.99774   47   82  200.00000  195.94018  2.03%  43.4  130s
 41639 21506  198.00000   39   41  200.00000  195.95278  2.02%  43.5  135s
 43438 22620     cutoff   44       200.00000  195.96535  2.02%  43.7  140s
 45187 23738  198.04226   57   52  200.00000  195.97881  2.01%  43.8  145s
 46865 24833  197.12090   32  104  200.00000  195.98917  2.01%  44.0  150s
 48708 26014  196.00490   34   63  200.00000  196.00000  2.00%  44.2  155s
 50361 27155 infeasible   60       200.00000  196.00000  2.00%  44.5  160s
 52032 28292  198.05430   52   34  200.00000  196.00355  2.00%  44.8  165s
 53770 29351  196.15127   40  113  200.00000  196.01035  1.99%  44.9  170s
 55549 30539  198.21685   63   73  200.00000  196.01754  1.99%  44.9  175s
 57526 31802  196.42067   46  113  200.00000  196.02418  1.99%  44.8  180s
 59374 33040  198.60555   46   60  200.00000  196.03073  1.98%  44.9  185s
 61187 34146  197.25217   47   88  200.00000  196.03570  1.98%  45.0  190s
 62976 35301  197.11805   39   40  200.00000  196.04101  1.98%  45.1  195s
 64889 36522  196.25746   36  106  200.00000  196.04570  1.98%  45.2  200s
 66792 37750  197.13848   51   64  200.00000  196.05135  1.97%  45.3  205s
 68623 38951  199.00000   77   35  200.00000  196.05697  1.97%  45.4  210s
 70454 40110  196.30999   39  116  200.00000  196.06513  1.97%  45.5  215s
 72273 41343  199.00000   58   40  200.00000  196.07146  1.96%  45.6  220s
 74148 42479  196.92960   36  113  200.00000  196.07693  1.96%  45.6  225s
 76105 43785     cutoff   61       200.00000  196.08231  1.96%  45.6  230s
 77964 44970     cutoff   60       200.00000  196.08590  1.96%  45.7  235s
 79883 46270  196.39187   35   89  200.00000  196.08940  1.96%  45.7  240s
 81664 47358  197.00000   48   78  200.00000  196.09344  1.95%  45.8  245s
 83541 48534  197.28226   41   92  200.00000  196.09834  1.95%  45.8  250s
 85312 49663  196.12008   36  100  200.00000  196.10135  1.95%  45.9  255s
 87001 50707  197.57015   53   46  200.00000  196.10592  1.95%  46.0  260s
 88733 51763  196.59306   35   76  200.00000  196.10901  1.95%  46.1  265s
 90534 52858  196.45146   41   87  200.00000  196.11364  1.94%  46.2  270s
 92361 54012  196.85815   45   77  200.00000  196.11755  1.94%  46.2  275s
 94117 55154     cutoff   70       200.00000  196.12141  1.94%  46.3  280s
 95869 56186  196.48056   38  111  200.00000  196.12573  1.94%  46.4  285s
 97541 57177  196.36353   34  100  200.00000  196.12924  1.94%  46.4  290s
 99274 58252  197.33868   41   99  200.00000  196.13286  1.93%  46.5  295s
 101045 59339  196.50252   47  114  200.00000  196.13634  1.93%  46.5  300s
 102857 60417  197.00568   49   31  200.00000  196.14143  1.93%  46.6  305s
 103366 60745     cutoff   68       200.00000  196.14232  1.93%  46.6  310s
 105112 61735  197.12700   36   51  200.00000  196.14644  1.93%  46.6  315s
 106854 62741  196.59166   36  110  200.00000  196.14978  1.93%  46.6  320s
 108777 63865  196.16703   31  127  200.00000  196.15401  1.92%  46.6  325s
 110632 64962     cutoff   58       200.00000  196.15815  1.92%  46.6  330s
 112448 66133  197.00000   42   54  200.00000  196.16199  1.92%  46.6  335s
 114350 67318  199.00000   60   48  200.00000  196.16590  1.92%  46.6  340s
 116281 68481  196.36506   32  112  200.00000  196.16965  1.92%  46.6  345s
 118025 69547  198.00000   69   58  200.00000  196.17297  1.91%  46.6  350s
 119825 70601  196.99942   48   60  200.00000  196.17550  1.91%  46.7  355s
 121731 71877  196.25893   40  109  200.00000  196.17772  1.91%  46.7  360s
 123596 73012  198.99873   63   53  200.00000  196.18077  1.91%  46.7  365s
 125448 74154     cutoff   52       200.00000  196.18447  1.91%  46.7  370s
 127254 75247  196.70602   41   92  200.00000  196.18754  1.91%  46.7  375s
 129035 76297  197.13846   44   81  200.00000  196.19070  1.90%  46.7  380s
 130877 77451 infeasible   81       200.00000  196.19341  1.90%  46.7  385s
 132626 78485  198.43991   57   20  200.00000  196.19661  1.90%  46.8  390s
 134383 79539  196.90374   38   58  200.00000  196.19985  1.90%  46.8  395s
 136218 80702     cutoff   75       200.00000  196.20193  1.90%  46.9  400s
 138006 81758  198.12319   63   39  200.00000  196.20465  1.90%  46.9  405s
 139850 82867  197.53616   53   65  200.00000  196.20807  1.90%  46.9  410s
 141652 83927  196.23973   43  108  200.00000  196.21099  1.89%  46.9  415s
 143562 85072  197.02984   48   79  200.00000  196.21400  1.89%  46.9  420s
 145315 86167  197.09183   46   63  200.00000  196.21616  1.89%  46.9  425s
 147074 87192  197.06957   41   74  200.00000  196.21831  1.89%  46.9  430s
 148791 88269  197.08722   42   69  200.00000  196.22048  1.89%  47.0  435s
 150576 89337  197.31120   51   81  200.00000  196.22282  1.89%  47.0  440s
 152375 90374  198.00000   46   73  200.00000  196.22587  1.89%  47.0  445s
 154109 91395  198.28024   60   56  200.00000  196.22829  1.89%  47.0  450s
 155903 92442  198.06261   44   59  200.00000  196.23054  1.88%  47.0  455s
 157652 93441  196.35760   31  111  200.00000  196.23286  1.88%  47.0  460s
 159393 94474  198.33539   52   34  200.00000  196.23498  1.88%  47.1  465s
 161153 95554  198.19683   54   38  200.00000  196.23798  1.88%  47.1  470s
 163046 96638     cutoff   54       200.00000  196.23982  1.88%  47.1  475s
 164852 97715     cutoff   69       200.00000  196.24219  1.88%  47.1  480s
 166678 98756  197.66244   58   36  200.00000  196.24434  1.88%  47.1  485s
 168450 99757  198.16838   48   44  200.00000  196.24677  1.88%  47.1  490s
 170149 100727  198.89166   73   56  200.00000  196.24873  1.88%  47.2  495s
 171830 101722  197.00000   35  105  200.00000  196.25145  1.87%  47.2  500s
 173607 102732  196.42702   39   90  200.00000  196.25449  1.87%  47.2  505s
 175420 103830  197.00000   44   62  200.00000  196.25683  1.87%  47.3  510s
 177212 104884  196.93437   44   66  200.00000  196.25920  1.87%  47.3  515s
 178899 105952  198.41792   43   79  200.00000  196.26053  1.87%  47.3  520s
 180751 106997     cutoff   67       200.00000  196.26281  1.87%  47.3  525s
 182591 108096  196.79949   42  116  200.00000  196.26499  1.87%  47.3  530s
 184309 109046  197.00247   40  103  200.00000  196.26703  1.87%  47.4  535s
 185998 110025  196.94494   36   99  200.00000  196.26972  1.87%  47.4  540s
 187726 111039  198.93024   60   42  200.00000  196.27186  1.86%  47.4  545s
 189597 112157  197.65634   48   60  200.00000  196.27409  1.86%  47.4  550s
 191316 113154  198.01964   54   56  200.00000  196.27632  1.86%  47.5  555s
 193000 114153  198.21213   62   43  200.00000  196.27908  1.86%  47.5  560s
 194800 115171  199.00000   52   13  200.00000  196.28179  1.86%  47.5  565s
 196543 116206  197.00000   39   96  200.00000  196.28447  1.86%  47.5  570s
 198244 117203  196.60679   38  116  200.00000  196.28664  1.86%  47.6  575s
 199924 118180  196.72534   50   76  200.00000  196.28865  1.86%  47.6  580s
 201717 119183  196.85796   47  122  200.00000  196.29070  1.85%  47.6  585s
 203406 120158  197.50120   49   69  200.00000  196.29245  1.85%  47.6  590s
 205136 121127  198.33963   55   50  200.00000  196.29522  1.85%  47.6  595s
 206817 122113  197.00000   42   75  200.00000  196.29754  1.85%  47.7  600s
 208700 123233  196.76482   47  102  200.00000  196.29984  1.85%  47.7  605s
 210367 124229  196.44330   36   93  200.00000  196.30215  1.85%  47.7  610s
 212169 125271  196.36283   37  128  200.00000  196.30406  1.85%  47.7  615s
 214024 126309  196.63786   41  114  200.00000  196.30599  1.85%  47.7  620s
 215671 127266  196.91351   37  111  200.00000  196.30794  1.85%  47.8  625s
 217467 128345  198.36394   69   48  200.00000  196.31005  1.84%  47.8  630s
 219230 129342  196.85170   45   58  200.00000  196.31158  1.84%  47.8  635s
 220984 130389  196.62265   36  107  200.00000  196.31353  1.84%  47.8  640s
 222915 131514  199.00000   52   24  200.00000  196.31542  1.84%  47.8  645s
 224645 132539  197.00000   41   63  200.00000  196.31729  1.84%  47.8  650s
 226454 133617     cutoff   69       200.00000  196.31955  1.84%  47.8  655s
 228160 134565     cutoff   52       200.00000  196.32197  1.84%  47.8  660s
 229956 135651  196.46873   41   80  200.00000  196.32450  1.84%  47.9  665s
 231763 136721  196.87598   44  109  200.00000  196.32651  1.84%  47.9  670s
 233479 137756  198.41674   58   65  200.00000  196.32891  1.84%  47.9  675s
 235290 138810  197.43064   41   81  200.00000  196.33068  1.83%  47.9  680s
 237025 139852  196.54586   42   98  200.00000  196.33249  1.83%  47.9  685s
 238794 140882  197.93024   41   56  200.00000  196.33395  1.83%  47.9  690s
 240621 141969  196.99811   42   82  200.00000  196.33580  1.83%  47.9  695s
 242440 142976  197.02310   40  104  200.00000  196.33763  1.83%  47.9  700s
 244260 144074  198.00000   54   67  200.00000  196.33890  1.83%  47.9  705s
 246067 145172     cutoff   62       200.00000  196.34112  1.83%  47.9  710s
 247839 146204  197.85926   52   81  200.00000  196.34309  1.83%  47.9  715s
 249752 147329  198.19130   62   88  200.00000  196.34471  1.83%  47.9  720s
 251607 148437  197.38978   41   98  200.00000  196.34703  1.83%  47.9  725s
 253368 149436  196.64273   42   88  200.00000  196.34886  1.83%  47.9  730s
 255159 150492  198.86782   51   30  200.00000  196.35089  1.82%  47.9  735s
 257028 151575  196.56007   48  105  200.00000  196.35295  1.82%  47.9  740s
 258890 152644     cutoff   59       200.00000  196.35455  1.82%  47.9  745s
 260622 153611  197.31214   39  104  200.00000  196.35605  1.82%  47.9  750s
 262411 154686     cutoff   51       200.00000  196.35753  1.82%  47.9  755s
 264303 155814  196.60454   45   83  200.00000  196.35897  1.82%  47.9  760s
 266067 156788  197.39192   40   55  200.00000  196.36115  1.82%  47.9  765s
 267873 157837  198.86333   48   63  200.00000  196.36305  1.82%  47.9  770s
 269706 158907  198.89393   68   51  200.00000  196.36496  1.82%  47.9  775s
 271447 159868  197.00177   51   64  200.00000  196.36681  1.82%  47.9  780s
 273248 160950  197.29394   47   67  200.00000  196.36841  1.82%  47.9  785s
 275138 162035  197.12573   50   66  200.00000  196.36961  1.82%  47.9  790s
 276780 162991  197.91368   55   66  200.00000  196.37121  1.81%  48.0  795s
 278637 164081  198.06445   46   31  200.00000  196.37297  1.81%  48.0  800s
 280496 165175  197.84987   54   54  200.00000  196.37417  1.81%  47.9  805s
 282274 166191     cutoff   65       200.00000  196.37596  1.81%  48.0  810s
 284059 167171  197.82751   48   49  200.00000  196.37783  1.81%  48.0  815s
 285688 168111  198.78131   61   55  200.00000  196.37922  1.81%  48.0  820s
 287552 169198  197.23640   47   72  200.00000  196.38124  1.81%  48.0  825s
 289393 170262  198.45404   57   85  200.00000  196.38271  1.81%  48.0  830s
 291349 171367  197.03308   42   84  200.00000  196.38433  1.81%  47.9  835s
 293098 172328  197.54827   47   88  200.00000  196.38595  1.81%  48.0  840s
 294872 173375  198.00000   55   40  200.00000  196.38776  1.81%  48.0  845s
 295639 173830  198.00000   42   43  200.00000  196.38838  1.81%  48.0  851s
 296841 174559  198.22778   52   33  200.00000  196.38961  1.81%  48.0  855s
 298591 175568  198.46746   74   39  200.00000  196.39120  1.80%  48.0  860s
 300354 176551  198.16360   56   48  200.00000  196.39307  1.80%  48.0  865s
 302082 177583  198.04078   55   67  200.00000  196.39489  1.80%  48.0  870s
 303836 178549  197.37851   56   52  200.00000  196.39676  1.80%  48.0  875s
 305620 179525  196.83775   39  109  200.00000  196.39830  1.80%  48.0  880s
 307396 180543  198.21942   51   44  200.00000  196.39985  1.80%  48.1  885s
 309204 181573  198.69070   56   54  200.00000  196.40151  1.80%  48.1  890s
 311031 182609  197.06356   47   70  200.00000  196.40334  1.80%  48.1  895s
 312896 183707  197.17694   60   92  200.00000  196.40515  1.80%  48.0  900s
 314682 184762     cutoff   44       200.00000  196.40697  1.80%  48.0  905s
 316498 185761  196.81395   35   96  200.00000  196.40852  1.80%  48.0  910s
 318419 186768  197.28945   44   94  200.00000  196.41034  1.79%  48.0  915s
 320290 187789  199.00000   60   21  200.00000  196.41226  1.79%  48.0  920s
 322064 188781  196.99391   44   98  200.00000  196.41359  1.79%  48.0  925s
 323843 189750  196.46692   41   92  200.00000  196.41553  1.79%  48.0  930s
 325616 190728  198.00412   57   59  200.00000  196.41681  1.79%  48.1  935s
 327432 191731  198.82921   73   50  200.00000  196.41841  1.79%  48.0  940s
 329164 192720  199.00000   57   18  200.00000  196.42005  1.79%  48.1  945s
 331004 193804  197.59963   51   68  200.00000  196.42186  1.79%  48.1  950s
 332860 194871  196.92219   37   73  200.00000  196.42338  1.79%  48.1  955s
 334562 195836  196.71006   37  114  200.00000  196.42470  1.79%  48.1  960s
 336443 196867  198.00000   40   63  200.00000  196.42625  1.79%  48.1  965s
 338177 197861  197.71741   61   86  200.00000  196.42805  1.79%  48.1  970s
 340047 198941  198.47996   50   63  200.00000  196.42937  1.79%  48.1  975s
 341930 200011  197.11810   38   93  200.00000  196.43106  1.78%  48.1  980s
 343713 201025  198.23234   38   63  200.00000  196.43266  1.78%  48.1  985s
 345476 202017  197.20618   41   82  200.00000  196.43388  1.78%  48.1  990s
 347163 202963  197.33386   49   69  200.00000  196.43566  1.78%  48.1  995s
 348921 203966  198.75864   60   78  200.00000  196.43722  1.78%  48.1 1000s
 350858 205042  199.00000   62   25  200.00000  196.43857  1.78%  48.1 1005s
 352648 206039  198.93034   69   44  200.00000  196.44015  1.78%  48.1 1010s
 354451 207055  196.50644   39   97  200.00000  196.44162  1.78%  48.1 1015s
 356329 208129  197.80889   49   77  200.00000  196.44291  1.78%  48.1 1020s
 358028 209156  196.72401   40  144  200.00000  196.44429  1.78%  48.1 1025s
 359892 210221  197.07729   31   97  200.00000  196.44531  1.78%  48.1 1030s
 361613 211180  197.10532   52  110  200.00000  196.44705  1.78%  48.1 1035s
 363493 212269  197.10693   50   61  200.00000  196.44841  1.78%  48.1 1040s
 365198 213249     cutoff   54       200.00000  196.45011  1.77%  48.1 1045s
 367071 214296  198.14135   62   49  200.00000  196.45138  1.77%  48.1 1050s
 369007 215369  199.00000   57   41  200.00000  196.45283  1.77%  48.0 1055s
 371009 216448  197.25383   61   87  200.00000  196.45441  1.77%  48.0 1060s
 372803 217403  196.67092   39   92  200.00000  196.45591  1.77%  48.0 1065s
 374644 218393  196.85121   41   99  200.00000  196.45757  1.77%  48.0 1070s
 376335 219353  197.01464   44  113  200.00000  196.45863  1.77%  48.0 1075s
 378106 220387  198.29459   77   46  200.00000  196.45994  1.77%  48.0 1080s
 379912 221360  197.08510   38   72  200.00000  196.46143  1.77%  48.0 1085s
 381754 222350 infeasible   45       200.00000  196.46309  1.77%  48.0 1090s
 383511 223281  198.99315   50   38  200.00000  196.46471  1.77%  48.0 1095s
 385250 224239  196.67407   51  122  200.00000  196.46590  1.77%  48.0 1100s
 387055 225287  197.40677   39  154  200.00000  196.46743  1.77%  48.0 1105s
 388848 226293  198.11438   49   65  200.00000  196.46860  1.77%  48.1 1110s
 390600 227267  198.66774   52   55  200.00000  196.47009  1.76%  48.1 1115s
 392495 228347  199.00000   54   40  200.00000  196.47140  1.76%  48.0 1120s
 394313 229307  198.90855   67   73  200.00000  196.47287  1.76%  48.0 1125s
 395990 230268  198.14765   50   53  200.00000  196.47420  1.76%  48.1 1130s
 397776 231276  197.06666   37  114  200.00000  196.47529  1.76%  48.1 1135s
 399501 232238  197.20201   47  110  200.00000  196.47676  1.76%  48.1 1140s
 401292 233187  197.63463   46   63  200.00000  196.47792  1.76%  48.1 1145s
 403055 234118     cutoff   63       200.00000  196.47907  1.76%  48.1 1150s
 404815 235067  198.61853   68   24  200.00000  196.48048  1.76%  48.1 1155s
 406763 236124  199.00000   62   26  200.00000  196.48205  1.76%  48.1 1160s
 408519 237152  198.10530   42   71  200.00000  196.48327  1.76%  48.1 1165s
 410423 238226  196.95136   52  107  200.00000  196.48449  1.76%  48.1 1170s
 412115 239253  197.30011   54   95  200.00000  196.48606  1.76%  48.1 1175s
 414067 240377  197.00000   44   68  200.00000  196.48723  1.76%  48.1 1180s
 415966 241438  198.73326   46   50  200.00000  196.48844  1.76%  48.1 1185s
 417737 242404  196.65078   38   93  200.00000  196.48976  1.76%  48.1 1190s
 419485 243380  197.00000   33   80  200.00000  196.49118  1.75%  48.1 1195s
 421353 244495  198.61130   54   63  200.00000  196.49187  1.75%  48.1 1200s
 423252 245512  197.65073   47   76  200.00000  196.49291  1.75%  48.1 1205s
 425049 246577  199.00000   57   39  200.00000  196.49406  1.75%  48.1 1210s
 426964 247691  198.33116   53   36  200.00000  196.49522  1.75%  48.0 1215s
 428720 248721  197.91381   43   70  200.00000  196.49619  1.75%  48.0 1220s
 430587 249776  198.16649   44   62  200.00000  196.49729  1.75%  48.0 1225s
 432368 250746  197.47360   51   64  200.00000  196.49855  1.75%  48.0 1230s
 434135 251659  198.21233   62   62  200.00000  196.49956  1.75%  48.0 1235s
 435923 252677  199.00000   65   23  200.00000  196.50000  1.75%  48.1 1240s
 437616 253682  197.56888   47   63  200.00000  196.50022  1.75%  48.1 1245s
 439422 254693  197.05879   49   78  200.00000  196.50140  1.75%  48.1 1250s
 441282 255763  197.90699   53   78  200.00000  196.50238  1.75%  48.1 1255s
 443093 256742  198.00000   39   39  200.00000  196.50348  1.75%  48.1 1260s
 444887 257721  197.26214   47   92  200.00000  196.50472  1.75%  48.1 1265s
 446614 258649  196.90038   43  110  200.00000  196.50601  1.75%  48.1 1270s
 448491 259689  197.07602   45  101  200.00000  196.50708  1.75%  48.0 1275s
 450308 260620  196.58086   37   93  200.00000  196.50812  1.75%  48.0 1280s
 452188 261649  197.00000   32   51  200.00000  196.50915  1.75%  48.0 1285s
 453935 262617  197.00819   40   88  200.00000  196.51020  1.74%  48.0 1290s
 455686 263579  196.61024   34  110  200.00000  196.51150  1.74%  48.1 1295s
 457520 264598  196.56510   43  152  200.00000  196.51269  1.74%  48.1 1300s
 459298 265595  197.56234   44   46  200.00000  196.51356  1.74%  48.1 1305s
 461138 266599  198.25168   68   54  200.00000  196.51502  1.74%  48.1 1310s
 463042 267669  198.72255   60   41  200.00000  196.51628  1.74%  48.0 1315s
 464792 268579     cutoff   61       200.00000  196.51715  1.74%  48.0 1320s
 466555 269502  197.58843   52   80  200.00000  196.51832  1.74%  48.1 1325s
 468443 270579  197.12231   37   78  200.00000  196.51950  1.74%  48.0 1330s
 470231 271532 infeasible   46       200.00000  196.52035  1.74%  48.0 1335s
 472130 272579  198.99315   73   23  200.00000  196.52146  1.74%  48.0 1340s
 474082 273611     cutoff   55       200.00000  196.52231  1.74%  48.0 1345s
 475725 274518  197.08335   50  109  200.00000  196.52317  1.74%  48.0 1350s
 477551 275536  197.00000   34   53  200.00000  196.52416  1.74%  48.0 1355s
 479364 276456  196.92237   38   86  200.00000  196.52539  1.74%  48.0 1360s
 481141 277462  197.02583   41   60  200.00000  196.52623  1.74%  48.0 1365s
 482960 278437  198.64872   68   49  200.00000  196.52743  1.74%  48.0 1370s
 484810 279458  197.97598   60   67  200.00000  196.52828  1.74%  48.0 1375s
 486598 280454     cutoff   49       200.00000  196.52928  1.74%  48.0 1380s
 488308 281385  197.35635   33   80  200.00000  196.53017  1.73%  48.0 1385s
 490080 282364  196.98681   36  118  200.00000  196.53114  1.73%  48.0 1390s
 491816 283252  197.04061   46  105  200.00000  196.53238  1.73%  48.0 1395s
 493641 284226  197.03198   38   78  200.00000  196.53340  1.73%  48.0 1400s
 495364 285249  197.80376   41   68  200.00000  196.53439  1.73%  48.0 1405s
 497130 286121  199.00000   58   17  200.00000  196.53547  1.73%  48.0 1410s
 498965 287092  197.34217   55   74  200.00000  196.53669  1.73%  48.0 1415s
 500757 288106  197.29272   51   77  200.00000  196.53784  1.73%  48.0 1420s
 502573 289153  198.86193   53   69  200.00000  196.53880  1.73%  48.0 1425s
 504409 290101  198.24890   46   56  200.00000  196.53985  1.73%  48.0 1430s
 506281 291077  198.19360   48   72  200.00000  196.54062  1.73%  48.0 1435s
 508127 292099  198.98850   53   46  200.00000  196.54156  1.73%  48.0 1440s
 509887 293039  197.55147   47   76  200.00000  196.54249  1.73%  48.0 1445s
 511673 294057  196.58403   36   98  200.00000  196.54350  1.73%  48.0 1450s
 513384 294940  196.58589   46  112  200.00000  196.54441  1.73%  48.0 1455s
 515284 295993  196.85290   46   78  200.00000  196.54530  1.73%  48.0 1460s
 517106 296926  198.17992   59   54  200.00000  196.54629  1.73%  48.0 1465s
 518976 297991  197.09403   41   66  200.00000  196.54738  1.73%  48.0 1470s
 520712 298902  196.92904   48   87  200.00000  196.54819  1.73%  48.0 1475s
 522515 299923  197.31671   50   69  200.00000  196.54916  1.73%  48.0 1480s
 523021 300197  198.03410   55   37  200.00000  196.54953  1.73%  48.0 1485s
 524751 301100  198.06316   53   63  200.00000  196.55049  1.72%  48.0 1490s
 526426 302014  198.32467   53   52  200.00000  196.55127  1.72%  48.0 1495s
 528307 303082  197.18962   60   56  200.00000  196.55217  1.72%  48.0 1500s
 530141 304084  197.03256   48   94  200.00000  196.55298  1.72%  48.0 1505s
 531958 305016  198.23087   46   90  200.00000  196.55400  1.72%  48.0 1510s
 533740 306046  196.93789   37   79  200.00000  196.55489  1.72%  47.9 1515s
 535624 306972     cutoff   56       200.00000  196.55602  1.72%  47.9 1520s
 537446 307941  197.17741   49  101  200.00000  196.55721  1.72%  47.9 1525s
 539260 308903  198.21362   56   65  200.00000  196.55799  1.72%  47.9 1530s
 541107 309898  198.04744   45   44  200.00000  196.55911  1.72%  47.9 1535s
 543005 310871  197.07309   46   78  200.00000  196.56006  1.72%  47.9 1540s
 544798 311871     cutoff   72       200.00000  196.56105  1.72%  47.9 1545s
 546565 312872  197.73094   47   66  200.00000  196.56212  1.72%  47.9 1550s
 548277 313806  198.00470   57   90  200.00000  196.56299  1.72%  47.9 1555s
 550063 314746  198.00034   50   61  200.00000  196.56400  1.72%  47.9 1560s
 551968 315774  197.19203   41   80  200.00000  196.56522  1.72%  47.9 1565s
 553749 316749  198.15100   51   44  200.00000  196.56635  1.72%  47.9 1570s
 555506 317642  198.59096   69   76  200.00000  196.56731  1.72%  47.9 1575s
 557289 318608  198.00798   45   58  200.00000  196.56820  1.72%  47.9 1580s
 559061 319542  198.49230   45   51  200.00000  196.56923  1.72%  47.9 1585s
 560859 320524  197.21934   59   88  200.00000  196.57030  1.71%  47.9 1590s
 562612 321508  197.73950   34   71  200.00000  196.57146  1.71%  47.9 1595s
 564391 322427  198.05391   44   82  200.00000  196.57218  1.71%  47.9 1600s
 566130 323344  197.02428   53   79  200.00000  196.57319  1.71%  47.9 1605s
 567879 324264  197.06491   47   49  200.00000  196.57418  1.71%  47.9 1610s
 569711 325231  198.98060   62   34  200.00000  196.57534  1.71%  47.9 1615s
 571376 326207  197.05713   41   71  200.00000  196.57663  1.71%  47.9 1620s
 573151 327181     cutoff   57       200.00000  196.57751  1.71%  47.9 1625s
 575027 328110  198.02287   53   56  200.00000  196.57846  1.71%  47.9 1630s
 576743 329003  198.92949   54   62  200.00000  196.57947  1.71%  47.9 1635s
 578594 330012  197.50848   40   65  200.00000  196.58060  1.71%  47.9 1640s
 580470 330958  197.16009   45   91  200.00000  196.58145  1.71%  47.9 1645s
 582228 331817  198.41124   69   40  200.00000  196.58224  1.71%  47.9 1650s
 583981 332796  197.29657   44  116  200.00000  196.58317  1.71%  47.9 1655s
 585814 333816  197.12487   52   63  200.00000  196.58406  1.71%  47.9 1660s
 587557 334759  198.40631   52   33  200.00000  196.58507  1.71%  47.9 1665s
 589341 335748  197.44466   48   80  200.00000  196.58597  1.71%  47.9 1670s
 591130 336659  196.92050   48   80  200.00000  196.58689  1.71%  47.9 1675s
 592878 337558  198.27187   60   51  200.00000  196.58786  1.71%  47.9 1680s
 594781 338578  197.36456   47  117  200.00000  196.58891  1.71%  47.9 1685s
 596555 339499  197.07032   47   85  200.00000  196.59011  1.70%  47.9 1690s
 598238 340381  197.27047   48   90  200.00000  196.59099  1.70%  47.9 1695s
 600148 341333  197.43184   52   94  200.00000  196.59194  1.70%  47.9 1700s
 601986 342218  196.74698   43  119  200.00000  196.59297  1.70%  47.9 1705s
 603745 343199  198.56784   71   32  200.00000  196.59419  1.70%  47.9 1710s
 605587 344144     cutoff   48       200.00000  196.59504  1.70%  47.9 1715s
 607252 345091  196.72329   42  105  200.00000  196.59605  1.70%  47.9 1720s
 608971 346050  197.79457   50   66  200.00000  196.59711  1.70%  47.9 1725s
 610790 346983  196.86719   41   76  200.00000  196.59812  1.70%  47.9 1730s
 612477 347871  197.35253   43   81  200.00000  196.59914  1.70%  47.9 1735s
 614342 348924  197.12163   50   70  200.00000  196.59980  1.70%  47.9 1740s
 615981 349799  198.58817   60   67  200.00000  196.60026  1.70%  47.9 1745s
 617678 350696  198.16209   54   61  200.00000  196.60106  1.70%  47.9 1750s
 619525 351675  198.43505   48   45  200.00000  196.60225  1.70%  47.9 1755s
 621279 352606  197.21904   45   96  200.00000  196.60325  1.70%  47.9 1760s
 623122 353567  196.90779   49  115  200.00000  196.60412  1.70%  47.9 1765s
 624921 354503  198.02999   57   54  200.00000  196.60489  1.70%  47.9 1770s
 626743 355517  197.86419   42   69  200.00000  196.60551  1.70%  47.9 1775s
 628427 356394     cutoff   57       200.00000  196.60627  1.70%  47.9 1780s
 630257 357299  198.75102   47   49  200.00000  196.60716  1.70%  47.9 1785s
 631964 358191  196.99046   46  103  200.00000  196.60805  1.70%  47.9 1790s
 633649 359126  198.42069   55   94  200.00000  196.60890  1.70%  47.9 1795s
 635472 360118  197.08253   44   78  200.00000  196.60979  1.70%  47.9 1800s
 637334 361017     cutoff   50       200.00000  196.61058  1.69%  47.9 1805s
 638951 361911     cutoff   57       200.00000  196.61144  1.69%  47.9 1810s
 640749 362845  197.04302   53   95  200.00000  196.61245  1.69%  47.9 1815s
 642619 363840  198.13570   43   44  200.00000  196.61340  1.69%  47.9 1820s
 644399 364778     cutoff   58       200.00000  196.61464  1.69%  47.9 1825s
 646166 365674  197.52020   46  101  200.00000  196.61570  1.69%  47.9 1830s
 647884 366640  196.92760   43  115  200.00000  196.61647  1.69%  47.9 1835s
 649701 367586  198.19474   60   65  200.00000  196.61732  1.69%  47.9 1840s
 651355 368507  197.32036   38  105  200.00000  196.61804  1.69%  47.9 1845s
 653085 369455  197.92588   53   54  200.00000  196.61880  1.69%  47.9 1850s
 654945 370482  197.72316   49   63  200.00000  196.61972  1.69%  47.9 1855s
 656728 371379  197.58930   49   63  200.00000  196.62113  1.69%  47.9 1860s
 658380 372277  197.69075   51   63  200.00000  196.62218  1.69%  47.9 1865s
 660210 373209  197.02377   45   57  200.00000  196.62302  1.69%  47.9 1870s
 662011 374146  197.64915   61   42  200.00000  196.62373  1.69%  47.9 1875s
 663774 375003  197.34732   40  114  200.00000  196.62464  1.69%  47.9 1880s
 665522 375997  198.10094   59   42  200.00000  196.62564  1.69%  47.9 1885s
 667291 376905     cutoff   48       200.00000  196.62667  1.69%  47.9 1890s
 669043 377863  198.62484   67   74  200.00000  196.62760  1.69%  47.9 1895s
 670697 378694  197.35204   39  102  200.00000  196.62860  1.69%  47.9 1900s
 672449 379574  197.01960   46   70  200.00000  196.62949  1.69%  47.9 1905s
 674085 380470  197.56523   41  104  200.00000  196.63041  1.68%  47.9 1910s
 675879 381389  196.85759   41  117  200.00000  196.63119  1.68%  47.9 1915s
 677658 382345  197.11169   46  113  200.00000  196.63196  1.68%  47.9 1920s
 679465 383312  197.00000   40   36  200.00000  196.63269  1.68%  47.9 1925s
 681343 384301  197.69908   63   75  200.00000  196.63348  1.68%  47.9 1930s
 683088 385259  197.46512   70   58  200.00000  196.63426  1.68%  47.9 1935s
 684949 386229  198.11282   56   44  200.00000  196.63506  1.68%  47.9 1940s
 686793 387178  196.89665   44   89  200.00000  196.63612  1.68%  47.9 1945s
 688607 388104  197.16311   37   94  200.00000  196.63690  1.68%  47.9 1950s
 690277 389033  198.42765   63   34  200.00000  196.63761  1.68%  47.9 1955s
 692022 390018  197.38364   44   73  200.00000  196.63858  1.68%  47.9 1960s
 693792 390941  197.28057   50   99  200.00000  196.63925  1.68%  47.9 1965s
 695617 391955     cutoff   66       200.00000  196.64011  1.68%  47.9 1970s
 697441 392896  196.89853   38   79  200.00000  196.64097  1.68%  47.9 1975s
 699180 393812  198.52328   71   40  200.00000  196.64169  1.68%  47.9 1980s
 700926 394709  197.22780   57   55  200.00000  196.64234  1.68%  47.9 1985s
 702716 395688  197.42705   53   69  200.00000  196.64316  1.68%  47.9 1990s
 704563 396687  198.10242   61   79  200.00000  196.64413  1.68%  47.9 1995s
 706376 397606  196.67265   43  102  200.00000  196.64504  1.68%  47.9 2000s
 708209 398592  196.83853   38   88  200.00000  196.64582  1.68%  47.8 2005s
 709861 399520  197.48304   47  124  200.00000  196.64668  1.68%  47.8 2010s
 711788 400507  197.17850   36   75  200.00000  196.64780  1.68%  47.8 2015s
 712646 400990  197.09675   45   80  200.00000  196.64817  1.68%  47.8 2020s
 714315 401892  196.88703   39  122  200.00000  196.64897  1.68%  47.8 2025s
 716079 402855  197.47042   49   57  200.00000  196.64976  1.68%  47.8 2030s
 717935 403808  196.87128   37  105  200.00000  196.65072  1.67%  47.8 2035s
 719690 404751  198.00000   57   43  200.00000  196.65163  1.67%  47.8 2040s
 721473 405754  198.49819   53   36  200.00000  196.65239  1.67%  47.8 2045s
 723276 406785  196.66155   37  131  200.00000  196.65312  1.67%  47.8 2050s
 724961 407694  196.72585   46   92  200.00000  196.65414  1.67%  47.8 2055s
 726774 408644  197.91926   36  106  200.00000  196.65474  1.67%  47.8 2060s
 728618 409604  197.48258   42   62  200.00000  196.65546  1.67%  47.8 2065s
 730374 410571  197.87368   50   79  200.00000  196.65627  1.67%  47.8 2070s
 732113 411491  198.77106   64   57  200.00000  196.65724  1.67%  47.8 2075s
 733793 412354  198.87270   48   64  200.00000  196.65848  1.67%  47.8 2080s
 735441 413198  198.12385   57   49  200.00000  196.65928  1.67%  47.8 2085s
 737168 414143  197.93616   52   96  200.00000  196.66015  1.67%  47.8 2090s
 738942 415091  198.22746   48   67  200.00000  196.66118  1.67%  47.8 2095s
 740711 415983  198.29649   47   84  200.00000  196.66192  1.67%  47.8 2100s
 742503 416899     cutoff   54       200.00000  196.66272  1.67%  47.8 2105s
 744245 417854  197.93875   49   65  200.00000  196.66334  1.67%  47.8 2110s
 745978 418811  196.78080   45  109  200.00000  196.66403  1.67%  47.8 2115s
 747838 419831  198.53202   68   29  200.00000  196.66485  1.67%  47.8 2120s
 749614 420755  197.89909   56   79  200.00000  196.66574  1.67%  47.8 2125s
 751275 421632  197.09540   47   45  200.00000  196.66667  1.67%  47.8 2130s
 752857 422449  198.35426   60   29  200.00000  196.66716  1.67%  47.8 2135s
 754618 423348  198.93702   56   35  200.00000  196.66798  1.67%  47.8 2140s
 756406 424241  197.76908   68   89  200.00000  196.66896  1.67%  47.8 2145s
 758212 425171  198.45279   67   43  200.00000  196.66984  1.67%  47.8 2150s
 759980 426016  196.78738   40  145  200.00000  196.67060  1.66%  47.8 2155s
 761655 426865     cutoff   54       200.00000  196.67143  1.66%  47.8 2160s
 763476 427857  197.10021   49   87  200.00000  196.67224  1.66%  47.8 2165s
 765272 428794  197.09863   49   82  200.00000  196.67331  1.66%  47.8 2170s
 767063 429758  197.01640   44  101  200.00000  196.67414  1.66%  47.8 2175s
 768808 430691  198.96075   62   31  200.00000  196.67491  1.66%  47.8 2180s
 770538 431617  197.66097   82   41  200.00000  196.67557  1.66%  47.8 2185s
 772349 432594     cutoff   52       200.00000  196.67656  1.66%  47.8 2190s
 774195 433480     cutoff   50       200.00000  196.67734  1.66%  47.8 2195s
 776072 434517  196.70153   38  119  200.00000  196.67812  1.66%  47.8 2200s
 777875 435484  197.59366   37   70  200.00000  196.67875  1.66%  47.8 2205s
 779624 436361  197.17658   45   53  200.00000  196.67951  1.66%  47.8 2210s
 781238 437209  198.13932   61   44  200.00000  196.68027  1.66%  47.8 2215s
 783037 438199  197.90378   56   62  200.00000  196.68107  1.66%  47.8 2220s
 784673 439103  198.94483   58   51  200.00000  196.68186  1.66%  47.8 2225s
 786401 440002  197.75170   59   57  200.00000  196.68270  1.66%  47.8 2230s
 788271 440955  197.54392   44   73  200.00000  196.68360  1.66%  47.8 2235s
 789950 441759  197.62483   44   64  200.00000  196.68431  1.66%  47.8 2240s
 791699 442711  198.93394   54   51  200.00000  196.68494  1.66%  47.8 2245s
 793506 443568  197.00000   40   47  200.00000  196.68568  1.66%  47.8 2250s
 795216 444440  198.96919   55   39  200.00000  196.68643  1.66%  47.8 2255s
 797050 445401  197.37613   41   90  200.00000  196.68733  1.66%  47.8 2260s
 798895 446408  198.17799   62   65  200.00000  196.68808  1.66%  47.8 2265s
 800759 447412  197.95496   47   81  200.00000  196.68878  1.66%  47.8 2270s
 802573 448420     cutoff   66       200.00000  196.68955  1.66%  47.8 2275s
 804376 449378  197.61938   48   67  200.00000  196.69039  1.65%  47.8 2280s
 806117 450222 infeasible   44       200.00000  196.69123  1.65%  47.8 2285s
 807889 451067  197.55965   49   83  200.00000  196.69189  1.65%  47.8 2290s
 809616 451953  198.18774   57   65  200.00000  196.69277  1.65%  47.8 2295s
 811453 452901  198.51958   47   83  200.00000  196.69366  1.65%  47.8 2300s
 813264 453749  197.64815   42  107  200.00000  196.69452  1.65%  47.8 2305s
 815137 454723  198.02000   56   25  200.00000  196.69547  1.65%  47.8 2310s
 816965 455673  197.78962   58   81  200.00000  196.69623  1.65%  47.8 2315s
 818781 456658     cutoff   46       200.00000  196.69699  1.65%  47.7 2320s
 820578 457587  197.89643   43  107  200.00000  196.69773  1.65%  47.7 2325s
 822318 458486  197.22200   44  131  200.00000  196.69839  1.65%  47.7 2330s
 824099 459413  198.15123   65   44  200.00000  196.69917  1.65%  47.7 2335s
 825851 460368  197.12773   48   49  200.00000  196.69986  1.65%  47.7 2340s
 827498 461202  198.02134   67   72  200.00000  196.70065  1.65%  47.7 2345s
 829240 462146  197.35077   42   89  200.00000  196.70145  1.65%  47.7 2350s
 830986 463062  198.93510   71   40  200.00000  196.70210  1.65%  47.7 2355s
 832706 463929  198.83345   65   30  200.00000  196.70273  1.65%  47.8 2360s
 834461 464874  198.00000   54   27  200.00000  196.70338  1.65%  47.8 2365s
 836275 465766  197.27227   41   73  200.00000  196.70418  1.65%  47.7 2370s
 837978 466646  197.66455   42   60  200.00000  196.70486  1.65%  47.7 2375s
 839650 467504  197.24582   57   85  200.00000  196.70560  1.65%  47.8 2380s
 841453 468436  196.74065   38   71  200.00000  196.70642  1.65%  47.7 2385s
 843250 469407     cutoff   53       200.00000  196.70700  1.65%  47.7 2390s
 845050 470352  198.12575   60   52  200.00000  196.70761  1.65%  47.7 2395s
 846706 471253  197.53007   41   82  200.00000  196.70821  1.65%  47.7 2400s
 848411 472157  197.68646   40  116  200.00000  196.70883  1.65%  47.7 2405s
 850286 473134  198.52809   54   49  200.00000  196.70974  1.65%  47.7 2410s
 851926 473935  197.30743   38  116  200.00000  196.71053  1.64%  47.7 2415s
 853743 474926  198.26670   48   43  200.00000  196.71134  1.64%  47.7 2420s
 855426 475764  197.64292   41  106  200.00000  196.71202  1.64%  47.7 2425s
 857021 476570  198.04256   47   98  200.00000  196.71273  1.64%  47.8 2430s
 858640 477429  197.43914   35  114  200.00000  196.71327  1.64%  47.8 2435s
 860414 478348  197.41172   41   63  200.00000  196.71401  1.64%  47.8 2440s
 862116 479175     cutoff   61       200.00000  196.71455  1.64%  47.8 2445s
 863835 480047  197.31155   44   53  200.00000  196.71514  1.64%  47.8 2450s
 865613 480895  198.25387   73   55  200.00000  196.71598  1.64%  47.8 2455s
 867283 481711  197.19336   47  103  200.00000  196.71665  1.64%  47.8 2460s
 869156 482646  197.66270   40   70  200.00000  196.71737  1.64%  47.8 2465s
 870877 483510  197.51908   37   93  200.00000  196.71810  1.64%  47.8 2470s
 872538 484383  197.29750   47   81  200.00000  196.71862  1.64%  47.8 2475s
 874413 485399  197.01518   51  100  200.00000  196.71898  1.64%  47.8 2480s
 876191 486311  197.14802   42   81  200.00000  196.71978  1.64%  47.7 2485s
 877848 487181  197.02406   45   91  200.00000  196.72064  1.64%  47.8 2490s
 879542 488045  198.10589   50   41  200.00000  196.72120  1.64%  47.8 2495s
 881159 488868  197.63165   44   86  200.00000  196.72194  1.64%  47.8 2500s
 882863 489753  199.00000   45   34  200.00000  196.72276  1.64%  47.8 2505s
 884797 490750  197.89170   56   83  200.00000  196.72375  1.64%  47.7 2510s
 886631 491656  197.22668   53   95  200.00000  196.72464  1.64%  47.7 2515s
 888323 492478  197.25056   40  110  200.00000  196.72534  1.64%  47.8 2520s
 889986 493378  198.14752   50   69  200.00000  196.72598  1.64%  47.8 2525s
 891561 494138  198.88847   44   46  200.00000  196.72651  1.64%  47.8 2530s
 893374 495033  197.49688   42   78  200.00000  196.72715  1.64%  47.8 2535s
 895185 495972  198.65112   52   65  200.00000  196.72805  1.64%  47.8 2540s
 896981 496896  197.05682   46  143  200.00000  196.72874  1.64%  47.8 2545s
 898778 497770  196.85031   38  125  200.00000  196.72940  1.64%  47.7 2550s
 900617 498757  197.35140   44   84  200.00000  196.73010  1.63%  47.7 2555s
 902439 499730  199.00000   67   35  200.00000  196.73071  1.63%  47.7 2560s
 904146 500703  198.38164   54   26  200.00000  196.73120  1.63%  47.7 2565s
 905817 501522  197.00000   38   61  200.00000  196.73199  1.63%  47.7 2570s
 907675 502470  197.52275   51   55  200.00000  196.73277  1.63%  47.7 2575s
 909296 503168  198.40651   53   73  200.00000  196.73353  1.63%  47.7 2580s
 911097 504134  198.42478   56   75  200.00000  196.73418  1.63%  47.7 2585s
 912775 505015  198.81312   40   93  200.00000  196.73466  1.63%  47.7 2590s
 914440 505898  199.00000   62   50  200.00000  196.73548  1.63%  47.7 2595s
 916144 506720  198.06990   54   68  200.00000  196.73616  1.63%  47.7 2600s
 917936 507602  198.34691   51   59  200.00000  196.73688  1.63%  47.7 2605s
 919697 508512  198.14376   58   51  200.00000  196.73778  1.63%  47.7 2610s
 921437 509396  197.07266   40  114  200.00000  196.73863  1.63%  47.7 2615s
 923289 510355  198.09970   52   94  200.00000  196.73921  1.63%  47.7 2620s
 924996 511238  197.64782   40   95  200.00000  196.73993  1.63%  47.7 2625s
 926682 512092  198.99316   55   35  200.00000  196.74051  1.63%  47.7 2630s
 927254 512358  197.20064   45   72  200.00000  196.74085  1.63%  47.7 2637s
 927958 512749  197.66304   49   71  200.00000  196.74112  1.63%  47.7 2640s
 929718 513682  197.73516   50   84  200.00000  196.74185  1.63%  47.7 2645s
 931585 514684  197.02531   41  114  200.00000  196.74256  1.63%  47.7 2650s
 933331 515615  198.96297   73   39  200.00000  196.74327  1.63%  47.7 2655s
 935150 516569  198.06801   48   74  200.00000  196.74406  1.63%  47.7 2660s
 936966 517512  197.76686   64   42  200.00000  196.74459  1.63%  47.7 2665s
 938590 518358  197.71513   52  106  200.00000  196.74523  1.63%  47.7 2670s
 940321 519220  198.93414   61   43  200.00000  196.74607  1.63%  47.7 2675s
 942087 520164  198.12826   45   36  200.00000  196.74672  1.63%  47.7 2680s
 943759 521020  197.50000   48   43  200.00000  196.74732  1.63%  47.7 2685s
 945541 521937  197.00858   43  100  200.00000  196.74808  1.63%  47.7 2690s
 947212 522792  197.62227   44   64  200.00000  196.74863  1.63%  47.7 2695s
 948942 523631  198.48472   53   28  200.00000  196.74928  1.63%  47.7 2700s
 950750 524522  199.00000   43   44  200.00000  196.74987  1.63%  47.7 2705s
 952448 525435     cutoff   48       200.00000  196.75020  1.62%  47.7 2710s
 954143 526292  198.85591   50   67  200.00000  196.75097  1.62%  47.7 2715s
 955866 527171  197.42938   41   65  200.00000  196.75149  1.62%  47.7 2720s
 957597 528094  197.23942   38   76  200.00000  196.75217  1.62%  47.7 2725s
 959309 528961  197.33069   57   85  200.00000  196.75280  1.62%  47.7 2730s
 961242 529934  198.73223   43   68  200.00000  196.75345  1.62%  47.7 2735s
 963044 530844  197.70925   57   58  200.00000  196.75400  1.62%  47.7 2740s
 964843 531807  197.08112   49   82  200.00000  196.75477  1.62%  47.7 2745s
 966555 532647  198.20238   48  103  200.00000  196.75545  1.62%  47.7 2750s
 968386 533591  197.25688   46   79  200.00000  196.75610  1.62%  47.7 2755s
 970184 534517  198.18000   63   39  200.00000  196.75694  1.62%  47.7 2760s
 971943 535464  197.78358   44   50  200.00000  196.75757  1.62%  47.7 2765s
 973787 536403  197.15988   44   59  200.00000  196.75826  1.62%  47.7 2770s
 975565 537293  197.38054   55   97  200.00000  196.75903  1.62%  47.7 2775s
 977386 538250  197.05633   38   87  200.00000  196.75968  1.62%  47.7 2780s
 979100 539191     cutoff   52       200.00000  196.76016  1.62%  47.7 2785s
 980779 540108     cutoff   59       200.00000  196.76071  1.62%  47.7 2790s
 982558 541045  196.90920   46  137  200.00000  196.76145  1.62%  47.7 2795s
 984292 542003  198.89136   48   46  200.00000  196.76190  1.62%  47.7 2800s
 985961 542866  197.33944   36  106  200.00000  196.76256  1.62%  47.7 2805s
 987774 543830  198.93024   73   25  200.00000  196.76317  1.62%  47.7 2810s
 989512 544808  198.54355   53   38  200.00000  196.76388  1.62%  47.7 2815s
 991236 545729  199.00000   64   33  200.00000  196.76456  1.62%  47.7 2820s
 993011 546620  197.46629   55  108  200.00000  196.76513  1.62%  47.7 2825s
 994733 547513  197.43035   41   77  200.00000  196.76580  1.62%  47.7 2830s
 996544 548473  197.59858   50   57  200.00000  196.76650  1.62%  47.7 2835s
 998291 549334  198.40253   45   43  200.00000  196.76717  1.62%  47.7 2840s
 1000050 550281  197.50664   49   99  200.00000  196.76807  1.62%  47.7 2845s
 1001914 551265  196.82016   42  105  200.00000  196.76893  1.62%  47.7 2850s
 1003668 552164  198.80390   63   43  200.00000  196.76938  1.62%  47.7 2855s
 1005429 553131  199.00000   73    6  200.00000  196.77016  1.61%  47.7 2860s
 1007222 554029  199.00000   65   26  200.00000  196.77093  1.61%  47.7 2865s
 1009014 554901  197.66810   69   58  200.00000  196.77158  1.61%  47.7 2870s
 1010846 555832  199.00000   67   32  200.00000  196.77228  1.61%  47.7 2875s
 1012609 556712  198.51838   60   44  200.00000  196.77291  1.61%  47.7 2880s
 1014363 557635  197.10494   53   55  200.00000  196.77368  1.61%  47.7 2885s
 1016076 558527  197.19165   50   72  200.00000  196.77428  1.61%  47.7 2890s
 1017922 559549  197.01928   42   52  200.00000  196.77488  1.61%  47.7 2895s
 1019579 560411     cutoff   47       200.00000  196.77556  1.61%  47.7 2900s
 1021367 561376  198.66630   56   54  200.00000  196.77631  1.61%  47.7 2905s
 1023143 562279  197.10223   54   38  200.00000  196.77691  1.61%  47.7 2910s
 1024902 563212  197.03227   54   70  200.00000  196.77754  1.61%  47.7 2915s
 1026666 564173  199.00000   48   50  200.00000  196.77818  1.61%  47.7 2920s
 1028427 565120  197.74675   42   53  200.00000  196.77875  1.61%  47.7 2925s
 1030142 565983  197.93262   51   61  200.00000  196.77946  1.61%  47.7 2930s
 1031915 566885  196.78874   38  136  200.00000  196.77999  1.61%  47.7 2935s
 1033473 567741  199.00000   66   25  200.00000  196.78055  1.61%  47.7 2940s
 1035337 568690  197.20632   45   97  200.00000  196.78122  1.61%  47.7 2945s
 1037020 569555  197.21423   43  116  200.00000  196.78176  1.61%  47.7 2950s
 1038672 570380  197.77089   33   94  200.00000  196.78238  1.61%  47.7 2955s
 1040399 571196  198.21297   58   58  200.00000  196.78301  1.61%  47.7 2960s
 1042023 572076  197.19094   46  108  200.00000  196.78366  1.61%  47.7 2965s
 1043739 572986  199.00000   60   33  200.00000  196.78421  1.61%  47.7 2970s
 1045490 573815  197.12190   41  163  200.00000  196.78485  1.61%  47.7 2975s
 1047217 574785  197.52029   40   94  200.00000  196.78533  1.61%  47.7 2980s
 1048860 575644  197.79596   45  121  200.00000  196.78591  1.61%  47.7 2985s
 1050623 576572  197.06510   49  114  200.00000  196.78649  1.61%  47.7 2990s
 1052369 577475  198.43222   51   59  200.00000  196.78712  1.61%  47.7 2995s
 1054146 578418  197.29640   44   93  200.00000  196.78772  1.61%  47.7 3000s
 1055855 579287  197.92134   66  101  200.00000  196.78849  1.61%  47.7 3005s
 1057641 580192  197.63333   56   59  200.00000  196.78907  1.61%  47.7 3010s
 1059338 581069  198.40594   54   71  200.00000  196.78970  1.61%  47.7 3015s
 1060962 581900  196.94947   35   90  200.00000  196.79019  1.60%  47.7 3020s
 1062671 582749  198.10547   50   55  200.00000  196.79082  1.60%  47.7 3025s
 1064423 583694  198.00000   52   58  200.00000  196.79123  1.60%  47.7 3030s
 1066109 584632  199.00000   64   17  200.00000  196.79192  1.60%  47.7 3035s
 1067870 585601  197.20155   50   47  200.00000  196.79240  1.60%  47.7 3040s
 1069553 586488  196.79300   43  131  200.00000  196.79300  1.60%  47.7 3045s
 1071311 587402  197.05787   52  122  200.00000  196.79369  1.60%  47.7 3050s
 1073129 588407  198.13095   54   52  200.00000  196.79422  1.60%  47.7 3055s
 1074884 589300  197.04611   55   89  200.00000  196.79479  1.60%  47.7 3060s
 1076669 590237  198.84780   57   23  200.00000  196.79534  1.60%  47.7 3065s
 1078415 591186     cutoff   79       200.00000  196.79595  1.60%  47.7 3070s
 1080173 592063  197.50143   43  125  200.00000  196.79651  1.60%  47.7 3075s
 1081907 592948  198.46033   52   50  200.00000  196.79702  1.60%  47.7 3080s
 1083623 593794  198.00000   51   36  200.00000  196.79750  1.60%  47.7 3085s
 1085406 594820  197.17245   40   69  200.00000  196.79810  1.60%  47.7 3090s
 1087087 595730  198.33990   42   64  200.00000  196.79868  1.60%  47.7 3095s
 1088833 596554  197.01159   39  101  200.00000  196.79930  1.60%  47.7 3100s
 1090636 597427  197.10698   39   99  200.00000  196.80000  1.60%  47.7 3105s
 1092220 598176  197.15677   45   96  200.00000  196.80066  1.60%  47.7 3110s
 1093929 599064     cutoff   66       200.00000  196.80116  1.60%  47.7 3115s
 1095596 599931  196.99702   41  113  200.00000  196.80195  1.60%  47.7 3120s
 1097365 600874  196.92960   46  121  200.00000  196.80262  1.60%  47.7 3125s
 1098989 601696  197.35129   50   86  200.00000  196.80311  1.60%  47.7 3130s
 1100785 602617  197.90544   59   64  200.00000  196.80381  1.60%  47.7 3135s
 1102541 603522  197.66313   37   93  200.00000  196.80440  1.60%  47.7 3140s
 1104455 604558  197.04333   42   88  200.00000  196.80485  1.60%  47.7 3145s
 1106227 605402  197.63267   48   72  200.00000  196.80543  1.60%  47.7 3150s
 1107887 606265  198.46468   53   42  200.00000  196.80617  1.60%  47.7 3155s
 1109670 607141  199.00000   79   16  200.00000  196.80672  1.60%  47.7 3160s
 1111479 608076  197.31659   50   92  200.00000  196.80702  1.60%  47.7 3165s
 1113126 608870  197.55371   54   88  200.00000  196.80745  1.60%  47.7 3170s
 1114826 609794  197.50102   46   56  200.00000  196.80822  1.60%  47.7 3175s
 1116434 610576     cutoff   55       200.00000  196.80873  1.60%  47.7 3180s
 1118180 611465  197.38451   50   70  200.00000  196.80930  1.60%  47.7 3185s
 1120086 612494  196.81100   40  101  200.00000  196.80966  1.60%  47.7 3190s
 1121866 613438  197.62450   51   60  200.00000  196.81021  1.59%  47.7 3195s
 1123624 614347  198.19943   59   83  200.00000  196.81104  1.59%  47.7 3200s
 1125276 615196  197.28623   40   70  200.00000  196.81154  1.59%  47.7 3205s
 1127094 616137  197.75902   43   65  200.00000  196.81224  1.59%  47.7 3210s
 1128858 617119  198.10889   54   33  200.00000  196.81270  1.59%  47.7 3215s
 1130551 617963  197.58346   41   74  200.00000  196.81331  1.59%  47.7 3220s
 1132264 618810  197.67004   45   81  200.00000  196.81411  1.59%  47.7 3225s
 1133977 619689  197.30936   45   85  200.00000  196.81460  1.59%  47.7 3230s
 1135791 620623  197.23968   49   88  200.00000  196.81532  1.59%  47.7 3235s
 1137537 621544  197.78450   46   89  200.00000  196.81582  1.59%  47.7 3240s
 1139321 622481  197.34312   39   82  200.00000  196.81637  1.59%  47.7 3245s
 1141048 623359  197.00122   41  112  200.00000  196.81693  1.59%  47.7 3250s
 1142727 624205  198.15108   67   52  200.00000  196.81755  1.59%  47.7 3255s
 1144614 625159  198.80968   64   54  200.00000  196.81812  1.59%  47.7 3260s
 1146272 625969  197.09964   41  104  200.00000  196.81881  1.59%  47.7 3265s
 1148030 626871  199.00000   49   22  200.00000  196.81933  1.59%  47.7 3270s
 1149929 627812  198.84780   54   52  200.00000  196.81997  1.59%  47.7 3275s
 1151740 628754  198.26235   63   24  200.00000  196.82048  1.59%  47.7 3280s
 1153349 629590  198.09219   57   98  200.00000  196.82103  1.59%  47.7 3285s
 1154977 630422  196.86107   49  112  200.00000  196.82156  1.59%  47.7 3290s
 1156689 631299  197.99861   61   65  200.00000  196.82222  1.59%  47.7 3295s
 1158406 632202  197.87431   56   92  200.00000  196.82284  1.59%  47.7 3300s
 1160134 633095  198.18564   53   41  200.00000  196.82341  1.59%  47.7 3305s
 1161869 634017  198.29987   57   69  200.00000  196.82394  1.59%  47.7 3310s
 1163773 635002  197.90700   46   69  200.00000  196.82445  1.59%  47.7 3315s
 1165441 635827     cutoff   59       200.00000  196.82497  1.59%  47.7 3320s
 1167138 636680  197.19579   46  112  200.00000  196.82554  1.59%  47.7 3325s
 1168829 637542  197.32249   42   93  200.00000  196.82607  1.59%  47.7 3330s
 1170598 638481  198.95397   50   54  200.00000  196.82675  1.59%  47.7 3335s
 1172383 639349  198.07888   47   71  200.00000  196.82729  1.59%  47.7 3340s
 1174097 640239  198.16238   48   61  200.00000  196.82789  1.59%  47.7 3345s
 1175685 640995 infeasible   62       200.00000  196.82837  1.59%  47.7 3350s
 1177460 641884  197.21092   40   81  200.00000  196.82897  1.59%  47.7 3355s
 1179172 642763  197.47542   49   46  200.00000  196.82948  1.59%  47.7 3360s
 1181018 643698  197.23049   42   96  200.00000  196.82992  1.59%  47.7 3365s
 1182817 644645  198.19779   51   63  200.00000  196.83063  1.58%  47.7 3370s
 1184546 645474  198.19609   46  107  200.00000  196.83120  1.58%  47.7 3375s
 1186284 646388  197.59920   47   92  200.00000  196.83185  1.58%  47.7 3380s
 1188001 647262  198.21970   50  101  200.00000  196.83235  1.58%  47.7 3385s
 1189661 648128  197.40378   48   85  200.00000  196.83292  1.58%  47.7 3390s
 1191413 649017  197.12304   48  121  200.00000  196.83350  1.58%  47.7 3395s
 1193133 649899     cutoff   69       200.00000  196.83400  1.58%  47.7 3400s
 1194742 650742  198.21314   39   59  200.00000  196.83448  1.58%  47.7 3405s
 1196511 651631  197.64338   40   86  200.00000  196.83495  1.58%  47.7 3410s
 1198202 652485  197.51089   41   89  200.00000  196.83556  1.58%  47.7 3415s
 1199984 653418  197.97849   51   87  200.00000  196.83604  1.58%  47.7 3420s
 1201751 654344  197.08157   48   92  200.00000  196.83651  1.58%  47.7 3425s
 1203493 655227  198.05601   52   76  200.00000  196.83704  1.58%  47.7 3430s
 1205234 656154  198.90584   73   29  200.00000  196.83763  1.58%  47.7 3435s
 1207018 657048  198.26809   49   64  200.00000  196.83825  1.58%  47.7 3440s
 1208787 657973  197.35734   39   62  200.00000  196.83882  1.58%  47.7 3445s
 1210438 658730  197.03970   41  112  200.00000  196.83944  1.58%  47.7 3450s
 1212205 659695  197.18559   47   90  200.00000  196.84005  1.58%  47.7 3455s
 1213890 660570  197.35134   40  109  200.00000  196.84052  1.58%  47.7 3460s
 1215460 661303  198.13672   51   49  200.00000  196.84095  1.58%  47.7 3465s
 1217134 662188  197.13289   38   76  200.00000  196.84170  1.58%  47.7 3470s
 1218915 663143  197.53544   48  107  200.00000  196.84212  1.58%  47.7 3475s
 1220632 664050  198.11351   55   69  200.00000  196.84258  1.58%  47.7 3480s
 1222405 664963  197.61093   48   71  200.00000  196.84318  1.58%  47.7 3485s
 1224143 665847  197.12997   52   46  200.00000  196.84381  1.58%  47.7 3490s
 1225784 666669  199.00000   64   10  200.00000  196.84438  1.58%  47.7 3495s
 1227701 667713  197.02129   44   95  200.00000  196.84471  1.58%  47.7 3500s
 1229352 668586  198.85663   59   42  200.00000  196.84521  1.58%  47.7 3505s
 1231141 669530     cutoff   48       200.00000  196.84569  1.58%  47.7 3510s
 1232966 670469     cutoff   48       200.00000  196.84618  1.58%  47.7 3515s
 1234619 671286  198.44178   49   55  200.00000  196.84664  1.58%  47.7 3520s
 1236405 672131  198.66423   60   51  200.00000  196.84726  1.58%  47.7 3525s
 1238065 672890  198.35377   58   51  200.00000  196.84777  1.58%  47.7 3530s
 1239773 673769  198.00000   58   32  200.00000  196.84780  1.58%  47.7 3535s
 1241449 674570  198.84780   62   54  200.00000  196.84783  1.58%  47.7 3540s
 1243119 675429  197.45009   49  105  200.00000  196.84825  1.58%  47.7 3545s
 1244858 676274     cutoff   56       200.00000  196.84877  1.58%  47.7 3550s
 1246567 677084  198.36553   45   52  200.00000  196.84930  1.58%  47.7 3555s
 1248315 678010  198.45026   58   45  200.00000  196.84970  1.58%  47.7 3560s
 1250021 678868  198.40991   64   76  200.00000  196.85002  1.57%  47.7 3565s
 1251664 679741     cutoff   67       200.00000  196.85041  1.57%  47.7 3570s
 1253409 680541  197.45628   49  123  200.00000  196.85087  1.57%  47.7 3575s
 1255136 681396 infeasible   53       200.00000  196.85144  1.57%  47.7 3580s
 1256802 682273  197.71416   50   78  200.00000  196.85174  1.57%  47.7 3585s
 1257679 682696  197.25959   53  105  200.00000  196.85194  1.57%  47.7 3593s
 1258304 682986     cutoff   75       200.00000  196.85207  1.57%  47.7 3595s

Cutting planes:
  Gomory: 30
  Cover: 237
  Implied bound: 60
  MIR: 529
  Mixing: 39
  StrongCG: 22
  Flow cover: 1085
  GUB cover: 20
  Inf proof: 63
  Zero half: 27
  RLT: 21
  Relax-and-lift: 94
  BQP: 5

Explored 1259938 nodes (60071896 simplex iterations) in 3599.96 seconds (3396.12 work units)
Thread count was 1 (of 16 available processors)

Solution count 10: 200 200 201 ... 209

Time limit reached
Warning: max constraint violation (1.0000e-06) exceeds tolerance
Best objective 2.000000000000e+02, best bound 1.970000000000e+02, gap 1.5000%

User-callback calls 3873370, time in user-callback 2.31 sec

 sepatime0
Stat(MathOptInterface.TIME_LIMIT, 200.0, 197.0, 0.015, 0.0, 0.046045, 3599.9556550979614, 1259938, Main.CFLG.LEFP, "", #undef)
