Data path: /scratch/opt/lxu/CFLG/benchmarks/random_A
Instance: r_20_0.3_49.txt
Result path: /scratch/opt/lxu/CFLG/results/random_A
Solver: Gurobi
Time limit: 3600
Formulation: EVFP
Cover: Small
julia --project=. src/main.jl /scratch/opt/lxu/CFLG/benchmarks/random_A r_20_0.3_49.txt /scratch/opt/lxu/CFLG/results/random_A Gurobi 3600 EVFP Small
The latest version of Julia in the `release` channel is 1.11.5+0.x64.linux.gnu. You currently have `1.11.4+0.x64.linux.gnu` installed. Run:

  juliaup update

in your terminal shell to install Julia 1.11.5+0.x64.linux.gnu and update the `release` channel to that version.
/scratch/opt/lxu/CFLG/benchmarks/random_A Gurobi 3600.0 /scratch/opt/lxu/CFLG/results/random_A r_20_0.3_49.txt EVFP Small
/scratch/opt/lxu/CFLG/benchmarks/random_A/r_20_0.3_49.txt

 read graph
data loaded


after absorb:20 20

max_piece:2
problem_graph/original graph: node: 46/20 edge: 75/49 dlt: 0.5997113277811869 break_avg_len: 0.39181140081704197 break_max_len: 0.5876691245926747elapsed CPU time: 0.048806 seconds
Set parameter TokenServer to value "solice01.zib.de"
Set parameter Threads to value 1
Set parameter OutputFlag to value 1
Set parameter MIPGap to value 0.0001
Set parameter MIPGapAbs to value 1
Set parameter TimeLimit to value 3599.951194
vertex var

 model loaded

Gurobi Optimizer version 12.0.1 build v12.0.1rc0 (linux64 - "Debian GNU/Linux 12 (bookworm)")

CPU model: Intel(R) Xeon(R) Gold 5122 CPU @ 3.60GHz, instruction set [SSE2|AVX|AVX2|AVX512]
Thread count: 8 physical cores, 16 logical processors, using up to 1 threads

Non-default parameters:
TimeLimit  3599.951194
MIPGapAbs  1
Threads  1

Optimize a model with 3012 rows, 1474 columns and 8406 nonzeros
Model fingerprint: 0x86d062bd
Variable types: 121 continuous, 1353 integer (1353 binary)
Coefficient statistics:
  Matrix range     [7e-03, 1e+00]
  Objective range  [1e+00, 1e+00]
  Bounds range     [3e-01, 6e-01]
  RHS range        [3e-01, 7e+00]
Found heuristic solution: objective 68.0000000
Presolve removed 457 rows and 46 columns
Presolve time: 0.07s
Presolved: 2555 rows, 1428 columns, 12285 nonzeros
Variable types: 120 continuous, 1308 integer (1305 binary)

Root relaxation: objective 6.423454e+00, 1406 iterations, 0.04 seconds (0.05 work units)

    Nodes    |    Current Node    |     Objective Bounds      |     Work
 Expl Unexpl |  Obj  Depth IntInf | Incumbent    BestBd   Gap | It/Node Time

     0     0    6.42345    0  289   68.00000    6.42345  90.6%     -    0s
H    0     0                      25.0000000    6.42345  74.3%     -    0s
H    0     0                      15.0000000    6.42345  57.2%     -    0s
     0     0    6.83422    0  291   15.00000    6.83422  54.4%     -    0s
H    0     0                      14.0000000    6.83738  51.2%     -    0s
     0     0    6.86918    0  351   14.00000    6.86918  50.9%     -    0s
     0     0    7.35945    0  312   14.00000    7.35945  47.4%     -    0s
H    0     0                      13.0000000    7.35993  43.4%     -    0s
     0     0    7.40419    0  327   13.00000    7.40419  43.0%     -    0s
     0     0    7.40494    0  345   13.00000    7.40494  43.0%     -    0s
     0     0    7.41279    0  314   13.00000    7.41279  43.0%     -    0s
     0     0    7.42111    0  311   13.00000    7.42111  42.9%     -    0s
     0     0    7.42111    0  311   13.00000    7.42111  42.9%     -    0s
     0     0    7.71623    0  231   13.00000    7.71623  40.6%     -    0s
     0     0    7.72034    0  233   13.00000    7.72034  40.6%     -    0s
     0     0    7.81675    0  259   13.00000    7.81675  39.9%     -    0s
     0     0    7.83833    0  237   13.00000    7.83833  39.7%     -    0s
     0     0    7.84618    0  300   13.00000    7.84618  39.6%     -    0s
     0     0    7.84632    0  305   13.00000    7.84632  39.6%     -    0s
     0     0    7.92952    0  237   13.00000    7.92952  39.0%     -    0s
     0     0    7.94901    0  246   13.00000    7.94901  38.9%     -    0s
     0     0    7.94928    0  265   13.00000    7.94928  38.9%     -    0s
     0     0    8.01941    0  294   13.00000    8.01941  38.3%     -    0s
     0     0    8.02158    0  283   13.00000    8.02158  38.3%     -    0s
     0     0    8.02158    0  283   13.00000    8.02158  38.3%     -    0s
     0     0    8.02673    0  277   13.00000    8.02673  38.3%     -    0s
     0     0    8.02894    0  290   13.00000    8.02894  38.2%     -    0s
     0     0    8.02894    0  279   13.00000    8.02894  38.2%     -    0s
     0     0    8.02894    0  280   13.00000    8.02894  38.2%     -    0s
     0     0    8.03463    0  277   13.00000    8.03463  38.2%     -    0s
     0     0    8.03622    0  287   13.00000    8.03622  38.2%     -    0s
     0     0    8.05133    0  311   13.00000    8.05133  38.1%     -    0s
     0     0    8.05574    0  316   13.00000    8.05574  38.0%     -    0s
     0     0    8.05574    0  322   13.00000    8.05574  38.0%     -    0s
H    0     0                      12.0000000    8.05698  32.9%     -    1s
H    0     0                      11.0000000    8.05698  26.8%     -    1s
     0     0    8.05698    0  319   11.00000    8.05698  26.8%     -    1s
     0     0    8.05698    0  328   11.00000    8.05698  26.8%     -    1s
     0     0    8.06121    0  320   11.00000    8.06121  26.7%     -    1s
     0     0    8.06256    0  329   11.00000    8.06256  26.7%     -    1s
     0     0    8.06256    0  329   11.00000    8.06256  26.7%     -    1s
     0     0    8.06409    0  330   11.00000    8.06409  26.7%     -    2s
     0     0    8.06444    0  339   11.00000    8.06444  26.7%     -    2s
     0     0    8.06501    0  331   11.00000    8.06501  26.7%     -    2s
     0     0    8.06636    0  270   11.00000    8.06636  26.7%     -    2s
     0     2    8.06649    0  268   11.00000    8.06649  26.7%     -    2s
   532   349    8.83186    7  163   11.00000    8.46390  23.1%  87.8    5s
   686   453    8.48684   10  295   11.00000    8.48684  22.8%   106   10s
  1109   488    9.66667   22   89   11.00000    8.83333  19.7%   115   15s
  1629   504     cutoff   32        11.00000    9.00000  18.2%   117   20s
  2338   596    9.61336   15  157   11.00000    9.11872  17.1%   114   25s
  3054   760   10.00000   20   93   11.00000    9.20000  16.4%   114   30s
  3660   868    9.66984   20  150   11.00000    9.27117  15.7%   118   35s
  4405   999     cutoff   19        11.00000    9.33810  15.1%   120   40s
  4984  1001    9.68411   22  216   11.00000    9.42000  14.4%   121   45s
  5760  1083   10.00000   28   64   11.00000    9.50000  13.6%   122   50s
  6509  1118    9.60764   22  172   11.00000    9.54352  13.2%   122   55s
  7321  1059     cutoff   27        11.00000    9.65522  12.2%   122   60s
  8220   816   10.00000   19  138   11.00000   10.00000  9.09%   120   66s

Cutting planes:
  Gomory: 5
  Cover: 95
  Implied bound: 37
  Projected implied bound: 4
  Clique: 14
  MIR: 166
  StrongCG: 4
  Flow cover: 187
  GUB cover: 56
  Inf proof: 1
  Zero half: 12
  RLT: 6
  Relax-and-lift: 36
  BQP: 3

Explored 8262 nodes (997684 simplex iterations) in 66.38 seconds (69.17 work units)
Thread count was 1 (of 16 available processors)

Solution count 8: 11 12 12 ... 68

Optimal solution found (tolerance 1.00e-04)
Best objective 1.100000000000e+01, best bound 1.000000000000e+01, gap 9.0909%

User-callback calls 36260, time in user-callback 0.03 sec
Stat(MathOptInterface.OPTIMAL, 11.0, 10.000000000000002, 0.09090909090909075, 0.0, 0.048806, 66.37603211402893, 8262, Main.CFLG.EVFP, "", #undef)
