Data path: /scratch/opt/lxu/CFLG/benchmarks/city
Instance: city_268.txt
Result path: /scratch/opt/lxu/CFLG/results/city
Solver: Gurobi
Time limit: 3600
Formulation: LEVFP
Cover: Small
julia --project=. src/main.jl /scratch/opt/lxu/CFLG/benchmarks/city city_268.txt /scratch/opt/lxu/CFLG/results/city Gurobi 3600 LEVFP Small
The latest version of Julia in the `release` channel is 1.11.5+0.x64.linux.gnu. You currently have `1.11.4+0.x64.linux.gnu` installed. Run:

  juliaup update

in your terminal shell to install Julia 1.11.5+0.x64.linux.gnu and update the `release` channel to that version.
/scratch/opt/lxu/CFLG/benchmarks/city Gurobi 3600.0 /scratch/opt/lxu/CFLG/results/city city_268.txt LEVFP Small
/scratch/opt/lxu/CFLG/benchmarks/city/city_268.txt

 read graph
data loaded


after absorb:151 195

max_piece:48
problem_graph/original graph: node: 181/195 edge: 254/268 dlt: 0.04434170105811899 break_avg_len: 0.1871429273004076 break_max_len: 2.047817047817048elapsed CPU time: 0.072684 seconds
Set parameter TokenServer to value "solice01.zib.de"
Set parameter Threads to value 1
Set parameter OutputFlag to value 1
Set parameter MIPGap to value 0.0001
Set parameter MIPGapAbs to value 1
Set parameter TimeLimit to value 3599.927316

 model loaded

Gurobi Optimizer version 12.0.1 build v12.0.1rc0 (linux64 - "Debian GNU/Linux 12 (bookworm)")

CPU model: Intel(R) Xeon(R) Gold 5122 CPU @ 3.60GHz, instruction set [SSE2|AVX|AVX2|AVX512]
Thread count: 8 physical cores, 16 logical processors, using up to 1 threads

Non-default parameters:
TimeLimit  3599.927316
MIPGapAbs  1
Threads  1

Optimize a model with 5284 rows, 2671 columns and 12924 nonzeros
Model fingerprint: 0xb8125ac8
Variable types: 435 continuous, 2236 integer (2236 binary)
Coefficient statistics:
  Matrix range     [2e-06, 1e+00]
  Objective range  [1e+00, 1e+00]
  Bounds range     [1e-03, 9e-02]
  RHS range        [3e-05, 3e+00]
Presolve removed 2708 rows and 904 columns
Presolve time: 0.08s
Presolved: 2576 rows, 1767 columns, 10633 nonzeros
Variable types: 428 continuous, 1339 integer (1339 binary)
Found heuristic solution: objective 653.0000000
Found heuristic solution: objective 652.0000000
Found heuristic solution: objective 651.0000000

Root relaxation: objective 4.357017e+02, 2008 iterations, 0.03 seconds (0.03 work units)

    Nodes    |    Current Node    |     Objective Bounds      |     Work
 Expl Unexpl |  Obj  Depth IntInf | Incumbent    BestBd   Gap | It/Node Time

     0     0  435.70171    0  544  651.00000  435.70171  33.1%     -    0s
H    0     0                     649.0000000  435.70171  32.9%     -    0s
H    0     0                     573.0000000  435.70171  24.0%     -    0s
H    0     0                     542.0000000  435.70171  19.6%     -    0s
H    0     0                     540.0000000  435.70171  19.3%     -    0s
     0     0  463.42250    0  594  540.00000  463.42250  14.2%     -    0s
H    0     0                     535.0000000  463.42571  13.4%     -    0s
H    0     0                     534.0000000  463.42571  13.2%     -    0s
     0     0  465.51952    0  568  534.00000  465.51952  12.8%     -    0s
     0     0  465.66546    0  583  534.00000  465.66546  12.8%     -    0s
     0     0  465.73174    0  590  534.00000  465.73174  12.8%     -    0s
     0     0  465.75787    0  588  534.00000  465.75787  12.8%     -    0s
     0     0  465.75787    0  588  534.00000  465.75787  12.8%     -    0s
     0     0  475.03293    0  533  534.00000  475.03293  11.0%     -    0s
     0     0  475.24667    0  559  534.00000  475.24667  11.0%     -    0s
     0     0  475.32072    0  558  534.00000  475.32072  11.0%     -    0s
     0     0  475.32120    0  576  534.00000  475.32120  11.0%     -    0s
     0     0  477.23731    0  530  534.00000  477.23731  10.6%     -    0s
H    0     0                     533.0000000  477.23731  10.5%     -    0s
H    0     0                     531.0000000  477.23731  10.1%     -    0s
     0     0  477.36402    0  531  531.00000  477.36402  10.1%     -    0s
     0     0  477.36478    0  523  531.00000  477.36478  10.1%     -    0s
     0     0  477.92962    0  508  531.00000  477.92962  10.0%     -    0s
H    0     0                     530.0000000  477.95045  9.82%     -    0s
H    0     0                     529.0000000  477.95045  9.65%     -    0s
     0     0  477.99130    0  541  529.00000  477.99130  9.64%     -    0s
     0     0  478.00976    0  539  529.00000  478.00976  9.64%     -    0s
     0     0  478.45670    0  529  529.00000  478.45670  9.55%     -    0s
H    0     0                     526.0000000  478.45670  9.04%     -    0s
H    0     0                     525.0000000  478.45670  8.87%     -    0s
     0     0  478.63415    0  521  525.00000  478.63415  8.83%     -    0s
     0     0  478.63415    0  527  525.00000  478.63415  8.83%     -    0s
     0     0  478.66245    0  528  525.00000  478.66245  8.83%     -    0s
H    0     0                     524.0000000  478.66245  8.65%     -    0s
     0     0  478.77124    0  542  524.00000  478.77124  8.63%     -    0s
     0     0  478.78482    0  551  524.00000  478.78482  8.63%     -    0s
     0     0  478.97241    0  545  524.00000  478.97241  8.59%     -    1s
H    0     0                     523.0000000  478.97241  8.42%     -    1s
     0     0  478.97846    0  546  523.00000  478.97846  8.42%     -    1s
     0     0  479.06272    0  543  523.00000  479.06272  8.40%     -    1s
     0     0  479.08449    0  503  523.00000  479.08449  8.40%     -    1s
     0     0  479.08457    0  517  523.00000  479.08457  8.40%     -    1s
     0     0  479.09825    0  533  523.00000  479.09825  8.39%     -    1s
     0     0  479.09825    0  472  523.00000  479.09825  8.39%     -    1s
H    0     0                     520.0000000  479.12098  7.86%     -    1s
     0     2  479.12791    0  446  520.00000  479.12791  7.86%     -    1s
H   26    26                     514.0000000  479.24957  6.76%  80.2    1s
H   78    78                     510.0000000  479.24957  6.03%  51.1    1s
H  104   104                     509.0000000  479.24957  5.84%  46.6    1s
   563   516  485.08812   37  464  509.00000  485.08812  4.70%  28.6    5s
H  592   507                     507.0000000  486.49558  4.04%  27.2    7s
   626   530  492.41160   93  539  507.00000  487.67598  3.81%  25.8   10s
   673   563  497.00845  127  404  507.00000  488.34817  3.68%   116   15s
  1202   883  504.00000  147  119  507.00000  488.45928  3.66%   116   20s
  1770  1211  488.55416   32  490  507.00000  488.50977  3.65%  92.8   25s
  2708  1887  491.59460   50  316  507.00000  488.51261  3.65%  78.6   30s
  4015  3109  491.79498   60  351  507.00000  488.57007  3.64%  67.0   35s
  5752  4700  492.52348   53  325  507.00000  488.63429  3.62%  59.6   40s
  7430  6213  488.99182   33  536  507.00000  488.67351  3.61%  56.4   45s
  8909  7457  488.76633   36  576  507.00000  488.73908  3.60%  54.6   50s
H 9449  7622                     506.0000000  488.75318  3.41%  54.4   52s
 10203  8276  494.17472   74  472  506.00000  488.79132  3.40%  53.7   62s
 10223  8289  500.51521  140  533  506.00000  488.79132  3.40%  53.6   65s
 10256  8311  502.00000  108  537  506.00000  489.24933  3.31%  53.4   70s
 10281  8328  501.16402  127  481  506.00000  489.57942  3.25%  53.3   75s
 10303  8343  494.17472   74  484  506.00000  489.57942  3.25%  53.2   80s
 10331  8361  497.10294  106  630  506.00000  489.73433  3.21%  53.0   85s
 10361  8381  497.24303   80  629  506.00000  490.15965  3.13%  52.9   90s
 10391  8401  501.41477  123  561  506.00000  490.57280  3.05%  52.7   95s
 10405  8411  490.59891   36  534  506.00000  490.59891  3.04%  52.6  100s
H10418  7994                     505.0000000  490.67778  2.84%  52.6  103s
 10432  8004  499.27834  115  632  505.00000  490.90882  2.79%  52.5  105s
 10455  8019  501.15175  126  586  505.00000  490.90882  2.79%  52.4  110s
 10475  8032  491.82936   66  645  505.00000  490.97061  2.78%  52.3  115s
 10558  8090  496.02827   83  198  505.00000  490.98917  2.77%  76.7  120s
 10746  8193  491.37637   49  521  505.00000  490.98917  2.77%  76.0  125s
 10898  8294  499.95549  125  142  505.00000  490.98917  2.77%  75.7  130s
 11017  8358  493.67352   74  383  505.00000  490.98917  2.77%  75.8  135s
 11232  8486  492.02971   53  435  505.00000  490.98917  2.77%  75.4  140s
 11710  8771  492.52659   57  455  505.00000  491.04877  2.76%  74.8  145s
 12710  9317  491.94457   49  593  505.00000  491.18072  2.74%  73.5  150s
 13762  9953  494.29661   67  376  505.00000  491.20820  2.73%  72.1  155s
 14910 10625  491.47489   47  671  505.00000  491.26383  2.72%  71.2  160s
 15686 11062  495.61115   73  347  505.00000  491.35894  2.70%  71.8  165s
 16676 11568  492.99511   56  500  505.00000  491.37739  2.70%  71.4  170s
 17822 12203  495.30251   66  401  505.00000  491.43607  2.69%  71.2  175s
 19015 12853  495.07241   73  436  505.00000  491.46104  2.68%  70.5  180s
 20182 13479  500.36939  119  213  505.00000  491.47530  2.68%  70.2  185s
 21125 13973  499.83285   93  258  505.00000  491.49225  2.67%  70.1  190s
 22135 14495  494.80164   79  391  505.00000  491.52189  2.67%  69.8  195s
 22969 14947  499.99017   95  240  505.00000  491.54820  2.66%  69.4  200s
 23970 15454  493.49001   58  399  505.00000  491.59952  2.65%  69.6  205s
 25156 16111  499.26815  110  272  505.00000  491.62816  2.65%  69.2  210s
 26467 16812  499.44218   94  220  505.00000  491.64600  2.64%  68.9  215s
 27671 17464  491.88922   52  648  505.00000  491.65581  2.64%  68.6  220s
 28625 17954  492.50416   54  508  505.00000  491.66299  2.64%  68.5  225s
 29735 18522  500.11461  104  203  505.00000  491.68003  2.64%  68.2  230s
 30870 19078  492.18002   48  578  505.00000  491.69149  2.64%  68.0  235s
 31983 19694  492.35481   52  602  505.00000  491.71181  2.63%  67.9  240s
 33359 20444  494.51611   73  414  505.00000  491.72593  2.63%  67.5  245s
 34667 21179  498.92057  118  279  505.00000  491.74364  2.63%  67.3  250s
 35861 22198  494.25107   77  369  505.00000  491.75131  2.62%  67.0  255s
 36889 23112  497.92281   97  356  505.00000  491.75973  2.62%  67.1  260s
 37907 24011  497.18106   81  323  505.00000  491.76710  2.62%  66.9  265s
 39188 25125  494.42024   65  375  505.00000  491.77332  2.62%  66.7  270s
 40236 26051  493.98415   66  329  505.00000  491.77983  2.62%  66.9  275s
 41578 27211  492.02600   51  634  505.00000  491.79138  2.62%  66.5  280s
 42938 28422  497.66108   81  316  505.00000  491.79982  2.61%  66.3  285s
 44037 29381  496.23762   82  365  505.00000  491.81141  2.61%  66.3  290s
 45163 30358  495.25071   71  301  505.00000  491.82263  2.61%  66.0  295s
 46444 31488  499.78168   90  249  505.00000  491.83657  2.61%  65.7  300s
 47774 32621  493.03086   68  419  505.00000  491.84664  2.60%  65.5  305s
 48884 33546  495.49248   67  295  505.00000  491.85522  2.60%  65.5  310s
 50199 34643  497.65164   96  233  505.00000  491.85876  2.60%  65.4  315s
 51536 35803  492.31188   52  645  505.00000  491.86736  2.60%  65.2  320s
 52587 36755  498.17043   98  264  505.00000  491.87139  2.60%  65.3  325s
 53862 37800  492.48167   54  608  505.00000  491.87746  2.60%  65.1  330s
 55097 38885  495.55336   85  387  505.00000  491.88447  2.60%  65.0  335s
 56112 39765  500.46883  104  321  505.00000  491.88891  2.60%  65.0  340s
 57004 40501  492.90380   62  468  505.00000  491.89745  2.59%  65.3  345s
 57759 41183  492.90033   53  563  505.00000  491.90188  2.59%  65.2  350s
 59021 42317  493.19658   59  508  505.00000  491.90868  2.59%  65.1  355s
 60378 43510  492.10716   51  608  505.00000  491.91562  2.59%  65.1  360s
 61679 44644  493.58023   64  467  505.00000  491.92169  2.59%  65.0  365s
 61864 44805  492.38947   55  565  505.00000  491.92231  2.59%  65.0  370s
 62480 45341  496.60577   89  358  505.00000  491.92427  2.59%  65.1  375s
 63597 46308  493.32115   59  511  505.00000  491.93041  2.59%  65.2  380s
 64760 47288  494.59314   69  392  505.00000  491.93797  2.59%  65.2  385s
 66069 48428  495.84364   78  286  505.00000  491.94807  2.58%  65.1  390s
 67204 49412  499.94305  131  163  505.00000  491.95487  2.58%  65.1  395s
 68504 50537  498.36913   99  273  505.00000  491.96544  2.58%  65.0  400s
 69866 51728  492.62123   49  586  505.00000  491.97080  2.58%  65.0  405s
 71189 52836  492.38981   54  603  505.00000  491.98300  2.58%  64.9  410s
 72459 53936  494.66679   67  368  505.00000  491.98725  2.58%  64.8  415s
 73243 54609  492.61737   58  523  505.00000  491.99048  2.58%  64.8  420s
 74480 55714  492.95982   61  578  505.00000  491.99686  2.57%  64.8  425s
 75770 56780  493.61248   61  539  505.00000  492.00097  2.57%  64.8  430s
 76942 57805  502.92422  140  121  505.00000  492.00486  2.57%  64.7  435s
 78105 58789  493.30412   53  460  505.00000  492.01197  2.57%  64.6  440s
 79390 59912  494.12184   60  386  505.00000  492.01859  2.57%  64.5  445s
 80679 61043  504.00000  117  133  505.00000  492.02302  2.57%  64.5  450s
 81877 62015  494.54562   66  414  505.00000  492.02704  2.57%  64.5  455s
 83166 63094  495.44036   71  353  505.00000  492.03066  2.57%  64.3  460s
 84623 64360  499.57884  117  219  505.00000  492.03393  2.57%  64.2  465s
 85421 65045  493.80867   60  463  505.00000  492.03704  2.57%  64.2  470s
 86718 66142  493.04049   52  577  505.00000  492.04292  2.57%  64.1  475s
 87861 67120  493.16974   57  467  505.00000  492.04791  2.56%  64.1  480s
 89116 68191  501.04644  119  183  505.00000  492.05012  2.56%  64.1  485s
 90400 69297  496.96691   92  332  505.00000  492.05297  2.56%  64.1  490s
 91620 70276  493.12374   62  503  505.00000  492.05607  2.56%  64.0  495s
 92559 71047  496.53447   84  366  505.00000  492.05700  2.56%  64.0  500s
 93631 71953  493.17408   58  454  505.00000  492.05928  2.56%  64.1  505s
 94862 73049  502.11019  143  126  505.00000  492.06460  2.56%  64.1  510s
 96192 74181  499.83639  118  261  505.00000  492.07118  2.56%  64.0  515s
 97267 75078  493.13882   58  485  505.00000  492.07477  2.56%  64.1  520s
 97632 75389  492.26646   54  559  505.00000  492.07614  2.56%  64.1  525s
 98730 76312  496.12147   77  356  505.00000  492.08203  2.56%  64.1  530s
 99954 77365  496.66235   78  226  505.00000  492.08832  2.56%  64.1  535s
 101215 78413  493.14109   55  498  505.00000  492.09185  2.56%  64.1  540s
 102277 79348  498.69668  100  155  505.00000  492.09764  2.55%  64.2  545s
 103606 80512  492.17724   56  589  505.00000  492.10175  2.55%  64.1  550s
 104736 81480  494.21591   68  423  505.00000  492.10415  2.55%  64.2  555s
 105987 82562  492.72282   56  528  505.00000  492.10709  2.55%  64.1  560s
 107214 83656  493.79826   58  473  505.00000  492.11074  2.55%  64.1  565s
 108482 84797  496.08299   74  421  505.00000  492.11493  2.55%  64.1  570s
 109670 85804  499.70193  102  236  505.00000  492.11742  2.55%  64.2  575s
 110835 86787  498.70665  104  214  505.00000  492.12229  2.55%  64.2  580s
 112104 87877  496.18695   79  321  505.00000  492.12546  2.55%  64.2  585s
 113160 88764  492.52147   56  633  505.00000  492.12871  2.55%  64.2  590s
 114452 89874  493.19075   56  506  505.00000  492.13192  2.55%  64.2  595s
 115403 90685  492.99618   55  548  505.00000  492.13717  2.55%  64.1  601s
 116232 91423  496.79844   87  278  505.00000  492.13967  2.55%  64.1  605s
 117365 92374  496.36167   71  306  505.00000  492.14475  2.55%  64.1  610s
 118651 93501     cutoff  138       505.00000  492.14976  2.54%  64.1  615s
 119899 94582  493.24690   56  487  505.00000  492.15368  2.54%  64.1  620s
 121061 95620  501.53633  128  103  505.00000  492.15649  2.54%  64.1  625s
 122265 96650  500.90844   99  261  505.00000  492.15815  2.54%  64.1  630s
 123459 97694  492.64689   54  563  505.00000  492.16036  2.54%  64.1  635s
 124580 98663  492.94224   55  544  505.00000  492.16379  2.54%  64.1  640s
 125828 99752  501.02134  123  160  505.00000  492.16676  2.54%  64.1  647s
 126564 100381  494.25218   73  395  505.00000  492.16778  2.54%  64.0  650s
 127743 101397  494.99080   76  398  505.00000  492.17238  2.54%  64.0  655s
 128826 102307  498.21469  103  224  505.00000  492.17426  2.54%  64.1  660s
 129989 103293  495.21717   75  323  505.00000  492.17724  2.54%  64.0  665s
 131290 104429  492.21964   55  603  505.00000  492.17998  2.54%  64.0  670s
 132476 105460  498.36021  107  235  505.00000  492.18286  2.54%  64.0  675s
 133767 106568  501.00000  125  111  505.00000  492.18780  2.54%  63.9  680s
 135008 107642  500.32668   98  222  505.00000  492.19256  2.54%  63.9  685s
 136201 108651  499.35228  107  215  505.00000  492.19459  2.54%  63.9  690s
 137443 109725  496.67775   81  280  505.00000  492.19796  2.54%  63.9  695s
 138241 110415  495.18599   70  418  505.00000  492.20228  2.53%  63.9  700s
 139184 111219  496.48975   81  316  505.00000  492.20467  2.53%  63.9  705s
 140412 112301  503.52458  132  186  505.00000  492.20728  2.53%  63.9  710s
 141806 113465  498.07170   95  239  505.00000  492.21136  2.53%  63.8  715s
 143151 114652  493.97016   70  349  505.00000  492.21493  2.53%  63.8  720s
 144309 115653  493.30115   54  506  505.00000  492.21727  2.53%  63.8  725s
 145517 116701  492.83252   58  637  505.00000  492.22039  2.53%  63.9  730s
 146728 117754  498.34632   94  289  505.00000  492.22347  2.53%  63.9  735s
 148154 118996  503.56091  117  181  505.00000  492.22794  2.53%  63.9  740s
 149701 120342  500.83144  108  191  505.00000  492.22927  2.53%  63.8  745s
 150899 121390  494.54118   71  261  505.00000  492.23105  2.53%  63.8  750s
 151942 122278  498.98122  109  287  505.00000  492.23290  2.53%  63.8  755s
 153276 123400  494.11772   77  404  505.00000  492.23569  2.53%  63.8  760s
 154594 124586  502.42813  102  171  505.00000  492.23741  2.53%  63.7  765s
 155987 125775  494.01800   66  432  505.00000  492.23952  2.53%  63.7  770s
 157484 127040  493.00211   59  573  505.00000  492.24170  2.53%  63.6  775s
 158905 128268  496.43650   79  308  505.00000  492.24474  2.53%  63.5  780s
 160267 129443  496.08863   81  269  505.00000  492.24844  2.53%  63.6  785s
 161619 130585  492.97583   59  565  505.00000  492.25041  2.52%  63.5  790s
 162869 131644  492.98331   54  539  505.00000  492.25197  2.52%  63.5  795s
 164234 132827  493.31104   63  433  505.00000  492.25485  2.52%  63.5  800s
 165556 133953  493.58566   71  406  505.00000  492.25588  2.52%  63.5  805s
 166760 134977  492.81004   57  460  505.00000  492.25706  2.52%  63.5  810s
 168005 136068  499.93210   99  235  505.00000  492.26003  2.52%  63.5  815s
 169134 137044  500.12196  128  220  505.00000  492.26222  2.52%  63.6  820s
 170504 138234  497.48728   88  262  505.00000  492.26408  2.52%  63.5  825s
 171724 139272  497.72368   92  305  505.00000  492.26646  2.52%  63.6  830s
 172932 140309  492.30524   55  570  505.00000  492.26751  2.52%  63.6  835s
 174117 141347  499.02897  103  197  505.00000  492.26893  2.52%  63.6  840s
 175550 142560  492.95179   53  590  505.00000  492.27144  2.52%  63.6  845s
 176829 143662  494.01588   65  461  505.00000  492.27360  2.52%  63.6  850s
 178335 144961  493.28006   60  476  505.00000  492.27629  2.52%  63.5  855s
 179678 146153  497.53591  107  215  505.00000  492.27706  2.52%  63.5  860s
 180964 147259  492.75891   56  580  505.00000  492.28009  2.52%  63.5  865s
 182194 148299  492.30857   53  618  505.00000  492.28175  2.52%  63.5  870s
 183387 149346  503.99046  169  128  505.00000  492.28274  2.52%  63.5  875s
 184690 150435  495.69885   88  303  505.00000  492.28427  2.52%  63.5  880s
 186154 151699  500.50829  120  199  505.00000  492.28700  2.52%  63.4  885s
 187629 152943  492.77856   61  466  505.00000  492.28942  2.52%  63.3  890s
 189068 154173  502.89236  124  239  505.00000  492.29115  2.52%  63.3  895s
 190503 155419  493.47113   62  532  505.00000  492.29177  2.52%  63.2  900s
 191950 156621  494.38919   68  450  505.00000  492.29513  2.52%  63.2  905s
 193285 157741  492.78849   58  494  505.00000  492.29733  2.52%  63.1  910s
 194546 158820  498.76674  120  263  505.00000  492.29889  2.52%  63.1  915s
 195919 160009  493.75030   65  451  505.00000  492.30025  2.51%  63.1  920s
 197270 161160  492.62190   58  597  505.00000  492.30407  2.51%  63.1  925s
 198552 162259  494.60909   77  341  505.00000  492.30617  2.51%  63.1  930s
 200186 163659  492.50467   53  587  505.00000  492.30825  2.51%  63.0  935s
 201628 164861  502.28260  149  122  505.00000  492.30987  2.51%  63.0  940s
 202882 165930  492.92354   61  515  505.00000  492.31182  2.51%  63.0  945s
 204216 167087  499.18815   89  266  505.00000  492.31381  2.51%  62.9  950s
 205614 168252  494.13771   71  482  505.00000  492.31549  2.51%  62.9  955s
 206913 169378  492.67464   61  599  505.00000  492.31798  2.51%  62.9  960s
 208275 170549  493.23923   57  521  505.00000  492.31994  2.51%  62.9  965s
 209481 171605  495.75101   75  379  505.00000  492.32137  2.51%  62.9  970s
 210977 172914  492.85319   51  660  505.00000  492.32469  2.51%  62.8  975s
 212150 173934  494.86514   70  419  505.00000  492.32630  2.51%  62.8  980s
 213656 175207  495.36101   81  388  505.00000  492.32903  2.51%  62.8  985s
 214912 176301  493.46620   58  430  505.00000  492.33060  2.51%  62.8  990s
 216272 177448  494.95931   57  474  505.00000  492.33317  2.51%  62.8  995s
 217539 178564  496.95423   92  271  505.00000  492.33410  2.51%  62.8 1000s
 218886 179682  493.99478   69  394  505.00000  492.33651  2.51%  62.8 1005s
 220228 180857  496.87811   79  252  505.00000  492.33725  2.51%  62.7 1010s
 221521 181896  492.68362   58  472  505.00000  492.33935  2.51%  62.7 1015s
 222765 182958  494.23819   71  425  505.00000  492.34152  2.51%  62.8 1020s
 224129 184146  503.29783  135  148  505.00000  492.34288  2.51%  62.8 1025s
 225296 185110  495.59815   79  300  505.00000  492.34504  2.51%  62.8 1030s
 226680 186254  493.53051   64  441  505.00000  492.34655  2.51%  62.8 1035s
 227998 187409  498.13117  101  191  505.00000  492.34726  2.51%  62.8 1040s
 229387 188576  502.91041  159  119  505.00000  492.34884  2.51%  62.7 1045s
 230703 189639  492.91108   52  598  505.00000  492.35016  2.50%  62.7 1050s
 231975 190729  497.76564   95  269  505.00000  492.35204  2.50%  62.7 1055s
 233264 191833  493.70998   60  573  505.00000  492.35408  2.50%  62.7 1060s
 234802 193102  497.78679  108  228  505.00000  492.35608  2.50%  62.6 1065s
 235853 194003     cutoff  166       505.00000  492.35753  2.50%  62.6 1070s
 237291 195223  493.29277   60  443  505.00000  492.35956  2.50%  62.6 1075s
 238535 196276  492.73024   57  503  505.00000  492.36164  2.50%  62.6 1080s
 239919 197469  495.13030   76  395  505.00000  492.36303  2.50%  62.6 1085s
 241299 198652  493.29507   63  422  505.00000  492.36459  2.50%  62.6 1090s
 242623 199798  501.58647  124  168  505.00000  492.36601  2.50%  62.6 1095s
 243912 200913  493.29201   62  454  505.00000  492.36684  2.50%  62.6 1100s
 245331 202162  499.02661  113  154  505.00000  492.36837  2.50%  62.5 1105s
 246826 203459     cutoff  129       505.00000  492.36933  2.50%  62.5 1110s
 248133 204599  493.50141   66  436  505.00000  492.37057  2.50%  62.5 1115s
 249423 205678  501.32533   93  249  505.00000  492.37104  2.50%  62.5 1120s
 250831 206885  497.27917   85  327  505.00000  492.37306  2.50%  62.5 1125s
 252294 208136  492.98416   56  545  505.00000  492.37431  2.50%  62.4 1130s
 253543 209167  499.28114   94  270  505.00000  492.37598  2.50%  62.4 1135s
 254886 210333  492.99328   59  451  505.00000  492.37701  2.50%  62.4 1140s
 256008 211308  498.18080  103  187  505.00000  492.37823  2.50%  62.5 1145s
 257466 212554  497.94765  104  325  505.00000  492.37949  2.50%  62.4 1150s
 258828 213694  495.38119   72  414  505.00000  492.38055  2.50%  62.4 1155s
 260383 215037     cutoff  143       505.00000  492.38173  2.50%  62.4 1160s
 261695 216171  492.72244   57  600  505.00000  492.38269  2.50%  62.4 1165s
 263032 217319  495.03348   69  376  505.00000  492.38411  2.50%  62.3 1170s
 264149 218277  493.83067   60  373  505.00000  492.38518  2.50%  62.3 1175s
 265518 219425  493.28712   64  475  505.00000  492.38639  2.50%  62.3 1180s
 266946 220596  492.89179   65  419  505.00000  492.38716  2.50%  62.3 1185s
 268209 221697  493.43803   65  453  505.00000  492.38853  2.50%  62.3 1190s
 269645 222959  492.81313   55  478  505.00000  492.38947  2.50%  62.3 1195s
 271113 224227  496.73158   85  268  505.00000  492.39099  2.50%  62.2 1200s
 272359 225288  496.34372   91  372  505.00000  492.39195  2.50%  62.2 1205s
 273731 226486  500.55152  116  193  505.00000  492.39339  2.50%  62.2 1210s
 275055 227639  500.06434  121  187  505.00000  492.39484  2.50%  62.2 1215s
 276326 228719  492.68569   54  616  505.00000  492.39664  2.50%  62.2 1220s
 277540 229780  496.87746   86  320  505.00000  492.39784  2.50%  62.3 1225s
 278996 231052     cutoff  151       505.00000  492.39884  2.50%  62.2 1230s
 280333 232178  496.57913   97  341  505.00000  492.40086  2.49%  62.2 1235s
 281776 233404  492.92389   54  585  505.00000  492.40207  2.49%  62.2 1240s
 283228 234665  492.81592   52  616  505.00000  492.40330  2.49%  62.2 1245s
 284530 235811  499.70880   80  260  505.00000  492.40450  2.49%  62.2 1250s
 285965 237039  503.78645  119  139  505.00000  492.40643  2.49%  62.2 1255s
 286842 237776  492.99133   55  542  505.00000  492.40737  2.49%  62.1 1260s
 288182 238983  503.02619  135   99  505.00000  492.40864  2.49%  62.1 1265s
 289540 240125  493.45273   74  410  505.00000  492.40986  2.49%  62.1 1270s
 290913 241305  493.61698   64  313  505.00000  492.41055  2.49%  62.1 1275s
 292312 242496  499.08226   92  306  505.00000  492.41144  2.49%  62.1 1280s
 293648 243630  493.06747   68  413  505.00000  492.41288  2.49%  62.1 1285s
 294942 244735  496.99861   86  340  505.00000  492.41329  2.49%  62.1 1290s
 296276 245885  499.59564   87  216  505.00000  492.41418  2.49%  62.1 1295s
 297685 247062  494.67011   71  437  505.00000  492.41529  2.49%  62.1 1300s
 299046 248207  496.82116   82  284  505.00000  492.41723  2.49%  62.1 1305s
 300453 249403  496.33613   75  293  505.00000  492.41942  2.49%  62.0 1310s
 301846 250584  503.61091  137  194  505.00000  492.42043  2.49%  62.0 1315s
 303237 251736 infeasible  144       505.00000  492.42112  2.49%  62.0 1320s
 304475 252811  497.45211   94  227  505.00000  492.42252  2.49%  62.0 1325s
 305844 253979  497.01722   91  282  505.00000  492.42370  2.49%  62.0 1330s
 307261 255155  501.04243  117  124  505.00000  492.42509  2.49%  62.0 1335s
 308842 256456  492.62097   58  601  505.00000  492.42592  2.49%  61.9 1340s
 310012 257438  492.88163   53  590  505.00000  492.42704  2.49%  62.0 1345s
 311421 258675  492.57171   58  492  505.00000  492.42804  2.49%  61.9 1350s
 312665 259756  492.63828   56  468  505.00000  492.43011  2.49%  61.9 1355s
 314076 260940  492.52958   58  576  505.00000  492.43154  2.49%  61.9 1360s
 315540 262190  499.35805  110  248  505.00000  492.43278  2.49%  61.9 1365s
 316983 263425  498.58417   96  256  505.00000  492.43361  2.49%  61.9 1370s
 318281 264526  493.77597   66  473  505.00000  492.43597  2.49%  61.9 1375s
 319614 265688  502.01853  110  158  505.00000  492.43734  2.49%  61.8 1380s
 321084 266884  492.71240   53  556  505.00000  492.43873  2.49%  61.8 1385s
 322510 268128  493.25000   66  431  505.00000  492.43973  2.49%  61.8 1390s
 323846 269251  497.95019   89  298  505.00000  492.44089  2.49%  61.8 1395s
 325140 270369  492.58159   56  552  505.00000  492.44214  2.49%  61.8 1400s
 326432 271447  492.50810   57  575  505.00000  492.44352  2.49%  61.8 1405s
 327701 272495  493.37924   69  461  505.00000  492.44473  2.49%  61.8 1410s
 329003 273613  493.34100   55  607  505.00000  492.44567  2.49%  61.8 1415s
 330409 274856  492.67292   60  446  505.00000  492.44634  2.49%  61.8 1420s
 331567 275831  494.87383   69  402  505.00000  492.44750  2.49%  61.8 1425s
 333044 277077  495.64890   72  440  505.00000  492.44820  2.49%  61.7 1430s
 334079 277909  492.85954   58  590  505.00000  492.44931  2.49%  61.7 1435s
 335422 279047  503.35145  161  139  505.00000  492.45031  2.49%  61.7 1440s
 336781 280211  502.48710  133  169  505.00000  492.45216  2.48%  61.7 1445s
 338158 281416  495.95339   73  358  505.00000  492.45390  2.48%  61.7 1450s
 339349 282420  492.81495   56  585  505.00000  492.45487  2.48%  61.7 1455s
 340597 283480  494.23539   69  379  505.00000  492.45584  2.48%  61.7 1460s
 342054 284741  493.79074   63  380  505.00000  492.45689  2.48%  61.7 1465s
 343378 285871  501.00482  120  168  505.00000  492.45829  2.48%  61.7 1470s
 344477 286789  495.22222   72  380  505.00000  492.45879  2.48%  61.7 1475s
 344755 287039  493.43262   61  576  505.00000  492.45901  2.48%  61.7 1480s
 345690 287810  498.51284  108  239  505.00000  492.45980  2.48%  61.7 1485s
 347116 289043     cutoff  118       505.00000  492.46128  2.48%  61.6 1490s
 348482 290197  493.03664   63  576  505.00000  492.46236  2.48%  61.6 1495s
 349403 291011  501.56668  121  224  505.00000  492.46261  2.48%  61.6 1500s
 350626 292089  494.78680   75  391  505.00000  492.46363  2.48%  61.6 1505s
 352016 293298  492.65818   60  564  505.00000  492.46490  2.48%  61.6 1510s
 353441 294547     cutoff  154       505.00000  492.46562  2.48%  61.6 1515s
 354423 295378     cutoff  144       505.00000  492.46728  2.48%  61.6 1520s
 355716 296453  492.85492   57  590  505.00000  492.46778  2.48%  61.6 1525s
 357219 297741  503.19167  135  146  505.00000  492.46897  2.48%  61.5 1530s
 358545 298875  493.30422   61  375  505.00000  492.46981  2.48%  61.5 1535s
 359644 299806  495.38264   73  325  505.00000  492.47083  2.48%  61.6 1540s
 360878 300881  501.64711  134  139  505.00000  492.47255  2.48%  61.6 1545s
 362134 301951  494.07220   67  463  505.00000  492.47339  2.48%  61.6 1550s
 363522 303156  494.73373   66  460  505.00000  492.47467  2.48%  61.6 1555s
 364945 304363  492.81643   61  514  505.00000  492.47536  2.48%  61.5 1560s
 366011 305312  503.01942  129  130  505.00000  492.47599  2.48%  61.5 1565s
 367486 306543  492.61383   56  570  505.00000  492.47721  2.48%  61.5 1570s
 368765 307629  492.57531   55  598  505.00000  492.47852  2.48%  61.5 1575s
 369981 308654  492.63473   60  594  505.00000  492.47927  2.48%  61.5 1580s
 371345 309835  493.00510   57  549  505.00000  492.48022  2.48%  61.5 1585s
 372645 310912  492.95809   60  545  505.00000  492.48082  2.48%  61.5 1590s
 373937 311999  492.73169   58  524  505.00000  492.48254  2.48%  61.5 1595s
 374695 312657  492.85793   57  571  505.00000  492.48285  2.48%  61.5 1602s
 375091 312982  495.22775   82  338  505.00000  492.48331  2.48%  61.5 1605s
 376323 314058  494.90425   70  336  505.00000  492.48395  2.48%  61.5 1610s
 377603 315161     cutoff  143       505.00000  492.48492  2.48%  61.5 1615s
 378606 315997  493.72602   64  545  505.00000  492.48558  2.48%  61.5 1620s
 379884 317116  493.43321   57  585  505.00000  492.48723  2.48%  61.5 1625s
 381323 318350  492.95269   60  489  505.00000  492.48850  2.48%  61.5 1630s
 382561 319420  494.18696   74  470  505.00000  492.48921  2.48%  61.5 1635s
 383876 320573  501.37757  108  237  505.00000  492.49093  2.48%  61.5 1640s
 385089 321610  493.19871   60  512  505.00000  492.49191  2.48%  61.5 1645s
 386399 322745  496.90950   75  301  505.00000  492.49289  2.48%  61.5 1650s
 387719 323875  493.16956   60  518  505.00000  492.49355  2.48%  61.5 1655s
 389005 324965  502.80116  144  136  505.00000  492.49442  2.48%  61.5 1660s
 390281 326054  493.60430   64  497  505.00000  492.49573  2.48%  61.5 1665s
 391792 327342  493.15086   55  588  505.00000  492.49704  2.48%  61.5 1670s
 393166 328528  494.66280   66  384  505.00000  492.49798  2.48%  61.5 1675s
 394329 329541  493.43303   59  519  505.00000  492.49862  2.48%  61.5 1680s
 395729 330711  493.90620   64  423  505.00000  492.49948  2.48%  61.5 1685s
 397024 331784  502.24557  122  185  505.00000  492.49997  2.48%  61.5 1690s
 398396 332944  493.94089   68  403  505.00000  492.50165  2.47%  61.4 1695s
 399788 334125  499.34828  107  219  505.00000  492.50290  2.47%  61.4 1700s
 401051 335181  493.09064   58  466  505.00000  492.50364  2.47%  61.4 1705s
 402318 336238  504.00000  174   65  505.00000  492.50390  2.47%  61.4 1710s
 403386 337149  492.82705   60  530  505.00000  492.50519  2.47%  61.5 1715s
 404965 338497  502.60593  149  169  505.00000  492.50614  2.47%  61.4 1720s
 406317 339628  500.02179  113  276  505.00000  492.50664  2.47%  61.4 1725s
 407690 340827  492.83969   58  577  505.00000  492.50766  2.47%  61.4 1730s
 408878 341874  500.24455  120  251  505.00000  492.50864  2.47%  61.4 1735s
 410316 343029  497.97991   85  308  505.00000  492.50996  2.47%  61.4 1740s
 411670 344170  499.78941  109  185  505.00000  492.51054  2.47%  61.4 1745s
 412997 345269  500.08132  126  205  505.00000  492.51125  2.47%  61.4 1750s
 414089 346180  492.88747   56  479  505.00000  492.51202  2.47%  61.4 1755s
 415444 347330  495.53255   79  349  505.00000  492.51313  2.47%  61.4 1760s
 416949 348607  498.14387   95  267  505.00000  492.51426  2.47%  61.3 1765s
 418188 349641  493.15306   60  528  505.00000  492.51531  2.47%  61.3 1770s
 419496 350783  493.24636   67  474  505.00000  492.51660  2.47%  61.3 1775s
 420705 351813  493.89969   68  451  505.00000  492.51718  2.47%  61.3 1780s
 421949 352882  493.37701   64  408  505.00000  492.51776  2.47%  61.4 1785s
 423332 354069  494.50542   67  365  505.00000  492.51868  2.47%  61.3 1790s
 424359 354973  492.88197   56  540  505.00000  492.51924  2.47%  61.4 1798s
 424752 355319  493.62671   59  508  505.00000  492.51939  2.47%  61.4 1800s
 426095 356493  493.55160   65  497  505.00000  492.51990  2.47%  61.3 1805s
 427249 357505  492.89503   56  607  505.00000  492.52049  2.47%  61.4 1810s
 428533 358619  494.46654   60  447  505.00000  492.52149  2.47%  61.4 1815s
 429831 359743  495.80846   81  308  505.00000  492.52191  2.47%  61.4 1820s
 431274 360981  496.40097   97  357  505.00000  492.52264  2.47%  61.4 1825s
 432639 362141  492.86731   60  566  505.00000  492.52355  2.47%  61.4 1830s
 433826 363160  497.20460  102  264  505.00000  492.52390  2.47%  61.4 1835s
 435189 364342  493.29777   61  511  505.00000  492.52540  2.47%  61.4 1840s
 436561 365519  493.06253   57  529  505.00000  492.52608  2.47%  61.4 1845s
 437883 366649  500.58450  111  168  505.00000  492.52732  2.47%  61.4 1850s
 439190 367765  495.08536   71  354  505.00000  492.52816  2.47%  61.4 1855s
 440547 368938  493.33642   63  476  505.00000  492.52916  2.47%  61.3 1860s
 441863 370047  503.05905  114  138  505.00000  492.53009  2.47%  61.3 1865s
 443028 371003  498.22166  107  226  505.00000  492.53058  2.47%  61.4 1870s
 444144 371932  502.53089  135  136  505.00000  492.53114  2.47%  61.4 1875s
 445427 373012  504.00000  155   69  505.00000  492.53184  2.47%  61.4 1880s
 446687 374023  493.53754   61  533  505.00000  492.53296  2.47%  61.4 1885s
 447991 375108  492.90721   59  640  505.00000  492.53377  2.47%  61.4 1890s
 449113 376026  495.55912   74  311  505.00000  492.53439  2.47%  61.4 1895s
 450601 377302  494.01700   67  414  505.00000  492.53584  2.47%  61.4 1900s
 451950 378480  503.62392  145  142  505.00000  492.53623  2.47%  61.4 1905s
 453250 379598  499.95423   99  255  505.00000  492.53699  2.47%  61.4 1910s
 454418 380564  495.87602   82  316  505.00000  492.53799  2.47%  61.4 1915s
 455792 381742  499.35282  106  234  505.00000  492.53880  2.47%  61.4 1920s
 457006 382782  496.20559   97  257  505.00000  492.53997  2.47%  61.4 1925s
 457790 383443  500.51448  104  184  505.00000  492.54024  2.47%  61.4 1930s
 459090 384484  498.82403  110  226  505.00000  492.54133  2.47%  61.4 1935s
 460555 385696  493.08108   57  567  505.00000  492.54258  2.47%  61.4 1940s
 461832 386774  493.10418   60  478  505.00000  492.54296  2.47%  61.3 1945s
 462924 387708  493.73688   71  424  505.00000  492.54342  2.47%  61.4 1950s
 464326 388877  493.55749   62  468  505.00000  492.54428  2.47%  61.4 1955s
 465778 390134  492.74431   55  574  505.00000  492.54557  2.47%  61.3 1960s
 467202 391372  497.32014  102  288  505.00000  492.54647  2.47%  61.3 1965s
 468403 392367  493.09419   56  632  505.00000  492.54795  2.47%  61.3 1970s
 469822 393563  503.23963  122  140  505.00000  492.54881  2.47%  61.3 1975s
 471191 394715  492.71961   61  522  505.00000  492.54941  2.47%  61.3 1980s
 472559 395828  494.50084   73  423  505.00000  492.55023  2.47%  61.3 1985s
 474023 397060  493.28274   57  496  505.00000  492.55117  2.47%  61.3 1990s
 475352 398166  498.48532   96  228  505.00000  492.55200  2.46%  61.3 1995s
 475723 398501  495.76422   82  326  505.00000  492.55225  2.46%  61.3 2000s
 477129 399663  500.13699  125  254  505.00000  492.55292  2.46%  61.3 2005s
 478451 400758  493.07439   61  490  505.00000  492.55367  2.46%  61.3 2010s
 479631 401755  494.04470   63  421  505.00000  492.55444  2.46%  61.3 2015s
 480966 402897  492.73210   56  607  505.00000  492.55492  2.46%  61.3 2020s
 482223 403955  492.96283   62  528  505.00000  492.55565  2.46%  61.3 2025s
 482789 404476  502.31196  141  186  505.00000  492.55612  2.46%  61.3 2030s
 483894 405363  497.72971  120  234  505.00000  492.55678  2.46%  61.3 2035s
 485210 406493  495.74919   80  284  505.00000  492.55726  2.46%  61.2 2040s
 486370 407472  498.66816   98  276  505.00000  492.55792  2.46%  61.3 2045s
 487652 408506  493.72085   67  488  505.00000  492.55875  2.46%  61.3 2050s
 489045 409684  497.76278   97  220  505.00000  492.55977  2.46%  61.3 2055s
 490341 410789  502.14354  126   94  505.00000  492.56074  2.46%  61.3 2060s
 491748 411910  492.66977   56  650  505.00000  492.56143  2.46%  61.2 2065s
 493129 413092  492.81642   61  593  505.00000  492.56214  2.46%  61.2 2070s
 494259 414052  493.13123   58  526  505.00000  492.56252  2.46%  61.2 2075s
 495601 415225  497.11500   77  298  505.00000  492.56364  2.46%  61.2 2080s
 497073 416487  494.35424   71  355  505.00000  492.56476  2.46%  61.2 2085s
 498408 417633  504.00000  113  136  505.00000  492.56556  2.46%  61.2 2090s
 499711 418625  499.95359  112  181  505.00000  492.56615  2.46%  61.2 2095s
 501089 419811  493.43216   56  472  505.00000  492.56688  2.46%  61.2 2100s
 502488 421022  500.01852  111  187  505.00000  492.56775  2.46%  61.2 2105s
 503776 422061  495.44644   67  387  505.00000  492.56825  2.46%  61.2 2110s
 505178 423261  492.96265   61  601  505.00000  492.56884  2.46%  61.2 2115s
 506473 424317  493.90421   62  503  505.00000  492.56968  2.46%  61.2 2120s
 507667 425342  497.97769  126  265  505.00000  492.57051  2.46%  61.2 2125s
 509154 426620  501.54974  126  133  505.00000  492.57131  2.46%  61.2 2130s
 510448 427730  498.71720  117  156  505.00000  492.57171  2.46%  61.2 2135s
 511855 428917  495.40482   77  268  505.00000  492.57296  2.46%  61.1 2140s
 513208 430082  495.76247   70  367  505.00000  492.57407  2.46%  61.1 2145s
 514331 431043  496.51246   89  254  505.00000  492.57457  2.46%  61.1 2150s
 515095 431674  493.20553   60  557  505.00000  492.57491  2.46%  61.2 2156s
 515839 432282  494.27083   62  379  505.00000  492.57520  2.46%  61.2 2160s
 517297 433518  493.23784   65  535  505.00000  492.57579  2.46%  61.1 2165s
 518722 434670  492.87868   54  596  505.00000  492.57670  2.46%  61.1 2170s
 520019 435726  495.78918   71  388  505.00000  492.57760  2.46%  61.1 2175s
 521242 436780  495.19171   76  385  505.00000  492.57822  2.46%  61.1 2180s
 522519 437862  501.04737  128  257  505.00000  492.57890  2.46%  61.1 2185s
 523832 438954  498.69895   99  288  505.00000  492.57953  2.46%  61.1 2190s
 525332 440205  493.07030   64  520  505.00000  492.58010  2.46%  61.1 2195s
 526536 441216  493.48172   56  529  505.00000  492.58091  2.46%  61.1 2200s
 527946 442431  492.91883   58  612  505.00000  492.58177  2.46%  61.1 2205s
 529303 443634  496.71061   96  268  505.00000  492.58271  2.46%  61.1 2210s
 530712 444829  492.76729   56  546  505.00000  492.58333  2.46%  61.1 2215s
 531879 445834  492.83514   59  593  505.00000  492.58373  2.46%  61.1 2220s
 533223 446958  493.29411   59  504  505.00000  492.58426  2.46%  61.1 2225s
 534507 448045  495.13071   84  408  505.00000  492.58533  2.46%  61.1 2230s
 535636 449014  494.43167   69  397  505.00000  492.58577  2.46%  61.1 2235s
 537023 450190  496.68611   83  284  505.00000  492.58636  2.46%  61.1 2240s
 538228 451239  492.67984   52  626  505.00000  492.58714  2.46%  61.1 2245s
 539528 452334  493.39923   55  494  505.00000  492.58765  2.46%  61.1 2250s
 540810 453482  494.84714   72  383  505.00000  492.58810  2.46%  61.1 2255s
 542191 454677  495.06548   71  293  505.00000  492.58877  2.46%  61.1 2260s
 543506 455805  502.45337  121  208  505.00000  492.58950  2.46%  61.1 2265s
 544868 456932     cutoff  160       505.00000  492.59020  2.46%  61.1 2270s
 546032 457872  493.12892   56  595  505.00000  492.59059  2.46%  61.1 2275s
 547308 458945  492.70334   55  597  505.00000  492.59128  2.46%  61.1 2280s
 548762 460185  493.01412   61  558  505.00000  492.59232  2.46%  61.1 2285s
 550076 461311  492.95431   55  600  505.00000  492.59349  2.46%  61.0 2290s
 550837 461966  492.98755   57  505  505.00000  492.59369  2.46%  61.1 2295s
 552095 463003  497.82173   99  296  505.00000  492.59435  2.46%  61.1 2300s
 553352 464045  500.31784  106  180  505.00000  492.59492  2.46%  61.1 2305s
 554696 465187  500.20464  122  223  505.00000  492.59563  2.46%  61.1 2310s
 556072 466294     cutoff  131       505.00000  492.59622  2.46%  61.0 2315s
 557344 467376  498.93015   85  251  505.00000  492.59672  2.46%  61.0 2320s
 558627 468502  494.13571   73  404  505.00000  492.59729  2.46%  61.0 2325s
 560107 469762  497.88944   95  333  505.00000  492.59773  2.46%  61.0 2330s
 561314 470772  496.23347   96  283  505.00000  492.59845  2.46%  61.0 2335s
 562693 471965  494.92509   75  405  505.00000  492.59870  2.46%  61.0 2340s
 562837 472087  492.72619   57  585  505.00000  492.59880  2.46%  61.0 2345s
 563907 473011  493.82299   68  418  505.00000  492.59920  2.46%  61.0 2350s
 565190 474084     cutoff  137       505.00000  492.59965  2.46%  61.0 2355s
 566357 475080  494.30072   65  442  505.00000  492.60071  2.46%  61.0 2360s
 567698 476209  492.89331   56  610  505.00000  492.60118  2.46%  61.0 2365s
 568927 477266  500.06053  113  256  505.00000  492.60195  2.46%  61.0 2370s
 570317 478435  501.08222  139  213  505.00000  492.60285  2.45%  61.0 2375s
 571607 479545  495.55313   91  378  505.00000  492.60338  2.45%  61.0 2380s
 573030 480746  496.95184   87  308  505.00000  492.60425  2.45%  61.0 2385s
 574363 481881  494.07605   68  444  505.00000  492.60452  2.45%  61.0 2390s
 575694 482997  497.24940   81  337  505.00000  492.60509  2.45%  61.0 2395s
 576906 484029  495.31288   73  440  505.00000  492.60572  2.45%  61.0 2400s
 578065 484993  498.40873  110  270  505.00000  492.60608  2.45%  61.0 2405s
 579410 486143  501.24793  151  189  505.00000  492.60669  2.45%  61.0 2410s
 580725 487232  493.98780   62  418  505.00000  492.60756  2.45%  61.0 2415s
 582030 488358  503.70673  134  197  505.00000  492.60812  2.45%  61.0 2420s
 583340 489450  503.10616  157  149  505.00000  492.60881  2.45%  61.0 2425s
 583978 490008  493.11633   57  622  505.00000  492.60907  2.45%  61.0 2435s
 585007 490909  494.02910   64  380  505.00000  492.60966  2.45%  61.0 2440s
 586456 492150  492.75884   54  630  505.00000  492.61012  2.45%  61.0 2445s
 587740 493252  499.61906  112  252  505.00000  492.61068  2.45%  61.0 2450s
 589119 494437  496.67324   77  319  505.00000  492.61101  2.45%  61.0 2455s
 590462 495554  496.39080   77  436  505.00000  492.61168  2.45%  60.9 2460s
 591900 496776  501.17325  113  188  505.00000  492.61214  2.45%  60.9 2465s
 593083 497789  501.68372  115  169  505.00000  492.61291  2.45%  60.9 2470s
 594351 498835  492.94764   55  600  505.00000  492.61352  2.45%  60.9 2475s
 595610 499894  494.13892   78  385  505.00000  492.61388  2.45%  60.9 2480s
 596835 500919  496.87091  102  265  505.00000  492.61432  2.45%  60.9 2485s
 598101 502016  499.09773  119  197  505.00000  492.61483  2.45%  60.9 2490s
 599467 503183  492.86967   62  550  505.00000  492.61554  2.45%  60.9 2495s
 600843 504385  504.00000  121  123  505.00000  492.61608  2.45%  60.9 2500s
 602188 505492  493.83679   62  434  505.00000  492.61641  2.45%  60.9 2505s
 603543 506665  501.06832  128  166  505.00000  492.61691  2.45%  60.9 2510s
 604812 507729  495.60289   84  271  505.00000  492.61762  2.45%  60.9 2515s
 606105 508820  492.88768   58  611  505.00000  492.61791  2.45%  60.9 2520s
 607240 509785  493.93144   67  454  505.00000  492.61826  2.45%  60.9 2525s
 608684 511033  503.94871  141  153  505.00000  492.61885  2.45%  60.9 2530s
 609994 512068  497.62532   81  286  505.00000  492.61940  2.45%  60.9 2535s
 611263 513158  492.99184   60  598  505.00000  492.62018  2.45%  60.9 2540s
 612593 514289  493.98206   62  431  505.00000  492.62071  2.45%  60.9 2545s
 613830 515344  496.43369   72  347  505.00000  492.62144  2.45%  60.9 2550s
 614943 516324  500.89960  109  192  505.00000  492.62172  2.45%  60.9 2555s
 616298 517454  497.19277   87  326  505.00000  492.62200  2.45%  60.9 2560s
 617605 518570  499.54610  110  247  505.00000  492.62246  2.45%  60.9 2565s
 618843 519616  494.80806   69  373  505.00000  492.62289  2.45%  60.9 2570s
 620253 520867  500.06051  119  185  505.00000  492.62337  2.45%  60.9 2575s
 621617 522026  496.62715   94  257  505.00000  492.62373  2.45%  60.9 2580s
 622937 523073 infeasible  129       505.00000  492.62425  2.45%  60.9 2585s
 624375 524279  496.33645   80  338  505.00000  492.62511  2.45%  60.8 2591s
 625175 524930  492.91766   64  548  505.00000  492.62555  2.45%  60.9 2595s
 626436 526012  493.31147   57  548  505.00000  492.62596  2.45%  60.9 2600s
 627565 527018  497.68079   87  238  505.00000  492.62643  2.45%  60.9 2605s
 628744 528016  493.15391   61  544  505.00000  492.62697  2.45%  60.9 2610s
 630069 529149  494.77399   92  307  505.00000  492.62774  2.45%  60.9 2615s
 631409 530252  492.84133   59  620  505.00000  492.62817  2.45%  60.9 2620s
 632662 531352  493.08238   55  535  505.00000  492.62864  2.45%  60.9 2625s
 633972 532467  493.96270   63  409  505.00000  492.62899  2.45%  60.9 2630s
 635315 533619  493.55118   64  504  505.00000  492.62949  2.45%  60.9 2635s
 636525 534656  498.04016   99  319  505.00000  492.62994  2.45%  60.9 2640s
 637766 535698  494.17746   69  435  505.00000  492.63050  2.45%  60.9 2645s
 639094 536842  494.50693   75  392  505.00000  492.63102  2.45%  60.9 2650s
 640409 538002  499.23851  115  252  505.00000  492.63160  2.45%  60.9 2655s
 641801 539208  503.49996  125  121  505.00000  492.63199  2.45%  60.9 2660s
 643022 540251  492.67478   63  547  505.00000  492.63246  2.45%  60.9 2665s
 644232 541268  494.08529   72  401  505.00000  492.63292  2.45%  60.8 2670s
 645576 542397  493.59931   59  580  505.00000  492.63361  2.45%  60.8 2675s
 646878 543500  497.68989   93  277  505.00000  492.63392  2.45%  60.8 2680s
 648104 544514  493.09170   63  500  505.00000  492.63439  2.45%  60.8 2685s
 649489 545649  494.60135   65  355  505.00000  492.63466  2.45%  60.8 2690s
 650643 546629  499.33399  101  293  505.00000  492.63474  2.45%  60.8 2695s
 651920 547675  494.96959   70  405  505.00000  492.63531  2.45%  60.8 2700s
 653088 548663  494.17258   61  439  505.00000  492.63582  2.45%  60.8 2705s
 654545 549863  492.97187   59  491  505.00000  492.63652  2.45%  60.8 2710s
 655871 550983  494.52654   74  389  505.00000  492.63709  2.45%  60.8 2715s
 657286 552164  495.89314   84  334  505.00000  492.63761  2.45%  60.8 2720s
 658029 552807  496.59924   92  303  505.00000  492.63787  2.45%  60.8 2725s
 659463 554014  496.36851   86  307  505.00000  492.63854  2.45%  60.8 2730s
 660743 555074  496.82598   81  318  505.00000  492.63883  2.45%  60.8 2735s
 662125 556245  502.17525  118  182  505.00000  492.63948  2.45%  60.8 2740s
 663442 557339  493.09991   54  495  505.00000  492.63986  2.45%  60.8 2745s
 664756 558431  496.26276   96  279  505.00000  492.64046  2.45%  60.8 2750s
 666069 559531  493.69034   62  438  505.00000  492.64103  2.45%  60.8 2755s
 667455 560701  492.86098   56  574  505.00000  492.64163  2.45%  60.8 2760s
 668724 561787  492.91704   58  520  505.00000  492.64211  2.45%  60.8 2765s
 670034 562922     cutoff  160       505.00000  492.64287  2.45%  60.8 2770s
 671190 563913  492.65303   58  576  505.00000  492.64338  2.45%  60.7 2775s
 672610 565177  493.30727   57  528  505.00000  492.64431  2.45%  60.7 2780s
 673795 566141  493.98907   69  499  505.00000  492.64536  2.45%  60.7 2787s
 674338 566592  493.83219   63  453  505.00000  492.64555  2.45%  60.7 2790s
 675760 567761  493.06515   60  591  505.00000  492.64620  2.45%  60.7 2795s
 677284 569080  499.07437  105  231  505.00000  492.64673  2.45%  60.7 2800s
 678573 570204  497.46311  104  281  505.00000  492.64715  2.45%  60.7 2805s
 679968 571408  503.70305  163  138  505.00000  492.64764  2.45%  60.7 2810s
 681189 572438  495.05788   74  402  505.00000  492.64824  2.45%  60.7 2815s
 682631 573645  501.23505  111  222  505.00000  492.64875  2.45%  60.7 2820s
 684125 574910  493.38089   61  542  505.00000  492.64970  2.45%  60.7 2825s
 685413 576013  503.00000  137  109  505.00000  492.65017  2.45%  60.7 2830s
 686803 577215  495.00260   65  439  505.00000  492.65038  2.45%  60.6 2835s
 688025 578220  495.71031   79  311  505.00000  492.65082  2.45%  60.6 2840s
 689536 579513  500.33057  113  243  505.00000  492.65149  2.45%  60.6 2845s
 690693 580487  497.24329  110  355  505.00000  492.65211  2.45%  60.6 2850s
 692020 581601  494.35490   69  428  505.00000  492.65246  2.45%  60.6 2855s
 693335 582703  493.12754   63  532  505.00000  492.65293  2.44%  60.6 2860s
 694685 583877  493.19507   58  567  505.00000  492.65321  2.44%  60.6 2865s
 696121 585075  494.47389   69  362  505.00000  492.65374  2.44%  60.6 2870s
 697410 586172  494.35858   66  379  505.00000  492.65432  2.44%  60.6 2875s
 698837 587370  494.85929   73  341  505.00000  492.65482  2.44%  60.6 2880s
 700049 588363  504.00000  163  119  505.00000  492.65533  2.44%  60.6 2885s
 701139 589286  498.94212  109  272  505.00000  492.65564  2.44%  60.6 2890s
 702476 590339  495.26639   75  382  505.00000  492.65608  2.44%  60.6 2895s
 703624 591325  504.00000  137  126  505.00000  492.65658  2.44%  60.6 2900s
 705042 592501  493.95849   69  513  505.00000  492.65727  2.44%  60.6 2905s
 706407 593680  493.28128   57  590  505.00000  492.65782  2.44%  60.6 2910s
 707816 594851  495.49610   76  284  505.00000  492.65822  2.44%  60.6 2915s
 709124 595974  493.77732   60  379  505.00000  492.65886  2.44%  60.6 2920s
 710066 596722  493.69882   60  594  505.00000  492.65891  2.44%  60.6 2930s
 711101 597620  494.87580   65  440  505.00000  492.65941  2.44%  60.6 2935s
 712368 598716  503.02915  151  124  505.00000  492.65987  2.44%  60.6 2940s
 713517 599696  503.32467  146  156  505.00000  492.66023  2.44%  60.6 2945s
 714909 600897  500.05448   97  220  505.00000  492.66061  2.44%  60.6 2950s
 716146 601951  495.56581   77  357  505.00000  492.66102  2.44%  60.6 2955s
 717566 603128  495.62038   73  364  505.00000  492.66156  2.44%  60.6 2960s
 718901 604252  493.04548   60  508  505.00000  492.66200  2.44%  60.6 2965s
 720283 605411  494.15062   76  388  505.00000  492.66267  2.44%  60.6 2970s
 721717 606636  496.92172   77  370  505.00000  492.66324  2.44%  60.6 2975s
 723100 607751  495.38959   64  422  505.00000  492.66395  2.44%  60.6 2980s
 724412 608863  493.43333   60  493  505.00000  492.66427  2.44%  60.6 2985s
 725683 609933  501.72440  119  216  505.00000  492.66491  2.44%  60.6 2990s
 727168 611143  493.44911   63  501  505.00000  492.66544  2.44%  60.6 2995s
 728524 612319  499.99184  116  196  505.00000  492.66574  2.44%  60.6 3000s
 729790 613415  503.00000  147   72  505.00000  492.66616  2.44%  60.5 3005s
 731106 614473  498.42958  101  273  505.00000  492.66647  2.44%  60.5 3010s
 732462 615638  495.13023   66  488  505.00000  492.66670  2.44%  60.5 3015s
 733837 616742  493.42989   66  517  505.00000  492.66701  2.44%  60.5 3020s
 735267 617966  501.03236  120  232  505.00000  492.66730  2.44%  60.5 3025s
 736622 619115  495.09216   69  438  505.00000  492.66767  2.44%  60.5 3030s
 737882 620118  502.79075  136  263  505.00000  492.66815  2.44%  60.5 3035s
 738996 621074  498.85935   98  275  505.00000  492.66876  2.44%  60.5 3040s
 740289 622152  496.01194   74  372  505.00000  492.66947  2.44%  60.5 3045s
 741480 623174  497.57272  106  236  505.00000  492.66982  2.44%  60.5 3050s
 742829 624309  492.78559   56  573  505.00000  492.67041  2.44%  60.5 3055s
 744070 625367  494.71482   69  384  505.00000  492.67080  2.44%  60.5 3060s
 745509 626582  495.64948   85  324  505.00000  492.67129  2.44%  60.5 3065s
 746866 627723  492.74225   56  565  505.00000  492.67193  2.44%  60.5 3070s
 748066 628771  500.62395  105  183  505.00000  492.67241  2.44%  60.5 3075s
 749454 629951  500.08642  120  180  505.00000  492.67264  2.44%  60.5 3080s
 750679 630983  499.62977  105  246  505.00000  492.67305  2.44%  60.5 3085s
 752075 632162  493.08328   60  583  505.00000  492.67345  2.44%  60.5 3090s
 753447 633287  494.42886   70  414  505.00000  492.67362  2.44%  60.5 3095s
 754872 634551  496.88399   82  313  505.00000  492.67403  2.44%  60.5 3100s
 756173 635585  498.83512   83  240  505.00000  492.67434  2.44%  60.5 3105s
 757483 636700  495.05842   80  389  505.00000  492.67466  2.44%  60.5 3110s
 758802 637794  494.03346   72  399  505.00000  492.67526  2.44%  60.5 3115s
 760113 638878  493.18427   59  594  505.00000  492.67563  2.44%  60.5 3120s
 761484 640064  495.52505   78  356  505.00000  492.67622  2.44%  60.5 3125s
 762911 641227  495.11342   70  327  505.00000  492.67661  2.44%  60.5 3130s
 764119 642263  499.99370  112  213  505.00000  492.67678  2.44%  60.5 3135s
 765528 643460  500.46965  108  189  505.00000  492.67728  2.44%  60.4 3140s
 766839 644555  496.58199   81  363  505.00000  492.67759  2.44%  60.4 3145s
 768251 645693  493.08079   59  497  505.00000  492.67829  2.44%  60.4 3150s
 769512 646758  497.49358   92  262  505.00000  492.67920  2.44%  60.4 3155s
 770796 647837  500.12721  126  229  505.00000  492.67994  2.44%  60.4 3160s
 772105 648934  493.55293   62  505  505.00000  492.68031  2.44%  60.4 3165s
 773351 649929  498.35248   93  333  505.00000  492.68070  2.44%  60.4 3170s
 774688 651069  493.61794   62  503  505.00000  492.68129  2.44%  60.4 3175s
 776016 652212  503.31193  158  122  505.00000  492.68182  2.44%  60.4 3180s
 777222 653226     cutoff  122       505.00000  492.68223  2.44%  60.4 3185s
 778388 654200  494.30571   82  382  505.00000  492.68273  2.44%  60.5 3190s
 779738 655321  494.74208   74  445  505.00000  492.68320  2.44%  60.4 3195s
 781138 656506  501.96880  111  213  505.00000  492.68384  2.44%  60.4 3200s
 782627 657761  495.19067   71  352  505.00000  492.68400  2.44%  60.4 3205s
 784081 658967  503.77040  142  155  505.00000  492.68452  2.44%  60.4 3210s
 785057 659785  494.10682   67  443  505.00000  492.68483  2.44%  60.4 3215s
 786366 660916  494.22520   67  423  505.00000  492.68525  2.44%  60.4 3220s
 787721 662055  492.95828   57  576  505.00000  492.68554  2.44%  60.4 3225s
 788951 663103  494.97277   76  336  505.00000  492.68591  2.44%  60.4 3230s
 790167 664138  498.47113  102  261  505.00000  492.68643  2.44%  60.4 3235s
 791451 665234  494.12485   72  394  505.00000  492.68673  2.44%  60.4 3240s
 792781 666378  495.07112   75  301  505.00000  492.68733  2.44%  60.4 3245s
 793925 667320  495.32670   78  337  505.00000  492.68764  2.44%  60.4 3250s
 795216 668415  494.09955   63  435  505.00000  492.68785  2.44%  60.5 3255s
 796438 669433  493.17650   52  633  505.00000  492.68842  2.44%  60.5 3260s
 797691 670549  502.60461  116  164  505.00000  492.68883  2.44%  60.5 3265s
 798969 671629  495.57563   76  287  505.00000  492.68932  2.44%  60.5 3270s
 800246 672745  499.68052  106  174  505.00000  492.68978  2.44%  60.5 3275s
 801498 673820  500.71576  103  147  505.00000  492.69028  2.44%  60.5 3280s
 802763 674887  502.02203  131  150  505.00000  492.69069  2.44%  60.5 3285s
 804025 675958  492.99727   57  597  505.00000  492.69117  2.44%  60.5 3290s
 805336 677055  497.37766  105  257  505.00000  492.69165  2.44%  60.5 3295s
 806195 677751  493.39306   57  448  505.00000  492.69181  2.44%  60.5 3301s
 806925 678357  492.97124   57  562  505.00000  492.69201  2.44%  60.5 3305s
 808332 679521  494.48965   68  436  505.00000  492.69240  2.44%  60.5 3310s
 809502 680550  500.19199  107  192  505.00000  492.69275  2.44%  60.4 3315s
 810793 681664  503.66054  137  159  505.00000  492.69306  2.44%  60.4 3320s
 811850 682586  493.46414   64  537  505.00000  492.69326  2.44%  60.5 3325s
 813255 683820  502.04706  137  153  505.00000  492.69350  2.44%  60.5 3330s
 814516 684880  494.85100   72  382  505.00000  492.69400  2.44%  60.5 3335s
 815724 685914  497.61653  111  266  505.00000  492.69433  2.44%  60.5 3340s
 817040 687089  498.42032  100  333  505.00000  492.69461  2.44%  60.5 3345s
 818435 688260  499.00000  110  191  505.00000  492.69482  2.44%  60.5 3350s
 819803 689401  493.06115   60  555  505.00000  492.69534  2.44%  60.4 3355s
 821163 690551  494.64288   73  425  505.00000  492.69591  2.44%  60.4 3360s
 822080 691342  495.40143   72  406  505.00000  492.69639  2.44%  60.4 3365s
 823426 692496  495.81081   84  263  505.00000  492.69671  2.44%  60.4 3370s
 824646 693528  493.95385   72  430  505.00000  492.69713  2.44%  60.4 3375s
 825921 694613  492.86178   54  527  505.00000  492.69752  2.44%  60.4 3380s
 827249 695761  493.20220   57  540  505.00000  492.69777  2.44%  60.4 3385s
 828521 696876  498.60057   93  210  505.00000  492.69816  2.44%  60.4 3390s
 829814 697954  494.61173   77  407  505.00000  492.69859  2.44%  60.4 3395s
 831115 699074  493.43295   57  534  505.00000  492.69885  2.44%  60.4 3400s
 832329 700108  493.62135   57  482  505.00000  492.69938  2.44%  60.4 3405s
 833573 701191  494.36777   72  427  505.00000  492.69991  2.44%  60.4 3410s
 834835 702270  499.06553   95  298  505.00000  492.70046  2.44%  60.4 3415s
 836201 703357  496.18736   73  388  505.00000  492.70099  2.44%  60.4 3420s
 837210 704203  495.15102   73  391  505.00000  492.70131  2.44%  60.5 3425s
 838720 705494  504.00000  170   42  505.00000  492.70158  2.44%  60.4 3430s
 840054 706607  497.65890   87  343  505.00000  492.70188  2.44%  60.4 3435s
 841356 707755  495.67231   83  312  505.00000  492.70225  2.44%  60.4 3440s
 842606 708827  498.13032   90  211  505.00000  492.70255  2.44%  60.4 3445s
 843590 709614  495.87051   83  352  505.00000  492.70267  2.44%  60.4 3450s
 845009 710864  495.43633   82  353  505.00000  492.70314  2.44%  60.4 3455s
 846228 711962  503.45259   99  200  505.00000  492.70333  2.43%  60.4 3460s
 847492 713005  493.42947   65  487  505.00000  492.70355  2.43%  60.4 3465s
 848955 714272  501.26599  138  240  505.00000  492.70403  2.43%  60.4 3470s
 850062 715181  499.65856  118  204  505.00000  492.70434  2.43%  60.4 3475s
 851438 716325  494.85570   73  470  505.00000  492.70470  2.43%  60.4 3480s
 852695 717379  499.07484  100  239  505.00000  492.70485  2.43%  60.4 3485s
 854024 718522  500.63258  126  137  505.00000  492.70539  2.43%  60.4 3490s
 855260 719576  497.94465   97  259  505.00000  492.70578  2.43%  60.4 3495s
 856598 720729     cutoff  137       505.00000  492.70609  2.43%  60.4 3500s
 857832 721759  493.33554   57  474  505.00000  492.70636  2.43%  60.4 3505s
 859164 722909  501.52296  108  183  505.00000  492.70688  2.43%  60.4 3510s
 860623 724122  492.80699   59  582  505.00000  492.70726  2.43%  60.4 3515s
 862060 725323  493.19497   57  409  505.00000  492.70754  2.43%  60.4 3520s
 863037 726163  492.79012   55  504  505.00000  492.70776  2.43%  60.4 3525s
 864391 727343  496.89160   85  223  505.00000  492.70803  2.43%  60.4 3530s
 865813 728526  502.02101  119  214  505.00000  492.70842  2.43%  60.4 3535s
 867235 729698  493.84295   62  474  505.00000  492.70878  2.43%  60.4 3540s
 868505 730787  493.46384   56  580  505.00000  492.70917  2.43%  60.4 3545s
 869800 731877  495.93777   75  333  505.00000  492.70934  2.43%  60.4 3550s
 871196 733032  493.49028   54  628  505.00000  492.70979  2.43%  60.4 3555s
 872305 733958  498.17971   86  341  505.00000  492.71026  2.43%  60.4 3560s
 873382 734837  495.82132   74  312  505.00000  492.71056  2.43%  60.4 3565s
 874746 736004  496.67667   83  313  505.00000  492.71100  2.43%  60.4 3570s
 876072 737116  498.57165   94  339  505.00000  492.71137  2.43%  60.4 3575s
 877520 738362  495.04027   74  371  505.00000  492.71186  2.43%  60.4 3580s
 877811 738609  493.11914   57  560  505.00000  492.71191  2.43%  60.4 3585s
 879061 739693  493.86453   60  492  505.00000  492.71219  2.43%  60.4 3590s
 880369 740846  502.01162  118  155  505.00000  492.71258  2.43%  60.4 3595s

Cutting planes:
  Learned: 71
  Gomory: 35
  Cover: 779
  Implied bound: 73
  Clique: 25
  MIR: 734
  Mixing: 32
  StrongCG: 20
  Flow cover: 2453
  GUB cover: 105
  Inf proof: 37
  Zero half: 175
  RLT: 61
  Relax-and-lift: 45
  BQP: 32

Explored 881683 nodes (53245364 simplex iterations) in 3599.93 seconds (2992.91 work units)
Thread count was 1 (of 16 available processors)

Solution count 10: 505 506 507 ... 525

Time limit reached
Best objective 5.050000000000e+02, best bound 4.930000000000e+02, gap 2.3762%

User-callback calls 2787882, time in user-callback 3.08 sec
Stat(MathOptInterface.TIME_LIMIT, 505.0, 493.0, 0.023762376237623763, 0.0, 0.072684, 3599.9308240413666, 881683, Main.CFLG.LEVFP, "", #undef)
