Data path: /scratch/opt/lxu/CFLG/benchmarks/city
Instance: city_132.txt
Result path: /scratch/opt/lxu/CFLG/results/city
Solver: Gurobi
Time limit: 3600
Formulation: LEFPV2
Cover: Small
julia --project=. src/main.jl /scratch/opt/lxu/CFLG/benchmarks/city city_132.txt /scratch/opt/lxu/CFLG/results/city Gurobi 3600 LEFPV2 Small
The latest version of Julia in the `release` channel is 1.11.5+0.x64.linux.gnu. You currently have `1.11.4+0.x64.linux.gnu` installed. Run:

  juliaup update

in your terminal shell to install Julia 1.11.5+0.x64.linux.gnu and update the `release` channel to that version.
/scratch/opt/lxu/CFLG/benchmarks/city Gurobi 3600.0 /scratch/opt/lxu/CFLG/results/city city_132.txt LEFPV2 Small
/scratch/opt/lxu/CFLG/benchmarks/city/city_132.txt

 read graph
data loaded


after absorb:72 106

max_piece:16
problem_graph/original graph: node: 88/106 edge: 115/133 dlt: 0.10817199248120304 break_avg_len: 0.3791007905138339 break_max_len: 1.5795454545454546elapsed CPU time: 0.060988 seconds
Set parameter TokenServer to value "solice01.zib.de"
Set parameter Threads to value 1
Set parameter OutputFlag to value 1
Set parameter MIPGap to value 0.0001
Set parameter MIPGapAbs to value 1
Set parameter TimeLimit to value 3599.939012

 more cuts:true
formulation:LEFPV276 39 19
Set parameter PreCrush to value 1

 model loaded

Gurobi Optimizer version 12.0.1 build v12.0.1rc0 (linux64 - "Debian GNU/Linux 12 (bookworm)")

CPU model: Intel(R) Xeon(R) Gold 5122 CPU @ 3.60GHz, instruction set [SSE2|AVX|AVX2|AVX512]
Thread count: 8 physical cores, 16 logical processors, using up to 1 threads

Non-default parameters:
TimeLimit  3599.939012
MIPGapAbs  1
PreCrush  1
Threads  1

Optimize a model with 2275 rows, 1256 columns and 4845 nonzeros
Model fingerprint: 0x6310a1d6
Variable types: 433 continuous, 823 integer (671 binary)
Coefficient statistics:
  Matrix range     [5e-03, 2e+00]
  Objective range  [1e+00, 1e+00]
  Bounds range     [5e-03, 2e+00]
  RHS range        [5e-03, 7e+00]
Presolve removed 1261 rows and 366 columns
Presolve time: 0.02s
Presolved: 1014 rows, 890 columns, 3604 nonzeros
Variable types: 344 continuous, 546 integer (504 binary)
Found heuristic solution: objective 215.0000000
Found heuristic solution: objective 213.0000000

Root relaxation: objective 1.561303e+02, 859 iterations, 0.01 seconds (0.01 work units)

    Nodes    |    Current Node    |     Objective Bounds      |     Work
 Expl Unexpl |  Obj  Depth IntInf | Incumbent    BestBd   Gap | It/Node Time

     0     0  156.13028    0  260  213.00000  156.13028  26.7%     -    0s
H    0     0                     204.0000000  156.13028  23.5%     -    0s
     0     0  164.29453    0  284  204.00000  164.29453  19.5%     -    0s
     0     0  164.50290    0  287  204.00000  164.50290  19.4%     -    0s
     0     0  164.56803    0  287  204.00000  164.56803  19.3%     -    0s
     0     0  164.60680    0  288  204.00000  164.60680  19.3%     -    0s
     0     0  164.61156    0  289  204.00000  164.61156  19.3%     -    0s
     0     0  167.45280    0  288  204.00000  167.45280  17.9%     -    0s
     0     0  167.81722    0  292  204.00000  167.81722  17.7%     -    0s
     0     0  167.85344    0  290  204.00000  167.85344  17.7%     -    0s
     0     0  167.85526    0  291  204.00000  167.85526  17.7%     -    0s
     0     0  170.95504    0  300  204.00000  170.95504  16.2%     -    0s
     0     0  171.18579    0  311  204.00000  171.18579  16.1%     -    0s
     0     0  171.20063    0  319  204.00000  171.20063  16.1%     -    0s
     0     0  171.20699    0  313  204.00000  171.20699  16.1%     -    0s
     0     0  173.10730    0  284  204.00000  173.10730  15.1%     -    0s
     0     0  173.21344    0  289  204.00000  173.21344  15.1%     -    0s
     0     0  173.23236    0  296  204.00000  173.23236  15.1%     -    0s
     0     0  173.23458    0  292  204.00000  173.23458  15.1%     -    0s
     0     0  173.47995    0  283  204.00000  173.47995  15.0%     -    0s
     0     0  173.53190    0  288  204.00000  173.53190  14.9%     -    0s
     0     0  173.53809    0  293  204.00000  173.53809  14.9%     -    0s
     0     0  173.61965    0  268  204.00000  173.61965  14.9%     -    0s
     0     0  173.66280    0  279  204.00000  173.66280  14.9%     -    0s
     0     0  173.67445    0  276  204.00000  173.67445  14.9%     -    0s
     0     0  173.74736    0  280  204.00000  173.74736  14.8%     -    0s
     0     0  173.75428    0  265  204.00000  173.75428  14.8%     -    0s
H    0     0                     199.0000000  173.75428  12.7%     -    0s
H    0     0                     198.0000000  173.75428  12.2%     -    0s
     0     2  173.79271    0  262  198.00000  173.79271  12.2%     -    0s
H  130   126                     197.0000000  174.17794  11.6%  27.7    1s
H  208   197                     196.0000000  174.17794  11.1%  19.7    1s
H  208   197                     195.0000000  174.17794  10.7%  19.7    1s
H  616   518                     194.0000000  179.55447  7.45%  15.6    5s
H  616   491                     193.0000000  179.55447  6.97%  15.6    5s
H  642   480                     192.0000000  180.55737  5.96%  15.0    6s
H  653   462                     191.0000000  180.76855  5.36%  14.8    6s
   895   606  182.39010   45  165  191.00000  180.80839  5.34%  83.1   10s
H 1822  1087                     190.0000000  180.85768  4.81%  60.1   13s
  2121  1256  184.94837   87   81  190.00000  180.85857  4.81%  56.5   15s
  4811  3541  187.86042   98   98  190.00000  180.93510  4.77%  44.3   20s
  7438  5687  182.59899   42  201  190.00000  181.04585  4.71%  41.9   25s
  9689  7564  187.10161   94   98  190.00000  181.11657  4.68%  41.3   30s
 10203  7986  183.41598   52  265  190.00000  181.13132  4.67%  41.0   39s
 10215  7994  185.55442   77  280  190.00000  181.33957  4.56%  41.0   40s
 10264  8027  188.64345  108  275  190.00000  181.79323  4.32%  40.8   45s
 10314  8060  185.79683   66  233  190.00000  182.33039  4.04%  40.6   50s
 10367  8095  186.58790   96  251  190.00000  182.48609  3.95%  40.4   55s
 10418  8129  184.24451   71  278  190.00000  182.64852  3.87%  40.2   60s
H10451  7739                     189.0000000  182.74621  3.31%  40.0   63s
 10530  7794  186.00454   81   69  189.00000  182.75456  3.30%  50.6   65s
 10874  7982  184.38887   61  114  189.00000  182.82313  3.27%  50.7   70s
 12127  8629  183.28365   51  223  189.00000  183.02906  3.16%  51.0   75s
 13801  9415  183.91112   56  224  189.00000  183.10641  3.12%  51.9   80s
 15167 10042  183.86186   50  234  189.00000  183.14071  3.10%  53.0   85s
 16722 10765  183.31095   57  177  189.00000  183.17687  3.08%  54.2   90s
 18149 11441  184.29325   60  190  189.00000  183.21132  3.06%  54.9   95s
 19591 12070  184.25828   61  205  189.00000  183.23030  3.05%  56.1  100s
 20978 12698  187.90544   85   93  189.00000  183.25720  3.04%  56.6  105s
 22472 13367  183.75605   54  259  189.00000  183.28597  3.02%  57.2  110s
 23681 13899  184.06858   55  241  189.00000  183.30181  3.01%  57.4  115s
 25191 14566  183.92873   56  239  189.00000  183.32131  3.00%  57.6  120s
 26841 15296  187.27390   65   90  189.00000  183.33993  2.99%  57.8  125s
 28430 15958  183.42575   56  263  189.00000  183.35567  2.99%  58.0  130s
 29946 16618  185.03329   65  181  189.00000  183.37370  2.98%  58.2  135s
 31519 17321  184.33333   72  192  189.00000  183.38638  2.97%  58.2  140s
 33176 18020  185.02600   75  144  189.00000  183.39766  2.96%  58.3  145s
 34829 19093  187.20821   89  103  189.00000  183.41664  2.95%  58.4  150s
 36385 20275  184.83399   77  171  189.00000  183.43190  2.95%  58.6  155s
 38058 21542  187.64499   84   91  189.00000  183.43907  2.94%  58.6  160s
 39734 22781  183.71007   59  199  189.00000  183.44832  2.94%  58.7  165s
 41391 24021  185.04692   65  155  189.00000  183.45776  2.93%  58.8  170s
 42983 25265  183.72182   56  224  189.00000  183.46362  2.93%  58.7  175s
 44722 26573  185.73480   81  116  189.00000  183.47295  2.92%  58.7  180s
 46472 27953  186.57423   85  120  189.00000  183.47819  2.92%  58.7  185s
 48180 29253  185.11360   60  160  189.00000  183.48886  2.92%  58.7  190s
 49868 30571  185.81108   84  142  189.00000  183.49610  2.91%  58.7  195s
 51557 31857  184.02433   57  223  189.00000  183.50226  2.91%  58.8  200s
 53337 33208  184.93593   70  211  189.00000  183.50909  2.91%  58.7  205s
 55011 34488  184.76656   67  187  189.00000  183.51607  2.90%  58.7  210s
 56527 35638  184.68031   63  214  189.00000  183.52095  2.90%  58.7  215s
 58027 36723  184.38070   69  171  189.00000  183.52570  2.90%  58.8  220s
 59606 37904  184.05033   62  218  189.00000  183.53104  2.89%  58.9  225s
 61391 39252  183.81129   57  256  189.00000  183.53985  2.89%  59.0  230s
 62336 39952  183.97552   55  209  189.00000  183.54319  2.89%  58.9  235s
 63476 40777  184.90729   73  189  189.00000  183.54813  2.88%  59.0  240s
 64990 41915     cutoff   89       189.00000  183.55514  2.88%  59.1  245s
 66564 43062  184.06860   54  247  189.00000  183.56392  2.88%  59.2  250s
 68172 44276  185.06124   66  149  189.00000  183.56884  2.87%  59.3  255s
 69790 45473  186.44430   91   81  189.00000  183.57500  2.87%  59.4  260s
 71556 46826  184.01696   57  205  189.00000  183.58244  2.87%  59.4  265s
 73234 48076  183.86913   70  239  189.00000  183.58781  2.86%  59.4  270s
 74424 48963  185.04136   65  213  189.00000  183.59046  2.86%  59.4  275s
 75955 50066  185.96843   71  124  189.00000  183.59447  2.86%  59.4  280s
 77414 51145  184.57041   61  265  189.00000  183.59969  2.86%  59.6  285s
 79025 52326  183.63875   55  235  189.00000  183.60370  2.86%  59.6  290s
 80750 53639  185.20811   72  188  189.00000  183.60947  2.85%  59.6  295s
 82405 54824  183.76843   58  239  189.00000  183.61348  2.85%  59.6  300s
 84108 56149  187.05107  104  110  189.00000  183.61501  2.85%  59.6  305s
 85760 57392     cutoff   95       189.00000  183.61836  2.85%  59.7  310s
 87465 58624  187.00394   94   49  189.00000  183.62276  2.85%  59.7  315s
 88696 59513  184.04174   52  282  189.00000  183.62574  2.84%  59.6  320s
 90241 60690  184.47238   60  205  189.00000  183.62832  2.84%  59.7  325s
 91150 61382  185.04758   67  141  189.00000  183.63016  2.84%  59.7  330s
 92721 62553  187.00000   88   86  189.00000  183.63275  2.84%  59.7  335s
 94429 63806  185.00123   68  111  189.00000  183.63618  2.84%  59.7  340s
 96105 65066  185.17266   65  145  189.00000  183.63860  2.84%  59.7  345s
 97899 66434  184.75708   71  192  189.00000  183.64101  2.84%  59.6  350s
 99575 67681  185.30043   77  171  189.00000  183.64527  2.83%  59.6  355s
 101231 68924  183.98187   58  261  189.00000  183.64813  2.83%  59.6  360s
 102791 70063  185.12266   65  237  189.00000  183.65253  2.83%  59.7  365s
 104568 71404  184.23957   64  218  189.00000  183.65523  2.83%  59.7  370s
 106049 72421  184.08630   60  183  189.00000  183.65779  2.83%  59.8  375s
 107829 73743  183.79365   55  257  189.00000  183.66140  2.82%  59.7  380s
 109533 75009  183.93194   53  232  189.00000  183.66351  2.82%  59.7  385s
 111222 76249  185.12698   68  147  189.00000  183.66743  2.82%  59.7  390s
 112959 77570  187.72350   95   72  189.00000  183.67047  2.82%  59.7  395s
 114702 78917  186.89231   98  108  189.00000  183.67301  2.82%  59.6  400s
 116451 80161  184.83668   61  163  189.00000  183.67681  2.82%  59.6  405s
 118305 81580  185.13073   69  140  189.00000  183.67958  2.82%  59.5  410s
 120118 82916  183.79922   60  222  189.00000  183.68244  2.81%  59.5  415s
 122036 84330  184.40325   63  177  189.00000  183.68545  2.81%  59.4  420s
 123937 85720  184.13295   60  224  189.00000  183.68890  2.81%  59.3  425s
 125613 86975  183.80930   59  224  189.00000  183.69246  2.81%  59.3  430s
 127239 88201  183.87163   59  215  189.00000  183.69510  2.81%  59.3  435s
 128915 89430  185.93661   75  154  189.00000  183.69820  2.81%  59.3  440s
 130081 90282  183.92198   59  211  189.00000  183.70071  2.80%  59.3  445s
 131893 91633  184.18264   58  261  189.00000  183.70341  2.80%  59.2  450s
 133584 92797  184.33210   58  213  189.00000  183.70559  2.80%  59.2  455s
 135263 94048  184.03591   56  236  189.00000  183.70801  2.80%  59.2  460s
 136966 95289  184.00658   58  205  189.00000  183.71085  2.80%  59.2  465s
 138666 96607  184.09963   59  198  189.00000  183.71434  2.80%  59.1  470s
 140314 97793     cutoff   77       189.00000  183.71728  2.80%  59.1  475s
 142151 99150  183.74656   54  243  189.00000  183.71989  2.79%  59.1  480s
 143844 100350  184.35829   55  280  189.00000  183.72229  2.79%  59.1  485s
 145584 101668  186.18557   86  148  189.00000  183.72434  2.79%  59.0  490s
 147450 103071  187.49875   88  114  189.00000  183.72692  2.79%  58.9  495s
 149372 104497  187.11380   76  129  189.00000  183.72998  2.79%  58.8  500s
 151083 105707  187.18920   71  108  189.00000  183.73246  2.79%  58.8  505s
 152714 106937  184.22508   65  171  189.00000  183.73456  2.79%  58.8  510s
 154381 108169  188.00000   90   57  189.00000  183.73678  2.78%  58.8  515s
 156176 109502  186.88759   82  147  189.00000  183.73884  2.78%  58.8  520s
 156764 109920  185.19281   70  176  189.00000  183.73920  2.78%  58.7  525s
 158360 111077  184.87324   70  180  189.00000  183.74156  2.78%  58.7  530s
 160091 112294  184.42570   65  256  189.00000  183.74378  2.78%  58.6  535s
 161798 113535  187.01509   79  139  189.00000  183.74602  2.78%  58.6  540s
 163577 114819  185.41780   67  172  189.00000  183.74849  2.78%  58.5  545s
 164955 115843  183.86555   50  285  189.00000  183.75018  2.78%  58.6  550s
 166377 116880  183.88122   60  252  189.00000  183.75276  2.78%  58.6  555s
 168066 118050     cutoff   91       189.00000  183.75433  2.78%  58.6  560s
 169474 119114  185.15538   66  149  189.00000  183.75641  2.77%  58.6  565s
 171020 120228  185.05754   66  162  189.00000  183.75862  2.77%  58.6  570s
 172566 121367  185.09678   67  184  189.00000  183.76057  2.77%  58.6  575s
 174258 122595  185.16100   70  165  189.00000  183.76263  2.77%  58.6  580s
 175872 123807  187.99998  106   66  189.00000  183.76374  2.77%  58.6  585s
 177459 124968  184.16629   59  226  189.00000  183.76488  2.77%  58.6  590s
 179108 126243  186.41235   78  142  189.00000  183.76724  2.77%  58.6  595s
 180768 127435     cutoff   93       189.00000  183.76892  2.77%  58.5  600s
 182331 128551  184.31736   60  182  189.00000  183.77129  2.77%  58.6  605s
 184089 129863  186.37127   82  154  189.00000  183.77297  2.77%  58.5  610s
 185695 131019  184.54968   67  193  189.00000  183.77544  2.76%  58.5  615s
 187357 132266  184.72627   65  199  189.00000  183.77730  2.76%  58.5  620s
 188863 133390  185.93165   80  140  189.00000  183.77950  2.76%  58.5  625s
 190119 134272  186.79436   75   71  189.00000  183.78063  2.76%  58.5  630s
 191690 135391  187.39842  101   70  189.00000  183.78270  2.76%  58.5  635s
 193259 136549  185.42816   71  174  189.00000  183.78440  2.76%  58.5  640s
 194922 137710  184.11538   56  235  189.00000  183.78644  2.76%  58.5  645s
 196548 138850  184.11406   64  233  189.00000  183.78774  2.76%  58.5  650s
 198076 139971     cutoff   71       189.00000  183.78981  2.76%  58.5  655s
 199648 141035  184.04505   58  267  189.00000  183.79162  2.76%  58.5  660s
 201203 142176  183.96992   59  248  189.00000  183.79402  2.75%  58.5  665s
 202871 143419  186.50374   94  102  189.00000  183.79663  2.75%  58.5  670s
 204396 144528  186.79263   83  112  189.00000  183.79819  2.75%  58.6  675s
 205338 145227  186.43904   75  117  189.00000  183.79956  2.75%  58.6  680s
 206924 146346     cutoff   89       189.00000  183.80177  2.75%  58.6  685s
 208089 147214  185.13121   67  151  189.00000  183.80339  2.75%  58.6  690s
 209736 148411  184.67536   63  157  189.00000  183.80508  2.75%  58.5  695s
 211340 149590  184.34922   61  228  189.00000  183.80663  2.75%  58.5  700s
 213012 150835  185.10646   67  176  189.00000  183.80905  2.75%  58.5  705s
 214754 152117  183.89922   63  200  189.00000  183.81120  2.75%  58.5  710s
 216530 153410  186.59734   96  135  189.00000  183.81338  2.74%  58.5  715s
 218135 154537  185.06913   67  128  189.00000  183.81547  2.74%  58.5  720s
 219696 155641  184.08804   61  231  189.00000  183.81754  2.74%  58.5  725s
 221334 156844  185.25919   73   95  189.00000  183.81898  2.74%  58.5  730s
 223232 158204  184.28204   61  202  189.00000  183.82065  2.74%  58.5  735s
 224833 159374  184.11414   67  227  189.00000  183.82279  2.74%  58.5  740s
 226437 160539  184.18759   57  237  189.00000  183.82462  2.74%  58.5  747s
 227252 161129  186.72350   78  102  189.00000  183.82514  2.74%  58.5  750s
 228848 162306  186.32679   89  107  189.00000  183.82691  2.74%  58.5  755s
 230397 163432  186.77121   81  181  189.00000  183.82867  2.74%  58.5  760s
 232066 164625  187.00504   84  102  189.00000  183.83013  2.74%  58.5  765s
 233805 165865  187.77514   97  132  189.00000  183.83169  2.73%  58.5  770s
 235393 167037  184.96370   63  201  189.00000  183.83430  2.73%  58.5  775s
 237022 168240  184.18158   67  229  189.00000  183.83596  2.73%  58.5  780s
 238606 169359  184.19092   60  212  189.00000  183.83797  2.73%  58.5  785s
 240183 170554  186.21367   76  110  189.00000  183.83929  2.73%  58.6  790s
 241908 171744  183.94985   60  245  189.00000  183.84067  2.73%  58.5  795s
 243353 172820  184.18064   59  242  189.00000  183.84214  2.73%  58.6  800s
 245047 174045  186.96388   76  157  189.00000  183.84303  2.73%  58.6  805s
 246499 175082  184.04621   60  220  189.00000  183.84446  2.73%  58.6  810s
 248148 176240  184.99312   76  172  189.00000  183.84683  2.73%  58.6  815s
 249795 177459  186.39689   75  154  189.00000  183.84862  2.73%  58.6  820s
 251476 178634  184.62496   67  205  189.00000  183.85019  2.72%  58.6  825s
 253194 179902  184.56252   68  154  189.00000  183.85205  2.72%  58.6  830s
 254698 180998  184.05310   58  195  189.00000  183.85354  2.72%  58.6  835s
 256371 182157  184.21194   66  214  189.00000  183.85532  2.72%  58.6  840s
 258062 183384  184.84036   74  173  189.00000  183.85656  2.72%  58.6  845s
 259715 184559  184.07157   58  241  189.00000  183.85799  2.72%  58.6  850s
 261416 185782  184.11150   64  279  189.00000  183.85974  2.72%  58.6  855s
 263121 186979  184.13943   64  271  189.00000  183.86135  2.72%  58.6  860s
 264677 188097  186.13724   71  158  189.00000  183.86229  2.72%  58.6  865s
 266239 189168  183.95120   58  233  189.00000  183.86344  2.72%  58.6  870s
 267534 190154  185.89926   70  123  189.00000  183.86462  2.72%  58.6  875s
 269207 191363  185.38030   77  154  189.00000  183.86644  2.72%  58.6  880s
 270555 192347  186.01934   67  145  189.00000  183.86717  2.72%  58.5  885s
 272112 193466  184.65103   63  185  189.00000  183.86874  2.71%  58.5  890s
 273880 194775  184.92196   66  200  189.00000  183.87004  2.71%  58.5  895s
 275557 196018  186.89958   76  130  189.00000  183.87089  2.71%  58.5  900s
 277283 197267  184.66898   60  222  189.00000  183.87269  2.71%  58.5  905s
 278843 198372  186.17618   86  118  189.00000  183.87360  2.71%  58.5  910s
 280526 199565  187.14097   79  101  189.00000  183.87533  2.71%  58.5  915s
 282119 200692  184.76856   59  209  189.00000  183.87660  2.71%  58.5  920s
 283771 201911  187.06603   77   95  189.00000  183.87772  2.71%  58.5  925s
 285559 203182  184.61633   61  197  189.00000  183.87879  2.71%  58.5  930s
 287198 204361  185.10396   73  147  189.00000  183.88006  2.71%  58.5  935s
 288934 205593  185.63344   84  155  189.00000  183.88118  2.71%  58.5  940s
 290677 206865  187.17065   94   71  189.00000  183.88246  2.71%  58.4  945s
 292210 207962     cutoff   97       189.00000  183.88402  2.71%  58.4  950s
 293834 209101  185.12228   72  128  189.00000  183.88561  2.71%  58.4  955s
 295599 210391  186.34655   78  155  189.00000  183.88674  2.71%  58.4  960s
 297274 211617  187.79436   97   48  189.00000  183.88788  2.70%  58.4  965s
 298773 212666  184.27557   57  266  189.00000  183.88952  2.70%  58.4  970s
 300384 213842  183.89640   64  227  189.00000  183.89103  2.70%  58.5  975s
 302144 215139  184.90291   71  165  189.00000  183.89236  2.70%  58.4  980s
 303899 216353  185.23108   68  126  189.00000  183.89369  2.70%  58.4  985s
 305510 217506  183.97821   63  199  189.00000  183.89502  2.70%  58.4  990s
 307115 218655  185.20989   73  157  189.00000  183.89649  2.70%  58.4  995s
 308689 219784  184.66118   65  247  189.00000  183.89786  2.70%  58.4 1000s
 309982 220718  186.37330   79  130  189.00000  183.89876  2.70%  58.4 1005s
 311770 222010  184.10914   66  241  189.00000  183.90040  2.70%  58.4 1010s
 313046 222904  185.73035   85  136  189.00000  183.90141  2.70%  58.4 1015s
 314672 224066  184.65743   66  220  189.00000  183.90269  2.70%  58.4 1020s
 316244 225200  185.24668   65  181  189.00000  183.90397  2.70%  58.4 1025s
 317872 226337  185.29687   71  180  189.00000  183.90537  2.70%  58.4 1030s
 319294 227359  184.48359   65  190  189.00000  183.90652  2.69%  58.4 1035s
 321093 228668  187.69837   86   79  189.00000  183.90799  2.69%  58.4 1040s
 322844 229918  184.57866   66  233  189.00000  183.90968  2.69%  58.4 1045s
 324472 231057  187.43498   92  119  189.00000  183.91106  2.69%  58.4 1050s
 326019 232122  186.39649   82  164  189.00000  183.91258  2.69%  58.4 1055s
 327770 233406  184.59850   70  150  189.00000  183.91371  2.69%  58.4 1060s
 329237 234418  184.71625   64  181  189.00000  183.91472  2.69%  58.4 1065s
 331022 235714     cutoff   91       189.00000  183.91600  2.69%  58.4 1070s
 332079 236465  184.30804   66  245  189.00000  183.91732  2.69%  58.4 1075s
 333566 237494  186.78825   69  196  189.00000  183.91839  2.69%  58.4 1080s
 334967 238532  187.32071   97   94  189.00000  183.91925  2.69%  58.4 1085s
 336759 239750  185.38252   79  161  189.00000  183.92062  2.69%  58.3 1090s
 338490 240969  185.94393   61  154  189.00000  183.92188  2.69%  58.3 1095s
 340252 242188 infeasible   83       189.00000  183.92293  2.69%  58.3 1100s
 341812 243292  185.45604   74  145  189.00000  183.92435  2.69%  58.3 1105s
 343656 244648  184.38805   60  205  189.00000  183.92542  2.68%  58.3 1110s
 345425 245905  187.65204  104  114  189.00000  183.92671  2.68%  58.2 1115s
 347065 247046  184.28473   74  210  189.00000  183.92784  2.68%  58.2 1120s
 348586 248110 infeasible   91       189.00000  183.92887  2.68%  58.3 1125s
 350121 249243  187.43496   81  144  189.00000  183.93000  2.68%  58.3 1130s
 351663 250316  185.20364   76  153  189.00000  183.93110  2.68%  58.3 1135s
 353407 251536  184.45544   61  195  189.00000  183.93230  2.68%  58.3 1140s
 354708 252501  184.55969   69  131  189.00000  183.93363  2.68%  58.3 1145s
 355710 253241  185.26939   62  165  189.00000  183.93440  2.68%  58.3 1150s
 357325 254380  184.43507   65  191  189.00000  183.93577  2.68%  58.3 1155s
 359053 255614  187.11002   74   86  189.00000  183.93746  2.68%  58.3 1160s
 360737 256808  184.26404   64  230  189.00000  183.93869  2.68%  58.3 1165s
 362319 257902  187.89150  100  108  189.00000  183.93997  2.68%  58.3 1170s
 364009 259092  184.47111   70  215  189.00000  183.94128  2.68%  58.3 1175s
 365700 260211  186.19797   71  139  189.00000  183.94244  2.68%  58.3 1180s
 367435 261416  184.59341   66  240  189.00000  183.94346  2.68%  58.3 1185s
 369107 262590  185.07865   69  169  189.00000  183.94465  2.67%  58.2 1190s
 370855 263806  186.05847   72   88  189.00000  183.94629  2.67%  58.2 1195s
 372624 265079  184.89458   76  166  189.00000  183.94789  2.67%  58.2 1200s
 374220 266226  184.52427   66  178  189.00000  183.94919  2.67%  58.2 1205s
 375793 267348  184.09311   65  258  189.00000  183.95061  2.67%  58.2 1210s
 377385 268403  185.83587   77  168  189.00000  183.95139  2.67%  58.2 1215s
 379054 269604  184.71845   59  208  189.00000  183.95259  2.67%  58.2 1220s
 380568 270701  185.10681   61  200  189.00000  183.95369  2.67%  58.2 1225s
 381907 271633  186.30659   81  113  189.00000  183.95432  2.67%  58.2 1231s
 383098 272443  184.69408   60  199  189.00000  183.95495  2.67%  58.2 1235s
 384623 273504  186.07875   67  127  189.00000  183.95595  2.67%  58.2 1240s
 385947 274401  184.10123   63  228  189.00000  183.95692  2.67%  58.2 1245s
 387610 275602  187.18835   83  103  189.00000  183.95812  2.67%  58.2 1250s
 389231 276734  185.62602   62  116  189.00000  183.95927  2.67%  58.2 1255s
 390988 277936  187.81406   99  105  189.00000  183.96029  2.67%  58.2 1260s
 392484 278986  184.01406   66  235  189.00000  183.96196  2.67%  58.2 1265s
 394049 280045  185.20183   64  178  189.00000  183.96333  2.66%  58.2 1270s
 395542 281102  184.23530   65  190  189.00000  183.96404  2.66%  58.2 1275s
 396979 282138  184.76841   69  165  189.00000  183.96480  2.66%  58.2 1280s
 398598 283249  184.67373   62  177  189.00000  183.96581  2.66%  58.2 1285s
 400188 284312  184.69456   55  211  189.00000  183.96691  2.66%  58.2 1290s
 401792 285445  184.67625   64  192  189.00000  183.96802  2.66%  58.2 1295s
 403397 286628  184.10804   59  135  189.00000  183.96896  2.66%  58.2 1300s
 405148 287903  187.59652   98   99  189.00000  183.96998  2.66%  58.2 1305s
 406774 289067  184.38587   59  244  189.00000  183.97117  2.66%  58.2 1310s
 408349 290222  186.05331   75  144  189.00000  183.97245  2.66%  58.2 1315s
 410134 291469  184.85108   72  162  189.00000  183.97383  2.66%  58.1 1320s
 411696 292595  185.39021   73  149  189.00000  183.97515  2.66%  58.2 1325s
 413273 293715  185.36482   72  192  189.00000  183.97598  2.66%  58.1 1330s
 414629 294638 infeasible   95       189.00000  183.97668  2.66%  58.1 1335s
 416310 295818  184.76705   63  223  189.00000  183.97768  2.66%  58.1 1340s
 417881 296917  185.36659   67  189  189.00000  183.97882  2.66%  58.1 1345s
 419589 298077  184.20779   57  262  189.00000  183.98000  2.66%  58.1 1350s
 421359 299375  184.14166   64  243  189.00000  183.98096  2.66%  58.1 1355s
 422907 300486  184.97660   59  170  189.00000  183.98158  2.66%  58.1 1360s
 424633 301744  185.02378   60  223  189.00000  183.98210  2.65%  58.1 1365s
 426127 302831  184.43437   62  227  189.00000  183.98331  2.65%  58.1 1370s
 427713 303953  188.00000  107   29  189.00000  183.98412  2.65%  58.1 1375s
 429292 304997  185.12414   65  111  189.00000  183.98476  2.65%  58.1 1380s
 430583 305919  186.76251   73  141  189.00000  183.98550  2.65%  58.1 1385s
 431701 306674  184.36156   54  252  189.00000  183.98621  2.65%  58.1 1390s
 433358 307803  184.23168   60  232  189.00000  183.98728  2.65%  58.1 1395s
 434890 308861  185.39033   74  182  189.00000  183.98787  2.65%  58.1 1400s
 436726 310188  186.06893   80   90  189.00000  183.98862  2.65%  58.0 1405s
 438328 311326  185.01882   61  164  189.00000  183.98961  2.65%  58.0 1410s
 439875 312356  184.53275   67  189  189.00000  183.99019  2.65%  58.1 1415s
 441626 313638  183.99434   58  241  189.00000  183.99171  2.65%  58.0 1420s
 443242 314788  184.14651   60  232  189.00000  183.99293  2.65%  58.0 1425s
 444640 315792  184.78067   67  180  189.00000  183.99359  2.65%  58.1 1430s
 446238 316879  185.05338   61  173  189.00000  183.99436  2.65%  58.1 1435s
 447845 318018     cutoff   81       189.00000  183.99506  2.65%  58.0 1440s
 449294 319057  184.33567   64  198  189.00000  183.99599  2.65%  58.1 1445s
 450950 320196  184.64772   60  204  189.00000  183.99709  2.65%  58.0 1450s
 452654 321434  187.44001   76  105  189.00000  183.99803  2.65%  58.0 1455s
 454199 322455  186.69997   76  129  189.00000  183.99887  2.65%  58.0 1460s
 455768 323516  185.08447   67  204  189.00000  183.99977  2.65%  58.0 1465s
 457547 324857  186.81328   85  127  189.00000  184.00027  2.65%  58.0 1470s
 459018 325872  185.97904   77  131  189.00000  184.00119  2.64%  58.0 1475s
 459818 326405  186.60692   84  137  189.00000  184.00168  2.64%  58.0 1480s
 461478 327549  185.15436   67  208  189.00000  184.00255  2.64%  58.0 1485s
 463140 328707  185.41202   72  173  189.00000  184.00361  2.64%  58.0 1490s
 464600 329713  186.35724   64  145  189.00000  184.00448  2.64%  58.0 1495s
 465551 330386  184.30656   69  221  189.00000  184.00561  2.64%  58.0 1500s
 467152 331511  184.37978   57  215  189.00000  184.00640  2.64%  58.0 1505s
 468936 332787  186.06542   74  137  189.00000  184.00731  2.64%  58.0 1510s
 470418 333852  184.49383   59  233  189.00000  184.00815  2.64%  58.0 1515s
 472051 334991  185.82165   75  150  189.00000  184.00899  2.64%  58.0 1520s
 473799 336237  185.30510   64  230  189.00000  184.00995  2.64%  58.0 1525s
 475501 337444  187.87708   86   80  189.00000  184.01089  2.64%  58.0 1530s
 477058 338529  187.13906   83   99  189.00000  184.01196  2.64%  58.0 1535s
 478591 339598  186.63386   81  129  189.00000  184.01280  2.64%  58.0 1540s
 480185 340686  186.87802   81  105  189.00000  184.01370  2.64%  58.0 1545s
 481905 341923  186.79962   89   84  189.00000  184.01439  2.64%  58.0 1550s
 483382 342958  184.76759   70  167  189.00000  184.01535  2.64%  58.0 1555s
 485054 344139  185.14680   71  181  189.00000  184.01637  2.64%  58.0 1560s
 486735 345283     cutoff   97       189.00000  184.01734  2.64%  58.0 1565s
 488264 346371  184.21947   63  228  189.00000  184.01845  2.64%  58.0 1570s
 489871 347533  184.93716   65  171  189.00000  184.01928  2.64%  58.0 1575s
 491399 348615  184.83446   66  223  189.00000  184.02013  2.63%  58.0 1580s
 492936 349734  186.11994   80  100  189.00000  184.02084  2.63%  58.0 1585s
 494549 350900  184.58737   65  156  189.00000  184.02183  2.63%  58.0 1590s
 495779 351766  184.93019   71  206  189.00000  184.02261  2.63%  58.0 1595s
 497256 352852  184.91354   68  172  189.00000  184.02322  2.63%  58.0 1600s
 498887 354005 infeasible   97       189.00000  184.02402  2.63%  57.9 1605s
 500568 355205  186.50000   85   85  189.00000  184.02433  2.63%  57.9 1610s
 501970 356220     cutoff  107       189.00000  184.02468  2.63%  58.0 1615s
 503506 357225     cutoff  108       189.00000  184.02529  2.63%  58.0 1620s
 505097 358366  184.57630   58  242  189.00000  184.02571  2.63%  58.0 1625s
 506693 359479  184.03365   59  212  189.00000  184.02634  2.63%  58.0 1630s
 508162 360510  187.07837   65  115  189.00000  184.02707  2.63%  58.0 1635s
 509890 361717  187.23402   68  148  189.00000  184.02814  2.63%  58.0 1640s
 511153 362571     cutoff   76       189.00000  184.02870  2.63%  58.0 1645s
 512741 363677  185.36640   68  113  189.00000  184.02933  2.63%  58.0 1650s
 514308 364768  184.12021   64  237  189.00000  184.03008  2.63%  58.0 1655s
 515845 365868  184.31985   64  196  189.00000  184.03089  2.63%  58.0 1660s
 517404 366973  184.87872   63  218  189.00000  184.03156  2.63%  58.0 1665s
 518865 367966  184.28800   60  254  189.00000  184.03222  2.63%  58.0 1670s
 520165 368863  184.57012   58  224  189.00000  184.03295  2.63%  58.0 1676s
 521286 369621  185.18283   72  175  189.00000  184.03332  2.63%  58.0 1680s
 522709 370569  184.29476   60  267  189.00000  184.03401  2.63%  58.0 1685s
 524266 371642     cutoff   97       189.00000  184.03471  2.63%  58.0 1690s
 525597 372593  184.57537   60  186  189.00000  184.03556  2.63%  58.0 1695s
 527098 373675  187.20360   74  137  189.00000  184.03639  2.63%  58.0 1700s
 528610 374679  184.22309   71  240  189.00000  184.03732  2.63%  58.0 1705s
 529869 375530  184.89802   69  204  189.00000  184.03782  2.63%  58.1 1710s
 531203 376454  184.32102   56  234  189.00000  184.03845  2.63%  58.1 1715s
 532619 377399  184.80880   64  185  189.00000  184.03925  2.62%  58.1 1720s
 533993 378377  184.28133   65  228  189.00000  184.03981  2.62%  58.1 1725s
 534344 378608  184.37885   67  199  189.00000  184.03998  2.62%  58.1 1730s
 535777 379655  186.91360   86  116  189.00000  184.04045  2.62%  58.1 1735s
 537260 380653  185.06601   68  139  189.00000  184.04112  2.62%  58.1 1740s
 538816 381710  186.44433   70  113  189.00000  184.04191  2.62%  58.1 1745s
 540410 382788  184.69640   54  209  189.00000  184.04313  2.62%  58.1 1750s
 541988 383897  185.53692   70  170  189.00000  184.04382  2.62%  58.1 1755s
 543410 384888  184.97980   63  221  189.00000  184.04434  2.62%  58.1 1760s
 544875 385930  184.73546   68  203  189.00000  184.04501  2.62%  58.1 1765s
 545877 386657  184.27520   58  235  189.00000  184.04546  2.62%  58.1 1771s
 546951 387393  185.00854   64  221  189.00000  184.04590  2.62%  58.1 1775s
 548458 388399  184.60630   54  253  189.00000  184.04645  2.62%  58.1 1780s
 549977 389449  186.21490   78  132  189.00000  184.04732  2.62%  58.1 1785s
 551524 390539  185.95482   64  220  189.00000  184.04815  2.62%  58.1 1790s
 552926 391524  187.78318   77  101  189.00000  184.04894  2.62%  58.1 1795s
 554246 392430  184.61549   64  231  189.00000  184.04953  2.62%  58.1 1800s
 555728 393443  185.10973   72  144  189.00000  184.05045  2.62%  58.1 1805s
 557213 394461  185.46792   79  150  189.00000  184.05130  2.62%  58.1 1810s
 558602 395435  185.07159   65  137  189.00000  184.05195  2.62%  58.2 1815s
 560083 396480  187.00893   90   79  189.00000  184.05266  2.62%  58.2 1820s
 561537 397503  187.10000   88   68  189.00000  184.05334  2.62%  58.2 1825s
 562999 398541  185.35128   69  151  189.00000  184.05403  2.62%  58.2 1830s
 564513 399574  188.00000  108   30  189.00000  184.05448  2.62%  58.2 1835s
 566008 400595  184.26262   65  227  189.00000  184.05521  2.62%  58.2 1840s
 567544 401665  186.18009   71  158  189.00000  184.05591  2.62%  58.2 1845s
 569136 402844  184.74415   74  139  189.00000  184.05689  2.62%  58.2 1850s
 570298 403630  185.59027   71  162  189.00000  184.05750  2.62%  58.2 1855s
 571881 404748  184.82752   64  205  189.00000  184.05810  2.61%  58.2 1860s
 573417 405820  184.73391   65  223  189.00000  184.05890  2.61%  58.2 1865s
 574905 406904  184.79570   67  206  189.00000  184.05936  2.61%  58.2 1870s
 576540 408028  184.72089   61  234  189.00000  184.05993  2.61%  58.2 1875s
 578004 409075  185.48950   76  152  189.00000  184.06057  2.61%  58.2 1880s
 579602 410209  184.33074   57  220  189.00000  184.06111  2.61%  58.2 1885s
 581031 411191  186.43305   95  111  189.00000  184.06184  2.61%  58.2 1890s
 582545 412282  185.62966   71  157  189.00000  184.06253  2.61%  58.2 1895s
 583939 413239  186.02610   72  174  189.00000  184.06314  2.61%  58.2 1900s
 585496 414374  187.03866   67  162  189.00000  184.06399  2.61%  58.2 1905s
 586847 415308  184.52271   64  251  189.00000  184.06440  2.61%  58.2 1910s
 588248 416277  185.47432   65  172  189.00000  184.06517  2.61%  58.2 1915s
 589658 417308  186.11341   77  123  189.00000  184.06568  2.61%  58.2 1920s
 591214 418404  184.08906   63  251  189.00000  184.06644  2.61%  58.2 1925s
 592599 419356  184.19717   64  186  189.00000  184.06695  2.61%  58.2 1930s
 594001 420359  188.00000   92   61  189.00000  184.06765  2.61%  58.2 1935s
 595312 421277  184.20414   65  240  189.00000  184.06831  2.61%  58.2 1940s
 596396 422010  187.25639   88   98  189.00000  184.06858  2.61%  58.2 1945s
 597742 422950  186.04180   92   83  189.00000  184.06859  2.61%  58.2 1950s
 599106 423887  185.33383   69  178  189.00000  184.06859  2.61%  58.2 1955s
 600518 424841  184.97205   63  242  189.00000  184.06859  2.61%  58.2 1960s
 601892 425804  185.29186   66  136  189.00000  184.06928  2.61%  58.3 1965s
 603237 426749  185.35376   60  178  189.00000  184.06973  2.61%  58.3 1970s
 604321 427479  184.43557   62  210  189.00000  184.06993  2.61%  58.3 1975s
 605702 428476     cutoff   94       189.00000  184.07023  2.61%  58.3 1980s
 607041 429420  184.72393   61  193  189.00000  184.07070  2.61%  58.3 1985s
 608493 430421  184.13706   61  263  189.00000  184.07132  2.61%  58.3 1990s
 610073 431527  184.07291   59  218  189.00000  184.07194  2.61%  58.3 1995s
 611588 432658  186.41868   79  137  189.00000  184.07196  2.61%  58.3 2000s
 612958 433617  184.32603   67  237  189.00000  184.07280  2.61%  58.3 2005s
 614651 434864     cutoff   81       189.00000  184.07297  2.61%  58.3 2010s
 616229 436005  187.30593  107   95  189.00000  184.07346  2.61%  58.3 2015s
 617392 436784  185.07295   60  202  189.00000  184.07385  2.61%  58.3 2020s
 619068 437999  184.17377   60  226  189.00000  184.07414  2.61%  58.3 2025s
 620556 439003  186.34466   78  121  189.00000  184.07447  2.61%  58.3 2030s
 621592 439693  184.74999   66  233  189.00000  184.07501  2.61%  58.3 2036s
 622666 440373  184.08596   58  216  189.00000  184.07511  2.61%  58.3 2040s
 624174 441449  187.37045   89  121  189.00000  184.07539  2.61%  58.3 2045s
 625690 442519  187.16515   85  112  189.00000  184.07578  2.61%  58.3 2050s
 627125 443515  184.35710   58  232  189.00000  184.07624  2.61%  58.3 2055s
 628542 444504  187.57973   81  124  189.00000  184.07674  2.60%  58.3 2060s
 629889 445439  187.25531   76  120  189.00000  184.07726  2.60%  58.3 2065s
 631137 446282  184.99998   71  129  189.00000  184.07786  2.60%  58.3 2070s
 632655 447365  185.12806   68  179  189.00000  184.07847  2.60%  58.3 2075s
 633960 448271  184.41251   66  189  189.00000  184.07884  2.60%  58.3 2080s
 635332 449240  185.99996   65   76  189.00000  184.07926  2.60%  58.3 2085s
 636762 450175  185.01733   61  184  189.00000  184.07976  2.60%  58.3 2090s
 638080 451117  186.12332   73  150  189.00000  184.08019  2.60%  58.4 2095s
 639493 452090  185.46139   58  217  189.00000  184.08078  2.60%  58.4 2100s
 640804 452945  188.00000   86   57  189.00000  184.08127  2.60%  58.4 2105s
 642281 453943  184.61712   63  218  189.00000  184.08191  2.60%  58.4 2110s
 643702 454952  184.17832   63  249  189.00000  184.08240  2.60%  58.4 2115s
 645032 455822  184.27261   66  254  189.00000  184.08277  2.60%  58.4 2120s
 646429 456797  184.71895   65  206  189.00000  184.08324  2.60%  58.4 2125s
 647834 457739  184.32205   60  218  189.00000  184.08375  2.60%  58.4 2130s
 649219 458722  184.13594   61  232  189.00000  184.08445  2.60%  58.4 2135s
 650714 459794  184.31289   65  210  189.00000  184.08489  2.60%  58.4 2140s
 651980 460691  184.29877   56  267  189.00000  184.08539  2.60%  58.4 2145s
 653473 461758  187.84799  101   78  189.00000  184.08567  2.60%  58.4 2150s
 654971 462812  187.01631  112   47  189.00000  184.08619  2.60%  58.4 2155s
 656408 463803  184.23707   60  235  189.00000  184.08672  2.60%  58.4 2160s
 657527 464556  186.32337   74  140  189.00000  184.08720  2.60%  58.4 2165s
 658860 465462  184.64483   53  254  189.00000  184.08778  2.60%  58.5 2170s
 660171 466319  185.27499   67  138  189.00000  184.08812  2.60%  58.5 2175s
 661423 467196  187.16777   84   88  189.00000  184.08867  2.60%  58.5 2180s
 662136 467659  184.89953   66  191  189.00000  184.08890  2.60%  58.5 2185s
 663391 468495  186.69115   83  116  189.00000  184.08928  2.60%  58.5 2190s
 664303 469119  184.57340   72  197  189.00000  184.08963  2.60%  58.5 2195s
 665450 469923  184.25667   57  241  189.00000  184.09018  2.60%  58.5 2200s
 666888 470885  186.07665   81  155  189.00000  184.09082  2.60%  58.5 2205s
 668274 471839  184.59929   59  261  189.00000  184.09152  2.60%  58.5 2210s
 669621 472741  187.25262   87   99  189.00000  184.09224  2.60%  58.5 2215s
 671041 473728  185.34549   75  114  189.00000  184.09266  2.60%  58.6 2220s
 672497 474765  185.26904   74  142  189.00000  184.09335  2.60%  58.6 2225s
 673897 475743  184.88320   77  151  189.00000  184.09382  2.60%  58.6 2230s
 675193 476625  186.14577   76  169  189.00000  184.09424  2.60%  58.6 2235s
 676479 477504  185.24145   77  124  189.00000  184.09460  2.60%  58.6 2240s
 677920 478498  185.13427   70  215  189.00000  184.09498  2.60%  58.6 2245s
 679222 479352  186.81806   91  102  189.00000  184.09533  2.60%  58.6 2250s
 680573 480249  184.49996   61  208  189.00000  184.09571  2.59%  58.6 2256s
 681536 480900  184.42833   70  215  189.00000  184.09615  2.59%  58.6 2260s
 682865 481797  186.07782   78   97  189.00000  184.09660  2.59%  58.6 2265s
 684164 482692  187.77636   94  103  189.00000  184.09680  2.59%  58.7 2270s
 685575 483677  186.01491   71  136  189.00000  184.09723  2.59%  58.7 2275s
 686926 484612  185.53325   76  123  189.00000  184.09760  2.59%  58.7 2280s
 688334 485587  186.08387   78  126  189.00000  184.09805  2.59%  58.7 2285s
 689754 486586  184.38881   57  248  189.00000  184.09852  2.59%  58.7 2290s
 690966 487399  184.53254   64  208  189.00000  184.09874  2.59%  58.7 2295s
 692395 488384  184.50741   56  181  189.00000  184.09937  2.59%  58.7 2300s
 693760 489310  184.84516   70  234  189.00000  184.10010  2.59%  58.7 2305s
 695358 490413  186.54262   75  191  189.00000  184.10047  2.59%  58.7 2310s
 696677 491323  184.73561   69  220  189.00000  184.10116  2.59%  58.7 2315s
 698172 492310  184.35275   77  221  189.00000  184.10168  2.59%  58.7 2320s
 699381 493104  186.47621   85  146  189.00000  184.10196  2.59%  58.7 2325s
 700662 494007  186.21264   86   83  189.00000  184.10240  2.59%  58.7 2330s
 702197 495109  187.17764   73  130  189.00000  184.10292  2.59%  58.7 2335s
 703699 496188  184.47553   60  226  189.00000  184.10322  2.59%  58.7 2340s
 704884 496974  186.78643   75  123  189.00000  184.10353  2.59%  58.7 2345s
 706340 497978  184.22172   60  248  189.00000  184.10385  2.59%  58.8 2350s
 707701 498913  185.42406   72  184  189.00000  184.10420  2.59%  58.8 2355s
 709102 499860     cutoff   95       189.00000  184.10458  2.59%  58.8 2360s
 710290 500682  184.57336   59  217  189.00000  184.10464  2.59%  58.8 2365s
 711651 501655 infeasible  103       189.00000  184.10480  2.59%  58.8 2370s
 712977 502570  185.58386   71  146  189.00000  184.10525  2.59%  58.8 2375s
 714290 503495  185.01479   68  211  189.00000  184.10542  2.59%  58.8 2380s
 715652 504423     cutoff   79       189.00000  184.10574  2.59%  58.9 2385s
 716965 505363  184.13087   67  250  189.00000  184.10606  2.59%  58.9 2390s
 718378 506396  187.99999   91   42  189.00000  184.10627  2.59%  58.9 2395s
 719789 507425  188.00000  107   39  189.00000  184.10645  2.59%  58.9 2400s
 720530 507973  187.00000   86   75  189.00000  184.10645  2.59%  58.9 2405s
 721782 508876     cutoff   99       189.00000  184.10647  2.59%  58.9 2410s
 723015 509758  184.45469   64  204  189.00000  184.10649  2.59%  58.9 2415s
 724355 510690  187.43191   82   99  189.00000  184.10649  2.59%  59.0 2420s
 725662 511604  186.99998   82   83  189.00000  184.10670  2.59%  59.0 2425s
 727116 512597  184.39725   63  235  189.00000  184.10706  2.59%  59.0 2430s
 728463 513539  187.06357   82   74  189.00000  184.10755  2.59%  59.0 2435s
 729786 514447  184.25923   63  164  189.00000  184.10804  2.59%  59.0 2440s
 731249 515482  187.72908   81   79  189.00000  184.10849  2.59%  59.0 2445s
 732587 516389  185.14375   65  136  189.00000  184.10860  2.59%  59.0 2450s
 733801 517282  185.61499   67  157  189.00000  184.10876  2.59%  59.0 2455s
 735162 518273  187.37915   82  132  189.00000  184.10899  2.59%  59.0 2460s
 736611 519309  184.78861   78  190  189.00000  184.10924  2.59%  59.0 2465s
 738005 520347  185.15923   66  139  189.00000  184.10981  2.59%  59.0 2470s
 739515 521328  185.10597   66  175  189.00000  184.11020  2.59%  59.0 2475s
 740866 522273  184.75752   66  208  189.00000  184.11045  2.59%  59.0 2480s
 741605 522747  184.25669   62  187  189.00000  184.11067  2.59%  59.0 2485s
 742971 523691  187.40850  100   79  189.00000  184.11102  2.59%  59.0 2490s
 744406 524696  184.64891   64  216  189.00000  184.11133  2.59%  59.0 2495s
 745812 525747  185.14339   68  199  189.00000  184.11179  2.59%  59.1 2500s
 747244 526739  184.38989   71  236  189.00000  184.11219  2.59%  59.1 2505s
 748495 527606  185.08836   77  146  189.00000  184.11231  2.59%  59.1 2514s
 748547 527639     cutoff   82       189.00000  184.11231  2.59%  59.1 2515s
 749847 528585  187.15118   77   78  189.00000  184.11233  2.59%  59.1 2520s
 751208 529572     cutoff  118       189.00000  184.11241  2.59%  59.1 2525s
 752606 530589  187.99998   97   83  189.00000  184.11243  2.59%  59.1 2530s
 754045 531572  185.13685   69  122  189.00000  184.11245  2.59%  59.1 2535s
 755582 532643  184.13547   62  185  189.00000  184.11245  2.59%  59.1 2540s
 757077 533707  184.65660   64  236  189.00000  184.11257  2.59%  59.1 2545s
 758501 534690  184.33068   60  199  189.00000  184.11278  2.59%  59.1 2550s
 759899 535647  184.21502   61  230  189.00000  184.11310  2.59%  59.1 2555s
 761496 536754  187.11393   83  120  189.00000  184.11352  2.59%  59.1 2560s
 763026 537842  185.15560   64  193  189.00000  184.11376  2.59%  59.1 2565s
 764530 538893  184.78376   58  238  189.00000  184.11383  2.59%  59.1 2570s
 765944 539888  185.33337   68  150  189.00000  184.11395  2.59%  59.1 2575s
 767191 540787  186.35580   70  127  189.00000  184.11404  2.59%  59.1 2580s
 768377 541628  186.09398   73  155  189.00000  184.11406  2.59%  59.1 2585s
 769616 542529  186.00246   89   71  189.00000  184.11408  2.59%  59.1 2590s
 770772 543351  184.31181   67  212  189.00000  184.11413  2.59%  59.2 2595s
 772223 544402  184.49279   58  177  189.00000  184.11425  2.59%  59.2 2600s
 773678 545424     cutoff   91       189.00000  184.11465  2.58%  59.2 2605s
 774955 546264     cutoff   76       189.00000  184.11493  2.58%  59.2 2610s
 775770 546847  185.52432   79  171  189.00000  184.11501  2.58%  59.2 2615s
 777234 547866  184.31596   70  164  189.00000  184.11534  2.58%  59.2 2620s
 778474 548735  184.50438   63  208  189.00000  184.11546  2.58%  59.2 2625s
 779839 549660  185.41288   67  144  189.00000  184.11585  2.58%  59.2 2630s
 781296 550660 infeasible   82       189.00000  184.11615  2.58%  59.2 2635s
 782777 551714  184.68860   72  192  189.00000  184.11655  2.58%  59.2 2640s
 784352 552827  184.18154   60  244  189.00000  184.11695  2.58%  59.2 2645s
 785854 553867  185.95518   69  217  189.00000  184.11724  2.58%  59.2 2650s
 787075 554738  184.68416   63  221  189.00000  184.11749  2.58%  59.2 2655s
 788326 555623  186.06733   64  155  189.00000  184.11779  2.58%  59.2 2660s
 789872 556706  184.47064   70  178  189.00000  184.11832  2.58%  59.2 2665s
 791257 557664  184.11839   59  221  189.00000  184.11839  2.58%  59.2 2670s
 792634 558561  184.72456   65  205  189.00000  184.11839  2.58%  59.2 2675s
 793932 559494  184.61839   56  212  189.00000  184.11839  2.58%  59.2 2680s
 795316 560454  184.23439   61  239  189.00000  184.11873  2.58%  59.2 2685s
 796728 561452  186.99996   82  104  189.00000  184.11914  2.58%  59.2 2690s
 798013 562270  185.25908   67  117  189.00000  184.11939  2.58%  59.2 2695s
 799584 563382  186.28141   72  120  189.00000  184.11970  2.58%  59.2 2700s
 800951 564331  187.04376   75  148  189.00000  184.12012  2.58%  59.2 2705s
 802316 565288  184.40502   60  209  189.00000  184.12035  2.58%  59.3 2710s
 803684 566295  184.36787   66  219  189.00000  184.12064  2.58%  59.2 2715s
 804873 567154  186.40195   79  165  189.00000  184.12103  2.58%  59.2 2720s
 806293 568151  184.22422   62  264  189.00000  184.12137  2.58%  59.2 2725s
 807748 569192  186.75838   70  151  189.00000  184.12176  2.58%  59.2 2730s
 809128 570169  186.91020   84   94  189.00000  184.12208  2.58%  59.3 2735s
 810455 571086  185.96201   79  117  189.00000  184.12235  2.58%  59.3 2740s
 811808 572003  184.40816   68  184  189.00000  184.12285  2.58%  59.3 2745s
 813336 573064  187.00000   81   56  189.00000  184.12320  2.58%  59.3 2750s
 814701 574036  184.95963   66  167  189.00000  184.12346  2.58%  59.3 2755s
 815971 574911  184.23412   61  173  189.00000  184.12379  2.58%  59.3 2760s
 817478 576005  184.82600   72  199  189.00000  184.12418  2.58%  59.3 2765s
 818891 577015  184.55389   54  211  189.00000  184.12459  2.58%  59.3 2770s
 820371 578073  185.02557   68  133  189.00000  184.12489  2.58%  59.3 2775s
 821577 578894     cutoff   87       189.00000  184.12513  2.58%  59.3 2780s
 823005 579801  184.26936   59  131  189.00000  184.12541  2.58%  59.3 2785s
 824500 580858  184.39140   69  178  189.00000  184.12573  2.58%  59.3 2790s
 825830 581762  184.41792   62  192  189.00000  184.12602  2.58%  59.3 2795s
 827262 582801  184.98562   64  189  189.00000  184.12631  2.58%  59.3 2800s
 828729 583835  184.23090   63  222  189.00000  184.12669  2.58%  59.3 2805s
 829975 584695  186.90905   71  134  189.00000  184.12696  2.58%  59.3 2810s
 831356 585677  185.31708   73  162  189.00000  184.12734  2.58%  59.3 2815s
 832404 586393  184.58844   62  250  189.00000  184.12762  2.58%  59.3 2820s
 833709 587271  184.98921   72  222  189.00000  184.12795  2.58%  59.3 2825s
 835165 588266  184.45203   62  247  189.00000  184.12824  2.58%  59.3 2830s
 836296 589041  184.94576   59  215  189.00000  184.12844  2.58%  59.4 2835s
 837544 589899  185.99998   69   85  189.00000  184.12888  2.58%  59.3 2840s
 838806 590740  187.16946   74  144  189.00000  184.12926  2.58%  59.4 2845s
 840111 591642  187.24719   85  117  189.00000  184.12951  2.58%  59.4 2850s
 841489 592551  185.09185   63  234  189.00000  184.13002  2.58%  59.4 2855s
 842936 593562  185.02429   65  196  189.00000  184.13050  2.58%  59.4 2860s
 844378 594573  186.73893  101   98  189.00000  184.13090  2.58%  59.4 2865s
 845847 595597  184.66100   60  162  189.00000  184.13133  2.58%  59.4 2870s
 847002 596404  184.42469   60  189  189.00000  184.13170  2.58%  59.4 2875s
 848381 597420  187.02975   91  147  189.00000  184.13212  2.58%  59.4 2880s
 849783 598416  185.38150   73  189  189.00000  184.13235  2.58%  59.4 2885s
 851255 599406  184.56993   64  214  189.00000  184.13281  2.58%  59.4 2890s
 852732 600445  185.04513   70  169  189.00000  184.13315  2.58%  59.4 2895s
 854328 601577  187.19071   88  137  189.00000  184.13351  2.57%  59.4 2900s
 855808 602616  186.05006   74  169  189.00000  184.13392  2.57%  59.4 2905s
 857300 603641  184.49862   66  182  189.00000  184.13425  2.57%  59.4 2910s
 858639 604597  186.33790   74   85  189.00000  184.13451  2.57%  59.4 2915s
 860024 605533  185.75187   71  167  189.00000  184.13483  2.57%  59.4 2920s
 861285 606391  184.14879   63  258  189.00000  184.13519  2.57%  59.4 2925s
 862760 607471  184.39677   69  196  189.00000  184.13546  2.57%  59.4 2930s
 864206 608446  184.90054   64  175  189.00000  184.13576  2.57%  59.4 2935s
 865728 609498  184.62579   70  217  189.00000  184.13603  2.57%  59.4 2940s
 867164 610518  184.90144   64  196  189.00000  184.13647  2.57%  59.4 2945s
 867936 611051  184.16059   66  208  189.00000  184.13670  2.57%  59.4 2950s
 869426 612116  185.70032   66  206  189.00000  184.13705  2.57%  59.4 2955s
 870795 613069     cutoff  104       189.00000  184.13732  2.57%  59.4 2960s
 872261 614112  184.88610   59  239  189.00000  184.13756  2.57%  59.4 2965s
 873633 615038  184.66240   62  157  189.00000  184.13784  2.57%  59.4 2970s
 875107 616077  184.83021   66  219  189.00000  184.13828  2.57%  59.4 2975s
 876635 617126  184.49434   61  221  189.00000  184.13861  2.57%  59.4 2980s
 878201 618229  185.56082   85  123  189.00000  184.13898  2.57%  59.4 2985s
 879811 619354  184.31229   60  231  189.00000  184.13921  2.57%  59.4 2990s
 881351 620454  184.63722   64  165  189.00000  184.13943  2.57%  59.4 2995s
 882884 621530  184.41694   61  228  189.00000  184.13971  2.57%  59.4 3000s
 884372 622566     cutoff  111       189.00000  184.14008  2.57%  59.4 3005s
 885768 623593  184.22838   65  226  189.00000  184.14044  2.57%  59.4 3010s
 887216 624660  185.09475   71  182  189.00000  184.14074  2.57%  59.4 3015s
 888709 625708  184.78332   70  218  189.00000  184.14119  2.57%  59.4 3020s
 890220 626713  184.96912   65  201  189.00000  184.14146  2.57%  59.4 3025s
 891622 627666  188.00000   82   26  189.00000  184.14185  2.57%  59.4 3030s
 893101 628657  184.60651   69  139  189.00000  184.14209  2.57%  59.4 3035s
 894409 629571  185.31759   83  107  189.00000  184.14230  2.57%  59.4 3040s
 895812 630531  184.71343   63  179  189.00000  184.14254  2.57%  59.4 3045s
 897234 631455  184.17590   64  266  189.00000  184.14286  2.57%  59.4 3050s
 898339 632224  184.99998   70  131  189.00000  184.14320  2.57%  59.4 3055s
 899750 633208  185.58895   66  209  189.00000  184.14350  2.57%  59.4 3060s
 901137 634176  186.65502   80  119  189.00000  184.14393  2.57%  59.4 3065s
 902694 635288  184.38422   53  190  189.00000  184.14432  2.57%  59.4 3070s
 904196 636351  185.35489   62  179  189.00000  184.14468  2.57%  59.4 3075s
 905732 637425  186.22459   70  132  189.00000  184.14493  2.57%  59.4 3080s
 907235 638462  185.18950   71  129  189.00000  184.14533  2.57%  59.4 3085s
 908672 639485  184.47944   63  211  189.00000  184.14563  2.57%  59.4 3090s
 909893 640341  184.27295   63  227  189.00000  184.14584  2.57%  59.4 3095s
 911258 641264  184.49929   65  171  189.00000  184.14614  2.57%  59.4 3100s
 912507 642175  187.26434   81  109  189.00000  184.14638  2.57%  59.4 3105s
 913998 643214  184.98641   70  198  189.00000  184.14680  2.57%  59.4 3110s
 915246 644090  187.11332   96   41  189.00000  184.14698  2.57%  59.4 3115s
 916668 645074  184.42994   67  203  189.00000  184.14734  2.57%  59.4 3120s
 918121 646157  184.88998   69  193  189.00000  184.14765  2.57%  59.4 3125s
 919366 647009  184.76964   73  163  189.00000  184.14791  2.57%  59.4 3130s
 920931 648126  184.58596   63  147  189.00000  184.14821  2.57%  59.4 3135s
 922321 649076  184.94497   68  180  189.00000  184.14859  2.57%  59.4 3140s
 923882 650180  184.24939   60  206  189.00000  184.14896  2.57%  59.4 3145s
 925057 650965  184.79508   62  227  189.00000  184.14917  2.57%  59.4 3150s
 926474 651946  187.30031   98   90  189.00000  184.14943  2.57%  59.4 3155s
 928036 653048  185.94733   80  111  189.00000  184.14981  2.57%  59.4 3160s
 929427 653989  186.50128   82  136  189.00000  184.15010  2.57%  59.4 3165s
 930618 654809  185.48380   64  194  189.00000  184.15027  2.57%  59.4 3170s
 932073 655727  184.39228   60  223  189.00000  184.15051  2.57%  59.4 3175s
 933587 656779  185.16331   65  209  189.00000  184.15094  2.57%  59.4 3180s
 934593 657487  185.07157   70  146  189.00000  184.15114  2.57%  59.4 3185s
 935994 658473  186.65296   70  184  189.00000  184.15142  2.57%  59.4 3191s
 936987 659130  187.27066   79  119  189.00000  184.15160  2.57%  59.4 3195s
 938347 660090  184.63307   67  191  189.00000  184.15190  2.57%  59.4 3202s
 939162 660675  187.23608   71  147  189.00000  184.15204  2.57%  59.4 3205s
 940619 661638  184.96128   68  159  189.00000  184.15231  2.56%  59.4 3210s
 942071 662645  184.47154   60  233  189.00000  184.15259  2.56%  59.4 3215s
 943404 663580  185.20386   65  212  189.00000  184.15289  2.56%  59.4 3220s
 944711 664486  184.66114   61  227  189.00000  184.15326  2.56%  59.4 3225s
 946216 665563  185.50015   62  142  189.00000  184.15344  2.56%  59.4 3230s
 947858 666727  187.93447   85  123  189.00000  184.15379  2.56%  59.4 3235s
 949339 667778  187.15792   89  128  189.00000  184.15415  2.56%  59.4 3240s
 950674 668701  184.49482   57  195  189.00000  184.15443  2.56%  59.4 3245s
 952068 669689  185.43045   56  204  189.00000  184.15468  2.56%  59.4 3250s
 953502 670665  186.16109   61  160  189.00000  184.15485  2.56%  59.4 3255s
 955090 671811  188.00000   97   46  189.00000  184.15509  2.56%  59.4 3260s
 956655 672874  185.18237   65  213  189.00000  184.15547  2.56%  59.4 3265s
 958191 673943  184.64503   66  196  189.00000  184.15580  2.56%  59.4 3270s
 959649 674970  184.65753   61  252  189.00000  184.15603  2.56%  59.4 3276s
 960540 675548  185.14004   80  155  189.00000  184.15621  2.56%  59.4 3280s
 961876 676455  187.12891   86   92  189.00000  184.15653  2.56%  59.4 3285s
 963147 677300  184.43479   67  217  189.00000  184.15684  2.56%  59.4 3290s
 964562 678253  186.48984   94  111  189.00000  184.15713  2.56%  59.4 3295s
 965897 679198  185.50773   72  174  189.00000  184.15740  2.56%  59.4 3300s
 967308 680172  184.18537   61  220  189.00000  184.15771  2.56%  59.4 3305s
 968818 681275  184.30188   60  193  189.00000  184.15801  2.56%  59.4 3310s
 970158 682220  186.14600   71  164  189.00000  184.15828  2.56%  59.4 3315s
 971702 683307  184.77662   67  192  189.00000  184.15865  2.56%  59.4 3320s
 973239 684378  187.23715   74   99  189.00000  184.15901  2.56%  59.4 3325s
 974775 685444  187.76805   79  119  189.00000  184.15935  2.56%  59.4 3330s
 976252 686513  185.55894   60  177  189.00000  184.15962  2.56%  59.4 3335s
 977828 687608  187.97293   80  114  189.00000  184.15997  2.56%  59.4 3340s
 979349 688679     cutoff  101       189.00000  184.16024  2.56%  59.4 3345s
 980820 689663  184.86999   68  219  189.00000  184.16053  2.56%  59.4 3350s
 982281 690688  184.76720   61  207  189.00000  184.16081  2.56%  59.4 3355s
 983661 691652  187.28239   86   98  189.00000  184.16106  2.56%  59.4 3360s
 985087 692661  186.60064   90  109  189.00000  184.16129  2.56%  59.4 3365s
 986603 693729  185.24189   64  163  189.00000  184.16165  2.56%  59.4 3370s
 987328 694221  185.17011   69  216  189.00000  184.16179  2.56%  59.4 3375s
 988684 695123  184.86219   62  223  189.00000  184.16207  2.56%  59.4 3380s
 989908 695973  184.63258   65  226  189.00000  184.16229  2.56%  59.4 3385s
 991335 696958  185.02825   72  202  189.00000  184.16265  2.56%  59.4 3390s
 992757 697983  184.16575   58  215  189.00000  184.16282  2.56%  59.4 3395s
 994151 698922  186.04153   81  170  189.00000  184.16309  2.56%  59.4 3400s
 995650 699973  184.59961   72  177  189.00000  184.16339  2.56%  59.4 3405s
 997140 700958  185.31399   69  180  189.00000  184.16352  2.56%  59.4 3410s
 998519 701930  187.99998   90   94  189.00000  184.16373  2.56%  59.4 3415s
 999903 702902  184.27574   58  264  189.00000  184.16399  2.56%  59.4 3420s
 1001514 704029  186.04996   80  147  189.00000  184.16428  2.56%  59.4 3425s
 1002830 704936  185.84269   80  183  189.00000  184.16448  2.56%  59.4 3430s
 1003868 705654  185.04325   61  227  189.00000  184.16473  2.56%  59.4 3435s
 1005213 706585  185.11833   68  218  189.00000  184.16501  2.56%  59.5 3440s
 1006706 707585  184.49411   68  196  189.00000  184.16539  2.56%  59.5 3445s
 1008092 708552  184.40950   74  167  189.00000  184.16572  2.56%  59.5 3450s
 1009571 709554  184.94472   59  204  189.00000  184.16607  2.56%  59.5 3455s
 1011072 710589  184.67474   62  157  189.00000  184.16629  2.56%  59.5 3460s
 1012238 711363  184.83837   63  197  189.00000  184.16661  2.56%  59.4 3465s
 1013667 712365  185.01188   67  198  189.00000  184.16698  2.56%  59.5 3470s
 1015250 713463  185.83464   66  159  189.00000  184.16722  2.56%  59.4 3475s
 1016696 714442     cutoff   83       189.00000  184.16750  2.56%  59.4 3480s
 1017807 715221  184.24224   61  243  189.00000  184.16775  2.56%  59.5 3485s
 1019317 716284  185.92920   92  108  189.00000  184.16807  2.56%  59.4 3490s
 1020877 717335  185.24148   75  172  189.00000  184.16833  2.56%  59.4 3495s
 1022219 718302  184.16861   67  216  189.00000  184.16861  2.56%  59.4 3500s
 1023897 719496  186.04372   86   94  189.00000  184.16880  2.56%  59.4 3505s
 1025404 720528  185.48307   68  213  189.00000  184.16914  2.56%  59.4 3510s
 1025901 720851  185.03333   80   96  189.00000  184.16920  2.56%  59.4 3515s
 1027262 721732  184.37803   60  245  189.00000  184.16952  2.56%  59.4 3520s
 1028591 722679  187.99998   72  100  189.00000  184.16981  2.56%  59.4 3525s
 1030032 723709  187.99998  107   59  189.00000  184.17003  2.56%  59.4 3530s
 1031666 724869  187.54834   92  116  189.00000  184.17042  2.56%  59.4 3535s
 1033088 725838  184.48542   69  194  189.00000  184.17079  2.56%  59.4 3540s
 1033742 726283  184.99998   73  179  189.00000  184.17092  2.56%  59.4 3547s
 1034516 726795  186.54897   75   98  189.00000  184.17100  2.56%  59.4 3550s
 1035904 727717  185.10449   72  140  189.00000  184.17130  2.55%  59.4 3555s
 1037383 728766  187.53317   85  102  189.00000  184.17159  2.55%  59.4 3560s
 1038760 729714  184.67022   67  204  189.00000  184.17185  2.55%  59.4 3565s
 1040095 730614  184.23936   59  208  189.00000  184.17210  2.55%  59.4 3570s
 1041567 731586     cutoff   91       189.00000  184.17239  2.55%  59.4 3575s
 1043141 732643  187.84094   86  132  189.00000  184.17268  2.55%  59.4 3580s
 1044600 733628  188.00000   92   55  189.00000  184.17293  2.55%  59.4 3585s
 1045859 734454  184.53009   67  235  189.00000  184.17318  2.55%  59.4 3590s
 1047155 735352  187.00000   90   56  189.00000  184.17343  2.55%  59.4 3595s

Cutting planes:
  Learned: 1
  Gomory: 75
  Cover: 144
  Implied bound: 81
  MIR: 1222
  Mixing: 89
  StrongCG: 45
  Flow cover: 1454
  GUB cover: 8
  Inf proof: 86
  Zero half: 25
  RLT: 42
  Relax-and-lift: 62
  BQP: 4

Explored 1048588 nodes (62322179 simplex iterations) in 3599.94 seconds (2971.94 work units)
Thread count was 1 (of 16 available processors)

Solution count 10: 189 189 190 ... 197

Time limit reached
Best objective 1.890000000000e+02, best bound 1.850000000000e+02, gap 2.1164%

User-callback calls 3201767, time in user-callback 3.13 sec

 sepatime0
Stat(MathOptInterface.TIME_LIMIT, 189.0, 185.0, 0.021164021164021163, 0.0, 0.060988, 3599.940997838974, 1048588, Main.CFLG.LEFPV2, "", #undef)
