Data path: /scratch/opt/lxu/CFLG/benchmarks/Kgroup_A
Instance: K100.4.con.red
Result path: /scratch/opt/lxu/CFLG/results/Kgroup_A
Solver: Gurobi
Time limit: 3600
Formulation: LEFPD
Cover: Small
julia --project=. src/main.jl /scratch/opt/lxu/CFLG/benchmarks/Kgroup_A K100.4.con.red /scratch/opt/lxu/CFLG/results/Kgroup_A Gurobi 3600 LEFPD Small
The latest version of Julia in the `release` channel is 1.11.5+0.x64.linux.gnu. You currently have `1.11.4+0.x64.linux.gnu` installed. Run:

  juliaup update

in your terminal shell to install Julia 1.11.5+0.x64.linux.gnu and update the `release` channel to that version.
/scratch/opt/lxu/CFLG/benchmarks/Kgroup_A Gurobi 3600.0 /scratch/opt/lxu/CFLG/results/Kgroup_A K100.4.con.red LEFPD Small
/scratch/opt/lxu/CFLG/benchmarks/Kgroup_A/K100.4.con.red

 read graph
data loaded


after absorb:29 29

max_piece:14
problem_graph/original graph: node: 45/29 edge: 129/113 dlt: 0.07656427576270303 break_avg_len: 0.2682717259282308 break_max_len: 1.0elapsed CPU time: 0.04485 seconds
Set parameter TokenServer to value "solice01.zib.de"
Set parameter Threads to value 1
Set parameter OutputFlag to value 1
Set parameter MIPGap to value 0.0001
Set parameter MIPGapAbs to value 1
Set parameter TimeLimit to value 3599.95515

 more cuts:false
formulation:LEFPD94 35 16

 model loaded

Gurobi Optimizer version 12.0.1 build v12.0.1rc0 (linux64 - "Debian GNU/Linux 12 (bookworm)")

CPU model: Intel(R) Xeon(R) Gold 5222 CPU @ 3.80GHz, instruction set [SSE2|AVX|AVX2|AVX512]
Thread count: 8 physical cores, 16 logical processors, using up to 1 threads

Non-default parameters:
TimeLimit  3599.95515
MIPGapAbs  1
Threads  1

Optimize a model with 3868 rows, 2357 columns and 9550 nonzeros
Model fingerprint: 0x9356c5aa
Variable types: 1196 continuous, 1161 integer (973 binary)
Coefficient statistics:
  Matrix range     [8e-08, 1e+00]
  Objective range  [1e+00, 1e+00]
  Bounds range     [1e-04, 1e+00]
  RHS range        [1e-04, 6e+00]
Presolve removed 1985 rows and 300 columns
Presolve time: 0.03s
Presolved: 1883 rows, 2057 columns, 7545 nonzeros
Variable types: 1087 continuous, 970 integer (928 binary)
Found heuristic solution: objective 281.0000000
Found heuristic solution: objective 257.0000000

Root relaxation: objective 1.710784e+02, 1037 iterations, 0.01 seconds (0.01 work units)

    Nodes    |    Current Node    |     Objective Bounds      |     Work
 Expl Unexpl |  Obj  Depth IntInf | Incumbent    BestBd   Gap | It/Node Time

     0     0  171.07838    0   76  257.00000  171.07838  33.4%     -    0s
     0     0  174.18650    0  164  257.00000  174.18650  32.2%     -    0s
H    0     0                     233.0000000  174.24538  25.2%     -    0s
     0     0  174.61700    0  172  233.00000  174.61700  25.1%     -    0s
     0     0  174.66672    0  169  233.00000  174.66672  25.0%     -    0s
     0     0  174.66672    0  169  233.00000  174.66672  25.0%     -    0s
     0     0  177.75486    0  241  233.00000  177.75486  23.7%     -    0s
     0     0  177.82464    0  235  233.00000  177.82464  23.7%     -    0s
     0     0  177.83580    0  237  233.00000  177.83580  23.7%     -    0s
     0     0  177.83701    0  239  233.00000  177.83701  23.7%     -    0s
     0     0  179.54164    0  279  233.00000  179.54164  22.9%     -    0s
H    0     0                     223.0000000  179.54965  19.5%     -    0s
     0     0  179.62245    0  280  223.00000  179.62245  19.5%     -    0s
     0     0  179.63134    0  290  223.00000  179.63134  19.4%     -    0s
     0     0  179.63906    0  288  223.00000  179.63906  19.4%     -    0s
     0     0  180.08815    0  292  223.00000  180.08815  19.2%     -    0s
     0     0  180.12985    0  291  223.00000  180.12985  19.2%     -    0s
     0     0  180.13452    0  299  223.00000  180.13452  19.2%     -    0s
     0     0  180.23541    0  304  223.00000  180.23541  19.2%     -    0s
     0     0  180.28552    0  309  223.00000  180.28552  19.2%     -    0s
     0     0  180.29919    0  306  223.00000  180.29919  19.1%     -    0s
     0     0  180.29963    0  307  223.00000  180.29963  19.1%     -    0s
     0     0  180.35981    0  306  223.00000  180.35981  19.1%     -    0s
     0     0  180.37300    0  317  223.00000  180.37300  19.1%     -    0s
     0     0  180.37672    0  313  223.00000  180.37672  19.1%     -    0s
     0     0  180.44165    0  316  223.00000  180.44165  19.1%     -    0s
H    0     0                     218.0000000  180.45189  17.2%     -    0s
     0     0  180.45189    0  319  218.00000  180.45189  17.2%     -    0s
     0     0  180.45708    0  316  218.00000  180.45708  17.2%     -    0s
     0     0  180.45968    0  323  218.00000  180.45968  17.2%     -    0s
     0     0  180.51419    0  323  218.00000  180.51419  17.2%     -    0s
     0     0  180.51872    0  324  218.00000  180.51872  17.2%     -    0s
     0     0  180.54887    0  317  218.00000  180.54887  17.2%     -    0s
     0     0  180.55486    0  304  218.00000  180.55486  17.2%     -    0s
H    0     0                     217.0000000  180.61871  16.8%     -    0s
H    0     0                     215.0000000  180.61871  16.0%     -    0s
H    0     0                     214.0000000  180.61871  15.6%     -    0s
H    0     0                     213.0000000  180.61871  15.2%     -    0s
     0     2  180.61871    0  300  213.00000  180.61871  15.2%     -    0s
H  104   104                     212.0000000  180.70415  14.8%  33.4    1s
H  108   108                     205.0000000  180.70415  11.9%  33.5    1s
H  162   162                     204.0000000  180.70415  11.4%  28.1    1s
H  216   212                     203.0000000  180.70415  11.0%  23.4    1s
H  216   212                     202.0000000  180.70415  10.5%  23.4    1s
H  234   227                     201.0000000  180.70415  10.1%  22.2    1s
H  234   227                     200.0000000  180.70415  9.65%  22.2    1s
H  243   236                     197.0000000  180.70415  8.27%  21.9    1s
H  243   236                     196.0000000  180.70415  7.80%  21.9    1s
H  324   306                     195.0000000  180.73870  7.31%  28.2    1s
H  351   311                     194.0000000  180.73870  6.84%  27.7    1s
H  513   440                     193.0000000  180.75602  6.34%  27.2    2s
   584   495  183.12139   20  313  193.00000  183.12139  5.12%  24.1    5s
   674   555  184.70605   38  370  193.00000  184.51762  4.40%  20.9   10s
   753   609  186.29283   70  359  193.00000  184.97114  4.16%  55.9   15s
   974   754  191.73916  127   17  193.00000  185.03039  4.13%  72.8   20s
  1496  1057  188.82240   99   50  193.00000  185.09812  4.09%  67.3   25s
  2117  1394  185.99178   39  178  193.00000  185.12584  4.08%  65.3   30s
  2991  1999  185.82813   34  274  193.00000  185.19618  4.04%  58.8   35s
  3801  2709  185.90534   31  259  193.00000  185.23377  4.02%  56.5   40s
  4509  3303  185.51463   37  322  193.00000  185.25332  4.01%  56.3   45s
  5052  3737  186.91692   58  210  193.00000  185.26125  4.01%  57.2   50s
H 5189  3540                     192.0000000  185.26405  3.51%  57.0   52s
  5360  3686  189.84316   93   62  192.00000  185.27048  3.50%  56.8   55s
  5941  4147  188.06000   67  119  192.00000  185.29499  3.49%  57.8   60s
  6720  4803  186.49068   43  257  192.00000  185.31567  3.48%  57.6   65s
  7493  5415  185.68928   45  260  192.00000  185.33127  3.47%  57.8   70s
  8181  5989  187.38567   47  197  192.00000  185.36114  3.46%  58.2   75s
  8950  6596  185.57114   33  298  192.00000  185.36669  3.45%  58.7   80s
  9617  7163  186.63804   60  186  192.00000  185.37812  3.45%  58.8   85s
 10203  7640  188.36942   69  304  192.00000  185.38205  3.45%  58.8  105s
 10258  7677  189.41702   85  355  192.00000  185.47056  3.40%  58.5  110s
 10291  7699  187.62156   60  363  192.00000  185.48288  3.39%  58.3  115s
 10454  7792  186.63688   51  225  192.00000  185.58357  3.34%  60.5  120s
H10806  7550                     191.0000000  185.59918  2.83%  60.5  124s
 10818  7552  187.42669   48  243  191.00000  185.59963  2.83%  60.7  125s
 11107  7667  186.05986   46  333  191.00000  185.64251  2.80%  61.9  130s
 11456  7842  187.26419   47  229  191.00000  185.70105  2.77%  63.2  135s
 11978  8120  189.01777   55  113  191.00000  185.72939  2.76%  64.1  140s
 12488  8356  186.85753   55  197  191.00000  185.80020  2.72%  65.1  145s
 13064  8636  186.80112   54  220  191.00000  185.87883  2.68%  65.5  150s
 13608  8891  186.71910   62  248  191.00000  185.91812  2.66%  66.4  155s
 14059  9063  186.69523   48  247  191.00000  185.95180  2.64%  67.1  160s
 14567  9270  186.25935   50  326  191.00000  185.98487  2.63%  67.8  165s
 15069  9503  186.09925   42  319  191.00000  186.01461  2.61%  68.7  170s
 15552  9729  187.99380   56  215  191.00000  186.02490  2.60%  69.6  175s
 16188 10001  186.63605   48  244  191.00000  186.05434  2.59%  70.1  180s
 16816 10293  186.77087   42  358  191.00000  186.06873  2.58%  70.4  185s
 17295 10510  189.31253   90   98  191.00000  186.07763  2.58%  71.1  190s
 17811 10730  186.81414   58  244  191.00000  186.09441  2.57%  71.6  195s
 18359 10952  186.89480   51  228  191.00000  186.10254  2.56%  72.1  200s
 18868 11153  187.88224   68  221  191.00000  186.11431  2.56%  73.0  205s
 19484 11416  186.46445   48  311  191.00000  186.13454  2.55%  73.5  210s
 20012 11651  186.59114   47  299  191.00000  186.14732  2.54%  73.9  215s
 20487 11874  186.77089   43  347  191.00000  186.15237  2.54%  74.5  220s
 21029 12107  186.75036   50  248  191.00000  186.16532  2.53%  74.8  225s
 21581 12371  188.01917   70  174  191.00000  186.17337  2.53%  75.3  230s
 22142 12606  186.90257   50  255  191.00000  186.18533  2.52%  75.8  235s
 22687 12843  188.91264   69  193  191.00000  186.18973  2.52%  76.5  240s
 23195 13041  187.37640   60  234  191.00000  186.19489  2.52%  76.9  245s
 23757 13275  186.52587   42  333  191.00000  186.20391  2.51%  77.2  250s
 24423 13536  186.40763   48  254  191.00000  186.21371  2.51%  77.2  255s
 25000 13810  188.06198   58  232  191.00000  186.21865  2.50%  77.5  260s
 25543 13996  187.30785   60  260  191.00000  186.22355  2.50%  77.8  265s
 26080 14241  186.62918   45  274  191.00000  186.23055  2.50%  78.1  270s
 26752 14532  187.38295   66  205  191.00000  186.23953  2.49%  78.3  275s
 27337 14775  186.67983   46  322  191.00000  186.24453  2.49%  78.6  280s
 27875 15002  186.92209   49  299  191.00000  186.24914  2.49%  79.2  285s
 28492 15290  189.06097   73  133  191.00000  186.25427  2.48%  79.4  290s
 29079 15523  186.51212   45  361  191.00000  186.25934  2.48%  79.6  295s
 29606 15736  186.40701   44  339  191.00000  186.26278  2.48%  80.0  300s
 30093 15941  188.98175   67  198  191.00000  186.26953  2.48%  80.4  305s
 30725 16216  188.08746   68  162  191.00000  186.27565  2.47%  80.5  310s
 31303 16466  189.15703   89   96  191.00000  186.28431  2.47%  80.8  315s
 31850 16667  186.66114   47  325  191.00000  186.29052  2.47%  81.2  320s
 32343 16936  188.69333   78  127  191.00000  186.29497  2.46%  81.5  325s
 32907 17361  187.47826   57  271  191.00000  186.30002  2.46%  81.8  330s
 33399 17723  187.40342   56  230  191.00000  186.30773  2.46%  82.0  335s
 33934 18150  187.32000   50  176  191.00000  186.31385  2.45%  82.3  340s
 34524 18580  188.24267   68  152  191.00000  186.32048  2.45%  82.5  345s
 35042 18987  187.30184   56  239  191.00000  186.32740  2.45%  82.8  350s
 35575 19379  189.50303   75  119  191.00000  186.33106  2.44%  83.1  355s
 36169 19825  188.79607   72  174  191.00000  186.33418  2.44%  83.2  360s
 36741 20238  186.55736   49  327  191.00000  186.34178  2.44%  83.5  365s
 37224 20585  188.20183   66  180  191.00000  186.34437  2.44%  83.9  370s
 37774 20963  187.14627   49  260  191.00000  186.34858  2.44%  84.2  375s
 38305 21381  189.22236   60  177  191.00000  186.35035  2.43%  84.4  380s
 38874 21814  188.32024   53  243  191.00000  186.35505  2.43%  84.6  385s
 39455 22235  186.71377   49  324  191.00000  186.35885  2.43%  84.7  390s
 39982 22631  187.84070   54  201  191.00000  186.36234  2.43%  84.9  395s
 40528 23026  188.68253   64  190  191.00000  186.36736  2.43%  85.1  400s
 41085 23419  187.49807   51  245  191.00000  186.37208  2.42%  85.3  405s
 41695 23864  186.72509   53  268  191.00000  186.37451  2.42%  85.4  410s
 42241 24264  187.65871   57  222  191.00000  186.37867  2.42%  85.3  417s
 42518 24476  187.32543   58  179  191.00000  186.38097  2.42%  85.3  420s
 43108 24922     cutoff   80       191.00000  186.38364  2.42%  85.3  425s
 43768 25432  188.35583   59  155  191.00000  186.38882  2.41%  85.3  430s
 44372 25845  187.24108   45  241  191.00000  186.39306  2.41%  85.4  435s
 44938 26271  189.75558   86  130  191.00000  186.39597  2.41%  85.5  440s
 45472 26629  187.74467   49  228  191.00000  186.39916  2.41%  85.8  445s
 45986 27022  187.45629   59  163  191.00000  186.40163  2.41%  86.0  450s
 46617 27441  187.09352   50  267  191.00000  186.40531  2.41%  86.0  455s
 47232 27866  186.94564   58  253  191.00000  186.41150  2.40%  86.1  460s
 47856 28330  186.70656   46  270  191.00000  186.41529  2.40%  86.1  465s
 48403 28734  188.14188   59  194  191.00000  186.41864  2.40%  86.3  470s
 48969 29154  186.96632   48  247  191.00000  186.42155  2.40%  86.3  475s
 49524 29553  188.27782   57  240  191.00000  186.42644  2.39%  86.5  480s
 50098 29996  188.15233   68  182  191.00000  186.42842  2.39%  86.7  485s
 50642 30396  187.48361   67  167  191.00000  186.43292  2.39%  86.8  490s
 51202 30783  187.52728   61  221  191.00000  186.43651  2.39%  86.9  495s
 51776 31181  189.85650   98   97  191.00000  186.43995  2.39%  87.0  500s
 52310 31587  187.94475   56  182  191.00000  186.44412  2.39%  87.1  505s
 52921 32034  189.33935   58  148  191.00000  186.44747  2.38%  87.2  510s
 53574 32534  188.25402   64  119  191.00000  186.45124  2.38%  87.1  515s
 54178 33000  188.27351   78  137  191.00000  186.45549  2.38%  87.1  520s
 54750 33436  188.98937   77  108  191.00000  186.45902  2.38%  87.2  525s
 55276 33789  187.12423   53  270  191.00000  186.46192  2.38%  87.3  530s
 55870 34216  187.40742   56  209  191.00000  186.46506  2.37%  87.4  535s
 56507 34682  186.58192   48  339  191.00000  186.46834  2.37%  87.4  540s
 57177 35158  186.94532   56  228  191.00000  186.47118  2.37%  87.4  545s
 57705 35552  187.22487   51  313  191.00000  186.47407  2.37%  87.6  550s
 58289 35980  187.73471   46  324  191.00000  186.47649  2.37%  87.6  555s
 58799 36357  186.58537   48  342  191.00000  186.47924  2.37%  87.8  560s
 59435 36842  189.35104   82  159  191.00000  186.48109  2.37%  87.7  565s
 60002 37232  187.28471   53  206  191.00000  186.48605  2.36%  87.8  570s
 60498 37611  188.94422   68  140  191.00000  186.48793  2.36%  88.0  575s
 61085 38043  187.70321   52  247  191.00000  186.49077  2.36%  88.1  580s
 61715 38518  188.99041   65  106  191.00000  186.49357  2.36%  88.1  585s
 62385 38962  186.87490   48  298  191.00000  186.49617  2.36%  88.0  590s
 62999 39405  187.15806   53  278  191.00000  186.49941  2.36%  88.0  595s
 63571 39838  189.08694   58  266  191.00000  186.50116  2.36%  88.1  600s
 64212 40260  187.13092   42  333  191.00000  186.50452  2.35%  88.1  605s
 64789 40701  188.95344   62  170  191.00000  186.50671  2.35%  88.1  610s
 65398 41161  187.96908   53  252  191.00000  186.50867  2.35%  88.2  615s
 65962 41593     cutoff   86       191.00000  186.51095  2.35%  88.3  620s
 66506 41975  186.86114   53  298  191.00000  186.51529  2.35%  88.4  625s
 67097 42427  187.45506   58  242  191.00000  186.51796  2.35%  88.4  630s
 67735 42881  186.94890   48  293  191.00000  186.52119  2.34%  88.4  635s
 68238 43265  187.40483   60  242  191.00000  186.52330  2.34%  88.5  640s
 68858 43710  189.44685   74  118  191.00000  186.52487  2.34%  88.5  645s
 69505 44115  187.27125   54  297  191.00000  186.52662  2.34%  88.5  650s
 70106 44566  188.41170   63  168  191.00000  186.52875  2.34%  88.6  655s
 70757 45028  187.19197   51  268  191.00000  186.53020  2.34%  88.5  660s
 71351 45474  187.07125   55  286  191.00000  186.53297  2.34%  88.5  667s
 71586 45654  187.44500   58  264  191.00000  186.53360  2.34%  88.6  670s
 72186 46101  187.24981   52  261  191.00000  186.53576  2.34%  88.6  675s
 72815 46549  187.46054   52  273  191.00000  186.53813  2.34%  88.7  680s
 73394 46963  187.87530   59  219  191.00000  186.54056  2.33%  88.8  685s
 73979 47386  187.04398   50  319  191.00000  186.54378  2.33%  88.8  690s
 74548 47812  186.80117   50  296  191.00000  186.54569  2.33%  88.9  695s
 75117 48231  188.30534   71  224  191.00000  186.54748  2.33%  89.0  700s
 75699 48671  186.88473   51  290  191.00000  186.54931  2.33%  89.0  705s
 76329 49119  187.58444   54  235  191.00000  186.55191  2.33%  89.0  710s
 76987 49595  187.29494   59  293  191.00000  186.55460  2.33%  89.0  715s
 77564 49978  187.85015   62  203  191.00000  186.55661  2.33%  89.1  720s
 78169 50406  187.53933   57  186  191.00000  186.55829  2.33%  89.1  725s
 78764 50816  187.00434   54  329  191.00000  186.56049  2.32%  89.2  730s
 79334 51245  187.66971   62  195  191.00000  186.56339  2.32%  89.2  735s
 79999 51725  188.72413   71  106  191.00000  186.56580  2.32%  89.2  740s
 80666 52208  186.72965   48  270  191.00000  186.56789  2.32%  89.2  745s
 81252 52602  186.96359   52  278  191.00000  186.56935  2.32%  89.2  750s
 81879 53062  186.84429   47  333  191.00000  186.57085  2.32%  89.2  755s
 82408 53453  187.44235   55  255  191.00000  186.57317  2.32%  89.3  760s
 83148 54005  186.86910   47  275  191.00000  186.57590  2.32%  89.2  765s
 83526 54282  188.68937   60  237  191.00000  186.57730  2.32%  89.3  770s
 84210 54765  187.79522   52  228  191.00000  186.57877  2.31%  89.3  775s
 84892 55252  186.96816   45  298  191.00000  186.58087  2.31%  89.2  780s
 85553 55735  189.22690   69  151  191.00000  186.58235  2.31%  89.2  785s
 86216 56193  189.07820   64  156  191.00000  186.58435  2.31%  89.2  790s
 86859 56627  187.27719   53  254  191.00000  186.58624  2.31%  89.2  795s
 87498 57093  187.07713   56  234  191.00000  186.58868  2.31%  89.2  800s
 88157 57556  187.79670   64  196  191.00000  186.59086  2.31%  89.2  805s
 88739 57982  187.30385   47  223  191.00000  186.59295  2.31%  89.3  810s
 89303 58408  188.27973   68  168  191.00000  186.59464  2.31%  89.4  815s
 89898 58806  187.12179   51  284  191.00000  186.59567  2.31%  89.4  820s
 90514 59265  187.33679   52  227  191.00000  186.59722  2.31%  89.4  825s
 91071 59667  189.32876   70  123  191.00000  186.59905  2.30%  89.5  830s
 91761 60133  189.39217   67  141  191.00000  186.60031  2.30%  89.5  835s
 92372 60574  189.61061   69  218  191.00000  186.60276  2.30%  89.5  840s
 93014 61024  189.19227   73  216  191.00000  186.60509  2.30%  89.5  845s
 93608 61450  189.36623   76  154  191.00000  186.60711  2.30%  89.6  850s
 94262 61943  188.13739   62  191  191.00000  186.60864  2.30%  89.6  855s
 94869 62352  187.96721   61  229  191.00000  186.61028  2.30%  89.6  860s
 95196 62572  187.06420   57  237  191.00000  186.61141  2.30%  89.7  865s
 95750 62909  187.72950   52  248  191.00000  186.61308  2.30%  89.7  870s
 96403 63357  187.31624   55  246  191.00000  186.61520  2.30%  89.7  875s
 97066 63833  189.69192   67  120  191.00000  186.61738  2.29%  89.7  880s
 97689 64278  189.65937   66  155  191.00000  186.61864  2.29%  89.7  885s
 98228 64652  188.77440   66  223  191.00000  186.61993  2.29%  89.8  890s
 98827 65090  188.27680   71  227  191.00000  186.62204  2.29%  89.8  895s
 99474 65563  187.04703   49  334  191.00000  186.62390  2.29%  89.8  900s
 100047 65961  189.22526   61  229  191.00000  186.62530  2.29%  89.9  905s
 100696 66396  187.20633   47  292  191.00000  186.62670  2.29%  89.9  910s
 101263 66822  186.85184   43  332  191.00000  186.62838  2.29%  90.0  915s
 101881 67237  186.96881   49  307  191.00000  186.62979  2.29%  90.0  920s
 102409 67605  187.38183   47  307  191.00000  186.63248  2.29%  90.0  925s
 103031 68029  186.93060   49  306  191.00000  186.63442  2.29%  90.1  930s
 103518 68387  187.80774   57  234  191.00000  186.63543  2.29%  90.2  935s
 104139 68829  187.99342   57  247  191.00000  186.63674  2.28%  90.2  940s
 104752 69261  188.55159   58  193  191.00000  186.63821  2.28%  90.2  945s
 105345 69678  187.25613   46  351  191.00000  186.63965  2.28%  90.2  950s
 105922 70097  186.77668   43  260  191.00000  186.64041  2.28%  90.3  955s
 106546 70549  187.45853   53  261  191.00000  186.64158  2.28%  90.3  960s
 107150 70970  187.32976   49  226  191.00000  186.64293  2.28%  90.3  965s
 107746 71391  187.37055   51  311  191.00000  186.64403  2.28%  90.3  970s
 108383 71854  186.69084   48  320  191.00000  186.64507  2.28%  90.2  975s
 108986 72286  187.58739   53  257  191.00000  186.64650  2.28%  90.2  980s
 109559 72691  189.71039   83  149  191.00000  186.64869  2.28%  90.3  985s
 110174 73111     cutoff   81       191.00000  186.65037  2.28%  90.3  990s
 110736 73503  187.23960   53  235  191.00000  186.65174  2.28%  90.3  995s
 111289 73914  187.80701   56  270  191.00000  186.65315  2.28%  90.3 1000s
 111841 74295  188.44857   53  188  191.00000  186.65422  2.28%  90.4 1005s
 112522 74752  187.92993   62  165  191.00000  186.65544  2.27%  90.3 1010s
 113166 75216  189.07210   57  225  191.00000  186.65662  2.27%  90.3 1015s
 113710 75594  188.19074   68  156  191.00000  186.65759  2.27%  90.4 1020s
 114394 76087  187.69198   58  300  191.00000  186.65945  2.27%  90.3 1025s
 115024 76534  187.63174   57  278  191.00000  186.66048  2.27%  90.3 1030s
 115665 76955  187.17319   52  262  191.00000  186.66191  2.27%  90.3 1035s
 116243 77373  187.34271   54  222  191.00000  186.66280  2.27%  90.3 1040s
 116805 77774  186.98342   49  275  191.00000  186.66447  2.27%  90.3 1045s
 117339 78148  189.71659   78  114  191.00000  186.66537  2.27%  90.4 1050s
 117973 78589  188.55385   64  214  191.00000  186.66693  2.27%  90.4 1055s
 118520 78978  188.30874   70  196  191.00000  186.66898  2.27%  90.5 1060s
 119148 79427  188.68636   54  273  191.00000  186.67065  2.27%  90.5 1065s
 119717 79799  187.67693   55  167  191.00000  186.67164  2.27%  90.5 1070s
 120320 80243  187.47670   53  216  191.00000  186.67274  2.27%  90.5 1075s
 120971 80696  189.40811   81  114  191.00000  186.67355  2.27%  90.5 1080s
 121552 81088  187.35717   56  243  191.00000  186.67569  2.26%  90.5 1085s
 122183 81563  189.13391   61  162  191.00000  186.67692  2.26%  90.5 1090s
 122815 82005  187.38798   64  211  191.00000  186.67813  2.26%  90.4 1095s
 123412 82408  187.88352   65  200  191.00000  186.67976  2.26%  90.5 1100s
 124043 82837  187.31654   51  326  191.00000  186.68086  2.26%  90.5 1105s
 124617 83250  188.99300   65  167  191.00000  186.68210  2.26%  90.5 1110s
 125180 83637  189.41131   93  105  191.00000  186.68407  2.26%  90.5 1115s
 125760 84018  187.93614   58  267  191.00000  186.68623  2.26%  90.5 1120s
 126348 84419  188.23511   56  293  191.00000  186.68755  2.26%  90.6 1125s
 126891 84807     cutoff   65       191.00000  186.68901  2.26%  90.6 1130s
 127426 85175  187.23433   42  298  191.00000  186.69001  2.26%  90.6 1135s
 127954 85523  187.57610   44  334  191.00000  186.69211  2.26%  90.7 1140s
 128546 85975  189.44642   86   95  191.00000  186.69385  2.25%  90.7 1145s
 129122 86364  188.19397   67  151  191.00000  186.69456  2.25%  90.7 1150s
 129631 86734  189.76935   61  229  191.00000  186.69549  2.25%  90.7 1155s
 130189 87123  187.94599   56  260  191.00000  186.69659  2.25%  90.8 1160s
 130744 87521  187.55555   46  274  191.00000  186.69736  2.25%  90.8 1165s
 131286 87915  187.15750   46  252  191.00000  186.69833  2.25%  90.8 1170s
 131842 88328  187.17423   49  192  191.00000  186.69934  2.25%  90.9 1175s
 132529 88769 infeasible   74       191.00000  186.70022  2.25%  90.8 1180s
 133092 89178     cutoff   92       191.00000  186.70153  2.25%  90.9 1185s
 133715 89622  187.71184   55  224  191.00000  186.70299  2.25%  90.8 1190s
 134293 90019  187.09628   53  177  191.00000  186.70461  2.25%  90.9 1195s
 134886 90421  188.29495   70  172  191.00000  186.70602  2.25%  90.9 1200s
 135483 90855  188.22516   64  232  191.00000  186.70820  2.25%  90.9 1205s
 136147 91275  187.69283   53  242  191.00000  186.70906  2.25%  90.8 1210s
 136721 91684  188.77804   79  166  191.00000  186.71051  2.25%  90.9 1215s
 137321 92122  188.39836   62  252  191.00000  186.71165  2.25%  90.9 1220s
 137965 92556  189.22853   76  169  191.00000  186.71248  2.24%  90.9 1225s
 138479 92906  188.93701   69  131  191.00000  186.71322  2.24%  90.9 1230s
 139097 93339  189.38689   73  139  191.00000  186.71428  2.24%  90.9 1235s
 139697 93741  187.09585   48  261  191.00000  186.71510  2.24%  90.9 1240s
 140280 94192  188.48404   73  192  191.00000  186.71598  2.24%  90.9 1245s
 140651 94414  188.24939   53  316  191.00000  186.71708  2.24%  90.9 1250s
 141282 94853  189.21920   78  125  191.00000  186.71793  2.24%  90.9 1255s
 141432 94949  187.50992   60  184  191.00000  186.71836  2.24%  90.9 1260s
 142108 95434  187.11781   52  248  191.00000  186.71935  2.24%  90.9 1265s
 142765 95879  187.26820   46  323  191.00000  186.72105  2.24%  90.9 1270s
 143392 96329  187.22464   50  276  191.00000  186.72199  2.24%  90.9 1275s
 144011 96758  187.23364   51  265  191.00000  186.72283  2.24%  90.9 1280s
 144595 97156  187.42300   47  306  191.00000  186.72384  2.24%  90.9 1285s
 145212 97606  187.60849   61  183  191.00000  186.72503  2.24%  91.0 1290s
 145888 98092  187.90469   55  265  191.00000  186.72611  2.24%  90.9 1295s
 146500 98489  189.13815   67  167  191.00000  186.72698  2.24%  90.9 1300s
 147101 98926  188.38820   74  188  191.00000  186.72784  2.24%  90.9 1305s
 147718 99349  187.69625   63  179  191.00000  186.72912  2.24%  91.0 1310s
 148374 99798  187.63061   55  212  191.00000  186.73077  2.24%  91.0 1315s
 149101 100282  187.35252   55  259  191.00000  186.73226  2.23%  90.9 1320s
 149724 100716  188.25732   56  242  191.00000  186.73381  2.23%  90.9 1325s
 150300 101131  187.61313   59  195  191.00000  186.73511  2.23%  91.0 1330s
 150953 101601  186.92228   49  314  191.00000  186.73594  2.23%  91.0 1335s
 151605 102052  187.67335   58  209  191.00000  186.73716  2.23%  90.9 1340s
 152220 102488  187.62675   56  198  191.00000  186.73826  2.23%  91.0 1345s
 152881 102951  188.12543   60  263  191.00000  186.73998  2.23%  91.0 1350s
 153511 103381  187.63060   56  251  191.00000  186.74084  2.23%  91.0 1355s
 154092 103776  187.02426   47  275  191.00000  186.74168  2.23%  91.0 1360s
 154708 104224  189.53813   83  104  191.00000  186.74256  2.23%  91.0 1365s
 155310 104625  187.63671   62  223  191.00000  186.74344  2.23%  91.1 1370s
 155959 105087  188.41444   69  176  191.00000  186.74488  2.23%  91.0 1375s
 156554 105481  189.55526   73  158  191.00000  186.74646  2.23%  91.1 1380s
 157120 105864  188.06005   54  257  191.00000  186.74728  2.23%  91.1 1385s
 157727 106312  188.17148   58  249  191.00000  186.74847  2.23%  91.1 1390s
 158275 106688  189.27156   63  175  191.00000  186.74919  2.23%  91.2 1395s
 158837 107092  187.29009   53  262  191.00000  186.75014  2.23%  91.2 1400s
 159463 107545  187.51048   47  246  191.00000  186.75081  2.22%  91.2 1405s
 160082 107998  187.32081   48  259  191.00000  186.75149  2.22%  91.1 1410s
 160696 108432  187.86099   51  245  191.00000  186.75274  2.22%  91.1 1415s
 161283 108852  189.15513   75  113  191.00000  186.75346  2.22%  91.2 1420s
 161913 109286  187.58893   57  244  191.00000  186.75455  2.22%  91.1 1425s
 162478 109681  187.44591   52  318  191.00000  186.75619  2.22%  91.2 1430s
 163048 110097  188.33996   62  172  191.00000  186.75668  2.22%  91.2 1435s
 163608 110489  186.82704   55  262  191.00000  186.75750  2.22%  91.2 1440s
 164181 110893  186.95591   49  275  191.00000  186.75805  2.22%  91.2 1445s
 164789 111317  188.90182   71  103  191.00000  186.75919  2.22%  91.2 1450s
 165337 111689  187.75163   61  239  191.00000  186.76023  2.22%  91.3 1455s
 165663 111909  187.30982   54  264  191.00000  186.76073  2.22%  91.2 1460s
 166295 112395  187.79051   49  217  191.00000  186.76180  2.22%  91.2 1465s
 166916 112797  187.17134   54  259  191.00000  186.76269  2.22%  91.3 1470s
 167481 113188     cutoff   81       191.00000  186.76369  2.22%  91.3 1475s
 168079 113591  187.44811   57  275  191.00000  186.76454  2.22%  91.3 1480s
 168615 113960  187.22838   59  268  191.00000  186.76526  2.22%  91.4 1485s
 169308 114422  187.50179   57  214  191.00000  186.76630  2.22%  91.3 1490s
 169874 114801  187.77632   56  185  191.00000  186.76731  2.22%  91.4 1495s
 170535 115271  187.09682   52  277  191.00000  186.76831  2.22%  91.4 1500s
 171176 115703  188.64600   61  236  191.00000  186.76989  2.21%  91.3 1505s
 171797 116140  187.48773   55  321  191.00000  186.77089  2.21%  91.4 1510s
 172401 116571  188.62310   66  214  191.00000  186.77176  2.21%  91.4 1515s
 173067 117048  189.74598   71  104  191.00000  186.77229  2.21%  91.4 1520s
 173567 117365  189.47050   62  166  191.00000  186.77338  2.21%  91.4 1525s
 174149 117770  187.97085   63  228  191.00000  186.77460  2.21%  91.5 1530s
 174705 118156  188.91790   58  249  191.00000  186.77533  2.21%  91.5 1535s
 175243 118515  188.18077   54  199  191.00000  186.77627  2.21%  91.5 1540s
 175913 118939  187.49949   50  278  191.00000  186.77773  2.21%  91.5 1545s
 176475 119348  187.43735   51  283  191.00000  186.77842  2.21%  91.5 1550s
 177101 119755  189.00029   82  128  191.00000  186.77982  2.21%  91.5 1555s
 177601 120082  188.13080   62  234  191.00000  186.78092  2.21%  91.6 1560s
 178185 120470     cutoff   82       191.00000  186.78163  2.21%  91.6 1565s
 178846 120906  187.64572   47  360  191.00000  186.78284  2.21%  91.6 1570s
 179415 121315  188.93722   62  141  191.00000  186.78385  2.21%  91.6 1575s
 180050 121745  188.02906   49  267  191.00000  186.78473  2.21%  91.6 1580s
 180667 122174  187.68000   57  184  191.00000  186.78586  2.21%  91.6 1585s
 181263 122595  189.36372   70  171  191.00000  186.78710  2.21%  91.6 1590s
 181829 122979  189.60641   84  185  191.00000  186.78757  2.21%  91.6 1595s
 182412 123392  187.45393   56  255  191.00000  186.78858  2.20%  91.7 1600s
 182923 123746  189.00463   71  209  191.00000  186.78963  2.20%  91.7 1605s
 183459 124090  189.82640   60  176  191.00000  186.79054  2.20%  91.8 1610s
 184057 124501  188.34057   64  136  191.00000  186.79123  2.20%  91.8 1615s
 184676 124930  189.44048   72  187  191.00000  186.79219  2.20%  91.8 1620s
 185195 125265     cutoff   73       191.00000  186.79308  2.20%  91.8 1625s
 185716 125634  187.98665   51  305  191.00000  186.79406  2.20%  91.8 1630s
 186356 126072  187.22245   60  292  191.00000  186.79489  2.20%  91.8 1635s
 186916 126455  188.16538   71  186  191.00000  186.79586  2.20%  91.8 1640s
 187437 126810  187.92714   53  204  191.00000  186.79668  2.20%  91.9 1645s
 188038 127197  188.48829   63  194  191.00000  186.79781  2.20%  91.9 1650s
 188624 127573  188.74669   69  224  191.00000  186.79885  2.20%  91.9 1655s
 189206 127986  188.60870   61  167  191.00000  186.79998  2.20%  91.9 1660s
 189728 128325  187.10758   53  284  191.00000  186.80057  2.20%  91.9 1665s
 190253 128700  187.22491   45  320  191.00000  186.80159  2.20%  91.9 1670s
 190756 129036  189.00866   75   84  191.00000  186.80211  2.20%  92.0 1675s
 191333 129436  189.65157   74  123  191.00000  186.80299  2.20%  92.0 1680s
 191808 129786  189.41043   71  157  191.00000  186.80372  2.20%  92.0 1685s
 192372 130188  189.24951   84  180  191.00000  186.80451  2.20%  92.1 1690s
 192970 130597  187.40931   50  313  191.00000  186.80536  2.20%  92.1 1695s
 193530 130987  187.36146   54  278  191.00000  186.80643  2.20%  92.1 1700s
 194123 131378  187.13242   54  308  191.00000  186.80729  2.20%  92.1 1705s
 194715 131785  187.95043   55  188  191.00000  186.80831  2.19%  92.1 1710s
 195293 132194  189.20342   72  195  191.00000  186.80895  2.19%  92.1 1715s
 195831 132587  188.40426   60  269  191.00000  186.80956  2.19%  92.1 1720s
 196385 132969  188.38016   46  272  191.00000  186.81045  2.19%  92.1 1725s
 196885 133288  189.72274   61  217  191.00000  186.81143  2.19%  92.2 1730s
 197466 133670  186.96464   46  276  191.00000  186.81220  2.19%  92.2 1735s
 197976 134024  187.46834   50  258  191.00000  186.81308  2.19%  92.2 1740s
 198553 134411  187.09518   50  267  191.00000  186.81382  2.19%  92.2 1745s
 199085 134778  188.06978   59  259  191.00000  186.81445  2.19%  92.2 1750s
 199603 135147  188.12819   58  256  191.00000  186.81568  2.19%  92.2 1755s
 200166 135504  186.96115   50  345  191.00000  186.81664  2.19%  92.3 1760s
 200602 135812  187.89491   58  211  191.00000  186.81719  2.19%  92.3 1765s
 201137 136154  188.74682   63  181  191.00000  186.81829  2.19%  92.3 1770s
 201723 136548  188.40414   71  162  191.00000  186.81914  2.19%  92.3 1775s
 202268 136927  189.10301   65  129  191.00000  186.82025  2.19%  92.3 1780s
 202745 137249  188.36484   47  313  191.00000  186.82116  2.19%  92.4 1785s
 203360 137705  188.24758   51  230  191.00000  186.82186  2.19%  92.4 1790s
 203998 138112  187.16603   48  246  191.00000  186.82242  2.19%  92.3 1795s
 204562 138519  188.74019   61  149  191.00000  186.82312  2.19%  92.3 1800s
 205120 138877  187.99901   65  192  191.00000  186.82367  2.19%  92.4 1805s
 205631 139236  188.49643   60  215  191.00000  186.82428  2.19%  92.4 1810s
 206237 139665  189.02591   68  176  191.00000  186.82485  2.19%  92.4 1815s
 206838 140085  187.96938   52  289  191.00000  186.82537  2.19%  92.4 1820s
 207398 140454  187.55176   48  358  191.00000  186.82645  2.19%  92.4 1825s
 207879 140776  187.24361   50  302  191.00000  186.82687  2.18%  92.4 1830s
 208402 141107  188.18339   55  282  191.00000  186.82739  2.18%  92.5 1835s
 208928 141469  188.67713   78  174  191.00000  186.82806  2.18%  92.5 1840s
 209469 141809  188.27155   68  141  191.00000  186.82845  2.18%  92.5 1845s
 210098 142199  187.93787   49  283  191.00000  186.82911  2.18%  92.5 1850s
 210650 142587  188.35128   55  249  191.00000  186.82979  2.18%  92.5 1855s
 211197 142944  187.37746   62  243  191.00000  186.83048  2.18%  92.5 1860s
 211708 143309  188.35115   62  225  191.00000  186.83109  2.18%  92.5 1865s
 212261 143711  188.11619   51  218  191.00000  186.83177  2.18%  92.5 1870s
 212851 144093  188.75375   68  173  191.00000  186.83272  2.18%  92.5 1875s
 213405 144478  189.31719   74  150  191.00000  186.83332  2.18%  92.5 1880s
 213944 144814  187.25156   51  312  191.00000  186.83435  2.18%  92.6 1885s
 214523 145199  187.55281   55  304  191.00000  186.83507  2.18%  92.5 1890s
 215067 145589  188.98703   62  197  191.00000  186.83575  2.18%  92.6 1895s
 215602 145909  187.81182   47  252  191.00000  186.83646  2.18%  92.6 1900s
 216094 146266  187.06476   49  319  191.00000  186.83702  2.18%  92.6 1905s
 216622 146629  187.05357   53  248  191.00000  186.83773  2.18%  92.6 1910s
 217126 146956  189.52346   72  137  191.00000  186.83856  2.18%  92.7 1915s
 217691 147339  189.02973   65  196  191.00000  186.83893  2.18%  92.6 1920s
 218240 147663  187.31238   56  264  191.00000  186.83955  2.18%  92.7 1925s
 218736 147992  189.04075   59  220  191.00000  186.84004  2.18%  92.7 1930s
 219251 148333  187.69761   65  132  191.00000  186.84087  2.18%  92.7 1935s
 219709 148647  187.73624   60  234  191.00000  186.84157  2.18%  92.8 1940s
 220251 149008  188.70361   52  300  191.00000  186.84265  2.18%  92.8 1945s
 220785 149374  188.74551   58  197  191.00000  186.84320  2.18%  92.8 1950s
 221344 149731  187.69080   56  276  191.00000  186.84363  2.18%  92.8 1955s
 221929 150128  187.30751   52  238  191.00000  186.84419  2.18%  92.8 1960s
 222506 150487  188.14468   53  275  191.00000  186.84498  2.18%  92.8 1965s
 223028 150847  189.25993   60  235  191.00000  186.84622  2.17%  92.8 1970s
 223479 151152  187.56041   46  245  191.00000  186.84705  2.17%  92.9 1975s
 224001 151477  187.28790   43  310  191.00000  186.84760  2.17%  92.9 1980s
 224485 151800  188.84742   50  282  191.00000  186.84814  2.17%  92.9 1985s
 225029 152140  187.48904   53  371  191.00000  186.84910  2.17%  92.9 1990s
 225519 152456  187.48675   51  289  191.00000  186.84956  2.17%  93.0 1995s
 225806 152644  187.17264   52  281  191.00000  186.84990  2.17%  93.0 2004s
 225860 152698  189.00088   80  130  191.00000  186.84990  2.17%  93.0 2005s
 226324 153005  187.05303   52  261  191.00000  186.85061  2.17%  93.0 2010s
 226838 153329  187.15747   42  322  191.00000  186.85110  2.17%  93.0 2015s
 227397 153723  188.05585   57  232  191.00000  186.85187  2.17%  93.0 2020s
 227956 154117  187.90987   55  233  191.00000  186.85252  2.17%  93.1 2025s
 228478 154465  186.92706   49  355  191.00000  186.85293  2.17%  93.1 2030s
 228978 154783  188.55956   65  260  191.00000  186.85342  2.17%  93.1 2035s
 229479 155100  188.28682   64  180  191.00000  186.85382  2.17%  93.1 2040s
 230025 155483  187.94985   62  198  191.00000  186.85438  2.17%  93.2 2045s
 230527 155828  187.89962   52  312  191.00000  186.85493  2.17%  93.2 2050s
 231139 156254  187.21545   52  306  191.00000  186.85574  2.17%  93.2 2055s
 231667 156597     cutoff   91       191.00000  186.85609  2.17%  93.2 2060s
 232214 156963  187.52294   54  224  191.00000  186.85655  2.17%  93.2 2065s
 232684 157260  189.21105   64  186  191.00000  186.85752  2.17%  93.2 2070s
 233202 157595  187.44533   51  285  191.00000  186.85837  2.17%  93.3 2075s
 233744 157953  189.35765   70  137  191.00000  186.85919  2.17%  93.3 2080s
 234284 158333  188.04375   46  330  191.00000  186.85976  2.17%  93.3 2085s
 234747 158633  187.69598   51  294  191.00000  186.86011  2.17%  93.3 2090s
 235360 159050  188.41997   64  144  191.00000  186.86085  2.17%  93.3 2095s
 235893 159431  187.03909   48  362  191.00000  186.86139  2.17%  93.3 2100s
 236397 159770  187.84364   51  288  191.00000  186.86179  2.17%  93.3 2105s
 236956 160162  188.13005   56  199  191.00000  186.86266  2.17%  93.4 2110s
 237457 160501  187.06268   47  295  191.00000  186.86356  2.17%  93.4 2115s
 238065 160923  187.27720   61  225  191.00000  186.86417  2.17%  93.4 2120s
 238726 161345  187.67377   59  242  191.00000  186.86521  2.16%  93.3 2125s
 239295 161734  186.99702   57  314  191.00000  186.86617  2.16%  93.4 2130s
 239875 162088  188.34722   64  232  191.00000  186.86669  2.16%  93.4 2135s
 240478 162509  188.09989   48  344  191.00000  186.86741  2.16%  93.4 2140s
 240999 162855  187.55763   49  339  191.00000  186.86801  2.16%  93.4 2145s
 241534 163228  189.39403   68  193  191.00000  186.86843  2.16%  93.4 2150s
 242166 163623  187.23437   53  322  191.00000  186.86928  2.16%  93.4 2155s
 242679 163966  187.76058   59  278  191.00000  186.87015  2.16%  93.4 2160s
 243276 164383  187.25982   44  323  191.00000  186.87047  2.16%  93.4 2165s
 243800 164762  187.37786   52  263  191.00000  186.87120  2.16%  93.4 2170s
 244417 165135  189.89960   73  118  191.00000  186.87212  2.16%  93.4 2175s
 244901 165431  187.54152   64  143  191.00000  186.87299  2.16%  93.4 2180s
 245388 165761  188.52130   50  270  191.00000  186.87379  2.16%  93.5 2185s
 245878 166071  189.42508   76  129  191.00000  186.87455  2.16%  93.5 2190s
 246433 166448  187.09354   46  295  191.00000  186.87513  2.16%  93.6 2195s
 246976 166829  189.32090   75  116  191.00000  186.87583  2.16%  93.6 2200s
 247498 167165  187.97115   60  227  191.00000  186.87629  2.16%  93.6 2205s
 247988 167498  187.59376   58  248  191.00000  186.87690  2.16%  93.6 2210s
 248528 167863  188.22727   56  201  191.00000  186.87724  2.16%  93.6 2215s
 249137 168263  187.43035   50  242  191.00000  186.87807  2.16%  93.6 2220s
 249658 168644  189.30466   80  132  191.00000  186.87879  2.16%  93.7 2225s
 250186 168989  187.24928   53  256  191.00000  186.87949  2.16%  93.7 2230s
 250637 169303  187.47882   55  237  191.00000  186.88021  2.16%  93.7 2235s
 251244 169667  188.00279   69  155  191.00000  186.88096  2.16%  93.7 2240s
 251734 170004  187.57488   49  335  191.00000  186.88164  2.16%  93.7 2245s
 252274 170373  187.59710   66  217  191.00000  186.88232  2.16%  93.7 2250s
 252745 170682  188.74771   59  216  191.00000  186.88281  2.16%  93.8 2255s
 253244 171006  189.70896   61  135  191.00000  186.88367  2.16%  93.8 2260s
 253809 171349     cutoff   67       191.00000  186.88439  2.15%  93.8 2265s
 254301 171655  187.44862   51  286  191.00000  186.88518  2.15%  93.8 2270s
 254819 172038     cutoff   61       191.00000  186.88565  2.15%  93.9 2275s
 255370 172395  189.54068   63  122  191.00000  186.88620  2.15%  93.9 2280s
 255878 172720  188.82886   61  192  191.00000  186.88656  2.15%  93.9 2285s
 256375 173079  187.18801   46  253  191.00000  186.88723  2.15%  93.9 2290s
 256944 173419  187.06214   53  294  191.00000  186.88769  2.15%  93.9 2295s
 257500 173783  188.89979   68  143  191.00000  186.88827  2.15%  94.0 2300s
 257964 174095  189.30376   73  153  191.00000  186.88890  2.15%  94.0 2305s
 258479 174425  187.21966   57  267  191.00000  186.88946  2.15%  94.0 2310s
 259015 174763  187.61866   58  288  191.00000  186.89000  2.15%  94.0 2315s
 259584 175126  187.34484   48  220  191.00000  186.89063  2.15%  94.0 2320s
 260129 175527  189.45236   78  167  191.00000  186.89141  2.15%  94.1 2325s
 260591 175845  187.59967   64  240  191.00000  186.89189  2.15%  94.1 2330s
 261202 176269  189.58944   79   94  191.00000  186.89263  2.15%  94.1 2335s
 261815 176678  187.13452   52  260  191.00000  186.89333  2.15%  94.1 2340s
 262344 177044  188.17672   60  186  191.00000  186.89437  2.15%  94.1 2345s
 262919 177427  187.43457   54  239  191.00000  186.89511  2.15%  94.1 2350s
 263454 177747  187.18211   53  343  191.00000  186.89565  2.15%  94.1 2355s
 263978 178105  187.90278   58  228  191.00000  186.89615  2.15%  94.1 2360s
 264539 178469  187.19760   50  326  191.00000  186.89651  2.15%  94.1 2365s
 265057 178829  187.76407   53  312  191.00000  186.89685  2.15%  94.2 2370s
 265611 179217  189.55966   75  171  191.00000  186.89760  2.15%  94.2 2375s
 266180 179583  189.53528   81  169  191.00000  186.89843  2.15%  94.2 2380s
 266718 179944  188.13589   53  348  191.00000  186.89914  2.15%  94.2 2385s
 267231 180281  188.03752   52  231  191.00000  186.89983  2.15%  94.2 2390s
 267865 180737  189.84263   83  121  191.00000  186.90051  2.15%  94.2 2395s
 268383 181079  189.46407   84  169  191.00000  186.90118  2.15%  94.2 2400s
 268981 181466  188.16884   53  262  191.00000  186.90187  2.15%  94.2 2405s
 269444 181754  187.45186   62  261  191.00000  186.90252  2.15%  94.3 2410s
 269971 182132  188.49255   64  136  191.00000  186.90306  2.14%  94.3 2415s
 270540 182512  188.81988   66  139  191.00000  186.90353  2.14%  94.3 2420s
 271067 182862  188.55063   62  234  191.00000  186.90413  2.14%  94.3 2425s
 271616 183245  188.29886   68  169  191.00000  186.90479  2.14%  94.3 2430s
 272179 183621  188.14617   51  253  191.00000  186.90554  2.14%  94.3 2435s
 272667 183907  189.15615   73  191  191.00000  186.90599  2.14%  94.3 2440s
 273177 184260  189.17378   80  126  191.00000  186.90704  2.14%  94.4 2445s
 273707 184599  187.04355   61  196  191.00000  186.90780  2.14%  94.4 2450s
 274182 184920  188.08909   60  190  191.00000  186.90831  2.14%  94.4 2455s
 274703 185268  187.13420   48  334  191.00000  186.90868  2.14%  94.4 2460s
 275301 185649  188.19803   65  222  191.00000  186.90928  2.14%  94.4 2465s
 275848 186010  187.28724   44  331  191.00000  186.90984  2.14%  94.4 2470s
 276413 186393  188.10688   65  205  191.00000  186.91082  2.14%  94.4 2475s
 276978 186735  189.04301   66  144  191.00000  186.91165  2.14%  94.4 2480s
 277542 187075  188.43157   53  306  191.00000  186.91225  2.14%  94.5 2485s
 278019 187379  188.73005   70  207  191.00000  186.91274  2.14%  94.5 2490s
 278556 187713  187.07973   55  279  191.00000  186.91301  2.14%  94.5 2495s
 279078 188066  187.48496   56  273  191.00000  186.91353  2.14%  94.5 2500s
 279604 188443     cutoff  103       191.00000  186.91394  2.14%  94.5 2505s
 280100 188803  189.73139   73  125  191.00000  186.91435  2.14%  94.5 2510s
 280722 189185  187.88529   53  210  191.00000  186.91487  2.14%  94.5 2515s
 281189 189482  187.21453   58  284  191.00000  186.91561  2.14%  94.5 2520s
 281728 189835  188.35569   52  184  191.00000  186.91619  2.14%  94.6 2525s
 282281 190154  187.01541   53  300  191.00000  186.91668  2.14%  94.6 2530s
 282825 190496  189.63242   57  176  191.00000  186.91722  2.14%  94.6 2535s
 283389 190902  187.56005   50  307  191.00000  186.91769  2.14%  94.6 2540s
 283938 191260  188.33931   70  180  191.00000  186.91857  2.14%  94.6 2545s
 284416 191598  188.61854   70  174  191.00000  186.91888  2.14%  94.6 2550s
 284919 191906  187.65364   59  252  191.00000  186.91944  2.14%  94.6 2555s
 285478 192259  188.36098   62  142  191.00000  186.91987  2.14%  94.6 2560s
 286002 192607  187.70198   52  227  191.00000  186.92057  2.14%  94.6 2565s
 286511 192957  188.44805   50  175  191.00000  186.92142  2.14%  94.7 2570s
 287047 193296  189.10349   76  166  191.00000  186.92210  2.14%  94.7 2575s
 287658 193724  189.20838   87  143  191.00000  186.92250  2.13%  94.7 2580s
 288214 194074     cutoff   87       191.00000  186.92322  2.13%  94.7 2585s
 288733 194397  187.15884   52  318  191.00000  186.92406  2.13%  94.7 2590s
 289307 194781  188.33260   65  170  191.00000  186.92482  2.13%  94.7 2595s
 289821 195118  188.74236   59  241  191.00000  186.92529  2.13%  94.7 2600s
 290344 195485  188.79982   65  177  191.00000  186.92560  2.13%  94.7 2605s
 290917 195825  187.44082   53  216  191.00000  186.92610  2.13%  94.7 2610s
 291392 196126  187.21279   53  285  191.00000  186.92662  2.13%  94.7 2615s
 291840 196426  188.70684   57  200  191.00000  186.92697  2.13%  94.8 2620s
 292298 196732  187.13066   56  288  191.00000  186.92755  2.13%  94.8 2625s
 292858 197082  187.96149   53  246  191.00000  186.92800  2.13%  94.8 2630s
 293426 197467     cutoff   72       191.00000  186.92842  2.13%  94.8 2635s
 293912 197778     cutoff   60       191.00000  186.92894  2.13%  94.9 2640s
 294374 198080  187.83207   55  225  191.00000  186.92962  2.13%  94.9 2645s
 294937 198467  187.92170   55  239  191.00000  186.93002  2.13%  94.9 2650s
 295515 198825  188.13382   58  272  191.00000  186.93056  2.13%  94.9 2655s
 296073 199162  187.83725   53  331  191.00000  186.93108  2.13%  94.9 2660s
 296587 199519  188.47172   60  214  191.00000  186.93156  2.13%  94.9 2665s
 297095 199835  187.23728   49  347  191.00000  186.93224  2.13%  94.9 2670s
 297560 200132  188.04255   50  271  191.00000  186.93279  2.13%  95.0 2675s
 298112 200488  188.02134   61  223  191.00000  186.93307  2.13%  95.0 2680s
 298649 200854  187.48090   56  222  191.00000  186.93375  2.13%  95.0 2685s
 299223 201240  187.15302   55  296  191.00000  186.93457  2.13%  95.0 2690s
 299771 201614  188.05168   56  231  191.00000  186.93516  2.13%  95.0 2695s
 300317 201957  188.04727   69  203  191.00000  186.93555  2.13%  95.0 2700s
 300836 202304  187.27099   52  310  191.00000  186.93618  2.13%  95.0 2705s
 301358 202666  187.85966   53  223  191.00000  186.93661  2.13%  95.0 2710s
 301850 203010  189.62269   82  110  191.00000  186.93714  2.13%  95.0 2715s
 302389 203358  189.08226   58  192  191.00000  186.93754  2.13%  95.0 2720s
 302877 203677  188.76682   73  149  191.00000  186.93808  2.13%  95.0 2725s
 303419 204043  188.49379   58  238  191.00000  186.93846  2.13%  95.1 2730s
 303977 204389  189.25682   73  221  191.00000  186.93904  2.13%  95.1 2735s
 304475 204725  187.22789   55  279  191.00000  186.93953  2.13%  95.1 2740s
 304990 205071  187.34073   60  276  191.00000  186.94013  2.13%  95.1 2745s
 305610 205468  187.75218   61  250  191.00000  186.94084  2.13%  95.1 2750s
 306205 205862  189.19196   56  150  191.00000  186.94162  2.12%  95.1 2755s
 306678 206217  189.44199   63  197  191.00000  186.94207  2.12%  95.1 2760s
 307183 206499  188.65393   71  178  191.00000  186.94276  2.12%  95.1 2765s
 307728 206830  189.58846   50  260  191.00000  186.94326  2.12%  95.1 2770s
 308328 207209  187.28664   49  297  191.00000  186.94395  2.12%  95.1 2775s
 308823 207524  188.46084   60  234  191.00000  186.94445  2.12%  95.2 2780s
 309314 207843  187.00895   48  314  191.00000  186.94507  2.12%  95.2 2785s
 309822 208218  189.36723   63  173  191.00000  186.94567  2.12%  95.2 2790s
 310364 208564  189.86541   73  156  191.00000  186.94641  2.12%  95.2 2795s
 310898 208912  188.22872   71  176  191.00000  186.94702  2.12%  95.2 2800s
 311485 209285  189.10876   52  261  191.00000  186.94760  2.12%  95.2 2805s
 312064 209686  188.89242   72  118  191.00000  186.94831  2.12%  95.2 2810s
 312629 210051  187.43871   56  253  191.00000  186.94854  2.12%  95.2 2815s
 313110 210377  188.92819   58  210  191.00000  186.94899  2.12%  95.2 2820s
 313681 210731  187.40891   57  323  191.00000  186.94976  2.12%  95.2 2825s
 314209 211074  187.66809   51  283  191.00000  186.95005  2.12%  95.3 2830s
 314778 211457  188.26353   51  293  191.00000  186.95046  2.12%  95.3 2835s
 315317 211837  188.65037   70  187  191.00000  186.95107  2.12%  95.3 2840s
 315863 212180  187.72996   55  226  191.00000  186.95176  2.12%  95.3 2845s
 316359 212506  189.81504   59  163  191.00000  186.95210  2.12%  95.3 2850s
 316850 212803  188.60594   60  178  191.00000  186.95271  2.12%  95.3 2855s
 317317 213112  187.94680   61  250  191.00000  186.95320  2.12%  95.4 2860s
 317786 213418  188.60499   52  190  191.00000  186.95372  2.12%  95.4 2865s
 318367 213781  187.94174   59  209  191.00000  186.95430  2.12%  95.4 2870s
 318823 214098  187.90245   54  278  191.00000  186.95476  2.12%  95.4 2875s
 319371 214463  187.34596   52  341  191.00000  186.95555  2.12%  95.4 2880s
 319927 214807  187.98381   63  181  191.00000  186.95604  2.12%  95.4 2885s
 320446 215172  189.11506   65  151  191.00000  186.95646  2.12%  95.4 2890s
 320901 215447  187.26785   47  341  191.00000  186.95674  2.12%  95.5 2895s
 321394 215774  188.01649   56  189  191.00000  186.95731  2.12%  95.5 2900s
 321927 216163  189.33694   86  134  191.00000  186.95797  2.12%  95.5 2905s
 322442 216476  187.32440   54  318  191.00000  186.95857  2.12%  95.5 2910s
 322915 216812  189.26413   83  106  191.00000  186.95911  2.12%  95.5 2915s
 323405 217126  187.74940   62  225  191.00000  186.95940  2.12%  95.5 2920s
 323925 217459  188.99566   64  183  191.00000  186.95997  2.12%  95.5 2925s
 324463 217836  189.00841   79  155  191.00000  186.96057  2.11%  95.5 2930s
 325000 218184  187.46881   56  296  191.00000  186.96119  2.11%  95.6 2935s
 325568 218537  187.51773   51  289  191.00000  186.96159  2.11%  95.6 2940s
 326033 218847  187.95125   52  285  191.00000  186.96193  2.11%  95.6 2945s
 326557 219158  187.41827   56  195  191.00000  186.96242  2.11%  95.6 2950s
 327019 219456  188.14256   51  277  191.00000  186.96298  2.11%  95.6 2955s
 327534 219824  188.60384   59  220  191.00000  186.96356  2.11%  95.6 2960s
 327951 220104  188.72099   59  198  191.00000  186.96368  2.11%  95.7 2965s
 328409 220407  188.71944   65  152  191.00000  186.96403  2.11%  95.7 2970s
 328940 220730  189.59479   80  146  191.00000  186.96417  2.11%  95.7 2975s
 329161 220896  188.48036   67  181  191.00000  186.96430  2.11%  95.7 2982s
 329444 221082  187.31449   56  316  191.00000  186.96444  2.11%  95.7 2985s
 329941 221423  187.53874   59  239  191.00000  186.96485  2.11%  95.7 2990s
 330457 221786  188.53591   55  249  191.00000  186.96525  2.11%  95.7 2995s
 331007 222138  187.42591   58  223  191.00000  186.96570  2.11%  95.7 3000s
 331475 222450  187.56410   53  278  191.00000  186.96599  2.11%  95.8 3005s
 332047 222852  188.29954   73  123  191.00000  186.96648  2.11%  95.8 3010s
 332605 223214  187.29395   48  299  191.00000  186.96737  2.11%  95.8 3015s
 333188 223585  187.85261   57  244  191.00000  186.96760  2.11%  95.8 3020s
 333733 223905  187.34924   56  346  191.00000  186.96828  2.11%  95.8 3025s
 334247 224251  188.64533   64  189  191.00000  186.96854  2.11%  95.8 3030s
 334779 224581  189.65637   66  170  191.00000  186.96908  2.11%  95.8 3035s
 335282 224873  188.64978   55  188  191.00000  186.96942  2.11%  95.8 3040s
 335873 225270  188.62526   58  179  191.00000  186.97006  2.11%  95.8 3045s
 336406 225625  187.66030   55  259  191.00000  186.97043  2.11%  95.8 3050s
 336951 225989  189.11868   81  137  191.00000  186.97081  2.11%  95.8 3055s
 337536 226382  188.75073   69  189  191.00000  186.97114  2.11%  95.8 3060s
 338056 226719  187.78774   56  227  191.00000  186.97146  2.11%  95.8 3065s
 338634 227103  187.41645   55  249  191.00000  186.97185  2.11%  95.8 3070s
 339173 227464  188.90759   66  156  191.00000  186.97217  2.11%  95.8 3075s
 339699 227808     cutoff   71       191.00000  186.97277  2.11%  95.8 3080s
 340198 228133  189.50107   78  105  191.00000  186.97314  2.11%  95.9 3085s
 340677 228458  189.67693   63  139  191.00000  186.97369  2.11%  95.9 3090s
 341178 228798  189.13023   67  142  191.00000  186.97423  2.11%  95.9 3095s
 341712 229134  187.15386   49  250  191.00000  186.97490  2.11%  95.9 3100s
 342202 229457  188.23016   58  265  191.00000  186.97521  2.11%  95.9 3105s
 342684 229753  189.42500   64  211  191.00000  186.97596  2.11%  96.0 3110s
 343166 230069  187.92132   64  248  191.00000  186.97646  2.11%  96.0 3116s
 343567 230340  187.45107   60  192  191.00000  186.97682  2.11%  96.0 3120s
 344046 230692  189.02062   65  196  191.00000  186.97735  2.11%  96.0 3125s
 344598 231050  187.20728   57  284  191.00000  186.97785  2.11%  96.0 3130s
 345138 231364  187.76419   53  238  191.00000  186.97823  2.11%  96.0 3135s
 345703 231764  188.83261   67  209  191.00000  186.97884  2.11%  96.0 3140s
 346209 232103  188.31916   52  332  191.00000  186.97935  2.11%  96.0 3145s
 346692 232407  187.29057   55  300  191.00000  186.97978  2.10%  96.1 3150s
 347238 232756  187.53581   48  251  191.00000  186.98011  2.10%  96.1 3155s
 347811 233130  189.16395   78  142  191.00000  186.98066  2.10%  96.1 3160s
 348304 233444  188.34548   56  202  191.00000  186.98160  2.10%  96.1 3165s
 348849 233811  189.89230   65  116  191.00000  186.98206  2.10%  96.1 3170s
 349426 234178  187.61840   43  325  191.00000  186.98270  2.10%  96.1 3175s
 349969 234549  187.76441   50  331  191.00000  186.98300  2.10%  96.1 3180s
 350554 234925  189.11755   60  141  191.00000  186.98360  2.10%  96.1 3185s
 351072 235247  187.96426   57  266  191.00000  186.98402  2.10%  96.1 3190s
 351622 235647  188.75646   57  229  191.00000  186.98462  2.10%  96.2 3195s
 352108 235961  188.51734   59  244  191.00000  186.98506  2.10%  96.2 3200s
 352621 236313  187.46548   52  264  191.00000  186.98559  2.10%  96.2 3205s
 353156 236670  187.90705   63  260  191.00000  186.98608  2.10%  96.2 3210s
 353532 236934  187.47972   62  287  191.00000  186.98637  2.10%  96.2 3215s
 354100 237271  189.81949   73  172  191.00000  186.98699  2.10%  96.2 3220s
 354654 237592  187.77259   55  254  191.00000  186.98768  2.10%  96.2 3225s
 355181 237951  188.53321   55  267  191.00000  186.98825  2.10%  96.2 3230s
 355791 238310  187.48635   46  247  191.00000  186.98863  2.10%  96.2 3235s
 356310 238678  187.64089   61  250  191.00000  186.98923  2.10%  96.2 3240s
 356865 239041  189.34502   71  150  191.00000  186.98995  2.10%  96.3 3245s
 357437 239399  187.71374   51  264  191.00000  186.99051  2.10%  96.3 3250s
 357938 239758  187.28848   42  277  191.00000  186.99113  2.10%  96.3 3255s
 358484 240116  187.56663   63  224  191.00000  186.99185  2.10%  96.3 3260s
 359041 240471  187.80314   51  238  191.00000  186.99222  2.10%  96.3 3265s
 359616 240841  187.52882   50  264  191.00000  186.99255  2.10%  96.3 3270s
 360091 241155  188.36962   52  185  191.00000  186.99287  2.10%  96.3 3275s
 360647 241515  187.16321   44  360  191.00000  186.99345  2.10%  96.3 3280s
 361203 241868  187.60772   49  306  191.00000  186.99398  2.10%  96.3 3285s
 361722 242199  189.43997   71  142  191.00000  186.99438  2.10%  96.4 3290s
 362206 242490  187.55873   50  283  191.00000  186.99473  2.10%  96.4 3295s
 362779 242852  188.35879   54  262  191.00000  186.99537  2.10%  96.4 3300s
 363336 243220  187.52884   57  233  191.00000  186.99600  2.10%  96.4 3305s
 363890 243590  189.80449   75   97  191.00000  186.99645  2.10%  96.4 3310s
 364378 243894  187.68126   52  231  191.00000  186.99681  2.10%  96.4 3315s
 364859 244214  187.55950   48  312  191.00000  186.99715  2.10%  96.4 3320s
 365357 244529  189.30532   66  211  191.00000  186.99770  2.10%  96.4 3325s
 365927 244878  187.67890   54  219  191.00000  186.99835  2.10%  96.4 3330s
 366422 245220  187.94740   57  196  191.00000  186.99875  2.09%  96.5 3335s
 366917 245527  188.11552   56  220  191.00000  186.99905  2.09%  96.5 3340s
 367416 245870  189.01852   70  127  191.00000  186.99944  2.09%  96.5 3345s
 367932 246200  187.53793   46  257  191.00000  186.99976  2.09%  96.5 3350s
 368485 246563  187.36375   54  285  191.00000  187.00023  2.09%  96.5 3355s
 368946 246839  187.45080   46  370  191.00000  187.00076  2.09%  96.5 3360s
 369426 247159  188.25795   64  257  191.00000  187.00117  2.09%  96.6 3365s
 369938 247480  187.65521   48  325  191.00000  187.00165  2.09%  96.6 3370s
 370558 247884  187.96663   57  116  191.00000  187.00244  2.09%  96.6 3375s
 371155 248274  188.63567   61  163  191.00000  187.00286  2.09%  96.6 3380s
 371692 248615  187.48662   58  247  191.00000  187.00315  2.09%  96.6 3385s
 372196 248941  189.07403   65  205  191.00000  187.00342  2.09%  96.6 3390s
 372770 249320     cutoff   77       191.00000  187.00385  2.09%  96.6 3395s
 373257 249635  187.67165   64  220  191.00000  187.00439  2.09%  96.6 3400s
 373739 249921  187.29717   58  307  191.00000  187.00483  2.09%  96.6 3405s
 374242 250284  189.26100   60  204  191.00000  187.00517  2.09%  96.6 3410s
 374775 250607  187.23988   53  267  191.00000  187.00582  2.09%  96.6 3415s
 375287 250918  188.53893   51  299  191.00000  187.00662  2.09%  96.6 3420s
 375771 251236     cutoff   76       191.00000  187.00699  2.09%  96.6 3425s
 376308 251543  188.43718   59  215  191.00000  187.00743  2.09%  96.6 3430s
 376731 251835  189.21166   74  192  191.00000  187.00791  2.09%  96.7 3435s
 377320 252240  188.69951   55  304  191.00000  187.00839  2.09%  96.7 3440s
 377863 252589  188.52146   68  219  191.00000  187.00868  2.09%  96.7 3445s
 378392 252951  187.44830   56  281  191.00000  187.00911  2.09%  96.7 3450s
 378845 253257  188.25815   58  238  191.00000  187.00936  2.09%  96.7 3455s
 379424 253635  187.66612   54  281  191.00000  187.00967  2.09%  96.7 3460s
 379974 253992  188.12067   74  203  191.00000  187.01017  2.09%  96.7 3465s
 380505 254344  189.11782   73  171  191.00000  187.01036  2.09%  96.7 3470s
 381039 254680  187.50156   63  262  191.00000  187.01095  2.09%  96.7 3475s
 381525 254982  188.05993   57  248  191.00000  187.01111  2.09%  96.7 3480s
 382089 255353  188.02394   50  323  191.00000  187.01150  2.09%  96.7 3485s
 382666 255705  189.58119   71  163  191.00000  187.01198  2.09%  96.7 3490s
 383192 256051  188.45775   54  182  191.00000  187.01247  2.09%  96.7 3495s
 383731 256401  189.29552   72   96  191.00000  187.01290  2.09%  96.7 3500s
 384221 256683  188.05663   61  158  191.00000  187.01342  2.09%  96.8 3505s
 384773 257026  187.37980   56  273  191.00000  187.01402  2.09%  96.8 3510s
 385252 257347  188.03639   49  285  191.00000  187.01438  2.09%  96.8 3515s
 385748 257672  187.30267   52  283  191.00000  187.01478  2.09%  96.8 3520s
 386231 257994  187.26180   47  279  191.00000  187.01539  2.09%  96.8 3525s
 386764 258347  189.38087   71  149  191.00000  187.01573  2.09%  96.8 3530s
 387205 258658  188.87007   68  219  191.00000  187.01599  2.09%  96.9 3535s
 387724 258995  187.86308   62  259  191.00000  187.01654  2.09%  96.9 3540s
 388248 259327  187.71406   55  260  191.00000  187.01699  2.09%  96.9 3545s
 388806 259683  187.83456   49  270  191.00000  187.01743  2.09%  96.9 3550s
 389336 260014  188.45483   49  271  191.00000  187.01789  2.08%  96.9 3555s
 389847 260339  187.37505   55  250  191.00000  187.01843  2.08%  96.9 3560s
 390315 260644  187.64439   55  247  191.00000  187.01897  2.08%  96.9 3565s
 390901 261004  187.46531   52  239  191.00000  187.01931  2.08%  96.9 3570s
 391522 261352  187.28442   55  255  191.00000  187.01967  2.08%  96.9 3575s
 392011 261690  188.54574   51  302  191.00000  187.02003  2.08%  96.9 3580s
 392539 262021  188.29332   60  220  191.00000  187.02038  2.08%  96.9 3585s
 393090 262370  187.53154   51  242  191.00000  187.02105  2.08%  96.9 3590s
 393696 262775  189.49714   69  153  191.00000  187.02144  2.08%  96.9 3595s

Cutting planes:
  Gomory: 54
  Cover: 151
  Implied bound: 190
  MIR: 1110
  Mixing: 12
  StrongCG: 5
  Flow cover: 1029
  GUB cover: 8
  Inf proof: 15
  Zero half: 2
  RLT: 61
  Relax-and-lift: 89

Explored 394211 nodes (38206435 simplex iterations) in 3599.96 seconds (3741.71 work units)
Thread count was 1 (of 16 available processors)

Solution count 10: 191 191 192 ... 201

Time limit reached
Warning: max constraint violation (1.0000e-06) exceeds tolerance
Best objective 1.910000000000e+02, best bound 1.880000000000e+02, gap 1.5707%

User-callback calls 1590927, time in user-callback 1.19 sec

 sepatime0
Stat(MathOptInterface.TIME_LIMIT, 191.0, 188.0, 0.015706806282722512, 0.0, 0.04485, 3599.956670999527, 394211, Main.CFLG.LEFPD, "", #undef)
