Data path: /scratch/opt/lxu/CFLG/benchmarks/random_B
Instance: r_25_0.3_98.txt
Result path: /scratch/opt/lxu/CFLG/results/random_B
Solver: Gurobi
Time limit: 7200
Formulation: LEFPV2
Cover: Large
julia --project=. src/main.jl /scratch/opt/lxu/CFLG/benchmarks/random_B r_25_0.3_98.txt /scratch/opt/lxu/CFLG/results/random_B Gurobi 7200 LEFPV2 Large
The latest version of Julia in the `release` channel is 1.11.5+0.x64.linux.gnu. You currently have `1.11.4+0.x64.linux.gnu` installed. Run:

  juliaup update

in your terminal shell to install Julia 1.11.5+0.x64.linux.gnu and update the `release` channel to that version.
/scratch/opt/lxu/CFLG/benchmarks/random_B Gurobi 7200.0 /scratch/opt/lxu/CFLG/results/random_B r_25_0.3_98.txt LEFPV2 Large
/scratch/opt/lxu/CFLG/benchmarks/random_B/r_25_0.3_98.txt

 read graph
data loaded

problem_graph/original graph: node: 25/25 edge: 98/98 dlt: 1.149474872932666 break_avg_len: 0.574737436466333 break_max_len: 0.9903705037781224Set parameter TokenServer to value "solice01.zib.de"
Set parameter Threads to value 1
Set parameter OutputFlag to value 1
Gurobi Optimizer version 12.0.1 build v12.0.1rc0 (linux64 - "Debian GNU/Linux 12 (bookworm)")

CPU model: Intel(R) Xeon(R) Gold 5122 CPU @ 3.60GHz, instruction set [SSE2|AVX|AVX2|AVX512]
Thread count: 8 physical cores, 16 logical processors, using up to 1 threads

Non-default parameters:
Threads  1

Optimize a model with 123 rows, 294 columns and 490 nonzeros
Model fingerprint: 0x6a502b49
Coefficient statistics:
  Matrix range     [1e+00, 1e+00]
  Objective range  [1e+00, 1e+00]
  Bounds range     [1e+00, 1e+00]
  RHS range        [0e+00, 0e+00]
Presolve removed 123 rows and 294 columns
Presolve time: 0.02s
Presolve: All rows and columns removed
Iteration    Objective       Primal Inf.    Dual Inf.      Time
       0   -0.0000000e+00   0.000000e+00   0.000000e+00      0s

Solved in 0 iterations and 0.02 seconds (0.00 work units)
Optimal objective -0.000000000e+00

User-callback calls 35, time in user-callback 0.01 sec
elapsed CPU time: 1.227776 seconds
Set parameter TokenServer to value "solice01.zib.de"
Set parameter Threads to value 1
Set parameter OutputFlag to value 1
Set parameter MIPGap to value 0.0001
Set parameter MIPGapAbs to value 0.999998
Set parameter TimeLimit to value 7198.772224

 more cuts:truefalse
0 0
formulation:LEFPV20 98 25
Set parameter PreCrush to value 1

 model loaded

Gurobi Optimizer version 12.0.1 build v12.0.1rc0 (linux64 - "Debian GNU/Linux 12 (bookworm)")

CPU model: Intel(R) Xeon(R) Gold 5122 CPU @ 3.60GHz, instruction set [SSE2|AVX|AVX2|AVX512]
Thread count: 8 physical cores, 16 logical processors, using up to 1 threads

Non-default parameters:
TimeLimit  7198.772224
MIPGapAbs  0.999998
PreCrush  1
Threads  1

Optimize a model with 9647 rows, 4746 columns and 28718 nonzeros
Model fingerprint: 0x52fc4fdb
Variable types: 221 continuous, 4525 integer (4525 binary)
Coefficient statistics:
  Matrix range     [1e-06, 2e+00]
  Objective range  [1e+00, 1e+00]
  Bounds range     [3e-01, 1e+00]
  RHS range        [3e-01, 1e+01]
Found heuristic solution: objective 24.0000000
Presolve removed 2082 rows and 123 columns
Presolve time: 0.09s
Presolved: 7565 rows, 4623 columns, 26428 nonzeros
Variable types: 123 continuous, 4500 integer (4500 binary)

Root relaxation: objective 4.723861e-01, 2935 iterations, 0.12 seconds (0.25 work units)

    Nodes    |    Current Node    |     Objective Bounds      |     Work
 Expl Unexpl |  Obj  Depth IntInf | Incumbent    BestBd   Gap | It/Node Time

     0     0    0.47239    0  405   24.00000    0.47239  98.0%     -    0s
H    0     0                       7.0000000    0.47239  93.3%     -    0s
H    0     0                       6.0000000    0.47239  92.1%     -    0s
H    0     0                       5.0000000    0.47239  90.6%     -    0s
H    0     0                       4.0000000    0.47239  88.2%     -    0s
elapsed CPU time: 1.3858624076980232e13 seconds
     0     0    0.81085    0  362    4.00000    0.81085  79.7%     -    2s
H    0     0                       3.0000000    0.81150  72.9%     -    3s
elapsed CPU time: 0.455661 seconds
     0     0    0.85663    0  415    3.00000    0.85663  71.4%     -    4s
elapsed CPU time: 1.384374362591147e13 seconds
     0     0    0.85919    0  461    3.00000    0.85919  71.4%     -    4s
elapsed CPU time: 0.473413 seconds
     0     0    0.85919    0  464    3.00000    0.85919  71.4%     -    5s
elapsed CPU time: 0.482495 seconds
     0     0    0.90344    0  594    3.00000    0.90344  69.9%     -    6s
elapsed CPU time: 0.47677 seconds
     0     0    0.90614    0  640    3.00000    0.90614  69.8%     -    6s
elapsed CPU time: 0.471408 seconds
     0     0    0.90614    0  639    3.00000    0.90614  69.8%     -    7s
elapsed CPU time: 0.485382 seconds
     0     0    0.96135    0  650    3.00000    0.96135  68.0%     -    8s
elapsed CPU time: 0.483082 seconds
     0     0    0.96736    0  648    3.00000    0.96736  67.8%     -    8s
elapsed CPU time: 0.477303 seconds
     0     0    0.96744    0  646    3.00000    0.96744  67.8%     -    9s
elapsed CPU time: 0.477105 seconds
     0     0    0.96744    0  644    3.00000    0.96744  67.8%     -    9s
elapsed CPU time: 0.486199 seconds
     0     0    0.96780    0  644    3.00000    0.96780  67.7%     -   10s
elapsed CPU time: 0.491812 seconds
     0     0    0.96780    0  462    3.00000    0.96780  67.7%     -   11s
elapsed CPU time: 0.477892 seconds
elapsed CPU time: 0.48581 seconds
     0     2    1.00000    0  462    3.00000    1.00000  66.7%     -   12s
   209   171    1.85714   42   84    3.00000    1.00000  66.7%   105   15s
   614   451    2.00000   94  462    3.00000    1.00276  66.6%  81.9   25s
   626   459    2.00000   25  629    3.00000    1.01555  66.1%  80.3   30s
   638   467    2.00000   31  720    3.00000    1.03905  65.4%  78.8   35s
   647   473    1.68400   77  820    3.00000    1.04293  65.2%  77.7   41s
   651   476    1.70000   34  842    3.00000    1.04359  65.2%  77.2   45s
   690   504    1.50000   31  143    3.00000    1.10850  63.0%   205   50s
H  730   430                       2.0000000    1.31250  34.4%   220   51s

Cutting planes:
  Cover: 3
  Implied bound: 2
  MIR: 1
  Flow cover: 17
  GUB cover: 27
  Zero half: 14
  Mod-K: 2
  RLT: 7
  Relax-and-lift: 2

Explored 731 nodes (177369 simplex iterations) in 51.75 seconds (43.42 work units)
Thread count was 1 (of 16 available processors)

Solution count 10: 2 3 3 ... 24

Optimal solution found (tolerance 1.00e-04)
Best objective 2.000000000000e+00, best bound 2.000000000000e+00, gap 0.0000%

User-callback calls 12403, time in user-callback 9.23 sec

 sepatime2.770236770289792e13 0 0
2.0Stat(MathOptInterface.OPTIMAL, 2.0, 2.0, 0.0, 2.770236770289792e13, 1.227776, 51.74724197387695, 731, Main.CFLG.LEFPV2, "", #undef)
