Data path: /scratch/opt/lxu/CFLG/benchmarks/random_B
Instance: r_25_0.3_98.txt
Result path: /scratch/opt/lxu/CFLG/results/random_B
Solver: Gurobi
Time limit: 7200
Formulation: LEFPD
Cover: Large
julia --project=. src/main.jl /scratch/opt/lxu/CFLG/benchmarks/random_B r_25_0.3_98.txt /scratch/opt/lxu/CFLG/results/random_B Gurobi 7200 LEFPD Large
The latest version of Julia in the `release` channel is 1.11.5+0.x64.linux.gnu. You currently have `1.11.4+0.x64.linux.gnu` installed. Run:

  juliaup update

in your terminal shell to install Julia 1.11.5+0.x64.linux.gnu and update the `release` channel to that version.
/scratch/opt/lxu/CFLG/benchmarks/random_B Gurobi 7200.0 /scratch/opt/lxu/CFLG/results/random_B r_25_0.3_98.txt LEFPD Large
/scratch/opt/lxu/CFLG/benchmarks/random_B/r_25_0.3_98.txt

 read graph
data loaded

problem_graph/original graph: node: 25/25 edge: 98/98 dlt: 1.149474872932666 break_avg_len: 0.574737436466333 break_max_len: 0.9903705037781224Set parameter TokenServer to value "solice01.zib.de"
Set parameter Threads to value 1
Set parameter OutputFlag to value 1
Gurobi Optimizer version 12.0.1 build v12.0.1rc0 (linux64 - "Debian GNU/Linux 12 (bookworm)")

CPU model: Intel(R) Xeon(R) Gold 5122 CPU @ 3.60GHz, instruction set [SSE2|AVX|AVX2|AVX512]
Thread count: 8 physical cores, 16 logical processors, using up to 1 threads

Non-default parameters:
Threads  1

Optimize a model with 123 rows, 294 columns and 490 nonzeros
Model fingerprint: 0x6a502b49
Coefficient statistics:
  Matrix range     [1e+00, 1e+00]
  Objective range  [1e+00, 1e+00]
  Bounds range     [1e+00, 1e+00]
  RHS range        [0e+00, 0e+00]
Presolve removed 123 rows and 294 columns
Presolve time: 0.02s
Presolve: All rows and columns removed
Iteration    Objective       Primal Inf.    Dual Inf.      Time
       0   -0.0000000e+00   0.000000e+00   0.000000e+00      0s

Solved in 0 iterations and 0.02 seconds (0.00 work units)
Optimal objective -0.000000000e+00

User-callback calls 35, time in user-callback 0.01 sec
elapsed CPU time: 1.285427 seconds
Set parameter TokenServer to value "solice01.zib.de"
Set parameter Threads to value 1
Set parameter OutputFlag to value 1
Set parameter MIPGap to value 0.0001
Set parameter MIPGapAbs to value 0.999998
Set parameter TimeLimit to value 7198.714573

 more cuts:falsefalse
0 0
formulation:LEFPD0 98 25

 model loaded

Gurobi Optimizer version 12.0.1 build v12.0.1rc0 (linux64 - "Debian GNU/Linux 12 (bookworm)")

CPU model: Intel(R) Xeon(R) Gold 5122 CPU @ 3.60GHz, instruction set [SSE2|AVX|AVX2|AVX512]
Thread count: 8 physical cores, 16 logical processors, using up to 1 threads

Non-default parameters:
TimeLimit  7198.714573
MIPGapAbs  0.999998
Threads  1

Optimize a model with 13951 rows, 9050 columns and 41605 nonzeros
Model fingerprint: 0x4f13e599
Variable types: 4525 continuous, 4525 integer (4525 binary)
Coefficient statistics:
  Matrix range     [2e-04, 1e+00]
  Objective range  [1e+00, 1e+00]
  Bounds range     [3e-01, 1e+00]
  RHS range        [3e-01, 1e+01]
Found heuristic solution: objective 24.0000000
Presolve removed 4434 rows and 592 columns
Presolve time: 0.21s
Presolved: 9517 rows, 8458 columns, 35597 nonzeros
Variable types: 4185 continuous, 4273 integer (4273 binary)

Root relaxation: objective 7.799808e-01, 7259 iterations, 0.42 seconds (0.71 work units)

    Nodes    |    Current Node    |     Objective Bounds      |     Work
 Expl Unexpl |  Obj  Depth IntInf | Incumbent    BestBd   Gap | It/Node Time

     0     0    0.77998    0  444   24.00000    0.77998  96.8%     -    0s
H    0     0                      17.0000000    0.77998  95.4%     -    0s
     0     0    0.80552    0  424   17.00000    0.80552  95.3%     -    1s
H    0     0                      16.0000000    0.80664  95.0%     -    1s
     0     0    0.81035    0  394   16.00000    0.81035  94.9%     -    1s
     0     0    0.81295    0  413   16.00000    0.81295  94.9%     -    2s
H    0     0                      15.0000000    0.81308  94.6%     -    2s
H    0     0                      14.0000000    0.81308  94.2%     -    2s
     0     0    0.81407    0  399   14.00000    0.81407  94.2%     -    2s
     0     0    0.81898    0  564   14.00000    0.81898  94.2%     -    2s
     0     0    0.82093    0  501   14.00000    0.82093  94.1%     -    3s
     0     0    0.82768    0  523   14.00000    0.82768  94.1%     -    3s
     0     0    0.82899    0  598   14.00000    0.82899  94.1%     -    4s
     0     0    0.83270    0  584   14.00000    0.83270  94.1%     -    4s
H    0     0                      13.0000000    0.83273  93.6%     -    4s
     0     0    0.83279    0  632   13.00000    0.83279  93.6%     -    4s
     0     0    0.83357    0  635   13.00000    0.83357  93.6%     -    4s
H    0     0                      11.0000000    0.83360  92.4%     -    5s
H    0     0                      10.0000000    0.83360  91.7%     -    5s
     0     0    0.83374    0  591   10.00000    0.83374  91.7%     -    5s
     0     0    0.83475    0  650   10.00000    0.83475  91.7%     -    5s
     0     0    0.83504    0  628   10.00000    0.83504  91.6%     -    5s
     0     0    0.83621    0  701   10.00000    0.83621  91.6%     -    5s
     0     0    0.83670    0  751   10.00000    0.83670  91.6%     -    5s
     0     0    0.83780    0  681   10.00000    0.83780  91.6%     -    6s
H    0     0                       5.0000000    0.83784  83.2%     -    6s
     0     0    0.83831    0  800    5.00000    0.83831  83.2%     -    6s
     0     0    0.83913    0  749    5.00000    0.83913  83.2%     -    6s
H    0     0                       4.0000000    0.83922  79.0%     -    6s
     0     0    0.83963    0  726    4.00000    0.83963  79.0%     -    7s
     0     0    0.84048    0  732    4.00000    0.84048  79.0%     -    7s
     0     0    0.84050    0  731    4.00000    0.84050  79.0%     -    7s
     0     0    0.84127    0  762    4.00000    0.84127  79.0%     -    7s
H    0     0                       3.0000000    0.84130  72.0%     -    8s
     0     0    0.84130    0  797    3.00000    0.84130  72.0%     -    8s
     0     0    0.84189    0  743    3.00000    0.84189  71.9%     -    8s
     0     0    0.84208    0  840    3.00000    0.84208  71.9%     -    8s
     0     0    0.84280    0  731    3.00000    0.84280  71.9%     -    8s
     0     0    0.84283    0  759    3.00000    0.84283  71.9%     -    9s
     0     0    0.84319    0  837    3.00000    0.84319  71.9%     -    9s
     0     0    0.84324    0  857    3.00000    0.84324  71.9%     -    9s
     0     0    0.84347    0  952    3.00000    0.84347  71.9%     -    9s
     0     0    0.84347    0  888    3.00000    0.84347  71.9%     -   10s
     0     2    1.00000    0  888    3.00000    1.00000  66.7%     -   10s
   202   165    1.47934   60  162    3.00000    1.00000  66.7%   147   15s
H  385    52                       2.0000000    1.00000  50.0%   130   17s

Cutting planes:
  Cover: 8
  Implied bound: 12
  MIR: 32
  Flow cover: 2
  RLT: 52
  Relax-and-lift: 187
  BQP: 261

Explored 438 nodes (72522 simplex iterations) in 17.99 seconds (17.41 work units)
Thread count was 1 (of 16 available processors)

Solution count 10: 2 3 4 ... 16

Optimal solution found (tolerance 1.00e-04)
Best objective 2.000000000000e+00, best bound 2.000000000000e+00, gap 0.0000%

User-callback calls 4692, time in user-callback 0.01 sec

 sepatime0
2.0Stat(MathOptInterface.OPTIMAL, 2.0, 2.0, 0.0, 0.0, 1.285427, 17.98749017715454, 438, Main.CFLG.LEFPD, "", #undef)
