Data path: /scratch/opt/lxu/CFLG/benchmarks/Kgroup_A
Instance: K100.9.red
Result path: /scratch/opt/lxu/CFLG/results/Kgroup_A
Solver: Gurobi
Time limit: 7200
Formulation: LEFPAD
Cover: Large
julia --project=. src/main.jl /scratch/opt/lxu/CFLG/benchmarks/Kgroup_A K100.9.red /scratch/opt/lxu/CFLG/results/Kgroup_A Gurobi 7200 LEFPAD Large
The latest version of Julia in the `release` channel is 1.11.5+0.x64.linux.gnu. You currently have `1.11.4+0.x64.linux.gnu` installed. Run:

  juliaup update

in your terminal shell to install Julia 1.11.5+0.x64.linux.gnu and update the `release` channel to that version.
/scratch/opt/lxu/CFLG/benchmarks/Kgroup_A Gurobi 7200.0 /scratch/opt/lxu/CFLG/results/Kgroup_A K100.9.red LEFPAD Large
/scratch/opt/lxu/CFLG/benchmarks/Kgroup_A/K100.9.red

 read graph
data loaded


after absorb:21 22

max_piece:4
problem_graph/original graph: node: 30/22 edge: 78/70 dlt: 0.5840503453289713 break_avg_len: 0.2620738729040255 break_max_len: 0.584049761278626Vbar/V, Ebar/E(30, 30, 78, 78)
Set parameter TokenServer to value "solice01.zib.de"
Set parameter Threads to value 1
Set parameter OutputFlag to value 1
Gurobi Optimizer version 12.0.1 build v12.0.1rc0 (linux64 - "Debian GNU/Linux 12 (bookworm)")

CPU model: Intel(R) Xeon(R) Gold 5222 CPU @ 3.80GHz, instruction set [SSE2|AVX|AVX2|AVX512]
Thread count: 8 physical cores, 16 logical processors, using up to 1 threads

Non-default parameters:
Threads  1

Optimize a model with 108 rows, 234 columns and 390 nonzeros
Model fingerprint: 0xdde997dd
Coefficient statistics:
  Matrix range     [1e+00, 1e+00]
  Objective range  [1e+00, 1e+00]
  Bounds range     [1e+00, 1e+00]
  RHS range        [0e+00, 0e+00]
Presolve removed 108 rows and 234 columns
Presolve time: 0.00s
Presolve: All rows and columns removed
Iteration    Objective       Primal Inf.    Dual Inf.      Time
       0   -0.0000000e+00   0.000000e+00   0.000000e+00      0s

Solved in 0 iterations and 0.00 seconds (0.00 work units)
Optimal objective -0.000000000e+00

User-callback calls 35, time in user-callback 0.00 sec
elapsed CPU time: 1.077803 seconds
Set parameter TokenServer to value "solice01.zib.de"
Set parameter Threads to value 1
Set parameter OutputFlag to value 1
Set parameter MIPGap to value 0.0001
Set parameter MIPGapAbs to value 0.999998
Set parameter TimeLimit to value 7198.922197

 more cuts: false 0.5840503453289713 false
is_attach:trueformulation:LEFPAD0 78 0

 model loaded

Gurobi Optimizer version 12.0.1 build v12.0.1rc0 (linux64 - "Debian GNU/Linux 12 (bookworm)")

CPU model: Intel(R) Xeon(R) Gold 5222 CPU @ 3.80GHz, instruction set [SSE2|AVX|AVX2|AVX512]
Thread count: 8 physical cores, 16 logical processors, using up to 1 threads

Non-default parameters:
TimeLimit  7198.922197
MIPGapAbs  0.999998
Threads  1

Optimize a model with 7429 rows, 4860 columns and 21933 nonzeros
Model fingerprint: 0x505c1479
Variable types: 2415 continuous, 2445 integer (2445 binary)
Coefficient statistics:
  Matrix range     [6e-07, 1e+00]
  Objective range  [1e+00, 1e+00]
  Bounds range     [2e-02, 6e-01]
  RHS range        [2e-02, 1e+00]
Found heuristic solution: objective 23.0000000
Presolve removed 2213 rows and 420 columns
Presolve time: 0.07s
Presolved: 5216 rows, 4440 columns, 18778 nonzeros
Variable types: 2202 continuous, 2238 integer (2238 binary)

Root relaxation: objective 1.306850e+00, 3615 iterations, 0.10 seconds (0.18 work units)

    Nodes    |    Current Node    |     Objective Bounds      |     Work
 Expl Unexpl |  Obj  Depth IntInf | Incumbent    BestBd   Gap | It/Node Time

     0     0    1.30685    0  212   23.00000    1.30685  94.3%     -    0s
H    0     0                       9.0000017    1.30685  85.5%     -    0s
     0     0    1.45581    0  331    9.00000    1.45581  83.8%     -    0s
H    0     0                       8.0000000    1.46052  81.7%     -    0s
     0     0    1.46052    0  330    8.00000    1.46052  81.7%     -    0s
     0     0    1.51147    0  299    8.00000    1.51147  81.1%     -    0s
H    0     0                       4.0000000    1.51558  62.1%     -    0s
     0     0    1.51599    0  301    4.00000    1.51599  62.1%     -    0s
     0     0    1.59064    0  376    4.00000    1.59064  60.2%     -    0s
     0     0    1.62144    0  275    4.00000    1.62144  59.5%     -    0s
     0     0    1.66221    0  254    4.00000    1.66221  58.4%     -    0s
     0     0    1.68853    0  321    4.00000    1.68853  57.8%     -    1s
     0     0    1.72173    0  357    4.00000    1.72173  57.0%     -    1s
     0     0    1.72204    0  375    4.00000    1.72204  56.9%     -    1s
     0     0    1.72251    0  377    4.00000    1.72251  56.9%     -    1s
     0     0    1.72251    0  381    4.00000    1.72251  56.9%     -    1s
     0     0    1.73396    0  350    4.00000    1.73396  56.7%     -    1s
     0     0    1.73493    0  399    4.00000    1.73493  56.6%     -    1s
     0     0    1.73507    0  410    4.00000    1.73507  56.6%     -    1s
     0     0    1.74339    0  369    4.00000    1.74339  56.4%     -    1s
     0     0    1.74391    0  398    4.00000    1.74391  56.4%     -    1s
     0     0    1.74441    0  436    4.00000    1.74441  56.4%     -    1s
     0     0    1.74556    0  449    4.00000    1.74556  56.4%     -    1s
     0     0    1.74556    0  451    4.00000    1.74556  56.4%     -    1s
     0     0    1.75433    0  422    4.00000    1.75433  56.1%     -    1s
     0     0    1.75760    0  452    4.00000    1.75760  56.1%     -    1s
     0     0    1.75781    0  449    4.00000    1.75781  56.1%     -    1s
     0     0    1.75781    0  450    4.00000    1.75781  56.1%     -    1s
     0     0    1.76021    0  402    4.00000    1.76021  56.0%     -    1s
     0     0    1.76069    0  413    4.00000    1.76069  56.0%     -    1s
     0     0    1.76069    0  413    4.00000    1.76069  56.0%     -    1s
     0     0    1.76125    0  417    4.00000    1.76125  56.0%     -    1s
     0     0    1.77410    0  355    4.00000    1.77410  55.6%     -    1s
H    0     0                       3.0000000    1.77438  40.9%     -    2s
     0     0    1.77438    0  148    3.00000    1.77438  40.9%     -    2s
     0     0    1.77438    0  193    3.00000    1.77438  40.9%     -    2s
     0     0    1.77438    0  193    3.00000    1.77438  40.9%     -    2s
     0     0    1.80897    0  219    3.00000    1.80897  39.7%     -    2s
     0     0    1.85640    0  258    3.00000    1.85640  38.1%     -    2s
     0     0    1.91204    0  255    3.00000    1.91204  36.3%     -    2s
     0     0    1.94039    0  193    3.00000    1.94039  35.3%     -    2s
     0     0 infeasible    0         3.00000    3.00000  0.00%     -    2s

Cutting planes:
  Gomory: 2
  Cover: 22
  Implied bound: 22
  MIR: 31
  Flow cover: 14
  GUB cover: 5
  Zero half: 4
  RLT: 25
  Relax-and-lift: 13
  BQP: 93

Explored 1 nodes (14933 simplex iterations) in 2.80 seconds (2.79 work units)
Thread count was 1 (of 16 available processors)

Solution count 6: 3 3 4 ... 23

Optimal solution found (tolerance 1.00e-04)
Best objective 3.000000000000e+00, best bound 3.000000000000e+00, gap 0.0000%

User-callback calls 1217, time in user-callback 0.00 sec

 sepatime0 0 0
3.0Stat(MathOptInterface.OPTIMAL, 3.0, 3.0, 0.0, 0.0, 1.077803, 2.797179937362671, 1, Main.CFLG.LEFPAD, "", #undef)
