Data path: /scratch/opt/lxu/CFLG/benchmarks/random_A
Instance: r_15_0.4_45.txt
Result path: /scratch/opt/lxu/CFLG/results/random_A
Solver: Gurobi
Time limit: 3600
Formulation: EVFP
Cover: Small
julia --project=. src/main.jl /scratch/opt/lxu/CFLG/benchmarks/random_A r_15_0.4_45.txt /scratch/opt/lxu/CFLG/results/random_A Gurobi 3600 EVFP Small
The latest version of Julia in the `release` channel is 1.11.5+0.x64.linux.gnu. You currently have `1.11.4+0.x64.linux.gnu` installed. Run:

  juliaup update

in your terminal shell to install Julia 1.11.5+0.x64.linux.gnu and update the `release` channel to that version.
/scratch/opt/lxu/CFLG/benchmarks/random_A Gurobi 3600.0 /scratch/opt/lxu/CFLG/results/random_A r_15_0.4_45.txt EVFP Small
/scratch/opt/lxu/CFLG/benchmarks/random_A/r_15_0.4_45.txt

 read graph
data loaded


after absorb:15 15

max_piece:5
problem_graph/original graph: node: 130/15 edge: 160/45 dlt: 0.22273206055317676 break_avg_len: 0.18982846069873022 break_max_len: 0.2225185609502351elapsed CPU time: 0.051495 seconds
Set parameter TokenServer to value "solice01.zib.de"
Set parameter Threads to value 1
Set parameter OutputFlag to value 1
Set parameter MIPGap to value 0.0001
Set parameter MIPGapAbs to value 1
Set parameter TimeLimit to value 3599.948505
vertex var

 model loaded

Gurobi Optimizer version 12.0.1 build v12.0.1rc0 (linux64 - "Debian GNU/Linux 12 (bookworm)")

CPU model: Intel(R) Xeon(R) Gold 5122 CPU @ 3.60GHz, instruction set [SSE2|AVX|AVX2|AVX512]
Thread count: 8 physical cores, 16 logical processors, using up to 1 threads

Non-default parameters:
TimeLimit  3599.948505
MIPGapAbs  1
Threads  1

Optimize a model with 5038 rows, 2554 columns and 13664 nonzeros
Model fingerprint: 0x765bc2e1
Variable types: 290 continuous, 2264 integer (2264 binary)
Coefficient statistics:
  Matrix range     [8e-02, 1e+00]
  Objective range  [1e+00, 1e+00]
  Bounds range     [2e-01, 2e-01]
  RHS range        [2e-01, 7e+00]
Found heuristic solution: objective 160.0000000
Presolve removed 915 rows and 236 columns
Presolve time: 0.10s
Presolved: 4123 rows, 2318 columns, 19263 nonzeros
Variable types: 290 continuous, 2028 integer (2028 binary)

Root relaxation: objective 2.892254e+01, 2929 iterations, 0.10 seconds (0.12 work units)

    Nodes    |    Current Node    |     Objective Bounds      |     Work
 Expl Unexpl |  Obj  Depth IntInf | Incumbent    BestBd   Gap | It/Node Time

     0     0   28.92254    0 1066  160.00000   28.92254  81.9%     -    0s
H    0     0                      90.0000000   28.92254  67.9%     -    0s
H    0     0                      81.0000000   28.92254  64.3%     -    0s
     0     0   34.31424    0  889   81.00000   34.31424  57.6%     -    0s
H    0     0                      80.0000000   34.31945  57.1%     -    0s
H    0     0                      78.0000000   34.31945  56.0%     -    0s
     0     0   34.74931    0  777   78.00000   34.74931  55.4%     -    0s
     0     0   34.83019    0  774   78.00000   34.83019  55.3%     -    0s
     0     0   34.86802    0  759   78.00000   34.86802  55.3%     -    0s
     0     0   34.87155    0  733   78.00000   34.87155  55.3%     -    0s
     0     0   34.87162    0  758   78.00000   34.87162  55.3%     -    0s
     0     0   36.96892    0  645   78.00000   36.96892  52.6%     -    0s
H    0     0                      76.0000000   36.96892  51.4%     -    0s
H    0     0                      75.0000000   36.96892  50.7%     -    0s
     0     0   37.11198    0  697   75.00000   37.11198  50.5%     -    1s
     0     0   37.20107    0  674   75.00000   37.20107  50.4%     -    1s
     0     0   37.21735    0  703   75.00000   37.21735  50.4%     -    1s
     0     0   37.24485    0  721   75.00000   37.24485  50.3%     -    1s
     0     0   37.24669    0  709   75.00000   37.24669  50.3%     -    1s
     0     0   38.20309    0  625   75.00000   38.20309  49.1%     -    1s
H    0     0                      67.0000000   38.20309  43.0%     -    1s
     0     0   38.30151    0  615   67.00000   38.30151  42.8%     -    1s
     0     0   38.30594    0  644   67.00000   38.30594  42.8%     -    1s
     0     0   38.30766    0  606   67.00000   38.30766  42.8%     -    1s
     0     0   39.00000    0  608   67.00000   39.00000  41.8%     -    1s
H    0     0                      66.0000000   39.00000  40.9%     -    1s
H    0     0                      65.0000000   39.00000  40.0%     -    1s
     0     0   39.00000    0  610   65.00000   39.00000  40.0%     -    1s
     0     0   39.00897    0  622   65.00000   39.00897  40.0%     -    1s
H    0     0                      64.0000000   39.00897  39.0%     -    1s
H    0     0                      60.0000000   39.00897  35.0%     -    1s
     0     0   39.02070    0  619   60.00000   39.02070  35.0%     -    1s
     0     0   39.02104    0  600   60.00000   39.02104  35.0%     -    1s
     0     0   39.15431    0  692   60.00000   39.15431  34.7%     -    1s
H    0     0                      59.0000000   39.15431  33.6%     -    2s
     0     0   39.16828    0  682   59.00000   39.16828  33.6%     -    2s
     0     0   39.21688    0  662   59.00000   39.21688  33.5%     -    2s
     0     0   39.21765    0  695   59.00000   39.21765  33.5%     -    2s
     0     0   39.42965    0  734   59.00000   39.42965  33.2%     -    2s
H    0     0                      58.0000000   39.42965  32.0%     -    2s
     0     0   39.45730    0  669   58.00000   39.45730  32.0%     -    2s
     0     0   39.46972    0  722   58.00000   39.46972  31.9%     -    2s
     0     0   39.47102    0  691   58.00000   39.47102  31.9%     -    2s
     0     0   39.56198    0  659   58.00000   39.56198  31.8%     -    2s
     0     0   39.58432    0  726   58.00000   39.58432  31.8%     -    2s
     0     0   39.58432    0  713   58.00000   39.58432  31.8%     -    2s
     0     0   39.59122    0  732   58.00000   39.59122  31.7%     -    2s
     0     0   39.59336    0  671   58.00000   39.59336  31.7%     -    2s
     0     0   39.61177    0  700   58.00000   39.61177  31.7%     -    2s
     0     0   39.62259    0  613   58.00000   39.62259  31.7%     -    2s
     0     2   39.62259    0  549   58.00000   39.62259  31.7%     -    3s
H  104    95                      57.0000000   39.62259  30.5%   161    4s
   130   119   46.70774   96  312   57.00000   39.62259  30.5%   147    5s
   554   496   48.92749  144  487   57.00000   41.86182  26.6%  74.9   10s
H  581   487                      56.0000000   45.14369  19.4%  71.4   13s
H  592   469                      55.0000000   45.88792  16.6%  70.1   14s
   597   473   49.50115  162  495   55.00000   45.88792  16.6%  69.5   15s
   636   499   50.77970  172  705   55.00000   46.60426  15.3%  65.2   20s
   676   525   50.24396  134  657   55.00000   47.51007  13.6%  61.4   25s
   727   559   48.85637  156  689   55.00000   48.07525  12.6%  57.1   30s
   770   590   48.22558   69  699   55.00000   48.22558  12.3%   227   35s
   800   610   48.29504   42  737   55.00000   48.29504  12.2%   218   40s
   844   639   48.82835  142  603   55.00000   48.61066  11.6%   207   45s
   876   660   50.24396  134  746   55.00000   48.66666  11.5%   199   50s
   907   682   51.00319  171  649   55.00000   48.69135  11.5%   283   55s
   953   715   49.21594   44  532   55.00000   48.70620  11.4%   314   60s
  1200   837   50.20536   62  355   55.00000   48.70620  11.4%   286   65s
H 1223   783                      54.0000000   48.70620  9.80%   284   65s
  1514   933   50.33326   54  438   54.00000   48.73823  9.74%   260   70s
  1753  1046   49.55600   44  436   54.00000   48.77141  9.68%   253   75s
  2083  1181   48.96859   37  613   54.00000   48.78377  9.66%   238   80s
  2370  1339   51.21696   57  374   54.00000   48.79124  9.65%   232   85s
H 2440  1026                      53.0000000   48.79124  7.94%   229   85s
  2640  1136   51.87903   86  230   53.00000   48.81430  7.90%   231   90s
  2920  1298   49.50000   49  327   53.00000   48.82018  7.89%   228   95s
  3107  1457   50.79682   49  458   53.00000   48.82939  7.87%   232  100s
  3365  1658   49.22307   41  578   53.00000   48.84601  7.84%   228  105s
  3582  1821   49.32380   43  593   53.00000   48.86681  7.80%   228  110s
  3853  2024   49.30743   39  375   53.00000   48.88639  7.76%   226  115s
  4152  2239   49.91919   49  341   53.00000   48.90096  7.73%   223  120s
  4467  2480   49.23371   41  522   53.00000   48.90562  7.73%   222  125s
  4762  2718   50.09006   55  385   53.00000   48.91365  7.71%   220  130s
  5038  2928   50.05970   55  403   53.00000   48.92324  7.69%   219  135s
  5344  3156     cutoff   79        53.00000   48.93092  7.68%   218  140s
  5676  3406   50.59105   51  313   53.00000   48.94266  7.66%   218  145s
  5978  3624   50.39101   48  395   53.00000   48.95256  7.64%   219  150s
  6287  3852   50.95314   51  283   53.00000   48.96821  7.61%   219  155s
  6610  4088   49.94197   51  404   53.00000   48.97467  7.59%   218  160s
  6973  4357   50.48570   73  380   53.00000   48.98393  7.58%   217  165s
  7259  4596   49.66270   46  389   53.00000   48.98771  7.57%   218  170s
  7534  4798   49.51702   43  470   53.00000   48.99738  7.55%   219  175s
  7916  5078   49.88048   46  348   53.00000   49.00107  7.55%   217  180s
  8003  5141   49.36392   41  587   53.00000   49.00239  7.54%   217  185s
  8233  5313   50.39130   56  440   53.00000   49.00916  7.53%   219  190s
  8554  5535   49.18546   40  613   53.00000   49.01370  7.52%   218  195s
  8817  5732   50.63107   57  380   53.00000   49.02091  7.51%   219  200s
  9109  5947   51.60708   70  288   53.00000   49.02732  7.50%   219  205s
  9325  6110   51.96790   66  280   53.00000   49.02880  7.49%   219  210s
  9542  6263   50.00000   45  373   53.00000   49.03843  7.47%   219  215s
  9751  6415   50.93150   46  491   53.00000   49.04173  7.47%   220  220s
  9984  6598   51.45005   78  262   53.00000   49.04733  7.46%   220  225s
 10203  6758   49.49171   46  613   53.00000   49.05176  7.45%   220  248s
 10217  6767   49.78594   47  657   53.00000   49.05176  7.45%   220  250s
 10232  6777   49.48483   40  669   53.00000   49.05176  7.45%   220  255s
 10251  6790   50.24416   57  643   53.00000   49.05176  7.45%   219  260s
 10265  6799   49.08295   41  666   53.00000   49.05176  7.45%   219  265s
 10281  6810   51.88950   77  787   53.00000   49.05176  7.45%   219  270s
 10293  6818   51.00224   61  712   53.00000   49.05176  7.45%   218  275s
 10306  6827   50.60424   65  797   53.00000   49.05176  7.45%   218  280s
 10319  6835   49.87747   48  696   53.00000   49.05176  7.45%   218  285s
 10332  6844   49.48483   40  769   53.00000   49.05176  7.45%   218  290s
 10343  6851   49.26873   43  723   53.00000   49.05176  7.45%   217  295s
 10358  6861   50.60607   56  784   53.00000   49.07399  7.41%   217  300s
 10369  6869   49.88821   44  758   53.00000   49.07858  7.40%   217  305s
 10381  6877   51.88950   77  777   53.00000   49.10177  7.36%   217  310s
 10395  6886   49.14710   43  755   53.00000   49.12359  7.31%   216  315s
 10405  6893   50.86816   74  807   53.00000   49.12359  7.31%   216  320s
 10420  6903   50.56083   66  776   53.00000   49.15387  7.26%   216  325s
 10431  6910   49.16634   36  750   53.00000   49.16634  7.23%   216  330s
 10447  6921   50.80822   56  692   53.00000   49.27513  7.03%   215  335s
 10464  6932   49.85249   47  733   53.00000   49.29195  7.00%   215  340s
 10476  6940   51.04516   64  736   53.00000   49.29725  6.99%   215  345s
 10488  6948   51.73140   70  719   53.00000   49.31185  6.96%   214  350s
 10500  6956   51.46856   77  773   53.00000   49.32316  6.94%   214  355s
 10513  6965   49.58119   49  821   53.00000   49.33287  6.92%   214  360s
 10554  6991   51.32313   59  366   53.00000   49.36960  6.85%   234  365s
 10643  7020     cutoff   74        53.00000   49.37063  6.85%   234  370s
 10746  7054   49.70291   49  551   53.00000   49.46476  6.67%   234  375s
 10871  7117   51.17714   69  306   53.00000   49.46831  6.66%   235  380s
 10991  7152   51.71209   72  275   53.00000   49.63253  6.35%   236  385s
 11114  7187   50.24376   47  440   53.00000   49.65478  6.31%   236  390s
 11232  7241   50.88558   58  425   53.00000   49.66663  6.29%   236  395s
 11334  7279   50.15930   53  674   53.00000   49.68186  6.26%   237  400s
 11438  7320   50.57160   60  456   53.00000   49.70511  6.22%   238  405s
 11537  7359   50.23920   52  503   53.00000   49.73182  6.17%   238  410s
 11671  7423   50.98411   68  322   53.00000   49.73882  6.15%   239  415s
 11813  7463   51.39220   55  258   53.00000   49.76203  6.11%   239  420s
 11921  7484   49.91238   46  772   53.00000   49.76516  6.10%   240  425s
 12030  7519   50.53790   58  443   53.00000   49.77777  6.08%   240  430s
 12148  7555   50.73340   52  482   53.00000   49.78163  6.07%   240  435s
 12281  7586   51.14286   65  288   53.00000   49.78715  6.06%   241  440s
 12379  7606   49.95540   47  711   53.00000   49.79090  6.05%   241  445s
 12511  7648   49.91949   48  690   53.00000   49.80111  6.04%   241  450s
 12677  7707     cutoff   80        53.00000   49.82699  5.99%   240  455s
 12813  7719   50.75039   62  421   53.00000   49.83827  5.97%   241  460s
 13016  7783   51.40362   60  376   53.00000   49.84579  5.95%   240  465s
 13150  7823   51.22642   58  333   53.00000   49.87149  5.90%   240  470s
 13247  7860   51.06261   54  431   53.00000   49.88645  5.87%   241  475s
 13385  7892   50.78535   53  460   53.00000   49.89194  5.86%   241  480s
 13537  7932   50.55725   50  577   53.00000   49.89513  5.86%   242  485s
 13742  7954   50.26966   51  694   53.00000   49.90673  5.84%   242  490s
 13942  8032   52.00000   63  305   53.00000   49.91871  5.81%   241  495s
 14116  8074   50.73149   58  400   53.00000   49.92587  5.80%   241  500s
 14274  8127   51.96944   80  310   53.00000   49.93238  5.79%   241  505s
 14482  8193   52.00000   82  198   53.00000   49.93936  5.77%   242  510s
 14679  8233   50.72562   55  602   53.00000   49.95214  5.75%   243  515s
 14807  8258   50.27665   51  538   53.00000   49.95713  5.74%   244  520s
 14916  8303   51.33856   60  337   53.00000   49.96177  5.73%   245  525s
 15072  8335     cutoff   64        53.00000   49.96891  5.72%   246  530s
 15262  8367   51.41225   65  393   53.00000   49.97980  5.70%   247  535s
 15418  8417   51.76938   66  342   53.00000   49.98278  5.69%   248  540s
 15588  8439   50.20122   54  591   53.00000   49.98990  5.68%   249  545s
 15799  8485   50.47985   56  595   53.00000   50.00000  5.66%   249  550s
 16022  8541   51.63444   66  428   53.00000   50.00519  5.65%   250  555s
 16230  8596     cutoff   82        53.00000   50.01834  5.63%   250  560s
 16375  8633   50.83718   53  391   53.00000   50.02735  5.61%   251  565s
 16571  8693   51.92086   57  345   53.00000   50.03487  5.59%   252  570s
 16770  8717   50.81602   53  528   53.00000   50.04188  5.58%   253  575s
 16947  8763     cutoff   74        53.00000   50.04909  5.57%   254  580s
 17135  8789   50.64231   59  561   53.00000   50.05350  5.56%   255  585s
 17322  8851   51.30734   67  391   53.00000   50.06152  5.54%   255  590s
 17540  8897   50.69928   59  471   53.00000   50.06820  5.53%   256  595s
 17687  8944   51.51270   56  548   53.00000   50.07685  5.52%   257  600s
 17865  8981   50.11003   52  665   53.00000   50.08267  5.50%   257  605s
 18029  9029   51.50000   65  292   53.00000   50.08916  5.49%   258  610s
 18211  9087   50.27960   48  752   53.00000   50.09265  5.49%   259  615s
 18402  9131   52.00000   79  231   53.00000   50.09585  5.48%   259  620s
 18578  9174   51.38555   55  497   53.00000   50.10299  5.47%   260  625s
 18803  9222   51.20921   51  510   53.00000   50.10590  5.46%   261  630s
 19002  9280   51.22414   48  682   53.00000   50.11124  5.45%   261  635s
 19179  9323   50.96899   63  396   53.00000   50.11755  5.44%   262  640s
 19290  9348   51.31605   63  262   53.00000   50.12054  5.43%   262  645s
 19441  9386   51.79212   53  444   53.00000   50.12477  5.42%   263  650s
 19664  9405   50.41354   48  786   53.00000   50.12945  5.42%   264  655s
 19838  9456   51.54167   63  280   53.00000   50.13230  5.41%   265  660s
 20027  9515   51.14850   70  307   53.00000   50.13771  5.40%   265  665s
 20209  9536     cutoff   81        53.00000   50.13915  5.40%   266  670s
 20387  9564   50.65317   51  607   53.00000   50.14304  5.39%   266  675s
 20597  9618   51.94266   64  288   53.00000   50.14783  5.38%   266  680s
 20804  9638   50.89219   50  674   53.00000   50.15438  5.37%   267  685s
 20940  9650   51.13237   56  390   53.00000   50.15779  5.36%   268  690s
 21126  9706   50.51955   52  485   53.00000   50.16066  5.36%   269  695s
 21317  9728   50.94722   55  490   53.00000   50.16538  5.35%   270  700s
 21545  9784   50.44058   56  551   53.00000   50.17112  5.34%   270  705s
 21753  9834   52.00000   63  277   53.00000   50.17421  5.33%   271  710s
 21983  9881   51.21825   60  480   53.00000   50.18136  5.32%   271  715s
 22237  9922   50.29196   50  584   53.00000   50.18699  5.31%   270  720s
 22459  9973   51.81488   72  474   53.00000   50.19273  5.30%   271  725s
 22713 10024   51.11402   54  428   53.00000   50.19799  5.29%   271  730s
 22924 10062   50.74436   55  575   53.00000   50.20151  5.28%   271  735s
 23118 10097   50.46484   53  635   53.00000   50.20538  5.27%   272  740s
 23305 10124   50.76472   52  433   53.00000   50.20896  5.27%   272  745s
 23511 10164   50.40647   52  678   53.00000   50.21141  5.26%   273  750s
 23727 10204   50.62746   53  496   53.00000   50.21350  5.26%   274  755s
 23972 10247   51.32288   60  504   53.00000   50.21981  5.25%   274  760s
 24193 10301   50.54930   63  524   53.00000   50.22441  5.24%   274  765s
 24387 10336   50.62442   56  525   53.00000   50.22622  5.23%   275  770s
 24606 10377   51.09382   59  507   53.00000   50.22974  5.23%   275  775s
 24815 10437   51.09858   53  500   53.00000   50.23239  5.22%   276  780s
 24969 10459   51.60743   76  357   53.00000   50.23396  5.22%   276  785s
 25155 10485   51.02256   57  496   53.00000   50.23698  5.21%   277  790s
 25398 10545   51.32067   65  375   53.00000   50.23918  5.21%   277  795s
 25593 10573   50.59564   51  593   53.00000   50.24148  5.20%   278  800s
 25819 10609   51.94617   66  385   53.00000   50.24508  5.20%   278  805s
 26022 10649   50.73907   59  512   53.00000   50.24852  5.19%   278  810s
 26216 10684   50.87295   54  578   53.00000   50.25016  5.19%   279  815s
 26407 10720   51.42376   63  393   53.00000   50.25422  5.18%   279  820s
 26573 10743   51.50000   65  381   53.00000   50.25934  5.17%   280  825s
 26771 10787   50.81626   56  390   53.00000   50.26279  5.16%   281  830s
 26956 10822   51.25138   62  369   53.00000   50.26782  5.16%   281  835s
 27197 10880   50.36162   53  606   53.00000   50.26995  5.15%   281  840s
 27399 10923   50.99941   53  556   53.00000   50.27241  5.15%   282  845s
 27603 10977   51.67287   66  391   53.00000   50.27339  5.14%   282  850s
 27805 11039   52.00000   73  205   53.00000   50.27533  5.14%   282  855s
 27990 11078   50.98627   55  634   53.00000   50.27683  5.14%   283  860s
 28199 11126   50.97228   64  454   53.00000   50.27956  5.13%   283  865s
 28398 11156   50.68081   64  457   53.00000   50.28294  5.13%   284  870s
 28599 11185   51.42070   60  522   53.00000   50.28653  5.12%   284  875s
 28839 11228     cutoff   63        53.00000   50.28826  5.12%   284  880s
 29020 11270   51.28230   67  304   53.00000   50.29046  5.11%   285  885s
 29202 11312   51.53638   62  391   53.00000   50.29148  5.11%   285  890s
 29387 11335   51.19697   64  407   53.00000   50.29395  5.11%   286  895s
 29585 11381   51.22275   62  546   53.00000   50.29836  5.10%   286  900s
 29769 11418   50.65548   54  443   53.00000   50.30128  5.09%   287  905s
 29965 11456     cutoff   57        53.00000   50.30327  5.09%   287  910s
 30157 11498   50.78242   54  480   53.00000   50.30562  5.08%   287  915s
 30383 11535   50.71055   51  629   53.00000   50.30765  5.08%   287  920s
 30621 11581   50.95116   59  477   53.00000   50.30975  5.08%   287  925s
 30802 11615   50.99744   63  449   53.00000   50.31222  5.07%   288  930s
 31011 11641   50.70810   47  493   53.00000   50.31536  5.07%   288  935s
 31256 11689   50.58394   56  620   53.00000   50.31966  5.06%   288  940s
 31458 11749   51.36064   54  508   53.00000   50.32088  5.05%   288  945s
 31698 11844   51.71653   73  378   53.00000   50.32363  5.05%   288  950s
 31886 11942   51.77855   60  306   53.00000   50.32791  5.04%   289  955s
 32066 12034     cutoff   72        53.00000   50.32939  5.04%   289  960s
 32286 12139   50.83643   59  490   53.00000   50.33142  5.04%   289  965s
 32470 12231   52.00000   62  314   53.00000   50.33333  5.03%   290  970s
 32676 12348   51.06753   56  511   53.00000   50.33648  5.03%   290  975s
 32885 12450   50.76728   57  513   53.00000   50.33756  5.02%   290  980s
 33072 12551   51.01214   63  329   53.00000   50.33954  5.02%   291  985s
 33253 12660   52.00000   80  191   53.00000   50.34064  5.02%   291  990s
 33465 12751   50.46766   47  594   53.00000   50.34250  5.01%   292  995s
 33668 12866   51.16832   59  579   53.00000   50.34453  5.01%   292 1000s
 33902 13003     cutoff   78        53.00000   50.34574  5.01%   292 1005s
 34122 13112   50.58120   53  547   53.00000   50.34774  5.00%   292 1010s
 34337 13232   51.51622   66  394   53.00000   50.35037  5.00%   292 1015s
 34532 13330   50.46487   55  528   53.00000   50.35259  5.00%   292 1020s
 34759 13451     cutoff   73        53.00000   50.35502  4.99%   292 1025s
 34965 13549   50.64832   56  649   53.00000   50.35663  4.99%   293 1030s
 35131 13635   52.00000   80  249   53.00000   50.35785  4.99%   293 1035s
 35315 13713   51.12091   58  519   53.00000   50.35954  4.98%   294 1040s
 35519 13822   51.51319   67  398   53.00000   50.36102  4.98%   294 1045s
 35729 13922     cutoff   72        53.00000   50.36321  4.98%   293 1050s
 35895 13987   51.50000   72  262   53.00000   50.36591  4.97%   293 1055s
 36118 14107   51.42721   58  468   53.00000   50.36714  4.97%   293 1060s
 36279 14187   51.34937   64  361   53.00000   50.37109  4.96%   294 1065s
 36470 14273   51.72186   63  389   53.00000   50.37263  4.96%   294 1070s
 36671 14367   50.58907   52  674   53.00000   50.37428  4.95%   294 1075s
 36929 14509   51.25120   51  622   53.00000   50.37660  4.95%   294 1080s
 37101 14590   51.14096   64  323   53.00000   50.37870  4.95%   295 1085s
 37362 14710     cutoff   77        53.00000   50.38090  4.94%   294 1090s
 37596 14813   51.18520   53  633   53.00000   50.38311  4.94%   295 1095s
 37764 14889   51.03844   57  348   53.00000   50.38423  4.94%   295 1100s
 37955 14991   51.54447   68  297   53.00000   50.38570  4.93%   295 1105s
 38154 15092   50.55942   56  486   53.00000   50.38770  4.93%   296 1110s
 38367 15197   50.85789   59  459   53.00000   50.38953  4.93%   296 1115s
 38573 15288   51.31880   62  485   53.00000   50.39209  4.92%   296 1120s
 38780 15372     cutoff   67        53.00000   50.39443  4.92%   296 1125s
 38983 15460   50.81235   51  603   53.00000   50.39748  4.91%   296 1130s
 39192 15558   50.86190   57  522   53.00000   50.39860  4.91%   296 1135s
 39411 15652   51.38563   52  463   53.00000   50.40018  4.91%   296 1140s
 39606 15756   51.05825   58  564   53.00000   50.40156  4.90%   297 1145s
 39805 15838   51.43171   54  562   53.00000   50.40315  4.90%   297 1150s
 40023 15940     cutoff   74        53.00000   50.40433  4.90%   297 1155s
 40189 16023   51.00000   64  333   53.00000   50.40766  4.89%   297 1160s
 40400 16116   51.66582   52  467   53.00000   50.40862  4.89%   297 1165s
 40610 16222   51.13578   50  616   53.00000   50.41211  4.88%   298 1170s
 40820 16319   50.49706   54  657   53.00000   50.41550  4.88%   298 1175s
 40984 16411   51.73588   61  402   53.00000   50.41670  4.87%   298 1180s
 41185 16505   50.98108   57  620   53.00000   50.41862  4.87%   298 1185s
 41385 16612   51.62920   67  335   53.00000   50.42023  4.87%   298 1190s
 41581 16698   52.00000   65  239   53.00000   50.42174  4.86%   299 1195s
 41786 16788   50.64316   59  567   53.00000   50.42314  4.86%   299 1200s
 42030 16922     cutoff   91        53.00000   50.42598  4.86%   298 1205s
 42229 17021   51.25531   69  442   53.00000   50.42744  4.85%   299 1210s
 42452 17125     cutoff   71        53.00000   50.42932  4.85%   299 1215s
 42713 17250   50.84707   55  645   53.00000   50.43127  4.85%   298 1220s
 42912 17344   51.13703   61  469   53.00000   50.43249  4.84%   298 1225s
 43120 17454   51.62322   79  388   53.00000   50.43366  4.84%   299 1230s
 43322 17537     cutoff   73        53.00000   50.43589  4.84%   299 1235s
 43503 17615   50.82493   55  689   53.00000   50.43849  4.83%   299 1240s
 43693 17704   51.35910   61  369   53.00000   50.44113  4.83%   299 1245s
 43862 17797   52.00000   69  260   53.00000   50.44210  4.83%   299 1250s
 44056 17895   50.85507   53  582   53.00000   50.44464  4.82%   299 1255s
 44264 17995     cutoff   64        53.00000   50.44667  4.82%   300 1260s
 44467 18087     cutoff   75        53.00000   50.44930  4.81%   300 1265s
 44658 18188   51.39477   62  437   53.00000   50.45101  4.81%   300 1270s
 44832 18275   52.00000   66  282   53.00000   50.45220  4.81%   300 1275s
 45042 18364   50.85372   60  432   53.00000   50.45358  4.80%   300 1280s
 45230 18469   51.88202   67  402   53.00000   50.45500  4.80%   301 1285s
 45434 18552   51.14995   58  536   53.00000   50.45650  4.80%   301 1290s
 45597 18634   51.06524   53  365   53.00000   50.45740  4.80%   301 1295s
 45810 18735   50.84718   56  391   53.00000   50.45893  4.79%   301 1300s
 45974 18821   51.30314   59  575   53.00000   50.46053  4.79%   301 1305s
 46165 18918   51.36159   64  307   53.00000   50.46277  4.79%   302 1310s
 46375 18993   51.68512   60  417   53.00000   50.46490  4.78%   302 1315s
 46606 19089   51.09167   55  547   53.00000   50.46748  4.78%   302 1320s
 46796 19193   51.27023   56  363   53.00000   50.46838  4.78%   302 1325s
 46981 19271     cutoff   64        53.00000   50.46955  4.77%   302 1330s
 47118 19321   51.44738   62  422   53.00000   50.47093  4.77%   302 1336s
 47250 19372   51.17802   59  455   53.00000   50.47389  4.77%   303 1340s
 47463 19459   51.22805   63  529   53.00000   50.47651  4.76%   303 1345s
 47661 19563   51.48391   70  249   53.00000   50.47785  4.76%   303 1350s
 47886 19658   52.00000   66  261   53.00000   50.48042  4.75%   303 1355s
 48058 19737   51.36585   56  391   53.00000   50.48204  4.75%   303 1360s
 48279 19841   50.90519   57  412   53.00000   50.48309  4.75%   303 1365s
 48458 19919   52.00000   61  285   53.00000   50.48423  4.75%   304 1370s
 48642 20011   51.29196   57  538   53.00000   50.48530  4.74%   304 1375s
 48827 20109   51.14943   61  547   53.00000   50.48720  4.74%   304 1380s
 49035 20182   51.53245   58  421   53.00000   50.48895  4.74%   304 1385s
 49237 20260   51.32189   57  427   53.00000   50.48964  4.74%   304 1390s
 49470 20373   51.41858   62  411   53.00000   50.49134  4.73%   304 1395s
 49668 20466   51.37215   72  361   53.00000   50.49311  4.73%   304 1400s
 49835 20534   51.06539   58  601   53.00000   50.49460  4.73%   305 1405s
 50048 20607   51.36707   50  599   53.00000   50.49665  4.72%   305 1410s
 50260 20709   51.09110   57  459   53.00000   50.49849  4.72%   305 1415s
 50440 20795   51.05630   62  431   53.00000   50.49947  4.72%   305 1420s
 50630 20894   51.00000   60  410   53.00000   50.50000  4.72%   305 1425s
 50786 20974   51.28571   57  345   53.00000   50.50154  4.71%   306 1430s
 50996 21060   51.20795   55  543   53.00000   50.50252  4.71%   306 1435s
 51180 21154   50.65037   59  645   53.00000   50.50291  4.71%   306 1440s
 51386 21243   51.75630   53  623   53.00000   50.50384  4.71%   306 1445s
 51583 21306   51.01259   54  722   53.00000   50.50536  4.71%   306 1450s
 51768 21377   50.84269   57  540   53.00000   50.50583  4.71%   306 1455s
 51973 21466   50.99923   54  541   53.00000   50.50777  4.70%   306 1460s
 52182 21576   50.88065   50  653   53.00000   50.50915  4.70%   306 1465s
 52371 21656   51.97359   76  364   53.00000   50.51231  4.69%   307 1470s
 52600 21753   51.06476   55  626   53.00000   50.51406  4.69%   307 1475s
 52765 21835   51.15631   60  423   53.00000   50.51566  4.69%   307 1480s
 52940 21919   51.82246   72  337   53.00000   50.51641  4.69%   307 1485s
 53166 22005   50.96053   64  485   53.00000   50.51843  4.68%   307 1490s
 53313 22079     cutoff   67        53.00000   50.51953  4.68%   307 1495s
 53505 22173   51.71913   66  457   53.00000   50.52112  4.68%   307 1500s
 53691 22246     cutoff   57        53.00000   50.52218  4.68%   307 1505s
 53883 22323   51.90509   58  505   53.00000   50.52280  4.67%   308 1510s
 54099 22411   51.41872   58  407   53.00000   50.52489  4.67%   308 1515s
 54311 22513   51.06327   49  470   53.00000   50.52628  4.67%   308 1520s
 54526 22588   52.00000   66  229   53.00000   50.52707  4.67%   308 1525s
 54719 22661   50.91637   56  364   53.00000   50.52829  4.66%   308 1530s
 54926 22769   50.88152   53  648   53.00000   50.52904  4.66%   308 1535s
 55203 22905   51.10254   61  557   53.00000   50.52949  4.66%   308 1540s
 55356 22975   51.06880   50  483   53.00000   50.53073  4.66%   308 1545s
 55563 23064   50.87796   63  510   53.00000   50.53171  4.66%   308 1550s
 55766 23147   51.05826   51  492   53.00000   50.53276  4.66%   308 1555s
 55958 23242     cutoff   71        53.00000   50.53330  4.65%   308 1560s
 56120 23327   52.00000   67  158   53.00000   50.53442  4.65%   309 1565s
 56367 23424   51.30677   68  504   53.00000   50.53587  4.65%   309 1570s
 56596 23535   51.62495   62  438   53.00000   50.53653  4.65%   308 1575s
 56776 23593   51.29364   56  534   53.00000   50.53766  4.65%   309 1580s
 56986 23711   50.95191   62  527   53.00000   50.53935  4.64%   309 1585s
 57219 23811   50.60761   61  570   53.00000   50.54062  4.64%   309 1590s
 57400 23875   51.24353   62  633   53.00000   50.54199  4.64%   309 1595s
 57640 23979   50.83054   62  509   53.00000   50.54464  4.63%   309 1600s
 57843 24087   51.39193   54  539   53.00000   50.54631  4.63%   309 1605s
 58045 24207   51.09917   58  573   53.00000   50.54737  4.63%   309 1610s
 58261 24302   51.84706   66  428   53.00000   50.54926  4.62%   309 1615s
 58482 24393   51.16445   54  696   53.00000   50.55010  4.62%   309 1620s
 58647 24456   51.33064   57  459   53.00000   50.55150  4.62%   309 1625s
 58814 24533   51.79801   68  264   53.00000   50.55236  4.62%   309 1630s
 59019 24608   50.68254   59  487   53.00000   50.55339  4.62%   309 1635s
 59188 24694   51.57525   62  373   53.00000   50.55501  4.61%   310 1640s
 59374 24759 infeasible   60        53.00000   50.55680  4.61%   310 1645s
 59560 24841   51.59304   68  253   53.00000   50.55818  4.61%   310 1650s
 59744 24901   51.85327   63  396   53.00000   50.55904  4.61%   310 1655s
 59945 24993   51.40554   65  324   53.00000   50.56025  4.60%   310 1660s
 60156 25090   51.65263   62  410   53.00000   50.56092  4.60%   310 1665s
 60262 25126   51.66259   68  358   53.00000   50.56164  4.60%   310 1670s
 60502 25210   50.61272   55  596   53.00000   50.56247  4.60%   310 1675s
 60701 25290   51.15617   56  523   53.00000   50.56355  4.60%   310 1680s
 60909 25358   51.88706   71  316   53.00000   50.56441  4.60%   311 1685s
 61133 25456   51.42352   62  493   53.00000   50.56538  4.59%   310 1690s
 61305 25520   51.08916   56  518   53.00000   50.56657  4.59%   311 1695s
 61525 25614   50.82518   56  509   53.00000   50.56873  4.59%   311 1700s
 61753 25734   51.54921   60  318   53.00000   50.56991  4.59%   310 1705s
 61935 25796   51.35390   61  380   53.00000   50.57081  4.58%   311 1710s
 62128 25893   51.48512   55  416   53.00000   50.57235  4.58%   311 1715s
 62327 25980     cutoff   72        53.00000   50.57358  4.58%   311 1720s
 62541 26072   50.78705   58  481   53.00000   50.57535  4.57%   311 1725s
 62766 26177   50.62079   54  548   53.00000   50.57667  4.57%   311 1730s
 63002 26251   50.88872   57  574   53.00000   50.57801  4.57%   311 1735s
 63198 26342   51.51563   65  227   53.00000   50.57905  4.57%   311 1740s
 63389 26422 infeasible   77        53.00000   50.57986  4.57%   311 1745s
 63635 26534   50.67897   59  653   53.00000   50.58053  4.57%   311 1750s
 63825 26630     cutoff   66        53.00000   50.58156  4.56%   311 1755s
 64034 26709   50.83747   59  638   53.00000   50.58332  4.56%   311 1760s
 64242 26814     cutoff   64        53.00000   50.58442  4.56%   311 1765s
 64451 26911   51.74974   62  344   53.00000   50.58605  4.55%   311 1770s
 64659 27022   51.27756   60  489   53.00000   50.58698  4.55%   311 1775s
 64830 27114     cutoff   65        53.00000   50.58768  4.55%   311 1780s
 65013 27202   51.63433   66  420   53.00000   50.58853  4.55%   311 1785s
 65131 27262   50.90278   63  528   53.00000   50.58914  4.55%   311 1790s
 65301 27333     cutoff   67        53.00000   50.59023  4.55%   312 1795s
 65482 27391   51.49554   58  597   53.00000   50.59154  4.54%   312 1800s
 65678 27483   52.00000   65  293   53.00000   50.59244  4.54%   312 1805s
 65860 27574   51.88709   78  289   53.00000   50.59372  4.54%   312 1810s
 66093 27676   51.83721   72  318   53.00000   50.59471  4.54%   312 1815s
 66308 27766   51.05145   55  490   53.00000   50.59564  4.54%   312 1820s
 66515 27858   51.41536   65  538   53.00000   50.59806  4.53%   312 1825s
 66706 27940   51.56563   51  418   53.00000   50.59883  4.53%   312 1830s
 66873 28013   51.07980   56  630   53.00000   50.59976  4.53%   312 1835s
 67108 28115   52.00000   63  247   53.00000   50.60081  4.53%   312 1840s
 67307 28208   51.44162   62  391   53.00000   50.60168  4.53%   312 1845s
 67512 28305   51.77834   66  445   53.00000   50.60219  4.52%   312 1850s
 67681 28359   51.49609   54  364   53.00000   50.60265  4.52%   313 1855s
 67874 28442   50.99140   51  589   53.00000   50.60384  4.52%   313 1860s
 68075 28526   50.86724   53  590   53.00000   50.60519  4.52%   313 1865s
 68244 28605   51.34641   55  518   53.00000   50.60610  4.52%   313 1870s
 68479 28701   51.19674   61  333   53.00000   50.60781  4.51%   313 1875s
 68704 28807   51.51423   56  436   53.00000   50.60890  4.51%   313 1880s
 68922 28895   51.34396   60  462   53.00000   50.61054  4.51%   313 1885s
 69145 28977   51.55393   66  424   53.00000   50.61187  4.51%   313 1890s
 69381 29082   51.86414   63  312   53.00000   50.61266  4.50%   313 1895s
 69595 29168   51.72150   71  447   53.00000   50.61325  4.50%   313 1900s
 69785 29241   52.00000   68  289   53.00000   50.61437  4.50%   313 1905s
 69999 29315   51.22657   50  702   53.00000   50.61491  4.50%   313 1910s
 70172 29401   51.97920   74  237   53.00000   50.61609  4.50%   313 1915s
 70411 29513   51.91870   64  387   53.00000   50.61681  4.50%   313 1920s
 70611 29599   50.99371   55  623   53.00000   50.61775  4.49%   313 1925s
 70819 29696   51.07017   62  413   53.00000   50.61872  4.49%   313 1930s
 71043 29824   50.97578   55  531   53.00000   50.61958  4.49%   313 1935s
 71272 29941   50.78456   57  497   53.00000   50.61999  4.49%   313 1940s
 71495 30044   52.00000   69  233   53.00000   50.62026  4.49%   313 1945s
 71710 30140   51.00214   62  304   53.00000   50.62094  4.49%   313 1950s
 71867 30194   50.93685   61  635   53.00000   50.62180  4.49%   313 1955s
 72107 30291   51.00000   54  264   53.00000   50.62287  4.49%   313 1960s
 72296 30390   51.14309   62  599   53.00000   50.62334  4.48%   313 1965s
 72475 30465   51.59164   61  455   53.00000   50.62408  4.48%   313 1970s
 72717 30573   51.00686   53  726   53.00000   50.62562  4.48%   313 1975s
 72933 30658   50.96470   58  488   53.00000   50.62672  4.48%   313 1980s
 73144 30756     cutoff   76        53.00000   50.62823  4.48%   313 1985s
 73354 30869     cutoff   74        53.00000   50.62902  4.47%   313 1990s
 73542 30933   51.40889   64  487   53.00000   50.62965  4.47%   313 1995s
 73767 31026   51.09016   52  563   53.00000   50.63087  4.47%   313 2000s
 73962 31114   51.34738   65  319   53.00000   50.63253  4.47%   313 2005s
 74150 31192   52.00000   74  256   53.00000   50.63287  4.47%   313 2010s
 74352 31271   51.60154   63  484   53.00000   50.63433  4.46%   313 2015s
 74564 31360   51.20041   55  515   53.00000   50.63511  4.46%   313 2020s
 74747 31435   51.45334   57  594   53.00000   50.63621  4.46%   314 2025s
 74897 31512     cutoff   63        53.00000   50.63688  4.46%   314 2030s
 75144 31627   51.19846   58  641   53.00000   50.63850  4.46%   314 2035s
 75361 31713   51.88760   60  164   53.00000   50.63897  4.45%   313 2040s
 75580 31802   50.97267   57  663   53.00000   50.64009  4.45%   313 2045s
 75719 31860     cutoff   75        53.00000   50.64108  4.45%   313 2050s
 75908 31937   51.21912   60  479   53.00000   50.64185  4.45%   313 2055s
 76093 32025   51.40512   58  482   53.00000   50.64316  4.45%   313 2060s
 76280 32097   51.16411   67  271   53.00000   50.64459  4.44%   314 2065s
 76518 32216     cutoff   77        53.00000   50.64526  4.44%   314 2070s
 76699 32279   50.82528   49  700   53.00000   50.64633  4.44%   314 2075s
 76895 32367     cutoff   64        53.00000   50.64730  4.44%   314 2080s
 77102 32469   51.22793   58  386   53.00000   50.64845  4.44%   314 2085s
 77319 32571   51.69785   69  320   53.00000   50.64961  4.43%   314 2090s
 77537 32679   52.00000   70  254   53.00000   50.65063  4.43%   314 2095s
 77737 32755   51.54003   54  488   53.00000   50.65127  4.43%   314 2100s
 77927 32846 infeasible   62        53.00000   50.65216  4.43%   314 2105s
 78156 32960   52.00000   79  253   53.00000   50.65295  4.43%   314 2110s
 78375 33066   50.92203   64  517   53.00000   50.65348  4.43%   314 2115s
 78598 33193     cutoff   69        53.00000   50.65525  4.42%   314 2120s
 78792 33269   51.03143   66  445   53.00000   50.65581  4.42%   314 2125s
 78991 33368   51.70906   66  449   53.00000   50.65668  4.42%   314 2130s
 79224 33474   51.45630   67  335   53.00000   50.65714  4.42%   314 2135s
 79405 33550   51.29877   64  305   53.00000   50.65740  4.42%   314 2140s
 79624 33665   51.51489   63  438   53.00000   50.65837  4.42%   314 2145s
 79772 33724     cutoff   59        53.00000   50.65864  4.42%   314 2150s
 79975 33807   51.23701   65  408   53.00000   50.65957  4.42%   314 2155s
 80166 33869   51.40070   57  547   53.00000   50.66069  4.41%   314 2160s
 80403 33970   51.21293   54  523   53.00000   50.66142  4.41%   314 2165s
 80587 34034   51.02846   55  591   53.00000   50.66222  4.41%   314 2170s
 80742 34074   51.07308   59  488   53.00000   50.66338  4.41%   314 2175s
 80935 34143   51.47734   62  413   53.00000   50.66413  4.41%   314 2180s
 81169 34251   51.20583   57  466   53.00000   50.66483  4.41%   314 2185s
 81385 34346   51.36902   60  486   53.00000   50.66543  4.40%   314 2190s
 81539 34407   51.36762   56  445   53.00000   50.66603  4.40%   314 2195s
 81757 34495   51.24205   59  503   53.00000   50.66682  4.40%   314 2200s
 81938 34571   51.48956   64  494   53.00000   50.66734  4.40%   314 2205s
 82140 34652   51.18055   59  565   53.00000   50.66861  4.40%   314 2210s
 82343 34721   50.84560   53  467   53.00000   50.66983  4.40%   315 2215s
 82546 34816   51.73845   63  422   53.00000   50.67048  4.40%   315 2220s
 82757 34895   51.23907   58  579   53.00000   50.67128  4.39%   315 2225s
 82947 34957   51.72561   53  333   53.00000   50.67259  4.39%   315 2230s
 83192 35082   51.49586   69  436   53.00000   50.67348  4.39%   314 2235s
 83404 35173   51.68062   63  299   53.00000   50.67437  4.39%   314 2240s
 83670 35263     cutoff   69        53.00000   50.67485  4.39%   314 2245s
 83836 35331   51.00000   61  369   53.00000   50.67538  4.39%   314 2250s
 84007 35408   51.34071   49  575   53.00000   50.67661  4.38%   315 2255s
 84227 35496   51.59402   61  388   53.00000   50.67725  4.38%   315 2260s
 84415 35577   51.18575   57  507   53.00000   50.67798  4.38%   315 2265s
 84629 35650     cutoff   69        53.00000   50.67852  4.38%   315 2270s
 84808 35736   51.29490   60  471   53.00000   50.67889  4.38%   315 2275s
 84991 35812   51.48129   53  672   53.00000   50.67973  4.38%   315 2280s
 85185 35897   51.33678   56  410   53.00000   50.68025  4.38%   315 2285s
 85428 35990   50.97567   51  469   53.00000   50.68139  4.37%   315 2290s
 85614 36056   51.05851   62  583   53.00000   50.68214  4.37%   315 2295s
 85805 36122   51.46053   60  470   53.00000   50.68270  4.37%   315 2300s
 86051 36225   51.50761   61  437   53.00000   50.68328  4.37%   315 2305s
 86249 36313   51.57586   71  429   53.00000   50.68398  4.37%   315 2310s
 86463 36394   51.81966   53  378   53.00000   50.68517  4.37%   315 2315s
 86659 36470   51.60709   58  396   53.00000   50.68660  4.36%   315 2320s
 86847 36528   50.94285   55  546   53.00000   50.68729  4.36%   315 2325s
 87041 36614   51.81686   58  417   53.00000   50.68777  4.36%   315 2330s
 87220 36685   51.42937   70  290   53.00000   50.68849  4.36%   315 2335s
 87431 36785     cutoff   68        53.00000   50.68922  4.36%   315 2340s
 87633 36873   51.50485   63  339   53.00000   50.68965  4.36%   315 2345s
 87752 36928   51.51605   65  533   53.00000   50.69035  4.36%   315 2350s
 87941 36995   50.89952   55  539   53.00000   50.69100  4.36%   315 2355s
 88150 37098   51.12664   59  588   53.00000   50.69170  4.36%   315 2360s
 88337 37193   52.00000   77  261   53.00000   50.69242  4.35%   315 2365s
 88510 37275   51.25529   49  611   53.00000   50.69350  4.35%   316 2370s
 88720 37360   50.94349   60  632   53.00000   50.69404  4.35%   316 2375s
 88967 37434   50.98944   61  460   53.00000   50.69496  4.35%   315 2380s
 89147 37516   51.24548   64  498   53.00000   50.69530  4.35%   316 2385s
 89365 37598     cutoff   74        53.00000   50.69617  4.35%   316 2390s
 89536 37680   51.47022   51  560   53.00000   50.69684  4.35%   316 2395s
 89745 37767     cutoff   63        53.00000   50.69724  4.34%   316 2400s
 89927 37822   51.33959   63  342   53.00000   50.69757  4.34%   316 2405s
 90145 37936   50.83191   62  540   53.00000   50.69819  4.34%   316 2410s
 90365 38013   50.97873   66  516   53.00000   50.69867  4.34%   316 2415s
 90595 38102     cutoff   65        53.00000   50.69986  4.34%   316 2420s
 90779 38186     cutoff   83        53.00000   50.70029  4.34%   316 2425s
 90953 38248   51.35675   66  366   53.00000   50.70116  4.34%   316 2430s
 91147 38324   51.53162   67  315   53.00000   50.70181  4.34%   316 2435s
 91378 38396   51.30398   56  533   53.00000   50.70309  4.33%   316 2440s
 91578 38478   51.31174   51  589   53.00000   50.70357  4.33%   316 2445s
 91749 38551   51.74090   74  287   53.00000   50.70456  4.33%   316 2450s
 91938 38641   50.94044   55  600   53.00000   50.70516  4.33%   316 2455s
 92188 38757     cutoff   68        53.00000   50.70626  4.33%   316 2460s
 92394 38846   50.96279   58  534   53.00000   50.70678  4.33%   316 2465s
 92578 38911   50.89256   60  436   53.00000   50.70711  4.33%   316 2470s
 92775 39005   51.32899   54  598   53.00000   50.70782  4.32%   316 2475s
 92960 39088   51.08805   57  567   53.00000   50.70876  4.32%   316 2480s
 93187 39180   51.20839   63  520   53.00000   50.70954  4.32%   316 2485s
 93381 39254   50.84119   55  657   53.00000   50.71064  4.32%   316 2490s
 93591 39359   51.58675   64  377   53.00000   50.71117  4.32%   316 2495s
 93778 39431   51.62603   58  498   53.00000   50.71213  4.32%   316 2500s
 93993 39530   52.00000   66  267   53.00000   50.71325  4.31%   316 2505s
 94188 39590   51.20708   63  557   53.00000   50.71381  4.31%   316 2510s
 94389 39672     cutoff   76        53.00000   50.71445  4.31%   316 2515s
 94581 39755   50.84267   55  568   53.00000   50.71551  4.31%   316 2520s
 94789 39841   51.44327   64  423   53.00000   50.71615  4.31%   316 2525s
 95027 39957   51.60219   66  407   53.00000   50.71681  4.31%   316 2530s
 95218 40067   51.98373   70  285   53.00000   50.71772  4.31%   316 2535s
 95450 40164   51.35820   58  270   53.00000   50.71846  4.30%   316 2540s
 95661 40248   52.00000   68  238   53.00000   50.71913  4.30%   316 2545s
 95869 40336   51.04072   57  390   53.00000   50.71986  4.30%   316 2550s
 96074 40406     cutoff   68        53.00000   50.72081  4.30%   316 2555s
 96281 40493   50.94607   53  567   53.00000   50.72142  4.30%   316 2560s
 96481 40582   50.89724   56  440   53.00000   50.72225  4.30%   316 2565s
 96675 40660   51.25989   62  350   53.00000   50.72261  4.30%   316 2570s
 96853 40723   51.56653   62  498   53.00000   50.72371  4.29%   316 2575s
 97053 40798   51.15858   58  528   53.00000   50.72423  4.29%   316 2580s
 97268 40879   52.00000   67  221   53.00000   50.72527  4.29%   316 2585s
 97480 40954   51.00612   52  473   53.00000   50.72572  4.29%   316 2590s
 97685 41040   50.88225   58  589   53.00000   50.72637  4.29%   316 2595s
 97851 41113   51.38307   58  466   53.00000   50.72694  4.29%   316 2601s
 98040 41204     cutoff   76        53.00000   50.72760  4.29%   316 2605s
 98187 41264   51.41567   55  595   53.00000   50.72837  4.29%   317 2610s
 98431 41359   51.71156   63  389   53.00000   50.72892  4.29%   316 2615s
 98650 41453   51.60702   70  408   53.00000   50.72980  4.28%   316 2620s
 98840 41525   51.13136   52  595   53.00000   50.73022  4.28%   316 2625s
 99033 41626   51.33662   70  347   53.00000   50.73068  4.28%   317 2630s
 99234 41690   50.97868   59  541   53.00000   50.73102  4.28%   317 2635s
 99428 41767   51.16951   55  551   53.00000   50.73183  4.28%   317 2640s
 99657 41871   51.32041   59  445   53.00000   50.73236  4.28%   317 2645s
 99845 41949   52.00000   64  195   53.00000   50.73300  4.28%   317 2650s
 100038 42031   51.87057   60  443   53.00000   50.73344  4.28%   317 2655s
 100233 42101   51.29206   50  386   53.00000   50.73405  4.28%   317 2660s
 100386 42167   51.63448   59  386   53.00000   50.73495  4.27%   317 2665s
 100614 42258   51.06462   57  491   53.00000   50.73533  4.27%   317 2670s
 100819 42345   51.70439   58  433   53.00000   50.73634  4.27%   317 2675s
 101017 42423   51.18039   58  531   53.00000   50.73752  4.27%   317 2680s
 101235 42528   52.00000   55  371   53.00000   50.73807  4.27%   317 2685s
 101390 42591   51.25000   62  375   53.00000   50.73862  4.27%   317 2690s
 101626 42711   51.45045   66  269   53.00000   50.73931  4.27%   317 2695s
 101826 42792   51.59599   67  419   53.00000   50.74024  4.26%   317 2700s
 101995 42860   51.62336   68  473   53.00000   50.74045  4.26%   317 2705s
 102212 42946   51.40319   57  550   53.00000   50.74103  4.26%   317 2710s
 102460 43072   51.36207   59  475   53.00000   50.74159  4.26%   317 2715s
 102648 43146     cutoff   60        53.00000   50.74228  4.26%   317 2720s
 102830 43212   50.96478   61  584   53.00000   50.74283  4.26%   317 2725s
 103043 43286   50.88898   54  531   53.00000   50.74355  4.26%   317 2730s
 103206 43359   51.28212   64  448   53.00000   50.74420  4.26%   317 2735s
 103387 43433     cutoff   66        53.00000   50.74470  4.26%   317 2740s
 103582 43510   51.99911   69  353   53.00000   50.74525  4.25%   317 2745s
 103757 43587   51.87867   67  372   53.00000   50.74599  4.25%   317 2750s
 103947 43643     cutoff   74        53.00000   50.74704  4.25%   317 2755s
 104113 43705   51.05079   59  586   53.00000   50.74741  4.25%   318 2760s
 104332 43792     cutoff   62        53.00000   50.74836  4.25%   318 2765s
 104532 43885   51.97573   75  261   53.00000   50.74932  4.25%   318 2770s
 104695 43926   51.39918   59  563   53.00000   50.74967  4.25%   318 2775s
 104915 44015   51.20653   56  569   53.00000   50.75019  4.24%   318 2780s
 105088 44075     cutoff   59        53.00000   50.75067  4.24%   318 2785s
 105272 44160   51.24112   58  540   53.00000   50.75125  4.24%   318 2790s
 105475 44252   51.30113   51  422   53.00000   50.75181  4.24%   318 2795s
 105650 44335     cutoff   74        53.00000   50.75208  4.24%   318 2800s
 105841 44409     cutoff   70        53.00000   50.75260  4.24%   318 2805s
 106012 44476     cutoff   66        53.00000   50.75296  4.24%   318 2810s
 106062 44500   51.17301   50  449   53.00000   50.75318  4.24%   318 2820s
 106212 44559   51.03857   51  684   53.00000   50.75352  4.24%   318 2825s
 106356 44618   51.36038   59  592   53.00000   50.75410  4.24%   318 2830s
 106538 44689   51.41803   60  380   53.00000   50.75493  4.24%   319 2835s
 106691 44742     cutoff   73        53.00000   50.75526  4.24%   319 2840s
 106880 44816   51.43029   58  690   53.00000   50.75640  4.23%   319 2845s
 107045 44883   51.50018   66  425   53.00000   50.75691  4.23%   319 2850s
 107286 44973   51.73539   71  298   53.00000   50.75825  4.23%   319 2855s
 107475 45044   51.48534   64  449   53.00000   50.75912  4.23%   319 2860s
 107639 45125   51.43429   57  334   53.00000   50.75969  4.23%   319 2865s
 107813 45184   51.46764   59  422   53.00000   50.75999  4.23%   319 2870s
 107976 45256   51.38741   61  752   53.00000   50.76059  4.23%   319 2875s
 108179 45342   51.70914   61  359   53.00000   50.76092  4.22%   319 2880s
 108360 45401   51.14520   55  656   53.00000   50.76133  4.22%   319 2885s
 108546 45480   51.15859   58  544   53.00000   50.76208  4.22%   319 2890s
 108732 45556   51.61905   62  452   53.00000   50.76271  4.22%   319 2895s
 108972 45650   50.83293   59  652   53.00000   50.76338  4.22%   319 2900s
 109194 45741   51.82539   69  322   53.00000   50.76447  4.22%   319 2905s
 109398 45827   51.14355   58  443   53.00000   50.76516  4.22%   319 2910s
 109600 45896     cutoff   68        53.00000   50.76589  4.22%   319 2915s
 109819 45992   51.52373   59  476   53.00000   50.76641  4.21%   319 2920s
 110035 46092   51.60184   75  361   53.00000   50.76780  4.21%   319 2925s
 110282 46186   51.50927   64  451   53.00000   50.76865  4.21%   319 2930s
 110442 46238   50.78691   56  582   53.00000   50.76933  4.21%   319 2935s
 110660 46344   51.68486   77  425   53.00000   50.76976  4.21%   319 2940s
 110847 46422   50.90788   52  657   53.00000   50.77008  4.21%   319 2945s
 111071 46494     cutoff   56        53.00000   50.77055  4.21%   319 2950s
 111253 46579     cutoff   67        53.00000   50.77111  4.21%   319 2955s
 111460 46649   51.14355   59  534   53.00000   50.77234  4.20%   319 2960s
 111647 46708   51.07106   46  705   53.00000   50.77286  4.20%   319 2965s
 111862 46802   51.92388   64  295   53.00000   50.77311  4.20%   319 2970s
 112054 46862   51.60816   54  440   53.00000   50.77359  4.20%   319 2975s
 112262 46924   51.91331   59  476   53.00000   50.77437  4.20%   319 2980s
 112471 46998   51.23855   61  562   53.00000   50.77545  4.20%   319 2985s
 112701 47109   51.85382   70  388   53.00000   50.77565  4.20%   319 2990s
 112918 47199   51.29784   58  576   53.00000   50.77618  4.20%   319 2995s
 113144 47275   52.00000   74  243   53.00000   50.77669  4.19%   319 3000s
 113299 47351   52.00000   69  328   53.00000   50.77706  4.19%   319 3005s
 113557 47458   51.24928   65  439   53.00000   50.77775  4.19%   319 3010s
 113763 47528   51.13766   59  581   53.00000   50.77841  4.19%   319 3015s
 113947 47591   51.94338   63  347   53.00000   50.77906  4.19%   319 3020s
 114178 47664   51.42841   55  474   53.00000   50.77952  4.19%   319 3025s
 114390 47758   51.94625   60  553   53.00000   50.78068  4.19%   319 3030s
 114597 47808   51.50568   65  348   53.00000   50.78130  4.19%   319 3035s
 114801 47906   51.42239   64  401   53.00000   50.78180  4.19%   319 3040s
 115010 47975   51.25374   59  594   53.00000   50.78283  4.18%   319 3045s
 115183 48066   51.53717   70  489   53.00000   50.78323  4.18%   319 3050s
 115373 48129   51.57839   57  381   53.00000   50.78377  4.18%   319 3055s
 115578 48202   51.66166   59  285   53.00000   50.78462  4.18%   319 3060s
 115761 48264   51.24786   61  521   53.00000   50.78530  4.18%   319 3065s
 115958 48326   51.06923   57  493   53.00000   50.78587  4.18%   319 3070s
 116168 48408   51.30586   52  516   53.00000   50.78645  4.18%   319 3075s
 116370 48491   51.93905   62  369   53.00000   50.78671  4.18%   319 3080s
 116555 48557   51.43796   60  480   53.00000   50.78741  4.17%   319 3085s
 116738 48637     cutoff   73        53.00000   50.78780  4.17%   319 3090s
 116938 48704   52.00000   73  314   53.00000   50.78856  4.17%   319 3095s
 117149 48771     cutoff   60        53.00000   50.78917  4.17%   319 3100s
 117360 48864   51.09663   62  536   53.00000   50.79005  4.17%   319 3105s
 117601 48950   50.99560   55  615   53.00000   50.79071  4.17%   319 3110s
 117782 49013   51.56631   55  573   53.00000   50.79116  4.17%   319 3115s
 118022 49105   51.51251   59  436   53.00000   50.79150  4.17%   319 3120s
 118247 49180   52.00000   65  250   53.00000   50.79188  4.17%   319 3125s
 118459 49264   51.75740   66  393   53.00000   50.79269  4.16%   319 3130s
 118619 49340   51.33333   59  309   53.00000   50.79298  4.16%   319 3135s
 118805 49400   52.00000   69  273   53.00000   50.79333  4.16%   319 3140s
 119023 49498   51.13021   53  681   53.00000   50.79367  4.16%   319 3145s
 119218 49555   51.23899   62  487   53.00000   50.79419  4.16%   319 3150s
 119423 49631   51.42592   56  489   53.00000   50.79447  4.16%   319 3155s
 119618 49697   51.22681   53  609   53.00000   50.79560  4.16%   319 3160s
 119802 49758   51.19463   59  457   53.00000   50.79602  4.16%   319 3165s
 120037 49843   51.86934   67  385   53.00000   50.79651  4.16%   319 3170s
 120224 49915   51.15734   53  556   53.00000   50.79750  4.16%   319 3175s
 120427 50002   51.28512   58  571   53.00000   50.79793  4.15%   319 3180s
 120620 50082   50.91712   61  581   53.00000   50.79871  4.15%   319 3185s
 120810 50151   51.46336   64  384   53.00000   50.79904  4.15%   319 3190s
 120990 50208   51.07377   61  519   53.00000   50.79952  4.15%   319 3195s
 121176 50276   51.43912   59  542   53.00000   50.79997  4.15%   319 3200s
 121380 50365   52.00000   78  338   53.00000   50.80043  4.15%   319 3205s
 121619 50459   51.11274   57  559   53.00000   50.80085  4.15%   319 3210s
 121791 50528   51.19970   55  392   53.00000   50.80129  4.15%   319 3215s
 121980 50603   51.02580   60  423   53.00000   50.80208  4.15%   320 3220s
 122207 50689   51.31331   64  343   53.00000   50.80239  4.15%   319 3225s
 122393 50737     cutoff   88        53.00000   50.80297  4.15%   320 3230s
 122588 50804   51.69098   72  323   53.00000   50.80347  4.14%   320 3235s
 122768 50863   51.41651   63  298   53.00000   50.80379  4.14%   320 3240s
 122983 50933   51.48910   63  374   53.00000   50.80431  4.14%   320 3245s
 123211 51030   51.64883   59  245   53.00000   50.80477  4.14%   320 3250s
 123397 51099   51.37959   60  423   53.00000   50.80510  4.14%   320 3255s
 123610 51175   51.31756   53  656   53.00000   50.80567  4.14%   320 3260s
 123837 51266   51.29864   71  355   53.00000   50.80671  4.14%   319 3265s
 124012 51335   51.04813   55  590   53.00000   50.80755  4.14%   320 3270s
 124233 51433   51.25944   69  329   53.00000   50.80806  4.14%   320 3275s
 124400 51485   51.29821   63  443   53.00000   50.80860  4.13%   320 3280s
 124628 51574   51.79374   61  415   53.00000   50.80924  4.13%   320 3285s
 124834 51650   51.80399   60  260   53.00000   50.81004  4.13%   320 3290s
 125023 51713   51.57731   58  441   53.00000   50.81048  4.13%   320 3295s
 125212 51779   51.16009   62  404   53.00000   50.81101  4.13%   320 3300s
 125434 51886   52.00000   67  351   53.00000   50.81174  4.13%   320 3305s
 125633 51964   51.26203   58  608   53.00000   50.81219  4.13%   320 3310s
 125858 52056   51.32118   65  469   53.00000   50.81287  4.13%   320 3315s
 126053 52119   51.02652   56  616   53.00000   50.81337  4.13%   320 3320s
 126255 52181   52.00000   63  284   53.00000   50.81389  4.12%   320 3325s
 126465 52239   51.02986   62  489   53.00000   50.81461  4.12%   320 3330s
 126711 52333   51.31584   54  542   53.00000   50.81504  4.12%   320 3335s
 126921 52395   51.24764   50  556   53.00000   50.81581  4.12%   320 3340s
 127096 52456   51.15481   63  293   53.00000   50.81629  4.12%   320 3345s
 127314 52560   52.00000   69  223   53.00000   50.81686  4.12%   320 3350s
 127497 52629   51.58231   56  567   53.00000   50.81764  4.12%   320 3355s
 127682 52681   50.90652   58  569   53.00000   50.81824  4.12%   320 3360s
 127911 52784   51.41925   54  658   53.00000   50.81967  4.11%   320 3365s
 128165 52894     cutoff   71        53.00000   50.82032  4.11%   319 3370s
 128397 52991   51.52740   59  617   53.00000   50.82122  4.11%   319 3375s
 128624 53062   51.63720   73  307   53.00000   50.82182  4.11%   319 3380s
 128836 53143     cutoff   67        53.00000   50.82268  4.11%   319 3385s
 129030 53205   50.96203   65  561   53.00000   50.82331  4.11%   319 3390s
 129245 53280   51.13069   66  612   53.00000   50.82412  4.11%   319 3395s
 129462 53340     cutoff   71        53.00000   50.82466  4.10%   319 3400s
 129618 53393   52.00000   62  369   53.00000   50.82509  4.10%   319 3405s
 129810 53469   51.02297   53  681   53.00000   50.82543  4.10%   319 3410s
 129999 53543   51.88442   67  401   53.00000   50.82617  4.10%   320 3415s
 130202 53627   51.12916   54  455   53.00000   50.82691  4.10%   319 3420s
 130429 53705   51.89238   66  346   53.00000   50.82738  4.10%   319 3425s
 130649 53789   51.77016   73  213   53.00000   50.82790  4.10%   319 3430s
 130845 53861   51.34060   62  557   53.00000   50.82841  4.10%   319 3435s
 131031 53924   51.86850   60  343   53.00000   50.82889  4.10%   320 3440s
 131238 53993   51.45568   57  517   53.00000   50.82946  4.10%   320 3445s
 131443 54061 infeasible   71        53.00000   50.83011  4.09%   320 3450s
 131643 54166   51.30974   70  471   53.00000   50.83051  4.09%   319 3455s
 131891 54264   51.48300   69  238   53.00000   50.83111  4.09%   319 3460s
 132074 54318   51.60595   59  390   53.00000   50.83182  4.09%   319 3465s
 132282 54396   51.28747   56  693   53.00000   50.83245  4.09%   319 3470s
 132425 54452   51.44884   61  420   53.00000   50.83285  4.09%   320 3475s
 132655 54528   51.74618   69  345   53.00000   50.83321  4.09%   320 3480s
 132861 54613   51.96940   73  347   53.00000   50.83364  4.09%   320 3485s
 133041 54674   51.18794   59  657   53.00000   50.83452  4.09%   320 3490s
 133274 54765   51.09363   55  561   53.00000   50.83496  4.08%   320 3495s
 133482 54841   51.30051   59  560   53.00000   50.83558  4.08%   320 3500s
 133641 54913   51.66853   61  643   53.00000   50.83593  4.08%   320 3505s
 133829 54985   51.23629   58  553   53.00000   50.83652  4.08%   320 3510s
 134032 55074   51.07412   56  599   53.00000   50.83698  4.08%   320 3515s
 134200 55136   50.91029   60  567   53.00000   50.83743  4.08%   320 3520s
 134456 55239   51.13706   55  598   53.00000   50.83810  4.08%   320 3525s
 134629 55294   51.23599   60  508   53.00000   50.83849  4.08%   320 3530s
 134829 55371   51.58053   64  470   53.00000   50.83938  4.08%   320 3535s
 135042 55465   51.59854   60  439   53.00000   50.84012  4.08%   320 3540s
 135224 55522   51.59910   67  402   53.00000   50.84100  4.07%   320 3545s
 135449 55605   51.10709   53  565   53.00000   50.84149  4.07%   320 3550s
 135623 55635   51.19940   61  481   53.00000   50.84218  4.07%   320 3555s
 135841 55728   51.61180   52  409   53.00000   50.84253  4.07%   320 3560s
 136016 55805   51.60687   65  413   53.00000   50.84294  4.07%   320 3565s
 136239 55889   51.38594   60  516   53.00000   50.84357  4.07%   320 3570s
 136440 55967   51.36170   62  414   53.00000   50.84385  4.07%   320 3575s
 136642 56024   51.49785   58  430   53.00000   50.84458  4.07%   320 3580s
 136828 56104   51.29500   59  541   53.00000   50.84500  4.07%   320 3585s
 137031 56190   51.69015   71  380   53.00000   50.84524  4.07%   320 3590s
 137199 56235   51.47949   61  492   53.00000   50.84579  4.06%   320 3595s

Cutting planes:
  Gomory: 10
  Cover: 371
  Implied bound: 129
  Projected implied bound: 1
  Clique: 19
  MIR: 1055
  Mixing: 7
  StrongCG: 4
  Flow cover: 2210
  GUB cover: 287
  Inf proof: 1
  Zero half: 63
  RLT: 30
  Relax-and-lift: 214
  BQP: 7
  PSD: 1

Explored 137425 nodes (43995326 simplex iterations) in 3599.95 seconds (3661.35 work units)
Thread count was 1 (of 16 available processors)

Solution count 10: 53 53 54 ... 59

Time limit reached
Best objective 5.300000000000e+01, best bound 5.100000000000e+01, gap 3.7736%

User-callback calls 812549, time in user-callback 0.78 sec
Stat(MathOptInterface.TIME_LIMIT, 53.0, 51.0, 0.03773584905660377, 1.425981173916e-311, 0.051495, 3599.952267885208, 137425, Main.CFLG.EVFP, "", #undef)
