Data path: /scratch/opt/lxu/CFLG/benchmarks/random_B
Instance: r_25_0.3_98.txt
Result path: /scratch/opt/lxu/CFLG/results/random_B
Solver: Gurobi
Time limit: 3600
Formulation: LEFPD
Cover: Small
julia --project=. src/main.jl /scratch/opt/lxu/CFLG/benchmarks/random_B r_25_0.3_98.txt /scratch/opt/lxu/CFLG/results/random_B Gurobi 3600 LEFPD Small
The latest version of Julia in the `release` channel is 1.11.5+0.x64.linux.gnu. You currently have `1.11.4+0.x64.linux.gnu` installed. Run:

  juliaup update

in your terminal shell to install Julia 1.11.5+0.x64.linux.gnu and update the `release` channel to that version.
/scratch/opt/lxu/CFLG/benchmarks/random_B Gurobi 3600.0 /scratch/opt/lxu/CFLG/results/random_B r_25_0.3_98.txt LEFPD Small
/scratch/opt/lxu/CFLG/benchmarks/random_B/r_25_0.3_98.txt

 read graph
data loaded


after absorb:25 25

max_piece:8
problem_graph/original graph: node: 28/25 edge: 101/98 dlt: 0.14368435911658325 break_avg_len: 0.5576660274623828 break_max_len: 0.9903705037781224elapsed CPU time: 0.049233 seconds
Set parameter TokenServer to value "solice01.zib.de"
Set parameter Threads to value 1
Set parameter OutputFlag to value 1
Set parameter MIPGap to value 0.0001
Set parameter MIPGapAbs to value 1
Set parameter TimeLimit to value 3599.950767

 more cuts:false
formulation:LEFPD95 6 3

 model loaded

Gurobi Optimizer version 12.0.1 build v12.0.1rc0 (linux64 - "Debian GNU/Linux 12 (bookworm)")

CPU model: Intel(R) Xeon(R) Gold 5122 CPU @ 3.60GHz, instruction set [SSE2|AVX|AVX2|AVX512]
Thread count: 8 physical cores, 16 logical processors, using up to 1 threads

Non-default parameters:
TimeLimit  3599.950767
MIPGapAbs  1
Threads  1

Optimize a model with 2211 rows, 1188 columns and 4630 nonzeros
Model fingerprint: 0xb9aa5d2b
Variable types: 597 continuous, 591 integer (401 binary)
Coefficient statistics:
  Matrix range     [1e-07, 1e+00]
  Objective range  [1e+00, 1e+00]
  Bounds range     [1e-01, 1e+00]
  RHS range        [1e-02, 3e+00]
Presolve removed 1280 rows and 150 columns
Presolve time: 0.01s
Presolved: 931 rows, 1038 columns, 3191 nonzeros
Variable types: 579 continuous, 459 integer (410 binary)
Found heuristic solution: objective 251.0000000
Found heuristic solution: objective 224.0000000

Root relaxation: objective 1.530417e+02, 665 iterations, 0.01 seconds (0.00 work units)

    Nodes    |    Current Node    |     Objective Bounds      |     Work
 Expl Unexpl |  Obj  Depth IntInf | Incumbent    BestBd   Gap | It/Node Time

     0     0  153.04167    0   61  224.00000  153.04167  31.7%     -    0s
     0     0  154.88025    0   92  224.00000  154.88025  30.9%     -    0s
H    0     0                     183.0000000  154.90926  15.4%     -    0s
     0     0  155.10907    0  103  183.00000  155.10907  15.2%     -    0s
     0     0  155.12235    0  107  183.00000  155.12235  15.2%     -    0s
     0     0  157.10549    0  139  183.00000  157.10549  14.2%     -    0s
     0     0  157.40148    0  150  183.00000  157.40148  14.0%     -    0s
     0     0  157.47263    0  152  183.00000  157.47263  13.9%     -    0s
     0     0  157.47811    0  152  183.00000  157.47811  13.9%     -    0s
     0     0  158.85011    0  177  183.00000  158.85011  13.2%     -    0s
     0     0  158.88488    0  180  183.00000  158.88488  13.2%     -    0s
     0     0  158.89018    0  180  183.00000  158.89018  13.2%     -    0s
     0     0  158.89492    0  180  183.00000  158.89492  13.2%     -    0s
     0     0  159.55962    0  163  183.00000  159.55962  12.8%     -    0s
     0     0  159.64238    0  163  183.00000  159.64238  12.8%     -    0s
     0     0  159.64574    0  166  183.00000  159.64574  12.8%     -    0s
     0     0  160.03663    0  178  183.00000  160.03663  12.5%     -    0s
H    0     0                     178.0000000  160.04492  10.1%     -    0s
     0     0  160.16510    0  192  178.00000  160.16510  10.0%     -    0s
     0     0  160.18397    0  193  178.00000  160.18397  10.0%     -    0s
     0     0  160.18400    0  193  178.00000  160.18400  10.0%     -    0s
     0     0  160.31596    0  198  178.00000  160.31596  9.93%     -    0s
     0     0  160.43000    0  189  178.00000  160.43000  9.87%     -    0s
     0     0  160.43339    0  191  178.00000  160.43339  9.87%     -    0s
     0     0  160.67382    0  203  178.00000  160.67382  9.73%     -    0s
     0     0  160.71678    0  201  178.00000  160.71678  9.71%     -    0s
     0     0  160.72870    0  208  178.00000  160.72870  9.70%     -    0s
     0     0  160.72902    0  208  178.00000  160.72902  9.70%     -    0s
     0     0  160.88599    0  203  178.00000  160.88599  9.61%     -    0s
     0     0  160.91629    0  213  178.00000  160.91629  9.60%     -    0s
     0     0  160.92157    0  204  178.00000  160.92157  9.59%     -    0s
     0     0  161.03150    0  213  178.00000  161.03150  9.53%     -    0s
H    0     0                     177.0000000  161.03400  9.02%     -    0s
     0     0  161.06687    0  211  177.00000  161.06687  9.00%     -    0s
     0     0  161.06997    0  216  177.00000  161.06997  9.00%     -    0s
     0     0  161.11525    0  215  177.00000  161.11525  8.97%     -    0s
     0     0  161.11822    0  212  177.00000  161.11822  8.97%     -    0s
     0     0  161.22264    0  209  177.00000  161.22264  8.91%     -    0s
H    0     0                     176.0000000  161.22808  8.39%     -    0s
     0     0  161.24222    0  227  176.00000  161.24222  8.39%     -    0s
     0     0  161.24784    0  230  176.00000  161.24784  8.38%     -    0s
     0     0  161.27657    0  218  176.00000  161.27657  8.37%     -    0s
     0     0  161.29450    0  215  176.00000  161.29450  8.36%     -    0s
H    0     0                     175.0000000  161.29450  7.83%     -    0s
     0     2  161.29450    0  214  175.00000  161.29450  7.83%     -    0s
H  156   146                     174.0000000  161.33051  7.28%  25.2    0s
H  462   411                     173.0000000  161.40993  6.70%  21.6    1s
   635   552  169.69531   89  283  173.00000  164.11557  5.14%  18.7    5s
   759   636  164.50197   20  287  173.00000  164.50197  4.91%  43.1   10s
H  794   626                     172.0000000  164.61304  4.29%  41.2   11s
   967   743  169.36135  109   73  172.00000  164.62894  4.29%  56.5   15s
  1558  1045  164.88393   36  214  172.00000  164.73932  4.22%  61.5   20s
H 1999  1112                     171.0000000  164.74186  3.66%  67.3   23s
  2111  1172  166.15744   53  148  171.00000  164.76122  3.65%  70.0   25s
  2747  1547  166.14300   52  149  171.00000  164.77739  3.64%  72.3   30s
  3330  2030  165.13181   36  207  171.00000  164.82468  3.61%  74.8   35s
  3546  2217  169.49733   66  125  171.00000  164.83517  3.61%  75.6   40s
  4114  2676  167.03806   59  121  171.00000  164.87571  3.58%  77.1   45s
  4792  3226  165.12322   42  218  171.00000  164.91505  3.56%  77.2   50s
  5483  3751  165.73337   37  201  171.00000  164.94187  3.54%  77.9   55s
  6223  4327  165.04035   37  237  171.00000  164.96764  3.53%  77.8   60s
  6822  4775  166.51495   41  224  171.00000  165.00495  3.51%  80.1   65s
  7467  5269  165.17496   40  242  171.00000  165.03984  3.49%  81.1   70s
  8169  5823  168.37627   53  109  171.00000  165.06844  3.47%  81.4   75s
  8845  6334  166.46374   41  204  171.00000  165.08991  3.46%  82.0   80s
H 9378  5595                     170.0000000  165.09993  2.88%  82.3   83s
  9496  5670  167.37203   51  184  170.00000  165.11088  2.88%  82.7   85s
 10020  6023  165.97692   49  231  170.00000  165.13110  2.86%  83.7   90s
 10203  6156  166.22671   53  215  170.00000  165.13534  2.86%  84.0  111s
 10257  6192  166.99662   54  276  170.00000  165.15423  2.85%  83.6  115s
 10312  6229  166.41068   44  261  170.00000  165.28767  2.77%  83.1  120s
 10358  6259  167.31396   59  266  170.00000  165.28927  2.77%  82.8  125s
 10486  6328  166.26354   59  183  170.00000  165.30283  2.76%  85.2  130s
 10670  6420  166.64406   64  146  170.00000  165.34220  2.74%  86.0  135s
 10854  6505  167.42830   69  182  170.00000  165.37066  2.72%  87.0  140s
 11034  6595  166.43697   60  190  170.00000  165.40908  2.70%  88.0  145s
 11398  6780  167.67387   69  130  170.00000  165.45555  2.67%  88.8  150s
 11795  6990  166.72965   65  160  170.00000  165.53173  2.63%  90.0  155s
 12242  7196  167.37316   58  182  170.00000  165.60222  2.59%  90.7  160s
 12741  7384  166.65312   56  205  170.00000  165.70532  2.53%  91.6  165s
 13189  7566  166.91283   72  155  170.00000  165.77100  2.49%  92.6  170s
 13612  7744  167.77002   72  152  170.00000  165.80840  2.47%  93.4  175s
 14000  7905  167.15359   65  173  170.00000  165.82400  2.46%  94.4  180s
 14445  8088  168.12130   82  100  170.00000  165.86397  2.43%  95.0  185s
 14852  8235  166.18793   55  217  170.00000  165.88102  2.42%  96.1  190s
 15263  8409  166.37275   56  242  170.00000  165.91389  2.40%  96.8  195s
 15690  8598  168.42041   87  125  170.00000  165.92368  2.40%  97.4  200s
 16065  8735  167.51816   69  132  170.00000  165.94807  2.38%  97.8  205s
 16455  8893  166.66187   64  199  170.00000  165.98157  2.36%  98.7  210s
 16904  9071  167.74426   61  178  170.00000  165.99548  2.36%  99.1  215s
 17295  9220  166.98796   63  206  170.00000  166.00695  2.35%   100  220s
 17791  9397  166.40376   54  231  170.00000  166.02292  2.34%   100  225s
 18169  9548  166.54698   57  227  170.00000  166.03516  2.33%   101  230s
 18601  9712  166.76938   58  198  170.00000  166.05058  2.32%   102  235s
 18850  9821  166.57131   58  217  170.00000  166.06065  2.32%   102  245s
 19272  9959  166.91041   55  235  170.00000  166.07285  2.31%   102  250s
 19720 10137  166.88716   63  192  170.00000  166.08789  2.30%   103  255s
 20181 10316  166.94629   58  213  170.00000  166.10151  2.29%   103  260s
 20685 10514  167.30487   61  197  170.00000  166.11587  2.28%   104  265s
 21199 10665  166.40860   61  236  170.00000  166.13059  2.28%   104  270s
 21725 10864  166.60635   61  221  170.00000  166.14422  2.27%   105  275s
 22024 10968  168.30625   88   88  170.00000  166.14710  2.27%   105  280s
 22560 11141  166.52060   52  271  170.00000  166.16414  2.26%   105  285s
 23075 11335  168.60341   74  111  170.00000  166.17705  2.25%   105  290s
 23578 11514  167.48534   68  118  170.00000  166.18533  2.24%   106  295s
 24057 11676  166.37921   57  232  170.00000  166.19628  2.24%   106  300s
 24503 11828  167.93756   74  155  170.00000  166.21052  2.23%   107  305s
 25008 11992  167.23753   65  192  170.00000  166.21946  2.22%   107  310s
 25516 12164  167.08845   60  228  170.00000  166.23069  2.22%   108  315s
 26007 12331  167.67051   57  203  170.00000  166.23755  2.21%   108  320s
 26474 12500     cutoff   79       170.00000  166.25079  2.21%   108  325s
 26919 12658  167.35322   63  187  170.00000  166.26816  2.20%   109  330s
 27423 12847  168.63533   85  125  170.00000  166.27467  2.19%   109  335s
 27960 13010  167.07605   59  186  170.00000  166.28633  2.18%   109  340s
 28446 13189  166.69601   56  193  170.00000  166.29093  2.18%   110  345s
 28955 13371  168.62729   83  122  170.00000  166.29733  2.18%   110  350s
 29469 13674  168.11870   80   90  170.00000  166.30412  2.17%   110  355s
 30031 14031  168.92461   82  110  170.00000  166.31017  2.17%   110  360s
 30570 14383  166.57639   58  239  170.00000  166.31831  2.17%   110  365s
 31034 14682  166.54842   58  222  170.00000  166.32447  2.16%   110  370s
 31471 14997  168.42145   77  113  170.00000  166.32888  2.16%   111  375s
 31987 15353  167.59377   79  128  170.00000  166.33198  2.16%   111  380s
 32580 15753  168.29779   72  132  170.00000  166.33659  2.15%   111  385s
 33107 16103  166.95390   53  238  170.00000  166.34651  2.15%   111  390s
 33628 16446     cutoff   77       170.00000  166.35287  2.15%   111  395s
 34084 16729  167.38269   58  170  170.00000  166.35724  2.14%   111  400s
 34535 17040  168.87226   75  104  170.00000  166.36353  2.14%   111  405s
 34983 17322  166.91260   60  226  170.00000  166.36880  2.14%   112  410s
 35490 17656  167.34533   59  211  170.00000  166.37334  2.13%   112  415s
 35966 17949  167.33170   64  167  170.00000  166.37834  2.13%   112  420s
 36396 18240  166.92309   54  251  170.00000  166.38417  2.13%   112  425s
 36864 18529  167.75052   64  142  170.00000  166.39222  2.12%   113  430s
 37309 18804  167.63436   65  148  170.00000  166.39917  2.12%   113  435s
 37789 19139  168.41568   91   89  170.00000  166.40297  2.12%   113  440s
 38257 19424  167.13386   58  249  170.00000  166.40785  2.11%   113  445s
 38707 19726  168.12877   84  128  170.00000  166.41022  2.11%   113  450s
 39192 20042  168.60950   83   86  170.00000  166.41483  2.11%   113  455s
 39684 20359  166.63008   56  242  170.00000  166.42179  2.10%   114  460s
 40103 20634  166.75280   56  172  170.00000  166.42452  2.10%   114  465s
 40612 20949  168.52090   72  121  170.00000  166.42802  2.10%   114  470s
 41080 21240  167.40883   65  151  170.00000  166.43300  2.10%   114  475s
 41550 21542  166.82189   59  237  170.00000  166.43758  2.10%   114  480s
 41990 21794  168.77744   73  116  170.00000  166.44223  2.09%   115  485s
 42479 22116  168.54819   70  153  170.00000  166.44790  2.09%   115  490s
 43002 22425  168.14762   67  117  170.00000  166.45212  2.09%   115  495s
 43504 22765  168.32394   75   96  170.00000  166.46063  2.08%   115  500s
 44038 23107  168.77158   84   62  170.00000  166.46567  2.08%   115  505s
 44542 23436  166.89385   60  252  170.00000  166.47259  2.07%   115  510s
 45069 23763  167.45916   62  211  170.00000  166.47679  2.07%   115  515s
 45518 24068  168.04126   67  143  170.00000  166.48074  2.07%   115  520s
 45979 24373  167.57917   64  161  170.00000  166.48451  2.07%   115  525s
 46457 24677  167.21024   62  216  170.00000  166.48744  2.07%   115  530s
 46929 24969  168.34552   69  155  170.00000  166.49174  2.06%   115  535s
 47382 25264  166.72541   61  185  170.00000  166.49446  2.06%   115  540s
 47844 25572  168.82707   88  104  170.00000  166.49802  2.06%   116  545s
 48320 25842  167.61246   61  167  170.00000  166.50266  2.06%   116  550s
 48816 26146  166.79252   57  215  170.00000  166.50717  2.05%   116  555s
 49266 26459  166.70602   62  217  170.00000  166.51105  2.05%   116  560s
 49773 26776  167.02227   65  197  170.00000  166.51577  2.05%   116  565s
 50244 27077  166.68699   60  221  170.00000  166.51898  2.05%   116  570s
 50785 27465  168.01612   71  123  170.00000  166.52141  2.05%   116  575s
 51274 27775  168.22620   67  150  170.00000  166.52373  2.04%   116  580s
 51789 28097  166.79267   56  215  170.00000  166.52708  2.04%   116  585s
 52255 28400  166.86647   63  228  170.00000  166.53021  2.04%   116  590s
 52790 28744  167.07654   60  200  170.00000  166.53457  2.04%   116  595s
 53261 29056  167.93341   67  153  170.00000  166.53682  2.04%   116  600s
 53793 29396  167.47806   66  140  170.00000  166.53963  2.04%   116  605s
 54274 29679  166.57798   53  239  170.00000  166.54095  2.03%   116  610s
 54763 29994  166.98097   59  250  170.00000  166.54352  2.03%   116  615s
 55194 30241  168.09818   70  147  170.00000  166.54665  2.03%   116  620s
 55669 30538  167.53773   64  200  170.00000  166.54918  2.03%   116  625s
 56112 30833  168.59827   76  113  170.00000  166.55164  2.03%   116  630s
 56579 31108  168.36439   65  137  170.00000  166.55453  2.03%   117  635s
 57049 31398  167.32530   55  190  170.00000  166.55794  2.02%   117  640s
 57545 31733  168.91534   83   63  170.00000  166.56164  2.02%   117  645s
 58024 32019  167.66342   75  131  170.00000  166.56565  2.02%   117  650s
 58467 32319  167.32977   66  167  170.00000  166.56973  2.02%   117  655s
 58967 32636  166.96021   57  230  170.00000  166.57201  2.02%   117  660s
 59435 32896  167.52723   66  148  170.00000  166.57438  2.02%   117  665s
 59856 33174  168.57463   70  141  170.00000  166.57597  2.01%   117  670s
 60331 33497  168.70672   74   88  170.00000  166.57815  2.01%   117  675s
 60801 33778  167.06944   55  240  170.00000  166.58215  2.01%   117  680s
 61241 34076  167.29353   66  170  170.00000  166.58409  2.01%   117  685s
 61776 34427  166.81983   54  200  170.00000  166.58689  2.01%   117  690s
 62252 34735  168.23800   65  144  170.00000  166.59026  2.01%   117  695s
 62768 35049  167.02897   67  185  170.00000  166.59340  2.00%   117  700s
 63233 35333  167.20502   59  194  170.00000  166.59544  2.00%   117  705s
 63724 35650  167.96070   62  163  170.00000  166.59930  2.00%   117  710s
 64197 35949  167.77617   61  164  170.00000  166.60172  2.00%   117  715s
 64703 36257  167.13033   56  236  170.00000  166.60418  2.00%   117  720s
 65176 36551  166.94607   61  209  170.00000  166.60699  2.00%   117  725s
 65621 36804  167.60213   66  166  170.00000  166.60868  1.99%   117  730s
 66132 37125  168.11275   61  159  170.00000  166.61017  1.99%   117  735s
 66612 37428  167.64006   60  175  170.00000  166.61259  1.99%   117  740s
 67074 37718  168.32625   79  127  170.00000  166.61629  1.99%   118  745s
 67545 37977  168.19890   72  140  170.00000  166.61996  1.99%   118  750s
 68050 38283  167.42945   68  184  170.00000  166.62221  1.99%   118  755s
 68585 38630  168.21517   70  148  170.00000  166.62504  1.99%   118  760s
 69067 38890     cutoff   82       170.00000  166.62771  1.98%   118  765s
 69551 39191  167.16459   53  232  170.00000  166.62956  1.98%   118  770s
 70002 39477  167.55789   71  149  170.00000  166.63091  1.98%   118  775s
 70513 39814  168.17984   68  144  170.00000  166.63331  1.98%   118  780s
 71055 40129  166.89334   64  222  170.00000  166.63555  1.98%   118  785s
 71541 40459  167.26088   60  221  170.00000  166.63788  1.98%   118  790s
 72098 40789  168.58362   82  114  170.00000  166.63947  1.98%   118  795s
 72571 41079  167.47796   64  173  170.00000  166.64184  1.98%   118  800s
 73062 41392  168.69463   84   92  170.00000  166.64359  1.97%   118  805s
 73499 41656  167.52988   72  146  170.00000  166.64589  1.97%   118  810s
 73969 41926  167.77760   69  161  170.00000  166.64859  1.97%   118  815s
 74421 42195  166.84145   56  225  170.00000  166.65067  1.97%   118  820s
 74903 42506     cutoff   70       170.00000  166.65319  1.97%   118  825s
 75368 42789  167.41252   68  150  170.00000  166.65544  1.97%   118  830s
 75868 43085  168.00812   68  152  170.00000  166.65734  1.97%   118  835s
 76334 43379  167.77516   65  147  170.00000  166.65949  1.97%   118  840s
 76813 43645  167.13073   60  232  170.00000  166.66266  1.96%   118  845s
 77281 43946  168.29316   74  143  170.00000  166.66476  1.96%   118  850s
 77766 44225  168.00777   63  162  170.00000  166.66683  1.96%   118  855s
 78225 44502  167.84087   64  184  170.00000  166.66913  1.96%   118  860s
 78662 44754  166.97260   61  186  170.00000  166.67099  1.96%   118  865s
 79134 45047  167.72732   74  162  170.00000  166.67320  1.96%   118  870s
 79626 45357  168.91746   64  117  170.00000  166.67532  1.96%   118  875s
 80126 45657  167.98321   69  167  170.00000  166.67795  1.95%   118  880s
 80588 45941  167.14375   56  223  170.00000  166.68038  1.95%   118  885s
 81103 46286  168.69306   75  110  170.00000  166.68262  1.95%   118  890s
 81577 46592  167.84833   67  185  170.00000  166.68422  1.95%   118  895s
 81682 46656  167.58957   66  191  170.00000  166.68429  1.95%   118  900s
 82159 46951  168.25476   79  156  170.00000  166.68609  1.95%   118  905s
 82724 47311  168.53721   82  137  170.00000  166.68803  1.95%   118  910s
 83224 47619  167.45319   62  172  170.00000  166.69005  1.95%   118  915s
 83739 47908  167.70343   62  133  170.00000  166.69276  1.95%   118  920s
 84241 48215  166.90354   60  185  170.00000  166.69508  1.94%   118  925s
 84757 48540  168.06796   81  160  170.00000  166.69674  1.94%   118  930s
 85332 48879  166.93134   60  260  170.00000  166.69940  1.94%   118  935s
 85820 49181  168.23468   59  155  170.00000  166.70078  1.94%   118  940s
 86334 49486  166.74279   57  244  170.00000  166.70227  1.94%   118  945s
 86844 49800  167.25558   55  219  170.00000  166.70475  1.94%   118  950s
 87301 50056  168.34071   74  139  170.00000  166.70686  1.94%   118  955s
 87802 50319  167.45835   67  160  170.00000  166.70937  1.94%   118  960s
 88387 50679  167.37361   62  219  170.00000  166.71174  1.93%   118  965s
 88886 50969  167.37679   64  252  170.00000  166.71426  1.93%   118  970s
 89356 51239  168.10650   70  150  170.00000  166.71599  1.93%   118  975s
 89822 51535  168.26824   75  144  170.00000  166.71713  1.93%   119  980s
 90389 51879  166.86947   59  176  170.00000  166.71880  1.93%   119  985s
 90932 52219     cutoff   79       170.00000  166.72099  1.93%   118  990s
 91441 52515  168.45674   63  192  170.00000  166.72352  1.93%   118  995s
 91969 52814  168.34554   64  176  170.00000  166.72486  1.93%   118 1000s
 92428 53063  168.31967   61  174  170.00000  166.72713  1.93%   119 1005s
 92891 53322  167.58758   72  156  170.00000  166.72845  1.92%   119 1010s
 93338 53585  167.90822   66  161  170.00000  166.73026  1.92%   119 1015s
 93809 53878  168.84353   83   99  170.00000  166.73154  1.92%   119 1020s
 94287 54138  167.43394   66  183  170.00000  166.73291  1.92%   119 1025s
 94756 54408  167.73314   63  150  170.00000  166.73397  1.92%   119 1030s
 95279 54694  168.26667   67  162  170.00000  166.73627  1.92%   119 1035s
 95773 54953  167.22076   60  226  170.00000  166.73875  1.92%   119 1040s
 96329 55273  167.76964   66  147  170.00000  166.74088  1.92%   119 1045s
 96817 55545  167.75594   67  206  170.00000  166.74283  1.92%   119 1050s
 97288 55817  167.26860   64  186  170.00000  166.74429  1.92%   119 1055s
 97885 56158  167.12796   63  213  170.00000  166.74576  1.91%   119 1060s
 98463 56521  168.05360   69  114  170.00000  166.74703  1.91%   119 1065s
 98966 56839  166.96595   61  206  170.00000  166.74821  1.91%   119 1070s
 99462 57145  167.64124   62  183  170.00000  166.75017  1.91%   119 1075s
 99935 57436  166.88506   58  197  170.00000  166.75178  1.91%   119 1080s
 100383 57704  167.07277   61  219  170.00000  166.75301  1.91%   119 1085s
 100861 57968  167.45962   65  210  170.00000  166.75432  1.91%   119 1090s
 101346 58264  167.45877   59  161  170.00000  166.75664  1.91%   119 1095s
 101860 58566  167.90966   75  161  170.00000  166.75772  1.91%   119 1100s
 102394 58857  167.60592   68  177  170.00000  166.76034  1.91%   119 1105s
 102897 59147  167.76860   63  191  170.00000  166.76206  1.90%   119 1110s
 103326 59394  168.03546   67  173  170.00000  166.76363  1.90%   119 1115s
 103819 59646  167.24804   63  194  170.00000  166.76615  1.90%   119 1120s
 104336 59942  167.44232   59  247  170.00000  166.76820  1.90%   119 1125s
 104846 60252  166.91288   58  208  170.00000  166.76920  1.90%   119 1130s
 105376 60571  167.57586   64  205  170.00000  166.77161  1.90%   119 1135s
 105898 60871  168.70783   76  103  170.00000  166.77333  1.90%   119 1140s
 106405 61171  168.23726   75  124  170.00000  166.77509  1.90%   119 1145s
 106912 61480  168.04626   73  178  170.00000  166.77681  1.90%   119 1150s
 107466 61818     cutoff   72       170.00000  166.77824  1.90%   119 1155s
 107920 62074  167.45293   61  204  170.00000  166.78015  1.89%   119 1160s
 108425 62362  167.84064   62  219  170.00000  166.78205  1.89%   119 1165s
 108890 62637  167.22815   64  176  170.00000  166.78350  1.89%   119 1170s
 109340 62898  167.81264   61  205  170.00000  166.78448  1.89%   119 1175s
 109805 63176  168.86364   75  113  170.00000  166.78611  1.89%   119 1180s
 110310 63449  167.22964   63  178  170.00000  166.78748  1.89%   119 1185s
 110766 63710  167.50902   52  240  170.00000  166.78872  1.89%   119 1190s
 111259 64000  168.40886   74   80  170.00000  166.78922  1.89%   119 1195s
 111723 64244  167.88992   69  177  170.00000  166.79121  1.89%   119 1200s
 112210 64530  168.35774   72  130  170.00000  166.79280  1.89%   119 1205s
 112664 64785  167.90291   67  166  170.00000  166.79385  1.89%   119 1210s
 113098 65049  167.09616   61  243  170.00000  166.79535  1.89%   119 1215s
 113557 65289  167.32196   61  226  170.00000  166.79656  1.88%   119 1220s
 114026 65570  167.19137   63  201  170.00000  166.79794  1.88%   119 1225s
 114522 65863  167.26349   59  226  170.00000  166.79917  1.88%   119 1230s
 114963 66110  167.20971   63  229  170.00000  166.80029  1.88%   119 1235s
 115514 66448     cutoff   75       170.00000  166.80119  1.88%   119 1240s
 116033 66756  167.27667   63  226  170.00000  166.80261  1.88%   119 1245s
 116549 67062  167.22271   63  197  170.00000  166.80384  1.88%   119 1250s
 117006 67328  168.96027   81   78  170.00000  166.80514  1.88%   119 1255s
 117430 67572  167.46616   65  170  170.00000  166.80670  1.88%   119 1260s
 117923 67872  168.32677   72  138  170.00000  166.80786  1.88%   119 1265s
 118354 68103  167.16738   62  206  170.00000  166.80952  1.88%   119 1270s
 118780 68343  167.18021   58  203  170.00000  166.81103  1.88%   120 1275s
 119250 68622  168.93809   72  164  170.00000  166.81282  1.87%   120 1280s
 119746 68914  167.32310   62  213  170.00000  166.81394  1.87%   120 1285s
 120253 69211  167.40600   62  229  170.00000  166.81496  1.87%   120 1290s
 120714 69490  168.11619   76  116  170.00000  166.81655  1.87%   120 1295s
 121222 69772  168.45693   77  145  170.00000  166.81787  1.87%   120 1300s
 121711 70027  167.27281   62  206  170.00000  166.81947  1.87%   120 1305s
 122045 70216  167.55585   61  203  170.00000  166.82041  1.87%   120 1312s
 122338 70367  167.31771   62  198  170.00000  166.82080  1.87%   120 1315s
 122867 70670  167.76175   75  167  170.00000  166.82194  1.87%   120 1320s
 123005 70745  168.62669   68  139  170.00000  166.82230  1.87%   120 1330s
 123468 70984  167.70300   63  158  170.00000  166.82326  1.87%   120 1335s
 123970 71293  167.49702   64  172  170.00000  166.82438  1.87%   120 1340s
 124528 71612  167.92284   68  134  170.00000  166.82564  1.87%   120 1345s
 125041 71889  167.48693   67  203  170.00000  166.82698  1.87%   120 1350s
 125539 72159     cutoff   75       170.00000  166.82870  1.87%   120 1355s
 126031 72435  167.83586   64  140  170.00000  166.83045  1.86%   120 1360s
 126528 72732  168.18031   72  148  170.00000  166.83135  1.86%   120 1365s
 127011 72976     cutoff   75       170.00000  166.83282  1.86%   120 1370s
 127504 73289     cutoff   74       170.00000  166.83448  1.86%   120 1375s
 127967 73558  168.47347   65  150  170.00000  166.83667  1.86%   120 1380s
 128478 73885  167.59187   60  199  170.00000  166.83784  1.86%   120 1385s
 128994 74158  167.59881   60  222  170.00000  166.83901  1.86%   120 1390s
 129498 74446  168.21239   74  131  170.00000  166.84048  1.86%   120 1395s
 129980 74701  168.66575   80   89  170.00000  166.84137  1.86%   120 1400s
 130456 74990  168.83338   77   90  170.00000  166.84306  1.86%   120 1405s
 130977 75295  168.72894   71  152  170.00000  166.84405  1.86%   120 1410s
 131525 75630  166.89445   57  227  170.00000  166.84489  1.86%   120 1415s
 132005 75913  167.60782   64  159  170.00000  166.84695  1.85%   120 1420s
 132536 76234  167.46211   59  214  170.00000  166.84847  1.85%   120 1425s
 133048 76529  167.29154   63  216  170.00000  166.84996  1.85%   120 1430s
 133604 76841  168.02481   61  189  170.00000  166.85139  1.85%   120 1435s
 134096 77088  167.45779   61  239  170.00000  166.85323  1.85%   120 1440s
 134583 77358  167.36228   58  212  170.00000  166.85441  1.85%   120 1445s
 135071 77681  168.81363   91   96  170.00000  166.85528  1.85%   120 1450s
 135599 77973  168.67170   73  117  170.00000  166.85678  1.85%   120 1455s
 136180 78308  167.48707   59  233  170.00000  166.85937  1.85%   120 1460s
 136603 78545     cutoff   81       170.00000  166.86003  1.85%   120 1465s
 137184 78870     cutoff   87       170.00000  166.86190  1.85%   120 1470s
 137610 79130  167.09774   57  244  170.00000  166.86270  1.85%   120 1479s
 137645 79157  168.57969   71  127  170.00000  166.86287  1.85%   120 1480s
 138157 79472  167.33578   60  177  170.00000  166.86452  1.84%   120 1485s
 138586 79695  168.05766   73  151  170.00000  166.86605  1.84%   120 1490s
 139098 79993  167.75532   67  186  170.00000  166.86698  1.84%   120 1495s
 139591 80276  168.86673   71  176  170.00000  166.86878  1.84%   120 1500s
 140123 80585  167.69167   68  192  170.00000  166.87048  1.84%   120 1505s
 140628 80855  168.14680   62  179  170.00000  166.87138  1.84%   120 1510s
 141116 81131  168.95733   80  115  170.00000  166.87262  1.84%   120 1515s
 141625 81406  167.81965   69  165  170.00000  166.87413  1.84%   120 1520s
 142090 81677  168.11431   74  140  170.00000  166.87483  1.84%   120 1525s
 142615 81992  167.31185   65  151  170.00000  166.87573  1.84%   120 1530s
 143169 82321  167.63291   73  149  170.00000  166.87720  1.84%   120 1535s
 143675 82620  168.69278   78   93  170.00000  166.87837  1.84%   120 1540s
 144158 82884  168.24698   66  138  170.00000  166.87935  1.84%   120 1545s
 144725 83200  167.35733   63  183  170.00000  166.88104  1.83%   120 1550s
 145247 83477  167.05950   61  238  170.00000  166.88217  1.83%   120 1555s
 145709 83754  168.89159   69  129  170.00000  166.88340  1.83%   120 1560s
 146195 84010  167.55162   60  224  170.00000  166.88446  1.83%   120 1565s
 146677 84274  167.90369   67  212  170.00000  166.88587  1.83%   120 1570s
 147206 84570  167.30997   56  235  170.00000  166.88686  1.83%   120 1575s
 147716 84837  167.27055   66  170  170.00000  166.88789  1.83%   120 1580s
 148228 85093  168.45078   66  144  170.00000  166.88897  1.83%   120 1585s
 148692 85342  168.50008   70  139  170.00000  166.88949  1.83%   120 1590s
 149215 85652  168.62005   75  106  170.00000  166.89103  1.83%   120 1595s
 149755 85945  167.58816   64  152  170.00000  166.89189  1.83%   120 1600s
 150282 86266  168.47209   77   98  170.00000  166.89320  1.83%   120 1605s
 150813 86558  168.39806   63  215  170.00000  166.89418  1.83%   120 1610s
 151268 86796     cutoff   68       170.00000  166.89481  1.83%   120 1615s
 151825 87108  168.45052   79  136  170.00000  166.89646  1.83%   120 1620s
 152325 87389  167.38085   59  234  170.00000  166.89794  1.82%   120 1625s
 152815 87644     cutoff   82       170.00000  166.89910  1.82%   120 1630s
 153340 87908  167.21563   58  230  170.00000  166.90012  1.82%   120 1635s
 153900 88228  167.31618   65  232  170.00000  166.90135  1.82%   120 1640s
 154373 88487  168.29916   69  135  170.00000  166.90223  1.82%   120 1645s
 154829 88727  168.85051   66  148  170.00000  166.90311  1.82%   120 1650s
 155297 89005  168.52320   69  153  170.00000  166.90447  1.82%   120 1655s
 155847 89324  167.42889   68  147  170.00000  166.90567  1.82%   120 1660s
 156335 89594  167.54848   61  187  170.00000  166.90666  1.82%   120 1665s
 156888 89875  168.34272   68  166  170.00000  166.90758  1.82%   120 1670s
 157356 90144  167.64268   61  181  170.00000  166.90854  1.82%   120 1675s
 157905 90438  168.63453   74  118  170.00000  166.90995  1.82%   120 1680s
 158388 90720  167.07045   61  221  170.00000  166.91086  1.82%   120 1685s
 158891 90999  167.50635   64  202  170.00000  166.91180  1.82%   120 1690s
 159412 91255  167.23522   63  190  170.00000  166.91288  1.82%   120 1695s
 159903 91547  168.61580   58  203  170.00000  166.91353  1.82%   120 1700s
 160435 91882  168.76172   67  131  170.00000  166.91453  1.81%   120 1705s
 160971 92194  168.82871   71  142  170.00000  166.91577  1.81%   120 1710s
 161492 92492  167.96025   64  200  170.00000  166.91673  1.81%   120 1715s
 161947 92755  167.79473   67  160  170.00000  166.91750  1.81%   120 1720s
 162463 93058  167.52966   69  178  170.00000  166.91856  1.81%   120 1725s
 162969 93346  167.55179   63  203  170.00000  166.91979  1.81%   120 1730s
 163498 93647  167.44562   64  215  170.00000  166.92053  1.81%   120 1735s
 164060 93959  167.67112   63  233  170.00000  166.92152  1.81%   120 1740s
 164614 94246  167.19216   57  238  170.00000  166.92311  1.81%   120 1745s
 165106 94512  167.21822   62  176  170.00000  166.92370  1.81%   120 1750s
 165533 94774  167.41354   61  217  170.00000  166.92493  1.81%   120 1755s
 166027 95039  168.71071   74  107  170.00000  166.92618  1.81%   120 1760s
 166500 95296  167.24979   63  168  170.00000  166.92726  1.81%   120 1765s
 167000 95572  168.08565   63  216  170.00000  166.92792  1.81%   120 1770s
 167457 95792  167.12679   56  223  170.00000  166.92911  1.81%   120 1775s
 167899 96046  167.93168   66  151  170.00000  166.93011  1.81%   120 1780s
 168368 96316  168.56919   70  168  170.00000  166.93083  1.81%   120 1785s
 168812 96567  168.44992   68  153  170.00000  166.93175  1.80%   120 1790s
 169358 96868  168.34160   74  113  170.00000  166.93277  1.80%   120 1795s
 169844 97129  167.00668   61  252  170.00000  166.93346  1.80%   120 1800s
 170323 97400  168.49379   73  130  170.00000  166.93494  1.80%   120 1805s
 170763 97645  168.81656   81   98  170.00000  166.93578  1.80%   120 1810s
 171245 97921  167.95473   61  198  170.00000  166.93706  1.80%   120 1815s
 171732 98151  167.62991   66  186  170.00000  166.93797  1.80%   120 1820s
 172265 98462  166.98104   57  194  170.00000  166.93910  1.80%   120 1825s
 172762 98762  167.63741   66  168  170.00000  166.94019  1.80%   120 1830s
 173241 99015     cutoff   81       170.00000  166.94122  1.80%   120 1835s
 173752 99263  167.69237   54  265  170.00000  166.94241  1.80%   120 1840s
 174256 99513  168.20520   66  131  170.00000  166.94308  1.80%   120 1845s
 174722 99773  167.63207   66  168  170.00000  166.94407  1.80%   120 1850s
 175248 100069  168.61903   67  161  170.00000  166.94515  1.80%   120 1855s
 175742 100359  167.90109   68  197  170.00000  166.94617  1.80%   120 1860s
 176328 100710  167.62022   61  162  170.00000  166.94686  1.80%   120 1865s
 176838 100977  168.93637   89   82  170.00000  166.94780  1.80%   120 1870s
 177364 101252  167.59463   61  240  170.00000  166.94876  1.79%   120 1875s
 177810 101501  167.37934   61  184  170.00000  166.94981  1.79%   120 1880s
 178327 101788  168.10608   69  149  170.00000  166.95096  1.79%   120 1885s
 178760 102008  167.35850   62  211  170.00000  166.95191  1.79%   120 1890s
 179228 102270  168.15214   63  201  170.00000  166.95300  1.79%   120 1895s
 179682 102509  168.07934   69  147  170.00000  166.95422  1.79%   120 1900s
 180173 102774  167.36407   68  164  170.00000  166.95537  1.79%   120 1905s
 180619 103026  167.18085   60  224  170.00000  166.95630  1.79%   120 1910s
 181109 103294  167.20673   59  237  170.00000  166.95724  1.79%   120 1915s
 181543 103519  167.02620   59  231  170.00000  166.95774  1.79%   120 1920s
 182063 103806  167.39373   63  230  170.00000  166.95892  1.79%   120 1925s
 182541 104069  167.22114   60  178  170.00000  166.96019  1.79%   120 1930s
 183022 104330  167.17244   62  246  170.00000  166.96107  1.79%   120 1935s
 183479 104601  168.20811   61  182  170.00000  166.96212  1.79%   120 1940s
 183970 104860  168.17025   72  140  170.00000  166.96297  1.79%   120 1945s
 184386 105089  167.45862   67  179  170.00000  166.96422  1.79%   120 1950s
 184862 105326  167.85714   63  183  170.00000  166.96499  1.79%   120 1955s
 185331 105593  167.19695   56  222  170.00000  166.96581  1.78%   120 1960s
 185765 105845  167.52080   67  189  170.00000  166.96664  1.78%   120 1965s
 186212 106107  168.05377   71  158  170.00000  166.96764  1.78%   120 1970s
 186663 106366  167.65279   61  173  170.00000  166.96853  1.78%   120 1975s
 187081 106587  168.54630   58  179  170.00000  166.96925  1.78%   120 1980s
 187522 106808  167.83263   66  196  170.00000  166.96998  1.78%   120 1985s
 187971 107071  168.66599   77  122  170.00000  166.97093  1.78%   120 1990s
 188418 107334  167.49544   55  246  170.00000  166.97181  1.78%   120 1995s
 188836 107578  168.83473   82  103  170.00000  166.97250  1.78%   120 2000s
 189360 107878  168.46967   81   73  170.00000  166.97344  1.78%   120 2005s
 189788 108126  168.48667   64  157  170.00000  166.97409  1.78%   120 2010s
 190244 108381  167.16748   54  266  170.00000  166.97462  1.78%   120 2015s
 190684 108625  167.47595   69  148  170.00000  166.97542  1.78%   120 2020s
 191195 108866  167.40287   64  229  170.00000  166.97615  1.78%   120 2025s
 191636 109101  167.39756   63  225  170.00000  166.97708  1.78%   120 2030s
 192116 109389  167.34785   62  193  170.00000  166.97766  1.78%   120 2035s
 192540 109616  168.30603   81  111  170.00000  166.97841  1.78%   120 2040s
 193003 109862  167.32368   63  223  170.00000  166.97923  1.78%   120 2045s
 193420 110089  167.44868   66  202  170.00000  166.97999  1.78%   120 2050s
 193899 110370  167.45261   61  180  170.00000  166.98112  1.78%   120 2055s
 194410 110648  168.22899   70  147  170.00000  166.98177  1.78%   120 2060s
 194854 110879  167.29885   61  242  170.00000  166.98257  1.77%   120 2065s
 195352 111143  168.66915   70  146  170.00000  166.98356  1.77%   120 2070s
 195837 111394  168.53969   81   97  170.00000  166.98411  1.77%   120 2075s
 196326 111681  168.36084   73  120  170.00000  166.98498  1.77%   120 2080s
 196780 111921  167.20738   67  232  170.00000  166.98601  1.77%   120 2085s
 197253 112179  168.15697   71  117  170.00000  166.98675  1.77%   120 2090s
 197767 112431  167.81697   70  145  170.00000  166.98758  1.77%   120 2095s
 198239 112699  168.90744   82  120  170.00000  166.98936  1.77%   120 2100s
 198725 112956  168.38782   70  180  170.00000  166.99009  1.77%   120 2105s
 199194 113196  167.91110   68  181  170.00000  166.99094  1.77%   120 2110s
 199611 113412  168.41642   73  163  170.00000  166.99148  1.77%   120 2115s
 200098 113657  167.55033   61  240  170.00000  166.99251  1.77%   120 2120s
 200490 113891  167.39757   63  208  170.00000  166.99306  1.77%   121 2125s
 200986 114155  167.70005   59  183  170.00000  166.99390  1.77%   121 2130s
 201533 114432  167.54659   63  243  170.00000  166.99485  1.77%   120 2135s
 202062 114695  167.92286   69  160  170.00000  166.99594  1.77%   120 2140s
 202461 114923  167.97944   65  164  170.00000  166.99661  1.77%   120 2145s
 202933 115174  167.54676   63  195  170.00000  166.99735  1.77%   120 2150s
 203398 115436  168.39538   78  126  170.00000  166.99786  1.77%   120 2155s
 203922 115711  168.42443   72  127  170.00000  166.99851  1.77%   120 2160s
 204385 115951  167.73684   72  165  170.00000  166.99951  1.76%   120 2165s
 204810 116186  167.76361   65  152  170.00000  167.00037  1.76%   120 2170s
 205275 116404  167.64161   51  234  170.00000  167.00146  1.76%   121 2175s
 205693 116627  168.58381   69  170  170.00000  167.00207  1.76%   121 2180s
 206201 116906  168.51750   65  144  170.00000  167.00319  1.76%   121 2185s
 206674 117181  168.47269   65  165  170.00000  167.00404  1.76%   121 2190s
 207128 117436  167.98111   68  157  170.00000  167.00495  1.76%   121 2195s
 207568 117660  168.22394   73  153  170.00000  167.00569  1.76%   121 2200s
 208018 117897  168.18229   64  185  170.00000  167.00677  1.76%   121 2205s
 208426 118128  167.21500   58  206  170.00000  167.00766  1.76%   121 2210s
 208874 118378  168.76499   81  107  170.00000  167.00815  1.76%   121 2215s
 209343 118612  168.55648   71  154  170.00000  167.00931  1.76%   121 2220s
 209785 118836  167.78173   66  178  170.00000  167.01005  1.76%   121 2225s
 210242 119088  168.34813   66  192  170.00000  167.01106  1.76%   121 2230s
 210680 119306  168.42499   68  173  170.00000  167.01221  1.76%   121 2235s
 211102 119538  168.49629   72  137  170.00000  167.01292  1.76%   121 2240s
 211566 119802  167.68091   56  204  170.00000  167.01346  1.76%   121 2245s
 212036 120073  167.20447   63  236  170.00000  167.01411  1.76%   121 2250s
 212476 120321  168.65517   65  188  170.00000  167.01490  1.76%   121 2255s
 212946 120568  168.16151   73  135  170.00000  167.01570  1.76%   121 2260s
 213409 120839  168.41667   71  169  170.00000  167.01631  1.76%   121 2265s
 213860 121078     cutoff   77       170.00000  167.01726  1.75%   121 2270s
 214280 121290  167.57571   61  172  170.00000  167.01792  1.75%   121 2275s
 214717 121512  167.86657   65  158  170.00000  167.01892  1.75%   121 2280s
 215235 121789  167.73459   60  183  170.00000  167.01960  1.75%   121 2285s
 215743 122073  167.97214   66  188  170.00000  167.02024  1.75%   121 2290s
 216194 122310  167.38491   59  176  170.00000  167.02107  1.75%   121 2295s
 216638 122539  168.62504   71  136  170.00000  167.02141  1.75%   121 2300s
 217109 122765  168.12986   62  174  170.00000  167.02255  1.75%   121 2305s
 217585 123015  168.90768   86   56  170.00000  167.02327  1.75%   121 2310s
 218039 123260  167.17155   60  206  170.00000  167.02394  1.75%   121 2315s
 218513 123508  168.85772   66  169  170.00000  167.02460  1.75%   121 2320s
 218990 123772  167.51527   58  222  170.00000  167.02547  1.75%   121 2325s
 219443 124015  168.52887   70  122  170.00000  167.02646  1.75%   121 2330s
 219862 124185  167.54730   63  193  170.00000  167.02696  1.75%   121 2335s
 220337 124407  167.31890   58  176  170.00000  167.02777  1.75%   121 2340s
 220804 124644  167.46757   64  215  170.00000  167.02845  1.75%   121 2345s
 221216 124866  167.93245   64  204  170.00000  167.02948  1.75%   121 2350s
 221635 125119  168.02877   67  225  170.00000  167.02996  1.75%   121 2355s
 222035 125307  167.33262   56  247  170.00000  167.03040  1.75%   121 2360s
 222453 125546  168.41077   76  161  170.00000  167.03104  1.75%   121 2365s
 222901 125781  167.97820   70  168  170.00000  167.03152  1.75%   121 2370s
 223373 125990  167.76867   69  178  170.00000  167.03210  1.75%   121 2375s
 223868 126274  168.13182   74  167  170.00000  167.03283  1.75%   121 2380s
 224344 126518  168.14466   66  160  170.00000  167.03385  1.74%   121 2385s
 224769 126719  168.79538   70  147  170.00000  167.03463  1.74%   121 2390s
 224920 126794  167.78442   68  196  170.00000  167.03477  1.74%   121 2395s
 225389 127034  168.88237   76  120  170.00000  167.03534  1.74%   121 2400s
 225765 127233  167.13780   62  219  170.00000  167.03582  1.74%   121 2405s
 226160 127433  167.99353   68  227  170.00000  167.03668  1.74%   121 2410s
 226586 127658  168.02488   61  196  170.00000  167.03729  1.74%   121 2415s
 227016 127889  167.46160   61  194  170.00000  167.03806  1.74%   121 2420s
 227454 128135  168.13455   58  207  170.00000  167.03876  1.74%   121 2425s
 227922 128371  168.25668   72  155  170.00000  167.03933  1.74%   121 2430s
 228386 128635  167.98635   65  145  170.00000  167.04010  1.74%   121 2435s
 228899 128898  167.41862   68  171  170.00000  167.04074  1.74%   121 2440s
 229344 129119  168.85424   63  155  170.00000  167.04157  1.74%   121 2445s
 229801 129402  168.71967   76  103  170.00000  167.04243  1.74%   121 2450s
 230310 129658  168.00319   75  153  170.00000  167.04313  1.74%   121 2455s
 230767 129890  167.83516   66  191  170.00000  167.04407  1.74%   121 2460s
 231218 130136  168.97739   83   93  170.00000  167.04512  1.74%   121 2465s
 231651 130350  167.93519   67  127  170.00000  167.04566  1.74%   121 2470s
 232127 130615  168.89929   73  136  170.00000  167.04613  1.74%   121 2475s
 232580 130838  168.94787   80   95  170.00000  167.04678  1.74%   121 2480s
 233068 131080  168.08041   63  194  170.00000  167.04762  1.74%   121 2485s
 233571 131314  168.26768   65  179  170.00000  167.04834  1.74%   121 2490s
 234058 131556     cutoff   73       170.00000  167.04935  1.74%   121 2495s
 234536 131838  168.60372   68  180  170.00000  167.05008  1.74%   121 2500s
 235062 132090  168.22157   70  122  170.00000  167.05066  1.73%   121 2505s
 235525 132337  168.32078   67  161  170.00000  167.05127  1.73%   121 2510s
 236040 132597  167.41355   58  225  170.00000  167.05245  1.73%   121 2515s
 236520 132868     cutoff   75       170.00000  167.05325  1.73%   121 2520s
 236982 133087  168.08289   63  126  170.00000  167.05388  1.73%   121 2525s
 237225 133218  167.47271   65  211  170.00000  167.05402  1.73%   121 2530s
 237591 133392  167.17112   57  212  170.00000  167.05457  1.73%   121 2535s
 238115 133666  167.61728   65  159  170.00000  167.05515  1.73%   121 2540s
 238598 133912  168.26848   68  198  170.00000  167.05555  1.73%   121 2545s
 239110 134178  168.73124   63  160  170.00000  167.05651  1.73%   121 2550s
 239607 134428  167.29268   66  226  170.00000  167.05723  1.73%   121 2555s
 240091 134691  168.78689   75  127  170.00000  167.05796  1.73%   121 2560s
 240583 134915  167.31251   55  261  170.00000  167.05864  1.73%   121 2565s
 241045 135162  168.00634   71  156  170.00000  167.05921  1.73%   121 2570s
 241515 135446  168.12349   63  188  170.00000  167.05986  1.73%   121 2575s
 241990 135685  168.64063   66  153  170.00000  167.06049  1.73%   121 2580s
 242420 135922  168.47293   73  158  170.00000  167.06124  1.73%   121 2585s
 242901 136161  168.64521   61  161  170.00000  167.06165  1.73%   121 2590s
 243423 136400  168.04237   69  171  170.00000  167.06212  1.73%   121 2595s
 243920 136658  168.34100   68  204  170.00000  167.06309  1.73%   121 2600s
 244403 136898  167.51960   60  246  170.00000  167.06349  1.73%   121 2605s
 244897 137130  167.48648   63  187  170.00000  167.06444  1.73%   121 2610s
 245413 137388  167.45106   62  217  170.00000  167.06526  1.73%   121 2615s
 245899 137649  168.74986   67  170  170.00000  167.06581  1.73%   121 2620s
 246404 137924  168.08053   66  153  170.00000  167.06625  1.73%   121 2625s
 246889 138194     cutoff   68       170.00000  167.06685  1.73%   121 2630s
 247369 138440  167.46112   61  159  170.00000  167.06742  1.73%   121 2635s
 247842 138705  168.37726   72  105  170.00000  167.06795  1.72%   121 2640s
 248337 138956  168.68408   63  128  170.00000  167.06886  1.72%   121 2645s
 248872 139195  167.74721   67  144  170.00000  167.06960  1.72%   121 2650s
 249291 139418  168.28983   64  160  170.00000  167.07002  1.72%   121 2655s
 249804 139675  167.79791   70  184  170.00000  167.07061  1.72%   121 2660s
 250313 139899     cutoff   74       170.00000  167.07161  1.72%   121 2665s
 250857 140187  167.61757   65  197  170.00000  167.07234  1.72%   121 2670s
 251357 140469  167.32932   65  216  170.00000  167.07295  1.72%   121 2675s
 251830 140743  168.51485   75  104  170.00000  167.07367  1.72%   121 2680s
 252299 140978  167.50590   54  244  170.00000  167.07463  1.72%   121 2685s
 252810 141255  168.65089   70  165  170.00000  167.07531  1.72%   121 2690s
 253358 141544  168.18708   62  196  170.00000  167.07613  1.72%   121 2695s
 253817 141767  168.17235   64  236  170.00000  167.07709  1.72%   121 2700s
 254325 142035  167.68790   63  197  170.00000  167.07801  1.72%   121 2705s
 254842 142264  168.87739   78   91  170.00000  167.07869  1.72%   121 2710s
 255302 142453  167.12782   65  230  170.00000  167.07948  1.72%   121 2715s
 255737 142677  168.34499   62  123  170.00000  167.08022  1.72%   121 2720s
 256206 142912  167.78640   69  166  170.00000  167.08098  1.72%   121 2725s
 256706 143172  168.79126   75  140  170.00000  167.08204  1.72%   121 2730s
 257208 143428  168.45615   85   79  170.00000  167.08268  1.72%   121 2735s
 257665 143626  168.75078   73  179  170.00000  167.08331  1.72%   121 2740s
 258123 143860  168.63353   74  145  170.00000  167.08397  1.72%   121 2745s
 258629 144143  167.62691   64  230  170.00000  167.08478  1.71%   121 2750s
 259114 144417     cutoff   77       170.00000  167.08553  1.71%   121 2755s
 259562 144632  168.85512   73  108  170.00000  167.08609  1.71%   121 2760s
 260041 144824  168.85725   73  143  170.00000  167.08654  1.71%   121 2765s
 260531 145090  167.80939   71  150  170.00000  167.08717  1.71%   121 2770s
 261009 145319  167.29875   65  222  170.00000  167.08770  1.71%   121 2775s
 261495 145587  168.53691   67  134  170.00000  167.08836  1.71%   121 2780s
 261921 145794  167.68665   55  229  170.00000  167.08932  1.71%   121 2785s
 262196 145935  168.86439   77  162  170.00000  167.08975  1.71%   121 2790s
 262669 146170  167.86343   61  256  170.00000  167.09038  1.71%   121 2795s
 263150 146440  168.24884   64  161  170.00000  167.09116  1.71%   121 2800s
 263638 146657  168.93351   69  123  170.00000  167.09163  1.71%   121 2805s
 264178 146930  168.71156   72  107  170.00000  167.09221  1.71%   121 2810s
 264689 147215  167.57391   64  222  170.00000  167.09283  1.71%   121 2815s
 265155 147461  167.24155   52  250  170.00000  167.09348  1.71%   121 2820s
 265586 147666  167.94366   67  183  170.00000  167.09447  1.71%   121 2825s
 266082 147917     cutoff   73       170.00000  167.09520  1.71%   121 2830s
 266572 148177  167.48768   67  209  170.00000  167.09591  1.71%   121 2835s
 267039 148411  168.29755   65  163  170.00000  167.09662  1.71%   121 2840s
 267485 148633     cutoff   73       170.00000  167.09721  1.71%   121 2845s
 267939 148901  168.07584   63  198  170.00000  167.09806  1.71%   121 2850s
 268453 149102  168.72730   66  160  170.00000  167.09869  1.71%   121 2855s
 268915 149305  167.99185   65  232  170.00000  167.09931  1.71%   121 2860s
 269376 149551  168.96514   76  122  170.00000  167.09968  1.71%   121 2865s
 269860 149825  168.16547   60  217  170.00000  167.10013  1.71%   121 2870s
 270356 150044  168.29783   70  165  170.00000  167.10073  1.71%   121 2875s
 270831 150296  168.90703   79  105  170.00000  167.10126  1.71%   121 2880s
 271302 150546  168.98454   78   62  170.00000  167.10191  1.70%   121 2885s
 271808 150787  167.59311   61  233  170.00000  167.10242  1.70%   121 2890s
 272214 150964     cutoff   90       170.00000  167.10340  1.70%   121 2895s
 272666 151183  167.34227   60  205  170.00000  167.10403  1.70%   121 2900s
 273168 151437  168.18637   64  231  170.00000  167.10454  1.70%   121 2905s
 273573 151644  168.85005   73  165  170.00000  167.10494  1.70%   121 2910s
 274066 151877  168.48541   68  164  170.00000  167.10557  1.70%   121 2915s
 274588 152140  167.91227   59  163  170.00000  167.10633  1.70%   121 2920s
 274999 152347  167.69619   59  180  170.00000  167.10711  1.70%   121 2925s
 275340 152524  167.67021   53  234  170.00000  167.10763  1.70%   121 2930s
 275729 152730  168.78778   74  107  170.00000  167.10836  1.70%   121 2935s
 276179 152955  168.15314   66  139  170.00000  167.10902  1.70%   121 2940s
 276596 153151  167.29149   60  248  170.00000  167.10973  1.70%   121 2945s
 277046 153372  167.84101   60  254  170.00000  167.11043  1.70%   121 2950s
 277510 153608     cutoff   74       170.00000  167.11077  1.70%   121 2955s
 277940 153827  168.16567   67  144  170.00000  167.11123  1.70%   121 2960s
 278391 154068  168.85511   78   94  170.00000  167.11174  1.70%   121 2965s
 278838 154301  167.97954   73  155  170.00000  167.11224  1.70%   121 2970s
 279303 154546  168.22624   63  202  170.00000  167.11288  1.70%   121 2975s
 279769 154768  167.93132   70  157  170.00000  167.11366  1.70%   121 2980s
 280215 154993  168.34098   70  128  170.00000  167.11418  1.70%   121 2985s
 280665 155225  167.68837   60  209  170.00000  167.11486  1.70%   121 2990s
 281099 155441  168.05797   67  143  170.00000  167.11581  1.70%   121 2995s
 281516 155658  168.52859   80  105  170.00000  167.11630  1.70%   121 3000s
 281965 155864  168.90680   70  142  170.00000  167.11669  1.70%   121 3005s
 282337 156043  167.83728   61  217  170.00000  167.11720  1.70%   121 3010s
 282817 156286  167.85609   63  190  170.00000  167.11774  1.70%   121 3015s
 283289 156495  167.75206   60  203  170.00000  167.11821  1.70%   121 3020s
 283725 156701  168.40081   63  187  170.00000  167.11871  1.69%   122 3025s
 284209 156904  167.85928   64  204  170.00000  167.11937  1.69%   121 3030s
 284645 157114  167.76606   64  225  170.00000  167.11990  1.69%   122 3035s
 285129 157322  167.65236   58  206  170.00000  167.12063  1.69%   122 3040s
 285604 157556  167.55373   65  232  170.00000  167.12121  1.69%   122 3045s
 286043 157771  168.27296   71  160  170.00000  167.12170  1.69%   122 3050s
 286489 158012  168.21978   64  145  170.00000  167.12211  1.69%   122 3055s
 286953 158241  168.66454   69  179  170.00000  167.12267  1.69%   122 3060s
 287430 158480  167.65711   62  229  170.00000  167.12343  1.69%   122 3065s
 287854 158693  168.97507   71  146  170.00000  167.12377  1.69%   122 3070s
 288300 158892  167.71872   60  231  170.00000  167.12429  1.69%   122 3075s
 288778 159139  167.52449   61  224  170.00000  167.12492  1.69%   122 3080s
 289226 159347  167.94947   66  179  170.00000  167.12555  1.69%   122 3085s
 289711 159583     cutoff   71       170.00000  167.12590  1.69%   122 3090s
 290145 159810  168.66773   65  143  170.00000  167.12632  1.69%   122 3095s
 290636 160048     cutoff   83       170.00000  167.12685  1.69%   122 3100s
 291105 160265  167.99288   68  183  170.00000  167.12741  1.69%   122 3105s
 291571 160519  168.06121   61  177  170.00000  167.12828  1.69%   122 3110s
 292034 160749  167.58065   63  229  170.00000  167.12872  1.69%   122 3115s
 292532 160994  167.42002   63  223  170.00000  167.12933  1.69%   122 3120s
 292967 161204  167.64279   72  141  170.00000  167.12976  1.69%   122 3125s
 293423 161443  167.86462   67  169  170.00000  167.13031  1.69%   122 3130s
 293859 161692  167.78908   61  167  170.00000  167.13096  1.69%   122 3135s
 294265 161901  168.58413   66  117  170.00000  167.13166  1.69%   122 3140s
 294732 162121  167.62662   64  229  170.00000  167.13209  1.69%   122 3145s
 295180 162325  167.42723   59  208  170.00000  167.13267  1.69%   122 3150s
 295614 162550  167.68035   64  225  170.00000  167.13331  1.69%   122 3155s
 296052 162774  167.65156   55  223  170.00000  167.13392  1.69%   122 3160s
 296513 162987  167.37135   58  264  170.00000  167.13443  1.69%   122 3165s
 297024 163261  167.42317   65  181  170.00000  167.13499  1.69%   122 3170s
 297512 163447  167.27492   58  206  170.00000  167.13574  1.68%   122 3175s
 297970 163669  168.26038   67  193  170.00000  167.13634  1.68%   122 3180s
 298362 163866  167.83507   62  184  170.00000  167.13726  1.68%   122 3185s
 298811 164051  167.68595   59  234  170.00000  167.13818  1.68%   122 3190s
 299268 164286  168.61147   74  145  170.00000  167.13880  1.68%   122 3195s
 299736 164506  167.73066   61  225  170.00000  167.13941  1.68%   122 3200s
 300200 164742  167.92195   72  163  170.00000  167.13991  1.68%   122 3205s
 300655 164966  168.28560   67  185  170.00000  167.14025  1.68%   122 3218s
 300809 165065  168.38831   65  152  170.00000  167.14031  1.68%   122 3220s
 301222 165273  168.55343   81  104  170.00000  167.14078  1.68%   122 3225s
 301649 165489  168.10630   64  172  170.00000  167.14141  1.68%   122 3230s
 302107 165711     cutoff   64       170.00000  167.14213  1.68%   122 3235s
 302576 165929  168.06313   60  224  170.00000  167.14262  1.68%   122 3240s
 303018 166177  168.14392   79  156  170.00000  167.14301  1.68%   122 3245s
 303452 166384  168.52507   79  113  170.00000  167.14362  1.68%   122 3250s
 303907 166595  168.02019   70  157  170.00000  167.14414  1.68%   122 3255s
 304411 166843  167.84073   67  167  170.00000  167.14464  1.68%   122 3260s
 304846 167040  168.31321   66  177  170.00000  167.14520  1.68%   122 3265s
 305290 167270  167.40310   65  225  170.00000  167.14574  1.68%   122 3270s
 305750 167474  168.40421   74   91  170.00000  167.14622  1.68%   122 3275s
 306234 167702  168.08343   61  217  170.00000  167.14679  1.68%   122 3280s
 306700 167923  167.54466   63  197  170.00000  167.14743  1.68%   122 3285s
 307156 168151  168.09964   59  244  170.00000  167.14800  1.68%   122 3290s
 307603 168369  168.94119   69  130  170.00000  167.14876  1.68%   122 3295s
 308086 168568     cutoff   70       170.00000  167.14932  1.68%   122 3300s
 308531 168752  167.76989   72  195  170.00000  167.14986  1.68%   122 3305s
 309015 169015  168.13231   74  124  170.00000  167.15032  1.68%   122 3310s
 309470 169250  168.33794   69  172  170.00000  167.15091  1.68%   122 3315s
 309935 169449  167.64944   69  183  170.00000  167.15137  1.68%   122 3320s
 310381 169710  168.87783   73  156  170.00000  167.15186  1.68%   122 3325s
 310828 169924  168.24487   68  141  170.00000  167.15242  1.68%   122 3330s
 311283 170154  167.87905   64  222  170.00000  167.15285  1.67%   122 3335s
 311687 170335  167.76683   65  201  170.00000  167.15326  1.67%   122 3340s
 312075 170534  168.56080   74  138  170.00000  167.15368  1.67%   122 3345s
 312533 170775  168.82203   66  165  170.00000  167.15417  1.67%   122 3350s
 312945 170968  168.91154   73  129  170.00000  167.15505  1.67%   122 3355s
 313445 171221  167.63519   61  182  170.00000  167.15559  1.67%   122 3360s
 313854 171438  168.06040   67  144  170.00000  167.15650  1.67%   122 3365s
 314327 171659  168.39031   69  156  170.00000  167.15715  1.67%   122 3370s
 314792 171882  167.89688   69  164  170.00000  167.15756  1.67%   122 3375s
 315269 172116  167.89783   59  199  170.00000  167.15806  1.67%   122 3380s
 315690 172296  167.62237   61  237  170.00000  167.15868  1.67%   122 3385s
 316178 172516  168.29775   69  152  170.00000  167.15914  1.67%   122 3390s
 316663 172756  167.52087   68  193  170.00000  167.15979  1.67%   122 3395s
 317122 172967  168.49277   69  138  170.00000  167.16033  1.67%   122 3400s
 317602 173223  168.08336   64  165  170.00000  167.16065  1.67%   122 3405s
 318045 173431  167.52658   59  174  170.00000  167.16126  1.67%   122 3410s
 318462 173661  167.94890   75  141  170.00000  167.16186  1.67%   122 3415s
 318954 173894  167.81186   67  168  170.00000  167.16275  1.67%   122 3420s
 319386 174110  167.43630   64  225  170.00000  167.16332  1.67%   122 3425s
 319816 174328  168.17564   70  182  170.00000  167.16371  1.67%   122 3430s
 320291 174531  168.07930   69  180  170.00000  167.16419  1.67%   122 3435s
 320713 174733  167.88655   59  230  170.00000  167.16456  1.67%   122 3440s
 321093 174903  168.30825   72  169  170.00000  167.16510  1.67%   122 3445s
 321564 175107  167.71542   68  170  170.00000  167.16545  1.67%   122 3450s
 322049 175347  168.38303   69  174  170.00000  167.16582  1.67%   122 3455s
 322535 175569  168.70480   67  134  170.00000  167.16629  1.67%   122 3460s
 322985 175788  168.00971   67  179  170.00000  167.16662  1.67%   122 3465s
 323440 176015  168.86190   71  113  170.00000  167.16705  1.67%   122 3470s
 323861 176208  167.61961   65  174  170.00000  167.16759  1.67%   122 3475s
 324314 176448  168.58965   76  106  170.00000  167.16825  1.67%   122 3480s
 324816 176697  167.61845   66  165  170.00000  167.16870  1.67%   122 3485s
 325307 176936  167.95917   63  179  170.00000  167.16901  1.67%   122 3490s
 325740 177124  167.90787   67  156  170.00000  167.16962  1.66%   122 3495s
 326192 177356  168.56105   71  173  170.00000  167.17019  1.66%   122 3500s
 326603 177555  168.68655   72  124  170.00000  167.17063  1.66%   122 3505s
 327075 177795  167.41687   61  228  170.00000  167.17124  1.66%   122 3510s
 327485 178002  167.92954   72  159  170.00000  167.17171  1.66%   122 3515s
 327923 178209  168.48263   67  151  170.00000  167.17226  1.66%   122 3520s
 328331 178407  167.48115   62  178  170.00000  167.17260  1.66%   122 3525s
 328782 178643  168.34582   76  119  170.00000  167.17309  1.66%   122 3530s
 329292 178879  167.58014   64  150  170.00000  167.17356  1.66%   122 3535s
 329747 179109  168.37486   73  158  170.00000  167.17398  1.66%   122 3540s
 330240 179360  168.51412   69  134  170.00000  167.17428  1.66%   122 3545s
 330717 179578  168.94291   74   90  170.00000  167.17473  1.66%   122 3550s
 331167 179813  168.35518   69  162  170.00000  167.17518  1.66%   122 3555s
 331566 179987  168.03341   68  191  170.00000  167.17556  1.66%   122 3560s
 332013 180195  167.64849   63  228  170.00000  167.17600  1.66%   122 3565s
 332468 180427  167.86446   64  159  170.00000  167.17656  1.66%   122 3570s
 332990 180682  168.44721   74  161  170.00000  167.17709  1.66%   122 3575s
 333436 180870  167.66011   65  218  170.00000  167.17731  1.66%   122 3580s
 333855 181046  167.62993   63  191  170.00000  167.17781  1.66%   122 3585s
 334324 181287  168.49582   75  145  170.00000  167.17850  1.66%   122 3590s
 334780 181505  167.39843   60  221  170.00000  167.17888  1.66%   122 3595s

Cutting planes:
  Gomory: 39
  Cover: 62
  Implied bound: 83
  MIR: 921
  Mixing: 8
  StrongCG: 5
  Flow cover: 723
  GUB cover: 1
  Inf proof: 17
  RLT: 50
  Relax-and-lift: 31

Explored 335259 nodes (40959997 simplex iterations) in 3599.95 seconds (3726.40 work units)
Thread count was 1 (of 16 available processors)

Solution count 10: 170 171 172 ... 183

Time limit reached
Best objective 1.700000000000e+02, best bound 1.680000000000e+02, gap 1.1765%

User-callback calls 1354452, time in user-callback 1.46 sec

 sepatime0
Stat(MathOptInterface.TIME_LIMIT, 170.0, 168.0, 0.011764705882352941, 0.0, 0.049233, 3599.9519860744476, 335259, Main.CFLG.LEFPD, "", #undef)
