Data path: /scratch/opt/lxu/CFLG/benchmarks/tree_B
Instance: treeB.100.20
Result path: /scratch/opt/lxu/CFLG/results/tree_B
Solver: Gurobi
Time limit: 7200
Formulation: LEVFP
Cover: Small
julia --project=. src/main.jl /scratch/opt/lxu/CFLG/benchmarks/tree_B treeB.100.20 /scratch/opt/lxu/CFLG/results/tree_B Gurobi 7200 LEVFP Small
The latest version of Julia in the `release` channel is 1.11.6+0.x64.linux.gnu. You currently have `1.11.4+0.x64.linux.gnu` installed. Run:

  juliaup update

in your terminal shell to install Julia 1.11.6+0.x64.linux.gnu and update the `release` channel to that version.
/scratch/opt/lxu/CFLG/benchmarks/tree_B Gurobi 7200.0 /scratch/opt/lxu/CFLG/results/tree_B treeB.100.20 LEVFP Small
/scratch/opt/lxu/CFLG/benchmarks/tree_B/treeB.100.20

 read graph
data loaded


after absorb:74 100

max_piece:16
problem_graph/original graph: node: 74/100 edge: 93/119 dlt: 0.37696335437960166 break_avg_len: 1.9294038353192504 break_max_len: 5.508731025039999elapsed CPU time: 0.037869 seconds
Set parameter TokenServer to value "solice01.zib.de"
Set parameter Threads to value 1
Set parameter OutputFlag to value 1
Set parameter MIPGap to value 0.0001
Set parameter TimeLimit to value 7199.962131

 model loaded

Gurobi Optimizer version 12.0.1 build v12.0.1rc0 (linux64 - "Debian GNU/Linux 12 (bookworm)")

CPU model: Intel(R) Xeon(R) Gold 5122 CPU @ 3.60GHz, instruction set [SSE2|AVX|AVX2|AVX512]
Thread count: 8 physical cores, 16 logical processors, using up to 1 threads

Non-default parameters:
TimeLimit  7199.962131
Threads  1

Optimize a model with 1579 rows, 854 columns and 3549 nonzeros
Model fingerprint: 0x9e25401e
Variable types: 167 continuous, 687 integer (687 binary)
Coefficient statistics:
  Matrix range     [2e-06, 1e+00]
  Objective range  [1e+00, 1e+00]
  Bounds range     [4e-01, 8e-01]
  RHS range        [1e-03, 4e+00]
Found heuristic solution: objective 308.0000000
Presolve removed 1047 rows and 462 columns
Presolve time: 0.01s
Presolved: 532 rows, 392 columns, 1596 nonzeros
Variable types: 137 continuous, 255 integer (255 binary)
Found heuristic solution: objective 291.0000000

Root relaxation: objective 2.027289e+02, 548 iterations, 0.01 seconds (0.00 work units)

    Nodes    |    Current Node    |     Objective Bounds      |     Work
 Expl Unexpl |  Obj  Depth IntInf | Incumbent    BestBd   Gap | It/Node Time

     0     0  202.72892    0  146  291.00000  202.72892  30.3%     -    0s
H    0     0                     255.0000000  202.72892  20.5%     -    0s
H    0     0                     244.0000000  202.72892  16.9%     -    0s
H    0     0                     242.0000000  202.72892  16.2%     -    0s
     0     0  219.58538    0  105  242.00000  219.58538  9.26%     -    0s
H    0     0                     239.0000000  220.08538  7.91%     -    0s
H    0     0                     238.0000000  220.08538  7.53%     -    0s
     0     0  220.70380    0   95  238.00000  220.70380  7.27%     -    0s
     0     0  220.71568    0  102  238.00000  220.71568  7.26%     -    0s
     0     0  220.71568    0  102  238.00000  220.71568  7.26%     -    0s
     0     0  223.27734    0  106  238.00000  223.27734  6.19%     -    0s
H    0     0                     237.0000000  223.27734  5.79%     -    0s
     0     0  223.37026    0   98  237.00000  223.37026  5.75%     -    0s
     0     0  223.37066    0   87  237.00000  223.37066  5.75%     -    0s
     0     0  224.14039    0  117  237.00000  224.14039  5.43%     -    0s
     0     0  224.30951    0  117  237.00000  224.30951  5.35%     -    0s
     0     0  224.30951    0  116  237.00000  224.30951  5.35%     -    0s
     0     0  224.37917    0  112  237.00000  224.37917  5.33%     -    0s
     0     0  224.62917    0  127  237.00000  224.62917  5.22%     -    0s
     0     0  224.62917    0  129  237.00000  224.62917  5.22%     -    0s
     0     0  224.62917    0   88  237.00000  224.62917  5.22%     -    0s
H    0     0                     236.0000000  224.69141  4.79%     -    0s
H    0     0                     234.0000000  224.69141  3.98%     -    0s
     0     2  224.69141    0   76  234.00000  224.69141  3.98%     -    0s
H  324   241                     233.0000000  225.11200  3.39%   9.2    0s
H  637   444                     232.0000000  228.00000  1.72%   8.8    1s
H  791   503                     231.0000000  228.00000  1.30%  26.0    1s
* 1629   377              45     230.0000000  228.00000  0.87%  20.3    2s
  4610  1266  229.00000   36   31  230.00000  228.08017  0.83%  20.4    5s
  9590  2373     cutoff   34       230.00000  228.50000  0.65%  22.1   10s
 11475  2524  229.00000   45   18  230.00000  228.50000  0.65%  23.0   15s
 15802  1240  229.00000   33   70  230.00000  229.00000  0.43%  24.4   20s
 19604   434     cutoff   43       230.00000  229.00000  0.43%  25.6   25s
 23991   321  229.00000   49   54  230.00000  229.00000  0.43%  26.3   30s
 28064   167  229.00000   45   29  230.00000  229.00000  0.43%  27.4   35s
 32351   117  229.00000   45   58  230.00000  229.00000  0.43%  27.9   40s
 36452    72  229.00000   37   51  230.00000  229.00000  0.43%  28.5   45s
 40277    34  229.00000   42   33  230.00000  229.00000  0.43%  29.2   50s

Cutting planes:
  Learned: 16
  Gomory: 29
  Cover: 161
  Implied bound: 7
  Clique: 1
  MIR: 88
  Mixing: 7
  StrongCG: 4
  Flow cover: 338
  GUB cover: 10
  Inf proof: 3
  Zero half: 40
  RLT: 20
  Relax-and-lift: 4
  BQP: 2

Explored 40831 nodes (1196117 simplex iterations) in 50.58 seconds (33.54 work units)
Thread count was 1 (of 16 available processors)

Solution count 10: 230 230 231 ... 239

Optimal solution found (tolerance 1.00e-04)
Best objective 2.300000000000e+02, best bound 2.300000000000e+02, gap 0.0000%

User-callback calls 101949, time in user-callback 0.08 sec
Stat(MathOptInterface.OPTIMAL, 230.0, 230.0, 0.0, 2.5e-323, 0.037869, 50.58008098602295, 40831, Main.CFLG.LEVFP, "", #undef)
