Data path: /scratch/opt/lxu/CFLG/benchmarks/Kgroup_B
Instance: K400.10.con.red
Result path: /scratch/opt/lxu/CFLG/results/Kgroup_B
Solver: Gurobi
Time limit: 7200
Formulation: EVFP
Cover: Small
julia --project=. src/main.jl /scratch/opt/lxu/CFLG/benchmarks/Kgroup_B K400.10.con.red /scratch/opt/lxu/CFLG/results/Kgroup_B Gurobi 7200 EVFP Small
The latest version of Julia in the `release` channel is 1.11.5+0.x64.linux.gnu. You currently have `1.11.4+0.x64.linux.gnu` installed. Run:

  juliaup update

in your terminal shell to install Julia 1.11.5+0.x64.linux.gnu and update the `release` channel to that version.
/scratch/opt/lxu/CFLG/benchmarks/Kgroup_B Gurobi 7200.0 /scratch/opt/lxu/CFLG/results/Kgroup_B K400.10.con.red EVFP Small
/scratch/opt/lxu/CFLG/benchmarks/Kgroup_B/K400.10.con.red

 read graph
data loaded


after absorb:220 221

max_piece:29
problem_graph/original graph: node: 3454/221 edge: 4156/923 dlt: 0.03522927822971286 break_avg_len: 0.03129607681041866 break_max_len: 0.03522736549922443elapsed CPU time: 3.844627 seconds
Set parameter TokenServer to value "solice01.zib.de"
Set parameter Threads to value 1
Set parameter OutputFlag to value 1
Set parameter MIPGap to value 0.0001
Set parameter MIPGapAbs to value 1
Set parameter TimeLimit to value 7196.155373
vertex var

 model loaded

Gurobi Optimizer version 12.0.1 build v12.0.1rc0 (linux64 - "Debian GNU/Linux 12 (bookworm)")

CPU model: Intel(R) Xeon(R) Gold 5222 CPU @ 3.80GHz, instruction set [SSE2|AVX|AVX2|AVX512]
Thread count: 8 physical cores, 16 logical processors, using up to 1 threads

Non-default parameters:
TimeLimit  7196.155373
MIPGapAbs  1
Threads  1

Optimize a model with 136702 rows, 69353 columns and 372029 nonzeros
Model fingerprint: 0xa3d6fe82
Variable types: 7610 continuous, 61743 integer (61743 binary)
Coefficient statistics:
  Matrix range     [1e-06, 1e+00]
  Objective range  [1e+00, 1e+00]
  Bounds range     [4e-03, 4e-02]
  RHS range        [4e-03, 2e+01]
Found heuristic solution: objective 4147.0000000
Presolve removed 16696 rows and 1 columns
Presolve time: 2.06s
Presolved: 120006 rows, 69352 columns, 393449 nonzeros
Variable types: 7610 continuous, 61742 integer (61742 binary)
Root relaxation presolved: 120006 rows, 69352 columns, 393449 nonzeros


Root simplex log...

Iteration    Objective       Primal Inf.    Dual Inf.      Time
   54281    6.3491044e+02   3.099742e+03   0.000000e+00      5s
   68353    6.3582153e+02   0.000000e+00   0.000000e+00      8s

Root relaxation: objective 6.358215e+02, 68353 iterations, 6.16 seconds (4.25 work units)
Total elapsed time = 11.55s (DegenMoves)

    Nodes    |    Current Node    |     Objective Bounds      |     Work
 Expl Unexpl |  Obj  Depth IntInf | Incumbent    BestBd   Gap | It/Node Time

     0     0  635.82153    0 22283 4147.00000  635.82153  84.7%     -   16s
H    0     0                    3999.0000000  635.82153  84.1%     -   16s
H    0     0                    3992.0000000  635.82153  84.1%     -   16s
H    0     0                    3991.0000000  635.82153  84.1%     -   17s
H    0     0                    3990.0000000  635.82153  84.1%     -   17s
     0     0  694.40160    0 23703 3990.00000  694.40160  82.6%     -   43s
H    0     0                    3724.0000000  694.56826  81.3%     -   44s
H    0     0                    3715.0000000  694.56826  81.3%     -   44s
H    0     0                    3713.0000000  694.56826  81.3%     -   44s
     0     0  765.46526    0 24874 3713.00000  765.46526  79.4%     -   72s
     0     0  784.30509    0 25293 3713.00000  784.30509  78.9%     -   90s
     0     0  786.50782    0 24789 3713.00000  786.50782  78.8%     -   99s
     0     0  786.99919    0 24684 3713.00000  786.99919  78.8%     -  104s
     0     0  787.10089    0 24696 3713.00000  787.10089  78.8%     -  108s
     0     0  787.11938    0 24775 3713.00000  787.11938  78.8%     -  109s
     0     0  787.12163    0 24800 3713.00000  787.12163  78.8%     -  110s
     0     0  853.01726    0 22673 3713.00000  853.01726  77.0%     -  128s
H    0     0                    3589.0000000  853.01896  76.2%     -  128s
H    0     0                    3454.0000000  853.01896  75.3%     -  128s
     0     0  886.55531    0 23634 3454.00000  886.55531  74.3%     -  145s
     0     0  895.52930    0 23697 3454.00000  895.52930  74.1%     -  158s
     0     0  898.37398    0 24051 3454.00000  898.37398  74.0%     -  169s
     0     0  899.38822    0 24094 3454.00000  899.38822  74.0%     -  176s
     0     0  899.90446    0 24076 3454.00000  899.90446  73.9%     -  180s
     0     0  899.98467    0 23964 3454.00000  899.98467  73.9%     -  182s
     0     0  900.00625    0 24020 3454.00000  900.00625  73.9%     -  184s
     0     0  953.62600    0 18455 3454.00000  953.62600  72.4%     -  215s
H    0     0                    3018.0000000  953.64503  68.4%     -  216s
H    0     0                    3014.0000000  953.64503  68.4%     -  216s
     0     0  961.45128    0 19359 3014.00000  961.45128  68.1%     -  241s
     0     0  968.53845    0 19564 3014.00000  968.53845  67.9%     -  263s
     0     0  970.63450    0 20002 3014.00000  970.63450  67.8%     -  278s
     0     0  971.64641    0 19858 3014.00000  971.64641  67.8%     -  288s
     0     0  972.00107    0 20050 3014.00000  972.00107  67.8%     -  295s
     0     0  972.35266    0 19846 3014.00000  972.35266  67.7%     -  302s
     0     0  972.41036    0 19789 3014.00000  972.41036  67.7%     -  307s
     0     0  991.05254    0 17492 3014.00000  991.05254  67.1%     -  332s
H    0     0                    2820.0000000  991.06479  64.9%     -  333s
H    0     0                    2819.0000000  991.06479  64.8%     -  333s
H    0     0                    2818.0000000  991.06479  64.8%     -  333s
H    0     0                    2707.0000000  991.06479  63.4%     -  333s
     0     0  994.22071    0 17720 2707.00000  994.22071  63.3%     -  346s
     0     0  996.26650    0 18209 2707.00000  996.26650  63.2%     -  361s
     0     0  997.00894    0 18329 2707.00000  997.00894  63.2%     -  374s
     0     0  997.42052    0 18107 2707.00000  997.42052  63.2%     -  384s
     0     0  997.68451    0 18180 2707.00000  997.68451  63.1%     -  390s
     0     0  997.77161    0 18122 2707.00000  997.77161  63.1%     -  394s
     0     0 1001.28794    0 17677 2707.00000 1001.28794  63.0%     -  412s
H    0     0                    2458.0000000 1001.30379  59.3%     -  413s
H    0     0                    2457.0000000 1001.30379  59.2%     -  413s
H    0     0                    2447.0000000 1001.30379  59.1%     -  413s
     0     0 1003.55999    0 17826 2447.00000 1003.55999  59.0%     -  423s
     0     0 1004.54401    0 17913 2447.00000 1004.54401  58.9%     -  434s
     0     0 1004.97312    0 17905 2447.00000 1004.97312  58.9%     -  441s
     0     0 1005.37439    0 17899 2447.00000 1005.37439  58.9%     -  447s
     0     0 1005.51181    0 17794 2447.00000 1005.51181  58.9%     -  451s
     0     0 1007.40317    0 17397 2447.00000 1007.40317  58.8%     -  462s
H    0     0                    1823.0000000 1007.43668  44.7%     -  465s
H    0     0                    1817.0000000 1007.43668  44.6%     -  465s
     0     0 1008.49858    0 17629 1817.00000 1008.49858  44.5%     -  474s
     0     0 1009.35440    0 17975 1817.00000 1009.35440  44.4%     -  484s
     0     0 1009.53547    0 18237 1817.00000 1009.53547  44.4%     -  490s
     0     0 1010.69330    0 17927 1817.00000 1010.69330  44.4%     -  501s
H    0     0                    1774.0000000 1010.69507  43.0%     -  502s
H    0     0                    1770.0000000 1010.69507  42.9%     -  502s
     0     0 1011.44723    0 17769 1770.00000 1011.44723  42.9%     -  511s
     0     0 1011.64447    0 17898 1770.00000 1011.64447  42.8%     -  518s
     0     0 1011.79162    0 18028 1770.00000 1011.79162  42.8%     -  524s
     0     0 1012.35796    0 17980 1770.00000 1012.35796  42.8%     -  533s
     0     0 1012.35796    0 13513 1770.00000 1012.35796  42.8%     -  545s
H    0     0                    1743.0000000 1012.39118  41.9%     -  559s
H    0     0                    1649.0000000 1012.39118  38.6%     -  578s
H    0     0                    1637.0000000 1012.39118  38.2%     -  578s
H    0     0                    1635.0000000 1012.39118  38.1%     -  578s
H    0     0                    1630.9999996 1012.39118  37.9%     -  587s
H    0     0                    1629.9999996 1012.39118  37.9%     -  587s
H    0     0                    1627.9999996 1012.39118  37.8%     -  587s
     0     2 1012.39118    0 13061 1628.00000 1012.39118  37.8%     -  587s
     5     7 1012.69559    4 12946 1628.00000 1012.56335  37.8%  6052  590s
    24    26 1012.79841   18 12730 1628.00000 1012.56335  37.8%  1541  595s
H   26    26                    1619.0000000 1012.56335  37.5%  1422  598s
H   26    26                    1618.0000000 1012.56335  37.4%  1422  598s
H   26    26                    1617.0000000 1012.56335  37.4%  1422  599s
H   26    26                    1616.0000000 1012.56335  37.3%  1422  599s
H   26    26                    1615.0000000 1012.56335  37.3%  1422  599s
H   26    26                    1614.0000000 1012.56335  37.3%  1422  600s
H   26    26                    1613.0000000 1012.56335  37.2%  1422  600s
H   26    26                    1606.0000000 1012.56335  37.0%  1422  600s
H   26    26                    1604.0000000 1012.56335  36.9%  1422  601s
    37    39 1013.00673   28 12627 1604.00000 1012.56335  36.9%  1075  605s
H   52    52                    1603.0000000 1012.56335  36.8%   795  610s
H   52    52                    1601.0000000 1012.56335  36.8%   795  612s
    62    64 1013.00673   43 12595 1601.00000 1012.56335  36.8%   712  615s
H   78    78                    1599.0000000 1012.56335  36.7%   615  622s
    81    83 1013.08119   56 12485 1599.00000 1012.56335  36.7%   625  625s
    96    98 1013.24022   67 12335 1599.00000 1012.56335  36.7%   601  630s
H  104   104                    1590.0000000 1012.56335  36.3%   588  645s
   119   121 1013.67297   81 12177 1590.00000 1012.56335  36.3%   569  650s
H  130   130                    1588.0000000 1012.56335  36.2%   550  660s
   147   149 1013.43159   97 12195 1588.00000 1012.56335  36.2%   514  665s
   156   158 1014.02780  104 12178 1588.00000 1012.56335  36.2%   500  672s
   165   167 1013.57399  110 12177 1588.00000 1012.56335  36.2%   486  675s
   180   182 1014.56546  118 12346 1588.00000 1012.56335  36.2%   499  680s
H  182   182                    1582.0000000 1012.56335  36.0%   495  708s
   187   189 1014.33225  121 12207 1582.00000 1012.56335  36.0%   496  710s
   203   205 1014.15507  131 12172 1582.00000 1012.56335  36.0%   488  715s
   222   224 1014.19378  143 12136 1582.00000 1012.56335  36.0%   481  720s
   232   234 1014.21948  149 12095 1582.00000 1012.56335  36.0%   504  725s
   258   260 1015.31688  164 12083 1582.00000 1012.56335  36.0%   471  730s
   277   279 1014.31835  176 12115 1582.00000 1012.56335  36.0%   461  735s
   298   300 1014.37637  189 12040 1582.00000 1012.56335  36.0%   442  740s
   320   322 1014.71051  201 12061 1582.00000 1012.56335  36.0%   429  745s
   330   332 1014.99891  206 12015 1582.00000 1012.56335  36.0%   444  750s
   344   346 1015.10165  214 12055 1582.00000 1012.56335  36.0%   453  755s
   362   364 1014.82012  226 11914 1582.00000 1012.56335  36.0%   445  760s
   378   380 1014.82188  235 12037 1582.00000 1012.56335  36.0%   447  765s
   403   405 1014.85065  250 12041 1582.00000 1012.56335  36.0%   434  770s
   416   418 1014.95296  258 12129 1582.00000 1012.56335  36.0%   439  775s
   438   440 1014.87890  271 12034 1582.00000 1012.56335  36.0%   426  780s
   459   461 1014.88271  283 12004 1582.00000 1012.56335  36.0%   417  785s
   483   485 1015.08670  297 12026 1582.00000 1012.56335  36.0%   405  790s
   501   503 1015.03770  309 12076 1582.00000 1012.56335  36.0%   401  795s
   514   516 1015.22742  315 12068 1582.00000 1012.56335  36.0%   400  800s
   538   540 1015.46113  329 12125 1582.00000 1012.56335  36.0%   393  805s
   559   561 1015.53195  343 12083 1582.00000 1012.56335  36.0%   384  810s
   573   575 1015.63235  352 12136 1582.00000 1012.56335  36.0%   383  815s
   590   592 1016.57136  362 12072 1582.00000 1012.56335  36.0%   380  820s
   602   604 1015.71787  368 11937 1582.00000 1012.56335  36.0%   381  825s
   620   622 1015.93284  379 12196 1582.00000 1012.56335  36.0%   381  830s
   639   641 1015.74465  390 12362 1582.00000 1012.56335  36.0%   379  835s
   650   652 1015.74465  397 12345 1582.00000 1012.56335  36.0%   381  840s
   671   673 1015.70385  413 12207 1582.00000 1012.56335  36.0%   375  845s
   698   700 1015.88522  430 12157 1582.00000 1012.56335  36.0%   365  850s
   714   716 1015.81679  439 12089 1582.00000 1012.56335  36.0%   361  855s
   738   740 1015.88550  454 12054 1582.00000 1012.56335  36.0%   356  860s
   757   759 1016.84722  465 12096 1582.00000 1012.56335  36.0%   354  865s
   763   765 1016.06813  468 12182 1582.00000 1012.56335  36.0%   358  870s
   783   785 1016.35695  480 12090 1582.00000 1012.56335  36.0%   358  876s
   804   806 1016.93598  492 12033 1582.00000 1012.56335  36.0%   354  880s
   828   830 1016.96929  507 11964 1582.00000 1012.56335  36.0%   353  885s
   843   845 1016.72609  516 11964 1582.00000 1012.56335  36.0%   351  890s
   864   866 1016.72609  529 11945 1582.00000 1012.56335  36.0%   349  895s
   890   892 1016.82928  544 11881 1582.00000 1012.56335  36.0%   350  900s
   908   910 1016.93671  557 11899 1582.00000 1012.56335  36.0%   349  905s
   921   923 1017.50008  563 11902 1582.00000 1012.56335  36.0%   354  910s
   943   945 1018.02700  576 11939 1582.00000 1012.56335  36.0%   354  915s
   963   965 1017.05783  592 11963 1582.00000 1012.56335  36.0%   352  920s
   985   987 1017.66311  606 11852 1582.00000 1012.56335  36.0%   350  925s
   999  1001 1017.74757  614 11880 1582.00000 1012.56335  36.0%   350  931s
  1022  1024 1017.62752  630 11891 1582.00000 1012.56335  36.0%   344  935s
H 1034  1034                    1581.0000000 1012.56335  36.0%   343  953s
  1042  1044 1017.70254  641 11940 1581.00000 1012.56335  36.0%   343  955s
H 1053  1053                    1580.0000000 1012.56335  35.9%   345  958s
  1059  1061 1017.78240  650 11999 1580.00000 1012.56335  35.9%   345  960s
  1080  1082 1017.93019  662 11936 1580.00000 1012.56335  35.9%   344  965s
  1106  1108 1019.56430  678 11945 1580.00000 1012.56335  35.9%   342  970s
  1118  1120 1019.23011  684 11965 1580.00000 1012.56335  35.9%   344  975s
  1133  1135 1019.33071  692 11947 1580.00000 1012.56335  35.9%   350  980s
  1150  1152 1019.62087  702 11928 1580.00000 1012.56335  35.9%   351  985s
H 1161  1161                    1579.0000000 1012.56335  35.9%   351  989s
  1163  1165 1019.71292  709 11882 1579.00000 1012.56335  35.9%   351  990s
  1188  1190 1019.79711  725 11952 1579.00000 1012.56335  35.9%   349  995s
  1202  1204 1020.10692  734 11978 1579.00000 1012.56335  35.9%   351 1000s
  1221  1223 1020.33637  746 11993 1579.00000 1012.56335  35.9%   351 1005s
  1242  1244 1020.59371  758 11827 1579.00000 1012.56335  35.9%   349 1010s
  1266  1268 1020.69666  773 11800 1579.00000 1012.56335  35.9%   349 1015s
  1291  1293 1020.95358  792 11654 1579.00000 1012.56335  35.9%   344 1020s
  1316  1318 1022.03412  806 11567 1579.00000 1012.56335  35.9%   341 1025s
  1339  1341 1021.24140  822 11479 1579.00000 1012.56335  35.9%   340 1030s
  1358  1360 1021.25328  834 11537 1579.00000 1012.56335  35.9%   342 1035s
H 1377  1377                    1578.0000000 1012.56335  35.8%   341 1039s
  1378  1380 1021.75626  847 11603 1578.00000 1012.56335  35.8%   341 1040s
  1404  1406 1021.33081  863 11585 1578.00000 1012.56335  35.8%   340 1045s
  1421  1423 1021.65467  873 11732 1578.00000 1012.56335  35.8%   345 1050s
  1446  1448 1021.83097  892 11500 1578.00000 1012.56335  35.8%   342 1055s
  1468  1470 1022.09622  906 11473 1578.00000 1012.56335  35.8%   342 1060s
  1488  1490 1022.29600  918 11553 1578.00000 1012.56335  35.8%   342 1065s
  1512  1514 1022.23389  935 11649 1578.00000 1012.56335  35.8%   340 1070s
  1539  1541 1022.40793  952 11513 1578.00000 1012.56335  35.8%   339 1076s
  1559  1561 1022.46767  964 11533 1578.00000 1012.56335  35.8%   338 1080s
  1584  1586 1022.66771  976 11560 1578.00000 1012.56335  35.8%   338 1085s
  1608  1610 1022.79937  992 11477 1578.00000 1012.56335  35.8%   337 1090s
H 1620  1620                    1577.0000000 1012.56335  35.8%   337 1093s
  1625  1627 1023.10810 1000 11387 1577.00000 1012.56335  35.8%   337 1095s
  1649  1651 1023.48439 1012 11286 1577.00000 1012.56335  35.8%   335 1100s
  1674  1676 1024.73526 1030 11272 1577.00000 1012.56335  35.8%   335 1105s
  1701  1703 1024.60448 1045 11365 1577.00000 1012.56335  35.8%   333 1110s
H 1702  1702                    1575.0000000 1012.56335  35.7%   333 1137s
  1718  1720 1024.50436 1055 11385 1575.00000 1012.56335  35.7%   333 1140s
  1742  1744 1024.67788 1070 11327 1575.00000 1012.56335  35.7%   332 1145s
  1769  1771 1025.03053 1087 11104 1575.00000 1012.56335  35.7%   328 1150s
  1796  1798 1025.61660 1101 11254 1575.00000 1012.56335  35.7%   326 1155s
  1820  1820 1025.62844 1115 11479 1575.00000 1012.56335  35.7%   325 1160s
  1841  1841 1025.64658 1127 11468 1575.00000 1012.56335  35.7%   325 1165s
  1870  1870 1025.64744 1145 11398 1575.00000 1012.56335  35.7%   322 1170s
  1896  1896 1026.02941 1162 11342 1575.00000 1012.56335  35.7%   320 1175s
  1918  1918 1026.63829 1175 11369 1575.00000 1012.56335  35.7%   320 1180s
  1944  1944 1027.18493 1191 11436 1575.00000 1012.56335  35.7%   321 1186s
  1969  1969 1027.19991 1207 11451 1575.00000 1012.56335  35.7%   319 1190s
  1986  1986 1027.30281 1218 11487 1575.00000 1012.56335  35.7%   319 1196s
  1997  1997 1027.35597 1224 11467 1575.00000 1012.56335  35.7%   318 1200s
  2004  2004 1027.55327 1228 11423 1575.00000 1012.56335  35.7%   318 1205s
  2025  2025 1028.21284 1240 11494 1575.00000 1012.56335  35.7%   317 1210s
  2052  2052 1028.52570 1257 11473 1575.00000 1012.56335  35.7%   315 1215s
  2079  2079 1028.62121 1275 11342 1575.00000 1012.56335  35.7%   314 1221s
  2101  2101 1029.58084 1288 11557 1575.00000 1012.56335  35.7%   313 1225s
  2130  2130 1029.52122 1307 11625 1575.00000 1012.56335  35.7%   311 1230s
  2160  2158 1029.74752 1328 11538 1575.00000 1012.56335  35.7%   307 1236s
  2187  2185 1030.58638 1347 11484 1575.00000 1012.56335  35.7%   306 1241s
  2212  2208 1031.08070 1363 11506 1575.00000 1012.56335  35.7%   303 1245s
  2236  2232 1031.36136 1377 11540 1575.00000 1012.56335  35.7%   302 1250s
  2261  2257 1031.64917 1392 11385 1575.00000 1012.56335  35.7%   301 1255s
  2288  2284 1032.10437 1410 11417 1575.00000 1012.56335  35.7%   300 1260s
  2309  2305 1032.74221 1422 11425 1575.00000 1012.56335  35.7%   301 1265s
  2325  2321 1032.61617 1433 11245 1575.00000 1012.56335  35.7%   301 1270s
  2356  2350 1033.82824 1451 11222 1575.00000 1012.56335  35.7%   299 1275s
  2376  2368 1034.50049 1462 11236 1575.00000 1012.56335  35.7%   298 1280s
  2399  2391 1034.52872 1475 11321 1575.00000 1012.56335  35.7%   299 1285s
  2423  2415 1034.83405 1489 11415 1575.00000 1012.56335  35.7%   298 1290s
  2439  2431 1034.71263 1498 11391 1575.00000 1012.56335  35.7%   297 1295s
  2457  2449 1035.35137 1507 11409 1575.00000 1012.56335  35.7%   296 1300s
  2484  2476 1035.89865 1522 11418 1575.00000 1012.56335  35.7%   294 1305s
  2511  2503 1036.77441 1538 11455 1575.00000 1012.56335  35.7%   293 1311s
  2534  2526 1037.21651 1551 11375 1575.00000 1012.56335  35.7%   293 1315s
  2551  2542 1021.65467  874 13513 1575.00000 1012.56335  35.7%   292 1348s
  2553  2543 1024.50450 1050 15043 1575.00000 1012.56335  35.7%   292 1376s
  2554  2544 1016.12718  453 15784 1575.00000 1014.60049  35.6%   292 1400s
  2555  2545 1031.59764  793 17740 1575.00000 1031.59764  34.5%   291 1420s
  2556  2545 1035.42398 1449 18320 1575.00000 1035.42398  34.3%   291 1439s
  2557  2546 1036.33158  626 18274 1575.00000 1036.33158  34.2%   291 1453s
  2558  2547 1036.51119 1038 18345 1575.00000 1036.51119  34.2%   291 1459s
  2559  2547 1036.58725 1470 18664 1575.00000 1036.58725  34.2%   291 1464s
  2560  2548 1036.60018 1426 18518 1575.00000 1036.60018  34.2%   291 1467s
  2561  2549 1036.60069  522 18507 1575.00000 1036.60069  34.2%   291 1474s
  2562  2549 1089.19557 1048 14796 1575.00000 1089.19557  30.8%   291 1501s
  2563  2550 1099.49774 1284 15389 1575.00000 1099.49774  30.2%   290 1512s
  2564  2551 1101.44647  484 15839 1575.00000 1101.44647  30.1%   290 1518s
  2565  2551 1102.06613 1335 15989 1575.00000 1102.06613  30.0%   290 1522s
  2566  2552 1102.28203  678 16203 1575.00000 1102.28203  30.0%   290 1526s
  2568  2553 1102.41372 1474 16546 1575.00000 1102.41372  30.0%   290 1532s
  2570  2555 1102.45488  842 16475 1575.00000 1102.45488  30.0%   290 1536s
  2571  2555 1102.45526  634 16457 1575.00000 1102.45526  30.0%   290 1541s
  2572  2556 1134.64963  465 14432 1575.00000 1134.64963  28.0%   289 1561s
  2573  2557 1141.24960 1081 15853 1575.00000 1141.24960  27.5%   289 1570s
  2574  2557 1143.24692  153 16270 1575.00000 1143.24692  27.4%   289 1578s
  2575  2558 1144.00819  697 16388 1575.00000 1144.00819  27.4%   289 1583s
  2576  2559 1144.19462  708 16575 1575.00000 1144.19462  27.4%   289 1587s
  2578  2560 1144.37144 1156 16683 1575.00000 1144.37144  27.3%   289 1591s
  2580  2561 1144.38985   45 16671 1575.00000 1144.38985  27.3%   289 1597s
  2581  2562 1175.79545 1512 15360 1575.00000 1175.79545  25.3%   288 1612s
  2582  2563 1180.94622  193 15405 1575.00000 1180.94622  25.0%   288 1617s
  2583  2563 1181.87408  437 15977 1575.00000 1181.87408  25.0%   288 1622s
  2584  2564 1182.23656 1402 16256 1575.00000 1182.23656  24.9%   288 1627s
  2586  2565 1182.47421 1076 16207 1575.00000 1182.47421  24.9%   288 1631s
  2589  2567 1182.51159  445 16256 1575.00000 1182.51159  24.9%   288 1636s
  2590  2568 1182.51159  563 16230 1575.00000 1182.51159  24.9%   287 1640s
  2591  2569 1215.67449 1087 13307 1575.00000 1215.67449  22.8%   287 1660s
  2592  2569 1221.36817  918 13966 1575.00000 1221.36817  22.5%   287 1665s
  2594  2571 1222.97765 1402 14503 1575.00000 1222.97765  22.4%   287 1673s
  2596  2572 1223.22470  344 14603 1575.00000 1223.22470  22.3%   287 1676s
  2598  2573 1223.24647  343 14483 1575.00000 1223.24647  22.3%   287 1682s
H 2598  2443                    1569.0000000 1250.09794  20.3%   287 1697s
  2600  2445 1254.79018 1008 13623 1569.00000 1254.79018  20.0%   286 1702s
  2601  2445 1255.89109  478 14167 1569.00000 1255.89109  20.0%   286 1707s
  2603  2447 1256.26231 1205 14102 1569.00000 1256.26231  19.9%   286 1711s
  2606  2449 1256.34108 1325 14100 1569.00000 1256.34108  19.9%   286 1715s
  2608  2450 1272.84975  904 12674 1569.00000 1272.84975  18.9%   285 1728s
  2609  2451 1276.50766 1304 12910 1569.00000 1276.50766  18.6%   285 1732s
  2610  2451 1277.10185  891 13401 1569.00000 1277.10185  18.6%   285 1735s
  2612  2453 1277.46794  277 13572 1569.00000 1277.46794  18.6%   285 1740s
  2616  2455 1277.52615  761 13556 1569.00000 1277.52615  18.6%   285 1745s
H 2617  2332                    1562.0000000 1292.72500  17.2%   284 1768s
  2619  2333 1294.08550   85 11958 1562.00000 1294.08550  17.2%   284 1772s
  2620  2334 1294.80815 1196 12558 1562.00000 1294.80815  17.1%   284 1775s
  2622  2335 1295.11067  286 12943 1562.00000 1295.11067  17.1%   284 1780s
  2624  2337 1295.12868 1400 12876 1562.00000 1295.12868  17.1%   284 1785s
H 2624  2219                    1561.0000000 1304.47070  16.4%   284 1800s
  2627  2221 1306.23248  394 12389 1561.00000 1306.23248  16.3%   283 1807s
  2628  2221 1306.43402   48 12500 1561.00000 1306.43402  16.3%   283 1810s
  2631  2223 1306.55414  762 12682 1561.00000 1306.55414  16.3%   283 1815s
  2635  2226 1306.57315  112 12557 1561.00000 1306.57315  16.3%   283 1821s
H 2636  2114                    1560.0000000 1311.82404  15.9%   282 1844s
  2638  2115 1313.06047 1247 12324 1560.00000 1313.06047  15.8%   282 1848s
  2639  2116 1313.64865  505 12592 1560.00000 1313.64865  15.8%   282 1851s
  2641  2117 1313.91321 1487 12748 1560.00000 1313.91321  15.8%   282 1857s
  2643  2118 1313.96751   38 12850 1560.00000 1313.96751  15.8%   282 1860s
  2645  2120 1313.96941  808 12616 1560.00000 1313.96941  15.8%   281 1865s
H 2645  2013                    1558.0000000 1319.17728  15.3%   281 1875s
  2648  2015 1320.40935   71 13123 1558.00000 1320.40935  15.2%   281 1882s
  2650  2016 1320.68043 1405 13385 1558.00000 1320.68043  15.2%   281 1886s
  2652  2017 1320.71548  674 13238 1558.00000 1320.71548  15.2%   281 1891s
  2653  2018 1320.71613 1050 13260 1558.00000 1320.71613  15.2%   281 1895s
  2654  2019 1324.63951  453 13010 1558.00000 1324.63951  15.0%   281 1907s
  2655  2019 1325.61872  793 13551 1558.00000 1325.61872  14.9%   280 1911s
  2656  2020 1326.03052 1449 13928 1558.00000 1326.03052  14.9%   280 1915s
  2658  2021 1326.21708 1038 13945 1558.00000 1326.21708  14.9%   280 1920s
  2661  2023 1326.24149  522 13762 1558.00000 1326.24149  14.9%   280 1925s
  2663  2025 1326.25344 1284 13694 1558.00000 1326.25344  14.9%   280 1931s
H 2663  1922                    1556.0000000 1329.85772  14.5%   280 1948s
  2665  1923 1330.25841 1335 12039 1556.00000 1330.25841  14.5%   279 1952s
  2666  1924 1330.52540  678 12827 1556.00000 1330.52540  14.5%   279 1956s
  2667  1924 1330.77130 1501 13388 1556.00000 1330.77130  14.5%   279 1960s
  2669  1926 1330.84087 1538 13598 1556.00000 1330.84087  14.5%   279 1965s
  2672  1928 1330.86458  465 13391 1556.00000 1330.86458  14.5%   279 1973s
  2673  1928 1334.43556 1081 11208 1556.00000 1334.43556  14.2%   279 1995s
  2674  1929 1334.94109  153 12387 1556.00000 1334.94109  14.2%   278 2000s
  2675  1930 1335.27732  697 13027 1556.00000 1335.27732  14.2%   278 2005s
  2677  1931 1335.49575 1425 13451 1556.00000 1335.49575  14.2%   278 2011s
  2679  1932 1335.53027  184 13430 1556.00000 1335.53027  14.2%   278 2015s
  2682  1934 1335.56118  193 13582 1556.00000 1335.56118  14.2%   278 2020s
  2684  1936 1335.56841 1402 13396 1556.00000 1335.56841  14.2%   277 2026s
  2685  1936 1338.40836  128 11371 1556.00000 1338.40836  14.0%   277 2045s
  2687  1938 1339.27158  476 13486 1556.00000 1339.27158  13.9%   277 2054s
  2688  1938 1339.30497  972 13575 1556.00000 1339.30497  13.9%   277 2058s
  2689  1939 1339.35624  445 13591 1556.00000 1339.35624  13.9%   277 2061s
  2691  1940 1339.36694 1087 13513 1556.00000 1339.36694  13.9%   277 2066s
  2692  1941 1339.36716  918 13440 1556.00000 1339.36716  13.9%   277 2071s
H 2692  1841                    1553.0000000 1345.27656  13.4%   277 2125s
  2695  1843 1346.70528 1105 12665 1553.00000 1346.70528  13.3%   276 2134s
  2696  1844 1346.83021  344 13011 1553.00000 1346.83021  13.3%   276 2138s
  2697  1844 1346.87343 1527 13127 1553.00000 1346.87343  13.3%   276 2140s
  2699  1846 1346.89412  166 13012 1553.00000 1346.89412  13.3%   276 2145s
  2701  1847 1346.89785  478 13045 1553.00000 1346.89785  13.3%   276 2153s
H 2701  1752                    1552.0000000 1351.30329  12.9%   276 2167s
  2703  1753 1352.39923 1205 11413 1552.00000 1352.39923  12.9%   275 2171s
  2704  1754 1352.60881 1085 12191 1552.00000 1352.60881  12.8%   275 2176s
  2705  1755 1352.73954 1073 12622 1552.00000 1352.73954  12.8%   275 2180s
  2707  1756 1352.79576   60 13017 1552.00000 1352.79576  12.8%   275 2187s
  2709  1757 1352.80582 1304 12955 1552.00000 1352.80582  12.8%   275 2190s
  2710  1758 1352.80602  891 12952 1552.00000 1352.80602  12.8%   275 2195s
  2711  1759 1355.79035 1285 10226 1552.00000 1355.79035  12.6%   275 2209s
  2712  1759 1356.12694  277 11504 1552.00000 1356.12694  12.6%   275 2212s
  2713  1760 1356.30274 1155 12406 1552.00000 1356.30274  12.6%   274 2216s
  2714  1761 1356.48427 1468 12632 1552.00000 1356.48427  12.6%   274 2220s
  2716  1762 1356.60860  761 12929 1552.00000 1356.60860  12.6%   274 2226s
  2718  1763 1356.62295  561 12980 1552.00000 1356.62295  12.6%   274 2232s
  2719  1764 1358.39450   85 12788 1552.00000 1358.39450  12.5%   274 2243s
  2720  1765 1358.78606 1196 13240 1552.00000 1358.78606  12.4%   274 2247s
  2721  1765 1358.91018 1484 13524 1552.00000 1358.91018  12.4%   274 2250s
  2723  1767 1358.98469  285 13682 1552.00000 1358.98469  12.4%   273 2256s
  2725  1768 1359.00238  135 13496 1552.00000 1359.00238  12.4%   273 2260s
  2727  1769 1359.00589  394 13401 1552.00000 1359.00589  12.4%   273 2266s
  2728  1770 1360.08080   48 11433 1552.00000 1360.08080  12.4%   273 2283s
  2729  1771 1360.20722  483 12441 1552.00000 1360.20722  12.4%   273 2287s
  2730  1771 1360.33596 1264 12957 1552.00000 1360.33596  12.3%   273 2290s
  2732  1773 1360.40663 1226 13213 1552.00000 1360.40663  12.3%   273 2297s
  2734  1774 1360.41697 1078 13300 1552.00000 1360.41697  12.3%   272 2301s
  2737  1776 1360.42601   96 13117 1552.00000 1360.42601  12.3%   272 2308s
  2738  1777 1361.90371 1247 11887 1552.00000 1361.90371  12.2%   272 2321s
  2739  1777 1362.23703  505 12439 1552.00000 1362.23703  12.2%   272 2325s
  2741  1779 1362.41468 1487 13252 1552.00000 1362.41468  12.2%   272 2332s
  2742  1779 1362.43579  548 13340 1552.00000 1362.43579  12.2%   272 2335s
  2745  1781 1362.44336  808 13204 1552.00000 1362.44336  12.2%   271 2343s
H 2745  1689                    1551.0000000 1363.63814  12.1%   271 2374s
H 2745  1601                    1547.0000000 1363.63814  11.9%   271 2401s
  2747  1603 1363.88267 1193 12880 1547.00000 1363.88267  11.8%   271 2405s
  2748  1603 1364.03883   71 13410 1547.00000 1364.03883  11.8%   271 2410s
  2750  1605 1364.14585 1405 13876 1547.00000 1364.14585  11.8%   271 2417s
  2751  1605 1364.15643  874 13973 1547.00000 1364.15643  11.8%   271 2420s
  2753  1607 1364.15968 1050 13934 1547.00000 1364.15968  11.8%   270 2425s
  2754  1607 1364.15971  453 13993 1547.00000 1364.15971  11.8%   270 2430s
  2755  1608 1366.59534  793 11715 1547.00000 1366.59534  11.7%   270 2447s
  2756  1609 1367.09811 1449 12948 1547.00000 1367.09811  11.6%   270 2453s
  2757  1609 1367.24345  626 13379 1547.00000 1367.24345  11.6%   270 2458s
  2758  1610 1367.29891 1038 13882 1547.00000 1367.29891  11.6%   270 2464s
  2759  1611 1367.33250 1470 13984 1547.00000 1367.33250  11.6%   270 2469s
  2760  1611 1367.35593 1426 13762 1547.00000 1367.35593  11.6%   270 2472s
  2762  1613 1367.37245 1048 13875 1547.00000 1367.37245  11.6%   270 2478s
  2763  1613 1367.37256 1284 13726 1547.00000 1367.37256  11.6%   269 2484s
  2764  1614 1369.45466  484 10732 1547.00000 1369.45466  11.5%   269 2504s
  2765  1615 1369.77443 1335 12207 1547.00000 1369.77443  11.5%   269 2509s
  2766  1615 1369.97841  678 12529 1547.00000 1369.97841  11.4%   269 2513s
  2767  1616 1370.04355 1501 12782 1547.00000 1370.04355  11.4%   269 2517s
  2768  1617 1370.05939 1474 12954 1547.00000 1370.05939  11.4%   269 2520s
  2770  1618 1370.07314  842 13062 1547.00000 1370.07314  11.4%   269 2525s
  2771  1619 1370.07347  634 12843 1547.00000 1370.07347  11.4%   269 2530s
  2772  1619 1371.87694  465 10896 1547.00000 1371.87694  11.3%   269 2549s
  2773  1620 1372.22932 1081 12290 1547.00000 1372.22932  11.3%   268 2554s
  2774  1621 1372.30592  153 12926 1547.00000 1372.30592  11.3%   268 2558s
  2775  1621 1372.36470  697 13227 1547.00000 1372.36470  11.3%   268 2563s
  2776  1622 1372.38166  708 13486 1547.00000 1372.38166  11.3%   268 2567s
  2777  1623 1372.38829 1425 13664 1547.00000 1372.38829  11.3%   268 2572s
  2778  1623 1372.39314 1156 13723 1547.00000 1372.39314  11.3%   268 2575s
  2780  1625 1372.39923   45 13510 1547.00000 1372.39923  11.3%   268 2583s
  2781  1625 1373.18142 1512 10898 1547.00000 1373.18142  11.2%   268 2602s
  2782  1626 1373.43824  193 12258 1547.00000 1373.43824  11.2%   268 2607s
  2783  1627 1373.51043  437 12964 1547.00000 1373.51043  11.2%   268 2613s
  2784  1627 1373.55250 1402 13111 1547.00000 1373.55250  11.2%   267 2618s
  2785  1628 1373.57151  128 13233 1547.00000 1373.57151  11.2%   267 2621s
  2786  1629 1373.58406 1076 13310 1547.00000 1373.58406  11.2%   267 2625s
  2788  1630 1373.62048  972 13539 1547.00000 1373.62048  11.2%   267 2631s
  2790  1631 1373.63536  563 13251 1547.00000 1373.63536  11.2%   267 2635s
  2792  1633 1375.07899  918 11066 1547.00000 1375.07899  11.1%   267 2658s
  2793  1633 1375.13843 1529 12005 1547.00000 1375.13843  11.1%   267 2662s
  2794  1634 1375.26757 1402 12676 1547.00000 1375.26757  11.1%   266 2666s
  2795  1635 1375.42630 1105 13138 1547.00000 1375.42630  11.1%   266 2670s
  2796  1635 1375.47641  344 13561 1547.00000 1375.47641  11.1%   266 2675s
  2798  1637 1375.49385  343 13628 1547.00000 1375.49385  11.1%   266 2681s
  2799  1637 1375.49418  166 13778 1547.00000 1375.49418  11.1%   266 2687s
  2800  1638 1377.42664 1008 11152 1547.00000 1377.42664  11.0%   266 2706s
  2801  1639 1377.47965  478 12108 1547.00000 1377.47965  11.0%   266 2710s
  2803  1640 1377.55274 1205 13040 1547.00000 1377.55274  11.0%   266 2719s
  2804  1641 1377.56013 1085 13262 1547.00000 1377.56013  11.0%   266 2722s
  2805  1641 1377.56256 1073 13288 1547.00000 1377.56256  11.0%   265 2725s
  2807  1643 1377.57565   60 13199 1547.00000 1377.57565  11.0%   265 2731s
  2809  1644 1377.57697 1304 13081 1547.00000 1377.57697  11.0%   265 2739s
  2810  1645 1378.28365  891 11144 1547.00000 1378.28365  10.9%   265 2754s
  2811  1645 1378.41787 1285 12110 1547.00000 1378.41787  10.9%   265 2757s
  2812  1646 1378.44641  277 12632 1547.00000 1378.44641  10.9%   265 2761s
  2814  1647 1378.53877 1468 12945 1547.00000 1378.53877  10.9%   265 2767s
  2815  1648 1378.54348  291 12985 1547.00000 1378.54348  10.9%   264 2770s
  2816  1649 1378.54414  761 13018 1547.00000 1378.54414  10.9%   264 2776s
  2817  1649 1379.55915  711 11179 1547.00000 1379.55915  10.8%   264 2789s
  2818  1650 1379.66565  561 12000 1547.00000 1379.66565  10.8%   264 2793s
  2819  1651 1379.67508   85 12319 1547.00000 1379.67508  10.8%   264 2796s
  2820  1651 1379.70464 1196 12703 1547.00000 1379.70464  10.8%   264 2800s
  2822  1653 1379.74910  286 12873 1547.00000 1379.74910  10.8%   264 2807s
  2823  1653 1379.75165  285 12835 1547.00000 1379.75165  10.8%   264 2810s
  2825  1655 1379.75376  135 13156 1547.00000 1379.75376  10.8%   264 2819s
H 2825  1568                    1546.0000000 1380.26203  10.7%   264 2832s
  2827  1569 1380.45446  394 13526 1546.00000 1380.45446  10.7%   263 2837s
  2828  1570 1380.51752   48 13862 1546.00000 1380.51752  10.7%   263 2841s
  2830  1571 1380.53025 1264 13348 1546.00000 1380.53025  10.7%   263 2846s
  2831  1572 1380.53030  762 13302 1546.00000 1380.53030  10.7%   263 2851s
  2832  1572 1381.19496 1226 11167 1546.00000 1381.19496  10.7%   263 2869s
  2833  1573 1381.36374 1390 12124 1546.00000 1381.36374  10.6%   263 2873s
  2834  1574 1381.46499 1078 12681 1546.00000 1381.46499  10.6%   263 2877s
  2835  1574 1381.47136  112 13153 1546.00000 1381.47136  10.6%   263 2881s
  2837  1576 1381.48790   96 13233 1546.00000 1381.48790  10.6%   262 2887s
  2838  1576 1381.49056 1247 13285 1546.00000 1381.49056  10.6%   262 2890s
  2839  1577 1381.49085  505 13169 1546.00000 1381.49085  10.6%   262 2895s
  2840  1578 1381.69567  275 10571 1546.00000 1381.69567  10.6%   262 2911s
  2841  1578 1381.79558 1487 11897 1546.00000 1381.79558  10.6%   262 2915s
  2842  1579 1381.86341  548 12611 1546.00000 1381.86341  10.6%   262 2920s
  2843  1580 1381.89329   38 13107 1546.00000 1381.89329  10.6%   262 2925s
  2845  1581 1381.94836  808 13106 1546.00000 1381.94836  10.6%   262 2932s
  2846  1582 1381.96106 1177 13181 1546.00000 1381.96106  10.6%   262 2935s
  2848  1583 1381.96701   71 13198 1546.00000 1381.96701  10.6%   261 2945s
  2849  1584 1382.46424  641 10782 1546.00000 1382.46424  10.6%   261 2964s
  2850  1584 1382.53550 1405 11730 1546.00000 1382.53550  10.6%   261 2968s
  2851  1585 1382.55202  874 12501 1546.00000 1382.55202  10.6%   261 2973s
  2852  1586 1382.56447  674 12960 1546.00000 1382.56447  10.6%   261 2977s
  2853  1586 1382.60898 1050 13163 1546.00000 1382.60898  10.6%   261 2980s
  2854  1587 1382.60951  453 13097 1546.00000 1382.60951  10.6%   261 2986s
H 2854  1502                    1545.0000000 1383.15219  10.5%   261 3007s
  2856  1503 1383.24667 1449 12304 1545.00000 1383.24667  10.5%   261 3011s
  2857  1504 1383.28203  626 12883 1545.00000 1383.28203  10.5%   261 3015s
  2859  1505 1383.32114 1470 13391 1545.00000 1383.32114  10.5%   260 3022s
  2861  1507 1383.33780  522 13284 1545.00000 1383.33780  10.5%   260 3027s
  2863  1508 1383.34802 1284 13449 1545.00000 1383.34802  10.5%   260 3034s
  2864  1509 1383.90348  484 11091 1545.00000 1383.90348  10.4%   260 3053s
  2865  1509 1384.11418 1335 12222 1545.00000 1384.11418  10.4%   260 3057s
  2866  1510 1384.14828  678 12893 1545.00000 1384.14828  10.4%   260 3061s
  2867  1511 1384.17325 1501 13293 1545.00000 1384.17325  10.4%   260 3065s
  2869  1512 1384.18955 1538 13728 1545.00000 1384.18955  10.4%   260 3073s
  2870  1513 1384.19100  842 13664 1545.00000 1384.19100  10.4%   259 3076s
  2872  1514 1384.19361  465 13556 1545.00000 1384.19361  10.4%   259 3084s
H 2872  1433                    1544.0000000 1385.16701  10.3%   259 3101s
  2874  1434 1385.23419  153 11910 1544.00000 1385.23419  10.3%   259 3105s
  2876  1436 1385.34921  708 12494 1544.00000 1385.34921  10.3%   259 3112s
  2877  1436 1385.38633 1425 12907 1544.00000 1385.38633  10.3%   259 3116s
  2879  1438 1385.39367  184 13016 1544.00000 1385.39367  10.3%   259 3121s
  2880  1438 1385.39388   45 12958 1544.00000 1385.39388  10.3%   259 3126s
  2881  1439 1386.06338 1512 10120 1544.00000 1386.06338  10.2%   258 3143s
  2882  1440 1386.14563  193 11411 1544.00000 1386.14563  10.2%   258 3146s
  2884  1441 1386.27618 1402 12664 1544.00000 1386.27618  10.2%   258 3153s
  2885  1442 1386.28793  128 12709 1544.00000 1386.28793  10.2%   258 3156s
  2887  1443 1386.31035  476 12964 1544.00000 1386.31035  10.2%   258 3161s
  2888  1444 1386.31118  972 13076 1544.00000 1386.31118  10.2%   258 3166s
H 2888  1367                    1543.0000000 1386.72531  10.1%   258 3185s
  2891  1369 1386.91709 1087 12612 1543.00000 1386.91709  10.1%   258 3192s
  2892  1369 1386.94598  918 12791 1543.00000 1386.94598  10.1%   257 3195s
  2894  1371 1386.96146 1402 12986 1543.00000 1386.96146  10.1%   257 3201s
  2895  1371 1386.96172 1105 13216 1543.00000 1386.96172  10.1%   257 3207s
H 2895  1296                    1541.0000000 1387.07525  10.0%   257 3277s
  2897  1298 1387.09677 1527 12287 1541.00000 1387.09677  10.0%   257 3281s
  2898  1298 1387.12396  343 12654 1541.00000 1387.12396  10.0%   257 3285s
  2899  1299 1387.13912  166 12946 1541.00000 1387.13912  10.0%   257 3290s
  2901  1300 1387.16509  478 13214 1541.00000 1387.16509  10.0%   257 3297s
  2902  1301 1387.16604  579 13276 1541.00000 1387.16604  10.0%   257 3303s
  2903  1302 1387.61896 1205 10615 1541.00000 1387.61896  10.0%   256 3321s
  2904  1302 1387.63078 1085 12124 1541.00000 1387.63078  10.0%   256 3325s
  2905  1303 1387.68654 1073 12890 1541.00000 1387.68654  9.95%   256 3330s
  2907  1304 1387.71823   60 13374 1541.00000 1387.71823  9.95%   256 3338s
  2908  1305 1387.72166  904 13764 1541.00000 1387.72166  9.95%   256 3342s
  2910  1306 1387.73868  891 13761 1541.00000 1387.73868  9.95%   256 3347s
  2911  1307 1387.73878 1285 13793 1541.00000 1387.73878  9.95%   256 3354s
  2912  1308 1388.55176  277 11544 1541.00000 1388.55176  9.89%   256 3375s
  2913  1308 1388.60601 1155 12622 1541.00000 1388.60601  9.89%   256 3380s
  2915  1310 1388.68015  291 13460 1541.00000 1388.68015  9.88%   255 3388s
  2916  1310 1388.69420  761 13797 1541.00000 1388.69420  9.88%   255 3392s
  2917  1311 1388.69684  711 13636 1541.00000 1388.69684  9.88%   255 3396s
  2919  1312 1388.69925   85 13672 1541.00000 1388.69925  9.88%   255 3403s
  2920  1313 1388.69976 1196 13690 1541.00000 1388.69976  9.88%   255 3408s
  2921  1314 1389.49945 1484 10770 1541.00000 1389.49945  9.83%   255 3428s
  2922  1314 1389.57256  286 11927 1541.00000 1389.57256  9.83%   255 3432s
  2923  1315 1389.58982  285 12516 1541.00000 1389.58982  9.83%   255 3435s
  2925  1316 1389.61895  135 13166 1541.00000 1389.61895  9.82%   255 3443s
  2926  1317 1389.62373  884 13320 1541.00000 1389.62373  9.82%   254 3446s
  2928  1318 1389.62979   48 13144 1541.00000 1389.62979  9.82%   254 3454s
  2929  1319 1390.40527  483 10876 1541.00000 1390.40527  9.77%   254 3473s
  2930  1320 1390.45027 1264 12061 1541.00000 1390.45027  9.77%   254 3477s
  2931  1320 1390.46006  762 12627 1541.00000 1390.46006  9.77%   254 3481s
  2933  1322 1390.48392 1390 12853 1541.00000 1390.48392  9.77%   254 3487s
  2934  1322 1390.48863 1078 13093 1541.00000 1390.48863  9.77%   254 3491s
  2935  1323 1390.49832  112 13408 1541.00000 1390.49832  9.77%   254 3495s
  2936  1324 1390.49838 1277 13438 1541.00000 1390.49838  9.77%   254 3501s
  2937  1324 1391.63777   96 10496 1541.00000 1391.63777  9.69%   253 3518s
  2938  1325 1391.68643 1247 11731 1541.00000 1391.68643  9.69%   253 3523s
  2939  1326 1391.71202  505 12275 1541.00000 1391.71202  9.69%   253 3527s
  2940  1326 1391.71872  275 12411 1541.00000 1391.71872  9.69%   253 3530s
  2942  1328 1391.74305  548 12901 1541.00000 1391.74305  9.69%   253 3536s
  2944  1329 1391.74467  406 13203 1541.00000 1391.74467  9.69%   253 3544s
  2945  1330 1392.08337  808 10405 1541.00000 1392.08337  9.66%   253 3562s
  2946  1330 1392.09349 1177 11675 1541.00000 1392.09349  9.66%   253 3567s
  2947  1331 1392.12481 1193 12278 1541.00000 1392.12481  9.66%   253 3571s
  2948  1332 1392.13420   71 12612 1541.00000 1392.13420  9.66%   253 3575s
  2950  1333 1392.15309 1405 13010 1541.00000 1392.15309  9.66%   252 3582s
  2951  1334 1392.15375  874 13038 1541.00000 1392.15375  9.66%   252 3587s
  2952  1334 1392.64977  674 10957 1541.00000 1392.64977  9.63%   252 3609s
  2953  1335 1392.67636 1050 11836 1541.00000 1392.67636  9.63%   252 3613s
  2954  1336 1392.72259  453 12373 1541.00000 1392.72259  9.62%   252 3619s
  2955  1336 1392.74035  793 12762 1541.00000 1392.74035  9.62%   252 3622s
  2956  1337 1392.74922 1449 12571 1541.00000 1392.74922  9.62%   252 3626s
  2958  1338 1392.75526 1038 13131 1541.00000 1392.75526  9.62%   252 3632s
  2959  1339 1392.75644 1470 13096 1541.00000 1392.75644  9.62%   252 3635s
  2960  1340 1392.75668 1426 13155 1541.00000 1392.75668  9.62%   252 3640s
  2961  1340 1393.31047  522 10346 1541.00000 1393.31047  9.58%   251 3658s
  2962  1341 1393.36012 1048 11691 1541.00000 1393.36012  9.58%   251 3663s
  2963  1342 1393.37975 1284 12504 1541.00000 1393.37975  9.58%   251 3668s
  2964  1342 1393.41561  484 12762 1541.00000 1393.41561  9.58%   251 3672s
  2965  1343 1393.43029 1335 13153 1541.00000 1393.43029  9.58%   251 3676s
  2966  1344 1393.45112  678 13347 1541.00000 1393.45112  9.57%   251 3681s
  2967  1344 1393.46919 1501 13304 1541.00000 1393.46919  9.57%   251 3685s
  2969  1346 1393.47667 1538 13173 1541.00000 1393.47667  9.57%   251 3691s
  2970  1346 1393.47676  842 13359 1541.00000 1393.47676  9.57%   251 3697s
  2971  1347 1393.80013  634 10797 1541.00000 1393.80013  9.55%   251 3719s
  2972  1348 1393.84466  465 12033 1541.00000 1393.84466  9.55%   251 3723s
  2973  1348 1393.86803 1081 12417 1541.00000 1393.86803  9.55%   250 3726s
  2974  1349 1393.87318  153 12729 1541.00000 1393.87318  9.55%   250 3730s
  2976  1350 1393.88138  708 13208 1541.00000 1393.88138  9.55%   250 3737s
  2977  1351 1393.88165 1425 13451 1541.00000 1393.88165  9.55%   250 3743s
  2978  1352 1394.03505 1156 10506 1541.00000 1394.03505  9.54%   250 3762s
  2979  1352 1394.05031  184 11917 1541.00000 1394.05031  9.54%   250 3766s
  2980  1353 1394.07114   45 12605 1541.00000 1394.07114  9.53%   250 3770s
  2982  1354 1394.08270  193 13038 1541.00000 1394.08270  9.53%   250 3777s
  2983  1355 1394.08451  437 13163 1541.00000 1394.08451  9.53%   250 3780s
  2984  1356 1394.08482 1402 13216 1541.00000 1394.08482  9.53%   250 3786s
  2985  1356 1394.16675  128 10420 1541.00000 1394.16675  9.53%   249 3806s
  2986  1357 1394.17786 1076 11960 1541.00000 1394.17786  9.53%   249 3812s
  2987  1358 1394.20843  476 12475 1541.00000 1394.20843  9.53%   249 3816s
  2988  1358 1394.22737  972 12659 1541.00000 1394.22737  9.52%   249 3820s
  2989  1359 1394.23475  445 12844 1541.00000 1394.23475  9.52%   249 3825s
  2991  1360 1394.25307 1087 13278 1541.00000 1394.25307  9.52%   249 3833s
  2992  1361 1394.25334  918 13244 1541.00000 1394.25334  9.52%   249 3839s
  2993  1362 1394.65072 1529 11198 1541.00000 1394.65072  9.50%   249 3857s
  2994  1362 1394.66597 1402 12121 1541.00000 1394.66597  9.50%   249 3862s
  2995  1363 1394.67995 1105 12758 1541.00000 1394.67995  9.50%   249 3868s
  2996  1364 1394.68303  344 13024 1541.00000 1394.68303  9.49%   249 3873s
  2997  1364 1394.69023 1527 13291 1541.00000 1394.69023  9.49%   248 3877s
  2998  1365 1394.70394  343 13342 1541.00000 1394.70394  9.49%   248 3882s
  2999  1366 1394.70743  166 13445 1541.00000 1394.70743  9.49%   248 3886s
  3000  1366 1394.70950 1008 13575 1541.00000 1394.70950  9.49%   248 3890s
  3001  1367 1394.70967  478 13640 1541.00000 1394.70967  9.49%   248 3897s
  3002  1368 1395.05761  579 10344 1541.00000 1395.05761  9.47%   248 3919s
  3003  1368 1395.08018 1205 11797 1541.00000 1395.08018  9.47%   248 3924s
  3004  1369 1395.09559 1085 12216 1541.00000 1395.09559  9.47%   248 3928s
  3005  1370 1395.10182 1073 12639 1541.00000 1395.10182  9.47%   248 3932s
  3006  1370 1395.10357 1325 12953 1541.00000 1395.10357  9.47%   248 3937s
  3007  1371 1395.10969   60 13157 1541.00000 1395.10969  9.47%   248 3942s
  3008  1372 1395.11694  904 13439 1541.00000 1395.11694  9.47%   248 3947s
  3009  1372 1395.13727 1304 13454 1541.00000 1395.13727  9.47%   247 3951s
  3011  1374 1395.16901 1285 13286 1541.00000 1395.16901  9.46%   247 3958s
  3012  1374 1395.16963  277 13219 1541.00000 1395.16963  9.46%   247 3963s
  3013  1375 1395.37792 1155 11587 1541.00000 1395.37792  9.45%   247 3985s
  3014  1376 1395.42214 1468 12294 1541.00000 1395.42214  9.45%   247 3990s
  3015  1376 1395.43365  291 12756 1541.00000 1395.43365  9.45%   247 3995s
  3016  1377 1395.44380  761 13015 1541.00000 1395.44380  9.45%   247 4000s
  3018  1378 1395.44759  561 13368 1541.00000 1395.44759  9.45%   247 4009s
  3019  1379 1395.45338   85 13400 1541.00000 1395.45338  9.44%   247 4012s
  3020  1380 1395.45344 1196 13603 1541.00000 1395.45344  9.44%   247 4019s
  3021  1380 1395.61843 1484 10759 1541.00000 1395.61843  9.43%   246 4040s
  3022  1381 1395.65839  286 11951 1541.00000 1395.65839  9.43%   246 4045s
  3023  1382 1395.70249  285 12697 1541.00000 1395.70249  9.43%   246 4050s
  3024  1382 1395.70701 1400 12998 1541.00000 1395.70701  9.43%   246 4055s
  3026  1384 1395.71283  884 13646 1541.00000 1395.71283  9.43%   246 4066s
  3027  1384 1395.94906  394 11128 1541.00000 1395.94906  9.41%   246 4086s
  3028  1385 1396.01803   48 11994 1541.00000 1396.01803  9.41%   246 4090s
  3030  1386 1396.03637 1264 12786 1541.00000 1396.03637  9.41%   246 4097s
  3031  1387 1396.06469  762 13143 1541.00000 1396.06469  9.41%   246 4102s
  3032  1388 1396.07084 1226 13487 1541.00000 1396.07084  9.40%   246 4107s
  3033  1388 1396.08801 1390 13717 1541.00000 1396.08801  9.40%   245 4112s
  3034  1389 1396.10584 1078 13647 1541.00000 1396.10584  9.40%   245 4116s
  3035  1390 1396.10812  112 13782 1541.00000 1396.10812  9.40%   245 4120s
  3037  1391 1396.11469   96 13817 1541.00000 1396.11469  9.40%   245 4128s
  3038  1392 1396.11533 1247 13951 1541.00000 1396.11533  9.40%   245 4134s
  3039  1392 1396.49888  505 10373 1541.00000 1396.49888  9.38%   245 4156s
  3040  1393 1396.59356  275 11771 1541.00000 1396.59356  9.37%   245 4161s
  3041  1394 1396.61513 1487 12410 1541.00000 1396.61513  9.37%   245 4165s
  3043  1395 1396.62935   38 12942 1541.00000 1396.62935  9.37%   245 4172s
  3044  1396 1396.63144  406 13024 1541.00000 1396.63144  9.37%   245 4175s
  3045  1396 1396.63184  808 13156 1541.00000 1396.63184  9.37%   245 4180s
H 3045  1318                    1540.0000000 1396.73899  9.30%   245 4255s
  3047  1320 1396.78022 1193 12041 1540.00000 1396.78022  9.30%   244 4260s
  3049  1321 1396.81595  641 13343 1540.00000 1396.81595  9.30%   244 4268s
  3050  1322 1396.81739 1405 13217 1540.00000 1396.81739  9.30%   244 4271s
  3052  1323 1396.82783  674 13372 1540.00000 1396.82783  9.30%   244 4277s
  3053  1324 1396.83135 1050 13290 1540.00000 1396.83135  9.30%   244 4280s
  3055  1325 1396.85163  793 13556 1540.00000 1396.85163  9.30%   244 4287s
  3057  1326 1396.85599  626 13555 1540.00000 1396.85599  9.30%   244 4292s
  3058  1327 1396.85606 1038 13633 1540.00000 1396.85606  9.30%   243 4298s
H 3058  1252                    1539.0000000 1397.07248  9.22%   243 4319s
  3060  1253 1397.08749 1426 12224 1539.00000 1397.08749  9.22%   243 4324s
  3061  1254 1397.13600  522 12799 1539.00000 1397.13600  9.22%   243 4328s
  3062  1255 1397.16773 1048 13113 1539.00000 1397.16773  9.22%   243 4332s
  3063  1255 1397.17388 1284 13040 1539.00000 1397.17388  9.22%   243 4335s
  3065  1257 1397.18127 1335 13536 1539.00000 1397.18127  9.21%   243 4343s
  3066  1257 1397.18190  678 13692 1539.00000 1397.18190  9.21%   243 4348s
  3067  1258 1397.57030 1501 11860 1539.00000 1397.57030  9.19%   243 4366s
  3068  1259 1397.70981 1474 12990 1539.00000 1397.70981  9.18%   243 4372s
  3069  1259 1397.73229 1538 13374 1539.00000 1397.73229  9.18%   243 4378s
  3070  1260 1397.73786  842 13245 1539.00000 1397.73786  9.18%   243 4381s
  3071  1261 1397.74229  634 13674 1539.00000 1397.74229  9.18%   242 4385s
  3073  1262 1397.75170 1081 13741 1539.00000 1397.75170  9.18%   242 4392s
H 3073  1190                    1538.0000000 1397.76241  9.12%   242 4409s
  3074  1191 1397.76241  153 11243 1538.00000 1397.76241  9.12%   242 4410s
  3075  1191 1397.76277  697 12450 1538.00000 1397.76277  9.12%   242 4415s
  3076  1192 1397.78860  708 11821 1538.00000 1397.78860  9.12%   242 4429s
  3077  1193 1397.79684 1425 12786 1538.00000 1397.79684  9.12%   242 4432s
  3078  1193 1397.80571 1156 13117 1538.00000 1397.80571  9.12%   242 4436s
  3079  1194 1397.80577  184 13005 1538.00000 1397.80577  9.12%   242 4440s
  3080  1195 1397.81321   45 11378 1538.00000 1397.81321  9.11%   242 4458s
  3081  1195 1397.81321 1512 12574 1538.00000 1397.81321  9.11%   242 4463s
  3082  1196 1397.81321  193 13117 1538.00000 1397.81321  9.11%   242 4467s
  3083  1197 1397.81321  437 11600 1538.00000 1397.81321  9.11%   241 4483s
  3084  1197 1397.81321 1402 12534 1538.00000 1397.81321  9.11%   241 4488s
  3085  1198 1397.81321  128 11750 1538.00000 1397.81321  9.11%   241 4500s
  3090  1202 1397.81321  563 15228 1538.00000 1397.81321  9.11%  3153 4537s
  3091  1203 1397.81321 1087 7972 1538.00000 1397.81321  9.11%  3152 4559s
  3092  1204 1397.81321  918 9197 1538.00000 1397.81321  9.11%  3151 4569s
  3093  1204 1397.81321 1529 9879 1538.00000 1397.81321  9.11%  3150 4577s
  3094  1205 1397.81321 1402 10498 1538.00000 1397.81321  9.11%  3149 4583s
  3095  1206 1397.81321 1105 10939 1538.00000 1397.81321  9.11%  3148 4590s
  3096  1206 1397.81321  344 11344 1538.00000 1397.81321  9.11%  3147 4596s
  3097  1207 1397.81321 1527 11632 1538.00000 1397.81321  9.11%  3145 4602s
  3098  1208 1397.81321  343 11762 1538.00000 1397.81321  9.11%  3144 4608s
  3099  1208 1397.81321  166 11750 1538.00000 1397.81321  9.11%  3143 4611s
  3101  1210 1397.81321  478 12276 1538.00000 1397.81321  9.11%  3141 4616s
  3105  1212 1397.81321 1073 12558 1538.00000 1397.81321  9.11%  3137 4620s
  3107  1214 1398.40332   60 10213 1538.00000 1398.40332  9.08%  3135 4638s
  3108  1214 1398.44412  904 10699 1538.00000 1398.44412  9.07%  3134 4640s
  3111  1216 1398.49037 1285 10970 1538.00000 1398.49037  9.07%  3131 4646s
  3112  1217 1398.94368  277 10385 1538.00000 1398.94368  9.04%  3130 4661s
  3114  1218 1399.14879 1468 10999 1538.00000 1399.14879  9.03%  3128 4666s
  3116  1220 1399.18115  761 11185 1538.00000 1399.18115  9.03%  3126 4670s
  3117  1220 1399.45647  711 10396 1538.00000 1399.45647  9.01%  3125 4682s
  3119  1222 1399.47502   85 11184 1538.00000 1399.47502  9.01%  3123 4685s
  3121  1223 1399.79798 1484 11614 1538.00000 1399.79798  8.99%  3121 4699s
  3122  1224 1399.82000  286 11605 1538.00000 1399.82000  8.98%  3120 4700s
  3124  1225 1399.82572 1400 11656 1538.00000 1399.82572  8.98%  3118 4705s
  3125  1226 1400.11098  135 11940 1538.00000 1400.11098  8.97%  3117 4717s
  3127  1227 1400.11661  394 11884 1538.00000 1400.11661  8.97%  3115 4722s
  3128  1228 1400.27458   48 10320 1538.00000 1400.27458  8.95%  3114 4737s
  3130  1229 1400.28355 1264 11104 1538.00000 1400.28355  8.95%  3112 4741s
  3132  1230 1400.28498 1226 11110 1538.00000 1400.28498  8.95%  3110 4745s
  3133  1231 1400.65549 1390 10500 1538.00000 1400.65549  8.93%  3109 4760s
  3135  1232 1400.67972  112 11441 1538.00000 1400.67972  8.93%  3107 4765s
  3138  1234 1400.73250 1247 10083 1538.00000 1400.73250  8.93%  3104 4782s
  3139  1235 1400.77531  505 10915 1538.00000 1400.77531  8.92%  3103 4785s
  3142  1237 1400.78754  548 10983 1538.00000 1400.78754  8.92%  3100 4791s
  3143  1238 1401.20885   38 9898 1538.00000 1401.20885  8.89%  3099 4803s
  3144  1238 1401.23083  406 10978 1538.00000 1401.23083  8.89%  3098 4807s
  3146  1240 1401.23390 1177 11141 1538.00000 1401.23390  8.89%  3096 4812s
  3147  1240 1401.29205 1193 10508 1538.00000 1401.29205  8.89%  3096 4827s
  3149  1242 1401.29205  641 11348 1538.00000 1401.29205  8.89%  3094 4833s
  3150  1242 1401.38930 1405 10082 1538.00000 1401.38930  8.88%  3093 4859s
  3151  1243 1401.38930  874 11226 1538.00000 1401.38930  8.88%  3092 4863s
  3153  1244 1401.38930 1050 11444 1538.00000 1401.38930  8.88%  3090 4865s
  3155  1246 1401.38930  793 11429 1538.00000 1401.38930  8.88%  3088 4870s
  3156  1246 1401.41509 1449 10640 1538.00000 1401.41509  8.88%  3087 4885s
  3158  1248 1401.42006 1038 11489 1538.00000 1401.42006  8.88%  3085 4890s
  3160  1249 1401.42112 1426 11691 1538.00000 1401.42112  8.88%  3083 4895s
  3161  1250 1401.58378  522 10665 1538.00000 1401.58378  8.87%  3082 4918s
  3162  1250 1401.60243 1048 11379 1538.00000 1401.60243  8.87%  3081 4921s
  3164  1252 1401.60543  484 11711 1538.00000 1401.60543  8.87%  3079 4925s
  3166  1253 1401.72206  678 10557 1538.00000 1401.72206  8.86%  3077 4946s
  3167  1254 1401.77376 1501 11751 1538.00000 1401.77376  8.86%  3076 4950s
  3170  1256 1401.79603  842 12099 1538.00000 1401.79603  8.86%  3073 4959s
  3171  1256 1402.64844  634 9880 1538.00000 1402.64844  8.80%  3072 4978s
  3172  1257 1402.65164  465 10973 1538.00000 1402.65164  8.80%  3071 4982s
  3174  1258 1402.70882  153 11306 1538.00000 1402.70882  8.80%  3069 4986s
  3175  1259 1402.70883  697 11378 1538.00000 1402.70883  8.80%  3068 4990s
  3176  1260 1403.28086  708 9749 1538.00000 1403.28086  8.76%  3067 5004s
  3177  1260 1403.44613 1425 10843 1538.00000 1403.44613  8.75%  3066 5007s
  3178  1261 1403.47212 1156 11056 1538.00000 1403.47212  8.75%  3065 5010s
  3180  1262 1403.47419   45 11221 1538.00000 1403.47419  8.75%  3063 5015s
  3181  1263 1403.65207 1512 10133 1538.00000 1403.65207  8.74%  3062 5082s
  3182  1264 1403.76333  193 11151 1538.00000 1403.76333  8.73%  3061 5085s
  3184  1265 1403.76810 1402 11293 1538.00000 1403.76810  8.73%  3060 5091s
  3185  1266 1403.98655  128 9744 1538.00000 1403.98655  8.71%  3059 5106s
  3187  1267 1404.05323  476 11181 1538.00000 1404.05323  8.71%  3057 5112s
  3189  1268 1404.06371  445 11219 1538.00000 1404.06371  8.71%  3055 5117s
  3190  1269 1404.43072  563 10201 1538.00000 1404.43072  8.68%  3054 5131s
  3191  1270 1404.45930 1087 11387 1538.00000 1404.45930  8.68%  3053 5135s
  3193  1271 1404.46649 1529 11531 1538.00000 1404.46649  8.68%  3051 5142s
  3194  1272 1404.57288 1402 11574 1538.00000 1404.57288  8.68%  3050 5153s
  3195  1272 1404.57998 1105 11866 1538.00000 1404.57998  8.67%  3049 5155s
  3197  1274 1404.58139 1527 11901 1538.00000 1404.58139  8.67%  3047 5161s
  3198  1274 1404.75924  343 12038 1538.00000 1404.75924  8.66%  3046 5171s
  3200  1276 1404.76605 1008 12061 1538.00000 1404.76605  8.66%  3044 5177s
  3201  1276 1404.96883  478 12417 1538.00000 1404.96883  8.65%  3043 5188s
  3202  1277 1404.97580  579 12401 1538.00000 1404.97580  8.65%  3042 5190s
  3205  1279 1404.98382 1073 12336 1538.00000 1404.98382  8.65%  3039 5195s
  3207  1280 1404.99827   60 12306 1538.00000 1404.99827  8.65%  3038 5200s
  3208  1281 1405.02178  904 12221 1538.00000 1405.02178  8.65%  3037 5209s
  3209  1282 1405.08111 1304 12412 1538.00000 1405.08111  8.64%  3036 5211s
  3210  1282 1405.08214  891 12442 1538.00000 1405.08214  8.64%  3035 5215s
  3211  1283 1405.11344 1285 12390 1538.00000 1405.11344  8.64%  3034 5225s
  3214  1285 1405.14446 1468 12487 1538.00000 1405.14446  8.64%  3031 5233s
  3215  1286 1405.14689  291 12569 1538.00000 1405.14689  8.64%  3030 5242s
  3216  1286 1405.14706  761 12526 1538.00000 1405.14706  8.64%  3029 5247s
  3217  1287 1405.17203  711 12518 1538.00000 1405.17203  8.64%  3028 5258s
  3218  1288 1405.18332  561 12464 1538.00000 1405.18332  8.64%  3027 5261s
  3219  1288 1405.18382   85 12462 1538.00000 1405.18382  8.64%  3026 5265s
  3220  1289 1405.24606 1196 12786 1538.00000 1405.24606  8.63%  3025 5275s
  3222  1290 1405.27528  286 13073 1538.00000 1405.27528  8.63%  3023 5282s
  3224  1292 1405.28442 1400 12790 1538.00000 1405.28442  8.63%  3022 5286s
  3225  1292 1405.28476  135 12817 1538.00000 1405.28476  8.63%  3021 5290s
  3226  1293 1405.36486  884 12517 1538.00000 1405.36486  8.62%  3020 5303s
  3227  1294 1405.38052  394 12739 1538.00000 1405.38052  8.62%  3019 5305s
  3229  1295 1405.38613  483 12696 1538.00000 1405.38613  8.62%  3017 5312s
  3230  1296 1405.51301 1264 10566 1538.00000 1405.51301  8.61%  3016 5324s
  3231  1296 1405.52006  762 11764 1538.00000 1405.52006  8.61%  3015 5327s
  3233  1298 1405.52334 1390 12346 1538.00000 1405.52334  8.61%  3013 5334s
  3234  1298 1405.58538 1078 12262 1538.00000 1405.58538  8.61%  3012 5347s
  3235  1299 1405.60599  112 12770 1538.00000 1405.60599  8.61%  3011 5350s
  3238  1301 1405.62927 1247 12515 1538.00000 1405.62927  8.61%  3009 5356s
  3240  1302 1405.64217  275 12743 1538.00000 1405.64217  8.61%  3007 5362s
  3241  1303 1405.78141 1487 12731 1538.00000 1405.78141  8.60%  3006 5372s
  3243  1304 1405.79560   38 12551 1538.00000 1405.79560  8.60%  3004 5376s
  3245  1306 1405.79775  808 12527 1538.00000 1405.79775  8.60%  3002 5382s
  3246  1306 1405.93025 1177 12752 1538.00000 1405.93025  8.59%  3001 5396s
  3248  1308 1405.94571   71 12688 1538.00000 1405.94571  8.59%  2999 5401s
  3250  1309 1405.94946 1405 12635 1538.00000 1405.94946  8.59%  2997 5407s
  3251  1310 1405.99397  874 12699 1538.00000 1405.99397  8.58%  2996 5417s
  3253  1311 1405.99950 1050 12722 1538.00000 1405.99950  8.58%  2995 5421s
  3255  1312 1406.00288  793 12536 1538.00000 1406.00288  8.58%  2993 5426s
  3256  1313 1406.12814 1449 12426 1538.00000 1406.12814  8.57%  2992 5437s
  3258  1314 1406.13502 1038 12645 1538.00000 1406.13502  8.57%  2990 5444s
  3259  1315 1406.15556 1470 12517 1538.00000 1406.15556  8.57%  2989 5454s
  3260  1316 1406.15846 1426 12671 1538.00000 1406.15846  8.57%  2988 5456s
  3262  1317 1406.16201 1048 12753 1538.00000 1406.16201  8.57%  2986 5463s
  3263  1318 1406.18043 1284 11200 1538.00000 1406.18043  8.57%  2985 5477s
  3264  1318 1406.19312  484 12216 1538.00000 1406.19312  8.57%  2985 5481s
  3265  1319 1406.20403 1335 12522 1538.00000 1406.20403  8.57%  2984 5485s
  3267  1320 1406.20807 1501 12691 1538.00000 1406.20807  8.57%  2982 5494s
  3268  1321 1406.27422 1474 12809 1538.00000 1406.27422  8.56%  2981 5504s
  3269  1322 1406.30036 1538 12765 1538.00000 1406.30036  8.56%  2980 5507s
  3271  1323 1406.30971  634 12568 1538.00000 1406.30971  8.56%  2978 5510s
  3273  1324 1406.52352 1081 12885 1538.00000 1406.52352  8.55%  2976 5525s
  3275  1326 1406.62091  697 12823 1538.00000 1406.62091  8.54%  2975 5530s
  3278  1328 1406.63952 1156 12714 1538.00000 1406.63952  8.54%  2972 5537s
  3279  1328 1406.94896  184 12563 1538.00000 1406.94896  8.52%  2971 5547s
  3281  1330 1406.97779 1512 12662 1538.00000 1406.97779  8.52%  2969 5551s
  3284  1332 1406.98672 1402 12548 1538.00000 1406.98672  8.52%  2966 5555s
H 3285  1262                    1537.0000000 1407.16277  8.45%  2965 5570s
  3289  1265 1407.31085  445 12904 1537.00000 1407.31085  8.44%  2962 5576s
  3291  1266 1407.64317 1087 12832 1537.00000 1407.64317  8.42%  2960 5589s
  3292  1267 1407.65624  918 12705 1537.00000 1407.65624  8.42%  2959 5591s
  3294  1268 1407.66320 1402 12584 1537.00000 1407.66320  8.41%  2957 5597s
  3295  1269 1407.69418 1105 10408 1537.00000 1407.69418  8.41%  2956 5611s
  3297  1270 1407.69964 1527 11912 1537.00000 1407.69964  8.41%  2955 5616s
  3299  1272 1407.70895  166 12216 1537.00000 1407.70895  8.41%  2953 5624s
  3300  1272 1407.75276 1008 12518 1537.00000 1407.75276  8.41%  2952 5635s
  3303  1274 1407.79408 1205 12361 1537.00000 1407.79408  8.41%  2949 5641s
  3304  1275 1407.79454 1085 12261 1537.00000 1407.79454  8.41%  2948 5645s
  3305  1276 1408.24649 1073 12083 1537.00000 1408.24649  8.38%  2948 5657s
  3306  1276 1408.27786 1325 12252 1537.00000 1408.27786  8.37%  2947 5660s
  3308  1278 1408.28065  904 12433 1537.00000 1408.28065  8.37%  2945 5668s
  3309  1278 1408.50413 1304 12636 1537.00000 1408.50413  8.36%  2944 5679s
  3310  1279 1408.51649  891 12730 1537.00000 1408.51649  8.36%  2943 5682s
  3311  1280 1408.51943 1285 12879 1537.00000 1408.51943  8.36%  2942 5686s
  3312  1280 1408.52032  277 12782 1537.00000 1408.52032  8.36%  2941 5691s
H 3312  1212                    1536.0000000 1408.66268  8.29%  2941 5704s
  3314  1214 1408.67872 1468 12690 1536.00000 1408.67872  8.29%  2940 5708s
  3315  1214 1408.68418  291 12969 1536.00000 1408.68418  8.29%  2939 5710s
  3317  1216 1408.68803  711 12793 1536.00000 1408.68803  8.29%  2937 5717s
  3318  1216 1408.76173  561 10816 1536.00000 1408.76173  8.28%  2936 5729s
  3319  1217 1408.76283   85 11674 1536.00000 1408.76283  8.28%  2935 5732s
  3320  1218 1408.76856 1196 12115 1536.00000 1408.76856  8.28%  2934 5735s
  3322  1219 1408.78572  286 12477 1536.00000 1408.78572  8.28%  2932 5741s
  3323  1220 1408.78671  285 12518 1536.00000 1408.78671  8.28%  2932 5746s
  3324  1220 1408.90053 1400 12701 1536.00000 1408.90053  8.27%  2931 5759s
  3325  1221 1408.93915  135 12830 1536.00000 1408.93915  8.27%  2930 5762s
  3327  1222 1408.94261  394 12742 1536.00000 1408.94261  8.27%  2928 5766s
  3328  1223 1408.94293   48 12869 1536.00000 1408.94293  8.27%  2927 5771s
  3329  1224 1409.07337  483 12792 1536.00000 1409.07337  8.26%  2926 5782s
  3330  1224 1409.10324 1264 13051 1536.00000 1409.10324  8.26%  2925 5786s
  3332  1226 1409.12654 1226 12761 1536.00000 1409.12654  8.26%  2924 5791s
  3334  1227 1409.12833 1078 12908 1536.00000 1409.12833  8.26%  2922 5798s
H 3334  1161                    1535.0000000 1409.24312  8.19%  2922 5812s
  3336  1162 1409.24312 1277 13072 1535.00000 1409.24312  8.19%  2920 5815s
  3338  1164 1409.24312 1247 12779 1535.00000 1409.24312  8.19%  2918 5822s
  3339  1164 1409.24312  505 12809 1535.00000 1409.24312  8.19%  2918 5847s
  3340  1165 1409.24312  275 12809 1535.00000 1409.24312  8.19%  2917 5850s
  3342  1166 1409.24312  548 12926 1535.00000 1409.24312  8.19%  2915 5858s
  3343  1167 1409.28365   38 12832 1535.00000 1409.28365  8.19%  2914 5872s
  3344  1168 1409.28814  406 13144 1535.00000 1409.28814  8.19%  2913 5875s
  3346  1169 1409.29149 1177 13037 1535.00000 1409.29149  8.19%  2911 5882s
  3347  1170 1409.36533 1193 13010 1535.00000 1409.36533  8.18%  2911 5893s
  3348  1170 1409.37615   71 13136 1535.00000 1409.37615  8.18%  2910 5896s
  3350  1172 1409.37901 1405 13358 1535.00000 1409.37901  8.18%  2908 5904s
  3351  1172 1409.43241  874 13157 1535.00000 1409.43241  8.18%  2907 5917s
  3352  1173 1409.43554  674 13284 1535.00000 1409.43554  8.18%  2906 5920s
  3354  1174 1409.49992  453 13226 1535.00000 1409.49992  8.18%  2904 5935s
  3356  1176 1409.51106 1449 13559 1535.00000 1409.51106  8.18%  2903 5942s
  3358  1177 1409.51450 1038 13176 1535.00000 1409.51450  8.17%  2901 5946s
  3359  1178 1409.51515 1470 13227 1535.00000 1409.51515  8.17%  2900 5952s
  3360  1178 1409.60450 1426 13308 1535.00000 1409.60450  8.17%  2899 5965s
  3362  1180 1409.62186 1048 13488 1535.00000 1409.62186  8.17%  2898 5971s
  3364  1181 1409.62390  484 13370 1535.00000 1409.62390  8.17%  2896 5978s
  3365  1182 1409.64569 1335 13368 1535.00000 1409.64569  8.17%  2895 5989s
  3366  1182 1409.64899  678 13641 1535.00000 1409.64899  8.17%  2894 5993s
  3367  1183 1409.65502 1501 13392 1535.00000 1409.65502  8.17%  2893 5996s
  3369  1184 1409.65668 1538 13540 1535.00000 1409.65668  8.17%  2892 6004s
  3370  1185 1409.66048  842 11064 1535.00000 1409.66048  8.17%  2891 6021s
  3371  1186 1409.66596  634 11985 1535.00000 1409.66596  8.17%  2890 6025s
  3373  1187 1409.66979 1081 12670 1535.00000 1409.66979  8.16%  2888 6034s
  3374  1188 1409.70753  153 12893 1535.00000 1409.70753  8.16%  2887 6046s
  3375  1188 1409.71510  697 12835 1535.00000 1409.71510  8.16%  2886 6050s
  3377  1190 1409.71930 1425 12921 1535.00000 1409.71930  8.16%  2885 6060s
  3378  1190 1409.73399 1156 12978 1535.00000 1409.73399  8.16%  2884 6071s
  3379  1191 1409.79303  184 12928 1535.00000 1409.79303  8.16%  2883 6075s
  3381  1192 1409.79568 1512 12883 1535.00000 1409.79568  8.16%  2881 6083s
  3382  1193 1409.99103  193 12851 1535.00000 1409.99103  8.14%  2880 6105s
  3383  1194 1409.99158  437 12956 1535.00000 1409.99158  8.14%  2880 6112s
  3384  1194 1410.00688 1402 10859 1535.00000 1410.00688  8.14%  2879 6132s
  3385  1195 1410.00752  128 12108 1535.00000 1410.00752  8.14%  2878 6138s
  3386  1196 1410.01656 1076 12515 1535.00000 1410.01656  8.14%  2877 6150s
  3388  1197 1410.02311  972 12795 1535.00000 1410.02311  8.14%  2875 6158s
  3389  1198 1410.03092  445 13128 1535.00000 1410.03092  8.14%  2874 6162s
  3390  1198 1410.03221  563 13326 1535.00000 1410.03221  8.14%  2874 6166s
  3391  1199 1410.03234 1087 13155 1535.00000 1410.03234  8.14%  2873 6171s
  3392  1200 1410.05815  918 13295 1535.00000 1410.05815  8.14%  2872 6184s
  3393  1200 1410.06153 1529 13209 1535.00000 1410.06153  8.14%  2871 6187s
  3394  1201 1410.06217 1402 13216 1535.00000 1410.06217  8.14%  2870 6192s
  3395  1202 1410.08503 1105 13351 1535.00000 1410.08503  8.14%  2869 6203s
  3396  1202 1410.08925  344 13416 1535.00000 1410.08925  8.14%  2869 6206s
  3398  1204 1410.09319  343 13232 1535.00000 1410.09319  8.14%  2867 6210s
  3400  1205 1410.21835 1008 12825 1535.00000 1410.21835  8.13%  2865 6225s
  3402  1206 1410.22181  579 13086 1535.00000 1410.22181  8.13%  2863 6232s
  3403  1207 1410.24533 1205 13078 1535.00000 1410.24533  8.13%  2863 6241s
  3404  1208 1410.24631 1085 13012 1535.00000 1410.24631  8.13%  2862 6246s
  3405  1208 1410.27113 1073 11131 1535.00000 1410.27113  8.13%  2861 6263s
  3406  1209 1410.27113 1325 12294 1535.00000 1410.27113  8.13%  2860 6267s
  3407  1210 1410.27113   60 12733 1535.00000 1410.27113  8.13%  2859 6272s
  3408  1210 1410.28066  904 11412 1535.00000 1410.28066  8.13%  2858 6378s
  3409  1211 1410.28331 1304 12087 1535.00000 1410.28331  8.12%  2858 6382s
  3410  1212 1410.28476  891 12651 1535.00000 1410.28476  8.12%  2857 6385s
  3411  1212 1410.28512 1285 12915 1535.00000 1410.28512  8.12%  2856 6391s
  3412  1213 1410.30359  277 12848 1535.00000 1410.30359  8.12%  2855 6405s
  3414  1214 1410.31542 1468 13102 1535.00000 1410.31542  8.12%  2853 6410s
  3415  1215 1410.31606  291 13025 1535.00000 1410.31606  8.12%  2853 6415s
  3416  1216 1410.34100  761 13066 1535.00000 1410.34100  8.12%  2852 6425s
  3418  1217 1410.34656  561 13302 1535.00000 1410.34656  8.12%  2850 6430s
  3419  1218 1410.34704   85 13160 1535.00000 1410.34704  8.12%  2849 6436s
  3420  1218 1410.35990 1196 13391 1535.00000 1410.35990  8.12%  2848 6448s
  3421  1219 1410.37405 1484 13301 1535.00000 1410.37405  8.12%  2848 6451s
  3423  1220 1410.39242  285 13492 1535.00000 1410.39242  8.12%  2846 6456s
  3425  1222 1410.39401  135 13506 1535.00000 1410.39401  8.12%  2844 6463s
  3426  1222 1410.49671  884 13444 1535.00000 1410.49671  8.11%  2843 6474s
  3427  1223 1410.50821  394 13769 1535.00000 1410.50821  8.11%  2843 6478s
  3428  1224 1410.50995   48 13828 1535.00000 1410.50995  8.11%  2842 6481s
  3429  1224 1410.51013  483 13919 1535.00000 1410.51013  8.11%  2841 6488s
  3430  1225 1410.53146 1264 13944 1535.00000 1410.53146  8.11%  2840 6501s
  3432  1226 1410.53782 1226 13998 1535.00000 1410.53782  8.11%  2838 6510s
  3433  1227 1410.57042 1390 11282 1535.00000 1410.57042  8.11%  2838 6527s
  3434  1228 1410.57277 1078 12113 1535.00000 1410.57277  8.11%  2837 6531s
  3436  1229 1410.57702 1277 13072 1535.00000 1410.57702  8.11%  2835 6538s
  3437  1230 1410.57872   96 13059 1535.00000 1410.57872  8.11%  2834 6541s
  3438  1230 1410.57944 1247 13078 1535.00000 1410.57944  8.11%  2834 6547s
  3439  1231 1410.59316  505 13261 1535.00000 1410.59316  8.10%  2833 6563s
  3440  1232 1410.59803  275 13138 1535.00000 1410.59803  8.10%  2832 6566s
  3442  1233 1410.59975  548 13214 1535.00000 1410.59975  8.10%  2830 6574s
  3443  1234 1410.65228   38 13361 1535.00000 1410.65228  8.10%  2829 6586s
  3445  1235 1410.65923  808 13370 1535.00000 1410.65923  8.10%  2828 6595s
  3446  1236 1410.66277 1177 11417 1535.00000 1410.66277  8.10%  2827 6618s
  3447  1236 1410.66298 1193 11955 1535.00000 1410.66298  8.10%  2826 6624s
  3448  1237 1410.78424   71 11929 1535.00000 1410.78424  8.09%  2825 6636s
  3450  1238 1410.79804 1405 12962 1535.00000 1410.79804  8.09%  2824 6643s
  3451  1239 1410.79832  874 13098 1535.00000 1410.79832  8.09%  2823 6648s
  3452  1240 1410.81656  674 11734 1535.00000 1410.81656  8.09%  2822 6663s
  3453  1240 1410.81700 1050 12325 1535.00000 1410.81700  8.09%  2821 6669s
  3454  1241 1410.89178  453 11919 1535.00000 1410.89178  8.09%  2820 6683s
  3455  1242 1410.89523  793 12734 1535.00000 1410.89523  8.09%  2820 6687s
  3456  1242 1410.89863 1449 13073 1535.00000 1410.89863  8.08%  2819 6691s
  3457  1243 1410.90045  626 13283 1535.00000 1410.90045  8.08%  2818 6695s
  3459  1244 1410.91463 1470 13228 1535.00000 1410.91463  8.08%  2816 6700s
  3460  1245 1410.91476 1426 13401 1535.00000 1410.91476  8.08%  2815 6707s
  3461  1246 1411.04453  522 11537 1535.00000 1411.04453  8.08%  2815 6725s
  3463  1247 1411.05188 1284 12934 1535.00000 1411.05188  8.07%  2813 6732s
  3465  1248 1411.05961 1335 13113 1535.00000 1411.05961  8.07%  2811 6737s
  3466  1249 1411.06097  678 13286 1535.00000 1411.06097  8.07%  2811 6740s
  3467  1250 1411.06112 1501 13318 1535.00000 1411.06112  8.07%  2810 6745s
  3468  1250 1411.12995 1474 13010 1535.00000 1411.12995  8.07%  2809 6755s
  3470  1252 1411.13527  842 13315 1535.00000 1411.13527  8.07%  2807 6762s
  3471  1252 1411.20360  634 11639 1535.00000 1411.20360  8.06%  2807 6776s
  3472  1253 1411.21645  465 12407 1535.00000 1411.21645  8.06%  2806 6780s
  3474  1254 1411.21779  153 13178 1535.00000 1411.21779  8.06%  2804 6790s
  3475  1255 1411.25742  697 13020 1535.00000 1411.25742  8.06%  2803 6801s
  3477  1256 1411.27175 1425 13262 1535.00000 1411.27175  8.06%  2802 6807s
  3478  1257 1411.27306 1156 13350 1535.00000 1411.27306  8.06%  2801 6810s
  3479  1258 1411.27324  184 13387 1535.00000 1411.27324  8.06%  2800 6816s
  3480  1258 1411.27796   45 13389 1535.00000 1411.27796  8.06%  2799 6828s
  3481  1259 1411.27833 1512 13256 1535.00000 1411.27833  8.06%  2798 6834s
  3482  1260 1411.33898  193 11656 1535.00000 1411.33898  8.06%  2798 6846s
  3484  1261 1411.35320 1402 12698 1535.00000 1411.35320  8.06%  2796 6852s
  3485  1262 1411.35408  128 12860 1535.00000 1411.35408  8.06%  2795 6858s
  3486  1262 1411.37210 1076 11798 1535.00000 1411.37210  8.05%  2794 6874s
  3487  1263 1411.37268  476 12601 1535.00000 1411.37268  8.05%  2794 6881s
  3488  1264 1411.37478  972 12825 1535.00000 1411.37478  8.05%  2793 6891s
  3489  1264 1411.37505  445 12874 1535.00000 1411.37505  8.05%  2792 6896s
  3490  1265 1411.37672  563 11757 1535.00000 1411.37672  8.05%  2791 6908s
  3493  1268 1411.37672 1529 13513 1535.00000 1411.37672  8.05%  4419 6910s
  3495  1269 1411.37672 1105 15194 1535.00000 1411.37672  8.05%  4417 6940s
  3496  1270 1411.37672  344 9368 1535.00000 1411.37672  8.05%  4416 6957s
  3497  1271 1411.37672 1527 9942 1535.00000 1411.37672  8.05%  4414 6968s
  3498  1271 1411.37672  343 10764 1535.00000 1411.37672  8.05%  4413 6977s
  3499  1272 1411.37672  166 10453 1535.00000 1411.37672  8.05%  4412 6984s
  3500  1273 1411.37672 1008 11050 1535.00000 1411.37672  8.05%  4411 6991s
  3501  1273 1411.37672  478 11241 1535.00000 1411.37672  8.05%  4409 6997s
  3502  1274 1411.37672  579 11573 1535.00000 1411.37672  8.05%  4408 7004s
  3503  1275 1411.37672 1205 11820 1535.00000 1411.37672  8.05%  4407 7010s
  3504  1275 1411.37672 1085 11988 1535.00000 1411.37672  8.05%  4406 7016s
  3505  1276 1411.37672 1073 12266 1535.00000 1411.37672  8.05%  4404 7021s
  3507  1277 1411.37672   60 12228 1535.00000 1411.37672  8.05%  4402 7025s
  3511  1280 1411.37672 1285 12461 1535.00000 1411.37672  8.05%  4397 7030s
  3512  1281 1411.39132  277 9951 1535.00000 1411.39132  8.05%  4396 7045s
  3514  1282 1411.41484 1468 10764 1535.00000 1411.41484  8.05%  4393 7051s
  3515  1283 1411.45382  291 10904 1535.00000 1411.45382  8.05%  4392 7064s
  3516  1283 1411.46558  761 11135 1535.00000 1411.46558  8.05%  4391 7067s
  3517  1284 1411.46580  711 11132 1535.00000 1411.46580  8.05%  4389 7071s
  3518  1285 1411.59443  561 10816 1535.00000 1411.59443  8.04%  4388 7082s
  3520  1286 1411.60091 1196 11285 1535.00000 1411.60091  8.04%  4386 7088s
  3521  1287 1411.64393 1484 10370 1535.00000 1411.64393  8.04%  4384 7103s
  3522  1287 1411.66668  286 10882 1535.00000 1411.66668  8.03%  4383 7105s
  3524  1289 1411.67191 1400 10963 1535.00000 1411.67191  8.03%  4381 7110s
  3525  1289 1412.13621  135 11403 1535.00000 1412.13621  8.00%  4379 7124s
  3526  1290 1412.14217  884 11297 1535.00000 1412.14217  8.00%  4378 7125s
  3528  1291 1412.47099   48 11645 1535.00000 1412.47099  7.98%  4376 7138s
  3529  1292 1412.47673  483 11283 1535.00000 1412.47673  7.98%  4374 7140s
  3532  1294 1412.49805 1226 11424 1535.00000 1412.49805  7.98%  4371 7154s
  3533  1295 1412.50112 1390 11541 1535.00000 1412.50112  7.98%  4369 7156s
  3535  1296 1412.50437  112 11581 1535.00000 1412.50437  7.98%  4367 7160s
  3536  1297 1412.50496 1277 10481 1535.00000 1412.50496  7.98%  4366 7172s
  3537  1297 1412.50517   96 11249 1535.00000 1412.50517  7.98%  4364 7177s
  3538  1298 1412.51661 1247 10863 1535.00000 1412.51661  7.98%  4363 7188s
  3539  1299 1412.51727  505 11174 1535.00000 1412.51727  7.98%  4362 7192s

Cutting planes:
  Gomory: 78
  Cover: 1740
  Implied bound: 328
  Clique: 145
  MIR: 1540
  Mixing: 11
  StrongCG: 49
  Flow cover: 4893
  GUB cover: 2268
  Zero half: 602
  RLT: 212
  Relax-and-lift: 218
  BQP: 51
  PSD: 2

Explored 3539 nodes (17585393 simplex iterations) in 7196.29 seconds (5188.92 work units)
Thread count was 1 (of 16 available processors)

Solution count 10: 1535 1536 1537 ... 1545

Time limit reached
Best objective 1.535000000000e+03, best bound 1.413000000000e+03, gap 7.9479%

User-callback calls 734253, time in user-callback 1.13 sec
Stat(MathOptInterface.TIME_LIMIT, 1535.0, 1413.0, 0.07947882736156352, 6.9509788693843e-310, 3.844627, 7196.293318033218, 3539, Main.CFLG.EVFP, "", #undef)
