Data path: /scratch/opt/lxu/CFLG/benchmarks/tree_B
Instance: treeB.500.50
Result path: /scratch/opt/lxu/CFLG/results/tree_B
Solver: Gurobi
Time limit: 7200
Formulation: LEFPAD
Cover: Small
julia --project=. src/main.jl /scratch/opt/lxu/CFLG/benchmarks/tree_B treeB.500.50 /scratch/opt/lxu/CFLG/results/tree_B Gurobi 7200 LEFPAD Small
The latest version of Julia in the `release` channel is 1.11.5+0.x64.linux.gnu. You currently have `1.11.4+0.x64.linux.gnu` installed. Run:

  juliaup update

in your terminal shell to install Julia 1.11.5+0.x64.linux.gnu and update the `release` channel to that version.
/scratch/opt/lxu/CFLG/benchmarks/tree_B Gurobi 7200.0 /scratch/opt/lxu/CFLG/results/tree_B treeB.500.50 LEFPAD Small
/scratch/opt/lxu/CFLG/benchmarks/tree_B/treeB.500.50

 read graph
data loaded


after absorb:363 500

max_piece:18
problem_graph/original graph: node: 363/500 edge: 412/549 dlt: 0.3735864994142358 break_avg_len: 1.9912523124118002 break_max_len: 6.5891104930085875Vbar/V, Ebar/E(135, 363, 184, 412)
Set parameter TokenServer to value "solice01.zib.de"
Set parameter Threads to value 1
Set parameter OutputFlag to value 1
Gurobi Optimizer version 12.0.1 build v12.0.1rc0 (linux64 - "Debian GNU/Linux 12 (bookworm)")

CPU model: Intel(R) Xeon(R) Gold 5222 CPU @ 3.80GHz, instruction set [SSE2|AVX|AVX2|AVX512]
Thread count: 8 physical cores, 16 logical processors, using up to 1 threads

Non-default parameters:
Threads  1

Optimize a model with 499 rows, 822 columns and 1370 nonzeros
Model fingerprint: 0x4d0e3968
Coefficient statistics:
  Matrix range     [1e+00, 1e+00]
  Objective range  [1e+00, 1e+00]
  Bounds range     [1e+00, 1e+00]
  RHS range        [1e+00, 1e+00]
Presolve removed 499 rows and 822 columns
Presolve time: 0.00s
Presolve: All rows and columns removed
Iteration    Objective       Primal Inf.    Dual Inf.      Time
       0    9.0000000e+01   0.000000e+00   0.000000e+00      0s

Solved in 0 iterations and 0.00 seconds (0.00 work units)
Optimal objective  9.000000000e+01

User-callback calls 35, time in user-callback 0.00 sec
elapsed CPU time: 1.051778 seconds
Set parameter TokenServer to value "solice01.zib.de"
Set parameter Threads to value 1
Set parameter OutputFlag to value 1
Set parameter MIPGap to value 0.0001
Set parameter MIPGapAbs to value 0.999998
Set parameter TimeLimit to value 7198.948222

 more cuts: false 0.3735864994142358 false
is_attach:trueformulation:LEFPAD0 274 0

 model loaded

Gurobi Optimizer version 12.0.1 build v12.0.1rc0 (linux64 - "Debian GNU/Linux 12 (bookworm)")

CPU model: Intel(R) Xeon(R) Gold 5222 CPU @ 3.80GHz, instruction set [SSE2|AVX|AVX2|AVX512]
Thread count: 8 physical cores, 16 logical processors, using up to 1 threads

Non-default parameters:
TimeLimit  7198.948222
MIPGapAbs  0.999998
Threads  1

Optimize a model with 4105 rows, 3297 columns and 10143 nonzeros
Model fingerprint: 0x836159d8
Variable types: 1536 continuous, 1761 integer (1761 binary)
Coefficient statistics:
  Matrix range     [6e-04, 7e+00]
  Objective range  [1e+00, 1e+00]
  Bounds range     [3e-03, 7e+00]
  RHS range        [1e-06, 7e+00]
Presolve removed 2849 rows and 1937 columns
Presolve time: 0.01s
Presolved: 1256 rows, 1360 columns, 3799 nonzeros
Variable types: 756 continuous, 604 integer (604 binary)
Found heuristic solution: objective 764.0000000

Explored 0 nodes (0 simplex iterations) in 0.02 seconds (0.02 work units)
Thread count was 1 (of 16 available processors)

Solution count 1: 764 

Optimal solution found (tolerance 1.00e-04)
Best objective 7.640000000000e+02, best bound 7.640000000000e+02, gap 0.0000%

User-callback calls 486, time in user-callback 0.00 sec

 sepatime0 0 0
764.0Stat(MathOptInterface.OPTIMAL, 764.0, 764.0, 0.0, 0.0, 1.051778, 0.019572019577026367, 0, Main.CFLG.LEFPAD, "", #undef)
