Data path: /scratch/opt/lxu/CFLG/benchmarks/Kgroup_B
Instance: K400.2.red
Result path: /scratch/opt/lxu/CFLG/results/Kgroup_B
Solver: Gurobi
Time limit: 7200
Formulation: LEFPAI
Cover: Large
julia --project=. src/main.jl /scratch/opt/lxu/CFLG/benchmarks/Kgroup_B K400.2.red /scratch/opt/lxu/CFLG/results/Kgroup_B Gurobi 7200 LEFPAI Large
The latest version of Julia in the `release` channel is 1.11.5+0.x64.linux.gnu. You currently have `1.11.4+0.x64.linux.gnu` installed. Run:

  juliaup update

in your terminal shell to install Julia 1.11.5+0.x64.linux.gnu and update the `release` channel to that version.
/scratch/opt/lxu/CFLG/benchmarks/Kgroup_B Gurobi 7200.0 /scratch/opt/lxu/CFLG/results/Kgroup_B K400.2.red LEFPAI Large
/scratch/opt/lxu/CFLG/benchmarks/Kgroup_B/K400.2.red

 read graph
data loaded


after absorb:226 228

max_piece:4
problem_graph/original graph: node: 305/228 edge: 1025/948 dlt: 0.46887501846466717 break_avg_len: 0.21682610609975836 break_max_len: 1.0Vbar/V, Ebar/E(304, 305, 1024, 1025)
Set parameter TokenServer to value "solice01.zib.de"
Set parameter Threads to value 1
Set parameter OutputFlag to value 1
Gurobi Optimizer version 12.0.1 build v12.0.1rc0 (linux64 - "Debian GNU/Linux 12 (bookworm)")

CPU model: Intel(R) Xeon(R) Gold 5222 CPU @ 3.80GHz, instruction set [SSE2|AVX|AVX2|AVX512]
Thread count: 8 physical cores, 16 logical processors, using up to 1 threads

Non-default parameters:
Threads  1

Optimize a model with 1330 rows, 3075 columns and 5125 nonzeros
Model fingerprint: 0xbfff3f8f
Coefficient statistics:
  Matrix range     [1e+00, 1e+00]
  Objective range  [1e+00, 1e+00]
  Bounds range     [1e+00, 1e+00]
  RHS range        [1e+00, 1e+00]
Presolve removed 1330 rows and 3075 columns
Presolve time: 0.00s
Presolve: All rows and columns removed
Iteration    Objective       Primal Inf.    Dual Inf.      Time
       0    1.0000000e+00   0.000000e+00   0.000000e+00      0s

Solved in 0 iterations and 0.00 seconds (0.00 work units)
Optimal objective  1.000000000e+00

User-callback calls 35, time in user-callback 0.00 sec
elapsed CPU time: 1.192465 seconds
Set parameter TokenServer to value "solice01.zib.de"
Set parameter Threads to value 1
Set parameter OutputFlag to value 1
Set parameter MIPGap to value 0.0001
Set parameter MIPGapAbs to value 0.999998
Set parameter TimeLimit to value 7198.807535

 more cuts: false 0.46887501846466717 false
is_attach:trueformulation:LEFPAI0 1025 0

 model loaded

Gurobi Optimizer version 12.0.1 build v12.0.1rc0 (linux64 - "Debian GNU/Linux 12 (bookworm)")

CPU model: Intel(R) Xeon(R) Gold 5222 CPU @ 3.80GHz, instruction set [SSE2|AVX|AVX2|AVX512]
Thread count: 8 physical cores, 16 logical processors, using up to 1 threads

Non-default parameters:
TimeLimit  7198.807535
MIPGapAbs  0.999998
Threads  1

Optimize a model with 46757 rows, 42756 columns and 136581 nonzeros
Model fingerprint: 0x9ce39cf2
Model has 38046 simple general constraints
  38046 INDICATOR
Variable types: 2355 continuous, 40401 integer (40401 binary)
Coefficient statistics:
  Matrix range     [2e-03, 1e+00]
  Objective range  [1e+00, 1e+00]
  Bounds range     [2e-03, 1e+00]
  RHS range        [1e-06, 1e+00]
  GenCon rhs range [5e-07, 1e+00]
  GenCon coe range [1e+00, 1e+00]
Presolve added 20111 rows and 0 columns
Presolve removed 0 rows and 2650 columns
Presolve time: 1.66s
Presolved: 66868 rows, 40106 columns, 224196 nonzeros
Variable types: 1329 continuous, 38777 integer (38777 binary)
Found heuristic solution: objective 1024.0000000
Found heuristic solution: objective 451.0000000

Root simplex log...

Iteration    Objective       Primal Inf.    Dual Inf.      Time
   30318    8.8983568e+00   0.000000e+00   0.000000e+00      5s

Root relaxation: objective 8.898357e+00, 30318 iterations, 2.89 seconds (3.93 work units)

    Nodes    |    Current Node    |     Objective Bounds      |     Work
 Expl Unexpl |  Obj  Depth IntInf | Incumbent    BestBd   Gap | It/Node Time

     0     0    8.89836    0 1540  451.00000    8.89836  98.0%     -    9s
H    0     0                     383.0000000    8.89836  97.7%     -    9s
H    0     0                     139.0000000    8.89836  93.6%     -    9s
H    0     0                     125.0000000    8.89836  92.9%     -    9s
H    0     0                     118.0000000    8.89836  92.5%     -    9s
H    0     0                     113.0000000    8.89836  92.1%     -    9s
H    0     0                     110.0000000    8.89836  91.9%     -    9s
H    0     0                      91.0000000    8.89836  90.2%     -   10s
H    0     0                      90.0000000    8.89836  90.1%     -   10s
H    0     0                      88.0000000    8.89836  89.9%     -   10s
H    0     0                      87.0000000    8.89836  89.8%     -   10s
H    0     0                      80.0000000    8.89836  88.9%     -   11s
H    0     0                      77.0000000    8.89836  88.4%     -   11s
H    0     0                      76.0000000    8.89836  88.3%     -   11s
H    0     0                      75.0000000    8.89836  88.1%     -   11s
H    0     0                      74.0000000    8.89836  88.0%     -   11s
H    0     0                      73.0000000    8.89836  87.8%     -   12s
     0     0   10.00733    0 1933   73.00000   10.00733  86.3%     -   18s
H    0     0                      72.0000000   10.00822  86.1%     -   19s
H    0     0                      69.0000000   10.00822  85.5%     -   19s
H    0     0                      68.0000000   10.00822  85.3%     -   19s
H    0     0                      67.0000000   10.00822  85.1%     -   19s
H    0     0                      66.0000000   10.00822  84.8%     -   19s
H    0     0                      65.0000000   10.00822  84.6%     -   19s
H    0     0                      63.0000000   10.00822  84.1%     -   19s
H    0     0                      62.0000000   10.00822  83.9%     -   19s
     0     0   11.69654    0 1996   62.00000   11.69654  81.1%     -   23s
     0     0   12.81389    0 2209   62.00000   12.81389  79.3%     -   26s
     0     0   13.91638    0 2377   62.00000   13.91638  77.6%     -   28s
     0     0   14.52711    0 2643   62.00000   14.52711  76.6%     -   30s
     0     0   14.61180    0 2820   62.00000   14.61180  76.4%     -   31s
     0     0   14.61276    0 2815   62.00000   14.61276  76.4%     -   31s
     0     0   14.61276    0 2815   62.00000   14.61276  76.4%     -   31s
     0     0   15.30300    0 2807   62.00000   15.30300  75.3%     -   37s
H    0     0                      59.0000000   15.32008  74.0%     -   38s
     0     0   15.88119    0 2691   59.00000   15.88119  73.1%     -   39s
     0     0   15.99915    0 2939   59.00000   15.99915  72.9%     -   39s
     0     0   16.19217    0 2935   59.00000   16.19217  72.6%     -   40s
     0     0   16.21713    0 3027   59.00000   16.21713  72.5%     -   40s
     0     0   16.26675    0 2974   59.00000   16.26675  72.4%     -   41s
     0     0   16.27336    0 2969   59.00000   16.27336  72.4%     -   41s
     0     0   16.27403    0 3010   59.00000   16.27403  72.4%     -   41s
     0     0   19.37148    0 2561   59.00000   19.37148  67.2%     -   48s
H    0     0                      58.0000000   19.38327  66.6%     -   48s
H    0     0                      57.0000000   19.38327  66.0%     -   48s
H    0     0                      56.0000000   19.38327  65.4%     -   48s
H    0     0                      55.0000000   19.38327  64.8%     -   48s
H    0     0                      53.0000000   19.38327  63.4%     -   49s
     0     0   19.68631    0 2576   53.00000   19.68631  62.9%     -   51s
     0     0   19.80598    0 2538   53.00000   19.80598  62.6%     -   52s
     0     0   19.86302    0 2511   53.00000   19.86302  62.5%     -   52s
     0     0   19.87770    0 2593   53.00000   19.87770  62.5%     -   53s
     0     0   19.87898    0 2680   53.00000   19.87898  62.5%     -   53s
     0     0   20.69858    0 2416   53.00000   20.69858  60.9%     -   56s
     0     0   20.85160    0 2447   53.00000   20.85160  60.7%     -   57s
     0     0   20.85691    0 2296   53.00000   20.85691  60.6%     -   57s
     0     0   20.87608    0 2351   53.00000   20.87608  60.6%     -   58s
     0     0   20.87875    0 2412   53.00000   20.87875  60.6%     -   58s
     0     0   20.90948    0 2561   53.00000   20.90948  60.5%     -   59s
     0     0   20.90970    0 2596   53.00000   20.90970  60.5%     -   61s
     0     0   20.91624    0 2483   53.00000   20.91624  60.5%     -   62s
H    0     0                      52.0000000   20.91927  59.8%     -   64s
H    0     0                      50.0000000   20.91927  58.2%     -   65s
     0     0   20.93861    0 2509   50.00000   20.93861  58.1%     -   66s
     0     0   20.94449    0 2676   50.00000   20.94449  58.1%     -   66s
     0     0   20.94480    0 2684   50.00000   20.94480  58.1%     -   66s
     0     0   21.10978    0 2540   50.00000   21.10978  57.8%     -   68s
H    0     0                      49.0000000   21.11280  56.9%     -   69s
     0     0   21.12768    0 2555   49.00000   21.12768  56.9%     -   70s
     0     0   21.13400    0 2710   49.00000   21.13400  56.9%     -   70s
     0     0   21.13484    0 2695   49.00000   21.13484  56.9%     -   71s
     0     0   21.14675    0 2650   49.00000   21.14675  56.8%     -   72s
     0     0   21.14917    0 2685   49.00000   21.14917  56.8%     -   73s
     0     0   21.15281    0 2567   49.00000   21.15281  56.8%     -   74s
H    0     0                      48.0000000   21.21719  55.8%     -   77s
     0     0   21.21719    0 2588   48.00000   21.21719  55.8%     -   79s
     0     0   21.21719    0 2602   48.00000   21.21719  55.8%     -   79s
     0     0   21.21719    0 2789   48.00000   21.21719  55.8%     -   80s
     0     0   21.21719    0 2079   48.00000   21.21719  55.8%     -   86s
H    0     0                      46.0000000   21.21719  53.9%     -  106s
     0     2   21.23536    0 2008   46.00000   21.23536  53.8%     -  106s
    13    15   21.73435    9 1605   46.00000   21.36622  53.6%  2627  110s
H   26    26                      45.0000000   21.36622  52.5%  1481  113s
H   26    26                      44.0000000   21.36622  51.4%  1481  114s
    26    28   21.80677   20 1529   44.00000   21.36622  51.4%  1489  116s
    40    42   22.19293   31 1519   44.00000   21.36622  51.4%  1110  120s
    54    56   22.67256   40 1421   44.00000   21.36622  51.4%   942  126s
    75    77   23.05129   57 1421   44.00000   21.36622  51.4%   781  130s
H   81    81                      43.0000000   21.36622  50.3%   774  132s
    95    97   23.77534   72 1272   43.00000   21.36622  50.3%   756  135s
   130   132   23.91945  100 1124   43.00000   21.36622  50.3%   660  140s
   163   165   24.43948  128 1067   43.00000   21.36622  50.3%   556  146s
   216   217   24.86671  178 1058   43.00000   21.36622  50.3%   453  150s
   297   294   27.81048  244  763   43.00000   21.36622  50.3%   367  155s
   375   370   30.24772  313  613   43.00000   21.36622  50.3%   341  160s
   486   474   33.74062  417  585   43.00000   21.36622  50.3%   282  165s
H  540   524                      42.0000000   21.36622  49.1%   257  167s
   630   608   38.36718  548  374   42.00000   21.36622  49.1%   227  170s
   654   624   29.53541  288 2079   42.00000   21.40117  49.0%   220  195s
   656   625   24.04410  107 1797   42.00000   21.40117  49.0%   220  227s
   657   626   25.78196  207 1542   42.00000   21.40117  49.0%   219  262s
   658   627   38.36718  539 1893   42.00000   21.40117  49.0%   219  269s
   659   627   22.35172   35 1955   42.00000   21.40117  49.0%   219  273s
   660   628   23.41820   58 1926   42.00000   21.40117  49.0%   218  276s
   663   630   37.33468  493 2163   42.00000   21.40117  49.0%   217  280s
   666   632   29.32708  281 2054   42.00000   21.40117  49.0%   216  288s
   667   633   23.71445   82 1898   42.00000   21.40117  49.0%   216  300s
   671   635   23.91945  101 1954   42.00000   21.40117  49.0%   215  305s
   677   639   22.10635   15 2156   42.00000   21.40117  49.0%   213  312s
   680   641   25.75682  201 2216   42.00000   21.40117  49.0%   212  318s
   681   642   23.77695   73 1955   42.00000   21.40117  49.0%   212  346s
   686   645   37.33468  498 2083   42.00000   21.40117  49.0%   210  353s
   687   646   22.96607   52 1994   42.00000   21.40117  49.0%   210  363s
   688   647   23.68601   89 2017   42.00000   21.40117  49.0%   210  365s
   692   649   23.22030   70 2341   42.00000   21.40117  49.0%   208  370s
   697   653   21.44964    4 2369   42.00000   21.42175  49.0%   207  375s
   702   656   28.27708  257 2521   42.00000   21.57413  48.6%   205  383s
   703   657   24.77221  139 2252   42.00000   21.69799  48.3%   205  394s
   704   657   22.19632   19 2445   42.00000   21.69799  48.3%   205  396s
   705   658   25.59066  195 2457   42.00000   21.69799  48.3%   205  400s
   706   659   21.91284    2 2243   42.00000   21.91284  47.8%   204  411s
   708   660   28.41889  247 2425   42.00000   21.92265  47.8%   204  415s
   711   662   25.62544  190 2333   42.00000   22.07208  47.4%   203  432s
   714   664   33.74062  417 2476   42.00000   22.07843  47.4%   202  437s
   715   665   24.33857  120 2209   42.00000   22.09158  47.4%   202  466s
   716   665   23.78330   94 2384   42.00000   22.09158  47.4%   201  470s
   717   666   23.44423   52 2246   42.00000   22.09755  47.4%   201  479s
   718   667   22.10397    9 2472   42.00000   22.09755  47.4%   201  483s
   719   667   32.78455  374 2376   42.00000   22.09838  47.4%   201  491s
   721   669   37.33468  517 2316   42.00000   22.10114  47.4%   200  505s
   723   670   25.78196  207 2352   42.00000   22.10121  47.4%   199  515s
   725   671   35.28398  465 2399   42.00000   22.10738  47.4%   199  525s
   726   672   24.80367  164 2399   42.00000   22.10738  47.4%   199  533s
   727   673   24.57623  141 2399   42.00000   22.10738  47.4%   198  564s
   728   675   22.12270   16 2477   42.00000   22.12270  47.3%  1351  574s
   729   676   22.12270   16 2387   42.00000   22.12270  47.3%  1349  575s
   731   677   22.73142   17 2237   42.00000   22.12270  47.3%  1356  580s
   735   680   22.30063   19 2302   42.00000   22.12270  47.3%  1363  585s
   739   683   22.35227   21 2268   42.00000   22.12270  47.3%  1370  590s
   743   685   22.44139   23 2392   42.00000   22.12270  47.3%  1381  595s
   749   689   23.11014   26 2401   42.00000   22.12270  47.3%  1387  601s
   753   692   22.66409   28 2286   42.00000   22.12270  47.3%  1388  605s
   761   697   23.09553   32 2015   42.00000   22.12270  47.3%  1388  610s
   769   703   22.85838   36 2034   42.00000   22.12270  47.3%  1396  616s
   775   707   23.10134   39 1923   42.00000   22.12270  47.3%  1399  620s
   780   710   23.11757   42 1696   42.00000   22.12270  47.3%  1406  625s
   785   713   23.68530   44 1895   42.00000   22.12270  47.3%  1408  630s
   792   718   23.70229   48 1939   42.00000   22.12270  47.3%  1409  635s
   797   721   24.17161   50 1830   42.00000   22.12270  47.3%  1418  640s
   805   727   24.24817   54 1727   42.00000   22.12270  47.3%  1418  675s
   810   728   24.65664   57 1727   42.00000   22.12270  47.3%  1412  680s
   818   733   24.65680   61 1680   42.00000   22.12270  47.3%  1420  685s
   823   737   24.67763   63 1652   42.00000   22.12270  47.3%  1421  690s
   829   741   25.04456   66 1669   42.00000   22.12270  47.3%  1426  695s
   835   745   25.31858   69 1719   42.00000   22.12270  47.3%  1431  702s
   841   749   25.32383   72 1856   42.00000   22.12270  47.3%  1432  705s
   846   752   25.00906   75 1803   42.00000   22.12270  47.3%  1436  712s
   850   755   25.05674   77 1907   42.00000   22.12270  47.3%  1440  715s
   857   759   25.59247   80 1716   42.00000   22.12270  47.3%  1445  720s
   863   763   25.79772   83 1551   42.00000   22.12270  47.3%  1446  725s
   870   768   25.27607   87 1566   42.00000   22.12270  47.3%  1452  730s
   875   771   25.82083   89 1442   42.00000   22.12270  47.3%  1467  735s
   878   773   25.35534   91 1626   42.00000   22.12270  47.3%  1478  740s
   885   778   25.94862   94 1363   42.00000   22.12270  47.3%  1492  745s
   895   785   25.85714   99 1320   42.00000   22.12270  47.3%  1504  750s
   901   789   25.90868  102 1270   42.00000   22.12270  47.3%  1525  756s
   906   792   25.68868  105 1199   42.00000   22.12270  47.3%  1531  760s
   912   796   26.06667  108 1299   42.00000   22.12270  47.3%  1543  765s
   916   799   26.11111  110 1151   42.00000   22.12270  47.3%  1545  771s
   920   801   26.23958  112 1324   42.00000   22.12270  47.3%  1552  775s
   925   805   26.69697  114 1141   42.00000   22.12270  47.3%  1565  780s
   932   809   26.36595  118 1191   42.00000   22.12270  47.3%  1571  785s
   941   815   26.70611  122 1164   42.00000   22.12270  47.3%  1571  790s
   948   820   26.45073  126 1292   42.00000   22.12270  47.3%  1572  795s
   957   826   26.85341  130 1101   42.00000   22.12270  47.3%  1578  800s
   968   833   26.79098  136 1144   42.00000   22.12270  47.3%  1579  805s
   973   837   26.95738  138 1096   42.00000   22.12270  47.3%  1581  810s
   979   841   27.82665  141 1105   42.00000   22.12270  47.3%  1586  816s
   985   845   27.78746  144 1051   42.00000   22.12270  47.3%  1597  820s
   995   851   27.51322  149  911   42.00000   22.12270  47.3%  1597  825s
  1003   857   27.91229  153  831   42.00000   22.12270  47.3%  1602  830s
  1023   870   27.66544  163  959   42.00000   22.12270  47.3%  1592  835s
  1031   875   27.53619  167 1048   42.00000   22.12270  47.3%  1594  840s
  1041   882   27.79096  172  816   42.00000   22.12270  47.3%  1602  845s
  1058   893   27.50981  181  787   42.00000   22.12270  47.3%  1597  850s
  1078   907   27.85270  191  753   42.00000   22.12270  47.3%  1590  855s
  1101   922   28.54137  202  845   42.00000   22.12270  47.3%  1573  860s
  1111   929   28.58988  207  800   42.00000   22.12270  47.3%  1571  865s
  1130   941   28.46384  217  957   42.00000   22.12270  47.3%  1570  870s
  1149   954   29.46581  226  745   42.00000   22.12270  47.3%  1563  875s
  1170   968   29.55728  237  710   42.00000   22.12270  47.3%  1552  880s
  1197   986   30.20700  250  650   42.00000   22.12270  47.3%  1530  885s
H 1213   960                      41.0000000   22.12270  46.0%  1516  890s
  1240   980   33.06804  272  575   41.00000   22.12270  46.0%  1495  897s
  1260   993   35.06609  282  536   41.00000   22.12270  46.0%  1480  900s
  1289  1012   35.98223  296  520   41.00000   22.12270  46.0%  1454  905s
  1314  1029   35.79559  309  357   41.00000   22.12270  46.0%  1432  910s
  1360  1060   37.78853  332  351   41.00000   22.12270  46.0%  1386  915s
  1370  1066   37.86187  337  378   41.00000   22.12270  46.0%  1377  920s
  1397  1084   38.81150  350  322   41.00000   22.12270  46.0%  1356  925s
  1428  1105   37.88988  366  330   41.00000   22.12270  46.0%  1329  930s
  1456  1124   37.94726  380  315   41.00000   22.12270  46.0%  1308  935s
  1491  1147   38.46537  397  327   41.00000   22.12270  46.0%  1288  940s
  1525  1166   38.85419  414  415   41.00000   22.12270  46.0%  1267  945s
  1561  1168   39.17344  422  308   41.00000   22.12270  46.0%  1241  950s
  1570  1163   22.12270   17 2416   41.00000   22.12270  46.0%  1235  959s
  1571  1163   22.34538   18 2765   41.00000   22.12270  46.0%  1244  964s
  1572  1164   22.35991   18 2706   41.00000   22.30547  45.6%  1252  968s
  1573  1165   22.68814   19 2549   41.00000   22.30547  45.6%  1255  970s
  1578  1168   22.85573   21 2355   41.00000   22.30547  45.6%  1259  975s
  1584  1172   23.36873   24 2090   41.00000   22.30547  45.6%  1262  980s
  1590  1176   24.16880   27 2268   41.00000   22.30547  45.6%  1266  985s
  1598  1181   24.48228   31 1972   41.00000   22.30547  45.6%  1270  991s
  1603  1185   24.42172   34 1867   41.00000   22.30547  45.6%  1275  995s
  1607  1187   24.48157   36 1883   41.00000   22.30547  45.6%  1282 1000s
  1616  1193   25.07835   40 1596   41.00000   22.30547  45.6%  1286 1005s
  1626  1200   25.33895   45 1743   41.00000   22.30547  45.6%  1289 1010s
  1636  1207   25.34801   50 1674   41.00000   22.30547  45.6%  1291 1015s
  1642  1211   25.14657   53 1709   41.00000   22.30547  45.6%  1298 1020s
  1650  1216   25.51627   57 1593   41.00000   22.30547  45.6%  1303 1025s
  1657  1221   25.08065   61 1923   41.00000   22.30547  45.6%  1307 1030s
  1665  1226   25.19996   65 1749   41.00000   22.30547  45.6%  1311 1035s
  1674  1232   25.76902   69 1694   41.00000   22.30547  45.6%  1317 1040s
  1684  1239   25.72072   74 1470   41.00000   22.30547  45.6%  1323 1045s
  1694  1245   26.13463   79 1482   41.00000   22.30547  45.6%  1329 1050s
  1706  1253   26.42745   85 1275   41.00000   22.30547  45.6%  1336 1055s
  1719  1262   26.06211   92 1563   41.00000   22.30547  45.6%  1336 1060s
  1724  1265   26.34208   94 1363   41.00000   22.30547  45.6%  1335 1065s
  1737  1274   26.25915  101 1544   41.00000   22.30547  45.6%  1336 1070s
  1755  1286   26.38342  110 1384   41.00000   22.30547  45.6%  1331 1075s
  1772  1297   26.62694  118 1366   41.00000   22.30547  45.6%  1328 1080s
  1786  1307   26.72663  125 1355   41.00000   22.30547  45.6%  1328 1085s
  1800  1316   26.70296  132 1380   41.00000   22.30547  45.6%  1328 1090s
  1810  1323   27.52624  137 1341   41.00000   22.30547  45.6%  1333 1095s
  1822  1331   27.27670  143 1412   41.00000   22.30547  45.6%  1334 1100s
  1832  1337   27.32270  148 1126   41.00000   22.30547  45.6%  1339 1105s
  1844  1345   27.37975  154 1514   41.00000   22.30547  45.6%  1341 1110s
  1855  1353   26.90091  160 1224   41.00000   22.30547  45.6%  1344 1115s
  1865  1359   27.11176  165 1277   41.00000   22.30547  45.6%  1346 1120s
  1876  1367   27.65236  170 1184   41.00000   22.30547  45.6%  1352 1126s
  1881  1370   27.20965  173 1240   41.00000   22.30547  45.6%  1359 1130s
  1888  1375   27.93605  176 1041   41.00000   22.30547  45.6%  1366 1135s
  1908  1388   28.06090  186 1017   41.00000   22.30547  45.6%  1362 1140s
  1927  1401   27.62137  196 1020   41.00000   22.30547  45.6%  1359 1145s
  1941  1410   28.00005  203  969   41.00000   22.30547  45.6%  1358 1150s
  1964  1425   29.34589  214  888   41.00000   22.30547  45.6%  1349 1155s
  1975  1433   28.45785  220  935   41.00000   22.30547  45.6%  1347 1161s
  1991  1443   28.73011  228  806   41.00000   22.30547  45.6%  1345 1165s
  2004  1452   29.13223  234  875   41.00000   22.30547  45.6%  1344 1170s
  2020  1463   29.28853  242  939   41.00000   22.30547  45.6%  1348 1175s
  2032  1471   29.32960  248  845   41.00000   22.30547  45.6%  1346 1180s
  2058  1488   29.91350  261  850   41.00000   22.30547  45.6%  1339 1185s
  2081  1503   29.82882  273  952   41.00000   22.30547  45.6%  1331 1190s
  2096  1513   30.73661  280  755   41.00000   22.30547  45.6%  1331 1195s
  2120  1529   30.43816  292  746   41.00000   22.30547  45.6%  1326 1200s
  2150  1549   31.40872  307  481   41.00000   22.30547  45.6%  1315 1205s
  2168  1561   31.77486  316  547   41.00000   22.30547  45.6%  1309 1210s
  2194  1579   31.22833  329  494   41.00000   22.30547  45.6%  1301 1215s
  2214  1592   32.03439  339  470   41.00000   22.30547  45.6%  1296 1220s
  2250  1616   32.10345  357  474   41.00000   22.30547  45.6%  1280 1225s
  2281  1637   31.21073  373  475   41.00000   22.30547  45.6%  1266 1230s
  2304  1652   31.71658  384  383   41.00000   22.30547  45.6%  1257 1235s
  2337  1674   31.66437  401  457   41.00000   22.30547  45.6%  1248 1240s
H 2373  1641                      40.0000000   22.30547  44.2%  1235 1245s
  2411  1668   32.76210  438  352   40.00000   22.30547  44.2%  1219 1250s
  2454  1697   35.47878  459  185   40.00000   22.30547  44.2%  1200 1255s
  2512  1736   36.00000  488  242   40.00000   22.30547  44.2%  1174 1260s
  2567  1781   37.00000  516   93   40.00000   22.30547  44.2%  1151 1265s
  2624  1838   38.00000  544   88   40.00000   22.30547  44.2%  1128 1270s
  2683  1880 infeasible  573        40.00000   22.30547  44.2%  1105 1275s
  2691  1874   22.74968   20 2569   40.00000   22.30636  44.2%  1107 1284s
  2692  1875   22.82929   21 2677   40.00000   22.30636  44.2%  1108 1286s
  2696  1879   22.93902   23 2507   40.00000   22.30636  44.2%  1110 1290s
  2701  1884   23.34031   25 2249   40.00000   22.30636  44.2%  1113 1295s
  2705  1888   23.50096   27 2323   40.00000   22.30636  44.2%  1115 1300s
  2710  1893   24.44196   30 1663   40.00000   22.30636  44.2%  1119 1305s
  2713  1896   24.22577   31 1804   40.00000   22.30636  44.2%  1120 1319s
  2715  1898   24.77063   32 1629   40.00000   22.30636  44.2%  1120 1320s
  2722  1905   24.67655   36 1593   40.00000   22.30636  44.2%  1124 1325s
  2729  1912   24.68529   39 1564   40.00000   22.30636  44.2%  1127 1330s
  2741  1924   25.25972   45 1139   40.00000   22.30636  44.2%  1128 1335s
  2752  1935   25.18586   51 1294   40.00000   22.30636  44.2%  1132 1340s
  2761  1944   26.12585   55 1145   40.00000   22.30636  44.2%  1138 1345s
  2774  1957   25.74070   62 1086   40.00000   22.30636  44.2%  1140 1350s
  2785  1968   25.87710   67 1011   40.00000   22.30636  44.2%  1144 1355s
  2802  1985   26.72076   76 1029   40.00000   22.30636  44.2%  1145 1360s
  2817  2000   26.85208   83  952   40.00000   22.30636  44.2%  1147 1365s
  2834  2017   26.93929   92 1029   40.00000   22.30636  44.2%  1149 1370s
  2851  2034   27.86740  100  890   40.00000   22.30636  44.2%  1151 1375s
  2865  2048   27.99434  107 1066   40.00000   22.30636  44.2%  1154 1380s
  2883  2066   27.73313  116  847   40.00000   22.30636  44.2%  1154 1385s
  2901  2084   28.57519  125  808   40.00000   22.30636  44.2%  1154 1390s
  2918  2101   28.40037  134  739   40.00000   22.30636  44.2%  1154 1395s
  2938  2121   28.82456  144  789   40.00000   22.30636  44.2%  1154 1400s
  2953  2136   29.37060  151  686   40.00000   22.30636  44.2%  1157 1405s
H 2958  1969                      39.0000000   22.30636  42.8%  1156 1414s
  2958  1971   28.72433  154  745   39.00000   22.30636  42.8%  1156 1422s
  2959  1972   28.80366  154  776   39.00000   22.30636  42.8%  1157 1426s
  2973  1986   28.87067  161  736   39.00000   22.30636  42.8%  1159 1430s
  2993  2006   29.24548  171  732   39.00000   22.30636  42.8%  1155 1435s
  3006  2019   28.96518  178  792   39.00000   22.30636  42.8%  1156 1440s
  3024  2037   29.01982  187  834   39.00000   22.30636  42.8%  1156 1445s
  3042  2055   29.03513  196  809   39.00000   22.30636  42.8%  1154 1450s
  3066  2079   30.25400  208  582   39.00000   22.30636  42.8%  1153 1455s
  3095  2108   30.25563  222  507   39.00000   22.30636  42.8%  1149 1460s
  3125  2138   30.80062  237  512   39.00000   22.30636  42.8%  1143 1465s
  3159  2172   31.29814  254  525   39.00000   22.30636  42.8%  1137 1470s
  3194  2207   31.60306  272  610   39.00000   22.30636  42.8%  1126 1475s
  3216  2229   32.36806  283  512   39.00000   22.30636  42.8%  1124 1480s
  3239  2252   33.26516  294  484   39.00000   22.30636  42.8%  1119 1485s
  3275  2288   35.50336  312  320   39.00000   22.30636  42.8%  1110 1490s
  3316  2329   34.87615  333  320   39.00000   22.30636  42.8%  1098 1495s
  3375  2388   35.73110  362  353   39.00000   22.30636  42.8%  1080 1500s
  3429  2442   36.14424  389  321   39.00000   22.30636  42.8%  1066 1505s
  3469  2482   36.30841  409  236   39.00000   22.30636  42.8%  1057 1510s
  3520  2527   36.47994  435  269   39.00000   22.30636  42.8%  1044 1515s
  3570  2553   22.86730   20 2639   39.00000   22.34851  42.7%  1036 1536s
  3574  2557   23.48560   22 2221   39.00000   22.34851  42.7%  1038 1541s
  3577  2560   23.46631   24 1979   39.00000   22.34851  42.7%  1040 1545s
  3584  2567   24.10156   27 1936   39.00000   22.34851  42.7%  1041 1550s
  3590  2573   24.12586   30 2082   39.00000   22.34851  42.7%  1044 1556s
  3594  2577   24.01915   32 1851   39.00000   22.34851  42.7%  1047 1561s
  3598  2581   24.03012   34 1915   39.00000   22.34851  42.7%  1050 1565s
  3604  2587   24.56303   37 1731   39.00000   22.34851  42.7%  1054 1570s
  3609  2592   24.76273   40 1623   39.00000   22.34851  42.7%  1056 1575s
  3618  2601   25.19291   44 1379   39.00000   22.34851  42.7%  1059 1580s
  3630  2613   25.36576   50 1472   39.00000   22.34851  42.7%  1061 1586s
  3638  2621   25.69245   54 1373   39.00000   22.34851  42.7%  1063 1590s
  3648  2631   25.54460   59 1352   39.00000   22.34851  42.7%  1065 1595s
  3659  2642   25.39014   65 1355   39.00000   22.34851  42.7%  1066 1600s
  3669  2652   25.46303   70 1411   39.00000   22.34851  42.7%  1069 1606s
  3677  2660   25.50681   74 1423   39.00000   22.34851  42.7%  1071 1610s
  3682  2665   25.74619   76 1170   39.00000   22.34851  42.7%  1076 1615s
  3691  2674   26.22128   81 1155   39.00000   22.34851  42.7%  1078 1620s
  3703  2686   26.58305   87 1026   39.00000   22.34851  42.7%  1080 1625s
  3710  2693   27.50913   90  984   39.00000   22.34851  42.7%  1080 1630s
  3722  2705   27.64636   96 1055   39.00000   22.34851  42.7%  1083 1635s
  3739  2722   27.41242  105  844   39.00000   22.34851  42.7%  1082 1640s
  3751  2734   27.64314  111  881   39.00000   22.34851  42.7%  1086 1645s
  3770  2753   28.04701  120  729   39.00000   22.34851  42.7%  1088 1650s
  3783  2766   27.94581  127  760   39.00000   22.34851  42.7%  1091 1655s
  3787  2770   28.80079  129  641   39.00000   22.34851  42.7%  1092 1660s
  3822  2805   29.60402  146  469   39.00000   22.34851  42.7%  1087 1665s
  3869  2852   30.56006  170  544   39.00000   22.34851  42.7%  1076 1670s
  3909  2892   31.94527  190  552   39.00000   22.34851  42.7%  1068 1675s
  3941  2924   32.00579  206  552   39.00000   22.34851  42.7%  1063 1688s
  3956  2939   32.72286  213  499   39.00000   22.34851  42.7%  1060 1690s
  3988  2971   32.44810  229  655   39.00000   22.34851  42.7%  1055 1695s
  4020  3003   32.81413  245  549   39.00000   22.34851  42.7%  1050 1700s
  4063  3046   34.94978  267  373   39.00000   22.34851  42.7%  1042 1705s
  4104  3087   36.91860  287  274   39.00000   22.34851  42.7%  1034 1710s
  4140  3102   22.57334   20 2563   39.00000   22.34851  42.7%  1029 1717s
  4141  3103   22.79385   21 2500   39.00000   22.34851  42.7%  1030 1726s
  4144  3106   23.27672   22 2138   39.00000   22.34851  42.7%  1031 1730s
  4149  3111   23.31902   25 2310   39.00000   22.34851  42.7%  1034 1735s
  4154  3116   23.97224   27 1859   39.00000   22.34851  42.7%  1035 1740s
  4159  3121   24.02356   30 2071   39.00000   22.34851  42.7%  1038 1745s
  4166  3128   25.06886   33 1888   39.00000   22.34851  42.7%  1039 1750s
  4172  3134   24.95506   36 1597   39.00000   22.34851  42.7%  1042 1755s
  4180  3142   25.23728   40 1654   39.00000   22.34851  42.7%  1044 1760s
  4188  3150   25.14596   44 1641   39.00000   22.34851  42.7%  1046 1765s
  4195  3157   25.53788   48 1357   39.00000   22.34851  42.7%  1047 1770s
  4203  3165   25.58394   52 1338   39.00000   22.34851  42.7%  1048 1775s
  4216  3178   26.22946   58 1156   39.00000   22.34851  42.7%  1049 1780s
  4225  3187   26.30190   63 1135   39.00000   22.34851  42.7%  1051 1785s
  4234  3196   26.84120   67  943   39.00000   22.34851  42.7%  1053 1790s
  4248  3210   27.06905   74  929   39.00000   22.34851  42.7%  1053 1795s
  4262  3224   27.83652   81  877   39.00000   22.34851  42.7%  1055 1800s
  4271  3233   27.59019   86  916   39.00000   22.34851  42.7%  1058 1805s
  4273  3235   27.61270   87  932   39.00000   22.34851  42.7%  1058 1890s
  4292  3254   29.71699   96  775   39.00000   22.34851  42.7%  1058 1895s
  4299  3261   28.82757  100  711   39.00000   22.34851  42.7%  1058 1900s
  4318  3280   29.33722  109  653   39.00000   22.34851  42.7%  1058 1905s
  4339  3301   29.12174  120  652   39.00000   22.34851  42.7%  1057 1910s
  4354  3316   29.60877  127  634   39.00000   22.34851  42.7%  1058 1915s
  4365  3327   29.43451  133  683   39.00000   22.34851  42.7%  1059 1920s
  4380  3342   30.87081  140  508   39.00000   22.34851  42.7%  1059 1925s
  4394  3356   30.78561  147  622   39.00000   22.34851  42.7%  1059 1930s
  4417  3379   30.49945  159  560   39.00000   22.34851  42.7%  1057 1935s
  4438  3400   31.11157  169  597   39.00000   22.34851  42.7%  1058 1940s
  4466  3428   30.74306  183  503   39.00000   22.34851  42.7%  1055 1945s
  4486  3448   31.34816  193  444   39.00000   22.34851  42.7%  1056 1950s
  4515  3477   31.12593  208  435   39.00000   22.34851  42.7%  1053 1957s
  4540  3502   31.91307  220  483   39.00000   22.34851  42.7%  1047 1960s
  4576  3538   32.09044  238  500   39.00000   22.34851  42.7%  1041 1965s
  4614  3576   33.13033  257  376   39.00000   22.34851  42.7%  1035 1970s
  4654  3616   34.38893  277  331   39.00000   22.34851  42.7%  1027 1975s
H 4699  3469                      38.0000000   22.34851  41.2%  1019 1979s
  4702  3474   34.11184  301  326   38.00000   22.34851  41.2%  1019 1980s
  4750  3522   35.11184  325  225   38.00000   22.34851  41.2%  1011 1985s
  4790  3548   35.53932  345  191   38.00000   22.34851  41.2%  1005 1990s
  4798  3546   22.57338   21 2511   38.00000   22.35264  41.2%  1005 1995s
  4804  3552   23.15791   24 2338   38.00000   22.35264  41.2%  1007 2000s
  4810  3558   23.69183   27 2125   38.00000   22.35264  41.2%  1008 2005s
  4814  3562   24.66014   29 1704   38.00000   22.35264  41.2%  1009 2011s
  4820  3568   24.42320   32 1678   38.00000   22.35264  41.2%  1010 2015s
  4828  3576   24.98825   36 1704   38.00000   22.35264  41.2%  1013 2020s
  4835  3583   25.23763   39 1575   38.00000   22.35264  41.2%  1014 2025s
  4842  3590   25.35670   43 1547   38.00000   22.35264  41.2%  1016 2030s
  4847  3595   25.79191   45 1394   38.00000   22.35264  41.2%  1018 2035s
  4854  3602   25.46538   49 1525   38.00000   22.35264  41.2%  1021 2040s
  4859  3607   25.61968   51 1440   38.00000   22.35264  41.2%  1023 2045s
  4866  3614   25.71129   55 1394   38.00000   22.35264  41.2%  1025 2050s
  4873  3621   26.32635   58 1037   38.00000   22.35264  41.2%  1028 2056s
  4882  3630   25.87163   63 1378   38.00000   22.35264  41.2%  1029 2060s
  4895  3643   26.56740   69 1275   38.00000   22.35264  41.2%  1029 2068s
  4899  3647   26.90016   71 1019   38.00000   22.35264  41.2%  1030 2070s
  4909  3657   26.89524   76 1148   38.00000   22.35264  41.2%  1032 2075s
  4921  3669   27.05402   82 1067   38.00000   22.35264  41.2%  1034 2080s
  4924  3672   26.51568   84 1274   38.00000   22.35264  41.2%  1034 2099s
  4927  3675   26.82124   85 1186   38.00000   22.35264  41.2%  1033 2100s
  4941  3689   27.09124   92 1103   38.00000   22.35264  41.2%  1035 2105s
  4951  3699   27.31218   97 1037   38.00000   22.35264  41.2%  1037 2110s
  4960  3708   27.25066  102  942   38.00000   22.35264  41.2%  1040 2115s
  4973  3721   27.83056  108  861   38.00000   22.35264  41.2%  1042 2120s
  4979  3727   29.25080  111  893   38.00000   22.35264  41.2%  1044 2125s
  4987  3735   28.93972  115  802   38.00000   22.35264  41.2%  1045 2132s
  4991  3739   29.76795  117  781   38.00000   22.35264  41.2%  1045 2136s
  5005  3753   29.74792  124  811   38.00000   22.35264  41.2%  1045 2140s
  5019  3767   29.37182  131  801   38.00000   22.35264  41.2%  1043 2145s
  5036  3784   29.20020  140  835   38.00000   22.35264  41.2%  1043 2150s
  5053  3801   30.05933  148  876   38.00000   22.35264  41.2%  1043 2155s
  5074  3822   30.23044  159  620   38.00000   22.35264  41.2%  1042 2160s
  5088  3836   30.65843  166  543   38.00000   22.35264  41.2%  1041 2165s
  5101  3849   31.32707  172  542   38.00000   22.35264  41.2%  1040 2186s
  5125  3873   31.68721  184  465   38.00000   22.35264  41.2%  1036 2190s
  5157  3905   32.93735  200  506   38.00000   22.35264  41.2%  1031 2195s
  5193  3941   32.60652  218  353   38.00000   22.35264  41.2%  1026 2200s
  5229  3977   33.54049  236  386   38.00000   22.35264  41.2%  1021 2205s
  5266  4014   34.15428  255  390   38.00000   22.35264  41.2%  1015 2210s
  5306  4028   22.85408   22 2784   38.00000   22.35389  41.2%  1012 2224s
  5307  4029   22.88169   23 2521   38.00000   22.35389  41.2%  1012 2225s
  5311  4033   23.35884   25 2018   38.00000   22.35389  41.2%  1014 2232s
  5314  4036   23.57368   26 1934   38.00000   22.35389  41.2%  1016 2235s
  5321  4043   24.16298   30 1742   38.00000   22.35389  41.2%  1017 2240s
  5328  4050   24.84532   33 1604   38.00000   22.35389  41.2%  1019 2245s
  5338  4060   25.28791   38 1438   38.00000   22.35389  41.2%  1020 2250s
  5347  4069   25.23970   43 1304   38.00000   22.35389  41.2%  1023 2255s
  5357  4079   25.55877   48 1354   38.00000   22.35389  41.2%  1024 2260s
  5366  4088   26.44931   52 1117   38.00000   22.35389  41.2%  1025 2265s
  5380  4102   26.50044   59 1188   38.00000   22.35389  41.2%  1026 2270s
  5392  4114   27.17930   65 1173   38.00000   22.35389  41.2%  1027 2275s
  5404  4126   26.48410   71 1261   38.00000   22.35389  41.2%  1029 2280s
  5419  4141   26.73191   79 1133   38.00000   22.35389  41.2%  1029 2287s
  5428  4150   27.09108   83  983   38.00000   22.35389  41.2%  1029 2290s
  5447  4169   27.05233   93 1061   38.00000   22.35389  41.2%  1029 2295s
  5469  4191   27.44757  104 1072   38.00000   22.35389  41.2%  1029 2300s
  5482  4204   28.74156  110  851   38.00000   22.35389  41.2%  1031 2305s
  5511  4233   28.75010  125  731   38.00000   22.35389  41.2%  1029 2310s
  5538  4260   29.37725  138  656   38.00000   22.35389  41.2%  1027 2315s
  5557  4279   29.03507  148  667   38.00000   22.35389  41.2%  1025 2321s
  5576  4298   29.55332  157  729   38.00000   22.35389  41.2%  1024 2325s
  5601  4323   29.83704  170  615   38.00000   22.35389  41.2%  1023 2330s
  5632  4354   31.51270  185  564   38.00000   22.35389  41.2%  1021 2335s
  5654  4376   31.98247  196  533   38.00000   22.35389  41.2%  1021 2340s
  5678  4400   33.01031  208  527   38.00000   22.35389  41.2%  1018 2345s
  5700  4422   32.67988  219  507   38.00000   22.35389  41.2%  1017 2350s
  5736  4458   33.29316  237  493   38.00000   22.35389  41.2%  1013 2355s
  5773  4495   33.83623  256  437   38.00000   22.35389  41.2%  1009 2360s
  5817  4539   35.08509  278  390   38.00000   22.35389  41.2%  1003 2365s
  5854  4576   36.04225  296  288   38.00000   22.35389  41.2%  1001 2370s
  5870  4592   36.06163  304  277   38.00000   22.35389  41.2%   998 2375s
  5907  4628   35.16437  323  325   38.00000   22.35389  41.2%   994 2395s
  5944  4665   35.52912  341  295   38.00000   22.35389  41.2%   989 2400s
  5988  4707   35.33177  363  378   38.00000   22.35389  41.2%   982 2405s
  6030  4749   36.48393  384  306   38.00000   22.35389  41.2%   977 2410s
  6082  4785   36.17735  414  317   38.00000   22.35389  41.2%   969 2415s
  6136  4789   36.37509  441  264   38.00000   22.35389  41.2%   962 2420s
  6156  4787   23.18064   22 2741   38.00000   22.36014  41.2%   961 2431s
  6159  4790   23.47778   24 2147   38.00000   22.36014  41.2%   963 2435s
  6168  4799   24.84138   28 1584   38.00000   22.36014  41.2%   964 2440s
  6179  4810   25.69472   34 1289   38.00000   22.36014  41.2%   965 2445s
  6194  4825   26.55888   41 1165   38.00000   22.36014  41.2%   966 2450s
  6212  4843   26.67162   50 1130   38.00000   22.36014  41.2%   967 2455s
  6222  4853   26.93894   55  939   38.00000   22.36014  41.2%   968 2460s
  6233  4864   26.74545   61  889   38.00000   22.36014  41.2%   970 2465s
  6246  4877   27.06630   67  780   38.00000   22.36014  41.2%   971 2470s
  6263  4894   27.30377   76  894   38.00000   22.36014  41.2%   971 2475s
  6286  4917   28.14894   87  697   38.00000   22.36014  41.2%   971 2480s
  6301  4932   28.23245   95  760   38.00000   22.36014  41.2%   973 2486s
  6305  4936   28.23350   97  779   38.00000   22.36014  41.2%   974 2490s
  6333  4964   28.96645  111  707   38.00000   22.36014  41.2%   972 2495s
  6348  4979   29.95704  118  619   38.00000   22.36014  41.2%   974 2500s
  6384  5015   30.32147  136  516   38.00000   22.36014  41.2%   970 2505s
  6422  5053   31.15010  155  453   38.00000   22.36014  41.2%   966 2510s
  6459  5090   31.48005  174  484   38.00000   22.36014  41.2%   962 2515s
  6500  5131   32.54067  194  471   38.00000   22.36014  41.2%   958 2520s
  6536  5167   34.09230  212  330   38.00000   22.36014  41.2%   955 2525s
  6574  5205   33.68564  231  327   38.00000   22.36014  41.2%   950 2530s
  6619  5248   35.55286  254  229   38.00000   22.36014  41.2%   945 2535s
  6685  5254   22.92639   19 2633   38.00000   22.36015  41.2%   938 2552s
  6688  5257   22.93043   20 2609   38.00000   22.36015  41.2%   939 2555s
  6692  5261   23.26756   23 2092   38.00000   22.36015  41.2%   940 2560s
  6704  5273   24.54212   31 1610   38.00000   22.36015  41.2%   940 2565s
  6717  5286   24.83740   39 1375   38.00000   22.36015  41.2%   941 2570s
  6730  5299   25.71185   48 1306   38.00000   22.36015  41.2%   942 2575s
  6740  5309   26.06399   57 1053   38.00000   22.36015  41.2%   943 2580s
  6751  5320   26.29842   65  980   38.00000   22.36015  41.2%   944 2585s
  6762  5331   26.45812   71  989   38.00000   22.36015  41.2%   945 2590s
  6779  5348   27.20358   80  893   38.00000   22.36015  41.2%   945 2595s
  6787  5356   27.57013   87  889   38.00000   22.36015  41.2%   947 2600s
  6805  5374   27.25626   96  605   38.00000   22.36015  41.2%   947 2605s
  6841  5410   28.24735  121  512   38.00000   22.36015  41.2%   944 2610s
  6861  5430   29.11449  130  527   38.00000   22.36015  41.2%   943 2615s
  6890  5459   30.58844  141  410   38.00000   22.36015  41.2%   940 2641s
  6928  5497   30.78337  170  370   38.00000   22.36015  41.2%   936 2645s
  6979  5548   31.68759  199  333   38.00000   22.36015  41.2%   930 2650s
  7006  5575   32.49952  209  304   38.00000   22.36015  41.2%   927 2655s
  7053  5622   33.06010  239  308   38.00000   22.36015  41.2%   922 2660s
  7094  5663   34.28544  250  269   38.00000   22.36015  41.2%   918 2665s
  7136  5705   34.49247  278  259   38.00000   22.36015  41.2%   914 2670s
  7184  5750 infeasible  290        38.00000   22.36015  41.2%   910 2675s
  7232  5763   22.39287   19 2748   38.00000   22.38025  41.1%   906 2681s
  7234  5765   23.48842   21 2112   38.00000   22.38025  41.1%   907 2685s
  7244  5775   24.30377   28 1700   38.00000   22.38025  41.1%   908 2690s
  7255  5786   25.33435   37 1452   38.00000   22.38025  41.1%   909 2695s
  7267  5798   25.76109   41 1236   38.00000   22.38025  41.1%   910 2701s
  7275  5806   26.09586   46 1259   38.00000   22.38025  41.1%   911 2705s
  7283  5814   25.95655   52 1400   38.00000   22.38025  41.1%   913 2712s
  7288  5819   26.31175   54 1193   38.00000   22.38025  41.1%   914 2715s
  7294  5825   26.64404   55 1113   38.00000   22.38025  41.1%   916 2720s
  7302  5833   26.86574   60 1218   38.00000   22.38025  41.1%   918 2725s
  7316  5847   27.42592   69 1133   38.00000   22.38025  41.1%   918 2730s
  7322  5853   27.45360   72  920   38.00000   22.38025  41.1%   919 2735s
  7344  5875   28.11803   88  928   38.00000   22.38025  41.1%   919 2740s
  7363  5894   28.87022   99  805   38.00000   22.38025  41.1%   919 2745s
  7375  5906   29.37022   99  834   38.00000   22.38025  41.1%   920 2752s
  7385  5916   29.77316  102  859   38.00000   22.38025  41.1%   921 2755s
  7405  5936   30.17462  110  824   38.00000   22.38025  41.1%   921 2760s
  7417  5948   30.87618  113  750   38.00000   22.38025  41.1%   921 2765s
  7435  5966   30.71975  124  782   38.00000   22.38025  41.1%   921 2771s
  7464  5995   31.22144  145  783   38.00000   22.38025  41.1%   918 2775s
  7499  6030   32.10189  174  667   38.00000   22.38025  41.1%   914 2780s
  7522  6053   34.01777  178  802   38.00000   22.38025  41.1%   914 2785s
  7560  6091   33.33520  202  597   38.00000   22.38025  41.1%   910 2790s
  7583  6114   34.02126  212  481   38.00000   22.38025  41.1%   909 2795s
  7617  6148   34.35447  231  432   38.00000   22.38025  41.1%   906 2800s
  7651  6182   35.82595  256  315   38.00000   22.38025  41.1%   903 2806s
  7684  6181   23.00913   17 2780   38.00000   22.38315  41.1%   903 2816s
  7689  6186   23.92255   22 2351   38.00000   22.38315  41.1%   904 2821s
  7694  6191   24.66374   27 1807   38.00000   22.38315  41.1%   905 2826s
  7701  6198   25.14437   30 1652   38.00000   22.38315  41.1%   905 2830s
  7716  6213   26.36709   43 1231   38.00000   22.38315  41.1%   905 2835s
  7729  6226   27.19331   53 1135   38.00000   22.38315  41.1%   906 2840s
  7736  6233   27.07248   57 1363   38.00000   22.38315  41.1%   906 2845s
  7752  6249   27.27356   68 1118   38.00000   22.38315  41.1%   906 2850s
  7763  6260   28.21216   74  975   38.00000   22.38315  41.1%   906 2855s
  7775  6272   28.10558   82  881   38.00000   22.38315  41.1%   908 2860s
  7794  6291   29.15425   93  951   38.00000   22.38315  41.1%   908 2865s
  7818  6315   28.72407  112  821   38.00000   22.38315  41.1%   906 2871s
  7838  6335   29.90043  123  571   38.00000   22.38315  41.1%   905 2875s
  7872  6369   29.89270  148  556   38.00000   22.38315  41.1%   903 2880s
  7873  6370   30.08812  151  710   38.00000   22.38315  41.1%   903 2944s
  7874  6371   29.92279  150  646   38.00000   22.38315  41.1%   903 2946s
  7893  6390   30.12947  161  658   38.00000   22.38315  41.1%   902 2950s
  7927  6424   30.99228  188  577   38.00000   22.38315  41.1%   900 2955s
  7955  6452   31.65747  208  491   38.00000   22.38315  41.1%   897 2962s
  7977  6474   32.61786  214  454   38.00000   22.38315  41.1%   896 2965s
  8009  6506   32.39201  237  505   38.00000   22.38315  41.1%   893 2971s
  8037  6534   33.27001  260  462   38.00000   22.38315  41.1%   891 2975s
  8076  6573   34.34743  278  415   38.00000   22.38315  41.1%   888 2980s
  8115  6612   34.51112  308  294   38.00000   22.38315  41.1%   885 2985s
  8171  6668   36.31123  336  253   38.00000   22.38315  41.1%   880 2990s
  8237  6700   36.00000  362  194   38.00000   22.38315  41.1%   874 2997s
  8246  6697   22.64498   21 2888   38.00000   22.39383  41.1%   875 3002s
  8249  6700   23.09700   24 2421   38.00000   22.39383  41.1%   876 3005s
  8255  6706   23.89855   26 1961   38.00000   22.39383  41.1%   877 3011s
  8260  6711   23.52161   31 2003   38.00000   22.39383  41.1%   877 3015s
  8265  6716   23.64829   32 1959   38.00000   22.39383  41.1%   878 3020s
  8271  6722   24.06014   36 1792   38.00000   22.39383  41.1%   880 3025s
  8275  6726   23.93645   39 1840   38.00000   22.39383  41.1%   881 3030s
  8286  6737   24.52024   47 1466   38.00000   22.39383  41.1%   881 3035s
  8291  6742   24.55485   48 1480   38.00000   22.39383  41.1%   883 3044s
  8294  6745   24.93376   51 1310   38.00000   22.39383  41.1%   883 3045s
  8299  6750   24.88852   53 1279   38.00000   22.39383  41.1%   884 3050s
  8310  6761   24.88456   59 1429   38.00000   22.39383  41.1%   885 3055s
  8318  6769   25.09159   65 1237   38.00000   22.39383  41.1%   886 3060s
  8326  6777   25.27250   68 1252   38.00000   22.39383  41.1%   887 3065s
  8335  6786   25.47976   69 1245   38.00000   22.39383  41.1%   889 3070s
  8345  6796   26.05982   73 1116   38.00000   22.39383  41.1%   889 3075s
  8355  6806   26.59414   77 1243   38.00000   22.39383  41.1%   890 3080s
  8365  6816   27.15223   80  795   38.00000   22.39383  41.1%   892 3085s
  8373  6824   26.81555   82 1199   38.00000   22.39383  41.1%   893 3090s
  8387  6838   27.23789   86  862   38.00000   22.39383  41.1%   894 3095s
  8399  6850   27.51282   91 1015   38.00000   22.39383  41.1%   894 3100s
  8419  6870   28.35532   99  725   38.00000   22.39383  41.1%   894 3105s
  8440  6891   29.80672  113  870   38.00000   22.39383  41.1%   893 3110s
  8463  6914   29.16527  126  782   38.00000   22.39383  41.1%   893 3115s
  8498  6949   30.15016  150  608   38.00000   22.39383  41.1%   891 3120s
  8512  6963   31.16713  160  680   38.00000   22.39383  41.1%   890 3125s
  8544  6995   31.20167  184  613   38.00000   22.39383  41.1%   889 3130s
  8561  7012   31.83673  189  643   38.00000   22.39383  41.1%   890 3135s
  8585  7036   32.91775  198  660   38.00000   22.39383  41.1%   890 3140s
  8615  7066   32.86606  220  609   38.00000   22.39383  41.1%   888 3145s
  8643  7094   33.29606  241  584   38.00000   22.39383  41.1%   887 3150s
  8684  7135   33.93984  271  437   38.00000   22.39383  41.1%   884 3155s
  8729  7180   34.33987  299  352   38.00000   22.39383  41.1%   880 3160s
  8762  7213   34.37681  329  354   38.00000   22.39383  41.1%   877 3165s
  8781  7232   34.91842  330  529   38.00000   22.39383  41.1%   876 3170s
  8804  7255   35.28470  339  279   38.00000   22.39383  41.1%   874 3175s
  8870  7283   22.39793   20 2750   38.00000   22.39793  41.1%   869 3185s
  8875  7288   23.33938   24 1821   38.00000   22.39793  41.1%   869 3190s
  8882  7295   23.70194   28 1878   38.00000   22.39793  41.1%   870 3195s
  8889  7302   24.95494   33 1320   38.00000   22.39793  41.1%   871 3200s
  8903  7316   25.63299   41 1190   38.00000   22.39793  41.1%   871 3205s
  8915  7328   25.98646   51 1208   38.00000   22.39793  41.1%   872 3210s
  8935  7348   26.23912   62 1230   38.00000   22.39793  41.1%   871 3215s
  8953  7366   27.29512   76 1012   38.00000   22.39793  41.1%   871 3220s
  8968  7381   27.07284   80  951   38.00000   22.39793  41.1%   871 3225s
  8991  7404   28.07508   95  794   38.00000   22.39793  41.1%   870 3230s
  9019  7432   29.25517  106  777   38.00000   22.39793  41.1%   869 3235s
  9045  7458   29.94400  113  704   38.00000   22.39793  41.1%   868 3240s
  9072  7485   30.81938  130  564   38.00000   22.39793  41.1%   868 3245s
  9109  7522   30.70311  163  662   38.00000   22.39793  41.1%   865 3250s
  9123  7536   30.97349  173  549   38.00000   22.39793  41.1%   864 3255s
  9160  7573   32.34021  191  421   38.00000   22.39793  41.1%   863 3260s
  9214  7627   33.12374  231  395   38.00000   22.39793  41.1%   858 3265s
  9255  7668   35.07511  255  315   38.00000   22.39793  41.1%   855 3270s
  9291  7704   35.42059  270  352   38.00000   22.39793  41.1%   853 3275s
  9353  7764   36.10802  320  273   38.00000   22.39793  41.1%   848 3280s
  9421  7810   22.47826   21 2841   38.00000   22.41450  41.0%   843 3287s
  9424  7813   23.18557   24 1957   38.00000   22.41450  41.0%   844 3290s
  9436  7825   24.78294   31 1380   38.00000   22.41450  41.0%   844 3295s
  9446  7835   24.95424   35 1440   38.00000   22.41450  41.0%   845 3300s
  9459  7848   25.34467   46 1197   38.00000   22.41450  41.0%   845 3305s
  9473  7862   25.91516   58 1132   38.00000   22.41450  41.0%   845 3310s
  9478  7867   26.01362   61 1094   38.00000   22.41450  41.0%   845 3315s
  9489  7878   26.82223   66 1068   38.00000   22.41450  41.0%   847 3320s
  9503  7892   26.76447   75 1093   38.00000   22.41450  41.0%   847 3325s
  9519  7908   27.38168   87 1068   38.00000   22.41450  41.0%   848 3330s
  9532  7921   27.64286   96  786   38.00000   22.41450  41.0%   849 3335s
  9545  7934   27.36409  106  918   38.00000   22.41450  41.0%   849 3342s
  9552  7941   27.98520  110  975   38.00000   22.41450  41.0%   849 3345s
  9567  7956   27.58945  122  810   38.00000   22.41450  41.0%   849 3350s
  9588  7977   27.83499  141 1105   38.00000   22.41450  41.0%   849 3355s
  9612  8001   27.97167  161 1071   38.00000   22.41450  41.0%   847 3360s
  9628  8017   28.72566  172 1060   38.00000   22.41450  41.0%   848 3365s
  9657  8046   29.16058  198  805   38.00000   22.41450  41.0%   847 3370s
  9675  8064   29.65012  206  705   38.00000   22.41450  41.0%   847 3375s
  9702  8091   30.76354  221  689   38.00000   22.41450  41.0%   847 3380s
  9730  8119   30.99939  242  476   38.00000   22.41450  41.0%   846 3385s
  9747  8136   31.30756  245  542   38.00000   22.41450  41.0%   847 3390s
  9770  8159   31.64984  251  478   38.00000   22.41450  41.0%   847 3397s
  9786  8175   32.02699  254  505   38.00000   22.41450  41.0%   846 3400s
  9829  8218   33.66535  273  483   38.00000   22.41450  41.0%   844 3405s
  9879  8268   34.78010  301  510   38.00000   22.41450  41.0%   841 3410s
  9921  8310   36.04075  326  413   38.00000   22.41450  41.0%   839 3415s
  9953  8318   23.08910   21 2519   38.00000   22.44176  40.9%   839 3424s
  9954  8319   23.28804   22 2155   38.00000   22.44176  40.9%   840 3427s
  9960  8325   24.22128   27 1505   38.00000   22.44176  40.9%   840 3430s
  9964  8329   24.59391   30 1587   38.00000   22.44176  40.9%   840 3435s
  9975  8340   24.57944   38 1481   38.00000   22.44176  40.9%   840 3440s
  9992  8357   24.97731   53 1343   38.00000   22.44176  40.9%   840 3445s
 10004  8369   25.18578   61 1411   38.00000   22.44176  40.9%   840 3450s
 10015  8380   25.56691   67 1306   38.00000   22.44176  40.9%   840 3455s
 10027  8392   26.21820   72 1224   38.00000   22.44176  40.9%   841 3460s
 10036  8401   26.17723   75 1233   38.00000   22.44176  40.9%   842 3465s
 10050  8415   27.06120   83 1106   38.00000   22.44176  40.9%   842 3470s
 10065  8430   27.37575   92 1069   38.00000   22.44176  40.9%   842 3475s
 10070  8435   27.44641   95 1148   38.00000   22.44176  40.9%   842 3481s
 10085  8450   27.83041  103  917   38.00000   22.44176  40.9%   842 3485s
 10095  8460   28.00029  108  943   38.00000   22.44176  40.9%   843 3490s
 10110  8475   28.51506  109  969   38.00000   22.44176  40.9%   843 3495s
 10120  8485   28.54987  113  896   38.00000   22.44176  40.9%   844 3500s
 10137  8502   28.86712  123  805   38.00000   22.44176  40.9%   844 3505s
 10157  8522   29.46893  129  736   38.00000   22.44176  40.9%   844 3510s
 10175  8540   29.15077  143  759   38.00000   22.44176  40.9%   843 3515s
 10203  8567   26.24077   74 2079   38.00000   22.44176  40.9%   842 4286s
 10205  8568   30.74306  184 2020   38.00000   22.44176  40.9%   842 4317s
 10206  8569   35.04225  274 1578   38.00000   22.44176  40.9%   841 4363s
 10207  8570   25.42110   45 1755   38.00000   22.44176  40.9%   841 4368s
 10208  8570   27.15223  135 1809   38.00000   22.44176  40.9%   841 4370s
 10211  8572   23.62887   31 2030   38.00000   22.44176  40.9%   841 4375s
 10214  8574   27.62180  176 2024   38.00000   22.63938  40.4%   841 4381s
 10216  8576   35.01683  317 2080   38.00000   23.05962  39.3%   841 4387s
 10218  8577   28.84732  123 1995   38.00000   23.09610  39.2%   840 4393s
 10219  8578   32.34122  194 1855   38.00000   23.15930  39.1%   840 4459s
 10220  8578   28.48958  103 1944   38.00000   23.15930  39.1%   840 4509s
 10221  8579   31.22198  148 1619   38.00000   23.19296  39.0%   840 4588s
 10222  8580   33.76358  246 1824   38.00000   23.19296  39.0%   840 4590s
 10224  8581   36.00000  485 1869   38.00000   23.19583  39.0%   840 4642s
 10225  8582   33.93984  272 1619   38.00000   23.25003  38.8%   840 4692s
 10226  8582   30.67935  237 1826   38.00000   23.25003  38.8%   840 4695s
 10227  8583   32.15342  371 1904   38.00000   23.25003  38.8%   840 4741s
 10228  8584   35.33063  281 1748   38.00000   23.25003  38.8%   840 4804s
 10229  8584   25.14360   66 1842   38.00000   23.25003  38.8%   840 4847s
 10230  8585   34.22649  244 1832   38.00000   23.29038  38.7%   839 4982s
 10232  8586   28.51577  100 2022   38.00000   23.29038  38.7%   839 5042s
 10233  8587   29.61096  128 1943   38.00000   23.35802  38.5%   839 5112s
 10235  8588   31.11157  166 2138   38.00000   23.35802  38.5%   839 5158s
 10236  8589   33.12247  264 1934   38.00000   23.35802  38.5%   839 5212s
 10237  8590   30.78555  256 2089   38.00000   23.35802  38.5%   839 5261s
 10238  8590   28.19029   82 1985   38.00000   23.35802  38.5%   839 5311s
 10239  8591   31.68094  199 2142   38.00000   23.35802  38.5%   839 5368s
 10240  8592   32.08109  201 2047   38.00000   23.35802  38.5%   839 5424s
 10241  8592   24.68456   49 2334   38.00000   23.35802  38.5%   839 5426s
 10243  8594   26.62879  122 2295   38.00000   23.35802  38.5%   838 5430s
 10244  8594   32.54067  195 2330   38.00000   23.35802  38.5%   838 5478s
 10245  8595   28.69947  123 2033   38.00000   23.35802  38.5%   838 5508s
 10246  8596   29.06765  236 2102   38.00000   23.35802  38.5%   838 5510s
 10248  8597   25.99979   38 1867   38.00000   23.35802  38.5%   838 5525s
 10249  8598   27.38153   47 1991   38.00000   23.35802  38.5%   838 5530s
 10250  8598   34.64046  312 1983   38.00000   23.35895  38.5%   838 5545s
 10251  8599   28.89648  113 2072   38.00000   23.35895  38.5%   838 5550s
 10252  8600   25.23728   41 2004   38.00000   23.36031  38.5%   838 5562s
 10253  8600   34.45670  176 2135   38.00000   23.36031  38.5%   838 5568s
 10254  8601   30.71135  166 2005   38.00000   23.36769  38.5%   838 5581s
 10255  8602   26.13361   56 2146   38.00000   23.36769  38.5%   837 5587s
 10256  8602   33.55478  214 1842   38.00000   23.53321  38.1%   837 5600s
 10257  8603   27.60088   70 1990   38.00000   23.53321  38.1%   837 5606s
 10258  8604   30.59642  241 1890   38.00000   23.58811  37.9%   837 5633s
 10259  8604   23.67650   24 2041   38.00000   23.58811  37.9%   837 5638s
 10260  8605   24.80296   43 1890   38.00000   23.60712  37.9%   837 5649s
 10261  8606   36.68973  325 2021   38.00000   23.60712  37.9%   837 5654s
 10262  8606   30.34333  272 1890   38.00000   23.60712  37.9%   837 5666s
 10263  8607   26.20965   40 2054   38.00000   23.60712  37.9%   837 5671s
 10264  8608   31.89148  210 2027   38.00000   23.60712  37.9%   837 5681s
 10265  8608   32.34792  343 2068   38.00000   23.60712  37.9%   837 5686s
 10266  8609   32.42132  193 2071   38.00000   23.60712  37.9%   837 5715s
 10268  8610   31.40667  175 2253   38.00000   23.60712  37.9%   836 5722s
 10269  8611   32.08258  211 1941   38.00000   23.60745  37.9%   836 5732s
 10270  8612   32.55478  202 2097   38.00000   23.60745  37.9%   836 5737s
 10271  8612   31.40667  162 2007   38.00000   23.61330  37.9%   836 5750s
 10272  8613   24.99912   55 2082   38.00000   23.61330  37.9%   836 5755s
 10273  8614   26.17723   76 1977   38.00000   23.61330  37.9%   836 5765s
 10274  8614   36.00000  357 2055   38.00000   23.61330  37.9%   836 5770s
 10275  8615   27.86740  101 2034   38.00000   23.61330  37.9%   836 5796s
 10277  8616   28.80686  137 2155   38.00000   23.61330  37.9%   836 5802s
 10278  8617   30.60790  125 2167   38.00000   23.62243  37.8%   836 5953s
 10279  8618   27.88195  115 2223   38.00000   23.62243  37.8%   835 5957s
 10280  8618   35.65228  279 2009   38.00000   23.64595  37.8%   835 5974s
 10281  8619   23.64595   18 2216   38.00000   23.64595  37.8%   835 5976s
 10282  8620   25.44028   42 2188   38.00000   23.64595  37.8%   835 5980s
 10283  8620   30.05991  124 2073   38.00000   23.65255  37.8%   835 5993s
 10284  8621   25.95712   96 2224   38.00000   23.65255  37.8%   835 5998s
 10285  8622   31.61821  187 2035   38.00000   23.66165  37.7%   835 6022s
 10286  8622   24.60759   53 2274   38.00000   23.66165  37.7%   835 6027s
 10287  8623   33.76631  253 2018   38.00000   23.66428  37.7%   835 6037s
 10288  8624   32.14295  247 2127   38.00000   23.66428  37.7%   835 6042s
 10289  8624   28.06908  106 2069   38.00000   23.72366  37.6%   835 6053s
 10290  8625   36.34278  283 2156   38.00000   23.72366  37.6%   835 6058s
 10291  8626   31.71228  185 2148   38.00000   23.72366  37.6%   835 6068s
 10292  8626   26.06011   50 2250   38.00000   23.72366  37.6%   834 6073s
 10293  8627   29.27225  132 2279   38.00000   23.72366  37.6%   834 6105s
 10294  8628   32.33929  226 2413   38.00000   23.72366  37.6%   834 6110s
 10295  8628   29.64752  107 2188   38.00000   23.72366  37.6%   834 6120s
 10296  8629   26.62818  123 2320   38.00000   23.72366  37.6%   834 6125s
 10297  8630   30.24917  147 2261   38.00000   23.72366  37.6%   834 6143s
 10298  8630   32.63703  403 2381   38.00000   23.72366  37.6%   834 6147s
 10299  8631   31.81493  195 2373   38.00000   23.72366  37.6%   834 6161s
 10300  8632   27.79087  145 2413   38.00000   23.72366  37.6%   834 6167s
 10301  8632   29.70429  167 2295   38.00000   23.72366  37.6%   834 6186s
 10302  8633   30.35755  110 2473   38.00000   23.72366  37.6%   834 6190s
 10303  8634   26.24077   74 2303   38.00000   23.72366  37.6%   834 6201s
 10304  8634   26.22067   62 2447   38.00000   23.72366  37.6%   833 6206s
 10305  8635   30.74306  184 2170   38.00000   23.72366  37.6%   833 6222s
 10306  8636   35.04225  274 2290   38.00000   23.72366  37.6%   833 6227s
 10307  8636   25.42110   45 2271   38.00000   23.72366  37.6%   833 6236s
 10308  8637   27.15223  135 2390   38.00000   23.72366  37.6%   833 6241s
 10309  8638   32.50000  250 2203   38.00000   23.72366  37.6%   833 6251s
 10310  8638   36.16168  291 2330   38.00000   23.72366  37.6%   833 6256s
 10311  8639   23.72366   31 2252   38.00000   23.72366  37.6%   833 6267s
 10312  8640   36.00000  356 2329   38.00000   23.72366  37.6%   833 6272s
 10313  8640   25.57841   49 2103   38.00000   23.72366  37.6%   833 6295s
 10314  8641   27.62180  176 2247   38.00000   23.72366  37.6%   833 6301s
 10315  8642   34.27939  249 2293   38.00000   23.72366  37.6%   833 6312s
 10317  8643   26.88844   84 2445   38.00000   23.72366  37.6%   832 6317s
 10318  8644   28.84732  123 2290   38.00000   23.72366  37.6%   832 6332s
 10319  8644   32.34122  194 2450   38.00000   23.72366  37.6%   832 6336s
 10320  8645   28.48958  103 2298   38.00000   23.72366  37.6%   832 6349s
 10321  8646   31.22198  148 2452   38.00000   23.72366  37.6%   832 6354s
 10322  8646   33.76358  246 2275   38.00000   23.72366  37.6%   832 6385s
 10323  8647   35.47878  460 2452   38.00000   23.72366  37.6%   832 6390s
 10324  8648   36.00000  485 2353   38.00000   23.72366  37.6%   832 6402s
 10325  8648   33.93984  272 2502   38.00000   23.72366  37.6%   832 6407s
 10326  8649   30.67935  237 2401   38.00000   23.72366  37.6%   832 6421s
 10327  8650   32.15342  371 2576   38.00000   23.72366  37.6%   832 6426s
 10328  8650   35.33063  281 2357   38.00000   23.72366  37.6%   832 6438s
 10329  8651   25.14360   66 2575   38.00000   23.72366  37.6%   831 6440s
 10330  8652   34.22649  244 2609   38.00000   23.72366  37.6%   831 6445s
 10331  8652   34.92641  275 2417   38.00000   23.72366  37.6%   831 6466s
 10332  8653   28.51577  100 2545   38.00000   23.72366  37.6%   831 6471s
 10333  8654   29.61096  128 2393   38.00000   23.72366  37.6%   831 6482s
 10334  8654   31.34035  271 2557   38.00000   23.72366  37.6%   831 6487s
 10335  8655   31.11157  166 2401   38.00000   23.72366  37.6%   831 6497s
 10336  8656   33.12247  264 2515   38.00000   23.72366  37.6%   831 6502s
 10337  8656   30.78555  256 2444   38.00000   23.72366  37.6%   831 6515s
 10338  8657   28.19029   82 2588   38.00000   23.72366  37.6%   831 6520s
 10339  8658   31.68094  199 2553   38.00000   23.72366  37.6%   831 6544s
 10340  8658   32.08109  201 2707   38.00000   23.72366  37.6%   831 6549s
 10341  8659   24.68456   49 2446   38.00000   23.75014  37.5%   830 6562s
 10342  8660   29.49806  215 2634   38.00000   23.75014  37.5%   830 6567s
 10343  8660   26.62879  122 2396   38.00000   23.75014  37.5%   830 6580s
 10344  8661   32.54067  195 2564   38.00000   23.75014  37.5%   830 6586s
 10345  8662   28.69947  123 2393   38.00000   23.75014  37.5%   830 6598s
 10346  8662   29.06765  236 2580   38.00000   23.75014  37.5%   830 6603s
 10347  8663   25.09572   41 2429   38.00000   23.75014  37.5%   830 6620s
 10348  8664   25.99979   38 2570   38.00000   23.75014  37.5%   830 6625s
 10349  8664   27.38153   47 2494   38.00000   23.75607  37.5%   830 6637s
 10350  8665   34.64046  312 2658   38.00000   23.75607  37.5%   830 6642s
 10351  8666   28.89648  113 2491   38.00000   23.75607  37.5%   830 6663s
 10352  8666   25.23728   41 2652   38.00000   23.75607  37.5%   830 6668s
 10353  8667   34.45670  176 2396   38.00000   23.75678  37.5%   830 6679s
 10354  8668   30.71135  166 2547   38.00000   23.75678  37.5%   829 6684s
 10355  8668   26.13361   56 2597   38.00000   23.75678  37.5%   829 6701s
 10356  8669   33.55478  214 2703   38.00000   23.75678  37.5%   829 6707s
 10357  8670   27.60088   70 2504   38.00000   23.77096  37.4%   829 6720s
 10358  8670   30.59642  241 2680   38.00000   23.77096  37.4%   829 6725s
 10359  8671   23.77096   24 2580   38.00000   23.77096  37.4%   829 6736s
 10360  8672   24.80296   43 2756   38.00000   23.77096  37.4%   829 6742s
 10361  8672   36.68973  325 2514   38.00000   23.77096  37.4%   829 6753s
 10362  8673   30.34333  272 2733   38.00000   23.77096  37.4%   829 6759s
 10363  8674   26.20965   40 2547   38.00000   23.77736  37.4%   829 6774s
 10364  8674   31.89148  210 2643   38.00000   23.77736  37.4%   829 6780s
 10365  8675   32.34792  343 2603   38.00000   23.77736  37.4%   829 6792s
 10366  8676   32.42132  193 2733   38.00000   23.77736  37.4%   828 6797s
 10367  8676   34.62005  222 2633   38.00000   23.77736  37.4%   828 6811s
 10368  8677   31.40667  175 2729   38.00000   23.77736  37.4%   828 6816s
 10369  8678   32.08258  211 2549   38.00000   23.77736  37.4%   828 6827s
 10370  8678   32.55478  202 2758   38.00000   23.77736  37.4%   828 6832s
 10371  8679   31.40667  162 2540   38.00000   23.78532  37.4%   828 6849s
 10372  8680   24.99912   55 2780   38.00000   23.78532  37.4%   828 6855s
 10373  8680   26.17723   76 2586   38.00000   23.78532  37.4%   828 6866s
 10374  8681   36.00000  357 2786   38.00000   23.78532  37.4%   828 6872s
 10375  8682   27.86740  101 2580   38.00000   23.78532  37.4%   828 6886s
 10376  8682   24.66715   28 2795   38.00000   23.78532  37.4%   828 6892s
 10377  8683   28.80686  137 2692   38.00000   23.78532  37.4%   828 6907s
 10378  8684   30.60790  125 2795   38.00000   23.78532  37.4%   828 6912s
 10379  8684   27.88195  115 2525   38.00000   23.78532  37.4%   827 6926s
 10380  8685   35.65228  279 2708   38.00000   23.78532  37.4%   827 6931s
 10381  8686   23.78532   18 2377   38.00000   23.78532  37.4%   827 6941s
 10382  8686   25.44028   42 2625   38.00000   23.78532  37.4%   827 6947s
 10383  8687   30.05991  124 2552   38.00000   23.78532  37.4%   827 6960s
 10384  8688   25.95712   96 2654   38.00000   23.78532  37.4%   827 6965s
 10385  8688   31.61821  187 2459   38.00000   23.78532  37.4%   827 6978s
 10386  8689   24.60759   53 2593   38.00000   23.78532  37.4%   827 6983s
 10387  8690   33.76631  253 2376   38.00000   23.79147  37.4%   827 6996s
 10388  8690   32.14295  247 2618   38.00000   23.79147  37.4%   827 7001s
 10389  8691   28.06908  106 2363   38.00000   23.79147  37.4%   827 7015s
 10390  8692   36.34278  283 2540   38.00000   23.79147  37.4%   827 7020s
 10391  8692   31.71228  185 2401   38.00000   23.79147  37.4%   826 7035s
 10392  8693   26.06011   50 2663   38.00000   23.79147  37.4%   826 7042s
 10393  8694   29.27225  132 2368   38.00000   23.79147  37.4%   826 7052s
 10394  8694   32.33929  226 2556   38.00000   23.79147  37.4%   826 7059s
 10395  8695   29.64752  107 2363   38.00000   23.79147  37.4%   826 7074s
 10396  8696   26.62818  123 2564   38.00000   23.79147  37.4%   826 7080s
 10397  8696   30.24917  147 2317   38.00000   23.79147  37.4%   826 7090s
 10398  8697   32.63703  403 2531   38.00000   23.79147  37.4%   826 7096s
 10399  8698   31.81493  195 2348   38.00000   23.79147  37.4%   826 7116s
 10400  8698   27.79087  145 2516   38.00000   23.79147  37.4%   826 7121s
 10401  8699   29.70429  167 2377   38.00000   23.79147  37.4%   826 7132s
 10402  8700   30.35755  110 2377   38.00000   23.79732  37.4%   826 7142s

Cutting planes:
  Learned: 5
  Cover: 124
  Implied bound: 171
  Projected implied bound: 20
  Clique: 42
  MIR: 26
  StrongCG: 8
  Flow cover: 161
  GUB cover: 226
  Zero half: 77
  RLT: 40
  Relax-and-lift: 601
  PSD: 1

Explored 10402 nodes (12489101 simplex iterations) in 7198.83 seconds (10484.41 work units)
Thread count was 1 (of 16 available processors)

Solution count 10: 38 38 39 ... 43

Time limit reached
Best objective 3.800000000000e+01, best bound 2.400000000000e+01, gap 36.8421%

User-callback calls 1322909, time in user-callback 2.46 sec

 sepatime0 0 0
38.0Stat(MathOptInterface.TIME_LIMIT, 38.0, 24.0, 0.3684210526315789, 0.0, 1.192465, 7198.829762935638, 10402, Main.CFLG.LEFPAI, "", #undef)
