Data path: /scratch/opt/lxu/CFLG/benchmarks/random_B
Instance: r_30_0.2_75.txt
Result path: /scratch/opt/lxu/CFLG/results/random_B
Solver: Gurobi
Time limit: 7200
Formulation: LEFPV
Cover: Small
julia --project=. src/main.jl /scratch/opt/lxu/CFLG/benchmarks/random_B r_30_0.2_75.txt /scratch/opt/lxu/CFLG/results/random_B Gurobi 7200 LEFPV Small
The latest version of Julia in the `release` channel is 1.11.5+0.x64.linux.gnu. You currently have `1.11.4+0.x64.linux.gnu` installed. Run:

  juliaup update

in your terminal shell to install Julia 1.11.5+0.x64.linux.gnu and update the `release` channel to that version.
/scratch/opt/lxu/CFLG/benchmarks/random_B Gurobi 7200.0 /scratch/opt/lxu/CFLG/results/random_B r_30_0.2_75.txt LEFPV Small
/scratch/opt/lxu/CFLG/benchmarks/random_B/r_30_0.2_75.txt

 read graph
data loaded


after absorb:30 30

max_piece:6
problem_graph/original graph: node: 36/30 edge: 81/75 dlt: 0.16729146409643136 break_avg_len: 0.6195980151719681 break_max_len: 0.9947526277799718Set parameter TokenServer to value "solice01.zib.de"
Set parameter Threads to value 1
Set parameter OutputFlag to value 1
Gurobi Optimizer version 12.0.1 build v12.0.1rc0 (linux64 - "Debian GNU/Linux 12 (bookworm)")

CPU model: Intel(R) Xeon(R) Gold 5122 CPU @ 3.60GHz, instruction set [SSE2|AVX|AVX2|AVX512]
Thread count: 8 physical cores, 16 logical processors, using up to 1 threads

Non-default parameters:
Threads  1

Optimize a model with 117 rows, 243 columns and 405 nonzeros
Model fingerprint: 0x5558f6bf
Coefficient statistics:
  Matrix range     [1e+00, 1e+00]
  Objective range  [1e+00, 1e+00]
  Bounds range     [1e+00, 1e+00]
  RHS range        [0e+00, 0e+00]
Presolve removed 117 rows and 243 columns
Presolve time: 0.00s
Presolve: All rows and columns removed
Iteration    Objective       Primal Inf.    Dual Inf.      Time
       0   -0.0000000e+00   0.000000e+00   0.000000e+00      0s

Solved in 0 iterations and 0.00 seconds (0.00 work units)
Optimal objective -0.000000000e+00

User-callback calls 36, time in user-callback 0.01 sec
elapsed CPU time: 1.288229 seconds
Set parameter TokenServer to value "solice01.zib.de"
Set parameter Threads to value 1
Set parameter OutputFlag to value 1
Set parameter MIPGap to value 0.0001
Set parameter MIPGapAbs to value 1
Set parameter TimeLimit to value 7198.711771

 more cuts:falsefalse
0 0
formulation:LEFPV69 12 6
Set parameter PreCrush to value 1

 model loaded

Gurobi Optimizer version 12.0.1 build v12.0.1rc0 (linux64 - "Debian GNU/Linux 12 (bookworm)")

CPU model: Intel(R) Xeon(R) Gold 5122 CPU @ 3.60GHz, instruction set [SSE2|AVX|AVX2|AVX512]
Thread count: 8 physical cores, 16 logical processors, using up to 1 threads

Non-default parameters:
TimeLimit  7198.711771
MIPGapAbs  1
PreCrush  1
Threads  1

Optimize a model with 1257 rows, 750 columns and 2677 nonzeros
Model fingerprint: 0xe0adf462
Variable types: 198 continuous, 552 integer (552 binary)
Coefficient statistics:
  Matrix range     [6e-03, 1e+00]
  Objective range  [1e+00, 1e+00]
  Bounds range     [1e-01, 1e+00]
  RHS range        [5e-04, 1e+00]
Presolve removed 740 rows and 270 columns
Presolve time: 0.01s
Presolved: 517 rows, 480 columns, 1937 nonzeros
Variable types: 186 continuous, 294 integer (294 binary)
Found heuristic solution: objective 146.0000000
Found heuristic solution: objective 139.0000000

Root relaxation: objective 1.060688e+02, 363 iterations, 0.00 seconds (0.00 work units)

    Nodes    |    Current Node    |     Objective Bounds      |     Work
 Expl Unexpl |  Obj  Depth IntInf | Incumbent    BestBd   Gap | It/Node Time

     0     0  106.06878    0  103  139.00000  106.06878  23.7%     -    0s
H    0     0                     137.0000000  106.06878  22.6%     -    0s
H    0     0                     136.0000000  106.06878  22.0%     -    0s
     0     0  110.08775    0  144  136.00000  110.08775  19.1%     -    0s
H    0     0                     130.0000000  110.13351  15.3%     -    0s
     0     0  110.13351    0  145  130.00000  110.13351  15.3%     -    0s
     0     0  110.13351    0  146  130.00000  110.13351  15.3%     -    0s
     0     0  115.96086    0  135  130.00000  115.96086  10.8%     -    0s
     0     0  116.11876    0  141  130.00000  116.11876  10.7%     -    0s
     0     0  116.27410    0  147  130.00000  116.27410  10.6%     -    0s
     0     0  116.27476    0  150  130.00000  116.27476  10.6%     -    0s
     0     0  117.13070    0  141  130.00000  117.13070  9.90%     -    0s
     0     0  117.19070    0  143  130.00000  117.19070  9.85%     -    0s
     0     0  117.23817    0  143  130.00000  117.23817  9.82%     -    0s
     0     0  117.24407    0  144  130.00000  117.24407  9.81%     -    0s
     0     0  117.71506    0  141  130.00000  117.71506  9.45%     -    0s
     0     0  117.78932    0  145  130.00000  117.78932  9.39%     -    0s
     0     0  117.78932    0  150  130.00000  117.78932  9.39%     -    0s
     0     0  117.78932    0  152  130.00000  117.78932  9.39%     -    0s
     0     0  117.93360    0  153  130.00000  117.93360  9.28%     -    0s
     0     0  117.96522    0  160  130.00000  117.96522  9.26%     -    0s
     0     0  117.98052    0  159  130.00000  117.98052  9.25%     -    0s
     0     0  117.98704    0  161  130.00000  117.98704  9.24%     -    0s
     0     0  118.16796    0  162  130.00000  118.16796  9.10%     -    0s
     0     0  118.20159    0  171  130.00000  118.20159  9.08%     -    0s
     0     0  118.21672    0  176  130.00000  118.21672  9.06%     -    0s
     0     0  118.21911    0  175  130.00000  118.21911  9.06%     -    0s
     0     0  118.37153    0  164  130.00000  118.37153  8.94%     -    0s
     0     0  118.39277    0  172  130.00000  118.39277  8.93%     -    0s
     0     0  118.39277    0  170  130.00000  118.39277  8.93%     -    0s
     0     0  118.42461    0  168  130.00000  118.42461  8.90%     -    0s
     0     0  118.42536    0  158  130.00000  118.42536  8.90%     -    0s
     0     2  118.88080    0  158  130.00000  118.88080  8.55%     -    0s
*  378   316              63     129.0000000  119.06425  7.70%  21.9    0s
H  438   324                     128.0000000  119.11021  6.95%  21.9    0s
H  598   420                     127.0000000  120.81311  4.87%  20.9    1s
  1823   996  124.03937   34   30  127.00000  121.94564  3.98%  39.4    5s
  4240  2548  122.77432   22  127  127.00000  122.24676  3.74%  41.9   10s
H 6135  2806                     126.0000000  122.36970  2.88%  41.4   13s
  6747  3122     cutoff   35       126.00000  122.42016  2.84%  42.7   15s
  9018  4258  124.06366   31   70  126.00000  122.50333  2.78%  44.9   20s
 10203  4811  123.00440   25  158  126.00000  122.55449  2.73%  45.5   26s
 10271  4856  124.26754   38  137  126.00000  122.55449  2.73%  45.2   30s
 10348  4908  124.28192   39  198  126.00000  122.55449  2.73%  44.9   35s
 10841  5091  123.71437   37   96  126.00000  122.57926  2.71%  49.5   40s
 12102  5418  123.14394   37  101  126.00000  122.87480  2.48%  51.2   45s
 13719  5768     cutoff   53       126.00000  123.00000  2.38%  53.9   50s
 15378  5989 infeasible   53       126.00000  123.07199  2.32%  55.6   55s
 17007  6189  124.18485   51   70  126.00000  123.14370  2.27%  57.5   60s
 18519  6336  124.00000   39   55  126.00000  123.18844  2.23%  58.9   65s
 20395  6499  123.59437   37  129  126.00000  123.26356  2.17%  59.7   70s
 22209  6595  124.75000   42   60  126.00000  123.32297  2.12%  60.8   75s
 24095  6661  123.71345   39  135  126.00000  123.37534  2.08%  61.6   80s
 25850  6950  124.09234   43  106  126.00000  123.41446  2.05%  62.6   85s
 27667  7546  123.54738   37  116  126.00000  123.45059  2.02%  63.3   90s
 29658  8163  123.91359   37  129  126.00000  123.48321  2.00%  63.7   95s
 31479  8728  124.71350   46   89  126.00000  123.50484  1.98%  64.1  100s
 33398  9350  124.06983   44  116  126.00000  123.54191  1.95%  64.3  105s
 35157  9885  125.00000   53   31  126.00000  123.56849  1.93%  64.7  110s
 36954 10448  124.13533   43  108  126.00000  123.59498  1.91%  65.0  115s
 38675 10922  124.13575   39   86  126.00000  123.62098  1.89%  65.4  120s
 40378 11449  124.25934   42   70  126.00000  123.64395  1.87%  65.9  125s
 42129 11897  124.66667   44   64  126.00000  123.66600  1.85%  66.1  130s
 43946 12519  123.85291   40  104  126.00000  123.67800  1.84%  66.2  135s
 45671 13041  123.83333   41  135  126.00000  123.69763  1.83%  66.4  140s
 47497 13588  125.00000   42   87  126.00000  123.71363  1.81%  66.4  145s
 49411 14121  124.38095   40   79  126.00000  123.73283  1.80%  66.3  150s
 51073 14591  125.00000   56   37  126.00000  123.75000  1.79%  66.5  155s
 52799 15050  124.69703   45   91  126.00000  123.76806  1.77%  66.8  160s
 54516 15487  125.00000   43   32  126.00000  123.78656  1.76%  67.0  165s
 56238 15882  124.50000   46   61  126.00000  123.80643  1.74%  67.1  170s
 58055 16357  124.99562   45   70  126.00000  123.82472  1.73%  67.2  175s
 59804 16788  125.00000   45   27  126.00000  123.84273  1.71%  67.3  180s
 61579 17216  124.67674   42  134  126.00000  123.85563  1.70%  67.4  185s
 63344 17605  124.28871   41  109  126.00000  123.87447  1.69%  67.4  190s
 65108 18141     cutoff   42       126.00000  123.88660  1.68%  67.5  195s
 66859 18535  124.05739   45  108  126.00000  123.90153  1.67%  67.6  200s
 68598 18931  123.96691   43  109  126.00000  123.91685  1.65%  67.6  205s
 70322 19283 infeasible   49       126.00000  123.93386  1.64%  67.7  210s
 72062 19613  125.00000   56   28  126.00000  123.95110  1.63%  67.7  215s
 73799 20001  124.33786   46  111  126.00000  123.96914  1.61%  67.8  220s
 75494 20263     cutoff   47       126.00000  123.98905  1.60%  67.9  225s
 76496 20435  124.31997   40  117  126.00000  123.99949  1.59%  67.9  230s
 78212 20854  124.53865   43   96  126.00000  124.00000  1.59%  68.0  235s
 79878 21308  124.42718   42  110  126.00000  124.00000  1.59%  68.2  240s
 81420 21667  124.52209   45   91  126.00000  124.00000  1.59%  68.4  245s
 83019 22085     cutoff   49       126.00000  124.00000  1.59%  68.5  250s
 84758 22532     cutoff   49       126.00000  124.00000  1.59%  68.6  255s
 86438 23036     cutoff   57       126.00000  124.00000  1.59%  68.7  260s
 88061 23526  124.23762   42  111  126.00000  124.00000  1.59%  68.8  265s
 89720 23966  125.00000   51   30  126.00000  124.00000  1.59%  68.9  270s
 91273 24385  124.23914   49   45  126.00000  124.00000  1.59%  69.0  275s
 92834 24818  124.04063   47   99  126.00000  124.00000  1.59%  69.1  280s
 94605 25422  124.00393   43  118  126.00000  124.00000  1.59%  69.1  285s
 96151 25924  124.01738   46   88  126.00000  124.00000  1.59%  69.2  290s
 97712 26339  125.00000   45   74  126.00000  124.00000  1.59%  69.3  295s
 99418 26833  124.10863   43   99  126.00000  124.00000  1.59%  69.3  300s
 100957 27329  124.44034   50   98  126.00000  124.00111  1.59%  69.4  305s
 102625 27687  124.10704   48  134  126.00000  124.00779  1.58%  69.5  310s
 104208 27991  124.63858   46   76  126.00000  124.01499  1.58%  69.6  315s
 105952 28282  124.17306   41  110  126.00000  124.02174  1.57%  69.7  320s
 107550 28591  124.12349   42  119  126.00000  124.02794  1.57%  69.7  325s
 109188 28956  125.00000   52   37  126.00000  124.03383  1.56%  69.8  330s
 110773 29257 infeasible   44       126.00000  124.03982  1.56%  69.9  335s
 112391 29591  124.60043   44   99  126.00000  124.04568  1.55%  70.0  340s
 114003 29871  124.08796   46   99  126.00000  124.05156  1.55%  70.1  345s
 115668 30188     cutoff   58       126.00000  124.05731  1.54%  70.1  350s
 117192 30377  124.52597   40  109  126.00000  124.06654  1.53%  70.3  355s
 118785 30657  124.67540   43   94  126.00000  124.07294  1.53%  70.3  360s
 120523 31070  124.34733   44   79  126.00000  124.07815  1.53%  70.3  365s
 122129 31309     cutoff   44       126.00000  124.08387  1.52%  70.3  370s
 123652 31537  124.75000   38   98  126.00000  124.09023  1.52%  70.4  375s
 125298 31835  124.75932   46   75  126.00000  124.09627  1.51%  70.4  380s
 126977 32136     cutoff   47       126.00000  124.10145  1.51%  70.5  385s
 128551 32291     cutoff   54       126.00000  124.10848  1.50%  70.6  390s
 130311 32610  124.39886   45  136  126.00000  124.11475  1.50%  70.5  395s
 131932 32815     cutoff   47       126.00000  124.12238  1.49%  70.6  400s
 133712 33169  124.22721   41  108  126.00000  124.12785  1.49%  70.5  405s
 135486 33447     cutoff   42       126.00000  124.13686  1.48%  70.5  410s
 137058 33674     cutoff   51       126.00000  124.14298  1.47%  70.6  415s
 138679 33870  125.00000   52   30  126.00000  124.15000  1.47%  70.6  420s
 140280 34119  125.00000   45   63  126.00000  124.15753  1.46%  70.7  425s
 141901 34274  124.31459   44  114  126.00000  124.16501  1.46%  70.8  430s
 143656 34618  124.75374   49   75  126.00000  124.16750  1.45%  70.7  435s
 145421 34817     cutoff   43       126.00000  124.17543  1.45%  70.7  440s
 147138 35054  125.00000   47   72  126.00000  124.18175  1.44%  70.7  445s
 148767 35331  124.50734   44   89  126.00000  124.18719  1.44%  70.7  450s
 150483 35606  124.27663   51  123  126.00000  124.19373  1.43%  70.7  455s
 152190 35890  124.33333   44   73  126.00000  124.20000  1.43%  70.7  460s
 153881 36193  125.00000   39   58  126.00000  124.20439  1.43%  70.7  465s
 155588 36424  125.00000   46   33  126.00000  124.21076  1.42%  70.7  470s
 157254 36561  124.60425   46  111  126.00000  124.21904  1.41%  70.8  475s
 158896 36726     cutoff   48       126.00000  124.22700  1.41%  70.8  480s
 160605 36941  124.40042   43  127  126.00000  124.23497  1.40%  70.8  485s
 162118 37062  124.49999   45   77  126.00000  124.24227  1.40%  70.8  490s
 163577 37149     cutoff   46       126.00000  124.25000  1.39%  70.9  495s
 165667 37680     cutoff   57       126.00000  124.25000  1.39%  70.7  500s
 167424 38074  125.00000   54   33  126.00000  124.25333  1.39%  70.7  505s
 168554 38141  125.00000   52   55  126.00000  124.25872  1.38%  70.7  510s
 170193 38283  124.50000   47   88  126.00000  124.26684  1.38%  70.8  515s
 171849 38429     cutoff   49       126.00000  124.27390  1.37%  70.8  520s
 173518 38575  124.74227   47   96  126.00000  124.28256  1.36%  70.8  525s
 175064 38664  124.54007   47  108  126.00000  124.29024  1.36%  70.8  530s
 176755 38789  125.00000   47   46  126.00000  124.29779  1.35%  70.9  535s
 178441 38890     cutoff   43       126.00000  124.30446  1.35%  70.9  540s
 179969 38955     cutoff   55       126.00000  124.31408  1.34%  70.9  545s
 181520 39007  125.00000   57   63  126.00000  124.32261  1.33%  71.0  550s
 183021 39011     cutoff   45       126.00000  124.33307  1.32%  71.0  555s
 184910 39399     cutoff   45       126.00000  124.33333  1.32%  70.9  560s
 187013 39918  125.00000   52   28  126.00000  124.33333  1.32%  70.8  565s
 189092 40474  125.00000   60   34  126.00000  124.33333  1.32%  70.7  570s
 190656 40631  124.34227   43   85  126.00000  124.33963  1.32%  70.7  575s
 192232 40716  124.81111   44   84  126.00000  124.34757  1.31%  70.7  580s
 193773 40878     cutoff   45       126.00000  124.35378  1.31%  70.7  585s
 195236 40961     cutoff   45       126.00000  124.36158  1.30%  70.8  590s
 196771 40985  125.00000   43  101  126.00000  124.37118  1.29%  70.8  595s
 198313 41089  124.87789   40  104  126.00000  124.37789  1.29%  70.8  600s
 199802 41116  124.76006   46   94  126.00000  124.38563  1.28%  70.9  605s
 201363 41189  125.00000   46   49  126.00000  124.39513  1.27%  70.9  610s
 202935 41309  125.00000   47   69  126.00000  124.40125  1.27%  70.9  615s
 204500 41517  125.00000   47   62  126.00000  124.40771  1.26%  70.9  620s
 205982 41498  124.90135   51   76  126.00000  124.41538  1.26%  71.0  625s
 207545 41654  125.00000   54   35  126.00000  124.42181  1.25%  71.0  630s
 209061 41752  124.66829   40  124  126.00000  124.43103  1.25%  71.0  635s
 210577 41734     cutoff   47       126.00000  124.44183  1.24%  71.1  640s
 212109 41735     cutoff   45       126.00000  124.45008  1.23%  71.1  645s
 213445 41702     cutoff   43       126.00000  124.45955  1.22%  71.2  650s
 214967 41640     cutoff   48       126.00000  124.47091  1.21%  71.2  655s
 216405 41522  124.99890   40   99  126.00000  124.48427  1.20%  71.3  660s
 217830 41473     cutoff   50       126.00000  124.49582  1.19%  71.4  665s
 219272 41567  125.00000   49   70  126.00000  124.50000  1.19%  71.4  670s
 220920 41787     cutoff   56       126.00000  124.50000  1.19%  71.4  675s
 222547 42076  124.50000   49   72  126.00000  124.50000  1.19%  71.4  680s
 224256 42340  124.62512   46  109  126.00000  124.50000  1.19%  71.4  685s
 225945 42605  125.00000   47   57  126.00000  124.50000  1.19%  71.5  690s
 227511 42879  125.00000   48   17  126.00000  124.50000  1.19%  71.5  698s
 228122 43000  125.00000   45   54  126.00000  124.50000  1.19%  71.5  700s
 229813 43371     cutoff   44       126.00000  124.50000  1.19%  71.4  705s
 231568 43779  124.73006   48   86  126.00000  124.50000  1.19%  71.4  710s
 233322 44185     cutoff   40       126.00000  124.50000  1.19%  71.4  715s
 234896 44307     cutoff   45       126.00000  124.50596  1.19%  71.4  720s
 236396 44296  125.00000   45   70  126.00000  124.51664  1.18%  71.4  725s
 238028 44377  124.55314   42   95  126.00000  124.52522  1.17%  71.4  730s
 239544 44366  125.00000   52   37  126.00000  124.53641  1.16%  71.5  735s
 241116 44364     cutoff   55       126.00000  124.54634  1.15%  71.5  740s
 242756 44575  125.00000   49   39  126.00000  124.55100  1.15%  71.5  745s
 244323 44637  124.77445   40  145  126.00000  124.55885  1.14%  71.5  750s
 245672 44625  125.00000   53   34  126.00000  124.56758  1.14%  71.5  755s
 247172 44634     cutoff   48       126.00000  124.57852  1.13%  71.6  760s
 248647 44574     cutoff   54       126.00000  124.58725  1.12%  71.6  765s
 250000 44412  125.00000   46   63  126.00000  124.60000  1.11%  71.7  770s
 251526 44558     cutoff   44       126.00000  124.60000  1.11%  71.7  775s
 252888 44350  124.84416   40   89  126.00000  124.61197  1.10%  71.8  780s
 254506 44358 infeasible   53       126.00000  124.62362  1.09%  71.8  785s
 256313 44636     cutoff   56       126.00000  124.62778  1.09%  71.7  790s
 257850 44606  124.93847   48  100  126.00000  124.63866  1.08%  71.8  795s
 259566 44745  124.82570   45   87  126.00000  124.64779  1.07%  71.7  800s
 261267 44762  125.00000   44   85  126.00000  124.66014  1.06%  71.7  805s
 262735 44800  124.69286   46  104  126.00000  124.66667  1.06%  71.7  810s
 264086 44923  124.76725   44   86  126.00000  124.66667  1.06%  71.8  815s
 265625 45195  125.00000   52   31  126.00000  124.66667  1.06%  71.8  820s
 267157 45416  125.00000   46   44  126.00000  124.66667  1.06%  71.9  825s
 268756 45656  125.00000   51   49  126.00000  124.66667  1.06%  71.9  830s
 270399 46000  125.00000   49   68  126.00000  124.66667  1.06%  71.9  835s
 272112 46386     cutoff   42       126.00000  124.66667  1.06%  71.8  840s
 273825 46805  125.00000   50   28  126.00000  124.66667  1.06%  71.8  845s
 275200 46743  124.73100   47   87  126.00000  124.67330  1.05%  71.8  850s
 276783 46738     cutoff   46       126.00000  124.68314  1.05%  71.9  855s
 278459 46877  124.69089   43   88  126.00000  124.69069  1.04%  71.8  860s
 280226 47097  124.71541   47   84  126.00000  124.69741  1.03%  71.8  865s
 281884 47046     cutoff   49       126.00000  124.70890  1.02%  71.8  870s
 283531 47153     cutoff   47       126.00000  124.71450  1.02%  71.8  875s
 285051 47235  124.96719   43  101  126.00000  124.72089  1.02%  71.8  880s
 286523 47183  125.00000   50   56  126.00000  124.73198  1.01%  71.8  885s
 288245 47178  125.00000   46   63  126.00000  124.74540  1.00%  71.8  890s
 289874 47272     cutoff   56       126.00000  124.75000  0.99%  71.8  895s
 291567 47503     cutoff   52       126.00000  124.75000  0.99%  71.8  900s
 293302 47628  124.76755   45   72  126.00000  124.75866  0.99%  71.7  905s
 294996 47603     cutoff   43       126.00000  124.77307  0.97%  71.7  910s
 296557 47446  125.00000   47   75  126.00000  124.79107  0.96%  71.7  915s
 298033 47332  124.80625   49  105  126.00000  124.80620  0.95%  71.7  920s
 299400 47105  125.00000   52   52  126.00000  124.83017  0.93%  71.8  925s
 300952 47083     cutoff   46       126.00000  124.84417  0.92%  71.8  930s
 302286 46786     cutoff   44       126.00000  124.87499  0.89%  71.9  935s
 303719 46857     cutoff   41       126.00000  124.87789  0.89%  71.9  940s
 305203 46893  125.00000   46   85  126.00000  124.89030  0.88%  71.9  945s
 306543 46854     cutoff   59       126.00000  124.89904  0.87%  72.0  950s
 307880 46621  125.00000   54   32  126.00000  124.91952  0.86%  72.1  955s
 309245 46459  125.00000   43   85  126.00000  124.94520  0.84%  72.1  960s
 310711 46199  125.00000   50   47  126.00000  124.97954  0.81%  72.2  965s
 311775 45953  125.00000   52   50  126.00000  124.99997  0.79%  72.3  970s
 313171 46075     cutoff   50       126.00000  125.00000  0.79%  72.3  975s

Cutting planes:
  Gomory: 10
  Cover: 429
  Implied bound: 90
  Clique: 8
  MIR: 472
  Mixing: 24
  StrongCG: 7
  Flow cover: 1262
  GUB cover: 36
  Inf proof: 14
  Zero half: 74
  RLT: 66
  Relax-and-lift: 25
  BQP: 27

Explored 313287 nodes (22662969 simplex iterations) in 975.68 seconds (895.20 work units)
Thread count was 1 (of 16 available processors)

Solution count 10: 126 126 127 ... 146

Optimal solution found (tolerance 1.00e-04)
Best objective 1.260000000000e+02, best bound 1.250000000000e+02, gap 0.7937%

User-callback calls 914642, time in user-callback 1.54 sec

 sepatime0
126.0Stat(MathOptInterface.OPTIMAL, 126.0, 125.00000000000001, 0.007936507936507823, 0.0, 1.288229, 975.6792690753937, 313287, Main.CFLG.LEFPV, "", #undef)
