Data path: /scratch/opt/lxu/CFLG/benchmarks/city
Instance: city_138.txt
Result path: /scratch/opt/lxu/CFLG/results/city
Solver: Gurobi
Time limit: 3600
Formulation: EVFP
Cover: Small
julia --project=. src/main.jl /scratch/opt/lxu/CFLG/benchmarks/city city_138.txt /scratch/opt/lxu/CFLG/results/city Gurobi 3600 EVFP Small
The latest version of Julia in the `release` channel is 1.11.5+0.x64.linux.gnu. You currently have `1.11.4+0.x64.linux.gnu` installed. Run:

  juliaup update

in your terminal shell to install Julia 1.11.5+0.x64.linux.gnu and update the `release` channel to that version.
/scratch/opt/lxu/CFLG/benchmarks/city Gurobi 3600.0 /scratch/opt/lxu/CFLG/results/city city_138.txt EVFP Small
/scratch/opt/lxu/CFLG/benchmarks/city/city_138.txt

 read graph
data loaded


after absorb:76 99

max_piece:16
problem_graph/original graph: node: 575/99 edge: 614/138 dlt: 0.10070799626028001 break_avg_len: 0.09053878491152237 break_max_len: 0.10038485540746347elapsed CPU time: 0.138053 seconds
Set parameter TokenServer to value "solice01.zib.de"
Set parameter Threads to value 1
Set parameter OutputFlag to value 1
Set parameter MIPGap to value 0.0001
Set parameter MIPGapAbs to value 1
Set parameter TimeLimit to value 3599.861947
vertex var

 model loaded

Gurobi Optimizer version 12.0.1 build v12.0.1rc0 (linux64 - "Debian GNU/Linux 12 (bookworm)")

CPU model: Intel(R) Xeon(R) Gold 5122 CPU @ 3.60GHz, instruction set [SSE2|AVX|AVX2|AVX512]
Thread count: 8 physical cores, 16 logical processors, using up to 1 threads

Non-default parameters:
TimeLimit  3599.861947
MIPGapAbs  1
Threads  1

Optimize a model with 16969 rows, 8733 columns and 44966 nonzeros
Model fingerprint: 0x7282e427
Variable types: 1189 continuous, 7544 integer (7544 binary)
Coefficient statistics:
  Matrix range     [1e-02, 1e+00]
  Objective range  [1e+00, 1e+00]
  Bounds range     [6e-02, 1e-01]
  RHS range        [6e-02, 3e+00]
Found heuristic solution: objective 614.0000000
Presolve removed 3199 rows and 512 columns
Presolve time: 0.29s
Presolved: 13770 rows, 8221 columns, 48285 nonzeros
Variable types: 1188 continuous, 7033 integer (7033 binary)

Root relaxation: objective 1.340055e+02, 10766 iterations, 1.05 seconds (1.08 work units)

    Nodes    |    Current Node    |     Objective Bounds      |     Work
 Expl Unexpl |  Obj  Depth IntInf | Incumbent    BestBd   Gap | It/Node Time

     0     0  134.00547    0 5015  614.00000  134.00547  78.2%     -    1s
H    0     0                     607.0000000  134.00547  77.9%     -    1s
H    0     0                     606.0000000  134.00547  77.9%     -    1s
     0     0  155.58216    0 3618  606.00000  155.58216  74.3%     -    5s
H    0     0                     530.0000000  155.58990  70.6%     -    5s
     0     0  163.46518    0 3554  530.00000  163.46518  69.2%     -    6s
     0     0  164.00682    0 3557  530.00000  164.00682  69.1%     -    6s
     0     0  164.15865    0 3517  530.00000  164.15865  69.0%     -    6s
     0     0  164.19092    0 3534  530.00000  164.19092  69.0%     -    6s
     0     0  164.19590    0 3497  530.00000  164.19590  69.0%     -    6s
     0     0  173.37671    0 3525  530.00000  173.37671  67.3%     -    8s
H    0     0                     513.0000000  173.37671  66.2%     -    8s
H    0     0                     512.0000000  173.37671  66.1%     -    8s
H    0     0                     494.0000000  173.37671  64.9%     -    8s
     0     0  175.04052    0 3491  494.00000  175.04052  64.6%     -    8s
     0     0  175.61582    0 3590  494.00000  175.61582  64.5%     -    9s
     0     0  175.76650    0 3662  494.00000  175.76650  64.4%     -    9s
     0     0  175.83474    0 3632  494.00000  175.83474  64.4%     -    9s
     0     0  175.83675    0 3655  494.00000  175.83675  64.4%     -   10s
     0     0  180.77704    0 3277  494.00000  180.77704  63.4%     -   11s
H    0     0                     412.0000000  180.77704  56.1%     -   11s
     0     0  181.38207    0 3147  412.00000  181.38207  56.0%     -   12s
     0     0  181.48553    0 3205  412.00000  181.48553  56.0%     -   12s
     0     0  181.51525    0 3230  412.00000  181.51525  55.9%     -   12s
     0     0  181.52015    0 3215  412.00000  181.52015  55.9%     -   12s
     0     0  183.32767    0 2767  412.00000  183.32767  55.5%     -   13s
H    0     0                     385.0000000  183.32767  52.4%     -   13s
H    0     0                     384.0000000  183.32767  52.3%     -   13s
H    0     0                     376.0000000  183.32767  51.2%     -   13s
     0     0  183.43659    0 2739  376.00000  183.43659  51.2%     -   14s
     0     0  183.45820    0 2629  376.00000  183.45820  51.2%     -   14s
     0     0  183.89523    0 2656  376.00000  183.89523  51.1%     -   15s
     0     0  183.90992    0 2722  376.00000  183.90992  51.1%     -   15s
     0     0  184.06759    0 2954  376.00000  184.06759  51.0%     -   16s
     0     0  184.06759    0 2613  376.00000  184.06759  51.0%     -   17s
H    0     0                     341.0000000  184.13065  46.0%     -   18s
H    0     0                     340.0000000  184.13065  45.8%     -   18s
H    0     0                     339.0000000  184.13065  45.7%     -   18s
H    0     0                     314.0000000  184.13065  41.4%     -   18s
H    0     0                     313.0000000  184.13065  41.2%     -   18s
H    0     0                     312.0000000  184.13065  41.0%     -   18s
H    0     0                     308.0000000  184.13065  40.2%     -   18s
H    0     0                     307.0000000  184.13065  40.0%     -   18s
H    0     0                     305.0000000  184.13065  39.6%     -   18s
     0     2  184.13065    0 2613  305.00000  184.13065  39.6%     -   18s
    13    15  184.13065    7 2486  305.00000  184.13065  39.6%   919   20s
H   26    26                     303.0000000  184.13065  39.2%   817   21s
H   52    52                     295.0000000  184.13065  37.6%   720   24s
H   52    52                     290.0000000  184.13065  36.5%   720   24s
H   52    52                     289.0000000  184.13065  36.3%   720   24s
H   52    52                     288.0000000  184.13065  36.1%   720   24s
H   52    52                     287.0000000  184.13065  35.8%   720   24s
    55    57  184.15615   31 2299  287.00000  184.13065  35.8%   756   25s
H   78    78                     286.0000000  184.13065  35.6%   647   27s
H   78    78                     285.0000000  184.13065  35.4%   647   27s
H  130   130                     282.0000000  184.13065  34.7%   459   29s
   137   139  185.09372   87 2209  282.00000  184.13065  34.7%   449   30s
H  182   182                     281.0000000  184.13065  34.5%   389   33s
H  182   182                     280.0000000  184.13065  34.2%   389   33s
H  182   182                     279.0000000  184.13065  34.0%   389   33s
   196   198  184.65365  126 2338  279.00000  184.13065  34.0%   391   35s
   331   333  184.63847  217 2419  279.00000  184.13065  34.0%   317   40s
H  342   342                     278.0000000  184.13065  33.8%   312   41s
H  342   342                     276.9999991  184.13065  33.5%   312   41s
H  342   342                     276.0000000  184.13065  33.3%   312   41s
   413   415  185.11868  271 2495  276.00000  184.13065  33.3%   284   45s
   527   525  193.37599  346 2043  276.00000  184.13065  33.3%   281   50s
   675   667  202.45042  442 1803  276.00000  184.13065  33.3%   261   55s
H  729   719                     275.0000000  184.13065  33.0%   254   57s
H  743   728                     273.9999996  184.13065  32.8%   252   60s
H  743   728                     273.0000000  184.13065  32.6%   252   60s
   746   730  194.42684  368 2450  273.00000  184.13065  32.6%   251   65s
   754   736  196.65915  383 2704  273.00000  189.51435  30.6%   249   70s
   763   742  196.62262  167 2921  273.00000  196.62262  28.0%   246   75s
   777   751  200.92583  215 2897  273.00000  200.92583  26.4%   241   80s
   786   757  207.57164   61 2664  273.00000  207.57164  24.0%   239   86s
   794   762  210.76770    4 2505  273.00000  210.76770  22.8%   236   90s
   803   768  214.34410  460 2728  273.00000  214.34410  21.5%   233   95s
   817   778  216.88817  421 2827  273.00000  216.88817  20.6%   229  100s
   830   786  219.49571  290 2848  273.00000  219.49571  19.6%   226  105s
H  838   750                     271.0000000  222.66389  17.8%   224  110s
   849   757  223.83026  254 2312  271.00000  223.83026  17.4%   221  115s
H  855   721                     270.0000000  224.46595  16.9%   219  122s
   860   724  224.46595  157 2990  270.00000  224.46595  16.9%   218  125s
   866   728  225.61158  279 2891  270.00000  225.61158  16.4%   216  130s
   873   733  227.70373  208 2534  270.00000  227.70373  15.7%   215  135s
   880   738  229.29342  327 2601  270.00000  229.29342  15.1%   213  140s
   889   744  229.98659  192 2608  270.00000  229.98659  14.8%   211  145s
   897   749  230.54851  242 2602  270.00000  230.54851  14.6%   209  150s
H  901   712                     269.0000000  230.82178  14.2%   208  154s
   903   713  230.91661  460 2666  269.00000  230.91661  14.2%   208  155s
   912   719  231.16110  234 2733  269.00000  231.16110  14.1%   206  160s
   923   726  231.48024  201 2915  269.00000  231.48024  13.9%   203  165s
   933   733  232.03161  224 2901  269.00000  232.03161  13.7%   201  170s
   942   739  232.37432  120 2899  269.00000  232.37432  13.6%   199  175s
   951   745  233.13339  177 2464  269.00000  233.13339  13.3%   197  180s
   964   754  233.90293  100 2848  269.00000  233.90293  13.0%   194  185s
   977   762  235.41086  215 2615  269.00000  235.41086  12.5%   192  190s
   988   770  236.42342  204 2576  269.00000  236.42342  12.1%   190  195s
   995   774  236.81566  421 2550  269.00000  236.81566  12.0%   188  200s
  1004   780  236.96827   95 2419  269.00000  236.96827  11.9%   187  206s
  1012   786  237.10744  234 2521  269.00000  237.10744  11.9%   185  210s
  1028   796  237.87335  316 2100  269.00000  237.87335  11.6%   182  216s
  1033   800  238.52242  224 1911  269.00000  238.52242  11.3%   181  220s
  1041   805  238.57470   66 2227  269.00000  238.57470  11.3%   180  227s
  1046   808  238.69407  368 2526  269.00000  238.69407  11.3%   179  230s
  1054   814  238.79182  383 2719  269.00000  238.79182  11.2%   178  235s
  1063   820  238.90383  167 2272  269.00000  238.90383  11.2%   176  240s
  1073   826  238.94540  208 2517  269.00000  238.94540  11.2%   175  245s
  1082   834  238.94540  420 2015  269.00000  238.94540  11.2%   987  250s
  1098   845  239.17087   39 2159  269.00000  239.17087  11.1%   972  256s
  1107   851  239.69618   56 1936  269.00000  239.69618  10.9%   964  260s
H 1111   809                     268.0000000  239.84754  10.5%   961  263s
  1118   814  239.87553  196 1923  268.00000  239.87553  10.5%   955  266s
  1123   817  239.88076  201 2426  268.00000  239.88076  10.5%   951  270s
  1131   823  239.90319   68 2382  268.00000  239.90319  10.5%   944  275s
  1137   827  239.98619  145 2382  268.00000  239.98619  10.5%   939  280s
  1143   831  240.00853   37 2101  268.00000  240.00853  10.4%   934  286s
  1152   837  240.09136  110 2376  268.00000  240.09136  10.4%   927  290s
  1164   845  240.19873  100 2372  268.00000  240.19873  10.4%   917  295s
  1173   851  240.27703  208 2328  268.00000  240.27703  10.3%   910  301s
  1181   856  240.46103  230 2563  268.00000  240.46103  10.3%   904  305s
  1189   861  240.57499  192 2497  268.00000  240.57499  10.2%   898  310s
  1196   866  240.58711  303 2223  268.00000  240.58711  10.2%   893  315s
  1204   871  240.68142   95 2543  268.00000  240.68142  10.2%   887  320s
  1211   876  240.73374  341 2324  268.00000  240.73374  10.2%   882  326s
  1217   880  240.75443  421 2606  268.00000  240.75443  10.2%   877  330s
  1225   885  241.22500  400 2544  268.00000  241.22500  10.0%   871  335s
  1233   891  241.28432  224 2580  268.00000  241.28432  10.0%   866  340s
  1237   893  241.29624  145 2337  268.00000  241.29624  10.0%   863  345s
  1243   897  241.32015   37 2617  268.00000  241.32015  10.0%   859  350s
  1251   903  241.37086  177 2424  268.00000  241.37086  9.94%   853  355s
  1259   908  241.40164  127 2661  268.00000  241.40164  9.92%   848  360s
  1265   912  241.42656  355 2606  268.00000  241.42656  9.92%   844  365s
  1270   915  241.43844  206 2435  268.00000  241.43844  9.91%   841  370s
  1275   919  241.44410  464 2447  268.00000  241.44410  9.91%   837  377s
  1279   921  241.45109  141 2517  268.00000  241.45109  9.91%   835  380s
  1286   926  241.46609   61 2434  268.00000  241.46609  9.90%   830  385s
  1294   931  241.48497    4 2463  268.00000  241.48497  9.89%   825  391s
  1300   935  241.49423  170 2592  268.00000  241.49423  9.89%   821  395s
  1308   941  241.51446  295 2463  268.00000  241.51446  9.88%   816  400s
  1316   946  241.52232  187 2480  268.00000  241.52232  9.88%   811  405s
  1326   954  241.52412  136 2417  268.00000  241.52412  9.88%  1384  411s
  1340   964  241.52412  271 2343  268.00000  241.52412  9.88%  1369  415s
  1347   968  241.53997  137 2424  268.00000  241.53997  9.87%  1362  420s
  1358   976  241.59790  132 2200  268.00000  241.59790  9.85%  1351  425s
  1364   980  241.60447  100 2266  268.00000  241.60447  9.85%  1345  430s
  1368   982  241.60447  404 2134  268.00000  241.60447  9.85%  1341  435s
  1421  1020  243.14251   61 1862  268.00000  241.95137  9.72%  1393  440s
  1516  1083  244.75619  108 1506  268.00000  241.95137  9.72%  1329  445s
  1693  1201  251.49016  197 1126  268.00000  241.95137  9.72%  1204  450s
  1881  1324  256.86883  291  776  268.00000  241.95137  9.72%  1093  455s
  1981  1391  260.91960  341  651  268.00000  241.95137  9.72%  1040  460s
  2043  1432  262.92080  372  545  268.00000  241.95137  9.72%  1011  465s
H 2188  1418                     267.0000000  241.95248  9.38%   951  470s
  2311  1502  246.13580  110 1432  267.00000  241.95248  9.38%   913  475s
  2611  1697  255.25692  261  694  267.00000  241.95248  9.38%   817  480s
  3016  1937  242.08402   39 2166  267.00000  241.96613  9.38%   716  485s
  3074  1976  244.56921   68 1532  267.00000  241.96613  9.38%   709  490s
  3276  2110  250.73219  169  881  267.00000  241.96613  9.38%   676  495s
  3648  2335  242.74124   41 2274  267.00000  241.96613  9.38%   614  500s
  3765  2413  247.00382  100 1495  267.00000  241.96613  9.38%   605  505s
  4019  2580  253.39258  226  756  267.00000  241.96613  9.38%   574  510s
  4440  2908  242.20346   42 2141  267.00000  241.97732  9.37%   525  515s
  4525  2993  245.79752   84 1475  267.00000  241.97732  9.37%   520  520s
  4844  3311  256.13322  244  618  267.00000  241.97732  9.37%   492  525s
  5110  3556  242.16177   40 2379  267.00000  241.97934  9.37%   469  530s
  5271  3717  247.15475  121 1387  267.00000  241.97934  9.37%   461  535s
  5527  3971  255.10876  249  963  267.00000  241.97934  9.37%   445  541s
  5763  4179  242.38706   42 2190  267.00000  241.97934  9.37%   429  545s
  5896  4312  246.09938  108 1412  267.00000  241.97934  9.37%   425  550s
  6165  4578  255.89502  243  807  267.00000  241.97934  9.37%   409  555s
  6332  4745  262.03400  327  636  267.00000  241.97934  9.37%   399  560s
H 6475  4711                     266.0000000  241.99190  9.03%   393  564s
  6482  4720  245.38559   67 1578  266.00000  241.99190  9.03%   393  565s
  6656  4894  250.63172  154 1102  266.00000  241.99190  9.03%   389  570s
  6950  5187  259.23957  301  703  266.00000  241.99190  9.03%   375  575s
H 7102  5139                     265.0000000  241.99190  8.68%   370  579s
  7103  5142  244.51812   73 1533  265.00000  241.99190  8.68%   370  580s
  7322  5361  248.53716  172 1284  265.00000  241.99190  8.68%   364  585s
  7611  5648  257.16826  261  739  265.00000  241.99190  8.68%   352  590s
  8038  6022  242.14211   42 2185  265.00000  241.99427  8.68%   335  595s
  8177  6161  247.54721  123 1281  265.00000  241.99427  8.68%   333  600s
  8432  6411  254.73683  212 1028  265.00000  241.99427  8.68%   325  605s
  8827  6801  263.30783  310  644  265.00000  241.99427  8.68%   312  610s
  8961  6923  247.48417  110 1325  265.00000  241.99429  8.68%   311  615s
  9084  7046  249.96593  161 1205  265.00000  241.99429  8.68%   309  620s
  9411  7371  258.79827  271  724  265.00000  241.99429  8.68%   301  625s
  9666  7594  244.58386   63 1715  265.00000  241.99851  8.68%   294  630s
  9801  7729  249.02017  125 1168  265.00000  241.99851  8.68%   293  635s
 10128  8053  258.47422  238  704  265.00000  241.99851  8.68%   286  640s
 10203  8127  251.81503  208 2613  265.00000  241.99851  8.68%   284  743s
 10205  8128  253.50004  183 2444  265.00000  241.99851  8.68%   284  746s
 10212  8133  260.54805  328 2231  265.00000  241.99851  8.68%   284  750s
 10219  8138  246.69129  102 2290  265.00000  241.99851  8.68%   284  755s
 10223  8140  259.32146  255 2194  265.00000  241.99851  8.68%   284  761s
 10226  8142  247.73687  129 2161  265.00000  241.99851  8.68%   283  765s
 10230  8145  258.71805  245 2344  265.00000  241.99851  8.68%   283  771s
 10234  8148  259.67323  270 2399  265.00000  241.99851  8.68%   283  775s
 10237  8150  246.28993   99 2236  265.00000  241.99851  8.68%   283  782s
 10243  8154  257.98799  268 2260  265.00000  241.99851  8.68%   283  786s
 10245  8155  256.26010  275 2267  265.00000  241.99851  8.68%   283  790s
H10246  7747                     264.0000000  241.99851  8.33%   283  794s
 10247  7747  257.01444  251 2241  264.00000  241.99851  8.33%   283  795s
 10250  7749  252.52912  226 2347  264.00000  241.99851  8.33%   283  800s
 10253  7751  260.45263  308 2358  264.00000  241.99851  8.33%   283  806s
 10255  7753  256.07363  189 2207  264.00000  241.99851  8.33%   283  811s
 10262  7757  263.30783  307 2258  264.00000  241.99851  8.33%   282  815s
 10268  7761  247.30459  135 2249  264.00000  241.99851  8.33%   282  822s
 10273  7765  254.87862  222 2354  264.00000  241.99851  8.33%   282  826s
 10276  7767  252.33784  198 2367  264.00000  241.99851  8.33%   282  831s
 10282  7771  261.09281  277 2464  264.00000  241.99851  8.33%   282  836s
 10284  7772  255.86619  262 2569  264.00000  241.99851  8.33%   282  840s
 10290  7776  258.56536  249 2665  264.00000  241.99851  8.33%   282  845s
 10294  7779  259.91960  331 2600  264.00000  241.99851  8.33%   282  850s
 10296  7780  258.91960  324 2557  264.00000  241.99851  8.33%   282  855s
 10299  7782  249.82249  167 2278  264.00000  241.99851  8.33%   281  861s
 10305  7786  253.50004  183 2387  264.00000  242.17298  8.27%   281  866s
 10308  7788  256.68989  245 2394  264.00000  242.17298  8.27%   281  871s
 10311  7790  259.98610  267 2576  264.00000  242.17298  8.27%   281  875s
 10317  7794  262.85327  382 2668  264.00000  242.17298  8.27%   281  881s
 10320  7796  250.27588  146 2655  264.00000  242.17298  8.27%   281  886s
 10323  7798  259.32146  255 2609  264.00000  242.17298  8.27%   281  890s
 10326  7800  247.73687  129 2611  264.00000  242.17298  8.27%   281  895s
 10331  7803  243.50571   60 2506  264.00000  242.17298  8.27%   281  900s
 10332  7804  262.80505  376 2321  264.00000  242.17298  8.27%   281  905s
 10337  7807  246.28993   99 2398  264.00000  242.17298  8.27%   280  910s
 10339  7809  261.20436  277 2508  264.00000  242.17298  8.27%   280  915s
 10344  7812  261.35052  292 2515  264.00000  242.17298  8.27%   280  920s
 10346  7813  244.92338   69 2613  264.00000  242.17298  8.27%   280  925s
 10350  7816  252.52912  226 2375  264.00000  242.17298  8.27%   280  930s
 10354  7819  249.29310  137 2617  264.00000  242.17298  8.27%   280  935s
 10357  7821  249.12528  152 2688  264.00000  242.17298  8.27%   280  940s
 10361  7823  255.08300  209 2721  264.00000  242.17298  8.27%   280  946s
 10362  7824  263.30783  307 2476  264.00000  242.17298  8.27%   280  950s
 10366  7827  248.37928  166 2679  264.00000  242.17298  8.27%   280  956s
 10369  7829  252.36761  207 2683  264.00000  242.17298  8.27%   280  961s
 10371  7830  261.61480  312 2704  264.00000  242.17298  8.27%   279  965s
 10373  7831  254.87862  222 2671  264.00000  242.17298  8.27%   279  970s
 10377  7834  250.95944  163 2670  264.00000  242.17298  8.27%   279  975s
 10381  7837  243.22460   51 2643  264.00000  242.17298  8.27%   279  980s
 10384  7839  255.86619  262 2506  264.00000  242.17298  8.27%   279  986s
 10386  7840  259.27148  307 2509  264.00000  242.17298  8.27%   279  991s
 10389  7842  259.43122  288 2351  264.00000  242.17298  8.27%   279  995s
 10398  7848  247.48049  123 2412  264.00000  242.20970  8.25%   279 1002s
 10401  7850  254.35622  273 2603  264.00000  242.20970  8.25%   279 1005s
 10405  7853  253.50004  183 2637  264.00000  242.20970  8.25%   279 1010s
 10408  7855  256.68989  245 2599  264.00000  242.20970  8.25%   278 1015s
 10413  7858  256.90876  202 2521  264.00000  242.20970  8.25%   278 1021s
 10416  7860  248.42585  112 2683  264.00000  242.20970  8.25%   278 1025s
 10421  7863  259.79879  292 2491  264.00000  242.20970  8.25%   278 1032s
 10423  7865  259.32146  255 2656  264.00000  242.20970  8.25%   278 1035s
 10426  7867  247.73687  129 2732  264.00000  242.20970  8.25%   278 1040s
 10430  7869  258.71805  245 2652  264.00000  242.20970  8.25%   278 1046s
 10434  7872  259.67323  270 2841  264.00000  242.20970  8.25%   278 1050s
 10438  7875  247.02347  115 2662  264.00000  242.20970  8.25%   278 1056s
H10439  7477                     263.0000000  242.20970  7.91%   278 1059s
 10441  7479  252.40518  221 2852  263.00000  242.20970  7.91%   278 1060s
 10443  7480  257.98799  268 2603  263.00000  242.22437  7.90%   278 1068s
 10446  7482  244.92338   69 2599  263.00000  242.22644  7.90%   277 1071s
 10450  7485  252.52912  226 2710  263.00000  242.22665  7.90%   277 1077s
 10452  7486  251.10399  170 2693  263.00000  242.22700  7.90%   277 1080s
 10456  7489  252.08075  140 2798  263.00000  242.23194  7.90%   277 1085s
 10462  7493  263.00000  307 2772  263.00000  242.25958  7.89%   277 1090s
 10466  7495  248.37928  166 2704  263.00000  242.26630  7.88%   277 1095s
 10469  7497  252.36761  207 2684  263.00000  242.26630  7.88%   277 1100s
 10474  7501  256.54080  240 2643  263.00000  242.28017  7.88%   277 1108s
 10476  7502  252.33784  198 2646  263.00000  242.28315  7.88%   277 1111s
 10480  7505  245.76786   88 2599  263.00000  242.28650  7.88%   277 1115s
 10486  7509  259.27148  307 2722  263.00000  242.29048  7.87%   276 1120s
 10492  7513  244.04507   69 2499  263.00000  242.30343  7.87%   276 1126s
 10496  7515  258.91960  324 2562  263.00000  242.31181  7.87%   276 1130s
 10501  7519  254.35622  273 2537  263.00000  242.34211  7.85%   276 1135s
 10506  7522  261.85698  324 2681  263.00000  242.34259  7.85%   276 1141s
 10508  7523  256.68989  245 2561  263.00000  242.38615  7.84%   276 1146s
 10516  7529  248.42585  112 2559  263.00000  242.45294  7.81%   276 1150s
 10517  7529  262.85327  382 2559  263.00000  242.45294  7.81%   276 1155s
 10528  7539  243.00322   55 2289  263.00000  242.76118  7.70%   372 1160s
 10539  7546  243.87872   60 2158  263.00000  242.76118  7.70%   374 1165s
 10550  7553  243.85255   66 2150  263.00000  242.76118  7.70%   374 1170s
 10571  7567  244.69398   76 1719  263.00000  242.76118  7.70%   374 1175s
 10595  7583  245.77407   88 1726  263.00000  242.76118  7.70%   374 1188s
 10600  7587  245.30278   91 1622  263.00000  242.76118  7.70%   374 1190s
 10625  7603  245.56334  103 1598  263.00000  242.76118  7.70%   374 1195s
 10654  7623  246.67143  118 1434  263.00000  242.76118  7.70%   373 1200s
 10687  7645  248.84000  134 1226  263.00000  242.76118  7.70%   373 1205s
 10714  7663  250.06236  148 1156  263.00000  242.76118  7.70%   372 1210s
 10759  7693  251.92524  170 1010  263.00000  242.76118  7.70%   372 1215s
 10787  7711  251.64844  184 1069  263.00000  242.76118  7.70%   371 1220s
 10814  7729  252.03635  198 1075  263.00000  242.76118  7.70%   371 1225s
 10830  7740  252.16248  206 1022  263.00000  242.76118  7.70%   371 1230s
 10868  7765  253.93799  225  918  263.00000  242.76118  7.70%   370 1235s
 10922  7801  258.00828  252  775  263.00000  242.76118  7.70%   368 1241s
 10976  7837  259.19110  279  708  263.00000  242.76118  7.70%   367 1246s
 11022  7866  260.89483  302  648  263.00000  242.76118  7.70%   366 1250s
 11044  7865  242.78930   54 2450  263.00000  242.76139  7.70%   366 1255s
 11056  7873  243.81071   60 2070  263.00000  242.76139  7.70%   366 1260s
 11075  7885  244.18147   70 1889  263.00000  242.76139  7.70%   367 1265s
 11099  7901  245.47965   82 1645  263.00000  242.76139  7.70%   367 1270s
 11139  7928  248.23324  102 1405  263.00000  242.76139  7.70%   366 1275s
 11187  7960  250.09718  126 1271  263.00000  242.76139  7.70%   366 1280s
 11246  7999  252.38728  155 1055  263.00000  242.76139  7.70%   364 1286s
 11289  8027  255.41048  177  996  263.00000  242.76139  7.70%   363 1290s
 11335  8058  257.16164  200  932  263.00000  242.76139  7.70%   362 1295s
 11370  8081  259.07579  218  869  263.00000  242.76139  7.70%   361 1300s
 11425  8118  261.96635  245  859  263.00000  242.76139  7.70%   360 1305s
H11440  7689                     262.0000000  242.76139  7.34%   360 1309s
 11441  7691  242.99379   54 2571  262.00000  242.77763  7.34%   361 1310s
 11449  7697  243.26618   58 2265  262.00000  242.77763  7.34%   361 1315s
 11460  7704  244.92195   63 1837  262.00000  242.77763  7.34%   362 1320s
 11478  7716  246.12463   72 1803  262.00000  242.77763  7.34%   363 1325s
 11494  7727  246.00209   80 1835  262.00000  242.77763  7.34%   363 1330s
 11516  7741  247.69443   91 1448  262.00000  242.77763  7.34%   363 1335s
 11568  7776  250.98566  117 1084  262.00000  242.77763  7.34%   362 1340s
 11646  7828  254.42291  156 1061  262.00000  242.77763  7.34%   360 1345s
 11711  7870  255.82737  189  823  262.00000  242.77763  7.34%   359 1350s
 11798  7928  259.56078  232  714  262.00000  242.77763  7.34%   358 1355s
H11824  7526                     261.0000000  242.78503  6.98%   357 1360s
 11828  7530  242.97447   55 2536  261.00000  242.78503  6.98%   357 1365s
 11850  7545  244.87177   66 2100  261.00000  242.78503  6.98%   358 1370s
 11872  7560  246.32455   77 2061  261.00000  242.78503  6.98%   358 1375s
 11891  7572  248.97900   86 1494  261.00000  242.78503  6.98%   358 1380s
 11927  7596  251.25685  104 1262  261.00000  242.78503  6.98%   358 1385s
 11959  7618  252.31656  120 1300  261.00000  242.78503  6.98%   358 1390s
 11997  7643  253.51134  139 1372  261.00000  242.78503  6.98%   358 1395s
 12059  7684  256.71217  170 1143  261.00000  242.78503  6.98%   357 1400s
 12109  7718  256.87330  195 1016  261.00000  242.78503  6.98%   356 1405s
 12162  7752  258.17465  222  850  261.00000  242.78503  6.98%   355 1410s
 12205  7762  242.87225   53 2625  261.00000  242.78827  6.98%   354 1415s
 12215  7768  243.45080   58 2300  261.00000  242.78827  6.98%   355 1420s
 12222  7773  244.13353   61 1977  261.00000  242.78827  6.98%   355 1425s
 12240  7785  245.12428   70 1736  261.00000  242.78827  6.98%   356 1430s
 12268  7804  246.27887   84 1639  261.00000  242.78827  6.98%   356 1435s
 12295  7822  246.77714   98 1580  261.00000  242.78827  6.98%   356 1440s
 12325  7842  247.93034  113 1442  261.00000  242.78827  6.98%   356 1445s
 12354  7861  249.15413  127 1495  261.00000  242.78827  6.98%   356 1450s
 12390  7885  249.54934  145 1529  261.00000  242.78827  6.98%   356 1455s
 12436  7916  252.92875  168 1371  261.00000  242.78827  6.98%   356 1460s
 12458  7930  252.94261  179 1311  261.00000  242.78827  6.98%   356 1465s
 12492  7953  253.73337  196 1274  261.00000  242.78827  6.98%   355 1479s
 12496  7956  254.36133  198 1198  261.00000  242.78827  6.98%   355 1480s
 12552  7993  256.43233  226 1081  261.00000  242.78827  6.98%   354 1485s
 12608  8030  257.44084  254  936  261.00000  242.78827  6.98%   354 1490s
 12677  8053  242.99610   55 2660  261.00000  242.78860  6.98%   353 1497s
 12681  8056  243.59421   57 2552  261.00000  242.78860  6.98%   353 1500s
 12693  8064  244.32220   63 2106  261.00000  242.78860  6.98%   353 1505s
 12719  8081  246.56167   76 1621  261.00000  242.78860  6.98%   354 1510s
 12733  8091  248.45409   83 1407  261.00000  242.78860  6.98%   354 1515s
 12777  8120  250.93044  105 1179  261.00000  242.78860  6.98%   353 1520s
 12827  8153  252.80127  130 1169  261.00000  242.78860  6.98%   353 1525s
 12886  8193  253.48925  160  821  261.00000  242.78860  6.98%   352 1530s
 12931  8223  254.21823  182 1051  261.00000  242.78860  6.98%   352 1535s
 12973  8251  256.34117  203  857  261.00000  242.78860  6.98%   351 1540s
 13039  8295  258.42123  236  809  261.00000  242.78860  6.98%   350 1545s
 13093  8309  242.83595   55 2718  261.00000  242.81156  6.97%   349 1551s
 13097  8311  243.28989   57 2553  261.00000  242.81156  6.97%   350 1555s
 13108  8319  243.86479   63 2211  261.00000  242.81156  6.97%   350 1560s
 13119  8326  244.80001   68 2122  261.00000  242.81156  6.97%   351 1565s
 13130  8333  245.49499   74 2009  261.00000  242.81156  6.97%   351 1570s
 13150  8347  247.21905   84 1861  261.00000  242.81156  6.97%   352 1576s
 13172  8361  247.58651   95 1709  261.00000  242.81156  6.97%   352 1580s
 13193  8375  248.59077  105 1693  261.00000  242.81156  6.97%   353 1585s
 13227  8398  250.49562  122 1644  261.00000  242.81156  6.97%   353 1590s
 13258  8419  251.48695  138 1622  261.00000  242.81156  6.97%   353 1597s
 13288  8439  252.00614  153 1546  261.00000  242.81156  6.97%   352 1600s
 13343  8475  255.03132  180 1255  261.00000  242.81156  6.97%   352 1605s
 13433  8535  257.78482  225 1109  261.00000  242.81156  6.97%   351 1610s
 13482  8546  243.44919   57 2579  261.00000  242.81156  6.97%   351 1615s
 13488  8550  243.82822   60 2496  261.00000  242.81156  6.97%   351 1620s
 13500  8558  245.01547   66 2205  261.00000  242.81156  6.97%   352 1625s
 13513  8567  246.58783   73 1636  261.00000  242.81156  6.97%   353 1630s
 13557  8596  247.68492   95 1469  261.00000  242.81156  6.97%   354 1635s
 13632  8646  248.99531  132 1303  261.00000  242.81156  6.97%   354 1640s
 13726  8709  251.90337  179 1142  261.00000  242.81156  6.97%   353 1645s
 13836  8780  255.56812  234  938  261.00000  242.81156  6.97%   352 1650s
 13909  8829  258.58392  271  758  261.00000  242.81156  6.97%   351 1655s
 13940  8829  243.24355   57 2647  261.00000  242.84316  6.96%   351 1661s
 13947  8834  243.48932   62 2584  261.00000  242.84316  6.96%   352 1665s
 13958  8841  243.64824   71 2330  261.00000  242.84316  6.96%   352 1671s
 13961  8843  244.08803   74 2238  261.00000  242.84316  6.96%   352 1675s
 13972  8851  245.86617   78 1966  261.00000  242.84316  6.96%   353 1680s
 14002  8871  247.25733   97 1577  261.00000  242.84316  6.96%   354 1685s
 14048  8901  249.77550  117 1283  261.00000  242.84316  6.96%   354 1690s
 14169  8982  252.67369  167 1312  261.00000  242.84316  6.96%   353 1695s
 14190  8996  253.77722  172 1191  261.00000  242.84316  6.96%   353 1700s
 14311  9077  255.49484  216 1128  261.00000  242.84316  6.96%   352 1705s
 14495  9174  242.89025   54 2638  261.00000  242.84316  6.96%   349 1712s
 14499  9177  243.18925   58 2542  261.00000  242.84316  6.96%   349 1715s
 14514  9187  244.88946   70 2173  261.00000  242.84316  6.96%   350 1720s
 14545  9208  246.53154   90 1865  261.00000  242.84316  6.96%   350 1725s
 14631  9265  249.71803  132 1628  261.00000  242.84316  6.96%   350 1730s
 14728  9330  253.38517  175 1245  261.00000  242.84316  6.96%   349 1735s
 14852  9412  257.69913  218 1102  261.00000  242.84316  6.96%   348 1740s
 14956  9448  242.92954   54 2737  261.00000  242.86788  6.95%   348 1747s
 14958  9449  243.04119   56 2648  261.00000  242.86788  6.95%   348 1750s
 14970  9457  243.76039   62 2454  261.00000  242.86788  6.95%   348 1755s
 14986  9468  244.23687   68 2324  261.00000  242.86788  6.95%   349 1760s
 15002  9478  245.44633   80 2057  261.00000  242.86788  6.95%   350 1765s
 15010  9484  245.95525   83 2158  261.00000  242.86788  6.95%   350 1770s
 15030  9497  247.08802   93 1948  261.00000  242.86788  6.95%   350 1775s
 15082  9532  250.31000  119 1654  261.00000  242.86788  6.95%   351 1780s
 15169  9590  252.67541  167 1282  261.00000  242.86788  6.95%   350 1786s
 15248  9642  255.61327  188 1140  261.00000  242.86788  6.95%   350 1790s
 15481  9729  242.97539   57 2723  261.00000  242.86788  6.95%   346 1796s
 15490  9735  243.91303   64 2358  261.00000  242.86788  6.95%   347 1800s
 15527  9759  246.68287   84 1878  261.00000  242.86788  6.95%   347 1805s
 15611  9815  251.66873  123 1444  261.00000  242.86788  6.95%   347 1810s
 15645  9838  252.32797  140 1393  261.00000  242.86788  6.95%   347 1818s
 15664  9851  252.42115  144 1368  261.00000  242.86788  6.95%   348 1820s
 15785  9931  256.28271  200 1155  261.00000  242.86788  6.95%   346 1826s
 15921  9991  259.86205  240 1044  261.00000  242.86788  6.95%   344 1830s
 15931  9992  243.68032   62 2468  261.00000  242.87058  6.95%   345 1835s
 15950 10004  244.60685   71 2294  261.00000  242.87058  6.95%   346 1840s
 15955 10008  244.95674   75 2287  261.00000  242.87058  6.95%   346 1845s
 15956 10008  244.96003   76 2272  261.00000  242.87058  6.95%   346 1850s
 15965 10014  245.97500   80 2021  261.00000  242.87058  6.95%   346 1855s
 16008 10043  247.84615  108 1904  261.00000  242.87058  6.95%   347 1860s
 16069 10084  250.80754  140 1675  261.00000  242.87058  6.95%   348 1865s
 16169 10148  254.40778  186 1198  261.00000  242.87058  6.95%   347 1870s
 16314 10245  258.15502  222  965  261.00000  242.87058  6.95%   345 1875s
 16478 10314  242.92637   51 2758  261.00000  242.87151  6.95%   343 1880s
 16490 10322  243.66801   59 2349  261.00000  242.87151  6.95%   343 1885s
 16511 10336  244.96336   70 2125  261.00000  242.87151  6.95%   344 1890s
 16546 10360  247.51128   86 1970  261.00000  242.87151  6.95%   345 1895s
 16578 10381  248.90706   99 1784  261.00000  242.87151  6.95%   345 1900s
 16639 10422  252.05849  127 1485  261.00000  242.87151  6.95%   345 1905s
 16669 10442  252.13387  145 1464  261.00000  242.87151  6.95%   346 1910s
 16787 10520  257.42157  193 1071  261.00000  242.87151  6.95%   344 1915s
 16898 10565  242.93523   51 2802  261.00000  242.87225  6.95%   343 1920s
 16905 10570  244.00048   57 2404  261.00000  242.87225  6.95%   344 1925s
 16918 10579  245.09768   68 2139  261.00000  242.87225  6.95%   344 1930s
 16940 10593  246.83171   77 1929  261.00000  242.87225  6.95%   345 1935s
 16952 10601  247.80106   86 1936  261.00000  242.87225  6.95%   345 1941s
 16956 10604  247.65705   85 1939  261.00000  242.87225  6.95%   345 1945s
 16992 10628  249.50268  109 1713  261.00000  242.87225  6.95%   346 1950s
 17042 10661  251.18648  133 1463  261.00000  242.87225  6.95%   346 1955s
 17076 10684  251.89656  153 1248  261.00000  242.87225  6.95%   346 1960s
 17157 10738  255.12729  182 1196  261.00000  242.87225  6.95%   346 1965s
 17263 10809  258.09642  220 1122  261.00000  242.87225  6.95%   345 1990s
 17307 10830  259.39302  229 1095  261.00000  242.87225  6.95%   345 1995s
 17324 10821  243.45970   57 2550  261.00000  242.87331  6.95%   346 2000s
 17332 10827  244.27820   65 2324  261.00000  242.87331  6.95%   346 2005s
 17346 10836  245.64832   74 1940  261.00000  242.87331  6.95%   347 2010s
 17372 10853  246.43363   86 1950  261.00000  242.87331  6.95%   347 2015s
 17413 10881  248.34751  109 1791  261.00000  242.87331  6.95%   347 2020s
 17513 10947  251.75286  148 1406  261.00000  242.87331  6.95%   347 2025s
 17638 11031  256.22466  200 1164  261.00000  242.87331  6.95%   346 2030s
 17759 11096  242.94116   54 2742  261.00000  242.87348  6.95%   344 2036s
 17764 11100  243.71991   59 2486  261.00000  242.87348  6.95%   345 2040s
 17788 11116  246.61650   83 1842  261.00000  242.87348  6.95%   345 2045s
 17822 11138  249.27746  117 1456  261.00000  242.87348  6.95%   345 2050s
 17937 11200  242.91685   55 2819  261.00000  242.87348  6.95%   344 2055s
 17943 11204  243.94356   61 2463  261.00000  242.87348  6.95%   344 2060s
 17949 11208  244.21545   67 2383  261.00000  242.87348  6.95%   344 2066s
 17952 11210  244.98671   70 2271  261.00000  242.87348  6.95%   345 2071s
 17981 11229  247.43760   99 1942  261.00000  242.87348  6.95%   345 2075s
 18026 11259  250.66444  144 1651  261.00000  242.87348  6.95%   345 2080s
 18094 11305  256.26760  212 1187  261.00000  242.87348  6.95%   344 2085s
 18161 11330  243.08287   56 2602  261.00000  242.88905  6.94%   344 2091s
 18168 11335  243.70692   59 2409  261.00000  242.88905  6.94%   344 2095s
 18186 11347  244.83091   68 2094  261.00000  242.88905  6.94%   345 2100s
 18214 11366  246.91732   82 1752  261.00000  242.88905  6.94%   345 2107s
 18246 11387  248.60840   98 1569  261.00000  242.88905  6.94%   345 2110s
 18332 11444  251.73369  141 1072  261.00000  242.88905  6.94%   345 2115s
 18432 11511  256.38327  191 1126  261.00000  242.88905  6.94%   345 2120s
 18525 11536  243.45628   61 2499  261.00000  242.89025  6.94%   344 2125s
 18537 11544  244.83106   73 2163  261.00000  242.89025  6.94%   344 2130s
 18552 11554  246.55569   88 2178  261.00000  242.89025  6.94%   345 2138s
 18560 11559  247.31655   96 2050  261.00000  242.89025  6.94%   345 2140s
 18656 11623  256.22500  192 1208  261.00000  242.89025  6.94%   344 2145s
 18721 11654  243.21341   58 2606  261.00000  242.90152  6.93%   344 2150s
 18734 11662  244.78473   71 2029  261.00000  242.90152  6.93%   344 2155s
 18798 11705  249.37136  135 1293  261.00000  242.90152  6.93%   344 2160s
 19004 11842  259.72389  341  305  261.00000  242.90152  6.93%   342 2165s
 19024 11844  243.72346   62 2469  261.00000  242.90293  6.93%   342 2170s
 19033 11850  244.80355   69 2154  261.00000  242.90293  6.93%   343 2175s
 19041 11855  245.62738   74 2078  261.00000  242.90293  6.93%   343 2180s
 19059 11867  246.50312   82 2009  261.00000  242.90293  6.93%   343 2186s
 19087 11886  248.28303   93 1807  261.00000  242.90293  6.93%   343 2190s
 19129 11914  250.30070  112 1525  261.00000  242.90293  6.93%   344 2195s
 19178 11946  252.45909  136 1389  261.00000  242.90293  6.93%   344 2200s
 19263 12003  256.08979  166 1133  261.00000  242.90293  6.93%   344 2205s
 19352 12062  259.30663  195 1127  261.00000  242.90293  6.93%   344 2210s
 19381 12068  244.00285   62 2200  261.00000  242.90340  6.93%   344 2215s
 19455 12117  250.36608  136 1431  261.00000  242.90340  6.93%   344 2220s
 19570 12166  243.33966   56 2763  261.00000  242.90981  6.93%   343 2226s
 19575 12169  244.06503   61 2490  261.00000  242.90981  6.93%   344 2230s
 19592 12180  245.69809   78 2269  261.00000  242.90981  6.93%   344 2235s
 19644 12215  249.02561  130 1787  261.00000  242.90981  6.93%   344 2240s
 19727 12270  257.72649  213 1248  261.00000  242.90981  6.93%   343 2245s
 19752 12278  259.31132  230 1093  261.00000  242.90981  6.93%   343 2250s
 19766 12279  243.82146   63 2435  261.00000  242.91141  6.93%   343 2255s
 19785 12292  245.42444   82 2024  261.00000  242.91141  6.93%   344 2260s
 19845 12332  254.13551  142 1425  261.00000  242.91141  6.93%   344 2265s
 19908 12355  243.04493   59 2746  261.00000  242.91503  6.93%   344 2270s
 19917 12361  243.73182   63 2505  261.00000  242.91503  6.93%   345 2275s
 19925 12366  243.96495   66 2412  261.00000  242.91503  6.93%   345 2280s
 19940 12376  245.97715   77 1900  261.00000  242.91503  6.93%   346 2286s
 19966 12394  247.09572   85 1722  261.00000  242.91503  6.93%   345 2290s
 20040 12443  251.79551  119 1554  261.00000  242.91503  6.93%   345 2295s
 20074 12466  253.23530  129 1518  261.00000  242.91503  6.93%   346 2300s
 20154 12519  259.45607  162 1094  261.00000  242.91503  6.93%   345 2305s
 20207 12522  243.95454   63 2438  261.00000  242.91685  6.93%   345 2310s
 20220 12531  245.26670   76 2181  261.00000  242.91685  6.93%   346 2315s
 20233 12540  247.03010   89 2037  261.00000  242.91685  6.93%   346 2320s
 20301 12585  252.19307  157 1627  261.00000  242.91685  6.93%   346 2325s
 20403 12636  243.31635   58 2509  261.00000  242.91759  6.93%   345 2330s
 20421 12648  244.99962   76 1905  261.00000  242.91759  6.93%   346 2335s
 20473 12683  248.15687  128 1426  261.00000  242.91759  6.93%   346 2340s
 20637 12792  257.89544  292  571  261.00000  242.91759  6.93%   345 2345s
 20697 12814  243.94976   66 2576  261.00000  242.91785  6.93%   345 2350s
 20716 12827  246.43055   85 2145  261.00000  242.91785  6.93%   345 2355s
 20769 12862  251.55884  138 1591  261.00000  242.91785  6.93%   345 2360s
 20868 12911  243.18797   57 2740  261.00000  242.92120  6.93%   344 2365s
 20873 12914  243.89767   62 2477  261.00000  242.92120  6.93%   345 2370s
 20897 12930  246.23010   86 2046  261.00000  242.92120  6.93%   345 2375s
 20937 12957  248.75431  126 1734  261.00000  242.92120  6.93%   345 2381s
 20938 12958  248.77930  127 1714  261.00000  242.92120  6.93%   345 2385s
 20943 12961  248.83776  132 1663  261.00000  242.92120  6.93%   345 2390s
 21042 13027  258.68952  231 1079  261.00000  242.92120  6.93%   344 2395s
 21104 13022  243.69932   63 2482  261.00000  242.92508  6.93%   344 2400s
 21122 13034  245.41156   81 2121  261.00000  242.92508  6.93%   345 2405s
 21182 13074  251.72044  141 1598  261.00000  242.92508  6.93%   345 2410s
 21282 13119  242.93620   54 2856  261.00000  242.92508  6.93%   345 2415s
 21293 13126  244.16397   65 2349  261.00000  242.92508  6.93%   345 2420s
 21334 13154  247.80993  106 2039  261.00000  242.92508  6.93%   345 2425s
 21421 13212  257.52147  193 1333  261.00000  242.92508  6.93%   346 2430s
 21474 13235  243.55902   56 2580  261.00000  242.92637  6.92%   345 2435s
 21500 13252  246.18172   71 1896  261.00000  242.92637  6.92%   346 2440s
 21561 13293  248.56572   99 1550  261.00000  242.92637  6.92%   346 2445s
 21648 13351  251.23210  135 1160  261.00000  242.92637  6.92%   346 2450s
 21776 13436  254.60278  197 1014  261.00000  242.92637  6.92%   345 2455s
 21862 13494  256.44213  219  895  261.00000  242.92637  6.92%   346 2464s
 21893 13514  256.83907  234  709  261.00000  242.92637  6.92%   346 2465s
 22040 13606  259.35957  271  938  261.00000  242.92637  6.92%   345 2470s
 22084 13610  244.66530   67 2327  261.00000  242.92954  6.92%   345 2475s
 22138 13646  249.49608  121 1717  261.00000  242.92954  6.92%   345 2480s
 22212 13695  253.81945  195 1294  261.00000  242.92954  6.92%   345 2485s
 22313 13726  243.58762   59 2597  261.00000  242.93116  6.92%   344 2490s
 22341 13745  246.07439   87 1777  261.00000  242.93116  6.92%   345 2495s
 22541 13878  258.19218  287  459  261.00000  242.93116  6.92%   343 2500s
 22620 13891  244.38742   66 2331  261.00000  242.93116  6.92%   343 2505s
 22655 13914  246.76000  101 1958  261.00000  242.93116  6.92%   343 2510s
 22664 13920  247.73212  110 1979  261.00000  242.93116  6.92%   343 2515s
 22760 13984  256.57552  206 1282  261.00000  242.93116  6.92%   343 2520s
 22835 13995  243.39307   58 2507  261.00000  242.93500  6.92%   342 2525s
 22854 14008  245.52682   77 2176  261.00000  242.93500  6.92%   342 2530s
 22894 14035  249.23515  117 1751  261.00000  242.93500  6.92%   343 2535s
 22941 14066  254.81988  164 1303  261.00000  242.93500  6.92%   343 2540s
 23029 14092  243.60684   59 2561  261.00000  242.93523  6.92%   342 2545s
 23039 14098  244.10646   64 2226  261.00000  242.93523  6.92%   343 2550s
 23046 14103  244.35660   67 2084  261.00000  242.93523  6.92%   343 2555s
 23067 14117  245.87995   78 1826  261.00000  242.93523  6.92%   344 2560s
 23118 14151  249.60847  103 1584  261.00000  242.93523  6.92%   344 2566s
 23183 14194  251.64566  136 1363  261.00000  242.93523  6.92%   344 2570s
 23210 14212  254.90336  149 1154  261.00000  242.93523  6.92%   345 2576s
 23335 14296  257.97046  212  719  261.00000  242.93523  6.92%   344 2580s
 23384 14313  243.85134   56 2486  261.00000  242.93574  6.92%   344 2585s
 23403 14326  245.76956   64 1977  261.00000  242.93574  6.92%   344 2593s
 23407 14329  246.30911   66 1934  261.00000  242.93574  6.92%   345 2595s
 23444 14353  247.52125   79 1843  261.00000  242.93574  6.92%   345 2600s
 23519 14403  251.84028  111 1157  261.00000  242.93574  6.92%   345 2605s
 23601 14458  255.96048  140 1242  261.00000  242.93574  6.92%   346 2610s
 23697 14471  243.20784   57 2816  261.00000  242.93574  6.92%   346 2616s
 23706 14477  244.53738   66 2345  261.00000  242.93574  6.92%   346 2620s
 23724 14489  245.72209   84 2196  261.00000  242.93574  6.92%   347 2625s
 23780 14526  250.73224  140 1620  261.00000  242.93574  6.92%   347 2630s
 23804 14542  253.08614  164 1362  261.00000  242.93574  6.92%   347 2635s
 23934 14620  259.04461  287  842  261.00000  242.93574  6.92%   346 2640s
 23962 14625  243.79347   65 2429  261.00000  242.93620  6.92%   346 2645s
 23972 14631  244.56189   75 2220  261.00000  242.93620  6.92%   346 2656s
 23984 14639  246.27409   87 2077  261.00000  242.93620  6.92%   346 2660s
 24016 14661  250.00160  119 1840  261.00000  242.93620  6.92%   347 2665s
 24076 14701  255.51567  179 1246  261.00000  242.93620  6.92%   347 2670s
 24174 14743  243.74025   62 2376  261.00000  242.93699  6.92%   347 2675s
 24184 14750  244.25250   72 2193  261.00000  242.93699  6.92%   347 2681s
 24185 14750  244.43943   73 2162  261.00000  242.93699  6.92%   347 2685s
 24188 14752  245.04869   76 2112  261.00000  242.93699  6.92%   347 2691s
 24221 14774  248.02406  109 1299  261.00000  242.93699  6.92%   347 2696s
 24328 14846  255.15542  216  872  261.00000  242.93699  6.92%   347 2700s
 24540 14942  243.43393   56 2550  261.00000  242.93699  6.92%   344 2705s
 24554 14951  244.97238   70 2265  261.00000  242.93699  6.92%   345 2710s
 24607 14987  250.50141  123 1414  261.00000  242.93699  6.92%   345 2715s
 24719 15051     cutoff  230       261.00000  242.93699  6.92%   344 2720s
 24741 15053  244.10981   62 2359  261.00000  242.93803  6.92%   345 2725s
 24748 15058  244.49474   68 2136  261.00000  242.93803  6.92%   345 2730s
 24783 15081  245.47872   88 2049  261.00000  242.93803  6.92%   345 2735s
 24847 15124  248.51622  119 1570  261.00000  242.93803  6.92%   345 2740s
 24925 15176  251.98714  149 1348  261.00000  242.93803  6.92%   345 2745s
 24977 15210  253.28918  174 1159  261.00000  242.93803  6.92%   345 2750s
 25104 15295  257.67132  228  985  261.00000  242.93803  6.92%   345 2755s
 25230 15372  259.40220  273  764  261.00000  242.93803  6.92%   343 2760s
 25269 15380  244.32274   68 2396  261.00000  242.93803  6.92%   343 2765s
 25307 15405  249.54796  106 1716  261.00000  242.93803  6.92%   344 2770s
 25372 15449  257.90727  171 1218  261.00000  242.93803  6.92%   344 2775s
 25402 15455  243.14265   57 2818  261.00000  242.93828  6.92%   344 2780s
 25418 15465  244.75136   73 2204  261.00000  242.93828  6.92%   344 2785s
 25489 15513  251.78080  144 1563  261.00000  242.93828  6.92%   344 2790s
 25586 15573  259.74978  241  984  261.00000  242.93828  6.92%   344 2795s
 25603 15573  243.94226   60 2475  261.00000  242.93828  6.92%   344 2800s
 25633 15593  246.72507   90 1869  261.00000  242.93828  6.92%   345 2808s
 25666 15615  250.69640  123 1691  261.00000  242.93828  6.92%   345 2810s
 25730 15657  258.73494  187 1208  261.00000  242.93828  6.92%   345 2815s
 25756 15658  243.54925   60 2486  261.00000  242.93890  6.92%   345 2820s
 25772 15668  245.11355   76 2327  261.00000  242.93890  6.92%   345 2825s
 25821 15701  249.81033  125 1866  261.00000  242.93890  6.92%   345 2830s
 25928 15772  257.34004  232 1301  261.00000  242.93890  6.92%   345 2835s
 25987 15790  243.28078   57 2603  261.00000  242.93903  6.92%   345 2840s
 26017 15810  246.00283   87 1654  261.00000  242.93903  6.92%   345 2845s
 26140 15892  254.12006  210  578  261.00000  242.93903  6.92%   344 2850s
 26249 15963  259.98982  319  184  261.00000  242.93903  6.92%   343 2859s
 26303 15979  243.12478   56 2754  261.00000  242.93904  6.92%   343 2862s
 26311 15985  243.93205   64 2379  261.00000  242.93904  6.92%   343 2865s
 26339 16003  246.57183   92 1958  261.00000  242.93904  6.92%   343 2873s
 26354 16013  248.22043  107 1725  261.00000  242.93904  6.92%   343 2875s
 26436 16066  258.81018  188 1220  261.00000  242.93904  6.92%   343 2880s
 26459 16065  243.84528   63 2378  261.00000  242.93967  6.92%   343 2885s
 26487 16084  246.38229   91 2016  261.00000  242.93967  6.92%   344 2890s
 26535 16116  250.06952  139 1631  261.00000  242.93967  6.92%   344 2895s
 26646 16159  242.97004   57 2715  261.00000  242.93998  6.92%   343 2901s
 26655 16165  243.94033   63 2376  261.00000  242.93998  6.92%   344 2905s
 26669 16174  244.65662   68 2280  261.00000  242.93998  6.92%   344 2910s
 26716 16206  248.40376   90 1633  261.00000  242.93998  6.92%   344 2917s
 26816 16272  256.52783  131 1068  261.00000  242.93998  6.92%   344 2920s
 26934 16314  242.97284   56 2821  261.00000  242.94059  6.92%   344 2926s
 26953 16327  245.43180   75 2192  261.00000  242.94059  6.92%   344 2930s
 27000 16358  250.66846  122 1695  261.00000  242.94059  6.92%   344 2935s
 27063 16400  255.91326  185 1127  261.00000  242.94059  6.92%   344 2940s
 27137 16418  243.66607   59 2489  261.00000  242.94116  6.92%   344 2945s
 27160 16434  245.77995   82 2092  261.00000  242.94116  6.92%   344 2950s
 27229 16480  253.65418  151 1443  261.00000  242.94116  6.92%   344 2958s
 27279 16511  259.29293  200 1093  261.00000  242.94116  6.92%   344 2960s
 27323 16509  243.98104   63 2488  261.00000  242.94125  6.92%   344 2965s
 27340 16521  245.10475   75 2205  261.00000  242.94125  6.92%   344 2970s
 27373 16543  246.65523   91 1772  261.00000  242.94125  6.92%   345 2975s
 27419 16573  249.16532  117 1754  261.00000  242.94125  6.92%   345 2980s
 27451 16595  249.66794  127 1555  261.00000  242.94125  6.92%   345 2985s
 27578 16679  254.31301  181 1195  261.00000  242.94125  6.92%   345 2990s
 27713 16769  257.85185  249  857  261.00000  242.94125  6.92%   344 2995s
 27783 16798  243.68957   63 2671  261.00000  242.94250  6.92%   344 3000s
 27798 16808  245.21608   78 1970  261.00000  242.94250  6.92%   345 3007s
 27812 16817  246.20162   92 1793  261.00000  242.94250  6.92%   345 3010s
 27916 16887  254.06278  196  796  261.00000  242.94250  6.92%   345 3015s
 27986 16933  256.89116  266  503  261.00000  242.94250  6.92%   344 3020s
 28125 17005  243.98993   60 2338  261.00000  242.94250  6.92%   343 3025s
 28127 17006  244.05212   61 2357  261.00000  242.94250  6.92%   343 3030s
 28136 17012  245.03080   65 2091  261.00000  242.94250  6.92%   343 3035s
 28202 17056  247.81906   98 1646  261.00000  242.94250  6.92%   343 3040s
 28254 17091  250.53271  124 1262  261.00000  242.94250  6.92%   343 3045s
 28424 17204  254.24102  209  805  261.00000  242.94250  6.92%   342 3050s
 28567 17283  243.24299   55 2744  261.00000  242.94452  6.92%   342 3056s
 28576 17289  244.41954   64 2221  261.00000  242.94452  6.92%   342 3060s
 28624 17321  249.36306  112 1696  261.00000  242.94452  6.92%   342 3065s
 28744 17373  243.30525   57 2804  261.00000  242.94501  6.92%   342 3072s
 28754 17379  244.33034   67 2426  261.00000  242.94501  6.92%   342 3075s
 28768 17389  246.34334   81 1880  261.00000  242.94501  6.92%   342 3080s
 28857 17448  255.15861  170 1046  261.00000  242.94501  6.92%   342 3085s
 28951 17500  259.79352  256  958  261.00000  242.94501  6.92%   341 3090s
 28965 17498  243.83181   59 2535  261.00000  242.94515  6.92%   342 3095s
 28982 17509  245.67057   76 2181  261.00000  242.94515  6.92%   342 3100s
 28998 17520  246.50146   92 1925  261.00000  242.94515  6.92%   342 3105s
 29051 17555  253.45155  145 1227  261.00000  242.94515  6.92%   342 3110s
 29116 17599  258.55335  210 1143  261.00000  242.94515  6.92%   342 3115s
 29139 17599  244.01515   61 2428  261.00000  242.94775  6.92%   342 3120s
 29154 17609  245.12726   76 2238  261.00000  242.94775  6.92%   342 3125s
 29191 17634  249.55013  113 1706  261.00000  242.94775  6.92%   342 3130s
 29282 17694  259.57473  204 1094  261.00000  242.94775  6.92%   342 3135s
 29304 17691  243.48173   62 2552  261.00000  242.95340  6.91%   342 3140s
 29318 17700  244.97603   76 2246  261.00000  242.95340  6.91%   343 3190s
 29345 17718  247.97616  103 1810  261.00000  242.95340  6.91%   343 3198s
 29372 17736  249.84726  130 1542  261.00000  242.95340  6.91%   343 3203s
 29407 17760  252.01859  165 1469  261.00000  242.95340  6.91%   343 3205s
 29526 17824  243.52905   58 2522  261.00000  242.95537  6.91%   342 3210s
 29536 17831  244.70803   68 2047  261.00000  242.95537  6.91%   342 3215s
 29569 17853  248.04245  101 1482  261.00000  242.95537  6.91%   343 3220s
 29664 17916  254.11123  196  675  261.00000  242.95537  6.91%   343 3225s
 29816 18001  243.58661   57 2512  261.00000  242.95627  6.91%   341 3230s
 29845 18021  246.78869   86 1930  261.00000  242.95627  6.91%   342 3235s
 29905 18061  253.98704  146 1570  261.00000  242.95627  6.91%   342 3241s
 29916 18068  254.58578  157 1496  261.00000  242.95627  6.91%   342 3245s
 29970 18088  243.39467   55 2759  261.00000  242.95714  6.91%   342 3251s
 29976 18092  244.05242   58 2376  261.00000  242.95714  6.91%   342 3255s
 29987 18099  244.66224   63 2049  261.00000  242.95714  6.91%   342 3260s
 30003 18110  245.36111   69 2173  261.00000  242.95714  6.91%   343 3266s
 30026 18125  246.61683   79 2146  261.00000  242.95714  6.91%   343 3270s
 30063 18150  248.78526   91 1897  261.00000  242.95714  6.91%   343 3275s
 30133 18197  255.83315  126 1444  261.00000  242.95714  6.91%   343 3280s
 30266 18232  242.96392   55 2904  261.00000  242.96219  6.91%   342 3285s
 30278 18240  243.83417   63 2348  261.00000  242.96219  6.91%   343 3290s
 30294 18251  244.85078   75 2086  261.00000  242.96219  6.91%   343 3295s
 30324 18271  246.37678   89 1949  261.00000  242.96219  6.91%   343 3300s
 30333 18277  247.03999   92 1917  261.00000  242.96219  6.91%   343 3305s
 30376 18306  249.34789  113 1747  261.00000  242.96219  6.91%   344 3310s
 30453 18357  252.14784  154 1352  261.00000  242.96219  6.91%   344 3315s
 30606 18457  255.74092  220 1141  261.00000  242.96219  6.91%   342 3320s
 30758 18555  259.53301  253  952  261.00000  242.96219  6.91%   342 3325s
 30779 18555  244.08999   66 2379  261.00000  242.96465  6.91%   342 3330s
 30801 18570  247.15883   88 1956  261.00000  242.96465  6.91%   342 3339s
 30808 18575  248.55717   95 1761  261.00000  242.96465  6.91%   342 3340s
 30867 18614  255.09124  154 1652  261.00000  242.96465  6.91%   342 3345s
 30916 18642  242.99679   57 2785  261.00000  242.96749  6.91%   342 3352s
 30921 18647  243.81623   62 2444  261.00000  242.96749  6.91%   343 3355s
 30930 18656  244.60833   71 2175  261.00000  242.96749  6.91%   343 3360s
 30975 18701  247.74554  116 1696  261.00000  242.96749  6.91%   343 3365s
 31023 18749  252.76664  164 1422  261.00000  242.96749  6.91%   343 3370s
 31111 18822  243.42942   58 2622  261.00000  242.97400  6.91%   343 3375s
 31133 18844  245.77330   80 1951  261.00000  242.97400  6.91%   343 3380s
 31232 18943  255.61583  179 1230  261.00000  242.97400  6.91%   343 3385s
 31280 18967  244.76605   65 2071  261.00000  242.97447  6.91%   343 3390s
 31366 19053  253.16491  151 1197  261.00000  242.97447  6.91%   343 3395s
 31527 19194  243.15650   56 2819  261.00000  242.97447  6.91%   342 3401s
 31537 19204  244.51389   66 2281  261.00000  242.97447  6.91%   342 3405s
 31561 19228  246.79770   90 1900  261.00000  242.97447  6.91%   342 3410s
 31615 19282  254.46095  144 1537  261.00000  242.97447  6.91%   343 3415s
 31702 19351  243.04885   56 2894  261.00000  242.97571  6.91%   342 3421s
 31707 19356  243.76239   61 2447  261.00000  242.97571  6.91%   343 3425s
 31733 19382  246.43060   87 2034  261.00000  242.97571  6.91%   343 3430s
 31785 19434  251.22088  139 1620  261.00000  242.97571  6.91%   343 3435s
 31862 19499  243.43873   57 2761  261.00000  242.97571  6.91%   343 3440s
 31872 19509  244.29971   67 2317  261.00000  242.97571  6.91%   343 3445s
 31904 19541  247.99505   99 1790  261.00000  242.97571  6.91%   343 3451s
 31910 19547  248.76384  105 1706  261.00000  242.97571  6.91%   343 3455s
 31917 19554  248.99976  112 1743  261.00000  242.97571  6.91%   343 3460s
 31971 19608  253.23879  166 1556  261.00000  242.97571  6.91%   343 3465s
 32023 19644  243.37727   57 2812  261.00000  242.97771  6.91%   343 3470s
 32032 19653  244.20030   66 2396  261.00000  242.97771  6.91%   343 3475s
 32058 19679  246.29490   92 1970  261.00000  242.97771  6.91%   344 3480s
 32077 19698  248.81190  111 1801  261.00000  242.97771  6.91%   344 3485s
 32178 19799  257.44596  212 1322  261.00000  242.97771  6.91%   343 3490s
 32222 19817  243.49998   57 2662  261.00000  242.98060  6.90%   343 3495s
 32226 19821  243.83469   61 2506  261.00000  242.98060  6.90%   344 3501s
 32245 19840  245.69067   80 2070  261.00000  242.98060  6.90%   344 3505s
 32312 19907  250.96963  147 1638  261.00000  242.98060  6.90%   344 3510s
 32393 19988  259.40799  228 1138  261.00000  242.98060  6.90%   343 3515s
 32431 19989  243.18413   58 2717  261.00000  242.98439  6.90%   343 3520s
 32435 19993  243.68135   60 2638  261.00000  242.98439  6.90%   344 3525s
 32445 20003  244.74716   65 2247  261.00000  242.98439  6.90%   344 3530s
 32450 20008  245.01158   67 2236  261.00000  242.98439  6.90%   344 3535s
 32464 20022  246.07252   74 2246  261.00000  242.98439  6.90%   344 3540s
 32492 20050  247.59955   88 2002  261.00000  242.98439  6.90%   345 3545s
 32571 20129  253.49447  128 1217  261.00000  242.98439  6.90%   345 3550s
 32695 20253  257.67127  190 1233  261.00000  242.98439  6.90%   344 3555s
 32746 20285  243.58109   58 2609  261.00000  242.98444  6.90%   344 3560s
 32758 20297  244.96417   68 2036  261.00000  242.98444  6.90%   345 3565s
 32767 20306  245.58369   75 1926  261.00000  242.98444  6.90%   345 3570s
 32794 20333  247.09789   84 1887  261.00000  242.98444  6.90%   345 3575s
 32876 20415  249.83327  128 1323  261.00000  242.98444  6.90%   345 3580s
 32904 20443  251.25071  140 1278  261.00000  242.98444  6.90%   345 3585s
 32960 20499  252.91095  162 1167  261.00000  242.98444  6.90%   345 3590s
 33059 20598  256.19918  204  941  261.00000  242.98444  6.90%   345 3598s

Cutting planes:
  Gomory: 14
  Cover: 471
  Implied bound: 94
  Clique: 29
  MIR: 1175
  Mixing: 10
  StrongCG: 18
  Flow cover: 2737
  GUB cover: 373
  Zero half: 201
  RLT: 83
  Relax-and-lift: 202
  BQP: 25

Explored 33101 nodes (11494227 simplex iterations) in 3599.87 seconds (3009.11 work units)
Thread count was 1 (of 16 available processors)

Solution count 10: 261 262 263 ... 270

Time limit reached
Best objective 2.610000000000e+02, best bound 2.430000000000e+02, gap 6.8966%

User-callback calls 768138, time in user-callback 1.04 sec
Stat(MathOptInterface.TIME_LIMIT, 261.0, 243.0, 0.06896551724137931, 0.0, 0.138053, 3599.8726069927216, 33101, Main.CFLG.EVFP, "", #undef)
