Data path: /scratch/opt/lxu/CFLG/benchmarks/Kgroup_A
Instance: K100.10.red
Result path: /scratch/opt/lxu/CFLG/results/Kgroup_A
Solver: Gurobi
Time limit: 3600
Formulation: LEFPD
Cover: Large
julia --project=. src/main.jl /scratch/opt/lxu/CFLG/benchmarks/Kgroup_A K100.10.red /scratch/opt/lxu/CFLG/results/Kgroup_A Gurobi 3600 LEFPD Large
The latest version of Julia in the `release` channel is 1.11.5+0.x64.linux.gnu. You currently have `1.11.4+0.x64.linux.gnu` installed. Run:

  juliaup update

in your terminal shell to install Julia 1.11.5+0.x64.linux.gnu and update the `release` channel to that version.
/scratch/opt/lxu/CFLG/benchmarks/Kgroup_A Gurobi 3600.0 /scratch/opt/lxu/CFLG/results/Kgroup_A K100.10.red LEFPD Large
/scratch/opt/lxu/CFLG/benchmarks/Kgroup_A/K100.10.red

 read graph
data loaded


after absorb:27 27

max_piece:4
problem_graph/original graph: node: 35/27 edge: 86/78 dlt: 0.7151160756201429 break_avg_len: 0.3242968249905303 break_max_len: 0.7151153605040672Set parameter TokenServer to value "solice01.zib.de"
Set parameter Threads to value 1
Set parameter OutputFlag to value 1
Gurobi Optimizer version 12.0.1 build v12.0.1rc0 (linux64 - "Debian GNU/Linux 12 (bookworm)")

CPU model: Intel(R) Xeon(R) Gold 5122 CPU @ 3.60GHz, instruction set [SSE2|AVX|AVX2|AVX512]
Thread count: 8 physical cores, 16 logical processors, using up to 1 threads

Non-default parameters:
Threads  1

Optimize a model with 121 rows, 258 columns and 430 nonzeros
Model fingerprint: 0x1fe7061b
Coefficient statistics:
  Matrix range     [1e+00, 1e+00]
  Objective range  [1e+00, 1e+00]
  Bounds range     [1e+00, 1e+00]
  RHS range        [0e+00, 0e+00]
Presolve removed 121 rows and 258 columns
Presolve time: 0.00s
Presolve: All rows and columns removed
Iteration    Objective       Primal Inf.    Dual Inf.      Time
       0   -0.0000000e+00   0.000000e+00   0.000000e+00      0s

Solved in 0 iterations and 0.00 seconds (0.00 work units)
Optimal objective -0.000000000e+00

User-callback calls 35, time in user-callback 0.00 sec
elapsed CPU time: 1.149874 seconds
Set parameter TokenServer to value "solice01.zib.de"
Set parameter Threads to value 1
Set parameter OutputFlag to value 1
Set parameter MIPGap to value 0.0001
Set parameter MIPGapAbs to value 1
Set parameter TimeLimit to value 3598.850126

 more cuts:falsefalse
0 0
formulation:LEFPD0 86 35

 model loaded

Gurobi Optimizer version 12.0.1 build v12.0.1rc0 (linux64 - "Debian GNU/Linux 12 (bookworm)")

CPU model: Intel(R) Xeon(R) Gold 5122 CPU @ 3.60GHz, instruction set [SSE2|AVX|AVX2|AVX512]
Thread count: 8 physical cores, 16 logical processors, using up to 1 threads

Non-default parameters:
TimeLimit  3598.850126
MIPGapAbs  1
Threads  1

Optimize a model with 8758 rows, 5648 columns and 25978 nonzeros
Model fingerprint: 0x52913112
Variable types: 2824 continuous, 2824 integer (2824 binary)
Coefficient statistics:
  Matrix range     [7e-07, 1e+00]
  Objective range  [1e+00, 1e+00]
  Bounds range     [9e-03, 7e-01]
  RHS range        [9e-03, 1e+01]
Found heuristic solution: objective 30.0000000
Presolve removed 2595 rows and 437 columns
Presolve time: 0.10s
Presolved: 6163 rows, 5211 columns, 22299 nonzeros
Variable types: 2572 continuous, 2639 integer (2639 binary)

Root relaxation: objective 1.639899e+00, 3955 iterations, 0.13 seconds (0.22 work units)

    Nodes    |    Current Node    |     Objective Bounds      |     Work
 Expl Unexpl |  Obj  Depth IntInf | Incumbent    BestBd   Gap | It/Node Time

     0     0    1.63990    0  297   30.00000    1.63990  94.5%     -    0s
H    0     0                      27.0000000    1.63990  93.9%     -    0s
H    0     0                      24.0000000    1.63990  93.2%     -    0s
     0     0    1.92100    0  308   24.00000    1.92100  92.0%     -    0s
     0     0    1.93562    0  307   24.00000    1.93562  91.9%     -    0s
     0     0    2.07079    0  378   24.00000    2.07079  91.4%     -    1s
H    0     0                      20.0000000    2.07079  89.6%     -    1s
H    0     0                      19.0000000    2.07079  89.1%     -    1s
H    0     0                      18.0000000    2.07079  88.5%     -    1s
     0     0    2.07367    0  346   18.00000    2.07367  88.5%     -    1s
     0     0    2.19633    0  408   18.00000    2.19633  87.8%     -    1s
H    0     0                      17.0000000    2.19722  87.1%     -    1s
     0     0    2.20125    0  442   17.00000    2.20125  87.1%     -    1s
     0     0    2.20174    0  433   17.00000    2.20174  87.0%     -    1s
     0     0    2.20210    0  418   17.00000    2.20210  87.0%     -    1s
     0     0    2.20211    0  392   17.00000    2.20211  87.0%     -    1s
     0     0    2.25104    0  477   17.00000    2.25104  86.8%     -    1s
H    0     0                      15.0000000    2.25140  85.0%     -    1s
H    0     0                      13.0000000    2.25140  82.7%     -    1s
     0     0    2.25353    0  491   13.00000    2.25353  82.7%     -    1s
     0     0    2.25371    0  478   13.00000    2.25371  82.7%     -    1s
     0     0    2.25371    0  478   13.00000    2.25371  82.7%     -    1s
     0     0    2.27135    0  421   13.00000    2.27135  82.5%     -    2s
H    0     0                       6.0000000    2.27171  62.1%     -    2s
     0     0    2.27322    0  401    6.00000    2.27322  62.1%     -    2s
     0     0    2.27333    0  401    6.00000    2.27333  62.1%     -    2s
     0     0    2.28428    0  393    6.00000    2.28428  61.9%     -    2s
     0     0    2.28577    0  431    6.00000    2.28577  61.9%     -    2s
     0     0    2.28618    0  449    6.00000    2.28618  61.9%     -    2s
     0     0    2.28618    0  450    6.00000    2.28618  61.9%     -    2s
     0     0    2.33015    0  400    6.00000    2.33015  61.2%     -    2s
     0     0    2.33747    0  421    6.00000    2.33747  61.0%     -    2s
     0     0    2.33786    0  418    6.00000    2.33786  61.0%     -    2s
     0     0    2.33807    0  407    6.00000    2.33807  61.0%     -    2s
     0     0    2.33807    0  407    6.00000    2.33807  61.0%     -    2s
     0     0    2.36777    0  496    6.00000    2.36777  60.5%     -    2s
     0     0    2.37138    0  520    6.00000    2.37138  60.5%     -    2s
     0     0    2.37146    0  531    6.00000    2.37146  60.5%     -    2s
     0     0    2.41244    0  420    6.00000    2.41244  59.8%     -    2s
     0     0    2.42119    0  387    6.00000    2.42119  59.6%     -    3s
     0     0    2.42364    0  424    6.00000    2.42364  59.6%     -    3s
     0     0    2.42374    0  417    6.00000    2.42374  59.6%     -    3s
     0     0    2.43082    0  452    6.00000    2.43082  59.5%     -    3s
     0     0    2.43130    0  437    6.00000    2.43130  59.5%     -    3s
     0     0    2.43135    0  441    6.00000    2.43135  59.5%     -    3s
     0     0    2.43375    0  475    6.00000    2.43375  59.4%     -    3s
     0     0    2.43480    0  521    6.00000    2.43480  59.4%     -    3s
     0     0    2.43602    0  536    6.00000    2.43602  59.4%     -    3s
     0     0    2.43611    0  549    6.00000    2.43611  59.4%     -    3s
     0     0    2.44076    0  529    6.00000    2.44076  59.3%     -    3s
H    0     0                       5.0000000    2.44080  51.2%     -    3s
     0     0    2.44272    0  508    5.00000    2.44272  51.1%     -    3s
     0     0    2.44395    0  535    5.00000    2.44395  51.1%     -    3s
     0     0    2.44643    0  501    5.00000    2.44643  51.1%     -    3s
     0     0    2.44747    0  510    5.00000    2.44747  51.1%     -    3s
     0     0    2.44773    0  517    5.00000    2.44773  51.0%     -    3s
     0     0    2.44778    0  532    5.00000    2.44778  51.0%     -    4s
     0     0    2.44949    0  524    5.00000    2.44949  51.0%     -    4s
     0     0    2.45077    0  534    5.00000    2.45077  51.0%     -    4s
     0     0    2.45117    0  544    5.00000    2.45117  51.0%     -    4s
     0     0    2.45118    0  548    5.00000    2.45118  51.0%     -    4s
     0     0    2.45494    0  520    5.00000    2.45494  50.9%     -    4s
     0     0    2.45900    0  587    5.00000    2.45900  50.8%     -    4s
     0     0    2.45997    0  517    5.00000    2.45997  50.8%     -    4s
     0     0    2.46076    0  486    5.00000    2.46076  50.8%     -    4s
     0     0    2.46078    0  499    5.00000    2.46078  50.8%     -    4s
     0     0    2.46195    0  486    5.00000    2.46195  50.8%     -    4s
     0     0    2.46516    0  553    5.00000    2.46516  50.7%     -    4s
     0     0    2.46516    0  586    5.00000    2.46516  50.7%     -    4s
     0     0    2.46536    0  526    5.00000    2.46536  50.7%     -    4s
     0     0    2.46690    0  543    5.00000    2.46690  50.7%     -    4s
     0     0    2.46709    0  519    5.00000    2.46709  50.7%     -    4s
     0     0    2.46789    0  565    5.00000    2.46789  50.6%     -    4s
     0     0    2.46823    0  520    5.00000    2.46823  50.6%     -    4s
     0     0    2.46829    0  527    5.00000    2.46829  50.6%     -    4s
     0     0    2.47712    0  517    5.00000    2.47712  50.5%     -    5s
     0     0    2.47763    0  496    5.00000    2.47763  50.4%     -    5s
     0     0    2.47763    0  527    5.00000    2.47763  50.4%     -    5s
     0     0    2.47763    0  484    5.00000    2.47763  50.4%     -    5s
     0     2    2.47763    0  455    5.00000    2.47763  50.4%     -    5s
   296   240    2.77516    2  346    5.00000    2.77516  44.5%   191   10s
   575   441    3.52196   19  157    5.00000    2.90717  41.9%   201   15s
   603   463    3.08985   10  439    5.00000    2.90717  41.9%   196   20s
   616   472    3.57774   41  193    5.00000    3.18059  36.4%   192   25s
   633   483    3.50000   22  138    5.00000    3.50000  30.0%   187   30s
   686   483    4.00000   21  131    5.00000    3.50000  30.0%   336   35s
   791   471    4.00000   32   58    5.00000    3.50000  30.0%   346   40s
   912   442    3.65503   35  113    5.00000    3.60000  28.0%   335   45s
  1101   364    4.00000   27   84    5.00000    4.00000  20.0%   325   50s
  1327   285    4.00000   35   47    5.00000    4.00000  20.0%   307   55s

Cutting planes:
  Gomory: 5
  Lift-and-project: 6
  Cover: 33
  Implied bound: 59
  MIR: 18
  Flow cover: 31
  GUB cover: 51
  Zero half: 17
  RLT: 64
  Relax-and-lift: 21
  BQP: 77

Explored 1440 nodes (445270 simplex iterations) in 57.59 seconds (64.76 work units)
Thread count was 1 (of 16 available processors)

Solution count 10: 5 6 13 ... 27

Optimal solution found (tolerance 1.00e-04)
Best objective 5.000000000000e+00, best bound 4.000000000000e+00, gap 20.0000%

User-callback calls 17323, time in user-callback 0.02 sec

 sepatime0
5.0Stat(MathOptInterface.OPTIMAL, 5.0, 4.000000000000001, 0.19999999999999982, 0.0, 1.149874, 57.5870258808136, 1440, Main.CFLG.LEFPD, "", #undef)
