Data path: /scratch/opt/lxu/CFLG/benchmarks/Kgroup_B
Instance: K400.4.red
Result path: /scratch/opt/lxu/CFLG/results/Kgroup_B
Solver: Gurobi
Time limit: 7200
Formulation: EFP
Cover: Small
julia --project=. src/main.jl /scratch/opt/lxu/CFLG/benchmarks/Kgroup_B K400.4.red /scratch/opt/lxu/CFLG/results/Kgroup_B Gurobi 7200 EFP Small
The latest version of Julia in the `release` channel is 1.11.6+0.x64.linux.gnu. You currently have `1.11.4+0.x64.linux.gnu` installed. Run:

  juliaup update

in your terminal shell to install Julia 1.11.6+0.x64.linux.gnu and update the `release` channel to that version.
/scratch/opt/lxu/CFLG/benchmarks/Kgroup_B Gurobi 7200.0 /scratch/opt/lxu/CFLG/results/Kgroup_B K400.4.red EFP Small
/scratch/opt/lxu/CFLG/benchmarks/Kgroup_B/K400.4.red

 read graph
data loaded


after absorb:197 197

max_piece:19
problem_graph/original graph: node: 2943/197 edge: 3530/784 dlt: 0.05477336866861929 break_avg_len: 0.04865985386537962 break_max_len: 0.054758875910720484elapsed CPU time: 3.412699 seconds
Set parameter TokenServer to value "solice01.zib.de"
Set parameter Threads to value 1
Set parameter OutputFlag to value 1
Set parameter MIPGap to value 0.0001
Set parameter TimeLimit to value 7196.587301

 more cuts: false 0.05477336866861929 false
is_attach:falseformulation:EFP0 3530 2943

 model loaded

Gurobi Optimizer version 12.0.1 build v12.0.1rc0 (linux64 - "Debian GNU/Linux 12 (bookworm)")

CPU model: Intel(R) Xeon(R) Gold 5122 CPU @ 3.60GHz, instruction set [SSE2|AVX|AVX2|AVX512]
Thread count: 8 physical cores, 16 logical processors, using up to 1 threads

Non-default parameters:
TimeLimit  7196.587301
Threads  1

Optimize a model with 94109 rows, 52046 columns and 257022 nonzeros
Model fingerprint: 0xed7f3e67
Variable types: 10003 continuous, 42043 integer (42043 binary)
Coefficient statistics:
  Matrix range     [1e-06, 1e+00]
  Objective range  [1e+00, 1e+00]
  Bounds range     [2e-03, 5e-02]
  RHS range        [2e-03, 2e+01]
Found heuristic solution: objective 3520.0000000
Presolve removed 24898 rows and 7131 columns
Presolve time: 1.09s
Presolved: 69211 rows, 44915 columns, 255455 nonzeros
Variable types: 6473 continuous, 38442 integer (38442 binary)

Root relaxation: objective 6.345816e+02, 30409 iterations, 1.56 seconds (0.94 work units)
Total elapsed time = 5.25s (DegenMoves)

    Nodes    |    Current Node    |     Objective Bounds      |     Work
 Expl Unexpl |  Obj  Depth IntInf | Incumbent    BestBd   Gap | It/Node Time

     0     0  634.58159    0 7544 3520.00000  634.58159  82.0%     -   10s
H    0     0                    3476.0000000  634.58159  81.7%     -   10s
H    0     0                    3471.0000000  634.58159  81.7%     -   10s
     0     0  645.65349    0 9569 3471.00000  645.65349  81.4%     -   14s
     0     0  707.42825    0 10565 3471.00000  707.42825  79.6%     -   16s
     0     0  708.20919    0 10534 3471.00000  708.20919  79.6%     -   17s
     0     0  708.29208    0 10409 3471.00000  708.29208  79.6%     -   18s
     0     0  708.36740    0 10340 3471.00000  708.36740  79.6%     -   18s
     0     0  708.36740    0 10301 3471.00000  708.36740  79.6%     -   18s
     0     0  730.83225    0 11177 3471.00000  730.83225  78.9%     -   22s
H    0     0                    3352.0000000  730.83225  78.2%     -   23s
H    0     0                    3347.0000000  730.83225  78.2%     -   23s
     0     0  762.74424    0 11361 3347.00000  762.74424  77.2%     -   26s
     0     0  768.80529    0 11327 3347.00000  768.80529  77.0%     -   27s
     0     0  769.45159    0 11192 3347.00000  769.45159  77.0%     -   28s
     0     0  769.52802    0 11087 3347.00000  769.52802  77.0%     -   28s
     0     0  769.53051    0 10969 3347.00000  769.53051  77.0%     -   29s
     0     0  859.82539    0 10103 3347.00000  859.82539  74.3%     -   33s
H    0     0                    3194.0000000  859.82539  73.1%     -   33s
H    0     0                    3187.0000000  859.82539  73.0%     -   33s
H    0     0                    3186.0000000  859.82539  73.0%     -   33s
     0     0  862.03962    0 10263 3186.00000  862.03962  72.9%     -   35s
     0     0  862.58263    0 10340 3186.00000  862.58263  72.9%     -   37s
     0     0  862.78632    0 10095 3186.00000  862.78632  72.9%     -   37s
     0     0  862.78632    0 9999 3186.00000  862.78632  72.9%     -   38s
     0     0  886.87368    0 9532 3186.00000  886.87368  72.2%     -   41s
H    0     0                    2965.0000000  886.87368  70.1%     -   41s
H    0     0                    2959.0000000  886.87368  70.0%     -   41s
H    0     0                    2958.0000000  886.87368  70.0%     -   41s
H    0     0                    2948.0000000  886.87368  69.9%     -   41s
     0     0  888.73101    0 10053 2948.00000  888.73101  69.9%     -   43s
     0     0  889.12069    0 9789 2948.00000  889.12069  69.8%     -   44s
     0     0  889.12069    0 9732 2948.00000  889.12069  69.8%     -   44s
     0     0  894.74944    0 9350 2948.00000  894.74944  69.6%     -   47s
     0     0  895.66161    0 9668 2948.00000  895.66161  69.6%     -   49s
     0     0  895.86803    0 9521 2948.00000  895.86803  69.6%     -   49s
     0     0  895.86803    0 9383 2948.00000  895.86803  69.6%     -   50s
     0     0  901.05785    0 8647 2948.00000  901.05785  69.4%     -   51s
H    0     0                    2511.0000000  901.22451  64.1%     -   52s
H    0     0                    2478.0000000  901.22451  63.6%     -   52s
H    0     0                    2462.0000000  901.22451  63.4%     -   52s
     0     0  901.22451    0 8641 2462.00000  901.22451  63.4%     -   52s
     0     0  901.27101    0 8403 2462.00000  901.27101  63.4%     -   53s
     0     0  906.35361    0 8155 2462.00000  906.35361  63.2%     -   54s
     0     0  907.19457    0 8232 2462.00000  907.19457  63.2%     -   55s
     0     0  907.67213    0 8193 2462.00000  907.67213  63.1%     -   55s
     0     0  907.70300    0 8160 2462.00000  907.70300  63.1%     -   55s
     0     0  911.81395    0 8340 2462.00000  911.81395  63.0%     -   57s
H    0     0                    2383.0000000  911.81395  61.7%     -   57s
H    0     0                    2378.0000000  911.81395  61.7%     -   57s
H    0     0                    2355.0000000  911.81395  61.3%     -   57s
     0     0  912.84083    0 8428 2355.00000  912.84083  61.2%     -   58s
     0     0  912.99352    0 8325 2355.00000  912.99352  61.2%     -   58s
     0     0  913.00396    0 8082 2355.00000  913.00396  61.2%     -   58s
     0     0  916.08047    0 7847 2355.00000  916.08047  61.1%     -   60s
H    0     0                    2282.0000000  916.08047  59.9%     -   60s
     0     0  916.44784    0 8057 2282.00000  916.44784  59.8%     -   60s
     0     0  916.60557    0 7991 2282.00000  916.60557  59.8%     -   60s
     0     0  916.62914    0 7889 2282.00000  916.62914  59.8%     -   61s
     0     0  918.72438    0 7912 2282.00000  918.72438  59.7%     -   62s
H    0     0                    2083.0000000  918.72438  55.9%     -   63s
H    0     0                    2082.0000000  918.72438  55.9%     -   63s
H    0     0                    2056.0000000  918.72438  55.3%     -   63s
     0     0  919.15527    0 8301 2056.00000  919.15527  55.3%     -   63s
     0     0  919.30670    0 8047 2056.00000  919.30670  55.3%     -   64s
     0     0  919.35132    0 7921 2056.00000  919.35132  55.3%     -   64s
     0     0  921.18841    0 8171 2056.00000  921.18841  55.2%     -   65s
     0     0  921.49737    0 8234 2056.00000  921.49737  55.2%     -   66s
     0     0  921.81071    0 7994 2056.00000  921.81071  55.2%     -   66s
     0     0  921.82942    0 8032 2056.00000  921.82942  55.2%     -   66s
     0     0  923.40841    0 8111 2056.00000  923.40841  55.1%     -   68s
H    0     0                    1469.0000000  923.40841  37.1%     -   72s
H    0     0                    1466.0000000  923.40841  37.0%     -   72s
     0     0  923.72587    0 8228 1466.00000  923.72587  37.0%     -   73s
     0     0  923.83022    0 8267 1466.00000  923.83022  37.0%     -   73s
     0     0  925.41176    0 8063 1466.00000  925.41176  36.9%     -   74s
     0     0  925.94481    0 8241 1466.00000  925.94481  36.8%     -   75s
     0     0  926.20214    0 8150 1466.00000  926.20214  36.8%     -   75s
     0     0  926.22048    0 8101 1466.00000  926.22048  36.8%     -   76s
     0     0  927.23788    0 8010 1466.00000  927.23788  36.8%     -   77s
     0     0  927.69108    0 8050 1466.00000  927.69108  36.7%     -   77s
     0     0  927.77109    0 8014 1466.00000  927.77109  36.7%     -   77s
     0     0  928.97961    0 7922 1466.00000  928.97961  36.6%     -   78s
H    0     0                    1458.0000000  928.97961  36.3%     -   79s
     0     0  929.20406    0 8260 1458.00000  929.20406  36.3%     -   79s
     0     0  929.25013    0 8060 1458.00000  929.25013  36.3%     -   79s
     0     0  929.90454    0 8025 1458.00000  929.90454  36.2%     -   80s
     0     0  929.90454    0 6056 1458.00000  929.90454  36.2%     -   84s
H    0     0                    1435.0000000  929.90454  35.2%     -   85s
H    0     0                    1434.0000000  929.90454  35.2%     -   85s
H    0     0                    1381.0000000  929.90454  32.7%     -   89s
H    0     0                    1378.0000000  929.90454  32.5%     -   89s
H    0     0                    1369.0000000  929.90454  32.1%     -   92s
H    0     0                    1367.0000000  929.90454  32.0%     -   93s
H    0     0                    1366.0000000  929.90454  31.9%     -   94s
     0     2  929.90454    0 5731 1366.00000  929.90454  31.9%     -   94s
     8    10  930.40454    7 5643 1366.00000  929.90454  31.9%  2202   95s
H   26    26                    1356.0000000  929.90454  31.4%   728   96s
    75    77  930.26397   52 5491 1356.00000  929.90454  31.4%   308  100s
H  111   111                    1349.0000000  929.90454  31.1%   227  102s
H  111   111                    1347.0000000  929.90454  31.0%   227  103s
H  111   111                    1346.0000000  929.90454  30.9%   227  103s
H  111   111                    1345.0000000  929.90454  30.9%   227  104s
H  111   111                    1330.0000000  929.90454  30.1%   227  107s
   147   149  931.23619  100 5389 1330.00000  929.90454  30.1%   190  110s
   224   226  930.98875  152 5412 1330.00000  929.90454  30.1%   154  115s
H  270   270                    1329.0000000  929.90454  30.0%   148  118s
H  297   297                    1328.0000000  929.90454  30.0%   145  119s
   298   300  931.32047  197 5544 1328.00000  929.90454  30.0%   145  120s
H  324   324                    1327.0000000  929.90454  29.9%   139  121s
   378   380  932.12033  251 5583 1327.00000  929.90454  29.9%   130  125s
   459   461  932.89521  299 5572 1327.00000  929.90454  29.9%   119  130s
H  486   486                    1326.0000000  929.90454  29.9%   114  132s
H  513   513                    1324.0000000  929.90454  29.8%   112  134s
   528   530  934.74178  342 5510 1324.00000  929.90454  29.8%   112  135s
H  540   540                    1323.0000000  929.90454  29.7%   110  136s
H  567   567                    1322.0000000  929.90454  29.7%   110  137s
   598   600  934.89296  388 5566 1322.00000  929.90454  29.7%   108  140s
   671   673  935.69629  434 5687 1322.00000  929.90454  29.7%   105  145s
H  702   702                    1319.0000000  929.90454  29.5%   104  148s
H  729   729                    1318.0000000  929.90454  29.4%   102  150s
H  756   756                    1317.0000000  929.90454  29.4%   101  152s
H  783   783                    1316.0000000  929.90454  29.3%   100  154s
   787   789  936.98593  504 5752 1316.00000  929.90454  29.3%   100  155s
H  810   810                    1314.0000000  929.90454  29.2%   100  157s
   846   848  938.50525  539 5757 1314.00000  929.90454  29.2%  98.4  160s
   904   906  939.47068  575 5754 1314.00000  929.90454  29.2%  96.2  165s
   970   972  941.51978  613 5759 1314.00000  929.90454  29.2%  95.3  170s
H  979   979                    1313.0000000  929.90454  29.2%  95.1  171s
H  999   999                    1311.0000000  929.90454  29.1%  94.6  173s
  1023  1025  942.29759  641 5818 1311.00000  929.90454  29.1%  93.9  175s
H 1026  1026                    1310.0000000  929.90454  29.0%  93.7  175s
H 1045  1045                    1309.0000000  929.90454  29.0%  92.6  181s
H 1080  1078                    1308.0000000  929.90454  28.9%  91.2  185s
H 1107  1105                    1305.0000000  929.90454  28.7%  90.0  187s
H 1107  1105                    1304.0000000  929.90454  28.7%  90.0  187s
H 1134  1132                    1303.0000000  929.90454  28.6%  89.9  190s
  1188  1188  946.90258  735 5910 1303.00000  929.90454  28.6%  87.8  195s
  1244  1244  947.42365  766 5960 1303.00000  929.90454  28.6%  86.1  200s
  1296  1294  948.37568  794 5986 1303.00000  929.90454  28.6%  85.1  205s
  1350  1348  949.08417  824 6064 1303.00000  929.90454  28.6%  83.3  210s
  1404  1400  950.49448  857 5914 1303.00000  929.90454  28.6%  81.7  216s
  1447  1442  952.55062  883 5857 1303.00000  929.90454  28.6%  80.3  220s
  1499  1492  954.28810  912 5907 1303.00000  929.90454  28.6%  78.9  225s
  1558  1551  956.49451  951 5842 1303.00000  929.90454  28.6%  77.3  230s
  1607  1599  959.65000  982 5779 1303.00000  929.90454  28.6%  76.0  235s
  1660  1650  962.52247 1013 5801 1303.00000  929.90454  28.6%  75.6  240s
  1706  1695  967.74367 1042 5732 1303.00000  929.90454  28.6%  74.6  245s
  1781  1768  969.69148 1086 5669 1303.00000  929.90454  28.6%  72.8  250s
  1861  1848  972.62763 1136 5553 1303.00000  929.90454  28.6%  71.9  255s
H 1887  1872                    1302.0000000  929.90454  28.6%  71.3  257s
  1926  1911  975.48310 1175 5484 1302.00000  929.90454  28.6%  70.4  260s
H 1975  1954                    1301.0000000  929.90454  28.5%  69.3  262s
  2009  1990  981.87626 1230 5324 1301.00000  929.90454  28.5%  68.6  265s
  2010  1991  982.35723 1230 5320 1301.00000  929.90454  28.5%  68.6  272s
  2038  2014  984.92305 1248 5294 1301.00000  929.90454  28.5%  68.0  275s
  2124  2090  990.92054 1302 5190 1301.00000  929.90454  28.5%  66.5  280s
  2182  2143  994.71853 1336 5129 1301.00000  929.90454  28.5%  65.3  285s
  2286  2240 1004.65869 1407 4922 1301.00000  929.90454  28.5%  63.1  290s
  2356  2304 1009.79056 1449 4775 1301.00000  929.90454  28.5%  62.3  295s
  2460  2401 1018.18015 1521 4669 1301.00000  929.90454  28.5%  60.9  300s
  2522  2459 1029.89943 1564 4417 1301.00000  929.90454  28.5%  59.9  305s
H 2550  2481                    1300.0000000  929.90454  28.5%  59.6  307s
  2551  2482 1009.77372 1455 6056 1300.00000  929.90454  28.5%  59.5  312s
  2553  2483  951.99939  879 8570 1300.00000  929.90454  28.5%  59.5  323s
  2554  2484  934.78421  363 7896 1300.00000  929.90454  28.5%  59.5  332s
  2556  2485  966.82757  301 6898 1300.00000  966.82757  25.6%  59.4  339s
  2557  2486  969.24847  561 6873 1300.00000  969.24847  25.4%  59.4  341s
  2558  2487  988.38455  927 7007 1300.00000  988.38455  24.0%  59.4  346s
  2564  2491  998.57864  485 6788 1300.00000  998.57864  23.2%  59.2  353s
  2567  2493  999.71687  259 6874 1300.00000  999.71687  23.1%  59.2  355s
  2570  2495 1008.25975  792 6577 1300.00000 1008.25975  22.4%  59.1  361s
H 2574  2371                    1299.0000000 1015.75965  21.8%  59.0  368s
  2577  2373 1016.59584 1008 6754 1299.00000 1016.59584  21.7%  58.9  370s
  2580  2375 1022.55300  192 6580 1299.00000 1022.55300  21.3%  58.9  376s
  2586  2379 1027.82160  903 6293 1299.00000 1027.82160  20.9%  58.7  384s
  2587  2380 1028.36864 1059 6958 1299.00000 1028.36864  20.8%  58.7  385s
  2591  2383 1032.76812 1092 6311 1299.00000 1032.76812  20.5%  58.6  392s
  2595  2385 1033.52941 1307 6750 1299.00000 1033.52941  20.4%  58.5  395s
  2596  2386 1037.33679  635 6357 1299.00000 1037.33679  20.1%  58.5  402s
  2601  2389 1037.43841  815 6791 1299.00000 1037.43841  20.1%  58.4  406s
  2602  2390 1040.97914  623 6410 1299.00000 1040.97914  19.9%  58.4  413s
  2605  2392 1041.38919 1251 6798 1299.00000 1041.38919  19.8%  58.3  415s
  2609  2395 1043.42515  605 6808 1299.00000 1043.42515  19.7%  58.2  425s
  2615  2399 1047.53287 1292 6493 1299.00000 1047.53287  19.4%  58.1  438s
  2617  2400 1048.18356 1390 7046 1299.00000 1048.18356  19.3%  58.0  440s
H 2620  2281                    1298.0000000 1051.87899  19.0%  58.0  450s
  2627  2286 1056.22189 1405 6732 1298.00000 1056.22189  18.6%  57.8  459s
  2628  2286 1056.42425  839 7105 1298.00000 1056.42425  18.6%  57.8  460s
  2635  2291 1061.32959  534 6236 1298.00000 1061.32959  18.2%  57.6  477s
  2639  2294 1068.01581  723 6025 1298.00000 1068.01581  17.7%  57.6  488s
  2644  2297 1070.21580  626 6624 1298.00000 1070.21580  17.5%  57.5  491s
  2645  2298 1071.70530 1081 5882 1298.00000 1071.70530  17.4%  57.4  498s
  2648  2300 1072.08031  903 6532 1298.00000 1072.08031  17.4%  57.4  500s
  2650  2301 1073.97756 1032 5568 1298.00000 1073.97756  17.3%  57.3  508s
  2652  2302 1074.21548 1234 6697 1298.00000 1074.21548  17.2%  57.3  510s
  2654  2304 1075.99493  363 5636 1298.00000 1075.99493  17.1%  57.2  518s
  2656  2305 1075.99493  301 6726 1298.00000 1075.99493  17.1%  57.2  520s
  2659  2307 1077.19296 1039 5278 1298.00000 1077.19296  17.0%  57.1  528s
  2662  2309 1077.35608  797 6306 1298.00000 1077.35608  17.0%  57.1  530s
  2664  2310 1079.35498  485 5673 1298.00000 1079.35498  16.8%  57.0  544s
  2665  2311 1079.35498  173 6360 1298.00000 1079.35498  16.8%  57.0  545s
  2670  2314 1080.25208  792 6213 1298.00000 1080.25208  16.8%  56.9  555s
  2675  2318 1081.62850 1108 5828 1298.00000 1081.62850  16.7%  56.8  570s
  2679  2320 1082.53963  517 5488 1298.00000 1082.53963  16.6%  56.7  579s
  2681  2322 1082.53963  669 6352 1298.00000 1082.53963  16.6%  56.7  580s
  2683  2323 1082.76109  589 5545 1298.00000 1082.76109  16.6%  56.6  587s
  2688  2326 1083.06295 1522 6599 1298.00000 1083.06295  16.6%  56.5  590s
  2689  2327 1084.46884  644 5664 1298.00000 1084.46884  16.5%  56.5  596s
H 2694  2211                    1296.9999992 1085.35110  16.3%  56.4  608s
  2695  2212 1085.35110 1307 5523 1297.00000 1085.35110  16.3%  56.4  610s
  2701  2216 1086.21212  815 5950 1297.00000 1086.21212  16.3%  56.2  622s
  2704  2218 1086.37817  788 6715 1297.00000 1086.37817  16.2%  56.2  625s
  2705  2219 1087.18847 1251 6101 1297.00000 1087.18847  16.2%  56.2  632s
  2710  2222 1087.40060  425 6897 1297.00000 1087.40060  16.2%  56.1  635s
  2711  2223 1088.56649  878 5684 1297.00000 1088.56649  16.1%  56.0  642s
  2714  2225 1088.62897  535 6719 1297.00000 1088.62897  16.1%  56.0  645s
  2715  2225 1090.22418 1292 5383 1297.00000 1090.22418  15.9%  56.0  652s
  2720  2229 1090.26737  660 6524 1297.00000 1090.26737  15.9%  55.8  655s
  2722  2230 1091.30584  704 5557 1297.00000 1091.30584  15.9%  55.8  662s
  2726  2233 1091.35708  513 6574 1297.00000 1091.35708  15.9%  55.7  665s
  2727  2233 1092.83836 1405 5750 1297.00000 1092.83836  15.7%  55.7  673s
  2729  2235 1092.83836 1445 6597 1297.00000 1092.83836  15.7%  55.7  675s
  2733  2237 1092.92667 1541 5532 1297.00000 1092.92667  15.7%  55.6  683s
  2735  2239 1092.98918  534 6965 1297.00000 1092.98918  15.7%  55.5  685s
  2737  2240 1093.02763  370 5653 1297.00000 1093.02763  15.7%  55.5  691s
  2739  2241 1093.03151  723 5749 1297.00000 1093.03151  15.7%  55.5  697s
  2741  2243 1093.03155 1330 5885 1297.00000 1093.03155  15.7%  55.4  723s
H 2742  2128                    1296.0000000 1093.03155  15.7%  55.4  731s
  2745  2130 1093.21908 1081 5522 1296.00000 1093.21908  15.6%  55.3  737s
  2747  2132 1093.26194  636 6422 1296.00000 1093.26194  15.6%  55.3  746s
  2749  2133 1093.28026  812 5443 1296.00000 1093.28026  15.6%  55.3  752s
H 2753  2026                    1295.0000000 1093.34801  15.6%  55.2  761s
  2756  2028 1093.34801  301 5681 1295.00000 1093.34801  15.6%  55.1  767s
  2758  2029 1093.34801  927 5531 1295.00000 1093.34801  15.6%  55.1  773s
  2763  2033 1093.34801  331 8556 1295.00000 1093.34801  15.6%  1302  785s
  2764  2034 1093.34801  485 6008 1295.00000 1093.34801  15.6%  1301  793s
  2767  2036 1093.34801  259 6070 1295.00000 1093.34801  15.6%  1300  795s
  2775  2041 1094.73512 1108 5390 1295.00000 1094.73512  15.5%  1296  802s
  2778  2043 1094.92324   65 5474 1295.00000 1094.92324  15.4%  1295  806s
  2781  2045 1095.16254  669 5397 1295.00000 1095.16254  15.4%  1293  812s
  2784  2047 1095.87269  207 5457 1295.00000 1095.87269  15.4%  1292  817s
  2786  2049 1096.55876  903 5320 1295.00000 1096.55876  15.3%  1291  822s
  2788  2050 1097.14852 1522 5375 1295.00000 1097.14852  15.3%  1290  827s
H 2791  1948                    1294.0000000 1098.17503  15.1%  1289  833s
  2794  1950 1098.60960  169 5391 1294.00000 1098.60960  15.1%  1287  838s
  2797  1952 1098.67212  877 5811 1294.00000 1098.67212  15.1%  1286  840s
  2800  1954 1098.92018  807 5611 1294.00000 1098.92018  15.1%  1284  845s
  2802  1955 1098.93176  623 5609 1294.00000 1098.93176  15.1%  1284  850s
  2804  1957 1099.72084  788 5217 1294.00000 1099.72084  15.0%  1283  856s
  2807  1959 1099.72084  238 5558 1294.00000 1099.72084  15.0%  1281  862s
H 2808  1861                    1293.0000000 1099.82624  14.9%  1281  869s
  2811  1863 1099.86466  878 6007 1293.00000 1099.86466  14.9%  1279  870s
  2813  1865 1100.14894  505 5510 1293.00000 1100.14894  14.9%  1279  877s
H 2817  1772                    1292.0000000 1101.76464  14.7%  1277  888s
  2821  1775 1102.83683  524 6024 1292.00000 1102.83683  14.6%  1275  890s
  2822  1776 1103.14024  704 5523 1292.00000 1103.14024  14.6%  1274  896s
  2825  1778 1104.36833  407 5536 1292.00000 1104.36833  14.5%  1273  907s
  2828  1780 1104.37025  839 6028 1292.00000 1104.37025  14.5%  1272  910s
  2829  1780 1104.99001 1445 5485 1292.00000 1104.99001  14.5%  1271  915s
H 2831  1692                    1291.0000000 1105.20787  14.4%  1270  926s
  2832  1692 1105.20787  375 5543 1291.00000 1105.20787  14.4%  1270  931s
  2834  1694 1105.69860 1441 5258 1291.00000 1105.69860  14.4%  1269  936s
  2839  1697 1106.46031  723 5225 1291.00000 1106.46031  14.3%  1267  943s
  2841  1698 1106.46548 1330 5944 1291.00000 1106.46548  14.3%  1266  945s
  2842  1699 1106.48146  190 5571 1291.00000 1106.48146  14.3%  1266  952s
  2846  1702 1107.29628  486 5284 1291.00000 1107.29628  14.2%  1264  959s
  2847  1702 1107.29677  636 5970 1291.00000 1107.29677  14.2%  1263  960s
  2849  1704 1107.40813  812 5299 1291.00000 1107.40813  14.2%  1262  966s
  2852  1706 1107.45692 1234 5503 1291.00000 1107.45692  14.2%  1261  977s
  2855  1708 1107.59791   85 5335 1291.00000 1107.59791  14.2%  1260  985s
  2857  1709 1107.87582  561 5359 1291.00000 1107.87582  14.2%  1259  991s
  2859  1710 1107.95533 1039 5412 1291.00000 1107.95533  14.2%  1258  999s
  2860  1711 1107.95533  233 6241 1291.00000 1107.95533  14.2%  1258 1000s
  2861  1712 1108.02697  449 5230 1291.00000 1108.02697  14.2%  1257 1007s
  2864  1714 1108.03196  485 5275 1291.00000 1108.03196  14.2%  1256 1015s
H 2868  1628                    1289.0000000 1108.16559  14.0%  1254 1038s
  2870  1630 1108.16559  792 6477 1289.00000 1108.16559  14.0%  1253 1040s
  2871  1630 1108.24083   51 5572 1289.00000 1108.24083  14.0%  1253 1045s
  2874  1632 1108.58799   56 5697 1289.00000 1108.58799  14.0%  1251 1055s
  2879  1636 1109.11705  517 5383 1289.00000 1109.11705  14.0%  1249 1064s
  2880  1636 1109.20195  192 6467 1289.00000 1109.20195  13.9%  1249 1065s
  2886  1640 1109.29942  903 5548 1289.00000 1109.29942  13.9%  1246 1073s
  2887  1641 1109.29942 1059 6520 1289.00000 1109.29942  13.9%  1246 1075s
H 2887  1557                    1287.0000000 1109.81363  13.8%  1246 1080s
  2890  1559 1109.81363    9 5808 1287.00000 1109.81363  13.8%  1244 1088s
  2894  1562 1109.81363  169 6785 1287.00000 1109.81363  13.8%  1243 1090s
H 2895  1482                    1286.0000000 1109.81363  13.7%  1242 1096s
  2901  1486 1109.81363  815 5555 1286.00000 1109.81363  13.7%  1240 1104s
  2902  1487 1109.81363  623 6446 1286.00000 1109.81363  13.7%  1239 1105s
  2906  1490 1109.91512   49 5527 1286.00000 1109.91512  13.7%  1238 1113s
  2909  1492 1110.01302  605 6829 1286.00000 1110.01302  13.7%  1236 1115s
  2911  1493 1110.14044  878 5535 1286.00000 1110.14044  13.7%  1236 1123s
  2915  1496 1110.14748 1292 7076 1286.00000 1110.14748  13.7%  1234 1126s
  2916  1496 1110.31408 1147 5857 1286.00000 1110.31408  13.7%  1233 1133s
  2918  1498 1110.34159  121 6752 1286.00000 1110.34159  13.7%  1233 1135s
  2921  1500 1110.67418  524 5512 1286.00000 1110.67418  13.6%  1231 1142s
  2924  1502 1111.04263 1095 6096 1286.00000 1111.04263  13.6%  1230 1153s
  2925  1502 1111.04263  407 6556 1286.00000 1111.04263  13.6%  1230 1155s
  2926  1503 1111.12639  513 5696 1286.00000 1111.12639  13.6%  1229 1162s
  2931  1506 1111.18118  827 6967 1286.00000 1111.18118  13.6%  1227 1165s
  2932  1507 1111.22619  375 5817 1286.00000 1111.22619  13.6%  1227 1171s
  2936  1510 1111.24910 1245 6972 1286.00000 1111.24910  13.6%  1225 1175s
  2937  1510 1111.28173  370 6177 1286.00000 1111.28173  13.6%  1225 1183s
  2940  1512 1111.31463  107 7246 1286.00000 1111.31463  13.6%  1223 1185s
H 2941  1434                    1285.0000000 1111.84810  13.5%  1223 1193s
  2944  1436 1111.86535  626 6885 1285.00000 1111.86535  13.5%  1222 1195s
  2948  1439 1111.95361  903 5777 1285.00000 1111.95361  13.5%  1220 1204s
  2950  1440 1112.03437 1032 7058 1285.00000 1112.03437  13.5%  1219 1205s
H 2951  1366                    1284.0000000 1112.28830  13.4%  1219 1215s
  2957  1370 1112.88182  561 6020 1284.00000 1112.88182  13.3%  1216 1239s
  2958  1370 1112.91797  927 6824 1284.00000 1112.91797  13.3%  1216 1240s
  2964  1374 1113.05056  485 6075 1284.00000 1113.05056  13.3%  1213 1250s
  2966  1376 1113.10716  444 5754 1284.00000 1113.10716  13.3%  1213 1257s
  2969  1378 1113.10898  305 7010 1284.00000 1113.10898  13.3%  1211 1261s
  2970  1378 1113.12601  792 6254 1284.00000 1113.12601  13.3%  1211 1270s
  2972  1380 1113.23906  449 5691 1284.00000 1113.23906  13.3%  1210 1278s
  2975  1382 1113.26009 1108 6905 1284.00000 1113.26009  13.3%  1209 1281s
H 2975  1309                    1283.0000000 1113.27117  13.2%  1209 1288s
  2978  1311 1113.29719   65 6952 1283.00000 1113.29719  13.2%  1208 1290s
  2981  1313 1113.48539  669 6187 1283.00000 1113.48539  13.2%  1207 1298s
  2983  1314 1113.52477  589 7049 1283.00000 1113.52477  13.2%  1206 1300s
  2986  1316 1113.75228  903 6263 1283.00000 1113.75228  13.2%  1204 1312s
  2989  1318 1113.78152  644 7234 1283.00000 1113.78152  13.2%  1203 1315s
  2990  1319 1113.97636    9 5691 1283.00000 1113.97636  13.2%  1203 1323s
  2993  1321 1113.98562  856 7135 1283.00000 1113.98562  13.2%  1202 1325s
  2995  1322 1114.27133 1307 5628 1283.00000 1114.27133  13.2%  1201 1333s
  2997  1323 1114.32628  877 5910 1283.00000 1114.32628  13.1%  1200 1341s
  3002  1327 1114.32965  623 7499 1283.00000 1114.32965  13.1%  1198 1345s
  3003  1327 1114.41525  502 5727 1283.00000 1114.41525  13.1%  1198 1353s
  3005  1329 1114.42642 1251 7383 1283.00000 1114.42642  13.1%  1197 1355s
  3008  1331 1114.62997 1341 5961 1283.00000 1114.62997  13.1%  1196 1363s
  3010  1332 1114.64731  425 7079 1283.00000 1114.64731  13.1%  1195 1365s
H 3012  1262                    1282.0000000 1114.74518  13.0%  1194 1374s
  3014  1264 1114.74518  535 6830 1282.00000 1114.74518  13.0%  1193 1376s
  3015  1264 1114.77124 1292 5758 1282.00000 1114.77124  13.0%  1193 1383s
  3017  1266 1114.91014 1390 7088 1282.00000 1114.91014  13.0%  1192 1385s
  3020  1268 1115.15755  660 5665 1282.00000 1115.15755  13.0%  1191 1393s
  3021  1268 1115.15755  524 6583 1282.00000 1115.15755  13.0%  1191 1395s
  3022  1269 1115.16145  704 6338 1282.00000 1115.16145  13.0%  1190 1408s
  3025  1271 1115.16657  407 7123 1282.00000 1115.16657  13.0%  1189 1411s
  3026  1272 1115.18439  513 6095 1282.00000 1115.18439  13.0%  1189 1419s
  3027  1272 1115.20781 1405 6704 1282.00000 1115.20781  13.0%  1188 1420s
  3030  1274 1115.22536  143 5851 1282.00000 1115.22536  13.0%  1187 1427s
  3032  1276 1115.22536  375 5822 1282.00000 1115.22536  13.0%  1186 1434s
  3033  1276 1115.22536 1541 6607 1282.00000 1115.22536  13.0%  1186 1435s
  3034  1277 1115.32159 1441 6017 1282.00000 1115.32159  13.0%  1185 1441s
H 3038  1212                    1281.0000000 1115.34826  12.9%  1184 1448s
  3041  1214 1115.34826 1330 6004 1281.00000 1115.34826  12.9%  1183 1453s
  3043  1215 1115.41223   25 5834 1281.00000 1115.41223  12.9%  1182 1461s
  3045  1216 1115.41228 1081 5947 1281.00000 1115.41228  12.9%  1181 1466s
H 3048  1152                    1279.0000000 1115.44561  12.8%  1180 1476s
  3051  1154 1115.44561 1455 6202 1279.00000 1115.44561  12.8%  1179 1490s
  3053  1156 1115.44561  879 5862 1279.00000 1115.44561  12.8%  1178 1498s
  3058  1160 1115.44561  927 8495 1279.00000 1115.44561  12.8%  2983 1509s
  3059  1161 1115.44561 1039 5780 1279.00000 1115.44561  12.8%  2982 1516s
  3066  1166 1115.44561  444 6607 1279.00000 1115.44561  12.8%  2975 1520s
  3070  1168 1116.47931  792 5363 1279.00000 1116.47931  12.7%  2971 1526s
  3073  1170 1116.47931  629 5349 1279.00000 1116.47931  12.7%  2968 1532s
  3075  1172 1116.47931 1108 5377 1279.00000 1116.47931  12.7%  2966 1537s
  3077  1173 1116.47931 1008 5449 1279.00000 1116.47931  12.7%  2965 1541s
  3081  1176 1116.47931  669 5463 1279.00000 1116.47931  12.7%  2961 1548s
  3083  1177 1116.47931  589 5641 1279.00000 1116.47931  12.7%  2959 1553s
  3086  1179 1116.47931  903 5937 1279.00000 1116.47931  12.7%  2956 1555s
  3089  1181 1116.79079  644 5868 1279.00000 1116.79079  12.7%  2953 1565s
  3092  1183 1117.28520  839 5443 1279.00000 1117.28520  12.6%  2950 1571s
  3095  1185 1117.28520 1307 5771 1279.00000 1117.28520  12.6%  2947 1579s
  3096  1186 1117.28520  635 5938 1279.00000 1117.28520  12.6%  2946 1580s
  3097  1186 1117.28520  877 5539 1279.00000 1117.28520  12.6%  2945 1588s
  3099  1188 1117.28520  885 5968 1279.00000 1117.28520  12.6%  2944 1590s
  3100  1188 1117.28520  807 5316 1279.00000 1117.28520  12.6%  2943 1597s
  3103  1190 1117.28520  502 5499 1279.00000 1117.28520  12.6%  2940 1603s
  3104  1191 1117.28520  788 6021 1279.00000 1117.28520  12.6%  2939 1605s
  3105  1192 1117.28520 1251 5370 1279.00000 1117.28520  12.6%  2938 1610s
  3107  1193 1117.45285  238 5288 1279.00000 1117.45285  12.6%  2936 1618s
  3109  1194 1117.54315  605 5980 1279.00000 1117.54315  12.6%  2934 1620s
  3110  1195 1117.63946  425 6025 1279.00000 1117.63946  12.6%  2933 1627s
  3113  1197 1118.06637  505 5350 1279.00000 1118.06637  12.6%  2930 1642s
  3115  1198 1118.43807 1292 5834 1279.00000 1118.43807  12.6%  2928 1650s
  3120  1202 1118.52693  660 5393 1279.00000 1118.52693  12.5%  2924 1657s
  3122  1203 1118.52693  704 6509 1279.00000 1118.52693  12.5%  2922 1660s
  3123  1204 1118.53393 1388 5504 1279.00000 1118.53393  12.5%  2921 1666s
  3126  1206 1118.54982  513 5790 1279.00000 1118.54982  12.5%  2918 1676s
  3128  1207 1118.81001  839 5618 1279.00000 1118.81001  12.5%  2916 1685s
  3133  1210 1118.84982 1541 5435 1279.00000 1118.84982  12.5%  2912 1693s
  3135  1212 1118.96346  534 5523 1279.00000 1118.96346  12.5%  2910 1701s
  3137  1213 1119.52972  370 6072 1279.00000 1119.52972  12.5%  2908 1716s
  3140  1215 1119.53586  107 5716 1279.00000 1119.53586  12.5%  2905 1726s
  3142  1216 1119.54728  190 5959 1279.00000 1119.54728  12.5%  2903 1736s
  3144  1218 1119.55835  626 5951 1279.00000 1119.55835  12.5%  2901 1745s
  3146  1219 1119.66348  486 5671 1279.00000 1119.66348  12.5%  2900 1754s
  3147  1220 1119.67342  636 6355 1279.00000 1119.67342  12.5%  2899 1755s
  3151  1222 1119.94109 1455 5646 1279.00000 1119.94109  12.4%  2895 1762s
  3155  1225 1120.05263   85 5498 1279.00000 1120.05263  12.4%  2891 1777s
  3157  1226 1120.12802  561 5424 1279.00000 1120.12802  12.4%  2889 1782s
  3160  1228 1120.25475  233 5449 1279.00000 1120.25475  12.4%  2887 1790s
  3165  1232 1120.28514  173 5287 1279.00000 1120.28514  12.4%  2882 1797s
  3169  1234 1120.30769  305 6579 1279.00000 1120.30769  12.4%  2879 1800s
  3170  1235 1120.33761  792 5603 1279.00000 1120.33761  12.4%  2878 1805s
  3173  1237 1120.34766  629 5592 1279.00000 1120.34766  12.4%  2875 1813s
  3175  1238 1120.34899 1108 5758 1279.00000 1120.34899  12.4%  2873 1822s
  3178  1240 1120.35097   65 5885 1279.00000 1120.35097  12.4%  2870 1831s
  3180  1242 1120.66771  192 5968 1279.00000 1120.66771  12.4%  2869 1839s
  3181  1242 1120.66771  669 6668 1279.00000 1120.66771  12.4%  2868 1841s
  3182  1243 1120.73174 1053 5511 1279.00000 1120.73174  12.4%  2867 1848s
  3185  1245 1120.74347  122 6709 1279.00000 1120.74347  12.4%  2864 1851s
  3186  1246 1120.99780  903 6039 1279.00000 1120.99780  12.4%  2863 1858s
  3190  1248 1121.15204    9 6957 1279.00000 1121.15204  12.3%  2860 1860s
  3193  1250 1121.28155  856 5512 1279.00000 1121.28155  12.3%  2857 1867s
  3195  1252 1121.28155 1307 5784 1279.00000 1121.28155  12.3%  2855 1892s
  3197  1253 1121.28155  877 6224 1279.00000 1121.28155  12.3%  2853 1902s
  3200  1255 1121.28155  807 6953 1279.00000 1121.28155  12.3%  2851 1905s
  3201  1256 1121.28155  815 5840 1279.00000 1121.28155  12.3%  2850 1910s
  3204  1258 1121.28155  788 5866 1279.00000 1121.28155  12.3%  2847 1920s
  3206  1259 1121.28685   49 6015 1279.00000 1121.28685  12.3%  2845 1929s
  3207  1260 1121.28954  238 6850 1279.00000 1121.28954  12.3%  2844 1930s
  3209  1261 1121.36969  605 5839 1279.00000 1121.36969  12.3%  2843 1938s
  3212  1263 1121.37826 1384 6877 1279.00000 1121.37826  12.3%  2840 1941s
  3213  1264 1121.48499  505 5829 1279.00000 1121.48499  12.3%  2839 1946s
  3217  1266 1121.67137 1390 6234 1279.00000 1121.67137  12.3%  2836 1958s
  3219  1268 1121.67254 1299 7276 1279.00000 1121.67254  12.3%  2834 1960s
  3222  1270 1121.74791  704 5899 1279.00000 1121.74791  12.3%  2831 1969s
  3223  1270 1121.74922 1388 6780 1279.00000 1121.74922  12.3%  2830 1970s
  3226  1272 1121.84134  513 5678 1279.00000 1121.84134  12.3%  2828 1979s
  3227  1273 1121.84134 1405 6538 1279.00000 1121.84134  12.3%  2827 1981s
  3228  1274 1121.92931  839 5836 1279.00000 1121.92931  12.3%  2826 1988s
  3230  1275 1122.01360  143 6909 1279.00000 1122.01360  12.3%  2824 1990s
  3231  1276 1122.01376  827 5846 1279.00000 1122.01376  12.3%  2823 1999s
  3232  1276 1122.01431  375 6560 1279.00000 1122.01431  12.3%  2822 2000s
  3235  1278 1122.02545  534 5962 1279.00000 1122.02545  12.3%  2820 2009s
  3237  1280 1122.06987  370 7007 1279.00000 1122.06987  12.3%  2818 2010s
  3239  1281 1122.11039  723 5749 1279.00000 1122.11039  12.3%  2816 2017s
  3241  1282 1122.12071 1330 7024 1279.00000 1122.12071  12.3%  2815 2020s
  3242  1283 1122.16385  190 5563 1279.00000 1122.16385  12.3%  2814 2025s
  3248  1287 1122.18966  903 5700 1279.00000 1122.18966  12.3%  2808 2039s
  3249  1288 1122.24185  812 6406 1279.00000 1122.24185  12.3%  2808 2040s
  3252  1290 1122.27268 1234 5757 1279.00000 1122.27268  12.3%  2805 2047s
  3255  1292 1122.30919   85 7200 1279.00000 1122.30919  12.3%  2802 2050s
  3256  1292 1122.34688  301 5734 1279.00000 1122.34688  12.2%  2802 2058s
  3258  1294 1122.36265  927 6929 1279.00000 1122.36265  12.2%  2800 2060s
  3260  1295 1122.37207  233 5767 1279.00000 1122.37207  12.2%  2798 2067s
  3262  1296 1122.37581  797 6017 1279.00000 1122.37581  12.2%  2796 2075s
  3264  1298 1122.52209  485 5892 1279.00000 1122.52209  12.2%  2795 2085s
  3266  1299 1122.66431  444 5862 1279.00000 1122.66431  12.2%  2793 2095s
  3268  1300 1122.66431 1292 6233 1279.00000 1122.66431  12.2%  2791 2104s
  3269  1301 1122.66431  305 6892 1279.00000 1122.66431  12.2%  2790 2105s
  3273  1304 1122.66431  629 6201 1279.00000 1122.66431  12.2%  2787 2116s
  3275  1305 1122.77573 1108 6227 1279.00000 1122.77573  12.2%  2785 2126s
  3281  1309 1122.78495  669 7671 1279.00000 1122.78495  12.2%  2780 2130s
  3282  1310 1122.93693 1053 5811 1279.00000 1122.93693  12.2%  2779 2137s
  3284  1311 1122.97523  207 5982 1279.00000 1122.97523  12.2%  2778 2154s
  3285  1312 1122.97523  122 6804 1279.00000 1122.97523  12.2%  2777 2156s
  3286  1312 1123.48846  903 5908 1279.00000 1123.48846  12.2%  2776 2164s
  3287  1313 1123.48846 1059 6729 1279.00000 1123.48846  12.2%  2775 2166s
  3288  1314 1124.06428 1522 6193 1279.00000 1124.06428  12.1%  2774 2173s
  3291  1316 1124.10033 1092 7189 1279.00000 1124.10033  12.1%  2772 2175s
  3293  1317 1124.69373  856 6102 1279.00000 1124.69373  12.1%  2770 2184s
  3294  1318 1124.69373  169 6596 1279.00000 1124.69373  12.1%  2769 2185s
  3297  1320 1124.69373  877 5638 1279.00000 1124.69373  12.1%  2767 2194s
  3298  1320 1124.69373 1228 6604 1279.00000 1124.69373  12.1%  2766 2195s
  3300  1322 1124.69373  807 5698 1279.00000 1124.69373  12.1%  2764 2206s
  3302  1323 1124.91774  623 5907 1279.00000 1124.91774  12.0%  2763 2215s
  3304  1324 1124.91774  788 6233 1279.00000 1124.91774  12.0%  2761 2226s
  3308  1327 1124.91774 1341 5441 1279.00000 1124.91774  12.0%  2758 2235s
  3310  1328 1124.91774  425 5684 1279.00000 1124.91774  12.0%  2756 2244s
  3311  1329 1124.91774  878 6627 1279.00000 1124.91774  12.0%  2755 2245s
  3314  1331 1124.91774  535 5673 1279.00000 1124.91774  12.0%  2753 2256s
  3316  1332 1124.91774 1147 5873 1279.00000 1124.91774  12.0%  2751 2268s
  3318  1334 1124.91774  121 7001 1279.00000 1124.91774  12.0%  2749 2271s
  3319  1334 1124.91774 1299 5988 1279.00000 1124.91774  12.0%  2748 2290s
H 3320  1263                    1278.0000000 1124.91774  12.0%  2748 2300s
  3323  1265 1124.91774 1388 6377 1278.00000 1124.91774  12.0%  2745 2311s
  3326  1267 1124.91774  513 7256 1278.00000 1124.91774  12.0%  2743 2315s
  3327  1268 1125.75499 1405 6083 1278.00000 1125.75499  11.9%  2742 2324s
  3328  1268 1125.75499  839 6824 1278.00000 1125.75499  11.9%  2741 2325s
  3330  1270 1125.75499  143 5840 1278.00000 1125.75499  11.9%  2739 2333s
  3331  1270 1125.75499  827 6691 1278.00000 1125.75499  11.9%  2739 2335s
  3332  1271 1125.75499  375 5665 1278.00000 1125.75499  11.9%  2738 2343s
  3334  1272 1125.75499 1441 7000 1278.00000 1125.75499  11.9%  2736 2345s
  3335  1273 1125.75499  534 5710 1278.00000 1125.75499  11.9%  2735 2351s
  3338  1275 1125.93317  377 6051 1278.00000 1125.93317  11.9%  2733 2363s
  3340  1276 1125.93317  107 7102 1278.00000 1125.93317  11.9%  2731 2366s
  3341  1277 1125.93317 1330 5650 1278.00000 1125.93317  11.9%  2730 2372s
  3343  1278 1125.93317   25 5784 1278.00000 1125.93317  11.9%  2729 2383s
  3344  1279 1125.93317  626 6238 1278.00000 1125.93317  11.9%  2728 2385s
  3345  1280 1125.93317 1081 5719 1278.00000 1125.93317  11.9%  2727 2392s
  3347  1281 1125.93317  636 5708 1278.00000 1125.93317  11.9%  2725 2400s
  3349  1282 1125.93317  812 6215 1278.00000 1125.93317  11.9%  2724 2409s
  3350  1283 1125.93317 1032 6447 1278.00000 1125.93317  11.9%  2723 2411s
  3351  1284 1125.93317 1455 5471 1278.00000 1125.93317  11.9%  2722 2418s
  3353  1285 1125.93317  879 6017 1278.00000 1125.93317  11.9%  2721 2426s
  3355  1286 1125.93317   85 5736 1278.00000 1125.93317  11.9%  2719 2435s
  3358  1288 1125.94569  927 5767 1278.00000 1125.94569  11.9%  2716 2466s
  3360  1290 1125.97356  233 6277 1278.00000 1125.97356  11.9%  2715 2476s
  3364  1294 1126.00540  485 6056 1278.00000 1126.00540  11.9%  4852 2480s
  3366  1295 1126.00540  444 8470 1278.00000 1126.00540  11.9%  4849 2490s
  3367  1296 1126.00540  259 5655 1278.00000 1126.00540  11.9%  4847 2498s
  3369  1297 1126.00540  305 6136 1278.00000 1126.00540  11.9%  4844 2500s
  3380  1305 1126.05065  192 5679 1278.00000 1126.05065  11.9%  4829 2510s
  3383  1307 1126.05065  589 5153 1278.00000 1126.05065  11.9%  4824 2516s
  3386  1309 1126.56702  903 5186 1278.00000 1126.56702  11.8%  4820 2521s
  3388  1310 1126.56702 1522 5324 1278.00000 1126.56702  11.8%  4817 2526s
  3391  1312 1127.13507 1092 5339 1278.00000 1127.13507  11.8%  4813 2533s
  3393  1313 1127.13507  856 5416 1278.00000 1127.13507  11.8%  4810 2538s
  3395  1315 1127.13507 1307 5257 1278.00000 1127.13507  11.8%  4807 2543s
  3397  1316 1127.13507  877 5265 1278.00000 1127.13507  11.8%  4805 2550s
  3399  1317 1127.13507  885 5318 1278.00000 1127.13507  11.8%  4802 2557s
  3401  1319 1127.13507  815 5242 1278.00000 1127.13507  11.8%  4799 2564s
  3402  1319 1127.13507  623 5777 1278.00000 1127.13507  11.8%  4797 2566s
  3403  1320 1127.13507  502 5455 1278.00000 1127.13507  11.8%  4796 2573s
  3404  1321 1127.13507  788 5906 1278.00000 1127.13507  11.8%  4795 2575s
  3406  1322 1127.13507   49 5955 1278.00000 1127.13507  11.8%  4792 2580s
  3407  1323 1127.13507  238 5311 1278.00000 1127.13507  11.8%  4790 2589s
  3408  1323 1127.13507 1341 5967 1278.00000 1127.13507  11.8%  4789 2590s
  3409  1324 1127.13507  605 5226 1278.00000 1127.13507  11.8%  4788 2597s
  3414  1327 1127.13507  535 5211 1278.00000 1127.13507  11.8%  4781 2605s
  3417  1329 1127.14735 1390 5688 1278.00000 1127.14735  11.8%  4776 2613s
  3419  1331 1127.14822 1299 6059 1278.00000 1127.14822  11.8%  4774 2615s
  3420  1331 1127.28297  660 5174 1278.00000 1127.28297  11.8%  4772 2629s
  3421  1332 1127.28297  524 5723 1278.00000 1127.28297  11.8%  4771 2631s
  3422  1333 1127.32754  704 5310 1278.00000 1127.32754  11.8%  4769 2636s
  3426  1335 1127.40824  513 5246 1278.00000 1127.40824  11.8%  4764 2645s
  3428  1337 1127.40824  839 5400 1278.00000 1127.40824  11.8%  4761 2651s
  3430  1338 1127.40824  143 5563 1278.00000 1127.40824  11.8%  4758 2659s
  3431  1339 1127.40824  827 6066 1278.00000 1127.40824  11.8%  4757 2661s
  3432  1339 1127.40824  375 5225 1278.00000 1127.40824  11.8%  4756 2666s
  3436  1342 1127.42946 1245 5281 1278.00000 1127.42946  11.8%  4750 2673s
  3437  1343 1127.42946  370 5999 1278.00000 1127.42946  11.8%  4749 2675s
  3439  1344 1127.51198  723 5911 1278.00000 1127.51198  11.8%  4746 2681s
  3441  1345 1127.52587 1330 5980 1278.00000 1127.52587  11.8%  4743 2686s
  3442  1346 1127.66150  190 5358 1278.00000 1127.66150  11.8%  4742 2692s
  3444  1347 1127.66283  626 5374 1278.00000 1127.66283  11.8%  4739 2701s
  3446  1349 1127.69527  486 5147 1278.00000 1127.69527  11.8%  4736 2709s
  3447  1349 1127.70604  636 5740 1278.00000 1127.70604  11.8%  4735 2710s
  3449  1351 1127.74725  812 5264 1278.00000 1127.74725  11.8%  4732 2723s
  3450  1351 1127.74725 1032 6123 1278.00000 1127.74725  11.8%  4731 2725s
  3451  1352 1127.78930 1455 5458 1278.00000 1127.78930  11.8%  4729 2733s
  3453  1353 1127.79039  879 5370 1278.00000 1127.79039  11.8%  4727 2740s
  3455  1355 1128.29629   85 5739 1278.00000 1128.29629  11.7%  4724 2749s
  3456  1355 1128.29629  301 5995 1278.00000 1128.29629  11.7%  4722 2750s
  3457  1356 1128.29629  561 5649 1278.00000 1128.29629  11.7%  4721 2758s
  3458  1357 1128.29629  927 6408 1278.00000 1128.29629  11.7%  4720 2760s
  3459  1357 1128.29629 1039 5364 1278.00000 1128.29629  11.7%  4718 2766s
  3461  1359 1128.29629  449 5175 1278.00000 1128.29629  11.7%  4716 2773s
  3462  1359 1128.29629  797 5728 1278.00000 1128.29629  11.7%  4714 2775s
  3464  1361 1128.29629  485 5782 1278.00000 1128.29629  11.7%  4712 2780s
  3465  1361 1128.29629  173 5238 1278.00000 1128.29629  11.7%  4710 2791s
  3467  1363 1128.29629  259 5593 1278.00000 1128.29629  11.7%  4708 2799s
  3468  1363 1128.29629 1292 6343 1278.00000 1128.29629  11.7%  4706 2801s
  3469  1364 1128.29629  305 5288 1278.00000 1128.29629  11.7%  4705 2807s
  3471  1365 1128.29629   51 5339 1278.00000 1128.29629  11.7%  4702 2814s
  3472  1366 1128.29629  449 5995 1278.00000 1128.29629  11.7%  4701 2815s
  3475  1368 1128.29629 1108 5462 1278.00000 1128.29629  11.7%  4697 2823s
  3478  1370 1128.29629   65 6585 1278.00000 1128.29629  11.7%  4693 2826s
  3479  1371 1128.29629  517 5511 1278.00000 1128.29629  11.7%  4691 2832s
  3481  1372 1128.29629  669 5525 1278.00000 1128.29629  11.7%  4689 2841s
H 3482  1302                    1277.0000000 1128.29629  11.6%  4687 2849s
  3484  1303 1128.29629  207 5996 1277.00000 1128.29629  11.6%  4685 2851s
  3485  1304 1128.29629  122 5629 1277.00000 1128.29629  11.6%  4683 2873s
  3487  1305 1128.29629 1059 6643 1277.00000 1128.29629  11.6%  4681 2876s
  3488  1306 1128.29629 1522 5352 1277.00000 1128.29629  11.6%  4679 2885s
  3490  1307 1128.29629    9 5805 1277.00000 1128.29629  11.6%  4676 2894s
  3492  1308 1128.33637  839 6898 1277.00000 1128.33637  11.6%  4674 2895s
  3495  1310 1128.34477 1307 5401 1277.00000 1128.34477  11.6%  4670 2904s
  3496  1311 1128.34477  635 6431 1277.00000 1128.34477  11.6%  4668 2906s
  3497  1312 1128.38102  877 5593 1277.00000 1128.38102  11.6%  4667 2912s
H 3499  1245                    1276.0000000 1128.48865  11.6%  4664 2924s
  3501  1246 1128.48865  815 6659 1276.00000 1128.48865  11.6%  4662 2926s
  3502  1247 1128.53981  623 5502 1276.00000 1128.53981  11.6%  4660 2931s
  3506  1250 1128.56427   49 6900 1276.00000 1128.56427  11.6%  4655 2935s
  3507  1250 1128.62647  238 5448 1276.00000 1128.62647  11.5%  4654 2942s
  3509  1252 1128.62739  605 6730 1276.00000 1128.62739  11.5%  4651 2945s
  3510  1252 1128.63742  425 5560 1276.00000 1128.63742  11.5%  4650 2952s
  3513  1254 1128.66443  505 5391 1276.00000 1128.66443  11.5%  4646 2963s
  3515  1256 1128.69237 1292 5613 1276.00000 1128.69237  11.5%  4643 2971s
  3517  1257 1128.77990 1390 5678 1276.00000 1128.77990  11.5%  4641 2979s
  3518  1258 1128.77990  121 6412 1276.00000 1128.77990  11.5%  4639 2981s
  3519  1258 1128.77990 1299 5693 1276.00000 1128.77990  11.5%  4638 2988s
  3520  1259 1128.77990  660 6411 1276.00000 1128.77990  11.5%  4637 2990s
  3521  1260 1128.89011  524 5518 1276.00000 1128.89011  11.5%  4635 2998s
  3524  1262 1128.89706 1095 6849 1276.00000 1128.89706  11.5%  4631 3000s
  3526  1263 1128.90733  513 5586 1276.00000 1128.90733  11.5%  4629 3008s
  3528  1264 1128.91356  839 6598 1276.00000 1128.91356  11.5%  4626 3010s
  3530  1266 1128.91618  143 5944 1276.00000 1128.91618  11.5%  4623 3021s
  3533  1268 1128.96950 1541 5572 1276.00000 1128.96950  11.5%  4620 3029s
  3534  1268 1128.96950 1441 6372 1276.00000 1128.96950  11.5%  4618 3030s
  3535  1269 1128.99982  534 5454 1276.00000 1128.99982  11.5%  4617 3040s
  3540  1272 1129.04669  107 5656 1276.00000 1129.04669  11.5%  4610 3050s
  3544  1275 1129.05208  626 5404 1276.00000 1129.05208  11.5%  4605 3062s
  3547  1277 1129.07248  636 6916 1276.00000 1129.07248  11.5%  4601 3065s
  3549  1278 1129.09401  812 5361 1276.00000 1129.09401  11.5%  4599 3072s
  3551  1280 1129.09866 1455 6897 1276.00000 1129.09866  11.5%  4596 3075s
  3552  1280 1129.09876 1234 5582 1276.00000 1129.09876  11.5%  4595 3081s
  3554  1282 1129.09876  363 6016 1276.00000 1129.09876  11.5%  4592 3090s
  3556  1283 1129.10915  301 6218 1276.00000 1129.10915  11.5%  4590 3102s
  3558  1284 1129.13500  927 5610 1276.00000 1129.13500  11.5%  4587 3110s
  3560  1286 1129.15661  233 6261 1276.00000 1129.15661  11.5%  4585 3121s
  3562  1287 1129.20894  797 5529 1276.00000 1129.20894  11.5%  4582 3138s
  3563  1288 1129.20894  331 6410 1276.00000 1129.20894  11.5%  4581 3140s
  3564  1288 1129.28242  485 5767 1276.00000 1129.28242  11.5%  4579 3147s
  3567  1290 1129.30128  259 6837 1276.00000 1129.30128  11.5%  4576 3150s
  3568  1291 1129.33853 1292 5427 1276.00000 1129.33853  11.5%  4574 3158s
  3569  1292 1129.33853  305 6388 1276.00000 1129.33853  11.5%  4573 3160s
  3570  1292 1129.58377  792 6019 1276.00000 1129.58377  11.5%  4572 3170s
  3572  1294 1129.58377  449 5369 1276.00000 1129.58377  11.5%  4569 3178s
  3574  1295 1129.58377   56 6995 1276.00000 1129.58377  11.5%  4567 3180s
  3576  1296 1129.58377  332 5603 1276.00000 1129.58377  11.5%  4564 3191s
  3580  1299 1129.58377  192 5428 1276.00000 1129.58377  11.5%  4559 3203s
  3583  1301 1129.58377  589 7152 1276.00000 1129.58377  11.5%  4555 3206s
  3584  1302 1129.58377  207 5599 1276.00000 1129.58377  11.5%  4554 3214s
  3585  1302 1129.58377  122 6330 1276.00000 1129.58377  11.5%  4553 3215s
  3586  1303 1129.58377  903 5661 1276.00000 1129.58377  11.5%  4551 3224s
  3588  1304 1129.59161 1522 6950 1276.00000 1129.59161  11.5%  4549 3225s
  3591  1306 1129.61216 1092 5612 1276.00000 1129.61216  11.5%  4545 3235s
  3593  1308 1129.64963  856 6048 1276.00000 1129.64963  11.5%  4542 3244s
  3594  1308 1129.64963  169 6827 1276.00000 1129.64963  11.5%  4541 3246s
  3595  1309 1129.65327 1307 5711 1276.00000 1129.65327  11.5%  4540 3254s
  3596  1310 1129.65327  635 6379 1276.00000 1129.65327  11.5%  4539 3256s
  3597  1310 1129.71099  877 5749 1276.00000 1129.71099  11.5%  4537 3262s
  3599  1312 1129.71099  885 5715 1276.00000 1129.71099  11.5%  4535 3273s
  3601  1313 1129.71099  815 6883 1276.00000 1129.71099  11.5%  4532 3275s
  3602  1314 1129.74769  623 5777 1276.00000 1129.74769  11.5%  4531 3294s
  3603  1314 1129.74832  502 6366 1276.00000 1129.74832  11.5%  4530 3295s
  3605  1316 1129.75286 1251 6121 1276.00000 1129.75286  11.5%  4527 3305s
  3607  1317 1129.75286  238 5670 1276.00000 1129.75286  11.5%  4525 3314s
  3608  1318 1129.75286 1341 6237 1276.00000 1129.75286  11.5%  4524 3316s
  3609  1318 1129.75286  605 5822 1276.00000 1129.75286  11.5%  4522 3323s
  3614  1323 1129.75286  535 8539 1276.00000 1129.75286  11.5%  6183 3335s
  3615  1324 1129.75286 1292 5344 1276.00000 1129.75286  11.5%  6181 3342s
  3618  1326 1129.75286  121 6078 1276.00000 1129.75286  11.5%  6176 3345s
  3624  1330 1129.87673 1095 4877 1276.00000 1129.87673  11.5%  6166 3351s
  3626  1331 1129.87673  513 5175 1276.00000 1129.87673  11.5%  6162 3356s
  3628  1333 1129.87673  839 5280 1276.00000 1129.87673  11.5%  6159 3361s
  3630  1334 1129.96873  143 4975 1276.00000 1129.96873  11.4%  6155 3366s
  3632  1335 1129.97985  375 5105 1276.00000 1129.97985  11.4%  6152 3370s
  3634  1337 1129.97985 1441 5193 1276.00000 1129.97985  11.4%  6149 3377s
  3636  1338 1130.47985 1245 5450 1276.00000 1130.47985  11.4%  6145 3384s
  3637  1339 1130.47985  370 5789 1276.00000 1130.47985  11.4%  6144 3386s
  3638  1339 1130.47985  377 5525 1276.00000 1130.47985  11.4%  6142 3391s
  3640  1341 1130.47985  107 5124 1276.00000 1130.47985  11.4%  6139 3399s
  3641  1341 1130.47985 1330 5706 1276.00000 1130.47985  11.4%  6137 3400s
  3645  1345 1130.47985 1081 6056 1276.00000 1130.47985  11.4%  6310 3405s
  3647  1346 1130.47985  636 8493 1276.00000 1130.47985  11.4%  6307 3415s
  3648  1347 1130.47985  903 5208 1276.00000 1130.47985  11.4%  6305 3422s
  3652  1350 1130.47985 1234 5551 1276.00000 1130.47985  11.4%  6298 3425s
  3659  1354 1130.47985 1039 4700 1276.00000 1130.47985  11.4%  6286 3432s
  3661  1356 1130.47985  449 4813 1276.00000 1130.47985  11.4%  6283 3437s
  3663  1357 1130.54257  331 5069 1276.00000 1130.54257  11.4%  6279 3442s
  3665  1358 1130.54257  173 5086 1276.00000 1130.54257  11.4%  6276 3447s
  3667  1360 1130.54257  259 5000 1276.00000 1130.54257  11.4%  6272 3453s
  3669  1361 1130.54257  305 4999 1276.00000 1130.54257  11.4%  6269 3458s
  3671  1362 1130.54257   51 5059 1276.00000 1130.54257  11.4%  6265 3463s
  3673  1364 1130.54257  629 4975 1276.00000 1130.54257  11.4%  6262 3467s
  3675  1365 1130.54257 1108 4809 1276.00000 1130.54257  11.4%  6259 3472s
  3677  1366 1130.54257 1008 5182 1276.00000 1130.54257  11.4%  6255 3477s
  3678  1367 1130.54257   65 4885 1276.00000 1130.54257  11.4%  6254 3480s
  3680  1370 1130.61550   75 4874 1276.00000 1130.61550  11.4%  6411 3488s
  3693  1379 1132.01254   81 4852 1276.00000 1130.61550  11.4%  6388 3490s
  3723  1399 1135.49793   96 4703 1276.00000 1130.61550  11.4%  6337 3495s
  3757  1422 1137.38285  113 4587 1276.00000 1130.61550  11.4%  6281 3507s
  3790  1444 1139.69198  130 4548 1276.00000 1130.61550  11.4%  6226 3510s
  3859  1490 1143.38079  164 4422 1276.00000 1130.61550  11.4%  6116 3515s
  3910  1524 1146.61514  190 4265 1276.00000 1130.61550  11.4%  6037 3520s
  3961  1558 1151.51947  215 4086 1276.00000 1130.61550  11.4%  5960 3525s
  4004  1586 1153.14795  237 4064 1276.00000 1130.61550  11.4%  5897 3530s
  4057  1621 1157.05559  264 3986 1276.00000 1130.61550  11.4%  5821 3535s
  4111  1655 1160.04594  290 3925 1276.00000 1130.61550  11.4%  5746 3540s
  4157  1683 1161.25088  313 3915 1276.00000 1130.61550  11.4%  5683 3545s
  4192  1707 1161.65281  331 3993 1276.00000 1130.61550  11.4%  5637 3551s
  4223  1726 1163.02618  346 3959 1276.00000 1130.61550  11.4%  5596 3555s
  4273  1760 1165.10916  371 3875 1276.00000 1130.61550  11.4%  5531 3561s
  4313  1786 1166.08138  391 3890 1276.00000 1130.61550  11.4%  5481 3565s
  4354  1814 1169.33559  412 3752 1276.00000 1130.61550  11.4%  5430 3572s
  4381  1832 1172.03696  425 3647 1276.00000 1130.61550  11.4%  5396 3575s
  4435  1868 1173.75000  452 3717 1276.00000 1130.61550  11.4%  5332 3581s
  4462  1886 1175.00000  466 3676 1276.00000 1130.61550  11.4%  5300 3585s
  4501  1912 1175.20311  485 3669 1276.00000 1130.61550  11.4%  5255 3590s
  4543  1939 1176.03344  506 3672 1276.00000 1130.61550  11.4%  5207 3595s
  4575  1960 1176.79564  523 3586 1276.00000 1130.61550  11.4%  5171 3600s
  4624  1989 1177.20311  548 3552 1276.00000 1130.61550  11.4%  5117 3605s
  4677  2024 1179.48710  575 3491 1276.00000 1130.61550  11.4%  5060 3610s
  4679  2025 1179.20311  576 3487 1276.00000 1130.61550  11.4%  5058 3617s
  4705  2039 1180.20311  591 3411 1276.00000 1130.61550  11.4%  5031 3620s
  4759  2072 1181.51817  618 3323 1276.00000 1130.61550  11.4%  4974 3625s
  4808  2102 1184.05560  642 3290 1276.00000 1130.61550  11.4%  4924 3630s
  4853  2130 1185.48741  665 3285 1276.00000 1130.61550  11.4%  4879 3635s
  4906  2166 1188.53528  691 3213 1276.00000 1130.61550  11.4%  4826 3640s
H 4924  2107                    1275.0000000 1130.61550  11.3%  4809 3643s
  4926  2110 1188.56509  701 3227 1275.00000 1130.61550  11.3%  4807 3646s
  4980  2146 1192.11543  728 3213 1275.00000 1130.61550  11.3%  4755 3650s
  5036  2183 1194.39465  756 3178 1275.00000 1130.61550  11.3%  4703 3655s
  5086  2217 1195.53100  781 3183 1275.00000 1130.61550  11.3%  4658 3660s
  5151  2260 1195.39465  814 3136 1275.00000 1130.61550  11.3%  4600 3666s
  5215  2302 1195.39465  846 3103 1275.00000 1130.61550  11.3%  4544 3670s
  5279  2344 1195.44422  878 3098 1275.00000 1130.61550  11.3%  4490 3675s
  5356  2394 1196.80181  917 3029 1275.00000 1130.61550  11.3%  4427 3680s
  5410  2430 1197.95605  944 2971 1275.00000 1130.61550  11.3%  4383 3685s
  5480  2476 1198.35532  979 2915 1275.00000 1130.61550  11.3%  4328 3690s
  5537  2511 1201.05700 1008 2856 1275.00000 1130.61550  11.3%  4284 3695s
  5542  2515 1201.05700 1010 2849 1275.00000 1130.61550  11.3%  4280 3701s
  5568  2532 1201.41666 1023 2859 1275.00000 1130.61550  11.3%  4260 3706s
  5613  2558 1204.05700 1047 2847 1275.00000 1130.61550  11.3%  4227 3710s
  5677  2601 1204.89444 1079 2878 1275.00000 1130.61550  11.3%  4180 3715s
  5744  2645 1208.89444 1112 2778 1275.00000 1130.61550  11.3%  4131 3720s
  5809  2689 1211.28672 1145 2735 1275.00000 1130.61550  11.3%  4086 3725s
  5866  2727 1211.45961 1173 2687 1275.00000 1130.61550  11.3%  4046 3730s
  5907  2754 1215.40562 1194 2606 1275.00000 1130.61550  11.3%  4018 3736s
  5921  2762 1215.40562 1201 2594 1275.00000 1130.61550  11.3%  4009 3740s
  5985  2802 1217.76548 1233 2557 1275.00000 1130.61550  11.3%  3966 3745s
  6057  2846 1221.03039 1269 2485 1275.00000 1130.61550  11.3%  3919 3750s
  6120  2888 1224.72009 1301 2408 1275.00000 1130.61550  11.3%  3879 3755s
  6180  2924 1227.03460 1330 2362 1275.00000 1130.61550  11.3%  3842 3760s
  6229  2956 1228.64757 1355 2303 1275.00000 1130.61550  11.3%  3812 3766s
  6284  2990 1231.35355 1382 2220 1275.00000 1130.61550  11.3%  3779 3770s
  6358  3035 1234.24131 1420 2163 1275.00000 1130.61550  11.3%  3735 3776s
  6412  3070 1236.39951 1447 2112 1275.00000 1130.61550  11.3%  3704 3780s
  6422  3075 1236.39951 1453 2118 1275.00000 1130.61550  11.3%  3698 3792s
  6439  3087 1237.07392 1461 2089 1275.00000 1130.61550  11.3%  3689 3795s
  6480  3114 1238.61384 1482 2099 1275.00000 1130.61550  11.3%  3666 3800s
  6552  3161 1240.61929 1518 2080 1275.00000 1130.61550  11.3%  3626 3805s
  6621  3207 1242.80391 1553 1987 1275.00000 1130.61550  11.3%  3588 3810s
  6692  3254 1248.25236 1588 1939 1275.00000 1130.61550  11.3%  3551 3815s
  6749  3292 1250.01546 1617 1904 1275.00000 1130.61550  11.3%  3521 3820s
  6813  3335 1253.16746 1649 1870 1275.00000 1130.61550  11.3%  3488 3825s
  6878  3375 1256.17493 1681 1798 1275.00000 1130.61550  11.3%  3455 3830s
  6890  3383 1256.76568 1687 1773 1275.00000 1130.61550  11.3%  3449 3836s
  6907  3395 1259.68979 1696 1725 1275.00000 1130.61550  11.3%  3441 3840s
  6981  3442 1263.80047 1733 1678 1275.00000 1130.61550  11.3%  3405 3845s
  7058  3488 1269.09041 1771 1603 1275.00000 1130.61550  11.3%  3368 3850s
  7095  3501     cutoff 1788      1275.00000 1130.61550  11.3%  3350 3855s
  7191  3462 1131.11550   76 4863 1275.00000 1131.11550  11.3%  3306 3860s
  7251  3502 1137.93782  106 4712 1275.00000 1131.11550  11.3%  3279 3865s
  7312  3543 1141.37939  137 4608 1275.00000 1131.11550  11.3%  3253 3870s
  7344  3564 1142.83996  153 4429 1275.00000 1131.11550  11.3%  3239 3875s
  7405  3605 1145.66347  183 4472 1275.00000 1131.11550  11.3%  3213 3880s
  7468  3647 1147.40017  215 4248 1275.00000 1131.11550  11.3%  3186 3885s
  7531  3689 1148.61684  246 4142 1275.00000 1131.11550  11.3%  3160 3890s
  7586  3729 1150.66791  274 4094 1275.00000 1131.11550  11.3%  3138 3895s
  7662  3805 1154.80721  312 3987 1275.00000 1131.11550  11.3%  3107 3900s
  7722  3865 1156.53505  342 3911 1275.00000 1131.11550  11.3%  3083 3905s
  7756  3899 1157.86838  359 3992 1275.00000 1131.11550  11.3%  3071 3910s
  7834  3974 1162.64663  398 3984 1275.00000 1131.11550  11.3%  3041 3915s
  7873  4013 1164.30441  417 3929 1275.00000 1131.11550  11.3%  3026 3924s
  7874  4014 1164.29833  418 3920 1275.00000 1131.11550  11.3%  3025 3925s
  7903  4043 1164.32318  432 3951 1275.00000 1131.11550  11.3%  3014 3930s
  7969  4106 1167.90120  466 3807 1275.00000 1131.11550  11.3%  2990 3935s
  8043  4180 1170.52385  503 3703 1275.00000 1131.11550  11.3%  2963 3940s
  8108  4243 1171.66129  536 3759 1275.00000 1131.11550  11.3%  2940 3945s
  8165  4299 1174.07553  565 3703 1275.00000 1131.11550  11.3%  2920 3950s
  8215  4349 1177.36728  590 3707 1275.00000 1131.11550  11.3%  2902 3955s
  8272  4406 1180.59405  618 3549 1275.00000 1131.11550  11.3%  2883 3961s
  8273  4407 1180.50085  619 3557 1275.00000 1131.11550  11.3%  2882 3969s
  8283  4417 1181.00085  624 3552 1275.00000 1131.11550  11.3%  2879 3970s
  8345  4479 1182.72211  655 3492 1275.00000 1131.11550  11.3%  2858 3975s
  8404  4537 1185.39915  685 3464 1275.00000 1131.11550  11.3%  2838 3980s
  8472  4603 1188.26526  720 3407 1275.00000 1131.11550  11.3%  2816 3985s
  8540  4671 1190.25798  754 3250 1275.00000 1131.11550  11.3%  2794 3990s
  8609  4738 1191.81431  788 3216 1275.00000 1131.11550  11.3%  2772 3995s
  8659  4785 1192.65892  813 3248 1275.00000 1131.11550  11.3%  2756 4000s
  8734  4859 1194.60276  851 3170 1275.00000 1131.11550  11.3%  2733 4005s
  8774  4897 1196.72021  871 3114 1275.00000 1131.11550  11.3%  2721 4010s
  8845  4966 1198.38724  907 3009 1275.00000 1131.11550  11.3%  2699 4015s
  8856  4977 1198.13319  913 3055 1275.00000 1131.11550  11.3%  2696 4023s
  8857  4978 1198.13319  913 3067 1275.00000 1131.11550  11.3%  2696 4025s
  8915  5036 1199.20633  942 3088 1275.00000 1131.11550  11.3%  2679 4030s
  8986  5107 1201.85542  978 3012 1275.00000 1131.11550  11.3%  2658 4035s
  9042  5163 1204.26238 1006 3010 1275.00000 1131.11550  11.3%  2642 4040s
  9090  5210 1207.57925 1030 2976 1275.00000 1131.11550  11.3%  2628 4045s
  9158  5278 1207.73028 1064 2997 1275.00000 1131.11550  11.3%  2609 4050s
  9216  5334 1208.63604 1093 2973 1275.00000 1131.11550  11.3%  2593 4055s
  9298  5414 1209.68408 1134 2890 1275.00000 1131.11550  11.3%  2571 4060s
  9345  5461 1209.70505 1157 2872 1275.00000 1131.11550  11.3%  2558 4065s
  9413  5528 1212.00717 1191 2829 1275.00000 1131.11550  11.3%  2540 4070s
  9477  5591 1213.46437 1224 2806 1275.00000 1131.11550  11.3%  2523 4075s
  9558  5672 1214.81191 1264 2678 1275.00000 1131.11550  11.3%  2502 4080s
  9561  5674 1215.25930 1266 2667 1275.00000 1131.11550  11.3%  2501 4092s
  9605  5718 1217.57638 1288 2636 1275.00000 1131.11550  11.3%  2490 4095s
  9680  5791 1219.78944 1326 2631 1275.00000 1131.11550  11.3%  2471 4100s
  9727  5835 1221.45749 1350 2585 1275.00000 1131.11550  11.3%  2460 4105s
  9788  5896 1223.62408 1380 2424 1275.00000 1131.11550  11.3%  2444 4110s
  9873  5980 1225.12055 1423 2339 1275.00000 1131.11550  11.3%  2424 4115s
  9952  6055 1226.29772 1462 2356 1275.00000 1131.11550  11.3%  2405 4120s
 10016  6117 1229.35540 1494 2341 1275.00000 1131.11550  11.3%  2390 4125s
 10075  6176 1231.83996 1523 2293 1275.00000 1131.11550  11.3%  2376 4130s
 10139  6240 1234.18464 1555 2288 1275.00000 1131.11550  11.3%  2361 4135s
 10199  6300 1235.76554 1585 2235 1275.00000 1131.11550  11.3%  2348 4140s
 10278  6376 1238.77057 1625 2190 1275.00000 1131.11550  11.3%  2330 4145s
 10328  6425 1239.75124 1651 2141 1275.00000 1131.11550  11.3%  2319 4150s
 10405  6498 1242.47611 1689 2088 1275.00000 1131.11550  11.3%  2302 4155s
 10452  6545 1242.58735 1713 2052 1275.00000 1131.11550  11.3%  2292 4162s
 10492  6585 1244.58735 1733 2028 1275.00000 1131.11550  11.3%  2283 4165s
 10569  6662 1245.00714 1771 1915 1275.00000 1131.11550  11.3%  2267 4170s
 10642  6732 1248.67033 1808 1718 1275.00000 1131.11550  11.3%  2251 4175s
 10721  6810 1254.26598 1848 1636 1275.00000 1131.11550  11.3%  2235 4180s
 10775  6863 1255.49061 1876 1638 1275.00000 1131.11550  11.3%  2224 4186s
 10822  6909 1256.73210 1900 1575 1275.00000 1131.11550  11.3%  2214 4201s
 10872  6959 1259.94151 1925 1495 1275.00000 1131.11550  11.3%  2204 4205s
 10936  7023 1263.61739 1957 1457 1275.00000 1131.11550  11.3%  2192 4211s
 10937  7024 1263.61739 1957 1457 1275.00000 1131.11550  11.3%  2191 4226s
 10969  7056 1267.62984 1973 1388 1275.00000 1131.11550  11.3%  2185 4230s
 11017  7103 1269.96240 1998 1305 1275.00000 1131.11550  11.3%  2176 4235s
 11098  7161 1131.87741   79 4870 1275.00000 1131.11550  11.3%  2160 4240s
 11158  7221 1136.38000  109 4760 1275.00000 1131.11550  11.3%  2149 4245s
 11180  7243 1139.55529  120 4623 1275.00000 1131.11550  11.3%  2145 4250s
 11243  7306 1144.05846  152 4428 1275.00000 1131.11550  11.3%  2133 4255s
 11309  7372 1146.89742  185 4136 1275.00000 1131.11550  11.3%  2121 4260s
 11331  7393 1147.68772  190 6056 1275.00000 1131.11550  11.3%  2117 4570s
 11333  7394 1143.07117  145 8858 1275.00000 1131.11550  11.3%  2117 4581s
 11334  7395 1194.89465  779 6033 1275.00000 1131.11550  11.3%  2116 4590s
 11343  7401 1163.95190  431 5108 1275.00000 1131.11550  11.3%  2115 4606s
 11344  7402 1192.78795  831 5426 1275.00000 1131.11550  11.3%  2115 4614s
 11345  7402 1220.11966 1264 4969 1275.00000 1131.11550  11.3%  2114 4623s
 11346  7403 1142.15807  136 4968 1275.00000 1131.11550  11.3%  2114 4631s
 11347  7404 1192.11543  725 4764 1275.00000 1131.50277  11.3%  2114 4640s
 11348  7404 1204.44399 1017 5011 1275.00000 1131.50277  11.3%  2114 4648s
 11349  7405 1183.40806  637 5047 1275.00000 1131.50277  11.3%  2114 4657s
 11350  7406 1215.40562 1195 5252 1275.00000 1131.50277  11.3%  2113 4665s
 11351  7406 1175.20311  489 4997 1275.00000 1131.50277  11.3%  2113 4674s
 11352  7407 1245.20821 1772 5225 1275.00000 1131.50277  11.3%  2113 4682s
 11353  7408 1210.28474 1138 5033 1275.00000 1131.50277  11.3%  2113 4691s
 11354  7408 1135.97709  100 5289 1275.00000 1131.50277  11.3%  2113 4699s
 11355  7409 1195.39465  810 5209 1275.00000 1131.50277  11.3%  2113 4709s
 11356  7410 1153.13126  297 5231 1275.00000 1131.50277  11.3%  2112 4716s
 11357  7410 1265.18979 1744 5322 1275.00000 1131.50277  11.3%  2112 4725s
 11358  7411 1217.90163 1232 5405 1275.00000 1131.50277  11.3%  2112 4733s
 11359  7412 1205.17268  999 5209 1275.00000 1131.50277  11.3%  2112 4743s
 11360  7412 1177.20311  551 5321 1275.00000 1131.50277  11.3%  2112 4751s
 11361  7413 1205.18476 1078 5072 1275.00000 1131.50277  11.3%  2111 4760s
 11362  7414 1196.67900  929 5585 1275.00000 1131.50277  11.3%  2111 4768s
 11363  7414 1162.62840  327 5089 1275.00000 1131.50277  11.3%  2111 4781s
 11364  7415 1219.57638 1298 5584 1275.00000 1131.50277  11.3%  2111 4788s
 11365  7416 1227.95290 1337 5180 1275.00000 1131.50277  11.3%  2111 4798s
 11367  7417 1147.59583  215 5755 1275.00000 1131.50277  11.3%  2110 4806s
 11368  7418 1249.62321 1820 5361 1275.00000 1131.94190  11.2%  2110 4821s
 11370  7419 1268.31709 1982 5776 1275.00000 1131.94190  11.2%  2110 4829s
 11371  7420 1254.23273 1663 5489 1275.00000 1131.94190  11.2%  2110 4841s
 11372  7420 1157.34436  341 5881 1275.00000 1131.94190  11.2%  2109 4849s
 11373  7421 1190.20393  715 5215 1275.00000 1131.94190  11.2%  2109 4862s
 11375  7422 1256.65641 1892 5814 1275.00000 1131.94190  11.2%  2109 4870s
 11376  7423 1146.67520  178 5241 1275.00000 1132.00831  11.2%  2109 4883s
 11378  7424 1166.13726  384 5808 1275.00000 1132.08172  11.2%  2108 4890s
 11379  7425 1209.63173 1133 5528 1275.00000 1132.19827  11.2%  2108 4911s
 11380  7426 1134.63455   94 5627 1275.00000 1132.19827  11.2%  2108 4919s
 11381  7426 1198.16974  902 5472 1275.00000 1132.20327  11.2%  2108 4932s
 11382  7427 1210.28474 1132 5929 1275.00000 1132.20327  11.2%  2108 4940s
 11383  7428 1192.11543  727 5096 1275.00000 1132.20621  11.2%  2107 4956s
 11384  7428 1174.00000  460 5586 1275.00000 1132.20629  11.2%  2107 4964s
 11385  7429 1249.67436 1821 5126 1275.00000 1132.71160  11.2%  2107 4974s
 11386  7430 1255.65211 1885 5591 1275.00000 1132.71160  11.2%  2107 4982s
 11387  7430 1248.66683 1592 5132 1275.00000 1132.96542  11.1%  2107 4999s
 11389  7432 1142.44479  156 5850 1275.00000 1132.96542  11.1%  2106 5007s
 11390  7432 1260.09670 1918 5163 1275.00000 1132.96542  11.1%  2106 5018s
 11391  7433 1135.26373   97 5696 1275.00000 1132.96542  11.1%  2106 5026s
 11392  7434 1147.17520  179 5136 1275.00000 1132.96542  11.1%  2106 5054s
 11394  7435 1210.70505 1164 5880 1275.00000 1132.96542  11.1%  2105 5062s
 11395  7436 1151.28614  211 5349 1275.00000 1132.96542  11.1%  2105 5074s
 11396  7436 1207.73133 1073 5720 1275.00000 1132.96542  11.1%  2105 5082s
 11397  7437 1156.36387  252 5092 1275.00000 1132.96542  11.1%  2105 5094s
 11398  7438 1169.77965  417 5731 1275.00000 1132.96542  11.1%  2105 5102s
 11399  7438 1197.91793  901 5387 1275.00000 1132.97947  11.1%  2104 5115s
 11401  7440 1216.63433 1214 5944 1275.00000 1132.98219  11.1%  2104 5123s
 11402  7440 1188.53528  688 5085 1275.00000 1133.05492  11.1%  2104 5134s
 11403  7441 1205.48362 1088 5597 1275.00000 1133.05666  11.1%  2104 5135s
 11406  7443 1202.05700 1025 5787 1275.00000 1133.08791  11.1%  2103 5143s
 11407  7444 1206.05510 1088 5098 1275.00000 1133.14416  11.1%  2103 5154s
 11408  7444 1226.40304 1323 5636 1275.00000 1133.14416  11.1%  2103 5161s
H11408  7070                    1274.0000000 1133.14497  11.1%  2103 5183s
 11411  7072 1177.26039  540 5982 1274.00000 1133.15399  11.1%  2102 5192s
 11412  7073 1192.77281  827 5411 1274.00000 1133.19888  11.1%  2102 5204s
 11413  7074 1180.20311  596 5967 1274.00000 1133.20069  11.1%  2102 5205s
 11414  7074 1170.52159  501 5990 1274.00000 1133.20069  11.1%  2102 5212s
 11415  7075 1182.60946  654 5231 1274.00000 1133.33042  11.0%  2101 5225s
 11416  7076 1141.27939  137 5875 1274.00000 1133.33042  11.0%  2101 5232s
 11417  7076 1161.76341  393 5002 1274.00000 1133.42737  11.0%  2101 5245s
 11419  7078 1219.72690 1320 5654 1274.00000 1133.42828  11.0%  2101 5253s
 11420  7078 1241.74648 1533 5566 1274.00000 1133.43139  11.0%  2101 5267s
 11421  7079 1207.90187 1086 6159 1274.00000 1133.43139  11.0%  2100 5275s
 11422  7080 1150.92041  278 4994 1274.00000 1133.49089  11.0%  2100 5287s
 11423  7080 1220.55872 1266 5769 1274.00000 1133.49096  11.0%  2100 5295s
 11424  7081 1261.68979 1714 5012 1274.00000 1133.49477  11.0%  2100 5315s
 11425  7082 1160.28631  299 5723 1274.00000 1133.49477  11.0%  2100 5323s
 11426  7082 1162.12840  322 5508 1274.00000 1133.49904  11.0%  2099 5335s
 11427  7083 1186.23071  682 5855 1274.00000 1133.49904  11.0%  2099 5343s
 11428  7084 1263.67642 1954 5417 1274.00000 1133.50004  11.0%  2099 5356s
 11429  7084 1192.33443  802 5804 1274.00000 1133.50004  11.0%  2099 5364s
 11430  7085 1172.03779  426 5208 1274.00000 1133.52088  11.0%  2099 5375s
 11431  7086 1147.68772  190 5753 1274.00000 1133.52088  11.0%  2098 5382s
 11432  7086 1211.24773 1199 5197 1274.00000 1133.52088  11.0%  2098 5394s
 11433  7087 1143.07117  145 5873 1274.00000 1133.52088  11.0%  2098 5402s
 11434  7088 1194.89465  779 5266 1274.00000 1133.61972  11.0%  2098 5414s
 11435  7088 1153.13126  300 5957 1274.00000 1133.61972  11.0%  2098 5422s
 11436  7089 1236.39951 1450 5689 1274.00000 1133.71871  11.0%  2098 5434s
 11437  7090 1175.20311  489 6118 1274.00000 1133.71871  11.0%  2097 5443s
 11438  7090 1241.61929 1531 5445 1274.00000 1133.74861  11.0%  2097 5456s
 11439  7091 1142.64927  148 6125 1274.00000 1133.74861  11.0%  2097 5464s
 11440  7092 1194.32949  843 5517 1274.00000 1133.77030  11.0%  2097 5492s
 11441  7092 1223.62408 1387 6041 1274.00000 1133.77030  11.0%  2097 5500s
 11442  7093 1225.77395 1312 5306 1274.00000 1133.78587  11.0%  2096 5513s
 11443  7094 1163.95190  431 6046 1274.00000 1133.78587  11.0%  2096 5520s
 11444  7094 1192.78795  831 5061 1274.00000 1133.96112  11.0%  2096 5533s
 11446  7096 1142.15807  136 6116 1274.00000 1133.96180  11.0%  2096 5541s
 11447  7096 1192.11543  725 5321 1274.00000 1133.97287  11.0%  2096 5556s
 11448  7097 1204.44399 1017 5790 1274.00000 1133.97287  11.0%  2095 5564s
 11449  7098 1183.40806  637 5363 1274.00000 1133.97415  11.0%  2095 5575s
 11450  7098 1215.40562 1195 5713 1274.00000 1133.97415  11.0%  2095 5583s
 11451  7099 1175.20311  489 5323 1274.00000 1133.97415  11.0%  2095 5595s
 11452  7100 1245.20821 1772 6049 1274.00000 1133.97415  11.0%  2095 5603s
 11453  7100 1210.28474 1138 5893 1274.00000 1134.02921  11.0%  2094 5617s
 11455  7102 1195.39465  810 6252 1274.00000 1134.04082  11.0%  2094 5626s
 11456  7102 1153.13126  297 5113 1274.00000 1134.05123  11.0%  2094 5639s
 11457  7103 1265.18979 1744 5926 1274.00000 1134.05123  11.0%  2094 5647s
H11457  6746                    1273.0000000 1134.05466  10.9%  2094 5665s
 11459  6747 1205.17268  999 5857 1273.00000 1134.05466  10.9%  2093 5677s
 11460  6748 1177.20311  551 5206 1273.00000 1134.13160  10.9%  2093 5691s
 11462  6749 1196.67900  929 6117 1273.00000 1134.15886  10.9%  2093 5699s
 11463  6750 1162.62840  327 5309 1273.00000 1134.29750  10.9%  2093 5711s
 11464  6751 1219.57638 1298 5951 1273.00000 1134.29750  10.9%  2092 5719s
 11465  6751 1227.95290 1337 5593 1273.00000 1134.30534  10.9%  2092 5735s
 11466  6752 1175.63736  576 6358 1273.00000 1134.30534  10.9%  2092 5743s
 11467  6753 1147.59583  215 5180 1273.00000 1134.34979  10.9%  2092 5755s
 11468  6753 1249.62321 1820 6109 1273.00000 1134.34979  10.9%  2092 5762s
 11469  6754 1210.59010 1174 5670 1273.00000 1134.35187  10.9%  2092 5777s
 11472  6756 1157.34436  341 6471 1273.00000 1134.36848  10.9%  2091 5785s
 11473  6757 1190.20393  715 5021 1273.00000 1134.38746  10.9%  2091 5798s
 11474  6757 1222.97784 1368 6098 1273.00000 1134.38757  10.9%  2091 5806s
 11475  6758 1256.65641 1892 5346 1273.00000 1134.39382  10.9%  2090 5819s
 11476  6759 1146.67520  178 5935 1273.00000 1134.39382  10.9%  2090 5827s
 11477  6759 1198.31573  917 5219 1273.00000 1134.39382  10.9%  2090 5851s
 11478  6760 1166.13726  384 6010 1273.00000 1134.39382  10.9%  2090 5858s
 11479  6761 1209.63173 1133 5416 1273.00000 1134.41690  10.9%  2090 5869s
 11480  6761 1134.63455   94 6218 1273.00000 1134.41690  10.9%  2090 5878s
 11481  6762 1198.16974  902 5598 1273.00000 1134.42032  10.9%  2089 5890s
 11482  6763 1210.28474 1132 6209 1273.00000 1134.42032  10.9%  2089 5897s
 11483  6763 1192.11543  727 5432 1273.00000 1134.51079  10.9%  2089 5904s
 11484  6764 1174.00000  460 6205 1273.00000 1134.54413  10.9%  2089 5905s
 11486  6765 1255.65211 1885 5417 1273.00000 1134.67747  10.9%  2088 5912s
 11488  6767 1160.72054  378 5530 1273.00000 1134.67747  10.9%  2088 5922s
 11490  6768 1260.09670 1918 5437 1273.00000 1134.69722  10.9%  2088 5931s
 11492  6769 1147.17520  179 5260 1273.00000 1134.69722  10.9%  2087 5941s
 11494  6771 1210.70505 1164 5728 1273.00000 1134.69827  10.9%  2087 5949s
 11495  6771 1151.28614  211 6255 1273.00000 1134.69827  10.9%  2087 5951s
 11496  6772 1207.73133 1073 5660 1273.00000 1134.71570  10.9%  2087 5958s
 11497  6773 1156.36387  252 6287 1273.00000 1134.71570  10.9%  2086 5960s
 11498  6773 1169.77965  417 5794 1273.00000 1134.75252  10.9%  2086 5967s
 11500  6775 1208.58151 1080 5506 1273.00000 1134.80822  10.9%  2086 5979s
 11501  6775 1216.63433 1214 6104 1273.00000 1134.80822  10.9%  2086 5981s
 11502  6776 1188.53528  688 5490 1273.00000 1134.80822  10.9%  2086 5986s
 11504  6777 1134.81304   78 5765 1273.00000 1134.81304  10.9%  2085 5997s
 11506  6779 1202.05700 1025 5663 1273.00000 1134.81304  10.9%  2085 6005s
 11509  6781 1268.62984 1988 5589 1273.00000 1135.31579  10.8%  2084 6017s
 11511  6782 1177.26039  540 5746 1273.00000 1135.31579  10.8%  2084 6024s
 11512  6783 1192.77281  827 6374 1273.00000 1135.31579  10.8%  2084 6026s
H11512  6441                    1272.0000000 1135.31579  10.7%  2084 6036s
 11515  6443 1182.60946  654 5955 1272.00000 1135.31579  10.7%  2083 6063s
 11516  6443 1141.27939  137 6790 1272.00000 1135.31579  10.7%  2083 6065s
 11517  6444 1161.76341  393 6438 1272.00000 1135.31579  10.7%  2083 6079s
 11518  6445 1205.05700 1050 7002 1272.00000 1135.31579  10.7%  2083 6080s
 11520  6446 1241.74648 1533 5850 1272.00000 1135.31579  10.7%  2082 6089s
 11521  6447 1207.90187 1086 6706 1272.00000 1135.31579  10.7%  2082 6091s
 11522  6447 1150.92041  278 5461 1272.00000 1135.31579  10.7%  2082 6097s
 11525  6449 1160.28631  299 6514 1272.00000 1135.31579  10.7%  2081 6100s
 11526  6450 1162.12840  322 5544 1272.00000 1135.31579  10.7%  2081 6105s
 11530  6453 1172.03779  426 5598 1272.00000 1135.31579  10.7%  2080 6117s
 11532  6454 1211.24773 1199 5514 1272.00000 1135.31579  10.7%  2080 6125s
 11534  6455 1194.89465  779 5742 1272.00000 1135.31579  10.7%  2080 6133s
 11535  6456 1153.13126  300 6701 1272.00000 1135.31579  10.7%  2080 6135s
 11536  6457 1236.39951 1450 5640 1272.00000 1135.31579  10.7%  2079 6140s
 11538  6458 1241.61929 1531 6082 1272.00000 1135.31579  10.7%  2079 6151s
 11540  6459 1194.32949  843 5723 1272.00000 1135.31579  10.7%  2079 6160s
 11542  6461 1225.77395 1312 5721 1272.00000 1135.31579  10.7%  2078 6168s
 11543  6461 1163.95190  431 6316 1272.00000 1135.31579  10.7%  2078 6170s
 11544  6462 1192.78795  831 5815 1272.00000 1135.31579  10.7%  2078 6176s
 11546  6463 1142.15807  136 5681 1272.00000 1135.37264  10.7%  2078 6186s
 11549  6465 1183.40806  637 6009 1272.00000 1135.38560  10.7%  2077 6197s
 11552  6467 1245.20821 1772 7353 1272.00000 1135.40083  10.7%  2077 6200s
 11553  6468 1210.28474 1138 5445 1272.00000 1135.73600  10.7%  2076 6208s
 11555  6469 1195.39465  810 5871 1272.00000 1135.73701  10.7%  2076 6217s
 11557  6471 1265.18979 1744 5802 1272.00000 1135.76026  10.7%  2076 6228s
 11559  6472 1205.17268  999 6964 1272.00000 1135.77396  10.7%  2075 6230s
 11561  6473 1205.18476 1078 5558 1272.00000 1135.79418  10.7%  2075 6238s
 11562  6474 1196.67900  929 6427 1272.00000 1135.79418  10.7%  2075 6240s
 11563  6475 1162.62840  327 5677 1272.00000 1135.84226  10.7%  2075 6248s
 11565  6476 1227.95290 1337 5667 1272.00000 1135.84226  10.7%  2074 6255s
 11567  6477 1147.59583  215 5801 1272.00000 1135.89533  10.7%  2074 6268s
 11569  6479 1210.59010 1174 6734 1272.00000 1135.89533  10.7%  2073 6270s
 11570  6479 1268.31709 1982 6000 1272.00000 1135.89533  10.7%  2073 6277s
 11571  6480 1254.23273 1663 6000 1272.00000 1135.89533  10.7%  2073 6291s
 11572  6483 1136.34866   87 5361 1272.00000 1135.89533  10.7%  2656 6295s
 11597  6499 1140.37409   99 5220 1272.00000 1136.34866  10.7%  2650 6333s
 11598  6500 1140.56041  100 5231 1272.00000 1136.34866  10.7%  2650 6335s
 11620  6515 1143.42923  111 5076 1272.00000 1136.34866  10.7%  2645 6340s
 11623  6517 1143.67923  112 5061 1272.00000 1136.34866  10.7%  2645 6355s
 11644  6531 1144.63052  123 4995 1272.00000 1136.34866  10.7%  2640 6360s
 11662  6543 1145.46999  132 4932 1272.00000 1136.34866  10.7%  2636 6365s
 11679  6554 1146.45178  140 4873 1272.00000 1136.34866  10.7%  2632 6370s
 11694  6564 1146.55222  148 4857 1272.00000 1136.34866  10.7%  2629 6375s
 11706  6572 1147.44252  154 4774 1272.00000 1136.34866  10.7%  2626 6380s
 11729  6587 1149.62568  165 4686 1272.00000 1136.34866  10.7%  2621 6385s
 11760  6608 1149.54285  181 4687 1272.00000 1136.34866  10.7%  2615 6390s
 11787  6626 1150.58283  194 4596 1272.00000 1136.34866  10.7%  2609 6396s
 11805  6638 1150.72681  203 4617 1272.00000 1136.34866  10.7%  2605 6403s
 11814  6644 1150.87603  208 4607 1272.00000 1136.34866  10.7%  2603 6405s
 11849  6666 1153.95274  225 4457 1272.00000 1136.34866  10.7%  2595 6410s
 11888  6692 1155.72563  245 4422 1272.00000 1136.34866  10.7%  2587 6415s
 11922  6715 1156.28927  262 4507 1272.00000 1136.34866  10.7%  2580 6421s
 11949  6733 1157.81230  275 4582 1272.00000 1136.34866  10.7%  2574 6426s
 11976  6751 1157.73436  289 4410 1272.00000 1136.34866  10.7%  2569 6431s
 12003  6769 1159.65916  302 4334 1272.00000 1136.34866  10.7%  2563 6435s
 12041  6794 1159.86531  321 4335 1272.00000 1136.34866  10.7%  2555 6440s
 12074  6816 1160.80243  338 4196 1272.00000 1136.34866  10.7%  2549 6445s
 12111  6841 1164.49476  356 4030 1272.00000 1136.34866  10.7%  2541 6450s
 12138  6859 1167.07009  370 4001 1272.00000 1136.34866  10.7%  2535 6455s
 12180  6887 1168.80572  391 3870 1272.00000 1136.34866  10.7%  2527 6460s
 12210  6907 1171.16096  406 3770 1272.00000 1136.34866  10.7%  2521 6465s
 12246  6931 1173.12148  424 3756 1272.00000 1136.34866  10.7%  2514 6471s
 12280  6954 1174.75953  441 3698 1272.00000 1136.34866  10.7%  2507 6475s
 12311  6974 1177.98986  456 3648 1272.00000 1136.34866  10.7%  2501 6480s
 12353  7002 1179.25825  477 3557 1272.00000 1136.34866  10.7%  2493 6485s
 12381  7021 1179.61982  491 3530 1272.00000 1136.34866  10.7%  2488 6490s
 12409  7040 1181.82674  505 3423 1272.00000 1136.34866  10.7%  2482 6513s
 12425  7050 1182.49340  513 3420 1272.00000 1136.34866  10.7%  2479 6515s
 12462  7074 1183.49340  532 3430 1272.00000 1136.34866  10.7%  2472 6521s
 12489  7092 1183.67005  546 3386 1272.00000 1136.34866  10.7%  2467 6525s
 12517  7111 1184.77993  560 3363 1272.00000 1136.34866  10.7%  2461 6530s
 12564  7142 1187.60148  583 3268 1272.00000 1136.34866  10.7%  2452 6535s
 12598  7165 1188.59079  600 3337 1272.00000 1136.34866  10.7%  2446 6540s
 12640  7193 1190.27882  621 3388 1272.00000 1136.34866  10.7%  2438 6545s
 12678  7217 1190.96455  640 3359 1272.00000 1136.34866  10.7%  2431 6550s
 12719  7244 1192.72889  661 3296 1272.00000 1136.34866  10.7%  2423 6555s
 12759  7271 1194.09210  681 3289 1272.00000 1136.34866  10.7%  2416 6560s
 12788  7290 1195.67281  696 3249 1272.00000 1136.34866  10.7%  2410 6572s
 12813  7307 1195.81637  708 3308 1272.00000 1136.34866  10.7%  2406 6577s
 12840  7325 1198.11787  722 3214 1272.00000 1136.34866  10.7%  2401 6580s
 12876  7349 1200.09500  740 3148 1272.00000 1136.34866  10.7%  2394 6585s
 12915  7375 1201.02748  759 3097 1272.00000 1136.34866  10.7%  2387 6590s
 12948  7397 1201.97945  776 3069 1272.00000 1136.34866  10.7%  2381 6598s
 12964  7408 1202.67655  784 3049 1272.00000 1136.34866  10.7%  2378 6600s
 12998  7429 1204.92931  801 3018 1272.00000 1136.34866  10.7%  2372 6605s
 13025  7447 1205.02755  815 2992 1272.00000 1136.34866  10.7%  2368 6610s
 13056  7467 1206.74160  831 3009 1272.00000 1136.34866  10.7%  2362 6615s
 13103  7498 1207.90950  854 2973 1272.00000 1136.34866  10.7%  2354 6620s
 13128  7515 1209.22145  867 2956 1272.00000 1136.34866  10.7%  2349 6625s
 13164  7539 1212.14654  885 2905 1272.00000 1136.34866  10.7%  2343 6631s
 13191  7557 1213.18668  898 2865 1272.00000 1136.34866  10.7%  2338 6636s
 13219  7574 1214.95497  912 2883 1272.00000 1136.34866  10.7%  2333 6640s
 13265  7604 1215.95778  935 2822 1272.00000 1136.34866  10.7%  2326 6645s
 13299  7626 1216.63300  952 2844 1272.00000 1136.34866  10.7%  2320 6650s
 13327  7644 1217.95778  966 2760 1272.00000 1136.34866  10.7%  2315 6655s
 13354  7662 1219.42464  980 2735 1272.00000 1136.34866  10.7%  2310 6661s
 13381  7680 1221.05461  993 2784 1272.00000 1136.34866  10.7%  2306 6667s
 13401  7693 1220.92754 1003 2708 1272.00000 1136.34866  10.7%  2303 6670s
 13435  7716 1223.19975 1020 2618 1272.00000 1136.34866  10.7%  2297 6677s
 13462  7731 1223.84984 1034 2586 1272.00000 1136.34866  10.7%  2292 6680s
 13494  7752 1226.11579 1050 2626 1272.00000 1136.34866  10.7%  2287 6685s
 13536  7777 1228.09242 1071 2553 1272.00000 1136.34866  10.7%  2280 6690s
 13569  7799 1228.09242 1087 2519 1272.00000 1136.34866  10.7%  2275 6695s
 13597  7818 1228.20228 1101 2479 1272.00000 1136.34866  10.7%  2270 6702s
 13624  7836 1228.42117 1115 2481 1272.00000 1136.34866  10.7%  2266 6705s
 13655  7856 1229.51730 1130 2476 1272.00000 1136.34866  10.7%  2261 6710s
 13682  7874 1230.70440 1144 2388 1272.00000 1136.34866  10.7%  2256 6715s
 13727  7904 1234.00730 1166 2363 1272.00000 1136.34866  10.7%  2249 6720s
 13759  7926 1234.09732 1182 2329 1272.00000 1136.34866  10.7%  2244 6725s
 13771  7934 1233.23718 1188 2356 1272.00000 1136.34866  10.7%  2242 6736s
 13786  7944 1234.73103 1196 2285 1272.00000 1136.34866  10.7%  2239 6741s
 13818  7963 1237.14716 1213 2274 1272.00000 1136.34866  10.7%  2234 6745s
 13843  7980 1238.20951 1225 2232 1272.00000 1136.34866  10.7%  2230 6750s
 13886  8007 1239.24633 1247 2197 1272.00000 1136.34866  10.7%  2224 6755s
 13921  8029 1241.52719 1265 2102 1272.00000 1136.34866  10.7%  2218 6760s
 13961  8053 1243.37738 1284 2046 1272.00000 1136.34866  10.7%  2212 6765s
 13981  8067 1243.73942 1294 2074 1272.00000 1136.34866  10.7%  2209 6770s
 14002  8080 1243.75352 1305 2093 1272.00000 1136.34866  10.7%  2206 6775s
 14029  8095 1246.29873 1319 2029 1272.00000 1136.34866  10.7%  2201 6781s
 14056  8113 1246.29873 1332 1974 1272.00000 1136.34866  10.7%  2197 6785s
 14098  8141 1247.30555 1353 1961 1272.00000 1136.34866  10.7%  2191 6790s
 14137  8166 1249.22473 1373 1959 1272.00000 1136.34866  10.7%  2185 6795s
 14164  8182 1249.10990 1387 1942 1272.00000 1136.34866  10.7%  2181 6801s
 14177  8190 1249.90064 1393 1901 1272.00000 1136.34866  10.7%  2179 6832s
 14196  8203 1250.10990 1403 1921 1272.00000 1136.34866  10.7%  2176 6835s
 14231  8224 1251.77996 1420 1908 1272.00000 1136.34866  10.7%  2171 6840s
 14272  8252 1253.12634 1441 1933 1272.00000 1136.34866  10.7%  2164 6845s
 14299  8270 1253.49132 1454 1823 1272.00000 1136.34866  10.7%  2160 6850s
 14343  8299 1253.77281 1476 1763 1272.00000 1136.34866  10.7%  2154 6855s
 14380  8323 1257.08270 1495 1775 1272.00000 1136.34866  10.7%  2149 6860s
 14415  8346 1257.42540 1513 1671 1272.00000 1136.34866  10.7%  2143 6865s
 14447  8367 1258.23803 1529 1629 1272.00000 1136.34866  10.7%  2139 6870s
 14488  8395 1260.86304 1549 1549 1272.00000 1136.34866  10.7%  2133 6876s
 14527  8421 1260.86304 1569 1547 1272.00000 1136.34866  10.7%  2127 6880s
 14569  8449 1261.31106 1590 1552 1272.00000 1136.34866  10.7%  2121 6885s
 14604  8470 1263.89691 1607 1494 1272.00000 1136.34866  10.7%  2116 6890s
 14646  8498 1264.64544 1628 1538 1272.00000 1136.34866  10.7%  2110 6895s
 14677  8519 1265.20292 1644 1513 1272.00000 1136.34866  10.7%  2106 6901s
 14704  8537 1265.64544 1657 1467 1272.00000 1136.34866  10.7%  2102 6906s
 14736  8556 1266.92349 1673 1451 1272.00000 1136.34866  10.7%  2098 6910s
 14754  8568 1267.00980 1682 1434 1272.00000 1136.34866  10.7%  2095 6924s
 14758  8571 1267.31084 1684 1441 1272.00000 1136.34866  10.7%  2095 6926s
 14790  8591 1269.17568 1700 1452 1272.00000 1136.34866  10.7%  2090 6930s
 14823  8586 1136.34866   88 5365 1272.00000 1136.34866  10.7%  2086 6935s
 14854  8607 1138.48073  104 5222 1272.00000 1136.34866  10.7%  2082 6940s
 14892  8632 1142.39684  123 5004 1272.00000 1136.34866  10.7%  2076 6945s
 14923  8653 1145.64499  138 4830 1272.00000 1136.34866  10.7%  2072 6952s
 14950  8671 1147.04794  152 4762 1272.00000 1136.34866  10.7%  2069 6955s
 14977  8689 1149.63635  165 4727 1272.00000 1136.34866  10.7%  2065 6961s
 15006  8708 1151.01524  180 4611 1272.00000 1136.34866  10.7%  2061 6965s
 15030  8724 1151.85591  192 4545 1272.00000 1136.34866  10.7%  2058 6970s
 15058  8743 1151.98433  206 4610 1272.00000 1136.34866  10.7%  2054 6976s
 15085  8761 1153.71467  219 4546 1272.00000 1136.34866  10.7%  2051 6980s
 15119  8780 1154.34464  236 4446 1272.00000 1136.34866  10.7%  2046 6985s
 15165  8811 1156.52489  259 4239 1272.00000 1136.34866  10.7%  2040 6990s
 15194  8830 1158.07750  274 4204 1272.00000 1136.34866  10.7%  2037 6995s
 15225  8851 1159.34410  289 4258 1272.00000 1136.34866  10.7%  2033 7000s
 15247  8866 1160.13858  300 4243 1272.00000 1136.34866  10.7%  2030 7005s
 15287  8891 1163.40460  321 4071 1272.00000 1136.34866  10.7%  2025 7010s
 15328  8919 1163.66408  341 4131 1272.00000 1136.34866  10.7%  2019 7016s
 15355  8937 1164.07866  355 4037 1272.00000 1136.34866  10.7%  2016 7021s
 15382  8955 1165.74630  368 4012 1272.00000 1136.34866  10.7%  2013 7026s
 15409  8973 1168.01695  382 3987 1272.00000 1136.34866  10.7%  2009 7030s
 15450  9000 1170.43570  402 3904 1272.00000 1136.34866  10.7%  2004 7035s
 15490  9027 1172.18846  422 3806 1272.00000 1136.34866  10.7%  1999 7042s
 15517  9045 1173.57842  436 3778 1272.00000 1136.34866  10.7%  1996 7046s
 15544  9063 1174.38280  449 3774 1272.00000 1136.34866  10.7%  1992 7051s
 15571  9081 1175.84957  463 3745 1272.00000 1136.34866  10.7%  1989 7055s
 15612  9107 1179.35288  484 3664 1272.00000 1136.34866  10.7%  1984 7060s
 15652  9134 1182.21701  504 3546 1272.00000 1136.34866  10.7%  1979 7065s
 15690  9159 1183.78539  523 3488 1272.00000 1136.34866  10.7%  1974 7070s
 15731  9186 1187.05967  543 3322 1272.00000 1136.34866  10.7%  1969 7075s
 15760  9206 1188.34919  558 3298 1272.00000 1136.34866  10.7%  1966 7080s
 15793  9227 1189.52879  575 3316 1272.00000 1136.34866  10.7%  1962 7085s
 15837  9256 1191.50504  597 3280 1272.00000 1136.34866  10.7%  1957 7090s
 15868  9277 1191.50504  612 3128 1272.00000 1136.34866  10.7%  1953 7095s
 15901  9299 1191.63737  629 3059 1272.00000 1136.34866  10.7%  1949 7100s
 15940  9325 1193.49313  648 3094 1272.00000 1136.34866  10.7%  1944 7105s
 15964  9341 1195.61816  660 3056 1272.00000 1136.34866  10.7%  1942 7110s
 16003  9367 1195.44170  680 3078 1272.00000 1136.34866  10.7%  1937 7115s
 16038  9390 1196.68274  697 3128 1272.00000 1136.34866  10.7%  1933 7120s
 16084  9419 1198.91107  720 3009 1272.00000 1136.34866  10.7%  1928 7125s
 16111  9437 1200.97866  734 2963 1272.00000 1136.34866  10.7%  1924 7131s
 16145  9459 1201.97345  751 2946 1272.00000 1136.34866  10.7%  1920 7135s
 16186  9487 1206.67748  771 2841 1272.00000 1136.34866  10.7%  1916 7140s
 16219  9509 1206.53247  788 2920 1272.00000 1136.34866  10.7%  1912 7146s
 16251  9530 1208.53247  804 2926 1272.00000 1136.34866  10.7%  1908 7150s
 16300  9562 1208.55335  828 3016 1272.00000 1136.34866  10.7%  1903 7157s
 16327  9580 1210.08842  842 2963 1272.00000 1136.34866  10.7%  1900 7160s
 16363  9604 1211.44540  860 2930 1272.00000 1136.34866  10.7%  1896 7165s
 16408  9634 1213.68353  882 2857 1272.00000 1136.34866  10.7%  1890 7171s
 16432  9647 1214.04983  894 2847 1272.00000 1136.34866  10.7%  1888 7175s
 16462  9667 1216.68088  909 2765 1272.00000 1136.34866  10.7%  1884 7180s
 16511  9697 1218.62732  934 2658 1272.00000 1136.34866  10.7%  1879 7185s
 16543  9719 1221.46758  950 2645 1272.00000 1136.34866  10.7%  1875 7190s
 16581  9742 1223.48783  969 2597 1272.00000 1136.34866  10.7%  1871 7195s

Cutting planes:
  Gomory: 119
  Cover: 575
  Implied bound: 164
  Clique: 13
  MIR: 320
  Mixing: 2
  StrongCG: 17
  Flow cover: 2360
  GUB cover: 361
  Zero half: 2070
  Mod-K: 3
  RLT: 48
  Relax-and-lift: 132

Explored 16598 nodes (31488505 simplex iterations) in 7196.63 seconds (5271.53 work units)
Thread count was 1 (of 16 available processors)

Solution count 10: 1272 1273 1274 ... 1282

Time limit reached
Best objective 1.272000000000e+03, best bound 1.137000000000e+03, gap 10.6132%

User-callback calls 1700659, time in user-callback 2.70 sec

 sepatime0 0 0
1272.0
Stat(MathOptInterface.TIME_LIMIT, 1272.0, 1137.0, 0.10613207547169812, 0.0, 3.412699, 7196.627001047134, 16598, Main.CFLG.EFP, "", #undef)
