Data path: /scratch/opt/lxu/CFLG/benchmarks/Kgroup_B
Instance: K400.1.con.red
Result path: /scratch/opt/lxu/CFLG/results/Kgroup_B
Solver: Gurobi
Time limit: 7200
Formulation: LEVFP
Cover: Large
julia --project=. src/main.jl /scratch/opt/lxu/CFLG/benchmarks/Kgroup_B K400.1.con.red /scratch/opt/lxu/CFLG/results/Kgroup_B Gurobi 7200 LEVFP Large
The latest version of Julia in the `release` channel is 1.11.6+0.x64.linux.gnu. You currently have `1.11.4+0.x64.linux.gnu` installed. Run:

  juliaup update

in your terminal shell to install Julia 1.11.6+0.x64.linux.gnu and update the `release` channel to that version.
/scratch/opt/lxu/CFLG/benchmarks/Kgroup_B Gurobi 7200.0 /scratch/opt/lxu/CFLG/results/Kgroup_B K400.1.con.red LEVFP Large
/scratch/opt/lxu/CFLG/benchmarks/Kgroup_B/K400.1.con.red

 read graph
data loaded


after absorb:217 217

max_piece:44
problem_graph/original graph: node: 259/217 edge: 896/854 dlt: 0.022745745228180823 break_avg_len: 0.010839769210304911 break_max_len: 1.0elapsed CPU time: 0.102051 seconds
Set parameter TokenServer to value "solice01.zib.de"
Set parameter Threads to value 1
Set parameter OutputFlag to value 1
Set parameter MIPGap to value 0.0001
Set parameter TimeLimit to value 7199.897949

 model loaded

Gurobi Optimizer version 12.0.1 build v12.0.1rc0 (linux64 - "Debian GNU/Linux 12 (bookworm)")

CPU model: Intel(R) Xeon(R) Gold 5222 CPU @ 3.80GHz, instruction set [SSE2|AVX|AVX2|AVX512]
Thread count: 8 physical cores, 16 logical processors, using up to 1 threads

Non-default parameters:
TimeLimit  7199.897949
Threads  1

Optimize a model with 92847 rows, 41263 columns and 268824 nonzeros
Model fingerprint: 0xcd09576e
Variable types: 1155 continuous, 40108 integer (40108 binary)
Coefficient statistics:
  Matrix range     [1e-06, 1e+00]
  Objective range  [1e+00, 1e+00]
  Bounds range     [4e-05, 5e-02]
  RHS range        [2e-05, 1e+01]
Presolve removed 26026 rows and 2002 columns
Presolve time: 1.37s
Presolved: 66821 rows, 39261 columns, 231938 nonzeros
Variable types: 1155 continuous, 38106 integer (38106 binary)
Found heuristic solution: objective 614.0000000

Root relaxation: objective 3.834285e+01, 23944 iterations, 2.72 seconds (3.95 work units)
Total elapsed time = 7.88s (DegenMoves)

    Nodes    |    Current Node    |     Objective Bounds      |     Work
 Expl Unexpl |  Obj  Depth IntInf | Incumbent    BestBd   Gap | It/Node Time

     0     0   38.34285    0 1479  614.00000   38.34285  93.8%     -   11s
H    0     0                     209.0000000   38.34285  81.7%     -   11s
H    0     0                     190.0000000   38.34285  79.8%     -   11s
H    0     0                     188.0000000   38.34285  79.6%     -   11s
H    0     0                     165.0000000   38.34285  76.8%     -   11s
H    0     0                     164.0000000   38.34285  76.6%     -   11s
H    0     0                     150.0000000   38.34285  74.4%     -   12s
H    0     0                     136.0000000   38.34285  71.8%     -   12s
H    0     0                     119.0000000   38.34285  67.8%     -   13s
H    0     0                      92.0000000   38.34285  58.3%     -   13s
H    0     0                      82.0000000   38.34285  53.2%     -   13s
H    0     0                      81.0000000   38.34285  52.7%     -   14s
H    0     0                      79.0000000   38.34285  51.5%     -   15s
H    0     0                      76.0000000   38.34285  49.5%     -   15s
H    0     0                      74.0000000   38.34285  48.2%     -   16s
H    0     0                      72.0000000   38.34285  46.7%     -   18s
H    0     0                      71.0000000   38.34285  46.0%     -   21s
     0     0   39.66572    0 1682   71.00000   39.66572  44.1%     -   27s
H    0     0                      70.0000000   39.66572  43.3%     -   28s
H    0     0                      69.0000000   39.66572  42.5%     -   28s
H    0     0                      67.0000000   39.66572  40.8%     -   29s
H    0     0                      65.0000000   39.66572  39.0%     -   29s
H    0     0                      63.0000000   39.66572  37.0%     -   31s
H    0     0                      62.0000000   39.66572  36.0%     -   32s
H    0     0                      61.0000000   39.66572  35.0%     -   32s
     0     0   40.06231    0 1668   61.00000   40.06231  34.3%     -   36s
     0     0   40.10794    0 1600   61.00000   40.10794  34.2%     -   37s
     0     0   40.11631    0 1875   61.00000   40.11631  34.2%     -   39s
     0     0   40.12117    0 1951   61.00000   40.12117  34.2%     -   40s
     0     0   40.12161    0 1823   61.00000   40.12161  34.2%     -   40s
     0     0   40.12171    0 1871   61.00000   40.12171  34.2%     -   41s
     0     0   41.03987    0 1801   61.00000   41.03987  32.7%     -   45s
     0     0   41.21328    0 1767   61.00000   41.21328  32.4%     -   48s
     0     0   41.23088    0 1770   61.00000   41.23088  32.4%     -   48s
     0     0   41.23148    0 1783   61.00000   41.23148  32.4%     -   49s
     0     0   41.68071    0 1870   61.00000   41.68071  31.7%     -   53s
H    0     0                      60.0000000   41.78845  30.4%     -   55s
     0     0   41.78845    0 1822   60.00000   41.78845  30.4%     -   57s
     0     0   41.80297    0 1812   60.00000   41.80297  30.3%     -   59s
     0     0   41.80525    0 1849   60.00000   41.80525  30.3%     -   59s
     0     0   41.80529    0 1826   60.00000   41.80529  30.3%     -   59s
     0     0   42.10718    0 1704   60.00000   42.10718  29.8%     -   63s
     0     0   42.16815    0 1674   60.00000   42.16815  29.7%     -   64s
     0     0   42.17591    0 1633   60.00000   42.17591  29.7%     -   65s
     0     0   42.18271    0 1682   60.00000   42.18271  29.7%     -   66s
     0     0   42.18271    0 1658   60.00000   42.18271  29.7%     -   66s
     0     0   42.30677    0 1791   60.00000   42.30677  29.5%     -   68s
     0     0   42.38995    0 1942   60.00000   42.38995  29.4%     -   73s
     0     0   42.39545    0 1958   60.00000   42.39545  29.3%     -   73s
     0     0   42.40667    0 1852   60.00000   42.40667  29.3%     -   74s
     0     0   42.41191    0 1951   60.00000   42.41191  29.3%     -   75s
     0     0   42.41548    0 1916   60.00000   42.41548  29.3%     -   75s
     0     0   42.41590    0 2017   60.00000   42.41590  29.3%     -   75s
     0     0   42.58953    0 2128   60.00000   42.58953  29.0%     -   81s
     0     0   42.60496    0 2313   60.00000   42.60496  29.0%     -   83s
     0     0   42.61156    0 2127   60.00000   42.61156  29.0%     -   84s
     0     0   42.62431    0 2206   60.00000   42.62431  29.0%     -   85s
     0     0   42.62806    0 2403   60.00000   42.62806  29.0%     -   86s
     0     0   42.62855    0 2370   60.00000   42.62855  29.0%     -   86s
     0     0   42.75300    0 2299   60.00000   42.75300  28.7%     -   88s
     0     0   42.77145    0 2519   60.00000   42.77145  28.7%     -   92s
     0     0   42.77980    0 2420   60.00000   42.77980  28.7%     -   93s
     0     0   42.77998    0 2348   60.00000   42.77998  28.7%     -   93s
     0     0   42.87009    0 2544   60.00000   42.87009  28.5%     -   96s
     0     0   42.88126    0 2618   60.00000   42.88126  28.5%     -   97s
     0     0   42.89352    0 2652   60.00000   42.89352  28.5%     -   98s
     0     0   42.89797    0 2711   60.00000   42.89797  28.5%     -   98s
     0     0   42.89813    0 2668   60.00000   42.89813  28.5%     -   99s
     0     0   43.01332    0 2220   60.00000   43.01332  28.3%     -  102s
     0     0   43.01579    0 2369   60.00000   43.01579  28.3%     -  112s
     0     0   43.01653    0 2495   60.00000   43.01653  28.3%     -  113s
     0     0   43.07945    0 2534   60.00000   43.07945  28.2%     -  115s
     0     0   43.10174    0 2548   60.00000   43.10174  28.2%     -  117s
     0     0   43.11730    0 2247   60.00000   43.11730  28.1%     -  118s
     0     0   43.13547    0 2425   60.00000   43.13547  28.1%     -  119s
     0     0   43.13552    0 2470   60.00000   43.13552  28.1%     -  119s
     0     0   43.18266    0 2376   60.00000   43.18266  28.0%     -  121s
     0     0   43.28234    0 2127   60.00000   43.28234  27.9%     -  124s
     0     0   43.29578    0 2380   60.00000   43.29578  27.8%     -  126s
     0     0   43.30070    0 2395   60.00000   43.30070  27.8%     -  126s
     0     0   43.34960    0 2357   60.00000   43.34960  27.8%     -  128s
     0     0   43.35104    0 2284   60.00000   43.35104  27.7%     -  128s
     0     0   43.35217    0 2403   60.00000   43.35217  27.7%     -  128s
     0     0   43.43822    0 2490   60.00000   43.43822  27.6%     -  132s
     0     0   43.44828    0 2237   60.00000   43.44828  27.6%     -  134s
     0     0   43.44858    0 2096   60.00000   43.44858  27.6%     -  135s
     0     0   43.45529    0 2350   60.00000   43.45529  27.6%     -  136s
     0     0   43.45736    0 2222   60.00000   43.45736  27.6%     -  137s
     0     0   43.45762    0 2185   60.00000   43.45762  27.6%     -  138s
     0     0   43.47131    0 1947   60.00000   43.47131  27.5%     -  140s
     0     0   43.47486    0 2077   60.00000   43.47486  27.5%     -  141s
     0     0   43.47673    0 2133   60.00000   43.47673  27.5%     -  142s
     0     0   43.47865    0 2040   60.00000   43.47865  27.5%     -  142s
     0     0   43.47913    0 2057   60.00000   43.47913  27.5%     -  142s
     0     0   43.49502    0 2309   60.00000   43.49502  27.5%     -  145s
     0     0   43.50347    0 2469   60.00000   43.50347  27.5%     -  146s
     0     0   43.50837    0 2369   60.00000   43.50837  27.5%     -  147s
     0     0   43.50951    0 2375   60.00000   43.50951  27.5%     -  147s
     0     0   43.54981    0 2571   60.00000   43.54981  27.4%     -  149s
     0     0   43.56578    0 2498   60.00000   43.56578  27.4%     -  150s
     0     0   43.56590    0 2452   60.00000   43.56590  27.4%     -  150s
     0     0   43.57761    0 2290   60.00000   43.57761  27.4%     -  153s
     0     0   43.57850    0 2343   60.00000   43.57850  27.4%     -  155s
     0     0   43.59266    0 2341   60.00000   43.59266  27.3%     -  158s
     0     0   43.59515    0 2454   60.00000   43.59515  27.3%     -  161s
     0     0   43.59592    0 2454   60.00000   43.59592  27.3%     -  162s
     0     0   43.60292    0 2297   60.00000   43.60292  27.3%     -  165s
     0     0   43.60821    0 2584   60.00000   43.60821  27.3%     -  168s
     0     0   43.61056    0 2535   60.00000   43.61056  27.3%     -  170s
     0     0   43.61057    0 2577   60.00000   43.61057  27.3%     -  171s
     0     0   43.63805    0 2813   60.00000   43.63805  27.3%     -  175s
     0     0   43.64108    0 2733   60.00000   43.64108  27.3%     -  177s
     0     0   43.64114    0 2702   60.00000   43.64114  27.3%     -  177s
     0     0   43.68973    0 2574   60.00000   43.68973  27.2%     -  180s
     0     0   43.69262    0 2443   60.00000   43.69262  27.2%     -  183s
     0     0   43.69287    0 2397   60.00000   43.69287  27.2%     -  184s
     0     0   43.70108    0 2253   60.00000   43.70108  27.2%     -  186s
     0     0   43.70747    0 2217   60.00000   43.70747  27.2%     -  193s
     0     0   43.71198    0 2418   60.00000   43.71198  27.1%     -  195s
     0     0   43.71254    0 2434   60.00000   43.71254  27.1%     -  195s
     0     0   43.74275    0 2309   60.00000   43.74275  27.1%     -  197s
     0     0   43.74275    0 2219   60.00000   43.74275  27.1%     -  200s
     0     0   43.74566    0 2353   60.00000   43.74566  27.1%     -  202s
     0     0   43.76597    0 2416   60.00000   43.76597  27.1%     -  203s
     0     0   43.76601    0 2350   60.00000   43.76601  27.1%     -  203s
     0     0   43.76822    0 2374   60.00000   43.76822  27.1%     -  205s
     0     0   43.76939    0 2383   60.00000   43.76939  27.1%     -  207s
     0     0   43.77831    0 2725   60.00000   43.77831  27.0%     -  210s
     0     0   43.77868    0 2526   60.00000   43.77868  27.0%     -  212s
     0     0   43.77926    0 2608   60.00000   43.77926  27.0%     -  213s
     0     0   43.77926    0 1993   60.00000   43.77926  27.0%     -  224s
H    0     0                      59.0000000   43.77926  25.8%     -  228s
     0     2   43.77926    0 1824   59.00000   43.77926  25.8%     -  248s
     1     3   43.83145    1 1934   59.00000   43.78642  25.8% 26908  250s
     3     5   44.30387    2 1707   59.00000   43.78642  25.8% 12888  255s
    11    13   44.14753    8 1838   59.00000   43.78642  25.8%  4872  262s
    16    18   44.38519   12 1741   59.00000   43.78642  25.8%  3847  266s
    23    25   44.55589   17 1731   59.00000   43.78642  25.8%  3227  271s
H   26    26                      58.0000000   43.78642  24.5%  2897  277s
    26    28   44.34291   20 1825   58.00000   43.78642  24.5%  3048  280s
    31    33   44.58525   22 1655   58.00000   43.78642  24.5%  3142  286s
    45    47   44.39817   36 1605   58.00000   43.78642  24.5%  2351  290s
    52    54   44.66364   42 1801   58.00000   43.78642  24.5%  2179  312s
    63    65   44.73732   53 1280   58.00000   43.78642  24.5%  1903  315s
    81    83   44.97531   69 1777   58.00000   43.78642  24.5%  1650  320s
   109   111   45.02435   97 1003   58.00000   43.78642  24.5%  1300  325s
   136   138   45.24972  122 1130   58.00000   43.78642  24.5%  1123  330s
   163   165   45.67742  145 1168   58.00000   43.78642  24.5%  1024  335s
   188   190   45.69857  170 1158   58.00000   43.78642  24.5%   924  340s
   204   206   46.07692  185 2470   58.00000   43.78642  24.5%   926  346s
   209   211   46.07692  189 2362   58.00000   43.78642  24.5%   944  350s
   217   219   46.07692  197 2618   58.00000   43.78642  24.5%   945  355s
   230   232   46.17280  209 1342   58.00000   43.78642  24.5%   948  360s
   248   250   46.30404  225  860   58.00000   43.78642  24.5%   942  366s
   274   276   46.38553  250  855   58.00000   43.78642  24.5%   893  370s
   322   324   46.83333  296  539   58.00000   43.78642  24.5%   791  375s
   366   363   48.93368  334  493   58.00000   43.78642  24.5%   722  380s
   445   437   51.58732  399  446   58.00000   43.78642  24.5%   632  385s
   543   535   52.30881  488  497   58.00000   43.78642  24.5%   533  390s
   591   583   53.33091  532  369   58.00000   43.78642  24.5%   499  395s
   643   628   43.96717    1 1820   58.00000   43.88544  24.3%   479  400s
   645   629   44.99001   82 1993   58.00000   43.88544  24.3%   478  436s
   647   630   51.00000  362 1797   58.00000   43.88544  24.3%   476  465s
   648   631   47.34336  322 1740   58.00000   43.88544  24.3%   475  497s
   649   632   47.22636  310 2156   58.00000   43.88544  24.3%   475  508s
   650   632   52.24887  484 2060   58.00000   43.88544  24.3%   474  516s
   651   633   51.00000  378 2299   58.00000   43.88544  24.3%   473  529s
   652   634   46.83333  299 2796   58.00000   43.96002  24.2%   473  537s
   653   634   46.30404  226 2507   58.00000   44.04050  24.1%   472  544s
   654   635   47.34336  322 2697   58.00000   44.07883  24.0%   471  552s
   655   636   46.01450  182 2463   58.00000   44.08935  24.0%   470  556s
   657   637   44.34852   30 2464   58.00000   44.09064  24.0%   469  560s
   658   638   54.00000  544 1966   58.00000   44.18076  23.8%   468  579s
   659   638   49.55738  341 2160   58.00000   44.18592  23.8%   467  584s
   660   639   44.99890   70 2198   58.00000   44.18733  23.8%   467  585s
   662   640   44.19137    4 2371   58.00000   44.19137  23.8%   465  591s
   663   641   47.47878  326 2181   58.00000   44.28663  23.6%   465  612s
   664   642   53.26206  521 2254   58.00000   44.28828  23.6%   464  617s
   665   642   55.34789  555 2588   58.00000   44.28945  23.6%   463  620s
   667   644   47.34336  316 2954   58.00000   44.34156  23.5%   462  645s
   668   644   51.00000  362 2976   58.00000   44.36942  23.5%   461  651s
   670   646   45.78000  175 2494   58.00000   44.39414  23.5%   460  655s
   671   646   54.14180  535 2545   58.00000   44.39465  23.5%   459  660s
   672   647   46.31623  238 2918   58.00000   44.43709  23.4%   458  677s
   674   648   51.00000  358 2944   58.00000   44.44053  23.4%   457  682s
   676   650   46.07692  189 2688   58.00000   44.44176  23.4%   456  687s
   677   650   45.69785  142 2635   58.00000   44.49807  23.3%   455  712s
   678   651   53.33091  532 2567   58.00000   44.51066  23.3%   454  716s
   680   652   52.24887  484 2865   58.00000   44.52275  23.2%   453  720s
   682   654   45.07351  102 3091   58.00000   44.52367  23.2%   452  726s
   683   654   46.17280  218 3076   58.00000   44.59082  23.1%   451  748s
   684   655   45.67742  149 3164   58.00000   44.59853  23.1%   450  751s
   686   656   51.33333  403 3060   58.00000   44.60083  23.1%   449  757s
   687   657   51.00000  379 2833   58.00000   44.61999  23.1%   448  775s
   689   658   52.00000  443 3205   58.00000   44.63269  23.0%   447  782s
   690   659   51.20121  396 3011   58.00000   44.63628  23.0%   446  800s
   692   660   46.56667  260 2930   58.00000   44.63720  23.0%   445  805s
   693   661   44.81493   55 2964   58.00000   44.64585  23.0%   445  818s
   694   662   51.11510  397 2915   58.00000   44.64748  23.0%   444  820s
   698   664   44.65539   39 2893   58.00000   44.65539  23.0%   441  825s
   699   665   46.12960  207 2928   58.00000   44.65582  23.0%   441  830s
   700   666   51.60334  390 2402   58.00000   44.67558  23.0%   440  846s
   701   666   51.00000  377 2748   58.00000   44.67617  23.0%   439  852s
   702   667   46.07692  190 2847   58.00000   44.67761  23.0%   439  857s
   703   668   46.90000  297 2992   58.00000   44.67895  23.0%   438  861s
   704   668   46.32163  241 2954   58.00000   44.67944  23.0%   438  866s
   705   669   49.55738  340 2321   58.00000   44.68929  22.9%   437  919s
   706   670   52.00000  440 2827   58.00000   44.73279  22.9%   436  929s
   707   670   44.99110   87 3121   58.00000   44.73787  22.9%   436  934s
   708   671   45.07351   99 3132   58.00000   44.74586  22.9%   435  939s
   709   672   51.60334  390 2966   58.00000   44.74757  22.8%   435  941s
   710   672   45.18103  116 3013   58.00000   44.74759  22.8%   434  946s
   711   673   51.11510  396 2568   58.00000   44.75335  22.8%   433  963s
   712   674   52.00000  468 2748   58.00000   44.75377  22.8%   433  972s
   713   674   45.02435   94 2803   58.00000   44.77380  22.8%   432  990s
   714   675   54.00000  535 3060   58.00000   44.78425  22.8%   431  995s
   717   677   45.67742  156 3000   58.00000   44.78874  22.8%   430 1004s
   718   678   52.00000  442 2979   58.00000   44.79519  22.8%   429 1016s
   720   679   44.80120   21 3151   58.00000   44.80120  22.8%   428 1020s
   722   680   52.00000  434 2780   58.00000   44.83661  22.7%   427 1039s
   723   681   46.03994  178 2754   58.00000   44.85562  22.7%   426 1042s
   725   682   46.35728  245 3047   58.00000   44.86048  22.7%   425 1046s
   726   683   45.07853   64 3053   58.00000   44.86049  22.7%   424 1050s
   727   684   51.50000  414 2808   58.00000   44.89535  22.6%   424 1063s
   728   684   46.17280  223 3156   58.00000   44.89802  22.6%   423 1065s
   730   686   47.33333  304 3162   58.00000   44.89983  22.6%   422 1070s
   731   686   52.00000  452 3274   58.00000   44.90334  22.6%   421 1081s
   733   688   45.69857  171 3256   58.00000   44.90555  22.6%   420 1086s
   734   688   45.08738  115 3392   58.00000   44.92085  22.6%   420 1100s
   735   689   44.94121   37 3234   58.00000   44.94121  22.5%   419 1105s
   738   691   53.35213  527 3151   58.00000   44.94250  22.5%   417 1110s
   739   692   51.11510  397 3347   58.00000   44.94916  22.5%   417 1125s
   742   694   44.95384   16 3250   58.00000   44.95384  22.5%   415 1132s
   743   694   45.37481  139 3139   58.00000   44.98235  22.4%   415 1145s
   746   696   53.15841  503 3117   58.00000   44.98927  22.4%   413 1151s
   747   697   51.00000  362 3348   58.00000   44.99706  22.4%   412 1163s
   748   698   47.34336  322 3135   58.00000   44.99937  22.4%   412 1166s
   749   698   47.22636  310 3176   58.00000   44.99960  22.4%   411 1170s
   750   699   52.24887  484 3003   58.00000   45.00493  22.4%   411 1181s
   752   700   46.83333  299 2987   58.00000   45.00704  22.4%   410 1185s
   753   701   46.30404  226 3107   58.00000   45.01118  22.4%   409 1196s
   754   702   47.34336  322 3375   58.00000   45.01148  22.4%   409 1200s
   755   702   46.01450  182 3233   58.00000   45.01318  22.4%   408 1212s
   757   704   45.01410   30 3403   58.00000   45.01410  22.4%   407 1217s
   758   704   54.00000  544 3466   58.00000   45.01910  22.4%   406 1231s
   761   706   52.00000  461 3509   58.00000   45.02207  22.4%   405 1236s
   764   708   53.26206  521 3515   58.00000   45.02482  22.4%   403 1243s
   765   709   55.34789  555 3172   58.00000   45.03229  22.4%   403 1256s
   767   710   47.34336  316 3509   58.00000   45.03465  22.4%   402 1263s
   768   711   51.00000  362 3691   58.00000   45.03559  22.4%   401 1280s
   770   712   45.78000  175 3640   58.00000   45.03631  22.4%   400 1287s
   771   713   54.14180  535 3438   58.00000   45.04142  22.3%   400 1299s
   772   714   46.31623  238 3560   58.00000   45.04558  22.3%   399 1303s
   773   714   45.04793   38 3751   58.00000   45.04793  22.3%   399 1306s
   774   715   51.00000  358 3538   58.00000   45.04830  22.3%   398 1311s
   775   716   52.00000  422 3568   58.00000   45.04965  22.3%   398 1324s
   776   716   46.07692  189 3548   58.00000   45.05182  22.3%   397 1325s
   779   718   56.00000  558 3727   58.00000   45.05483  22.3%   395 1333s
   780   719   52.24887  484 3602   58.00000   45.06056  22.3%   395 1347s
   782   720   45.07351  102 3455   58.00000   45.06210  22.3%   394 1352s
   783   721   46.17280  218 3358   58.00000   45.06834  22.3%   393 1365s
   785   722   46.36701  186 3725   58.00000   45.07533  22.3%   392 1373s
   786   723   51.33333  403 3655   58.00000   45.07637  22.3%   392 1375s
   788   724   52.18211  484 3601   58.00000   45.07891  22.3%   391 1392s
   789   725   52.00000  443 3733   58.00000   45.07940  22.3%   390 1397s
   790   726   51.20121  396 3649   58.00000   45.08096  22.3%   390 1571s
   791   726   45.08118   53 3808   58.00000   45.08118  22.3%   389 1577s
   792   727   46.56667  260 3703   58.00000   45.08412  22.3%   389 1590s
   794   728   51.11510  397 3696   58.00000   45.08462  22.3%   388 1595s
   795   729   52.00000  467 3568   58.00000   45.08504  22.3%   388 1606s
   798   732   45.08504   39 1993   58.00000   45.08504  22.3%  2489 1613s
   800   733   51.60334  390 1811   58.00000   45.08504  22.3%  2483 1640s
   801   734   51.00000  377 2079   58.00000   45.08504  22.3%  2480 1673s
   802   735   46.07692  190 2295   58.00000   45.08504  22.3%  2477 1686s
   803   735   46.90000  297 2335   58.00000   45.08504  22.3%  2474 1693s
   804   736   46.32163  241 2370   58.00000   45.08504  22.3%  2471 1698s
   805   737   49.55738  340 2549   58.00000   45.08504  22.3%  2468 1705s
   806   737   52.00000  440 2987   58.00000   45.08504  22.3%  2465 1713s
   807   738   45.08504   87 2834   58.00000   45.08504  22.3%  2461 1719s
   808   739   45.08504   99 3161   58.00000   45.08504  22.3%  2458 1726s
   810   740   45.18103  116 3389   58.00000   45.08504  22.3%  2452 1731s
   812   741   52.00000  468 3419   58.00000   45.08504  22.3%  2446 1736s
   813   742   45.08618   94 3528   58.00000   45.08618  22.3%  2443 1752s
   815   743   46.48485  257 3591   58.00000   45.08942  22.3%  2437 1756s
   816   744   47.33333  301 3521   58.00000   45.08957  22.3%  2434 1761s
   817   745   45.67742  156 3424   58.00000   45.09087  22.3%  2431 1780s
   819   746   53.35213  529 3554   58.00000   45.09120  22.3%  2425 1786s
   820   747   45.09187   21 3435   58.00000   45.09187  22.3%  2422 1798s
   821   747   46.56667  263 3472   58.00000   45.09192  22.3%  2420 1803s
   822   748   52.00000  434 3462   58.00000   45.09282  22.3%  2417 1819s
   823   749   46.03994  178 3432   58.00000   45.09282  22.3%  2414 1824s
   824   749   52.00000  455 3511   58.00000   45.09371  22.3%  2411 1848s
   826   751   45.09450   64 3634   58.00000   45.09450  22.3%  2405 1854s
   827   751   51.50000  414 3659   58.00000   45.09531  22.2%  2402 1870s
   828   752   46.17280  223 3697   58.00000   45.09543  22.2%  2399 1875s
   829   753   53.59090  517 3659   58.00000   45.09803  22.2%  2396 1891s
   830   753   47.33333  304 3700   58.00000   45.09839  22.2%  2393 1896s
   831   754   52.00000  452 3704   58.00000   45.09890  22.2%  2390 1914s
   832   755   45.09917   73 3856   58.00000   45.09917  22.2%  2388 1920s
   833   755   45.69857  171 3412   58.00000   45.11456  22.2%  2385 1936s
   836   757   52.00000  474 3294   58.00000   45.12093  22.2%  2376 1940s
   837   758   45.69857  170 3405   58.00000   45.12115  22.2%  2373 1945s
   838   759   53.35213  527 3043   58.00000   45.12488  22.2%  2370 1958s
   840   760   46.48485  257 3013   58.00000   45.12835  22.2%  2365 1963s
   841   761   52.81728  491 2920   58.00000   45.13157  22.2%  2362 2000s
   843   762   45.37481  139 3178   58.00000   45.13346  22.2%  2356 2006s
   844   763   45.69857  159 2844   58.00000   45.13447  22.2%  2354 2020s
   845   763   45.13488   82 3137   58.00000   45.13488  22.2%  2351 2032s
   846   764   53.15841  503 2977   58.00000   45.13589  22.2%  2348 2044s
   847   765   51.00000  362 3234   58.00000   45.13615  22.2%  2345 2052s
   848   765   47.34336  322 3162   58.00000   45.13781  22.2%  2342 2066s
   849   766   47.22636  310 3233   58.00000   45.13781  22.2%  2340 2072s
   850   767   52.24887  484 2853   58.00000   45.15640  22.1%  2337 2087s
   851   767   51.00000  378 2884   58.00000   45.16599  22.1%  2334 2091s
   853   769   46.30404  226 3086   58.00000   45.16989  22.1%  2329 2095s
   854   769   47.34336  322 3090   58.00000   45.16997  22.1%  2326 2100s
   855   770   46.01450  182 2759   58.00000   45.20658  22.1%  2323 2115s
   856   771   46.91646  274 3055   58.00000   45.20906  22.1%  2321 2121s
   857   771   45.20926   30 3101   58.00000   45.20926  22.1%  2318 2125s
   858   772   54.00000  544 2865   58.00000   45.22257  22.0%  2315 2140s
   859   773   49.55738  341 3019   58.00000   45.22257  22.0%  2312 2145s
   860   773   45.22514   70 2982   58.00000   45.22514  22.0%  2310 2158s
   861   774   52.00000  461 3297   58.00000   45.22582  22.0%  2307 2161s
   862   775   45.22615    4 3290   58.00000   45.22615  22.0%  2304 2165s
   863   775   47.47878  326 2957   58.00000   45.23173  22.0%  2302 2177s
   864   776   53.26206  521 3127   58.00000   45.23173  22.0%  2299 2182s
   865   777   55.34789  555 2767   58.00000   45.23594  22.0%  2296 2195s
   868   779   51.00000  362 3015   58.00000   45.23931  22.0%  2289 2202s
   869   779   52.00000  432 2566   58.00000   45.25201  22.0%  2286 2217s
   870   780   45.78000  175 2567   58.00000   45.25202  22.0%  2283 2223s
   871   781   54.14180  535 2446   58.00000   45.25529  22.0%  2281 2239s
   872   781   46.31623  238 2775   58.00000   45.25595  22.0%  2278 2251s
   873   782   45.25940   38 2511   58.00000   45.25940  22.0%  2275 2256s
   874   783   51.00000  358 2994   58.00000   45.26047  22.0%  2273 2260s
   876   784   46.07692  189 2603   58.00000   45.26100  22.0%  2268 2297s
   877   785   45.69785  142 3118   58.00000   45.26100  22.0%  2265 2305s
   878   785   53.33091  532 2476   58.00000   45.26287  22.0%  2262 2320s
   879   786   56.00000  558 2898   58.00000   45.26417  22.0%  2260 2329s
   880   787   52.24887  484 2948   58.00000   45.26446  22.0%  2257 2335s
   881   787   52.82962  491 2575   58.00000   45.26682  22.0%  2255 2347s
   882   788   45.26682  102 2708   58.00000   45.26682  22.0%  2252 2352s
   883   789   46.17280  218 2609   58.00000   45.26685  22.0%  2250 2367s
   884   789   45.67742  149 2985   58.00000   45.26685  22.0%  2247 2375s
   885   790   46.36701  186 2491   58.00000   45.27145  21.9%  2245 2393s
   886   791   51.33333  403 2491   58.00000   45.27145  21.9%  2242 2409s
   887   791   51.00000  379 2491   58.00000   45.27145  21.9%  2239 2447s
   888   794   45.31520   25 2661   58.00000   45.27397  21.9%  3872 2511s
   889   795   45.44180   25 2618   58.00000   45.31520  21.9%  3876 2516s
   891   796   45.38802   26 2292   58.00000   45.31542  21.9%  3877 2524s
   892   797   45.31580   27 2613   58.00000   45.31580  21.9%  3873 2525s
   893   797   45.69550   27 2527   58.00000   45.31580  21.9%  3880 2533s
   894   798   45.33643   28 2659   58.00000   45.31774  21.9%  3882 2537s
   895   799   45.62863   28 2157   58.00000   45.33643  21.8%  3896 2544s
   896   799   45.33643   29 2687   58.00000   45.33643  21.8%  3893 2551s
   897   800   45.53813   29 2643   58.00000   45.33652  21.8%  3905 2557s
   899   801   45.74622   30 2294   58.00000   45.35756  21.8%  3911 2573s
   900   802   45.39320   31 2583   58.00000   45.35756  21.8%  3910 2575s
   902   803   45.40756   32 2560   58.00000   45.38802  21.7%  3913 2580s
   903   804   45.67887   32 2494   58.00000   45.38802  21.7%  3928 2593s
   905   805   45.57114   33 2330   58.00000   45.38802  21.7%  3937 2599s
   906   806   45.44009   34 2422   58.00000   45.38802  21.7%  3935 2600s
   907   807   45.75043   34 2365   58.00000   45.38802  21.7%  3941 2607s
   909   808   45.81584   35 2334   58.00000   45.38802  21.7%  3945 2617s
   911   809   45.62343   36 2165   58.00000   45.38802  21.7%  3948 2622s
   912   810   45.45948   37 2217   58.00000   45.38802  21.7%  3946 2630s
   913   811   45.79780   37 2206   58.00000   45.38802  21.7%  3952 2637s
   914   811   45.47327   38 2557   58.00000   45.38802  21.7%  3953 2640s
   915   812   45.73589   38 1985   58.00000   45.38802  21.7%  3962 2648s
   916   813   45.76728   39 2090   58.00000   45.38802  21.7%  3969 2652s
   919   815   45.85246   40 1903   58.00000   45.38802  21.7%  3964 2657s
   921   816   45.55746   41 2083   58.00000   45.38802  21.7%  3960 2660s
   924   818   45.70601   43 2081   58.00000   45.38802  21.7%  3961 2667s
   927   820   45.88887   44 1850   58.00000   45.38802  21.7%  3958 2673s
   929   821   46.07204   45 1917   58.00000   45.38802  21.7%  3954 2676s
   933   824   45.83544   47 1927   58.00000   45.38802  21.7%  3946 2681s
   936   826   45.68473   49 1933   58.00000   45.38802  21.7%  3940 2685s
   937   827   45.74412   49 1867   58.00000   45.38802  21.7%  3940 2694s
   938   827   45.68616   50 1854   58.00000   45.38802  21.7%  3938 2695s
   940   829   45.69384   51 1771   58.00000   45.38802  21.7%  3940 2706s
   941   829   45.82768   51 1901   58.00000   45.38802  21.7%  3945 2710s
   943   831   45.89724   52 1907   58.00000   45.38802  21.7%  3947 2717s
   944   831   45.91301   53 1800   58.00000   45.38802  21.7%  3952 2722s
   945   832   45.96025   53 2061   58.00000   45.38802  21.7%  3956 2726s
   946   831 infeasible   54        58.00000   45.38802  21.7%  3972 2742s
   947   831   46.18396   54 2042   58.00000   45.38802  21.7%  3973 2745s
   950   833   46.23286   55 1556   58.00000   45.38802  21.7%  3977 2754s
   951   834   45.99023   56 2026   58.00000   45.38802  21.7%  3976 2755s
   953   835   46.00171   57 2037   58.00000   45.38802  21.7%  3980 2762s
   954   836   46.50711   57 1965   58.00000   45.38802  21.7%  3985 2768s
   955   837   46.03445   58 1841   58.00000   45.38802  21.7%  3986 2770s
   958   839   46.16855   59 2034   58.00000   45.38802  21.7%  3991 2778s
   960   840   46.58352   60 2615   58.00000   45.38802  21.7%  4016 2806s
   962   841   46.32721   61 1554   58.00000   45.38802  21.7%  4018 2810s
   963   842   46.05300   62 1701   58.00000   45.38802  21.7%  4015 2834s
   964   843   46.34448   62 1693   58.00000   45.38802  21.7%  4016 2836s
   967   845   46.07453   64 1658   58.00000   45.38802  21.7%  4012 2843s
   968   845   46.47762   64 1959   58.00000   45.38802  21.7%  4019 2847s
   970   847   46.59674   65 1865   58.00000   45.38802  21.7%  4023 2852s
   972   848   46.25405   66 1867   58.00000   45.38802  21.7%  4028 2857s
   974   849   46.36521   67 1321   58.00000   45.38802  21.7%  4030 2861s
   976   851   46.44344   68 1663   58.00000   45.38802  21.7%  4035 2866s
   979   853   46.10973   70 1844   58.00000   45.38802  21.7%  4028 2872s
   980   853   46.67892   70 1657   58.00000   45.38802  21.7%  4031 2876s
   982   855   46.44104   71 1913   58.00000   45.38802  21.7%  4034 2882s
   984   856   46.54785   72 1640   58.00000   45.38802  21.7%  4034 2886s
   986   857   46.52194   73 1763   58.00000   45.38802  21.7%  4039 2890s
   988   859   46.15393   74 1777   58.00000   45.38802  21.7%  4043 2896s
   989   859   46.18211   75 1684   58.00000   45.38802  21.7%  4043 2901s
   990   860   46.33867   75 1782   58.00000   45.38802  21.7%  4047 2905s
   992   861   46.42574   76 1479   58.00000   45.38802  21.7%  4051 2912s
   994   863   46.24726   77 1697   58.00000   45.38802  21.7%  4051 2915s
   995   863   46.20244   78 1686   58.00000   45.38802  21.7%  4047 2920s
   997   865   46.20281   79 1689   58.00000   45.38802  21.7%  4046 2930s
  1000   867   46.78955   80 1720   58.00000   45.38802  21.7%  4050 2937s
  1002   868   46.87462   81 1373   58.00000   45.38802  21.7%  4049 2943s
  1003   869   46.27689   82 1908   58.00000   45.38802  21.7%  4046 3116s
  1004   869   46.50365   82 1622   58.00000   45.38802  21.7%  4050 3121s
  1006   871   46.66824   83 1618   58.00000   45.38802  21.7%  4052 3126s
  1008   872   46.60385   84 1547   58.00000   45.38802  21.7%  4053 3130s
  1011   874   46.57652   86 1677   58.00000   45.38802  21.7%  4060 3138s
  1014   876   46.80958   87 1496   58.00000   45.38802  21.7%  4058 3142s
  1018   879   46.88371   89 1569   58.00000   45.38802  21.7%  4057 3147s
  1020   880   46.94036   90 1918   58.00000   45.38802  21.7%  4068 3153s
  1024   883   47.09261   92 1552   58.00000   45.38802  21.7%  4058 3157s
  1026   884   46.81928   93 1395   58.00000   45.38802  21.7%  4057 3160s
  1030   887   46.79832   95 1637   58.00000   45.38802  21.7%  4055 3168s
  1032   888   46.79854   96 1733   58.00000   45.38802  21.7%  4056 3172s
  1034   889   46.82170   97 1915   58.00000   45.38802  21.7%  4060 3179s
  1036   891   46.80064   98 1637   58.00000   45.38802  21.7%  4060 3182s
  1039   893   46.57209  100 1489   58.00000   45.38802  21.7%  4056 3185s
  1042   895   46.79120  101 1511   58.00000   45.38802  21.7%  4063 3191s
  1044   896   46.68319  102 1316   58.00000   45.38802  21.7%  4065 3195s
  1046   897   46.64776  103 1494   58.00000   45.38802  21.7%  4068 3202s
  1048   899   47.18552  104 2256   58.00000   45.38802  21.7%  4068 3212s
  1049   899   46.60791  105 1833   58.00000   45.38802  21.7%  4068 3218s
  1050   900   46.97502  105 1259   58.00000   45.38802  21.7%  4069 3222s
  1051   901   46.61727  106 1529   58.00000   45.38802  21.7%  4068 3227s
  1052   901   46.77414  106 1697   58.00000   45.38802  21.7%  4079 3237s
  1054   903   46.71695  107 1682   58.00000   45.38802  21.7%  4077 3243s
  1055   903   46.69870  108 2102   58.00000   45.38802  21.7%  4081 3253s
  1056   904   46.76572  108 1408   58.00000   45.38802  21.7%  4086 3262s
  1058   905   47.05641  109 1743   58.00000   45.38802  21.7%  4087 3273s
  1059   906   46.69870  110 1852   58.00000   45.38802  21.7%  4085 3275s
  1060   907   47.28212  110 1410   58.00000   45.38802  21.7%  4091 3281s
  1062   908   46.90326  111 1514   58.00000   45.38802  21.7%  4097 3297s
  1064   909   47.12056  112 1537   58.00000   45.38802  21.7%  4099 3302s
  1066   911   47.19355  113 1509   58.00000   45.38802  21.7%  4107 3310s
  1069   913   46.74613  115 1784   58.00000   45.38802  21.7%  4101 3317s
  1070   913   47.14777  115 2128   58.00000   45.38802  21.7%  4109 3331s
  1073   915   46.75679  117 1850   58.00000   45.38802  21.7%  4107 3338s
  1074   916   47.00000  117 1716   58.00000   45.38802  21.7%  4113 3343s
  1075   917   46.75679  118 2286   58.00000   45.38802  21.7%  4111 3346s
  1076   917   47.19369  118 1429   58.00000   45.38802  21.7%  4118 3363s
  1077   918   46.75679  119 1816   58.00000   45.38802  21.7%  4119 3369s
  1078   919   46.89745  119 1536   58.00000   45.38802  21.7%  4124 3382s
  1079   919   46.80189  120 1976   58.00000   45.38802  21.7%  4127 3388s
  1080   920   46.90919  120 2264   58.00000   45.38802  21.7%  4135 3405s
  1081   921   46.81360  121 2245   58.00000   45.38802  21.7%  4139 3414s
  1082   921   47.15168  121 1677   58.00000   45.38802  21.7%  4143 3427s
  1083   922   46.81515  122 2018   58.00000   45.38802  21.7%  4143 3431s
  1084   923   47.04361  122 1979   58.00000   45.38802  21.7%  4160 3458s
  1085   923   46.81637  123 2513   58.00000   45.38802  21.7%  4159 3464s
  1086   924   47.11766  123 1605   58.00000   45.38802  21.7%  4165 3480s
  1087   925   46.81773  124 1858   58.00000   45.38802  21.7%  4162 3487s
  1088   925   47.02175  124 1748   58.00000   45.38802  21.7%  4163 3495s
  1090   927   46.97093  125 1627   58.00000   45.38802  21.7%  4164 3502s
  1092   928   47.12713  126 1490   58.00000   45.38802  21.7%  4166 3515s
  1094   929   46.88682  127 1680   58.00000   45.38802  21.7%  4164 3520s
  1096   931   47.15245  128 1818   58.00000   45.38802  21.7%  4166 3529s
  1097   931   46.82933  129 1716   58.00000   45.38802  21.7%  4164 3531s
  1098   932   47.05270  129 2254   58.00000   45.38802  21.7%  4166 3540s
  1099   933   46.92945  130 2230   58.00000   45.38802  21.7%  4177 3557s
  1100   933   46.99122  130 2085   58.00000   45.38802  21.7%  4181 3568s
  1102   935   47.72750  131 1550   58.00000   45.38802  21.7%  4180 3573s
  1103   935   46.93582  132 2115   58.00000   45.38802  21.7%  4180 3578s
  1104   936   47.25708  132 1627   58.00000   45.38802  21.7%  4183 3586s
  1105   937   46.94008  133 2353   58.00000   45.38802  21.7%  4184 3594s
  1106   937   47.25641  133 1885   58.00000   45.38802  21.7%  4192 3604s
  1107   938   46.94123  134 2260   58.00000   45.38802  21.7%  4189 3606s
  1108   939   47.43049  134 1863   58.00000   45.38802  21.7%  4256 3675s
  1109   939   46.95349  135 1624   58.00000   45.38802  21.7%  4256 3682s
  1110   940   47.26589  135 1601   58.00000   45.38802  21.7%  4261 3698s
  1111   941   46.96274  136 2491   58.00000   45.38802  21.7%  4260 3703s
  1112   941   47.27718  136 1359   58.00000   45.38802  21.7%  4260 3708s
  1113   942   46.97914  137 2228   58.00000   45.38802  21.7%  4267 3721s
  1114   943   47.36095  137 1374   58.00000   45.38802  21.7%  4273 3728s
  1115   943   46.99189  138 1659   58.00000   45.38802  21.7%  4275 3737s
  1116   944   47.24112  138 1583   58.00000   45.38802  21.7%  4285 3761s
  1117   945   47.01397  139 2582   58.00000   45.38802  21.7%  4283 3765s
  1118   945   47.64979  139 1335   58.00000   45.38802  21.7%  4292 3781s
  1120   947   47.06527  140 2026   58.00000   45.38802  21.7%  4290 3787s
  1121   947   47.03014  141 1730   58.00000   45.38802  21.7%  4293 3797s
  1122   948   47.67323  141 2118   58.00000   45.38802  21.7%  4301 3809s
  1123   949   47.04053  142 1738   58.00000   45.38802  21.7%  4299 3811s
  1124   949   47.67306  142 1637   58.00000   45.38802  21.7%  4302 3823s
  1125   950   47.04079  143 1574   58.00000   45.38802  21.7%  4299 3825s
  1126   951   47.25276  143 1329   58.00000   45.38802  21.7%  4304 3833s
  1128   952   47.25261  144 1378   58.00000   45.38802  21.7%  4301 3839s
  1129   953   47.04993  145 1559   58.00000   45.38802  21.7%  4298 3840s
  1130   953   47.39498  145 1814   58.00000   45.38802  21.7%  4299 3847s
  1131   954   47.05670  146 1460   58.00000   45.38802  21.7%  4297 3850s
  1132   955   47.62586  146 1574   58.00000   45.38802  21.7%  4303 3864s
  1133   955   47.39227  147 1797   58.00000   45.38802  21.7%  4303 3868s
  1134   956   47.38842  147 2144   58.00000   45.38802  21.7%  4306 3877s
  1135   957   47.38842  148 2342   58.00000   45.38802  21.7%  4314 3896s
  1136   957   47.39227  148 2040   58.00000   45.38802  21.7%  4315 3904s
  1137   958   47.38842  149 2227   58.00000   45.38802  21.7%  4312 3905s
  1138   959   47.72378  149 1749   58.00000   45.38802  21.7%  4317 3920s
  1140   960   47.67574  150 1399   58.00000   45.38802  21.7%  4319 3930s
  1142   961   47.67574  151 1458   58.00000   45.38802  21.7%  4317 3940s
  1144   963   47.67252  152 1496   58.00000   45.38802  21.7%  4317 3951s
  1146   964   47.81255  153 2223   58.00000   45.38802  21.7%  4321 3963s
  1148   965   47.72098  154 1135   58.00000   45.38802  21.7%  4317 3968s
  1150   967   48.14705  155 1954   58.00000   45.38802  21.7%  4315 3977s
  1151   967   47.42816  156 2407   58.00000   45.38802  21.7%  4314 3980s
  1152   968   47.71890  156 1476   58.00000   45.38802  21.7%  4316 3989s
  1153   969   47.52063  157 1639   58.00000   45.38802  21.7%  4318 3994s
  1154   969   47.76416  157 1210   58.00000   45.38802  21.7%  4321 4001s
  1155   970   47.71853  158 1265   58.00000   45.38802  21.7%  4321 4006s
  1156   971   47.78182  158 1201   58.00000   45.38802  21.7%  4321 4011s
  1160   973   48.23404  160 1117   58.00000   45.38802  21.7%  4310 4018s
  1162   975   48.45151  161 1389   58.00000   45.38802  21.7%  4307 4023s
  1164   976   48.11162  162 1589   58.00000   45.38802  21.7%  4305 4030s
  1168   979   48.50002  164 1072   58.00000   45.38802  21.7%  4298 4040s
  1170   980   48.23404  165 1023   58.00000   45.38802  21.7%  4295 4045s
  1172   981   48.11280  166 1423   58.00000   45.38802  21.7%  4292 4051s
  1174   983   47.93022  167 1242   58.00000   45.38802  21.7%  4289 4056s
  1176   984   47.93366  168 1165   58.00000   45.38802  21.7%  4286 4062s
  1178   985   47.94889  169 1320   58.00000   45.38802  21.7%  4285 4070s
  1180   987   48.40591  170 1053   58.00000   45.38802  21.7%  4284 4078s
  1182   988   47.98523  171 1135   58.00000   45.38802  21.7%  4282 4086s
  1184   989   48.30739  172 1127   58.00000   45.38802  21.7%  4278 4090s
  1188   992   48.65858  174 1454   58.00000   45.38802  21.7%  4272 4100s
  1190   993   48.72258  175 1127   58.00000   45.38802  21.7%  4269 4105s
  1192   995   48.30739  176  919   58.00000   45.38802  21.7%  4266 4110s
  1196   997   48.01418  178  962   58.00000   45.38802  21.7%  4256 4116s
  1198   999   48.02788  179  994   58.00000   45.38802  21.7%  4254 4122s
  1200  1000   48.41414  180 1094   58.00000   45.38802  21.7%  4254 4130s
  1205  1003   47.86664  183 1169   58.00000   45.38802  21.7%  4240 4135s
  1208  1005   48.63770  184 1062   58.00000   45.38802  21.7%  4236 4142s
  1210  1007   48.08784  185 1188   58.00000   45.38802  21.7%  4234 4148s
  1211  1007   47.93841  186 1073   58.00000   45.38802  21.7%  4232 4151s
  1212  1008   48.10202  186 1086   58.00000   45.38802  21.7%  4232 4155s
  1214  1009   48.41800  187  947   58.00000   45.38802  21.7%  4232 4163s
  1216  1011   48.57525  188  848   58.00000   45.38802  21.7%  4232 4171s
  1217  1011   47.98871  189 1275   58.00000   45.38802  21.7%  4231 4175s
  1219  1013   48.02035  190 1315   58.00000   45.38802  21.7%  4229 4182s
  1222  1015   48.44006  191 1008   58.00000   45.38802  21.7%  4224 4189s
  1224  1016   48.45151  192 1160   58.00000   45.38802  21.7%  4222 4195s
  1228  1019   48.43828  194 1326   58.00000   45.38802  21.7%  4216 4205s
  1230  1020   48.12618  195 1118   58.00000   45.38802  21.7%  4214 4211s
  1232  1021   48.11991  196 1178   58.00000   45.38802  21.7%  4211 4216s
  1234  1023   48.28464  197 1564   58.00000   45.38802  21.7%  4207 4222s
  1235  1023   48.08354  198 1277   58.00000   45.38802  21.7%  4205 4225s
  1236  1024   48.48112  198 1538   58.00000   45.38802  21.7%  4206 4230s
  1237  1025   48.10658  199 1622   58.00000   45.38802  21.7%  4204 4235s
  1238  1025   48.22272  199 1086   58.00000   45.38802  21.7%  4207 4241s
  1240  1027   48.48592  200 1242   58.00000   45.38802  21.7%  4208 4253s
  1241  1027   48.49082  201 1029   58.00000   45.38802  21.7%  4215 4261s
  1244  1029   48.96825  202  957   58.00000   45.38802  21.7%  4212 4271s
  1246  1031   48.33180  203 1247   58.00000   45.38802  21.7%  4212 4279s
  1247  1031   48.13064  204 1506   58.00000   45.38802  21.7%  4208 4280s
  1248  1032   48.28579  204 1170   58.00000   45.38802  21.7%  4211 4289s
  1249  1033   48.13066  205 1354   58.00000   45.38802  21.7%  4208 4290s
  1252  1035   48.58168  206 1246   58.00000   45.38802  21.7%  4204 4298s
  1253  1035   48.23156  207 1106   58.00000   45.38802  21.7%  4203 4301s
  1254  1036   48.51428  207 1381   58.00000   45.38802  21.7%  4205 4307s
  1256  1037   48.83240  208 1153   58.00000   45.38802  21.7%  4205 4316s
  1260  1040   48.65260  210  865   58.00000   45.38802  21.7%  4196 4320s
  1264  1043   48.48333  212 1729   58.00000   45.38802  21.7%  4188 4328s
  1266  1044   48.75636  213 1103   58.00000   45.38802  21.7%  4183 4331s
  1268  1045   48.48105  214 1512   58.00000   45.38802  21.7%  4180 4336s
  1270  1047   48.63645  215 1498   58.00000   45.38802  21.7%  4176 4340s
  1274  1049   48.85520  217 1049   58.00000   45.38802  21.7%  4170 4349s
  1276  1051   48.90710  218 1323   58.00000   45.38802  21.7%  4164 4351s
  1278  1052   48.86443  219 1228   58.00000   45.38802  21.7%  4163 4357s
  1280  1053   48.89689  220 1314   58.00000   45.38802  21.7%  4160 4362s
  1282  1055   48.89902  221 1306   58.00000   45.38802  21.7%  4158 4367s
  1286  1057   48.87794  223  913   58.00000   45.38802  21.7%  4147 4370s
  1289  1059   48.52904  225 1411   58.00000   45.38802  21.7%  4141 4375s
  1291  1061   48.54054  226  983   58.00000   45.38802  21.7%  4139 4380s
  1295  1063   48.54073  228  950   58.00000   45.38802  21.7%  4130 4385s
  1298  1065   48.90631  229 1537   58.00000   45.38802  21.7%  4127 4395s
  1300  1067   49.37920  230 1092   58.00000   45.38802  21.7%  4127 4402s
  1303  1069   48.58311  232 1306   58.00000   45.38802  21.7%  4119 4405s
  1307  1071   48.90163  234 1303   58.00000   45.38802  21.7%  4114 4415s
  1310  1073   49.44683  235 1586   58.00000   45.38802  21.7%  4110 4423s
  1312  1075   49.15786  236 1440   58.00000   45.38802  21.7%  4108 4430s
  1314  1076   49.15786  237 1146   58.00000   45.38802  21.7%  4105 4435s
  1320  1080   49.40922  240 1074   58.00000   45.38802  21.7%  4092 4441s
  1322  1081   49.42775  241 1574   58.00000   45.38802  21.7%  4088 4445s
  1326  1084   48.76211  243 1136   58.00000   45.38802  21.7%  4080 4451s
  1330  1087   49.40110  245 1196   58.00000   45.38802  21.7%  4072 4457s
  1332  1088   49.13959  246 1138   58.00000   45.38802  21.7%  4070 4461s
  1336  1091   48.68241  248 1170   58.00000   45.38802  21.7%  4060 4465s
  1342  1095   49.68250  251 1191   58.00000   45.38802  21.7%  4045 4470s
  1348  1099   49.51433  254 1332   58.00000   45.38802  21.7%  4032 4478s
  1350  1100   49.15260  255 1117   58.00000   45.38802  21.7%  4028 4481s
  1354  1103   48.90439  257 1260   58.00000   45.38802  21.7%  4023 4490s
  1356  1104   49.11458  258  817   58.00000   45.38802  21.7%  4021 4498s
  1358  1105   49.26792  259 1745   58.00000   45.38802  21.7%  4017 4500s
  1362  1108   49.68858  261 1682   58.00000   45.38802  21.7%  4008 4505s
  1367  1111   49.02026  264 1804   58.00000   45.38802  21.7%  3996 4510s
  1369  1113   49.14236  265  918   58.00000   45.38802  21.7%  3994 4516s
  1372  1115   49.41267  266  918   58.00000   45.38802  21.7%  3989 4520s
  1374  1116   49.32111  267 1241   58.00000   45.38802  21.7%  3986 4525s
  1378  1119   49.59671  269  770   58.00000   45.38802  21.7%  3980 4534s
  1379  1119   49.37236  270 1642   58.00000   45.38802  21.7%  3977 4535s
  1380  1120   49.60398  270 2372   58.00000   45.38802  21.7%  3981 4545s
  1385  1123   49.38122  273 1654   58.00000   45.38802  21.7%  3970 4551s
  1388  1125   50.28898  274 1466   58.00000   45.38802  21.7%  3964 4555s
  1392  1128   49.72211  276 1062   58.00000   45.38802  21.7%  3959 4565s
  1394  1129   49.72211  277  893   58.00000   45.38802  21.7%  3960 4573s
  1396  1131   50.20784  278  925   58.00000   45.38802  21.7%  3956 4576s
  1398  1132   50.23541  279  944   58.00000   45.38802  21.7%  3953 4581s
  1402  1135   50.17144  281  802   58.00000   45.38802  21.7%  3945 4585s
  1408  1139   50.14082  284 1110   58.00000   45.38802  21.7%  3935 4593s
  1410  1140   50.14082  285 1314   58.00000   45.38802  21.7%  3933 4599s
  1412  1141   50.16451  286 1039   58.00000   45.38802  21.7%  3930 4601s
  1416  1144   50.17144  288 1647   58.00000   45.38802  21.7%  3923 4607s
  1426  1151   50.32637  293  826   58.00000   45.38802  21.7%  3897 4610s
  1438  1159   50.41107  299  754   58.00000   45.38802  21.7%  3869 4616s
  1444  1163   51.05403  302  880   58.00000   45.38802  21.7%  3859 4624s
  1446  1164   51.07226  303  828   58.00000   45.38802  21.7%  3858 4628s
  1448  1165   51.07226  304  899   58.00000   45.38802  21.7%  3857 4635s
  1458  1172   51.07226  309  817   58.00000   45.38802  21.7%  3837 4642s
  1460  1173   51.26441  310  617   58.00000   45.38802  21.7%  3834 4646s
  1464  1176   50.88182  312  678   58.00000   45.38802  21.7%  3828 4651s
  1469  1179   50.63398  315  967   58.00000   45.38802  21.7%  3818 4655s
  1472  1181   51.03086  316  679   58.00000   45.38802  21.7%  3814 4660s
  1476  1184   51.07978  318  699   58.00000   45.38802  21.7%  3808 4666s
  1478  1185   51.19718  319  851   58.00000   45.38802  21.7%  3807 4673s
  1480  1187   51.20465  320  953   58.00000   45.38802  21.7%  3807 4682s
  1481  1187   50.74155  321 1515   58.00000   45.38802  21.7%  3805 4685s
  1486  1191   51.18597  323  520   58.00000   45.38802  21.7%  3796 4690s
  1488  1192   51.20465  324  721   58.00000   45.38802  21.7%  3796 4697s
  1490  1193   51.20465  325  629   58.00000   45.38802  21.7%  3795 4702s
  1492  1195   52.18597  326  592   58.00000   45.38802  21.7%  3796 4710s
  1494  1196   51.20465  327  788   58.00000   45.38802  21.7%  3798 4718s
  1496  1197   51.39057  328  679   58.00000   45.38802  21.7%  3801 4730s
  1504  1203   51.39051  332  399   58.00000   45.38802  21.7%  3785 4735s
  1515  1210   51.24765  338  442   58.00000   45.38802  21.7%  3761 4740s
  1532  1221   52.37723  346  398   58.00000   45.38802  21.7%  3723 4745s
  1557  1238   52.99843  359  387   58.00000   45.38802  21.7%  3666 4750s
  1578  1250   54.19048  369  215   58.00000   45.38802  21.7%  3620 4755s
  1606  1269   54.19048  383  219   58.00000   45.38802  21.7%  3559 4760s
  1631  1285   53.37531  396  254   58.00000   45.38802  21.7%  3506 4765s
  1660  1303   54.19685  410  181   58.00000   45.38802  21.7%  3448 4770s
  1666  1307   54.21049  413  319   58.00000   45.38802  21.7%  3439 4775s
  1672  1311   55.19685  416  230   58.00000   45.38802  21.7%  3430 4780s
  1680  1316   55.21565  420  253   58.00000   45.38802  21.7%  3419 4786s
  1687  1321   55.19685  424  257   58.00000   45.38802  21.7%  3407 4790s
  1705  1317   45.38803   27 2297   58.00000   45.38803  21.7%  3372 4804s
  1706  1317   45.41615   28 2277   58.00000   45.38815  21.7%  3374 4808s
  1707  1318   45.63479   28 2456   58.00000   45.38828  21.7%  3383 4821s
  1709  1319   45.50910   29 2019   58.00000   45.38828  21.7%  3383 4825s
  1710  1320   45.50111   30 2233   58.00000   45.38828  21.7%  3385 4830s
  1712  1321   45.52469   31 2410   58.00000   45.38828  21.7%  3385 4835s
  1715  1323   45.96171   32 1812   58.00000   45.38828  21.7%  3389 4847s
  1717  1325   45.88497   33 1864   58.00000   45.38828  21.7%  3390 4852s
  1718  1325   45.58770   34 2104   58.00000   45.38828  21.7%  3391 4855s
  1719  1326   45.83652   34 1838   58.00000   45.38828  21.7%  3395 4861s
  1721  1327   46.12515   35 1625   58.00000   45.38828  21.7%  3396 4866s
  1722  1328   45.86320   36 1756   58.00000   45.38828  21.7%  3397 4870s
  1725  1330   45.75927   37 1860   58.00000   45.38828  21.7%  3401 4880s
  1727  1331   45.96157   38 1841   58.00000   45.38828  21.7%  3406 4889s
  1728  1332   45.66207   39 1994   58.00000   45.38828  21.7%  3406 4892s
  1729  1333   45.96395   39 1979   58.00000   45.38828  21.7%  3413 4901s
  1730  1333   45.90128   40 1732   58.00000   45.38828  21.7%  3418 4908s
  1731  1334   45.88393   40 1718   58.00000   45.38828  21.7%  3423 4915s
  1733  1335   46.22381   41 1786   58.00000   45.38828  21.7%  3429 4924s
  1734  1336   45.98728   42 1697   58.00000   45.38828  21.7%  3429 4926s
  1735  1337   46.28778   42 1523   58.00000   45.38828  21.7%  3432 4930s
  1738  1339   46.01190   44 1651   58.00000   45.38828  21.7%  3431 4935s
  1741  1341   46.30048   45 1690   58.00000   45.38828  21.7%  3434 4942s
  1743  1342   46.49437   46 1501   58.00000   45.38828  21.7%  3435 4946s
  1744  1343   46.26636   47 1744   58.00000   45.38828  21.7%  3439 4951s
  1747  1345   46.47472   48 1637   58.00000   45.38828  21.7%  3442 4959s
  1749  1346   46.53854   49 1646   58.00000   45.38828  21.7%  3440 4961s
  1751  1347   46.36402   50 1705   58.00000   45.38828  21.7%  3442 4967s
  1753  1349   46.44058   51 1640   58.00000   45.38828  21.7%  3449 4975s
  1755  1350   46.47241   52 1776   58.00000   45.38828  21.7%  3452 4982s
  1757  1351   46.36856   53 1844   58.00000   45.38828  21.7%  3454 4988s
  1758  1352   46.17361   54 1706   58.00000   45.38828  21.7%  3455 4990s
  1759  1353   46.79293   54 1740   58.00000   45.38828  21.7%  3460 4995s
  1761  1354   46.74376   55 1624   58.00000   45.38828  21.7%  3461 5000s
  1764  1356   46.21961   57 1638   58.00000   45.38828  21.7%  3461 5006s
  1767  1358   46.37123   58 1571   58.00000   45.38828  21.7%  3464 5014s
  1768  1359   46.24748   59 1552   58.00000   45.38828  21.7%  3466 5022s
  1769  1359   46.59572   59 1712   58.00000   45.38828  21.7%  3469 5027s
  1772  1361   46.41948   61 1776   58.00000   45.38828  21.7%  3475 5037s
  1773  1362   46.44087   61 1559   58.00000   45.38828  21.7%  3478 5043s
  1774  1363   46.43126   62 1425   58.00000   45.38828  21.7%  3480 5046s
  1775  1363   46.51244   62 1549   58.00000   45.38828  21.7%  3482 5051s
  1777  1365   46.62147   63 1415   58.00000   45.38828  21.7%  3487 5058s
  1781  1367   46.62737   65 1422   58.00000   45.38828  21.7%  3482 5073s
  1782  1368   46.66603   66 1492   58.00000   45.38828  21.7%  3482 5075s
  1786  1371   46.59623   68 1385   58.00000   45.38828  21.7%  3482 5081s
  1787  1371   46.86895   68 1668   58.00000   45.38828  21.7%  3484 5085s
  1789  1373   46.79005   69 1653   58.00000   45.38828  21.7%  3486 5090s
  1791  1374   46.99409   70 1514   58.00000   45.38828  21.7%  3488 5096s
  1795  1377   46.99354   72 2070   58.00000   45.38828  21.7%  3490 5103s
  1797  1378   46.78624   73 1727   58.00000   45.38828  21.7%  3491 5107s
  1801  1381   46.82204   75 1309   58.00000   45.38828  21.7%  3487 5111s
  1805  1383   46.79272   77 1077   58.00000   45.38828  21.7%  3486 5118s
  1807  1385   46.80244   78 1224   58.00000   45.38828  21.7%  3487 5121s
  1809  1386   47.34383   79 1320   58.00000   45.38828  21.7%  3487 5125s
  1815  1390   47.01702   82 1600   58.00000   45.38828  21.7%  3484 5132s
  1820  1393   46.71054   85 1529   58.00000   45.38828  21.7%  3477 5135s
  1823  1395   46.80495   86 1035   58.00000   45.38828  21.7%  3479 5141s
  1827  1398   47.12065   88 1548   58.00000   45.38828  21.7%  3478 5148s
  1829  1399   46.92626   89 1407   58.00000   45.38828  21.7%  3478 5151s
  1831  1401   47.17955   90 1251   58.00000   45.38828  21.7%  3481 5156s
  1836  1404   47.21978   93 1454   58.00000   45.38828  21.7%  3473 5160s
  1841  1407   47.47836   95 1599   58.00000   45.38828  21.7%  3474 5167s
  1844  1409   47.39487   97 1341   58.00000   45.38828  21.7%  3472 5170s
  1847  1411   47.78128   98 1626   58.00000   45.38828  21.7%  3472 5175s
  1853  1415   47.76332  101 1488   58.00000   45.38828  21.7%  3467 5181s
  1857  1418   47.76332  103 1508   58.00000   45.38828  21.7%  3467 5187s
  1859  1419   47.77195  104 1611   58.00000   45.38828  21.7%  3468 5191s
  1863  1422   47.48569  106 1273   58.00000   45.38828  21.7%  3469 5197s
  1864  1423   47.50874  107 1304   58.00000   45.38828  21.7%  3470 5200s
  1867  1425   47.94444  108 1068   58.00000   45.38828  21.7%  3472 5206s
  1872  1428   47.51988  111 1344   58.00000   45.38828  21.7%  3470 5211s
  1873  1429   47.52515  111 1252   58.00000   45.38828  21.7%  3469 5417s
  1876  1431   47.55464  113 1486   58.00000   45.38828  21.7%  3467 5420s
  1880  1433   47.69270  115 1225   58.00000   45.38828  21.7%  3462 5425s
  1885  1437   47.70996  117 1039   58.00000   45.38828  21.7%  3460 5430s
  1890  1440   47.79752  120 1233   58.00000   45.38828  21.7%  3454 5435s
  1893  1442   48.30118  121 1635   58.00000   45.38828  21.7%  3455 5441s
  1897  1445   48.22421  123 1377   58.00000   45.38828  21.7%  3453 5445s
  1906  1451   47.91760  128  969   58.00000   45.38828  21.7%  3442 5450s
  1907  1451   48.30720  128 1321   58.00000   45.38828  21.7%  3446 5458s
  1911  1454   48.04970  130  912   58.00000   45.38828  21.7%  3442 5460s
  1919  1459   48.03147  134  911   58.00000   45.38828  21.7%  3432 5465s
  1928  1465   48.09277  139  914   58.00000   45.38828  21.7%  3422 5470s
  1940  1473   48.16284  145 1062   58.00000   45.38828  21.7%  3406 5475s
  1950  1480   48.21588  150  910   58.00000   45.38828  21.7%  3394 5480s
  1963  1489   48.60218  156  878   58.00000   45.38828  21.7%  3377 5485s
  1975  1497   48.96985  162  793   58.00000   45.38828  21.7%  3364 5493s
  1979  1499   49.05960  164  729   58.00000   45.38828  21.7%  3359 5495s
  1991  1507   49.53825  170  886   58.00000   45.38828  21.7%  3346 5500s
  1994  1509   48.71617  172  919   58.00000   45.38828  21.7%  3342 5505s
  1999  1513   49.37130  174  769   58.00000   45.38828  21.7%  3336 5510s
  2007  1518   49.10702  178  767   58.00000   45.38828  21.7%  3327 5515s
  2020  1527   48.76421  185  830   58.00000   45.38828  21.7%  3310 5520s
  2033  1535   49.67365  191  775   58.00000   45.38828  21.7%  3293 5525s
  2041  1541   49.15142  195  835   58.00000   45.38828  21.7%  3283 5530s
  2051  1547   49.53148  200  666   58.00000   45.38828  21.7%  3272 5535s
  2063  1555   50.23113  206  723   58.00000   45.38828  21.7%  3259 5540s
  2077  1565   49.84883  213  802   58.00000   45.38828  21.7%  3240 5545s
  2095  1577   50.02538  222  719   58.00000   45.38828  21.7%  3217 5550s
  2111  1587   49.78230  230  770   58.00000   45.38828  21.7%  3198 5555s
  2129  1599   50.58956  239  390   58.00000   45.38828  21.7%  3178 5561s
  2138  1605   50.00877  244  487   58.00000   45.38828  21.7%  3168 5565s
  2154  1616   50.02043  252  480   58.00000   45.38828  21.7%  3150 5570s
  2163  1620   50.49272  256  621   58.00000   45.38828  21.7%  3141 5576s
  2177  1627   50.87837  263  688   58.00000   45.38828  21.7%  3125 5580s
  2193  1638   51.01403  271  442   58.00000   45.38828  21.7%  3107 5585s
  2210  1649   50.98949  280  478   58.00000   45.38828  21.7%  3089 5591s
  2231  1663   51.53023  290  403   58.00000   45.38828  21.7%  3065 5595s
  2255  1679   52.49015  302  360   58.00000   45.38828  21.7%  3036 5600s
  2284  1699   51.66376  317  457   58.00000   45.38828  21.7%  3001 5605s
  2314  1719   51.85560  332  417   58.00000   45.38828  21.7%  2965 5610s
  2345  1737   52.33134  347  458   58.00000   45.38828  21.7%  2933 5615s
  2369  1751   53.34916  359  310   58.00000   45.38828  21.7%  2906 5620s
  2392  1765   53.60943  371  410   58.00000   45.38828  21.7%  2882 5625s
  2426  1777 infeasible  387        58.00000   45.38828  21.7%  2845 5630s
  2433  1774   45.77695   27 2426   58.00000   45.44180  21.7%  2842 5649s
  2434  1775   45.88320   28 2317   58.00000   45.44180  21.7%  2848 5660s
  2436  1776   46.08108   29 2002   58.00000   45.44180  21.7%  2851 5669s
  2437  1777   45.88423   29 2309   58.00000   45.44180  21.7%  2851 5671s
  2439  1778   46.10757   30 2168   58.00000   45.44180  21.7%  2852 5677s
  2440  1779   46.12435   31 1888   58.00000   45.44180  21.7%  2853 5681s
  2441  1779   46.51230   31 2040   58.00000   45.44180  21.7%  2856 5687s
  2443  1781   46.27805   32 1992   58.00000   45.44180  21.7%  2857 5691s
  2444  1781   46.48851   33 1848   58.00000   45.44180  21.7%  2859 5695s
  2446  1783   46.31932   34 2019   58.00000   45.44180  21.7%  2862 5703s
  2447  1783   46.68659   34 2193   58.00000   45.44180  21.7%  2864 5709s
  2448  1784   46.33532   35 2059   58.00000   45.44180  21.7%  2866 5712s
  2449  1785   46.56214   35 2050   58.00000   45.44180  21.7%  2870 5719s
  2450  1785   46.34806   36 2010   58.00000   45.44180  21.7%  2871 5722s
  2451  1786   47.04663   36 2087   58.00000   45.44180  21.7%  2879 5737s
  2453  1787   46.97510   37 1635   58.00000   45.44180  21.7%  2882 5744s
  2454  1788   46.52250   38 1967   58.00000   45.44180  21.7%  2884 5749s
  2455  1789   46.34845   38 2116   58.00000   45.44180  21.7%  2885 5752s
  2456  1789   46.37484   39 2083   58.00000   45.44180  21.7%  2887 5757s
  2457  1790   46.67160   39 2100   58.00000   45.44180  21.7%  2890 5764s
  2459  1791   46.74582   40 1958   58.00000   45.44180  21.7%  2889 5765s
  2461  1793   46.69799   41 1631   58.00000   45.44180  21.7%  2890 5771s
  2463  1794   46.93501   42 1832   58.00000   45.44180  21.7%  2893 5778s
  2465  1795   46.80435   43 1857   58.00000   45.44180  21.7%  2896 5787s
  2467  1797   46.53834   44 2259   58.00000   45.44180  21.7%  2898 5793s
  2469  1798   46.67627   45 1494   58.00000   45.44180  21.7%  2898 5797s
  2470  1799   46.57778   46 2004   58.00000   45.44180  21.7%  2899 5801s
  2471  1799   47.32376   46 1828   58.00000   45.44180  21.7%  2901 5805s
  2473  1801   46.99288   47 2129   58.00000   45.44180  21.7%  2902 5810s
  2475  1802   46.82824   48 1982   58.00000   45.44180  21.7%  2907 5821s
  2478  1804   46.67128   50 1995   58.00000   45.44180  21.7%  2907 5827s
  2479  1805   47.14737   50 1589   58.00000   45.44180  21.7%  2908 5830s
  2481  1806   47.25263   51 2123   58.00000   45.44180  21.7%  2912 5838s
  2483  1807   46.84205   52 1663   58.00000   45.44180  21.7%  2913 5842s
  2485  1809   46.95803   53 1384   58.00000   45.44180  21.7%  2914 5847s
  2487  1810   47.10908   54 1442   58.00000   45.44180  21.7%  2916 5853s
  2489  1811   47.34767   55 1407   58.00000   45.44180  21.7%  2915 5855s
  2494  1815   46.89550   58 1607   58.00000   45.44180  21.7%  2913 5860s
  2496  1816   46.90275   59 1421   58.00000   45.44180  21.7%  2914 5866s
  2499  1818   47.40315   60 1147   58.00000   45.44180  21.7%  2916 5872s
  2501  1819   46.94014   61 1402   58.00000   45.44180  21.7%  2916 5876s
  2504  1821   47.49990   63 1349   58.00000   45.44180  21.7%  2916 5882s
  2507  1821   47.69816   64 1398   58.00000   45.44180  21.7%  2915 5886s
  2509  1823   48.04167   65 1308   58.00000   45.44180  21.7%  2915 5890s
  2513  1825   47.68720   67 1456   58.00000   45.44180  21.7%  2914 5895s
  2516  1827   47.82900   69 1303   58.00000   45.44180  21.7%  2916 5900s
  2522  1831   47.94637   72 1433   58.00000   45.44180  21.7%  2912 5905s
  2526  1834   48.21211   74 1743   58.00000   45.44180  21.7%  2912 5911s
  2528  1835   48.21211   75 1294   58.00000   45.44180  21.7%  2914 5916s
  2529  1836   48.39806   75 1339   58.00000   45.44180  21.7%  2916 5920s
  2535  1840   48.62330   78 1034   58.00000   45.44180  21.7%  2912 5926s
  2545  1847   49.43523   83  963   58.00000   45.44180  21.7%  2905 5931s
  2557  1855   49.38589   89  976   58.00000   45.44180  21.7%  2895 5935s
  2563  1859   49.99005   92  888   58.00000   45.44180  21.7%  2892 5940s
  2567  1861   50.09101   94  871   58.00000   45.44180  21.7%  2891 5945s
  2579  1869   50.08667  100  857   58.00000   45.44180  21.7%  2886 5952s
  2587  1875   50.39689  104  820   58.00000   45.44180  21.7%  2880 5955s
  2603  1885   50.49968  112  742   58.00000   45.44180  21.7%  2865 5960s
  2611  1891   50.58442  116  922   58.00000   45.44180  21.7%  2862 5965s
  2621  1897   50.47892  121  744   58.00000   45.44180  21.7%  2854 5970s
  2633  1905   50.98831  127  748   58.00000   45.44180  21.7%  2846 5975s
  2643  1912   51.06000  132  724   58.00000   45.44180  21.7%  2841 5980s
  2648  1915   50.49241  135  973   58.00000   45.44180  21.7%  2839 5985s
  2657  1921   50.55312  139  793   58.00000   45.44180  21.7%  2835 5990s
  2664  1926   50.51841  143  776   58.00000   45.44180  21.7%  2833 5995s
  2673  1932   51.15900  147  935   58.00000   45.44180  21.7%  2828 6000s
  2694  1946   51.52580  158  825   58.00000   45.44180  21.7%  2807 6005s
  2702  1951   51.77798  162  705   58.00000   45.44180  21.7%  2805 6010s
  2710  1957   52.04467  166  763   58.00000   45.44180  21.7%  2801 6015s
  2722  1965   52.34157  172  660   58.00000   45.44180  21.7%  2793 6020s
  2731  1971   53.21185  176  651   58.00000   45.44180  21.7%  2789 6025s
  2753  1985   53.24758  187  502   58.00000   45.44180  21.7%  2769 6030s
  2780  2003   53.00166  201  510   58.00000   45.44180  21.7%  2745 6035s
  2805  2020   53.96618  213  448   58.00000   45.44180  21.7%  2722 6040s
  2831  2037   54.20998  226  402   58.00000   45.44180  21.7%  2699 6045s
  2859  2056   54.36914  240  339   58.00000   45.44180  21.7%  2674 6050s
  2890  2077   54.73435  256  394   58.00000   45.44180  21.7%  2650 6055s
  2929  2073   45.52993   26 2383   58.00000   45.44183  21.7%  2619 6076s
  2930  2073   45.62895   27 2318   58.00000   45.44183  21.7%  2622 6082s
  2931  2074   45.53711   27 2449   58.00000   45.44183  21.7%  2623 6087s
  2933  2075   45.72610   28 2174   58.00000   45.44183  21.7%  2624 6092s
  2934  2076   45.95067   29 1746   58.00000   45.44183  21.7%  2625 6096s
  2936  2077   46.11828   30 1874   58.00000   45.44183  21.7%  2628 6105s
  2939  2079   45.79358   31 2243   58.00000   45.44183  21.7%  2627 6110s
  2942  2081   45.80392   33 2307   58.00000   45.44183  21.7%  2626 6115s
  2945  2083   46.12297   34 1756   58.00000   45.44183  21.7%  2627 6123s
  2948  2085   46.31422   36 1798   58.00000   45.44183  21.7%  2626 6127s
  2950  2087   46.47642   37 1759   58.00000   45.44183  21.7%  2626 6130s
  2956  2091   46.67376   40 1626   58.00000   45.44183  21.7%  2623 6135s
  2958  2092   46.70449   41 1609   58.00000   45.44183  21.7%  2622 6151s
  2961  2094   47.21277   42 1576   58.00000   45.44183  21.7%  2623 6157s
  2963  2095   46.92160   43 1541   58.00000   45.44183  21.7%  2624 6160s
  2967  2098   47.03591   45 1386   58.00000   45.44183  21.7%  2626 6168s
  2969  2099   47.50558   46 1341   58.00000   45.44183  21.7%  2627 6172s
  2971  2101   47.44205   47 1117   58.00000   45.44183  21.7%  2627 6175s
  2974  2103   47.12122   49 1492   58.00000   45.44183  21.7%  2627 6180s
  2980  2107   47.13226   52 1447   58.00000   45.44183  21.7%  2625 6185s
  2985  2110   47.52509   54 1487   58.00000   45.44183  21.7%  2624 6190s
  2990  2113   47.18581   57 1318   58.00000   45.44183  21.7%  2622 6195s
  2991  2114   47.19712   57 1496   58.00000   45.44183  21.7%  2622 6200s
  2996  2117   47.59777   60  930   58.00000   45.44183  21.7%  2619 6206s
  3000  2120   47.65525   62  997   58.00000   45.44183  21.7%  2617 6210s
  3003  2122   47.99136   63  900   58.00000   45.44183  21.7%  2618 6215s
  3009  2126   48.42081   66  874   58.00000   45.44183  21.7%  2616 6220s
  3018  2132   47.97600   71 1059   58.00000   45.44183  21.7%  2612 6225s
  3028  2139   47.99644   76 1028   58.00000   45.44183  21.7%  2607 6230s
  3035  2143   48.08926   79 1013   58.00000   45.44183  21.7%  2604 6235s
  3043  2149   48.90501   83  837   58.00000   45.44183  21.7%  2600 6240s
  3052  2155   48.39032   88  798   58.00000   45.44183  21.7%  2596 6245s
  3063  2162   49.11110   93  719   58.00000   45.44183  21.7%  2591 6250s
  3076  2171   48.49553  100  758   58.00000   45.44183  21.7%  2585 6255s
  3090  2180   48.55082  107  693   58.00000   45.44183  21.7%  2577 6260s
  3106  2191   49.00830  115  738   58.00000   45.44183  21.7%  2567 6265s
  3122  2201   49.10791  123  868   58.00000   45.44183  21.7%  2557 6270s
  3136  2211   49.19257  130  765   58.00000   45.44183  21.7%  2549 6275s
  3156  2224   49.24006  140  770   58.00000   45.44183  21.7%  2537 6280s
  3171  2234   51.36844  147  375   58.00000   45.44183  21.7%  2528 6285s
  3193  2249   51.63961  158  354   58.00000   45.44183  21.7%  2513 6290s
  3215  2263   52.02525  169  416   58.00000   45.44183  21.7%  2500 6295s
  3233  2275   51.85252  178  376   58.00000   45.44183  21.7%  2491 6300s
  3268  2301   51.35252  196  410   58.00000   45.44183  21.7%  2466 6305s
  3310  2343   51.53546  217  441   58.00000   45.44183  21.7%  2436 6310s
  3322  2355   51.61494  223  424   58.00000   45.44183  21.7%  2428 6315s
  3347  2380   52.53546  235  406   58.00000   45.44183  21.7%  2413 6320s
  3363  2394   53.37716  243  369   58.00000   45.44183  21.7%  2403 6325s
  3402  2433   54.00000  263  232   58.00000   45.44183  21.7%  2378 6330s
  3451  2482   54.21101  287  202   58.00000   45.44183  21.7%  2347 6335s
  3496  2525 infeasible  310        58.00000   45.44183  21.7%  2319 6340s
  3516  2533   45.45082   26 2974   58.00000   45.45082  21.6%  2309 6357s
  3517  2534   45.56174   27 2737   58.00000   45.45082  21.6%  2311 6363s
  3518  2535   45.45266   27 2936   58.00000   45.45266  21.6%  2312 6367s
  3519  2536   45.71698   28 2639   58.00000   45.45266  21.6%  2315 6374s
  3520  2537   45.56903   28 2553   58.00000   45.45266  21.6%  2315 6376s
  3523  2540   45.76917   30 2426   58.00000   45.45266  21.6%  2314 6380s
  3525  2542   45.99995   31 2407   58.00000   45.45266  21.6%  2315 6386s
  3526  2543   46.27856   31 2449   58.00000   45.45266  21.6%  2316 6390s
  3528  2545   46.64195   32 2382   58.00000   45.45266  21.6%  2318 6395s
  3531  2548   46.51491   34 2060   58.00000   45.45266  21.6%  2319 6403s
  3532  2549   46.64982   34 2057   58.00000   45.45266  21.6%  2320 6405s
  3536  2553   46.81533   36 1920   58.00000   45.45266  21.6%  2321 6413s
  3537  2554   46.54085   37 2020   58.00000   45.45266  21.6%  2323 6418s
  3538  2555   46.74025   37 1760   58.00000   45.45266  21.6%  2324 6424s
  3540  2557   46.58618   38 1927   58.00000   45.45266  21.6%  2324 6427s
  3542  2559   47.26399   39 1710   58.00000   45.45266  21.6%  2324 6430s
  3544  2561   47.03555   40 1875   58.00000   45.45266  21.6%  2325 6435s
  3548  2565   46.93960   42 1771   58.00000   45.45266  21.6%  2326 6443s
  3549  2566   46.61242   43 2200   58.00000   45.45266  21.6%  2326 6445s
  3551  2568   46.62127   44 2103   58.00000   45.45266  21.6%  2328 6451s
  3552  2569   46.91882   44 1769   58.00000   45.45266  21.6%  2329 6455s
  3555  2572   46.70427   46 2205   58.00000   45.45266  21.6%  2329 6460s
  3558  2575   47.08503   47 1408   58.00000   45.45266  21.6%  2331 6466s
  3560  2577   46.97116   48 2020   58.00000   45.45266  21.6%  2332 6471s
  3562  2579   47.21821   49 1711   58.00000   45.45266  21.6%  2334 6476s
  3564  2581   47.53178   50 1780   58.00000   45.45266  21.6%  2335 6481s
  3565  2582   47.70136   51 1973   58.00000   45.45266  21.6%  2338 6488s
  3567  2584   47.27806   52 1714   58.00000   45.45266  21.6%  2340 6493s
  3569  2586   46.81027   53 2114   58.00000   45.45266  21.6%  2339 6495s
  3571  2588   46.83789   54 1689   58.00000   45.45266  21.6%  2341 6500s
  3572  2589   47.10250   54 2000   58.00000   45.45266  21.6%  2343 6507s
  3573  2590   47.13539   55 1489   58.00000   45.45266  21.6%  2345 6511s
  3577  2594   46.85777   57 1482   58.00000   45.45266  21.6%  2344 6515s
  3581  2598   46.90793   59 1547   58.00000   45.45266  21.6%  2344 6520s
  3586  2603   47.31285   61 1333   58.00000   45.45266  21.6%  2343 6526s
  3590  2607   47.62998   63 1684   58.00000   45.45266  21.6%  2344 6533s
  3592  2609   47.40501   64 1726   58.00000   45.45266  21.6%  2345 6538s
  3594  2611   47.61790   65 1345   58.00000   45.45266  21.6%  2344 6540s
  3598  2615   47.40851   67 1535   58.00000   45.45266  21.6%  2345 6547s
  3600  2617   47.30517   68 1574   58.00000   45.45266  21.6%  2346 6550s
  3604  2621   47.64903   70 1148   58.00000   45.45266  21.6%  2346 6556s
  3608  2625   47.72826   72 1632   58.00000   45.45266  21.6%  2346 6561s
  3610  2627   47.74210   73 1647   58.00000   45.45266  21.6%  2347 6565s
  3613  2630   47.39005   75 1651   58.00000   45.45266  21.6%  2349 6573s
  3614  2631   47.39719   75 1353   58.00000   45.45266  21.6%  2350 6576s
  3617  2634   47.40337   77 2192   58.00000   45.45266  21.6%  2350 6581s
  3618  2635   47.61594   77 1616   58.00000   45.45266  21.6%  2350 6587s
  3620  2637   47.75843   78 2129   58.00000   45.45266  21.6%  2351 6595s
  3621  2638   47.41777   79 1896   58.00000   45.45266  21.6%  2352 6603s
  3622  2639   47.92690   79 1712   58.00000   45.45266  21.6%  2352 6609s
  3623  2640   47.42863   80 1667   58.00000   45.45266  21.6%  2352 6610s
  3624  2641   47.65522   80  977   58.00000   45.45266  21.6%  2352 6615s
  3627  2644   47.49291   82 3098   58.00000   45.45266  21.6%  2352 6621s
  3630  2647   47.90129   83 1644   58.00000   45.45266  21.6%  2353 6631s
  3632  2649   47.54174   84 1238   58.00000   45.45266  21.6%  2353 6637s
  3634  2651   47.59129   85 1214   58.00000   45.45266  21.6%  2353 6640s
  3636  2653   47.85052   86 1442   58.00000   45.45266  21.6%  2354 6645s
  3639  2656   47.61381   88 1449   58.00000   45.45266  21.6%  2354 6651s
  3644  2661   47.72858   90 1321   58.00000   45.45266  21.6%  2352 6656s
  3648  2665   48.29119   92 1422   58.00000   45.45266  21.6%  2351 6660s
  3657  2674   47.77353   97 1329   58.00000   45.45266  21.6%  2347 6665s
  3665  2682   48.22391  101 1270   58.00000   45.45266  21.6%  2344 6670s
  3676  2693   48.78594  106 1168   58.00000   45.45266  21.6%  2339 6675s
  3686  2703   48.72602  111 1093   58.00000   45.45266  21.6%  2334 6680s
  3699  2716   48.42276  118  987   58.00000   45.45266  21.6%  2327 6685s
  3708  2725   49.33793  122  622   58.00000   45.45266  21.6%  2323 6690s
  3726  2743   49.30742  131  638   58.00000   45.45266  21.6%  2314 6696s
  3740  2757   49.30742  138  692   58.00000   45.45266  21.6%  2307 6700s
  3754  2771   49.34209  145  587   58.00000   45.45266  21.6%  2300 6705s
  3771  2788   48.55532  154  657   58.00000   45.45266  21.6%  2292 6710s
  3785  2802   48.80627  161  727   58.00000   45.45266  21.6%  2285 6715s
  3811  2828   49.31235  174  638   58.00000   45.45266  21.6%  2271 6720s
  3826  2843   49.98502  181  610   58.00000   45.45266  21.6%  2264 6725s
  3839  2856   49.85743  188  640   58.00000   45.45266  21.6%  2258 6732s
  3850  2867   51.59625  193  592   58.00000   45.45266  21.6%  2253 6735s
  3866  2883   52.40189  201  417   58.00000   45.45266  21.6%  2245 6740s
  3887  2904   51.54200  212  497   58.00000   45.45266  21.6%  2235 6745s
  3913  2930   51.55254  225  619   58.00000   45.45266  21.6%  2221 6750s
  3927  2944   51.64481  232  371   58.00000   45.45266  21.6%  2216 6755s
  3941  2958   51.64684  239  474   58.00000   45.45266  21.6%  2208 6765s
  3969  2986   52.51481  253  477   58.00000   45.45266  21.6%  2195 6771s
  3984  3001   53.45601  260  431   58.00000   45.45266  21.6%  2187 6775s
  4006  3023   53.45601  271  339   58.00000   45.45266  21.6%  2176 6780s
  4043  3060   52.92936  290  399   58.00000   45.45266  21.6%  2157 6785s
  4084  3101   55.26592  310  219   58.00000   45.45266  21.6%  2137 6790s
  4110  3123   55.49631  323  274   58.00000   45.45266  21.6%  2124 6795s
  4133  3124   55.54545  325  275   58.00000   45.45266  21.6%  2114 6800s
  4165  3139   55.69951  341  224   58.00000   45.45266  21.6%  2099 6805s
  4199  3141   45.46918   28 2970   58.00000   45.45314  21.6%  2084 6819s
  4200  3142   45.49062   29 2656   58.00000   45.45314  21.6%  2085 6823s
  4201  3143   45.86527   29 2353   58.00000   45.45314  21.6%  2088 6834s
  4202  3144   45.50069   30 2551   58.00000   45.45314  21.6%  2088 6836s
  4204  3146   45.77322   31 2251   58.00000   45.45314  21.6%  2090 6844s
  4205  3147   45.59458   31 2494   58.00000   45.45314  21.6%  2091 6846s
  4207  3149   45.77471   32 2237   58.00000   45.45314  21.6%  2091 6850s
  4211  3153   46.02356   34 2218   58.00000   45.45314  21.6%  2091 6856s
  4214  3156   46.37469   36 2050   58.00000   45.45314  21.6%  2092 6863s
  4215  3157   46.42940   36 1783   58.00000   45.45314  21.6%  2092 6866s
  4219  3161   46.78892   38 1530   58.00000   45.45314  21.6%  2092 6871s
  4223  3165   47.36017   40 1231   58.00000   45.45314  21.6%  2092 6875s
  4231  3173   47.74953   44 1153   58.00000   45.45314  21.6%  2091 6881s
  4237  3179   47.98967   47 1381   58.00000   45.45314  21.6%  2091 6886s
  4241  3183   47.40251   49 1272   58.00000   45.45314  21.6%  2090 6890s
  4248  3190   47.67678   53 1215   58.00000   45.45314  21.6%  2088 6895s
  4256  3198   48.11703   57 1322   58.00000   45.45314  21.6%  2087 6900s
  4265  3207   48.05729   61 1125   58.00000   45.45314  21.6%  2086 6905s
  4271  3213   48.32410   64  968   58.00000   45.45314  21.6%  2085 6910s
  4280  3222   48.72245   69  958   58.00000   45.45314  21.6%  2082 6915s
  4283  3225   50.56273   70  853   58.00000   45.45314  21.6%  2084 6920s
  4294  3236   48.88602   76  898   58.00000   45.45314  21.6%  2081 6925s
  4299  3241   49.87946   78  824   58.00000   45.45314  21.6%  2080 6930s
  4305  3247   49.88054   81  717   58.00000   45.45314  21.6%  2081 6935s
  4314  3256   49.12269   86  839   58.00000   45.45314  21.6%  2079 6940s
  4321  3263   49.45888   89 1044   58.00000   45.45314  21.6%  2079 6945s
  4327  3269   49.65534   92 1070   58.00000   45.45314  21.6%  2079 6950s
  4334  3276   49.40132   96  816   58.00000   45.45314  21.6%  2079 6955s
  4340  3282   49.51634   99  844   58.00000   45.45314  21.6%  2079 6960s
  4347  3289   49.71433  102  883   58.00000   45.45314  21.6%  2080 6965s
  4354  3296   49.55663  106  848   58.00000   45.45314  21.6%  2079 6970s
  4365  3307   50.31582  111  936   58.00000   45.45314  21.6%  2078 6975s
  4379  3321   49.85475  118  752   58.00000   45.45314  21.6%  2073 6980s
  4395  3337   50.84795  126  828   58.00000   45.45314  21.6%  2068 6985s
  4404  3346   49.99959  131  867   58.00000   45.45314  21.6%  2067 6991s
  4409  3351   50.17222  133  889   58.00000   45.45314  21.6%  2067 6995s
  4415  3357   50.17149  136  913   58.00000   45.45314  21.6%  2068 7000s
  4429  3369 infeasible  143        58.00000   45.45314  21.6%  2064 7005s
  4439  3379   51.12023  148  784   58.00000   45.45314  21.6%  2062 7010s
  4448  3388   50.30087  153  752   58.00000   45.45314  21.6%  2061 7015s
  4457  3397   50.57840  157  659   58.00000   45.45314  21.6%  2059 7020s
  4466  3406   50.61240  162 1727   58.00000   45.45314  21.6%  2057 7025s
  4470  3410   50.61785  164 1461   58.00000   45.45314  21.6%  2058 7030s
  4481  3421   51.36810  169  644   58.00000   45.45314  21.6%  2055 7035s
  4502  3442   51.21261  180  528   58.00000   45.45314  21.6%  2048 7040s
  4527  3467   52.39440  192  427   58.00000   45.45314  21.6%  2037 7045s
  4565  3505   54.25934  211  432   58.00000   45.45314  21.6%  2022 7050s
  4604  3530   55.34792  230  271   58.00000   45.45314  21.6%  2006 7055s
  4660  3534   55.63544  258  283   58.00000   45.45314  21.6%  1983 7060s
  4664  3532   45.61728   28 2717   58.00000   45.49577  21.6%  1983 7070s
  4666  3534   45.65036   29 2695   58.00000   45.49577  21.6%  1984 7076s
  4668  3536   45.67175   30 2638   58.00000   45.49577  21.6%  1984 7080s
  4670  3538   46.22674   31 2051   58.00000   45.49577  21.6%  1985 7085s
  4674  3542   46.77612   33 2036   58.00000   45.49577  21.6%  1985 7090s
  4676  3544   46.77795   34 1996   58.00000   45.49577  21.6%  1986 7096s
  4679  3547   46.78304   36 1879   58.00000   45.49577  21.6%  1985 7100s
  4683  3551   46.99927   38 1777   58.00000   45.49577  21.6%  1985 7105s
  4688  3556   47.32205   40 1776   58.00000   45.49577  21.6%  1985 7111s
  4692  3560   47.17613   42 1569   58.00000   45.49577  21.6%  1984 7115s
  4698  3566   47.35719   45 1772   58.00000   45.49577  21.6%  1983 7120s
  4703  3571   47.09533   48 1735   58.00000   45.49577  21.6%  1982 7125s
  4708  3576   47.38646   50 1706   58.00000   45.49577  21.6%  1982 7131s
  4711  3579   47.40170   52 1931   58.00000   45.49577  21.6%  1983 7135s
  4712  3580   47.83437   52 1478   58.00000   45.49577  21.6%  1984 7140s
  4717  3585   48.23860   55 1507   58.00000   45.49577  21.6%  1984 7145s
  4722  3590   48.42408   57 1549   58.00000   45.49577  21.6%  1985 7151s
  4726  3594   48.51978   59 1574   58.00000   45.49577  21.6%  1985 7155s
  4732  3600   49.03011   62 1357   58.00000   45.49577  21.6%  1983 7160s
  4737  3605   48.54135   65 1483   58.00000   45.49577  21.6%  1983 7165s
  4743  3611   48.54176   68 1414   58.00000   45.49577  21.6%  1982 7170s
  4749  3617   48.61455   71 1424   58.00000   45.49577  21.6%  1982 7175s
  4752  3620   48.97366   72 1160   58.00000   45.49577  21.6%  1983 7180s
  4756  3624   49.05312   74 1422   58.00000   45.49577  21.6%  1984 7187s
  4758  3626   48.97987   75 1414   58.00000   45.49577  21.6%  1985 7190s
  4762  3630   49.45498   77 1351   58.00000   45.49577  21.6%  1985 7195s

Cutting planes:
  Learned: 6
  Gomory: 3
  Cover: 606
  Implied bound: 21
  Clique: 254
  MIR: 186
  Mixing: 4
  StrongCG: 8
  Flow cover: 311
  GUB cover: 644
  Zero half: 72
  RLT: 213
  Relax-and-lift: 116
  BQP: 35
  PSD: 2

Explored 4769 nodes (9903030 simplex iterations) in 7199.90 seconds (10757.93 work units)
Thread count was 1 (of 16 available processors)

Solution count 10: 58 59 60 ... 69

Time limit reached
Best objective 5.800000000000e+01, best bound 4.600000000000e+01, gap 20.6897%

User-callback calls 917648, time in user-callback 1.34 sec
Stat(MathOptInterface.TIME_LIMIT, 58.0, 46.0, 0.20689655172413793, 2.121995791e-314, 0.102051, 7199.9041249752045, 4769, Main.CFLG.LEVFP, "", #undef)
