Data path: /scratch/opt/lxu/CFLG/benchmarks/Kgroup_B
Instance: K400.8.con.red
Result path: /scratch/opt/lxu/CFLG/results/Kgroup_B
Solver: Gurobi
Time limit: 7200
Formulation: EVFP
Cover: Small
julia --project=. src/main.jl /scratch/opt/lxu/CFLG/benchmarks/Kgroup_B K400.8.con.red /scratch/opt/lxu/CFLG/results/Kgroup_B Gurobi 7200 EVFP Small
The latest version of Julia in the `release` channel is 1.11.5+0.x64.linux.gnu. You currently have `1.11.4+0.x64.linux.gnu` installed. Run:

  juliaup update

in your terminal shell to install Julia 1.11.5+0.x64.linux.gnu and update the `release` channel to that version.
/scratch/opt/lxu/CFLG/benchmarks/Kgroup_B Gurobi 7200.0 /scratch/opt/lxu/CFLG/results/Kgroup_B K400.8.con.red EVFP Small
/scratch/opt/lxu/CFLG/benchmarks/Kgroup_B/K400.8.con.red

 read graph
data loaded


after absorb:235 235

max_piece:20
problem_graph/original graph: node: 3682/235 edge: 4434/987 dlt: 0.05007875366051599 break_avg_len: 0.04458974277215123 break_max_len: 0.050069305405821656elapsed CPU time: 5.231402 seconds
Set parameter TokenServer to value "solice01.zib.de"
Set parameter Threads to value 1
Set parameter OutputFlag to value 1
Set parameter MIPGap to value 0.0001
Set parameter MIPGapAbs to value 1
Set parameter TimeLimit to value 7194.768598
vertex var

 model loaded

Gurobi Optimizer version 12.0.1 build v12.0.1rc0 (linux64 - "Debian GNU/Linux 12 (bookworm)")

CPU model: Intel(R) Xeon(R) Gold 5122 CPU @ 3.60GHz, instruction set [SSE2|AVX|AVX2|AVX512]
Thread count: 8 physical cores, 16 logical processors, using up to 1 threads

Non-default parameters:
TimeLimit  7194.768598
MIPGapAbs  1
Threads  1

Optimize a model with 147698 rows, 74902 columns and 402476 nonzeros
Model fingerprint: 0x83bfaad6
Variable types: 8116 continuous, 66786 integer (66786 binary)
Coefficient statistics:
  Matrix range     [1e-06, 1e+00]
  Objective range  [1e+00, 1e+00]
  Bounds range     [1e-03, 5e-02]
  RHS range        [1e-03, 2e+01]
Found heuristic solution: objective 4418.0000000
Presolve removed 17821 rows and 2 columns
Presolve time: 2.72s
Presolved: 129877 rows, 74900 columns, 425292 nonzeros
Variable types: 8116 continuous, 66784 integer (66784 binary)
Root relaxation presolved: 129877 rows, 74900 columns, 425292 nonzeros


Root simplex log...

Iteration    Objective       Primal Inf.    Dual Inf.      Time
   53394    6.7097007e+02   6.388024e+02   0.000000e+00      5s
   70863    6.7689461e+02   1.229732e+03   0.000000e+00     10s
   75811    6.7700088e+02   0.000000e+00   0.000000e+00     12s

Root relaxation: objective 6.770009e+02, 75811 iterations, 9.15 seconds (5.99 work units)
Total elapsed time = 16.80s (DegenMoves)
Total elapsed time = 22.49s (DegenMoves)
Total elapsed time = 25.19s (DegenMoves)

    Nodes    |    Current Node    |     Objective Bounds      |     Work
 Expl Unexpl |  Obj  Depth IntInf | Incumbent    BestBd   Gap | It/Node Time

     0     0  677.00088    0 23186 4418.00000  677.00088  84.7%     -   27s
H    0     0                    4271.0000000  677.00088  84.1%     -   27s
H    0     0                    4260.0000000  677.00088  84.1%     -   27s
H    0     0                    4253.0000000  677.00088  84.1%     -   27s
     0     0  739.62118    0 25364 4253.00000  739.62118  82.6%     -   52s
H    0     0                    3924.0000000  739.64789  81.2%     -   53s
H    0     0                    3917.0000000  739.64789  81.1%     -   53s
H    0     0                    3916.0000000  739.64789  81.1%     -   53s
     0     0  818.41275    0 26235 3916.00000  818.41275  79.1%     -   83s
     0     0  843.72488    0 26680 3916.00000  843.72488  78.5%     -  106s
     0     0  846.15293    0 26556 3916.00000  846.15293  78.4%     -  117s
     0     0  846.54813    0 26364 3916.00000  846.54813  78.4%     -  123s
     0     0  846.60503    0 26357 3916.00000  846.60503  78.4%     -  127s
     0     0  846.61287    0 26333 3916.00000  846.61287  78.4%     -  128s
     0     0  906.44823    0 24143 3916.00000  906.44823  76.9%     -  148s
H    0     0                    3787.0000000  906.44823  76.1%     -  149s
H    0     0                    3615.0000000  906.44823  74.9%     -  149s
     0     0  936.98540    0 24552 3615.00000  936.98540  74.1%     -  165s
     0     0  947.55159    0 24830 3615.00000  947.55159  73.8%     -  178s
     0     0  950.05644    0 25279 3615.00000  950.05644  73.7%     -  186s
     0     0  950.73943    0 25106 3615.00000  950.73943  73.7%     -  190s
     0     0  950.98313    0 25226 3615.00000  950.98313  73.7%     -  193s
     0     0  951.06377    0 25033 3615.00000  951.06377  73.7%     -  195s
     0     0  951.07309    0 24959 3615.00000  951.07309  73.7%     -  196s
     0     0 1006.59136    0 19776 3615.00000 1006.59136  72.2%     -  223s
H    0     0                    3185.0000000 1006.61752  68.4%     -  224s
H    0     0                    3174.0000000 1006.61752  68.3%     -  224s
     0     0 1013.60461    0 20710 3174.00000 1013.60461  68.1%     -  244s
     0     0 1021.67431    0 20630 3174.00000 1021.67431  67.8%     -  265s
     0     0 1025.15790    0 20681 3174.00000 1025.15790  67.7%     -  281s
     0     0 1026.17152    0 20451 3174.00000 1026.17152  67.7%     -  292s
     0     0 1026.70871    0 20692 3174.00000 1026.70871  67.7%     -  304s
     0     0 1026.91332    0 20632 3174.00000 1026.91332  67.6%     -  313s
     0     0 1027.00025    0 20475 3174.00000 1027.00025  67.6%     -  319s
     0     0 1048.87246    0 17916 3174.00000 1048.87246  67.0%     -  347s
H    0     0                    2966.0000000 1049.12055  64.6%     -  348s
H    0     0                    2965.0000000 1049.12055  64.6%     -  348s
H    0     0                    2836.0000000 1049.12055  63.0%     -  348s
     0     0 1054.01367    0 18653 2836.00000 1054.01367  62.8%     -  360s
     0     0 1056.17412    0 18884 2836.00000 1056.17412  62.8%     -  374s
     0     0 1057.24825    0 19033 2836.00000 1057.24825  62.7%     -  387s
     0     0 1057.65898    0 18830 2836.00000 1057.65898  62.7%     -  396s
     0     0 1057.91345    0 18898 2836.00000 1057.91345  62.7%     -  405s
     0     0 1058.01891    0 18934 2836.00000 1058.01891  62.7%     -  412s
     0     0 1062.37421    0 18138 2836.00000 1062.37421  62.5%     -  433s
     0     0 1064.67319    0 18644 2836.00000 1064.67319  62.5%     -  451s
     0     0 1065.28042    0 18593 2836.00000 1065.28042  62.4%     -  464s
     0     0 1065.61849    0 18860 2836.00000 1065.61849  62.4%     -  476s
     0     0 1065.87378    0 18798 2836.00000 1065.87378  62.4%     -  490s
     0     0 1065.99920    0 18915 2836.00000 1065.99920  62.4%     -  500s
     0     0 1068.17314    0 18364 2836.00000 1068.17314  62.3%     -  515s
H    0     0                    2082.0000000 1068.17314  48.7%     -  521s
H    0     0                    2069.0000000 1068.17314  48.4%     -  521s
     0     0 1069.02586    0 18695 2069.00000 1069.02586  48.3%     -  533s
     0     0 1069.31184    0 18410 2069.00000 1069.31184  48.3%     -  543s
     0     0 1069.47965    0 18421 2069.00000 1069.47965  48.3%     -  556s
     0     0 1069.94755    0 18173 2069.00000 1069.94755  48.3%     -  571s
     0     0 1069.94755    0 13276 2069.00000 1069.94755  48.3%     -  586s
H    0     0                    1992.0000000 1069.94760  46.3%     -  593s
H    0     0                    1855.0000000 1069.94760  42.3%     -  614s
H    0     0                    1844.0000000 1069.94760  42.0%     -  614s
H    0     0                    1808.0000000 1069.94760  40.8%     -  614s
H    0     0                    1803.0000000 1069.94760  40.7%     -  614s
H    0     0                    1802.0000000 1069.94760  40.6%     -  614s
H    0     0                    1801.0000000 1069.94760  40.6%     -  614s
H    0     0                    1800.0000000 1069.94760  40.6%     -  614s
H    0     0                    1798.0000000 1069.94760  40.5%     -  614s
H    0     0                    1797.0000000 1069.94760  40.5%     -  614s
     0     2 1069.99958    0 13276 1797.00000 1069.99958  40.5%     -  624s
     1     3 1070.12480    1 13058 1797.00000 1070.12480  40.4% 30162  625s
     9    11 1070.38860    6 12869 1797.00000 1070.16243  40.4%  3984  630s
H   26    26                    1785.0000000 1070.16243  40.0%  1632  635s
H   26    26                    1780.0000000 1070.16243  39.9%  1632  635s
H   27    27                    1773.0000000 1070.16243  39.6%  1574  636s
    37    39 1070.36218   23 12625 1773.00000 1070.16243  39.6%  1299  640s
    51    53 1070.49201   33 12572 1773.00000 1070.16243  39.6%  1078  645s
H   52    52                    1767.0000000 1070.16243  39.4%  1057  647s
H   52    52                    1765.0000000 1070.16243  39.4%  1057  647s
H   54    54                    1764.0000000 1070.16243  39.3%  1048  648s
    57    59 1070.56345   36 12553 1764.00000 1070.16243  39.3%  1027  650s
    74    76 1070.56345   46 12522 1764.00000 1070.16243  39.3%   872  655s
H   78    78                    1738.0000000 1070.16243  38.4%   833  663s
    82    84 1070.56368   50 12507 1738.00000 1070.16243  38.4%   809  665s
H  104   104                    1732.0000000 1070.16243  38.2%   670  675s
H  108   108                    1731.0000000 1070.16243  38.2%   652  676s
   124   126 1070.56942   79 12460 1731.00000 1070.16243  38.2%   584  680s
H  130   130                    1729.0000000 1070.16243  38.1%   581  684s
H  130   130                    1728.0000000 1070.16243  38.1%   581  685s
   132   134 1070.58413   83 12486 1728.00000 1070.16243  38.1%   597  690s
   150   152 1070.58434   94 12619 1728.00000 1070.16243  38.1%   553  695s
H  156   156                    1725.0000000 1070.16243  38.0%   543  704s
H  156   156                    1722.0000000 1070.16243  37.9%   543  705s
H  156   156                    1721.0000000 1070.16243  37.8%   543  707s
   157   159 1070.58568   99 12544 1721.00000 1070.16243  37.8%   542  710s
   175   177 1070.58568  114 12546 1721.00000 1070.16243  37.8%   515  715s
H  182   182                    1716.0000000 1070.16243  37.6%   500  727s
   188   190 1070.64432  123 12660 1716.00000 1070.16243  37.6%   513  737s
H  189   189                    1715.0000000 1070.16243  37.6%   511  738s
   197   199 1070.75254  129 12623 1715.00000 1070.16243  37.6%   510  740s
   207   209 1071.02675  136 12505 1715.00000 1070.16243  37.6%   520  745s
   208   210 1070.82778  136 12591 1715.00000 1070.16243  37.6%   523  753s
   211   213 1070.84502  138 12604 1715.00000 1070.16243  37.6%   522  755s
   222   224 1070.88777  145 12658 1715.00000 1070.16243  37.6%   523  760s
H  234   234                    1705.0000000 1070.16243  37.2%   518  790s
   243   245 1070.92440  157 12651 1705.00000 1070.16243  37.2%   531  795s
   257   259 1071.11881  165 12484 1705.00000 1070.16243  37.2%   527  800s
   270   272 1071.22578  173 12386 1705.00000 1070.16243  37.2%   530  805s
   290   292 1071.41661  186 12459 1705.00000 1070.16243  37.2%   516  810s
   302   304 1071.63567  193 12392 1705.00000 1070.16243  37.2%   518  815s
   315   317 1071.79887  203 12425 1705.00000 1070.16243  37.2%   517  820s
   329   331 1071.84900  213 12457 1705.00000 1070.16243  37.2%   511  825s
   350   352 1071.84876  227 12285 1705.00000 1070.16243  37.2%   496  830s
   362   364 1071.92256  235 12222 1705.00000 1070.16243  37.2%   493  835s
   378   380 1072.33354  246 12274 1705.00000 1070.16243  37.2%   487  840s
   392   394 1072.67320  253 12110 1705.00000 1070.16243  37.2%   481  845s
   411   413 1072.53745  265 12078 1705.00000 1070.16243  37.2%   470  850s
   426   428 1073.14118  273 12131 1705.00000 1070.16243  37.2%   471  855s
   438   440 1072.97591  280 12132 1705.00000 1070.16243  37.2%   469  860s
   452   454 1073.14001  289 12149 1705.00000 1070.16243  37.2%   471  865s
   463   465 1073.46412  295 12052 1705.00000 1070.16243  37.2%   473  870s
   486   488 1074.55885  311 11970 1705.00000 1070.16243  37.2%   459  876s
   498   500 1073.86382  317 11949 1705.00000 1070.16243  37.2%   456  880s
   513   515 1073.74528  328 11907 1705.00000 1070.16243  37.2%   453  885s
   527   529 1074.05534  338 11880 1705.00000 1070.16243  37.2%   455  890s
   544   546 1074.12838  348 11896 1705.00000 1070.16243  37.2%   449  895s
   564   566 1074.12838  359 11865 1705.00000 1070.16243  37.2%   439  903s
   567   569 1074.27014  361 11851 1705.00000 1070.16243  37.2%   438  907s
   576   578 1074.31737  366 11822 1705.00000 1070.16243  37.2%   439  910s
   594   596 1074.31814  378 11832 1705.00000 1070.16243  37.2%   431  915s
   619   621 1074.37564  393 11714 1705.00000 1070.16243  37.2%   420  920s
   631   633 1074.37839  401 11800 1705.00000 1070.16243  37.2%   421  925s
   648   650 1074.38358  412 11801 1705.00000 1070.16243  37.2%   417  930s
   662   664 1075.38358  420 11797 1705.00000 1070.16243  37.2%   418  935s
   675   677 1074.38358  430 11808 1705.00000 1070.16243  37.2%   414  940s
   698   700 1074.44103  447 11813 1705.00000 1070.16243  37.2%   408  945s
   711   713 1074.44248  456 11851 1705.00000 1070.16243  37.2%   407  950s
   729   731 1074.61685  470 11753 1705.00000 1070.16243  37.2%   405  957s
   739   741 1074.61804  476 11852 1705.00000 1070.16243  37.2%   405  960s
   756   758 1074.69016  488 11915 1705.00000 1070.16243  37.2%   404  966s
   771   773 1074.85275  496 12053 1705.00000 1070.16243  37.2%   404  970s
   786   788 1074.74924  505 11966 1705.00000 1070.16243  37.2%   404  975s
   799   801 1075.35046  512 12139 1705.00000 1070.16243  37.2%   411  980s
H  813   813                    1703.0000000 1070.16243  37.2%   406 1005s
   827   829 1074.86306  530 12075 1703.00000 1070.16243  37.2%   413 1010s
   837   839 1075.31080  536 12250 1703.00000 1070.16243  37.2%   412 1016s
   846   848 1075.57998  541 12457 1703.00000 1070.16243  37.2%   418 1020s
   853   855 1075.57629  545 12193 1703.00000 1070.16243  37.2%   417 1025s
   865   867 1076.58873  552 12302 1703.00000 1070.16243  37.2%   416 1030s
   877   879 1075.68369  560 12425 1703.00000 1070.16243  37.2%   420 1035s
   887   889 1075.86375  566 12384 1703.00000 1070.16243  37.2%   428 1040s
   901   903 1075.86375  576 12275 1703.00000 1070.16243  37.2%   426 1045s
   918   920 1075.88915  588 12303 1703.00000 1070.16243  37.2%   425 1051s
   926   928 1076.89347  593 12266 1703.00000 1070.16243  37.2%   427 1055s
   938   940 1075.92218  600 12408 1703.00000 1070.16243  37.2%   432 1060s
   945   947 1075.91047  605 12325 1703.00000 1070.16243  37.2%   433 1065s
   948   950 1075.91047  607 12364 1703.00000 1070.16243  37.2%   435 1070s
   965   967 1076.18553  618 12493 1703.00000 1070.16243  37.2%   435 1075s
   979   981 1076.27579  628 12512 1703.00000 1070.16243  37.2%   435 1080s
   996   998 1076.24993  638 12471 1703.00000 1070.16243  37.2%   432 1085s
  1013  1015 1076.52916  650 12446 1703.00000 1070.16243  37.2%   429 1090s
  1026  1028 1076.25992  658 12427 1703.00000 1070.16243  37.2%   426 1096s
  1039  1041 1076.44140  666 12443 1703.00000 1070.16243  37.2%   426 1100s
  1050  1052 1076.57727  673 12441 1703.00000 1070.16243  37.2%   428 1105s
  1058  1060 1076.69913  677 12453 1703.00000 1070.16243  37.2%   429 1110s
  1077  1079 1076.61789  690 12568 1703.00000 1070.16243  37.2%   429 1115s
  1083  1085 1076.72243  694 12564 1703.00000 1070.16243  37.2%   431 1120s
  1092  1094 1076.79879  699 12470 1703.00000 1070.16243  37.2%   436 1125s
  1107  1109 1077.64082  710 12673 1703.00000 1070.16243  37.2%   437 1130s
  1127  1129 1076.70227  723 12697 1703.00000 1070.16243  37.2%   433 1135s
  1138  1140 1076.70607  730 12725 1703.00000 1070.16243  37.2%   431 1140s
  1161  1163 1076.70634  744 12662 1703.00000 1070.16243  37.2%   426 1148s
  1168  1170 1076.70634  748 12660 1703.00000 1070.16243  37.2%   425 1150s
  1184  1186 1076.93496  758 12626 1703.00000 1070.16243  37.2%   424 1155s
  1191  1193 1076.99071  762 12651 1703.00000 1070.16243  37.2%   425 1160s
  1213  1215 1077.03938  775 12677 1703.00000 1070.16243  37.2%   420 1165s
  1221  1223 1077.12859  780 12650 1703.00000 1070.16243  37.2%   418 1170s
  1238  1240 1077.23249  788 12582 1703.00000 1070.16243  37.2%   418 1175s
  1253  1255 1077.23554  798 12573 1703.00000 1070.16243  37.2%   415 1180s
  1269  1271 1077.40094  807 12672 1703.00000 1070.16243  37.2%   413 1190s
  1285  1287 1077.52794  817 12697 1703.00000 1070.16243  37.2%   412 1195s
  1297  1299 1077.52955  827 12694 1703.00000 1070.16243  37.2%   410 1200s
  1315  1317 1077.78322  838 12705 1703.00000 1070.16243  37.2%   410 1205s
  1323  1325 1077.56240  842 12574 1703.00000 1070.16243  37.2%   411 1212s
  1331  1333 1077.73448  847 12669 1703.00000 1070.16243  37.2%   411 1215s
  1350  1352 1077.93916  859 12654 1703.00000 1070.16243  37.2%   407 1220s
  1369  1371 1078.42505  871 12779 1703.00000 1070.16243  37.2%   406 1225s
H 1377  1377                    1702.0000000 1070.16243  37.1%   405 1259s
  1377  1379 1078.20279  875 12615 1702.00000 1070.16243  37.1%   406 1263s
  1383  1385 1079.20284  878 12618 1702.00000 1070.16243  37.1%   405 1265s
  1404  1406 1078.20880  891 12497 1702.00000 1070.16243  37.1%   402 1273s
  1409  1411 1078.42395  894 12633 1702.00000 1070.16243  37.1%   402 1275s
  1427  1429 1078.24455  906 12700 1702.00000 1070.16243  37.1%   402 1280s
  1435  1437 1078.25360  910 12632 1702.00000 1070.16243  37.1%   401 1285s
  1453  1455 1078.34824  922 12912 1702.00000 1070.16243  37.1%   400 1290s
  1462  1464 1078.27836  928 12837 1702.00000 1070.16243  37.1%   399 1295s
  1485  1487 1078.80008  943 12780 1702.00000 1070.16243  37.1%   397 1302s
  1494  1496 1078.68797  950 12647 1702.00000 1070.16243  37.1%   397 1305s
  1513  1515 1078.88796  961 12620 1702.00000 1070.16243  37.1%   394 1310s
  1528  1530 1079.25509  970 12691 1702.00000 1070.16243  37.1%   394 1315s
  1539  1541 1079.43232  978 12823 1702.00000 1070.16243  37.1%   395 1320s
  1554  1556 1079.64213  989 12889 1702.00000 1070.16243  37.1%   395 1325s
  1566  1566 1079.79312  997 12738 1702.00000 1070.16243  37.1%   395 1334s
  1569  1569 1079.73034  999 12836 1702.00000 1070.16243  37.1%   395 1335s
  1581  1581 1079.81778 1005 12638 1702.00000 1070.16243  37.1%   396 1340s
  1593  1593 1080.00954 1012 12898 1702.00000 1070.16243  37.1%   395 1348s
  1599  1599 1080.22404 1015 12826 1702.00000 1070.16243  37.1%   396 1350s
  1616  1616 1080.20633 1027 12661 1702.00000 1070.16243  37.1%   396 1355s
  1633  1633 1080.12796 1038 12649 1702.00000 1070.16243  37.1%   394 1360s
  1647  1647 1080.19872 1046 12563 1702.00000 1070.16243  37.1%   393 1366s
  1658  1658 1080.30238 1053 12482 1702.00000 1070.16243  37.1%   394 1370s
  1674  1674 1080.59332 1063 12593 1702.00000 1070.16243  37.1%   393 1375s
  1697  1697 1080.83298 1080 12501 1702.00000 1070.16243  37.1%   390 1380s
  1707  1707 1080.93218 1088 12546 1702.00000 1070.16243  37.1%   390 1385s
  1728  1728 1081.09694 1101 12548 1702.00000 1070.16243  37.1%   388 1392s
  1736  1736 1081.28295 1106 12355 1702.00000 1070.16243  37.1%   389 1395s
  1752  1752 1081.63573 1115 12369 1702.00000 1070.16243  37.1%   389 1400s
H 1755  1753                    1701.0000000 1070.16243  37.1%   390 1403s
  1762  1762 1081.58055 1121 12358 1701.00000 1070.16243  37.1%   388 1405s
  1774  1774 1081.77003 1127 12548 1701.00000 1070.16243  37.1%   390 1410s
  1785  1785 1081.94984 1133 12475 1701.00000 1070.16243  37.1%   389 1415s
  1803  1803 1082.12761 1145 12429 1701.00000 1070.16243  37.1%   388 1420s
  1814  1814 1082.51663 1151 12496 1701.00000 1070.16243  37.1%   388 1425s
  1829  1829 1082.41762 1160 12435 1701.00000 1070.16243  37.1%   389 1430s
  1843  1843 1082.44334 1169 12432 1701.00000 1070.16243  37.1%   388 1435s
  1863  1863 1082.59832 1181 12402 1701.00000 1070.16243  37.1%   386 1441s
  1872  1872 1082.75067 1186 12343 1701.00000 1070.16243  37.1%   386 1445s
  1890  1888 1082.81788 1198 12276 1701.00000 1070.16243  37.1%   385 1450s
  1903  1901 1083.16040 1204 12366 1701.00000 1070.16243  37.1%   387 1455s
  1917  1915 1082.99017 1212 12277 1701.00000 1070.16243  37.1%   387 1460s
  1940  1938 1083.43075 1226 12401 1701.00000 1070.16243  37.1%   385 1465s
  1961  1957 1083.37044 1242 12276 1701.00000 1070.16243  37.1%   382 1470s
  1975  1971 1083.84023 1250 12213 1701.00000 1070.16243  37.1%   382 1475s
  1986  1982 1083.84822 1256 12246 1701.00000 1070.16243  37.1%   382 1480s
  1994  1990 1083.91206 1260 12187 1701.00000 1070.16243  37.1%   382 1485s
  2001  1997 1083.91235 1266 12177 1701.00000 1070.16243  37.1%   381 1490s
  2021  2017 1084.13192 1278 12116 1701.00000 1070.16243  37.1%   380 1495s
  2034  2030 1084.33032 1286 12069 1701.00000 1070.16243  37.1%   380 1500s
  2053  2049 1084.57837 1298 12025 1701.00000 1070.16243  37.1%   377 1505s
  2073  2069 1085.18235 1310 11947 1701.00000 1070.16243  37.1%   377 1510s
  2087  2083 1085.06547 1321 12196 1701.00000 1070.16243  37.1%   377 1515s
  2107  2103 1085.84943 1333 12064 1701.00000 1070.16243  37.1%   375 1520s
  2129  2125 1085.94066 1347 12187 1701.00000 1070.16243  37.1%   375 1525s
  2136  2132 1085.99313 1352 12150 1701.00000 1070.16243  37.1%   375 1530s
  2160  2156 1085.85352 1367 12213 1701.00000 1070.16243  37.1%   373 1536s
  2179  2175 1086.13404 1379 12168 1701.00000 1070.16243  37.1%   372 1540s
  2198  2192 1087.31532 1390 12206 1701.00000 1070.16243  37.1%   370 1545s
  2219  2213 1087.19486 1402 12109 1701.00000 1070.16243  37.1%   368 1550s
  2241  2235 1087.52359 1415 11983 1701.00000 1070.16243  37.1%   366 1557s
  2258  2252 1087.63479 1426 11950 1701.00000 1070.16243  37.1%   364 1560s
  2275  2269 1088.01218 1436 11807 1701.00000 1070.16243  37.1%   363 1565s
  2299  2293 1087.90925 1451 11831 1701.00000 1070.16243  37.1%   360 1570s
  2322  2316 1087.90993 1465 11837 1701.00000 1070.16243  37.1%   358 1575s
  2344  2338 1088.33123 1479 11886 1701.00000 1070.16243  37.1%   357 1580s
  2365  2359 1088.51887 1491 11839 1701.00000 1070.16243  37.1%   355 1585s
  2385  2379 1088.95224 1503 11754 1701.00000 1070.16243  37.1%   354 1590s
  2409  2403 1089.12505 1517 11674 1701.00000 1070.16243  37.1%   352 1595s
  2431  2425 1089.05030 1530 11711 1701.00000 1070.16243  37.1%   349 1600s
  2457  2451 1090.67261 1546 11610 1701.00000 1070.16243  37.1%   348 1605s
  2484  2478 1089.83599 1565 11657 1701.00000 1070.16243  37.1%   345 1610s
  2508  2502 1090.35992 1578 11718 1701.00000 1070.16243  37.1%   343 1615s
  2529  2523 1090.26048 1591 11718 1701.00000 1070.16243  37.1%   341 1620s
H 2550  2543                    1700.0000000 1070.16243  37.0%   339 1629s
H 2550  2543                    1699.0000000 1070.16243  37.0%   339 1631s
  2551  2544 1074.74840  508 13276 1699.00000 1070.16243  37.0%   339 1658s
  2553  2545 1079.20279  885 15972 1699.00000 1070.16243  37.0%   339 1694s
  2554  2546 1074.11610    5 16924 1699.00000 1074.11610  36.8%   339 1732s
  2555  2547 1091.31169 1178 18871 1699.00000 1091.31169  35.8%   338 1760s
  2556  2547 1095.82474  351 19143 1699.00000 1095.82474  35.5%   338 1781s
  2557  2548 1097.04052  513 19401 1699.00000 1097.04052  35.4%   338 1796s
  2558  2549 1097.46299 1603 19523 1699.00000 1097.46299  35.4%   338 1805s
  2559  2549 1097.59140 1500 19391 1699.00000 1097.59140  35.4%   338 1812s
  2560  2550 1097.60437   39 19433 1699.00000 1097.60437  35.4%   338 1816s
  2562  2551 1097.61369 1204 19443 1699.00000 1097.61369  35.4%   337 1823s
  2563  2552 1097.61415  587 19442 1699.00000 1097.61415  35.4%   337 1830s
  2564  2553 1148.61485  721 17607 1699.00000 1148.61485  32.4%   337 1855s
  2565  2553 1164.75506  315 18070 1699.00000 1164.75506  31.4%   337 1862s
  2566  2554 1167.18482  377 18174 1699.00000 1167.18482  31.3%   337 1869s
  2567  2555 1167.91469 1111 18475 1699.00000 1167.91469  31.3%   337 1874s
  2568  2555 1168.12758 1069 18681 1699.00000 1168.12758  31.2%   337 1878s
  2569  2556 1168.22180  666 18841 1699.00000 1168.22180  31.2%   337 1882s
  2571  2557 1168.29125  431 18867 1699.00000 1168.29125  31.2%   336 1886s
  2573  2559 1168.29737 1533 18839 1699.00000 1168.29737  31.2%   336 1894s
  2574  2559 1207.53056 1594 16567 1699.00000 1207.53056  28.9%   336 1913s
  2575  2560 1217.65493 1566 16983 1699.00000 1217.65493  28.3%   336 1921s
  2576  2561 1221.19755  870 17777 1699.00000 1221.19755  28.1%   336 1930s
  2577  2561 1222.25150  148 17903 1699.00000 1222.25150  28.1%   336 1937s
  2578  2562 1222.53523 1015 18241 1699.00000 1222.53523  28.0%   335 1942s
  2579  2563 1222.65952  476 18066 1699.00000 1222.65952  28.0%   335 1946s
  2581  2564 1222.70851   76 18252 1699.00000 1222.70851  28.0%   335 1951s
  2583  2565 1222.71168 1136 18162 1699.00000 1222.71168  28.0%   335 1958s
  2584  2566 1269.22537  239 15280 1699.00000 1269.22537  25.3%   335 1980s
  2585  2567 1279.24558 1574 15936 1699.00000 1279.24558  24.7%   334 1987s
  2586  2567 1282.11056  748 16277 1699.00000 1282.11056  24.5%   334 1993s
  2587  2568 1282.67830  880 16648 1699.00000 1282.67830  24.5%   334 1997s
  2588  2569 1283.04426  435 16655 1699.00000 1283.04426  24.5%   334 2000s
  2592  2571 1283.26042 1218 16673 1699.00000 1283.26042  24.5%   334 2005s
  2593  2572 1283.26062 1014 16687 1699.00000 1283.26062  24.5%   333 2010s
  2594  2573 1341.19704 1540 12765 1699.00000 1341.19704  21.1%   333 2027s
  2595  2573 1347.56718  909 13473 1699.00000 1347.56718  20.7%   333 2032s
  2596  2574 1349.32347 1210 14232 1699.00000 1349.32347  20.6%   333 2036s
  2598  2575 1350.06100  156 14707 1699.00000 1350.06100  20.5%   333 2041s
  2601  2577 1350.11809  822 14558 1699.00000 1350.11809  20.5%   332 2048s
H 2601  2447                    1696.0000000 1386.93758  18.2%   332 2066s
  2603  2449 1391.55845  859 12310 1696.00000 1391.55845  18.0%   332 2070s
  2605  2450 1393.23999   88 13216 1696.00000 1393.23999  17.9%   332 2077s
  2607  2451 1393.33133  953 13169 1696.00000 1393.33133  17.8%   332 2080s
  2611  2454 1393.34326  753 13204 1696.00000 1393.34326  17.8%   331 2088s
  2612  2455 1410.22410 1373 10830 1696.00000 1410.22410  16.8%   331 2105s
  2614  2456 1413.96083  501 12580 1696.00000 1413.96083  16.6%   331 2112s
  2616  2457 1414.37546 1076 12854 1696.00000 1414.37546  16.6%   331 2116s
  2619  2459 1414.41468 1301 12876 1696.00000 1414.41468  16.6%   330 2124s
H 2619  2335                    1690.0000000 1427.43546  15.5%   330 2148s
  2621  2337 1429.01106 1181 11778 1690.00000 1429.01106  15.4%   330 2152s
  2622  2337 1429.53591  976 12381 1690.00000 1429.53591  15.4%   330 2156s
  2624  2339 1429.97293 1522 12539 1690.00000 1429.97293  15.4%   330 2162s
  2626  2340 1430.06130  392 12538 1690.00000 1430.06130  15.4%   329 2165s
  2628  2341 1430.07639 1019 12555 1690.00000 1430.07639  15.4%   329 2171s
  2629  2342 1437.87719  188 10166 1690.00000 1437.87719  14.9%   329 2189s
  2630  2343 1439.20197 1341 11347 1690.00000 1439.20197  14.8%   329 2193s
  2631  2343 1439.73933  379 12009 1690.00000 1439.73933  14.8%   329 2196s
  2633  2345 1440.16666 1512 12509 1690.00000 1440.16666  14.8%   328 2201s
  2635  2346 1440.19676 1349 12768 1690.00000 1440.19676  14.8%   328 2206s
  2636  2347 1440.19743 1524 12727 1690.00000 1440.19743  14.8%   328 2210s
H 2636  2228                    1689.0000000 1446.48535  14.4%   328 2230s
  2639  2230 1447.55827 1254 11802 1689.00000 1447.55827  14.3%   328 2236s
  2641  2231 1447.78894  551 12182 1689.00000 1447.78894  14.3%   327 2241s
  2643  2232 1447.84654  342 12176 1689.00000 1447.84654  14.3%   327 2245s
  2649  2236 1447.86708  982 12156 1689.00000 1447.86708  14.3%   326 2253s
  2650  2237 1454.29870  289 11170 1689.00000 1454.29870  13.9%   326 2262s
  2651  2238 1455.40582  508 11385 1689.00000 1455.40582  13.8%   326 2265s
  2653  2239 1455.74310  885 12161 1689.00000 1455.74310  13.8%   326 2270s
  2656  2241 1455.79656  351 12070 1689.00000 1455.79656  13.8%   326 2275s
  2658  2242 1455.80144 1603 12089 1689.00000 1455.80144  13.8%   325 2280s
  2659  2243 1459.78055 1500 9228 1689.00000 1459.78055  13.6%   325 2296s
  2660  2244 1460.43078   39 10974 1689.00000 1460.43078  13.5%   325 2300s
  2662  2245 1460.94551 1204 11804 1689.00000 1460.94551  13.5%   325 2305s
  2664  2246 1460.99722  721 11932 1689.00000 1460.99722  13.5%   325 2310s
  2667  2248 1461.00752 1111 11829 1689.00000 1461.00752  13.5%   324 2315s
  2669  2250 1461.01068  666 11969 1689.00000 1461.01068  13.5%   324 2321s
  2670  2250 1464.67346 1033 9710 1689.00000 1464.67346  13.3%   324 2338s
  2671  2251 1465.11342  431 10720 1689.00000 1465.11342  13.3%   324 2341s
  2672  2252 1465.62771  189 11255 1689.00000 1465.62771  13.2%   324 2345s
  2675  2254 1465.80137 1566 11587 1689.00000 1465.80137  13.2%   323 2350s
  2677  2255 1465.81283  148 11511 1689.00000 1465.81283  13.2%   323 2356s
H 2677  2140                    1688.0000000 1468.65624  13.0%   323 2380s
  2680  2142 1469.23560  387 11491 1688.00000 1469.23560  13.0%   323 2387s
  2681  2143 1469.32644   76 11695 1688.00000 1469.32644  13.0%   322 2390s
  2683  2144 1469.35813 1136 12089 1688.00000 1469.35813  13.0%   322 2395s
  2687  2147 1469.36538  880 11697 1688.00000 1469.36538  13.0%   322 2403s
  2688  2147 1471.93663  435 9191 1688.00000 1471.93663  12.8%   322 2422s
  2689  2148 1472.47469 1551 10573 1688.00000 1472.47469  12.8%   322 2425s
  2691  2149 1472.83885 1147 11899 1688.00000 1472.83885  12.7%   321 2432s
  2692  2150 1472.87565 1218 11903 1688.00000 1472.87565  12.7%   321 2435s
  2695  2152 1472.89905  909 12102 1688.00000 1472.89905  12.7%   321 2441s
  2697  2153 1472.90919  637 12010 1688.00000 1472.90919  12.7%   321 2448s
H 2697  2043                    1678.0000000 1477.47509  12.0%   321 2510s
  2700  2045 1479.21745 1551 11000 1678.00000 1479.21745  11.8%   320 2516s
  2702  2047 1479.40745 1076 11684 1678.00000 1479.40745  11.8%   320 2522s
  2704  2048 1479.45701  257 11937 1678.00000 1479.45701  11.8%   320 2526s
  2706  2049 1479.46322  326 11898 1678.00000 1479.46322  11.8%   320 2534s
  2707  2050 1482.71208  953 11556 1678.00000 1482.71208  11.6%   319 2546s
  2709  2051 1483.33196  436 12274 1678.00000 1483.33196  11.6%   319 2552s
  2710  2052 1483.38745  606 12175 1678.00000 1483.38745  11.6%   319 2555s
  2712  2053 1483.40977 1373 12218 1678.00000 1483.40977  11.6%   319 2560s
  2715  2055 1483.41846   40 12314 1678.00000 1483.41846  11.6%   318 2568s
  2716  2056 1485.23027 1076 12099 1678.00000 1485.23027  11.5%   318 2580s
  2718  2057 1485.66643 1029 12577 1678.00000 1485.66643  11.5%   318 2586s
  2719  2058 1485.67646 1301 12581 1678.00000 1485.67646  11.5%   318 2590s
  2721  2059 1485.68429 1181 12252 1678.00000 1485.68429  11.5%   318 2597s
  2722  2060 1487.39550  976 12349 1678.00000 1487.39550  11.4%   318 2609s
  2723  2061 1487.68829  685 12528 1678.00000 1487.68829  11.3%   318 2612s
  2724  2061 1487.75453 1522 12527 1678.00000 1487.75453  11.3%   317 2615s
  2726  2063 1487.80870  392 12242 1678.00000 1487.80870  11.3%   317 2620s
  2728  2064 1487.82215 1019 12332 1678.00000 1487.82215  11.3%   317 2625s
  2731  2066 1487.84751  379 12348 1678.00000 1487.84751  11.3%   317 2631s
  2732  2067 1487.84756  227 12338 1678.00000 1487.84756  11.3%   316 2636s
  2733  2067 1489.64471 1512 8437 1678.00000 1489.64471  11.2%   316 2651s
  2735  2069 1490.15099 1349 10521 1678.00000 1490.15099  11.2%   316 2658s
  2736  2069 1490.26970 1524 11186 1678.00000 1490.26970  11.2%   316 2662s
  2738  2071 1490.36220 1059 11587 1678.00000 1490.36220  11.2%   316 2667s
  2740  2072 1490.36601  903 11361 1678.00000 1490.36601  11.2%   316 2674s
H 2740  1965                    1677.0000000 1492.20946  11.0%   316 2692s
  2742  1966 1492.40200 1076 9897 1677.00000 1492.40200  11.0%   315 2695s
  2744  1968 1492.56429  283 11165 1677.00000 1492.56429  11.0%   315 2703s
  2745  1968 1492.64195  587 11495 1677.00000 1492.64195  11.0%   315 2706s
  2747  1970 1492.65983 1533 11557 1677.00000 1492.65983  11.0%   315 2712s
  2748  1970 1492.66321 1181 11824 1677.00000 1492.66321  11.0%   315 2715s
  2750  1972 1492.66476  289 11793 1677.00000 1492.66476  11.0%   314 2722s
  2751  1972 1493.39656  508 9024 1677.00000 1493.39656  10.9%   314 2743s
  2752  1973 1493.47198  564 10117 1677.00000 1493.47198  10.9%   314 2747s
  2753  1974 1493.55036  885 10916 1677.00000 1493.55036  10.9%   314 2751s
  2755  1975 1493.63122 1178 11471 1677.00000 1493.63122  10.9%   314 2758s
  2756  1976 1493.66256  351 11606 1677.00000 1493.66256  10.9%   314 2760s
  2758  1977 1493.66721 1603 11778 1677.00000 1493.66721  10.9%   313 2769s
H 2758  1875                    1673.0000000 1494.76474  10.7%   313 2790s
  2760  1876 1494.76474   39 10801 1673.00000 1494.76474  10.7%   313 2796s
  2761  1877 1494.82882 1172 11484 1673.00000 1494.82882  10.6%   313 2800s
  2763  1878 1494.96690  587 11905 1673.00000 1494.96690  10.6%   313 2808s
  2764  1879 1494.97991  721 11998 1673.00000 1494.97991  10.6%   313 2812s
  2765  1880 1494.98462  315 12303 1673.00000 1494.98462  10.6%   313 2815s
  2767  1881 1494.98930 1111 12176 1673.00000 1494.98930  10.6%   312 2824s
  2768  1882 1495.81133 1069 8849 1673.00000 1495.81133  10.6%   312 2842s
  2769  1882 1495.89827  666 10071 1673.00000 1495.89827  10.6%   312 2845s
  2771  1884 1496.03229  431 11195 1673.00000 1496.03229  10.6%   312 2852s
  2773  1885 1496.07239 1533 11178 1673.00000 1496.07239  10.6%   312 2857s
  2775  1886 1496.07880 1566 11231 1673.00000 1496.07880  10.6%   312 2861s
  2776  1887 1496.07945  870 11329 1673.00000 1496.07945  10.6%   311 2866s
H 2776  1789                    1671.0000000 1497.02541  10.4%   311 2879s
  2778  1790 1497.44910 1015 12112 1671.00000 1497.44910  10.4%   311 2884s
  2779  1791 1497.50069  476 12309 1671.00000 1497.50069  10.4%   311 2888s
  2780  1792 1497.51355  387 12463 1671.00000 1497.51355  10.4%   311 2891s
  2782  1793 1497.53220  331 12223 1671.00000 1497.53220  10.4%   311 2896s
  2783  1794 1497.53255 1136 12187 1671.00000 1497.53255  10.4%   311 2901s
  2784  1794 1498.78724  239 12137 1671.00000 1498.78724  10.3%   311 2927s
  2785  1795 1498.78724 1574 12448 1671.00000 1498.78724  10.3%   310 2932s
  2786  1796 1498.78724  748 12333 1671.00000 1498.78724  10.3%   310 2935s
  2788  1797 1498.78724  435 12527 1671.00000 1498.78724  10.3%   310 2941s
  2789  1798 1498.78724 1551 12655 1671.00000 1498.78724  10.3%   310 2947s
  2790  1798 1498.91888 1134 12885 1671.00000 1498.91888  10.3%   310 2960s
  2792  1800 1499.15814 1218 12914 1671.00000 1499.15814  10.3%   310 2968s
  2793  1800 1499.19275 1014 13095 1671.00000 1499.19275  10.3%   310 2972s
  2794  1801 1499.20950 1540 13109 1671.00000 1499.20950  10.3%   309 2976s
  2795  1802 1499.22244  909 13020 1671.00000 1499.22244  10.3%   309 2980s
  2797  1803 1499.22895  637 13095 1671.00000 1499.22895  10.3%   309 2989s
  2798  1804 1500.93079  156 10253 1671.00000 1500.93079  10.2%   309 3004s
  2799  1804 1500.94706  341 10959 1671.00000 1500.94706  10.2%   309 3008s
  2800  1805 1501.00294 1551 12084 1671.00000 1501.00294  10.2%   309 3012s
  2801  1806 1501.02718  822 12258 1671.00000 1501.02718  10.2%   309 3017s
  2802  1806 1501.07152 1076 12467 1671.00000 1501.07152  10.2%   309 3021s
  2803  1807 1501.07854  859 12665 1671.00000 1501.07854  10.2%   308 3025s
  2805  1808 1501.09323   88 12571 1671.00000 1501.09323  10.2%   308 3032s
  2806  1809 1501.09351  326 12744 1671.00000 1501.09351  10.2%   308 3039s
H 2806  1714                    1670.0000000 1501.93726  10.1%   308 3053s
  2808  1715 1502.00570 1095 12768 1670.00000 1502.00570  10.1%   308 3057s
  2809  1716 1502.08405  436 12769 1670.00000 1502.08405  10.1%   308 3062s
  2810  1717 1502.10522  606 12748 1670.00000 1502.10522  10.1%   308 3066s
  2811  1717 1502.12043  753 13126 1670.00000 1502.12043  10.1%   308 3070s
  2813  1719 1502.12320  429 13221 1670.00000 1502.12320  10.1%   307 3077s
  2814  1719 1502.12351  501 13159 1670.00000 1502.12351  10.1%   307 3084s
H 2814  1629                    1666.0000000 1502.85520  9.79%   307 3177s
  2816  1631 1502.90328 1076 10537 1666.00000 1502.90328  9.79%   307 3180s
  2818  1632 1502.95785 1029 11660 1666.00000 1502.95785  9.79%   307 3186s
  2819  1633 1502.99824 1301 12170 1666.00000 1502.99824  9.78%   307 3190s
  2821  1634 1503.08152 1181 12506 1666.00000 1503.08152  9.78%   306 3196s
  2823  1635 1503.08902  685 12514 1666.00000 1503.08902  9.78%   306 3200s
  2824  1636 1503.08954 1522 12733 1666.00000 1503.08954  9.78%   306 3206s
H 2824  1549                    1665.0000000 1505.38260  9.59%   306 3226s
  2826  1550 1505.48577  392 10540 1665.00000 1505.48577  9.58%   306 3230s
  2828  1552 1505.62538 1019 11578 1665.00000 1505.62538  9.57%   306 3237s
  2829  1552 1505.65869  188 11885 1665.00000 1505.65869  9.57%   306 3240s
  2831  1554 1505.71019  379 12121 1665.00000 1505.71019  9.57%   305 3247s
  2832  1554 1505.71308  227 12126 1665.00000 1505.71308  9.57%   305 3250s
  2834  1556 1505.71577 1603 11918 1665.00000 1505.71577  9.57%   305 3257s
  2835  1556 1506.48095 1349 9719 1665.00000 1506.48095  9.52%   305 3277s
  2836  1557 1506.49844 1524 10544 1665.00000 1506.49844  9.52%   305 3280s
  2838  1558 1506.62401 1059 11405 1665.00000 1506.62401  9.51%   305 3286s
  2839  1559 1506.63413 1254 11867 1665.00000 1506.63413  9.51%   305 3290s
  2841  1560 1506.67183  551 11873 1665.00000 1506.67183  9.51%   304 3296s
  2843  1562 1506.68019  342 12091 1665.00000 1506.68019  9.51%   304 3301s
  2845  1563 1506.69993  587 12095 1665.00000 1506.69993  9.51%   304 3306s
  2846  1564 1506.69993 1022 12232 1665.00000 1506.69993  9.51%   304 3312s
  2847  1564 1507.40503 1533 9303 1665.00000 1507.40503  9.47%   304 3334s
  2848  1565 1507.40503 1181 10125 1665.00000 1507.40503  9.47%   304 3336s
  2850  1566 1507.46817  289 11501 1665.00000 1507.46817  9.46%   303 3343s
  2851  1567 1507.48684  508 11678 1665.00000 1507.48684  9.46%   303 3346s
  2853  1568 1507.48951  885 12081 1665.00000 1507.48951  9.46%   303 3351s
  2854  1569 1507.51064    5 12239 1665.00000 1507.51064  9.46%   303 3355s
  2856  1570 1507.52555  351 12411 1665.00000 1507.52555  9.46%   303 3360s
  2857  1571 1507.52637  513 12287 1665.00000 1507.52637  9.46%   303 3366s
  2858  1572 1508.46606 1603 9158 1665.00000 1508.46606  9.40%   303 3383s
  2859  1572 1508.52151 1500 10429 1665.00000 1508.52151  9.40%   302 3386s
  2861  1574 1508.58184 1172 11451 1665.00000 1508.58184  9.39%   302 3392s
  2862  1574 1508.58393 1204 11781 1665.00000 1508.58393  9.39%   302 3396s
  2864  1576 1508.59985  721 12386 1665.00000 1508.59985  9.39%   302 3406s
  2865  1576 1509.90815  315 9124 1665.00000 1509.90815  9.31%   302 3425s
  2867  1578 1510.18910 1111 11100 1665.00000 1510.18910  9.30%   302 3432s
  2868  1578 1510.20607 1069 11548 1665.00000 1510.20607  9.30%   301 3435s
  2869  1579 1510.21997  666 12143 1665.00000 1510.21997  9.30%   301 3440s
  2871  1580 1510.22775  431 12553 1665.00000 1510.22775  9.30%   301 3449s
  2872  1581 1510.23994  189 12431 1665.00000 1510.23994  9.29%   301 3452s
  2873  1582 1510.24088 1533 12395 1665.00000 1510.24088  9.29%   301 3458s
  2874  1582 1510.64310 1594 9902 1665.00000 1510.64310  9.27%   301 3480s
  2876  1584 1510.65812  870 11568 1665.00000 1510.65812  9.27%   301 3487s
  2877  1584 1510.66121  148 12078 1665.00000 1510.66121  9.27%   301 3490s
  2879  1586 1510.68413  476 12305 1665.00000 1510.68413  9.27%   300 3497s
  2880  1586 1510.69006  387 12542 1665.00000 1510.69006  9.27%   300 3501s
  2881  1587 1510.69168   76 12515 1665.00000 1510.69168  9.27%   300 3505s
  2882  1588 1510.69176  331 12567 1665.00000 1510.69176  9.27%   300 3511s
H 2882  1503                    1664.0000000 1510.84347  9.20%   300 3536s
  2884  1504 1510.87576  239 11130 1664.00000 1510.87576  9.20%   300 3541s
  2886  1505 1510.91650  748 12024 1664.00000 1510.91650  9.20%   300 3548s
  2887  1506 1510.92381  880 12273 1664.00000 1510.92381  9.20%   299 3551s
  2889  1507 1510.95623 1551 12485 1664.00000 1510.95623  9.20%   299 3558s
  2890  1508 1510.97449 1134 12784 1664.00000 1510.97449  9.20%   299 3561s
  2892  1509 1511.00509 1218 12495 1664.00000 1511.00509  9.19%   299 3567s
  2893  1510 1511.00511 1014 12462 1664.00000 1511.00511  9.19%   299 3572s
  2894  1511 1511.48678 1540 10293 1664.00000 1511.48678  9.17%   299 3593s
  2895  1511 1511.49130  909 11319 1664.00000 1511.49130  9.17%   299 3597s
  2896  1512 1511.51893 1210 11910 1664.00000 1511.51893  9.16%   299 3601s
  2897  1513 1511.52723  637 12288 1664.00000 1511.52723  9.16%   298 3606s
  2899  1514 1511.53672  341 12711 1664.00000 1511.53672  9.16%   298 3612s
  2900  1515 1511.53811 1551 12673 1664.00000 1511.53811  9.16%   298 3615s
  2902  1516 1511.54496 1076 13006 1664.00000 1511.54496  9.16%   298 3626s
H 2902  1435                    1663.0000000 1512.27944  9.06%   298 3650s
  2904  1436 1512.33090  257 10988 1663.00000 1512.33090  9.06%   298 3655s
  2905  1437 1512.36280   88 12023 1663.00000 1512.36280  9.06%   298 3660s
  2906  1438 1512.39193  326 12380 1663.00000 1512.39193  9.06%   298 3665s
  2907  1438 1512.39649  953 12501 1663.00000 1512.39649  9.06%   297 3670s
  2909  1440 1512.41587  436 12854 1663.00000 1512.41587  9.05%   297 3678s
  2910  1440 1512.41974  606 12979 1663.00000 1512.41974  9.05%   297 3681s
  2911  1441 1512.42124  753 13042 1663.00000 1512.42124  9.05%   297 3685s
  2913  1442 1512.42545  429 12988 1663.00000 1512.42545  9.05%   297 3694s
  2914  1443 1513.44544  501 9668 1663.00000 1513.44544  8.99%   297 3718s
  2915  1444 1513.46523   40 10892 1663.00000 1513.46523  8.99%   297 3722s
  2916  1444 1513.53271 1076 11736 1663.00000 1513.53271  8.99%   297 3727s
  2917  1445 1513.59039 1249 12202 1663.00000 1513.59039  8.98%   296 3732s
  2918  1446 1513.61127 1029 12409 1663.00000 1513.61127  8.98%   296 3737s
  2919  1446 1513.62342 1301 12530 1663.00000 1513.62342  8.98%   296 3742s
  2920  1447 1513.63071  607 12800 1663.00000 1513.63071  8.98%   296 3747s
  2921  1448 1513.64739 1181 12783 1663.00000 1513.64739  8.98%   296 3752s
  2922  1448 1513.64809  976 12726 1663.00000 1513.64809  8.98%   296 3759s
  2923  1449 1513.85964  685 9768 1663.00000 1513.85964  8.97%   296 3783s
  2924  1450 1514.15123 1522 10892 1663.00000 1514.15123  8.95%   296 3787s
  2925  1450 1514.15745   64 11639 1663.00000 1514.15745  8.95%   296 3791s
  2926  1451 1514.17150  392 11973 1663.00000 1514.17150  8.95%   295 3795s
  2928  1452 1514.20100 1019 12530 1663.00000 1514.20100  8.95%   295 3802s
  2929  1453 1514.22036  188 12854 1663.00000 1514.22036  8.95%   295 3807s
  2930  1454 1514.22160 1341 12897 1663.00000 1514.22160  8.95%   295 3811s
  2931  1454 1514.22225  379 12973 1663.00000 1514.22225  8.95%   295 3819s
  2932  1455 1514.78435  227 10167 1663.00000 1514.78435  8.91%   295 3840s
  2934  1456 1514.89219 1603 11809 1663.00000 1514.89219  8.91%   295 3849s
  2935  1457 1514.92568 1349 12339 1663.00000 1514.92568  8.90%   295 3854s
  2936  1458 1514.94400 1524 12672 1663.00000 1514.94400  8.90%   294 3858s
  2937  1458 1514.95216 1227 12739 1663.00000 1514.95216  8.90%   294 3863s
  2938  1459 1514.95943 1059 12868 1663.00000 1514.95943  8.90%   294 3867s
  2939  1460 1514.96065 1254 12916 1663.00000 1514.96065  8.90%   294 3872s
  2940  1460 1514.98354  903 13079 1663.00000 1514.98354  8.90%   294 3876s
  2941  1461 1514.98412  551 12923 1663.00000 1514.98412  8.90%   294 3882s
  2942  1462 1515.41180 1076 9645 1663.00000 1515.41180  8.87%   294 3908s
  2943  1462 1515.42469  342 10904 1663.00000 1515.42469  8.87%   294 3912s
  2944  1463 1515.45232  283 11612 1663.00000 1515.45232  8.87%   294 3917s
  2945  1464 1515.46472  587 11987 1663.00000 1515.46472  8.87%   294 3920s
  2946  1464 1515.47591 1022 12384 1663.00000 1515.47591  8.87%   293 3925s
  2948  1466 1515.50359 1181 12647 1663.00000 1515.50359  8.87%   293 3933s
  2949  1466 1515.51598  982 12778 1663.00000 1515.51598  8.87%   293 3937s
  2950  1467 1515.51620  289 12805 1663.00000 1515.51620  8.87%   293 3945s
  2951  1468 1515.87545  508 9901 1663.00000 1515.87545  8.85%   293 3965s
  2953  1469 1515.88402  885 12140 1663.00000 1515.88402  8.85%   293 3974s
  2954  1470 1515.89686    5 12501 1663.00000 1515.89686  8.85%   293 3979s
  2955  1470 1515.94400 1178 12836 1663.00000 1515.94400  8.84%   293 3985s
  2957  1472 1515.98237  513 12898 1663.00000 1515.98237  8.84%   292 3994s
  2958  1472 1515.99211 1603 12999 1663.00000 1515.99211  8.84%   292 3998s
  2959  1473 1515.99381 1500 13092 1663.00000 1515.99381  8.84%   292 4001s
  2960  1474 1515.99507   39 13104 1663.00000 1515.99507  8.84%   292 4006s
  2961  1474 1515.99508 1172 13056 1663.00000 1515.99508  8.84%   292 4012s
  2962  1475 1517.12848 1204 10425 1663.00000 1517.12848  8.77%   292 4038s
  2963  1476 1517.29095  587 11631 1663.00000 1517.29095  8.76%   292 4043s
  2964  1476 1517.37200  721 12374 1663.00000 1517.37200  8.76%   292 4048s
  2965  1477 1517.41187  315 12716 1663.00000 1517.41187  8.75%   292 4052s
  2966  1478 1517.41900  377 12702 1663.00000 1517.41900  8.75%   292 4056s
  2967  1478 1517.43934 1111 12893 1663.00000 1517.43934  8.75%   291 4060s
  2968  1479 1517.46222 1069 13066 1663.00000 1517.46222  8.75%   291 4065s
  2970  1480 1517.48775 1033 13229 1663.00000 1517.48775  8.75%   291 4074s
  2971  1481 1517.49592  431 13249 1663.00000 1517.49592  8.75%   291 4077s
  2972  1482 1517.49668  189 13421 1663.00000 1517.49668  8.75%   291 4085s
  2973  1482 1517.83575 1533 9890 1663.00000 1517.83575  8.73%   291 4105s
  2975  1484 1517.84780 1566 11620 1663.00000 1517.84780  8.73%   291 4111s
  2977  1485 1517.85538  148 12209 1663.00000 1517.85538  8.73%   290 4121s
H 2977  1403                    1662.0000000 1517.97981  8.67%   290 4146s
  2980  1405 1517.99057  387 11936 1662.00000 1517.99057  8.66%   290 4153s
  2981  1406 1517.99822   76 12112 1662.00000 1517.99822  8.66%   290 4156s
  2983  1407 1518.00396 1136 12554 1662.00000 1518.00396  8.66%   290 4163s
  2984  1408 1518.00961  239 12720 1662.00000 1518.00961  8.66%   290 4166s
  2985  1408 1518.01035 1574 12977 1662.00000 1518.01035  8.66%   290 4173s
  2986  1409 1518.31922  748 10403 1662.00000 1518.31922  8.65%   290 4193s
  2987  1410 1518.35384  880 11435 1662.00000 1518.35384  8.64%   289 4197s
  2988  1410 1518.36963  435 12243 1662.00000 1518.36963  8.64%   289 4202s
  2989  1411 1518.37324 1551 12754 1662.00000 1518.37324  8.64%   289 4206s
  2990  1412 1518.37397 1134 12745 1662.00000 1518.37397  8.64%   289 4213s
  2991  1412 1519.11571 1147 10205 1662.00000 1519.11571  8.60%   289 4237s
  2992  1413 1519.11571 1218 11635 1662.00000 1519.11571  8.60%   289 4241s
  2994  1414 1519.11571 1540 12489 1662.00000 1519.11571  8.60%   289 4247s
  2995  1415 1519.11571  909 12489 1662.00000 1519.11571  8.60%   289 4250s
  2997  1416 1519.11571  637 13021 1662.00000 1519.11571  8.60%   288 4255s
  2998  1417 1519.11571  156 12991 1662.00000 1519.11571  8.60%   288 4263s
  2999  1418 1519.40568  341 9849 1662.00000 1519.40568  8.58%   288 4282s
  3000  1418 1519.41896 1551 10998 1662.00000 1519.41896  8.58%   288 4285s
  3002  1420 1519.44002 1076 11915 1662.00000 1519.44002  8.58%   288 4292s
  3003  1420 1519.44027  859 12254 1662.00000 1519.44027  8.58%   288 4298s
H 3003  1342                    1661.0000000 1519.57348  8.51%   288 4317s
  3005  1344 1519.58756   88 11448 1661.00000 1519.58756  8.51%   288 4322s
  3006  1344 1519.59925  326 11990 1661.00000 1519.59925  8.51%   288 4326s
  3008  1346 1519.61282 1095 12473 1661.00000 1519.61282  8.51%   287 4333s
  3009  1346 1519.61805  436 12790 1661.00000 1519.61805  8.51%   287 4337s
  3010  1347 1519.62237  606 12746 1661.00000 1519.62237  8.51%   287 4340s
  3012  1348 1519.63154 1373 12954 1661.00000 1519.63154  8.51%   287 4346s
  3014  1350 1519.66796  501 13159 1661.00000 1519.66796  8.51%   287 4353s
  3015  1350 1519.67502   40 13235 1661.00000 1519.67502  8.51%   287 4357s
  3016  1351 1519.67901 1076 13023 1661.00000 1519.67901  8.51%   287 4361s
  3017  1352 1519.67954 1249 13115 1661.00000 1519.67954  8.51%   287 4369s
  3018  1352 1519.92641 1029 10349 1661.00000 1519.92641  8.49%   286 4392s
  3019  1353 1520.05860 1301 11164 1661.00000 1520.05860  8.49%   286 4396s
  3020  1354 1520.07589  607 12081 1661.00000 1520.07589  8.48%   286 4400s
  3022  1355 1520.08181  976 12791 1661.00000 1520.08181  8.48%   286 4408s
  3023  1356 1520.08332  685 13151 1661.00000 1520.08332  8.48%   286 4412s
  3024  1356 1520.08499 1522 13084 1661.00000 1520.08499  8.48%   286 4417s
  3025  1357 1520.08977   64 13083 1661.00000 1520.08977  8.48%   286 4420s
  3027  1358 1520.09253  773 12885 1661.00000 1520.09253  8.48%   286 4429s
  3028  1359 1520.50210 1019 9357 1661.00000 1520.50210  8.46%   286 4450s
  3030  1360 1520.57171 1341 11627 1661.00000 1520.57171  8.45%   285 4459s
  3031  1361 1520.58172  379 12003 1661.00000 1520.58172  8.45%   285 4462s
  3032  1362 1520.59383  227 12274 1661.00000 1520.59383  8.45%   285 4467s
  3033  1362 1520.59680 1512 12299 1661.00000 1520.59680  8.45%   285 4470s
  3035  1364 1520.60529 1349 12675 1661.00000 1520.60529  8.45%   285 4477s
  3036  1364 1520.60587 1524 12787 1661.00000 1520.60587  8.45%   285 4485s
H 3036  1287                    1658.0000000 1520.68079  8.28%   285 4568s
  3037  1288 1520.68079 1227 10489 1658.00000 1520.68079  8.28%   285 4591s
  3038  1289 1520.68510 1059 11193 1658.00000 1520.68510  8.28%   285 4595s
  3040  1290 1520.70354  903 12345 1658.00000 1520.70354  8.28%   284 4603s
  3041  1291 1520.70765  551 12323 1658.00000 1520.70765  8.28%   284 4606s
  3042  1291 1520.71461 1076 12475 1658.00000 1520.71461  8.28%   284 4610s
  3044  1293 1520.71798  283 12870 1658.00000 1520.71798  8.28%   284 4617s
  3045  1293 1520.72059  587 12878 1658.00000 1520.72059  8.28%   284 4621s
  3046  1294 1520.72125 1022 12983 1658.00000 1520.72125  8.28%   284 4628s
  3047  1295 1520.99605 1533 10313 1658.00000 1520.99605  8.26%   284 4655s
  3048  1295 1521.00970 1181 11417 1658.00000 1521.00970  8.26%   284 4660s
  3050  1297 1521.11424  289 12442 1658.00000 1521.11424  8.26%   283 4670s
  3052  1298 1521.12835  564 12531 1658.00000 1521.12835  8.26%   283 4678s
  3053  1299 1521.12921  885 12809 1658.00000 1521.12921  8.26%   283 4686s
  3054  1299 1521.38230    5 10857 1658.00000 1521.38230  8.24%   283 4702s
  3055  1300 1521.41264 1178 11866 1658.00000 1521.41264  8.24%   283 4707s
  3056  1301 1521.42034  351 12272 1658.00000 1521.42034  8.24%   283 4712s
  3057  1301 1521.42215  513 12775 1658.00000 1521.42215  8.24%   283 4716s
  3058  1302 1521.45438 1603 12786 1658.00000 1521.45438  8.24%   283 4721s
  3059  1303 1521.45685 1500 13092 1658.00000 1521.45685  8.24%   283 4727s
  3060  1303 1521.46247   39 13403 1658.00000 1521.46247  8.24%   283 4732s
  3061  1304 1521.47055 1172 13379 1658.00000 1521.47055  8.23%   282 4736s
  3062  1305 1521.47245 1204 13379 1658.00000 1521.47245  8.23%   282 4741s
  3063  1305 1521.47500  587 13527 1658.00000 1521.47500  8.23%   282 4745s
  3064  1306 1521.47504  721 13380 1658.00000 1521.47504  8.23%   282 4751s
  3065  1307 1521.81105  315 10168 1658.00000 1521.81105  8.21%   282 4777s
  3066  1307 1521.82291  377 11392 1658.00000 1521.82291  8.21%   282 4783s
  3067  1308 1521.83674 1111 12092 1658.00000 1521.83674  8.21%   282 4790s
  3068  1309 1521.89938 1069 12363 1658.00000 1521.89938  8.21%   282 4795s
  3069  1309 1521.92594  666 12740 1658.00000 1521.92594  8.21%   282 4801s
  3070  1310 1521.93141 1033 12857 1658.00000 1521.93141  8.21%   282 4807s
  3071  1311 1521.93783  431 13183 1658.00000 1521.93783  8.21%   282 4814s
  3072  1311 1521.94070  189 13298 1658.00000 1521.94070  8.21%   281 4819s
  3073  1312 1521.94269 1533 13186 1658.00000 1521.94269  8.21%   281 4822s
  3074  1313 1521.94463 1594 13331 1658.00000 1521.94463  8.21%   281 4827s
  3075  1313 1521.94491 1566 13340 1658.00000 1521.94491  8.21%   281 4835s
  3076  1314 1522.24381  870 9925 1658.00000 1522.24381  8.19%   281 4855s
  3077  1315 1522.31498  148 11019 1658.00000 1522.31498  8.18%   281 4860s
  3079  1316 1522.34136  476 12271 1658.00000 1522.34136  8.18%   281 4869s
  3080  1317 1522.34467  387 12515 1658.00000 1522.34467  8.18%   281 4874s
  3081  1317 1522.34502   76 12701 1658.00000 1522.34502  8.18%   281 4881s
  3082  1318 1522.72507  331 10067 1658.00000 1522.72507  8.16%   281 4904s
  3083  1319 1522.76036 1136 10976 1658.00000 1522.76036  8.16%   280 4908s
  3084  1319 1522.77132  239 11669 1658.00000 1522.77132  8.16%   280 4912s
  3085  1320 1522.77397 1574 12177 1658.00000 1522.77397  8.16%   280 4916s
  3086  1321 1522.78050  748 12598 1658.00000 1522.78050  8.16%   280 4920s
  3087  1321 1522.78843  880 12552 1658.00000 1522.78843  8.16%   280 4925s
  3089  1323 1522.80723 1551 12803 1658.00000 1522.80723  8.15%   280 4933s
  3090  1323 1522.81172 1134 12750 1658.00000 1522.81172  8.15%   280 4937s
  3091  1324 1522.81207 1147 12997 1658.00000 1522.81207  8.15%   280 4944s
  3092  1325 1523.08339 1218 10509 1658.00000 1523.08339  8.14%   280 4967s
  3093  1325 1523.11500 1014 11181 1658.00000 1523.11500  8.14%   280 4971s
  3094  1326 1523.18490 1540 12209 1658.00000 1523.18490  8.13%   279 4976s
  3095  1327 1523.19083  909 12447 1658.00000 1523.19083  8.13%   279 4980s
  3097  1328 1523.21436  637 12596 1658.00000 1523.21436  8.13%   279 4987s
  3098  1329 1523.22534  156 12837 1658.00000 1523.22534  8.13%   279 4992s
  3099  1329 1523.23750  341 12984 1658.00000 1523.23750  8.13%   279 4996s
  3100  1330 1523.24672 1551 12978 1658.00000 1523.24672  8.13%   279 5000s
  3102  1331 1523.24975 1076 13140 1658.00000 1523.24975  8.13%   279 5013s
  3103  1332 1523.54863  859 10096 1658.00000 1523.54863  8.11%   279 5035s
  3105  1333 1523.60393   88 12012 1658.00000 1523.60393  8.11%   278 5044s
  3106  1334 1523.60798  326 12283 1658.00000 1523.60798  8.11%   278 5047s
  3107  1335 1523.61409  953 12256 1658.00000 1523.61409  8.11%   278 5051s
  3108  1335 1523.61635 1095 12408 1658.00000 1523.61635  8.11%   278 5055s
  3110  1337 1523.63370  606 12797 1658.00000 1523.63370  8.10%   278 5066s
  3111  1337 1523.69993  753 10061 1658.00000 1523.69993  8.10%   278 5086s
  3113  1339 1523.72032  429 11750 1658.00000 1523.72032  8.10%   278 5093s
  3114  1339 1523.72201  501 11992 1658.00000 1523.72201  8.10%   278 5097s
  3115  1340 1523.72212   40 12248 1658.00000 1523.72212  8.10%   278 5103s
H 3115  1264                    1657.0000000 1523.88707  8.03%   278 5121s
  3117  1265 1523.93613 1249 11617 1657.00000 1523.93613  8.03%   277 5125s
  3118  1266 1523.94484 1029 12176 1657.00000 1523.94484  8.03%   277 5130s
  3120  1267 1523.95362  607 12737 1657.00000 1523.95362  8.03%   277 5138s
  3121  1268 1523.95570 1181 12914 1657.00000 1523.95570  8.03%   277 5143s
  3122  1269 1523.95811  976 12893 1657.00000 1523.95811  8.03%   277 5146s
  3123  1269 1523.96058  685 13103 1657.00000 1523.96058  8.03%   277 5150s
  3124  1270 1523.96115 1522 12946 1657.00000 1523.96115  8.03%   277 5157s
  3125  1271 1524.14460   64 10184 1657.00000 1524.14460  8.02%   277 5177s
  3126  1271 1524.15743  392 11277 1657.00000 1524.15743  8.02%   277 5182s
  3127  1272 1524.16019  773 12031 1657.00000 1524.16019  8.02%   276 5186s
  3128  1273 1524.16077 1019 12628 1657.00000 1524.16077  8.02%   276 5194s
H 3128  1200                    1654.0000000 1524.24784  7.84%   276 5212s
  3130  1201 1524.28029 1341 13420 1654.00000 1524.28029  7.84%   276 5218s
  3131  1202 1524.28365  379 13785 1654.00000 1524.28365  7.84%   276 5222s
  3132  1202 1524.29383  227 13505 1654.00000 1524.29383  7.84%   276 5226s
  3133  1203 1524.33774 1512 13493 1654.00000 1524.33774  7.84%   276 5230s
  3135  1204 1524.34497 1349 13574 1654.00000 1524.34497  7.84%   276 5237s
  3136  1205 1524.34558 1524 13456 1654.00000 1524.34558  7.84%   276 5241s
  3137  1206 1524.39757 1227 10281 1654.00000 1524.39757  7.84%   276 5256s
  3138  1206 1524.39757 1059 11716 1654.00000 1524.39757  7.84%   276 5260s
  3140  1208 1524.39757  903 12750 1654.00000 1524.39757  7.84%   275 5266s
  3142  1209 1524.39757 1076 12975 1654.00000 1524.39757  7.84%   275 5272s
  3143  1210 1524.40201  342 12933 1654.00000 1524.40201  7.84%   275 5275s
  3145  1211 1524.40872  587 13349 1654.00000 1524.40872  7.84%   275 5281s
  3147  1212 1524.41171 1533 13271 1654.00000 1524.41171  7.83%   275 5288s
  3148  1213 1524.43736 1181 10481 1654.00000 1524.43736  7.83%   275 5305s
  3150  1214 1524.94586  289 11180 1654.00000 1524.94586  7.80%   274 5326s
  3152  1216 1524.94586  564 12681 1654.00000 1524.94586  7.80%   274 5334s
  3153  1216 1524.94586  885 11449 1654.00000 1524.94586  7.80%   274 5352s
  3156  1220 1524.94586  351 13276 1654.00000 1524.94586  7.80%  3736 5355s
  3158  1221 1524.94586 1603 15821 1654.00000 1524.94586  7.80%  3734 5388s
  3159  1222 1524.94586 1500 8432 1654.00000 1524.94586  7.80%  3732 5412s
  3160  1223 1524.94586   39 9303 1654.00000 1524.94586  7.80%  3731 5422s
  3161  1223 1524.94586 1172 10110 1654.00000 1524.94586  7.80%  3730 5432s
  3162  1224 1524.94586 1204 10742 1654.00000 1524.94586  7.80%  3729 5439s
  3163  1225 1524.94586  587 10873 1654.00000 1524.94586  7.80%  3728 5445s
  3164  1225 1524.94586  721 11117 1654.00000 1524.94586  7.80%  3727 5451s
  3165  1226 1524.94586  315 11626 1654.00000 1524.94586  7.80%  3725 5457s
  3166  1227 1524.94586  377 11861 1654.00000 1524.94586  7.80%  3724 5463s
  3167  1227 1524.94586 1111 12036 1654.00000 1524.94586  7.80%  3723 5467s
  3170  1229 1524.94586 1033 12160 1654.00000 1524.94586  7.80%  3720 5470s
  3172  1231 1524.94586  189 12246 1654.00000 1524.94586  7.80%  3717 5475s
  3173  1231 1525.07323 1533 12271 1654.00000 1525.07323  7.79%  3716 5486s
  3175  1233 1525.07622 1566 12219 1654.00000 1525.07622  7.79%  3714 5493s
  3176  1233 1525.23927  870 10314 1654.00000 1525.23927  7.78%  3712 5507s
  3177  1234 1525.25454  148 10650 1654.00000 1525.25454  7.78%  3711 5510s
  3180  1236 1525.28006  387 10812 1654.00000 1525.28006  7.78%  3708 5517s
  3181  1237 1526.13427   76 11095 1654.00000 1526.13427  7.73%  3707 5527s
  3183  1238 1526.13427 1136 11066 1654.00000 1526.13427  7.73%  3704 5530s
  3185  1239 1526.25600 1574 9386 1654.00000 1526.25600  7.72%  3702 5548s
  3186  1240 1526.26395  748 10416 1654.00000 1526.26395  7.72%  3701 5551s
  3189  1242 1526.27337 1551 10588 1654.00000 1526.27337  7.72%  3697 5557s
  3190  1243 1526.38886 1134 11142 1654.00000 1526.38886  7.72%  3696 5570s
  3192  1244 1526.40542 1218 11327 1654.00000 1526.40542  7.71%  3694 5576s
  3193  1245 1526.44371 1014 9595 1654.00000 1526.44371  7.71%  3693 5589s
  3194  1245 1526.44493 1540 10635 1654.00000 1526.44493  7.71%  3692 5591s
  3197  1247 1526.45851  637 10739 1654.00000 1526.45851  7.71%  3688 5598s
  3198  1248 1526.61535  156 10076 1654.00000 1526.61535  7.70%  3687 5614s
  3199  1249 1526.61535  341 10735 1654.00000 1526.61535  7.70%  3686 5617s
  3201  1250 1526.61535  822 10926 1654.00000 1526.61535  7.70%  3683 5622s
  3202  1251 1526.61535 1076 11158 1654.00000 1526.61535  7.70%  3682 5632s
  3204  1252 1526.64349  257 11295 1654.00000 1526.64349  7.70%  3680 5636s
  3205  1253 1526.64421   88 11333 1654.00000 1526.64421  7.70%  3679 5640s
  3206  1253 1526.80584  326 9462 1654.00000 1526.80584  7.69%  3678 5656s
  3208  1255 1526.85003 1095 10438 1654.00000 1526.85003  7.69%  3675 5660s
  3210  1256 1526.91542  606 10813 1654.00000 1526.91542  7.68%  3673 5674s
  3211  1257 1526.95169  753 11065 1654.00000 1526.95169  7.68%  3672 5676s
  3213  1258 1526.96171  429 11116 1654.00000 1526.96171  7.68%  3670 5682s
  3214  1259 1527.06037  501 9317 1654.00000 1527.06037  7.67%  3669 5708s
  3215  1259 1527.06859   40 10269 1654.00000 1527.06859  7.67%  3667 5711s
  3216  1260 1527.06884 1076 10618 1654.00000 1527.06884  7.67%  3666 5716s
  3217  1261 1527.12572 1249 10315 1654.00000 1527.12572  7.67%  3665 5734s
  3218  1261 1527.13480 1029 10899 1654.00000 1527.13480  7.67%  3664 5736s
  3220  1263 1527.13658  607 11133 1654.00000 1527.13658  7.67%  3662 5742s
  3221  1263 1527.21898 1181 9671 1654.00000 1527.21898  7.67%  3661 5767s
  3222  1264 1527.22285  976 10538 1654.00000 1527.22285  7.66%  3659 5770s
  3225  1266 1527.22987   64 10890 1654.00000 1527.22987  7.66%  3656 5775s
  3227  1267 1527.27216  773 9717 1654.00000 1527.27216  7.66%  3654 5792s
  3228  1268 1527.28154 1019 10646 1654.00000 1527.28154  7.66%  3653 5795s
  3231  1270 1527.30301  379 10866 1654.00000 1527.30301  7.66%  3649 5804s
  3232  1271 1528.14920  227 10057 1654.00000 1528.14920  7.61%  3648 5825s
  3234  1272 1528.28539 1603 11304 1654.00000 1528.28539  7.60%  3646 5833s
  3235  1273 1528.29315 1349 11350 1654.00000 1528.29315  7.60%  3645 5835s
  3236  1273 1528.29396 1524 11239 1654.00000 1528.29396  7.60%  3644 5841s
  3237  1274 1529.08766 1227 11653 1654.00000 1529.08766  7.55%  3643 5854s
  3238  1275 1529.41361 1059 11756 1654.00000 1529.41361  7.53%  3641 5857s
  3240  1276 1529.47110  903 11328 1654.00000 1529.47110  7.53%  3639 5861s
  3242  1277 1529.47500 1076 11170 1654.00000 1529.47500  7.53%  3637 5866s
  3243  1278 1529.74945  342 8729 1654.00000 1529.74945  7.51%  3636 5944s
  3244  1279 1529.74945  283 10372 1654.00000 1529.74945  7.51%  3635 5947s
  3245  1279 1529.74945  587 10610 1654.00000 1529.74945  7.51%  3634 5950s
  3247  1281 1529.74945 1533 10885 1654.00000 1529.74945  7.51%  3631 5956s
  3248  1281 1530.39877 1181 9021 1654.00000 1530.39877  7.47%  3630 5974s
  3249  1282 1530.41250  982 10401 1654.00000 1530.41250  7.47%  3629 5978s
  3250  1283 1530.41300  289 10552 1654.00000 1530.41300  7.47%  3628 5983s
  3251  1283 1530.56979  508 9294 1654.00000 1530.56979  7.46%  3627 6000s
  3253  1285 1530.58648  885 10600 1654.00000 1530.58648  7.46%  3625 6006s
  3255  1286 1530.58951 1178 10612 1654.00000 1530.58951  7.46%  3622 6012s
  3256  1287 1530.70321  351 8774 1654.00000 1530.70321  7.45%  3621 6028s
  3257  1287 1530.70651  513 10244 1654.00000 1530.70651  7.45%  3620 6031s
  3259  1289 1530.71123 1500 10802 1654.00000 1530.71123  7.45%  3618 6039s
  3260  1289 1530.80840   39 9678 1654.00000 1530.80840  7.45%  3617 6059s
  3261  1290 1530.84554 1172 10343 1654.00000 1530.84554  7.45%  3616 6063s
  3262  1291 1530.85170 1204 10604 1654.00000 1530.85170  7.45%  3615 6065s
  3264  1292 1530.85537  721 10825 1654.00000 1530.85537  7.45%  3612 6072s
  3265  1293 1531.03714  315 9402 1654.00000 1531.03714  7.43%  3611 6094s
  3266  1293 1531.06347  377 10536 1654.00000 1531.06347  7.43%  3610 6097s
  3267  1294 1531.07317 1111 11013 1654.00000 1531.07317  7.43%  3609 6101s
  3269  1295 1531.08353  666 10913 1654.00000 1531.08353  7.43%  3607 6105s
  3272  1297 1531.09224  189 11237 1654.00000 1531.09224  7.43%  3604 6111s
  3273  1298 1531.09230 1533 11497 1654.00000 1531.09230  7.43%  3602 6116s
  3274  1299 1531.18045 1594 8885 1654.00000 1531.18045  7.43%  3601 6134s
  3275  1299 1531.19871 1566 10837 1654.00000 1531.19871  7.42%  3600 6139s
  3276  1300 1531.20135  870 11213 1654.00000 1531.20135  7.42%  3599 6143s
  3277  1301 1531.20526  148 11534 1654.00000 1531.20526  7.42%  3598 6146s
  3279  1302 1531.20716  476 11247 1654.00000 1531.20716  7.42%  3596 6153s
  3280  1303 1531.23646  387 9900 1654.00000 1531.23646  7.42%  3595 6174s
  3281  1303 1531.23663   76 10912 1654.00000 1531.23663  7.42%  3594 6181s
  3282  1304 1531.32374  331 9210 1654.00000 1531.32374  7.42%  3593 6198s
  3283  1305 1531.33004 1136 10317 1654.00000 1531.33004  7.42%  3591 6202s
  3284  1305 1531.34730  239 10701 1654.00000 1531.34730  7.42%  3590 6205s
  3286  1307 1531.35985  748 11092 1654.00000 1531.35985  7.41%  3588 6212s
H 3286  1239                    1653.0000000 1531.54980  7.35%  3588 6233s
  3288  1240 1531.69065  435 10478 1653.00000 1531.69065  7.34%  3586 6237s
  3289  1241 1531.69371 1551 11069 1653.00000 1531.69371  7.34%  3585 6240s
  3290  1241 1531.69438 1134 11216 1653.00000 1531.69438  7.34%  3584 6246s
  3291  1242 1531.99304 1147 10056 1653.00000 1531.99304  7.32%  3583 6262s
  3292  1243 1531.99304 1218 10920 1653.00000 1531.99304  7.32%  3582 6266s
  3293  1243 1531.99304 1014 11482 1653.00000 1531.99304  7.32%  3581 6270s
  3295  1245 1531.99304  909 11830 1653.00000 1531.99304  7.32%  3578 6277s
  3296  1245 1531.99304 1210 12087 1653.00000 1531.99304  7.32%  3577 6280s
  3297  1246 1531.99304  637 12007 1653.00000 1531.99304  7.32%  3576 6285s
  3298  1247 1532.22655  156 9442 1653.00000 1532.22655  7.31%  3575 6309s
  3299  1247 1532.23053  341 10726 1653.00000 1532.23053  7.31%  3574 6313s
  3300  1248 1532.23152 1551 11244 1653.00000 1532.23152  7.31%  3573 6319s
  3301  1249 1532.44441  822 9219 1653.00000 1532.44441  7.29%  3572 6341s
  3302  1249 1532.45021 1076 10581 1653.00000 1532.45021  7.29%  3571 6346s
  3303  1250 1532.46195  859 11243 1653.00000 1532.46195  7.29%  3570 6350s
  3305  1251 1532.48236   88 11741 1653.00000 1532.48236  7.29%  3568 6357s
  3306  1252 1532.48416  326 11679 1653.00000 1532.48416  7.29%  3567 6360s
  3307  1253 1532.48464  953 11616 1653.00000 1532.48464  7.29%  3565 6366s
H 3307  1188                    1652.0000000 1532.93946  7.21%  3565 6391s
  3310  1190 1532.93946  606 11328 1652.00000 1532.93946  7.21%  3562 6398s
  3311  1190 1532.94261  753 11644 1652.00000 1532.94261  7.21%  3561 6402s
  3312  1191 1532.94311 1373 11763 1652.00000 1532.94311  7.21%  3560 6409s
  3313  1192 1533.32453  429 9602 1652.00000 1533.32453  7.18%  3559 6430s
  3315  1193 1533.35441   40 11187 1652.00000 1533.35441  7.18%  3557 6436s
  3317  1194 1533.37394 1249 11741 1652.00000 1533.37394  7.18%  3555 6443s
  3318  1195 1533.37758 1029 11680 1652.00000 1533.37758  7.18%  3554 6446s
  3320  1196 1533.37920  607 11677 1652.00000 1533.37920  7.18%  3551 6453s
  3321  1197 1533.68129 1181 8903 1652.00000 1533.68129  7.16%  3550 6476s
  3323  1198 1533.68129  685 11024 1652.00000 1533.68129  7.16%  3548 6483s
  3324  1199 1533.68129 1522 11397 1652.00000 1533.68129  7.16%  3547 6486s
  3326  1200 1533.68129  392 11275 1652.00000 1533.68129  7.16%  3545 6491s
  3327  1201 1533.68129  773 11456 1652.00000 1533.68129  7.16%  3544 6497s
  3328  1202 1533.72825 1019 9645 1652.00000 1533.72825  7.16%  3543 6515s
  3330  1203 1533.75436 1341 11390 1652.00000 1533.75436  7.16%  3541 6522s
  3331  1204 1533.75492  379 11470 1652.00000 1533.75492  7.16%  3540 6528s
  3332  1204 1533.98430  227 9660 1652.00000 1533.98430  7.14%  3539 6552s
  3333  1205 1533.98675 1512 10685 1652.00000 1533.98675  7.14%  3538 6555s
  3335  1206 1534.00158 1349 11715 1652.00000 1534.00158  7.14%  3535 6562s
  3336  1207 1534.00600 1524 11883 1652.00000 1534.00600  7.14%  3534 6565s
  3337  1208 1534.00693 1227 12174 1652.00000 1534.00693  7.14%  3533 6571s
  3338  1208 1534.08857 1059 9187 1652.00000 1534.08857  7.14%  3532 6587s
  3339  1209 1534.09312 1254 10763 1652.00000 1534.09312  7.14%  3531 6591s
  3340  1210 1534.10384  903 11195 1652.00000 1534.10384  7.14%  3530 6595s
  3342  1211 1534.13191 1076 12185 1652.00000 1534.13191  7.13%  3528 6603s
  3343  1212 1534.13977  342 12150 1652.00000 1534.13977  7.13%  3527 6606s
  3344  1212 1534.14039  283 12237 1652.00000 1534.14039  7.13%  3526 6612s
H 3344  1148                    1651.0000000 1534.17721  7.08%  3526 6631s
  3346  1150 1534.17931 1022 11269 1651.00000 1534.17931  7.08%  3524 6635s
  3348  1151 1534.18632 1181 12013 1651.00000 1534.18632  7.08%  3522 6641s
  3350  1152 1534.18938  289 12034 1651.00000 1534.18938  7.08%  3520 6649s
  3351  1153 1534.23793  508 9953 1651.00000 1534.23793  7.07%  3519 6667s
  3352  1154 1534.24774  564 10821 1651.00000 1534.24774  7.07%  3518 6670s
  3354  1155 1534.25205    5 12132 1651.00000 1534.25205  7.07%  3515 6679s
  3355  1156 1534.32542 1178 10139 1651.00000 1534.32542  7.07%  3514 6699s
  3356  1156 1534.32831  351 11294 1651.00000 1534.32831  7.07%  3513 6702s
  3357  1157 1534.32867  513 11392 1651.00000 1534.32867  7.07%  3512 6708s
  3358  1158 1534.37963 1603 10116 1651.00000 1534.37963  7.06%  3511 6729s
  3359  1158 1534.38475 1500 10845 1651.00000 1534.38475  7.06%  3510 6733s
  3360  1159 1534.39114   39 11435 1651.00000 1534.39114  7.06%  3509 6737s
  3361  1160 1534.39365 1172 11646 1651.00000 1534.39365  7.06%  3508 6740s
  3363  1161 1534.39800  587 11872 1651.00000 1534.39800  7.06%  3506 6749s
  3364  1162 1534.49144  721 10036 1651.00000 1534.49144  7.06%  3505 6769s
  3365  1162 1534.49487  315 10958 1651.00000 1534.49487  7.06%  3504 6773s
  3366  1163 1534.50151  377 11259 1651.00000 1534.50151  7.06%  3503 6776s
  3368  1164 1534.52252 1069 12093 1651.00000 1534.52252  7.05%  3501 6782s
  3369  1165 1534.52654  666 12170 1651.00000 1534.52654  7.05%  3500 6785s
  3372  1167 1534.53876  189 12076 1651.00000 1534.53876  7.05%  3497 6795s
  3373  1168 1534.65472 1533 10134 1651.00000 1534.65472  7.05%  3496 6815s
  3375  1169 1534.66190 1566 11855 1651.00000 1534.66190  7.05%  3494 6822s
  3376  1170 1534.67087  870 12005 1651.00000 1534.67087  7.05%  3493 6825s
  3378  1171 1534.67728 1015 12196 1651.00000 1534.67728  7.05%  3490 6834s
  3379  1172 1535.03533  476 9612 1651.00000 1535.03533  7.02%  3489 6852s
  3380  1172 1535.06685  387 11017 1651.00000 1535.06685  7.02%  3488 6855s
  3382  1174 1535.08332  331 11928 1651.00000 1535.08332  7.02%  3486 6860s
  3384  1175 1535.08723  239 12056 1651.00000 1535.08723  7.02%  3484 6868s
  3385  1176 1535.22026 1574 10719 1651.00000 1535.22026  7.01%  3483 6880s
  3387  1177 1535.23140  880 11657 1651.00000 1535.23140  7.01%  3481 6885s
  3388  1178 1535.23193  435 11907 1651.00000 1535.23193  7.01%  3480 6891s
  3389  1178 1535.32128 1551 11971 1651.00000 1535.32128  7.01%  3479 6902s
  3391  1180 1535.35691 1147 12435 1651.00000 1535.35691  7.00%  3477 6907s
  3392  1180 1535.36090 1218 12610 1651.00000 1535.36090  7.00%  3476 6911s
  3393  1181 1535.36112 1014 12599 1651.00000 1535.36112  7.00%  3475 6916s
  3394  1182 1535.46882 1540 12743 1651.00000 1535.46882  7.00%  3474 6946s
  3395  1182 1535.53167  909 12804 1651.00000 1535.53167  6.99%  3473 6950s
  3398  1184 1535.54146  156 12872 1651.00000 1535.54146  6.99%  3470 6959s
H 3398  1121                    1650.0000000 1535.73285  6.93%  3470 6981s
  3401  1123 1535.75804  822 11701 1650.00000 1535.75804  6.92%  3467 6986s
  3403  1125 1535.77908  859 12035 1650.00000 1535.77908  6.92%  3465 6991s
  3405  1126 1535.78853   88 12229 1650.00000 1535.78853  6.92%  3463 6997s
  3406  1127 1535.82702  326 10047 1650.00000 1535.82702  6.92%  3462 7015s
  3408  1128 1535.83094 1095 12069 1650.00000 1535.83094  6.92%  3460 7021s
  3410  1129 1535.83534  606 12418 1650.00000 1535.83534  6.92%  3458 7026s
  3412  1131 1535.83925 1373 12471 1650.00000 1535.83925  6.92%  3456 7034s
  3413  1131 1535.91928  429 10370 1650.00000 1535.91928  6.91%  3455 7054s
  3414  1132 1535.92431  501 11388 1650.00000 1535.92431  6.91%  3454 7057s
  3415  1133 1535.92854   40 12166 1650.00000 1535.92854  6.91%  3453 7060s
  3416  1133 1535.92887 1076 12372 1650.00000 1535.92887  6.91%  3452 7066s
  3417  1134 1536.10481 1249 10541 1650.00000 1536.10481  6.90%  3451 7086s
  3419  1135 1536.20132 1301 11683 1650.00000 1536.20132  6.90%  3449 7092s
  3420  1136 1536.20372  607 12091 1650.00000 1536.20372  6.90%  3448 7095s
  3422  1137 1536.23159  976 12354 1650.00000 1536.23159  6.90%  3446 7101s
  3424  1139 1536.23372 1522 12337 1650.00000 1536.23372  6.89%  3444 7109s
  3425  1139 1536.28180   64 12518 1650.00000 1536.28180  6.89%  3443 7122s
  3426  1140 1536.28777  392 12571 1650.00000 1536.28777  6.89%  3442 7125s
  3428  1141 1536.29196 1019 12655 1650.00000 1536.29196  6.89%  3440 7130s
  3429  1142 1536.29243  188 12525 1650.00000 1536.29243  6.89%  3439 7135s
  3430  1143 1536.32555 1341 10334 1650.00000 1536.32555  6.89%  3438 7152s
  3431  1143 1536.32754  379 11462 1650.00000 1536.32754  6.89%  3437 7155s
  3432  1144 1536.32810  227 11942 1650.00000 1536.32810  6.89%  3436 7160s
  3433  1145 1536.34774 1512 9937 1650.00000 1536.34774  6.89%  3435 7181s
  3434  1145 1536.34833 1603 10944 1650.00000 1536.34833  6.89%  3434 7187s

Cutting planes:
  Gomory: 93
  Cover: 2344
  Implied bound: 369
  Clique: 234
  MIR: 2042
  Mixing: 12
  StrongCG: 66
  Flow cover: 6062
  GUB cover: 2765
  Zero half: 1007
  RLT: 358
  Relax-and-lift: 312
  BQP: 66
  PSD: 1

Explored 3434 nodes (19088814 simplex iterations) in 7194.78 seconds (4919.28 work units)
Thread count was 1 (of 16 available processors)

Solution count 10: 1650 1651 1652 ... 1663

Time limit reached
Best objective 1.650000000000e+03, best bound 1.537000000000e+03, gap 6.8485%

User-callback calls 671894, time in user-callback 1.24 sec
Stat(MathOptInterface.TIME_LIMIT, 1650.0, 1537.0, 0.06848484848484848, 0.0, 5.231402, 7194.786420822144, 3434, Main.CFLG.EVFP, "", #undef)
