Data path: /scratch/opt/lxu/CFLG/benchmarks/tree_A
Instance: treeA.400.60
Result path: /scratch/opt/lxu/CFLG/results/tree_A
Solver: Gurobi
Time limit: 7200
Formulation: LEFPA
Cover: Small
julia --project=. src/main.jl /scratch/opt/lxu/CFLG/benchmarks/tree_A treeA.400.60 /scratch/opt/lxu/CFLG/results/tree_A Gurobi 7200 LEFPA Small
The latest version of Julia in the `release` channel is 1.11.5+0.x64.linux.gnu. You currently have `1.11.4+0.x64.linux.gnu` installed. Run:

  juliaup update

in your terminal shell to install Julia 1.11.5+0.x64.linux.gnu and update the `release` channel to that version.
/scratch/opt/lxu/CFLG/benchmarks/tree_A Gurobi 7200.0 /scratch/opt/lxu/CFLG/results/tree_A treeA.400.60 LEFPA Small
/scratch/opt/lxu/CFLG/benchmarks/tree_A/treeA.400.60

 read graph
data loaded


after absorb:249 400

max_piece:26
problem_graph/original graph: node: 249/400 edge: 308/459 dlt: 0.3715139336105743 break_avg_len: 2.214609032821476 break_max_len: 9.438372811895555Vbar/V, Ebar/E(136, 249, 195, 308)
Set parameter TokenServer to value "solice01.zib.de"
Set parameter Threads to value 1
Set parameter OutputFlag to value 1
Gurobi Optimizer version 12.0.1 build v12.0.1rc0 (linux64 - "Debian GNU/Linux 12 (bookworm)")

CPU model: Intel(R) Xeon(R) Gold 5122 CPU @ 3.60GHz, instruction set [SSE2|AVX|AVX2|AVX512]
Thread count: 8 physical cores, 16 logical processors, using up to 1 threads

Non-default parameters:
Threads  1

Optimize a model with 493 rows, 828 columns and 1380 nonzeros
Model fingerprint: 0x660f9abc
Coefficient statistics:
  Matrix range     [1e+00, 1e+00]
  Objective range  [1e+00, 1e+00]
  Bounds range     [1e+00, 1e+00]
  RHS range        [1e+00, 1e+00]
Presolve removed 493 rows and 828 columns
Presolve time: 0.00s
Presolve: All rows and columns removed
Iteration    Objective       Primal Inf.    Dual Inf.      Time
       0    8.1000000e+01   0.000000e+00   0.000000e+00      0s

Solved in 0 iterations and 0.00 seconds (0.00 work units)
Optimal objective  8.100000000e+01

User-callback calls 35, time in user-callback 0.00 sec
elapsed CPU time: 1.351987 seconds
Set parameter TokenServer to value "solice01.zib.de"
Set parameter Threads to value 1
Set parameter OutputFlag to value 1
Set parameter MIPGap to value 0.0001
Set parameter MIPGapAbs to value 0.999998
Set parameter TimeLimit to value 7198.648013

 more cuts: false 0.3715139336105743 false
is_attach:trueformulation:LEFPA0 276 0

 model loaded

Gurobi Optimizer version 12.0.1 build v12.0.1rc0 (linux64 - "Debian GNU/Linux 12 (bookworm)")

CPU model: Intel(R) Xeon(R) Gold 5122 CPU @ 3.60GHz, instruction set [SSE2|AVX|AVX2|AVX512]
Thread count: 8 physical cores, 16 logical processors, using up to 1 threads

Non-default parameters:
TimeLimit  7198.648013
MIPGapAbs  0.999998
Threads  1

Optimize a model with 3303 rows, 2516 columns and 8025 nonzeros
Model fingerprint: 0x31e872af
Variable types: 769 continuous, 1747 integer (1747 binary)
Coefficient statistics:
  Matrix range     [1e-03, 9e+00]
  Objective range  [1e+00, 1e+00]
  Bounds range     [1e-03, 9e+00]
  RHS range        [1e-06, 1e+01]
Presolve removed 3303 rows and 2516 columns
Presolve time: 0.00s
Presolve: All rows and columns removed

Explored 0 nodes (0 simplex iterations) in 0.01 seconds (0.00 work units)
Thread count was 1 (of 16 available processors)

Solution count 1: 542 

Optimal solution found (tolerance 1.00e-04)
Best objective 5.420000000000e+02, best bound 5.420000000000e+02, gap 0.0000%

User-callback calls 571, time in user-callback 0.00 sec

 sepatime0 0 0
542.0Stat(MathOptInterface.OPTIMAL, 542.0, 542.0, 0.0, 0.0, 1.351987, 0.0054280757904052734, 0, Main.CFLG.LEFPA, "", #undef)
