Data path: /scratch/opt/lxu/CFLG/benchmarks/Kgroup_B
Instance: K400.1.con.red
Result path: /scratch/opt/lxu/CFLG/results/Kgroup_B
Solver: Gurobi
Time limit: 3600
Formulation: LEFP
Cover: Small
julia --project=. src/main.jl /scratch/opt/lxu/CFLG/benchmarks/Kgroup_B K400.1.con.red /scratch/opt/lxu/CFLG/results/Kgroup_B Gurobi 3600 LEFP Small
The latest version of Julia in the `release` channel is 1.11.5+0.x64.linux.gnu. You currently have `1.11.4+0.x64.linux.gnu` installed. Run:

  juliaup update

in your terminal shell to install Julia 1.11.5+0.x64.linux.gnu and update the `release` channel to that version.
/scratch/opt/lxu/CFLG/benchmarks/Kgroup_B Gurobi 3600.0 /scratch/opt/lxu/CFLG/results/Kgroup_B K400.1.con.red LEFP Small
/scratch/opt/lxu/CFLG/benchmarks/Kgroup_B/K400.1.con.red

 read graph
data loaded


after absorb:217 217

max_piece:352
problem_graph/original graph: node: 346/217 edge: 983/854 dlt: 0.002843218153522603 break_avg_len: 0.009880400012648232 break_max_len: 1.0elapsed CPU time: 0.139732 seconds
Set parameter TokenServer to value "solice01.zib.de"
Set parameter Threads to value 1
Set parameter OutputFlag to value 1
Set parameter MIPGap to value 0.0001
Set parameter MIPGapAbs to value 1
Set parameter TimeLimit to value 3599.860268

 more cuts:false
formulation:LEFP660 323 129

 model loaded

Gurobi Optimizer version 12.0.1 build v12.0.1rc0 (linux64 - "Debian GNU/Linux 12 (bookworm)")

CPU model: Intel(R) Xeon(R) Gold 5122 CPU @ 3.60GHz, instruction set [SSE2|AVX|AVX2|AVX512]
Thread count: 8 physical cores, 16 logical processors, using up to 1 threads

Non-default parameters:
TimeLimit  3599.860268
MIPGapAbs  1
Threads  1

Optimize a model with 29351 rows, 15933 columns and 80328 nonzeros
Model fingerprint: 0x34c6b3ee
Variable types: 3295 continuous, 12638 integer (12638 binary)
Coefficient statistics:
  Matrix range     [3e-05, 1e+00]
  Objective range  [1e+00, 1e+00]
  Bounds range     [3e-05, 1e+00]
  RHS range        [1e-05, 2e+00]
Presolve removed 10393 rows and 2578 columns
Presolve time: 0.54s
Presolved: 18958 rows, 13355 columns, 79767 nonzeros
Variable types: 2648 continuous, 10707 integer (10707 binary)
Found heuristic solution: objective 1706.0000000

Root relaxation: objective 1.266034e+03, 3861 iterations, 0.08 seconds (0.07 work units)

    Nodes    |    Current Node    |     Objective Bounds      |     Work
 Expl Unexpl |  Obj  Depth IntInf | Incumbent    BestBd   Gap | It/Node Time

     0     0 1266.03444    0  601 1706.00000 1266.03444  25.8%     -    1s
H    0     0                    1587.0000000 1266.03444  20.2%     -    1s
H    0     0                    1560.0000000 1266.03444  18.8%     -    1s
H    0     0                    1529.0000000 1266.03444  17.2%     -    1s
     0     0 1270.64234    0  791 1529.00000 1270.64234  16.9%     -    1s
     0     0 1270.73153    0  751 1529.00000 1270.73153  16.9%     -    1s
     0     0 1277.77628    0  782 1529.00000 1277.77628  16.4%     -    2s
H    0     0                    1528.0000000 1278.02624  16.4%     -    2s
H    0     0                    1524.0000000 1278.02624  16.1%     -    2s
     0     0 1278.09635    0  781 1524.00000 1278.09635  16.1%     -    2s
     0     0 1278.09635    0  779 1524.00000 1278.09635  16.1%     -    2s
     0     0 1285.11428    0  772 1524.00000 1285.11428  15.7%     -    2s
     0     0 1285.33304    0  777 1524.00000 1285.33304  15.7%     -    2s
     0     0 1285.33304    0  777 1524.00000 1285.33304  15.7%     -    2s
     0     0 1290.70753    0  818 1524.00000 1290.70753  15.3%     -    3s
H    0     0                    1505.0000000 1290.70753  14.2%     -    3s
H    0     0                    1490.0000000 1290.70753  13.4%     -    3s
     0     0 1291.37897    0  785 1490.00000 1291.37897  13.3%     -    3s
     0     0 1291.38466    0  790 1490.00000 1291.38466  13.3%     -    3s
     0     0 1292.38993    0  784 1490.00000 1292.38993  13.3%     -    3s
     0     0 1292.51524    0  784 1490.00000 1292.51524  13.3%     -    3s
     0     0 1292.51524    0  799 1490.00000 1292.51524  13.3%     -    3s
     0     0 1292.97114    0  821 1490.00000 1292.97114  13.2%     -    3s
     0     0 1293.01955    0  823 1490.00000 1293.01955  13.2%     -    3s
     0     0 1293.78496    0  853 1490.00000 1293.78496  13.2%     -    4s
     0     0 1293.88859    0  839 1490.00000 1293.88859  13.2%     -    4s
     0     0 1293.88859    0  845 1490.00000 1293.88859  13.2%     -    4s
     0     0 1294.29270    0  858 1490.00000 1294.29270  13.1%     -    4s
     0     0 1294.29454    0  837 1490.00000 1294.29454  13.1%     -    4s
     0     0 1294.31079    0  840 1490.00000 1294.31079  13.1%     -    4s
     0     0 1294.36993    0  873 1490.00000 1294.36993  13.1%     -    5s
     0     0 1294.36993    0  867 1490.00000 1294.36993  13.1%     -    5s
     0     0 1294.36993    0  868 1490.00000 1294.36993  13.1%     -    5s
     0     0 1294.69824    0  827 1490.00000 1294.69824  13.1%     -    5s
     0     0 1294.70884    0  840 1490.00000 1294.70884  13.1%     -    5s
     0     0 1294.72085    0  845 1490.00000 1294.72085  13.1%     -    5s
     0     0 1294.72105    0  846 1490.00000 1294.72105  13.1%     -    5s
     0     0 1294.86878    0  873 1490.00000 1294.86878  13.1%     -    5s
     0     0 1294.87482    0  868 1490.00000 1294.87482  13.1%     -    5s
     0     0 1294.95117    0  867 1490.00000 1294.95117  13.1%     -    5s
     0     0 1294.95117    0  874 1490.00000 1294.95117  13.1%     -    6s
     0     0 1294.98586    0  861 1490.00000 1294.98586  13.1%     -    6s
     0     0 1294.98586    0  746 1490.00000 1294.98586  13.1%     -    6s
     0     2 1295.98586    0  746 1490.00000 1295.98586  13.0%     -    6s
H   26    26                    1410.0000000 1295.98586  8.09%   107   10s
   527   502 1298.15622   23  746 1410.00000 1295.98586  8.09%  26.9   18s
   536   508 1299.28286   29  904 1410.00000 1298.81009  7.89%  26.5   20s
   559   523 1325.62681  176  893 1410.00000 1325.22640  6.01%  25.4   25s
   575   534 1329.27884   91  858 1410.00000 1329.27884  5.72%  24.7   30s
   595   547 1330.61960  203  938 1410.00000 1330.61960  5.63%  23.8   35s
   605   554 1331.33498  172  843 1410.00000 1331.33498  5.58%  23.5   41s
   620   565 1332.05282  236  906 1410.00000 1331.43056  5.57%   236   45s
   638   577 1331.93882  233  907 1410.00000 1331.93882  5.54%   229   50s
   652   587 1341.23954  365  852 1410.00000 1332.69896  5.48%   224   55s
   685   611 1333.31637   42  788 1410.00000 1332.85647  5.47%   322   60s
H  710   594                    1409.0000000 1332.85647  5.40%   313   63s
   750   623 1336.93520   74  645 1409.00000 1332.85647  5.40%   301   65s
   926   740 1346.24642  162  384 1409.00000 1332.85647  5.40%   254   70s
  1138   880 1356.06226  268  264 1409.00000 1332.85647  5.40%   211   75s
H 1332   979                    1408.0000000 1332.85647  5.34%   183   81s
H 1332   951                    1407.0000000 1332.85647  5.27%   183   81s
  1515  1071 1370.12920  458  197 1407.00000 1332.85647  5.27%   163   85s
  1804  1254 1384.00000  602  142 1407.00000 1332.85647  5.27%   140   90s
  2083  1433 1396.19475  743   87 1407.00000 1332.85647  5.27%   123   95s
  2360  1614 1335.92687   60  766 1407.00000 1332.85647  5.27%   113  100s
  2565  1819 1350.35235  163  474 1407.00000 1332.85647  5.27%   110  105s
  2907  2159 1366.50273  334  290 1407.00000 1332.85647  5.27%  99.3  111s
H 2958  2171                    1405.0000000 1332.85647  5.13%  97.7  114s
  3035  2247 1374.05982  398  222 1405.00000 1332.85647  5.13%  95.7  115s
  3555  2758 1394.68462  660  134 1405.00000 1332.85647  5.13%  83.8  120s
  3820  2981 1337.48777   91  676 1405.00000 1332.85647  5.13%  81.9  125s
  4196  3355 1353.40154  279  394 1405.00000 1332.85647  5.13%  78.8  130s
  4807  3940 1383.30820  582  142 1405.00000 1332.85647  5.13%  70.8  135s
  5206  4324 1398.18473  782   67 1405.00000 1332.85647  5.13%  66.2  140s
  5513  4564 1339.96857   96  640 1405.00000 1332.85647  5.13%  65.6  149s
  5551  4602 1341.32254  115  560 1405.00000 1332.85647  5.13%  65.6  150s
  5907  4958 1353.47889  293  353 1405.00000 1332.85647  5.13%  64.2  158s
  6066  5117 1357.42182  373  299 1405.00000 1332.85647  5.13%  63.1  160s
  6657  5696 1390.05530  669  120 1405.00000 1332.85647  5.13%  58.6  165s
  7130  6122 1337.83203   95  659 1405.00000 1332.85647  5.13%  57.1  170s
  7645  6633 1363.26406  353  285 1405.00000 1332.85647  5.13%  56.0  175s
  8313  7297 1397.72753  688  109 1405.00000 1332.85647  5.13%  52.8  180s
  8595  7536 1339.61331  105  639 1405.00000 1332.85647  5.13%  53.2  185s
  9011  7950 1361.43662  313  343 1405.00000 1332.85647  5.13%  52.7  190s
  9613  8540 1400.15225  613   92 1405.00000 1332.85647  5.13%  50.2  195s
  9916  8796 1340.46528  129  606 1405.00000 1332.85647  5.13%  50.4  200s
 10203  9082 1347.98446  230  746 1405.00000 1332.85647  5.13%  50.3  237s
 10209  9086 1347.31958  174  843 1405.00000 1333.97153  5.06%  50.3  240s
 10223  9095 1335.34866   40  828 1405.00000 1335.34866  4.96%  50.2  245s
 10231  9101 1345.22049  148  902 1405.00000 1335.77602  4.93%  50.2  250s
 10239  9106 1353.02778  256  954 1405.00000 1336.05796  4.91%  50.1  255s
 10244  9109 1353.37637  219  919 1405.00000 1336.10149  4.90%  50.1  260s
 10248  9112 1355.27254  317  964 1405.00000 1336.12343  4.90%  50.1  265s
 10252  9115 1336.16261   72  973 1405.00000 1336.16261  4.90%  50.1  270s
 10257  9118 1338.80128   89 1016 1405.00000 1336.16261  4.90%  50.0  276s
 10262  9121 1387.00000  629 1034 1405.00000 1336.47190  4.88%  50.0  280s
 10265  9123 1385.79776  583  994 1405.00000 1336.47190  4.88%  50.0  285s
 10270  9127 1336.55483   77  989 1405.00000 1336.55483  4.87%  50.0  291s
 10275  9130 1384.00000  601 1007 1405.00000 1336.58550  4.87%  50.0  295s
 10278  9132 1367.27914  402  943 1405.00000 1336.58550  4.87%  49.9  303s
 10280  9133 1375.10237  534  969 1405.00000 1336.58550  4.87%  49.9  305s
 10284  9136 1396.64871  686  991 1405.00000 1336.62746  4.87%  49.9  310s
 10289  9139 1360.01874  282  961 1405.00000 1336.70844  4.86%  49.9  315s
 10294  9143 1344.62301  141  942 1405.00000 1336.75491  4.86%  49.9  320s
 10300  9147 1374.71759  522  985 1405.00000 1336.79001  4.85%  49.8  325s
 10304  9149 1345.18578  172  970 1405.00000 1336.80847  4.85%  49.8  330s
 10312  9155 1380.11704  568 1004 1405.00000 1336.92158  4.85%  49.8  335s
 10321  9161 1391.11217  668 1037 1405.00000 1336.92158  4.85%  49.7  340s
 10329  9168 1336.92158   44 1002 1405.00000 1336.92158  4.85%  72.2  345s
 10374  9198 1338.73772   67  817 1405.00000 1336.92158  4.85%  72.5  350s
 10411  9223 1339.79577   85  783 1405.00000 1336.92158  4.85%  72.7  355s
 10463  9257 1342.93938  111  667 1405.00000 1336.92158  4.85%  72.8  360s
 10504  9285 1345.57119  132  574 1405.00000 1336.92158  4.85%  72.8  365s
 10596  9346 1350.46478  178  494 1405.00000 1336.92158  4.85%  72.8  370s
 10727  9433 1356.62685  243  384 1405.00000 1336.92158  4.85%  72.4  375s
 10851  9516 1367.20852  305  282 1405.00000 1336.92158  4.85%  72.0  380s
 11008  9621 1377.14326  384  216 1405.00000 1336.92158  4.85%  71.2  387s
 11111  9688 1382.33833  436  179 1405.00000 1336.92158  4.85%  70.7  390s
 11447  9904 1397.02887  604   69 1405.00000 1336.92158  4.85%  69.0  395s
 11650  9999 1337.94981   55  840 1405.00000 1336.95020  4.84%  68.4  400s
 11707 10037 1340.03671   84  751 1405.00000 1336.95020  4.84%  69.2  405s
 11776 10083 1344.29930  118  648 1405.00000 1336.95020  4.84%  69.4  410s
 11865 10142 1351.29932  163  518 1405.00000 1336.95020  4.84%  69.3  415s
H11868  9566                    1400.0000000 1336.95020  4.50%  69.3  416s
 11949  9622 1355.05767  205  394 1400.00000 1336.95020  4.50%  69.2  420s
 12051  9690 1361.79241  256  361 1400.00000 1336.95020  4.50%  68.8  425s
H12138  9262                    1399.0000000 1336.95020  4.44%  68.5  427s
 12263  9347 1376.34792  362  211 1399.00000 1336.95020  4.44%  68.0  430s
H12272  8900                    1398.0000000 1336.95020  4.37%  68.0  432s
H12300  8467                    1396.0000000 1336.95020  4.23%  67.9  434s
 12327  8487 1382.24118  394  182 1396.00000 1336.95020  4.23%  67.8  435s
 12464  8577 1385.29946  463  126 1396.00000 1336.95020  4.23%  67.2  440s
 12612  8662 1338.39508   63  843 1396.00000 1336.95020  4.23%  67.1  445s
 12788  8779 1349.14721  151  471 1396.00000 1336.95020  4.23%  67.4  451s
 13029  8936 1366.63418  272  281 1396.00000 1336.95020  4.23%  66.8  455s
 13191  9043 1373.04781  353  238 1396.00000 1336.95020  4.23%  66.3  460s
H13326  8735                    1394.0000000 1336.95020  4.09%  65.8  465s
 13493  8821 1338.27096   55  908 1394.00000 1336.95779  4.09%  65.5  470s
 13609  8899 1344.76990  113  563 1394.00000 1336.95779  4.09%  65.7  477s
 13677  8944 1348.02766  147  533 1394.00000 1336.95779  4.09%  65.7  481s
 13771  9004 1355.24720  194  417 1394.00000 1336.95779  4.09%  65.5  485s
 13920  9103 1364.19427  269  277 1394.00000 1336.95779  4.09%  65.2  490s
 14142  9248 1375.75138  380  205 1394.00000 1336.95779  4.09%  64.4  495s
 14326  9358 1388.97809  472  121 1394.00000 1336.95779  4.09%  63.9  501s
 14379  9391 1391.11563  498  141 1394.00000 1336.95779  4.09%  63.7  507s
 14442  9397 1337.46299   52  922 1394.00000 1336.97579  4.09%  63.9  511s
 14581  9487 1344.22294  122  635 1394.00000 1336.97579  4.09%  64.4  515s
 14738  9587 1352.40480  201  420 1394.00000 1336.97579  4.09%  64.2  520s
 14988  9753 1371.30164  327  251 1394.00000 1336.97579  4.09%  63.5  525s
 15303  9952 1388.51336  485  170 1394.00000 1336.97579  4.09%  62.5  531s
 15475 10028 1341.29884   99  822 1394.00000 1336.97705  4.09%  63.0  535s
 15778 10223 1363.49301  251  399 1394.00000 1336.97705  4.09%  62.7  540s
 16043 10398 1373.89373  384  282 1394.00000 1336.97705  4.09%  62.1  545s
 16387 10600 1340.29342   90  764 1394.00000 1336.99783  4.09%  61.8  550s
 16720 10818 1365.61161  256  287 1394.00000 1336.99783  4.09%  61.7  555s
 16904 10938 1380.93766  348  173 1394.00000 1336.99783  4.09%  61.3  560s
 17240 11139 1339.76696   79  787 1394.00000 1337.03931  4.09%  61.0  565s
 17551 11344 1358.18082  234  418 1394.00000 1337.03931  4.09%  61.0  575s
 17782 11498 1370.78247  350  285 1394.00000 1337.03931  4.09%  60.5  580s
 18051 11653 1338.45737   55  964 1394.00000 1337.03931  4.09%  60.0  589s
 18072 11667 1339.30602   68  892 1394.00000 1337.03931  4.09%  60.2  590s
 18358 11858 1354.52742  198  484 1394.00000 1337.03931  4.09%  60.4  595s
 18964 12262 1377.63287  369  233 1394.00000 1337.03931  4.09%  59.2  600s
 19623 12683 1337.16271   48 1064 1394.00000 1337.04020  4.09%  57.8  605s
 19884 12856 1352.34436  171  436 1394.00000 1337.04020  4.09%  58.3  610s
 20395 13194 1370.69280  377  282 1394.00000 1337.04020  4.09%  57.6  615s
 20766 13436 1383.43411  459  209 1394.00000 1337.04020  4.09%  56.8  620s
 21043 13595 1338.79857   60  915 1394.00000 1337.04020  4.09%  56.5  625s
 21342 13792 1354.51120  189  416 1394.00000 1337.04020  4.09%  56.7  630s
 21983 14207 1378.70510  388  233 1394.00000 1337.04020  4.09%  55.7  635s
 22518 14532 1339.07986   58  954 1394.00000 1337.04184  4.09%  54.9  640s
 22883 14775 1357.22634  222  392 1394.00000 1337.04184  4.09%  55.1  645s
 23526 15199 1378.04328  404  240 1394.00000 1337.04184  4.09%  54.1  650s
 23926 15464 1385.21119  531  177 1394.00000 1337.04184  4.09%  53.4  655s
 24340 15701 1346.70183  138  603 1394.00000 1337.05003  4.09%  53.5  660s
 24950 16106 1366.85631  333  345 1394.00000 1337.05003  4.09%  53.1  665s
 25227 16291 1375.52141  385  249 1394.00000 1337.05003  4.09%  52.7  670s
 25611 16545 1386.01024  474  154 1394.00000 1337.05003  4.09%  52.2  675s
 25686 16595 1387.62645  492  145 1394.00000 1337.05003  4.09%  52.1  683s
 25896 16714 1338.68103   59  967 1394.00000 1337.05003  4.09%  51.9  685s
 26301 16981 1358.22872  238  365 1394.00000 1337.05003  4.09%  52.1  690s
 27299 17639 1389.91902  554  133 1394.00000 1337.05003  4.09%  50.8  695s
 27649 17847 1355.71912  187  408 1394.00000 1337.05799  4.08%  51.0  700s
 28516 18415 1382.69451  430  165 1394.00000 1337.05799  4.08%  50.2  705s
 28972 18671 1346.13712  122  661 1394.00000 1337.05999  4.08%  49.9  710s
 29453 18990 1363.29320  280  368 1394.00000 1337.05999  4.08%  49.8  717s
 29595 19085 1367.61897  326  325 1394.00000 1337.05999  4.08%  49.6  720s
 30521 19649 1337.29504   48 1057 1394.00000 1337.06078  4.08%  48.5  728s
 30558 19674 1343.33919   85  771 1394.00000 1337.06078  4.08%  48.7  730s
 30927 19876 1338.31676   54 1096 1394.00000 1337.06137  4.08%  48.6  735s
 31400 20166 1341.80559  104  684 1394.00000 1337.06304  4.08%  48.8  740s
 32035 20744 1376.05399  421  193 1394.00000 1337.06304  4.08%  48.4  745s
 32680 21322 1338.31474   71  940 1394.00000 1337.06334  4.08%  48.3  750s
 33226 21856 1392.07218  607   54 1394.00000 1337.06334  4.08%  48.0  755s
 33742 22359 1358.62452  285  381 1394.00000 1337.06334  4.08%  48.2  760s
 34474 23088 1382.75749  525  183 1394.00000 1337.06334  4.08%  47.5  765s
 35113 23691 1338.27235   62  989 1394.00000 1337.06604  4.08%  47.3  770s
 35140 23718 1342.27769   89  720 1394.00000 1337.06604  4.08%  47.3  776s
 35671 24235 1379.39514  274  274 1394.00000 1337.06735  4.08%  47.3  780s
 35799 24341 1340.39169   76  939 1394.00000 1337.06843  4.08%  47.5  785s
 36110 24650 1359.86125  186  493 1394.00000 1337.06843  4.08%  47.8  790s
 36443 24982 1381.65819  254  271 1394.00000 1337.06843  4.08%  47.7  795s
 37067 25516 1337.84492   56  876 1394.00000 1337.07470  4.08%  47.6  800s
 37611 26030 1337.33151   55 1051 1394.00000 1337.07486  4.08%  47.4  805s
 38171 26576 1376.66757  293  314 1394.00000 1337.07504  4.08%  47.5  810s
 38605 26966 1337.11819   52 1034 1394.00000 1337.07536  4.08%  47.5  815s
 39105 27436 1346.73048  134  696 1394.00000 1337.07621  4.08%  47.7  820s
 39502 27833 1364.30495  286  324 1394.00000 1337.07621  4.08%  47.6  828s
 39715 28046 1370.64187  342  275 1394.00000 1337.07621  4.08%  47.5  830s
 40159 28490 1381.56371  456  182 1394.00000 1337.07621  4.08%  47.1  835s
 40688 28998 1362.33534  232  355 1394.00000 1337.07625  4.08%  46.9  840s
 41082 29367 1344.82944  157  695 1394.00000 1337.07718  4.08%  46.9  845s
 41640 29909 1352.44360  153  550 1394.00000 1337.07724  4.08%  46.7  850s
 42168 30388 1378.69121  310  300 1394.00000 1337.07813  4.08%  46.7  855s
 42680 30883 1362.89691  248  318 1394.00000 1337.07819  4.08%  46.8  860s
 43228 31416 1391.41144  522  112 1394.00000 1337.07819  4.08%  46.4  865s
 43557 31738 1358.35182  165  451 1394.00000 1337.07893  4.08%  46.8  870s
 44088 32240 1345.39607   92  747 1394.00000 1337.07942  4.08%  46.7  875s
 44446 32567 1339.04540   66  943 1394.00000 1337.07945  4.08%  46.7  880s
 44791 32872 1337.60675   58 1041 1394.00000 1337.08446  4.08%  46.7  893s
 44836 32917 1342.04421  103  715 1394.00000 1337.08446  4.08%  46.8  897s
 45195 33276 1384.00383  462  170 1394.00000 1337.08446  4.08%  46.6  900s
 45678 33721 1345.25854   87  659 1394.00000 1337.08526  4.08%  46.7  905s
 45923 33966 1357.45040  193  430 1394.00000 1337.08526  4.08%  46.8  910s
 46431 34473 1375.80100  368  223 1394.00000 1337.08526  4.08%  46.5  915s
 47049 35061 1338.03697   58  900 1394.00000 1337.08530  4.08%  46.1  920s
 47396 35384 1343.06595   80  896 1394.00000 1337.08727  4.08%  46.2  925s
 47856 35820 1359.46574  178  490 1394.00000 1337.08727  4.08%  46.2  930s
 48205 36150 1358.70734  222  423 1394.00000 1337.08879  4.08%  46.3  935s
 48874 36800 1389.00499  473  117 1394.00000 1337.08981  4.08%  46.1  940s
 49343 37185 1343.07806   82  758 1394.00000 1337.09331  4.08%  46.2  945s
 49675 37493 1341.69101   85  814 1394.00000 1337.09350  4.08%  46.3  950s
 50102 37920 1380.57041  225  327 1394.00000 1337.09350  4.08%  46.3  955s
 50440 38186 1357.63957  159  493 1394.00000 1337.09512  4.08%  46.4  960s
 50749 38463 1355.34849  160  561 1394.00000 1337.09519  4.08%  46.4  965s
 51027 38715 1341.29593   89  805 1394.00000 1337.09583  4.08%  46.4  970s
 51349 39035 1359.24299  211  385 1394.00000 1337.09583  4.08%  46.6  975s
 51992 39668 1379.05270  427  180 1394.00000 1337.09583  4.08%  46.3  980s
 52553 40178 1340.79469   91  774 1394.00000 1337.09642  4.08%  46.0  985s
 53127 40709 1338.78709   74  859 1394.00000 1337.09681  4.08%  45.9  990s
 53472 41054 1363.95031  247  401 1394.00000 1337.09681  4.08%  46.0  995s
 53911 41465 1340.43277   72  937 1394.00000 1337.09738  4.08%  45.8 1000s
 54309 41849 1349.00633  117  658 1394.00000 1337.09738  4.08%  45.8 1005s
 55029 42521 1339.44482   68 1017 1394.00000 1337.09923  4.08%  45.7 1010s
 55406 42859 1342.44601   83  814 1394.00000 1337.10041  4.08%  45.8 1015s
 55793 43216 1339.11815   73  856 1394.00000 1337.10224  4.08%  45.8 1022s
 55826 43249 1343.64339  106  714 1394.00000 1337.10224  4.08%  45.8 1026s
 56111 43533 1380.00180  391  197 1394.00000 1337.10224  4.08%  45.8 1030s
 56742 44122 1340.55929   88  825 1394.00000 1337.10426  4.08%  45.7 1035s
 57327 44707 1379.04452  256  244 1394.00000 1337.10426  4.08%  45.6 1040s
 57662 44991 1347.08459  136  586 1394.00000 1337.10464  4.08%  45.7 1045s
 58427 45755 1377.06365  386  203 1394.00000 1337.10464  4.08%  45.5 1050s
 58992 46300 1347.48850  110  704 1394.00000 1337.10468  4.08%  45.3 1055s
 59281 46571 1343.63524   93  831 1394.00000 1337.10541  4.08%  45.4 1060s
 59733 47001 1364.41784  226  395 1394.00000 1337.10551  4.08%  45.5 1065s
 60295 47546 1387.05219  459  116 1394.00000 1337.10794  4.08%  45.4 1070s
 60734 47958 1347.45698  119  712 1394.00000 1337.10980  4.08%  45.5 1075s
 60821 48045 1358.56817  206  501 1394.00000 1337.10980  4.08%  45.5 1085s
 61144 48334 1339.07731   67  965 1394.00000 1337.11062  4.08%  45.4 1090s
 61417 48605 1390.73110  339  187 1394.00000 1337.11062  4.08%  45.4 1095s
 61868 49016 1343.15626   89  782 1394.00000 1337.11087  4.08%  45.5 1100s
 62256 49384 1344.23755  107  666 1394.00000 1337.11265  4.08%  45.5 1105s
 62856 49978 1382.28129  407  161 1394.00000 1337.11265  4.08%  45.4 1110s
 63153 50243 1345.35827  131  637 1394.00000 1337.11265  4.08%  45.5 1115s
 63805 50893 1370.10996  308  252 1394.00000 1337.11265  4.08%  45.3 1120s
 64589 51654 1337.18870   59 1027 1394.00000 1337.11313  4.08%  44.9 1125s
 64803 51868 1350.05241  142  609 1394.00000 1337.11313  4.08%  45.1 1130s
 65401 52436 1342.89648   87  778 1394.00000 1337.11433  4.08%  45.1 1135s
 66017 53027 1391.22625  392  168 1394.00000 1337.11462  4.08%  45.0 1140s
 66330 53300 1337.63947   61  996 1394.00000 1337.11540  4.08%  45.1 1145s
 66921 53875 1373.12313  309  284 1394.00000 1337.11980  4.08%  45.1 1150s
 67370 54300 1376.46623  361  222 1394.00000 1337.12386  4.08%  45.1 1155s
 67921 54783 1337.68080   59 1049 1394.00000 1337.12678  4.08%  45.1 1160s
 68537 55354 1338.13668   56 1009 1394.00000 1337.12900  4.08%  45.1 1165s
 69159 55970 1369.11291  289  294 1394.00000 1337.12900  4.08%  45.1 1170s
 69874 56662 1391.59684  466  149 1394.00000 1337.12900  4.08%  44.8 1175s
 70304 57037 1341.77351   89  829 1394.00000 1337.13281  4.08%  44.9 1180s
 70895 57598 1374.11877  341  202 1394.00000 1337.13508  4.08%  44.8 1185s
 71414 58085 1382.76694  333  207 1394.00000 1337.13508  4.08%  44.7 1191s
 71819 58433 1337.43175   55 1031 1394.00000 1337.13934  4.08%  44.7 1195s
 72305 58898 1344.65597  119  580 1394.00000 1337.13948  4.08%  44.9 1200s
 72913 59497 1384.53620  424  145 1394.00000 1337.13948  4.08%  44.8 1205s
 73421 59957 1345.84965  109  712 1394.00000 1337.14185  4.08%  44.8 1210s
 73982 60498 1367.16740  319  284 1394.00000 1337.14413  4.08%  44.8 1215s
 74284 60757 1340.81005   71  865 1394.00000 1337.14606  4.08%  44.7 1223s
 74339 60812 1344.53603  100  694 1394.00000 1337.14606  4.08%  44.8 1225s
 74690 61163 1356.93054  220  410 1394.00000 1337.14606  4.08%  44.8 1230s
 75419 61882 1377.66705  371  229 1394.00000 1337.14606  4.08%  44.6 1235s
 75972 62359 1355.26526  167  535 1394.00000 1337.14650  4.08%  44.5 1240s
 76494 62840 1381.26900  321  320 1394.00000 1337.14681  4.08%  44.5 1245s
 76933 63243 1337.15243   59  981 1394.00000 1337.14682  4.08%  44.5 1250s
 77421 63706 1348.07919  115  660 1394.00000 1337.14783  4.08%  44.6 1256s
 77959 64242 1384.00875  266  196 1394.00000 1337.14783  4.08%  44.6 1260s
 78326 64564 1354.58635  227  480 1394.00000 1337.14861  4.08%  44.6 1265s
 79085 65268 1340.09915   70  949 1394.00000 1337.15107  4.08%  44.5 1270s
 79719 65878 1389.66103  358  181 1394.00000 1337.15171  4.08%  44.5 1275s
 80066 66175 1340.43017   75  872 1394.00000 1337.15322  4.08%  44.6 1281s
 80161 66270 1347.86213  132  579 1394.00000 1337.15322  4.08%  44.7 1293s
 80243 66352 1351.57593  163  545 1394.00000 1337.15322  4.08%  44.7 1295s
 80754 66862 1371.44172  333  323 1394.00000 1337.15322  4.08%  44.7 1300s
 81351 67429 1344.18784   89  783 1394.00000 1337.15369  4.08%  44.5 1305s
 81656 67722 1340.04033   84  870 1394.00000 1337.15369  4.08%  44.6 1310s
 82192 68233 1343.48921   85  751 1394.00000 1337.15387  4.08%  44.5 1315s
 82596 68602 1345.17508  119  695 1394.00000 1337.15428  4.08%  44.6 1320s
 82902 68904 1366.34834  272  328 1394.00000 1337.15428  4.08%  44.7 1325s
 83444 69394 1340.58287   75  886 1394.00000 1337.15443  4.08%  44.5 1330s
 83927 69828 1361.17023  200  446 1394.00000 1337.15507  4.08%  44.5 1335s
 84245 70126 1341.08617   88  822 1394.00000 1337.15511  4.08%  44.6 1340s
 84654 70533 1370.34396  220  331 1394.00000 1337.15511  4.08%  44.6 1345s
 85159 70979 1342.91818   83  835 1394.00000 1337.15518  4.08%  44.5 1350s
 85582 71372 1349.48393  168  590 1394.00000 1337.15663  4.08%  44.6 1355s
 86061 71835 1355.11783  169  533 1394.00000 1337.15734  4.08%  44.6 1360s
 86482 72175 1346.13901  129  601 1394.00000 1337.15820  4.08%  44.6 1365s
 86805 72498 1363.46124  244  373 1394.00000 1337.15820  4.08%  44.6 1370s
 87310 72997 1383.78177  377  188 1394.00000 1337.15820  4.08%  44.5 1375s
 87850 73495 1360.61652  213  372 1394.00000 1337.15858  4.08%  44.4 1380s
 88258 73876 1379.05559  277  359 1394.00000 1337.15864  4.08%  44.4 1385s
 88723 74275 1340.25734   71  786 1394.00000 1337.15954  4.08%  44.4 1390s
 89206 74734 1352.72778  192  540 1394.00000 1337.16055  4.08%  44.4 1395s
 89862 75365 1391.46373  339  208 1394.00000 1337.16067  4.08%  44.4 1400s
 90261 75730 1344.81071   93  730 1394.00000 1337.16077  4.08%  44.4 1405s
 90588 76018 1338.62079   67  842 1394.00000 1337.16086  4.08%  44.5 1410s
 90845 76275 1357.75474  170  540 1394.00000 1337.16086  4.08%  44.6 1415s
 91321 76701 1339.18435   70  872 1394.00000 1337.16214  4.08%  44.5 1420s
 91693 77038 1344.95079  103  702 1394.00000 1337.16271  4.08%  44.6 1425s
 91863 77208 1351.30033  189  461 1394.00000 1337.16271  4.08%  44.6 1430s
 92456 77795 1372.54497  382  219 1394.00000 1337.16271  4.08%  44.5 1435s
 92856 78169 1381.97209  505  189 1394.00000 1337.16271  4.08%  44.4 1447s
 93045 78358 1387.45982  578  120 1394.00000 1337.16271  4.08%  44.3 1450s
 93281 78555 1344.30086  113  747 1394.00000 1337.16303  4.08%  44.3 1455s
 94014 79271 1379.39412  302  266 1394.00000 1337.16358  4.08%  44.3 1460s
 94482 79672 1338.91160   68  856 1394.00000 1337.16417  4.08%  44.3 1465s
 94837 80011 1343.44438   87  703 1394.00000 1337.16462  4.08%  44.3 1470s
 95230 80392 1345.08819  134  728 1394.00000 1337.16462  4.08%  44.3 1475s
 95719 80811 1387.89275  340  253 1394.00000 1337.16477  4.08%  44.3 1480s
 96277 81309 1338.41664   65  885 1394.00000 1337.16610  4.08%  44.3 1485s
 96603 81621 1347.67465  102  598 1394.00000 1337.16632  4.08%  44.3 1490s
 96922 81918 1337.76633   63 1001 1394.00000 1337.16636  4.08%  44.3 1495s
 97287 82283 1359.73342  219  395 1394.00000 1337.16636  4.08%  44.4 1500s
 97995 82985 1384.56098  387  236 1394.00000 1337.16636  4.08%  44.2 1505s
 98376 83330 1354.24509  171  514 1394.00000 1337.16672  4.08%  44.2 1510s
 98966 83872 1337.53249   59 1008 1394.00000 1337.16739  4.08%  44.2 1515s
 99437 84309 1345.94566  126  672 1394.00000 1337.16762  4.08%  44.2 1520s
 99945 84802 1353.71095  137  496 1394.00000 1337.16814  4.08%  44.2 1525s
 100492 85325 1389.31883  341  249 1394.00000 1337.16840  4.08%  44.2 1530s
 100933 85737 1343.36267   91  797 1394.00000 1337.16847  4.08%  44.2 1535s
 101251 86036 1341.19783   82  764 1394.00000 1337.16847  4.08%  44.3 1540s
 101792 86576 1373.10442  353  272 1394.00000 1337.16847  4.08%  44.2 1545s
 102167 86905 1341.15437   79  854 1394.00000 1337.16847  4.08%  44.2 1550s
 102567 87273 1347.95675  139  590 1394.00000 1337.16943  4.08%  44.2 1555s
 103085 87791 1367.44347  303  351 1394.00000 1337.16943  4.08%  44.2 1560s
 103755 88451 1386.90372  487  171 1394.00000 1337.16943  4.08%  44.0 1565s
 104275 88931 1337.24737   57 1068 1394.00000 1337.16977  4.08%  44.0 1570s
 104532 89183 1352.83457  149  565 1394.00000 1337.16977  4.08%  44.2 1575s
 104730 89379 1369.58137  203  396 1394.00000 1337.16977  4.08%  44.1 1583s
 104881 89530 1379.50475  235  295 1394.00000 1337.16977  4.08%  44.1 1585s
 105291 89886 1365.64190  186  348 1394.00000 1337.16987  4.08%  44.1 1590s
 105920 90461 1357.05173  136  546 1394.00000 1337.17198  4.08%  44.1 1595s
 106311 90827 1360.99742  203  451 1394.00000 1337.17198  4.08%  44.1 1600s
 107052 91438 1337.19376   53 1015 1394.00000 1337.17254  4.08%  44.0 1605s
 107351 91723 1337.40188   53 1050 1394.00000 1337.17254  4.08%  44.1 1610s
 107691 92031     cutoff  367      1394.00000 1337.17254  4.08%  44.1 1615s
 108216 92530 1352.02300  169  500 1394.00000 1337.17380  4.08%  44.2 1620s
 108826 93138 1376.83319  336  217 1394.00000 1337.17380  4.08%  44.1 1625s
 109384 93668 1348.27847  104  659 1394.00000 1337.17431  4.08%  44.1 1630s
 109980 94228 1338.81666   87  832 1394.00000 1337.17447  4.08%  44.1 1635s
 110509 94728 1339.91875   80  890 1394.00000 1337.17464  4.08%  44.1 1640s
 110784 95003 1356.11660  170  499 1394.00000 1337.17464  4.08%  44.2 1645s
 110872 95091 1362.92110  199  476 1394.00000 1337.17464  4.08%  44.2 1650s
 111314 95530 1386.35296  282  247 1394.00000 1337.17464  4.08%  44.1 1655s
 111892 96058 1342.45166   87  669 1394.00000 1337.17581  4.08%  44.1 1660s
 111990 96156 1347.13665  136  505 1394.00000 1337.17581  4.08%  44.1 1665s
 112348 96514 1371.39565  315  211 1394.00000 1337.17581  4.08%  44.1 1670s
 113004 97138 1337.24917   55 1069 1394.00000 1337.17715  4.08%  44.0 1675s
 113632 97752 1389.31998  352  183 1394.00000 1337.17720  4.08%  44.1 1680s
 114260 98328 1342.78246   83  742 1394.00000 1337.17852  4.08%  44.0 1685s
 114693 98761 1364.39018  267  358 1394.00000 1337.17852  4.08%  44.1 1690s
 115508 99553     cutoff  502      1394.00000 1337.17852  4.08%  43.9 1695s
 115943 99945 1351.68947  146  569 1394.00000 1337.17911  4.08%  43.9 1700s
 116555 100499 1337.29538   50 1049 1394.00000 1337.17966  4.08%  43.9 1705s
 116988 100917 1344.66637  113  800 1394.00000 1337.18087  4.08%  44.0 1710s
 117235 101128 1341.32623   96  832 1394.00000 1337.18087  4.08%  44.1 1717s
 117323 101216 1352.88752  184  485 1394.00000 1337.18087  4.08%  44.1 1721s
 117807 101672 1357.57802  149  437 1394.00000 1337.18110  4.08%  44.1 1725s
 118190 102037 1370.61086  217  394 1394.00000 1337.18178  4.08%  44.1 1730s
 118701 102484 1344.53015   91  769 1394.00000 1337.18289  4.08%  44.1 1735s
 119099 102867 1349.91154  142  532 1394.00000 1337.18440  4.08%  44.2 1740s
 119730 103495 1375.91031  364  248 1394.00000 1337.18440  4.08%  44.1 1745s
 120369 104083 1350.71241  114  531 1394.00000 1337.18490  4.08%  44.1 1750s
 120961 104660 1383.16336  398  202 1394.00000 1337.18490  4.08%  44.1 1755s
 121411 105080 1356.11215  208  440 1394.00000 1337.18534  4.08%  44.1 1760s
 122016 105655 1337.85902   54 1051 1394.00000 1337.18776  4.08%  44.0 1765s
 122397 106005 1347.75530  125  678 1394.00000 1337.18870  4.08%  44.1 1770s
 122460 106068 1357.54374  188  413 1394.00000 1337.18870  4.08%  44.1 1777s
 122731 106325 1343.28189   97  682 1394.00000 1337.18971  4.08%  44.1 1780s
 123287 106822 1369.77745  271  389 1394.00000 1337.19070  4.08%  44.1 1785s
H123531 106284                    1393.0000000 1337.19082  4.01%  44.1 1788s
 123628 106383 1350.96883  121  579 1393.00000 1337.19082  4.01%  44.1 1790s
 124248 106963 1338.24230   80  874 1393.00000 1337.19097  4.01%  44.1 1795s
 124771 107421 1340.70885   83  828 1393.00000 1337.19161  4.01%  44.1 1800s
 125223 107855 1350.88734  157  501 1393.00000 1337.19161  4.01%  44.1 1805s
 125766 108398 1372.10708  309  258 1393.00000 1337.19161  4.01%  44.1 1810s
 126512 109107 1359.56473  206  402 1393.00000 1337.19163  4.01%  44.0 1815s
 127115 109644 1350.90117  123  594 1393.00000 1337.19226  4.01%  44.0 1820s
 127525 110030 1359.92134  185  430 1393.00000 1337.19253  4.01%  44.0 1825s
 128142 110611 1388.07764  448  119 1393.00000 1337.19276  4.01%  44.0 1830s
 128584 111015 1344.38759   97  684 1393.00000 1337.19442  4.01%  44.0 1835s
 129077 111488 1380.49736  289  244 1393.00000 1337.19531  4.01%  44.0 1845s
 129412 111783 1383.91154  296  326 1393.00000 1337.19610  4.01%  44.0 1850s
 129646 111995 1348.27420  120  718 1393.00000 1337.19610  4.01%  44.2 1855s
 130179 112526 1383.89350  278  235 1393.00000 1337.19610  4.01%  44.1 1860s
 130607 112901 1354.80646  160  400 1393.00000 1337.19768  4.01%  44.2 1865s
 131247 113537 1377.92546  367  213 1393.00000 1337.19768  4.01%  44.1 1870s
 131898 114150 1363.15122  267  353 1393.00000 1337.19856  4.01%  44.0 1875s
 132510 114711 1337.38060   51 1120 1393.00000 1337.19865  4.01%  44.0 1880s
 132866 115043 1339.64895   72  786 1393.00000 1337.19865  4.01%  44.0 1885s
 133266 115379 1346.82861  110  704 1393.00000 1337.19877  4.01%  44.0 1890s
 133809 115864 1389.28529  282  243 1393.00000 1337.19877  4.01%  44.0 1895s
 134170 116190 1347.94413  140  621 1393.00000 1337.19965  4.01%  44.1 1900s
 134700 116688 1355.27497  164  542 1393.00000 1337.19987  4.01%  44.1 1905s
 135316 117235 1337.35363   50 1085 1393.00000 1337.19996  4.01%  44.1 1910s
 135618 117537 1357.16283  204  423 1393.00000 1337.19996  4.01%  44.2 1915s
 135891 117804 1366.64990  297  298 1393.00000 1337.19996  4.01%  44.2 1931s
 136027 117940 1373.42699  330  259 1393.00000 1337.19996  4.01%  44.1 1935s
 136403 118312 1382.32649  457  153 1393.00000 1337.19996  4.01%  44.1 1940s
 136780 118670 1346.30381  115  758 1393.00000 1337.20007  4.01%  44.1 1945s
 137238 119126 1378.24130  242  346 1393.00000 1337.20007  4.01%  44.1 1950s
 137593 119442 1354.07551  159  532 1393.00000 1337.20007  4.01%  44.1 1955s
 137873 119706 1344.45980   99  785 1393.00000 1337.20070  4.01%  44.1 1960s
 138428 120247 1380.98738  373  201 1393.00000 1337.20071  4.01%  44.1 1965s
 138908 120691 1339.87300   64  942 1393.00000 1337.20122  4.01%  44.1 1970s
 139375 121139 1359.49084  196  457 1393.00000 1337.20189  4.01%  44.2 1975s
 139711 121433 1341.82707  103  805 1393.00000 1337.20207  4.01%  44.2 1980s
 140000 121722 1360.31280  247  414 1393.00000 1337.20207  4.01%  44.2 1985s
 140467 122165 1340.47519   82  865 1393.00000 1337.20230  4.01%  44.2 1990s
 140775 122461 1345.90787  106  646 1393.00000 1337.20283  4.01%  44.2 1995s
 141226 122880 1349.58374  144  574 1393.00000 1337.20399  4.01%  44.2 2000s
 141662 123316 1368.00899  268  307 1393.00000 1337.20399  4.01%  44.2 2005s
 142351 123993 1388.41671  437  173 1393.00000 1337.20399  4.01%  44.1 2010s
 142828 124418 1389.12632  378  178 1393.00000 1337.20443  4.01%  44.1 2016s
 143037 124602 1364.27190  237  448 1393.00000 1337.20467  4.01%  44.1 2020s
 143329 124871 1346.15619  116  691 1393.00000 1337.20469  4.01%  44.2 2025s
 143751 125288 1373.65490  244  372 1393.00000 1337.20469  4.01%  44.2 2030s
 144248 125743 1374.88887  260  376 1393.00000 1337.20477  4.01%  44.2 2035s
 144753 126195 1347.32090  113  611 1393.00000 1337.20635  4.01%  44.2 2040s
 145212 126625 1360.11142  246  384 1393.00000 1337.20641  4.01%  44.3 2045s
 145766 127152 1378.89895  283  276 1393.00000 1337.20720  4.01%  44.2 2050s
 146210 127543 1344.54955  102  796 1393.00000 1337.20740  4.01%  44.3 2055s
 146559 127870 1344.18295  105  764 1393.00000 1337.20740  4.01%  44.3 2060s
 147001 128308 1367.95266  259  378 1393.00000 1337.20740  4.01%  44.3 2065s
 147574 128875 1389.61289  434  167 1393.00000 1337.20740  4.01%  44.2 2070s
 147929 129201 1384.49214  352  234 1393.00000 1337.20830  4.01%  44.3 2076s
 148291 129500 1337.65883   63 1001 1393.00000 1337.20965  4.01%  44.3 2080s
 148710 129918 1388.01931  482  123 1393.00000 1337.20965  4.01%  44.3 2085s
 149135 130295 1337.49582   48 1113 1393.00000 1337.21006  4.01%  44.3 2090s
 149373 130530 1356.75996  146  544 1393.00000 1337.21006  4.01%  44.4 2095s
 149896 131013 1337.85500   60 1012 1393.00000 1337.21076  4.00%  44.4 2100s
 150300 131356 1339.16093   64  971 1393.00000 1337.21076  4.00%  44.4 2105s
 150657 131693 1340.95988   76  822 1393.00000 1337.21091  4.00%  44.4 2110s
H151046 129301                    1392.0000000 1337.21133  3.94%  44.4 2113s
 151121 129378 1355.08148  154  559 1392.00000 1337.21133  3.94%  44.4 2115s
 151685 129923 1379.08285  416  189 1392.00000 1337.21177  3.94%  44.4 2120s
 152046 130254 1353.94097  156  463 1392.00000 1337.21400  3.94%  44.4 2125s
 152579 130786 1370.54840  315  280 1392.00000 1337.21400  3.94%  44.4 2130s
 152580 130787 1370.54840  316  278 1392.00000 1337.21400  3.94%  44.4 2135s
 153026 131233 1382.55358  404  184 1392.00000 1337.21400  3.94%  44.3 2140s
 153275 131459 1339.66511   71  869 1392.00000 1337.21417  3.94%  44.3 2145s
 153647 131813 1351.30842  134  544 1392.00000 1337.21417  3.94%  44.3 2150s
 154225 132373 1389.63013  372  192 1392.00000 1337.21468  3.94%  44.3 2155s
 154629 132683 1337.47355   54 1021 1392.00000 1337.21554  3.94%  44.3 2160s
 154993 133035 1350.07960  183  630 1392.00000 1337.21584  3.94%  44.4 2165s
 155488 133518 1341.26461   78  856 1392.00000 1337.21606  3.94%  44.4 2170s
 155767 133797 1347.31030  123  739 1392.00000 1337.21606  3.94%  44.6 2175s
 156302 134330 1376.34209  220  302 1392.00000 1337.21606  3.94%  44.6 2180s
 156715 134664 1367.29551  222  319 1392.00000 1337.21619  3.94%  44.6 2185s
 157226 135104 1337.66504   59  938 1392.00000 1337.21693  3.94%  44.6 2190s
 157585 135451 1346.62796  115  643 1392.00000 1337.21705  3.94%  44.7 2195s
 158131 135996 1370.77611  279  255 1392.00000 1337.21705  3.94%  44.7 2200s
 158706 136558 1387.75780  430  152 1392.00000 1337.21705  3.94%  44.5 2205s
 159152 136961 1344.10161  111  757 1392.00000 1337.21922  3.94%  44.6 2210s
 159167 136976 1345.86903  126  717 1392.00000 1337.21922  3.94%  44.6 2216s
 159576 137385 1389.00000  535   58 1392.00000 1337.21922  3.94%  44.6 2220s
 159995 137722 1354.68885  153  535 1392.00000 1337.21950  3.94%  44.6 2225s
 160514 138192 1337.64395   62 1001 1392.00000 1337.22052  3.94%  44.6 2230s
 160954 138617 1349.81274  137  574 1392.00000 1337.22052  3.94%  44.7 2235s
 161512 139142 1390.91141  379  239 1392.00000 1337.22056  3.94%  44.7 2240s
 162053 139595 1344.78514   95  721 1392.00000 1337.22188  3.94%  44.7 2245s
 162432 139950 1346.25444  118  642 1392.00000 1337.22232  3.94%  44.7 2250s
 163169 140683 1377.90781  376  230 1392.00000 1337.22232  3.94%  44.7 2255s
 163407 140909 1385.61358  427  178 1392.00000 1337.22232  3.94%  44.6 2260s
 163968 141394 1338.49020   66 1027 1392.00000 1337.22253  3.94%  44.6 2265s
 164330 141736 1344.94305  100  743 1392.00000 1337.22263  3.94%  44.6 2270s
 164769 142159 1375.32795  259  289 1392.00000 1337.22304  3.94%  44.7 2275s
 165334 142680 1341.34991   74  878 1392.00000 1337.22339  3.94%  44.7 2280s
 165594 142927 1338.40146   64 1014 1392.00000 1337.22403  3.94%  44.7 2287s
 165824 143156 1378.37043  294  247 1392.00000 1337.22403  3.94%  44.7 2290s
 166262 143556 1340.52360   82  867 1392.00000 1337.22513  3.93%  44.7 2295s
 166696 143956 1345.45394  113  591 1392.00000 1337.22522  3.93%  44.8 2300s
 167205 144460 1384.04678  368  180 1392.00000 1337.22522  3.93%  44.7 2305s
 167544 144743 1352.40505  155  534 1392.00000 1337.22542  3.93%  44.8 2310s
 167746 144942 1362.35295  220  428 1392.00000 1337.22542  3.93%  44.8 2315s
 168333 145525 1386.36501  386  186 1392.00000 1337.22542  3.93%  44.7 2321s
 168449 145613 1338.65531   65  914 1392.00000 1337.22547  3.93%  44.7 2325s
 169051 146200 1365.83312  203  335 1392.00000 1337.22617  3.93%  44.7 2330s
 169534 146617 1343.18511   89  759 1392.00000 1337.22740  3.93%  44.7 2335s
 170161 147200 1337.35953   59  931 1392.00000 1337.22806  3.93%  44.7 2340s
 170663 147675 1368.38643  242  277 1392.00000 1337.22831  3.93%  44.8 2345s
 171289 148262 1337.69661   61 1045 1392.00000 1337.22888  3.93%  44.7 2350s
 171873 148817 1383.29860  291  253 1392.00000 1337.22888  3.93%  44.7 2360s
 172095 149024 1349.82677  154  517 1392.00000 1337.22926  3.93%  44.8 2365s
 172466 149388 1369.41508  281  291 1392.00000 1337.22926  3.93%  44.8 2370s
 173122 150004 1344.71486   88  743 1392.00000 1337.23015  3.93%  44.7 2375s
 173435 150294 1337.95696   55 1027 1392.00000 1337.23059  3.93%  44.7 2380s
 173795 150654 1373.43885  197  413 1392.00000 1337.23059  3.93%  44.8 2385s
 174189 150996 1364.26095  235  358 1392.00000 1337.23103  3.93%  44.8 2390s
 174870 151622 1390.92830  532   72 1392.00000 1337.23216  3.93%  44.8 2395s
 175222 151920 1341.27813   73  885 1392.00000 1337.23365  3.93%  44.8 2400s
 175664 152335 1346.40654  124  619 1392.00000 1337.23470  3.93%  44.9 2405s
 176198 152825 1337.72723   62 1102 1392.00000 1337.23514  3.93%  44.8 2410s
 176621 153236 1362.74636  190  418 1392.00000 1337.23601  3.93%  44.9 2415s
 177123 153680 1340.36004   68  989 1392.00000 1337.23771  3.93%  44.9 2420s
 177580 154136 1367.75689  250  378 1392.00000 1337.23771  3.93%  44.9 2425s
 178313 154837 1339.37300   74  866 1392.00000 1337.23848  3.93%  44.8 2430s
 178568 155090 1386.70736  329  217 1392.00000 1337.23848  3.93%  44.9 2435s
 178814 155309 1337.86575   57 1003 1392.00000 1337.23939  3.93%  44.9 2442s
 179059 155554 1382.24526  302  261 1392.00000 1337.23939  3.93%  44.9 2445s
 179427 155886 1358.51506  162  457 1392.00000 1337.24098  3.93%  45.0 2450s
 179810 156249 1386.23125  254  285 1392.00000 1337.24098  3.93%  44.9 2455s
 180039 156438 1358.85722  176  500 1392.00000 1337.24129  3.93%  45.0 2460s
 180615 156956 1339.12159   75  922 1392.00000 1337.24159  3.93%  45.0 2465s
 181217 157517 1356.68603  161  485 1392.00000 1337.24232  3.93%  45.0 2470s
 181785 158020 1383.03218  325  252 1392.00000 1337.24242  3.93%  45.0 2475s
 182129 158336 1349.20362  154  563 1392.00000 1337.24267  3.93%  45.0 2480s
 182547 158753 1368.14704  270  322 1392.00000 1337.24267  3.93%  45.0 2485s
 183202 159404 1385.76392  421  186 1392.00000 1337.24267  3.93%  44.9 2490s
 183591 159771 1380.89185  303  292 1392.00000 1337.24341  3.93%  44.9 2495s
 183889 160052 1383.68854  274  319 1392.00000 1337.24359  3.93%  45.0 2500s
 184453 160570 1339.59015   77  880 1392.00000 1337.24424  3.93%  45.0 2505s
 184849 160963 1374.34895  275  340 1392.00000 1337.24424  3.93%  45.0 2510s
 184983 161095 1383.86148  342  230 1392.00000 1337.24424  3.93%  45.0 2515s
 185468 161526 1337.63198   66  976 1392.00000 1337.24523  3.93%  45.0 2520s
 185727 161785 1354.06900  157  549 1392.00000 1337.24523  3.93%  45.1 2525s
 186170 162226 1383.65356  274  206 1392.00000 1337.24523  3.93%  45.1 2530s
 186590 162601     cutoff  362      1392.00000 1337.24545  3.93%  45.1 2535s
 187056 163037 1364.16023  233  363 1392.00000 1337.24698  3.93%  45.1 2540s
 187605 163558 1382.06838  397  140 1392.00000 1337.24730  3.93%  45.1 2545s
 188111 164039 1359.90416  227  447 1392.00000 1337.24795  3.93%  45.1 2550s
 188543 164468 1379.83060  340  310 1392.00000 1337.24795  3.93%  45.1 2555s
 189015 164884 1338.30945   60  849 1392.00000 1337.24815  3.93%  45.0 2560s
 189378 165221 1351.77604  131  661 1392.00000 1337.24834  3.93%  45.1 2565s
 189860 165666 1344.52761  111  658 1392.00000 1337.24900  3.93%  45.1 2575s
 190180 165966 1340.35521   76  904 1392.00000 1337.24904  3.93%  45.1 2580s
 190624 166397 1362.02514  257  370 1392.00000 1337.24917  3.93%  45.1 2585s
 191209 166944 1339.06508   63  984 1392.00000 1337.24954  3.93%  45.1 2590s
 191511 167246 1357.31705  168  541 1392.00000 1337.24954  3.93%  45.2 2595s
 192094 167783 1337.26805   56  944 1392.00000 1337.24979  3.93%  45.1 2600s
 192456 168117 1350.44906  116  634 1392.00000 1337.25018  3.93%  45.2 2605s
 192937 168578 1356.27548  172  508 1392.00000 1337.25035  3.93%  45.2 2610s
 193479 169114 1380.39786  320  251 1392.00000 1337.25035  3.93%  45.2 2615s
 193876 169477 1337.30099   61  973 1392.00000 1337.25265  3.93%  45.1 2620s
 194180 169781 1358.97970  213  467 1392.00000 1337.25265  3.93%  45.2 2625s
 194577 170157 1341.37254   94  800 1392.00000 1337.25322  3.93%  45.2 2630s
 195144 170654 1351.28392  134  642 1392.00000 1337.25375  3.93%  45.2 2635s
 195472 170953 1351.31086  144  563 1392.00000 1337.25471  3.93%  45.2 2640s
 195886 171328 1366.68536  239  410 1392.00000 1337.25482  3.93%  45.2 2645s
 196066 171483 1390.55063  396  249 1392.00000 1337.25482  3.93%  45.2 2650s
 196367 171743 1340.42033   82  780 1392.00000 1337.25577  3.93%  45.2 2655s
 196840 172189 1362.96429  211  424 1392.00000 1337.25601  3.93%  45.3 2660s
 197394 172709 1387.04785  456  117 1392.00000 1337.25601  3.93%  45.3 2665s
 197713 172991 1359.98816  147  561 1392.00000 1337.25618  3.93%  45.3 2670s
 198234 173470 1339.04267   79  997 1392.00000 1337.25678  3.93%  45.3 2675s
 198466 173702 1348.37228  164  526 1392.00000 1337.25678  3.93%  45.3 2680s
 198939 174166 1362.28496  275  302 1392.00000 1337.25678  3.93%  45.3 2686s
 199242 174468 1373.66142  345  198 1392.00000 1337.25678  3.93%  45.3 2690s
 199924 175100 1343.73832  100  828 1392.00000 1337.25679  3.93%  45.2 2695s
 200333 175486 1369.81258  256  359 1392.00000 1337.25784  3.93%  45.2 2700s
 200519 175654 1345.16699  106  678 1392.00000 1337.25790  3.93%  45.2 2707s
 200697 175832 1377.38798  284  299 1392.00000 1337.25790  3.93%  45.2 2710s
 201140 176236 1337.51088   59 1066 1392.00000 1337.25856  3.93%  45.2 2715s
 201699 176775 1338.12551   60  959 1392.00000 1337.25868  3.93%  45.2 2720s
 202152 177204 1357.70961  163  448 1392.00000 1337.25896  3.93%  45.3 2725s
 202426 177455 1351.55244  142  623 1392.00000 1337.25938  3.93%  45.3 2730s
 202921 177904 1348.67984  135  577 1392.00000 1337.25962  3.93%  45.3 2735s
 203416 178390     cutoff  383      1392.00000 1337.25962  3.93%  45.3 2740s
 203805 178715 1341.72706   96  803 1392.00000 1337.25991  3.93%  45.3 2745s
 204040 178950 1356.76610  187  425 1392.00000 1337.25991  3.93%  45.4 2750s
 204385 179295 1369.45749  290  305 1392.00000 1337.25991  3.93%  45.4 2755s
 204945 179853 1388.31961  426  176 1392.00000 1337.25991  3.93%  45.3 2760s
 205228 180076 1360.20233  229  443 1392.00000 1337.26014  3.93%  45.3 2765s
 205945 180681 1338.84320   69  936 1392.00000 1337.26087  3.93%  45.3 2770s
 206356 181057 1346.17832  121  716 1392.00000 1337.26105  3.93%  45.3 2775s
 206487 181188 1370.28234  252  364 1392.00000 1337.26105  3.93%  45.3 2781s
 206641 181327 1340.68393   82  833 1392.00000 1337.26142  3.93%  45.3 2785s
 206968 181638 1349.22985  121  643 1392.00000 1337.26159  3.93%  45.4 2790s
 207437 182090 1375.83213  293  363 1392.00000 1337.26164  3.93%  45.4 2795s
 207764 182383 1364.31009  272  400 1392.00000 1337.26177  3.93%  45.4 2800s
 208379 182966 1388.29424  337  261 1392.00000 1337.26177  3.93%  45.3 2805s
 208725 183294 1389.23138  382  214 1392.00000 1337.26289  3.93%  45.4 2810s
 209114 183642 1358.14949  211  405 1392.00000 1337.26289  3.93%  45.4 2815s
 209495 184021 1371.40192  315  318 1392.00000 1337.26289  3.93%  45.4 2820s
 210048 184570 1384.49934  412  232 1392.00000 1337.26289  3.93%  45.3 2825s
 210607 185071 1341.37960   80  827 1392.00000 1337.26385  3.93%  45.3 2830s
 211040 185478 1344.94144  108  717 1392.00000 1337.26388  3.93%  45.3 2835s
 211411 185848 1367.46309  214  402 1392.00000 1337.26388  3.93%  45.3 2840s
 211833 186235 1349.69591  149  563 1392.00000 1337.26415  3.93%  45.3 2845s
 212362 186745 1368.25289  227  361 1392.00000 1337.26431  3.93%  45.3 2850s
 212696 187063 1349.54814  156  633 1392.00000 1337.26474  3.93%  45.4 2866s
 212797 187164 1356.70471  206  510 1392.00000 1337.26474  3.93%  45.4 2870s
 213118 187485 1388.17316  367  178 1392.00000 1337.26474  3.93%  45.3 2875s
 213289 187639 1356.60859  182  444 1392.00000 1337.26516  3.93%  45.4 2880s
 213835 188126 1340.31685   72  855 1392.00000 1337.26538  3.93%  45.4 2885s
 214229 188502 1358.10802  171  614 1392.00000 1337.26557  3.93%  45.4 2890s
 214520 188749 1341.49059   81  881 1392.00000 1337.26631  3.93%  45.4 2895s
 215051 189280 1370.50662  257  311 1392.00000 1337.26631  3.93%  45.4 2900s
 215501 189730 1388.16707  394  175 1392.00000 1337.26631  3.93%  45.3 2905s
 215964 190132 1338.76342   76  975 1392.00000 1337.26684  3.93%  45.3 2910s
 216047 190215 1354.74582  159  578 1392.00000 1337.26684  3.93%  45.4 2915s
 216659 190759 1339.04012   73  954 1392.00000 1337.26705  3.93%  45.4 2920s
 217127 191193 1349.27883  130  672 1392.00000 1337.26708  3.93%  45.4 2925s
 217665 191693 1340.89917   76  798 1392.00000 1337.26784  3.93%  45.4 2930s
 218071 192079 1355.26796  184  420 1392.00000 1337.26805  3.93%  45.4 2936s
 218584 192574 1359.27726  192  417 1392.00000 1337.26885  3.93%  45.4 2940s
 219223 193109 1389.94532  413  270 1392.00000 1337.26950  3.93%  45.4 2945s
 219512 193381 1389.43187  333  247 1392.00000 1337.26950  3.93%  45.4 2950s
 219845 193693 1357.61524  204  437 1392.00000 1337.26959  3.93%  45.5 2955s
 220414 194259 1378.75202  350  241 1392.00000 1337.26959  3.93%  45.4 2960s
 221024 194816 1370.22682  247  328 1392.00000 1337.26968  3.93%  45.4 2965s
 221507 195243 1337.61571   61  963 1392.00000 1337.27002  3.93%  45.4 2970s
 221929 195658 1390.07175  480   83 1392.00000 1337.27002  3.93%  45.4 2975s
 222385 196048 1350.78091  122  668 1392.00000 1337.27081  3.93%  45.4 2980s
 222875 196522 1382.47684  336  270 1392.00000 1337.27096  3.93%  45.4 2985s
 223159 196787 1350.47126  140  560 1392.00000 1337.27109  3.93%  45.5 2990s
 223735 197327 1337.60910   59 1077 1392.00000 1337.27136  3.93%  45.4 2995s
 224128 197685 1341.94611   84  850 1392.00000 1337.27140  3.93%  45.5 3000s
 224444 197970 1338.86956   76  908 1392.00000 1337.27168  3.93%  45.5 3005s
 224948 198458 1341.24257   81  825 1392.00000 1337.27229  3.93%  45.5 3010s
 225475 198978 1371.58136  302  282 1392.00000 1337.27229  3.93%  45.5 3015s
 226083 199550 1338.14274   76  951 1392.00000 1337.27284  3.93%  45.4 3020s
 226476 199907 1345.63835  106  661 1392.00000 1337.27291  3.93%  45.4 3025s
 227050 200429 1337.91544   60 1021 1392.00000 1337.27323  3.93%  45.4 3030s
 227598 200946 1380.62441  324  364 1392.00000 1337.27337  3.93%  45.5 3035s
 228132 201415 1342.99471   97  763 1392.00000 1337.27363  3.93%  45.5 3040s
 228608 201829 1369.50834  196  451 1392.00000 1337.27377  3.93%  45.5 3045s
 228893 202086 1347.17689  124  653 1392.00000 1337.27385  3.93%  45.6 3050s
 229239 202432 1375.29490  229  282 1392.00000 1337.27385  3.93%  45.6 3058s
 229313 202506 1378.25409  245  256 1392.00000 1337.27385  3.93%  45.5 3060s
 229545 202683 1348.38737  115  664 1392.00000 1337.27403  3.93%  45.6 3065s
 229945 203063 1350.21621  156  599 1392.00000 1337.27415  3.93%  45.6 3070s
 230248 203364 1364.11124  264  347 1392.00000 1337.27415  3.93%  45.6 3075s
 231091 204178 1338.32001   60  874 1392.00000 1337.27417  3.93%  45.5 3080s
 231475 204538 1345.66035  126  686 1392.00000 1337.27425  3.93%  45.5 3085s
 232160 205197 1380.19564  320  273 1392.00000 1337.27662  3.93%  45.5 3090s
 232675 205648 1347.88397  119  649 1392.00000 1337.27697  3.93%  45.5 3095s
 233298 206227 1338.03543   53  970 1392.00000 1337.27718  3.93%  45.5 3100s
 233823 206730 1381.06024  315  256 1392.00000 1337.27718  3.93%  45.5 3105s
 234341 207170 1337.47626   52 1070 1392.00000 1337.27742  3.93%  45.5 3110s
 234657 207464 1337.60712   49 1100 1392.00000 1337.27742  3.93%  45.5 3115s
 235023 207829 1360.96587  218  360 1392.00000 1337.27742  3.93%  45.6 3120s
 235662 208468 1380.81870  385  240 1392.00000 1337.27742  3.93%  45.5 3125s
 236210 208969 1372.02364  243  357 1392.00000 1337.27806  3.93%  45.5 3130s
 236391 209103 1338.47293   70  932 1392.00000 1337.27888  3.93%  45.5 3144s
 236417 209129 1342.59032   96  737 1392.00000 1337.27888  3.93%  45.5 3145s
 236687 209360 1337.87024   57  994 1392.00000 1337.27956  3.93%  45.5 3150s
 237212 209870 1366.96504  220  427 1392.00000 1337.27961  3.93%  45.5 3155s
 237692 210322 1385.07835  412  166 1392.00000 1337.27971  3.93%  45.5 3160s
 238283 210847 1356.92791  188  545 1392.00000 1337.27996  3.93%  45.5 3165s
 238603 211147 1343.62518  105  635 1392.00000 1337.28004  3.93%  45.6 3170s
 239218 211760 1389.60480  412  131 1392.00000 1337.28004  3.93%  45.5 3175s
 239611 212113 1339.35005   76  916 1392.00000 1337.28098  3.93%  45.6 3180s
 239825 212308 1340.13226   76  828 1392.00000 1337.28100  3.93%  45.6 3185s
 240373 212854 1369.95996  295  256 1392.00000 1337.28100  3.93%  45.6 3190s
 240992 213473 1386.13782  453  152 1392.00000 1337.28100  3.93%  45.5 3195s
 241482 213922 1381.63188  392  218 1392.00000 1337.28100  3.93%  45.5 3200s
 241903 214325 1356.83979  176  593 1392.00000 1337.28100  3.93%  45.5 3205s
 242277 214699 1385.58428  266  313 1392.00000 1337.28100  3.93%  45.5 3210s
 242673 215047 1379.80146  325  258 1392.00000 1337.28141  3.93%  45.5 3215s
 243220 215509 1350.46046  125  642 1392.00000 1337.28155  3.93%  45.5 3220s
 243636 215875 1357.71796  196  443 1392.00000 1337.28160  3.93%  45.5 3225s
 244206 216406 1341.11946   96  905 1392.00000 1337.28226  3.93%  45.6 3230s
 244840 217013 1364.15932  207  364 1392.00000 1337.28244  3.93%  45.6 3235s
 245083 217222 1344.87809  102  748 1392.00000 1337.28245  3.93%  45.6 3240s
 245604 217731 1352.95490  177  490 1392.00000 1337.28286  3.93%  45.6 3245s
 246194 218311 1376.43567  357  265 1392.00000 1337.28286  3.93%  45.5 3250s
 246719 218800 1354.37485  157  608 1392.00000 1337.28343  3.93%  45.5 3255s
 247256 219302 1390.50310  345  184 1392.00000 1337.28371  3.93%  45.5 3260s
 247661 219671 1343.92742  109  881 1392.00000 1337.28479  3.93%  45.5 3265s
 248245 220193 1348.80110  137  570 1392.00000 1337.28495  3.93%  45.5 3270s
 248759 220683 1344.55674   98  765 1392.00000 1337.28544  3.93%  45.5 3275s
 249213 221119 1363.88271  218  454 1392.00000 1337.28561  3.93%  45.5 3280s
 249689 221557 1337.60834   61 1021 1392.00000 1337.28590  3.93%  45.5 3285s
 250039 221893 1389.62369  399  239 1392.00000 1337.28590  3.93%  45.5 3290s
 250407 222207 1343.86559   98  782 1392.00000 1337.28594  3.93%  45.6 3295s
 250913 222709 1371.16154  272  248 1392.00000 1337.28594  3.93%  45.6 3300s
 251620 223361 1337.39307   62 1018 1392.00000 1337.28677  3.93%  45.5 3305s
 252055 223754 1362.73978  199  439 1392.00000 1337.28717  3.93%  45.6 3310s
 252405 224085 1379.54148  262  337 1392.00000 1337.28770  3.93%  45.6 3315s
 252843 224455 1341.11195   75  838 1392.00000 1337.28928  3.93%  45.6 3320s
 253219 224803 1339.04763   78  950 1392.00000 1337.29013  3.93%  45.6 3325s
 253631 225215 1379.47190  221  447 1392.00000 1337.29013  3.93%  45.7 3344s
 253655 225239 1380.85728  224  429 1392.00000 1337.29013  3.93%  45.7 3345s
 253848 225400 1339.02251   86  861 1392.00000 1337.29028  3.93%  45.7 3350s
 254348 225862 1342.03038   84  867 1392.00000 1337.29072  3.93%  45.7 3355s
 254730 226224 1352.31663  131  514 1392.00000 1337.29160  3.93%  45.7 3360s
 255050 226525 1355.55966  167  559 1392.00000 1337.29160  3.93%  45.7 3365s
 255474 226917 1353.62155  165  552 1392.00000 1337.29160  3.93%  45.7 3370s
 255969 227410 1377.12094  314  274 1392.00000 1337.29160  3.93%  45.7 3375s
 256446 227841 1345.34587  101  746 1392.00000 1337.29194  3.93%  45.6 3380s
 256787 228153 1339.12896   81  853 1392.00000 1337.29211  3.93%  45.6 3385s
 257198 228562 1369.78650  286  322 1392.00000 1337.29211  3.93%  45.7 3390s
 257709 229048 1368.62498  330  327 1392.00000 1337.29226  3.93%  45.7 3395s
 258250 229555 1342.02199   79  746 1392.00000 1337.29278  3.93%  45.6 3400s
 258733 230010 1368.83239  236  423 1392.00000 1337.29279  3.93%  45.7 3405s
 259220 230439 1337.69116   63 1022 1392.00000 1337.29325  3.93%  45.7 3410s
 259549 230768 1361.19611  171  422 1392.00000 1337.29325  3.93%  45.7 3415s
 260026 231206 1344.28399  120  830 1392.00000 1337.29361  3.93%  45.7 3420s
 260217 231379 1340.43822   99  871 1392.00000 1337.29368  3.93%  45.7 3425s
 260801 231933 1349.94196  137  618 1392.00000 1337.29411  3.93%  45.7 3431s
 261349 232481 1373.35538  299  236 1392.00000 1337.29411  3.93%  45.7 3435s
 262001 233090 1348.79580  132  655 1392.00000 1337.29473  3.93%  45.7 3440s
 262532 233599 1388.54311  383  271 1392.00000 1337.29489  3.93%  45.6 3445s
 263023 234040 1356.68888  173  571 1392.00000 1337.29510  3.93%  45.7 3450s
 263534 234515 1337.55491   61  951 1392.00000 1337.29522  3.93%  45.7 3455s
 264179 235127 1368.06345  239  352 1392.00000 1337.29525  3.93%  45.7 3460s
 264573 235496 1379.15286  316  274 1392.00000 1337.29581  3.93%  45.7 3465s
 264977 235860 1343.45318   77  921 1392.00000 1337.29583  3.93%  45.7 3470s
 265252 236134 1365.70814  179  579 1392.00000 1337.29583  3.93%  45.8 3475s
 265637 236486 1337.84230   64 1007 1392.00000 1337.29645  3.93%  45.7 3480s
 266054 236903 1366.76513  234  368 1392.00000 1337.29645  3.93%  45.8 3485s
 266585 237416 1383.70634  367  260 1392.00000 1337.29645  3.93%  45.7 3490s
 267166 237944 1386.01328  340  195 1392.00000 1337.29677  3.93%  45.7 3495s
 267473 238218 1369.27493  307  316 1392.00000 1337.29685  3.93%  45.7 3500s
 267937 238657 1377.45124  293  324 1392.00000 1337.29762  3.93%  45.7 3505s
 268303 238988 1337.81939   59 1105 1392.00000 1337.29795  3.93%  45.7 3510s
 268693 239360 1346.05349   97  726 1392.00000 1337.29824  3.93%  45.8 3515s
 269064 239704 1352.38492  153  635 1392.00000 1337.29852  3.93%  45.8 3520s
 269397 240021 1356.12520  173  492 1392.00000 1337.29853  3.93%  45.8 3525s
 269991 240589 1390.02576  473   73 1392.00000 1337.29889  3.93%  45.8 3530s
 270353 240927 1342.96809   88  795 1392.00000 1337.29889  3.93%  45.8 3536s
 270584 241158 1359.68084  195  404 1392.00000 1337.29889  3.93%  45.8 3540s
 271227 241794 1382.84562  357  238 1392.00000 1337.29889  3.93%  45.8 3545s
 271584 242119 1344.81083   89  815 1392.00000 1337.29889  3.93%  45.8 3550s
 271965 242499 1374.77232  216  369 1392.00000 1337.29889  3.93%  45.8 3555s
 272271 242758 1345.05935   92  833 1392.00000 1337.29914  3.93%  45.8 3560s
 272854 243310 1376.07255  297  324 1392.00000 1337.29922  3.93%  45.8 3565s
 272969 243405 1338.59377   64  940 1392.00000 1337.29989  3.93%  45.8 3571s
 273203 243638 1378.24171  298  358 1392.00000 1337.29989  3.93%  45.8 3575s
 273727 244122 1337.84815   64 1025 1392.00000 1337.30059  3.93%  45.8 3580s
 274100 244471 1341.65388   91  770 1392.00000 1337.30064  3.93%  45.8 3585s
 274455 244824 1368.98232  268  307 1392.00000 1337.30064  3.93%  45.8 3590s
 274891 245233 1360.13160  180  476 1392.00000 1337.30097  3.93%  45.8 3595s

Cutting planes:
  Gomory: 62
  Cover: 1837
  Implied bound: 8
  Clique: 4
  MIR: 62
  Mixing: 5
  StrongCG: 109
  Flow cover: 511
  GUB cover: 277
  Inf proof: 1
  Zero half: 251
  RLT: 13
  Relax-and-lift: 77
  BQP: 1

Explored 275273 nodes (12649290 simplex iterations) in 3599.87 seconds (2445.07 work units)
Thread count was 1 (of 16 available processors)

Solution count 10: 1392 1392 1393 ... 1407

Time limit reached
Best objective 1.392000000000e+03, best bound 1.338000000000e+03, gap 3.8793%

User-callback calls 1639851, time in user-callback 2.57 sec

 sepatime0
1392.0Stat(MathOptInterface.TIME_LIMIT, 1392.0, 1338.0, 0.03879310344827586, 0.0, 0.139732, 3599.8745880126953, 275273, Main.CFLG.LEFP, "", #undef)
