Data path: /scratch/opt/lxu/CFLG/benchmarks/Kgroup_A
Instance: K100.10.red
Result path: /scratch/opt/lxu/CFLG/results/Kgroup_A
Solver: Gurobi
Time limit: 7200
Formulation: EF
Cover: Large
julia --project=. src/main.jl /scratch/opt/lxu/CFLG/benchmarks/Kgroup_A K100.10.red /scratch/opt/lxu/CFLG/results/Kgroup_A Gurobi 7200 EF Large
The latest version of Julia in the `release` channel is 1.11.5+0.x64.linux.gnu. You currently have `1.11.4+0.x64.linux.gnu` installed. Run:

  juliaup update

in your terminal shell to install Julia 1.11.5+0.x64.linux.gnu and update the `release` channel to that version.
/scratch/opt/lxu/CFLG/benchmarks/Kgroup_A Gurobi 7200.0 /scratch/opt/lxu/CFLG/results/Kgroup_A K100.10.red EF Large
/scratch/opt/lxu/CFLG/benchmarks/Kgroup_A/K100.10.red

 read graph
data loaded


after absorb:27 27

max_piece:2
problem_graph/original graph: node: 35/27 edge: 86/78 dlt: 0.7151160756201429 break_avg_len: 0.32429682499053025 break_max_len: 0.7116144697896173elapsed CPU time: 0.026498 seconds
Set parameter TokenServer to value "solice01.zib.de"
Set parameter Threads to value 1
Set parameter OutputFlag to value 1
Set parameter MIPGap to value 0.0001
Set parameter TimeLimit to value 7199.973502

 model loaded

Gurobi Optimizer version 12.0.1 build v12.0.1rc0 (linux64 - "Debian GNU/Linux 12 (bookworm)")

CPU model: Intel(R) Xeon(R) Gold 5222 CPU @ 3.80GHz, instruction set [SSE2|AVX|AVX2|AVX512]
Thread count: 8 physical cores, 16 logical processors, using up to 1 threads

Non-default parameters:
TimeLimit  7199.973502
Threads  1

Optimize a model with 1910146 rows, 646892 columns and 5086556 nonzeros
Model fingerprint: 0xb096ec97
Variable types: 9116 continuous, 637776 integer (637776 binary)
Coefficient statistics:
  Matrix range     [3e-02, 8e+00]
  Objective range  [1e+00, 1e+00]
  Bounds range     [3e-02, 7e-01]
  RHS range        [6e-05, 8e+00]
Presolve removed 562208 rows and 147228 columns (presolve time = 5s)...
Presolve removed 562934 rows and 147228 columns (presolve time = 10s)...
Presolve removed 562934 rows and 147228 columns (presolve time = 15s)...
Presolve removed 782980 rows and 251868 columns (presolve time = 20s)...
Presolve removed 782980 rows and 251868 columns (presolve time = 25s)...
Presolve removed 782980 rows and 251868 columns (presolve time = 30s)...
Presolve removed 782980 rows and 251868 columns (presolve time = 35s)...
Presolve removed 782980 rows and 251868 columns (presolve time = 40s)...
Presolve removed 782980 rows and 251868 columns (presolve time = 45s)...
Presolve removed 782980 rows and 251868 columns (presolve time = 50s)...
Presolve removed 782980 rows and 251868 columns (presolve time = 55s)...
Presolve removed 782980 rows and 251868 columns (presolve time = 60s)...
Presolve removed 782980 rows and 251868 columns (presolve time = 65s)...
Presolve removed 782980 rows and 251868 columns (presolve time = 70s)...
Presolve removed 782980 rows and 251868 columns (presolve time = 75s)...
Presolve removed 782980 rows and 251868 columns (presolve time = 80s)...
Presolve removed 782980 rows and 251868 columns (presolve time = 85s)...
Presolve removed 782980 rows and 251868 columns (presolve time = 90s)...
Presolve removed 782980 rows and 251868 columns (presolve time = 95s)...
Presolve removed 782980 rows and 251868 columns (presolve time = 100s)...
Presolve removed 782980 rows and 251868 columns (presolve time = 105s)...
Presolve removed 782980 rows and 251868 columns (presolve time = 110s)...
Presolve removed 782980 rows and 251868 columns (presolve time = 115s)...
Presolve removed 782980 rows and 251868 columns (presolve time = 120s)...
Presolve removed 782980 rows and 271695 columns (presolve time = 133s)...
Presolve removed 1109970 rows and 296896 columns (presolve time = 135s)...
Presolve removed 1113160 rows and 298505 columns
Presolve time: 139.72s
Presolved: 796986 rows, 348387 columns, 2136375 nonzeros
Variable types: 1175 continuous, 347212 integer (347212 binary)
Found heuristic solution: objective 85.0000000
Found heuristic solution: objective 84.0000000

Root simplex log...

Iteration    Objective       Primal Inf.    Dual Inf.      Time
       0    0.0000000e+00   3.153928e+02   0.000000e+00    147s
   13332    1.1129503e-05   1.776114e+02   0.000000e+00    150s
   30727    1.1049712e-04   1.785760e+02   0.000000e+00    156s
   39932    2.3938904e-02   1.724132e+02   0.000000e+00    160s
   46172    4.3616290e-02   1.613316e+02   0.000000e+00    166s
   50597    1.0644057e-01   1.263686e+02   0.000000e+00    171s
   53177    1.0927650e-01   1.290470e+02   0.000000e+00    175s
   54967    1.1261495e-01   1.380766e+02   0.000000e+00    180s
   56707    1.1543340e-01   1.517886e+02   0.000000e+00    185s
   58227    1.1556320e-01   1.541322e+02   0.000000e+00    191s
   59437    1.1558236e-01   1.541322e+02   0.000000e+00    196s
   60687    1.1561258e-01   1.544925e+02   0.000000e+00    200s
   62157    1.1565228e-01   1.549036e+02   0.000000e+00    206s
   63387    1.1568301e-01   1.549266e+02   0.000000e+00    210s
   65327    1.1770167e-01   1.122102e+02   0.000000e+00    215s
   67897    1.1799513e-01   1.153542e+02   0.000000e+00    221s
   69737    1.1802957e-01   1.151054e+02   0.000000e+00    225s
   71997    1.1860798e-01   1.170671e+02   0.000000e+00    230s
   73857    1.1882578e-01   1.197835e+02   0.000000e+00    236s
   75717    1.1899668e-01   1.286737e+02   0.000000e+00    241s
   77457    1.1902238e-01   1.280457e+02   0.000000e+00    246s
   78857    1.1957524e-01   1.254315e+02   0.000000e+00    250s
   80487    1.1986828e-01   1.155709e+02   0.000000e+00    256s
   82147    1.1988777e-01   1.139377e+02   0.000000e+00    261s
   83497    1.1990866e-01   1.124641e+02   0.000000e+00    266s
   84817    1.1992683e-01   1.113317e+02   0.000000e+00    270s
   86047    1.2019594e-01   1.100292e+02   0.000000e+00    275s
   87327    1.2021504e-01   1.094484e+02   0.000000e+00    281s
   88577    1.2024499e-01   1.091481e+02   0.000000e+00    286s
   89537    1.2026000e-01   1.088926e+02   0.000000e+00    290s
   90787    1.2029840e-01   1.067340e+02   0.000000e+00    295s
   91977    1.2032525e-01   1.064099e+02   0.000000e+00    301s
   92857    1.2034006e-01   1.068739e+02   0.000000e+00    306s
   93727    1.2034982e-01   1.069869e+02   0.000000e+00    310s
   94867    1.2036940e-01   1.062853e+02   0.000000e+00    316s
   95747    1.2040103e-01   1.079806e+02   0.000000e+00    320s
   96887    1.2040831e-01   1.079056e+02   0.000000e+00    326s
   97737    1.2041990e-01   1.076729e+02   0.000000e+00    331s
   98617    1.2046153e-01   1.117254e+02   0.000000e+00    335s
   99647    1.2050721e-01   1.024777e+02   0.000000e+00    341s
  100557    1.2056223e-01   9.523669e+01   0.000000e+00    346s
  101397    1.2059299e-01   1.514102e+02   0.000000e+00    351s
  102427    1.2060616e-01   1.137785e+02   0.000000e+00    356s
  103137    1.2061309e-01   1.099243e+02   0.000000e+00    360s
  104127    1.2062674e-01   1.299986e+02   0.000000e+00    366s
  104907    1.2063224e-01   1.122461e+02   0.000000e+00    370s
  106067    1.2063947e-01   1.124839e+02   0.000000e+00    376s
  106877    1.2065286e-01   1.175717e+02   0.000000e+00    380s
  107837    1.2066075e-01   1.168894e+02   0.000000e+00    386s
  108557    1.2070777e-01   9.582711e+01   0.000000e+00    390s
  109267    1.2071506e-01   7.306409e+02   0.000000e+00    395s
  110077    1.2072254e-01   1.193640e+02   0.000000e+00    401s
  110837    1.2072655e-01   1.520326e+02   0.000000e+00    406s
  111477    1.2073117e-01   6.329101e+02   0.000000e+00    411s
  112027    1.2073428e-01   5.304564e+02   0.000000e+00    415s
  112817    1.2074874e-01   2.656532e+02   0.000000e+00    421s
  113457    1.2075774e-01   4.486487e+02   0.000000e+00    426s
  113917    1.2076304e-01   1.014355e+03   0.000000e+00    431s
  114577    1.2076817e-01   1.543789e+03   0.000000e+00    436s
  115217    1.2077553e-01   1.136983e+03   0.000000e+00    441s
  115907    1.2079054e-01   1.241746e+03   0.000000e+00    446s
  116417    1.2083656e-01   4.703393e+03   0.000000e+00    450s
  117670    1.2089019e-01   7.371005e+03   0.000000e+00    456s
  118330    1.2092732e-01   7.867993e+02   0.000000e+00    460s
  119230    1.2095671e-01   3.064228e+03   0.000000e+00    465s
  120180    1.2156200e-01   6.147052e+03   0.000000e+00    471s
  121020    1.2192140e-01   2.847480e+03   0.000000e+00    475s
  121680    1.2311937e-01   5.110701e+03   0.000000e+00    480s
  122310    1.2336151e-01   9.405161e+02   0.000000e+00    485s
  123060    1.2337081e-01   9.403640e+02   0.000000e+00    490s
  123800    1.2338323e-01   9.393935e+02   0.000000e+00    496s
  124530    1.2339690e-01   9.371446e+02   0.000000e+00    501s
  125270    1.2341562e-01   9.264636e+02   0.000000e+00    506s
  125800    1.2342015e-01   9.981051e+02   0.000000e+00    510s
  126590    1.2343142e-01   2.286938e+02   0.000000e+00    515s
  127250    1.2345427e-01   2.787689e+03   0.000000e+00    521s
  127720    1.2346935e-01   2.912662e+03   0.000000e+00    526s
  128140    1.2349726e-01   2.953024e+03   0.000000e+00    530s
  128680    1.2490190e-01   6.932163e+02   0.000000e+00    536s
  129420    1.2508148e-01   4.330300e+03   0.000000e+00    540s
  130070    1.2573924e-01   4.242722e+03   0.000000e+00    546s
  130710    1.2574449e-01   3.484149e+03   0.000000e+00    551s
  131290    1.2576115e-01   3.260340e+03   0.000000e+00    556s
  131840    1.2578671e-01   1.178250e+04   0.000000e+00    560s
  132510    1.2589770e-01   4.134153e+03   0.000000e+00    566s
  132930    1.2590412e-01   4.013045e+03   0.000000e+00    570s
  133490    1.2591621e-01   4.011050e+03   0.000000e+00    576s
  134050    1.2593174e-01   4.072195e+03   0.000000e+00    581s
  134490    1.2594800e-01   4.250615e+03   0.000000e+00    586s
  135040    1.2596339e-01   5.510905e+03   0.000000e+00    591s
  135450    1.2597395e-01   8.878473e+03   0.000000e+00    596s
  135860    1.2598794e-01   5.462862e+03   0.000000e+00    600s
  136440    1.2603081e-01   4.422386e+03   0.000000e+00    606s
  136910    1.2678138e-01   7.343473e+03   0.000000e+00    610s
  137460    1.2683910e-01   5.862972e+03   0.000000e+00    616s
  137940    1.2687610e-01   1.161598e+03   0.000000e+00    621s
  138470    1.2705597e-01   8.959351e+02   0.000000e+00    625s
  139080    1.2721450e-01   1.168171e+03   0.000000e+00    631s
  139510    1.2725088e-01   1.120050e+03   0.000000e+00    635s
  139990    1.2725658e-01   1.099817e+03   0.000000e+00    640s
  140730    1.2727683e-01   2.704354e+03   0.000000e+00    646s
  141240    1.2728040e-01   2.704872e+03   0.000000e+00    651s
  141810    1.2728510e-01   2.709011e+03   0.000000e+00    655s
  142330    1.2729006e-01   3.639615e+03   0.000000e+00    660s
  143040    1.2730022e-01   1.613238e+03   0.000000e+00    666s
  143520    1.2730508e-01   9.961912e+02   0.000000e+00    671s
  143940    1.2730851e-01   7.656450e+02   0.000000e+00    675s
  144670    1.2731838e-01   1.122861e+03   0.000000e+00    681s
  145090    1.2750119e-01   1.987211e+02   0.000000e+00    686s
  145550    1.2758964e-01   2.826666e+02   0.000000e+00    690s
  146060    1.2759226e-01   2.827304e+02   0.000000e+00    695s
  146740    1.2769052e-01   2.181366e+02   0.000000e+00    701s
  147250    1.2772951e-01   4.529269e+02   0.000000e+00    706s
  147700    1.2777016e-01   1.396064e+03   0.000000e+00    710s
  148250    1.2778666e-01   1.344028e+03   0.000000e+00    715s
  148800    1.2781814e-01   4.616133e+02   0.000000e+00    720s
  149410    1.2782768e-01   2.400108e+03   0.000000e+00    726s
  149820    1.2801701e-01   3.457663e+03   0.000000e+00    730s
  150700    1.2890308e-01   3.138168e+03   0.000000e+00    736s
  151220    1.2894472e-01   2.880140e+03   0.000000e+00    741s
  151740    1.2896843e-01   2.880078e+03   0.000000e+00    745s
  152420    1.2915327e-01   2.739706e+03   0.000000e+00    751s
  152890    1.3000065e-01   3.116610e+03   0.000000e+00    755s
  153390    1.3000733e-01   3.117363e+03   0.000000e+00    760s
  154060    1.3002529e-01   1.857319e+04   0.000000e+00    766s
  154540    1.3170315e-01   1.951691e+03   0.000000e+00    771s
  155140    1.3253298e-01   1.616594e+04   0.000000e+00    776s
  155610    1.3296960e-01   1.615533e+04   0.000000e+00    781s
  156140    1.3324159e-01   8.254884e+02   0.000000e+00    785s
  156580    1.3376199e-01   1.605723e+03   0.000000e+00    790s
  157380    1.3402170e-01   9.741980e+03   0.000000e+00    796s
  157890    1.3403386e-01   1.754487e+03   0.000000e+00    801s
  158290    1.3403934e-01   1.771000e+03   0.000000e+00    805s
  158860    1.3405127e-01   1.888793e+03   0.000000e+00    810s
  159470    1.3406423e-01   1.810011e+03   0.000000e+00    815s
  159990    1.3406977e-01   1.826748e+03   0.000000e+00    820s
  160530    1.3407669e-01   1.875195e+03   0.000000e+00    825s
  161080    1.3441024e-01   1.249300e+03   0.000000e+00    831s
  161570    1.3470936e-01   9.976890e+02   0.000000e+00    836s
  162070    1.3496640e-01   4.815493e+02   0.000000e+00    841s
  162540    1.3515850e-01   3.444853e+02   0.000000e+00    846s
  163050    1.3613211e-01   1.474956e+04   0.000000e+00    851s
  163530    1.3720322e-01   2.759435e+03   0.000000e+00    856s
  164010    1.3751887e-01   4.714949e+03   0.000000e+00    861s
  164970    1.3792581e-01   2.279508e+04   0.000000e+00    866s
  165480    1.3933981e-01   1.532651e+04   0.000000e+00    871s
  165920    1.3970213e-01   5.059411e+03   0.000000e+00    876s
  166470    1.4094932e-01   3.806542e+04   0.000000e+00    881s
  167090    1.4145966e-01   5.795061e+03   0.000000e+00    886s
  167760    1.4166871e-01   4.151483e+03   0.000000e+00    891s
  168570    1.4168467e-01   7.417681e+03   0.000000e+00    896s
  169240    1.4219001e-01   2.722139e+04   0.000000e+00    900s
  170110    1.4244045e-01   2.725371e+04   0.000000e+00    905s
  171010    1.4308166e-01   3.870683e+04   0.000000e+00    910s
  172163    1.4332310e-01   7.219961e+04   0.000000e+00    915s
  172913    1.4462416e-01   2.881067e+03   0.000000e+00    920s
  173473    1.4562155e-01   2.877975e+03   0.000000e+00    925s
  174283    1.4651022e-01   7.842644e+03   0.000000e+00    930s
  175569    1.4667953e-01   7.889364e+03   0.000000e+00    935s
  176479    1.4713883e-01   1.879996e+03   0.000000e+00    941s
  177359    1.4735538e-01   2.460092e+04   0.000000e+00    946s
  177799    1.4847479e-01   3.204576e+04   0.000000e+00    950s
  178349    1.4875635e-01   3.769011e+02   0.000000e+00    955s
  178979    1.4875817e-01   3.755753e+02   0.000000e+00    961s
  179509    1.4883063e-01   3.019005e+03   0.000000e+00    965s
  180139    1.4894642e-01   6.316857e+02   0.000000e+00    971s
  180709    1.4895476e-01   3.746015e+03   0.000000e+00    976s
  181159    1.4895746e-01   3.482478e+03   0.000000e+00    981s
  181789    1.4898096e-01   1.313838e+03   0.000000e+00    986s
  182299    1.4899818e-01   2.294925e+04   0.000000e+00    991s
  182859    1.4908047e-01   3.505770e+03   0.000000e+00    995s
  183499    1.4908581e-01   3.507910e+03   0.000000e+00   1001s
  183909    1.5000893e-01   2.305038e+03   0.000000e+00   1005s
  184519    1.5019679e-01   2.630478e+03   0.000000e+00   1011s
  184999    1.5025188e-01   4.510117e+03   0.000000e+00   1016s
  185539    1.5037055e-01   1.013540e+04   0.000000e+00   1020s
  186109    1.5076859e-01   2.354150e+04   0.000000e+00   1026s
  186549    1.5117864e-01   3.730495e+03   0.000000e+00   1031s
  187019    1.5124227e-01   4.830208e+03   0.000000e+00   1035s
  187459    1.5124716e-01   3.706975e+03   0.000000e+00   1040s
  188059    1.5136838e-01   1.318523e+03   0.000000e+00   1046s
  188549    1.5139987e-01   6.839478e+03   0.000000e+00   1050s
  189409    1.5143359e-01   9.362366e+02   0.000000e+00   1056s
  190089    1.5144154e-01   1.140180e+03   0.000000e+00   1062s
  190549    1.5145140e-01   3.828418e+03   0.000000e+00   1065s
  191319    1.5146665e-01   8.217751e+03   0.000000e+00   1072s
  191839    1.5150769e-01   6.133000e+03   0.000000e+00   1076s
  192399    1.5170602e-01   3.203519e+04   0.000000e+00   1081s
  192969    1.5189492e-01   2.641237e+04   0.000000e+00   1086s
  193359    1.5200006e-01   4.482216e+03   0.000000e+00   1091s
  193759    1.5212096e-01   1.297097e+05   0.000000e+00   1095s
  194369    1.5248347e-01   1.962702e+04   0.000000e+00   1100s
  195119    1.5267463e-01   2.953912e+04   0.000000e+00   1107s
  195609    1.5268988e-01   1.816639e+03   0.000000e+00   1111s
  196149    1.5269166e-01   1.772322e+02   0.000000e+00   1115s
  196759    1.5269366e-01   1.963596e+02   0.000000e+00   1121s
  197369    1.5269904e-01   1.043268e+03   0.000000e+00   1126s
  197829    1.5270079e-01   5.847661e+02   0.000000e+00   1130s
  198599    1.5274982e-01   4.308679e+04   0.000000e+00   1136s
  199279    1.5282460e-01   2.900025e+03   0.000000e+00   1141s
  199959    1.5282864e-01   2.684252e+03   0.000000e+00   1146s
  200399    1.5283027e-01   2.521866e+03   0.000000e+00   1150s
  200979    1.5296430e-01   2.327739e+04   0.000000e+00   1157s
  203244    1.5316099e-01   1.261620e+04   0.000000e+00   1161s
  205056    1.5319650e-01   7.244482e+03   0.000000e+00   1166s
  206392    1.5334210e-01   3.441617e+02   0.000000e+00   1170s
  208634    1.5352278e-01   9.470522e+02   0.000000e+00   1176s
  209940    1.5354342e-01   9.880306e+03   0.000000e+00   1181s
  210970    1.5355233e-01   1.886749e+03   0.000000e+00   1185s
  212020    1.5355579e-01   3.332740e+02   0.000000e+00   1191s
  213306    1.5363664e-01   4.804068e+03   0.000000e+00   1195s
  215002    1.5365013e-01   7.171486e+03   0.000000e+00   1201s
  215922    1.5365912e-01   1.202879e+03   0.000000e+00   1206s
  217045    1.5368265e-01   6.193699e+02   0.000000e+00   1210s
  217915    1.5368719e-01   2.568724e+02   0.000000e+00   1215s
  219471    1.5376997e-01   5.532726e+01   0.000000e+00   1221s
  220774    1.5398959e-01   2.414525e+02   0.000000e+00   1225s
  221784    1.5401155e-01   3.200320e+03   0.000000e+00   1230s
  222694    1.5403762e-01   2.335207e+05   0.000000e+00   1235s
  223884    1.5406548e-01   1.818373e+04   0.000000e+00   1240s
  224924    1.5407504e-01   6.581156e+02   0.000000e+00   1245s
  225684    1.5407729e-01   1.862595e+03   0.000000e+00   1250s
  227250    1.5408364e-01   1.376148e+02   0.000000e+00   1257s
  228220    1.5409029e-01   5.730021e+02   0.000000e+00   1261s
  229270    1.5413185e-01   1.461047e+04   0.000000e+00   1267s
  230629    1.5416459e-01   2.001588e+03   0.000000e+00   1271s
  231712    1.5416912e-01   1.100322e+03   0.000000e+00   1275s
  232642    1.5418540e-01   4.634027e+04   0.000000e+00   1280s
  233965    1.5424550e-01   2.660391e+01   0.000000e+00   1285s
  235688    1.5429851e-01   3.549861e+01   0.000000e+00   1291s
  237047    1.5446908e-01   9.736623e+04   0.000000e+00   1295s
  238623    1.5460011e-01   8.517447e+02   0.000000e+00   1301s
  239856    1.5474064e-01   3.933227e+01   0.000000e+00   1306s
  240959    1.5476187e-01   3.314463e+02   0.000000e+00   1310s
  242092    1.5479365e-01   1.603150e+03   0.000000e+00   1315s
  243245    1.5482629e-01   6.598320e+02   0.000000e+00   1320s
  244548    1.5483522e-01   9.390684e+03   0.000000e+00   1325s
  245548    1.5484365e-01   1.204394e+04   0.000000e+00   1331s
  246861    1.5501803e-01   4.089412e+02   0.000000e+00   1335s
  247881    1.5506734e-01   3.021723e+03   0.000000e+00   1340s
  249041    1.5508482e-01   2.993420e+03   0.000000e+00   1346s
  250011    1.5509192e-01   1.943685e+02   0.000000e+00   1351s
  250791    1.5509502e-01   4.664579e+01   0.000000e+00   1356s
  251771    1.5509726e-01   4.260619e+02   0.000000e+00   1361s
  252391    1.5509762e-01   3.133503e+02   0.000000e+00   1365s
  253161    1.5510132e-01   6.686404e+02   0.000000e+00   1371s
  254081    1.5512307e-01   5.337202e+02   0.000000e+00   1376s
  254971    1.5514080e-01   1.808349e+03   0.000000e+00   1381s
  255751    1.5517083e-01   3.572986e+02   0.000000e+00   1386s
  256681    1.5519108e-01   1.650340e+03   0.000000e+00   1392s
  257161    1.5519169e-01   8.239596e+02   0.000000e+00   1395s
  257981    1.5520608e-01   2.501819e+03   0.000000e+00   1401s
  258831    1.5522252e-01   4.678636e+02   0.000000e+00   1406s
  259651    1.5522718e-01   2.473993e+03   0.000000e+00   1411s
  260431    1.5525659e-01   7.565999e+04   0.000000e+00   1417s
  260981    1.5526184e-01   5.239536e+02   0.000000e+00   1420s
  261651    1.5527768e-01   1.062084e+03   0.000000e+00   1426s
  262411    1.5528853e-01   7.499956e+02   0.000000e+00   1431s
  263601    1.5529867e-01   3.989880e+02   0.000000e+00   1436s
  264524    1.5530826e-01   5.664013e+02   0.000000e+00   1441s
  265584    1.5534046e-01   2.129803e+02   0.000000e+00   1446s
  266244    1.5536064e-01   3.746044e+03   0.000000e+00   1450s
  267214    1.5536865e-01   1.804532e+02   0.000000e+00   1456s
  268254    1.5536983e-01   2.853142e+02   0.000000e+00   1461s
  269054    1.5538234e-01   2.919999e+03   0.000000e+00   1466s
  269924    1.5539119e-01   1.648937e+03   0.000000e+00   1471s
  271177    1.5540190e-01   9.313330e+02   0.000000e+00   1477s
  271837    1.5540872e-01   5.514996e+02   0.000000e+00   1480s
  273616    1.5543595e-01   1.651702e+02   0.000000e+00   1487s
  274386    1.5543781e-01   8.207413e+01   0.000000e+00   1490s
  275436    1.5544699e-01   6.261466e+01   0.000000e+00   1496s
  276539    1.5545925e-01   5.634039e+02   0.000000e+00   1501s
  277509    1.5546653e-01   7.898390e+01   0.000000e+00   1506s
  278279    1.5547266e-01   3.279280e+03   0.000000e+00   1511s
  278789    1.5547480e-01   4.648878e+03   0.000000e+00   1515s
  279509    1.5547794e-01   5.206699e+02   0.000000e+00   1520s
  280449    1.5548775e-01   1.112835e+04   0.000000e+00   1526s
  281329    1.5549279e-01   8.215409e+02   0.000000e+00   1531s
  282079    1.5550970e-01   3.020802e+03   0.000000e+00   1536s
  283079    1.5551552e-01   2.283819e+02   0.000000e+00   1542s
  283649    1.5552003e-01   5.622913e+03   0.000000e+00   1545s
  284499    1.5552234e-01   7.023841e+02   0.000000e+00   1551s
  285369    1.5552923e-01   3.574033e+03   0.000000e+00   1556s
  285929    1.5553119e-01   4.375193e+02   0.000000e+00   1560s
  286709    1.5553476e-01   1.158587e+03   0.000000e+00   1566s
  287569    1.5554710e-01   5.355976e+02   0.000000e+00   1571s
  288569    1.5554972e-01   1.891066e+02   0.000000e+00   1576s
  289459    1.5555573e-01   1.509823e+04   0.000000e+00   1582s
  290009    1.5556429e-01   6.571146e+03   0.000000e+00   1585s
  290959    1.5557087e-01   8.421298e+02   0.000000e+00   1590s
  291769    1.5557959e-01   3.728579e+02   0.000000e+00   1596s
  292739    1.5558474e-01   5.099526e+02   0.000000e+00   1601s
  293619    1.5559081e-01   2.376724e+02   0.000000e+00   1606s
  294509    1.5559600e-01   1.223780e+02   0.000000e+00   1612s
  295269    1.5559930e-01   1.958025e+02   0.000000e+00   1615s
  296369    1.5560877e-01   2.510940e+02   0.000000e+00   1621s
  297728    1.5561145e-01   2.108100e+03   0.000000e+00   1626s
  298891    1.5561644e-01   2.621062e+01   0.000000e+00   1632s
  300054    1.5562896e-01   9.463552e+02   0.000000e+00   1636s
  300904    1.5564473e-01   7.212875e+02   0.000000e+00   1641s
  302220    1.5566938e-01   3.717523e+02   0.000000e+00   1646s
  303130    1.5567695e-01   3.438859e+03   0.000000e+00   1651s
  303910    1.5568465e-01   1.688508e+03   0.000000e+00   1657s
  304460    1.5568760e-01   9.070012e+02   0.000000e+00   1660s
  305410    1.5569155e-01   1.689877e+02   0.000000e+00   1665s
  306543    1.5569505e-01   9.675791e+02   0.000000e+00   1671s
  307293    1.5570671e-01   4.298776e+02   0.000000e+00   1676s
  308413    1.5570893e-01   1.049068e+03   0.000000e+00   1681s
  309463    1.5571907e-01   3.118833e+02   0.000000e+00   1687s
  310173    1.5572284e-01   2.881682e+01   0.000000e+00   1690s
  311233    1.5572423e-01   9.832624e+02   0.000000e+00   1696s
  312406    1.5572961e-01   8.671094e+01   0.000000e+00   1701s
  313466    1.5573347e-01   5.636281e+01   0.000000e+00   1706s
  314406    1.5573475e-01   6.346301e+01   0.000000e+00   1712s
  315036    1.5574055e-01   6.223688e+03   0.000000e+00   1715s
  315826    1.5577215e-01   3.140884e+03   0.000000e+00   1720s
  316736    1.5579376e-01   5.316017e+01   0.000000e+00   1725s
  317689    1.5580320e-01   3.316443e+02   0.000000e+00   1730s
  318639    1.5580775e-01   1.035796e+02   0.000000e+00   1736s
  319529    1.5581635e-01   5.989464e+03   0.000000e+00   1741s
  320379    1.5582482e-01   1.258569e+02   0.000000e+00   1746s
  321399    1.5583758e-01   1.116444e+02   0.000000e+00   1752s
  321979    1.5586705e-01   7.693591e+02   0.000000e+00   1755s
  322959    1.5587278e-01   1.931384e+03   0.000000e+00   1760s
  323799    1.5587373e-01   7.771112e+02   0.000000e+00   1766s
  324699    1.5587574e-01   2.775119e+02   0.000000e+00   1771s
  325509    1.5587899e-01   4.883401e+02   0.000000e+00   1776s
  326329    1.5588150e-01   8.544655e+01   0.000000e+00   1782s
  326999    1.5588493e-01   3.451741e+01   0.000000e+00   1785s
  328039    1.5589354e-01   3.066086e+02   0.000000e+00   1790s
  328919    1.5590652e-01   8.338568e+03   0.000000e+00   1795s
  329839    1.5590994e-01   4.560706e+02   0.000000e+00   1800s
  330839    1.5591352e-01   6.516385e+01   0.000000e+00   1805s
  331719    1.5592133e-01   2.492832e+01   0.000000e+00   1811s
  332589    1.5592366e-01   3.593264e+02   0.000000e+00   1816s
  333379    1.5592553e-01   4.461259e+02   0.000000e+00   1821s
  334109    1.5592751e-01   6.439974e+02   0.000000e+00   1826s
  334709    1.5592899e-01   1.178081e+01   0.000000e+00   1830s
  335729    1.5593091e-01   6.476213e+02   0.000000e+00   1835s
  336689    1.5593229e-01   7.172241e+01   0.000000e+00   1841s
  337659    1.5593726e-01   2.845480e+02   0.000000e+00   1846s
  338559    1.5594114e-01   3.992552e+03   0.000000e+00   1851s
  339479    1.5594151e-01   1.583087e+02   0.000000e+00   1857s
  340159    1.5594231e-01   3.560471e+02   0.000000e+00   1860s
  340909    1.5594366e-01   7.690043e+02   0.000000e+00   1866s
  341689    1.5594535e-01   2.026913e+02   0.000000e+00   1871s
  342469    1.5594684e-01   2.345218e+01   0.000000e+00   1877s
  342919    1.5594856e-01   1.078300e+03   0.000000e+00   1880s
  343679    1.5595024e-01   1.248693e+03   0.000000e+00   1886s
  344509    1.5595084e-01   2.799077e+03   0.000000e+00   1891s
  345309    1.5595803e-01   7.866131e+01   0.000000e+00   1896s
  346099    1.5596019e-01   4.407719e+01   0.000000e+00   1901s
  346829    1.5596453e-01   2.599688e+02   0.000000e+00   1906s
  347749    1.5596646e-01   1.984691e+02   0.000000e+00   1911s
  348639    1.5596699e-01   1.145143e+02   0.000000e+00   1917s
  349089    1.5596768e-01   6.793290e+01   0.000000e+00   1920s
  350112    1.5596818e-01   3.079297e+02   0.000000e+00   1926s
  350922    1.5596887e-01   1.312376e+02   0.000000e+00   1932s
  351432    1.5596919e-01   1.606001e+02   0.000000e+00   1936s
  352202    1.5596979e-01   9.908749e+03   0.000000e+00   1942s
  352762    1.5597018e-01   1.746819e+02   0.000000e+00   1946s
  353572    1.5597082e-01   3.732601e+02   0.000000e+00   1951s
  354082    1.5597123e-01   7.693790e+01   0.000000e+00   1955s
  354942    1.5597181e-01   8.578154e+01   0.000000e+00   1961s
  355562    1.5597200e-01   1.209456e+02   0.000000e+00   1965s
  356362    1.5597303e-01   1.494031e+01   0.000000e+00   1971s
  357052    1.5597433e-01   2.580196e+02   0.000000e+00   1976s
  357472    1.5597482e-01   3.742104e+01   0.000000e+00   1980s
  358222    1.5597526e-01   6.216279e+01   0.000000e+00   1986s
  358692    1.5597635e-01   1.169068e+05   0.000000e+00   1990s
  359502    1.5597694e-01   3.732286e+01   0.000000e+00   1996s
  360072    1.5597739e-01   3.264337e+02   0.000000e+00   2000s
  360852    1.5597785e-01   2.297114e+01   0.000000e+00   2006s
  361432    1.5597806e-01   3.201404e+02   0.000000e+00   2010s
  362182    1.5597872e-01   2.348569e+02   0.000000e+00   2016s
  362982    1.5597975e-01   2.577372e+02   0.000000e+00   2021s
  363932    1.5598014e-01   3.900349e+01   0.000000e+00   2027s
  364682    1.5598058e-01   1.547364e+01   0.000000e+00   2030s
  365402    1.5598154e-01   4.898237e+01   0.000000e+00   2036s
  366182    1.5598176e-01   1.642066e+03   0.000000e+00   2041s
  367102    1.5598241e-01   1.669471e+03   0.000000e+00   2047s
  367542    1.5598276e-01   4.803889e+01   0.000000e+00   2050s
  368352    1.5598343e-01   1.802743e+03   0.000000e+00   2056s
  369102    1.5598416e-01   4.600452e+02   0.000000e+00   2062s
  369592    1.5598437e-01   5.582377e+01   0.000000e+00   2066s
  370342    1.5598516e-01   2.449964e+02   0.000000e+00   2072s
  370792    1.5598608e-01   9.122791e+02   0.000000e+00   2076s
  371542    1.5598666e-01   1.069572e+02   0.000000e+00   2081s
  372102    1.5598682e-01   1.213962e+02   0.000000e+00   2085s
  372782    1.5598769e-01   1.511969e+03   0.000000e+00   2091s
  373502    1.5598841e-01   8.841195e+01   0.000000e+00   2097s
  373952    1.5598869e-01   4.007292e+02   0.000000e+00   2101s
  374692    1.5598927e-01   4.805155e+02   0.000000e+00   2107s
  375202    1.5598966e-01   4.730913e+01   0.000000e+00   2111s
  376272    1.5599034e-01   1.451732e+02   0.000000e+00   2116s
  377022    1.5599122e-01   1.328659e+02   0.000000e+00   2122s
  377472    1.5599142e-01   1.182611e+02   0.000000e+00   2126s
  378102    1.5599307e-01   4.661585e+01   0.000000e+00   2131s
  378842    1.5599383e-01   3.869674e+01   0.000000e+00   2137s
  379332    1.5599482e-01   1.818644e+02   0.000000e+00   2140s
  380192    1.5599556e-01   3.189013e+01   0.000000e+00   2145s
  381102    1.5599748e-01   1.917247e+01   0.000000e+00   2151s
  381912    1.5599873e-01   6.237304e+01   0.000000e+00   2156s
  382482    1.5599901e-01   1.384985e+02   0.000000e+00   2160s
  383292    1.5599925e-01   5.599078e+00   0.000000e+00   2166s
  383992    1.5599985e-01   4.251601e+02   0.000000e+00   2171s
  384722    1.5600029e-01   3.289386e+01   0.000000e+00   2177s
  385222    1.5600046e-01   2.408265e+01   0.000000e+00   2180s
  385992    1.5600091e-01   2.500363e+02   0.000000e+00   2186s
  386792    1.5600142e-01   1.362381e+02   0.000000e+00   2192s
  387462    1.5600198e-01   7.356266e+00   0.000000e+00   2196s
  388282    1.5600239e-01   3.153339e+01   0.000000e+00   2201s
  389012    1.5600267e-01   1.911853e+02   0.000000e+00   2207s
  389592    1.5600286e-01   1.762379e+02   0.000000e+00   2210s
  390452    1.5600337e-01   6.404384e+02   0.000000e+00   2216s
  391212    1.5600459e-01   1.298234e+02   0.000000e+00   2221s
  391752    1.5600517e-01   1.960633e+02   0.000000e+00   2225s
  392602    1.5600582e-01   2.631451e+01   0.000000e+00   2230s
  393292    1.5600689e-01   1.189770e+03   0.000000e+00   2236s
  394182    1.5600806e-01   2.881529e+02   0.000000e+00   2242s
  394702    1.5600850e-01   1.912625e+02   0.000000e+00   2245s
  395622    1.5600885e-01   1.159545e+02   0.000000e+00   2251s
  396162    1.5600919e-01   1.759476e+02   0.000000e+00   2255s
  396972    1.5601014e-01   8.771090e+01   0.000000e+00   2261s
  397752    1.5601181e-01   6.737350e+02   0.000000e+00   2267s
  398522    1.5601214e-01   1.131408e+01   0.000000e+00   2270s
  399512    1.5601495e-01   1.924407e+02   0.000000e+00   2275s
  400292    1.5601676e-01   2.518459e+02   0.000000e+00   2281s
  401262    1.5601732e-01   2.793013e+01   0.000000e+00   2286s
  401982    1.5601795e-01   3.847567e+03   0.000000e+00   2292s
  402482    1.5601890e-01   4.732058e+03   0.000000e+00   2296s
  403232    1.5601984e-01   9.238529e+01   0.000000e+00   2301s
  403932    1.5602213e-01   1.565774e+01   0.000000e+00   2306s
  404682    1.5602392e-01   1.904967e+01   0.000000e+00   2311s
  405332    1.5602476e-01   2.733319e+01   0.000000e+00   2317s
  405862    1.5602800e-01   8.076038e+00   0.000000e+00   2320s
  406442    1.5603012e-01   1.048988e+02   0.000000e+00   2326s
  407122    1.5603144e-01   4.840769e+01   0.000000e+00   2331s
  407862    1.5603250e-01   1.239856e+03   0.000000e+00   2337s
  408412    1.5603279e-01   1.505741e+02   0.000000e+00   2341s
  409212    1.5603366e-01   2.931508e+01   0.000000e+00   2347s
  409832    1.5603378e-01   3.826352e+01   0.000000e+00   2351s
  410602    1.5603425e-01   1.149189e+01   0.000000e+00   2357s
  411162    1.5603452e-01   1.670035e+02   0.000000e+00   2361s
  411852    1.5603513e-01   2.944150e+02   0.000000e+00   2366s
  412362    1.5603575e-01   1.896373e+02   0.000000e+00   2370s
  413282    1.5603616e-01   2.100056e+01   0.000000e+00   2375s
  414132    1.5603753e-01   2.521751e+02   0.000000e+00   2381s
  415222    1.5603788e-01   7.785582e+02   0.000000e+00   2386s
  415912    1.5603821e-01   6.952464e+00   0.000000e+00   2390s
  416862    1.5603875e-01   2.845687e+02   0.000000e+00   2395s
  417732    1.5603916e-01   1.989542e+02   0.000000e+00   2401s
  418612    1.5603967e-01   1.101071e+03   0.000000e+00   2407s
  419222    1.5603982e-01   3.370244e+01   0.000000e+00   2411s
  419962    1.5604037e-01   3.801521e+01   0.000000e+00   2416s
  420772    1.5604065e-01   2.648637e+02   0.000000e+00   2422s
  421302    1.5604080e-01   8.439997e+02   0.000000e+00   2426s
  421922    1.5604095e-01   2.534515e+02   0.000000e+00   2430s
  422772    1.5604148e-01   1.265061e+03   0.000000e+00   2436s
  423292    1.5604210e-01   5.228767e+01   0.000000e+00   2440s
  424102    1.5604256e-01   2.323676e+01   0.000000e+00   2446s
  424902    1.5604289e-01   6.935036e+01   0.000000e+00   2452s
  425472    1.5604323e-01   1.603669e+01   0.000000e+00   2456s
  426032    1.5604357e-01   6.594337e+01   0.000000e+00   2460s
  427072    1.5604428e-01   6.406097e+01   0.000000e+00   2466s
  427972    1.5604456e-01   9.505104e+01   0.000000e+00   2472s
  428452    1.5604487e-01   2.273741e+02   0.000000e+00   2476s
  429222    1.5604521e-01   2.032113e+02   0.000000e+00   2482s
  429732    1.5604547e-01   3.871001e+01   0.000000e+00   2486s
  430825    1.5604620e-01   4.850015e+01   0.000000e+00   2491s
  431585    1.5604708e-01   1.011243e+02   0.000000e+00   2496s
  432365    1.5604735e-01   2.162491e+01   0.000000e+00   2502s
  432965    1.5604774e-01   1.750188e+01   0.000000e+00   2506s
  433735    1.5604809e-01   7.048907e+01   0.000000e+00   2511s
  434155    1.5604890e-01   8.554900e+01   0.000000e+00   2515s
  434855    1.5605128e-01   1.791245e+02   0.000000e+00   2521s
  435495    1.5605321e-01   5.229300e+02   0.000000e+00   2526s
  436105    1.5605381e-01   9.227822e+02   0.000000e+00   2532s
  436605    1.5605413e-01   8.303615e+01   0.000000e+00   2536s
  437395    1.5605465e-01   7.500391e+02   0.000000e+00   2542s
  437875    1.5605550e-01   9.814861e+01   0.000000e+00   2546s
  438605    1.5605626e-01   4.943427e+01   0.000000e+00   2551s
  439085    1.5605694e-01   3.538608e+01   0.000000e+00   2555s
  439705    1.5605764e-01   8.024939e+01   0.000000e+00   2561s
  440195    1.5605816e-01   1.346502e+02   0.000000e+00   2565s
  440995    1.5605871e-01   4.526067e+01   0.000000e+00   2571s
  441815    1.5605906e-01   2.634986e+02   0.000000e+00   2577s
  442345    1.5605943e-01   5.461491e+01   0.000000e+00   2580s
  443025    1.5605961e-01   4.319634e+01   0.000000e+00   2586s
  443545    1.5605988e-01   4.554173e+01   0.000000e+00   2591s
  444265    1.5606016e-01   1.224758e+02   0.000000e+00   2597s
  444765    1.5606026e-01   3.533578e+01   0.000000e+00   2601s
  445295    1.5606042e-01   5.799963e+01   0.000000e+00   2605s
  446045    1.5606063e-01   1.814844e+02   0.000000e+00   2611s
  446525    1.5606088e-01   1.291594e+02   0.000000e+00   2615s
  447305    1.5606143e-01   3.241889e+01   0.000000e+00   2621s
  447815    1.5606184e-01   1.473369e+01   0.000000e+00   2625s
  448555    1.5606198e-01   1.799296e+01   0.000000e+00   2631s
  449125    1.5606209e-01   8.870504e+00   0.000000e+00   2635s
  450055    1.5606228e-01   2.587769e+02   0.000000e+00   2642s
  450645    1.5606248e-01   1.581452e+01   0.000000e+00   2645s
  451315    1.5606386e-01   3.732955e+02   0.000000e+00   2651s
  451975    1.5606433e-01   4.190158e+01   0.000000e+00   2657s
  452495    1.5606452e-01   1.026172e+02   0.000000e+00   2661s
  453275    1.5606489e-01   2.949872e+01   0.000000e+00   2667s
  453725    1.5606507e-01   9.656655e+01   0.000000e+00   2671s
  454365    1.5606578e-01   6.375423e+01   0.000000e+00   2677s
  454815    1.5606716e-01   2.157206e+01   0.000000e+00   2680s
  455645    1.5606819e-01   4.771527e+02   0.000000e+00   2686s
  456155    1.5606848e-01   5.681773e+01   0.000000e+00   2691s
  456805    1.5606945e-01   3.869093e+02   0.000000e+00   2697s
  457205    1.5607004e-01   3.430600e+02   0.000000e+00   2701s
  457885    1.5607054e-01   2.815611e+01   0.000000e+00   2707s
  458455    1.5607069e-01   5.650832e+01   0.000000e+00   2711s
  458905    1.5607094e-01   6.276173e+00   0.000000e+00   2716s
  459365    1.5607120e-01   1.926056e+01   0.000000e+00   2720s
  460165    1.5607152e-01   5.769633e+01   0.000000e+00   2727s
  460585    1.5607215e-01   2.460701e+02   0.000000e+00   2731s
  461315    1.5607251e-01   8.111266e+01   0.000000e+00   2737s
  461735    1.5607262e-01   6.665703e+01   0.000000e+00   2741s
  462125    1.5607280e-01   5.645000e+01   0.000000e+00   2745s
  462835    1.5607319e-01   2.723440e+02   0.000000e+00   2752s
  463185    1.5607362e-01   7.112382e+01   0.000000e+00   2756s
  463645    1.5607388e-01   7.953288e+00   0.000000e+00   2760s
  464255    1.5607427e-01   2.351730e+02   0.000000e+00   2766s
  464705    1.5607444e-01   5.308334e+02   0.000000e+00   2771s
  465325    1.5607477e-01   1.094575e+04   0.000000e+00   2777s
  465745    1.5607512e-01   4.976035e+02   0.000000e+00   2782s
  466145    1.5607587e-01   8.344095e+04   0.000000e+00   2786s
  466595    1.5607628e-01   1.079854e+03   0.000000e+00   2790s
  467275    1.5607684e-01   8.386308e+01   0.000000e+00   2797s
  467715    1.5607713e-01   1.139421e+02   0.000000e+00   2801s
  468235    1.5607729e-01   1.962567e+02   0.000000e+00   2805s
  468955    1.5607764e-01   2.378038e+01   0.000000e+00   2811s
  469845    1.5607800e-01   5.827266e+01   0.000000e+00   2817s
  470425    1.5607808e-01   2.246975e+02   0.000000e+00   2821s
  470975    1.5607834e-01   4.117137e+03   0.000000e+00   2825s
  471565    1.5607896e-01   1.804976e+02   0.000000e+00   2831s
  472225    1.5607916e-01   6.933758e+01   0.000000e+00   2837s
  472705    1.5607925e-01   4.460091e+01   0.000000e+00   2841s
  473345    1.5607955e-01   8.060352e+02   0.000000e+00   2847s
  473825    1.5607974e-01   8.533900e+00   0.000000e+00   2851s
  474725    1.5608063e-01   5.414789e+01   0.000000e+00   2856s
  475165    1.5608093e-01   8.680939e+01   0.000000e+00   2860s
  476225    1.5608169e-01   2.457732e+02   0.000000e+00   2866s
  477065    1.5608188e-01   1.233374e+02   0.000000e+00   2871s
  477485    1.5608243e-01   3.839315e+02   0.000000e+00   2875s
  478175    1.5608272e-01   9.029623e+00   0.000000e+00   2880s
  478855    1.5608351e-01   1.142677e+02   0.000000e+00   2886s
  479455    1.5608388e-01   3.059301e+01   0.000000e+00   2892s
  479875    1.5608419e-01   1.808326e+02   0.000000e+00   2896s
  480545    1.5608577e-01   2.165930e+02   0.000000e+00   2901s
  481255    1.5608631e-01   7.486776e+00   0.000000e+00   2906s
  481715    1.5608646e-01   2.189839e+01   0.000000e+00   2910s
  482335    1.5608676e-01   9.149978e+02   0.000000e+00   2917s
  482835    1.5608727e-01   4.198233e+01   0.000000e+00   2921s
  483375    1.5608760e-01   4.099847e+02   0.000000e+00   2925s
  484305    1.5608787e-01   2.360430e+01   0.000000e+00   2932s
  484825    1.5608801e-01   9.196545e+00   0.000000e+00   2936s
  485295    1.5608812e-01   1.719118e+02   0.000000e+00   2941s
  485915    1.5608849e-01   6.144577e+01   0.000000e+00   2947s
  486285    1.5608867e-01   2.849328e+01   0.000000e+00   2950s
  487035    1.5608882e-01   8.123352e+00   0.000000e+00   2957s
  487515    1.5608902e-01   1.618653e+01   0.000000e+00   2961s
  488355    1.5608941e-01   5.176951e+01   0.000000e+00   2966s
  488765    1.5608966e-01   8.279055e+01   0.000000e+00   2970s
  489365    1.5609010e-01   3.188426e+02   0.000000e+00   2976s
  489815    1.5609027e-01   2.032470e+02   0.000000e+00   2980s
  490305    1.5609061e-01   3.186569e+01   0.000000e+00   2985s
  490915    1.5609073e-01   2.167403e+03   0.000000e+00   2990s
  491635    1.5609133e-01   1.201251e+01   0.000000e+00   2997s
  492145    1.5609154e-01   3.518306e+01   0.000000e+00   3002s
  492675    1.5609177e-01   3.411637e+02   0.000000e+00   3006s
  493215    1.5609191e-01   4.008739e+01   0.000000e+00   3011s
  493695    1.5609207e-01   1.352862e+01   0.000000e+00   3015s
  494425    1.5609228e-01   1.179844e+01   0.000000e+00   3021s
  494865    1.5609240e-01   4.244276e+01   0.000000e+00   3025s
  495615    1.5609269e-01   4.489921e+01   0.000000e+00   3032s
  496095    1.5609279e-01   5.882180e+00   0.000000e+00   3036s
  496765    1.5609299e-01   4.281101e+01   0.000000e+00   3042s
  497135    1.5609317e-01   7.502603e+01   0.000000e+00   3045s
  497975    1.5609339e-01   4.081427e+01   0.000000e+00   3051s
  498565    1.5609349e-01   6.640759e+01   0.000000e+00   3056s
  499165    1.5609357e-01   3.276246e+01   0.000000e+00   3061s
  499835    1.5609366e-01   9.594701e+00   0.000000e+00   3066s
  500635    1.5609385e-01   6.616414e+01   0.000000e+00   3072s
  501045    1.5609400e-01   2.490374e+01   0.000000e+00   3076s
  501665    1.5609431e-01   5.143972e+01   0.000000e+00   3082s
  502075    1.5609452e-01   7.243051e+01   0.000000e+00   3086s
  502785    1.5609533e-01   2.059214e+01   0.000000e+00   3091s
  503775    1.5609656e-01   1.288858e+01   0.000000e+00   3097s
  504245    1.5609687e-01   5.132792e+00   0.000000e+00   3100s
  504915    1.5609702e-01   1.416002e+01   0.000000e+00   3106s
  505455    1.5609714e-01   3.198738e+01   0.000000e+00   3111s
  505905    1.5609736e-01   9.347427e+01   0.000000e+00   3115s
  506705    1.5609750e-01   5.278288e+01   0.000000e+00   3122s
  507145    1.5609764e-01   4.128434e+01   0.000000e+00   3126s
  507595    1.5609795e-01   6.420581e+01   0.000000e+00   3130s
  508205    1.5609823e-01   1.325175e+02   0.000000e+00   3137s
  508665    1.5609835e-01   1.314208e+02   0.000000e+00   3141s
  509365    1.5609863e-01   4.766958e+01   0.000000e+00   3147s
  509955    1.5609878e-01   5.282131e+00   0.000000e+00   3151s
  510575    1.5609896e-01   3.799356e+01   0.000000e+00   3156s
  511035    1.5609906e-01   7.621820e+01   0.000000e+00   3161s
  511715    1.5609974e-01   1.284036e+01   0.000000e+00   3166s
  512545    1.5610025e-01   1.550168e+01   0.000000e+00   3172s
  513145    1.5610059e-01   1.726583e+02   0.000000e+00   3175s
  513885    1.5610081e-01   1.632344e+03   0.000000e+00   3181s
  514465    1.5610099e-01   2.376869e+02   0.000000e+00   3185s
  515165    1.5610142e-01   1.045947e+02   0.000000e+00   3191s
  515955    1.5610170e-01   1.841663e+02   0.000000e+00   3197s
  516565    1.5610192e-01   1.267196e+02   0.000000e+00   3201s
  517355    1.5610216e-01   2.422478e+01   0.000000e+00   3207s
  517815    1.5610234e-01   1.582322e+02   0.000000e+00   3211s
  518495    1.5610253e-01   7.276270e+01   0.000000e+00   3217s
  519075    1.5610263e-01   1.569159e+02   0.000000e+00   3222s
  519515    1.5610273e-01   1.127412e+02   0.000000e+00   3226s
  519935    1.5610283e-01   2.085867e+01   0.000000e+00   3230s
  520775    1.5610303e-01   6.315817e+00   0.000000e+00   3236s
  521255    1.5610346e-01   1.105655e+02   0.000000e+00   3241s
  521985    1.5610374e-01   6.531626e+01   0.000000e+00   3247s
  522535    1.5610387e-01   1.678510e+01   0.000000e+00   3251s
  523355    1.5610478e-01   1.080553e+01   0.000000e+00   3257s
  523825    1.5610492e-01   1.389566e+01   0.000000e+00   3261s
  524535    1.5610533e-01   2.699127e+02   0.000000e+00   3266s
  525015    1.5610538e-01   1.421651e+02   0.000000e+00   3270s
  525935    1.5610555e-01   2.378490e+02   0.000000e+00   3277s
  526425    1.5610566e-01   1.138071e+02   0.000000e+00   3281s
  526915    1.5610582e-01   1.785625e+02   0.000000e+00   3286s
  527725    1.5610602e-01   3.942482e+01   0.000000e+00   3292s
  528225    1.5610623e-01   7.161341e+01   0.000000e+00   3296s
  528895    1.5610644e-01   1.171468e+03   0.000000e+00   3300s
  529775    1.5610670e-01   4.607573e+01   0.000000e+00   3307s
  530235    1.5610686e-01   1.736358e+01   0.000000e+00   3311s
  530725    1.5610694e-01   5.620950e+00   0.000000e+00   3315s
  531705    1.5610715e-01   9.398855e+01   0.000000e+00   3321s
  532225    1.5610737e-01   1.676239e+03   0.000000e+00   3326s
  533015    1.5610755e-01   6.035774e+02   0.000000e+00   3332s
  533555    1.5610774e-01   1.918723e+01   0.000000e+00   3336s
  534355    1.5610788e-01   5.988936e+00   0.000000e+00   3342s
  534805    1.5610943e-01   2.833916e+01   0.000000e+00   3345s
  535555    1.5610973e-01   1.682367e+02   0.000000e+00   3351s
  536055    1.5610994e-01   1.602603e+01   0.000000e+00   3355s
  536855    1.5611027e-01   1.556889e+01   0.000000e+00   3361s
  537755    1.5611094e-01   1.197830e+02   0.000000e+00   3367s
  538295    1.5611142e-01   2.486561e+03   0.000000e+00   3370s
  539075    1.5611176e-01   5.728109e+00   0.000000e+00   3377s
  539575    1.5611197e-01   5.026762e+02   0.000000e+00   3381s
  540225    1.5611236e-01   1.628224e+02   0.000000e+00   3386s
  540715    1.5611281e-01   4.461038e+02   0.000000e+00   3390s
  541445    1.5611318e-01   4.273912e+01   0.000000e+00   3396s
  541935    1.5611332e-01   4.151790e+01   0.000000e+00   3401s
  542675    1.5611360e-01   1.792516e+03   0.000000e+00   3407s
  543095    1.5611378e-01   1.748029e+02   0.000000e+00   3411s
  543615    1.5611390e-01   1.106345e+01   0.000000e+00   3415s
  544305    1.5611409e-01   2.152296e+01   0.000000e+00   3422s
  544805    1.5611425e-01   6.380406e+02   0.000000e+00   3426s
  545285    1.5611456e-01   1.007802e+03   0.000000e+00   3430s
  546015    1.5611496e-01   1.547973e+01   0.000000e+00   3436s
  546505    1.5611511e-01   5.018504e+00   0.000000e+00   3440s
  547225    1.5611552e-01   1.004091e+02   0.000000e+00   3446s
  547715    1.5611559e-01   7.181813e+01   0.000000e+00   3450s
  548585    1.5611573e-01   8.393127e+00   0.000000e+00   3457s
  549015    1.5611587e-01   5.370716e+01   0.000000e+00   3461s
  549645    1.5611605e-01   3.039118e+01   0.000000e+00   3467s
  550305    1.5611621e-01   1.392294e+02   0.000000e+00   3471s
  550845    1.5611631e-01   5.993143e+02   0.000000e+00   3476s
  551375    1.5611641e-01   2.005308e+01   0.000000e+00   3480s
  552235    1.5611654e-01   2.445764e+01   0.000000e+00   3487s
  552775    1.5611667e-01   1.013713e+01   0.000000e+00   3491s
  553205    1.5611695e-01   5.390218e+01   0.000000e+00   3495s
  553755    1.5611735e-01   3.725161e+02   0.000000e+00   3501s
  554415    1.5611785e-01   3.690819e+02   0.000000e+00   3506s
  554775    1.5611822e-01   9.796997e+00   0.000000e+00   3510s
  555475    1.5611844e-01   4.500237e+01   0.000000e+00   3517s
  555925    1.5611856e-01   1.522880e+02   0.000000e+00   3522s
  556375    1.5611874e-01   8.043762e+00   0.000000e+00   3526s
  556905    1.5611881e-01   6.883604e+01   0.000000e+00   3531s
  557355    1.5611894e-01   3.895490e+01   0.000000e+00   3536s
  558055    1.5611917e-01   7.542464e+01   0.000000e+00   3542s
  558605    1.5611932e-01   1.436614e+02   0.000000e+00   3547s
  559105    1.5611943e-01   4.096724e+01   0.000000e+00   3551s
  559655    1.5611954e-01   5.687192e+01   0.000000e+00   3556s
  560235    1.5611960e-01   1.373555e+01   0.000000e+00   3561s
  560735    1.5611968e-01   1.811662e+01   0.000000e+00   3566s
  561315    1.5611975e-01   4.159675e+00   0.000000e+00   3571s
  561765    1.5611983e-01   7.828128e+00   0.000000e+00   3575s
  562525    1.5611997e-01   2.225282e+02   0.000000e+00   3582s
  562975    1.5612013e-01   8.542211e+01   0.000000e+00   3586s
  563555    1.5612024e-01   1.155413e+02   0.000000e+00   3591s
  564135    1.5612037e-01   1.036723e+03   0.000000e+00   3596s
  564995    1.5612064e-01   5.117093e+02   0.000000e+00   3602s
  565425    1.5612075e-01   2.320002e+01   0.000000e+00   3606s
  565945    1.5612085e-01   1.525920e+02   0.000000e+00   3610s
  566665    1.5612105e-01   9.215469e+00   0.000000e+00   3616s
  567185    1.5612142e-01   6.255404e+01   0.000000e+00   3620s
  567955    1.5612169e-01   4.743182e+02   0.000000e+00   3627s
  568435    1.5612240e-01   1.066709e+01   0.000000e+00   3631s
  569055    1.5612276e-01   1.523485e+02   0.000000e+00   3637s
  569585    1.5612289e-01   3.662961e+01   0.000000e+00   3641s
  570065    1.5612306e-01   4.966515e+01   0.000000e+00   3645s
  570885    1.5612325e-01   4.294496e+01   0.000000e+00   3652s
  571505    1.5612349e-01   2.421728e+02   0.000000e+00   3656s
  571995    1.5612377e-01   4.964648e+01   0.000000e+00   3660s
  572675    1.5612411e-01   5.534366e+00   0.000000e+00   3666s
  573365    1.5612440e-01   5.355525e+01   0.000000e+00   3671s
  573845    1.5612450e-01   4.262971e+01   0.000000e+00   3675s
  574615    1.5612465e-01   8.905728e+00   0.000000e+00   3682s
  575065    1.5612474e-01   2.816128e+01   0.000000e+00   3686s
  575615    1.5612481e-01   4.095044e+01   0.000000e+00   3690s
  576645    1.5612501e-01   7.415081e+00   0.000000e+00   3696s
  577195    1.5612513e-01   1.503799e+02   0.000000e+00   3700s
  577965    1.5612529e-01   4.438470e+01   0.000000e+00   3706s
  578405    1.5612538e-01   3.726031e+01   0.000000e+00   3710s
  579155    1.5612568e-01   3.420895e+02   0.000000e+00   3717s
  579595    1.5612594e-01   3.251088e+02   0.000000e+00   3721s
  580505    1.5612644e-01   1.421328e+01   0.000000e+00   3727s
  581005    1.5612668e-01   3.868556e+01   0.000000e+00   3731s
  581975    1.5612702e-01   6.449030e+01   0.000000e+00   3736s
  582465    1.5612727e-01   3.192255e+03   0.000000e+00   3740s
  583125    1.5612744e-01   1.362042e+02   0.000000e+00   3746s
  583645    1.5612763e-01   6.381888e+02   0.000000e+00   3750s
  584255    1.5612798e-01   2.661615e+02   0.000000e+00   3757s
  584745    1.5612811e-01   9.357106e+00   0.000000e+00   3761s
  585195    1.5612820e-01   3.406193e+03   0.000000e+00   3765s
  585975    1.5612834e-01   6.804968e+00   0.000000e+00   3772s
  586485    1.5612842e-01   9.484575e+01   0.000000e+00   3776s
  586895    1.5612853e-01   1.820249e+01   0.000000e+00   3780s
  587565    1.5612863e-01   2.506657e+00   0.000000e+00   3787s
  588045    1.5612869e-01   4.591846e+01   0.000000e+00   3791s
  588535    1.5612874e-01   1.239519e+02   0.000000e+00   3796s
  589175    1.5612909e-01   5.072508e+01   0.000000e+00   3802s
  589615    1.5612917e-01   2.332429e+01   0.000000e+00   3806s
  590185    1.5612928e-01   6.447066e+00   0.000000e+00   3811s
  590705    1.5612940e-01   7.085686e+02   0.000000e+00   3816s
  591315    1.5612961e-01   5.935784e+02   0.000000e+00   3820s
  592185    1.5612987e-01   9.212987e+00   0.000000e+00   3826s
  592925    1.5613002e-01   3.868198e+00   0.000000e+00   3832s
  593465    1.5613014e-01   2.555346e+01   0.000000e+00   3836s
  594295    1.5613023e-01   3.069100e+01   0.000000e+00   3842s
  594915    1.5613034e-01   9.772306e+00   0.000000e+00   3846s
  595495    1.5613042e-01   1.590021e+01   0.000000e+00   3850s
  596265    1.5613056e-01   4.290530e+01   0.000000e+00   3857s
  596815    1.5613066e-01   6.194764e+02   0.000000e+00   3861s
  597475    1.5613083e-01   8.735966e+01   0.000000e+00   3867s
  598005    1.5613093e-01   7.553323e+01   0.000000e+00   3871s
  598895    1.5613107e-01   1.074304e+01   0.000000e+00   3877s
  599425    1.5613113e-01   3.698419e+02   0.000000e+00   3881s
  599895    1.5613127e-01   1.513958e+01   0.000000e+00   3885s
  600795    1.5613145e-01   1.693160e+02   0.000000e+00   3892s
  601325    1.5613165e-01   1.820141e+01   0.000000e+00   3895s
  602225    1.5613188e-01   3.098831e+02   0.000000e+00   3901s
  602755    1.5613214e-01   1.372385e+02   0.000000e+00   3905s
  603475    1.5613249e-01   1.323486e+01   0.000000e+00   3911s
  603965    1.5613257e-01   1.244910e+02   0.000000e+00   3915s
  604715    1.5613294e-01   3.182810e+01   0.000000e+00   3922s
  605205    1.5613309e-01   4.401191e+01   0.000000e+00   3926s
  605975    1.5613329e-01   2.781032e+02   0.000000e+00   3932s
  606425    1.5613339e-01   1.443309e+02   0.000000e+00   3936s
  606855    1.5613351e-01   3.757586e+01   0.000000e+00   3940s
  607555    1.5613379e-01   2.356051e+02   0.000000e+00   3946s
  607995    1.5613388e-01   1.906621e+01   0.000000e+00   3950s
  608795    1.5613407e-01   6.981898e+01   0.000000e+00   3956s
  609205    1.5613421e-01   1.762268e+01   0.000000e+00   3960s
  609845    1.5613441e-01   4.854566e+01   0.000000e+00   3966s
  610285    1.5613452e-01   4.186081e+02   0.000000e+00   3971s
  610885    1.5613481e-01   1.087772e+01   0.000000e+00   3977s
  611415    1.5613488e-01   1.535682e+02   0.000000e+00   3982s
  611955    1.5613502e-01   1.495271e+02   0.000000e+00   3986s
  612495    1.5613519e-01   2.519634e+01   0.000000e+00   3991s
  612995    1.5613528e-01   2.974997e+01   0.000000e+00   3995s
  613745    1.5613541e-01   1.373210e+01   0.000000e+00   4002s
  614285    1.5613554e-01   6.817147e+00   0.000000e+00   4007s
  614745    1.5613569e-01   6.080994e+00   0.000000e+00   4011s
  615175    1.5613581e-01   5.141852e+01   0.000000e+00   4015s
  615605    1.5613596e-01   5.990054e+01   0.000000e+00   4020s
  616235    1.5613633e-01   8.100412e+00   0.000000e+00   4027s
  616685    1.5613645e-01   4.468651e+01   0.000000e+00   4031s
  617195    1.5613655e-01   2.160200e+01   0.000000e+00   4037s
  617685    1.5613670e-01   6.527615e+00   0.000000e+00   4041s
  618105    1.5613691e-01   1.404256e+02   0.000000e+00   4045s
  618835    1.5613756e-01   1.359041e+02   0.000000e+00   4051s
  619345    1.5613776e-01   8.748059e+01   0.000000e+00   4056s
  619845    1.5613800e-01   3.941093e+01   0.000000e+00   4060s
  620575    1.5613823e-01   2.052042e+01   0.000000e+00   4067s
  621045    1.5613831e-01   4.970416e+00   0.000000e+00   4071s
  621565    1.5613855e-01   3.111684e+01   0.000000e+00   4076s
  622275    1.5613883e-01   4.153677e+00   0.000000e+00   4082s
  622805    1.5613896e-01   5.457704e+00   0.000000e+00   4086s
  623245    1.5613914e-01   3.327693e+01   0.000000e+00   4091s
  623725    1.5613922e-01   8.963410e+01   0.000000e+00   4095s
  624675    1.5613974e-01   4.144495e+01   0.000000e+00   4102s
  625205    1.5614000e-01   1.538059e+02   0.000000e+00   4106s
  625935    1.5614035e-01   2.643347e+01   0.000000e+00   4112s
  626355    1.5614064e-01   9.274311e+01   0.000000e+00   4116s
  627095    1.5614125e-01   1.772727e+02   0.000000e+00   4122s
  627465    1.5614155e-01   2.485339e+02   0.000000e+00   4126s
  628265    1.5614169e-01   2.085844e+02   0.000000e+00   4132s
  628645    1.5614182e-01   5.472959e+01   0.000000e+00   4136s
  629405    1.5614209e-01   1.225198e+01   0.000000e+00   4142s
  629905    1.5614224e-01   4.628099e+01   0.000000e+00   4146s
  630475    1.5614231e-01   1.086748e+02   0.000000e+00   4150s
  631205    1.5614244e-01   1.260641e+02   0.000000e+00   4157s
  631705    1.5614254e-01   8.662689e+00   0.000000e+00   4161s
  632135    1.5614260e-01   9.509525e+00   0.000000e+00   4166s
  632535    1.5614269e-01   2.746589e+01   0.000000e+00   4170s
  633275    1.5614281e-01   2.226058e+01   0.000000e+00   4177s
  633765    1.5614297e-01   8.359075e+01   0.000000e+00   4182s
  634245    1.5614307e-01   3.656732e+00   0.000000e+00   4187s
  634685    1.5614320e-01   1.054488e+01   0.000000e+00   4191s
  635155    1.5614326e-01   1.650751e+01   0.000000e+00   4196s
  635555    1.5614334e-01   4.474072e+01   0.000000e+00   4200s
  636005    1.5614343e-01   1.615418e+00   0.000000e+00   4205s
  636415    1.5614355e-01   9.099177e+00   0.000000e+00   4211s
  636915    1.5614360e-01   3.857479e+02   0.000000e+00   4216s
  637445    1.5614364e-01   9.410234e+01   0.000000e+00   4221s
  637925    1.5614369e-01   1.265536e+01   0.000000e+00   4226s
  638385    1.5614372e-01   1.778716e+01   0.000000e+00   4231s
  638835    1.5614375e-01   4.211272e+00   0.000000e+00   4236s
  639345    1.5614378e-01   5.443020e-01   0.000000e+00   4241s
  639875    1.5614380e-01   5.584074e-02   0.000000e+00   4246s
  640153    1.5431086e-01   0.000000e+00   2.234876e+00   4251s
  640483    1.5430954e-01   0.000000e+00   2.644984e+02   4257s
  640713    1.5430928e-01   0.000000e+00   2.379367e+02   4262s
  640953    1.5430910e-01   0.000000e+00   3.912378e+01   4266s
  641193    1.5430875e-01   0.000000e+00   2.294920e+01   4271s
  641433    1.5430853e-01   0.000000e+00   1.021759e+02   4276s
  641693    1.5430839e-01   0.000000e+00   7.303684e+01   4281s
  641973    1.5430828e-01   0.000000e+00   4.652300e+01   4286s
  642243    1.5430803e-01   0.000000e+00   4.632795e+01   4292s
  642523    1.5430794e-01   0.000000e+00   2.518872e+01   4297s
  642793    1.5430788e-01   0.000000e+00   2.873975e+01   4302s
  643053    1.5430769e-01   0.000000e+00   2.956286e+01   4307s
  643283    1.5430686e-01   0.000000e+00   1.665539e+01   4312s
  643503    1.5430640e-01   0.000000e+00   4.102000e+01   4317s
  643743    1.5430596e-01   0.000000e+00   5.165006e+01   4322s
  643963    1.5430551e-01   0.000000e+00   3.120944e+01   4327s
  644183    1.5430532e-01   0.000000e+00   5.854213e+01   4331s
  644403    1.5430511e-01   0.000000e+00   2.419607e+01   4336s
  644623    1.5430489e-01   0.000000e+00   2.451438e+01   4341s
  644843    1.5430439e-01   0.000000e+00   3.877427e+01   4346s
  645063    1.5430419e-01   0.000000e+00   2.708226e+01   4351s
  645293    1.5430404e-01   0.000000e+00   1.755027e+01   4356s
  645523    1.5430394e-01   0.000000e+00   1.811359e+01   4361s
  645743    1.5430385e-01   0.000000e+00   6.733481e+01   4366s
  645973    1.5430375e-01   0.000000e+00   3.936152e+01   4371s
  646183    1.5430366e-01   0.000000e+00   4.840868e+01   4376s
  646463    1.5430312e-01   0.000000e+00   2.555561e+01   4383s
  646643    1.5430295e-01   0.000000e+00   1.513473e+01   4388s
  646823    1.5430278e-01   0.000000e+00   1.265324e+01   4392s
  647003    1.5430265e-01   0.000000e+00   2.105726e+01   4396s
  647303    1.5430244e-01   0.000000e+00   2.085339e+01   4403s
  647443    1.5430226e-01   0.000000e+00   2.403422e+01   4406s
  647713    1.5430188e-01   0.000000e+00   2.039363e+01   4412s
  647853    1.5430161e-01   0.000000e+00   8.615046e+00   4416s
  648163    1.5430109e-01   0.000000e+00   1.389059e+01   4423s
  648313    1.5430082e-01   0.000000e+00   3.969424e+01   4426s
  648553    1.5430054e-01   0.000000e+00   6.781454e+01   4432s
  648793    1.5430024e-01   0.000000e+00   2.434053e+01   4438s
  648923    1.5430016e-01   0.000000e+00   1.088674e+01   4440s
  649173    1.5430005e-01   0.000000e+00   7.781185e+01   4446s
  649443    1.5429953e-01   0.000000e+00   7.652800e+00   4452s
  649573    1.5429944e-01   0.000000e+00   1.217969e+01   4455s
  649843    1.5429904e-01   0.000000e+00   9.582779e+00   4462s
  650113    1.5429879e-01   0.000000e+00   2.040917e+01   4468s
  650233    1.5429854e-01   0.000000e+00   9.449918e+00   4470s
  650473    1.5429840e-01   0.000000e+00   4.109192e+01   4476s
  650713    1.5429811e-01   0.000000e+00   7.914404e+00   4482s
  650853    1.5429798e-01   0.000000e+00   3.963706e+00   4485s
  651123    1.5429769e-01   0.000000e+00   4.079777e+00   4491s
  651363    1.5429722e-01   0.000000e+00   1.139138e+01   4497s
  651593    1.5429683e-01   0.000000e+00   6.398366e+00   4502s
  651833    1.5429669e-01   0.000000e+00   6.863178e+00   4507s
  651953    1.5429653e-01   0.000000e+00   2.452828e+01   4510s
  652193    1.5429588e-01   0.000000e+00   1.130798e+01   4516s
  652433    1.5429553e-01   0.000000e+00   1.290489e+01   4521s
  652673    1.5429527e-01   0.000000e+00   1.629798e+01   4527s
  652913    1.5429513e-01   0.000000e+00   1.316776e+01   4532s
  653043    1.5429506e-01   0.000000e+00   1.728837e+01   4535s
  653313    1.5429473e-01   0.000000e+00   1.680394e+01   4542s
  653553    1.5429444e-01   0.000000e+00   2.447335e+01   4547s
  653673    1.5429434e-01   0.000000e+00   1.932310e+01   4550s
  653913    1.5429330e-01   0.000000e+00   5.355406e+01   4556s
  654153    1.5429254e-01   0.000000e+00   8.936359e+00   4562s
  654373    1.5429213e-01   0.000000e+00   1.081875e+01   4567s
  654613    1.5429178e-01   0.000000e+00   4.599167e+01   4572s
  654853    1.5429114e-01   0.000000e+00   5.867008e+01   4578s
  654973    1.5429098e-01   0.000000e+00   2.883534e+01   4581s
  655233    1.5429011e-01   0.000000e+00   9.745699e+01   4587s
  655473    1.5428943e-01   0.000000e+00   2.398415e+01   4592s
  655593    1.5428936e-01   0.000000e+00   2.610923e+01   4595s
  655843    1.5428914e-01   0.000000e+00   2.411933e+01   4601s
  656123    1.5428856e-01   0.000000e+00   1.684699e+01   4608s
  656263    1.5428822e-01   0.000000e+00   1.808725e+01   4611s
  656573    1.5428776e-01   0.000000e+00   2.265846e+01   4618s
  656713    1.5428745e-01   0.000000e+00   1.542482e+01   4622s
  656963    1.5428689e-01   0.000000e+00   4.028707e+01   4627s
  657193    1.5428609e-01   0.000000e+00   2.830227e+01   4633s
  657313    1.5428561e-01   0.000000e+00   7.803748e+00   4635s
  657543    1.5428444e-01   0.000000e+00   5.243959e+01   4641s
  657743    1.5428378e-01   0.000000e+00   5.148569e+01   4645s
  657953    1.5428289e-01   0.000000e+00   2.174992e+01   4651s
  658193    1.5428197e-01   0.000000e+00   1.530049e+01   4656s
  658413    1.5428037e-01   0.000000e+00   4.283236e+01   4661s
  658613    1.5427954e-01   0.000000e+00   3.026829e+01   4666s
  658813    1.5427902e-01   0.000000e+00   6.891389e+00   4671s
  659043    1.5427886e-01   0.000000e+00   1.971915e+01   4676s
  659253    1.5427856e-01   0.000000e+00   3.240321e+01   4681s
  659483    1.5427824e-01   0.000000e+00   5.241846e+01   4686s
  659693    1.5427794e-01   0.000000e+00   8.353210e+00   4691s
  659893    1.5427755e-01   0.000000e+00   4.030244e+01   4695s
  660193    1.5427670e-01   0.000000e+00   2.842724e+01   4702s
  660403    1.5427583e-01   0.000000e+00   3.410975e+00   4707s
  660623    1.5427549e-01   0.000000e+00   1.939599e+01   4712s
  660823    1.5427527e-01   0.000000e+00   1.149078e+01   4716s
  661023    1.5427493e-01   0.000000e+00   1.785610e+00   4721s
  661223    1.5427477e-01   0.000000e+00   3.211757e+00   4725s
  661523    1.5427454e-01   0.000000e+00   6.992766e+00   4731s
  661723    1.5427436e-01   0.000000e+00   3.806563e+00   4736s
  661923    1.5427428e-01   0.000000e+00   5.313222e+00   4740s
  662223    1.5427419e-01   0.000000e+00   2.292245e+00   4747s
  662433    1.5427406e-01   0.000000e+00   4.570772e+00   4751s
  662673    1.5427385e-01   0.000000e+00   3.197252e+00   4757s
  662893    1.5427369e-01   0.000000e+00   1.763203e+00   4761s
  663093    1.5427355e-01   0.000000e+00   3.041546e+00   4766s
  663303    1.5427337e-01   0.000000e+00   3.382821e+00   4770s
  663603    1.5427296e-01   0.000000e+00   2.634051e+00   4777s
  663803    1.5427284e-01   0.000000e+00   2.192290e+00   4781s
  664003    1.5427273e-01   0.000000e+00   5.155970e+00   4786s
  664213    1.5427257e-01   0.000000e+00   8.768199e+00   4790s
  664523    1.5427212e-01   0.000000e+00   5.018205e-01   4797s
  664743    1.5427192e-01   0.000000e+00   5.369173e-01   4801s
  664953    1.5427184e-01   0.000000e+00   3.218559e-03   4806s
  665153    1.5427178e-01   0.000000e+00   2.379525e-02   4810s
  666069    1.5428333e-01   3.249507e+00   0.000000e+00   4815s
  667881    1.5428593e-01   1.477358e+02   0.000000e+00   4821s
  669407    1.5429352e-01   2.229796e+02   0.000000e+00   4827s
  669827    1.5429508e-01   1.559404e+02   0.000000e+00   4830s
  670470    1.5429863e-01   4.708002e+01   0.000000e+00   4835s
  671353    1.5430223e-01   3.497610e+01   0.000000e+00   4843s
  671806    1.5430335e-01   7.300733e+01   0.000000e+00   4846s
  672226    1.5430673e-01   4.836005e+01   0.000000e+00   4851s
  672679    1.5430919e-01   1.131731e+02   0.000000e+00   4856s
  673089    1.5431090e-01   2.001287e+01   0.000000e+00   4861s
  673539    1.5431265e-01   9.568276e+01   0.000000e+00   4866s
  673992    1.5431462e-01   2.115611e+01   0.000000e+00   4871s
  674445    1.5431651e-01   1.485680e+02   0.000000e+00   4876s
  674898    1.5431792e-01   7.903536e+01   0.000000e+00   4880s
  675804    1.5432281e-01   5.867937e+01   0.000000e+00   4890s
  676257    1.5432550e-01   1.229763e+01   0.000000e+00   4895s
  676707    1.5432754e-01   8.523758e+01   0.000000e+00   4900s
  677137    1.5433005e-01   1.358224e+02   0.000000e+00   4905s
  677590    1.5433277e-01   1.172264e+02   0.000000e+00   4910s
  678043    1.5433568e-01   3.979458e+01   0.000000e+00   4916s
  678496    1.5433843e-01   3.540297e+02   0.000000e+00   4921s
  678949    1.5434030e-01   9.468306e+01   0.000000e+00   4926s
  679402    1.5434199e-01   1.397294e+02   0.000000e+00   4931s
  679855    1.5434458e-01   9.206413e+01   0.000000e+00   4937s
  680308    1.5434740e-01   8.639858e+01   0.000000e+00   4943s
  680761    1.5435008e-01   3.054617e+02   0.000000e+00   4948s
  681214    1.5435167e-01   9.074249e+01   0.000000e+00   4953s
  681667    1.5435312e-01   1.542039e+02   0.000000e+00   4958s
  682120    1.5435498e-01   7.690367e+00   0.000000e+00   4963s
  682573    1.5435688e-01   1.846231e+01   0.000000e+00   4968s
  682983    1.5435983e-01   4.870527e+01   0.000000e+00   4974s
  683436    1.5436164e-01   3.775139e+02   0.000000e+00   4979s
  683889    1.5436345e-01   1.855295e+01   0.000000e+00   4984s
  684342    1.5436545e-01   1.156779e+02   0.000000e+00   4989s
  684795    1.5436826e-01   6.541441e+01   0.000000e+00   4993s
  685248    1.5437097e-01   4.683098e+01   0.000000e+00   4998s
  685701    1.5437261e-01   1.393762e+02   0.000000e+00   5003s
  686154    1.5437403e-01   4.314119e+01   0.000000e+00   5008s
  686607    1.5437572e-01   7.939003e+01   0.000000e+00   5013s
  687060    1.5437846e-01   1.099952e+02   0.000000e+00   5019s
  687510    1.5438087e-01   3.086110e+01   0.000000e+00   5025s
  687920    1.5438294e-01   8.833232e+01   0.000000e+00   5031s
  688350    1.5438561e-01   1.872249e+02   0.000000e+00   5037s
  688803    1.5438728e-01   1.843470e+01   0.000000e+00   5043s
  689256    1.5439042e-01   9.767234e+01   0.000000e+00   5050s
  689709    1.5439255e-01   2.615307e+01   0.000000e+00   5055s
  690162    1.5439521e-01   1.221802e+02   0.000000e+00   5061s
  690615    1.5439694e-01   1.886984e+01   0.000000e+00   5067s
  691068    1.5439909e-01   4.476501e+01   0.000000e+00   5073s
  691521    1.5440126e-01   8.137709e+01   0.000000e+00   5079s
  691974    1.5440309e-01   1.373897e+02   0.000000e+00   5086s
  692427    1.5440460e-01   7.303695e+01   0.000000e+00   5092s
  692880    1.5440668e-01   5.260114e+02   0.000000e+00   5097s
  693333    1.5440858e-01   8.110474e+01   0.000000e+00   5103s
  693786    1.5441059e-01   4.506669e+01   0.000000e+00   5109s
  694239    1.5441320e-01   2.251638e+02   0.000000e+00   5116s
  694692    1.5441498e-01   1.407134e+02   0.000000e+00   5121s
  695145    1.5441781e-01   4.586422e+01   0.000000e+00   5128s
  695598    1.5442001e-01   3.291117e+01   0.000000e+00   5134s
  696051    1.5442310e-01   2.644096e+01   0.000000e+00   5141s
  696504    1.5442518e-01   7.185804e+01   0.000000e+00   5147s
  696957    1.5442803e-01   8.005721e+01   0.000000e+00   5154s
  697410    1.5443050e-01   8.255710e+01   0.000000e+00   5160s
  697863    1.5443291e-01   2.605897e+02   0.000000e+00   5166s
  698243    1.5443527e-01   2.674165e+01   0.000000e+00   5173s
  698696    1.5443796e-01   5.438634e+01   0.000000e+00   5180s
  699149    1.5444147e-01   1.469684e+01   0.000000e+00   5187s
  699602    1.5444444e-01   1.058131e+03   0.000000e+00   5193s
  700055    1.5444661e-01   5.272885e+01   0.000000e+00   5200s
  700508    1.5444794e-01   5.034144e+01   0.000000e+00   5205s
  700961    1.5445107e-01   1.102972e+02   0.000000e+00   5211s
  701414    1.5445266e-01   1.144981e+02   0.000000e+00   5217s
  701844    1.5445536e-01   6.252588e+01   0.000000e+00   5223s
  702284    1.5445785e-01   3.387925e+02   0.000000e+00   5230s
  702737    1.5446042e-01   1.145627e+02   0.000000e+00   5237s
  703137    1.5446331e-01   1.201727e+02   0.000000e+00   5244s
  703577    1.5446680e-01   2.477621e+02   0.000000e+00   5251s
  704030    1.5446955e-01   1.379328e+02   0.000000e+00   5258s
  704483    1.5447168e-01   6.092106e+01   0.000000e+00   5264s
  704936    1.5447405e-01   1.020478e+02   0.000000e+00   5270s
  705376    1.5447669e-01   5.031272e+01   0.000000e+00   5278s
  705829    1.5447895e-01   6.418137e+01   0.000000e+00   5285s
  706282    1.5448129e-01   7.294181e+01   0.000000e+00   5293s
  706735    1.5448386e-01   1.687917e+03   0.000000e+00   5299s
  707188    1.5448640e-01   1.134845e+02   0.000000e+00   5306s
  707641    1.5448822e-01   8.771221e+01   0.000000e+00   5312s
  708094    1.5449138e-01   3.738827e+01   0.000000e+00   5319s
  708547    1.5449251e-01   4.060117e+01   0.000000e+00   5325s
  709000    1.5449544e-01   2.063806e+01   0.000000e+00   5332s
  709420    1.5449811e-01   1.135611e+02   0.000000e+00   5339s
  709860    1.5450021e-01   3.859988e+01   0.000000e+00   5346s
  710313    1.5450147e-01   8.354344e+01   0.000000e+00   5351s
  710766    1.5450368e-01   2.665533e+01   0.000000e+00   5357s
  711219    1.5450511e-01   5.456351e+02   0.000000e+00   5363s
  711672    1.5450683e-01   2.929074e+01   0.000000e+00   5369s
  712125    1.5450846e-01   3.185803e+02   0.000000e+00   5375s
  712555    1.5451046e-01   1.882855e+01   0.000000e+00   5382s
  713008    1.5451229e-01   5.093111e+00   0.000000e+00   5388s
  713428    1.5451373e-01   1.102920e+01   0.000000e+00   5394s
  713881    1.5451495e-01   1.342458e+01   0.000000e+00   5400s
  714291    1.5451640e-01   1.735002e+01   0.000000e+00   5406s
  714681    1.5451744e-01   7.087903e+00   0.000000e+00   5412s
  715134    1.5451880e-01   4.686355e+01   0.000000e+00   5419s
  715587    1.5451993e-01   3.706370e+01   0.000000e+00   5426s
  716040    1.5452121e-01   3.652365e+01   0.000000e+00   5433s
  716493    1.5452265e-01   5.518193e+01   0.000000e+00   5440s
  716946    1.5452378e-01   3.799732e+00   0.000000e+00   5446s
  717399    1.5452511e-01   8.671614e+00   0.000000e+00   5452s
  717852    1.5452670e-01   1.702830e+02   0.000000e+00   5459s
  718305    1.5452805e-01   1.105355e+02   0.000000e+00   5465s
  718758    1.5452935e-01   2.798746e+01   0.000000e+00   5473s
  719211    1.5453090e-01   1.238669e+02   0.000000e+00   5480s
  719664    1.5453260e-01   1.548870e+01   0.000000e+00   5488s
  720117    1.5453419e-01   2.648337e+02   0.000000e+00   5495s
  720570    1.5453558e-01   1.152455e+02   0.000000e+00   5502s
  721023    1.5453621e-01   7.273942e+00   0.000000e+00   5508s
  721476    1.5453760e-01   2.023047e+01   0.000000e+00   5515s
  721886    1.5454234e-01   9.175745e+00   0.000000e+00   5522s
  722339    1.5454334e-01   4.406563e+00   0.000000e+00   5529s
  722792    1.5454419e-01   1.519623e+01   0.000000e+00   5535s
  723245    1.5454551e-01   4.658637e+00   0.000000e+00   5543s
  723698    1.5454717e-01   9.381116e+00   0.000000e+00   5551s
  724151    1.5454818e-01   6.987515e+00   0.000000e+00   5558s
  724604    1.5454936e-01   3.486169e+01   0.000000e+00   5566s
  725034    1.5455112e-01   4.814136e+00   0.000000e+00   5574s
  725487    1.5455237e-01   8.039984e+01   0.000000e+00   5582s
  725940    1.5455349e-01   2.024240e+01   0.000000e+00   5590s
  726393    1.5455487e-01   2.760303e+00   0.000000e+00   5598s
  726846    1.5455603e-01   1.624010e+01   0.000000e+00   5606s
  727299    1.5455719e-01   3.625999e+00   0.000000e+00   5614s
  727752    1.5455798e-01   1.871664e+01   0.000000e+00   5620s
  728205    1.5455891e-01   7.402430e+00   0.000000e+00   5627s
  728658    1.5456006e-01   1.782453e+00   0.000000e+00   5635s
  729111    1.5456149e-01   1.643232e+01   0.000000e+00   5643s
  729564    1.5456259e-01   7.417213e+00   0.000000e+00   5651s
  730017    1.5456331e-01   6.621933e+01   0.000000e+00   5659s
  730470    1.5456435e-01   5.126384e+00   0.000000e+00   5666s
  730923    1.5456529e-01   2.934515e+00   0.000000e+00   5674s
  731376    1.5456643e-01   2.017928e+02   0.000000e+00   5682s
  731829    1.5456761e-01   1.968171e+01   0.000000e+00   5689s
  732282    1.5456835e-01   1.327064e+02   0.000000e+00   5696s
  732735    1.5456957e-01   7.418829e+01   0.000000e+00   5704s
  733188    1.5457063e-01   1.519322e+00   0.000000e+00   5712s
  733641    1.5457171e-01   2.443934e+00   0.000000e+00   5719s
  734094    1.5457286e-01   5.241958e+01   0.000000e+00   5727s
  734547    1.5457363e-01   9.519997e+01   0.000000e+00   5734s
  735000    1.5457533e-01   3.523568e+01   0.000000e+00   5742s
  735453    1.5457684e-01   3.228720e+00   0.000000e+00   5748s
  735906    1.5457796e-01   8.025346e+01   0.000000e+00   5755s
  736359    1.5457894e-01   1.471093e+00   0.000000e+00   5762s
  736812    1.5457954e-01   1.478445e+00   0.000000e+00   5770s
  737265    1.5458080e-01   1.024037e+02   0.000000e+00   5778s
  737718    1.5458200e-01   1.215144e+01   0.000000e+00   5786s
  738171    1.5458299e-01   5.181262e+00   0.000000e+00   5794s
  738624    1.5458383e-01   3.566104e+02   0.000000e+00   5802s
  739077    1.5458493e-01   8.266927e+00   0.000000e+00   5811s
  739530    1.5458601e-01   3.200349e+01   0.000000e+00   5819s
  739960    1.5458713e-01   9.928820e+00   0.000000e+00   5827s
  740413    1.5458816e-01   3.127286e+00   0.000000e+00   5836s
  740863    1.5458895e-01   4.008211e+00   0.000000e+00   5844s
  741293    1.5458952e-01   2.577087e+00   0.000000e+00   5851s
  741746    1.5459051e-01   1.237293e+02   0.000000e+00   5859s
  742166    1.5459136e-01   6.518283e+00   0.000000e+00   5867s
  742546    1.5459212e-01   2.489470e+01   0.000000e+00   5874s
  742946    1.5459275e-01   5.960639e+00   0.000000e+00   5881s
  743399    1.5459363e-01   2.489412e+00   0.000000e+00   5889s
  743819    1.5459422e-01   2.076412e+00   0.000000e+00   5895s
  744229    1.5459473e-01   3.718602e+00   0.000000e+00   5902s
  744619    1.5459553e-01   2.707193e+00   0.000000e+00   5909s
  745069    1.5459627e-01   1.482260e+00   0.000000e+00   5917s
  745522    1.5459720e-01   1.277149e+01   0.000000e+00   5925s
  745962    1.5459818e-01   3.160063e+01   0.000000e+00   5933s
  746392    1.5459873e-01   1.665059e+02   0.000000e+00   5940s
  746822    1.5459952e-01   1.444595e+01   0.000000e+00   5947s
  747262    1.5460007e-01   1.148844e+01   0.000000e+00   5954s
  747672    1.5460050e-01   1.327362e+01   0.000000e+00   5961s
  748062    1.5460108e-01   7.752266e+01   0.000000e+00   5968s
  748512    1.5460220e-01   4.758334e+00   0.000000e+00   5976s
  748965    1.5460289e-01   1.940351e+00   0.000000e+00   5983s
  749418    1.5460342e-01   2.280955e+00   0.000000e+00   5991s
  749848    1.5460411e-01   5.443708e+01   0.000000e+00   6000s
  750288    1.5460467e-01   7.031151e-01   0.000000e+00   6008s
  750741    1.5460549e-01   3.589617e+00   0.000000e+00   6014s
  751194    1.5460615e-01   7.201905e+00   0.000000e+00   6021s
  751614    1.5460730e-01   1.321279e+00   0.000000e+00   6029s
  752067    1.5460794e-01   3.637023e+00   0.000000e+00   6036s
  752520    1.5460881e-01   9.570656e+00   0.000000e+00   6044s
  752920    1.5460997e-01   2.384877e+01   0.000000e+00   6052s
  753300    1.5461101e-01   1.325800e+00   0.000000e+00   6058s
  753730    1.5461199e-01   3.165006e+00   0.000000e+00   6065s
  754183    1.5461291e-01   1.998770e+00   0.000000e+00   6073s
  754633    1.5461363e-01   1.298600e+01   0.000000e+00   6080s
  755013    1.5461445e-01   2.742612e+01   0.000000e+00   6087s
  755323    1.5461521e-01   5.216006e+00   0.000000e+00   6093s
  755633    1.5461585e-01   1.730039e+00   0.000000e+00   6099s
  755963    1.5461655e-01   2.459510e+00   0.000000e+00   6105s
  756333    1.5461706e-01   3.698297e+00   0.000000e+00   6112s
  756713    1.5461769e-01   2.510717e+01   0.000000e+00   6119s
  757123    1.5461861e-01   1.468310e+00   0.000000e+00   6126s
  757576    1.5461929e-01   1.678043e+00   0.000000e+00   6133s
  758029    1.5461983e-01   7.209911e+00   0.000000e+00   6140s
  758482    1.5462026e-01   4.746855e+00   0.000000e+00   6148s
  758935    1.5462092e-01   2.675561e+00   0.000000e+00   6157s
  759335    1.5462145e-01   9.369699e-01   0.000000e+00   6165s
  759715    1.5462208e-01   1.706756e+01   0.000000e+00   6172s
  760055    1.5462280e-01   3.266283e+01   0.000000e+00   6178s
  760425    1.5462323e-01   1.702897e+00   0.000000e+00   6185s
  760795    1.5462381e-01   2.321496e+00   0.000000e+00   6192s
  761145    1.5462429e-01   2.279233e+01   0.000000e+00   6199s
  761485    1.5462491e-01   8.524490e-01   0.000000e+00   6206s
  761865    1.5462555e-01   1.379346e+00   0.000000e+00   6213s
  762185    1.5462597e-01   1.553591e+00   0.000000e+00   6220s
  762535    1.5462649e-01   5.934223e+01   0.000000e+00   6227s
  762925    1.5462696e-01   1.692177e+00   0.000000e+00   6234s
  763335    1.5462746e-01   5.944936e-01   0.000000e+00   6242s
  763788    1.5462824e-01   1.781845e+00   0.000000e+00   6251s
  764241    1.5462878e-01   3.917415e+00   0.000000e+00   6260s
  764661    1.5462923e-01   1.171026e+00   0.000000e+00   6268s
  765114    1.5463011e-01   2.797692e+00   0.000000e+00   6277s
  765524    1.5463060e-01   1.405218e+00   0.000000e+00   6285s
  765894    1.5463101e-01   2.228803e+00   0.000000e+00   6292s
  766304    1.5463151e-01   1.579905e+00   0.000000e+00   6300s
  766634    1.5463184e-01   1.515266e+00   0.000000e+00   6306s
  767024    1.5463227e-01   2.067593e+00   0.000000e+00   6313s
  767424    1.5463273e-01   1.446353e+00   0.000000e+00   6320s
  767764    1.5463318e-01   7.344893e-01   0.000000e+00   6326s
  768144    1.5463355e-01   5.977890e+00   0.000000e+00   6334s
  768524    1.5463421e-01   7.548076e+00   0.000000e+00   6341s
  768874    1.5463479e-01   1.207107e+02   0.000000e+00   6348s
  769244    1.5463527e-01   1.292519e+00   0.000000e+00   6355s
  769624    1.5463621e-01   1.461221e+00   0.000000e+00   6363s
  770077    1.5463705e-01   4.939437e+00   0.000000e+00   6372s
  770477    1.5463753e-01   6.531085e-01   0.000000e+00   6380s
  770930    1.5463806e-01   1.218736e+00   0.000000e+00   6389s
  771340    1.5463859e-01   3.212753e+00   0.000000e+00   6398s
  771750    1.5463908e-01   1.662158e+01   0.000000e+00   6406s
  772140    1.5463983e-01   5.098436e+01   0.000000e+00   6414s
  772593    1.5464079e-01   1.224829e+00   0.000000e+00   6422s
  772983    1.5464132e-01   1.494272e+00   0.000000e+00   6429s
  773403    1.5464183e-01   2.899146e+00   0.000000e+00   6436s
  773773    1.5464235e-01   9.407412e-01   0.000000e+00   6444s
  774153    1.5464266e-01   4.424613e+00   0.000000e+00   6451s
  774523    1.5464287e-01   6.395350e-01   0.000000e+00   6459s
  774903    1.5464319e-01   4.953180e-01   0.000000e+00   6466s
  775343    1.5464362e-01   3.504130e+00   0.000000e+00   6475s
  775743    1.5464406e-01   8.892163e-01   0.000000e+00   6483s
  776123    1.5464448e-01   3.089696e+00   0.000000e+00   6490s
  776473    1.5464493e-01   1.329849e+01   0.000000e+00   6498s
  776813    1.5464525e-01   1.048259e+01   0.000000e+00   6505s
  777173    1.5464585e-01   1.696213e+00   0.000000e+00   6512s
  777533    1.5464626e-01   1.319702e+00   0.000000e+00   6519s
  777883    1.5464685e-01   1.965823e+01   0.000000e+00   6527s
  778293    1.5464722e-01   9.920950e-01   0.000000e+00   6535s
  778663    1.5464746e-01   6.004961e-01   0.000000e+00   6542s
  779053    1.5464777e-01   2.119080e+00   0.000000e+00   6550s
  779443    1.5464800e-01   1.192815e+00   0.000000e+00   6557s
  779833    1.5464842e-01   3.494015e+00   0.000000e+00   6565s
  780153    1.5464872e-01   8.853571e-01   0.000000e+00   6572s
  780503    1.5464951e-01   2.965224e+00   0.000000e+00   6579s
  780873    1.5465001e-01   3.455940e+01   0.000000e+00   6587s
  781213    1.5465041e-01   5.300236e-01   0.000000e+00   6593s
  781553    1.5465063e-01   4.296153e-01   0.000000e+00   6600s
  781893    1.5465080e-01   2.402023e+00   0.000000e+00   6607s
  782243    1.5465097e-01   5.411758e-01   0.000000e+00   6614s
  782613    1.5465118e-01   3.120947e-01   0.000000e+00   6622s
  782943    1.5465130e-01   4.046263e-01   0.000000e+00   6628s
  783273    1.5465144e-01   2.128301e-01   0.000000e+00   6635s
  783653    1.5465181e-01   1.112638e+00   0.000000e+00   6643s
  783993    1.5465203e-01   6.561925e-01   0.000000e+00   6650s
  784353    1.5465225e-01   1.853985e+00   0.000000e+00   6657s
  784693    1.5465261e-01   1.160641e+01   0.000000e+00   6664s
  785013    1.5465288e-01   3.038749e-01   0.000000e+00   6670s
  785466    1.5465323e-01   3.754281e-01   0.000000e+00   6679s
  785876    1.5465364e-01   1.006197e+00   0.000000e+00   6687s
  786256    1.5465394e-01   2.595296e+00   0.000000e+00   6694s
  786616    1.5465443e-01   4.344884e+01   0.000000e+00   6702s
  786946    1.5465465e-01   3.910768e+00   0.000000e+00   6708s
  787296    1.5465488e-01   3.929777e-01   0.000000e+00   6715s
  787616    1.5465515e-01   5.751771e+01   0.000000e+00   6722s
  787916    1.5465532e-01   1.174022e+00   0.000000e+00   6728s
  788236    1.5465551e-01   9.107416e-01   0.000000e+00   6734s
  788556    1.5465572e-01   1.320782e+00   0.000000e+00   6740s
  788856    1.5465586e-01   1.369168e+00   0.000000e+00   6746s
  789166    1.5465602e-01   9.166505e-01   0.000000e+00   6753s
  789506    1.5465618e-01   9.646089e-01   0.000000e+00   6760s
  789886    1.5465631e-01   5.198517e-01   0.000000e+00   6768s
  790196    1.5465660e-01   3.755683e+00   0.000000e+00   6774s
  790506    1.5465708e-01   4.587935e-01   0.000000e+00   6781s
  790866    1.5465756e-01   2.162713e-01   0.000000e+00   6789s
  791196    1.5465784e-01   2.600595e+00   0.000000e+00   6796s
  791546    1.5465822e-01   4.316219e+00   0.000000e+00   6803s
  791876    1.5465874e-01   7.860921e+01   0.000000e+00   6809s
  792256    1.5465904e-01   1.261071e+00   0.000000e+00   6816s
  792596    1.5465928e-01   2.992726e-01   0.000000e+00   6823s
  792956    1.5465961e-01   5.121563e-01   0.000000e+00   6830s
  793296    1.5466007e-01   6.819811e-01   0.000000e+00   6837s
  793626    1.5466040e-01   3.511995e-01   0.000000e+00   6843s
  794026    1.5466076e-01   9.428042e+00   0.000000e+00   6851s
  794416    1.5466097e-01   1.077008e+00   0.000000e+00   6859s
  794766    1.5466123e-01   5.271167e-01   0.000000e+00   6867s
  795106    1.5466154e-01   7.084252e-01   0.000000e+00   6873s
  795456    1.5466173e-01   2.743102e-01   0.000000e+00   6880s
  795776    1.5466195e-01   2.470301e-01   0.000000e+00   6887s
  796126    1.5466215e-01   5.641245e-01   0.000000e+00   6893s
  796466    1.5466234e-01   1.881915e+00   0.000000e+00   6900s
  796786    1.5466249e-01   1.318330e+00   0.000000e+00   6907s
  797116    1.5466261e-01   1.108229e+00   0.000000e+00   6913s
  797406    1.5466270e-01   7.415374e-01   0.000000e+00   6919s
  797666    1.5466288e-01   9.380260e-01   0.000000e+00   6925s
  797966    1.5466298e-01   1.180640e+00   0.000000e+00   6931s
  798246    1.5466307e-01   1.363498e-01   0.000000e+00   6937s
  798586    1.5466319e-01   5.938601e-01   0.000000e+00   6944s
  798866    1.5466328e-01   9.578405e-01   0.000000e+00   6949s
  799126    1.5466336e-01   3.632004e-01   0.000000e+00   6955s
  799416    1.5466349e-01   8.599932e-02   0.000000e+00   6961s
  799736    1.5466358e-01   3.098011e-01   0.000000e+00   6968s
  800076    1.5466367e-01   5.019006e-01   0.000000e+00   6975s
  800386    1.5466374e-01   1.296442e-01   0.000000e+00   6982s
  800686    1.5466380e-01   6.583969e-01   0.000000e+00   6987s
  800936    1.5466385e-01   6.255157e-01   0.000000e+00   6993s
  801196    1.5466390e-01   1.153503e-01   0.000000e+00   6998s
  801466    1.5466393e-01   2.920420e-01   0.000000e+00   7004s
  801686    1.5466396e-01   8.302876e-02   0.000000e+00   7008s
  801926    1.5466398e-01   3.999477e-02   0.000000e+00   7013s
  802166    1.5466400e-01   1.175694e-01   0.000000e+00   7018s
  802396    1.5466402e-01   8.914658e-03   0.000000e+00   7023s
  802556    1.5446842e-01   0.000000e+00   5.450416e+01   7026s
  802916    1.5446823e-01   0.000000e+00   5.761000e+01   7032s
  803146    1.5445633e-01   0.000000e+00   2.200265e+02   7038s
  803356    1.5445018e-01   0.000000e+00   2.912677e+02   7042s
  803596    1.5444731e-01   0.000000e+00   1.067675e+03   7048s
  803836    1.5444173e-01   0.000000e+00   1.705717e+02   7053s
  804066    1.5443674e-01   0.000000e+00   3.843308e+02   7059s
  804326    1.5442798e-01   0.000000e+00   3.239733e+02   7064s
  804626    1.5442255e-01   0.000000e+00   1.956909e+02   7069s
  804936    1.5441791e-01   0.000000e+00   5.187517e+02   7075s
  805236    1.5441343e-01   0.000000e+00   1.618650e+03   7080s
  805516    1.5440647e-01   0.000000e+00   1.248130e+02   7086s
  805786    1.5440344e-01   0.000000e+00   4.068576e+02   7092s
  806046    1.5439802e-01   0.000000e+00   4.066741e+02   7098s
  806306    1.5439519e-01   0.000000e+00   1.869108e+02   7103s
  806546    1.5439295e-01   0.000000e+00   4.769256e+02   7109s
  806796    1.5438826e-01   0.000000e+00   8.764642e+02   7113s
  807036    1.5438127e-01   0.000000e+00   6.871869e+02   7119s
  807276    1.5437639e-01   0.000000e+00   2.106113e+03   7124s
  807556    1.5437495e-01   0.000000e+00   6.632535e+02   7128s
  807816    1.5437257e-01   0.000000e+00   4.595652e+02   7133s
  808046    1.5437029e-01   0.000000e+00   2.529828e+02   7138s
  808236    1.5436581e-01   0.000000e+00   3.907987e+02   7143s
  808436    1.5436201e-01   0.000000e+00   3.887648e+02   7149s
  808656    1.5435931e-01   0.000000e+00   1.953723e+02   7154s
  808906    1.5435635e-01   0.000000e+00   4.227453e+02   7159s
  809156    1.5435212e-01   0.000000e+00   8.456759e+02   7165s
  809406    1.5434653e-01   0.000000e+00   4.652831e+02   7171s
  809666    1.5434140e-01   0.000000e+00   3.521008e+02   7178s
  809946    1.5433689e-01   0.000000e+00   1.814350e+02   7183s
  810196    1.5433369e-01   0.000000e+00   5.027408e+02   7189s
  810426    1.5433065e-01   0.000000e+00   6.293935e+02   7195s

Root relaxation: time limit, 810676 iterations, 7054.87 seconds (8998.24 work units)

    Nodes    |    Current Node    |     Objective Bounds      |     Work
 Expl Unexpl |  Obj  Depth IntInf | Incumbent    BestBd   Gap | It/Node Time

     0     0          -    0        84.00000    0.00000   100%     - 7200s

Explored 1 nodes (810676 simplex iterations) in 7200.25 seconds (9074.41 work units)
Thread count was 1 (of 16 available processors)

Solution count 2: 84 85 

Time limit reached
Best objective 8.400000000000e+01, best bound 0.000000000000e+00, gap 100.0000%

User-callback calls 13272, time in user-callback 0.06 sec
Stat(MathOptInterface.TIME_LIMIT, 84.0, 0.0, 1.0, 0.0, 0.026498, 7200.26985001564, 1, Main.CFLG.EF, "", #undef)
