Data path: /scratch/opt/lxu/CFLG/benchmarks/tree_A
Instance: treeA.400.60
Result path: /scratch/opt/lxu/CFLG/results/tree_A
Solver: Gurobi
Time limit: 7200
Formulation: LEFPAV
Cover: Large
julia --project=. src/main.jl /scratch/opt/lxu/CFLG/benchmarks/tree_A treeA.400.60 /scratch/opt/lxu/CFLG/results/tree_A Gurobi 7200 LEFPAV Large
The latest version of Julia in the `release` channel is 1.11.5+0.x64.linux.gnu. You currently have `1.11.4+0.x64.linux.gnu` installed. Run:

  juliaup update

in your terminal shell to install Julia 1.11.5+0.x64.linux.gnu and update the `release` channel to that version.
/scratch/opt/lxu/CFLG/benchmarks/tree_A Gurobi 7200.0 /scratch/opt/lxu/CFLG/results/tree_A treeA.400.60 LEFPAV Large
/scratch/opt/lxu/CFLG/benchmarks/tree_A/treeA.400.60

 read graph
data loaded

problem_graph/original graph: node: 400/400 edge: 459/459 dlt: 2.972111468884594 break_avg_len: 1.486055734442297 break_max_len: 1.9917912294598787Vbar/V, Ebar/E(247, 400, 306, 459)
Set parameter TokenServer to value "solice01.zib.de"
Set parameter Threads to value 1
Set parameter OutputFlag to value 1
Gurobi Optimizer version 12.0.1 build v12.0.1rc0 (linux64 - "Debian GNU/Linux 12 (bookworm)")

CPU model: Intel(R) Xeon(R) Gold 5122 CPU @ 3.60GHz, instruction set [SSE2|AVX|AVX2|AVX512]
Thread count: 8 physical cores, 16 logical processors, using up to 1 threads

Non-default parameters:
Threads  1

Optimize a model with 715 rows, 1161 columns and 1935 nonzeros
Model fingerprint: 0x7cc52f71
Coefficient statistics:
  Matrix range     [1e+00, 1e+00]
  Objective range  [1e+00, 1e+00]
  Bounds range     [1e+00, 1e+00]
  RHS range        [1e+00, 1e+00]
Presolve removed 715 rows and 1161 columns
Presolve time: 0.00s
Presolve: All rows and columns removed
Iteration    Objective       Primal Inf.    Dual Inf.      Time
       0    8.1000000e+01   0.000000e+00   0.000000e+00      0s

Solved in 0 iterations and 0.00 seconds (0.00 work units)
Optimal objective  8.100000000e+01

User-callback calls 35, time in user-callback 0.00 sec
elapsed CPU time: 1.472512 seconds
Set parameter TokenServer to value "solice01.zib.de"
Set parameter Threads to value 1
Set parameter OutputFlag to value 1
Set parameter MIPGap to value 0.0001
Set parameter MIPGapAbs to value 0.999998
Set parameter TimeLimit to value 7198.527488

 more cuts: false 2.972111468884594 false
is_attach:trueformulation:LEFPAV0 387 0
Set parameter PreCrush to value 1

 model loaded

Gurobi Optimizer version 12.0.1 build v12.0.1rc0 (linux64 - "Debian GNU/Linux 12 (bookworm)")

CPU model: Intel(R) Xeon(R) Gold 5122 CPU @ 3.60GHz, instruction set [SSE2|AVX|AVX2|AVX512]
Thread count: 8 physical cores, 16 logical processors, using up to 1 threads

Non-default parameters:
TimeLimit  7198.527488
MIPGapAbs  0.999998
PreCrush  1
Threads  1

Optimize a model with 11879 rows, 6891 columns and 33087 nonzeros
Model fingerprint: 0x6f3e06f0
Variable types: 1102 continuous, 5789 integer (5789 binary)
Coefficient statistics:
  Matrix range     [1e-06, 6e+00]
  Objective range  [1e+00, 1e+00]
  Bounds range     [9e-02, 3e+00]
  RHS range        [1e-06, 6e+00]
Presolve removed 6037 rows and 3186 columns
Presolve time: 0.21s
Presolved: 5842 rows, 3705 columns, 25835 nonzeros
Variable types: 552 continuous, 3153 integer (3153 binary)
Found heuristic solution: objective 352.0000000
Found heuristic solution: objective 349.0000000
Found heuristic solution: objective 232.0000000

Root relaxation: objective 7.790230e+01, 3317 iterations, 0.05 seconds (0.05 work units)

    Nodes    |    Current Node    |     Objective Bounds      |     Work
 Expl Unexpl |  Obj  Depth IntInf | Incumbent    BestBd   Gap | It/Node Time

     0     0   77.90230    0  823  232.00000   77.90230  66.4%     -    0s
H    0     0                     220.0000000   77.90230  64.6%     -    0s
H    0     0                     164.0000000   77.90230  52.5%     -    0s
H    0     0                     160.0000000   77.90230  51.3%     -    0s
H    0     0                     159.0000000   77.90230  51.0%     -    0s
elapsed CPU time: 1.3834489272763816e13 seconds
     0     0   86.42971    0  986  159.00000   86.42971  45.6%     -    1s
H    0     0                     158.0000000   86.45165  45.3%     -    1s
H    0     0                     155.0000000   86.45165  44.2%     -    1s
H    0     0                     146.0000000   86.45165  40.8%     -    1s
elapsed CPU time: 1.383117305979446e13 seconds
     0     0   86.64729    0  979  146.00000   86.64729  40.7%     -    1s
elapsed CPU time: 1.508637327515713e9 seconds
     0     0   86.70566    0  995  146.00000   86.70566  40.6%     -    1s
elapsed CPU time: 9.148752787458e8 seconds
     0     0   86.70639    0 1007  146.00000   86.70639  40.6%     -    1s
elapsed CPU time: 0.02496 seconds
     0     0   92.35797    0  897  146.00000   92.35797  36.7%     -    1s
H    0     0                     145.0000000   92.36037  36.3%     -    1s
elapsed CPU time: 1.843862638365667e13 seconds
     0     0   92.39873    0  874  145.00000   92.39873  36.3%     -    1s
elapsed CPU time: 9.231489726907703e12 seconds
     0     0   92.41719    0  909  145.00000   92.41719  36.3%     -    1s
elapsed CPU time: 0.024407 seconds
     0     0   92.41729    0  905  145.00000   92.41729  36.3%     -    1s
elapsed CPU time: 7.394086847799508e9 seconds
     0     0   96.11305    0  816  145.00000   96.11305  33.7%     -    2s
H    0     0                     139.0000000   96.19638  30.8%     -    2s
H    0     0                     138.0000000   96.19638  30.3%     -    2s
elapsed CPU time: 9.22593996773633e12 seconds
     0     0   96.32356    0  889  138.00000   96.32356  30.2%     -    2s
elapsed CPU time: 9.221283948309537e12 seconds
     0     0   96.45873    0  870  138.00000   96.45873  30.1%     -    2s
elapsed CPU time: 9.2233720368548e12 seconds
     0     0   96.47340    0  853  138.00000   96.47340  30.1%     -    2s
elapsed CPU time: 0.025472 seconds
     0     0   96.47372    0  864  138.00000   96.47372  30.1%     -    2s
elapsed CPU time: 0.025187 seconds
     0     0   98.61222    0  754  138.00000   98.61222  28.5%     -    2s
elapsed CPU time: 9.224486885810793e12 seconds
     0     0   98.72884    0  774  138.00000   98.72884  28.5%     -    2s
elapsed CPU time: 9.189094336657121e12 seconds
     0     0   98.73077    0  744  138.00000   98.73077  28.5%     -    2s
elapsed CPU time: 0.037062 seconds
     0     0   98.87873    0  693  138.00000   98.87873  28.3%     -    2s
H    0     0                     135.0000000   98.87873  26.8%     -    2s
H    0     0                     134.0000000   98.87873  26.2%     -    2s
elapsed CPU time: 1.834413553977658e13 seconds
     0     0   98.88161    0  676  134.00000   98.88161  26.2%     -    2s
elapsed CPU time: 1.3833617707934703e13 seconds
     0     0   99.04598    0  703  134.00000   99.04598  26.1%     -    2s
H    0     0                     125.0000000   99.04598  20.8%     -    3s
H    0     0                     123.0000000   99.04598  19.5%     -    3s
elapsed CPU time: 2.265114212327647e9 seconds
     0     0   99.08431    0  733  123.00000   99.08431  19.4%     -    3s
elapsed CPU time: 9.110547236013498e12 seconds
     0     0   99.08585    0  732  123.00000   99.08585  19.4%     -    3s
elapsed CPU time: 4.600639757679103e12 seconds
     0     0   99.34586    0  719  123.00000   99.34586  19.2%     -    3s
elapsed CPU time: 9.219834886473408e12 seconds
     0     0   99.34586    0  724  123.00000   99.34586  19.2%     -    3s
elapsed CPU time: 3.4172847161106617e10 seconds
     0     0   99.34881    0  709  123.00000   99.34881  19.2%     -    3s
elapsed CPU time: 1.3837247075558908e13 seconds
     0     0   99.35368    0  721  123.00000   99.35368  19.2%     -    3s
elapsed CPU time: 0.024835 seconds
     0     0   99.41418    0  713  123.00000   99.41418  19.2%     -    3s
elapsed CPU time: 0.034122 seconds
     0     0   99.41418    0  354  123.00000   99.41418  19.2%     -    3s
elapsed CPU time: 1.8443432391931355e13 seconds
H    0     0                     121.0000000   99.41418  17.8%     -    3s
H    0     0                     120.0000000   99.41418  17.2%     -    3s
H    0     0                     119.0000000   99.41418  16.5%     -    3s
H    0     0                     118.0000000   99.41418  15.8%     -    3s
H    0     0                     117.0000000   99.41418  15.0%     -    3s
elapsed CPU time: 4.577209852085953e12 seconds
     0     2   99.41418    0  431  117.00000   99.41418  15.0%     -    4s
H   26    26                     113.0000000   99.41418  12.0%   113    4s
H   52    50                     112.0000000   99.41418  11.2%  82.1    4s
H   52    50                     111.0000000   99.41418  10.4%  82.1    4s
H   52    50                     110.0000000   99.41418  9.62%  82.1    4s
   130   125  107.10117  102  102  110.00000   99.41418  9.62%  43.9    5s
   562   507  103.51261   30  351  110.00000  103.41178  5.99%  33.8   10s
   600   532  106.08472   25  344  110.00000  106.08472  3.56%  31.7   15s
   639   560  106.97349   59  300  110.00000  106.97349  2.75%   189   20s
   672   582  107.46667   44  200  110.00000  107.46667  2.30%   180   25s
   981   648  108.33333   33  305  110.00000  108.00000  1.82%   234   30s
  1648   749  109.00000   45  100  110.00000  108.33333  1.52%   157   35s
  2569   888  109.00000   63  229  110.00000  108.50000  1.36%   120   40s
  3467  1115  108.58820   47  329  110.00000  108.50000  1.36%   107   45s
  4288  1396  108.50180   33  383  110.00000  108.50000  1.36%   100   50s
  5061  1574  109.00000   57   89  110.00000  108.50000  1.36%  95.2   55s
  5851  1807  109.00000   49  232  110.00000  108.50000  1.36%  91.1   60s
  6700  2042  109.00000   40  305  110.00000  108.50000  1.36%  87.5   65s
  7527  2241  109.00000   42  251  110.00000  108.50180  1.36%  85.0   70s
  8486  2433     cutoff   49       110.00000  108.53079  1.34%  82.4   75s
  9535  2545     cutoff   31       110.00000  108.66667  1.21%  80.1   80s
 10202  2588     cutoff   43       110.00000  108.75000  1.14%  78.0   96s
 11005  2621  109.00000   37  248  110.00000  108.83333  1.06%  76.8  100s
 11989  2361     cutoff   42       110.00000  109.00000  0.91%  77.5  105s
 12969  1657  109.00000   43  201  110.00000  109.00000  0.91%  78.1  110s
 13906  1439  109.00000   50  139  110.00000  109.00000  0.91%  77.9  115s
 14863  1197     cutoff   66       110.00000  109.00000  0.91%  77.9  120s
 15947   987     cutoff   43       110.00000  109.00000  0.91%  77.2  125s
 16853   766  109.00000   35  239  110.00000  109.00000  0.91%  76.9  130s
 17739   708  109.00000   56  256  110.00000  109.00000  0.91%  75.9  135s
 18718   278     cutoff   48       110.00000  109.00000  0.91%  75.9  140s

Cutting planes:
  Learned: 3
  Gomory: 25
  Cover: 121
  Implied bound: 63
  Clique: 12
  MIR: 97
  Mixing: 3
  StrongCG: 7
  Flow cover: 349
  GUB cover: 93
  Inf proof: 2
  Zero half: 151
  RLT: 63
  Relax-and-lift: 37
  BQP: 4

Explored 19721 nodes (1500661 simplex iterations) in 144.70 seconds (104.43 work units)
Thread count was 1 (of 16 available processors)

Solution count 10: 110 110 110 ... 118

Optimal solution found (tolerance 1.00e-04)
Best objective 1.100000000000e+02, best bound 1.100000000000e+02, gap 0.0000%

User-callback calls 92217, time in user-callback 2.49 sec

 sepatime1.9343287562677238e14 129803 29
110.0Stat(MathOptInterface.OPTIMAL, 110.0, 110.0, 0.0, 1.9343287562677238e14, 1.472512, 144.69857001304626, 19721, Main.CFLG.LEFPAV, "", #undef)
ERROR: LoadError: SystemError: opening file "/scratch/opt/lxu/CFLG/results/tree_A/treeA.400.60.LEFPAV.Large": No such file or directory
Stacktrace:
 [1] systemerror(p::String, errno::Int32; extrainfo::Nothing)
   @ Base ./error.jl:176
 [2] systemerror
   @ ./error.jl:175 [inlined]
 [3] open(fname::String; lock::Bool, read::Nothing, write::Nothing, create::Nothing, truncate::Bool, append::Nothing)
   @ Base ./iostream.jl:295
 [4] open
   @ ./iostream.jl:277 [inlined]
 [5] open(fname::String, mode::String; lock::Bool)
   @ Base ./iostream.jl:358
 [6] open
   @ ./iostream.jl:357 [inlined]
 [7] main(args::Vector{String})
   @ Main /scratch/opt/lxu/CFLG/src/main.jl:51
 [8] top-level scope
   @ /scratch/opt/lxu/CFLG/src/main.jl:57
in expression starting at /scratch/opt/lxu/CFLG/src/main.jl:57
srun: error: htc-cmp455: task 0: Exited with exit code 1
