Data path: /scratch/opt/lxu/CFLG/benchmarks/Kgroup_A
Instance: K100.7.red
Result path: /scratch/opt/lxu/CFLG/results/Kgroup_A
Solver: Gurobi
Time limit: 3600
Formulation: LEFPV2
Cover: Small
julia --project=. src/main.jl /scratch/opt/lxu/CFLG/benchmarks/Kgroup_A K100.7.red /scratch/opt/lxu/CFLG/results/Kgroup_A Gurobi 3600 LEFPV2 Small
The latest version of Julia in the `release` channel is 1.11.5+0.x64.linux.gnu. You currently have `1.11.4+0.x64.linux.gnu` installed. Run:

  juliaup update

in your terminal shell to install Julia 1.11.5+0.x64.linux.gnu and update the `release` channel to that version.
/scratch/opt/lxu/CFLG/benchmarks/Kgroup_A Gurobi 3600.0 /scratch/opt/lxu/CFLG/results/Kgroup_A K100.7.red LEFPV2 Small
/scratch/opt/lxu/CFLG/benchmarks/Kgroup_A/K100.7.red

 read graph
data loaded


after absorb:25 25

max_piece:16
problem_graph/original graph: node: 38/25 edge: 106/93 dlt: 0.07039643319715462 break_avg_len: 0.24705163348435394 break_max_len: 1.0elapsed CPU time: 0.058978 seconds
Set parameter TokenServer to value "solice01.zib.de"
Set parameter Threads to value 1
Set parameter OutputFlag to value 1
Set parameter MIPGap to value 0.0001
Set parameter MIPGapAbs to value 1
Set parameter TimeLimit to value 3599.941022

 more cuts:true
formulation:LEFPV264 42 13
Set parameter PreCrush to value 1

 model loaded

Gurobi Optimizer version 12.0.1 build v12.0.1rc0 (linux64 - "Debian GNU/Linux 12 (bookworm)")

CPU model: Intel(R) Xeon(R) Gold 5122 CPU @ 3.60GHz, instruction set [SSE2|AVX|AVX2|AVX512]
Thread count: 8 physical cores, 16 logical processors, using up to 1 threads

Non-default parameters:
TimeLimit  3599.941022
MIPGapAbs  1
PreCrush  1
Threads  1

Optimize a model with 2731 rows, 1454 columns and 6609 nonzeros
Model fingerprint: 0xcef621e1
Variable types: 356 continuous, 1098 integer (970 binary)
Coefficient statistics:
  Matrix range     [8e-03, 1e+00]
  Objective range  [1e+00, 1e+00]
  Bounds range     [8e-03, 1e+00]
  RHS range        [1e-04, 7e+00]
Presolve removed 1357 rows and 318 columns
Presolve time: 0.04s
Presolved: 1374 rows, 1136 columns, 7042 nonzeros
Variable types: 272 continuous, 864 integer (828 binary)
Found heuristic solution: objective 222.0000000
Found heuristic solution: objective 198.0000000

Root relaxation: objective 1.390000e+02, 422 iterations, 0.01 seconds (0.01 work units)

    Nodes    |    Current Node    |     Objective Bounds      |     Work
 Expl Unexpl |  Obj  Depth IntInf | Incumbent    BestBd   Gap | It/Node Time

     0     0  139.00000    0   61  198.00000  139.00000  29.8%     -    0s
H    0     0                     182.0000000  139.00000  23.6%     -    0s
H    0     0                     172.0000000  139.00000  19.2%     -    0s
H    0     0                     167.0000000  139.00000  16.8%     -    0s
     0     0  139.21712    0   94  167.00000  139.21712  16.6%     -    0s
     0     0  139.30119    0   96  167.00000  139.30119  16.6%     -    0s
     0     0  142.29344    0  126  167.00000  142.29344  14.8%     -    0s
     0     0  142.29942    0  122  167.00000  142.29942  14.8%     -    0s
     0     0  142.30037    0  120  167.00000  142.30037  14.8%     -    0s
     0     0  142.57763    0  141  167.00000  142.57763  14.6%     -    0s
     0     0  142.76712    0  136  167.00000  142.76712  14.5%     -    0s
     0     0  142.77079    0  139  167.00000  142.77079  14.5%     -    0s
     0     0  142.77080    0  142  167.00000  142.77080  14.5%     -    0s
     0     0  143.86735    0  145  167.00000  143.86735  13.9%     -    0s
H    0     0                     163.0000000  143.86735  11.7%     -    0s
     0     0  144.12428    0  130  163.00000  144.12428  11.6%     -    0s
     0     0  144.14452    0  146  163.00000  144.14452  11.6%     -    0s
     0     0  144.15788    0  139  163.00000  144.15788  11.6%     -    0s
     0     0  144.15807    0  152  163.00000  144.15807  11.6%     -    0s
     0     0  144.24981    0  152  163.00000  144.24981  11.5%     -    0s
     0     0  144.30220    0  155  163.00000  144.30220  11.5%     -    0s
     0     0  144.30598    0  165  163.00000  144.30598  11.5%     -    0s
     0     0  144.30598    0  170  163.00000  144.30598  11.5%     -    0s
     0     0  144.33146    0  141  163.00000  144.33146  11.5%     -    0s
H    0     0                     162.0000000  144.33146  10.9%     -    0s
     0     0  144.35841    0  150  162.00000  144.35841  10.9%     -    0s
     0     0  144.36021    0  150  162.00000  144.36021  10.9%     -    0s
     0     0  144.46832    0  161  162.00000  144.46832  10.8%     -    0s
     0     0  144.50096    0  157  162.00000  144.50096  10.8%     -    0s
     0     0  144.52737    0  151  162.00000  144.52737  10.8%     -    0s
     0     0  144.52926    0  164  162.00000  144.52926  10.8%     -    0s
     0     0  144.59219    0  168  162.00000  144.59219  10.7%     -    0s
     0     0  144.62612    0  184  162.00000  144.62612  10.7%     -    0s
     0     0  144.63162    0  195  162.00000  144.63162  10.7%     -    0s
     0     0  144.63162    0  198  162.00000  144.63162  10.7%     -    0s
     0     0  144.68357    0  204  162.00000  144.68357  10.7%     -    0s
     0     0  144.70780    0  205  162.00000  144.70780  10.7%     -    0s
     0     0  144.71347    0  206  162.00000  144.71347  10.7%     -    0s
     0     0  144.71393    0  213  162.00000  144.71393  10.7%     -    0s
     0     0  144.77825    0  190  162.00000  144.77825  10.6%     -    0s
     0     0  144.79638    0  181  162.00000  144.79638  10.6%     -    0s
     0     0  144.79719    0  199  162.00000  144.79719  10.6%     -    0s
     0     0  144.80508    0  194  162.00000  144.80508  10.6%     -    0s
     0     0  144.80508    0  170  162.00000  144.80508  10.6%     -    0s
H    0     0                     157.0000000  144.83290  7.75%     -    0s
     0     2  144.83290    0  169  157.00000  144.83290  7.75%     -    0s
*  517   464             126     156.0000000  144.97892  7.06%  19.3    1s
   623   532  148.48723   76  205  156.00000  147.56523  5.41%  17.6    5s
  1085   794  147.87489   27  179  156.00000  147.78168  5.27%  54.7   10s
  2611  1716     cutoff  136       156.00000  147.85322  5.22%  49.6   15s
  4231  3126  150.55725   61   52  156.00000  147.89667  5.19%  47.8   20s
  5672  4306  148.26413   35  214  156.00000  147.93316  5.17%  48.0   25s
  6740  5168  151.76979   68   56  156.00000  147.95078  5.16%  48.6   30s
* 7737  5475             143     155.0000000  147.97058  4.54%  48.3   33s
  8286  5904  149.04394   36  133  155.00000  147.99434  4.52%  48.6   35s
  9970  7283  150.43310   46   76  155.00000  148.03526  4.49%  48.1   40s
 10203  7472  148.69976   56  170  155.00000  148.03924  4.49%  47.9   49s
 10213  7479  149.73013   50  211  155.00000  148.03924  4.49%  47.8   50s
 10266  7514  148.54327   49  164  155.00000  148.08026  4.46%  47.6   55s
 10307  7541  150.35372   50  200  155.00000  148.21024  4.38%  47.4   60s
 10353  7572  150.61164   72  223  155.00000  148.35815  4.29%  47.2   65s
 10385  7593  150.51168   78  235  155.00000  148.35815  4.29%  47.1   70s
 10417  7615  151.04124   52  261  155.00000  148.35815  4.29%  46.9   75s
 10609  7733  150.52515   69   83  155.00000  148.35815  4.29%  53.5   80s
 11031  7934  151.53965   79   55  155.00000  148.38543  4.27%  53.9   85s
 11953  8332  148.72024   48  211  155.00000  148.52724  4.18%  53.9   90s
 13044  8893  153.88829   88   54  155.00000  148.65513  4.09%  54.7   95s
 14242  9463  149.12377   53  216  155.00000  148.69427  4.07%  55.4  100s
 15518 10048     cutoff  104       155.00000  148.74473  4.04%  55.9  105s
 16891 10701  153.67667  114   59  155.00000  148.78944  4.01%  56.3  110s
 18227 11336  149.02824   50  192  155.00000  148.83692  3.98%  56.2  115s
 19604 11945  149.49948   54  158  155.00000  148.86393  3.96%  56.3  120s
 20748 12465  149.83198   51  161  155.00000  148.88362  3.95%  56.3  125s
 22089 13075  149.29027   52  178  155.00000  148.89789  3.94%  56.5  130s
 23630 13782  149.01194   54  213  155.00000  148.92180  3.92%  56.3  135s
 25011 14381  150.79194   61  147  155.00000  148.94036  3.91%  56.8  140s
 26541 15051  150.05024   61  124  155.00000  148.96908  3.89%  57.0  145s
 28170 15781  149.61218   57  160  155.00000  148.98835  3.88%  57.0  150s
 29693 16480  149.89053   51  149  155.00000  149.00169  3.87%  56.8  155s
 31335 17269  149.94578   59  149  155.00000  149.01006  3.86%  56.6  160s
 33020 18047  150.39107   61  107  155.00000  149.02313  3.86%  56.7  165s
 34821 19374  152.25058   88   44  155.00000  149.03409  3.85%  56.5  170s
 36323 20583  153.08408   71   73  155.00000  149.04407  3.84%  56.5  175s
 37886 21822  153.04532   96   26  155.00000  149.05221  3.84%  56.4  180s
 39421 23035  151.50921   87   84  155.00000  149.06311  3.83%  56.5  185s
 41208 24379  150.12649   64   93  155.00000  149.07583  3.82%  56.2  190s
 42701 25570  149.78974   63  142  155.00000  149.08186  3.82%  56.5  195s
 44143 26687  149.32787   48  223  155.00000  149.09107  3.81%  56.6  200s
 45529 27773  152.49998   96   69  155.00000  149.10322  3.80%  56.7  205s
 47048 28923  150.36979   80  112  155.00000  149.11207  3.80%  56.6  210s
 48698 30230  151.82910   60   51  155.00000  149.12090  3.79%  56.5  215s
H49548 26586                     154.0000000  149.12396  3.17%  56.4  217s
 49963 26912  149.74915   64  136  154.00000  149.12672  3.16%  56.5  220s
 50919 27612  151.85781   85   90  154.00000  149.13386  3.16%  56.6  225s
 52244 28532  152.88151  110   37  154.00000  149.14578  3.15%  56.9  230s
 53606 29544  149.18030   48  264  154.00000  149.15078  3.15%  57.1  235s
 54954 30544  149.71400   66  138  154.00000  149.15734  3.14%  57.3  240s
 56347 31559  149.67991   54  184  154.00000  149.17130  3.14%  57.3  245s
 57655 32527  152.50000   97   47  154.00000  149.17797  3.13%  57.5  250s
 58980 33460     cutoff   84       154.00000  149.18766  3.12%  57.7  255s
 60322 34481  149.96753   64  129  154.00000  149.19517  3.12%  57.8  260s
 61588 35409  151.07873   67   82  154.00000  149.20097  3.12%  58.1  265s
 62802 36294  150.31406   64  149  154.00000  149.20833  3.11%  58.3  270s
 64211 37347  149.70235   56  202  154.00000  149.21695  3.11%  58.4  275s
 65578 38319  149.82887   56  186  154.00000  149.22282  3.10%  58.5  280s
 67094 39407  151.17395   80   72  154.00000  149.22747  3.10%  58.6  285s
 68395 40389  150.75908   61  172  154.00000  149.23361  3.10%  58.8  290s
 69909 41508  149.64536   63  123  154.00000  149.23951  3.09%  58.8  295s
 71427 42628  152.02945   78   71  154.00000  149.24400  3.09%  58.7  300s
 72792 43629  151.48215   83   89  154.00000  149.24926  3.08%  58.9  305s
 74211 44609  149.55462   55  162  154.00000  149.25385  3.08%  59.0  310s
 75565 45600  152.05787   78   23  154.00000  149.25976  3.08%  59.2  315s
 77034 46640  152.43013   76   90  154.00000  149.26390  3.08%  59.1  320s
 78442 47608  150.36634   60  101  154.00000  149.26794  3.07%  59.2  325s
 79763 48590  149.98167   48  194  154.00000  149.27562  3.07%  59.3  330s
 81092 49546  150.14405   57  191  154.00000  149.28067  3.06%  59.4  335s
 82430 50518  152.17069  105   73  154.00000  149.28592  3.06%  59.5  340s
 83774 51514  150.68714   68  140  154.00000  149.29000  3.06%  59.6  345s
 85129 52507  152.21710   84   59  154.00000  149.29505  3.06%  59.6  350s
 86298 53371  150.94851   76  113  154.00000  149.29910  3.05%  59.8  355s
 87730 54381  149.35722   62  197  154.00000  149.30384  3.05%  59.8  360s
 89000 55272  149.86298   49  199  154.00000  149.30851  3.05%  59.9  365s
 90408 56291  150.22996   64  157  154.00000  149.31145  3.04%  59.9  370s
 91718 57243  150.74590   71  128  154.00000  149.31532  3.04%  60.0  375s
 92947 58114  150.65203   65  150  154.00000  149.31941  3.04%  60.1  380s
 94307 59104  149.58119   59  180  154.00000  149.32450  3.04%  60.2  385s
 95589 59991  152.16418   97   61  154.00000  149.32758  3.03%  60.2  390s
 96918 60901  150.33734   77  145  154.00000  149.33155  3.03%  60.3  395s
 98138 61760  151.32098   58   65  154.00000  149.33530  3.03%  60.4  400s
 99455 62724  150.29136   63  142  154.00000  149.33871  3.03%  60.5  405s
 100892 63759  151.68240   82   87  154.00000  149.34392  3.02%  60.5  410s
 102271 64774  149.74037   59  195  154.00000  149.34764  3.02%  60.5  415s
 103624 65785  152.64790   91   42  154.00000  149.35051  3.02%  60.6  420s
 104912 66706  151.02613   74   91  154.00000  149.35308  3.02%  60.7  425s
 105340 67001  150.68549   67  152  154.00000  149.35427  3.02%  60.7  430s
 106525 67861  149.67894   60  170  154.00000  149.35738  3.01%  60.8  435s
 107743 68749  150.94339   74   71  154.00000  149.36069  3.01%  60.8  440s
 109170 69815  150.97777   66  125  154.00000  149.36427  3.01%  60.9  445s
 110525 70776  151.24539   70   96  154.00000  149.36786  3.01%  61.0  450s
 111737 71683  152.15146   70   43  154.00000  149.37099  3.01%  61.0  455s
 113020 72610  150.74141   82   73  154.00000  149.37482  3.00%  61.1  460s
 114358 73547  150.00129   56  209  154.00000  149.37853  3.00%  61.1  465s
 115777 74564  149.81537   54  158  154.00000  149.38182  3.00%  61.2  470s
 117117 75517     cutoff   88       154.00000  149.38495  3.00%  61.2  475s
 118477 76477  149.61391   62  186  154.00000  149.38765  3.00%  61.2  480s
 119884 77498  149.52854   53  173  154.00000  149.39079  2.99%  61.3  485s
 121296 78488  152.00000   90   50  154.00000  149.39325  2.99%  61.3  490s
 122641 79477  150.88681   59  151  154.00000  149.39574  2.99%  61.3  495s
 124051 80488  149.81402   56  177  154.00000  149.39815  2.99%  61.4  500s
 125428 81477  152.33259   84   69  154.00000  149.40188  2.99%  61.4  505s
 126862 82532  150.14069   60  161  154.00000  149.40431  2.98%  61.3  510s
 128279 83575  149.83452   66  185  154.00000  149.40709  2.98%  61.3  515s
 129680 84601  149.79065   62  214  154.00000  149.41067  2.98%  61.4  520s
 131044 85553  151.43609   66   76  154.00000  149.41369  2.98%  61.4  525s
 132364 86480  149.81876   55  192  154.00000  149.41587  2.98%  61.4  530s
 133699 87406  150.00421   74  107  154.00000  149.41902  2.97%  61.5  535s
 135195 88446  149.59214   49  196  154.00000  149.42208  2.97%  61.4  540s
 136600 89506  150.87346   80   72  154.00000  149.42558  2.97%  61.5  545s
 137969 90487  151.58865   76   77  154.00000  149.42714  2.97%  61.5  550s
 139370 91494  150.78232   60  129  154.00000  149.42925  2.97%  61.5  555s
 140812 92565  151.89637   72  110  154.00000  149.43160  2.97%  61.5  560s
 142249 93578  151.52029   69  109  154.00000  149.43436  2.96%  61.5  565s
 143659 94620  150.14727   56  181  154.00000  149.43763  2.96%  61.5  570s
 145095 95667  151.69337   69  101  154.00000  149.43994  2.96%  61.5  575s
 146385 96658  150.13910   54  153  154.00000  149.44263  2.96%  61.6  580s
 147761 97624  151.24915   77   78  154.00000  149.44510  2.96%  61.6  585s
 149146 98640  150.91377   67   91  154.00000  149.44816  2.96%  61.6  590s
 150523 99614  151.33333   70   59  154.00000  149.45148  2.95%  61.6  595s
 151919 100624  151.88136   88   91  154.00000  149.45303  2.95%  61.6  600s
 153272 101595  150.25685   68  106  154.00000  149.45594  2.95%  61.7  605s
 154540 102475  150.03214   54  163  154.00000  149.45807  2.95%  61.7  610s
 155901 103487  150.05112   61  193  154.00000  149.46063  2.95%  61.7  615s
 157234 104439  151.68311   73  121  154.00000  149.46258  2.95%  61.8  620s
 158571 105377  152.17456   85   93  154.00000  149.46538  2.94%  61.8  625s
 159839 106259  150.23414   58  146  154.00000  149.46782  2.94%  61.8  630s
 161234 107260  150.84119   67  108  154.00000  149.47094  2.94%  61.9  635s
 162579 108190  152.26038   91   82  154.00000  149.47304  2.94%  61.9  640s
 163974 109185  151.00034   87   96  154.00000  149.47472  2.94%  61.9  645s
 165493 110285  149.84891   57  186  154.00000  149.47723  2.94%  61.9  650s
 166860 111256  150.30633   58  127  154.00000  149.47980  2.94%  61.9  655s
 168253 112257  150.40524   59  178  154.00000  149.48197  2.93%  61.9  660s
 169669 113281  151.88312   78   44  154.00000  149.48512  2.93%  61.9  665s
 170997 114222  152.56972   88   64  154.00000  149.48713  2.93%  61.9  670s
 172468 115267  151.49999   68   40  154.00000  149.48998  2.93%  61.9  675s
 173964 116331  150.30026   55  167  154.00000  149.49286  2.93%  61.9  680s
 175323 117339  150.88166   59  151  154.00000  149.49379  2.93%  61.9  685s
 176624 118272     cutoff  102       154.00000  149.49590  2.92%  61.9  690s
 177933 119191     cutoff   84       154.00000  149.49838  2.92%  62.0  695s
 179404 120293  149.71637   61  170  154.00000  149.50060  2.92%  61.9  700s
 180823 121302  152.00000   87   34  154.00000  149.50388  2.92%  61.9  705s
 182150 122224  151.40535   74   92  154.00000  149.50570  2.92%  61.9  710s
 183547 123232     cutoff   73       154.00000  149.50887  2.92%  62.0  715s
 184985 124282  150.00188   59  124  154.00000  149.51104  2.91%  62.0  720s
 186440 125276  151.20580   69  104  154.00000  149.51369  2.91%  61.9  725s
 187783 126208  151.14250   67  118  154.00000  149.51580  2.91%  62.0  730s
 189200 127224  152.07150   92   40  154.00000  149.51768  2.91%  62.0  735s
 190675 128319  152.05041   77   40  154.00000  149.51936  2.91%  61.9  740s
 192096 129296  149.80970   58  187  154.00000  149.52146  2.91%  61.9  745s
 193386 130184  149.81724   61  167  154.00000  149.52368  2.91%  61.9  750s
 194801 131181  151.70204   88   71  154.00000  149.52544  2.91%  61.9  755s
 196247 132179  149.85013   55  179  154.00000  149.52759  2.90%  61.9  760s
 197631 133191  151.00934   72  116  154.00000  149.53009  2.90%  61.9  765s
 198925 134073  149.95371   60  129  154.00000  149.53212  2.90%  62.0  770s
 200329 135035  150.33364   67  143  154.00000  149.53354  2.90%  62.0  775s
 201752 136054  150.21275   72  126  154.00000  149.53582  2.90%  62.0  780s
 203213 137145  150.65765   85  106  154.00000  149.53766  2.90%  61.9  785s
 204245 137884  151.08247   56  139  154.00000  149.53892  2.90%  61.9  790s
 205706 138935  151.44204   75   89  154.00000  149.54137  2.90%  62.0  795s
 207236 139997  150.50764   62  127  154.00000  149.54398  2.89%  61.9  800s
 208528 140935  152.04047   73   90  154.00000  149.54524  2.89%  61.9  805s
 210071 142097  150.93524   81   88  154.00000  149.54718  2.89%  61.9  810s
 211524 143168  151.52107   65  108  154.00000  149.54932  2.89%  61.9  815s
 212940 144149  150.04691   62  162  154.00000  149.55213  2.89%  61.9  820s
 214316 145130  151.05569   59  151  154.00000  149.55421  2.89%  61.9  825s
 215628 146079  151.70287   74   61  154.00000  149.55616  2.89%  62.0  830s
 216898 146964  150.11962   68  154  154.00000  149.55809  2.88%  62.0  835s
 218228 147892  149.91636   62  158  154.00000  149.56012  2.88%  62.0  840s
 219596 148847  151.58130   59  107  154.00000  149.56152  2.88%  62.0  845s
 221088 149959  152.00000   60   56  154.00000  149.56368  2.88%  62.0  850s
 222486 151008  152.05005   85  108  154.00000  149.56604  2.88%  62.0  855s
 223767 151898  151.21737   79  120  154.00000  149.56870  2.88%  62.1  860s
 225166 152906  150.64806   78  114  154.00000  149.57038  2.88%  62.0  865s
 226496 153845  151.61458   66   80  154.00000  149.57202  2.88%  62.1  870s
 227847 154772  150.13142   61  148  154.00000  149.57351  2.87%  62.1  875s
 229007 155611  151.19634   77   88  154.00000  149.57481  2.87%  62.1  880s
 230338 156575  151.27063   67  126  154.00000  149.57663  2.87%  62.1  885s
 231813 157609  152.43048   92   60  154.00000  149.57836  2.87%  62.1  890s
 233057 158504  149.86483   56  202  154.00000  149.58067  2.87%  62.1  895s
 234419 159507  152.85338   97   54  154.00000  149.58167  2.87%  62.1  900s
 235738 160445  151.26562   74  113  154.00000  149.58351  2.87%  62.2  905s
 237083 161408  150.28510   78  144  154.00000  149.58503  2.87%  62.2  910s
 238470 162337  150.90733   60   87  154.00000  149.58650  2.87%  62.2  915s
 239837 163305  150.20737   57  155  154.00000  149.58874  2.86%  62.2  920s
 241050 164184  150.51718   59  150  154.00000  149.59068  2.86%  62.2  925s
 242335 165099  150.65898   72   87  154.00000  149.59214  2.86%  62.2  930s
 243716 166088  149.67706   62  175  154.00000  149.59364  2.86%  62.2  935s
 245124 167095  150.15168   64  151  154.00000  149.59496  2.86%  62.2  940s
 246409 167986  149.82839   54  184  154.00000  149.59654  2.86%  62.3  945s
 247771 168914  152.65545   81   67  154.00000  149.59810  2.86%  62.3  950s
 249072 169845  151.64209   86   52  154.00000  149.59964  2.86%  62.2  955s
 250422 170778  149.93325   66  135  154.00000  149.60143  2.86%  62.3  960s
 251739 171774  151.56608   70  104  154.00000  149.60277  2.86%  62.3  965s
 253062 172721  150.50488   66  208  154.00000  149.60463  2.85%  62.3  970s
 254100 173453  150.23226   59  168  154.00000  149.60576  2.85%  62.3  975s
 255544 174510  151.53059   86  116  154.00000  149.60732  2.85%  62.3  980s
 256728 175355  150.15708   56  200  154.00000  149.60882  2.85%  62.3  989s
 256766 175383  150.91429   73  129  154.00000  149.60882  2.85%  62.3  990s
 258066 176288  149.73731   51  193  154.00000  149.61042  2.85%  62.3  995s
 259269 177155  151.36714   83   91  154.00000  149.61140  2.85%  62.3 1000s
 260551 178099  150.59941   78   97  154.00000  149.61313  2.85%  62.3 1005s
 261865 178972  151.95624   84   65  154.00000  149.61458  2.85%  62.4 1010s
 263258 179923  151.91406   94   51  154.00000  149.61596  2.85%  62.4 1015s
 264715 180960  150.80132   74  132  154.00000  149.61750  2.85%  62.4 1020s
 266199 181957  150.19582   55  189  154.00000  149.61888  2.84%  62.3 1025s
 267707 183085  153.00000   77   26  154.00000  149.62049  2.84%  62.3 1030s
 269016 183997  152.01733   89   92  154.00000  149.62237  2.84%  62.4 1035s
 270375 184904  149.94862   64  201  154.00000  149.62401  2.84%  62.4 1040s
 271732 185879  151.51051   77   76  154.00000  149.62531  2.84%  62.4 1045s
 273155 186948  150.25583   57  134  154.00000  149.62687  2.84%  62.4 1050s
 274431 187842  150.54683   70  134  154.00000  149.62871  2.84%  62.4 1055s
 275824 188802  150.44507   52  173  154.00000  149.62997  2.84%  62.4 1060s
 277195 189805  151.43846   83  103  154.00000  149.63167  2.84%  62.4 1065s
 278512 190657  149.80886   58  163  154.00000  149.63333  2.84%  62.4 1070s
 279697 191554  152.31282   84   30  154.00000  149.63521  2.83%  62.4 1075s
 281152 192569  152.57568   90   49  154.00000  149.63723  2.83%  62.4 1080s
 282465 193461  151.48073   68  136  154.00000  149.63803  2.83%  62.4 1085s
 283847 194436  149.71563   57  188  154.00000  149.63936  2.83%  62.4 1090s
 285145 195370  152.05855   86   79  154.00000  149.64093  2.83%  62.4 1095s
 286505 196329  152.53537   86   58  154.00000  149.64219  2.83%  62.4 1100s
 287854 197280  150.65250   65  163  154.00000  149.64339  2.83%  62.4 1105s
 289153 198169  150.22971   69  199  154.00000  149.64493  2.83%  62.5 1110s
 290422 199101  149.80886   58  152  154.00000  149.64577  2.83%  62.5 1115s
 291756 200019  151.57047   76  116  154.00000  149.64744  2.83%  62.5 1120s
 293161 201050  151.63158   73   62  154.00000  149.64887  2.83%  62.5 1125s
 294413 201937  149.92670   52  182  154.00000  149.65022  2.82%  62.5 1130s
 295546 202726  152.58858   81   40  154.00000  149.65112  2.82%  62.5 1135s
 296858 203621  152.42577   84   58  154.00000  149.65241  2.82%  62.5 1140s
 298235 204601  152.37195   76   85  154.00000  149.65366  2.82%  62.5 1145s
 299587 205550  150.11128   56  218  154.00000  149.65495  2.82%  62.5 1150s
 300824 206407  150.88974   75  100  154.00000  149.65672  2.82%  62.5 1155s
 302179 207336  151.17124   50  130  154.00000  149.65831  2.82%  62.6 1160s
 303606 208312  149.65935   56  154  154.00000  149.65935  2.82%  62.5 1165s
 304683 209055  149.66958   59  197  154.00000  149.66037  2.82%  62.6 1170s
 305886 209915  151.08912   77   58  154.00000  149.66106  2.82%  62.5 1175s
 307316 210888  150.28307   53  212  154.00000  149.66260  2.82%  62.5 1180s
 308673 211832  152.50610   90   86  154.00000  149.66396  2.82%  62.5 1185s
 310086 212836  149.92390   60  173  154.00000  149.66494  2.81%  62.5 1190s
 311419 213810  152.38297   90   79  154.00000  149.66569  2.81%  62.5 1195s
 312688 214658  150.43388   70  156  154.00000  149.66718  2.81%  62.6 1200s
 314005 215598  151.85526   75   99  154.00000  149.66807  2.81%  62.6 1205s
 315368 216572  152.24456   81  111  154.00000  149.66909  2.81%  62.6 1210s
 316730 217558  149.78909   57  197  154.00000  149.67082  2.81%  62.6 1215s
 318108 218546  151.86670   73  119  154.00000  149.67274  2.81%  62.6 1220s
 319495 219505  149.81054   56  148  154.00000  149.67387  2.81%  62.6 1225s
 320798 220426  150.53421   56  119  154.00000  149.67464  2.81%  62.6 1230s
 322131 221381  150.63165   64  169  154.00000  149.67571  2.81%  62.6 1235s
 323613 222432  152.13602   91   69  154.00000  149.67749  2.81%  62.6 1240s
 324915 223388  149.70291   54  155  154.00000  149.67878  2.81%  62.6 1245s
 326126 224261  152.01678  104   53  154.00000  149.67988  2.81%  62.7 1250s
 327465 225190  152.48627   81   86  154.00000  149.68119  2.80%  62.7 1255s
 328771 226042  152.56572   82  109  154.00000  149.68196  2.80%  62.7 1260s
 330134 227023  151.41916   82   77  154.00000  149.68315  2.80%  62.7 1265s
 331471 227908  150.67475   63  151  154.00000  149.68453  2.80%  62.7 1270s
 332793 228863  151.51445   72   73  154.00000  149.68582  2.80%  62.7 1275s
 334165 229826  150.51002   58  169  154.00000  149.68685  2.80%  62.7 1280s
 335446 230694     cutoff   95       154.00000  149.68790  2.80%  62.7 1285s
 336742 231647  152.67692   79   29  154.00000  149.68893  2.80%  62.7 1290s
 338058 232534  150.23995   52  215  154.00000  149.69039  2.80%  62.8 1295s
 339383 233503  151.06538   79  122  154.00000  149.69142  2.80%  62.8 1300s
 340706 234404  150.08526   66  183  154.00000  149.69255  2.80%  62.8 1305s
 342133 235406     cutoff   77       154.00000  149.69342  2.80%  62.8 1310s
 343566 236428  150.81014   71  107  154.00000  149.69445  2.80%  62.8 1315s
 344927 237431  151.49352   72   85  154.00000  149.69556  2.80%  62.8 1320s
 346234 238302  150.86183   62  141  154.00000  149.69648  2.79%  62.8 1325s
 347627 239336  151.35389   71  111  154.00000  149.69745  2.79%  62.8 1330s
 348963 240284  152.47265   80   77  154.00000  149.69828  2.79%  62.8 1335s
 350315 241227  150.63591   66  155  154.00000  149.69932  2.79%  62.8 1340s
 351656 242140  151.83398   68   98  154.00000  149.70047  2.79%  62.8 1345s
 353011 243049  152.97037   91   44  154.00000  149.70155  2.79%  62.8 1350s
 354425 244046  152.20681   82   82  154.00000  149.70240  2.79%  62.8 1355s
 355782 244998  150.27357   63  123  154.00000  149.70401  2.79%  62.8 1360s
 357124 245937  152.53305   85   69  154.00000  149.70526  2.79%  62.8 1365s
 358508 246912  150.20103   61  188  154.00000  149.70643  2.79%  62.7 1370s
 359708 247771  151.79388   72   85  154.00000  149.70740  2.79%  62.8 1375s
 361014 248681  150.71219   60  162  154.00000  149.70885  2.79%  62.8 1380s
 362177 249503  151.90038   64  135  154.00000  149.70998  2.79%  62.8 1385s
 363514 250436  152.96840   65   74  154.00000  149.71109  2.79%  62.8 1390s
 364959 251436  151.28612   65   87  154.00000  149.71219  2.78%  62.8 1395s
 366264 252338  150.91526   61  165  154.00000  149.71365  2.78%  62.8 1400s
 367560 253264  151.99064   79   93  154.00000  149.71480  2.78%  62.8 1405s
 369035 254281  151.79533   75  115  154.00000  149.71602  2.78%  62.8 1410s
 370315 255189  151.07333   82  102  154.00000  149.71717  2.78%  62.8 1415s
 371223 255784  150.73999   65  146  154.00000  149.71775  2.78%  62.8 1420s
 372679 256796  149.80887   55  163  154.00000  149.71865  2.78%  62.8 1425s
 373999 257755  150.54828   59  147  154.00000  149.71983  2.78%  62.8 1430s
 375367 258703  150.81061   71  131  154.00000  149.72104  2.78%  62.8 1435s
 376739 259647  151.08913   80  150  154.00000  149.72218  2.78%  62.8 1440s
 378069 260624  150.27337   75  134  154.00000  149.72317  2.78%  62.8 1445s
 379468 261620  150.48507   60  140  154.00000  149.72409  2.78%  62.8 1450s
 380800 262528  152.31976   80   62  154.00000  149.72494  2.78%  62.8 1455s
 382194 263490  151.16985   61   78  154.00000  149.72576  2.78%  62.8 1460s
 383520 264442  150.18581   60  144  154.00000  149.72690  2.77%  62.8 1465s
 384956 265403  150.34876   68  184  154.00000  149.72805  2.77%  62.8 1470s
 386240 266297  150.94870   82  105  154.00000  149.72892  2.77%  62.9 1475s
 387516 267176  151.32794   64  108  154.00000  149.72998  2.77%  62.9 1480s
 388788 268091     cutoff  115       154.00000  149.73080  2.77%  62.9 1485s
 390041 268996  152.07350   89   42  154.00000  149.73175  2.77%  62.9 1490s
 391307 269906  152.09196   66   96  154.00000  149.73266  2.77%  62.9 1495s
 392578 270808  151.96456   86   71  154.00000  149.73344  2.77%  62.9 1500s
 393860 271711  150.02417   57  173  154.00000  149.73455  2.77%  62.9 1505s
 395188 272637  150.52602   77  115  154.00000  149.73540  2.77%  62.9 1510s
 396018 273232  151.76716   76   61  154.00000  149.73596  2.77%  62.9 1515s
 397348 274124  151.68230   71   95  154.00000  149.73670  2.77%  62.9 1520s
 398666 275039  150.14284   70  144  154.00000  149.73787  2.77%  63.0 1525s
 399992 275931  151.70627   66  132  154.00000  149.73886  2.77%  63.0 1530s
 401376 276892  151.56667   69  129  154.00000  149.73980  2.77%  63.0 1535s
 402741 277869  149.88457   61  163  154.00000  149.74070  2.77%  63.0 1540s
 404129 278862  152.36824   68   64  154.00000  149.74163  2.77%  63.0 1545s
 405457 279789  149.94429   61  154  154.00000  149.74231  2.76%  63.0 1550s
 406744 280671  150.94701   66  108  154.00000  149.74328  2.76%  63.0 1555s
 408009 281520  152.00000   58   27  154.00000  149.74433  2.76%  63.0 1560s
 409363 282476  150.01364   55  150  154.00000  149.74537  2.76%  63.0 1565s
 410665 283388  150.85980   57  162  154.00000  149.74610  2.76%  63.0 1570s
 411857 284218  150.25222   53  244  154.00000  149.74698  2.76%  63.0 1575s
 413181 285160  150.80912   63  168  154.00000  149.74777  2.76%  63.0 1580s
 414401 286038  151.19700   71  130  154.00000  149.74878  2.76%  63.0 1585s
 415772 286998  150.90011   67  127  154.00000  149.74967  2.76%  63.0 1590s
 417107 287947  152.12604   87   87  154.00000  149.75066  2.76%  63.0 1595s
 418457 288879  150.41139   63  158  154.00000  149.75149  2.76%  63.0 1600s
 419802 289788  150.03488   64  146  154.00000  149.75236  2.76%  63.1 1605s
 421215 290790  152.38037   79   77  154.00000  149.75335  2.76%  63.1 1610s
 422508 291689  151.51517   65  111  154.00000  149.75381  2.76%  63.1 1615s
 423846 292616  150.64526   58  119  154.00000  149.75460  2.76%  63.1 1620s
 425136 293518  153.00000  106   15  154.00000  149.75523  2.76%  63.1 1625s
 426365 294387  150.33907   64  142  154.00000  149.75610  2.76%  63.1 1630s
 427658 295291  152.73797   83   65  154.00000  149.75740  2.75%  63.1 1635s
 429019 296284  150.24092   68  142  154.00000  149.75828  2.75%  63.1 1640s
 430231 297135  152.13610   85   68  154.00000  149.75894  2.75%  63.1 1645s
 431465 297996  152.15987   74   64  154.00000  149.76000  2.75%  63.1 1650s
 432860 298973  149.93840   65  164  154.00000  149.76115  2.75%  63.1 1655s
 434168 299904  151.07071   65  126  154.00000  149.76205  2.75%  63.1 1660s
 435421 300739  150.74086   66  105  154.00000  149.76280  2.75%  63.1 1665s
 436766 301726     cutoff   92       154.00000  149.76362  2.75%  63.1 1670s
 437954 302534  150.35826   60  157  154.00000  149.76436  2.75%  63.1 1675s
 439283 303409  150.30191   70  166  154.00000  149.76511  2.75%  63.1 1680s
 440527 304302  151.71083   59  158  154.00000  149.76604  2.75%  63.1 1685s
 441834 305175     cutoff  111       154.00000  149.76715  2.75%  63.1 1690s
 443197 306146  150.98297   69  133  154.00000  149.76834  2.75%  63.1 1695s
 444470 307028  150.55957   59  180  154.00000  149.76925  2.75%  63.1 1700s
 445741 307935  153.00000   78   27  154.00000  149.77004  2.75%  63.1 1705s
 446678 308554  149.89029   64  176  154.00000  149.77104  2.75%  63.1 1710s
 447690 309260     cutoff   83       154.00000  149.77203  2.75%  63.1 1715s
 449027 310209  153.00000   70   55  154.00000  149.77290  2.74%  63.1 1720s
 450264 311060  150.49144   54  128  154.00000  149.77381  2.74%  63.1 1725s
 451427 311848  152.73591   79   86  154.00000  149.77478  2.74%  63.2 1730s
 452058 312301  152.08945   78   68  154.00000  149.77509  2.74%  63.2 1740s
 453067 313006  152.44202   90   61  154.00000  149.77552  2.74%  63.2 1745s
 454249 313807  150.35956   57  183  154.00000  149.77624  2.74%  63.2 1750s
 455542 314721  151.23270   74  120  154.00000  149.77703  2.74%  63.2 1755s
 456919 315689  150.67412   61  172  154.00000  149.77790  2.74%  63.2 1760s
 458443 316714  150.72796   62  121  154.00000  149.77884  2.74%  63.2 1765s
 459721 317616  151.00804   80   83  154.00000  149.77988  2.74%  63.2 1770s
 461038 318517  151.85745   74  122  154.00000  149.78055  2.74%  63.2 1775s
 462307 319381  152.95139   87   79  154.00000  149.78107  2.74%  63.2 1780s
 463690 320373  150.45580   60  162  154.00000  149.78190  2.74%  63.2 1785s
 464940 321180  152.58410   83   79  154.00000  149.78259  2.74%  63.2 1790s
 466240 322106  152.16991   92   50  154.00000  149.78375  2.74%  63.2 1795s
 467475 322938  151.59335   68   82  154.00000  149.78444  2.74%  63.2 1800s
 468738 323806  150.94366   73  147  154.00000  149.78514  2.74%  63.2 1805s
 469959 324657     cutoff   68       154.00000  149.78585  2.74%  63.3 1810s
 471222 325537  150.48579   55  181  154.00000  149.78676  2.74%  63.3 1815s
 472581 326491  150.05791   56  135  154.00000  149.78756  2.74%  63.3 1820s
 473816 327315  150.81775   69   83  154.00000  149.78835  2.73%  63.3 1825s
 475170 328268  150.66168   65  101  154.00000  149.78894  2.73%  63.3 1830s
 476439 329178     cutoff   86       154.00000  149.78973  2.73%  63.3 1835s
 477777 330069  151.63906   77  114  154.00000  149.79029  2.73%  63.3 1840s
 478977 330838 infeasible   75       154.00000  149.79098  2.73%  63.3 1845s
 480202 331686  150.14217   52  197  154.00000  149.79153  2.73%  63.3 1850s
 481503 332562  150.33175   55  180  154.00000  149.79227  2.73%  63.3 1855s
 482604 333299  150.84304   64  118  154.00000  149.79305  2.73%  63.3 1860s
 483992 334237  150.94344   64  122  154.00000  149.79375  2.73%  63.3 1865s
 485267 335109  150.82420   60  112  154.00000  149.79464  2.73%  63.3 1870s
 486536 335979  150.83276   73  120  154.00000  149.79542  2.73%  63.3 1875s
 487717 336770  149.81545   63  149  154.00000  149.79598  2.73%  63.4 1880s
 489085 337679     cutoff   80       154.00000  149.79678  2.73%  63.4 1885s
 490437 338584  149.81320   57  177  154.00000  149.79732  2.73%  63.3 1890s
 491704 339478  150.71026   71  154  154.00000  149.79796  2.73%  63.3 1895s
 493114 340436  149.95511   64  179  154.00000  149.79865  2.73%  63.3 1900s
 494440 341350  150.39024   55  206  154.00000  149.79934  2.73%  63.3 1905s
 495740 342264  151.73213   89   82  154.00000  149.79970  2.73%  63.3 1910s
 496926 343064     cutoff   67       154.00000  149.80042  2.73%  63.4 1915s
 498187 343941  150.65329   59  139  154.00000  149.80110  2.73%  63.4 1920s
 499497 344785  150.11921   57  142  154.00000  149.80164  2.73%  63.4 1925s
 500669 345631  151.38415   63   89  154.00000  149.80193  2.73%  63.4 1930s
 501993 346553  150.65925   77  123  154.00000  149.80247  2.73%  63.4 1935s
 503327 347518 infeasible   82       154.00000  149.80292  2.73%  63.4 1940s
 504708 348484  150.62341   67  115  154.00000  149.80396  2.72%  63.4 1945s
 505971 349288  152.85740   90   54  154.00000  149.80429  2.72%  63.4 1950s
 507245 350166  152.18123   81   98  154.00000  149.80469  2.72%  63.4 1955s
 508547 351106  150.81495   67  149  154.00000  149.80523  2.72%  63.4 1960s
 509847 352032  151.55402   81   88  154.00000  149.80568  2.72%  63.4 1965s
 511261 352970  150.10940   55  162  154.00000  149.80613  2.72%  63.4 1970s
 512536 353857  151.68427   68  111  154.00000  149.80675  2.72%  63.4 1975s
 513768 354724  152.56527   88   57  154.00000  149.80700  2.72%  63.4 1980s
 515024 355610  151.03688   80  120  154.00000  149.80732  2.72%  63.4 1985s
 516242 356458  150.64606   77  124  154.00000  149.80772  2.72%  63.4 1990s
 517558 357433  150.94322   63  163  154.00000  149.80789  2.72%  63.4 1995s
 518558 358121  152.90805   82   70  154.00000  149.80819  2.72%  63.4 2000s
 519935 359080  150.86124   75  104  154.00000  149.80819  2.72%  63.4 2005s
 521204 359954  150.84104   71  128  154.00000  149.80842  2.72%  63.4 2010s
 522427 360838  152.01419   80   64  154.00000  149.80886  2.72%  63.5 2015s
 523798 361836  150.09772   63  146  154.00000  149.80887  2.72%  63.4 2020s
 525147 362766  152.18387   86   93  154.00000  149.80887  2.72%  63.4 2025s
 526375 363680     cutoff  107       154.00000  149.80887  2.72%  63.5 2030s
 527691 364580  151.14538   68  106  154.00000  149.80887  2.72%  63.5 2035s
 528869 365376  151.10412   73  134  154.00000  149.80889  2.72%  63.5 2040s
 530058 366207  151.36212   65  120  154.00000  149.80898  2.72%  63.5 2045s
 531323 367112  152.25483   83   69  154.00000  149.80956  2.72%  63.5 2050s
 532745 368033     cutoff   69       154.00000  149.80984  2.72%  63.5 2055s
 534033 368946  149.87916   62  171  154.00000  149.81039  2.72%  63.5 2060s
 535277 369797     cutoff   91       154.00000  149.81081  2.72%  63.5 2065s
 536543 370710  153.00000  115   17  154.00000  149.81117  2.72%  63.5 2070s
 537776 371521  151.00982   75   99  154.00000  149.81193  2.72%  63.5 2075s
 538904 372286  151.07159   65  138  154.00000  149.81247  2.72%  63.6 2080s
 540078 373054  152.38059   85   81  154.00000  149.81297  2.72%  63.6 2085s
 541250 373845  151.02385   72  109  154.00000  149.81320  2.72%  63.6 2090s
 542666 374846  150.35628   62  161  154.00000  149.81320  2.72%  63.6 2095s
 543973 375771  153.00000   96   35  154.00000  149.81370  2.72%  63.6 2100s
 545254 376649     cutoff   76       154.00000  149.81423  2.72%  63.6 2105s
 546433 377467  150.88874   65  136  154.00000  149.81474  2.72%  63.6 2110s
 547661 378298  152.53415   88   65  154.00000  149.81512  2.72%  63.6 2115s
 548839 379090  151.79413   72  104  154.00000  149.81543  2.72%  63.6 2120s
 550128 380002  151.33375   94   71  154.00000  149.81603  2.72%  63.6 2125s
 551336 380827  150.95899   64  127  154.00000  149.81656  2.72%  63.6 2130s
 552656 381728  152.40843   72   82  154.00000  149.81724  2.72%  63.6 2135s
 553824 382526  150.95617   72  143  154.00000  149.81760  2.72%  63.6 2140s
 555114 383458  151.39786   73   97  154.00000  149.81814  2.72%  63.6 2145s
 556409 384368     cutoff   93       154.00000  149.81867  2.72%  63.6 2150s
 557636 385223  151.64388   70   62  154.00000  149.81906  2.71%  63.6 2155s
 558935 386143  152.65160   79   66  154.00000  149.81950  2.71%  63.6 2160s
 560215 387063  150.31463   59  201  154.00000  149.81996  2.71%  63.6 2165s
 561370 387825  150.10248   57  197  154.00000  149.82034  2.71%  63.6 2170s
 562661 388749  150.76906   67  147  154.00000  149.82107  2.71%  63.6 2175s
 563925 389650  150.18936   63  178  154.00000  149.82151  2.71%  63.6 2180s
 565275 390600  150.66509   61  150  154.00000  149.82197  2.71%  63.6 2185s
 566530 391482  152.19566   86   59  154.00000  149.82231  2.71%  63.6 2190s
 567690 392268  151.86613   76   77  154.00000  149.82272  2.71%  63.7 2195s
 569067 393221  151.17996   62  104  154.00000  149.82311  2.71%  63.7 2200s
 570335 394075  151.83797   75   88  154.00000  149.82352  2.71%  63.7 2205s
 571631 394960  150.35343   66  165  154.00000  149.82402  2.71%  63.7 2210s
 573031 395952  150.68703   68  189  154.00000  149.82454  2.71%  63.7 2215s
 574364 396901  151.01259   70  142  154.00000  149.82501  2.71%  63.6 2220s
 575679 397736     cutoff   79       154.00000  149.82546  2.71%  63.6 2225s
 576967 398632  150.14337   61  151  154.00000  149.82599  2.71%  63.6 2230s
 578136 399457  152.33333   87   40  154.00000  149.82646  2.71%  63.6 2235s
 579390 400366  150.50517   57  166  154.00000  149.82717  2.71%  63.6 2240s
 580716 401283  150.01032   56  181  154.00000  149.82760  2.71%  63.6 2245s
 581915 402111  152.93297   82   68  154.00000  149.82798  2.71%  63.7 2250s
 583191 402972  150.59387   55  172  154.00000  149.82842  2.71%  63.7 2255s
 584430 403826  151.08001   59  122  154.00000  149.82880  2.71%  63.7 2260s
 585719 404729  150.07648   59  219  154.00000  149.82961  2.71%  63.7 2265s
 586801 405490  151.15236   71  134  154.00000  149.83002  2.71%  63.7 2270s
 588054 406320  152.00000   77   67  154.00000  149.83037  2.71%  63.7 2275s
 589291 407165  152.22622  106   44  154.00000  149.83081  2.71%  63.7 2280s
 590714 408192  151.28971   84   67  154.00000  149.83137  2.71%  63.7 2285s
 591932 408974  153.00000   87   47  154.00000  149.83206  2.71%  63.7 2290s
 593182 409892     cutoff  103       154.00000  149.83264  2.71%  63.7 2295s
 594455 410710  152.83375   79   89  154.00000  149.83325  2.71%  63.7 2300s
 595816 411659  150.35964   55  148  154.00000  149.83377  2.71%  63.7 2305s
 597100 412548  149.88076   57  171  154.00000  149.83441  2.70%  63.7 2310s
 598323 413357  152.24402   89   86  154.00000  149.83492  2.70%  63.7 2315s
 599621 414250  150.02917   58  191  154.00000  149.83547  2.70%  63.7 2320s
 600936 415145  150.20892   73  179  154.00000  149.83592  2.70%  63.7 2325s
 602177 416020  151.09261   72  141  154.00000  149.83656  2.70%  63.7 2330s
 603448 416876  151.69850   76   77  154.00000  149.83692  2.70%  63.7 2335s
 604665 417742  151.40000   65   58  154.00000  149.83740  2.70%  63.7 2340s
 605985 418638  153.00000   88   30  154.00000  149.83781  2.70%  63.7 2345s
 607252 419487  150.53121   59  105  154.00000  149.83824  2.70%  63.7 2350s
 608592 420438  150.07347   55  187  154.00000  149.83865  2.70%  63.7 2355s
 609784 421251     cutoff   68       154.00000  149.83922  2.70%  63.7 2360s
 611016 422076  150.65765   69  141  154.00000  149.83977  2.70%  63.7 2365s
 612277 422963  150.08600   61  167  154.00000  149.84024  2.70%  63.7 2370s
 613593 423817  150.41909   62  175  154.00000  149.84112  2.70%  63.7 2375s
 614866 424728  151.08768   58  156  154.00000  149.84162  2.70%  63.7 2380s
 616158 425642     cutoff   77       154.00000  149.84217  2.70%  63.7 2385s
 617409 426432  151.03183   59  141  154.00000  149.84270  2.70%  63.7 2390s
 618666 427324  150.46930   66  161  154.00000  149.84343  2.70%  63.7 2395s
 620126 428338  150.08602   62  170  154.00000  149.84387  2.70%  63.7 2400s
 621421 429223  150.43122   70  151  154.00000  149.84437  2.70%  63.7 2405s
 622666 430075  152.48186   93   56  154.00000  149.84486  2.70%  63.7 2410s
 623899 430915  151.30540   72  109  154.00000  149.84540  2.70%  63.7 2415s
 625142 431755  151.11604   66   87  154.00000  149.84599  2.70%  63.7 2420s
 626476 432691  150.30061   63  183  154.00000  149.84645  2.70%  63.7 2425s
 627648 433489  151.33531   63   55  154.00000  149.84721  2.70%  63.7 2430s
 628922 434386  152.09070   75   71  154.00000  149.84760  2.70%  63.7 2435s
 630184 435240  151.16349   64   97  154.00000  149.84810  2.70%  63.7 2440s
 631420 436131  152.96963   81   54  154.00000  149.84857  2.70%  63.7 2445s
 632854 437148  151.37188   76   72  154.00000  149.84903  2.70%  63.7 2450s
 634266 438156  152.17742   82   78  154.00000  149.84939  2.70%  63.7 2455s
 635584 439114  150.22372   61  180  154.00000  149.84988  2.69%  63.7 2460s
 636900 440057  151.81877   67   95  154.00000  149.85038  2.69%  63.7 2465s
 638138 440912  150.07189   60  190  154.00000  149.85091  2.69%  63.7 2470s
 639342 441714  150.19727   74  129  154.00000  149.85140  2.69%  63.7 2475s
 640600 442568  150.39686   58  120  154.00000  149.85190  2.69%  63.7 2480s
 641891 443453  150.55690   60  183  154.00000  149.85232  2.69%  63.7 2485s
 643128 444309  152.40280   99   80  154.00000  149.85272  2.69%  63.7 2490s
 644501 445272  150.49976   58  131  154.00000  149.85316  2.69%  63.7 2495s
 645788 446166  152.09622   75   83  154.00000  149.85373  2.69%  63.7 2500s
 647044 447026  152.02886   82   57  154.00000  149.85425  2.69%  63.7 2505s
 648370 447934  150.70430   62  134  154.00000  149.85465  2.69%  63.7 2510s
 649580 448782  151.11046   69   70  154.00000  149.85515  2.69%  63.7 2515s
 650926 449728  152.18812   65   50  154.00000  149.85561  2.69%  63.7 2520s
 652272 450635  150.98799   64  129  154.00000  149.85638  2.69%  63.7 2525s
 653590 451565  150.60507   63  150  154.00000  149.85673  2.69%  63.7 2530s
 654892 452428  151.35035   72  138  154.00000  149.85706  2.69%  63.7 2535s
 656287 453340  150.67663   65  167  154.00000  149.85750  2.69%  63.7 2540s
 657544 454185  150.28211   58  145  154.00000  149.85803  2.69%  63.7 2545s
 658856 455102  152.10313   93   16  154.00000  149.85862  2.69%  63.7 2550s
 660168 455990  151.62495   83   75  154.00000  149.85914  2.69%  63.7 2555s
 661417 456834  151.00730   67  111  154.00000  149.85961  2.69%  63.7 2560s
 662708 457738  150.09730   56  155  154.00000  149.86015  2.69%  63.7 2565s
 663929 458616  150.07420   58  150  154.00000  149.86066  2.69%  63.7 2570s
 665095 459396     cutoff   92       154.00000  149.86126  2.69%  63.7 2575s
 666355 460220  152.92169   88   41  154.00000  149.86196  2.69%  63.8 2580s
 667554 461009     cutoff   72       154.00000  149.86242  2.69%  63.8 2585s
 668767 461812  150.83108   57  136  154.00000  149.86284  2.69%  63.8 2590s
 669998 462656  152.30687   94   81  154.00000  149.86335  2.69%  63.8 2595s
 671375 463581  150.58601   61  135  154.00000  149.86388  2.69%  63.8 2600s
 672621 464471  151.00891   69  118  154.00000  149.86429  2.69%  63.8 2605s
 673926 465419  150.27532   71  146  154.00000  149.86494  2.69%  63.8 2610s
 674985 466131  150.42179   59  155  154.00000  149.86537  2.68%  63.8 2615s
 676230 466978  151.69199   73  111  154.00000  149.86590  2.68%  63.8 2620s
 677661 467994  151.45609   70   96  154.00000  149.86625  2.68%  63.8 2625s
 679011 468898  151.17641   71   90  154.00000  149.86670  2.68%  63.8 2630s
 680375 469866  152.07671   87   39  154.00000  149.86701  2.68%  63.8 2635s
 681616 470691  149.86907   63  185  154.00000  149.86749  2.68%  63.8 2640s
 682945 471653  151.19375   67  145  154.00000  149.86796  2.68%  63.8 2645s
 684268 472548  150.53352   58  130  154.00000  149.86826  2.68%  63.8 2650s
 685593 473470  150.46511   60  172  154.00000  149.86861  2.68%  63.8 2655s
 686926 474422  153.00000   96   41  154.00000  149.86916  2.68%  63.8 2660s
 688249 475333  150.46875   57  170  154.00000  149.86964  2.68%  63.8 2665s
 689636 476314  152.41880   90   80  154.00000  149.87000  2.68%  63.8 2670s
 690885 477118  152.58540   63   71  154.00000  149.87049  2.68%  63.8 2675s
 692206 477949  150.95553   65  155  154.00000  149.87087  2.68%  63.8 2680s
 693612 478927  150.18084   58  165  154.00000  149.87133  2.68%  63.8 2685s
 694925 479834  150.44276   53  193  154.00000  149.87177  2.68%  63.8 2690s
 696163 480720  151.53454   70   92  154.00000  149.87217  2.68%  63.8 2695s
 697439 481526  152.16699   90   74  154.00000  149.87274  2.68%  63.8 2700s
 698682 482393  151.26886   68  138  154.00000  149.87306  2.68%  63.8 2705s
 699940 483235  150.27104   63  181  154.00000  149.87359  2.68%  63.8 2710s
 701226 484155  152.14943   66   82  154.00000  149.87398  2.68%  63.8 2715s
 702476 484977  151.95716   80   86  154.00000  149.87444  2.68%  63.8 2720s
 703872 485897  150.82659   65  136  154.00000  149.87506  2.68%  63.8 2725s
 705152 486804  150.16779   57  164  154.00000  149.87547  2.68%  63.8 2730s
 706410 487656  151.83020   74   98  154.00000  149.87585  2.68%  63.8 2735s
 707651 488529  151.80797   65  138  154.00000  149.87613  2.68%  63.8 2740s
 708789 489320  152.05330   84   98  154.00000  149.87651  2.68%  63.8 2745s
 709983 490140  152.04875   64   84  154.00000  149.87690  2.68%  63.8 2750s
 711306 491035  150.06388   62  164  154.00000  149.87735  2.68%  63.8 2755s
 712556 491892  152.01690   68  124  154.00000  149.87777  2.68%  63.8 2760s
 713931 492835  152.38224   80  126  154.00000  149.87818  2.68%  63.8 2765s
 715177 493655  150.75224   72  139  154.00000  149.87871  2.68%  63.8 2770s
 716561 494615  151.66215   78   82  154.00000  149.87911  2.68%  63.8 2775s
 717876 495549  152.09890   73   75  154.00000  149.87945  2.68%  63.8 2780s
 719181 496456  152.94329   77   43  154.00000  149.87991  2.68%  63.8 2785s
 720520 497382  152.24944   84   92  154.00000  149.88025  2.68%  63.8 2790s
 721748 498192  150.06448   60  165  154.00000  149.88070  2.67%  63.8 2795s
 722942 498990     cutoff   79       154.00000  149.88120  2.67%  63.8 2800s
 724253 499912  150.78394   70  117  154.00000  149.88160  2.67%  63.8 2805s
 725436 500711  150.36984   67  175  154.00000  149.88200  2.67%  63.8 2810s
 726688 501559  150.29925   64  150  154.00000  149.88249  2.67%  63.8 2815s
 727941 502464  150.84983   71  138  154.00000  149.88300  2.67%  63.8 2820s
 729324 503431  150.95208   67  120  154.00000  149.88352  2.67%  63.8 2825s
 730614 504362  150.14464   56  172  154.00000  149.88400  2.67%  63.8 2830s
 731849 505191  150.10038   57  174  154.00000  149.88446  2.67%  63.8 2835s
 733207 506112  151.61635   74  133  154.00000  149.88499  2.67%  63.8 2840s
 734435 506938  150.27218   63  224  154.00000  149.88547  2.67%  63.8 2845s
 735652 507762  152.00559   83   97  154.00000  149.88599  2.67%  63.8 2850s
 737024 508693  151.23005   75  123  154.00000  149.88655  2.67%  63.8 2855s
 738323 509570  152.15548   87   54  154.00000  149.88713  2.67%  63.8 2860s
 739551 510428  150.74114   64  156  154.00000  149.88779  2.67%  63.8 2865s
 740744 511258  150.04984   58  206  154.00000  149.88813  2.67%  63.8 2870s
 741283 511640  152.43073   76   65  154.00000  149.88828  2.67%  63.8 2879s
 741293 511642     cutoff   81       154.00000  149.88828  2.67%  63.8 2880s
 742451 512449  152.00000   75   59  154.00000  149.88881  2.67%  63.8 2885s
 743742 513327  149.92082   65  168  154.00000  149.88921  2.67%  63.8 2890s
 744993 514166  150.88031   62   88  154.00000  149.88968  2.67%  63.8 2895s
 746186 514963  151.27208   59  132  154.00000  149.88993  2.67%  63.8 2900s
 747562 515879  152.09515  111   63  154.00000  149.89020  2.67%  63.8 2905s
 748833 516771  151.77374   66   88  154.00000  149.89058  2.67%  63.8 2910s
 750136 517653  150.35224   62  117  154.00000  149.89111  2.67%  63.8 2915s
 751352 518489  151.81818   72   89  154.00000  149.89146  2.67%  63.8 2920s
 752554 519290  150.19022   55  156  154.00000  149.89184  2.67%  63.8 2925s
 753885 520261  151.31240   62  104  154.00000  149.89221  2.67%  63.8 2930s
 755084 521074  152.37721   95   87  154.00000  149.89268  2.67%  63.8 2935s
 756380 521920  152.03061   89   56  154.00000  149.89308  2.67%  63.8 2940s
 757699 522805     cutoff   66       154.00000  149.89351  2.67%  63.8 2945s
 759034 523763  150.30836   62  152  154.00000  149.89400  2.67%  63.8 2950s
 760208 524565  150.20553   58  172  154.00000  149.89442  2.67%  63.8 2955s
 761494 525420  150.78566   64  120  154.00000  149.89475  2.67%  63.8 2960s
 762764 526308  150.30518   62  178  154.00000  149.89505  2.67%  63.8 2965s
 764126 527260  152.02037   91   94  154.00000  149.89532  2.67%  63.8 2970s
 765393 528133  152.54384   73   55  154.00000  149.89577  2.67%  63.8 2975s
 766675 528990  150.07833   62  195  154.00000  149.89607  2.66%  63.8 2980s
 768047 529986  151.82404   67  101  154.00000  149.89645  2.66%  63.8 2985s
 769381 530931  152.01408   94   57  154.00000  149.89681  2.66%  63.8 2990s
 770664 531803  151.01884   77  108  154.00000  149.89719  2.66%  63.8 2995s
 771883 532625  150.97667   59  153  154.00000  149.89759  2.66%  63.8 3000s
 773157 533478  151.11350   65   66  154.00000  149.89805  2.66%  63.8 3005s
 774423 534350  150.78985   82  134  154.00000  149.89855  2.66%  63.8 3010s
 775804 535285  150.36030   64  156  154.00000  149.89897  2.66%  63.8 3015s
 777084 536144  150.58676   67  136  154.00000  149.89933  2.66%  63.8 3020s
 778380 537022  151.83934   64  107  154.00000  149.89974  2.66%  63.8 3025s
 779750 537968  152.07062   84   48  154.00000  149.89996  2.66%  63.8 3030s
 781011 538833  152.21358   91   77  154.00000  149.90030  2.66%  63.8 3035s
 782242 539682  152.99611   86   68  154.00000  149.90085  2.66%  63.8 3040s
 783553 540537  152.11690   82   92  154.00000  149.90121  2.66%  63.8 3045s
 784814 541384  149.97493   58  172  154.00000  149.90166  2.66%  63.8 3050s
 786088 542226  150.27678   61  137  154.00000  149.90225  2.66%  63.8 3055s
 787424 543088  150.93506   61  130  154.00000  149.90276  2.66%  63.8 3060s
 788761 543992  153.00000  107   37  154.00000  149.90316  2.66%  63.8 3065s
 790026 544864  150.05537   57  171  154.00000  149.90357  2.66%  63.8 3070s
 791306 545773  151.09716   71   99  154.00000  149.90400  2.66%  63.8 3075s
 792508 546602  152.07729  109   56  154.00000  149.90443  2.66%  63.8 3080s
 793847 547462  150.53927   60  158  154.00000  149.90480  2.66%  63.8 3085s
 795118 548284  151.08249   60  106  154.00000  149.90515  2.66%  63.8 3090s
 796388 549157  150.89462   82  102  154.00000  149.90555  2.66%  63.8 3095s
 797703 549990  150.54185   61  151  154.00000  149.90602  2.66%  63.8 3100s
 799000 550865  150.69669   63  177  154.00000  149.90647  2.66%  63.8 3105s
 800232 551655  153.00000   85   28  154.00000  149.90689  2.66%  63.8 3110s
 801512 552521  151.25150   72  160  154.00000  149.90713  2.66%  63.8 3115s
 802676 553329     cutoff   83       154.00000  149.90760  2.66%  63.8 3120s
 803944 554195     cutoff   88       154.00000  149.90799  2.66%  63.8 3125s
 805210 555040  151.84161   66  101  154.00000  149.90830  2.66%  63.8 3130s
 806596 555993  152.05887  104   72  154.00000  149.90882  2.66%  63.8 3135s
 807917 556883  152.99816   85   68  154.00000  149.90947  2.66%  63.8 3140s
 809120 557711  150.97158   71  122  154.00000  149.90991  2.66%  63.8 3145s
 810312 558487  150.91781   73  124  154.00000  149.91047  2.66%  63.8 3150s
 811595 559336 infeasible   71       154.00000  149.91087  2.66%  63.8 3155s
 812857 560172  150.83315   67  114  154.00000  149.91127  2.66%  63.8 3160s
 814071 560994  150.60117   59  156  154.00000  149.91152  2.65%  63.8 3165s
 815328 561812  150.27585   65  213  154.00000  149.91188  2.65%  63.8 3170s
 816551 562619  150.97933   75  133  154.00000  149.91234  2.65%  63.8 3175s
 817824 563453  151.58994   60  115  154.00000  149.91278  2.65%  63.8 3180s
 819054 564275  150.78129   60  124  154.00000  149.91313  2.65%  63.8 3185s
 820401 565134  150.08546   61  155  154.00000  149.91359  2.65%  63.8 3190s
 821772 566066  150.07634   70  179  154.00000  149.91392  2.65%  63.8 3195s
 823128 566929     cutoff   76       154.00000  149.91428  2.65%  63.8 3200s
 824393 567809  152.59286   75   44  154.00000  149.91464  2.65%  63.8 3205s
 825649 568650  150.78417   55  193  154.00000  149.91499  2.65%  63.8 3210s
 826908 569509  152.61614   83   69  154.00000  149.91550  2.65%  63.8 3215s
 828220 570393  152.95728   84   74  154.00000  149.91593  2.65%  63.8 3220s
 829476 571223     cutoff   89       154.00000  149.91625  2.65%  63.8 3225s
 830631 571986  150.04967   57  155  154.00000  149.91653  2.65%  63.8 3230s
 831961 572895     cutoff   92       154.00000  149.91695  2.65%  63.8 3235s
 833124 573690  151.29091   74   82  154.00000  149.91748  2.65%  63.8 3240s
 834454 574612  151.66300   77   71  154.00000  149.91789  2.65%  63.8 3245s
 835794 575489  150.87850   59  125  154.00000  149.91829  2.65%  63.8 3250s
 837080 576367  150.65345   65  127  154.00000  149.91869  2.65%  63.8 3255s
 838394 577242  150.35378   64  178  154.00000  149.91918  2.65%  63.8 3260s
 839717 578119  150.88419   58  181  154.00000  149.91968  2.65%  63.8 3265s
 841129 579061  150.75605   60  147  154.00000  149.92004  2.65%  63.8 3270s
 842436 579943  150.72907   64  130  154.00000  149.92029  2.65%  63.8 3275s
 843726 580807  150.30973   62  151  154.00000  149.92064  2.65%  63.8 3280s
 845019 581651  151.16534   67  159  154.00000  149.92099  2.65%  63.8 3285s
 846282 582465  150.01439   63  124  154.00000  149.92135  2.65%  63.8 3290s
 847575 583348  150.10924   61  187  154.00000  149.92159  2.65%  63.8 3295s
 848841 584215  150.23430   59  177  154.00000  149.92193  2.65%  63.8 3300s
 850211 585143  150.79846   61  143  154.00000  149.92240  2.65%  63.8 3305s
 851450 585978  152.11043   73  111  154.00000  149.92269  2.65%  63.8 3310s
 852760 586881  150.98170   72  110  154.00000  149.92312  2.65%  63.8 3315s
 854060 587734  151.72001   74  100  154.00000  149.92348  2.65%  63.8 3320s
 855395 588653  152.00000   63   62  154.00000  149.92389  2.65%  63.8 3325s
 856624 589486  152.31285   77   57  154.00000  149.92427  2.65%  63.8 3330s
 857891 590319  151.79553   66  105  154.00000  149.92470  2.65%  63.8 3335s
 859248 591212  150.21468   58  173  154.00000  149.92516  2.65%  63.8 3340s
 860541 592123  152.22282   88   69  154.00000  149.92553  2.65%  63.8 3345s
 861833 593042  152.01584   68   74  154.00000  149.92578  2.65%  63.8 3350s
 863113 593928  151.35219   81   92  154.00000  149.92619  2.65%  63.8 3355s
 864394 594783  150.30175   55  211  154.00000  149.92646  2.65%  63.8 3360s
 865579 595586  150.41523   55  132  154.00000  149.92681  2.64%  63.8 3365s
 866926 596524  152.11614   61   82  154.00000  149.92723  2.64%  63.8 3370s
 868175 597354  151.06937   80  104  154.00000  149.92768  2.64%  63.8 3375s
 869442 598192  151.76447   68   93  154.00000  149.92799  2.64%  63.8 3380s
 870720 599016  150.46428   61  165  154.00000  149.92835  2.64%  63.8 3385s
 871948 599876  151.25118   66  132  154.00000  149.92878  2.64%  63.8 3390s
 873135 600661  152.63569   76   79  154.00000  149.92925  2.64%  63.8 3395s
 874389 601463  152.04423   84   43  154.00000  149.92972  2.64%  63.8 3400s
 875613 602282     cutoff   85       154.00000  149.93002  2.64%  63.8 3405s
 876914 603179  152.18623   83   51  154.00000  149.93056  2.64%  63.8 3410s
 878145 604016  152.09979   85   88  154.00000  149.93095  2.64%  63.8 3415s
 879447 604857  152.70525   84   48  154.00000  149.93131  2.64%  63.8 3420s
 880658 605653  150.17683   66  178  154.00000  149.93165  2.64%  63.8 3425s
 881904 606451  151.26893   63  136  154.00000  149.93208  2.64%  63.8 3430s
 883208 607345  150.65246   62  163  154.00000  149.93249  2.64%  63.8 3435s
 884537 608269  151.63671   70  105  154.00000  149.93295  2.64%  63.8 3440s
 885883 609158  150.80771   66  140  154.00000  149.93319  2.64%  63.8 3445s
 887163 610021  150.49471   54  222  154.00000  149.93361  2.64%  63.8 3450s
 888327 610795  151.75495   71   81  154.00000  149.93399  2.64%  63.8 3455s
 889490 611576  150.42543   68  111  154.00000  149.93439  2.64%  63.8 3460s
 890826 612516  149.93577   52  148  154.00000  149.93468  2.64%  63.8 3465s
 892058 613311  153.00000   96   28  154.00000  149.93519  2.64%  63.8 3470s
 893227 614068  150.22805   60  120  154.00000  149.93549  2.64%  63.8 3475s
 894511 614982  152.59646   66  134  154.00000  149.93590  2.64%  63.8 3480s
 895801 615844  150.63166   63  185  154.00000  149.93621  2.64%  63.8 3485s
 897041 616663  152.64784   72   67  154.00000  149.93666  2.64%  63.8 3490s
 898299 617492  150.67848   64  192  154.00000  149.93709  2.64%  63.8 3495s
 899614 618368  151.78328   93   49  154.00000  149.93746  2.64%  63.8 3500s
 900796 619180  152.72573   78  103  154.00000  149.93785  2.64%  63.8 3505s
 902042 619991  150.91157   66  164  154.00000  149.93827  2.64%  63.8 3510s
 903234 620809  150.35168   66  181  154.00000  149.93876  2.64%  63.8 3515s
 904393 621601  150.87298   66  106  154.00000  149.93910  2.64%  63.8 3520s
 905630 622437  151.47455   67   81  154.00000  149.93953  2.64%  63.8 3525s
 906864 623254  151.19997   65  119  154.00000  149.93985  2.64%  63.8 3530s
 908002 623991  150.27685   73  117  154.00000  149.94014  2.64%  63.8 3535s
 909242 624808  150.01457   64  119  154.00000  149.94044  2.64%  63.8 3540s
 910525 625683  152.51037   91   50  154.00000  149.94089  2.64%  63.8 3545s
 911803 626525  150.04431   60  145  154.00000  149.94129  2.64%  63.8 3550s
 913063 627364  150.54575   69  113  154.00000  149.94173  2.64%  63.8 3555s
 914425 628331  152.81184   61  108  154.00000  149.94203  2.64%  63.8 3560s
 915592 629112  150.44279   57  220  154.00000  149.94245  2.63%  63.8 3565s
 916879 629996  149.95186   59  162  154.00000  149.94280  2.63%  63.8 3570s
 918114 630757  150.22805   59  146  154.00000  149.94317  2.63%  63.8 3575s
 919364 631596  150.09621   68  169  154.00000  149.94345  2.63%  63.8 3580s
 920538 632366  151.00029   62  113  154.00000  149.94384  2.63%  63.8 3585s
 921822 633182  150.62145   58  140  154.00000  149.94427  2.63%  63.8 3590s
 923052 633993     cutoff   75       154.00000  149.94466  2.63%  63.8 3595s

Cutting planes:
  Gomory: 35
  Cover: 309
  Implied bound: 77
  MIR: 779
  Mixing: 56
  StrongCG: 58
  Flow cover: 1232
  GUB cover: 36
  Inf proof: 30
  Zero half: 28
  RLT: 52
  Relax-and-lift: 99
  BQP: 9

Explored 924284 nodes (59004117 simplex iterations) in 3599.94 seconds (3322.73 work units)
Thread count was 1 (of 16 available processors)

Solution count 10: 154 154 155 ... 182

Time limit reached
Best objective 1.540000000000e+02, best bound 1.500000000000e+02, gap 2.5974%

User-callback calls 3088865, time in user-callback 3.28 sec

 sepatime0
Stat(MathOptInterface.TIME_LIMIT, 154.0, 150.0, 0.025974025974025976, 0.0, 0.058978, 3599.9430210590363, 924284, Main.CFLG.LEFPV2, "", #undef)
