Data path: /scratch/opt/lxu/CFLG/benchmarks/city
Instance: city_479.txt
Result path: /scratch/opt/lxu/CFLG/results/city
Solver: Gurobi
Time limit: 7200
Formulation: EF
Cover: Large
julia --project=. src/main.jl /scratch/opt/lxu/CFLG/benchmarks/city city_479.txt /scratch/opt/lxu/CFLG/results/city Gurobi 7200 EF Large
The latest version of Julia in the `release` channel is 1.11.6+0.x64.linux.gnu. You currently have `1.11.4+0.x64.linux.gnu` installed. Run:

  juliaup update

in your terminal shell to install Julia 1.11.6+0.x64.linux.gnu and update the `release` channel to that version.
/scratch/opt/lxu/CFLG/benchmarks/city Gurobi 7200.0 /scratch/opt/lxu/CFLG/results/city city_479.txt EF Large
/scratch/opt/lxu/CFLG/benchmarks/city/city_479.txt

 read graph
data loaded


after absorb:310 374

max_piece:10
problem_graph/original graph: node: 379/374 edge: 484/479 dlt: 0.3245405415147243 break_avg_len: 0.1605939249850754 break_max_len: 0.3227963268587872elapsed CPU time: 0.145714 seconds
Set parameter TokenServer to value "solice01.zib.de"
Set parameter Threads to value 1
Set parameter OutputFlag to value 1
Set parameter MIPGap to value 0.0001
Set parameter TimeLimit to value 7199.854286
slurmstepd-htc-cmp482: error: Detected 1 oom_kill event in StepId=14733857.0. Some of the step tasks have been OOM Killed.
srun: error: htc-cmp482: task 0: Out Of Memory
