Data path: /scratch/opt/lxu/CFLG/benchmarks/random_B
Instance: r_40_0.4_297.txt
Result path: /scratch/opt/lxu/CFLG/results/random_B
Solver: Gurobi
Time limit: 3600
Formulation: LEFPV2
Cover: Small
julia --project=. src/main.jl /scratch/opt/lxu/CFLG/benchmarks/random_B r_40_0.4_297.txt /scratch/opt/lxu/CFLG/results/random_B Gurobi 3600 LEFPV2 Small
The latest version of Julia in the `release` channel is 1.11.5+0.x64.linux.gnu. You currently have `1.11.4+0.x64.linux.gnu` installed. Run:

  juliaup update

in your terminal shell to install Julia 1.11.5+0.x64.linux.gnu and update the `release` channel to that version.
/scratch/opt/lxu/CFLG/benchmarks/random_B Gurobi 3600.0 /scratch/opt/lxu/CFLG/results/random_B r_40_0.4_297.txt LEFPV2 Small
/scratch/opt/lxu/CFLG/benchmarks/random_B/r_40_0.4_297.txt

 read graph
data loaded


after absorb:40 40

max_piece:4
problem_graph/original graph: node: 191/40 edge: 448/297 dlt: 0.6292825978513679 break_avg_len: 0.41718065080771444 break_max_len: 0.62928196856877elapsed CPU time: 0.110128 seconds
Set parameter TokenServer to value "solice01.zib.de"
Set parameter Threads to value 1
Set parameter OutputFlag to value 1
Set parameter MIPGap to value 0.0001
Set parameter MIPGapAbs to value 1
Set parameter TimeLimit to value 3599.889872
formulation:LEFPV20 448 191
Set parameter PreCrush to value 1

 model loaded

Gurobi Optimizer version 12.0.1 build v12.0.1rc0 (linux64 - "Debian GNU/Linux 12 (bookworm)")

CPU model: Intel(R) Xeon(R) Gold 5122 CPU @ 3.60GHz, instruction set [SSE2|AVX|AVX2|AVX512]
Thread count: 8 physical cores, 16 logical processors, using up to 1 threads

Non-default parameters:
TimeLimit  3599.889872
MIPGapAbs  1
PreCrush  1
Threads  1

Optimize a model with 53369 rows, 26904 columns and 158704 nonzeros
Model fingerprint: 0xceac8227
Variable types: 1535 continuous, 25369 integer (25369 binary)
Coefficient statistics:
  Matrix range     [1e-06, 1e+00]
  Objective range  [1e+00, 1e+00]
  Bounds range     [2e-03, 1e+00]
  RHS range        [2e-03, 2e+01]
Found heuristic solution: objective 189.0000000
Presolve removed 5164 rows and 1056 columns
Presolve time: 0.66s
Presolved: 48205 rows, 25848 columns, 152768 nonzeros
Variable types: 639 continuous, 25209 integer (25209 binary)

Root relaxation: objective 2.111098e+00, 20856 iterations, 1.95 seconds (2.73 work units)

    Nodes    |    Current Node    |     Objective Bounds      |     Work
 Expl Unexpl |  Obj  Depth IntInf | Incumbent    BestBd   Gap | It/Node Time

     0     0    2.11110    0  917  189.00000    2.11110  98.9%     -    4s
H    0     0                      98.0000000    2.11110  97.8%     -    4s
H    0     0                      47.0000000    2.11110  95.5%     -    5s
H    0     0                      42.0000000    2.11110  95.0%     -    5s
H    0     0                      40.0000000    2.11110  94.7%     -    5s
H    0     0                      38.0000000    2.11110  94.4%     -    5s
H    0     0                      37.0000000    2.11110  94.3%     -    5s
H    0     0                      36.0000000    2.11110  94.1%     -    5s
H    0     0                      35.0000000    2.11110  94.0%     -    6s
H    0     0                      34.0000000    2.11110  93.8%     -    6s
H    0     0                      33.0000000    2.11110  93.6%     -    7s
     0     0    2.76905    0  929   33.00000    2.76905  91.6%     -   11s
H    0     0                      31.0000000    2.76912  91.1%     -   12s
H    0     0                      30.0000000    2.76912  90.8%     -   13s
     0     0    3.41252    0 1059   30.00000    3.41252  88.6%     -   16s
     0     0    4.54453    0 1459   30.00000    4.54453  84.9%     -   18s
     0     0    6.48955    0 1748   30.00000    6.48955  78.4%     -   24s
     0     0    6.80723    0 1663   30.00000    6.80723  77.3%     -   25s
     0     0    7.02926    0 1675   30.00000    7.02926  76.6%     -   27s
     0     0    7.03041    0 1685   30.00000    7.03041  76.6%     -   27s
     0     0    7.03041    0 1655   30.00000    7.03041  76.6%     -   27s
     0     0    8.15477    0 1941   30.00000    8.15477  72.8%     -   33s
     0     0    8.49471    0 1812   30.00000    8.49471  71.7%     -   35s
     0     0    8.52504    0 1807   30.00000    8.52504  71.6%     -   36s
     0     0    8.59580    0 1698   30.00000    8.59580  71.3%     -   37s
     0     0    8.60229    0 1679   30.00000    8.60229  71.3%     -   37s
     0     0    8.60229    0 1680   30.00000    8.60229  71.3%     -   37s
     0     0   10.51552    0 1686   30.00000   10.51552  64.9%     -   43s
     0     0   10.79807    0 1721   30.00000   10.79807  64.0%     -   50s
     0     0   10.82237    0 1859   30.00000   10.82237  63.9%     -   52s
     0     0   10.82237    0 1633   30.00000   10.82237  63.9%     -   53s
     0     0   11.35528    0 1485   30.00000   11.35528  62.1%     -   57s
     0     0   11.64727    0 1403   30.00000   11.64727  61.2%     -   60s
     0     0   11.65011    0 1538   30.00000   11.65011  61.2%     -   62s
     0     0   11.65373    0 1535   30.00000   11.65373  61.2%     -   65s
     0     0   11.65373    0 1537   30.00000   11.65373  61.2%     -   68s
     0     0   11.65448    0 1545   30.00000   11.65448  61.2%     -   71s
     0     0   11.65457    0 1532   30.00000   11.65457  61.2%     -   72s
     0     0   11.66131    0 1487   30.00000   11.66131  61.1%     -   74s
     0     0   11.66131    0  577   30.00000   11.66131  61.1%     -   78s
     0     2   11.66411    0  465   30.00000   11.66411  61.1%     -   97s
    16    18   11.74029   14  701   30.00000   11.66411  61.1%  1153  100s
    26    28   11.67113   23  616   30.00000   11.66411  61.1%   964  114s
    27    29   11.67113   24  585   30.00000   11.66411  61.1%   937  116s
    49    51   11.70902   44  697   30.00000   11.66411  61.1%   873  120s
H   81    81                      29.0000000   11.66411  59.8%   681  124s
    85    87   12.12151   78  682   29.00000   11.66411  59.8%   678  125s
   109   111   12.72857   96  733   29.00000   11.66411  59.8%   753  130s
   135   137   12.86762  119  482   29.00000   11.66411  59.8%   739  135s
   162   164   13.24402  140  524   29.00000   11.66411  59.8%   738  140s
   192   188   15.00000  159  438   29.00000   11.66411  59.8%   725  145s
   231   227   15.23344  188  501   29.00000   11.66411  59.8%   696  150s
   276   272   15.97125  220  474   29.00000   11.66411  59.8%   639  155s
   351   339   12.48091   12  776   29.00000   11.66411  59.8%   562  163s
   352   340   12.48091   13  738   29.00000   11.66411  59.8%   562  183s
   365   353   12.56728   23  697   29.00000   11.66411  59.8%   567  185s
   380   368   13.13673   35  595   29.00000   11.66411  59.8%   583  190s
   419   407   13.14495   66  699   29.00000   11.66411  59.8%   585  195s
   451   439   13.71004   95  627   29.00000   11.66411  59.8%   573  200s
   498   486   14.71059  136  481   29.00000   11.66411  59.8%   561  205s
   520   507   11.67113   37  577   29.00000   11.66411  59.8%   560  234s
   522   508   13.55185   65 1365   29.00000   11.66411  59.8%   557  257s
   523   509   14.03494  100  911   29.00000   11.66411  59.8%   556  271s
   524   510   14.02268  116 1087   29.00000   11.66411  59.8%   555  279s
   525   510   14.02268  116 1041   29.00000   11.66411  59.8%   554  288s
   526   511   13.21290   34  915   29.00000   11.66411  59.8%   553  295s
   527   512   16.32876  241  558   29.00000   11.66411  59.8%   552  313s
   528   512   12.90845   42  736   29.00000   11.66411  59.8%   551  319s
   529   513   14.46919  129  737   29.00000   11.69947  59.7%   550  332s
   530   514   14.28350  150  889   29.00000   11.74468  59.5%   549  337s
   531   514   13.94694  105  629   29.00000   11.96808  58.7%   548  355s
   532   515   15.06735  114  885   29.00000   12.01251  58.6%   547  361s
   533   516   12.02398   35  798   29.00000   12.02398  58.5%   546  413s
   534   516   14.85401  158  971   29.00000   12.02398  58.5%   545  418s
   535   517   12.04272   24  701   29.00000   12.04272  58.5%   544  438s
   536   518   15.43572  188  867   29.00000   12.04272  58.5%   543  442s
   537   518   13.61134  146  636   29.00000   12.04272  58.5%   542  455s
   538   519   12.04272   48  874   29.00000   12.04272  58.5%   541  461s
   539   520   12.04272   60  712   29.00000   12.04272  58.5%   540  475s
   540   520   12.78202   40  910   29.00000   12.08544  58.3%   539  481s
   541   521   14.12813  157  647   29.00000   12.09375  58.3%   538  493s
   542   522   13.59840   89  749   29.00000   12.09375  58.3%   537  498s
   543   522   16.33828  237  658   29.00000   12.09375  58.3%   536  512s
   544   523   13.00877   54  718   29.00000   12.09375  58.3%   535  516s
   545   524   15.71654  191  583   29.00000   12.12500  58.2%   534  532s
   546   524   14.92497  168  613   29.00000   12.12500  58.2%   533  537s
   547   525   13.65563   88  610   29.00000   12.12500  58.2%   532  553s
   548   526   16.29613  242 1047   29.00000   12.12500  58.2%   531  560s
   549   526   13.46663   52  593   29.00000   12.12500  58.2%   530  577s
   550   527   14.03461  117  752   29.00000   12.12500  58.2%   529  582s
   551   528   14.03461  118  667   29.00000   12.17018  58.0%   528  599s
   552   528   14.02268  124  788   29.00000   12.17018  58.0%   527  602s
   553   529   13.27214  129  672   29.00000   12.25000  57.8%   526  614s
   554   530   12.25000    7  965   29.00000   12.25000  57.8%   525  620s
   555   530   13.01775   35  575   29.00000   12.25000  57.8%   524  634s
   556   531   12.25000   55  683   29.00000   12.25000  57.8%   523  638s
   557   532   14.17892  133  566   29.00000   12.25000  57.8%   522  653s
   558   532   15.35973  195  881   29.00000   12.25000  57.8%   521  659s
   559   533   17.06760  260  719   29.00000   12.25000  57.8%   521  678s
   560   534   12.25000   25  884   29.00000   12.25000  57.8%   520  681s
   561   534   13.00520   50  533   29.00000   12.25000  57.8%   519  696s
   562   535   13.95250  112  656   29.00000   12.25000  57.8%   518  700s
   563   536   12.36401   12  576   29.00000   12.25000  57.8%   517  714s
   566   539   13.00520   50  577   29.00000   12.25000  57.8%  2340  723s
   568   540   14.83530  164 1406   29.00000   12.25000  57.8%  2331  744s
H  568   512                      28.0000048   12.25000  56.3%  2331  757s
H  568   487                      28.0000048   12.25000  56.3%  2331  757s
H  568   462                      28.0000000   12.25000  56.2%  2331  759s
   570   464   12.25000   62 1007   28.00000   12.25000  56.2%  2323  766s
   571   464   14.03494  100  752   28.00000   12.25000  56.2%  2319  780s
   572   465   12.25000   61  988   28.00000   12.25000  56.2%  2315  790s
   573   466   13.00877   55  566   28.00000   12.25000  56.2%  2311  815s
   574   466   13.18587   70  855   28.00000   12.33768  55.9%  2307  821s
   575   467   16.80733  252  694   28.00000   12.64472  54.8%  2303  842s
   576   468   12.75086   59  895   28.00000   12.75086  54.5%  2299  848s
   577   468   17.21814  275  543   28.00000   12.87500  54.0%  2295  861s
   578   469   16.02421  218  752   28.00000   12.87500  54.0%  2291  866s
   579   470   13.12893  122  648   28.00000   13.00000  53.6%  2287  882s
   580   470   14.17892  129  682   28.00000   13.00000  53.6%  2283  886s
   581   471   17.21814  275  463   28.00000   13.00000  53.6%  2279  905s
   582   472   14.03494  101  803   28.00000   13.00000  53.6%  2275  911s
H  582   448                      27.0000000   13.00000  51.9%  2275  950s
   583   448   13.76726  155  506   27.00000   13.00000  51.9%  2271  955s
   584   449   15.36806  197  864   27.00000   13.18302  51.2%  2267  962s
   585   450   13.18587   70  743   27.00000   13.18302  51.2%  2264  982s
   586   450   14.97520  174  968   27.00000   13.25000  50.9%  2260  990s
   587   451   14.51412  151  461   27.00000   13.25000  50.9%  2256 1004s
   588   452   13.25000   48  686   27.00000   13.25000  50.9%  2252 1010s
   589   452   14.26375  158  455   27.00000   13.25000  50.9%  2248 1031s
   590   453   13.90768   98  650   27.00000   13.25000  50.9%  2244 1035s
   591   454   14.27507  108  574   27.00000   13.25000  50.9%  2241 1043s
   592   454   13.25000   91  708   27.00000   13.25000  50.9%  2237 1048s
   593   455   13.89619  152  637   27.00000   13.25000  50.9%  2233 1065s
   595   456   13.30025   83  669   27.00000   13.25000  50.9%  2226 1080s
   596   457   15.61652  202 1051   27.00000   13.25000  50.9%  2222 1086s
   597   458   16.85899  251  570   27.00000   13.25000  50.9%  2218 1103s
   600   461   13.59832   90  577   27.00000   13.25000  50.9%  3423 1113s
   602   462   14.53976  151 1406   27.00000   13.25000  50.9%  3411 1131s
   603   463   13.25000  131  918   27.00000   13.25000  50.9%  3406 1142s
   604   464   13.25000   36  809   27.00000   13.25000  50.9%  3400 1151s
   605   464   16.97479  250  646   27.00000   13.25000  50.9%  3395 1179s
   606   465   14.03461  120  963   27.00000   13.25000  50.9%  3389 1186s
   607   466   15.43572  188  640   27.00000   13.25000  50.9%  3383 1210s
   608   466   14.92779  172  857   27.00000   13.25000  50.9%  3378 1216s
   609   467   13.76726  154  536   27.00000   13.25000  50.9%  3372 1232s
   610   468   15.79073  214  727   27.00000   13.25000  50.9%  3367 1236s
   611   468   15.16751  183  576   27.00000   13.25000  50.9%  3361 1260s
   612   469   13.25000   12  772   27.00000   13.25000  50.9%  3356 1265s
   613   470   13.59861   91  655   27.00000   13.25000  50.9%  3350 1318s
   614   470   14.02268  115  960   27.00000   13.25000  50.9%  3345 1323s
   615   471   13.25000   43  547   27.00000   13.25000  50.9%  3339 1349s
   616   472   13.89619  152  847   27.00000   13.25000  50.9%  3334 1354s
   617   472   13.59840   89  599   27.00000   13.25000  50.9%  3329 1374s
   618   473   16.29613  242  964   27.00000   13.25000  50.9%  3323 1380s
   619   474   13.25000   10  517   27.00000   13.25000  50.9%  3318 1400s
   621   475   13.30025   83  583   27.00000   13.25000  50.9%  3307 1421s
   622   476   13.55185   65  583   27.00000   13.25000  50.9%  3302 1426s
   623   476   14.03494  100  583   27.00000   13.25000  50.9%  3296 1440s
   624   479   13.25000   28  746   27.00000   13.25000  50.9%  4288 1451s
   628   482   13.25000   30  816   27.00000   13.25000  50.9%  4275 1456s
   630   483   13.25000   31  861   27.00000   13.25000  50.9%  4272 1460s
   632   484   13.25000   32  960   27.00000   13.25000  50.9%  4274 1465s
   635   486   13.25000   33 1002   27.00000   13.25000  50.9%  4273 1471s
   636   487   13.25000   34 1066   27.00000   13.25000  50.9%  4278 1475s
   639   489   13.31717   35  970   27.00000   13.25000  50.9%  4278 1482s
   641   490   13.25000   36 1021   27.00000   13.25000  50.9%  4271 1485s
   645   493   13.34852   38  875   27.00000   13.25000  50.9%  4263 1491s
   647   494   13.26757   39  849   27.00000   13.25000  50.9%  4265 1495s
   649   496   13.25000   40 1003   27.00000   13.25000  50.9%  4264 1500s
   652   498   13.25000   42  870   27.00000   13.25000  50.9%  4254 1505s
   655   500   13.34790   43  965   27.00000   13.25000  50.9%  4253 1511s
   658   502   13.25000   45  864   27.00000   13.25000  50.9%  4248 1518s
   659   502   13.26757   45  866   27.00000   13.25000  50.9%  4248 1520s
   662   504   13.25000   47  819   27.00000   13.25000  50.9%  4239 1525s
   666   507   13.25000   49  917   27.00000   13.25000  50.9%  4226 1530s
   669   509   13.25742   50  888   27.00000   13.25000  50.9%  4231 1538s
   671   510   13.25000   51 1016   27.00000   13.25000  50.9%  4228 1541s
   674   512   13.50000   53  945   27.00000   13.25000  50.9%  4221 1546s
   677   514   13.25000   54 1006   27.00000   13.25000  50.9%  4211 1550s
   680   516   13.25000   56  869   27.00000   13.25000  50.9%  4210 1555s
   684   519   13.25000   58  759   27.00000   13.25000  50.9%  4194 1560s
   687   521   13.47263   59  889   27.00000   13.25000  50.9%  4191 1565s
   688   522   13.25000   60  698   27.00000   13.25000  50.9%  4185 1575s
   691   524   13.28513   61  878   27.00000   13.25000  50.9%  4183 1581s
   694   526   13.25000   63  786   27.00000   13.25000  50.9%  4178 1585s
   696   527   13.25000   64  924   27.00000   13.25000  50.9%  4181 1590s
   699   529   13.31291   65  956   27.00000   13.25000  50.9%  4176 1595s
   703   532   13.75000   67  847   27.00000   13.25000  50.9%  4163 1600s
   704   532   13.33521   68  803   27.00000   13.25000  50.9%  4161 1606s
   705   533   13.46146   68 1116   27.00000   13.25000  50.9%  4169 1610s
   707   534   13.50000   69  958   27.00000   13.25000  50.9%  4174 1620s
   712   538   13.33921   72  730   27.00000   13.25000  50.9%  4156 1625s
   716   540   13.42842   74  802   27.00000   13.25000  50.9%  4146 1630s
   720   543   13.42842   76  677   27.00000   13.25000  50.9%  4136 1635s
   723   545   13.92016   77  870   27.00000   13.25000  50.9%  4145 1643s
   725   546   13.72144   78  841   27.00000   13.25000  50.9%  4156 1649s
   726   547   13.42842   79  653   27.00000   13.25000  50.9%  4153 1650s
   729   549   13.42842   80  650   27.00000   13.25000  50.9%  4148 1655s
   731   550   13.69304   81  636   27.00000   13.25000  50.9%  4149 1661s
   735   553   14.00000   83  708   27.00000   13.25000  50.9%  4137 1665s
   739   556   14.71875   85  738   27.00000   13.25000  50.9%  4140 1671s
   742   558   13.67842   87  674   27.00000   13.25000  50.9%  4132 1675s
   747   561   13.96904   89  609   27.00000   13.25000  50.9%  4125 1681s
   753   565   14.50000   92  759   27.00000   13.25000  50.9%  4107 1686s
   755   566   14.50000   93  647   27.00000   13.25000  50.9%  4101 1695s
   758   568   14.00000   95  637   27.00000   13.25000  50.9%  4092 1700s
   764   572   14.00000   98  489   27.00000   13.25000  50.9%  4076 1705s
   767   574   14.70167   99  711   27.00000   13.25000  50.9%  4077 1710s
   771   577   14.18174  101  641   27.00000   13.25000  50.9%  4072 1715s
   776   580   14.34418  104  619   27.00000   13.25000  50.9%  4061 1720s
   782   584   14.13900  107  585   27.00000   13.25000  50.9%  4046 1725s
   787   588   14.52561  109  602   27.00000   13.25000  50.9%  4036 1730s
   791   590   14.47503  111  601   27.00000   13.25000  50.9%  4032 1735s
   797   594   14.64704  114  669   27.00000   13.25000  50.9%  4017 1740s
   805   600   14.41017  118  619   27.00000   13.25000  50.9%  3999 1746s
   810   603   14.38528  121  597   27.00000   13.25000  50.9%  3987 1750s
   817   608   15.06879  124  717   27.00000   13.25000  50.9%  3965 1755s
   824   612   14.49779  128  675   27.00000   13.25000  50.9%  3951 1760s
   829   616   15.46547  130  711   27.00000   13.25000  50.9%  3944 1766s
   833   618   15.27739  132  686   27.00000   13.25000  50.9%  3938 1770s
   839   622   15.48952  135  635   27.00000   13.25000  50.9%  3922 1776s
   843   625   15.53251  137  633   27.00000   13.25000  50.9%  3917 1780s
   850   630   14.75001  141  652   27.00000   13.25000  50.9%  3899 1785s
   857   634   16.55844  144  645   27.00000   13.25000  50.9%  3885 1790s
   861   637   15.13356  146  658   27.00000   13.25000  50.9%  3880 1795s
   866   640   14.63009  149  563   27.00000   13.25000  50.9%  3871 1803s
   868   642   14.64549  150  654   27.00000   13.25000  50.9%  3869 1805s
   874   646   14.65562  153  611   27.00000   13.25000  50.9%  3855 1810s
   883   652   15.11754  157  641   27.00000   13.25000  50.9%  3831 1815s
   893   658   14.90037  162  670   27.00000   13.25000  50.9%  3802 1826s
   899   662   16.05162  165  645   27.00000   13.25000  50.9%  3788 1830s
   907   668   16.48207  169  623   27.00000   13.25000  50.9%  3767 1835s
   917   674   15.59623  174  721   27.00000   13.25000  50.9%  3741 1840s
   923   678   15.28865  177  717   27.00000   13.25000  50.9%  3725 1845s
   937   688   15.26197  184  707   27.00000   13.25000  50.9%  3681 1850s
   943   692   15.43262  187  712   27.00000   13.25000  50.9%  3671 1855s
   947   694   15.82290  189  592   27.00000   13.25000  50.9%  3662 1860s
   956   700   16.79063  194  682   27.00000   13.25000  50.9%  3640 1865s
   967   708   15.88883  199  604   27.00000   13.25000  50.9%  3612 1870s
   974   712   15.23337  203  600   27.00000   13.25000  50.9%  3594 1877s
   979   716   15.39195  205  605   27.00000   13.25000  50.9%  3584 1886s
   987   721   15.87327  209  626   27.00000   13.25000  50.9%  3565 1890s
   996   727   15.47696  214  596   27.00000   13.25000  50.9%  3544 1895s
  1001   730   15.49367  216  605   27.00000   13.25000  50.9%  3532 1905s
  1009   736   16.64871  220  636   27.00000   13.25000  50.9%  3518 1911s
  1015   740   15.97149  223  623   27.00000   13.25000  50.9%  3508 1915s
  1020   743   15.66216  226  697   27.00000   13.25000  50.9%  3501 1921s
  1027   748   16.14134  229  686   27.00000   13.25000  50.9%  3489 1925s
  1031   750   16.56617  231  713   27.00000   13.25000  50.9%  3479 1930s
  1039   756   16.20980  235  626   27.00000   13.25000  50.9%  3465 1935s
  1048   762   16.11259  240  679   27.00000   13.25000  50.9%  3447 1940s
  1055   766   16.57537  243  653   27.00000   13.25000  50.9%  3436 1950s
  1061   770   17.09653  246  652   27.00000   13.25000  50.9%  3424 1955s
  1067   774   18.45416  249  584   27.00000   13.25000  50.9%  3422 1960s
  1077   781   17.32444  254  625   27.00000   13.25000  50.9%  3402 1965s
  1089   789   17.52846  260  609   27.00000   13.25000  50.9%  3373 1970s
  1100   796   16.85827  266  623   27.00000   13.25000  50.9%  3351 1975s
  1111   804   17.41721  271  610   27.00000   13.25000  50.9%  3328 1980s
  1114   806   17.39296  273  675   27.00000   13.25000  50.9%  3327 2025s
  1120   810   17.70854  276  670   27.00000   13.25000  50.9%  3318 2030s
  1130   816   17.35325  281  575   27.00000   13.25000  50.9%  3298 2035s
  1142   824   17.36432  287  630   27.00000   13.25000  50.9%  3273 2045s
  1153   832   17.64951  292  662   27.00000   13.25000  50.9%  3252 2050s
  1163   838   20.84801  297  568   27.00000   13.25000  50.9%  3239 2055s
  1176   847   17.38073  304  589   27.00000   13.25000  50.9%  3213 2060s
  1187   854   18.43054  309  453   27.00000   13.25000  50.9%  3199 2066s
  1193   858   18.43054  312  640   27.00000   13.25000  50.9%  3195 2071s
  1203   865   18.35618  317  580   27.00000   13.25000  50.9%  3175 2075s
  1215   873   18.47346  323  590   27.00000   13.25000  50.9%  3156 2080s
  1224   879   17.80455  328  539   27.00000   13.25000  50.9%  3143 2085s
  1234   886   18.49067  333  568   27.00000   13.25000  50.9%  3128 2090s
  1245   893   19.14872  338  476   27.00000   13.25000  50.9%  3112 2095s
  1257   901   19.17545  344  433   27.00000   13.25000  50.9%  3092 2100s
  1265   906   19.37443  348  506   27.00000   13.25000  50.9%  3078 2105s
  1279   916   19.23982  355  520   27.00000   13.25000  50.9%  3054 2110s
  1295   926   20.14872  363  423   27.00000   13.25000  50.9%  3024 2115s
  1306   934   18.76442  369  461   27.00000   13.25000  50.9%  3006 2120s
  1319   942   19.75105  375  442   27.00000   13.25000  50.9%  2983 2125s
  1339   956   19.59638  385  412   27.00000   13.25000  50.9%  2945 2130s
  1356   967   19.29108  394  435   27.00000   13.25000  50.9%  2914 2135s
  1369   976   22.36319  400  442   27.00000   13.25000  50.9%  2894 2140s
  1385   986   20.15875  408  536   27.00000   13.25000  50.9%  2866 2145s
  1396   994   19.59990  414  389   27.00000   13.25000  50.9%  2849 2150s
  1417  1008   20.73307  424  421   27.00000   13.25000  50.9%  2817 2157s
  1432  1018   19.60497  432  367   27.00000   13.25000  50.9%  2791 2160s
  1443  1025   20.60497  437  332   27.00000   13.25000  50.9%  2773 2166s
  1459  1036   21.16705  445  443   27.00000   13.25000  50.9%  2748 2170s
  1487  1054   20.60497  459  353   27.00000   13.25000  50.9%  2700 2175s
  1511  1070   21.66133  471  394   27.00000   13.25000  50.9%  2662 2180s
  1539  1089   21.60497  485  342   27.00000   13.25000  50.9%  2619 2185s
  1563  1105   21.65750  497  351   27.00000   13.25000  50.9%  2583 2190s
  1599  1129   21.77135  515  310   27.00000   13.25000  50.9%  2528 2195s
  1630  1150   21.07562  531  326   27.00000   13.25000  50.9%  2484 2200s
  1644  1159   21.50576  538  420   27.00000   13.25000  50.9%  2469 2205s
  1666  1174   21.55157  549  416   27.00000   13.25000  50.9%  2441 2210s
  1675  1180   23.36321  553  377   27.00000   13.25000  50.9%  2429 2222s
  1691  1190   21.77709  561  382   27.00000   13.25000  50.9%  2408 2225s
  1714  1206   21.61819  573  338   27.00000   13.25000  50.9%  2381 2230s
  1741  1224   23.77709  586  346   27.00000   13.25000  50.9%  2347 2235s
  1771  1243   23.59328  601  311   27.00000   13.25000  50.9%  2312 2240s
  1793  1253   25.85257  612  392   27.00000   13.25000  50.9%  2290 2245s
  1827  1272   24.16467  629  360   27.00000   13.25000  50.9%  2252 2250s
  1861  1284   25.93754  646  311   27.00000   13.25000  50.9%  2217 2255s
  1900  1280   25.79297  666  279   27.00000   13.25000  50.9%  2176 2260s
  1945  1269   24.88527  692  298   27.00000   13.25000  50.9%  2130 2265s
  1953  1264   13.25000   31  846   27.00000   13.25000  50.9%  2124 2279s
  1954  1265   13.72479   32 1128   27.00000   13.25000  50.9%  2132 2288s
  1955  1265   13.75714   32 1077   27.00000   13.25000  50.9%  2137 2295s
  1959  1268   13.97502   34 1001   27.00000   13.25000  50.9%  2138 2301s
  1962  1270   13.97502   36  900   27.00000   13.25000  50.9%  2137 2305s
  1967  1273   14.11052   38 1001   27.00000   13.25000  50.9%  2137 2311s
  1972  1277   13.97502   41  850   27.00000   13.25000  50.9%  2135 2315s
  1975  1279   14.28122   42  838   27.00000   13.25000  50.9%  2136 2326s
  1978  1281   14.06344   44  734   27.00000   13.25000  50.9%  2136 2330s
  1982  1283   14.22270   46  846   27.00000   13.25000  50.9%  2137 2335s
  1987  1287   14.38346   48  859   27.00000   13.25000  50.9%  2138 2340s
  1990  1289   14.26157   50  932   27.00000   13.25000  50.9%  2142 2346s
  1994  1291   14.08993   52  732   27.00000   13.25000  50.9%  2140 2352s
  1995  1292   14.26519   52  791   27.00000   13.25000  50.9%  2141 2364s
  1997  1293   14.20851   53  775   27.00000   13.25000  50.9%  2142 2367s
  1999  1295   14.32720   54  794   27.00000   13.25000  50.9%  2142 2370s
  2003  1297   14.32414   56  858   27.00000   13.25000  50.9%  2142 2375s
  2006  1299   14.08993   58  724   27.00000   13.25000  50.9%  2141 2380s
  2011  1303   14.46807   60  809   27.00000   13.25000  50.9%  2144 2386s
  2017  1307   14.39313   63  837   27.00000   13.25000  50.9%  2145 2393s
  2020  1309   14.15856   65  761   27.00000   13.25000  50.9%  2145 2395s
  2023  1311   14.26120   66  864   27.00000   13.25000  50.9%  2150 2400s
  2029  1315   14.15965   69  801   27.00000   13.25000  50.9%  2149 2405s
  2035  1319   14.75316   72  823   27.00000   13.25000  50.9%  2153 2412s
  2039  1321   14.42795   74  738   27.00000   13.25000  50.9%  2154 2415s
  2045  1325   14.55606   77  748   27.00000   13.25000  50.9%  2155 2421s
  2049  1328   14.52863   79  851   27.00000   13.25000  50.9%  2158 2425s
  2055  1333   14.53208   82  766   27.00000   13.25000  50.9%  2159 2431s
  2060  1338   14.40548   85  839   27.00000   13.25000  50.9%  2159 2435s
  2067  1345   14.53527   88  793   27.00000   13.25000  50.9%  2157 2440s
  2072  1350   14.75675   91  814   27.00000   13.25000  50.9%  2163 2448s
  2074  1352   14.52604   92  833   27.00000   13.25000  50.9%  2163 2450s
  2083  1361   14.92207   96  725   27.00000   13.25000  50.9%  2163 2456s
  2088  1366   14.80014   99  799   27.00000   13.25000  50.9%  2163 2460s
  2089  1367   14.93222   99  793   27.00000   13.25000  50.9%  2164 2472s
  2093  1371   14.83441  101  716   27.00000   13.25000  50.9%  2165 2475s
  2102  1380   14.90199  106  811   27.00000   13.25000  50.9%  2161 2480s
  2111  1389   15.29335  110  718   27.00000   13.25000  50.9%  2158 2485s
  2119  1397   15.59578  114  805   27.00000   13.25000  50.9%  2155 2490s
  2127  1405   15.45004  118  808   27.00000   13.25000  50.9%  2153 2495s
  2135  1413   15.51322  122  697   27.00000   13.25000  50.9%  2150 2500s
  2143  1421   15.43845  126  693   27.00000   13.25000  50.9%  2148 2505s
  2153  1431   15.65736  131  658   27.00000   13.25000  50.9%  2144 2510s
  2161  1439   15.50467  135  711   27.00000   13.25000  50.9%  2142 2515s
  2169  1447   15.76356  139  661   27.00000   13.25000  50.9%  2140 2520s
  2177  1455   16.00000  143  660   27.00000   13.25000  50.9%  2140 2526s
  2184  1462   15.36893  147  702   27.00000   13.25000  50.9%  2136 2530s
  2195  1473   15.66961  152  708   27.00000   13.25000  50.9%  2132 2535s
  2203  1481   15.85261  156  636   27.00000   13.25000  50.9%  2130 2540s
  2213  1491   16.37893  161  576   27.00000   13.25000  50.9%  2125 2545s
  2225  1503   15.88435  167  618   27.00000   13.25000  50.9%  2118 2550s
  2236  1514   15.79357  173  629   27.00000   13.25000  50.9%  2112 2555s
  2247  1525   16.46970  178  606   27.00000   13.25000  50.9%  2107 2560s
  2261  1539   16.89317  185  565   27.00000   13.25000  50.9%  2098 2565s
  2264  1542   16.25547  187  562   27.00000   13.25000  50.9%  2097 2573s
  2269  1547   16.65043  189  599   27.00000   13.25000  50.9%  2094 2575s
  2283  1561   16.73522  196  545   27.00000   13.25000  50.9%  2085 2580s
  2297  1575   17.28919  203  453   27.00000   13.25000  50.9%  2076 2585s
  2309  1587   17.43383  209  533   27.00000   13.25000  50.9%  2071 2590s
  2325  1603   17.68623  217  565   27.00000   13.25000  50.9%  2060 2595s
  2337  1615   17.67649  223  561   27.00000   13.25000  50.9%  2054 2600s
  2350  1628   17.82219  230  549   27.00000   13.25000  50.9%  2046 2605s
  2363  1641   18.51335  236  472   27.00000   13.25000  50.9%  2039 2610s
  2375  1653   18.59441  242  468   27.00000   13.25000  50.9%  2036 2615s
  2390  1668   18.32373  250  472   27.00000   13.25000  50.9%  2027 2620s
  2404  1682   18.46660  257  395   27.00000   13.25000  50.9%  2021 2625s
  2415  1693   19.14024  262  483   27.00000   13.25000  50.9%  2018 2630s
  2429  1707   19.57522  269  358   27.00000   13.25000  50.9%  2011 2635s
  2453  1731   22.64463  281  271   27.00000   13.25000  50.9%  1997 2640s
  2491  1769   22.81088  300  284   27.00000   13.25000  50.9%  1969 2645s
  2510  1788   22.40286  310  257   27.00000   13.25000  50.9%  1955 2650s
  2551  1826   23.78621  330  239   27.00000   13.25000  50.9%  1926 2655s
  2605  1879   24.00266  357  236   27.00000   13.25000  50.9%  1887 2660s
  2650  1892   13.39420   31 1103   27.00000   13.25000  50.9%  1860 2674s
  2651  1893   13.42162   32 1165   27.00000   13.25000  50.9%  1862 2687s
  2652  1894   13.42162   32 1262   27.00000   13.25000  50.9%  1863 2691s
  2654  1896   13.42162   33  978   27.00000   13.25000  50.9%  1864 2695s
  2658  1900   13.47605   35  842   27.00000   13.25000  50.9%  1865 2700s
  2662  1904   13.82284   37  943   27.00000   13.25000  50.9%  1868 2708s
  2664  1906   13.73267   38  855   27.00000   13.25000  50.9%  1868 2710s
  2667  1909   13.73267   40  822   27.00000   13.25000  50.9%  1870 2715s
  2670  1912   14.00000   41  920   27.00000   13.25000  50.9%  1873 2721s
  2673  1915   13.73267   43  863   27.00000   13.25000  50.9%  1873 2725s
  2676  1918   13.98486   44  918   27.00000   13.25000  50.9%  1875 2730s
  2680  1922   13.87040   46  877   27.00000   13.25000  50.9%  1875 2735s
  2684  1926   14.00217   48  863   27.00000   13.25000  50.9%  1877 2741s
  2688  1930   13.97842   50  921   27.00000   13.25000  50.9%  1877 2746s
  2692  1934   14.23867   52  710   27.00000   13.25000  50.9%  1878 2751s
  2696  1938   14.20062   54  965   27.00000   13.25000  50.9%  1884 2761s
  2700  1942   14.16931   56  858   27.00000   13.25000  50.9%  1885 2765s
  2706  1948   14.13831   59  781   27.00000   13.25000  50.9%  1888 2771s
H 2710  1921                      26.0000000   13.25000  49.0%  1888 2777s
  2713  1926   14.00000   63  718   26.00000   13.25000  49.0%  1892 2782s
  2714  1927   14.50000   63  768   26.00000   13.25000  49.0%  1893 2785s
  2718  1931   14.48523   65  784   26.00000   13.25000  49.0%  1896 2792s
  2720  1933   14.30103   66  700   26.00000   13.25000  49.0%  1898 2796s
  2723  1936   14.00000   68  813   26.00000   13.25000  49.0%  1900 2801s
  2726  1939   14.14490   69  750   26.00000   13.25000  49.0%  1903 2806s
  2731  1944   14.00890   72  754   26.00000   13.25000  49.0%  1903 2810s
  2737  1950   14.04224   75  699   26.00000   13.25000  49.0%  1902 2815s
  2746  1959   14.65544   79  772   26.00000   13.25000  49.0%  1900 2820s
  2753  1966   14.58908   83  710   26.00000   13.25000  49.0%  1899 2825s
  2762  1975   14.73444   87  703   26.00000   13.25000  49.0%  1898 2830s
  2770  1983   14.84935   91  615   26.00000   13.25000  49.0%  1896 2835s
  2779  1992   14.42380   96  733   26.00000   13.25000  49.0%  1893 2840s
  2789  2002   14.49838  101  800   26.00000   13.25000  49.0%  1890 2845s
  2793  2006   14.50386  103  823   26.00000   13.25000  49.0%  1889 2850s
  2803  2016   14.55179  108  685   26.00000   13.25000  49.0%  1886 2855s
  2815  2028   14.64245  114  661   26.00000   13.25000  49.0%  1882 2860s
  2825  2038   14.64233  119  739   26.00000   13.25000  49.0%  1879 2865s
  2838  2051   15.09720  125  623   26.00000   13.25000  49.0%  1874 2870s
  2845  2058   14.69317  129  722   26.00000   13.25000  49.0%  1871 2877s
  2852  2065   15.46779  132  556   26.00000   13.25000  49.0%  1869 2880s
  2862  2075   14.86016  137  725   26.00000   13.25000  49.0%  1865 2885s
  2872  2085   15.43367  142  650   26.00000   13.25000  49.0%  1861 2890s
  2886  2099   15.25110  149  764   26.00000   13.25000  49.0%  1857 2895s
  2897  2110   15.23182  155  691   26.00000   13.25000  49.0%  1853 2900s
  2906  2119   15.83765  159  674   26.00000   13.25000  49.0%  1850 2905s
  2914  2127   16.17902  163  618   26.00000   13.25000  49.0%  1849 2910s
  2924  2137   16.06480  168  600   26.00000   13.25000  49.0%  1846 2915s
  2934  2147   16.18966  173  617   26.00000   13.25000  49.0%  1843 2920s
  2948  2161   16.62108  180  543   26.00000   13.25000  49.0%  1837 2925s
  2956  2169   17.06660  184  664   26.00000   13.25000  49.0%  1835 2930s
  2958  2171   16.95414  185  514   26.00000   13.25000  49.0%  1834 2954s
  2959  2172   16.20293  186  639   26.00000   13.25000  49.0%  1833 2955s
  2970  2183   17.00000  191  624   26.00000   13.25000  49.0%  1830 2960s
  2980  2193   17.06425  196  566   26.00000   13.25000  49.0%  1827 2965s
  2991  2204   16.39761  202  623   26.00000   13.25000  49.0%  1824 2970s
  3002  2215   16.89020  207  546   26.00000   13.25000  49.0%  1820 2975s
  3007  2220   16.48337  210  612   26.00000   13.25000  49.0%  1817 2981s
  3018  2231   17.30254  215  573   26.00000   13.25000  49.0%  1813 2985s
  3030  2243   17.59096  221  567   26.00000   13.25000  49.0%  1808 2990s
  3043  2256   16.79092  228  559   26.00000   13.25000  49.0%  1803 2995s
  3057  2270   17.48587  235  431   26.00000   13.25000  49.0%  1798 3000s
  3069  2282   17.58144  241  436   26.00000   13.25000  49.0%  1793 3005s
  3080  2293   18.89416  246  501   26.00000   13.25000  49.0%  1789 3011s
  3088  2301   17.93607  250  408   26.00000   13.25000  49.0%  1786 3015s
  3101  2314   18.35433  257  402   26.00000   13.25000  49.0%  1781 3020s
  3118  2331   19.50583  265  356   26.00000   13.25000  49.0%  1774 3025s
  3130  2343   19.44200  271  513   26.00000   13.25000  49.0%  1770 3030s
  3142  2355   20.08867  277  505   26.00000   13.25000  49.0%  1766 3035s
  3156  2369   20.63544  284  441   26.00000   13.25000  49.0%  1761 3040s
  3169  2382   20.06406  291  420   26.00000   13.25000  49.0%  1756 3049s
  3170  2383   20.64187  291  419   26.00000   13.25000  49.0%  1755 3050s
  3185  2398   20.22545  299  372   26.00000   13.25000  49.0%  1748 3055s
  3205  2418   20.26193  309  367   26.00000   13.25000  49.0%  1739 3060s
  3224  2437   21.49455  318  310   26.00000   13.25000  49.0%  1731 3065s
  3248  2461   21.44332  330  291   26.00000   13.25000  49.0%  1720 3070s
  3268  2481   22.36988  340  267   26.00000   13.25000  49.0%  1712 3075s
  3286  2499   21.77326  349  360   26.00000   13.25000  49.0%  1704 3080s
  3306  2519   22.59247  359  276   26.00000   13.25000  49.0%  1695 3087s
  3320  2533   21.99572  366  292   26.00000   13.25000  49.0%  1689 3090s
  3352  2553   23.21390  382  283   26.00000   13.25000  49.0%  1676 3095s
  3386  2568   24.51494  399  267   26.00000   13.25000  49.0%  1662 3100s
  3390  2566   13.62427   45  948   26.00000   13.25000  49.0%  1663 3108s
  3391  2567   13.85000   46  847   26.00000   13.25000  49.0%  1664 3110s
  3394  2570   13.96104   47  872   26.00000   13.25000  49.0%  1666 3116s
  3397  2573   14.06657   49  715   26.00000   13.25000  49.0%  1667 3132s
  3399  2575   14.20791   50  884   26.00000   13.25000  49.0%  1668 3135s
  3402  2578   14.34440   51  843   26.00000   13.25000  49.0%  1670 3150s
  3407  2583   14.81855   54  569   26.00000   13.25000  49.0%  1671 3155s
  3412  2588   15.27930   56  620   26.00000   13.25000  49.0%  1672 3160s
  3420  2596   15.26066   60  599   26.00000   13.25000  49.0%  1672 3165s
  3429  2605   15.69376   65  649   26.00000   13.25000  49.0%  1670 3170s
  3440  2616   16.20835   70  621   26.00000   13.25000  49.0%  1667 3175s
  3450  2626   16.47278   75  566   26.00000   13.25000  49.0%  1665 3180s
  3460  2636   16.55619   80  605   26.00000   13.25000  49.0%  1663 3185s
  3472  2648   16.60345   86  709   26.00000   13.25000  49.0%  1659 3190s
  3484  2660   16.79168   92  611   26.00000   13.25000  49.0%  1656 3195s
  3497  2673   16.35037   99  736   26.00000   13.25000  49.0%  1652 3200s
  3505  2681   16.43055  103  696   26.00000   13.25000  49.0%  1651 3205s
  3514  2690   16.83323  107  567   26.00000   13.25000  49.0%  1649 3210s
  3528  2704   17.60444  114  588   26.00000   13.25000  49.0%  1645 3215s
  3542  2718   17.46404  121  535   26.00000   13.25000  49.0%  1641 3220s
  3554  2730   17.91390  127  613   26.00000   13.25000  49.0%  1638 3225s
  3567  2743   17.09054  134  556   26.00000   13.25000  49.0%  1634 3230s
  3582  2758   19.57443  141  547   26.00000   13.25000  49.0%  1630 3235s
  3595  2771   17.44788  148  497   26.00000   13.25000  49.0%  1626 3240s
  3605  2781   17.49153  153  518   26.00000   13.25000  49.0%  1623 3245s
  3619  2795   17.52592  160  561   26.00000   13.25000  49.0%  1619 3250s
  3634  2810   19.12782  167  438   26.00000   13.25000  49.0%  1615 3255s
  3648  2824   18.74617  174  435   26.00000   13.25000  49.0%  1612 3260s
  3666  2842   19.00252  183  488   26.00000   13.25000  49.0%  1606 3265s
  3679  2855   18.78492  190  472   26.00000   13.25000  49.0%  1604 3276s
  3683  2859   19.23546  192  445   26.00000   13.25000  49.0%  1604 3280s
  3703  2879   19.09888  202  333   26.00000   13.25000  49.0%  1598 3285s
  3720  2896   19.54460  210  307   26.00000   13.25000  49.0%  1593 3290s
  3744  2920   19.65682  222  383   26.00000   13.25000  49.0%  1585 3295s
  3768  2944   19.57454  234  293   26.00000   13.25000  49.0%  1577 3300s
  3792  2968   20.38634  246  294   26.00000   13.25000  49.0%  1569 3305s
  3814  2990   21.38358  257  250   26.00000   13.25000  49.0%  1562 3310s
  3841  3017   20.69697  271  278   26.00000   13.25000  49.0%  1553 3315s
  3873  3049   21.21925  287  287   26.00000   13.25000  49.0%  1542 3320s
  3902  3077   22.86333  301  176   26.00000   13.25000  49.0%  1532 3325s
  3943  3112   23.82053  322  209   26.00000   13.25000  49.0%  1518 3330s
  3957  3112   13.65591   45 1003   26.00000   13.25000  49.0%  1516 3347s
  3960  3115   13.66759   47  959   26.00000   13.25000  49.0%  1516 3352s
  3963  3118   13.70369   48  923   26.00000   13.25000  49.0%  1517 3355s
  3966  3121   13.91727   50 1001   26.00000   13.25000  49.0%  1518 3360s
  3969  3124   14.34545   51  992   26.00000   13.25000  49.0%  1520 3366s
  3973  3128   14.24893   53  797   26.00000   13.25000  49.0%  1521 3370s
  3979  3134   14.54499   56  744   26.00000   13.25000  49.0%  1522 3376s
  3983  3138   14.39152   58  938   26.00000   13.25000  49.0%  1523 3470s
  3984  3139   14.52765   59  825   26.00000   13.25000  49.0%  1523 3475s
  3988  3143   14.53921   61  765   26.00000   13.25000  49.0%  1524 3481s
  3991  3146   14.73816   62  812   26.00000   13.25000  49.0%  1526 3487s
  3995  3150   15.74578   64  610   26.00000   13.25000  49.0%  1525 3490s
  4001  3156   15.18570   67  737   26.00000   13.25000  49.0%  1527 3495s
  4008  3163   15.24042   71  690   26.00000   13.25000  49.0%  1526 3501s
  4011  3166   15.25518   72  692   26.00000   13.25000  49.0%  1527 3507s
  4016  3171   15.30240   75  680   26.00000   13.25000  49.0%  1527 3510s
  4025  3180   15.81277   79  641   26.00000   13.25000  49.0%  1528 3515s
  4036  3191   15.32865   85  682   26.00000   13.25000  49.0%  1526 3520s
  4047  3202   15.83064   90  655   26.00000   13.25000  49.0%  1525 3525s
  4057  3212   15.98346   95  648   26.00000   13.25000  49.0%  1524 3531s
  4061  3216   16.61816   97  629   26.00000   13.25000  49.0%  1525 3535s
  4069  3224   16.14626  101  580   26.00000   13.25000  49.0%  1525 3540s
  4078  3233   15.62449  106  643   26.00000   13.25000  49.0%  1524 3545s
  4084  3239   15.72307  109  774   26.00000   13.25000  49.0%  1524 3552s
  4090  3245   15.85629  112  600   26.00000   13.25000  49.0%  1523 3555s
  4101  3256   16.22597  117  625   26.00000   13.25000  49.0%  1522 3560s
  4113  3268   16.78676  123  508   26.00000   13.25000  49.0%  1520 3565s
  4123  3278   17.04923  128  568   26.00000   13.25000  49.0%  1519 3570s
  4135  3290   18.00609  134  438   26.00000   13.25000  49.0%  1518 3575s
  4147  3302   17.24169  140  557   26.00000   13.25000  49.0%  1516 3581s
  4155  3310   17.48658  144  563   26.00000   13.25000  49.0%  1515 3585s
  4168  3323   17.24658  151  604   26.00000   13.25000  49.0%  1512 3590s
  4180  3335   17.31690  157  540   26.00000   13.25000  49.0%  1510 3595s

Cutting planes:
  Learned: 1
  Gomory: 5
  Cover: 105
  Implied bound: 41
  Projected implied bound: 193
  Clique: 59
  MIR: 37
  Mixing: 2
  StrongCG: 7
  Flow cover: 170
  GUB cover: 112
  Zero half: 8
  RLT: 11
  Relax-and-lift: 362

Explored 4195 nodes (6499996 simplex iterations) in 3599.92 seconds (4979.42 work units)
Thread count was 1 (of 16 available processors)

Solution count 10: 26 26 27 ... 33

Time limit reached
Best objective 2.600000000000e+01, best bound 1.400000000000e+01, gap 46.1538%

User-callback calls 636202, time in user-callback 1.57 sec

 sepatime0
Stat(MathOptInterface.TIME_LIMIT, 26.0, 14.0, 0.46153846153846156, 0.0, 0.110128, 3599.917815923691, 4195, Main.CFLG.LEFPV2, "", #undef)
