Data path: /scratch/opt/lxu/CFLG/benchmarks/random_B
Instance: r_30_0.2_75.txt
Result path: /scratch/opt/lxu/CFLG/results/random_B
Solver: Gurobi
Time limit: 7200
Formulation: LEFP
Cover: Large
julia --project=. src/main.jl /scratch/opt/lxu/CFLG/benchmarks/random_B r_30_0.2_75.txt /scratch/opt/lxu/CFLG/results/random_B Gurobi 7200 LEFP Large
The latest version of Julia in the `release` channel is 1.11.6+0.x64.linux.gnu. You currently have `1.11.4+0.x64.linux.gnu` installed. Run:

  juliaup update

in your terminal shell to install Julia 1.11.6+0.x64.linux.gnu and update the `release` channel to that version.
/scratch/opt/lxu/CFLG/benchmarks/random_B Gurobi 7200.0 /scratch/opt/lxu/CFLG/results/random_B r_30_0.2_75.txt LEFP Large
/scratch/opt/lxu/CFLG/benchmarks/random_B/r_30_0.2_75.txt

 read graph
data loaded

problem_graph/original graph: node: 30/30 edge: 75/75 dlt: 1.338331712771451 break_avg_len: 0.6691658563857255 break_max_len: 0.9947526277799718Set parameter TokenServer to value "solice01.zib.de"
Set parameter Threads to value 1
Set parameter OutputFlag to value 1
Gurobi Optimizer version 12.0.1 build v12.0.1rc0 (linux64 - "Debian GNU/Linux 12 (bookworm)")

CPU model: Intel(R) Xeon(R) Gold 5222 CPU @ 3.80GHz, instruction set [SSE2|AVX|AVX2|AVX512]
Thread count: 8 physical cores, 16 logical processors, using up to 1 threads

Non-default parameters:
Threads  1

Optimize a model with 105 rows, 225 columns and 375 nonzeros
Model fingerprint: 0x72c65142
Coefficient statistics:
  Matrix range     [1e+00, 1e+00]
  Objective range  [1e+00, 1e+00]
  Bounds range     [1e+00, 1e+00]
  RHS range        [1e+00, 1e+00]
Presolve time: 0.00s
Presolved: 105 rows, 225 columns, 375 nonzeros

Iteration    Objective       Primal Inf.    Dual Inf.      Time
       0    7.5000000e+01   7.800000e+01   0.000000e+00      0s
      68    3.0000000e+01   0.000000e+00   0.000000e+00      0s

Solved in 68 iterations and 0.00 seconds (0.00 work units)
Optimal objective  3.000000000e+01

User-callback calls 112, time in user-callback 0.00 sec
elapsed CPU time: 0.905656 seconds
Set parameter TokenServer to value "solice01.zib.de"
Set parameter Threads to value 1
Set parameter OutputFlag to value 1
Set parameter MIPGap to value 0.0001
Set parameter TimeLimit to value 7199.094344

 more cuts: false 1.338331712771451 false
is_attach:falseformulation:LEFP0 75 30

 model loaded

Gurobi Optimizer version 12.0.1 build v12.0.1rc0 (linux64 - "Debian GNU/Linux 12 (bookworm)")

CPU model: Intel(R) Xeon(R) Gold 5222 CPU @ 3.80GHz, instruction set [SSE2|AVX|AVX2|AVX512]
Thread count: 8 physical cores, 16 logical processors, using up to 1 threads

Non-default parameters:
TimeLimit  7199.094344
Threads  1

Optimize a model with 5524 rows, 2705 columns and 16197 nonzeros
Model fingerprint: 0x8c69edb6
Variable types: 180 continuous, 2525 integer (2525 binary)
Coefficient statistics:
  Matrix range     [1e-06, 2e+00]
  Objective range  [1e+00, 1e+00]
  Bounds range     [3e-01, 1e+00]
  RHS range        [3e-01, 8e+00]
Found heuristic solution: objective 25.0000000
Presolve removed 920 rows and 110 columns
Presolve time: 0.04s
Presolved: 4604 rows, 2595 columns, 15040 nonzeros
Variable types: 105 continuous, 2490 integer (2490 binary)

Root relaxation: objective 1.407407e+00, 1822 iterations, 0.05 seconds (0.08 work units)

    Nodes    |    Current Node    |     Objective Bounds      |     Work
 Expl Unexpl |  Obj  Depth IntInf | Incumbent    BestBd   Gap | It/Node Time

     0     0    1.40741    0  327   25.00000    1.40741  94.4%     -    0s
H    0     0                      16.0000000    1.40741  91.2%     -    0s
H    0     0                       5.0000000    1.40741  71.9%     -    0s
     0     0    1.46315    0  306    5.00000    1.46315  70.7%     -    0s
     0     0    1.66667    0  319    5.00000    1.66667  66.7%     -    0s
     0     0    1.73986    0  322    5.00000    1.73986  65.2%     -    0s
     0     0    1.74346    0  373    5.00000    1.74346  65.1%     -    0s
     0     0    1.79967    0  349    5.00000    1.79967  64.0%     -    0s
     0     0    1.81219    0  469    5.00000    1.81219  63.8%     -    0s
     0     0    1.87430    0  321    5.00000    1.87430  62.5%     -    1s
     0     0    1.88290    0  371    5.00000    1.88290  62.3%     -    1s
     0     0    1.88443    0  390    5.00000    1.88443  62.3%     -    1s
     0     0    1.88467    0  393    5.00000    1.88467  62.3%     -    1s
     0     0    1.88467    0  392    5.00000    1.88467  62.3%     -    1s
     0     0    1.89117    0  384    5.00000    1.89117  62.2%     -    1s
     0     0    1.89154    0  420    5.00000    1.89154  62.2%     -    1s
     0     0    1.89180    0  407    5.00000    1.89180  62.2%     -    1s
     0     0    1.89180    0  407    5.00000    1.89180  62.2%     -    1s
     0     0    1.89295    0  384    5.00000    1.89295  62.1%     -    1s
     0     0    1.89346    0  384    5.00000    1.89346  62.1%     -    1s
     0     0    1.89346    0  391    5.00000    1.89346  62.1%     -    1s
     0     0    1.89369    0  390    5.00000    1.89369  62.1%     -    1s
     0     0    1.89369    0  374    5.00000    1.89369  62.1%     -    1s
     0     0    1.89394    0  385    5.00000    1.89394  62.1%     -    3s
     0     0    1.89396    0  351    5.00000    1.89396  62.1%     -    3s
     0     0    1.89408    0  351    5.00000    1.89408  62.1%     -    3s
H    0     0                       4.0000000    1.89440  52.6%     -    3s
     0     2    1.89458    0  351    4.00000    1.89458  52.6%     -    3s
   193   136    2.33333    6  153    4.00000    1.93797  51.6%   164    5s
   724   408    2.37605    4  351    4.00000    2.07407  48.1%   141   10s
   733   414    2.55301   20  191    4.00000    2.07407  48.1%   139   15s
   741   419    2.50000   20  274    4.00000    2.07407  48.1%   138   20s
   747   423    2.38079   13  316    4.00000    2.07407  48.1%   137   25s
   775   443    2.43218   28  184    4.00000    2.07407  48.1%   267   30s
   862   458     cutoff   34         4.00000    2.21329  44.7%   291   35s
   965   450    3.00000   40   72    4.00000    2.29948  42.5%   303   40s
  1071   432    2.79146   23  162    4.00000    2.32941  41.8%   303   45s
  1174   442    3.00000   36  118    4.00000    2.39692  40.1%   299   50s
  1328   415     cutoff   35         4.00000    2.43837  39.0%   293   55s
  1470   400    3.00000   48   78    4.00000    2.50000  37.5%   289   60s
  1596   345    2.66667   30  223    4.00000    2.66667  33.3%   290   65s
  1753   320    2.82689   39  106    4.00000    2.70653  32.3%   286   70s
  1940   162     cutoff   21         4.00000    3.00000  25.0%   284   75s
  2119    71    3.00000   37  146    4.00000    3.00000  25.0%   281   80s
  2256    42     cutoff   59         4.00000    3.00000  25.0%   283   85s

Cutting planes:
  Gomory: 3
  Cover: 22
  Implied bound: 4
  Clique: 6
  MIR: 10
  StrongCG: 5
  Flow cover: 6
  GUB cover: 32
  Zero half: 5
  RLT: 3
  Relax-and-lift: 2
  BQP: 1

Explored 2400 nodes (699852 simplex iterations) in 89.12 seconds (126.54 work units)
Thread count was 1 (of 16 available processors)

Solution count 6: 4 5 5 ... 25

Optimal solution found (tolerance 1.00e-04)
Best objective 4.000000000000e+00, best bound 4.000000000000e+00, gap 0.0000%

User-callback calls 22727, time in user-callback 0.02 sec

 sepatime0 0 0
4.0
Stat(MathOptInterface.OPTIMAL, 4.0, 4.0, 0.0, 0.0, 0.905656, 89.1226589679718, 2400, Main.CFLG.LEFP, "", #undef)
