Data path: /scratch/opt/lxu/CFLG/benchmarks/tree_A
Instance: treeA.300.30
Result path: /scratch/opt/lxu/CFLG/results/tree_A
Solver: Gurobi
Time limit: 7200
Formulation: EF
Cover: Small
julia --project=. src/main.jl /scratch/opt/lxu/CFLG/benchmarks/tree_A treeA.300.30 /scratch/opt/lxu/CFLG/results/tree_A Gurobi 7200 EF Small
The latest version of Julia in the `release` channel is 1.11.6+0.x64.linux.gnu. You currently have `1.11.4+0.x64.linux.gnu` installed. Run:

  juliaup update

in your terminal shell to install Julia 1.11.6+0.x64.linux.gnu and update the `release` channel to that version.
/scratch/opt/lxu/CFLG/benchmarks/tree_A Gurobi 7200.0 /scratch/opt/lxu/CFLG/results/tree_A treeA.300.30 EF Small
/scratch/opt/lxu/CFLG/benchmarks/tree_A/treeA.300.30

 read graph
data loaded


after absorb:190 300

max_piece:29
problem_graph/original graph: node: 1402/300 edge: 1431/329 dlt: 0.3798971386151679 break_avg_len: 0.3493673196488921 break_max_len: 0.379232808974621elapsed CPU time: 2.063216 seconds
Set parameter TokenServer to value "solice01.zib.de"
Set parameter Threads to value 1
Set parameter OutputFlag to value 1
Set parameter MIPGap to value 0.0001
Set parameter TimeLimit to value 7197.936784
slurmstepd-htc-cmp487: error: Detected 1 oom_kill event in StepId=14743627.0. Some of the step tasks have been OOM Killed.
srun: error: htc-cmp487: task 0: Out Of Memory
