Data path: /scratch/opt/lxu/CFLG/benchmarks/Kgroup_A
Instance: K100.2.red
Result path: /scratch/opt/lxu/CFLG/results/Kgroup_A
Solver: Gurobi
Time limit: 3600
Formulation: LEFPI
Cover: Small
julia --project=. src/main.jl /scratch/opt/lxu/CFLG/benchmarks/Kgroup_A K100.2.red /scratch/opt/lxu/CFLG/results/Kgroup_A Gurobi 3600 LEFPI Small
The latest version of Julia in the `release` channel is 1.11.5+0.x64.linux.gnu. You currently have `1.11.4+0.x64.linux.gnu` installed. Run:

  juliaup update

in your terminal shell to install Julia 1.11.5+0.x64.linux.gnu and update the `release` channel to that version.
/scratch/opt/lxu/CFLG/benchmarks/Kgroup_A Gurobi 3600.0 /scratch/opt/lxu/CFLG/results/Kgroup_A K100.2.red LEFPI Small
/scratch/opt/lxu/CFLG/benchmarks/Kgroup_A/K100.2.red

 read graph
data loaded


after absorb:24 24

max_piece:16
problem_graph/original graph: node: 33/24 edge: 92/83 dlt: 0.07048185855182397 break_avg_len: 0.254347576513104 break_max_len: 1.0elapsed CPU time: 0.044455 seconds
Set parameter TokenServer to value "solice01.zib.de"
Set parameter Threads to value 1
Set parameter OutputFlag to value 1
Set parameter MIPGap to value 0.0001
Set parameter MIPGapAbs to value 1
Set parameter TimeLimit to value 3599.955545

 more cuts:false
formulation:LEFPI70 22 9

 model loaded

Gurobi Optimizer version 12.0.1 build v12.0.1rc0 (linux64 - "Debian GNU/Linux 12 (bookworm)")

CPU model: Intel(R) Xeon(R) Gold 5222 CPU @ 3.80GHz, instruction set [SSE2|AVX|AVX2|AVX512]
Thread count: 8 physical cores, 16 logical processors, using up to 1 threads

Non-default parameters:
TimeLimit  3599.955545
MIPGapAbs  1
Threads  1

Optimize a model with 1667 rows, 1135 columns and 3399 nonzeros
Model fingerprint: 0xf4f35b20
Model has 572 simple general constraints
  572 INDICATOR
Variable types: 309 continuous, 826 integer (686 binary)
Coefficient statistics:
  Matrix range     [6e-03, 1e+00]
  Objective range  [1e+00, 1e+00]
  Bounds range     [6e-03, 1e+00]
  RHS range        [5e-03, 7e+00]
  GenCon rhs range [7e-08, 9e-01]
  GenCon coe range [1e+00, 1e+00]
Presolve removed 652 rows and 248 columns
Presolve time: 0.04s
Presolved: 1015 rows, 887 columns, 5557 nonzeros
Variable types: 264 continuous, 623 integer (597 binary)
Found heuristic solution: objective 181.0000000
Found heuristic solution: objective 167.0000000
Found heuristic solution: objective 166.0000000

Root relaxation: objective 1.270000e+02, 423 iterations, 0.00 seconds (0.00 work units)

    Nodes    |    Current Node    |     Objective Bounds      |     Work
 Expl Unexpl |  Obj  Depth IntInf | Incumbent    BestBd   Gap | It/Node Time

     0     0  127.00000    0   46  166.00000  127.00000  23.5%     -    0s
H    0     0                     156.0000000  127.00000  18.6%     -    0s
H    0     0                     154.0000000  127.00000  17.5%     -    0s
     0     0  127.15858    0   70  154.00000  127.15858  17.4%     -    0s
H    0     0                     153.0000000  127.21151  16.9%     -    0s
H    0     0                     149.0000000  127.21151  14.6%     -    0s
     0     0  127.21151    0   67  149.00000  127.21151  14.6%     -    0s
     0     0  128.59418    0   92  149.00000  128.59418  13.7%     -    0s
H    0     0                     144.0000000  128.69146  10.6%     -    0s
     0     0  128.69146    0   82  144.00000  128.69146  10.6%     -    0s
     0     0  128.69146    0   82  144.00000  128.69146  10.6%     -    0s
     0     0  129.33582    0   85  144.00000  129.33582  10.2%     -    0s
     0     0  129.60068    0   77  144.00000  129.60068  10.0%     -    0s
     0     0  129.60638    0   80  144.00000  129.60638  10.0%     -    0s
     0     0  129.60878    0   83  144.00000  129.60878  10.0%     -    0s
     0     0  129.60878    0   82  144.00000  129.60878  10.0%     -    0s
     0     0  130.30073    0   82  144.00000  130.30073  9.51%     -    0s
H    0     0                     143.0000000  130.30073  8.88%     -    0s
     0     0  130.36364    0   85  143.00000  130.36364  8.84%     -    0s
     0     0  130.36584    0   86  143.00000  130.36584  8.84%     -    0s
     0     0  130.36584    0   89  143.00000  130.36584  8.84%     -    0s
     0     0  130.39674    0   87  143.00000  130.39674  8.81%     -    0s
H    0     0                     142.0000000  130.44832  8.13%     -    0s
     0     0  130.44832    0   99  142.00000  130.44832  8.13%     -    0s
     0     0  130.44832    0  114  142.00000  130.44832  8.13%     -    0s
     0     0  130.46753    0   96  142.00000  130.46753  8.12%     -    0s
H    0     0                     139.0000000  130.46753  6.14%     -    0s
     0     2  130.47896    0   92  139.00000  130.47896  6.13%     -    0s
H  397   342                     138.0000000  130.47896  5.45%  12.8    0s
   710   584  133.60372   44   74  138.00000  132.96429  3.65%  57.4    5s
H  737   571                     137.0000000  133.00000  2.92%  55.3    5s
  2107  1137  134.30645   52   31  137.00000  133.06674  2.87%  49.0   10s
  4063  2177  133.59617   42  101  137.00000  133.22443  2.76%  47.9   15s
  6122  3315  135.53613   72   40  137.00000  133.32120  2.69%  47.9   20s
  8137  4467  134.13631   49   57  137.00000  133.37622  2.65%  48.7   25s
 10203  5612  134.50016   42   96  137.00000  133.43514  2.60%  48.7   36s
 10262  5651  134.01048   53  149  137.00000  133.43514  2.60%  48.4   40s
 10340  5705  133.96423   52   79  137.00000  133.43514  2.60%  50.0   45s
 10882  5934  133.60139   50  107  137.00000  133.43514  2.60%  50.9   50s
 12237  6390  135.05294   58   82  137.00000  133.48782  2.56%  51.4   55s
 13961  6815  133.80991   53   76  137.00000  133.64080  2.45%  52.0   60s
 15723  7352  134.52015   58   84  137.00000  133.70803  2.40%  53.0   65s
 17535  7766  134.28451   53  132  137.00000  133.79236  2.34%  53.5   70s
 19466  8220  134.82705   58   87  137.00000  133.85880  2.29%  53.8   75s
 21193  8589  134.21260   49  121  137.00000  133.91475  2.25%  54.6   80s
 23165  8978  136.00000   66   25  137.00000  133.96423  2.22%  54.9   85s
 24916  9439  135.34512   66   93  137.00000  134.00000  2.19%  55.6   90s
 26840  9801  134.38265   54  125  137.00000  134.02443  2.17%  55.9   95s
 28563 10582  134.45677   58  108  137.00000  134.03794  2.16%  56.2  100s
 30461 11608  134.09166   56  125  137.00000  134.05842  2.15%  56.5  105s
 32341 12599  135.27985   72   39  137.00000  134.07359  2.14%  56.7  110s
 34174 13477  134.28229   59  104  137.00000  134.08578  2.13%  57.1  115s
 36072 14469  135.00000   64   44  137.00000  134.09905  2.12%  57.0  120s
 37906 15488     cutoff   90       137.00000  134.10915  2.11%  57.2  125s
 39618 16368  135.08600   59   61  137.00000  134.12039  2.10%  57.5  130s
 41284 17166  134.16305   53  134  137.00000  134.12463  2.10%  58.0  135s
 43035 18085  136.00000   80   19  137.00000  134.13293  2.09%  58.2  140s
 44883 18961  134.38118   52  118  137.00000  134.14249  2.09%  58.3  145s
 46718 19947  135.37688   64   61  137.00000  134.15447  2.08%  58.3  150s
 48418 20753  135.55979   68   49  137.00000  134.16323  2.07%  58.6  155s
 50116 21513  135.50000   56   40  137.00000  134.17297  2.06%  58.8  160s
 51663 22253  134.49791   61   87  137.00000  134.18080  2.06%  59.1  165s
 53306 23032  135.51769   71   45  137.00000  134.19092  2.05%  59.4  170s
 54974 23807  135.33511   63   52  137.00000  134.19738  2.05%  59.6  175s
 56579 24532  134.34950   59  108  137.00000  134.20464  2.04%  59.9  180s
 58076 25195  134.72537   63   71  137.00000  134.21233  2.03%  60.2  185s
 59840 26031  135.50000   62   32  137.00000  134.21841  2.03%  60.3  190s
 61691 26771  136.00000   72   19  137.00000  134.22309  2.03%  60.3  195s
 63448 27606  134.37328   60  137  137.00000  134.22798  2.02%  60.4  200s
 65099 28361  135.01555   59  100  137.00000  134.23384  2.02%  60.5  205s
 66804 29094  134.33844   57  100  137.00000  134.24061  2.01%  60.7  210s
 68515 29808  134.43481   64  105  137.00000  134.24528  2.01%  60.8  215s
 70138 30576  135.02137   66   55  137.00000  134.24978  2.01%  60.9  220s
 71951 31383  134.43043   58  135  137.00000  134.25318  2.00%  60.9  225s
 73523 32064  134.28812   52   85  137.00000  134.25836  2.00%  61.0  230s
 75242 32809  134.66032   55   89  137.00000  134.26315  2.00%  61.0  235s
 76859 33464  135.00000   57   80  137.00000  134.26897  1.99%  61.1  240s
 78543 34184  136.00000   71   40  137.00000  134.27355  1.99%  61.2  245s
 80207 34879  135.99992   68   22  137.00000  134.27814  1.99%  61.3  250s
 81933 35582  135.42998   72   44  137.00000  134.28397  1.98%  61.4  255s
 83601 36315 infeasible   62       137.00000  134.28862  1.98%  61.5  260s
 85261 37015  134.64523   62   61  137.00000  134.29277  1.98%  61.6  265s
 86876 37722  134.46817   57   96  137.00000  134.29710  1.97%  61.7  270s
 88612 38477  135.97706   71   49  137.00000  134.30255  1.97%  61.8  275s
 90257 39210  135.17815   62   63  137.00000  134.30768  1.97%  61.9  280s
 91950 39884 infeasible   72       137.00000  134.31362  1.96%  61.9  285s
 93642 40703  135.16682   57   54  137.00000  134.31869  1.96%  62.0  290s
 95281 41416  135.14034   65   46  137.00000  134.32467  1.95%  62.0  295s
 97044 42093  134.40047   59  101  137.00000  134.32902  1.95%  62.0  300s
 98781 42796  136.00000   63   64  137.00000  134.33333  1.95%  62.1  305s
 100382 43521  135.24802   70   43  137.00000  134.33705  1.94%  62.2  310s
 101998 44118  135.12334   68   93  137.00000  134.34065  1.94%  62.3  315s
 103581 44740  134.70562   57  110  137.00000  134.34478  1.94%  62.4  320s
 105288 45492  135.29500   76   38  137.00000  134.34809  1.94%  62.4  325s
 106891 46167  134.61607   56   93  137.00000  134.35132  1.93%  62.4  330s
 108544 46874  135.07752   63  114  137.00000  134.35576  1.93%  62.5  335s
 110271 47552  135.34828   64   74  137.00000  134.35965  1.93%  62.5  340s
 111826 48156  135.15345   54  115  137.00000  134.36309  1.92%  62.6  345s
 113532 48791  135.36653   61   69  137.00000  134.36771  1.92%  62.6  350s
 115092 49386     cutoff   67       137.00000  134.37036  1.92%  62.6  355s
 116703 50036  134.63494   55  106  137.00000  134.37390  1.92%  62.7  360s
 118324 50672  135.11359   62   65  137.00000  134.37743  1.91%  62.8  365s
 120088 51332  136.00000   74   13  137.00000  134.38058  1.91%  62.8  370s
 121831 51983  135.88938   75   66  137.00000  134.38465  1.91%  62.8  375s
 123449 52561  134.75725   65   94  137.00000  134.38881  1.91%  62.8  380s
 125220 53374  136.00000   75   12  137.00000  134.39191  1.90%  62.8  385s
 126950 54118  135.50000   63   28  137.00000  134.39554  1.90%  62.8  390s
 128616 54747  135.54150   63   86  137.00000  134.39903  1.90%  62.8  395s
 130407 55411  135.08092   62   79  137.00000  134.40334  1.90%  62.8  400s
 132117 56042  135.13054   59   90  137.00000  134.40743  1.89%  62.9  405s
 133810 56715  134.75427   64   97  137.00000  134.41229  1.89%  62.9  410s
 135590 57403  135.34790   60   83  137.00000  134.41656  1.89%  62.9  415s
 137361 58114  136.00000   64   47  137.00000  134.42018  1.88%  62.9  420s
 139049 58760  135.44555   60   54  137.00000  134.42428  1.88%  62.9  425s
 140775 59398     cutoff   74       137.00000  134.42760  1.88%  62.9  430s
 142424 59953  134.58014   65  101  137.00000  134.43134  1.87%  63.0  435s
 144165 60624  135.29960   69   62  137.00000  134.43594  1.87%  63.0  440s
 145942 61268  135.44076   69   70  137.00000  134.44079  1.87%  63.0  445s
 147641 61848  134.67887   57  109  137.00000  134.44450  1.87%  63.0  450s
 149202 62442     cutoff   71       137.00000  134.44809  1.86%  63.1  455s
 150927 63127  134.52181   50  107  137.00000  134.45169  1.86%  63.1  460s
 152546 63743  135.33369   64   62  137.00000  134.45470  1.86%  63.1  465s
 154154 64331  135.99992   70   48  137.00000  134.45795  1.86%  63.2  470s
 155759 64823  136.00000   83   50  137.00000  134.46099  1.85%  63.2  475s
 157478 65463  136.00000   75   22  137.00000  134.46447  1.85%  63.3  480s
 159184 66104  134.74362   51  119  137.00000  134.46770  1.85%  63.3  485s
 160733 66657  134.69590   61   86  137.00000  134.47087  1.85%  63.4  490s
 162431 67274  135.10818   62   50  137.00000  134.47410  1.84%  63.4  495s
 164028 67826  135.69689   55   50  137.00000  134.47750  1.84%  63.5  500s
 165661 68383  136.00000   66   26  137.00000  134.47988  1.84%  63.6  505s
 167191 68945  135.21159   72   47  137.00000  134.48259  1.84%  63.6  510s
 168759 69547  136.00000   89   39  137.00000  134.48638  1.83%  63.7  515s
 170490 70136  135.46728   63   67  137.00000  134.48925  1.83%  63.7  520s
 172279 70662  134.59529   58   66  137.00000  134.49310  1.83%  63.7  525s
 173922 71239     cutoff   67       137.00000  134.49629  1.83%  63.8  530s
 175551 71844  134.53941   63   82  137.00000  134.49991  1.82%  63.8  535s
 177084 72436  134.74748   64  101  137.00000  134.50000  1.82%  63.9  540s
 178549 73029  135.37793   64   68  137.00000  134.50000  1.82%  64.1  545s
 179589 73345  134.62742   65   87  137.00000  134.50072  1.82%  64.1  550s
 181049 73853  136.00000   74   50  137.00000  134.50314  1.82%  64.2  555s
 182625 74333  134.52226   60   85  137.00000  134.50587  1.82%  64.3  560s
 184299 74931  135.10232   58   75  137.00000  134.50913  1.82%  64.3  565s
 185924 75503     cutoff   74       137.00000  134.51215  1.82%  64.4  570s
 187560 76107  136.00000   80   30  137.00000  134.51481  1.81%  64.4  575s
 189094 76610  135.68424   61   51  137.00000  134.51732  1.81%  64.5  580s
 190796 77208  135.26928   67   91  137.00000  134.52063  1.81%  64.5  585s
 192388 77780  135.02974   60   83  137.00000  134.52353  1.81%  64.6  590s
 194090 78333     cutoff   69       137.00000  134.52593  1.81%  64.6  595s
 195692 78841  134.70523   61  125  137.00000  134.52851  1.80%  64.7  600s
 197254 79337  134.73928   65   83  137.00000  134.53098  1.80%  64.7  605s
 198979 79978  135.03125   58  102  137.00000  134.53353  1.80%  64.7  610s
 200630 80549  135.15176   57   98  137.00000  134.53571  1.80%  64.8  615s
 202319 81141  136.00000   65   40  137.00000  134.53828  1.80%  64.8  620s
 203977 81738  135.65607   69   65  137.00000  134.54059  1.80%  64.8  625s
 205576 82265  135.51076   54   84  137.00000  134.54287  1.79%  64.9  630s
 207151 82789  135.46825   64   87  137.00000  134.54577  1.79%  65.0  635s
 208814 83348  135.87026   63   63  137.00000  134.54894  1.79%  65.0  640s
 210452 83965  136.00000   72   22  137.00000  134.55249  1.79%  65.0  645s
 212079 84510  135.11831   67   94  137.00000  134.55563  1.78%  65.0  650s
 213707 85046  135.06222   60   72  137.00000  134.55834  1.78%  65.1  655s
 215292 85556  136.00000   70   40  137.00000  134.56075  1.78%  65.1  660s
 216954 86136  135.31335   72   67  137.00000  134.56324  1.78%  65.2  665s
 218583 86679  135.73777   66   69  137.00000  134.56610  1.78%  65.2  670s
 220263 87225  135.19676   62  105  137.00000  134.56863  1.77%  65.2  675s
 222055 87845  135.09130   68  112  137.00000  134.57197  1.77%  65.2  680s
 223700 88408  135.77223   77   50  137.00000  134.57440  1.77%  65.2  685s
 225301 88916  136.00000   61   32  137.00000  134.57735  1.77%  65.3  690s
 226955 89505     cutoff   78       137.00000  134.58011  1.77%  65.3  695s
 228696 90089     cutoff   72       137.00000  134.58268  1.76%  65.3  700s
 230373 90712  135.31401   62  111  137.00000  134.58554  1.76%  65.3  705s
 232058 91258  134.91568   61  143  137.00000  134.58850  1.76%  65.3  710s
 233766 91791  136.00000   67   42  137.00000  134.59249  1.76%  65.3  715s
 235390 92279  136.00000   74   34  137.00000  134.59605  1.75%  65.4  720s
 237183 92890     cutoff   66       137.00000  134.59921  1.75%  65.4  725s
 238820 93395  135.20334   58   86  137.00000  134.60154  1.75%  65.4  730s
 240480 93911  136.00000   73   33  137.00000  134.60440  1.75%  65.4  735s
 242154 94468  135.29860   69   87  137.00000  134.60736  1.75%  65.4  740s
 243730 94951     cutoff   74       137.00000  134.61014  1.74%  65.5  745s
 245373 95539     cutoff   71       137.00000  134.61300  1.74%  65.5  750s
 247084 96092  136.00000   79   18  137.00000  134.61529  1.74%  65.5  755s
 248755 96659  135.01244   66   79  137.00000  134.61801  1.74%  65.5  760s
 250373 97205  136.00000   71   17  137.00000  134.62018  1.74%  65.6  765s
 251993 97694  136.00000   64   62  137.00000  134.62324  1.73%  65.6  770s
 253640 98188  135.05521   60   72  137.00000  134.62604  1.73%  65.6  775s
 255326 98735  135.67447   64   52  137.00000  134.62832  1.73%  65.6  780s
 257023 99239  135.29225   64   71  137.00000  134.63134  1.73%  65.7  785s
 258765 99787     cutoff   72       137.00000  134.63480  1.73%  65.6  790s
 260378 100296  135.99697   59   93  137.00000  134.63828  1.72%  65.7  795s
 262170 100833  136.00000   67   49  137.00000  134.64117  1.72%  65.7  800s
 263940 101418  135.01565   59   96  137.00000  134.64420  1.72%  65.7  805s
 265584 101918     cutoff   73       137.00000  134.64757  1.72%  65.7  810s
 267305 102423  136.00000   71   18  137.00000  134.65079  1.71%  65.7  815s
 268899 102941     cutoff   63       137.00000  134.65382  1.71%  65.7  820s
 270659 103461  135.74766   62   80  137.00000  134.65682  1.71%  65.7  825s
 272299 103945  135.16857   53   81  137.00000  134.66057  1.71%  65.7  830s
 274001 104491  134.66473   57   87  137.00000  134.66340  1.71%  65.8  835s
 275610 104943     cutoff   64       137.00000  134.66568  1.70%  65.8  840s
 277227 105439  136.00000   75   10  137.00000  134.66747  1.70%  65.8  845s
 278969 106047     cutoff   76       137.00000  134.67026  1.70%  65.8  850s
 280599 106533     cutoff   61       137.00000  134.67288  1.70%  65.8  855s
 282287 107001  135.99992   72   28  137.00000  134.67560  1.70%  65.8  860s
 283842 107510  135.32371   59  102  137.00000  134.67784  1.70%  65.8  865s
 285469 107998     cutoff   82       137.00000  134.68000  1.69%  65.8  870s
 287073 108489     cutoff   64       137.00000  134.68266  1.69%  65.8  875s
 288649 109003  135.28170   57   96  137.00000  134.68587  1.69%  65.9  880s
 290241 109456  135.50349   75   52  137.00000  134.68893  1.69%  65.9  885s
 291905 109922  135.36682   63   75  137.00000  134.69199  1.68%  65.9  890s
 293598 110409  135.23068   64   53  137.00000  134.69451  1.68%  65.9  895s
 295295 110918  135.11198   68   73  137.00000  134.69683  1.68%  65.9  900s
 296955 111483     cutoff   69       137.00000  134.69992  1.68%  65.9  905s
 298455 111921  135.47718   61   88  137.00000  134.70228  1.68%  66.0  910s
 300097 112443  135.28395   68   86  137.00000  134.70448  1.68%  66.0  915s
 301771 113060  136.00000   65   34  137.00000  134.70660  1.67%  66.0  920s
 303436 113584  134.79778   62   90  137.00000  134.70891  1.67%  66.0  925s
 305055 114078     cutoff   76       137.00000  134.71190  1.67%  66.0  930s
 306718 114602  135.50000   64   55  137.00000  134.71502  1.67%  66.0  935s
 308480 115181     cutoff   66       137.00000  134.71760  1.67%  66.0  940s
 310245 115759     cutoff   67       137.00000  134.72031  1.66%  66.0  945s
 311919 116283     cutoff   71       137.00000  134.72289  1.66%  66.0  950s
 313588 116799     cutoff   95       137.00000  134.72546  1.66%  66.0  955s
 315218 117255  135.00453   71  102  137.00000  134.72853  1.66%  66.0  960s
 316932 117760     cutoff   82       137.00000  134.73057  1.66%  66.0  965s
 318635 118246  136.00000   67   43  137.00000  134.73294  1.65%  66.0  970s
 320289 118689  136.00000   67   50  137.00000  134.73615  1.65%  66.0  975s
 321952 119213  135.99992   61   68  137.00000  134.73913  1.65%  66.0  980s
 323739 119762  135.51297   79   70  137.00000  134.74237  1.65%  66.0  985s
 325357 120172  135.24081   63   85  137.00000  134.74514  1.65%  66.0  990s
 326984 120612  135.88799   61   71  137.00000  134.74814  1.64%  66.1  995s
 328521 121109     cutoff   60       137.00000  134.75000  1.64%  66.1 1000s
 330185 121621  135.99999   75   28  137.00000  134.75255  1.64%  66.1 1005s
 331863 122077  136.00000   77   32  137.00000  134.75557  1.64%  66.1 1010s
 333438 122542  135.96414   67   81  137.00000  134.75810  1.64%  66.2 1015s
 335029 123001  136.00000   67   36  137.00000  134.76119  1.63%  66.2 1020s
 336698 123393  135.43964   63   61  137.00000  134.76400  1.63%  66.2 1025s
 338471 123837  135.24889   76   70  137.00000  134.76710  1.63%  66.2 1030s
 340039 124261  135.26428   65   77  137.00000  134.77057  1.63%  66.2 1035s
 341681 124721  134.97932   59  127  137.00000  134.77367  1.63%  66.2 1040s
 343255 125154  135.46051   62   90  137.00000  134.77676  1.62%  66.2 1045s
 344988 125619     cutoff   68       137.00000  134.77985  1.62%  66.2 1050s
 346590 126045  135.31207   65   97  137.00000  134.78295  1.62%  66.3 1055s
 348246 126464  135.28811   57  101  137.00000  134.78668  1.62%  66.3 1060s
 350073 127026  136.00000   74   32  137.00000  134.78992  1.61%  66.3 1065s
 350824 127227  135.08395   62   96  137.00000  134.79140  1.61%  66.3 1070s
 352126 127550  135.48824   69   63  137.00000  134.79347  1.61%  66.3 1075s
 353810 127919  135.26040   60   74  137.00000  134.79675  1.61%  66.3 1080s
 355498 128433  135.35113   65   64  137.00000  134.79960  1.61%  66.3 1085s
 357163 128829  134.87988   56  121  137.00000  134.80248  1.60%  66.3 1090s
 358730 129184  135.38779   73   27  137.00000  134.80545  1.60%  66.4 1095s
 360404 129602  136.00000   72    8  137.00000  134.80864  1.60%  66.4 1100s
 362167 130063  136.00000   77   10  137.00000  134.81252  1.60%  66.4 1105s
 363757 130474  135.39390   59  124  137.00000  134.81523  1.59%  66.4 1110s
 365460 130895     cutoff   62       137.00000  134.81856  1.59%  66.4 1115s
 367128 131358     cutoff   82       137.00000  134.82143  1.59%  66.4 1120s
 368799 131787  135.86964   61   51  137.00000  134.82447  1.59%  66.4 1125s
 370376 132235  135.90294   68   52  137.00000  134.82776  1.59%  66.5 1130s
 372047 132714  136.00000   76   27  137.00000  134.83151  1.58%  66.5 1135s
 373642 133129  135.40858   67   70  137.00000  134.83408  1.58%  66.5 1140s
 375381 133570  135.28461   64   85  137.00000  134.83702  1.58%  66.5 1145s
 377017 133947  135.49882   60   68  137.00000  134.84001  1.58%  66.5 1150s
 378688 134396  135.36754   74   74  137.00000  134.84359  1.57%  66.5 1155s
 380232 134771  135.14999   61   95  137.00000  134.84697  1.57%  66.6 1160s
 381907 135252     cutoff   75       137.00000  134.84952  1.57%  66.6 1165s
 383660 135768     cutoff   59       137.00000  134.85267  1.57%  66.6 1170s
 385332 136236  135.85007   61   55  137.00000  134.85582  1.57%  66.6 1175s
 386936 136678  135.11790   52   87  137.00000  134.85894  1.56%  66.6 1180s
 388617 137165  135.00000   62   52  137.00000  134.86205  1.56%  66.6 1185s
 390329 137669     cutoff   61       137.00000  134.86520  1.56%  66.6 1190s
 391920 138055  135.09231   62  126  137.00000  134.86771  1.56%  66.6 1195s
 393692 138539  135.52443   68   81  137.00000  134.87110  1.55%  66.6 1200s
 395307 138902     cutoff   63       137.00000  134.87421  1.55%  66.6 1205s
 396990 139384  135.59492   68  124  137.00000  134.87703  1.55%  66.6 1210s
 398624 139843  136.00000   83   40  137.00000  134.88026  1.55%  66.6 1215s
 400259 140285  136.00000   78   30  137.00000  134.88340  1.54%  66.7 1220s
 401878 140704  135.88259   72   62  137.00000  134.88630  1.54%  66.7 1225s
 403501 141070  135.21216   64   99  137.00000  134.88999  1.54%  66.7 1230s
 405019 141419     cutoff   72       137.00000  134.89258  1.54%  66.7 1235s
 406643 141822  135.53397   67   58  137.00000  134.89556  1.54%  66.7 1240s
 408266 142159     cutoff   65       137.00000  134.89918  1.53%  66.7 1245s
 410016 142670  135.45601   75   52  137.00000  134.90166  1.53%  66.7 1250s
 411622 143043  135.34678   65   54  137.00000  134.90600  1.53%  66.7 1255s
 413219 143419     cutoff   77       137.00000  134.90859  1.53%  66.8 1260s
 414881 143770  135.14507   66   75  137.00000  134.91200  1.52%  66.8 1265s
 416598 144176  136.00000   80   11  137.00000  134.91591  1.52%  66.8 1270s
 418229 144566  136.00000   66   33  137.00000  134.91896  1.52%  66.8 1275s
 419841 144916  135.44050   69   65  137.00000  134.92246  1.52%  66.8 1280s
 421489 145371  135.03204   60   79  137.00000  134.92624  1.51%  66.8 1285s
 423187 145803  135.53595   60   79  137.00000  134.92980  1.51%  66.8 1290s
 424889 146299     cutoff   63       137.00000  134.93324  1.51%  66.8 1295s
 426518 146670  135.60561   65   93  137.00000  134.93671  1.51%  66.8 1300s
 428190 147122  135.50000   70   31  137.00000  134.93973  1.50%  66.8 1305s
 429862 147611  135.75641   70   97  137.00000  134.94258  1.50%  66.8 1310s
 431486 148000     cutoff   79       137.00000  134.94510  1.50%  66.8 1315s
 433201 148457  135.39718   66   99  137.00000  134.94827  1.50%  66.8 1320s
 434850 148868  135.24660   67   73  137.00000  134.95207  1.49%  66.8 1325s
 436484 149260     cutoff   61       137.00000  134.95555  1.49%  66.8 1330s
 438065 149639  135.31730   64   85  137.00000  134.95836  1.49%  66.9 1335s
 439792 150125     cutoff   72       137.00000  134.96113  1.49%  66.9 1340s
 441535 150549  135.80524   61   57  137.00000  134.96377  1.49%  66.9 1345s
 443090 150903  136.00000   71   18  137.00000  134.96691  1.48%  66.9 1350s
 444662 151301  135.36274   66   61  137.00000  134.97061  1.48%  66.9 1355s
 446384 151755  135.65011   67   87  137.00000  134.97408  1.48%  66.9 1360s
 448018 152120     cutoff   64       137.00000  134.97728  1.48%  66.9 1365s
 449731 152539  135.50000   65   63  137.00000  134.98085  1.47%  66.9 1370s
 451567 152990  135.75000   73   36  137.00000  134.98433  1.47%  66.9 1375s
 453197 153357  135.51574   63   42  137.00000  134.98781  1.47%  66.9 1380s
 454908 153804  136.00000   77   25  137.00000  134.99100  1.47%  66.9 1385s
 456587 154142  135.20229   58   92  137.00000  134.99421  1.46%  66.9 1390s
 458247 154472  136.00000   59   26  137.00000  134.99869  1.46%  66.9 1395s
 459823 154832  135.48856   67   89  137.00000  134.99992  1.46%  66.9 1400s
 461315 155280  135.99992   71   34  137.00000  134.99992  1.46%  66.9 1405s
 462758 155687  135.58394   68   56  137.00000  134.99992  1.46%  67.0 1410s
 464292 156131  135.99992   68   42  137.00000  134.99992  1.46%  67.0 1415s
 465754 156561  135.49481   65   67  137.00000  134.99997  1.46%  67.1 1420s
 467144 156966     cutoff   69       137.00000  134.99999  1.46%  67.1 1425s
 468608 157423  135.43735   64   80  137.00000  134.99999  1.46%  67.2 1430s
 470100 157913     cutoff   79       137.00000  135.00000  1.46%  67.2 1435s
 471445 158359  135.27550   65  120  137.00000  135.00000  1.46%  67.2 1440s
 472821 158792  136.00000   75   49  137.00000  135.00000  1.46%  67.3 1445s
 474188 159233  136.00000   96   30  137.00000  135.00000  1.46%  67.3 1450s
 475548 159639  135.58367   61  109  137.00000  135.00000  1.46%  67.4 1455s
 476934 159992  135.37519   61   79  137.00000  135.00000  1.46%  67.4 1460s
 478361 160357  136.00000   72   32  137.00000  135.00000  1.46%  67.5 1465s
 479690 160673  136.00000   81    6  137.00000  135.00000  1.46%  67.5 1470s
 481001 161031     cutoff   70       137.00000  135.00000  1.46%  67.6 1475s
 482382 161388  136.00000   81   39  137.00000  135.00000  1.46%  67.6 1480s
 483804 161789  135.05971   57   51  137.00000  135.00000  1.46%  67.7 1485s
 485234 162136  135.29571   60   46  137.00000  135.00000  1.46%  67.7 1490s
 486672 162555  135.38925   66   78  137.00000  135.00000  1.46%  67.8 1495s
 488041 162922  135.40071   61  102  137.00000  135.00000  1.46%  67.8 1500s
 489543 163299  135.21062   64   78  137.00000  135.00000  1.46%  67.9 1505s
 490966 163694  135.91563   76   44  137.00000  135.00000  1.46%  67.9 1510s
 492402 164093  135.43586   64   71  137.00000  135.00000  1.46%  67.9 1515s
 493698 164431  135.12812   55   81  137.00000  135.00000  1.46%  68.0 1520s
 495120 164810  135.78630   63   31  137.00000  135.00000  1.46%  68.0 1525s
 496555 165223  135.04651   61  103  137.00000  135.00000  1.46%  68.1 1530s
 497991 165625     cutoff   71       137.00000  135.00000  1.46%  68.1 1535s
 499366 165987  135.38928   64   65  137.00000  135.00000  1.46%  68.1 1540s
 500713 166349  136.00000   65   30  137.00000  135.00000  1.46%  68.2 1545s
 502083 166791  136.00000   75   47  137.00000  135.00000  1.46%  68.2 1550s
 503481 167212  135.37739   65  102  137.00000  135.00000  1.46%  68.3 1555s
 504998 167680     cutoff   69       137.00000  135.00000  1.46%  68.3 1560s
 506410 168122  136.00000   92   44  137.00000  135.00000  1.46%  68.3 1565s
 507638 168512  135.04836   55   94  137.00000  135.00000  1.46%  68.4 1570s
 509045 168927  135.01420   60   61  137.00000  135.00000  1.46%  68.4 1575s
 510471 169286  135.00000   60   77  137.00000  135.00000  1.46%  68.4 1580s
 511750 169674  135.16552   57  111  137.00000  135.00000  1.46%  68.5 1585s
 513019 170056  135.25177   64  101  137.00000  135.00000  1.46%  68.5 1590s
 514406 170459  135.10730   62  110  137.00000  135.00000  1.46%  68.6 1595s
 515722 170880  135.32786   58   97  137.00000  135.00000  1.46%  68.6 1600s
 517042 171252  135.09663   55   74  137.00000  135.00000  1.46%  68.7 1605s
 518281 171612  135.18017   61   41  137.00000  135.00000  1.46%  68.7 1610s
 519652 171985  135.22063   64   88  137.00000  135.00000  1.46%  68.7 1615s
 521040 172368  135.14115   57  116  137.00000  135.00000  1.46%  68.8 1620s
 522546 172819  135.00000   56   60  137.00000  135.00000  1.46%  68.8 1625s
 523849 173182  135.79457   75   49  137.00000  135.00000  1.46%  68.8 1634s
 523933 173204  135.19827   62   64  137.00000  135.00000  1.46%  68.8 1635s
 525207 173530  135.00000   62   49  137.00000  135.00000  1.46%  68.9 1640s
 526534 173890  136.00000   70   16  137.00000  135.00000  1.46%  68.9 1645s
 527881 174287  135.42510   75   64  137.00000  135.00000  1.46%  69.0 1650s
 529260 174680  135.00000   54   71  137.00000  135.00000  1.46%  69.0 1655s
 530557 175042  135.03146   64   74  137.00000  135.00000  1.46%  69.0 1660s
 531971 175452     cutoff   70       137.00000  135.00000  1.46%  69.1 1665s
 533504 175919  135.15903   64   44  137.00000  135.00000  1.46%  69.1 1670s
 534829 176290  135.00000   60   62  137.00000  135.00000  1.46%  69.1 1675s
 536094 176677     cutoff   66       137.00000  135.00000  1.46%  69.2 1680s
 537477 177043  135.51623   60   78  137.00000  135.00000  1.46%  69.2 1685s
 538789 177369  135.25938   60   70  137.00000  135.00000  1.46%  69.2 1690s
 540054 177679  135.14245   64   96  137.00000  135.00000  1.46%  69.3 1695s
 541373 178034     cutoff   66       137.00000  135.00000  1.46%  69.3 1700s
 542865 178464  135.41410   70   79  137.00000  135.00031  1.46%  69.3 1705s
 544328 178786  135.10402   66   81  137.00000  135.00093  1.46%  69.4 1710s
 545736 179080  135.19606   60  119  137.00000  135.00184  1.46%  69.4 1715s
 547221 179377  135.74497   63   41  137.00000  135.00268  1.46%  69.4 1720s
 548840 179838  135.36980   60   57  137.00000  135.00336  1.46%  69.4 1725s
 550385 180223  135.64143   56   88  137.00000  135.00452  1.46%  69.4 1730s
 551892 180593  135.53773   59  113  137.00000  135.00567  1.46%  69.5 1735s
 553412 180941  135.33718   62   97  137.00000  135.00674  1.45%  69.5 1740s
 555065 181377  135.31087   62   75  137.00000  135.00778  1.45%  69.5 1745s
 556585 181755  135.51863   58  102  137.00000  135.00891  1.45%  69.5 1750s
 558058 182102  135.17500   62   91  137.00000  135.00979  1.45%  69.5 1755s
 559615 182494  136.00000   70   44  137.00000  135.01110  1.45%  69.5 1760s
 561161 182896     cutoff   59       137.00000  135.01225  1.45%  69.5 1765s
 562725 183286  136.00000   70   27  137.00000  135.01319  1.45%  69.5 1770s
 564347 183674  135.74826   68   88  137.00000  135.01414  1.45%  69.5 1775s
 565907 184021  135.81348   67   59  137.00000  135.01556  1.45%  69.5 1780s
 567530 184468  136.00000   78   16  137.00000  135.01638  1.45%  69.5 1785s
 569105 184830  135.28011   60   94  137.00000  135.01734  1.45%  69.5 1790s
 570683 185154  135.28506   63   70  137.00000  135.01836  1.45%  69.5 1795s
 572123 185446  136.00000   72   13  137.00000  135.01923  1.45%  69.6 1800s
 573659 185782     cutoff   64       137.00000  135.02035  1.44%  69.6 1805s
 575190 186145  136.00000   62   24  137.00000  135.02126  1.44%  69.6 1810s
 576672 186450  135.55869   71   87  137.00000  135.02233  1.44%  69.6 1815s
 578271 186851  135.56081   65   51  137.00000  135.02305  1.44%  69.6 1820s
 579842 187203  135.77155   72   50  137.00000  135.02395  1.44%  69.6 1825s
 581421 187600     cutoff   65       137.00000  135.02515  1.44%  69.6 1830s
 583013 188000     cutoff   72       137.00000  135.02574  1.44%  69.6 1835s
 584563 188378  135.26604   60   73  137.00000  135.02638  1.44%  69.6 1840s
 586236 188836  135.40366   69   48  137.00000  135.02731  1.44%  69.6 1845s
 587805 189264  135.42099   67   41  137.00000  135.02830  1.44%  69.6 1850s
 589414 189704  135.39666   72  114  137.00000  135.02954  1.44%  69.6 1855s
 591001 190073  136.00000   72   62  137.00000  135.03076  1.44%  69.6 1860s
 592668 190508  135.19235   60   69  137.00000  135.03181  1.44%  69.6 1865s
 594182 190798     cutoff   70       137.00000  135.03280  1.44%  69.6 1870s
 595723 191143  135.23459   63   46  137.00000  135.03379  1.44%  69.6 1875s
 597218 191492  135.40661   60  119  137.00000  135.03477  1.43%  69.6 1880s
 598889 191910  135.30877   64  113  137.00000  135.03541  1.43%  69.6 1885s
 600494 192217  136.00000   69   74  137.00000  135.03629  1.43%  69.6 1890s
 602077 192612  135.77061   70   57  137.00000  135.03727  1.43%  69.6 1895s
 603649 192963     cutoff   75       137.00000  135.03819  1.43%  69.6 1900s
 605337 193400     cutoff   75       137.00000  135.03893  1.43%  69.6 1905s
 607012 193814  135.92390   69   56  137.00000  135.03994  1.43%  69.6 1910s
 608687 194272  135.36154   69   62  137.00000  135.04092  1.43%  69.6 1915s
 610318 194643  136.00000   66   27  137.00000  135.04177  1.43%  69.6 1920s
 611897 195015  135.26827   61   99  137.00000  135.04265  1.43%  69.6 1925s
 613430 195361  135.33895   60   75  137.00000  135.04384  1.43%  69.6 1930s
 615039 195697     cutoff   87       137.00000  135.04497  1.43%  69.6 1935s
 616625 196079     cutoff   69       137.00000  135.04600  1.43%  69.6 1940s
 618155 196400  135.31825   66   83  137.00000  135.04708  1.43%  69.6 1945s
 619716 196791  135.96613   65   53  137.00000  135.04796  1.42%  69.6 1950s
 621276 197095  135.54433   59   85  137.00000  135.04884  1.42%  69.6 1955s
 622899 197487  136.00000   75   46  137.00000  135.04996  1.42%  69.6 1960s
 624576 197964  136.00000   78   38  137.00000  135.05097  1.42%  69.6 1965s
 626192 198343  135.37924   60   65  137.00000  135.05190  1.42%  69.6 1970s
 627749 198698  135.65275   55   55  137.00000  135.05290  1.42%  69.6 1975s
 629376 199061  135.53430   70   81  137.00000  135.05389  1.42%  69.6 1980s
 630983 199543     cutoff   75       137.00000  135.05470  1.42%  69.6 1985s
 632587 199884     cutoff   68       137.00000  135.05568  1.42%  69.6 1990s
 634173 200212  135.57300   68   39  137.00000  135.05645  1.42%  69.6 1995s
 635815 200657  136.00000   60   27  137.00000  135.05715  1.42%  69.6 2000s
 637352 200976     cutoff   69       137.00000  135.05790  1.42%  69.6 2005s
 639025 201365     cutoff   76       137.00000  135.05873  1.42%  69.6 2010s
 640625 201772  136.00000   61   40  137.00000  135.05966  1.42%  69.6 2015s
 642262 202107     cutoff   70       137.00000  135.06068  1.42%  69.6 2020s
 643860 202468 infeasible   63       137.00000  135.06156  1.41%  69.6 2025s
 645435 202794  135.63371   63   72  137.00000  135.06224  1.41%  69.6 2030s
 647120 203267  136.00000   60   59  137.00000  135.06314  1.41%  69.6 2035s
 648686 203687  135.08430   57   93  137.00000  135.06373  1.41%  69.6 2040s
 650269 204020  135.24939   62   75  137.00000  135.06461  1.41%  69.6 2045s
 651836 204442     cutoff   74       137.00000  135.06549  1.41%  69.6 2050s
 653526 204903  135.97987   68   64  137.00000  135.06631  1.41%  69.6 2055s
 655062 205228  135.11538   70   89  137.00000  135.06710  1.41%  69.6 2060s
 656714 205654  135.14145   68   87  137.00000  135.06805  1.41%  69.6 2065s
 658235 205951     cutoff   76       137.00000  135.06892  1.41%  69.6 2070s
 659816 206309  135.70498   68   62  137.00000  135.06968  1.41%  69.6 2075s
 661429 206703     cutoff   64       137.00000  135.07061  1.41%  69.6 2080s
 663020 207139  136.00000   68   30  137.00000  135.07145  1.41%  69.6 2085s
 664688 207561     cutoff   90       137.00000  135.07220  1.41%  69.6 2090s
 666274 207978  136.00000   71   23  137.00000  135.07316  1.41%  69.6 2095s
 668027 208403  135.91264   68   80  137.00000  135.07396  1.41%  69.6 2100s
 669617 208792     cutoff   67       137.00000  135.07479  1.41%  69.6 2105s
 671174 209162  136.00000   86   14  137.00000  135.07577  1.40%  69.6 2110s
 672804 209551     cutoff   83       137.00000  135.07674  1.40%  69.6 2115s
 674349 209907  135.62934   66   68  137.00000  135.07737  1.40%  69.6 2120s
 675895 210246     cutoff   65       137.00000  135.07817  1.40%  69.6 2125s
 677418 210544  136.00000   62   37  137.00000  135.07913  1.40%  69.6 2130s
 678911 210883     cutoff   85       137.00000  135.08018  1.40%  69.6 2135s
 680448 211189  136.00000   75   57  137.00000  135.08097  1.40%  69.6 2140s
 682040 211558  135.99999   71   62  137.00000  135.08177  1.40%  69.6 2145s
 683674 211922  135.73574   68   85  137.00000  135.08259  1.40%  69.6 2150s
 685312 212274  135.48353   64  100  137.00000  135.08322  1.40%  69.6 2155s
 687017 212685     cutoff   69       137.00000  135.08383  1.40%  69.6 2160s
 688649 213133     cutoff   54       137.00000  135.08456  1.40%  69.6 2165s
 690307 213497  135.62771   69   80  137.00000  135.08537  1.40%  69.6 2170s
 691986 213902  135.17259   72   77  137.00000  135.08609  1.40%  69.6 2175s
 693545 214272     cutoff   62       137.00000  135.08691  1.40%  69.6 2180s
 695134 214608  135.44349   72   68  137.00000  135.08773  1.40%  69.6 2185s
 696647 214950  135.96762   73   57  137.00000  135.08871  1.40%  69.6 2190s
 698164 215363  135.60491   66   81  137.00000  135.08939  1.39%  69.6 2195s
 699721 215744  135.46995   75   88  137.00000  135.09020  1.39%  69.6 2200s
 701213 216073     cutoff   68       137.00000  135.09101  1.39%  69.6 2205s
 702874 216464  135.31420   62   73  137.00000  135.09195  1.39%  69.6 2210s
 704508 216842  135.19520   63   94  137.00000  135.09250  1.39%  69.6 2215s
 706130 217197  135.25150   68   62  137.00000  135.09308  1.39%  69.6 2220s
 707801 217616  135.68301   64   70  137.00000  135.09367  1.39%  69.6 2225s
 709450 218095  135.28650   70   62  137.00000  135.09418  1.39%  69.5 2230s
 711086 218393  135.32080   63   79  137.00000  135.09486  1.39%  69.5 2235s
 712798 218755  135.50000   70   44  137.00000  135.09559  1.39%  69.5 2240s
 714417 219145  136.00000   71   33  137.00000  135.09629  1.39%  69.5 2245s
 715963 219496  135.72113   59   48  137.00000  135.09704  1.39%  69.5 2250s
 717613 219923  135.97635   65   93  137.00000  135.09755  1.39%  69.5 2255s
 719317 220305  136.00000   68   21  137.00000  135.09824  1.39%  69.5 2260s
 721051 220666  135.20101   65   79  137.00000  135.09896  1.39%  69.5 2265s
 722636 220982  136.00000   69   26  137.00000  135.09962  1.39%  69.5 2270s
 724226 221386  135.15130   61  117  137.00000  135.10016  1.39%  69.5 2275s
 725896 221797  135.57537   72   71  137.00000  135.10098  1.39%  69.5 2280s
 727546 222185  136.00000   65   33  137.00000  135.10167  1.39%  69.5 2285s
 729134 222490  135.13206   56   88  137.00000  135.10247  1.39%  69.5 2290s
 730795 222922  135.28011   60   96  137.00000  135.10339  1.38%  69.4 2295s
 732232 223236  135.72473   56  106  137.00000  135.10426  1.38%  69.4 2300s
 733897 223606     cutoff   70       137.00000  135.10506  1.38%  69.4 2305s
 735434 223940  135.12812   55   80  137.00000  135.10575  1.38%  69.4 2310s
 736997 224291  136.00000   68   68  137.00000  135.10649  1.38%  69.4 2315s
 738630 224614     cutoff   74       137.00000  135.10739  1.38%  69.4 2320s
 738989 224679  135.30480   66   70  137.00000  135.10757  1.38%  69.4 2326s
 740191 225008  136.00000   85   35  137.00000  135.10814  1.38%  69.4 2330s
 741708 225285  135.77608   56   96  137.00000  135.10894  1.38%  69.4 2335s
 743450 225723  135.58541   60   80  137.00000  135.10973  1.38%  69.4 2340s
 745049 226101     cutoff   69       137.00000  135.11033  1.38%  69.4 2345s
 746732 226532  136.00000   83   54  137.00000  135.11098  1.38%  69.4 2350s
 748309 226860  135.21960   58   92  137.00000  135.11161  1.38%  69.4 2355s
 749847 227144  135.47819   56   58  137.00000  135.11231  1.38%  69.4 2360s
 751410 227389     cutoff   73       137.00000  135.11327  1.38%  69.4 2365s
 753002 227720  135.21336   63   88  137.00000  135.11399  1.38%  69.4 2370s
 754656 228131     cutoff   68       137.00000  135.11471  1.38%  69.4 2375s
 756182 228513  135.40949   70   98  137.00000  135.11522  1.38%  69.4 2380s
 757601 228782     cutoff   68       137.00000  135.11596  1.38%  69.4 2385s
 759276 229193  136.00000   70   70  137.00000  135.11647  1.37%  69.4 2390s
 760869 229485  136.00000   65   54  137.00000  135.11721  1.37%  69.4 2395s
 762511 229837  135.20370   63   81  137.00000  135.11780  1.37%  69.4 2400s
 764143 230213  136.00000   65   51  137.00000  135.11836  1.37%  69.4 2405s
 765721 230512  135.50630   58  105  137.00000  135.11892  1.37%  69.4 2410s
 767290 230890  135.48922   59  116  137.00000  135.11938  1.37%  69.4 2415s
 768874 231211     cutoff   70       137.00000  135.11990  1.37%  69.4 2420s
 770544 231572  135.24672   60   76  137.00000  135.12049  1.37%  69.4 2425s
 772126 231976  136.00000   92    4  137.00000  135.12112  1.37%  69.4 2430s
 773658 232280     cutoff   69       137.00000  135.12172  1.37%  69.4 2435s
 775355 232712  135.46769   69   57  137.00000  135.12228  1.37%  69.4 2440s
 777064 233089  136.00000   60   53  137.00000  135.12302  1.37%  69.4 2445s
 778727 233473  135.50619   70   70  137.00000  135.12361  1.37%  69.4 2450s
 780307 233798     cutoff   66       137.00000  135.12424  1.37%  69.4 2455s
 781921 234200     cutoff   67       137.00000  135.12469  1.37%  69.4 2460s
 783529 234589  135.39885   68   95  137.00000  135.12517  1.37%  69.4 2465s
 785063 234905  136.00000   72   28  137.00000  135.12590  1.37%  69.4 2470s
 786695 235358     cutoff   62       137.00000  135.12642  1.37%  69.4 2475s
 788261 235747  135.22573   66   91  137.00000  135.12687  1.37%  69.4 2480s
 789810 236164  135.44135   58   83  137.00000  135.12716  1.37%  69.4 2485s
 791568 236637     cutoff   69       137.00000  135.12745  1.37%  69.3 2490s
 793015 236973     cutoff   61       137.00000  135.12803  1.37%  69.4 2495s
 794627 237307     cutoff   73       137.00000  135.12861  1.37%  69.4 2500s
 796318 237713  135.38813   68   85  137.00000  135.12918  1.37%  69.4 2505s
 797888 238000  135.17983   53   94  137.00000  135.12995  1.36%  69.4 2510s
 799952 238578  136.00000   65   48  137.00000  135.13013  1.36%  69.3 2515s
 801578 238940  135.43838   64   90  137.00000  135.13072  1.36%  69.3 2520s
 803152 239244  135.41092   66   83  137.00000  135.13125  1.36%  69.3 2525s
 804811 239543  135.29072   65   78  137.00000  135.13183  1.36%  69.3 2530s
 806402 239911  135.60148   74   66  137.00000  135.13225  1.36%  69.3 2535s
 808147 240293  135.41295   61   75  137.00000  135.13290  1.36%  69.3 2540s
 809721 240543  135.55919   64   81  137.00000  135.13360  1.36%  69.3 2545s
 811366 240865  136.00000   60   12  137.00000  135.13423  1.36%  69.3 2550s
 813026 241222  135.13566   65   83  137.00000  135.13475  1.36%  69.3 2555s
 814829 241654  135.53481   68   63  137.00000  135.13544  1.36%  69.2 2560s
 816458 241988     cutoff   69       137.00000  135.13595  1.36%  69.2 2565s
 818110 242302  135.51894   59   65  137.00000  135.13638  1.36%  69.2 2570s
 819909 242772  135.99999   68   31  137.00000  135.13675  1.36%  69.2 2575s
 821571 243165     cutoff   70       137.00000  135.13727  1.36%  69.2 2580s
 823248 243469  136.00000   78   16  137.00000  135.13785  1.36%  69.2 2585s
 824789 243796     cutoff   66       137.00000  135.13840  1.36%  69.2 2590s
 826389 244108  135.55630   71   62  137.00000  135.13916  1.36%  69.2 2595s
 828011 244382  135.49102   68   98  137.00000  135.13982  1.36%  69.2 2600s
 829504 244573     cutoff   64       137.00000  135.14050  1.36%  69.2 2605s
 831225 244892  136.00000   75   24  137.00000  135.14105  1.36%  69.2 2610s
 832770 245051     cutoff   62       137.00000  135.14144  1.36%  69.2 2615s
 834272 245212     cutoff   65       137.00000  135.14220  1.36%  69.2 2620s
 835794 245468  135.75205   68   51  137.00000  135.14278  1.36%  69.2 2625s
 837339 245714     cutoff   65       137.00000  135.14340  1.36%  69.2 2630s
 838812 245987     cutoff   71       137.00000  135.14424  1.35%  69.3 2635s
 840261 246185  135.28403   67  104  137.00000  135.14493  1.35%  69.3 2640s
 841728 246389  136.00000   71   37  137.00000  135.14564  1.35%  69.3 2645s
 843249 246642  135.31489   68   80  137.00000  135.14630  1.35%  69.3 2650s
 844794 246904  135.68538   64   93  137.00000  135.14692  1.35%  69.3 2655s
 846365 247201     cutoff   66       137.00000  135.14747  1.35%  69.3 2660s
 847896 247463  135.50391   60   49  137.00000  135.14823  1.35%  69.3 2665s
 849389 247723  135.70387   70   61  137.00000  135.14884  1.35%  69.3 2670s
 850919 247964     cutoff   67       137.00000  135.14952  1.35%  69.3 2675s
 852580 248266  135.64975   60   96  137.00000  135.15010  1.35%  69.3 2680s
 854097 248551  136.00000   65   15  137.00000  135.15070  1.35%  69.3 2685s
 855588 248788  136.00000   65   40  137.00000  135.15138  1.35%  69.3 2690s
 857173 249120  136.00000   74   22  137.00000  135.15218  1.35%  69.3 2695s
 858812 249405  135.46329   55   67  137.00000  135.15273  1.35%  69.3 2700s
 860387 249731     cutoff   71       137.00000  135.15332  1.35%  69.3 2705s
 861899 249973  135.25931   58   79  137.00000  135.15396  1.35%  69.3 2710s
 863489 250310  136.00000   74   24  137.00000  135.15476  1.35%  69.3 2715s
 865064 250628  135.69261   62   77  137.00000  135.15545  1.35%  69.3 2720s
 866611 250884     cutoff   66       137.00000  135.15610  1.35%  69.3 2725s
 868116 251117  135.51131   64   74  137.00000  135.15671  1.35%  69.3 2730s
 869594 251329     cutoff   59       137.00000  135.15738  1.34%  69.3 2735s
 871068 251564  135.26699   68   59  137.00000  135.15810  1.34%  69.3 2740s
 872537 251787     cutoff   72       137.00000  135.15880  1.34%  69.3 2745s
 874062 252080     cutoff   69       137.00000  135.15950  1.34%  69.3 2750s
 875637 252354  136.00000   65   38  137.00000  135.16041  1.34%  69.3 2755s
 877208 252601  135.17483   64  100  137.00000  135.16112  1.34%  69.3 2760s
 878608 252806  135.71734   72   45  137.00000  135.16180  1.34%  69.4 2765s
 880240 253143     cutoff   65       137.00000  135.16242  1.34%  69.4 2770s
 881843 253475  135.93131   72   35  137.00000  135.16306  1.34%  69.4 2775s
 883400 253746  135.20613   56  106  137.00000  135.16374  1.34%  69.4 2780s
 884910 254014  136.00000   63   27  137.00000  135.16432  1.34%  69.4 2785s
 886411 254247     cutoff   70       137.00000  135.16494  1.34%  69.4 2790s
 887880 254476  135.53573   67   88  137.00000  135.16553  1.34%  69.4 2795s
 889460 254728  135.22622   69  102  137.00000  135.16609  1.34%  69.4 2800s
 891073 255049  135.20378   59   78  137.00000  135.16666  1.34%  69.4 2805s
 892571 255273  135.86108   66   61  137.00000  135.16728  1.34%  69.4 2810s
 894081 255525     cutoff   70       137.00000  135.16782  1.34%  69.4 2815s
 895674 255695  135.60183   69   57  137.00000  135.16820  1.34%  69.4 2820s
 897400 255913     cutoff   70       137.00000  135.16866  1.34%  69.4 2825s
 898802 256070  135.21349   63   74  137.00000  135.16929  1.34%  69.4 2830s
 900340 256330  135.60314   66   98  137.00000  135.16993  1.34%  69.4 2835s
 901873 256575     cutoff   65       137.00000  135.17048  1.34%  69.4 2840s
 903382 256794     cutoff   64       137.00000  135.17114  1.33%  69.4 2845s
 904973 257035  136.00000   65   20  137.00000  135.17175  1.33%  69.4 2850s
 906586 257376     cutoff   57       137.00000  135.17226  1.33%  69.4 2855s
 908067 257602     cutoff   76       137.00000  135.17284  1.33%  69.4 2860s
 909579 257818  135.60260   63   52  137.00000  135.17344  1.33%  69.4 2865s
 911174 258103  136.00000   66   25  137.00000  135.17417  1.33%  69.4 2870s
 912750 258279     cutoff   68       137.00000  135.17492  1.33%  69.4 2875s
 914197 258533  136.00000   60   49  137.00000  135.17550  1.33%  69.4 2880s
 915703 258760  135.71039   65   93  137.00000  135.17613  1.33%  69.4 2885s
 917155 258946  135.24539   64   89  137.00000  135.17680  1.33%  69.4 2890s
 918648 259202  135.82987   71   84  137.00000  135.17740  1.33%  69.4 2895s
 920182 259471  135.44839   61   57  137.00000  135.17799  1.33%  69.4 2900s
 921737 259734  135.65798   75   80  137.00000  135.17865  1.33%  69.4 2905s
 923220 259995     cutoff   74       137.00000  135.17921  1.33%  69.4 2910s
 924723 260179 infeasible   69       137.00000  135.17986  1.33%  69.4 2915s
 926291 260364  135.47461   62   81  137.00000  135.18043  1.33%  69.4 2920s
 927776 260621  136.00000   62   39  137.00000  135.18104  1.33%  69.4 2925s
 929277 260857     cutoff   64       137.00000  135.18159  1.33%  69.5 2930s
 930737 261055  135.26702   57   90  137.00000  135.18216  1.33%  69.5 2935s
 932168 261275     cutoff   65       137.00000  135.18283  1.33%  69.5 2940s
 933612 261548     cutoff   70       137.00000  135.18335  1.33%  69.5 2945s
 935128 261793  135.21366   67   98  137.00000  135.18388  1.33%  69.5 2950s
 936573 261989     cutoff   63       137.00000  135.18450  1.33%  69.5 2955s
 937999 262130  136.00000   72   27  137.00000  135.18506  1.32%  69.5 2960s
 939593 262348  136.00000   67   43  137.00000  135.18583  1.32%  69.5 2965s
 941128 262593  136.00000   74   30  137.00000  135.18642  1.32%  69.5 2970s
 942503 262799  135.26268   67   67  137.00000  135.18694  1.32%  69.5 2975s
 944047 263080     cutoff   73       137.00000  135.18752  1.32%  69.5 2980s
 945501 263333  136.00000   70   27  137.00000  135.18806  1.32%  69.5 2985s
 947042 263582  135.27099   70   75  137.00000  135.18864  1.32%  69.5 2990s
 948565 263772     cutoff   79       137.00000  135.18927  1.32%  69.5 2995s
 949913 263860     cutoff   63       137.00000  135.18991  1.32%  69.6 3000s
 951354 264018     cutoff   80       137.00000  135.19047  1.32%  69.6 3005s
 952860 264252  136.00000   72   23  137.00000  135.19107  1.32%  69.6 3010s
 954208 264434  135.33724   63   92  137.00000  135.19161  1.32%  69.6 3015s
 955765 264684  135.30112   66   85  137.00000  135.19218  1.32%  69.6 3020s
 957233 264890  136.00000   56   43  137.00000  135.19280  1.32%  69.6 3025s
 958684 265073  136.00000   79   36  137.00000  135.19334  1.32%  69.6 3030s
 960198 265340     cutoff   68       137.00000  135.19391  1.32%  69.6 3035s
 960439 265365  136.00000   67   57  137.00000  135.19403  1.32%  69.6 3040s
 961778 265589  135.36212   61   73  137.00000  135.19461  1.32%  69.6 3045s
 963300 265894  136.00000   74   47  137.00000  135.19514  1.32%  69.6 3050s
 964812 266110  135.44284   74   52  137.00000  135.19574  1.32%  69.6 3055s
 966268 266351  135.75326   64   59  137.00000  135.19624  1.32%  69.6 3060s
 967753 266544  135.43963   67   47  137.00000  135.19678  1.32%  69.6 3065s
 969324 266766     cutoff   72       137.00000  135.19738  1.32%  69.6 3070s
 970832 266992  135.50659   67   76  137.00000  135.19782  1.32%  69.6 3075s
 972293 267177  135.27807   63   86  137.00000  135.19832  1.32%  69.6 3080s
 973723 267385  135.63324   59   89  137.00000  135.19881  1.31%  69.7 3085s
 975150 267619     cutoff   74       137.00000  135.19933  1.31%  69.7 3090s
 976680 267848  136.00000   79   39  137.00000  135.19988  1.31%  69.7 3095s
 978241 268113  136.00000   60   61  137.00000  135.20014  1.31%  69.7 3100s
 979725 268378  135.92383   64   89  137.00000  135.20059  1.31%  69.7 3105s
 981419 268720     cutoff   75       137.00000  135.20108  1.31%  69.7 3110s
 982882 268948  136.00000   68   51  137.00000  135.20168  1.31%  69.7 3115s
 984292 269118     cutoff   68       137.00000  135.20224  1.31%  69.7 3120s
 985755 269294     cutoff   70       137.00000  135.20276  1.31%  69.7 3125s
 987169 269449  135.21955   67  130  137.00000  135.20336  1.31%  69.7 3130s
 988664 269691     cutoff   57       137.00000  135.20393  1.31%  69.7 3135s
 990098 269883  136.00000   63   44  137.00000  135.20443  1.31%  69.7 3140s
 991708 270137  136.00000   72   13  137.00000  135.20495  1.31%  69.7 3145s
 993313 270365  135.69665   59   65  137.00000  135.20552  1.31%  69.7 3150s
 994736 270531  135.74585   63   72  137.00000  135.20596  1.31%  69.7 3155s
 996110 270690  136.00000   67   13  137.00000  135.20647  1.31%  69.7 3160s
 997572 270925  135.84867   72   66  137.00000  135.20693  1.31%  69.7 3165s
 998982 271045  135.62743   75   60  137.00000  135.20746  1.31%  69.7 3170s
 1000494 271226  136.00000   73   31  137.00000  135.20789  1.31%  69.7 3175s
 1002064 271490     cutoff   74       137.00000  135.20838  1.31%  69.7 3180s
 1003688 271791  136.00000   70   19  137.00000  135.20877  1.31%  69.7 3185s
 1005012 271958     cutoff   69       137.00000  135.20944  1.31%  69.8 3190s
 1006477 272086  135.31924   74   99  137.00000  135.21000  1.31%  69.8 3195s
 1008088 272342  135.51829   69  110  137.00000  135.21049  1.31%  69.8 3200s
 1009599 272627  136.00000   66   30  137.00000  135.21089  1.31%  69.8 3205s
 1011032 272830  136.00005   91   12  137.00000  135.21145  1.31%  69.8 3210s
 1012493 273011     cutoff   84       137.00000  135.21197  1.31%  69.8 3215s
 1014005 273219  136.00000   63   40  137.00000  135.21258  1.30%  69.8 3220s
 1015492 273440     cutoff   69       137.00000  135.21305  1.30%  69.8 3225s
 1016906 273608     cutoff   64       137.00000  135.21368  1.30%  69.8 3230s
 1018392 273842  136.00000   76   16  137.00000  135.21423  1.30%  69.8 3235s
 1019899 274092     cutoff   59       137.00000  135.21475  1.30%  69.8 3240s
 1021394 274321  136.00000   62   34  137.00000  135.21525  1.30%  69.8 3245s
 1022805 274433  135.41967   78   77  137.00000  135.21584  1.30%  69.8 3250s
 1024229 274629  136.00000   82   18  137.00000  135.21634  1.30%  69.8 3255s
 1025783 274898     cutoff   63       137.00000  135.21682  1.30%  69.8 3260s
 1027277 275087     cutoff   64       137.00000  135.21739  1.30%  69.8 3265s
 1028788 275291     cutoff   65       137.00000  135.21795  1.30%  69.8 3270s
 1030263 275494  135.71836   62  110  137.00000  135.21836  1.30%  69.8 3275s
 1031861 275794     cutoff   62       137.00000  135.21884  1.30%  69.8 3280s
 1033335 276000     cutoff   63       137.00000  135.21928  1.30%  69.8 3285s
 1034789 276157  135.29736   61   84  137.00000  135.21987  1.30%  69.8 3290s
 1036132 276267  135.92539   68   30  137.00000  135.22042  1.30%  69.9 3295s
 1037590 276398     cutoff   74       137.00000  135.22105  1.30%  69.9 3300s
 1039167 276656     cutoff   63       137.00000  135.22151  1.30%  69.9 3305s
 1040559 276852     cutoff   62       137.00000  135.22199  1.30%  69.9 3310s
 1041890 276986  135.25975   64   76  137.00000  135.22255  1.30%  69.9 3315s
 1043401 277141  135.64417   61   66  137.00000  135.22309  1.30%  69.9 3320s
 1044781 277295  135.78804   61   79  137.00000  135.22362  1.30%  69.9 3325s
 1046148 277484  135.37256   63   79  137.00000  135.22413  1.30%  69.9 3330s
 1047703 277690  136.00000   70   49  137.00000  135.22470  1.30%  69.9 3335s
 1049052 277818  136.00000   79    4  137.00000  135.22533  1.30%  69.9 3340s
 1050513 277989     cutoff   66       137.00000  135.22588  1.29%  69.9 3345s
 1052001 278154     cutoff   66       137.00000  135.22647  1.29%  69.9 3350s
 1053453 278288  136.00000   65   78  137.00000  135.22711  1.29%  69.9 3355s
 1054910 278427     cutoff   74       137.00000  135.22768  1.29%  70.0 3360s
 1056341 278554  135.67223   65   78  137.00000  135.22824  1.29%  70.0 3365s
 1057778 278719  135.56907   71   70  137.00000  135.22886  1.29%  70.0 3370s
 1059114 278819  135.41545   61   76  137.00000  135.22948  1.29%  70.0 3375s
 1060487 278880     cutoff   58       137.00000  135.23009  1.29%  70.0 3380s
 1062021 279079  135.93554   65   44  137.00000  135.23045  1.29%  70.0 3385s
 1063606 279326     cutoff   66       137.00000  135.23101  1.29%  70.0 3390s
 1065069 279432     cutoff   66       137.00000  135.23152  1.29%  70.0 3395s
 1066540 279649     cutoff   63       137.00000  135.23208  1.29%  70.0 3400s
 1068102 279837     cutoff   63       137.00000  135.23271  1.29%  70.0 3405s
 1069566 280000     cutoff   62       137.00000  135.23322  1.29%  70.0 3410s
 1071037 280182     cutoff   70       137.00000  135.23380  1.29%  70.0 3415s
 1072461 280384     cutoff   99       137.00000  135.23441  1.29%  70.0 3420s
 1073931 280550  135.34207   66   89  137.00000  135.23500  1.29%  70.0 3425s
 1075551 280822     cutoff   62       137.00000  135.23557  1.29%  70.0 3430s
 1077107 281064  135.35768   67   81  137.00000  135.23616  1.29%  70.0 3435s
 1078656 281252     cutoff   62       137.00000  135.23677  1.29%  70.0 3440s
 1080198 281410     cutoff   65       137.00000  135.23734  1.29%  70.0 3445s
 1081522 281496  135.44957   65   87  137.00000  135.23793  1.29%  70.1 3450s
 1082996 281690  135.99999   72   46  137.00000  135.23855  1.29%  70.1 3455s
 1084413 281809  135.53180   61   97  137.00000  135.23912  1.29%  70.1 3460s
 1085831 281883  136.00000   63   60  137.00000  135.23980  1.28%  70.1 3465s
 1087312 282024  135.36294   66   70  137.00000  135.24041  1.28%  70.1 3470s
 1088775 282141  135.99992   70   38  137.00000  135.24100  1.28%  70.1 3475s
 1090273 282248     cutoff   59       137.00000  135.24160  1.28%  70.1 3480s
 1091912 282458     cutoff   73       137.00000  135.24233  1.28%  70.1 3485s
 1093312 282553  135.85303   71   61  137.00000  135.24300  1.28%  70.1 3490s
 1094897 282817  135.81016   73   72  137.00000  135.24357  1.28%  70.1 3495s
 1096372 282912     cutoff   72       137.00000  135.24422  1.28%  70.1 3500s
 1097930 283164  135.68521   60   71  137.00000  135.24482  1.28%  70.1 3505s
 1099513 283334  136.00000   76   41  137.00000  135.24542  1.28%  70.1 3510s
 1101002 283479     cutoff   64       137.00000  135.24605  1.28%  70.1 3515s
 1102521 283643     cutoff   64       137.00000  135.24664  1.28%  70.1 3520s
 1103919 283780  135.89265   64   50  137.00000  135.24722  1.28%  70.1 3525s
 1105474 283962  135.94241   64   79  137.00000  135.24771  1.28%  70.1 3530s
 1106921 284092     cutoff   66       137.00000  135.24823  1.28%  70.1 3535s
 1108378 284143 infeasible   62       137.00000  135.24876  1.28%  70.2 3540s
 1109867 284236  135.67987   61   53  137.00000  135.24939  1.28%  70.2 3545s
 1111489 284480     cutoff   84       137.00000  135.24978  1.28%  70.2 3550s
 1112955 284747  135.61422   63   53  137.00000  135.25000  1.28%  70.2 3555s
 1114473 285063  135.65465   66   78  137.00000  135.25000  1.28%  70.2 3560s
 1115986 285310  135.84884   71   66  137.00000  135.25016  1.28%  70.2 3565s
 1117464 285443  136.00000   81   27  137.00000  135.25068  1.28%  70.2 3570s
 1119113 285667  135.66667   64   28  137.00000  135.25117  1.28%  70.2 3575s
 1120560 285782  136.00000   57   30  137.00000  135.25181  1.28%  70.2 3580s
 1122090 285975  135.62694   63   83  137.00000  135.25236  1.28%  70.2 3585s
 1123559 286079     cutoff   66       137.00000  135.25297  1.28%  70.2 3590s
 1125074 286188  136.00000   65   12  137.00000  135.25357  1.27%  70.2 3599s

Cutting planes:
  Gomory: 21
  Cover: 209
  Implied bound: 60
  MIR: 484
  Mixing: 53
  StrongCG: 17
  Flow cover: 1083
  GUB cover: 8
  Inf proof: 83
  Zero half: 28
  RLT: 66
  Relax-and-lift: 65
  BQP: 23

Explored 1125121 nodes (78975264 simplex iterations) in 3599.96 seconds (3716.56 work units)
Thread count was 1 (of 16 available processors)

Solution count 10: 137 138 139 ... 156

Time limit reached
Best objective 1.370000000000e+02, best bound 1.360000000000e+02, gap 0.7299%

User-callback calls 3349880, time in user-callback 1.78 sec

 sepatime0
Stat(MathOptInterface.TIME_LIMIT, 137.0, 136.0, 0.0072992700729927005, 0.0, 0.044455, 3599.955904006958, 1125121, Main.CFLG.LEFPI, "", #undef)
