Data path: /scratch/opt/lxu/CFLG/benchmarks/tree_A
Instance: treeA.500.25
Result path: /scratch/opt/lxu/CFLG/results/tree_A
Solver: Gurobi
Time limit: 7200
Formulation: LEFPAD
Cover: Small
julia --project=. src/main.jl /scratch/opt/lxu/CFLG/benchmarks/tree_A treeA.500.25 /scratch/opt/lxu/CFLG/results/tree_A Gurobi 7200 LEFPAD Small
The latest version of Julia in the `release` channel is 1.11.5+0.x64.linux.gnu. You currently have `1.11.4+0.x64.linux.gnu` installed. Run:

  juliaup update

in your terminal shell to install Julia 1.11.5+0.x64.linux.gnu and update the `release` channel to that version.
/scratch/opt/lxu/CFLG/benchmarks/tree_A Gurobi 7200.0 /scratch/opt/lxu/CFLG/results/tree_A treeA.500.25 LEFPAD Small
/scratch/opt/lxu/CFLG/benchmarks/tree_A/treeA.500.25

 read graph
data loaded


after absorb:310 500

max_piece:24
problem_graph/original graph: node: 310/500 edge: 334/524 dlt: 0.3791094177864771 break_avg_len: 2.379081855330708 break_max_len: 8.944851360691704Vbar/V, Ebar/E(98, 310, 122, 334)
(5, 271)(7, 261)(15, 251)(40, 270)(33, 40)(45, 191)(45, 182)(45, 100)(46, 139)(37, 47)(47, 162)(57, 150)(57, 145)(63, 134)(63, 97)(7, 63)(69, 144)(69, 285)(70, 119)(73, 152)(73, 252)(5, 74)(74, 100)(88, 235)(88, 191)(90, 141)(91, 112)(81, 91)(91, 144)(88, 104)(28, 104)(106, 270)(100, 110)(110, 265)(112, 116)(120, 295)(33, 122)(122, 138)(123, 290)(123, 126)(126, 248)(116, 134)(120, 139)(139, 263)(36, 141)(144, 166)(147, 238)(3, 147)(147, 165)(150, 290)(33, 150)(151, 263)(151, 211)(5, 156)(40, 156)(156, 285)(158, 207)(37, 158)(159, 195)(165, 224)(36, 176)(119, 182)(152, 188)(109, 188)(70, 188)(190, 246)(90, 190)(153, 193)(193, 271)(153, 195)(28, 201)(201, 252)(139, 201)(145, 201)(42, 202)(207, 235)(152, 209)(106, 209)(152, 211)(211, 216)(212, 238)(207, 212)(216, 256)(38, 221)(166, 222)(224, 261)(221, 226)(120, 226)(229, 263)(229, 265)(221, 236)(97, 236)(236, 271)(240, 248)(120, 240)(240, 283)(176, 244)(45, 244)(159, 244)(195, 246)(145, 248)(81, 255)(251, 255)(38, 255)(222, 256)(138, 261)(3, 270)(165, 270)(15, 277)(202, 277)(40, 277)(216, 283)(283, 293)(290, 303)(42, 293)(144, 294)(162, 294)(145, 295)(191, 303)(109, 303)(73, 304)(46, 304)(Dict(5 => 4.0, 56 => 2.0, 55 => 2.0, 81 => 1.0, 35 => 5.0, 16 => 1.0, 60 => 3.0, 30 => 17.0, 19 => 3.0, 32 => 1.0, 49 => 27.0, 6 => 2.0, 67 => 2.0, 45 => 6.0, 44 => 3.0, 9 => 3.0, 31 => 14.0, 73 => 2.0, 64 => 6.0, 61 => 2.0, 94 => 4.0, 57 => 4.0, 70 => 7.0, 4 => 3.0, 13 => 2.0, 63 => 2.0, 54 => 8.0, 38 => 2.0, 88 => 3.0, 91 => 9.0, 62 => 7.0, 78 => 72.0, 58 => 1.0, 52 => 2.0, 72 => 2.0, 12 => 2.0, 24 => 4.0, 28 => 23.0, 8 => 18.0, 75 => 7.0, 37 => 2.0, 23 => 6.0, 22 => 3.0, 47 => 2.0, 41 => 1.0, 92 => 17.0, 11 => 2.0, 69 => 2.0, 98 => 2.0, 82 => 37.0, 85 => 2.0, 80 => 5.0, 3 => 41.0, 39 => 9.0, 51 => 12.0, 77 => 4.0, 7 => 4.0, 25 => 5.0, 33 => 5.0, 84 => 3.0, 95 => 6.0, 71 => 12.0, 66 => 2.0, 76 => 8.0, 40 => 8.0, 48 => 10.0, 59 => 33.0, 93 => 8.0, 65 => 3.0, 34 => 12.0, 2 => 2.0, 27 => 2.0, 18 => 9.0, 10 => 9.0, 26 => 4.0, 50 => 65.0, 42 => 2.0, 87 => 19.0), [7, 8, 11, 18, 25, 41, 47, 48, 55, 58, 59, 62, 65, 66, 76, 81, 92, 4, 5, 6, 22, 24, 27, 32, 35, 37, 40, 42, 56, 63, 64, 67, 70, 77, 80, 87, 91, 93, 94, 98, 3, 9, 10, 13, 19, 31, 34, 38, 39, 44, 45, 51, 52, 57, 60, 71, 72, 78, 82, 85, 2, 12, 16, 23, 26, 28, 30, 33, 49, 50, 54, 61, 69, 73, 75, 84, 88, 95], 176, 200)Set parameter TokenServer to value "solice01.zib.de"
Set parameter Threads to value 1
Set parameter OutputFlag to value 1
Gurobi Optimizer version 12.0.1 build v12.0.1rc0 (linux64 - "Debian GNU/Linux 12 (bookworm)")

CPU model: Intel(R) Xeon(R) Gold 5122 CPU @ 3.60GHz, instruction set [SSE2|AVX|AVX2|AVX512]
Thread count: 8 physical cores, 16 logical processors, using up to 1 threads

Non-default parameters:
Threads  1

Optimize a model with 376 rows, 600 columns and 1000 nonzeros
Model fingerprint: 0x52fbd755
Coefficient statistics:
  Matrix range     [1e+00, 1e+00]
  Objective range  [1e+00, 1e+00]
  Bounds range     [1e+00, 1e+00]
  RHS range        [1e+00, 1e+00]
Presolve removed 376 rows and 600 columns
Presolve time: 0.00s
Presolve: All rows and columns removed
Iteration    Objective       Primal Inf.    Dual Inf.      Time
       0    7.8000000e+01   0.000000e+00   0.000000e+00      0s

Solved in 0 iterations and 0.00 seconds (0.00 work units)
Optimal objective  7.800000000e+01

User-callback calls 35, time in user-callback 0.01 sec
elapsed CPU time: 1.906839 seconds
Set parameter TokenServer to value "solice01.zib.de"
Set parameter Threads to value 1
Set parameter OutputFlag to value 1
Set parameter MIPGap to value 0.0001
Set parameter MIPGapAbs to value 0.999998
Set parameter TimeLimit to value 7198.093161

 more cuts: false 0.3791094177864771 false
is_attach:trueformulation:LEFPAD0 200 0

 model loaded

Gurobi Optimizer version 12.0.1 build v12.0.1rc0 (linux64 - "Debian GNU/Linux 12 (bookworm)")

CPU model: Intel(R) Xeon(R) Gold 5122 CPU @ 3.60GHz, instruction set [SSE2|AVX|AVX2|AVX512]
Thread count: 8 physical cores, 16 logical processors, using up to 1 threads

Non-default parameters:
TimeLimit  7198.093161
MIPGapAbs  0.999998
Threads  1

Optimize a model with 3126 rows, 2488 columns and 7684 nonzeros
Model fingerprint: 0xdd0d3c8e
Variable types: 1156 continuous, 1332 integer (1332 binary)
Coefficient statistics:
  Matrix range     [6e-05, 7e+00]
  Objective range  [1e+00, 1e+00]
  Bounds range     [6e-05, 7e+00]
  RHS range        [1e-06, 7e+00]
Presolve removed 2162 rows and 1490 columns
Presolve time: 0.01s
Presolved: 964 rows, 998 columns, 2798 nonzeros
Variable types: 567 continuous, 431 integer (431 binary)
Found heuristic solution: objective 828.0000000

Explored 0 nodes (0 simplex iterations) in 0.02 seconds (0.01 work units)
Thread count was 1 (of 16 available processors)

Solution count 1: 828 

Optimal solution found (tolerance 1.00e-04)
Best objective 8.280000000000e+02, best bound 8.280000000000e+02, gap 0.0000%

User-callback calls 551, time in user-callback 0.00 sec

 sepatime0 0 0
828.0Stat(MathOptInterface.OPTIMAL, 828.0, 828.0, 0.0, 0.0, 1.906839, 0.01960301399230957, 0, Main.CFLG.LEFPAD, "", #undef)
