Data path: /scratch/opt/lxu/CFLG/benchmarks/Kgroup_A
Instance: K100.3.con.red
Result path: /scratch/opt/lxu/CFLG/results/Kgroup_A
Solver: Gurobi
Time limit: 3600
Formulation: LEFPV2
Cover: Small
julia --project=. src/main.jl /scratch/opt/lxu/CFLG/benchmarks/Kgroup_A K100.3.con.red /scratch/opt/lxu/CFLG/results/Kgroup_A Gurobi 3600 LEFPV2 Small
The latest version of Julia in the `release` channel is 1.11.5+0.x64.linux.gnu. You currently have `1.11.4+0.x64.linux.gnu` installed. Run:

  juliaup update

in your terminal shell to install Julia 1.11.5+0.x64.linux.gnu and update the `release` channel to that version.
/scratch/opt/lxu/CFLG/benchmarks/Kgroup_A Gurobi 3600.0 /scratch/opt/lxu/CFLG/results/Kgroup_A K100.3.con.red LEFPV2 Small
/scratch/opt/lxu/CFLG/benchmarks/Kgroup_A/K100.3.con.red

 read graph
data loaded


after absorb:26 26

max_piece:28
problem_graph/original graph: node: 43/26 edge: 140/123 dlt: 0.037777522644551434 break_avg_len: 0.13276100815085215 break_max_len: 1.0elapsed CPU time: 0.044953 seconds
Set parameter TokenServer to value "solice01.zib.de"
Set parameter Threads to value 1
Set parameter OutputFlag to value 1
Set parameter MIPGap to value 0.0001
Set parameter MIPGapAbs to value 1
Set parameter TimeLimit to value 3599.955047

 more cuts:true
formulation:LEFPV295 45 17
Set parameter PreCrush to value 1

 model loaded

Gurobi Optimizer version 12.0.1 build v12.0.1rc0 (linux64 - "Debian GNU/Linux 12 (bookworm)")

CPU model: Intel(R) Xeon(R) Gold 5222 CPU @ 3.80GHz, instruction set [SSE2|AVX|AVX2|AVX512]
Thread count: 8 physical cores, 16 logical processors, using up to 1 threads

Non-default parameters:
TimeLimit  3599.955047
MIPGapAbs  1
PreCrush  1
Threads  1

Optimize a model with 4597 rows, 2471 columns and 13005 nonzeros
Model fingerprint: 0x9e99c9ee
Variable types: 463 continuous, 2008 integer (2008 binary)
Coefficient statistics:
  Matrix range     [2e-03, 1e+00]
  Objective range  [1e+00, 1e+00]
  Bounds range     [2e-03, 1e+00]
  RHS range        [4e-04, 2e+00]
Presolve removed 1866 rows and 559 columns
Presolve time: 0.08s
Presolved: 2731 rows, 1912 columns, 15392 nonzeros
Variable types: 373 continuous, 1539 integer (1538 binary)
Found heuristic solution: objective 259.0000000
Found heuristic solution: objective 251.0000000

Root relaxation: objective 1.890000e+02, 468 iterations, 0.01 seconds (0.01 work units)

    Nodes    |    Current Node    |     Objective Bounds      |     Work
 Expl Unexpl |  Obj  Depth IntInf | Incumbent    BestBd   Gap | It/Node Time

     0     0  189.00000    0   47  251.00000  189.00000  24.7%     -    0s
H    0     0                     237.0000000  189.00000  20.3%     -    0s
H    0     0                     233.0000000  189.00000  18.9%     -    0s
H    0     0                     222.0000000  189.00000  14.9%     -    0s
     0     0  189.18685    0   77  222.00000  189.18685  14.8%     -    0s
     0     0  189.21898    0   80  222.00000  189.21898  14.8%     -    0s
     0     0  189.91002    0  110  222.00000  189.91002  14.5%     -    0s
     0     0  190.00507    0  121  222.00000  190.00507  14.4%     -    0s
     0     0  190.00705    0  121  222.00000  190.00705  14.4%     -    0s
     0     0  191.00233    0  133  222.00000  191.00233  14.0%     -    0s
     0     0  191.07135    0  107  222.00000  191.07135  13.9%     -    0s
     0     0  191.07135    0  108  222.00000  191.07135  13.9%     -    0s
     0     0  191.87500    0   77  222.00000  191.87500  13.6%     -    0s
     0     0  191.93552    0   89  222.00000  191.93552  13.5%     -    0s
     0     0  191.94465    0   92  222.00000  191.94465  13.5%     -    0s
     0     0  191.95301    0   87  222.00000  191.95301  13.5%     -    0s
     0     0  191.95301    0   86  222.00000  191.95301  13.5%     -    0s
     0     0  192.02380    0   90  222.00000  192.02380  13.5%     -    4s
     0     0  192.11471    0   82  222.00000  192.11471  13.5%     -    4s
     0     0  192.11471    0  110  222.00000  192.11471  13.5%     -    4s
H    0     0                     205.0000000  192.11471  6.29%     -    4s
H    0     0                     204.0000000  192.11471  5.83%     -    4s
     0     0  192.11471    0  103  204.00000  192.11471  5.83%     -    4s
     0     0  192.11471    0   97  204.00000  192.11471  5.83%     -    4s
     0     0  192.22599    0  102  204.00000  192.22599  5.77%     -    4s
     0     0  192.30882    0  107  204.00000  192.30882  5.73%     -    4s
     0     0  192.30882    0  105  204.00000  192.30882  5.73%     -    4s
     0     0  192.30882    0  107  204.00000  192.30882  5.73%     -    4s
     0     0  192.30882    0  111  204.00000  192.30882  5.73%     -    4s
     0     0  192.31186    0  101  204.00000  192.31186  5.73%     -    4s
     0     0  192.34231    0  111  204.00000  192.34231  5.71%     -    4s
     0     0  192.34231    0   91  204.00000  192.34231  5.71%     -    4s
     0     0  192.34231    0   97  204.00000  192.34231  5.71%     -    4s
     0     0  192.40084    0  106  204.00000  192.40084  5.69%     -    4s
     0     0  192.42518    0  107  204.00000  192.42518  5.67%     -    4s
     0     0  192.42518    0  110  204.00000  192.42518  5.67%     -    4s
     0     0  192.52836    0   99  204.00000  192.52836  5.62%     -    4s
     0     0  192.56536    0   97  204.00000  192.56536  5.61%     -    4s
     0     0  192.56536    0  100  204.00000  192.56536  5.61%     -    4s
     0     0  192.56536    0  109  204.00000  192.56536  5.61%     -    4s
     0     0  192.73179    0  110  204.00000  192.73179  5.52%     -    4s
     0     0  192.73179    0  116  204.00000  192.73179  5.52%     -    4s
     0     0  192.73179    0  121  204.00000  192.73179  5.52%     -    4s
     0     0  192.73179    0  126  204.00000  192.73179  5.52%     -    4s
     0     0  192.73179    0  112  204.00000  192.73179  5.52%     -    4s
H    0     0                     201.0000000  193.07733  3.94%     -    4s
     0     2  193.07733    0  107  201.00000  193.07733  3.94%     -    4s
   137   128  195.79787   41   66  201.00000  193.14851  3.91%  21.6    5s
H  647   481                     200.0000000  195.36559  2.32%  18.2    8s
   810   562  198.27998   32   45  200.00000  195.36559  2.32%  43.3   10s
  2466  1315  198.07804   48   34  200.00000  195.75000  2.12%  39.7   15s
  4035  2341  198.03808   45   47  200.00000  195.86278  2.07%  40.0   20s
  5808  3518  198.42932   45   61  200.00000  195.94998  2.03%  39.7   25s
  7398  4520  196.28056   20   86  200.00000  196.01566  1.99%  39.7   30s
  8929  5428  198.19948   36   30  200.00000  196.06733  1.97%  39.3   35s
 10203  6152  197.26121   21  112  200.00000  196.10968  1.95%  38.9   45s
 10241  6177  199.00000   33   87  200.00000  196.10968  1.95%  38.7   50s
 10291  6213  197.11252   37   50  200.00000  196.10968  1.95%  41.4   55s
 10757  6409  196.10968   31  112  200.00000  196.10968  1.95%  41.9   60s
 11761  6803  196.50000   35   33  200.00000  196.10968  1.95%  42.2   65s
 12951  7234  197.07903   38  106  200.00000  196.10968  1.95%  42.9   70s
 14345  7669  198.23997   56   63  200.00000  196.13272  1.93%  43.4   75s
 15670  8060  197.60000   41   70  200.00000  196.18691  1.91%  43.6   80s
 17329  8494 infeasible   45       200.00000  196.26921  1.87%  43.8   85s
 18962  8951  197.44155   33   74  200.00000  196.33561  1.83%  44.1   90s
 19985  9207  199.00000   55   30  200.00000  196.37986  1.81%  44.3   95s
 21441  9559  198.37259   52   63  200.00000  196.42216  1.79%  44.5  100s
 23098  9939     cutoff   59       200.00000  196.46768  1.77%  44.5  105s
 24858 10305  196.60967   32  114  200.00000  196.51412  1.74%  44.6  110s
 26507 10667  197.17523   33   96  200.00000  196.54306  1.73%  44.6  115s
 28177 11017  197.28314   41   76  200.00000  196.57558  1.71%  44.8  120s
 29831 11649  196.92151   33  111  200.00000  196.60138  1.70%  44.8  125s
 31412 12471  196.74469   42   91  200.00000  196.62118  1.69%  44.8  130s
 33139 13403  197.58743   43   81  200.00000  196.64278  1.68%  44.8  135s
 34885 14381  199.00000   51   30  200.00000  196.66888  1.67%  44.8  140s
 36579 15231  197.60755   41   85  200.00000  196.69092  1.65%  44.7  145s
 38193 16142     cutoff   53       200.00000  196.71181  1.64%  44.7  150s
 39851 16992  198.00011   44   72  200.00000  196.73404  1.63%  44.7  155s
 41392 17721     cutoff   57       200.00000  196.75053  1.62%  44.8  160s
 43143 18626  197.13506   33   92  200.00000  196.76779  1.62%  44.7  165s
 44931 19507  198.00000   42   38  200.00000  196.78712  1.61%  44.6  170s
 46531 20328  198.50000   41   55  200.00000  196.80397  1.60%  44.5  175s
 48079 21134  197.86639   42   49  200.00000  196.82076  1.59%  44.7  180s
 49836 22028  197.44403   36   94  200.00000  196.83801  1.58%  44.5  185s
 51480 22830  197.20571   35   85  200.00000  196.85330  1.57%  44.5  190s
 53243 23725     cutoff   42       200.00000  196.87326  1.56%  44.5  195s
 55098 24661  197.66667   38   95  200.00000  196.89359  1.55%  44.4  200s
 56702 25476  199.00000   56   14  200.00000  196.91122  1.54%  44.4  205s
 58431 26352  198.00000   38   40  200.00000  196.92774  1.54%  44.3  210s
 60056 27169  199.00000   55   40  200.00000  196.94576  1.53%  44.4  215s
 61666 27915  198.00000   50   61  200.00000  196.96895  1.52%  44.4  220s
 63407 28778  197.96155   35  107  200.00000  196.98708  1.51%  44.3  225s
 65219 29582     cutoff   41       200.00000  197.00000  1.50%  44.3  230s
 66880 30420  198.10896   55   70  200.00000  197.00000  1.50%  44.3  235s
 68645 31314  198.16654   49   41  200.00000  197.00000  1.50%  44.2  240s
 70283 32227  198.00945   48   57  200.00000  197.00000  1.50%  44.3  245s
 71976 33108  198.03266   53   36  200.00000  197.00372  1.50%  44.2  250s
 73701 33981  199.00000   48   45  200.00000  197.01154  1.49%  44.2  255s
 75538 34835  198.50000   49   38  200.00000  197.01681  1.49%  44.2  260s
 77205 35695  198.07280   42   58  200.00000  197.02153  1.49%  44.1  265s
 78955 36543  198.04160   49   87  200.00000  197.02642  1.49%  44.1  270s
 80605 37240  197.97651   40   78  200.00000  197.03167  1.48%  44.1  275s
 82269 38061  198.28222   57   48  200.00000  197.03602  1.48%  44.1  280s
 83994 38863 infeasible   61       200.00000  197.04088  1.48%  44.1  285s
 85623 39648  198.66667   47   44  200.00000  197.04643  1.48%  44.1  290s
 87347 40468  198.00000   45   69  200.00000  197.05200  1.47%  44.0  295s
 89013 41277  198.00000   45   49  200.00000  197.05724  1.47%  44.0  300s
 90715 42067  197.50875   44   67  200.00000  197.06466  1.47%  44.0  305s
 92231 42825  197.36603   46   86  200.00000  197.06817  1.47%  44.1  310s
 93924 43613  198.02246   45   56  200.00000  197.07169  1.46%  44.1  315s
 95591 44363  198.32244   41   31  200.00000  197.07619  1.46%  44.1  320s
 97099 45028  199.00000   53    6  200.00000  197.08105  1.46%  44.1  325s
 98867 45825  198.00880   44   45  200.00000  197.08329  1.46%  44.0  330s
 100485 46525  199.00000   47   13  200.00000  197.08748  1.46%  44.1  335s
 102171 47272  198.76923   50   66  200.00000  197.09190  1.45%  44.0  340s
 103844 47914  198.47389   51   69  200.00000  197.09727  1.45%  44.0  345s
 105599 48721  198.84846   48   39  200.00000  197.10052  1.45%  44.0  350s
 107172 49372  198.01415   45   36  200.00000  197.10440  1.45%  44.0  355s
 108804 50124  197.29181   37   97  200.00000  197.10781  1.45%  44.1  360s
 110404 50799  197.14463   35   90  200.00000  197.11148  1.44%  44.1  365s
 111968 51457  199.00000   76   14  200.00000  197.11674  1.44%  44.2  370s
 113543 52135  198.50000   49   56  200.00000  197.12164  1.44%  44.2  375s
 115072 52793  198.75918   39   66  200.00000  197.12560  1.44%  44.3  380s
 116773 53499  199.00000   51   25  200.00000  197.13209  1.43%  44.3  385s
 118322 54185  197.98928   42  136  200.00000  197.13572  1.43%  44.3  390s
 120003 54850  198.98839   46   68  200.00000  197.13974  1.43%  44.3  395s
 121694 55580  198.00205   53   73  200.00000  197.14478  1.43%  44.3  400s
 123377 56283  198.00000   47   82  200.00000  197.15000  1.42%  44.3  405s
 125014 56923  198.19310   49   53  200.00000  197.15580  1.42%  44.3  410s
 126712 57627     cutoff   52       200.00000  197.16068  1.42%  44.3  415s
 128256 58255  198.44573   59   53  200.00000  197.16667  1.42%  44.3  420s
 130084 59113  199.00000   56   22  200.00000  197.17045  1.41%  44.3  425s
 131806 59835  198.74950   52   49  200.00000  197.17442  1.41%  44.3  430s
 133386 60461  198.03297   46   50  200.00000  197.17943  1.41%  44.3  435s
 135069 61153  199.00000   52   35  200.00000  197.18344  1.41%  44.3  440s
 136757 61830  199.00000   65   22  200.00000  197.18751  1.41%  44.3  445s
 138406 62507  197.55994   39   74  200.00000  197.19195  1.40%  44.3  450s
 140233 63285     cutoff   49       200.00000  197.19712  1.40%  44.3  455s
 141949 63973  197.75000   45   58  200.00000  197.20095  1.40%  44.3  460s
 143584 64600  197.21459   36   98  200.00000  197.20649  1.40%  44.3  465s
 145350 65365     cutoff   64       200.00000  197.21166  1.39%  44.3  470s
 146898 65872  198.78992   46   64  200.00000  197.21519  1.39%  44.4  475s
 148493 66477  197.74812   32   89  200.00000  197.21883  1.39%  44.4  480s
 150330 67219  197.55993   48   75  200.00000  197.22222  1.39%  44.4  485s
 152076 67917  198.34649   39   89  200.00000  197.22767  1.39%  44.3  490s
 153616 68564  199.00000   59   33  200.00000  197.23177  1.38%  44.4  495s
 155258 69205  198.19096   50   52  200.00000  197.23823  1.38%  44.4  500s
 157073 69932  199.00000   58   16  200.00000  197.24396  1.38%  44.3  505s
 158835 70668  199.00000   65   44  200.00000  197.24970  1.38%  44.3  510s
 160616 71453  198.19927   52   47  200.00000  197.25000  1.37%  44.3  515s
 162439 72195  198.53711   45   69  200.00000  197.25357  1.37%  44.2  520s
 164142 72913  198.50000   44   40  200.00000  197.25767  1.37%  44.2  525s
 165906 73697  199.00000   49   38  200.00000  197.26189  1.37%  44.2  530s
 167610 74385  198.01436   40   81  200.00000  197.26631  1.37%  44.2  535s
 169270 74999  198.00000   46   50  200.00000  197.27116  1.36%  44.2  540s
 171136 75672  197.76186   39   75  200.00000  197.27586  1.36%  44.2  545s
 172926 76410  198.28571   45   44  200.00000  197.28040  1.36%  44.2  550s
 174701 77137  199.00000   45   33  200.00000  197.28501  1.36%  44.1  555s
 176574 77873  198.51585   47   60  200.00000  197.28966  1.36%  44.1  560s
 178305 78613  198.66667   55   50  200.00000  197.29360  1.35%  44.1  565s
 180008 79278  197.46356   41  103  200.00000  197.29793  1.35%  44.1  570s
 181770 79983  198.89213   39   67  200.00000  197.30292  1.35%  44.1  575s
 183399 80513  198.60000   40   60  200.00000  197.30831  1.35%  44.1  580s
 185101 81164  198.58553   47  103  200.00000  197.31300  1.34%  44.1  585s
 186857 81854  198.50000   48   64  200.00000  197.31803  1.34%  44.1  590s
 188579 82483  198.50586   47   75  200.00000  197.32380  1.34%  44.1  595s
 190265 83059  198.88836   46   84  200.00000  197.32878  1.34%  44.1  600s
 192092 83797  198.53514   50   80  200.00000  197.33333  1.33%  44.1  605s
 193777 84568  197.50000   43   64  200.00000  197.33333  1.33%  44.2  610s
 195258 85217  198.44444   42   31  200.00000  197.33575  1.33%  44.2  615s
 197012 85912  197.67724   37   98  200.00000  197.34014  1.33%  44.2  620s
 198820 86630  198.57595   49   60  200.00000  197.34489  1.33%  44.2  625s
 200499 87219  198.33333   34   80  200.00000  197.34977  1.33%  44.2  630s
 202251 87934  198.00000   41   73  200.00000  197.35408  1.32%  44.2  635s
 204040 88653  199.00000   47   27  200.00000  197.35839  1.32%  44.2  640s
 205796 89308  198.22727   47   64  200.00000  197.36189  1.32%  44.2  645s
 207498 90049  199.00000   59   31  200.00000  197.36490  1.32%  44.2  650s
 209237 90774  199.00000   52   45  200.00000  197.36891  1.32%  44.2  655s
 210554 91278  198.03903   41   64  200.00000  197.37216  1.31%  44.2  661s
 211794 91771     cutoff   50       200.00000  197.37500  1.31%  44.2  665s
 213546 92461  198.68952   49   55  200.00000  197.37808  1.31%  44.2  670s
 215306 93113  199.00000   63   19  200.00000  197.38368  1.31%  44.2  675s
 217174 93837  199.00000   50   32  200.00000  197.38729  1.31%  44.2  680s
 219002 94542  198.88799   39   82  200.00000  197.39179  1.30%  44.1  685s
 220845 95262  198.06570   43   57  200.00000  197.39568  1.30%  44.1  690s
 222628 95883  199.00000   56   20  200.00000  197.39887  1.30%  44.1  695s
 224410 96603  198.85315   49   37  200.00000  197.40178  1.30%  44.1  700s
 226063 97208  198.31481   52   48  200.00000  197.40625  1.30%  44.1  705s
 227838 97912  198.71413   49   48  200.00000  197.41069  1.29%  44.1  710s
 229545 98536  198.19281   42   53  200.00000  197.41497  1.29%  44.1  715s
 231307 99223  199.00000   55   42  200.00000  197.41945  1.29%  44.1  720s
 233118 99875  199.00000   52   17  200.00000  197.42399  1.29%  44.1  725s
 234771 100509  198.25520   42   88  200.00000  197.42680  1.29%  44.1  730s
 236615 101192  198.53718   40   91  200.00000  197.43096  1.28%  44.1  735s
 238487 101859  198.28946   50   76  200.00000  197.43430  1.28%  44.1  740s
 240233 102528  199.00000   45   52  200.00000  197.43902  1.28%  44.0  745s
 242054 103097  198.66667   42   61  200.00000  197.44331  1.28%  44.0  750s
 243902 103739  197.52810   46   90  200.00000  197.44806  1.28%  44.0  755s
 245624 104353  197.81538   37   98  200.00000  197.45233  1.27%  44.0  760s
 247524 105074  198.85874   55   40  200.00000  197.45761  1.27%  44.0  765s
 249469 105768     cutoff   48       200.00000  197.46154  1.27%  44.0  770s
 251088 106351  198.02785   46   69  200.00000  197.46632  1.27%  44.0  775s
 252896 107073  198.33992   41   80  200.00000  197.47046  1.26%  43.9  780s
 254682 107795  197.67634   44   96  200.00000  197.47489  1.26%  43.9  785s
 256369 108360  199.00000   48   23  200.00000  197.47980  1.26%  43.9  790s
 258118 108997  198.31848   51   72  200.00000  197.48547  1.26%  43.9  795s
 259894 109681  198.25000   43   63  200.00000  197.49012  1.25%  43.9  800s
 261613 110291  198.00000   46   70  200.00000  197.49448  1.25%  43.9  805s
 263601 111041  199.00000   47   27  200.00000  197.50000  1.25%  43.9  810s
 265340 111694  198.50000   51   60  200.00000  197.50000  1.25%  43.9  815s
 267140 112379  198.50000   39   57  200.00000  197.50000  1.25%  43.9  820s
 268806 113037  199.00000   51   18  200.00000  197.50000  1.25%  43.9  825s
 270420 113759  197.50000   45   60  200.00000  197.50000  1.25%  43.9  830s
 272151 114485  197.89441   51   63  200.00000  197.50000  1.25%  43.9  835s
 273819 115201  198.63821   54   59  200.00000  197.50000  1.25%  43.9  840s
 275454 115823  198.50000   45   49  200.00000  197.50000  1.25%  44.0  845s
 276940 116475  198.67379   55   47  200.00000  197.50000  1.25%  44.0  850s
 278530 117111  199.00000   50   47  200.00000  197.50000  1.25%  44.0  855s
 280125 117779  198.38830   45   75  200.00000  197.50000  1.25%  44.1  860s
 281688 118447  199.00000   62   42  200.00000  197.50000  1.25%  44.1  865s
 283237 119051     cutoff   57       200.00000  197.50000  1.25%  44.1  870s
 284838 119635  197.72396   39  116  200.00000  197.50048  1.25%  44.1  875s
 286390 120148  199.00000   43   37  200.00000  197.50377  1.25%  44.2  880s
 288092 120780  199.00000   52    6  200.00000  197.50594  1.25%  44.2  885s
 289844 121376  198.40375   47   82  200.00000  197.50841  1.25%  44.2  890s
 291525 122035  199.00000   71    4  200.00000  197.51089  1.24%  44.2  895s
 293210 122721  198.00000   42   70  200.00000  197.51346  1.24%  44.2  900s
 294813 123228  198.15385   38   55  200.00000  197.51569  1.24%  44.2  905s
 296388 123722  198.76327   56   66  200.00000  197.51765  1.24%  44.2  910s
 298102 124337  198.57548   53   43  200.00000  197.51924  1.24%  44.2  915s
 299934 125003  198.45558   72   30  200.00000  197.52123  1.24%  44.2  920s
 301673 125637  198.12178   36   85  200.00000  197.52351  1.24%  44.2  925s
 303378 126256  198.66667   53   52  200.00000  197.52615  1.24%  44.2  930s
 305260 126914  199.00000   43   38  200.00000  197.52877  1.24%  44.2  935s
 306917 127447     cutoff   67       200.00000  197.53121  1.23%  44.2  940s
 308764 128175  198.82709   67   61  200.00000  197.53360  1.23%  44.2  945s
 310573 128905  198.54040   65   53  200.00000  197.53608  1.23%  44.2  950s
 312316 129582  198.36145   44   95  200.00000  197.53825  1.23%  44.1  955s
 314003 130167  198.78821   45   77  200.00000  197.54067  1.23%  44.1  960s
 315847 130860  199.00000   47   42  200.00000  197.54337  1.23%  44.1  965s
 317560 131436  198.16667   45   35  200.00000  197.54545  1.23%  44.1  970s
 319298 132165  199.00000   57   11  200.00000  197.54796  1.23%  44.1  975s
 321062 132825  199.00000   63   10  200.00000  197.55083  1.22%  44.1  980s
 322619 133372  198.74465   45   65  200.00000  197.55325  1.22%  44.1  985s
 324482 134063  199.00000   63   48  200.00000  197.55556  1.22%  44.1  990s
 326182 134697  199.00000   47   64  200.00000  197.55772  1.22%  44.1  995s
 327816 135232  198.29251   41   65  200.00000  197.56039  1.22%  44.1 1000s
 329591 135868     cutoff   48       200.00000  197.56316  1.22%  44.1 1005s
 331386 136498  198.00863   49   67  200.00000  197.56648  1.22%  44.1 1010s
 332977 137131  197.76083   44   97  200.00000  197.56943  1.22%  44.1 1015s
 334633 137742  198.00406   40  107  200.00000  197.57143  1.21%  44.1 1020s
 336217 138310  199.00000   49   21  200.00000  197.57439  1.21%  44.1 1025s
 337799 138852  199.00000   50   34  200.00000  197.57653  1.21%  44.1 1030s
 339540 139535  198.54304   49   63  200.00000  197.57932  1.21%  44.1 1035s
 341167 140052  198.66667   53   47  200.00000  197.58167  1.21%  44.1 1040s
 342920 140692  198.07518   44   69  200.00000  197.58333  1.21%  44.1 1045s
 344687 141321  198.33333   47   58  200.00000  197.58578  1.21%  44.1 1050s
 346541 142027  199.00000   65   34  200.00000  197.58941  1.21%  44.1 1055s
 348208 142588  198.33333   49   29  200.00000  197.59198  1.20%  44.1 1060s
 349928 143161  198.01530   45  118  200.00000  197.59494  1.20%  44.1 1065s
 351715 143749     cutoff   52       200.00000  197.59873  1.20%  44.1 1070s
 353356 144368     cutoff   37       200.00000  197.60000  1.20%  44.1 1075s
 355146 145078  199.00000   44   54  200.00000  197.60050  1.20%  44.1 1080s
 356910 145600  198.42857   48   67  200.00000  197.60372  1.20%  44.1 1085s
 358431 146065  198.30000   36   57  200.00000  197.60606  1.20%  44.1 1090s
 360252 146657     cutoff   61       200.00000  197.60893  1.20%  44.0 1095s
 362032 147282  199.00000   48   68  200.00000  197.61241  1.19%  44.0 1100s
 363701 147845  198.66667   54   55  200.00000  197.61538  1.19%  44.0 1105s
 365378 148427  199.00000   39   97  200.00000  197.61824  1.19%  44.0 1110s
 367047 149022  198.37500   49   49  200.00000  197.62161  1.19%  44.1 1115s
 368701 149614  198.14541   42   68  200.00000  197.62464  1.19%  44.1 1120s
 370289 150209  198.54357   47   67  200.00000  197.62564  1.19%  44.1 1125s
 371920 150749  197.87655   40   90  200.00000  197.62857  1.19%  44.1 1130s
 373610 151315  199.00000   54   27  200.00000  197.63202  1.18%  44.1 1135s
 375349 151871  198.78274   53   43  200.00000  197.63568  1.18%  44.1 1140s
 377081 152453  199.00000   46   58  200.00000  197.63884  1.18%  44.1 1145s
 378719 153034  198.50000   51   55  200.00000  197.64178  1.18%  44.1 1150s
 380366 153659  198.55000   44   78  200.00000  197.64458  1.18%  44.1 1155s
 382250 154314     cutoff   53       200.00000  197.64772  1.18%  44.1 1160s
 383833 154821  198.33333   51   68  200.00000  197.65104  1.17%  44.1 1165s
 385608 155361  198.64440   47   96  200.00000  197.65532  1.17%  44.1 1170s
 385974 155447  199.00000   44   48  200.00000  197.65627  1.17%  44.1 1175s
 387563 156040  198.62500   47   59  200.00000  197.65909  1.17%  44.1 1180s
 389185 156526  199.00000   56   37  200.00000  197.66346  1.17%  44.1 1185s
 391011 157158  198.44692   53   63  200.00000  197.66667  1.17%  44.1 1190s
 392584 157702  199.00000   59   47  200.00000  197.66667  1.17%  44.1 1195s
 394157 158318  198.75243   55   62  200.00000  197.66667  1.17%  44.1 1200s
 395895 158959  198.71429   43   83  200.00000  197.66667  1.17%  44.1 1205s
 397559 159668  197.70124   41  107  200.00000  197.66667  1.17%  44.1 1210s
 399068 160297  198.10362   39   75  200.00000  197.66667  1.17%  44.1 1215s
 400877 160990     cutoff   49       200.00000  197.66947  1.17%  44.1 1220s
 402702 161595  197.90517   44   99  200.00000  197.67391  1.16%  44.1 1225s
 404287 162201  199.00000   51   61  200.00000  197.67572  1.16%  44.1 1230s
 406171 162893  198.83333   61   47  200.00000  197.67795  1.16%  44.1 1235s
 407932 163482  199.00000   46   36  200.00000  197.68062  1.16%  44.1 1240s
 409629 164017  197.87369   46   99  200.00000  197.68300  1.16%  44.1 1245s
 411347 164546  198.39052   67   77  200.00000  197.68522  1.16%  44.1 1250s
 413128 165136     cutoff   52       200.00000  197.68780  1.16%  44.1 1255s
 414771 165752     cutoff   41       200.00000  197.69080  1.15%  44.1 1260s
 416513 166286     cutoff   49       200.00000  197.69384  1.15%  44.1 1265s
 418282 166913  198.01917   43   55  200.00000  197.69677  1.15%  44.1 1270s
 420017 167497  199.00000   65   12  200.00000  197.70000  1.15%  44.1 1275s
 421799 168070  198.23329   44  103  200.00000  197.70232  1.15%  44.1 1280s
 423523 168642  198.62590   43   49  200.00000  197.70458  1.15%  44.0 1285s
 425335 169238  199.00000   51   77  200.00000  197.70819  1.15%  44.0 1290s
 427227 169928  198.92512   52   54  200.00000  197.71024  1.14%  44.0 1295s
 428856 170472  198.62075   50   42  200.00000  197.71314  1.14%  44.0 1300s
 430778 171156  198.50000   49   51  200.00000  197.71480  1.14%  44.0 1305s
 432492 171648  198.34085   38   69  200.00000  197.71714  1.14%  44.0 1310s
 434168 172212     cutoff   49       200.00000  197.72008  1.14%  44.0 1315s
 435931 172787  198.30241   39  103  200.00000  197.72271  1.14%  44.0 1320s
 437689 173344  198.83333   55   44  200.00000  197.72617  1.14%  44.0 1325s
 439416 173942     cutoff   65       200.00000  197.72903  1.14%  44.0 1330s
 441195 174522  198.48854   45   89  200.00000  197.73248  1.13%  44.0 1335s
 442956 175083  199.00000   47    8  200.00000  197.73501  1.13%  44.0 1340s
 444621 175601     cutoff   53       200.00000  197.73854  1.13%  44.0 1345s
 446407 176150 infeasible   42       200.00000  197.74141  1.13%  44.0 1350s
 448129 176665  198.66667   53   65  200.00000  197.74441  1.13%  44.0 1355s
 449710 177103  199.00000   49   28  200.00000  197.74771  1.13%  44.0 1360s
 451495 177658  198.82711   62   37  200.00000  197.75000  1.12%  44.0 1365s
 453272 178264  198.50905   38   82  200.00000  197.75000  1.12%  44.0 1370s
 454837 178789  199.00000   55   54  200.00000  197.75000  1.12%  44.0 1375s
 456465 179358  199.00000   58   29  200.00000  197.75000  1.12%  44.0 1380s
 458062 179921  198.34065   46   99  200.00000  197.75000  1.12%  44.0 1385s
 459659 180398  198.46667   42   74  200.00000  197.75249  1.12%  44.0 1390s
 461350 180951  199.00000   43   50  200.00000  197.75531  1.12%  44.0 1395s
 463061 181496  198.51064   44   79  200.00000  197.75857  1.12%  44.0 1400s
 464608 181955  198.45518   39  123  200.00000  197.76148  1.12%  44.0 1405s
 466362 182560  198.07284   52   69  200.00000  197.76424  1.12%  44.0 1410s
 468171 183105  198.13396   51   28  200.00000  197.76667  1.12%  44.0 1415s
 469756 183572  198.05944   41   92  200.00000  197.76923  1.12%  44.0 1420s
 471528 184146  199.00000   47   22  200.00000  197.77227  1.11%  44.0 1425s
 473192 184708  199.00000   57   25  200.00000  197.77503  1.11%  44.0 1430s
 474918 185159     cutoff   49       200.00000  197.77778  1.11%  44.0 1435s
 476443 185591  199.00000   55   27  200.00000  197.77944  1.11%  44.1 1440s
 478161 186111  198.63868   46   66  200.00000  197.78237  1.11%  44.1 1445s
 479835 186653     cutoff   54       200.00000  197.78534  1.11%  44.1 1450s
 481621 187236  198.51664   52   69  200.00000  197.78758  1.11%  44.0 1455s
 483415 187781  198.11123   45   98  200.00000  197.79045  1.10%  44.0 1460s
 485022 188253  199.00000   40   52  200.00000  197.79345  1.10%  44.0 1465s
 486743 188783  198.33333   55   71  200.00000  197.79700  1.10%  44.0 1470s
 488590 189400  199.00000   63   21  200.00000  197.80000  1.10%  44.0 1475s
 490251 190058  198.26667   43   88  200.00000  197.80000  1.10%  44.0 1480s
 491900 190568  198.25000   49   44  200.00000  197.80308  1.10%  44.0 1485s
 493663 191093  199.00000   53   28  200.00000  197.80527  1.10%  44.0 1490s
 495323 191630  198.66694   47   76  200.00000  197.80776  1.10%  44.0 1495s
 497097 192218  199.00000   58   34  200.00000  197.81111  1.09%  44.0 1500s
 498831 192762     cutoff   51       200.00000  197.81334  1.09%  44.0 1505s
 500485 193325  198.16667   50   74  200.00000  197.81649  1.09%  44.0 1510s
 502227 193885  199.00000   56   60  200.00000  197.81995  1.09%  44.0 1515s
 503922 194372  198.33333   50   64  200.00000  197.82245  1.09%  44.0 1520s
 505575 194888  198.37937   50   53  200.00000  197.82517  1.09%  44.0 1525s
 507257 195422  198.43317   42  104  200.00000  197.82856  1.09%  44.0 1530s
 509111 195977  198.71910   45   67  200.00000  197.83189  1.08%  44.0 1535s
 510833 196557  199.00000   59    6  200.00000  197.83333  1.08%  44.0 1540s
 512770 197248  198.66667   47   50  200.00000  197.83333  1.08%  44.0 1545s
 514495 197854  198.08209   38  124  200.00000  197.83333  1.08%  44.0 1550s
 516162 198401  198.00000   39   87  200.00000  197.83571  1.08%  44.0 1555s
 517969 199045  199.00000   51   50  200.00000  197.83784  1.08%  44.0 1560s
 519765 199575  198.58571   42   86  200.00000  197.84058  1.08%  43.9 1565s
 521425 200113  198.92273   56   78  200.00000  197.84366  1.08%  43.9 1570s
 523195 200653  198.00000   42   87  200.00000  197.84615  1.08%  43.9 1575s
 524978 201250  198.50857   44   51  200.00000  197.84877  1.08%  43.9 1580s
 526693 201840  198.84852   46   56  200.00000  197.85119  1.07%  43.9 1585s
 528423 202315  199.00000   48   37  200.00000  197.85413  1.07%  43.9 1590s
 530128 202890  198.00000   48   44  200.00000  197.85680  1.07%  43.9 1595s
 531740 203505  198.44451   42   90  200.00000  197.85790  1.07%  43.9 1600s
 533593 204137  198.28362   52   67  200.00000  197.86082  1.07%  43.9 1605s
 535331 204671 infeasible   59       200.00000  197.86410  1.07%  43.9 1610s
 537048 205199  198.50729   60   40  200.00000  197.86642  1.07%  43.9 1615s
 538763 205721  199.00000   55   26  200.00000  197.86942  1.07%  43.9 1620s
 540591 206302  198.34294   35   85  200.00000  197.87176  1.06%  43.9 1625s
 542256 206841  198.70149   40  101  200.00000  197.87391  1.06%  43.9 1630s
 543938 207462  199.00000   51   18  200.00000  197.87500  1.06%  43.9 1635s
 545664 208012     cutoff   55       200.00000  197.87768  1.06%  43.9 1640s
 547269 208483  198.07784   43   51  200.00000  197.88053  1.06%  43.9 1645s
 549014 209096 infeasible   53       200.00000  197.88352  1.06%  43.9 1650s
 550698 209580  199.00000   49   41  200.00000  197.88649  1.06%  43.9 1655s
 552467 210135  199.00000   61   10  200.00000  197.88889  1.06%  43.9 1660s
 554236 210687  198.67941   50   65  200.00000  197.89160  1.05%  43.9 1665s
 556008 211252  198.31616   45   78  200.00000  197.89439  1.05%  43.9 1670s
 557586 211707  198.55154   39   90  200.00000  197.89716  1.05%  43.9 1675s
 559347 212248  198.03217   47   74  200.00000  197.90000  1.05%  43.9 1680s
 561110 212782  198.89729   50   60  200.00000  197.90210  1.05%  43.9 1685s
 562721 213234  198.12745   45  108  200.00000  197.90515  1.05%  43.9 1690s
 564335 213701     cutoff   47       200.00000  197.90795  1.05%  43.9 1695s
 566086 214181  199.00000   71   35  200.00000  197.91053  1.04%  43.9 1700s
 567646 214585     cutoff   46       200.00000  197.91356  1.04%  43.9 1705s
 569314 215023  199.00000   58   48  200.00000  197.91663  1.04%  43.9 1710s
 571103 215587  199.00000   59   20  200.00000  197.91740  1.04%  43.9 1715s
 572790 216035  198.35418   42   48  200.00000  197.92025  1.04%  43.9 1720s
 574434 216534  198.46530   47   69  200.00000  197.92308  1.04%  43.9 1725s
 576049 216914     cutoff   51       200.00000  197.92604  1.04%  43.9 1730s
 577735 217445  198.30535   40   67  200.00000  197.92857  1.04%  43.9 1735s
 579438 217954  198.66904   47   82  200.00000  197.93157  1.03%  43.9 1740s
 581180 218472     cutoff   52       200.00000  197.93374  1.03%  43.9 1745s
 582806 218957  198.28652   48   89  200.00000  197.93667  1.03%  43.9 1750s
 584633 219549  198.31255   46   88  200.00000  197.93982  1.03%  43.9 1755s
 586243 220027  198.56322   37   85  200.00000  197.94285  1.03%  43.9 1760s
 587821 220475  199.00000   53   14  200.00000  197.94444  1.03%  43.9 1765s
 589540 220986  199.00000   47   66  200.00000  197.94842  1.03%  43.9 1770s
 591296 221584  198.60000   52   51  200.00000  197.95130  1.02%  43.9 1775s
 592893 222008  198.39744   45   54  200.00000  197.95410  1.02%  43.9 1780s
 594638 222531  199.00000   56   18  200.00000  197.95788  1.02%  43.9 1785s
 596313 223001  198.70321   43   68  200.00000  197.96068  1.02%  43.9 1790s
 597809 223406  198.60111   47   63  200.00000  197.96332  1.02%  43.9 1795s
 599458 223875  198.50000   37   42  200.00000  197.96667  1.02%  43.9 1800s
 601122 224376  198.16667   50   93  200.00000  197.97074  1.01%  43.9 1805s
 602737 224911  198.96676   52   84  200.00000  197.97372  1.01%  43.9 1810s
 604484 225452     cutoff   60       200.00000  197.97692  1.01%  43.9 1815s
 606232 225981  198.83333   53   41  200.00000  197.98052  1.01%  43.9 1820s
 607860 226467  198.51951   52   58  200.00000  197.98387  1.01%  43.9 1825s
 609612 226957  198.97474   57   55  200.00000  197.98773  1.01%  43.9 1830s
 611240 227341  199.00000   54   42  200.00000  197.99180  1.00%  43.9 1835s
 612683 227708  199.00000   45   52  200.00000  197.99457  1.00%  43.9 1840s
 614349 228085  198.33931   45   90  200.00000  197.99850  1.00%  43.9 1845s
 615896 228544  199.00000   63   38  200.00000  198.00000  1.00%  43.9 1850s
 617417 228936  199.00000   60   21  200.00000  198.00000  1.00%  43.9 1855s
 619066 229417  198.20000   46   43  200.00000  198.00000  1.00%  43.9 1860s
 620773 229883  198.36072   38  104  200.00000  198.00000  1.00%  43.9 1865s
 622487 230473     cutoff   68       200.00000  198.00000  1.00%  43.9 1870s
 624192 230915 infeasible   41       200.00000  198.00000  1.00%  43.9 1875s
 625908 231420  199.00000   60   38  200.00000  198.00000  1.00%  43.9 1880s
 627423 231916  199.00000   55   29  200.00000  198.00000  1.00%  43.9 1885s
 629165 232443     cutoff   52       200.00000  198.00000  1.00%  43.9 1890s
 630906 232929  198.64670   51   35  200.00000  198.00000  1.00%  43.9 1895s
 632535 233343  199.00000   51   59  200.00000  198.00000  1.00%  43.9 1900s
 634204 233813  199.00000   73   15  200.00000  198.00000  1.00%  43.9 1905s
 635860 234320  198.63636   43   47  200.00000  198.00000  1.00%  43.9 1910s
 637541 234860  199.00000   53   38  200.00000  198.00000  1.00%  43.9 1915s
 639108 235339  199.00000   51   51  200.00000  198.00000  1.00%  44.0 1920s
 640931 235953  199.00000   74   10  200.00000  198.00000  1.00%  43.9 1925s
 642573 236453  199.00000   51    8  200.00000  198.00000  1.00%  43.9 1930s
 644206 236935     cutoff   65       200.00000  198.00000  1.00%  44.0 1935s
 645693 237315  199.00000   53   33  200.00000  198.00000  1.00%  44.0 1940s
 647416 237839  199.00000   52   28  200.00000  198.00000  1.00%  44.0 1945s
 648992 238348  198.27722   47   60  200.00000  198.00000  1.00%  44.0 1950s
 650695 238918  199.00000   46   51  200.00000  198.00000  1.00%  44.0 1955s
 652390 239537  198.04877   49   51  200.00000  198.00000  1.00%  44.0 1960s
 653871 240018     cutoff   57       200.00000  198.00000  1.00%  44.0 1965s
 655496 240524  198.42014   47  105  200.00000  198.00000  1.00%  44.0 1970s
 657159 241051  199.00000   50   31  200.00000  198.00000  1.00%  44.0 1975s
 658818 241638  198.76716   52   75  200.00000  198.00000  1.00%  44.0 1980s
 660466 242127  199.00000   48   23  200.00000  198.00000  1.00%  44.0 1985s
 662056 242602  199.00000   48   16  200.00000  198.00000  1.00%  44.0 1990s
 663478 243072  198.57850   48   39  200.00000  198.00000  1.00%  44.0 1995s
 665175 243636  199.00000   49   36  200.00000  198.00000  1.00%  44.0 2000s
 666786 244210     cutoff   75       200.00000  198.00000  1.00%  44.0 2005s
 668501 244798  199.00000   46   53  200.00000  198.00000  1.00%  44.0 2010s
 670174 245301  198.01590   47   51  200.00000  198.00000  1.00%  44.0 2015s
 671931 245870     cutoff   50       200.00000  198.00000  1.00%  44.0 2020s
 673564 246434  198.05737   51   61  200.00000  198.00000  1.00%  44.0 2025s
 675114 246930     cutoff   64       200.00000  198.00000  1.00%  44.0 2030s
 676700 247484  198.03686   47   75  200.00000  198.00000  1.00%  44.0 2035s
 678151 247929  198.40420   47   84  200.00000  198.00000  1.00%  44.0 2040s
 679738 248392  199.00000   58   29  200.00000  198.00000  1.00%  44.0 2045s
 681232 248810  198.34156   48   83  200.00000  198.00000  1.00%  44.0 2050s
 682887 249298  199.00000   63   22  200.00000  198.00000  1.00%  44.1 2055s
 684464 249754  198.54161   53   87  200.00000  198.00000  1.00%  44.1 2060s
 686021 250237  198.07614   40  112  200.00000  198.00000  1.00%  44.1 2065s
 687649 250719  199.00000   57   32  200.00000  198.00000  1.00%  44.1 2070s
 689190 251183  199.00000   46   64  200.00000  198.00000  1.00%  44.1 2075s
 690878 251712  199.00000   64   32  200.00000  198.00000  1.00%  44.1 2080s
 692491 252231     cutoff   59       200.00000  198.00000  1.00%  44.1 2085s
 694074 252806  198.02271   46   61  200.00000  198.00000  1.00%  44.1 2090s
 695631 253341  199.00000   53   32  200.00000  198.00000  1.00%  44.1 2095s
 697104 253844  198.33333   45   57  200.00000  198.00000  1.00%  44.1 2100s
 698729 254328  198.51118   52   67  200.00000  198.00000  1.00%  44.1 2105s
 700259 254793  198.00000   46   63  200.00000  198.00000  1.00%  44.1 2110s
 701833 255374  198.38676   39   92  200.00000  198.00000  1.00%  44.1 2115s
 703397 255785  198.53474   47   34  200.00000  198.00000  1.00%  44.2 2120s
 704917 256241     cutoff   53       200.00000  198.00000  1.00%  44.2 2125s
 706567 256697     cutoff   43       200.00000  198.00000  1.00%  44.2 2130s
 708143 257258  198.62627   46   86  200.00000  198.00000  1.00%  44.2 2135s
 709748 257760  198.43964   50   58  200.00000  198.00000  1.00%  44.2 2140s
 711333 258293     cutoff   41       200.00000  198.00000  1.00%  44.2 2145s
 712894 258810  198.20025   44   99  200.00000  198.00000  1.00%  44.2 2150s
 714366 259289  198.57451   45   80  200.00000  198.00000  1.00%  44.2 2155s
 716024 259794  198.07692   41   70  200.00000  198.00000  1.00%  44.2 2160s
 717688 260378  198.08878   47   79  200.00000  198.00000  1.00%  44.2 2165s
 719241 260919     cutoff   65       200.00000  198.00000  1.00%  44.2 2170s
 720844 261425  199.00000   55   36  200.00000  198.00000  1.00%  44.2 2175s
 722597 262039  198.24167   54   49  200.00000  198.00000  1.00%  44.2 2180s
 724185 262548  198.14286   53   60  200.00000  198.00000  1.00%  44.2 2185s
 725633 263039  198.82609   44   68  200.00000  198.00000  1.00%  44.2 2190s
 727256 263543  198.73333   57   50  200.00000  198.00000  1.00%  44.3 2195s
 728603 263977  198.24351   46   79  200.00000  198.00000  1.00%  44.3 2200s
 730152 264493  199.00000   42   58  200.00000  198.00000  1.00%  44.3 2205s
 731761 264996  199.00000   63   28  200.00000  198.00000  1.00%  44.3 2210s
 733320 265482  199.00000   56   48  200.00000  198.00000  1.00%  44.3 2215s
 734738 266016  198.13685   39   90  200.00000  198.00000  1.00%  44.3 2220s
 736286 266438  198.66667   56   39  200.00000  198.00000  1.00%  44.3 2225s
 738047 267032  199.00000   48   20  200.00000  198.00000  1.00%  44.3 2230s
 739605 267576  198.04160   45   79  200.00000  198.00000  1.00%  44.3 2235s
 741097 268039  198.77569   57   97  200.00000  198.00000  1.00%  44.3 2240s
 742779 268586     cutoff   56       200.00000  198.00000  1.00%  44.3 2245s
 744303 269129  198.50974   59   53  200.00000  198.00000  1.00%  44.4 2250s
 745791 269652  199.00000   47   49  200.00000  198.00000  1.00%  44.4 2255s
 747583 270359  199.00000   52   20  200.00000  198.00000  1.00%  44.4 2260s
 749079 270879  198.16746   50   99  200.00000  198.00000  1.00%  44.4 2265s
 750545 271394  199.00000   59   23  200.00000  198.00000  1.00%  44.4 2270s
 752000 271924  199.00000   61   56  200.00000  198.00000  1.00%  44.4 2275s
 753574 272478  198.33097   53   75  200.00000  198.00000  1.00%  44.4 2280s
 754993 272917  198.37500   46   48  200.00000  198.00000  1.00%  44.4 2285s
 756585 273479  198.50000   53   57  200.00000  198.00000  1.00%  44.4 2290s
 758169 274041  198.33333   69   35  200.00000  198.00000  1.00%  44.4 2295s
 759714 274548  198.33961   41   95  200.00000  198.00000  1.00%  44.5 2300s
 761116 275056  198.83333   51   40  200.00000  198.00000  1.00%  44.5 2305s
 762737 275604  199.00000   54   36  200.00000  198.00000  1.00%  44.5 2310s
 764351 276157     cutoff   50       200.00000  198.00000  1.00%  44.5 2315s
 765837 276682  199.00000   56   27  200.00000  198.00000  1.00%  44.5 2320s
 767422 277163  198.16490   47   83  200.00000  198.00000  1.00%  44.5 2325s
 769058 277714  198.04667   45  106  200.00000  198.00000  1.00%  44.5 2330s
 770552 278140     cutoff   46       200.00000  198.00000  1.00%  44.5 2335s
 772029 278551     cutoff   56       200.00000  198.00000  1.00%  44.5 2340s
 773589 279115  199.00000   58   12  200.00000  198.00000  1.00%  44.5 2345s
 775045 279611  199.00000   44   22  200.00000  198.00000  1.00%  44.5 2350s
 776467 280127     cutoff   63       200.00000  198.00000  1.00%  44.5 2355s
 777850 280693  198.01236   47   81  200.00000  198.00000  1.00%  44.6 2360s
 779397 281243  198.12903   42   99  200.00000  198.00000  1.00%  44.6 2365s
 780812 281675  199.00000   51   19  200.00000  198.00000  1.00%  44.6 2370s
 782411 282190  198.38421   45   77  200.00000  198.00000  1.00%  44.6 2375s
 783940 282697  198.10772   47   77  200.00000  198.00000  1.00%  44.6 2380s
 785549 283292     cutoff   52       200.00000  198.00000  1.00%  44.6 2385s
 786990 283775  199.00000   57   31  200.00000  198.00000  1.00%  44.6 2390s
 788520 284294  199.00000   64    6  200.00000  198.00000  1.00%  44.6 2395s
 790115 284819  198.18765   39   90  200.00000  198.00000  1.00%  44.6 2400s
 791601 285278     cutoff   76       200.00000  198.00000  1.00%  44.6 2405s
 793134 285846  198.05363   44   64  200.00000  198.00000  1.00%  44.6 2410s
 794668 286342  199.00000   52   23  200.00000  198.00000  1.00%  44.7 2415s
 796131 286801  199.00000   58   50  200.00000  198.00000  1.00%  44.7 2420s
 797653 287302  198.35184   49   60  200.00000  198.00000  1.00%  44.7 2425s
 799164 287820  198.08872   57   76  200.00000  198.00000  1.00%  44.7 2430s
 800732 288342  198.00143   43   93  200.00000  198.00000  1.00%  44.7 2435s
 802150 288721  198.50000   47   37  200.00000  198.00000  1.00%  44.7 2440s
 803664 289266     cutoff   52       200.00000  198.00000  1.00%  44.7 2445s
 805166 289809  198.24145   50   79  200.00000  198.00000  1.00%  44.7 2450s
 806610 290282  198.04642   45   71  200.00000  198.00000  1.00%  44.7 2455s
 808160 290863     cutoff   66       200.00000  198.00000  1.00%  44.7 2460s
 809717 291469     cutoff   63       200.00000  198.00000  1.00%  44.8 2465s
 811234 291945  198.00000   44   60  200.00000  198.00000  1.00%  44.8 2470s
 812708 292452  198.13221   38  120  200.00000  198.00000  1.00%  44.8 2475s
 814024 292862  198.99074   50   72  200.00000  198.00000  1.00%  44.8 2480s
 815479 293336  198.61538   44   60  200.00000  198.00000  1.00%  44.8 2485s
 816917 293872  198.16667   36   72  200.00000  198.00000  1.00%  44.8 2490s
 818434 294409  198.12855   43   91  200.00000  198.00000  1.00%  44.8 2495s
 819823 294889  198.83333   41   63  200.00000  198.00000  1.00%  44.8 2500s
 821392 295398  198.37520   36   90  200.00000  198.00000  1.00%  44.8 2505s
 823065 295952     cutoff   48       200.00000  198.00000  1.00%  44.8 2510s
 824577 296439  198.20184   44  113  200.00000  198.00000  1.00%  44.8 2515s
 825950 296858  199.00000   61   43  200.00000  198.00000  1.00%  44.9 2520s
 827301 297268  198.16667   39   39  200.00000  198.00000  1.00%  44.9 2525s
 828758 297779  198.27100   56   50  200.00000  198.00000  1.00%  44.9 2530s
 830219 298182  198.10455   41  114  200.00000  198.00000  1.00%  44.9 2535s
 831463 298603  198.52770   46   47  200.00000  198.00000  1.00%  44.9 2540s
 832889 299056  199.00000   42   66  200.00000  198.00000  1.00%  44.9 2545s
 834339 299554  198.48148   49  104  200.00000  198.00000  1.00%  45.0 2550s
 835602 299936  198.26541   41   91  200.00000  198.00000  1.00%  45.0 2555s
 836950 300364  198.25977   50   86  200.00000  198.00000  1.00%  45.0 2560s
 838318 300837  199.00000   52   41  200.00000  198.00000  1.00%  45.0 2565s
 839728 301249  198.83458   54   72  200.00000  198.00000  1.00%  45.0 2570s
 841041 301741  198.43098   47  102  200.00000  198.00000  1.00%  45.1 2575s
 842538 302277  198.19680   40   91  200.00000  198.00006  1.00%  45.1 2580s
 844083 302617  198.96318   53   32  200.00000  198.00066  1.00%  45.1 2585s
 845590 303027  199.00000   58   42  200.00000  198.00119  1.00%  45.1 2590s
 846799 303386  198.14339   59   64  200.00000  198.00147  1.00%  45.1 2599s
 846861 303403  198.66542   48   70  200.00000  198.00148  1.00%  45.1 2600s
 848348 303826  198.35385   44   73  200.00000  198.00196  1.00%  45.1 2605s
 849853 304215  199.00000   61   36  200.00000  198.00248  1.00%  45.1 2610s
 851460 304631     cutoff   44       200.00000  198.00286  1.00%  45.1 2615s
 852970 305024  198.28758   38  102  200.00000  198.00334  1.00%  45.1 2620s
 854546 305522  198.51086   50   91  200.00000  198.00367  1.00%  45.1 2625s
 856145 306023  198.26512   58   62  200.00000  198.00408  1.00%  45.1 2630s
 857545 306424  199.00000   61   47  200.00000  198.00426  1.00%  45.1 2635s
 859195 306836  198.85190   47   86  200.00000  198.00466  1.00%  45.1 2640s
 860795 307265  198.25430   51   70  200.00000  198.00489  1.00%  45.1 2645s
 862228 307577  198.66667   47   65  200.00000  198.00512  1.00%  45.2 2650s
 863766 308022  199.00000   52   45  200.00000  198.00550  1.00%  45.2 2655s
 865296 308406  199.00000   55   26  200.00000  198.00591  1.00%  45.2 2660s
 866885 308778  198.28323   46   96  200.00000  198.00638  1.00%  45.2 2665s
 868361 309239  199.00000   56   18  200.00000  198.00680  1.00%  45.2 2670s
 869970 309696  198.65409   50   58  200.00000  198.00720  1.00%  45.2 2675s
 871537 310090  198.50000   66   51  200.00000  198.00766  1.00%  45.2 2680s
 872945 310420  198.34292   40  103  200.00000  198.00810  1.00%  45.2 2685s
 874472 310767  199.00000   54   30  200.00000  198.00852  1.00%  45.2 2690s
 875976 311252  198.21455   45   62  200.00000  198.00884  1.00%  45.2 2695s
 877491 311652  199.00000   42   39  200.00000  198.00929  1.00%  45.2 2700s
 878986 312075  198.59887   57   53  200.00000  198.00966  1.00%  45.2 2705s
 880613 312517  198.67296   56   41  200.00000  198.01031  0.99%  45.3 2710s
 882127 312958  199.00000   50   45  200.00000  198.01064  0.99%  45.3 2715s
 883582 313279  198.09714   47   76  200.00000  198.01104  0.99%  45.3 2720s
 885091 313681     cutoff   50       200.00000  198.01143  0.99%  45.3 2725s
 886548 314097  198.50000   58   32  200.00000  198.01178  0.99%  45.3 2730s
 888017 314514  198.66667   42   57  200.00000  198.01214  0.99%  45.3 2735s
 889564 314928  198.55961   41   87  200.00000  198.01262  0.99%  45.3 2740s
 891172 315391  198.47059   43   74  200.00000  198.01311  0.99%  45.3 2745s
 892828 315940  198.72494   46   62  200.00000  198.01350  0.99%  45.3 2750s
 894498 316418  199.00000   61   55  200.00000  198.01389  0.99%  45.3 2755s
 896209 316976  199.00000   43   36  200.00000  198.01431  0.99%  45.3 2760s
 897713 317411  199.00000   48    6  200.00000  198.01472  0.99%  45.3 2765s
 899291 317881  199.00000   66   38  200.00000  198.01500  0.99%  45.3 2770s
 900919 318314     cutoff   53       200.00000  198.01540  0.99%  45.3 2775s
 902546 318819  198.20734   42  128  200.00000  198.01573  0.99%  45.3 2780s
 904143 319309 infeasible   51       200.00000  198.01615  0.99%  45.3 2785s
 905804 319691     cutoff   52       200.00000  198.01660  0.99%  45.3 2790s
 907473 320118  198.21025   44  111  200.00000  198.01689  0.99%  45.3 2795s
 908934 320497  198.50750   40   85  200.00000  198.01727  0.99%  45.3 2800s
 910527 320861  199.00000   49   60  200.00000  198.01769  0.99%  45.3 2805s
 912187 321389  199.00000   58    9  200.00000  198.01803  0.99%  45.3 2810s
 913631 321736  199.00000   51   40  200.00000  198.01845  0.99%  45.3 2815s
 915297 322178     cutoff   47       200.00000  198.01884  0.99%  45.3 2820s
 916797 322589  198.10738   43   75  200.00000  198.01922  0.99%  45.3 2825s
 918276 322999  199.00000   47   10  200.00000  198.01965  0.99%  45.3 2830s
 919929 323542  199.00000   54   22  200.00000  198.01996  0.99%  45.3 2835s
 921491 323986  198.25000   46   42  200.00000  198.02026  0.99%  45.3 2840s
 923009 324430  199.00000   51   29  200.00000  198.02066  0.99%  45.3 2845s
 924611 324888  198.73893   48   41  200.00000  198.02092  0.99%  45.3 2850s
 926314 325325  198.50000   50   69  200.00000  198.02133  0.99%  45.3 2855s
 927954 325784  198.20964   43   70  200.00000  198.02162  0.99%  45.3 2860s
 929427 326160  198.57751   39   86  200.00000  198.02198  0.99%  45.4 2865s
 931015 326593     cutoff   59       200.00000  198.02239  0.99%  45.4 2870s
 932539 327030  198.50000   46   53  200.00000  198.02263  0.99%  45.4 2875s
 933876 327351  198.81227   44   63  200.00000  198.02296  0.99%  45.4 2880s
 935587 327874  199.00000   56   16  200.00000  198.02328  0.99%  45.4 2885s
 937184 328325  198.08334   42   92  200.00000  198.02365  0.99%  45.4 2890s
 938584 328706  199.00000   47   43  200.00000  198.02389  0.99%  45.4 2895s
 940174 329086  199.00000   50   35  200.00000  198.02435  0.99%  45.4 2900s
 941692 329434  199.00000   44   33  200.00000  198.02477  0.99%  45.4 2905s
 943314 329901  199.00000   56   36  200.00000  198.02514  0.99%  45.4 2910s
 944768 330292  199.00000   47   52  200.00000  198.02549  0.99%  45.4 2915s
 946345 330762  198.53583   52   63  200.00000  198.02590  0.99%  45.4 2920s
 947955 331172  198.33333   45   57  200.00000  198.02632  0.99%  45.4 2925s
 949329 331587  199.00000   56   18  200.00000  198.02657  0.99%  45.4 2930s
 950869 331959     cutoff   59       200.00000  198.02707  0.99%  45.4 2935s
 952413 332363  198.73333   51   56  200.00000  198.02752  0.99%  45.4 2940s
 953981 332704  198.70000   56   67  200.00000  198.02788  0.99%  45.4 2945s
 955761 333188  198.58057   57   67  200.00000  198.02819  0.99%  45.4 2950s
 957335 333502  199.00000   66   33  200.00000  198.02867  0.99%  45.4 2955s
 958983 333987  199.00000   59   28  200.00000  198.02902  0.99%  45.4 2960s
 960489 334369  198.54279   43   87  200.00000  198.02944  0.99%  45.5 2965s
 962141 334794  198.35511   52   84  200.00000  198.02980  0.99%  45.5 2970s
 963849 335223  198.58519   44  104  200.00000  198.03008  0.98%  45.4 2975s
 965390 335579  198.85714   52   60  200.00000  198.03048  0.98%  45.5 2980s
 967046 335896  198.35294   43   97  200.00000  198.03111  0.98%  45.5 2985s
 968669 336336  199.00000   62   14  200.00000  198.03155  0.98%  45.5 2990s
 970264 336714  199.00000   70   10  200.00000  198.03194  0.98%  45.4 2995s
 971742 337030     cutoff   45       200.00000  198.03232  0.98%  45.5 3000s
 973258 337320  198.60000   47   58  200.00000  198.03299  0.98%  45.5 3005s
 974831 337752  198.22729   43   84  200.00000  198.03340  0.98%  45.5 3010s
 976458 338151  198.35653   52  104  200.00000  198.03382  0.98%  45.5 3015s
 978148 338542  198.94676   50   53  200.00000  198.03418  0.98%  45.5 3020s
 979614 338865     cutoff   58       200.00000  198.03465  0.98%  45.5 3025s
 981177 339301  198.16667   41   67  200.00000  198.03504  0.98%  45.5 3030s
 982693 339696  198.65208   55   84  200.00000  198.03548  0.98%  45.5 3035s
 984407 340146  198.18156   51   63  200.00000  198.03585  0.98%  45.5 3040s
 985906 340479 infeasible   53       200.00000  198.03624  0.98%  45.5 3045s
 987384 340822  199.00000   48   36  200.00000  198.03653  0.98%  45.5 3050s
 988998 341145     cutoff   63       200.00000  198.03676  0.98%  45.5 3055s
 990476 341475  199.00000   58   28  200.00000  198.03724  0.98%  45.5 3060s
 992066 341790  198.40465   46   55  200.00000  198.03777  0.98%  45.5 3065s
 993696 342192  199.00000   56   28  200.00000  198.03821  0.98%  45.5 3070s
 995146 342583     cutoff   52       200.00000  198.03854  0.98%  45.5 3075s
 996712 342992  198.55879   46   82  200.00000  198.03902  0.98%  45.5 3080s
 998234 343316  198.18863   47   66  200.00000  198.03951  0.98%  45.5 3085s
 999796 343658  198.85714   40   74  200.00000  198.04000  0.98%  45.5 3090s
 1001171 343931  198.39819   52   89  200.00000  198.04054  0.98%  45.5 3095s
 1002813 344316  198.47003   44   60  200.00000  198.04110  0.98%  45.5 3100s
 1004411 344613  198.25000   45   54  200.00000  198.04155  0.98%  45.5 3105s
 1005841 344870  198.43011   41   76  200.00000  198.04194  0.98%  45.5 3110s
 1007414 345279  199.00000   60   32  200.00000  198.04244  0.98%  45.5 3115s
 1009052 345727     cutoff   46       200.00000  198.04288  0.98%  45.5 3120s
 1010559 346073  198.23654   50  100  200.00000  198.04343  0.98%  45.6 3125s
 1012107 346427  198.19215   50   70  200.00000  198.04400  0.98%  45.6 3130s
 1013693 346768  198.17775   38  120  200.00000  198.04445  0.98%  45.6 3135s
 1015142 347060  199.00000   56   49  200.00000  198.04490  0.98%  45.6 3140s
 1016724 347430  198.66667   50   36  200.00000  198.04545  0.98%  45.6 3145s
 1018301 347781     cutoff   43       200.00000  198.04605  0.98%  45.6 3150s
 1019880 348124  198.74509   45   93  200.00000  198.04666  0.98%  45.6 3155s
 1021431 348528  198.50442   52   39  200.00000  198.04718  0.98%  45.6 3160s
 1023054 348937     cutoff   45       200.00000  198.04762  0.98%  45.6 3165s
 1024691 349271     cutoff   63       200.00000  198.04803  0.98%  45.6 3170s
 1026187 349665  199.00000   67   19  200.00000  198.04843  0.98%  45.6 3175s
 1027813 350033  199.00000   54   12  200.00000  198.04895  0.98%  45.6 3180s
 1029249 350291  199.00000   50   68  200.00000  198.04956  0.98%  45.6 3185s
 1030692 350681  198.63636   49   69  200.00000  198.05000  0.97%  45.6 3190s
 1032232 351113  199.00000   59   56  200.00000  198.05030  0.97%  45.6 3195s
 1033809 351449  198.28254   46  122  200.00000  198.05094  0.97%  45.6 3200s
 1035355 351761  198.06800   46   92  200.00000  198.05144  0.97%  45.6 3205s
 1036810 352023  199.00000   48   62  200.00000  198.05203  0.97%  45.6 3210s
 1038286 352328  199.00000   46   54  200.00000  198.05242  0.97%  45.6 3215s
 1039827 352690  198.50000   46   30  200.00000  198.05275  0.97%  45.6 3220s
 1041263 353017  198.55556   47   49  200.00000  198.05324  0.97%  45.6 3225s
 1042788 353310  198.41667   43   79  200.00000  198.05394  0.97%  45.7 3230s
 1044196 353536  198.67950   51   75  200.00000  198.05460  0.97%  45.7 3235s
 1045705 353859  199.00000   41   52  200.00000  198.05509  0.97%  45.7 3240s
 1047249 354165  199.00000   57   32  200.00000  198.05556  0.97%  45.7 3245s
 1048748 354511     cutoff   43       200.00000  198.05615  0.97%  45.7 3250s
 1050254 354823     cutoff   51       200.00000  198.05664  0.97%  45.7 3255s
 1051657 355120     cutoff   42       200.00000  198.05714  0.97%  45.7 3260s
 1053235 355444  199.00000   47   45  200.00000  198.05779  0.97%  45.7 3265s
 1054753 355721     cutoff   51       200.00000  198.05835  0.97%  45.7 3270s
 1056225 356021  198.50066   40   88  200.00000  198.05882  0.97%  45.7 3275s
 1057815 356376  199.00000   54   33  200.00000  198.05938  0.97%  45.7 3280s
 1059327 356645  198.74474   52   77  200.00000  198.05988  0.97%  45.7 3285s
 1060850 356917  198.66667   48   43  200.00000  198.06037  0.97%  45.7 3290s
 1062334 357303  199.00000   58   33  200.00000  198.06087  0.97%  45.7 3295s
 1063872 357582  199.00000   56   42  200.00000  198.06159  0.97%  45.7 3300s
 1065473 357866  199.00000   52   22  200.00000  198.06222  0.97%  45.7 3305s
 1067018 358301  198.50000   43   51  200.00000  198.06250  0.97%  45.7 3310s
 1068503 358751  198.56312   38   98  200.00000  198.06286  0.97%  45.7 3315s
 1070013 359042  199.00000   45   45  200.00000  198.06359  0.97%  45.7 3320s
 1071462 359317  198.83333   62   60  200.00000  198.06420  0.97%  45.8 3325s
 1072972 359671  198.21206   49   98  200.00000  198.06483  0.97%  45.8 3330s
 1074573 360051  198.36364   51   51  200.00000  198.06548  0.97%  45.8 3335s
 1076165 360366  199.00000   56   30  200.00000  198.06618  0.97%  45.8 3340s
 1077633 360695  198.50000   45   74  200.00000  198.06667  0.97%  45.8 3345s
 1079051 361070  199.00000   61   24  200.00000  198.06694  0.97%  45.8 3350s
 1080628 361387  199.00000   48   36  200.00000  198.06749  0.97%  45.8 3355s
 1082071 361693  198.71458   35   96  200.00000  198.06801  0.97%  45.8 3360s
 1083608 362044  198.49803   46   75  200.00000  198.06864  0.97%  45.8 3365s
 1085166 362344  198.60938   43   83  200.00000  198.06918  0.97%  45.8 3370s
 1086649 362624  198.50189   45   77  200.00000  198.06998  0.97%  45.8 3375s
 1088258 362886  198.50000   49   49  200.00000  198.07062  0.96%  45.8 3380s
 1089668 363131     cutoff   49       200.00000  198.07120  0.96%  45.8 3385s
 1091366 363575  198.50000   57   53  200.00000  198.07143  0.96%  45.8 3390s
 1092752 363870  198.61111   45   78  200.00000  198.07173  0.96%  45.8 3395s
 1094260 364188  198.92739   42   91  200.00000  198.07233  0.96%  45.8 3400s
 1095868 364477  198.19761   48   75  200.00000  198.07293  0.96%  45.8 3405s
 1097340 364843     cutoff   52       200.00000  198.07350  0.96%  45.8 3410s
 1098869 365098  199.00000   53   29  200.00000  198.07406  0.96%  45.8 3415s
 1100470 365568 infeasible   48       200.00000  198.07447  0.96%  45.8 3420s
 1101971 365914  198.90000   46   62  200.00000  198.07498  0.96%  45.8 3425s
 1103490 366317  199.00000   58   28  200.00000  198.07548  0.96%  45.8 3430s
 1104960 366623  198.69942   56   50  200.00000  198.07597  0.96%  45.8 3435s
 1106567 366840  198.62687   53   74  200.00000  198.07669  0.96%  45.8 3440s
 1108170 367245  199.00000   44   45  200.00000  198.07692  0.96%  45.8 3445s
 1109742 367613     cutoff   44       200.00000  198.07716  0.96%  45.8 3450s
 1111329 367915  199.00000   59   18  200.00000  198.07766  0.96%  45.8 3455s
 1112819 368193  198.50157   42   96  200.00000  198.07818  0.96%  45.8 3460s
 1114322 368595  198.34084   47   85  200.00000  198.07865  0.96%  45.8 3465s
 1115933 368929  198.22222   48   57  200.00000  198.07921  0.96%  45.8 3470s
 1117389 369239  198.66667   50   29  200.00000  198.07962  0.96%  45.9 3475s
 1119005 369601  199.00000   54   37  200.00000  198.07998  0.96%  45.9 3480s
 1120689 369990 infeasible   41       200.00000  198.08064  0.96%  45.8 3485s
 1122003 370191  199.00000   51   49  200.00000  198.08144  0.96%  45.9 3490s
 1123602 370600     cutoff   63       200.00000  198.08199  0.96%  45.9 3495s
 1125244 370953  198.22752   44  111  200.00000  198.08251  0.96%  45.9 3500s
 1126840 371292  199.00000   47   10  200.00000  198.08297  0.96%  45.9 3505s
 1128302 371508     cutoff   45       200.00000  198.08333  0.96%  45.9 3510s
 1129979 372056  198.37500   50   79  200.00000  198.08333  0.96%  45.9 3515s
 1131516 372558     cutoff   54       200.00000  198.08336  0.96%  45.9 3520s
 1133009 372876  198.59479   59   83  200.00000  198.08389  0.96%  45.9 3525s
 1134697 373312  198.65910   48  109  200.00000  198.08449  0.96%  45.9 3530s
 1136159 373596  198.97319   53   63  200.00000  198.08526  0.96%  45.9 3535s
 1137562 373859  199.00000   59   25  200.00000  198.08595  0.96%  45.9 3540s
 1139210 374207  199.00000   49   25  200.00000  198.08657  0.96%  45.9 3545s
 1140590 374484  198.47087   44   77  200.00000  198.08710  0.96%  45.9 3550s
 1142112 374862     cutoff   53       200.00000  198.08764  0.96%  45.9 3555s
 1143765 375288     cutoff   66       200.00000  198.08801  0.96%  45.9 3560s
 1145295 375516  198.73257   58   69  200.00000  198.08862  0.96%  45.9 3565s
 1146957 375949  198.56648   54   57  200.00000  198.08905  0.96%  45.9 3570s
 1148477 376155     cutoff   55       200.00000  198.08957  0.96%  45.9 3575s
 1150026 376513     cutoff   50       200.00000  198.09004  0.95%  45.9 3580s
 1151709 376869  199.00000   50   74  200.00000  198.09074  0.95%  45.9 3585s
 1153192 377290  198.70000   47   58  200.00000  198.09091  0.95%  45.9 3590s
 1154682 377630  199.00000   52   49  200.00000  198.09147  0.95%  45.9 3595s

Cutting planes:
  Gomory: 33
  Cover: 692
  Implied bound: 167
  MIR: 129
  Mixing: 14
  StrongCG: 17
  Flow cover: 639
  GUB cover: 123
  Inf proof: 11
  Zero half: 85
  RLT: 17
  Relax-and-lift: 106
  BQP: 2

Explored 1156170 nodes (53058954 simplex iterations) in 3599.96 seconds (3281.06 work units)
Thread count was 1 (of 16 available processors)

Solution count 9: 200 201 204 ... 259

Time limit reached
Best objective 2.000000000000e+02, best bound 1.990000000000e+02, gap 0.5000%

User-callback calls 3810848, time in user-callback 3.20 sec

 sepatime0
200.0Stat(MathOptInterface.TIME_LIMIT, 200.0, 199.0, 0.005, 0.0, 0.044953, 3599.9571521282196, 1156170, Main.CFLG.LEFPV2, "", #undef)
