Data path: /scratch/opt/lxu/CFLG/benchmarks/Kgroup_A
Instance: K100.6.red
Result path: /scratch/opt/lxu/CFLG/results/Kgroup_A
Solver: Gurobi
Time limit: 3600
Formulation: LEFPI
Cover: Small
julia --project=. src/main.jl /scratch/opt/lxu/CFLG/benchmarks/Kgroup_A K100.6.red /scratch/opt/lxu/CFLG/results/Kgroup_A Gurobi 3600 LEFPI Small
The latest version of Julia in the `release` channel is 1.11.5+0.x64.linux.gnu. You currently have `1.11.4+0.x64.linux.gnu` installed. Run:

  juliaup update

in your terminal shell to install Julia 1.11.5+0.x64.linux.gnu and update the `release` channel to that version.
/scratch/opt/lxu/CFLG/benchmarks/Kgroup_A Gurobi 3600.0 /scratch/opt/lxu/CFLG/results/Kgroup_A K100.6.red LEFPI Small
/scratch/opt/lxu/CFLG/benchmarks/Kgroup_A/K100.6.red

 read graph
data loaded


after absorb:22 22

max_piece:10
problem_graph/original graph: node: 36/22 edge: 78/64 dlt: 0.11624183538188686 break_avg_len: 0.28902398851751193 break_max_len: 1.0elapsed CPU time: 0.059168 seconds
Set parameter TokenServer to value "solice01.zib.de"
Set parameter Threads to value 1
Set parameter OutputFlag to value 1
Set parameter MIPGap to value 0.0001
Set parameter MIPGapAbs to value 1
Set parameter TimeLimit to value 3599.940832

 more cuts:false
formulation:LEFPI44 34 15

 model loaded

Gurobi Optimizer version 12.0.1 build v12.0.1rc0 (linux64 - "Debian GNU/Linux 12 (bookworm)")

CPU model: Intel(R) Xeon(R) Gold 5122 CPU @ 3.60GHz, instruction set [SSE2|AVX|AVX2|AVX512]
Thread count: 8 physical cores, 16 logical processors, using up to 1 threads

Non-default parameters:
TimeLimit  3599.940832
MIPGapAbs  1
Threads  1

Optimize a model with 1327 rows, 1020 columns and 2883 nonzeros
Model fingerprint: 0xf337fe4d
Model has 550 simple general constraints
  550 INDICATOR
Variable types: 270 continuous, 750 integer (662 binary)
Coefficient statistics:
  Matrix range     [2e-02, 1e+00]
  Objective range  [1e+00, 1e+00]
  Bounds range     [2e-02, 1e+00]
  RHS range        [7e-03, 4e+00]
  GenCon rhs range [1e-07, 1e+00]
  GenCon coe range [1e+00, 1e+00]
Presolve removed 414 rows and 281 columns
Presolve time: 0.04s
Presolved: 913 rows, 739 columns, 4664 nonzeros
Variable types: 202 continuous, 537 integer (520 binary)
Found heuristic solution: objective 116.0000000
Found heuristic solution: objective 106.0000000

Root relaxation: objective 6.900000e+01, 408 iterations, 0.00 seconds (0.00 work units)

    Nodes    |    Current Node    |     Objective Bounds      |     Work
 Expl Unexpl |  Obj  Depth IntInf | Incumbent    BestBd   Gap | It/Node Time

     0     0   69.00000    0   52  106.00000   69.00000  34.9%     -    0s
H    0     0                     102.0000000   69.00000  32.4%     -    0s
H    0     0                      97.0000000   69.00000  28.9%     -    0s
H    0     0                      95.0000000   69.00000  27.4%     -    0s
     0     0   69.39894    0   80   95.00000   69.39894  26.9%     -    0s
H    0     0                      87.0000000   69.85205  19.7%     -    0s
     0     0   69.85205    0   77   87.00000   69.85205  19.7%     -    0s
     0     0   70.28488    0   79   87.00000   70.28488  19.2%     -    0s
     0     0   70.34902    0   84   87.00000   70.34902  19.1%     -    0s
     0     0   71.96922    0   91   87.00000   71.96922  17.3%     -    0s
H    0     0                      85.0000000   72.00535  15.3%     -    0s
     0     0   72.05514    0   93   85.00000   72.05514  15.2%     -    0s
     0     0   72.05526    0   86   85.00000   72.05526  15.2%     -    0s
     0     0   72.40740    0   78   85.00000   72.40740  14.8%     -    0s
     0     0   72.59705    0   94   85.00000   72.59705  14.6%     -    0s
     0     0   72.66100    0   97   85.00000   72.66100  14.5%     -    0s
     0     0   72.66464    0   98   85.00000   72.66464  14.5%     -    0s
     0     0   72.66481    0  103   85.00000   72.66481  14.5%     -    0s
     0     0   72.87272    0  115   85.00000   72.87272  14.3%     -    0s
     0     0   72.91867    0  101   85.00000   72.91867  14.2%     -    0s
     0     0   72.92181    0  109   85.00000   72.92181  14.2%     -    0s
     0     0   72.92770    0  115   85.00000   72.92770  14.2%     -    0s
     0     0   72.92770    0  115   85.00000   72.92770  14.2%     -    0s
     0     0   72.99203    0  105   85.00000   72.99203  14.1%     -    0s
     0     0   73.02651    0  105   85.00000   73.02651  14.1%     -    0s
     0     0   73.02651    0  105   85.00000   73.02651  14.1%     -    0s
     0     0   73.34422    0   99   85.00000   73.34422  13.7%     -    0s
     0     0   73.37593    0  101   85.00000   73.37593  13.7%     -    0s
     0     0   73.37593    0  110   85.00000   73.37593  13.7%     -    0s
     0     0   73.37593    0  106   85.00000   73.37593  13.7%     -    0s
     0     0   73.67876    0  106   85.00000   73.67876  13.3%     -    0s
     0     0   73.67876    0  113   85.00000   73.67876  13.3%     -    0s
     0     0   73.67876    0   86   85.00000   73.67876  13.3%     -    0s
H    0     0                      84.0000000   73.67876  12.3%     -    0s
     0     0   73.67876    0   93   84.00000   73.67876  12.3%     -    0s
     0     0   73.67876    0   90   84.00000   73.67876  12.3%     -    0s
     0     0   73.67876    0   94   84.00000   73.67876  12.3%     -    0s
     0     0   73.67876    0   94   84.00000   73.67876  12.3%     -    0s
     0     0   73.74519    0  100   84.00000   73.74519  12.2%     -    0s
     0     0   73.74519    0  107   84.00000   73.74519  12.2%     -    0s
     0     0   73.74519    0  109   84.00000   73.74519  12.2%     -    0s
     0     0   73.74519    0  112   84.00000   73.74519  12.2%     -    0s
     0     0   73.78689    0  107   84.00000   73.78689  12.2%     -    0s
H    0     0                      83.0000000   73.84778  11.0%     -    0s
     0     0   73.84778    0  112   83.00000   73.84778  11.0%     -    0s
     0     0   73.84778    0  112   83.00000   73.84778  11.0%     -    0s
     0     0   73.84778    0  117   83.00000   73.84778  11.0%     -    0s
     0     0   73.86392    0  100   83.00000   73.86392  11.0%     -    0s
     0     0   74.12819    0  100   83.00000   74.12819  10.7%     -    0s
     0     0   74.12819    0  105   83.00000   74.12819  10.7%     -    0s
     0     0   74.12819    0   85   83.00000   74.12819  10.7%     -    0s
     0     2   74.12819    0   79   83.00000   74.12819  10.7%     -    0s
H  410   334                      82.0000000   74.66976  8.94%  14.3    0s
H  572   421                      81.0000000   74.84625  7.60%  13.7    0s
H  572   326                      80.0000000   74.84625  6.44%  13.7    0s
  1849   915   76.95291   25   49   80.00000   76.50000  4.37%  27.0    5s
  5710  2940   77.00783   36   68   80.00000   77.00000  3.75%  27.2   10s
  9175  4741   78.78223   35   31   80.00000   77.00000  3.75%  26.9   15s
 10203  5278   77.00503   35   85   80.00000   77.00000  3.75%  27.0   20s
 11386  5649   78.00000   55   25   80.00000   77.00000  3.75%  27.8   25s
 14120  6084   79.00000   49   33   80.00000   77.00000  3.75%  29.0   30s
 17299  6872   77.93489   63   45   80.00000   77.00000  3.75%  29.6   35s
 20478  7661   77.84287   69   41   80.00000   77.00000  3.75%  30.1   40s
*23229  5191              80      79.0000000   77.00000  2.53%  30.2   43s
 23860  5138   77.35263   53   53   79.00000   77.00000  2.53%  30.6   45s
 26251  5228     cutoff   54        79.00000   77.00047  2.53%  32.4   50s
 28893  5695   77.04187   36   80   79.00000   77.04187  2.48%  33.7   55s
 31652  6425   78.00000   43   22   79.00000   77.06175  2.45%  34.0   60s
 34615  7078     cutoff   57        79.00000   77.08617  2.42%  34.3   65s
 37334  7571   77.38331   43   70   79.00000   77.13676  2.36%  34.8   70s
 40042  7922     cutoff   52        79.00000   77.18459  2.30%  35.5   75s
 42874  8279   77.86549   50  100   79.00000   77.22917  2.24%  36.0   80s
 45603  8550   77.65298   36   79   79.00000   77.25571  2.21%  36.5   85s
 47933  8663     cutoff   45        79.00000   77.28734  2.17%  36.9   90s
 50641  8803   77.95016   46   37   79.00000   77.32466  2.12%  37.4   95s
 53030  8858   77.58883   40   67   79.00000   77.35332  2.08%  37.8  100s
 55680  8806   77.44100   47   72   79.00000   77.40895  2.01%  38.3  105s
 58404  8499   78.00000   41   55   79.00000   77.49017  1.91%  38.6  110s
 61130  8036     cutoff   49        79.00000   77.50000  1.90%  39.1  115s
 63714  8013     cutoff   53        79.00000   77.50000  1.90%  39.3  120s
 66473  7719 infeasible   53        79.00000   77.54713  1.84%  39.5  125s
 69457  7367     cutoff   46        79.00000   77.62615  1.74%  39.6  130s
 71895  7052   78.00000   44   26   79.00000   77.68439  1.67%  39.8  135s
 74660  6695     cutoff   61        79.00000   77.76190  1.57%  39.9  140s
 77642  6179   78.00000   49   42   79.00000   77.86979  1.43%  39.8  145s

Cutting planes:
  Learned: 1
  Gomory: 36
  Cover: 121
  Implied bound: 38
  MIR: 276
  Mixing: 31
  StrongCG: 4
  Flow cover: 603
  GUB cover: 21
  Inf proof: 28
  Zero half: 15
  RLT: 29
  Relax-and-lift: 57
  BQP: 2

Explored 80062 nodes (3199218 simplex iterations) in 149.17 seconds (117.26 work units)
Thread count was 1 (of 16 available processors)

Solution count 10: 79 80 81 ... 97

Optimal solution found (tolerance 1.00e-04)
Best objective 7.900000000000e+01, best bound 7.800000000000e+01, gap 1.2658%

User-callback calls 217649, time in user-callback 0.19 sec

 sepatime0
Stat(MathOptInterface.OPTIMAL, 79.0, 78.00000000000001, 0.012658227848101085, 0.0, 0.059168, 149.1659071445465, 80062, Main.CFLG.LEFPI, "", #undef)
