Data path: /scratch/opt/lxu/CFLG/benchmarks/random_B
Instance: r_40_0.1_84.txt
Result path: /scratch/opt/lxu/CFLG/results/random_B
Solver: Gurobi
Time limit: 7200
Formulation: LEFPV2
Cover: Small
julia --project=. src/main.jl /scratch/opt/lxu/CFLG/benchmarks/random_B r_40_0.1_84.txt /scratch/opt/lxu/CFLG/results/random_B Gurobi 7200 LEFPV2 Small
The latest version of Julia in the `release` channel is 1.11.5+0.x64.linux.gnu. You currently have `1.11.4+0.x64.linux.gnu` installed. Run:

  juliaup update

in your terminal shell to install Julia 1.11.5+0.x64.linux.gnu and update the `release` channel to that version.
/scratch/opt/lxu/CFLG/benchmarks/random_B Gurobi 7200.0 /scratch/opt/lxu/CFLG/results/random_B r_40_0.1_84.txt LEFPV2 Small
/scratch/opt/lxu/CFLG/benchmarks/random_B/r_40_0.1_84.txt

 read graph
data loaded


after absorb:36 40

max_piece:12
problem_graph/original graph: node: 40/40 edge: 84/84 dlt: 0.15172311284466455 break_avg_len: 0.6068924513786582 break_max_len: 1.7728588366852929Set parameter TokenServer to value "solice01.zib.de"
Set parameter Threads to value 1
Set parameter OutputFlag to value 1
Gurobi Optimizer version 12.0.1 build v12.0.1rc0 (linux64 - "Debian GNU/Linux 12 (bookworm)")

CPU model: Intel(R) Xeon(R) Gold 5122 CPU @ 3.60GHz, instruction set [SSE2|AVX|AVX2|AVX512]
Thread count: 8 physical cores, 16 logical processors, using up to 1 threads

Non-default parameters:
Threads  1

Optimize a model with 124 rows, 252 columns and 420 nonzeros
Model fingerprint: 0x1e3863d5
Coefficient statistics:
  Matrix range     [1e+00, 1e+00]
  Objective range  [1e+00, 1e+00]
  Bounds range     [1e+00, 1e+00]
  RHS range        [1e+00, 1e+00]
Presolve removed 124 rows and 252 columns
Presolve time: 0.00s
Presolve: All rows and columns removed
Iteration    Objective       Primal Inf.    Dual Inf.      Time
       0    3.0000000e+00   0.000000e+00   0.000000e+00      0s

Solved in 0 iterations and 0.00 seconds (0.00 work units)
Optimal objective  3.000000000e+00

User-callback calls 36, time in user-callback 0.01 sec
elapsed CPU time: 1.277817 seconds
Set parameter TokenServer to value "solice01.zib.de"
Set parameter Threads to value 1
Set parameter OutputFlag to value 1
Set parameter MIPGap to value 0.0001
Set parameter MIPGapAbs to value 0.999998
Set parameter TimeLimit to value 7198.722183

 more cuts:truefalse
0 3
formulation:LEFPV276 8 4
Set parameter PreCrush to value 1

 model loaded

Gurobi Optimizer version 12.0.1 build v12.0.1rc0 (linux64 - "Debian GNU/Linux 12 (bookworm)")

CPU model: Intel(R) Xeon(R) Gold 5122 CPU @ 3.60GHz, instruction set [SSE2|AVX|AVX2|AVX512]
Thread count: 8 physical cores, 16 logical processors, using up to 1 threads

Non-default parameters:
TimeLimit  7198.722183
MIPGapAbs  0.999998
PreCrush  1
Threads  1

Optimize a model with 1260 rows, 755 columns and 2606 nonzeros
Model fingerprint: 0x6dcab3e5
Variable types: 208 continuous, 547 integer (547 binary)
Coefficient statistics:
  Matrix range     [4e-04, 1e+00]
  Objective range  [1e+00, 1e+00]
  Bounds range     [1e-01, 2e+00]
  RHS range        [4e-03, 2e+00]
Presolve removed 763 rows and 286 columns
Presolve time: 0.01s
Presolved: 497 rows, 469 columns, 1677 nonzeros
Variable types: 193 continuous, 276 integer (276 binary)
Found heuristic solution: objective 158.0000000

Root relaxation: objective 1.310000e+02, 306 iterations, 0.00 seconds (0.00 work units)

    Nodes    |    Current Node    |     Objective Bounds      |     Work
 Expl Unexpl |  Obj  Depth IntInf | Incumbent    BestBd   Gap | It/Node Time

     0     0  131.00000    0   81  158.00000  131.00000  17.1%     -    0s
H    0     0                     156.0000000  131.00000  16.0%     -    0s
H    0     0                     154.0000000  131.00000  14.9%     -    0s
elapsed CPU time: 1.3842199804212547e13 seconds
     0     0  133.84537    0  118  154.00000  133.84537  13.1%     -    1s
elapsed CPU time: 0.007421 seconds
     0     0  133.98945    0  114  154.00000  133.98945  13.0%     -    1s
elapsed CPU time: 0.007138 seconds
     0     0  138.33586    0  106  154.00000  138.33586  10.2%     -    1s
H    0     0                     152.0000000  138.33586  8.99%     -    1s
elapsed CPU time: 0.007708 seconds
     0     0  138.40305    0  105  152.00000  138.40305  8.95%     -    1s
elapsed CPU time: 0.046068 seconds
     0     0  138.41694    0  105  152.00000  138.41694  8.94%     -    1s
elapsed CPU time: 0.006838 seconds
     0     0  140.04396    0  101  152.00000  140.04396  7.87%     -    1s
elapsed CPU time: 0.006646 seconds
     0     0  140.14023    0  108  152.00000  140.14023  7.80%     -    1s
elapsed CPU time: 0.00663 seconds
     0     0  140.15731    0  104  152.00000  140.15731  7.79%     -    1s
elapsed CPU time: 0.00662 seconds
     0     0  140.15783    0  101  152.00000  140.15783  7.79%     -    1s
elapsed CPU time: 0.006657 seconds
     0     0  140.38098    0  103  152.00000  140.38098  7.64%     -    1s
elapsed CPU time: 0.006815 seconds
     0     0  140.40883    0  103  152.00000  140.40883  7.63%     -    1s
elapsed CPU time: 0.006683 seconds
     0     0  140.40883    0  101  152.00000  140.40883  7.63%     -    1s
elapsed CPU time: 0.006774 seconds
     0     0  140.50000    0   95  152.00000  140.50000  7.57%     -    1s
H    0     0                     151.0000000  140.50000  6.95%     -    1s
elapsed CPU time: 0.006741 seconds
     0     0  140.57927    0  111  151.00000  140.57927  6.90%     -    1s
elapsed CPU time: 0.006922 seconds
     0     0  140.59668    0  104  151.00000  140.59668  6.89%     -    1s
elapsed CPU time: 0.006825 seconds
     0     0  140.59668    0  104  151.00000  140.59668  6.89%     -    1s
elapsed CPU time: 0.006857 seconds
     0     0  140.68449    0  106  151.00000  140.68449  6.83%     -    1s
H    0     0                     150.0000000  140.68449  6.21%     -    1s
elapsed CPU time: 0.006793 seconds
     0     0  140.68449    0  111  150.00000  140.68449  6.21%     -    1s
elapsed CPU time: 0.006859 seconds
     0     0  140.68449    0  108  150.00000  140.68449  6.21%     -    1s
elapsed CPU time: 0.006708 seconds
     0     0  140.68449    0   66  150.00000  140.68449  6.21%     -    1s
elapsed CPU time: 0.007092 seconds
elapsed CPU time: 0.006801 seconds
     0     2  140.71905    0   71  150.00000  140.71905  6.19%     -    1s
*  103    98              78     149.0000000  140.71905  5.56%  19.8    1s
H  406   314                     148.0000000  141.00528  4.73%  18.7    1s
H  576   391                     146.9999990  141.00545  4.08%  17.9    2s
  1060   629  144.35490   53   41  147.00000  143.00000  2.72%  44.4    5s
  5466  2690  144.53091   36   81  147.00000  143.70956  2.24%  29.2   10s
  9075  4411  146.00000   45   30  147.00000  143.91804  2.10%  29.1   15s
 10209  4939  144.25000   40  138  147.00000  143.97585  2.06%  28.9   20s
 10329  5019  144.39836   43  138  147.00000  143.97585  2.06%  28.6   25s
 11191  5284  144.09424   40  128  147.00000  144.00000  2.04%  33.0   30s
H11654  4780                     146.0000000  144.06065  1.33%  33.7   31s
 13182  4508  145.00000   56   51  146.00000  144.33333  1.14%  37.0   35s
 15000  4005  144.55291   43   96  146.00000  144.50000  1.03%  41.5   40s
 16951  3079  145.00000   56   12  146.00000  145.00000  0.68%  44.9   45s

Cutting planes:
  Gomory: 20
  Cover: 187
  Implied bound: 34
  Clique: 3
  MIR: 157
  Mixing: 20
  StrongCG: 3
  Flow cover: 607
  GUB cover: 14
  Inf proof: 2
  Zero half: 34
  RLT: 33
  Relax-and-lift: 8
  BQP: 8

Explored 18245 nodes (900102 simplex iterations) in 49.82 seconds (33.49 work units)
Thread count was 1 (of 16 available processors)

Solution count 10: 146 147 148 ... 158

Optimal solution found (tolerance 1.00e-04)
Best objective 1.460000000000e+02, best bound 1.450000490739e+02, gap 0.6849%

User-callback calls 58224, time in user-callback 2.54 sec

 sepatime1.3842199804212727e13 0 0
146.0Stat(MathOptInterface.OPTIMAL, 146.0, 145.0000490739292, 0.006848978945690379, 1.3842199804212727e13, 1.277817, 49.8223090171814, 18245, Main.CFLG.LEFPV2, "", #undef)
