Data path: /scratch/opt/lxu/CFLG/benchmarks/tree_A
Instance: treeA.200.30
Result path: /scratch/opt/lxu/CFLG/results/tree_A
Solver: Gurobi
Time limit: 7200
Formulation: LEFPAI
Cover: Large
julia --project=. src/main.jl /scratch/opt/lxu/CFLG/benchmarks/tree_A treeA.200.30 /scratch/opt/lxu/CFLG/results/tree_A Gurobi 7200 LEFPAI Large
The latest version of Julia in the `release` channel is 1.11.5+0.x64.linux.gnu. You currently have `1.11.4+0.x64.linux.gnu` installed. Run:

  juliaup update

in your terminal shell to install Julia 1.11.5+0.x64.linux.gnu and update the `release` channel to that version.
/scratch/opt/lxu/CFLG/benchmarks/tree_A Gurobi 7200.0 /scratch/opt/lxu/CFLG/results/tree_A treeA.200.30 LEFPAI Large
/scratch/opt/lxu/CFLG/benchmarks/tree_A/treeA.200.30

 read graph
data loaded

problem_graph/original graph: node: 200/200 edge: 229/229 dlt: 3.0113703010947375 break_avg_len: 1.5056851505473687 break_max_len: 1.995483602652346Vbar/V, Ebar/E(117, 200, 146, 229)
(1, 117)(1, 185)(3, 142)(3, 175)(7, 144)(7, 12)(9, 59)(9, 81)(12, 108)(12, 170)(13, 184)(13, 29)(14, 63)(14, 193)(17, 191)(17, 99)(19, 152)(19, 156)(21, 97)(21, 75)(21, 60)(23, 38)(23, 152)(24, 127)(24, 194)(26, 60)(26, 98)(26, 51)(28, 199)(28, 161)(29, 88)(29, 76)(30, 194)(30, 175)(32, 115)(32, 97)(36, 57)(36, 131)(37, 118)(37, 68)(37, 133)(38, 98)(38, 200)(40, 186)(40, 51)(40, 96)(41, 112)(41, 117)(42, 63)(42, 119)(44, 155)(44, 137)(44, 77)(46, 198)(46, 130)(48, 60)(48, 74)(51, 156)(51, 131)(55, 172)(55, 81)(55, 168)(56, 196)(56, 134)(57, 93)(59, 133)(64, 191)(64, 74)(65, 136)(65, 142)(65, 190)(66, 180)(66, 72)(68, 180)(68, 185)(68, 129)(69, 147)(69, 170)(69, 193)(69, 197)(70, 164)(70, 172)(72, 117)(74, 115)(74, 147)(74, 193)(75, 135)(76, 112)(77, 161)(77, 164)(77, 151)(78, 151)(78, 180)(84, 163)(84, 197)(85, 109)(85, 154)(88, 165)(88, 116)(89, 92)(89, 155)(92, 184)(93, 103)(96, 196)(98, 119)(98, 99)(98, 153)(102, 128)(102, 165)(103, 169)(103, 150)(103, 117)(103, 147)(108, 186)(109, 190)(109, 153)(110, 150)(110, 192)(113, 118)(113, 115)(116, 142)(120, 153)(120, 136)(127, 131)(128, 168)(129, 196)(130, 164)(130, 156)(134, 198)(135, 189)(137, 187)(138, 144)(138, 175)(138, 193)(142, 200)(150, 169)(151, 166)(154, 163)(161, 187)(165, 195)(166, 199)(175, 189)(185, 192)(185, 197)(195, 197)(196, 200)(Dict(16 => 0.0, 20 => 0.0, 110 => 0.0, 60 => 0.0, 30 => 0.0, 32 => 1.0, 49 => 1.0, 67 => 0.0, 109 => 0.0, 61 => 0.0, 29 => 1.0, 94 => 0.0, 70 => 0.0, 54 => 1.0, 63 => 0.0, 38 => 0.0, 88 => 1.0, 91 => 0.0, 78 => 0.0, 72 => 0.0, 17 => 0.0, 1 => 0.0, 23 => 0.0, 53 => 0.0, 47 => 0.0, 41 => 0.0, 43 => 1.0, 69 => 0.0, 36 => 0.0, 92 => 2.0, 99 => 0.0, 85 => 0.0, 3 => 0.0, 84 => 0.0, 33 => 0.0, 25 => 0.0, 108 => 1.0, 71 => 0.0, 66 => 0.0, 76 => 0.0, 48 => 0.0, 34 => 0.0, 59 => 1.0, 93 => 1.0, 42 => 0.0, 100 => 0.0), [1, 3, 16, 17, 20, 23, 25, 29, 30, 32, 33, 34, 36, 38, 41, 42, 43, 47, 48, 49, 53, 54, 59, 60, 61, 63, 66, 67, 69, 70, 71, 72, 76, 78, 84, 85, 88, 91, 92, 94, 93, 99, 100, 108, 109, 110], 163, 192)Set parameter TokenServer to value "solice01.zib.de"
Set parameter Threads to value 1
Set parameter OutputFlag to value 1
Gurobi Optimizer version 12.0.1 build v12.0.1rc0 (linux64 - "Debian GNU/Linux 12 (bookworm)")

CPU model: Intel(R) Xeon(R) Gold 5122 CPU @ 3.60GHz, instruction set [SSE2|AVX|AVX2|AVX512]
Thread count: 8 physical cores, 16 logical processors, using up to 1 threads

Non-default parameters:
Threads  1

Optimize a model with 355 rows, 576 columns and 960 nonzeros
Model fingerprint: 0x7cdb2903
Coefficient statistics:
  Matrix range     [1e+00, 1e+00]
  Objective range  [1e+00, 1e+00]
  Bounds range     [1e+00, 1e+00]
  RHS range        [1e+00, 1e+00]
Presolve removed 355 rows and 576 columns
Presolve time: 0.02s
Presolve: All rows and columns removed
Iteration    Objective       Primal Inf.    Dual Inf.      Time
       0    4.6000000e+01   0.000000e+00   0.000000e+00      0s

Solved in 0 iterations and 0.02 seconds (0.00 work units)
Optimal objective  4.600000000e+01

User-callback calls 35, time in user-callback 0.01 sec
elapsed CPU time: 1.757294 seconds
Set parameter TokenServer to value "solice01.zib.de"
Set parameter Threads to value 1
Set parameter OutputFlag to value 1
Set parameter MIPGap to value 0.0001
Set parameter MIPGapAbs to value 0.999998
Set parameter TimeLimit to value 7198.242706

 more cuts: false 3.0113703010947375 false
is_attach:trueformulation:LEFPAI0 192 0

 model loaded

Gurobi Optimizer version 12.0.1 build v12.0.1rc0 (linux64 - "Debian GNU/Linux 12 (bookworm)")

CPU model: Intel(R) Xeon(R) Gold 5122 CPU @ 3.60GHz, instruction set [SSE2|AVX|AVX2|AVX512]
Thread count: 8 physical cores, 16 logical processors, using up to 1 threads

Non-default parameters:
TimeLimit  7198.242706
MIPGapAbs  0.999998
Threads  1

Optimize a model with 3400 rows, 3308 columns and 9068 nonzeros
Model fingerprint: 0x4ce50a92
Model has 2214 simple general constraints
  2214 INDICATOR
Variable types: 547 continuous, 2761 integer (2761 binary)
Coefficient statistics:
  Matrix range     [6e-02, 3e+00]
  Objective range  [1e+00, 1e+00]
  Bounds range     [6e-02, 3e+00]
  RHS range        [1e-06, 3e+00]
  GenCon rhs range [2e-03, 3e+00]
  GenCon coe range [1e+00, 1e+00]
Presolve removed 252 rows and 1451 columns
Presolve time: 0.13s
Presolved: 3148 rows, 1857 columns, 15602 nonzeros
Variable types: 275 continuous, 1582 integer (1582 binary)
Found heuristic solution: objective 166.0000000
Found heuristic solution: objective 164.0000000
Found heuristic solution: objective 120.0000000

Root relaxation: objective 3.577651e+01, 1499 iterations, 0.03 seconds (0.03 work units)

    Nodes    |    Current Node    |     Objective Bounds      |     Work
 Expl Unexpl |  Obj  Depth IntInf | Incumbent    BestBd   Gap | It/Node Time

     0     0   35.77651    0  336  120.00000   35.77651  70.2%     -    0s
H    0     0                      71.0000000   35.77651  49.6%     -    0s
H    0     0                      67.0000000   35.77651  46.6%     -    0s
     0     0   39.84212    0  480   67.00000   39.84212  40.5%     -    0s
     0     0   39.85757    0  482   67.00000   39.85757  40.5%     -    0s
H    0     0                      66.0000000   39.89972  39.5%     -    0s
H    0     0                      65.0000000   39.89972  38.6%     -    0s
     0     0   39.89972    0  455   65.00000   39.89972  38.6%     -    0s
     0     0   42.93827    0  385   65.00000   42.93827  33.9%     -    0s
H    0     0                      64.0000000   42.93827  32.9%     -    0s
     0     0   42.94358    0  391   64.00000   42.94358  32.9%     -    0s
     0     0   42.94358    0  390   64.00000   42.94358  32.9%     -    0s
     0     0   44.80886    0  444   64.00000   44.80886  30.0%     -    0s
H    0     0                      63.0000000   44.80886  28.9%     -    0s
H    0     0                      61.0000000   44.80886  26.5%     -    0s
H    0     0                      60.0000000   44.80886  25.3%     -    0s
     0     0   44.81730    0  422   60.00000   44.81730  25.3%     -    0s
     0     0   44.81886    0  441   60.00000   44.81886  25.3%     -    0s
     0     0   45.75000    0  365   60.00000   45.75000  23.8%     -    0s
H    0     0                      59.0000000   45.75000  22.5%     -    0s
     0     0   45.75000    0  386   59.00000   45.75000  22.5%     -    0s
     0     0   45.77053    0  340   59.00000   45.77053  22.4%     -    0s
     0     0   45.85858    0  289   59.00000   45.85858  22.3%     -    0s
     0     0   45.86094    0  336   59.00000   45.86094  22.3%     -    0s
     0     0   45.91355    0  318   59.00000   45.91355  22.2%     -    0s
H    0     0                      58.0000000   45.91355  20.8%     -    0s
     0     0   45.94487    0  307   58.00000   45.94487  20.8%     -    0s
     0     0   45.94487    0  319   58.00000   45.94487  20.8%     -    0s
     0     0   46.00000    0  329   58.00000   46.00000  20.7%     -    0s
     0     0   46.00000    0  310   58.00000   46.00000  20.7%     -    0s
     0     0   46.00000    0  305   58.00000   46.00000  20.7%     -    0s
     0     0   46.00625    0  352   58.00000   46.00625  20.7%     -    0s
     0     0   46.00625    0  351   58.00000   46.00625  20.7%     -    0s
     0     0   46.01923    0  161   58.00000   46.01923  20.7%     -    1s
H    0     0                      57.0000000   46.01923  19.3%     -    1s
     0     0   46.01923    0  252   57.00000   46.01923  19.3%     -    1s
     0     0   46.01923    0  272   57.00000   46.01923  19.3%     -    1s
     0     0   46.01923    0  188   57.00000   46.01923  19.3%     -    1s
H    0     0                      54.0000000   46.01923  14.8%     -    1s
H    0     0                      53.0000000   46.01923  13.2%     -    1s
H    0     0                      52.0000000   46.01923  11.5%     -    1s
H    0     0                      51.0000000   46.01923  9.77%     -    1s
     0     2   46.01923    0  157   51.00000   46.01923  9.77%     -    1s
H   26    26                      50.0000000   46.10000  7.80%  52.8    1s
   684   440   49.00000   18  122   50.00000   48.54545  2.91%  46.8    5s
H  692   424                      49.0000000   49.00000  0.00%  69.3    5s

Cutting planes:
  Learned: 5
  Gomory: 15
  Cover: 26
  Implied bound: 5
  Clique: 8
  MIR: 15
  StrongCG: 1
  Flow cover: 35
  GUB cover: 17
  Zero half: 22
  RLT: 7
  Relax-and-lift: 2
  BQP: 10

Explored 692 nodes (66799 simplex iterations) in 5.49 seconds (4.01 work units)
Thread count was 1 (of 16 available processors)

Solution count 10: 49 50 51 ... 59

Optimal solution found (tolerance 1.00e-04)
Best objective 4.900000000000e+01, best bound 4.900000000000e+01, gap 0.0000%

User-callback calls 4824, time in user-callback 0.00 sec

 sepatime0 0 0
49.0Stat(MathOptInterface.OPTIMAL, 49.0, 49.0, 0.0, 0.0, 1.757294, 5.492110013961792, 692, Main.CFLG.LEFPAI, "", #undef)
