Data path: /scratch/opt/lxu/CFLG/benchmarks/tree_B
Instance: treeB.150.22
Result path: /scratch/opt/lxu/CFLG/results/tree_B
Solver: Gurobi
Time limit: 7200
Formulation: LEFPAV
Cover: Small
julia --project=. src/main.jl /scratch/opt/lxu/CFLG/benchmarks/tree_B treeB.150.22 /scratch/opt/lxu/CFLG/results/tree_B Gurobi 7200 LEFPAV Small
The latest version of Julia in the `release` channel is 1.11.6+0.x64.linux.gnu. You currently have `1.11.4+0.x64.linux.gnu` installed. Run:

  juliaup update

in your terminal shell to install Julia 1.11.6+0.x64.linux.gnu and update the `release` channel to that version.
/scratch/opt/lxu/CFLG/benchmarks/tree_B Gurobi 7200.0 /scratch/opt/lxu/CFLG/results/tree_B treeB.150.22 LEFPAV Small
/scratch/opt/lxu/CFLG/benchmarks/tree_B/treeB.150.22

 read graph
data loaded


after absorb:107 150

max_piece:16
problem_graph/original graph: node: 107/150 edge: 128/171 dlt: 0.36968464877319224 break_avg_len: 1.9755023418817452 break_max_len: 5.729874035072884Vbar/V, Ebar/E(47, 107, 68, 128)
Set parameter TokenServer to value "solice01.zib.de"
Set parameter Threads to value 1
Set parameter OutputFlag to value 1
Gurobi Optimizer version 12.0.1 build v12.0.1rc0 (linux64 - "Debian GNU/Linux 12 (bookworm)")

CPU model: Intel(R) Xeon(R) Gold 5222 CPU @ 3.80GHz, instruction set [SSE2|AVX|AVX2|AVX512]
Thread count: 8 physical cores, 16 logical processors, using up to 1 threads

Non-default parameters:
Threads  1

Optimize a model with 175 rows, 294 columns and 490 nonzeros
Model fingerprint: 0x0ba7f281
Coefficient statistics:
  Matrix range     [1e+00, 1e+00]
  Objective range  [1e+00, 1e+00]
  Bounds range     [1e+00, 1e+00]
  RHS range        [1e+00, 1e+00]
Presolve removed 61 rows and 61 columns
Presolve time: 0.00s
Presolved: 114 rows, 233 columns, 368 nonzeros

Iteration    Objective       Primal Inf.    Dual Inf.      Time
       0    7.2000000e+01   3.000000e+01   0.000000e+00      0s
      58    4.7000000e+01   0.000000e+00   0.000000e+00      0s

Solved in 58 iterations and 0.00 seconds (0.00 work units)
Optimal objective  4.700000000e+01

User-callback calls 121, time in user-callback 0.00 sec
elapsed CPU time: 0.948787 seconds
Set parameter TokenServer to value "solice01.zib.de"
Set parameter Threads to value 1
Set parameter OutputFlag to value 1
Set parameter MIPGap to value 0.0001
Set parameter TimeLimit to value 7199.051213

 more cuts: false 0.36968464877319224 false
is_attach:trueformulation:LEFPAV68 30 30
Set parameter PreCrush to value 1

 model loaded

Gurobi Optimizer version 12.0.1 build v12.0.1rc0 (linux64 - "Debian GNU/Linux 12 (bookworm)")

CPU model: Intel(R) Xeon(R) Gold 5222 CPU @ 3.80GHz, instruction set [SSE2|AVX|AVX2|AVX512]
Thread count: 8 physical cores, 16 logical processors, using up to 1 threads

Non-default parameters:
TimeLimit  7199.051213
PreCrush  1
Threads  1

Optimize a model with 1576 rows, 937 columns and 3245 nonzeros
Model fingerprint: 0x37ee32e4
Variable types: 273 continuous, 664 integer (664 binary)
Coefficient statistics:
  Matrix range     [2e-03, 1e+00]
  Objective range  [1e+00, 1e+00]
  Bounds range     [2e-03, 6e+00]
  RHS range        [2e-03, 5e+00]
Presolve removed 1054 rows and 439 columns
Presolve time: 0.01s
Presolved: 522 rows, 498 columns, 1616 nonzeros
Variable types: 202 continuous, 296 integer (296 binary)
Found heuristic solution: objective 350.0000000
Found heuristic solution: objective 347.0000000

Root relaxation: objective 3.109757e+02, 512 iterations, 0.00 seconds (0.00 work units)

    Nodes    |    Current Node    |     Objective Bounds      |     Work
 Expl Unexpl |  Obj  Depth IntInf | Incumbent    BestBd   Gap | It/Node Time

     0     0  310.97571    0  156  347.00000  310.97571  10.4%     -    0s
H    0     0                     346.0000000  310.97571  10.1%     -    0s
H    0     0                     344.0000000  310.97571  9.60%     -    0s
elapsed CPU time: 1.3843142738511818e13 seconds
     0     0  321.35280    0  137  344.00000  321.35280  6.58%     -    0s
H    0     0                     341.0000000  321.35280  5.76%     -    0s
elapsed CPU time: 0.001237 seconds
     0     0  321.40381    0  138  341.00000  321.40381  5.75%     -    0s
elapsed CPU time: 0.000982 seconds
     0     0  321.40675    0  137  341.00000  321.40675  5.75%     -    0s
elapsed CPU time: 0.001034 seconds
     0     0  325.47416    0  124  341.00000  325.47416  4.55%     -    0s
H    0     0                     340.0000000  325.47416  4.27%     -    0s
H    0     0                     338.0000000  325.47416  3.71%     -    0s
elapsed CPU time: 0.001073 seconds
     0     0  325.57857    0  124  338.00000  325.57857  3.67%     -    0s
elapsed CPU time: 0.000968 seconds
     0     0  325.59551    0  125  338.00000  325.59551  3.67%     -    0s
elapsed CPU time: 0.000892 seconds
     0     0  325.59722    0  129  338.00000  325.59722  3.67%     -    0s
elapsed CPU time: 0.000955 seconds
     0     0  326.48747    0  108  338.00000  326.48747  3.41%     -    0s
elapsed CPU time: 0.000987 seconds
     0     0  326.59536    0   97  338.00000  326.59536  3.37%     -    0s
elapsed CPU time: 0.000935 seconds
     0     0  326.61782    0  102  338.00000  326.61782  3.37%     -    0s
elapsed CPU time: 0.000965 seconds
     0     0  326.62062    0  106  338.00000  326.62062  3.37%     -    0s
elapsed CPU time: 0.000981 seconds
     0     0  326.75000    0  102  338.00000  326.75000  3.33%     -    0s
H    0     0                     337.0000000  327.00000  2.97%     -    0s
elapsed CPU time: 0.001066 seconds
     0     0  327.00000    0   95  337.00000  327.00000  2.97%     -    0s
elapsed CPU time: 0.000967 seconds
     0     0  327.00000    0  114  337.00000  327.00000  2.97%     -    0s
H    0     0                     336.0000000  327.00000  2.68%     -    0s
elapsed CPU time: 0.00101 seconds
     0     0  327.00000    0  110  336.00000  327.00000  2.68%     -    0s
elapsed CPU time: 0.000996 seconds
     0     0  327.00000    0  113  336.00000  327.00000  2.68%     -    0s
elapsed CPU time: 0.000962 seconds
     0     0  327.20131    0   78  336.00000  327.20131  2.62%     -    0s
elapsed CPU time: 0.000976 seconds
elapsed CPU time: 0.001042 seconds
     0     2  327.20131    0   77  336.00000  327.20131  2.62%     -    0s
H   80    80                     334.0000000  327.20131  2.04%  12.3    0s
*  261   180              64     333.0000000  328.00266  1.50%  11.6    0s
* 1896   654              53     332.0000000  329.02091  0.90%  21.3    2s
  4256  1541  329.53221   26   78  332.00000  329.17205  0.85%  21.4    5s
  8560  2393  330.52467   40   72  332.00000  329.48539  0.76%  24.6   10s
 10228  2591  330.12555   28  111  332.00000  329.58214  0.73%  24.9   15s
 10345  2669  330.55733   29  106  332.00000  330.20934  0.54%  24.6   20s

Cutting planes:
  Gomory: 10
  Cover: 83
  Implied bound: 2
  Clique: 2
  MIR: 14
  StrongCG: 2
  Flow cover: 103
  GUB cover: 4
  Zero half: 9
  RLT: 2
  Relax-and-lift: 1

Explored 10384 nodes (299437 simplex iterations) in 21.24 seconds (13.68 work units)
Thread count was 1 (of 16 available processors)

Solution count 10: 332 332 333 ... 344

Optimal solution found (tolerance 1.00e-04)
Warning: max constraint violation (1.0000e-06) exceeds tolerance
Best objective 3.320000000000e+02, best bound 3.320000000000e+02, gap 0.0000%

User-callback calls 32130, time in user-callback 1.08 sec

 sepatime1.3843142738511838e13 50245 19
332.0
Stat(MathOptInterface.OPTIMAL, 332.0, 332.0, 0.0, 1.3843142738511838e13, 0.948787, 21.239965200424194, 10384, Main.CFLG.LEFPAV, "", #undef)
