Data path: /scratch/opt/lxu/CFLG/benchmarks/Kgroup_B
Instance: K400.10.con.red
Result path: /scratch/opt/lxu/CFLG/results/Kgroup_B
Solver: Gurobi
Time limit: 3600
Formulation: EFP
Cover: Small
julia --project=. src/main.jl /scratch/opt/lxu/CFLG/benchmarks/Kgroup_B K400.10.con.red /scratch/opt/lxu/CFLG/results/Kgroup_B Gurobi 3600 EFP Small
The latest version of Julia in the `release` channel is 1.11.5+0.x64.linux.gnu. You currently have `1.11.4+0.x64.linux.gnu` installed. Run:

  juliaup update

in your terminal shell to install Julia 1.11.5+0.x64.linux.gnu and update the `release` channel to that version.
/scratch/opt/lxu/CFLG/benchmarks/Kgroup_B Gurobi 3600.0 /scratch/opt/lxu/CFLG/results/Kgroup_B K400.10.con.red EFP Small
/scratch/opt/lxu/CFLG/benchmarks/Kgroup_B/K400.10.con.red

 read graph
data loaded


after absorb:220 221

max_piece:22
problem_graph/original graph: node: 2566/221 edge: 3268/923 dlt: 0.04650264726322098 break_avg_len: 0.039800029138341395 break_max_len: 0.04648678803711868elapsed CPU time: 2.617843 seconds
Set parameter TokenServer to value "solice01.zib.de"
Set parameter Threads to value 1
Set parameter OutputFlag to value 1
Set parameter MIPGap to value 0.0001
Set parameter MIPGapAbs to value 1
Set parameter TimeLimit to value 3597.382157

 more cuts:false
formulation:EFP0 3268 2566

 model loaded

Gurobi Optimizer version 12.0.1 build v12.0.1rc0 (linux64 - "Debian GNU/Linux 12 (bookworm)")

CPU model: Intel(R) Xeon(R) Gold 5122 CPU @ 3.60GHz, instruction set [SSE2|AVX|AVX2|AVX512]
Thread count: 8 physical cores, 16 logical processors, using up to 1 threads

Non-default parameters:
TimeLimit  3597.382157
MIPGapAbs  1
Threads  1

Optimize a model with 86884 rows, 54508 columns and 244554 nonzeros
Model fingerprint: 0x757e46b7
Variable types: 12370 continuous, 42138 integer (42138 binary)
Coefficient statistics:
  Matrix range     [1e-06, 1e+00]
  Objective range  [1e+00, 1e+00]
  Bounds range     [4e-03, 9e-02]
  RHS range        [4e-03, 2e+01]
Found heuristic solution: objective 3247.0000000
Presolve removed 16905 rows and 9975 columns
Presolve time: 1.22s
Presolved: 69979 rows, 44533 columns, 260341 nonzeros
Variable types: 5834 continuous, 38699 integer (38699 binary)

Root relaxation: objective 1.870004e+02, 47915 iterations, 2.88 seconds (2.05 work units)
Total elapsed time = 5.88s (DegenMoves)

    Nodes    |    Current Node    |     Objective Bounds      |     Work
 Expl Unexpl |  Obj  Depth IntInf | Incumbent    BestBd   Gap | It/Node Time

     0     0  187.00039    0 12151 3247.00000  187.00039  94.2%     -    7s
H    0     0                    3096.0000000  187.00039  94.0%     -    7s
H    0     0                    3094.0000000  187.00039  94.0%     -    7s
H    0     0                    3055.0000000  187.00039  93.9%     -    7s
H    0     0                    3046.0000000  187.00039  93.9%     -    7s
H    0     0                    3044.0000000  187.00039  93.9%     -    7s
H    0     0                    3043.0000000  187.00039  93.9%     -    7s
H    0     0                    3040.0000000  187.00039  93.8%     -    7s
H    0     0                    3013.0000000  187.00039  93.8%     -    7s
     0     0  285.27925    0 13428 3013.00000  285.27925  90.5%     -   16s
H    0     0                    2177.0000000  285.34805  86.9%     -   16s
H    0     0                    2163.0000000  285.34805  86.8%     -   16s
H    0     0                    2161.0000000  285.34805  86.8%     -   16s
     0     0  323.17258    0 14095 2161.00000  323.17258  85.0%     -   20s
     0     0  375.07713    0 15505 2161.00000  375.07713  82.6%     -   26s
     0     0  392.04067    0 16083 2161.00000  392.04067  81.9%     -   29s
     0     0  393.21504    0 16354 2161.00000  393.21504  81.8%     -   31s
     0     0  393.21636    0 16381 2161.00000  393.21636  81.8%     -   31s
     0     0  508.16409    0 12414 2161.00000  508.16409  76.5%     -   38s
H    0     0                    2160.0000000  508.16409  76.5%     -   38s
H    0     0                    2145.0000000  508.16409  76.3%     -   38s
     0     0  533.23624    0 12790 2145.00000  533.23624  75.1%     -   39s
     0     0  536.34107    0 13181 2145.00000  536.34107  75.0%     -   40s
     0     0  536.52183    0 13329 2145.00000  536.52183  75.0%     -   40s
     0     0  536.58683    0 13369 2145.00000  536.58683  75.0%     -   40s
     0     0  811.91162    0 6494 2145.00000  811.91162  62.1%     -   44s
     0     0  815.27957    0 6539 2145.00000  815.27957  62.0%     -   45s
     0     0  815.65561    0 6400 2145.00000  815.65561  62.0%     -   45s
     0     0  815.65603    0 6422 2145.00000  815.65603  62.0%     -   45s
     0     0  836.78417    0 6025 2145.00000  836.78417  61.0%     -   47s
H    0     0                    1968.0000000  836.78417  57.5%     -   47s
H    0     0                    1967.0000000  836.78417  57.5%     -   47s
H    0     0                    1966.0000000  836.78417  57.4%     -   47s
H    0     0                    1832.0000000  836.78417  54.3%     -   47s
     0     0  837.74972    0 5921 1832.00000  837.74972  54.3%     -   47s
     0     0  837.86909    0 5909 1832.00000  837.86909  54.3%     -   47s
     0     0  839.31681    0 5768 1832.00000  839.31681  54.2%     -   49s
H    0     0                    1735.0000000  839.31681  51.6%     -   49s
H    0     0                    1730.0000000  839.31681  51.5%     -   49s
     0     0  839.35198    0 5753 1730.00000  839.35198  51.5%     -   49s
     0     0  840.34273    0 5646 1730.00000  840.34273  51.4%     -   50s
H    0     0                    1516.0000000  840.34273  44.6%     -   51s
H    0     0                    1510.0000000  840.34273  44.3%     -   51s
     0     0  840.52982    0 5705 1510.00000  840.52982  44.3%     -   51s
     0     0  841.12176    0 5595 1510.00000  841.12176  44.3%     -   52s
     0     0  841.12176    0 3437 1510.00000  841.12176  44.3%     -   55s
H    0     0                    1384.0000000  841.12176  39.2%     -   56s
H    0     0                    1382.0000000  841.12176  39.1%     -   56s
H    0     0                    1378.0000000  841.12176  39.0%     -   56s
H    0     0                    1211.0000000  841.12176  30.5%     -   61s
H    0     0                    1210.0000000  841.12176  30.5%     -   61s
H    0     0                    1207.0000000  841.12176  30.3%     -   61s
H    0     0                    1206.0000000  841.12176  30.3%     -   62s
H    0     0                    1205.0000000  841.12176  30.2%     -   62s
H    0     0                    1204.0000000  841.12176  30.1%     -   62s
H    0     0                    1203.0000000  841.12176  30.1%     -   62s
H    0     0                    1202.0000000  841.12176  30.0%     -   62s
H    0     0                    1201.0000000  841.12176  30.0%     -   62s
     0     2  841.12176    0 3087 1201.00000  841.12176  30.0%     -   64s
    13    15  841.12176    9 3130 1201.00000  841.12176  30.0%   906   65s
H   26    26                    1195.0000000  841.12176  29.6%   489   65s
H   26    26                    1186.0000000  841.12176  29.1%   489   65s
H   52    52                    1177.0000000  841.12176  28.5%   298   67s
H   52    52                    1175.0000000  841.12176  28.4%   298   67s
H   78    78                    1145.0000000  841.12176  26.5%   221   71s
H  104   104                    1140.0000000  841.12176  26.2%   193   73s
H  130   130                    1139.0000000  841.12176  26.2%   171   75s
H  156   156                    1138.0000000  841.12176  26.1%   153   77s
H  156   156                    1131.0000000  841.12176  25.6%   153   79s
H  156   156                    1128.0000000  841.12176  25.4%   153   80s
H  156   156                    1126.0000000  841.12176  25.3%   153   81s
   222   224  843.39264  140 2938 1126.00000  841.12176  25.3%   127   85s
H  273   273                    1121.0000000  841.12176  25.0%   115   92s
   324   326  845.03839  207 2950 1121.00000  841.12176  25.0%   107   95s
H  378   378                    1120.0000000  841.12176  24.9%   105   98s
   405   407  845.70534  259 2990 1120.00000  841.12176  24.9%   101  100s
H  432   432                    1119.0000000  841.12176  24.8%  98.8  102s
H  459   459                    1118.0000000  841.12176  24.8%  95.3  103s
   482   484  846.54989  303 2882 1118.00000  841.12176  24.8%  93.8  105s
H  486   486                    1116.0000000  841.12176  24.6%  93.4  105s
H  540   540                    1115.0000000  841.12176  24.6%  88.5  109s
   547   549  846.62184  340 2848 1115.00000  841.12176  24.6%  87.8  110s
H  621   621                    1114.0000000  841.12176  24.5%  84.6  115s
H  648   648                    1113.0000000  841.12176  24.4%  82.0  116s
H  702   702                    1112.0000000  841.12176  24.4%  78.0  119s
   714   715  864.76542  459 2407 1112.00000  841.12176  24.4%  76.9  120s
H  783   776                    1111.0000000  841.12176  24.3%  72.5  124s
   793   788  874.99574  517 2276 1111.00000  841.12176  24.3%  71.9  125s
H  810   801                    1110.0000000  841.12176  24.2%  71.3  126s
H  864   848                    1109.0000000  841.12176  24.2%  68.4  129s
   864   850  879.02470  564 2162 1109.00000  841.12176  24.2%  68.5  130s
H  945   917                    1108.0000000  841.12176  24.1%  64.7  135s
H  972   940                    1106.0000000  841.12176  23.9%  63.6  138s
H  999   963                    1105.0000000  841.12176  23.9%  62.2  140s
H 1053  1011                    1104.0000000  841.12176  23.8%  62.3  145s
  1089  1035  844.88489  199 3437 1104.00000  841.12176  23.8%  61.4  155s
  1091  1036  847.57817  358 17055 1104.00000  841.12176  23.8%  61.3  172s
  1092  1037  843.71807  182 6286 1104.00000  841.12176  23.8%  61.2  189s
  1093  1038  904.14449  693 5450 1104.00000  841.12176  23.8%  61.2  190s
  1095  1039  866.17782  154 4571 1104.00000  866.17782  21.5%  61.1  195s
  1097  1040  869.43624  239 4323 1104.00000  869.43624  21.2%  60.9  200s
  1100  1042  904.41219  693 4585 1104.00000  873.30586  20.9%  60.8  207s
H 1101   990                    1103.0000000  875.01438  20.7%  60.7  211s
  1104   992  876.50581  150 4663 1103.00000  876.50581  20.5%  60.6  216s
H 1105   943                    1101.0000000  878.61293  20.2%  60.5  220s
  1108   945  894.87719  644 4597 1101.00000  880.31523  20.0%  60.3  225s
  1110   946  882.64939  219 4465 1101.00000  882.64939  19.8%  60.2  230s
  1112   947  884.11101  354 4422 1101.00000  884.11101  19.7%  60.1  235s
  1114   949  886.30325  534 4449 1101.00000  886.30325  19.5%  60.0  240s
  1117   951  888.39825   62 4495 1101.00000  888.39825  19.3%  59.8  246s
H 1117   903                    1100.0000000  889.65126  19.1%  59.8  252s
H 1117   858                    1099.0000000  889.65126  19.0%  59.8  253s
H 1117   814                    1098.0000000  889.65126  19.0%  59.8  254s
H 1117   773                    1097.0000000  889.65126  18.9%  59.8  254s
H 1117   734                    1096.0000000  889.65126  18.8%  59.8  254s
  1118   734  889.65126    6 4238 1096.00000  889.65126  18.8%  59.8  256s
  1120   736  890.58329   32 4320 1096.00000  890.58329  18.7%  59.7  261s
  1122   737  895.63102   65 4149 1096.00000  895.63102  18.3%  59.6  266s
  1124   738  897.57312  340 4194 1096.00000  897.57312  18.1%  59.5  271s
  1126   740  900.20897  355 4257 1096.00000  900.20897  17.9%  59.4  282s
  1128   741  901.05883   48 4354 1096.00000  901.05883  17.8%  59.3  288s
  1129   742  901.07920  617 4544 1096.00000  901.07920  17.8%  59.2  290s
  1132   744  902.63701  330 4448 1096.00000  902.63701  17.6%  59.1  297s
  1134   745  903.37658  603 4355 1096.00000  903.37658  17.6%  59.0  301s
  1137   747  904.82843  105 4809 1096.00000  904.82843  17.4%  58.8  305s
  1140   749  904.82843  645 4358 1096.00000  904.82843  17.4%  58.6  311s
  1142   750  904.82843  193 4398 1096.00000  904.82843  17.4%  58.5  315s
  1146   753  904.82843  289 4420 1096.00000  904.82843  17.4%  58.3  322s
  1151   757  904.82843  107 17049 1096.00000  904.82843  17.4%  1027  340s
  1152   758  904.82843  304 5877 1096.00000  904.82843  17.4%  1026  358s
  1153   759  904.82843  570 5418 1096.00000  904.82843  17.4%  1025  360s
  1154   759  905.23384  498 4461 1096.00000  905.23384  17.4%  1024  365s
  1157   761  905.96897  537 4204 1096.00000  905.96897  17.3%  1021  370s
  1160   763  907.43668  241 4245 1096.00000  907.43668  17.2%  1019  377s
  1162   765  908.15450  262 4273 1096.00000  908.15450  17.1%  1017  381s
  1164   766  909.12448  422 4204 1096.00000  909.12448  17.1%  1015  385s
  1167   768  909.26508   94 4117 1096.00000  909.26508  17.0%  1012  391s
  1169   769  909.56104  650 4155 1096.00000  909.56104  17.0%  1011  395s
  1171   771  910.16282  529 4335 1096.00000  910.16282  17.0%  1009  400s
  1174   773  911.34202   44 4289 1096.00000  911.34202  16.8%  1006  411s
  1176   774  911.85525  686 4127 1096.00000  911.85525  16.8%  1005  415s
H 1177   735                    1095.0000000  912.36271  16.7%  1004  421s
  1180   737  913.04832   84 4044 1095.00000  913.04832  16.6%  1001  426s
  1182   738  914.17171   94 3970 1095.00000  914.17171  16.5%  1000  434s
  1183   739  914.34479  632 4328 1095.00000  914.34479  16.5%   999  436s
  1185   740  914.62571  127 4407 1095.00000  914.62571  16.5%   997  440s
  1186   741  915.19634  274 4216 1095.00000  915.19634  16.4%   996  445s
  1188   742  915.80017  459 4315 1095.00000  915.80017  16.4%   995  450s
  1191   744  915.80017  358 4340 1095.00000  915.80017  16.4%   992  456s
  1193   745  915.80017  693 4361 1095.00000  915.80017  16.4%   990  460s
  1194   746  916.25116  231 4184 1095.00000  916.25116  16.3%   990  466s
  1196   747  917.14514  426 4258 1095.00000  917.14514  16.2%   988  472s
  1198   749  917.30882  223 4137 1095.00000  917.30882  16.2%   986  477s
  1200   750  917.58261  693 4362 1095.00000  917.58261  16.2%   985  483s
  1201   751  917.59140  433 4496 1095.00000  917.59140  16.2%   984  485s
  1204   753  918.19694  150 4440 1095.00000  918.19694  16.1%   981  493s
  1206   754  918.61947  388 4383 1095.00000  918.61947  16.1%   980  498s
  1208   755  919.05373  644 4253 1095.00000  919.05373  16.1%   978  502s
  1210   757  919.23423  219 4668 1095.00000  919.23423  16.1%   977  509s
  1211   757  919.23423  371 5020 1095.00000  919.23423  16.1%   976  510s
H 1211   718                    1094.0000000  919.34655  16.0%   976  515s
H 1213   683                    1091.0000000  919.50192  15.7%   974  525s
  1217   685  919.51038   62 4882 1091.00000  919.51038  15.7%   971  530s
  1218   686  919.53142    6 4539 1091.00000  919.53142  15.7%   970  535s
  1220   687  919.57393   32 4708 1091.00000  919.57393  15.7%   969  540s
  1222   689  919.64601   65 4344 1091.00000  919.64601  15.7%   967  545s
H 1223   654                    1089.0000000  919.66028  15.6%   966  550s
  1227   657  919.82252  434 4861 1089.00000  919.82252  15.5%   963  555s
  1228   658  920.20173   48 4484 1089.00000  920.20173  15.5%   962  560s
  1230   659  920.20173  167 4412 1089.00000  920.20173  15.5%   961  566s
  1232   660  920.20173  330 4607 1089.00000  920.20173  15.5%   959  572s
  1237   665  920.20173  105 17028 1089.00000  920.20173  15.5%  2409  590s
  1238   666  920.20173  315 5390 1089.00000  920.20173  15.5%  2407  609s
  1239   667  920.20173  544 5098 1089.00000  920.20173  15.5%  2405  611s
  1240   667  920.20173  645 4294 1089.00000  920.20173  15.5%  2403  616s
  1242   669  920.98762  193 4427 1089.00000  920.98762  15.4%  2400  620s
  1244   670  921.13528  328 4208 1089.00000  921.13528  15.4%  2396  625s
  1247   672  921.74601  327 4288 1089.00000  921.74601  15.4%  2390  630s
  1249   673  921.78266  139 4191 1089.00000  921.78266  15.4%  2386  635s
  1252   675  922.03298  304 4088 1089.00000  922.03298  15.3%  2380  643s
  1254   677  922.05067  498 4370 1089.00000  922.05067  15.3%  2377  647s
  1256   678  922.22257   21 4220 1089.00000  922.22257  15.3%  2373  651s
  1258   679  922.22804   28 4259 1089.00000  922.22804  15.3%  2369  656s
H 1259   645                    1088.0000000  922.35871  15.2%  2367  663s
  1260   646  922.35871  241 4280 1088.00000  922.35871  15.2%  2365  665s
  1263   648  922.52697  624 4525 1088.00000  922.52697  15.2%  2360  671s
  1264   648  922.52697  422 4251 1088.00000  922.52697  15.2%  2358  683s
  1266   650  922.87302  462 4147 1088.00000  922.87302  15.2%  2354  689s
  1267   650  922.87357   94 4602 1088.00000  922.87357  15.2%  2352  690s
  1268   651  923.32409  651 4241 1088.00000  923.32409  15.1%  2350  697s
  1270   652  923.92663  581 4172 1088.00000  923.92663  15.1%  2347  703s
  1271   653  924.24023  529 4420 1088.00000  924.24023  15.1%  2345  705s
  1272   654  925.00457   58 4124 1088.00000  925.00457  15.0%  2343  710s
  1275   656  925.18764   23 4539 1088.00000  925.18764  15.0%  2337  716s
  1277   657  925.23002  218 4465 1088.00000  925.23002  15.0%  2334  720s
  1278   658  925.75384  394 4159 1088.00000  925.75384  14.9%  2332  725s
  1280   659  926.34202   84 4274 1088.00000  926.34202  14.9%  2328  730s
  1282   660  926.48597   94 4194 1088.00000  926.48597  14.8%  2325  736s
H 1283   627                    1087.0000000  926.77006  14.7%  2323  743s
  1285   628  926.78113  127 4666 1087.00000  926.78113  14.7%  2319  745s
  1286   629  927.26162  274 4557 1087.00000  927.26162  14.7%  2317  751s
  1288   630  927.79844  459 4245 1087.00000  927.79844  14.6%  2314  758s
  1289   631  927.82781  199 4734 1087.00000  927.82781  14.6%  2312  760s
  1290   632  927.98657  326 4505 1087.00000  927.98657  14.6%  2310  765s
  1292   633  928.16117  182 4385 1087.00000  928.16117  14.6%  2307  772s
  1294   634  928.35620  231 4308 1087.00000  928.35620  14.6%  2303  780s
  1296   636  928.58076  426 4131 1087.00000  928.58076  14.6%  2300  789s
  1297   636  928.58076  239 4743 1087.00000  928.58076  14.6%  2298  791s
  1298   637  928.63031  223 4490 1087.00000  928.63031  14.6%  2296  798s
  1300   638  929.74918  693 4305 1087.00000  929.74918  14.5%  2293  805s
  1302   640  929.74918  658 4395 1087.00000  929.74918  14.5%  2289  812s
H 1303   607                    1086.0000000  929.74918  14.4%  2287  822s
H 1305   577                    1085.0000000  929.74918  14.3%  2284  830s
  1308   579  930.28146  644 4297 1085.00000  930.28146  14.3%  2278  837s
H 1309   549                    1082.0000000  930.32661  14.0%  2277  843s
  1311   551  930.42324  371 4669 1082.00000  930.42324  14.0%  2273  845s
  1312   551  930.43169  354 4424 1082.00000  930.43169  14.0%  2272  851s
H 1313   523                    1081.0000000  930.52642  13.9%  2270  859s
  1315   524  930.52642  566 5154 1081.00000  930.52642  13.9%  2266  861s
  1316   525  930.54735  319 4593 1081.00000  930.54735  13.9%  2265  867s
  1318   526  930.73585    6 4291 1081.00000  930.73585  13.9%  2261  874s
  1319   527  930.73585  420 4739 1081.00000  930.73585  13.9%  2259  875s
H 1319   499                    1080.0000000  930.79031  13.8%  2259  880s
  1322   501  930.79031   65 4233 1080.00000  930.79031  13.8%  2254  886s
  1324   502  930.79031  340 4483 1080.00000  930.79031  13.8%  2251  891s
  1329   507  930.79031  617 17037 1080.00000  930.79031  13.8%  3892  910s
  1330   508  930.79031  167 5577 1080.00000  930.79031  13.8%  3889  931s
  1332   509  930.79031  330 4132 1080.00000  930.79031  13.8%  3883  937s
  1334   511  930.86670  603 4106 1080.00000  930.86670  13.8%  3877  942s
  1336   512  931.07934  263 4180 1080.00000  931.07934  13.8%  3871  947s
  1338   513  931.11531  315 4110 1080.00000  931.11531  13.8%  3865  951s
  1340   515  931.19798  645 4147 1080.00000  931.19798  13.8%  3860  955s
  1342   516  931.21508  193 4254 1080.00000  931.21508  13.8%  3854  960s
  1345   518  931.31888  514 4321 1080.00000  931.31888  13.8%  3845  966s
  1347   519  931.43870  327 4355 1080.00000  931.43870  13.8%  3840  970s
  1349   521  931.95405  139 4363 1080.00000  931.95405  13.7%  3834  976s
  1351   522  931.99584  107 4554 1080.00000  931.99584  13.7%  3828  980s
  1352   523  932.64408  304 4143 1080.00000  932.64408  13.6%  3825  989s
  1353   523  932.64408  570 4358 1080.00000  932.64408  13.6%  3823  990s
  1355   525  932.64408  548 4519 1080.00000  932.64408  13.6%  3817  995s
  1356   525  932.64408   21 4328 1080.00000  932.64408  13.6%  3814 1000s
  1358   527  932.89445   28 4477 1080.00000  932.89445  13.6%  3808 1005s
  1360   528  933.16850  241 4182 1080.00000  933.16850  13.6%  3803 1013s
  1361   529  933.23231  209 4726 1080.00000  933.23231  13.6%  3800 1015s
  1363   530  933.46256  624 4508 1080.00000  933.46256  13.6%  3794 1020s
  1364   531  933.59442  422 4203 1080.00000  933.59442  13.6%  3792 1035s
  1366   532  933.73818  462 4359 1080.00000  933.73818  13.5%  3786 1040s
  1369   534  933.95828  650 4705 1080.00000  933.95828  13.5%  3778 1046s
  1371   535  933.97495  529 4493 1080.00000  933.97495  13.5%  3772 1051s
  1373   537  934.02684  338 4588 1080.00000  934.02684  13.5%  3767 1055s
  1375   538  934.02684   23 4711 1080.00000  934.02684  13.5%  3761 1060s
  1377   539  934.05387  218 4610 1080.00000  934.05387  13.5%  3756 1066s
  1378   540  934.07769  394 4272 1080.00000  934.07769  13.5%  3753 1071s
  1380   541  934.17780   84 4285 1080.00000  934.17780  13.5%  3748 1078s
  1381   542  934.17823   87 4849 1080.00000  934.17823  13.5%  3745 1080s
  1382   543  934.60376   94 4712 1080.00000  934.60376  13.5%  3742 1086s
  1384   544  934.62846  522 4372 1080.00000  934.62846  13.5%  3737 1093s
  1386   545  934.96602  274 4606 1080.00000  934.96602  13.4%  3731 1101s
  1388   547  935.05531  459 4269 1080.00000  935.05531  13.4%  3726 1107s
  1390   548  935.17079  326 4269 1080.00000  935.17079  13.4%  3721 1114s
  1391   549  935.17080  358 4831 1080.00000  935.17080  13.4%  3718 1115s
  1392   549  935.22245  182 4455 1080.00000  935.22245  13.4%  3715 1122s
  1394   551  935.26285  231 4390 1080.00000  935.26285  13.4%  3710 1129s
  1395   551  935.26988  154 5074 1080.00000  935.26988  13.4%  3707 1130s
  1396   552  935.30387  426 4428 1080.00000  935.30387  13.4%  3705 1135s
  1398   553  935.33239  223 4299 1080.00000  935.33239  13.4%  3699 1141s
  1400   555  935.33833  693 4556 1080.00000  935.33833  13.4%  3694 1146s
H 1401   526                    1078.0000000  935.36351  13.2%  3692 1152s
H 1403   500                    1077.0000000  935.49787  13.1%  3686 1164s
  1405   501  935.49787  143 4990 1077.00000  935.49787  13.1%  3681 1166s
  1406   502  935.50987  388 4363 1077.00000  935.50987  13.1%  3678 1173s
  1407   502  935.51880  609 5044 1077.00000  935.51880  13.1%  3676 1175s
  1408   503  935.61353  644 4595 1077.00000  935.61353  13.1%  3673 1181s
  1410   504  935.95392  219 4351 1077.00000  935.95392  13.1%  3668 1188s
  1412   506  936.00370  354 4447 1077.00000  936.00370  13.1%  3663 1194s
  1413   506  936.00370  108 4921 1077.00000  936.00370  13.1%  3660 1195s
H 1413   479                    1076.0000000  936.00583  13.0%  3660 1201s
  1416   481  936.30364  319 4360 1076.00000  936.30364  13.0%  3652 1208s
  1417   482  936.33518   62 5042 1076.00000  936.33518  13.0%  3650 1210s
  1418   483  936.49391    6 4378 1076.00000  936.49391  13.0%  3647 1217s
  1420   484  936.49391   32 4528 1076.00000  936.49391  13.0%  3642 1230s
  1422   485  936.52457   65 4244 1076.00000  936.52457  13.0%  3637 1238s
  1424   487  936.76665  340 4683 1076.00000  936.76665  12.9%  3632 1246s
  1426   488  936.78596  355 4362 1076.00000  936.78596  12.9%  3627 1254s
  1427   489  936.79768  434 5139 1076.00000  936.79768  12.9%  3624 1255s
  1428   489  937.02721   48 4404 1076.00000  937.02721  12.9%  3622 1261s
  1430   491  937.16605  167 4662 1076.00000  937.16605  12.9%  3617 1268s
  1432   492  937.18703  330 4426 1076.00000  937.18703  12.9%  3612 1273s
  1434   493  937.19668  603 4383 1076.00000  937.19668  12.9%  3607 1279s
  1435   494  937.19668  368 5051 1076.00000  937.19668  12.9%  3604 1280s
  1437   495  937.19668  105 5450 1076.00000  937.19668  12.9%  3599 1285s
  1438   496  937.19668  315 4714 1076.00000  937.19668  12.9%  3597 1290s
  1443   500  937.19668  145 17001 1076.00000  937.19668  12.9%  5513 1309s
  1444   501  937.19668  328 5478 1076.00000  937.19668  12.9%  5509 1327s
  1446   502  937.19668  289 4138 1076.00000  937.19668  12.9%  5502 1335s
  1448   504  937.31810    6 4069 1076.00000  937.31810  12.9%  5494 1340s
  1450   505  937.76867  506 4322 1076.00000  937.76867  12.8%  5486 1345s
  1453   507  937.76867  570 4219 1076.00000  937.76867  12.8%  5475 1350s
  1455   508  937.76867  548 4318 1076.00000  937.76867  12.8%  5468 1355s
  1457   510  938.29023  537 4434 1076.00000  938.29023  12.8%  5460 1361s
  1458   510  938.29023   28 4150 1076.00000  938.29023  12.8%  5456 1365s
  1461   512  938.33913  209 4433 1076.00000  938.33913  12.8%  5445 1371s
  1463   514  938.60504  624 4649 1076.00000  938.60504  12.8%  5438 1376s
  1464   514  938.74112  422 4330 1076.00000  938.74112  12.8%  5434 1381s
  1466   516  938.77500  462 4192 1076.00000  938.77500  12.8%  5427 1392s
  1468   517  938.84142  651 4144 1076.00000  938.84142  12.7%  5419 1397s
  1470   518  938.90808  581 4153 1076.00000  938.90808  12.7%  5412 1405s
  1472   520  939.44142   58 4199 1076.00000  939.44142  12.7%  5404 1411s
  1474   521  939.87167   44 4293 1076.00000  939.87167  12.7%  5397 1419s
  1475   522  939.96369   23 4571 1076.00000  939.96369  12.6%  5393 1420s
  1476   522  940.14166  686 4132 1076.00000  940.14166  12.6%  5390 1425s
  1478   524  940.26173  394 4261 1076.00000  940.26173  12.6%  5382 1448s
  1479   524  940.26229  134 4766 1076.00000  940.26229  12.6%  5379 1450s
  1480   525  940.32476   84 4303 1076.00000  940.32476  12.6%  5375 1455s
  1482   526  940.34422   94 4216 1076.00000  940.34422  12.6%  5368 1461s
  1484   528  940.41695  522 4363 1076.00000  940.41695  12.6%  5361 1467s
  1486   529  940.46024  274 4312 1076.00000  940.46024  12.6%  5354 1473s
  1487   530  940.46024  143 4657 1076.00000  940.46024  12.6%  5350 1475s
  1489   531  940.56024  199 4758 1076.00000  940.56024  12.6%  5343 1481s
  1490   532  940.65157  326 4323 1076.00000  940.65157  12.6%  5339 1485s
  1492   533  940.65157  182 4214 1076.00000  940.65157  12.6%  5332 1491s
  1494   534  940.65157  231 4312 1076.00000  940.65157  12.6%  5325 1497s
  1496   536  940.65157  426 4596 1076.00000  940.65157  12.6%  5318 1506s
  1498   537  940.78176  223 4675 1076.00000  940.78176  12.6%  5311 1513s
  1499   538  940.78176  358 5135 1076.00000  940.78176  12.6%  5307 1515s
  1500   538  940.82808  693 4385 1076.00000  940.82808  12.6%  5304 1520s
  1502   540  941.33758  658 4340 1076.00000  941.33758  12.5%  5296 1527s
  1504   541  941.34119  150 4367 1076.00000  941.34119  12.5%  5289 1534s
  1505   542  941.34119  143 4791 1076.00000  941.34119  12.5%  5286 1535s
  1506   542  941.34148  388 4364 1076.00000  941.34148  12.5%  5282 1540s
  1508   544  941.47010  644 4251 1076.00000  941.47010  12.5%  5275 1547s
  1510   545  941.64663  219 4346 1076.00000  941.64663  12.5%  5268 1553s
  1512   546  941.66966  354 4636 1076.00000  941.66966  12.5%  5261 1560s
  1514   548  941.73556  534 4144 1076.00000  941.73556  12.5%  5255 1567s
  1516   549  942.03389  319 4602 1076.00000  942.03389  12.5%  5248 1577s
  1518   550  942.03501    6 4326 1076.00000  942.03501  12.5%  5241 1585s
  1520   552  942.06404   32 4308 1076.00000  942.06404  12.4%  5234 1591s
  1522   553  942.07766   65 4584 1076.00000  942.07766  12.4%  5227 1598s
  1523   554  942.10262  522 5079 1076.00000  942.10262  12.4%  5223 1600s
  1524   554  942.11516  340 4435 1076.00000  942.11516  12.4%  5220 1606s
  1526   556  942.12811  355 4397 1076.00000  942.12811  12.4%  5213 1612s
  1528   557  942.26631   48 4620 1076.00000  942.26631  12.4%  5206 1620s
  1530   558  942.26631  167 4668 1076.00000  942.26631  12.4%  5200 1628s
  1532   560  942.34290  330 4676 1076.00000  942.34290  12.4%  5193 1638s
  1533   560  942.36069  521 5208 1076.00000  942.36069  12.4%  5189 1640s
  1534   561  942.86217  603 4311 1076.00000  942.86217  12.4%  5186 1650s
  1536   562  942.86217  263 4714 1076.00000  942.86217  12.4%  5179 1659s
  1537   563  942.86217  105 5169 1076.00000  942.86217  12.4%  5176 1661s
  1538   564  942.86217  315 4627 1076.00000  942.86217  12.4%  5173 1667s
  1540   565  942.86217  645 4321 1076.00000  942.86217  12.4%  5166 1675s
  1542   566  942.86217  193 4481 1076.00000  942.86217  12.4%  5159 1681s
  1547   571  942.86217  327 16995 1076.00000  942.86217  12.4%  6845 1700s
  1548   572  942.86217    6 5229 1076.00000  942.86217  12.4%  6841 1724s
  1549   573  942.86217  139 5223 1076.00000  942.86217  12.4%  6837 1726s
  1550   573  942.86217  506 4131 1076.00000  942.86217  12.4%  6832 1732s
  1552   575  942.86217  304 4201 1076.00000  942.86217  12.4%  6823 1738s
  1554   576  942.86217  498 4272 1076.00000  942.86217  12.4%  6815 1743s
  1556   577  942.86217   21 4230 1076.00000  942.86217  12.4%  6806 1748s
  1558   579  942.86217   28 4168 1076.00000  942.86217  12.4%  6797 1755s
  1560   580  942.86217  241 4341 1076.00000  942.86217  12.4%  6788 1760s
  1562   581  942.86217  262 4288 1076.00000  942.86217  12.4%  6780 1765s
  1564   583  942.86217  422 4182 1076.00000  942.86217  12.4%  6771 1770s
  1566   584  942.86217  462 4177 1076.00000  942.86217  12.4%  6762 1775s
  1569   586  942.86217  650 4441 1076.00000  942.86217  12.4%  6749 1781s
  1570   587  942.86217  581 4157 1076.00000  942.86217  12.4%  6745 1790s
  1572   588  942.92335   58 4261 1076.00000  942.92335  12.4%  6737 1795s
  1574   589  943.02755   44 4118 1076.00000  943.02755  12.4%  6728 1802s
  1576   591  943.14402  686 3989 1076.00000  943.14402  12.3%  6719 1808s
  1577   591  943.14402  218 4525 1076.00000  943.14402  12.3%  6715 1810s
  1579   593  943.29124  134 4354 1076.00000  943.29124  12.3%  6707 1816s
  1581   594  943.31288   87 4443 1076.00000  943.31288  12.3%  6698 1821s
  1582   595  943.32867   94 4165 1076.00000  943.32867  12.3%  6694 1825s
  1584   596  943.48618  522 4197 1076.00000  943.48618  12.3%  6686 1832s
  1586   597  944.02464  274 4089 1076.00000  944.02464  12.3%  6677 1838s
  1588   599  944.09951  459 4214 1076.00000  944.09951  12.3%  6669 1842s
  1590   600  944.40854  326 4250 1076.00000  944.40854  12.2%  6660 1859s
  1591   601  944.40854  358 4603 1076.00000  944.40854  12.2%  6656 1860s
  1592   601  944.40854  182 4126 1076.00000  944.40854  12.2%  6652 1865s
  1594   603  944.40854  231 4089 1076.00000  944.40854  12.2%  6644 1872s
  1596   604  944.54243  426 3959 1076.00000  944.54243  12.2%  6635 1877s
  1598   605  944.62719  223 4288 1076.00000  944.62719  12.2%  6627 1884s
  1599   606  944.62719  358 4837 1076.00000  944.62719  12.2%  6623 1885s
  1600   607  944.63243  693 4159 1076.00000  944.63243  12.2%  6619 1890s
  1602   608  944.64562  658 4358 1076.00000  944.64562  12.2%  6610 1895s
  1604   609  944.69633  150 4254 1076.00000  944.69633  12.2%  6602 1902s
  1606   611  944.71809  388 4191 1076.00000  944.71809  12.2%  6594 1908s
  1607   611  944.71809  609 4433 1076.00000  944.71809  12.2%  6590 1910s
  1609   613  944.71809  667 4449 1076.00000  944.71809  12.2%  6582 1915s
  1610   613  944.79671  219 4425 1076.00000  944.79671  12.2%  6578 1921s
  1612   615  944.79671  354 4135 1076.00000  944.79671  12.2%  6569 1927s
  1614   616  944.80193  534 4178 1076.00000  944.80193  12.2%  6561 1933s
  1615   617  944.80193  566 4735 1076.00000  944.80193  12.2%  6557 1935s
  1617   618  944.80193   62 4557 1076.00000  944.80193  12.2%  6549 1941s
  1618   619  944.80376    6 4191 1076.00000  944.80376  12.2%  6545 1947s
  1620   620  944.80376   32 4430 1076.00000  944.80376  12.2%  6537 1953s
  1621   621  944.81804  171 4021 1076.00000  944.81804  12.2%  6533 1956s
H 1621   588                    1075.0000000  944.81804  12.1%  6533 1962s
  1623   591  944.98233   73 4023 1075.00000  944.90982  12.1%  7560 1968s
  1631   596  946.14900   77 4002 1075.00000  945.08602  12.1%  7523 1970s
  1648   608  948.49318   85 3939 1075.00000  945.08602  12.1%  7446 1977s
  1653   610  948.86870   88 3976 1075.00000  945.08602  12.1%  7424 1980s
  1689   633  950.97214  106 3991 1075.00000  945.08602  12.1%  7267 1985s
  1717   652  953.69621  120 3961 1075.00000  945.08602  12.1%  7149 1990s
  1741   668  953.48580  132 3989 1075.00000  945.08602  12.1%  7052 1995s
  1769   686  955.27342  146 3992 1075.00000  945.08602  12.1%  6942 2003s
  1784   696  954.96302  154 4022 1075.00000  945.08602  12.1%  6885 2005s
  1830   727  957.39599  177 3958 1075.00000  945.08602  12.1%  6714 2010s
  1867   752  959.13799  195 3857 1075.00000  945.08602  12.1%  6583 2015s
  1898   772  960.86502  211 3828 1075.00000  945.08602  12.1%  6477 2020s
  1937   798  961.71451  230 3858 1075.00000  945.08602  12.1%  6349 2025s
  1975   824  962.88343  249 3836 1075.00000  945.08602  12.1%  6228 2032s
  1996   838  963.44529  260 3792 1075.00000  945.08602  12.1%  6164 2035s
  2027   858  964.57324  275 3742 1075.00000  945.08602  12.1%  6071 2040s
  2064   883  966.07532  294 3643 1075.00000  945.08602  12.1%  5964 2045s
  2098   904  966.94964  311 3621 1075.00000  945.08602  12.1%  5869 2050s
  2132   924  967.93584  328 3535 1075.00000  945.08602  12.1%  5777 2055s
  2162   942  969.03306  343 3488 1075.00000  945.08602  12.1%  5698 2060s
  2166   945  969.55503  345 3465 1075.00000  945.08602  12.1%  5687 2076s
  2189   960  971.95672  356 3479 1075.00000  945.08602  12.1%  5629 2080s
  2217   978  972.81215  370 3418 1075.00000  945.08602  12.1%  5559 2085s
  2252  1001  976.21194  388 3336 1075.00000  945.08602  12.1%  5474 2090s
  2297  1024  979.02356  411 3205 1075.00000  945.08602  12.1%  5369 2096s
  2333  1041  982.90449  430 3163 1075.00000  945.08602  12.1%  5286 2100s
  2376  1070  983.40415  452 3119 1075.00000  945.08602  12.1%  5192 2105s
  2422  1101  984.52894  475 3068 1075.00000  945.08602  12.1%  5094 2110s
  2459  1125  984.25665  493 3224 1075.00000  945.08602  12.1%  5019 2115s
  2503  1155  985.19515  515 3021 1075.00000  945.08602  12.1%  4932 2120s
  2545  1181  985.94577  536 2999 1075.00000  945.08602  12.1%  4852 2125s
  2589  1208  986.58740  558 2946 1075.00000  945.08602  12.1%  4770 2130s
  2623  1229  989.23256  575 2937 1075.00000  945.08602  12.1%  4709 2135s
  2665  1257  990.07039  596 2932 1075.00000  945.08602  12.1%  4635 2140s
  2702  1281  991.23256  615 2942 1075.00000  945.08602  12.1%  4573 2145s
  2745  1310  991.30560  636 2951 1075.00000  945.08602  12.1%  4502 2150s
  2782  1335  991.32306  655 2958 1075.00000  945.08602  12.1%  4443 2155s
  2813  1353  991.35771  670 2888 1075.00000  945.08602  12.1%  4395 2160s
  2864  1387  991.44155  696 2926 1075.00000  945.08602  12.1%  4319 2166s
  2894  1407  992.39152  711 2895 1075.00000  945.08602  12.1%  4276 2170s
  2935  1435  993.39152  731 2939 1075.00000  945.08602  12.1%  4218 2175s
  2958  1450  993.39152  743 2905 1075.00000  945.08602  12.1%  4187 2184s
  2969  1457  993.39152  748 2872 1075.00000  945.08602  12.1%  4171 2185s
  2997  1476  994.68893  762 2884 1075.00000  945.08602  12.1%  4133 2190s
  3026  1495  994.68893  777 2854 1075.00000  945.08602  12.1%  4094 2195s
  3055  1515  995.68893  791 2838 1075.00000  945.08602  12.1%  4056 2200s
  3107  1549  999.26840  817 2822 1075.00000  945.08602  12.1%  3989 2206s
  3139  1570 1000.26840  834 2791 1075.00000  945.08602  12.1%  3948 2210s
H 3161  1551                    1074.0000000  945.08602  12.0%  3922 2214s
  3167  1557 1000.47896  848 2805 1074.00000  945.08602  12.0%  3915 2215s
H 3188  1540                    1073.0000000  945.08602  11.9%  3890 2219s
  3195  1547 1001.45920  862 2811 1073.00000  945.08602  11.9%  3881 2220s
  3228  1576 1002.49396  878 2775 1073.00000  945.08602  11.9%  3842 2225s
  3269  1617 1002.88361  899 2754 1073.00000  945.08602  11.9%  3795 2232s
  3295  1643 1004.43617  912 2757 1073.00000  945.08602  11.9%  3766 2235s
  3323  1669 1005.71102  926 2721 1073.00000  945.08602  11.9%  3736 2240s
  3362  1708 1007.38478  946 2675 1073.00000  945.08602  11.9%  3693 2245s
  3404  1750 1007.53660  967 2696 1073.00000  945.08602  11.9%  3648 2251s
  3431  1777 1008.43657  980 2695 1073.00000  945.08602  11.9%  3620 2255s
  3473  1819 1010.67403 1001 2634 1073.00000  945.08602  11.9%  3576 2260s
  3507  1853 1010.78510 1018 2650 1073.00000  945.08602  11.9%  3542 2265s
  3548  1894 1011.53432 1039 2579 1073.00000  945.08602  11.9%  3502 2270s
  3589  1935 1012.51175 1059 2650 1073.00000  945.08602  11.9%  3465 2275s
  3620  1964 1014.25348 1075 2523 1073.00000  945.08602  11.9%  3435 2280s
  3621  1965 1014.25348 1075 2530 1073.00000  945.08602  11.9%  3434 2289s
  3623  1967 1015.10012 1076 2508 1073.00000  945.08602  11.9%  3432 2290s
  3674  2018 1015.25348 1102 2514 1073.00000  945.08602  11.9%  3386 2296s
  3702  2046 1015.25861 1116 2512 1073.00000  945.08602  11.9%  3362 2300s
  3749  2093 1016.76390 1139 2493 1073.00000  945.08602  11.9%  3321 2305s
  3782  2126 1016.57806 1156 2522 1073.00000  945.08602  11.9%  3292 2310s
  3823  2167 1017.80431 1176 2453 1073.00000  945.08602  11.9%  3257 2315s
  3856  2200 1017.58880 1193 2480 1073.00000  945.08602  11.9%  3230 2320s
  3890  2234 1017.70051 1210 2438 1073.00000  945.08602  11.9%  3202 2325s
H 3941  2283                    1072.0000000  945.08602  11.8%  3161 2335s
  3944  2288 1019.11910 1237 2429 1072.00000  945.08602  11.8%  3158 2340s
  3979  2323 1020.09013 1254 2421 1072.00000  945.08602  11.8%  3131 2345s
  4025  2369 1020.62782 1277 2404 1072.00000  945.08602  11.8%  3096 2353s
  4041  2385 1020.75692 1285 2341 1072.00000  945.08602  11.8%  3084 2355s
  4079  2423 1021.94269 1304 2303 1072.00000  945.08602  11.8%  3055 2360s
  4133  2477 1022.27948 1331 2217 1072.00000  945.08602  11.8%  3016 2365s
  4187  2531 1022.44043 1358 2192 1072.00000  945.08602  11.8%  2978 2370s
  4240  2584 1022.66741 1385 2138 1072.00000  945.08602  11.8%  2941 2375s
  4289  2633 1025.54995 1409 2124 1072.00000  945.08602  11.8%  2908 2380s
  4335  2679 1025.87736 1432 2129 1072.00000  945.08602  11.8%  2878 2385s
  4400  2744 1028.91088 1465 2121 1072.00000  945.08602  11.8%  2836 2390s
  4454  2798 1029.67935 1492 2121 1072.00000  945.08602  11.8%  2802 2395s
  4505  2846 1032.49179 1518 2110 1072.00000  945.08602  11.8%  2770 2400s
  4563  2902 1034.37990 1547 2050 1072.00000  945.08602  11.8%  2736 2405s
  4610  2947 1037.17887 1571 1992 1072.00000  945.08602  11.8%  2708 2410s
  4667  3004 1038.17943 1600 1957 1072.00000  945.08602  11.8%  2675 2426s
  4695  3032 1038.13013 1614 1946 1072.00000  945.08602  11.8%  2660 2430s
  4732  3069 1038.97215 1632 1921 1072.00000  945.08602  11.8%  2639 2435s
  4797  3132 1039.76905 1665 1866 1072.00000  945.08602  11.8%  2603 2440s
  4856  3185 1043.16565 1694 1812 1072.00000  945.08602  11.8%  2572 2445s
  4902  3231 1045.16986 1717 1836 1072.00000  945.08602  11.8%  2548 2450s
  4924  3253 1044.95136 1728 1799 1072.00000  945.08602  11.8%  2537 2461s
  4944  3273 1045.84851 1738 1792 1072.00000  945.08602  11.8%  2527 2465s
  5007  3334 1049.27428 1770 1746 1072.00000  945.08602  11.8%  2495 2470s
  5060  3387 1051.21702 1796 1660 1072.00000  945.08602  11.8%  2470 2475s
  5101  3428 1051.36108 1817 1603 1072.00000  945.08602  11.8%  2450 2481s
  5141  3468 1053.77043 1837 1590 1072.00000  945.08602  11.8%  2431 2485s
  5201  3528 1057.01097 1867 1499 1072.00000  945.08602  11.8%  2403 2490s
  5259  3586 1059.98779 1896 1484 1072.00000  945.08602  11.8%  2377 2495s
  5319  3646 1062.37384 1926 1419 1072.00000  945.08602  11.8%  2351 2500s
  5375  3701 1063.91052 1954 1415 1072.00000  945.08602  11.8%  2327 2505s
  5428  3753 1065.70745 1981 1358 1072.00000  945.08602  11.8%  2304 2510s
  5497  3822 1068.53193 2015 1347 1072.00000  945.08602  11.8%  2275 2516s
  5551  3845     cutoff 2032      1072.00000  945.08602  11.8%  2254 2520s
  5594  3869  947.49240   88 4543 1072.00000  945.58602  11.8%  2238 2525s
  5643  3918  951.92594  113 4531 1072.00000  945.58602  11.8%  2219 2530s
  5671  3946  952.91244  127 4497 1072.00000  945.58602  11.8%  2209 2535s
  5723  3998  956.19864  153 4320 1072.00000  945.58602  11.8%  2189 2540s
  5772  4047  958.15698  177 4337 1072.00000  945.58602  11.8%  2171 2545s
  5812  4087  959.42759  197 4272 1072.00000  945.58602  11.8%  2157 2550s
  5843  4118  960.75916  213 4313 1072.00000  945.58602  11.8%  2146 2555s
  5889  4164  962.23678  236 4309 1072.00000  945.58602  11.8%  2130 2560s
  5907  4182  962.82012  245 4232 1072.00000  945.58602  11.8%  2124 2574s
  5908  4183  963.25501  245 4243 1072.00000  945.58602  11.8%  2124 2576s
  5943  4218  964.13503  263 4216 1072.00000  945.58602  11.8%  2112 2580s
  5978  4253  965.45671  280 4171 1072.00000  945.58602  11.8%  2100 2585s
  6012  4287  966.56461  297 4181 1072.00000  945.58602  11.8%  2088 2613s
  6017  4292  965.98140  300 4219 1072.00000  945.58602  11.8%  2087 2615s
  6054  4329  967.88728  318 4250 1072.00000  945.58602  11.8%  2075 2620s
  6097  4372  968.35943  340 4290 1072.00000  945.58602  11.8%  2061 2625s
  6130  4405  968.58014  356 4169 1072.00000  945.58602  11.8%  2050 2630s
  6171  4446  969.04933  377 4134 1072.00000  945.58602  11.8%  2037 2635s
  6205  4480  969.18813  394 4202 1072.00000  945.58602  11.8%  2026 2640s
  6235  4510  970.71152  409 4178 1072.00000  945.58602  11.8%  2017 2645s
  6275  4550  972.10153  429 4066 1072.00000  945.58602  11.8%  2004 2650s
  6315  4590  973.30620  449 4006 1072.00000  945.58602  11.8%  1993 2656s
  6351  4622  974.88669  466 4005 1072.00000  945.58602  11.8%  1982 2660s
  6401  4670  978.24641  491 3879 1072.00000  945.58602  11.8%  1967 2665s
  6452  4721  980.00306  517 3822 1072.00000  945.58602  11.8%  1952 2670s
  6477  4746  981.76640  529 3758 1072.00000  945.58602  11.8%  1945 2675s
  6530  4797  984.21374  556 3707 1072.00000  945.58602  11.8%  1930 2680s
  6581  4848  984.94251  582 3731 1072.00000  945.58602  11.8%  1915 2685s
  6623  4890  985.27220  603 3740 1072.00000  945.58602  11.8%  1904 2690s
  6664  4931  986.38018  623 3716 1072.00000  945.58602  11.8%  1892 2695s
  6708  4975  986.61689  645 3705 1072.00000  945.58602  11.8%  1880 2700s
  6750  5017  989.04713  666 3645 1072.00000  945.58602  11.8%  1869 2705s
  6793  5058  993.65058  688 3512 1072.00000  945.58602  11.8%  1858 2710s
  6844  5109  993.00743  714 3533 1072.00000  945.58602  11.8%  1845 2715s
  6890  5155  995.16497  737 3443 1072.00000  945.58602  11.8%  1833 2736s
  6909  5174  995.93317  746 3412 1072.00000  945.58602  11.8%  1828 2740s
  6946  5211  996.68316  765 3365 1072.00000  945.58602  11.8%  1819 2745s
  6992  5257  998.60229  788 3289 1072.00000  945.58602  11.8%  1808 2750s
  7026  5291  998.60284  805 3284 1072.00000  945.58602  11.8%  1799 2755s
  7071  5336  999.37541  827 3271 1072.00000  945.58602  11.8%  1788 2760s
  7112  5377 1000.83912  848 3270 1072.00000  945.58602  11.8%  1779 2765s
  7141  5406 1001.30909  862 3266 1072.00000  945.58602  11.8%  1772 2770s
  7190  5455 1004.48376  887 3163 1072.00000  945.58602  11.8%  1760 2775s
  7245  5510 1006.43881  914 3155 1072.00000  945.58602  11.8%  1748 2780s
  7290  5554 1007.31127  937 3107 1072.00000  945.58602  11.8%  1737 2785s
  7336  5598 1008.84823  960 2939 1072.00000  945.58602  11.8%  1727 2790s
  7392  5654 1010.95899  988 2872 1072.00000  945.58602  11.8%  1714 2795s
  7437  5699 1011.40877 1011 2807 1072.00000  945.58602  11.8%  1704 2800s
  7476  5736 1012.23565 1030 2788 1072.00000  945.58602  11.8%  1696 2805s
  7538  5797 1012.65264 1061 2815 1072.00000  945.58602  11.8%  1682 2810s
  7584  5843 1013.32214 1084 2754 1072.00000  945.58602  11.8%  1672 2815s
  7637  5896 1014.57396 1111 2724 1072.00000  945.58602  11.8%  1661 2820s
  7683  5942 1014.96588 1134 2734 1072.00000  945.58602  11.8%  1651 2825s
  7735  5994 1015.82101 1160 2697 1072.00000  945.58602  11.8%  1640 2830s
  7787  6044 1019.19950 1186 2676 1072.00000  945.58602  11.8%  1630 2835s
  7840  6095 1019.16749 1212 2610 1072.00000  945.58602  11.8%  1619 2840s
  7891  6146 1019.64642 1238 2565 1072.00000  945.58602  11.8%  1609 2845s
  7944  6199 1019.77907 1264 2554 1072.00000  945.58602  11.8%  1598 2850s
  7996  6249 1021.12145 1290 2474 1072.00000  945.58602  11.8%  1588 2855s
  8049  6302 1022.02710 1317 2464 1072.00000  945.58602  11.8%  1578 2860s
  8087  6340 1022.65286 1336 2432 1072.00000  945.58602  11.8%  1571 2865s
  8152  6403 1024.36918 1368 2426 1072.00000  945.58602  11.8%  1559 2870s
  8215  6466 1025.19383 1400 2381 1072.00000  945.58602  11.8%  1547 2875s
  8268  6518 1026.53752 1426 2413 1072.00000  945.58602  11.8%  1538 2880s
  8302  6552 1026.67112 1443 2401 1072.00000  945.58602  11.8%  1532 2885s
  8360  6610 1026.71297 1472 2371 1072.00000  945.58602  11.8%  1521 2890s
  8420  6670 1028.73672 1502 2309 1072.00000  945.58602  11.8%  1511 2895s
  8467  6717 1028.78309 1526 2299 1072.00000  945.58602  11.8%  1503 2900s
  8531  6781 1029.04260 1558 2258 1072.00000  945.58602  11.8%  1492 2906s
  8580  6830 1030.15436 1582 2211 1072.00000  945.58602  11.8%  1484 2910s
  8621  6870 1029.62985 1603 2237 1072.00000  945.58602  11.8%  1477 2915s
  8686  6934 1031.27361 1636 2165 1072.00000  945.58602  11.8%  1467 2920s
  8736  6982 1032.49700 1661 2087 1072.00000  945.58602  11.8%  1459 2941s
  8765  7011 1033.51762 1675 2091 1072.00000  945.58602  11.8%  1454 2945s
  8805  7051 1034.16078 1695 2119 1072.00000  945.58602  11.8%  1447 2950s
  8852  7096 1034.75444 1719 2096 1072.00000  945.58602  11.8%  1440 2955s
  8902  7146 1037.80208 1744 2068 1072.00000  945.58602  11.8%  1432 2960s
  8961  7201 1038.71163 1774 2046 1072.00000  945.58602  11.8%  1423 2965s
  8995  7235 1040.07510 1791 2028 1072.00000  945.58602  11.8%  1418 2970s
  9059  7299 1043.77305 1823 1959 1072.00000  945.58602  11.8%  1408 2975s
  9127  7366 1047.22112 1857 1891 1072.00000  945.58602  11.8%  1398 2980s
  9183  7420 1048.27121 1885 1887 1072.00000  945.58602  11.8%  1389 2985s
  9237  7474 1050.79280 1912 1843 1072.00000  945.58602  11.8%  1381 2990s
  9283  7518 1053.71836 1935 1765 1072.00000  945.58602  11.8%  1375 2995s
  9353  7586 1056.53862 1971 1740 1072.00000  945.58602  11.8%  1365 3000s
  9381  7614 1057.26067 1985 1665 1072.00000  945.58602  11.8%  1361 3005s
  9452  7685 1060.40752 2021 1635 1072.00000  945.58602  11.8%  1351 3010s
  9514  7747 1062.31621 2052 1643 1072.00000  945.58602  11.8%  1342 3015s
  9562  7793 1063.12241 2076 1652 1072.00000  945.58602  11.8%  1335 3020s
  9628  7855 1066.18148 2110 1585 1072.00000  945.58602  11.8%  1326 3025s
  9686  7908 1069.67043 2139 1486 1072.00000  945.58602  11.8%  1319 3030s
  9743  7934  946.36779   88 4525 1072.00000  945.59968  11.8%  1312 3035s
  9759  7950  949.21321   96 4549 1072.00000  945.59968  11.8%  1310 3040s
  9812  8003  955.07908  123 4276 1072.00000  945.59968  11.8%  1303 3045s
  9839  8030  955.71718  136 4251 1072.00000  945.59968  11.8%  1299 3063s
  9840  8031  955.71718  137 4255 1072.00000  945.59968  11.8%  1299 3065s
  9879  8070  959.43181  156 4164 1072.00000  945.59968  11.8%  1295 3070s
  9922  8113  961.37797  178 4182 1072.00000  945.59968  11.8%  1290 3075s
  9967  8158  964.50982  200 4120 1072.00000  945.59968  11.8%  1284 3080s
 10008  8199  966.96803  221 4031 1072.00000  945.59968  11.8%  1279 3085s
 10056  8247  968.19114  245 3963 1072.00000  945.59968  11.8%  1274 3091s
 10092  8283  970.57312  263 3926 1072.00000  945.59968  11.8%  1269 3095s
 10141  8332  972.01345  287 3882 1072.00000  945.59968  11.8%  1264 3100s
 10184  8375  973.08747  309 3812 1072.00000  945.59968  11.8%  1259 3105s
 10203  8393 1026.53752 1424 3437 1072.00000  945.59968  11.8%  1256 3365s
 10205  8394  998.89065  805 17045 1072.00000  945.59968  11.8%  1256 3386s
 10206  8395  991.59101  638 4986 1072.00000  945.59968  11.8%  1256 3407s
 10208  8396 1029.04260 1564 4028 1072.00000  945.59968  11.8%  1256 3418s
 10209  8397 1014.41403 1109 4442 1072.00000  945.59968  11.8%  1256 3424s
 10210  8398  955.92805  129 4239 1072.00000  946.71799  11.7%  1256 3434s
 10211  8398 1067.05083 1987 4399 1072.00000  946.80459  11.7%  1255 3439s
 10212  8399 1016.04374 1171 4256 1072.00000  947.16613  11.6%  1255 3448s
 10213  8400  951.96586  106 4544 1072.00000  947.20419  11.6%  1255 3454s
 10214  8400 1011.59124 1021 4522 1072.00000  947.46587  11.6%  1255 3463s
 10215  8401 1041.33152 1680 4753 1072.00000  947.48505  11.6%  1255 3469s
 10216  8402 1035.99421 1561 4211 1072.00000  947.75964  11.6%  1255 3479s
 10217  8402  966.77619  303 4473 1072.00000  947.76193  11.6%  1255 3485s
 10218  8403 1051.35908 1817 4445 1072.00000  947.97509  11.6%  1255 3495s
 10219  8404  963.60926  251 4775 1072.00000  947.97510  11.6%  1254 3501s
 10220  8404 1030.60688 1488 4291 1072.00000  948.26668  11.5%  1254 3510s
 10222  8406  964.13503  264 4596 1072.00000  948.26668  11.5%  1254 3515s
 10223  8406 1031.68509 1512 4302 1072.00000  948.32226  11.5%  1254 3523s
 10225  8408  948.91455   95 4512 1072.00000  948.32226  11.5%  1254 3529s
 10226  8408  985.19515  510 4109 1072.00000  948.46673  11.5%  1254 3538s
 10227  8409  972.44731  301 4473 1072.00000  948.46673  11.5%  1253 3544s
 10228  8410 1058.91905 2006 4049 1072.00000  948.46673  11.5%  1253 3552s
 10229  8410  953.17594  113 4412 1072.00000  948.46673  11.5%  1253 3558s
 10230  8411  981.65882  428 4092 1072.00000  948.46673  11.5%  1253 3572s
 10231  8412  996.68893  803 4388 1072.00000  948.46673  11.5%  1253 3578s
 10232  8412 1044.95136 1726 4365 1072.00000  948.46673  11.5%  1253 3586s
 10233  8413  997.87029  786 4388 1072.00000  948.46673  11.5%  1253 3592s

Cutting planes:
  Gomory: 167
  Cover: 1497
  Implied bound: 251
  Clique: 12
  MIR: 1659
  Mixing: 22
  StrongCG: 52
  Flow cover: 5480
  GUB cover: 969
  Zero half: 3404
  Mod-K: 4
  RLT: 533
  Relax-and-lift: 394
  BQP: 5

Explored 10233 nodes (13944259 simplex iterations) in 3597.49 seconds (2606.95 work units)
Thread count was 1 (of 16 available processors)

Solution count 10: 1072 1073 1074 ... 1082

Time limit reached
Best objective 1.072000000000e+03, best bound 9.490000000000e+02, gap 11.4739%

User-callback calls 834269, time in user-callback 1.36 sec

 sepatime0
Stat(MathOptInterface.TIME_LIMIT, 1072.0, 949.0, 0.11473880597014925, 0.0, 2.617843, 3597.495682001114, 10233, Main.CFLG.EFP, "", #undef)
