Data path: /scratch/opt/lxu/CFLG/benchmarks/random_B
Instance: r_30_0.1_54.txt
Result path: /scratch/opt/lxu/CFLG/results/random_B
Solver: Gurobi
Time limit: 7200
Formulation: LEVFP
Cover: Large
julia --project=. src/main.jl /scratch/opt/lxu/CFLG/benchmarks/random_B r_30_0.1_54.txt /scratch/opt/lxu/CFLG/results/random_B Gurobi 7200 LEVFP Large
The latest version of Julia in the `release` channel is 1.11.5+0.x64.linux.gnu. You currently have `1.11.4+0.x64.linux.gnu` installed. Run:

  juliaup update

in your terminal shell to install Julia 1.11.5+0.x64.linux.gnu and update the `release` channel to that version.
/scratch/opt/lxu/CFLG/benchmarks/random_B Gurobi 7200.0 /scratch/opt/lxu/CFLG/results/random_B r_30_0.1_54.txt LEVFP Large
/scratch/opt/lxu/CFLG/benchmarks/random_B/r_30_0.1_54.txt

 read graph
data loaded

problem_graph/original graph: node: 30/30 edge: 54/54 dlt: 1.1988431583223897 break_avg_len: 0.5994215791611949 break_max_len: 0.9919704436735612elapsed CPU time: 0.027911 seconds
Set parameter TokenServer to value "solice01.zib.de"
Set parameter Threads to value 1
Set parameter OutputFlag to value 1
Set parameter MIPGap to value 0.0001
Set parameter MIPGapAbs to value 0.999998
Set parameter TimeLimit to value 7199.972089

 model loaded

Gurobi Optimizer version 12.0.1 build v12.0.1rc0 (linux64 - "Debian GNU/Linux 12 (bookworm)")

CPU model: Intel(R) Xeon(R) Gold 5122 CPU @ 3.60GHz, instruction set [SSE2|AVX|AVX2|AVX512]
Thread count: 8 physical cores, 16 logical processors, using up to 1 threads

Non-default parameters:
TimeLimit  7199.972089
MIPGapAbs  0.999998
Threads  1

Optimize a model with 3751 rows, 1626 columns and 10599 nonzeros
Model fingerprint: 0x89e24214
Variable types: 84 continuous, 1542 integer (1542 binary)
Coefficient statistics:
  Matrix range     [1e-06, 2e+00]
  Objective range  [1e+00, 1e+00]
  Bounds range     [3e-01, 1e+00]
  RHS range        [3e-01, 5e+00]
Found heuristic solution: objective 16.0000000
Presolve removed 882 rows and 31 columns
Presolve time: 0.10s
Presolved: 2869 rows, 1595 columns, 13707 nonzeros
Variable types: 84 continuous, 1511 integer (1503 binary)

Root relaxation: objective 2.392240e+00, 1377 iterations, 0.04 seconds (0.05 work units)

    Nodes    |    Current Node    |     Objective Bounds      |     Work
 Expl Unexpl |  Obj  Depth IntInf | Incumbent    BestBd   Gap | It/Node Time

     0     0    2.39224    0  229   16.00000    2.39224  85.0%     -    0s
H    0     0                       7.0000000    2.39224  65.8%     -    0s
     0     0    2.70627    0  251    7.00000    2.70627  61.3%     -    0s
H    0     0                       6.0000000    2.70940  54.8%     -    0s
H    0     0                       5.0000000    2.70940  45.8%     -    0s
     0     0    2.75000    0  224    5.00000    2.75000  45.0%     -    0s
     0     0    2.75000    0  257    5.00000    2.75000  45.0%     -    0s
     0     0    2.76436    0  220    5.00000    2.76436  44.7%     -    0s
     0     0    2.86136    0  253    5.00000    2.86136  42.8%     -    0s
     0     0    2.86701    0  259    5.00000    2.86701  42.7%     -    0s
     0     0    2.86707    0  265    5.00000    2.86707  42.7%     -    0s
     0     0    2.90580    0  255    5.00000    2.90580  41.9%     -    0s
     0     0    2.91324    0  269    5.00000    2.91324  41.7%     -    0s
     0     0    2.91325    0  269    5.00000    2.91325  41.7%     -    0s
     0     0    2.99140    0  216    5.00000    2.99140  40.2%     -    0s
     0     0    2.99211    0  244    5.00000    2.99211  40.2%     -    0s
     0     0    2.99226    0  223    5.00000    2.99226  40.2%     -    0s
     0     0    3.00000    0  244    5.00000    3.00000  40.0%     -    1s
     0     0    3.00000    0  193    5.00000    3.00000  40.0%     -    1s
     0     0    3.00000    0  254    5.00000    3.00000  40.0%     -    1s
     0     0    3.00000    0  180    5.00000    3.00000  40.0%     -    1s
     0     0    3.00000    0  104    5.00000    3.00000  40.0%     -    1s
     0     0    3.00000    0  189    5.00000    3.00000  40.0%     -    1s
     0     0    3.00000    0  198    5.00000    3.00000  40.0%     -    2s
     0     0    3.00000    0  145    5.00000    3.00000  40.0%     -    2s
     0     2    3.00000    0  145    5.00000    3.00000  40.0%     -    2s
   427   243    3.72674    5   93    5.00000    3.19310  36.1%   121    5s
   958   374    3.50000   12  234    5.00000    3.50000  30.0%   112   10s
  1003   405    4.00000   24  103    5.00000    3.50000  30.0%   140   15s
  1261   356    4.00000   18   47    5.00000    3.51642  29.7%   154   20s
  1628   236    4.00000   17   38    5.00000    4.00000  20.0%   159   25s
  2000    89    4.00000   29   51    5.00000    4.00000  20.0%   164   30s
  2261    44    4.00000   26   94    5.00000    4.00000  20.0%   174   35s
  2526    27     cutoff   24         5.00000    4.00000  20.0%   179   40s
  2946    31     cutoff   53         5.00000    4.00000  20.0%   173   45s
  3391    19    4.00000   29   91    5.00000    4.00000  20.0%   168   50s

Cutting planes:
  Learned: 1
  Gomory: 7
  Cover: 68
  Implied bound: 25
  Projected implied bound: 2
  Clique: 20
  MIR: 26
  StrongCG: 1
  Flow cover: 33
  GUB cover: 22
  Zero half: 6
  RLT: 6
  Relax-and-lift: 15
  BQP: 7

Explored 3739 nodes (633424 simplex iterations) in 53.72 seconds (58.61 work units)
Thread count was 1 (of 16 available processors)

Solution count 4: 5 6 7 16 

Optimal solution found (tolerance 1.00e-04)
Best objective 5.000000000000e+00, best bound 5.000000000000e+00, gap 0.0000%

User-callback calls 21316, time in user-callback 0.02 sec
Stat(MathOptInterface.OPTIMAL, 5.0, 5.0, 0.0, 6.0e-323, 0.027911, 53.718973875045776, 3739, Main.CFLG.LEVFP, "", #undef)
