Data path: /scratch/opt/lxu/CFLG/benchmarks/Kgroup_B
Instance: K400.5.con.red
Result path: /scratch/opt/lxu/CFLG/results/Kgroup_B
Solver: Gurobi
Time limit: 7200
Formulation: LEFPV
Cover: Large
julia --project=. src/main.jl /scratch/opt/lxu/CFLG/benchmarks/Kgroup_B K400.5.con.red /scratch/opt/lxu/CFLG/results/Kgroup_B Gurobi 7200 LEFPV Large
The latest version of Julia in the `release` channel is 1.11.5+0.x64.linux.gnu. You currently have `1.11.4+0.x64.linux.gnu` installed. Run:

  juliaup update

in your terminal shell to install Julia 1.11.5+0.x64.linux.gnu and update the `release` channel to that version.
/scratch/opt/lxu/CFLG/benchmarks/Kgroup_B Gurobi 7200.0 /scratch/opt/lxu/CFLG/results/Kgroup_B K400.5.con.red LEFPV Large
/scratch/opt/lxu/CFLG/benchmarks/Kgroup_B/K400.5.con.red

 read graph
data loaded


after absorb:219 220

max_piece:4
problem_graph/original graph: node: 285/220 edge: 864/799 dlt: 0.4716278106828077 break_avg_len: 0.21807327588863623 break_max_len: 1.0Set parameter TokenServer to value "solice01.zib.de"
Set parameter Threads to value 1
Set parameter OutputFlag to value 1
Gurobi Optimizer version 12.0.1 build v12.0.1rc0 (linux64 - "Debian GNU/Linux 12 (bookworm)")

CPU model: Intel(R) Xeon(R) Gold 5222 CPU @ 3.80GHz, instruction set [SSE2|AVX|AVX2|AVX512]
Thread count: 8 physical cores, 16 logical processors, using up to 1 threads

Non-default parameters:
Threads  1

Optimize a model with 1149 rows, 2592 columns and 4320 nonzeros
Model fingerprint: 0x63bfc545
Coefficient statistics:
  Matrix range     [1e+00, 1e+00]
  Objective range  [1e+00, 1e+00]
  Bounds range     [1e+00, 1e+00]
  RHS range        [0e+00, 0e+00]
Presolve removed 1149 rows and 2592 columns
Presolve time: 0.00s
Presolve: All rows and columns removed
Iteration    Objective       Primal Inf.    Dual Inf.      Time
       0   -0.0000000e+00   0.000000e+00   0.000000e+00      0s

Solved in 0 iterations and 0.00 seconds (0.00 work units)
Optimal objective -0.000000000e+00

User-callback calls 36, time in user-callback 0.00 sec
elapsed CPU time: 1.041488 seconds
Set parameter TokenServer to value "solice01.zib.de"
Set parameter Threads to value 1
Set parameter OutputFlag to value 1
Set parameter MIPGap to value 0.0001
Set parameter MIPGapAbs to value 0.999998
Set parameter TimeLimit to value 7198.958512

 more cuts:falsefalse
0 0
formulation:LEFPV5 859 277
Set parameter PreCrush to value 1

 model loaded

Gurobi Optimizer version 12.0.1 build v12.0.1rc0 (linux64 - "Debian GNU/Linux 12 (bookworm)")

CPU model: Intel(R) Xeon(R) Gold 5222 CPU @ 3.80GHz, instruction set [SSE2|AVX|AVX2|AVX512]
Thread count: 8 physical cores, 16 logical processors, using up to 1 threads

Non-default parameters:
TimeLimit  7198.958512
MIPGapAbs  0.999998
PreCrush  1
Threads  1

Optimize a model with 68716 rows, 34283 columns and 203621 nonzeros
Model fingerprint: 0x596c925a
Variable types: 2013 continuous, 32270 integer (32270 binary)
Coefficient statistics:
  Matrix range     [1e-06, 1e+00]
  Objective range  [1e+00, 1e+00]
  Bounds range     [1e-04, 1e+00]
  RHS range        [1e-04, 1e+01]
Presolve removed 14638 rows and 2012 columns
Presolve time: 0.75s
Presolved: 54078 rows, 32271 columns, 181815 nonzeros
Variable types: 1154 continuous, 31117 integer (31117 binary)
Found heuristic solution: objective 853.0000000
Found heuristic solution: objective 368.0000000

Root relaxation: objective 1.054600e+01, 22181 iterations, 2.30 seconds (3.31 work units)
Total elapsed time = 5.31s (DegenMoves)

    Nodes    |    Current Node    |     Objective Bounds      |     Work
 Expl Unexpl |  Obj  Depth IntInf | Incumbent    BestBd   Gap | It/Node Time

     0     0   10.54600    0 1383  368.00000   10.54600  97.1%     -    6s
H    0     0                     289.0000000   10.54600  96.4%     -    6s
H    0     0                     122.0000000   10.54600  91.4%     -    6s
H    0     0                     121.0000000   10.54600  91.3%     -    6s
H    0     0                     101.0000000   10.54600  89.6%     -    6s
H    0     0                      93.0000000   10.54600  88.7%     -    6s
H    0     0                      92.0000000   10.54600  88.5%     -    6s
H    0     0                      89.0000000   10.54600  88.2%     -    6s
H    0     0                      88.0000000   10.54600  88.0%     -    6s
H    0     0                      87.0000000   10.54600  87.9%     -    6s
H    0     0                      79.0000000   10.54600  86.7%     -    6s
H    0     0                      78.0000000   10.54600  86.5%     -    6s
H    0     0                      73.0000000   10.54600  85.6%     -    7s
H    0     0                      72.0000000   10.54600  85.4%     -    7s
H    0     0                      69.0000000   10.54600  84.7%     -    7s
H    0     0                      67.0000000   10.54600  84.3%     -    7s
H    0     0                      65.0000000   10.54600  83.8%     -    7s
H    0     0                      64.0000000   10.54600  83.5%     -    8s
     0     0   11.95705    0 1607   64.00000   11.95705  81.3%     -   12s
H    0     0                      63.0000000   11.97477  81.0%     -   13s
H    0     0                      62.0000000   11.97477  80.7%     -   13s
H    0     0                      60.0000000   11.97477  80.0%     -   14s
H    0     0                      59.0000000   11.97477  79.7%     -   14s
H    0     0                      57.0000000   11.97477  79.0%     -   14s
     0     0   13.02575    0 1877   57.00000   13.02575  77.1%     -   17s
     0     0   14.17707    0 2230   57.00000   14.17707  75.1%     -   19s
     0     0   14.80773    0 2446   57.00000   14.80773  74.0%     -   21s
     0     0   15.15228    0 2381   57.00000   15.15228  73.4%     -   22s
     0     0   15.15917    0 2374   57.00000   15.15917  73.4%     -   22s
     0     0   15.15983    0 2412   57.00000   15.15983  73.4%     -   23s
     0     0   15.15983    0 2412   57.00000   15.15983  73.4%     -   23s
     0     0   17.10939    0 2721   57.00000   17.10939  70.0%     -   28s
H    0     0                      56.0000000   17.39620  68.9%     -   28s
     0     0   17.39620    0 2660   56.00000   17.39620  68.9%     -   29s
     0     0   17.56913    0 2759   56.00000   17.56913  68.6%     -   30s
     0     0   17.72050    0 2705   56.00000   17.72050  68.4%     -   30s
     0     0   17.73539    0 2736   56.00000   17.73539  68.3%     -   31s
     0     0   17.73756    0 2725   56.00000   17.73756  68.3%     -   31s
     0     0   17.73853    0 2715   56.00000   17.73853  68.3%     -   31s
     0     0   21.47858    0 2445   56.00000   21.47858  61.6%     -   35s
H    0     0                      55.0000000   21.47858  60.9%     -   36s
H    0     0                      54.0000000   21.47858  60.2%     -   37s
     0     0   21.77718    0 2238   54.00000   21.77718  59.7%     -   37s
     0     0   21.86651    0 2375   54.00000   21.86651  59.5%     -   38s
     0     0   21.87897    0 2331   54.00000   21.87897  59.5%     -   38s
     0     0   21.88131    0 2347   54.00000   21.88131  59.5%     -   39s
     0     0   23.00607    0 2153   54.00000   23.00607  57.4%     -   41s
H    0     0                      53.0000000   23.00880  56.6%     -   41s
     0     0   23.10735    0 2141   53.00000   23.10735  56.4%     -   42s
     0     0   23.21750    0 2152   53.00000   23.21750  56.2%     -   42s
     0     0   23.22700    0 2344   53.00000   23.22700  56.2%     -   42s
     0     0   23.23652    0 2322   53.00000   23.23652  56.2%     -   42s
     0     0   23.23760    0 2303   53.00000   23.23760  56.2%     -   43s
     0     0   23.24890    0 2332   53.00000   23.24890  56.1%     -   44s
H    0     0                      51.0000000   23.24890  54.4%     -   44s
H    0     0                      50.0000000   23.24890  53.5%     -   45s
     0     0   23.24943    0 2210   50.00000   23.24943  53.5%     -   45s
     0     0   23.24943    0 2109   50.00000   23.24943  53.5%     -   46s
     0     0   23.26227    0 2241   50.00000   23.26227  53.5%     -   49s
     0     0   23.26382    0 2311   50.00000   23.26382  53.5%     -   49s
     0     0   23.26832    0 2331   50.00000   23.26832  53.5%     -   50s
     0     0   23.26832    0 1664   50.00000   23.26832  53.5%     -   54s
H    0     0                      48.0000000   23.26832  51.5%     -   58s
H    0     0                      45.0000000   23.26832  48.3%     -   61s
H    0     0                      44.0000000   23.26858  47.1%     -   72s
     0     2   23.26958    0 1664   44.00000   23.26958  47.1%     -   77s
    12    14   24.06582    7 1461   44.00000   23.41832  46.8%  2366   80s
    26    28   23.95980   19 1423   44.00000   23.41832  46.8%  1421   85s
    46    48   24.25046   34 1309   44.00000   23.41832  46.8%   961   90s
H   81    81                      43.0000000   23.41832  45.5%   723   94s
    85    87   25.61605   62 1034   43.00000   23.41832  45.5%   724   95s
H  120   120                      42.0000000   23.41832  44.2%   605  116s
   120   122   25.91713   89  996   42.00000   23.41832  44.2%   607  120s
   162   164   27.03485  122 1000   42.00000   23.41832  44.2%   544  126s
   191   193   27.60999  149  898   42.00000   23.41832  44.2%   502  130s
   293   289   30.48304  239  710   42.00000   23.41832  44.2%   401  135s
   324   320   31.48304  264  620   42.00000   23.41832  44.2%   384  141s
   419   413   33.03714  350  620   42.00000   23.41832  44.2%   326  145s
   477   463   24.08062    2 1821   42.00000   23.60656  43.8%   320  150s
   503   489   24.56700   23 1458   42.00000   23.60656  43.8%   341  155s
   521   506   33.03714  349 1664   42.00000   23.60656  43.8%   346  182s
   523   507   28.96033  182 1763   42.00000   23.60656  43.8%   345  201s
   524   508   26.78231  105 1451   42.00000   23.60656  43.8%   344  220s
   526   509   28.96033  182 1785   42.00000   23.60656  43.8%   343  227s
   528   511   24.41784   22 1906   42.00000   23.60656  43.8%   342  230s
   529   511   27.10765  123 2000   42.00000   23.60656  43.8%   341  235s
   532   513   23.97441   20 2034   42.00000   23.60656  43.8%   339  240s
   535   515   27.53231  119 2212   42.00000   23.60656  43.8%   337  246s
   538   517   27.53929  150 2401   42.00000   23.60656  43.8%   335  252s
   539   518   31.97229  310 1849   42.00000   23.67821  43.6%   335  265s
   541   519   24.51528   29 2157   42.00000   23.73930  43.5%   334  271s
   542   520   30.98304  231 2099   42.00000   23.81162  43.3%   333  283s
   543   521   24.63094   25 2254   42.00000   23.92526  43.0%   332  286s
   545   522   24.04737    5 2442   42.00000   23.93809  43.0%   331  292s
   546   523   28.96033  186 2177   42.00000   24.45013  41.8%   330  302s
   547   523   24.68579   43 2289   42.00000   24.45013  41.8%   330  307s
   548   524   24.57100    4 2135   42.00000   24.57100  41.5%   329  318s
   550   525   26.78231  105 2396   42.00000   24.57984  41.5%   328  321s
   552   527   28.94898  169 2501   42.00000   24.58179  41.5%   327  326s
   553   527   31.73304  273 2162   42.00000   24.65095  41.3%   326  349s
   554   528   25.96259   92 2243   42.00000   24.65151  41.3%   326  354s
   555   529   28.51418  165 2077   42.00000   24.78070  41.0%   325  364s
   556   529   27.40330  134 2223   42.00000   24.78222  41.0%   325  365s
   558   531   31.28173  258 2008   42.00000   24.85947  40.8%   323  382s
   559   531   33.00759  343 2228   42.00000   24.85947  40.8%   323  385s
   560   532   31.90664  302 2137   42.00000   24.88391  40.8%   322  393s
   561   533   28.96033  194 2290   42.00000   24.88391  40.8%   322  397s
   562   533   30.48304  234 2006   42.00000   24.92541  40.7%   321  406s
   566   536   31.73304  272 2381   42.00000   24.97786  40.5%   319  411s
   571   539   28.96033  180 2514   42.00000   25.05222  40.4%   316  415s
   575   542   33.16799  363 2497   42.00000   25.08873  40.3%   314  420s
   576   543   25.11201   36 2118   42.00000   25.11201  40.2%   313  432s
   577   543   27.53929  148 2318   42.00000   25.11201  40.2%   313  436s
   578   544   34.00797  371 2250   42.00000   25.12650  40.2%   312  459s
   579   545   30.48304  220 2346   42.00000   25.12650  40.2%   312  461s
   580   545   25.12650   17 2230   42.00000   25.12650  40.2%   311  470s
   582   547   28.53929  162 2215   42.00000   25.12650  40.2%   310  477s
   583   547   31.73304  281 2409   42.00000   25.12695  40.2%   309  480s
   584   548   31.97052  316 2318   42.00000   25.12843  40.2%   309  488s
   585   549   31.82239  291 2408   42.00000   25.12843  40.2%   308  490s
   586   549   25.30199   36 1959   42.00000   25.30199  39.8%   308  499s
   587   550   27.64734  130 2171   42.00000   25.31172  39.7%   307  501s
   591   553   25.47815   65 2366   42.00000   25.33551  39.7%   305  506s
   592   553   25.52902   49 2012   42.00000   25.41262  39.5%   305  515s
   594   555   28.96033  186 2057   42.00000   25.44441  39.4%   304  524s
   595   555   28.51418  167 2176   42.00000   25.44536  39.4%   303  527s
   596   556   33.03714  348 2076   42.00000   25.45576  39.4%   303  534s
   597   557   27.53929  150 2242   42.00000   25.46174  39.4%   302  535s
   600   559   25.47824   46 2196   42.00000   25.47824  39.3%   301  545s
   602   560   25.47977   57 2200   42.00000   25.47977  39.3%   300  555s
   604   561   25.49008   29 2218   42.00000   25.49008  39.3%   299  563s
   605   562   25.49008   45 2401   42.00000   25.49008  39.3%   298  566s
   606   563   27.03231  120 2170   42.00000   25.49213  39.3%   298  573s
   609   566   25.49213   32 1664   42.00000   25.49213  39.3%  2095  579s
   611   567   29.81637  215 1767   42.00000   25.49213  39.3%  2088  599s
   612   568   26.80272  101 1335   42.00000   25.49213  39.3%  2084  614s
   613   569   25.49213   65 1724   42.00000   25.49213  39.3%  2081  618s
   614   569   25.49213   13 1935   42.00000   25.49213  39.3%  2078  621s
   616   571   26.78231  107 2089   42.00000   25.49213  39.3%  2071  625s
   619   573   26.62649  100 2025   42.00000   25.49213  39.3%  2061  631s
   623   575   28.96033  182 2137   42.00000   25.49213  39.3%  2048  635s
   628   579   25.49213   22 2218   42.00000   25.49213  39.3%  2031  644s
   629   579   27.10765  123 1871   42.00000   25.49213  39.3%  2028  653s
   630   580   31.48304  261 1983   42.00000   25.49213  39.3%  2025  657s
   631   581   25.52902   49 1725   42.00000   25.49213  39.3%  2022  667s
   634   583   32.07010  308 2019   42.00000   25.49213  39.3%  2012  670s
   637   585   28.99114  190 2166   42.00000   25.49213  39.3%  2003  675s
   638   585   27.53929  150 1796   42.00000   25.49213  39.3%  1999  684s
   639   586   31.97229  310 1998   42.00000   25.49213  39.3%  1996  689s
   640   587   31.73905  288 1822   42.00000   25.49213  39.3%  1993  697s
   642   588   30.98304  231 2039   42.00000   25.49213  39.3%  1987  703s
H  642   558                      41.0000000   25.49213  37.8%  1987  727s
   643   559   25.49213   25 1995   41.00000   25.49213  37.8%  1984  744s
   644   559   33.09880  358 2116   41.00000   25.49213  37.8%  1981  749s
   645   560   25.50218    5 1926   41.00000   25.50218  37.8%  1978  761s
   646   561   28.96033  186 2014   41.00000   25.50349  37.8%  1975  765s
   647   561   25.53765   43 2174   41.00000   25.53765  37.7%  1972  775s
   650   563   26.78231  105 2507   41.00000   25.56091  37.7%  1962  780s
   655   567   28.51418  165 2747   41.00000   25.58418  37.6%  1947  787s
   656   567   27.40330  134 2199   41.00000   25.60977  37.5%  1945  798s
   657   568   31.97052  320 2326   41.00000   25.61169  37.5%  1942  800s
   659   569   33.00759  343 2119   41.00000   25.64132  37.5%  1936  813s
   660   570   31.90664  302 2195   41.00000   25.64253  37.5%  1933  818s
   661   571   28.96033  194 2010   41.00000   25.65174  37.4%  1930  828s
   662   571   30.48304  234 2294   41.00000   25.65217  37.4%  1927  833s
   663   572   34.01720  367 2107   41.00000   25.67021  37.4%  1924  842s
   665   573   25.67234   10 2353   41.00000   25.67234  37.4%  1918  848s
   666   574   31.73304  272 2246   41.00000   25.68187  37.4%  1915  859s
   667   575   25.68187   27 2392   41.00000   25.68187  37.4%  1912  864s
   668   575   26.78231  105 2213   41.00000   25.70652  37.3%  1910  873s
   670   577   30.98304  231 2426   41.00000   25.72983  37.2%  1904  876s
   675   580   33.16799  363 2913   41.00000   25.79382  37.1%  1890  881s
   681   584   25.82735   14 3054   41.00000   25.82735  37.0%  1873  888s
   682   585   28.53929  162 2450   41.00000   25.88699  36.9%  1870  899s
   683   585   31.73304  281 2574   41.00000   25.88699  36.9%  1868  904s
   684   586   31.97052  316 2106   41.00000   26.00101  36.6%  1865  913s
   685   587   31.82239  291 2404   41.00000   26.00708  36.6%  1862  915s
   689   589   31.03244  248 2643   41.00000   26.03273  36.5%  1851  923s
   690   590   26.08146    8 2328   41.00000   26.08146  36.4%  1849  936s
   691   591   26.08146   65 2646   41.00000   26.08146  36.4%  1846  941s
   692   591   26.08146   49 2429   41.00000   26.08146  36.4%  1843  949s
   693   592   26.08146   58 2549   41.00000   26.08146  36.4%  1841  953s
   694   593   28.96033  186 2323   41.00000   26.08370  36.4%  1838  961s
   695   593   28.51418  167 2542   41.00000   26.08375  36.4%  1835  966s
   696   594   33.03714  348 2430   41.00000   26.09587  36.4%  1833  975s
   698   595   29.23304  206 2512   41.00000   26.11693  36.3%  1828  990s
   700   597   26.11693   46 2452   41.00000   26.11693  36.3%  1822 1013s
   701   597   26.11693   68 2533   41.00000   26.11693  36.3%  1820 1017s
   702   598   26.11710   57 2449   41.00000   26.11710  36.3%  1817 1024s
   703   599   31.22137  250 2573   41.00000   26.11710  36.3%  1815 1029s
   704   599   26.11733   29 2588   41.00000   26.11733  36.3%  1812 1036s
   705   600   26.11733   45 2686   41.00000   26.11733  36.3%  1809 1041s
   706   601   27.03231  120 2382   41.00000   26.12351  36.3%  1807 1049s
   707   601   27.62972  145 2382   41.00000   26.12351  36.3%  1804 1057s
   708   602   26.12351   46 2382   41.00000   26.12351  36.3%  1802 1080s
   709   605   26.22077   23 2203   41.00000   26.13246  36.3%  3436 1089s
   710   605   26.32596   23 2370   41.00000   26.22077  36.0%  3438 1092s
   713   607   26.32211   25 2251   41.00000   26.32211  35.8%  3430 1096s
   716   609   26.69192   26 2175   41.00000   26.32647  35.8%  3429 1101s
   720   612   26.38633   28 2214   41.00000   26.34328  35.7%  3427 1105s
   725   615   26.42981   31 2052   41.00000   26.34328  35.7%  3422 1110s
   732   620   26.68844   34 2024   41.00000   26.34328  35.7%  3408 1115s
   738   624   26.90337   37 1872   41.00000   26.34328  35.7%  3403 1120s
   744   628   26.78035   40 1737   41.00000   26.34328  35.7%  3392 1125s
   749   631   26.59434   43 1979   41.00000   26.34328  35.7%  3390 1130s
   754   635   26.88195   45 2003   41.00000   26.34328  35.7%  3381 1135s
   760   639   27.17499   48 1796   41.00000   26.34328  35.7%  3367 1140s
   768   644   27.01565   52 1886   41.00000   26.34328  35.7%  3348 1145s
   774   648   27.29202   55 1900   41.00000   26.34328  35.7%  3341 1150s
   779   651   27.43106   58 2024   41.00000   26.34328  35.7%  3339 1155s
   785   655   27.52960   61 1694   41.00000   26.34328  35.7%  3332 1161s
   789   658   27.58151   63 1636   41.00000   26.34328  35.7%  3328 1165s
   798   664   27.98882   67 1506   41.00000   26.34328  35.7%  3316 1170s
   806   669   28.46017   71 1359   41.00000   26.34328  35.7%  3312 1175s
   816   676   27.99921   76 1567   41.00000   26.34328  35.7%  3285 1180s
   824   681   28.45932   80 1514   41.00000   26.34328  35.7%  3282 1185s
   830   685   29.25713   83 1076   41.00000   26.34328  35.7%  3274 1190s
   840   692   29.08928   88 1326   41.00000   26.34328  35.7%  3254 1195s
   846   696   28.60687   91 1389   41.00000   26.34328  35.7%  3242 1201s
   850   699   28.85200   93 1361   41.00000   26.34328  35.7%  3240 1205s
   859   705   28.67743   98 1320   41.00000   26.34328  35.7%  3230 1210s
   870   712   29.39102  103 1249   41.00000   26.34328  35.7%  3217 1215s
   881   719   28.76430  109 1222   41.00000   26.34328  35.7%  3206 1220s
   887   723   28.79695  112 1203   41.00000   26.34328  35.7%  3193 1225s
   897   730   28.82050  117 1105   41.00000   26.34328  35.7%  3186 1230s
   909   738   28.85713  123 1155   41.00000   26.34328  35.7%  3174 1235s
   922   747   29.06109  129 1268   41.00000   26.34328  35.7%  3157 1240s
   932   753   29.36557  134 1414   41.00000   26.34328  35.7%  3146 1245s
   943   761   29.03691  140 1097   41.00000   26.34328  35.7%  3131 1250s
   952   767   29.43583  144  995   41.00000   26.34328  35.7%  3126 1255s
   965   775   29.10818  151 1243   41.00000   26.34328  35.7%  3114 1260s
   979   785   29.11606  158 1186   41.00000   26.34328  35.7%  3096 1265s
   994   795   29.74106  165 1215   41.00000   26.34328  35.7%  3074 1270s
  1010   805   29.64880  173 1029   41.00000   26.34328  35.7%  3052 1275s
  1024   815   29.64880  180  966   41.00000   26.34328  35.7%  3039 1280s
  1040   825   29.48839  188 1178   41.00000   26.34328  35.7%  3023 1285s
  1058   837   30.05621  197 1067   41.00000   26.34328  35.7%  3001 1290s
  1068   844   30.07123  202 1105   41.00000   26.34328  35.7%  2998 1295s
  1087   857   30.10653  212 1101   41.00000   26.34328  35.7%  2973 1300s
  1104   868   30.74368  220 1088   41.00000   26.34328  35.7%  2958 1305s
  1118   877   31.30821  227  917   41.00000   26.34328  35.7%  2941 1310s
  1132   887   30.21500  234 1177   41.00000   26.34328  35.7%  2927 1315s
  1148   897   30.52608  242 1044   41.00000   26.34328  35.7%  2909 1320s
  1168   911   30.68256  252  962   41.00000   26.34328  35.7%  2881 1325s
  1194   928   31.17169  265  991   41.00000   26.34328  35.7%  2832 1331s
  1218   944   30.82047  277 1072   41.00000   26.34328  35.7%  2783 1335s
  1239   958   31.43949  288  982   41.00000   26.34328  35.7%  2754 1340s
  1248   964   32.00465  292  864   41.00000   26.34328  35.7%  2751 1346s
  1268   977   32.32608  302  852   41.00000   26.34328  35.7%  2723 1350s
  1290   992   32.75000  313  847   41.00000   26.34328  35.7%  2693 1355s
  1313  1007   32.78042  325  804   41.00000   26.34328  35.7%  2667 1360s
  1329  1018   32.53042  333  820   41.00000   26.34328  35.7%  2651 1365s
  1352  1033   32.79178  344  800   41.00000   26.34328  35.7%  2624 1370s
  1375  1049   33.53042  356  720   41.00000   26.34328  35.7%  2597 1375s
  1410  1072   34.06789  373  557   41.00000   26.34328  35.7%  2550 1380s
  1442  1093   35.16667  389  558   41.00000   26.34328  35.7%  2509 1385s
  1475  1115   34.34533  406  621   41.00000   26.34328  35.7%  2462 1390s
  1509  1138   34.48055  423  562   41.00000   26.34328  35.7%  2415 1395s
  1545  1162   35.38673  441  601   41.00000   26.34328  35.7%  2372 1400s
  1578  1184   36.33569  457  520   41.00000   26.34328  35.7%  2337 1405s
  1618  1211   36.38673  477  553   41.00000   26.34328  35.7%  2288 1410s
  1652  1233   35.95121  494  556   41.00000   26.34328  35.7%  2251 1415s
  1688  1257   36.19057  512  523   41.00000   26.34328  35.7%  2214 1420s
  1726  1283   36.12438  531  459   41.00000   26.34328  35.7%  2181 1425s
  1760  1305   36.45666  548  455   41.00000   26.34328  35.7%  2149 1430s
  1788  1324   37.68456  562  416   41.00000   26.34328  35.7%  2120 1435s
  1842  1360   38.03603  589  355   41.00000   26.34328  35.7%  2067 1440s
  1891  1389   37.62011  614  376   41.00000   26.34328  35.7%  2021 1445s
  1951  1425   37.68532  644  352   41.00000   26.34328  35.7%  1964 1450s
  1975  1441   38.18532  656  352   41.00000   26.34328  35.7%  1943 1455s
  2018  1451 infeasible  677        41.00000   26.34328  35.7%  1908 1460s
  2073  1452   38.45946  705  335   41.00000   26.34328  35.7%  1862 1465s
  2099  1441   26.34368   24 2273   41.00000   26.34368  35.7%  1842 1476s
  2101  1443   26.67412   25 2370   41.00000   26.38308  35.7%  1848 1481s
  2103  1444   26.74633   26 2680   41.00000   26.38308  35.7%  1850 1485s
  2109  1448   26.93066   29 2282   41.00000   26.38308  35.7%  1855 1492s
  2111  1449   26.91431   30 2416   41.00000   26.38308  35.7%  1858 1496s
  2115  1452   27.15749   32 2308   41.00000   26.38308  35.7%  1859 1500s
  2118  1454   27.02678   34 2059   41.00000   26.38308  35.7%  1865 1505s
  2122  1457   26.86999   36 2391   41.00000   26.38308  35.7%  1866 1510s
  2125  1459   27.06653   37 2218   41.00000   26.38308  35.7%  1869 1515s
  2129  1461   27.19953   39 2091   41.00000   26.38308  35.7%  1872 1520s
  2133  1464   27.60400   41 1965   41.00000   26.38308  35.7%  1876 1528s
  2135  1465   27.75326   42 2113   41.00000   26.38308  35.7%  1877 1530s
  2141  1469   27.77878   45 1807   41.00000   26.38308  35.7%  1879 1535s
  2146  1473   27.33686   48 1976   41.00000   26.38308  35.7%  1879 1540s
  2151  1476   27.64240   50 2200   41.00000   26.38308  35.7%  1883 1545s
  2156  1479   27.48020   53 2060   41.00000   26.38308  35.7%  1886 1550s
  2161  1483   27.86267   55 1868   41.00000   26.38308  35.7%  1888 1557s
  2163  1484   27.74113   56 1899   41.00000   26.38308  35.7%  1891 1560s
  2167  1487   28.00340   58 1884   41.00000   26.38308  35.7%  1894 1565s
  2171  1489   28.14493   60 1828   41.00000   26.38308  35.7%  1897 1570s
  2179  1495   27.95296   64 1683   41.00000   26.38308  35.7%  1896 1575s
  2188  1501   28.30300   69 1714   41.00000   26.38308  35.7%  1897 1581s
  2195  1505   28.67680   72 1490   41.00000   26.38308  35.7%  1896 1585s
  2200  1509   28.56863   75 1600   41.00000   26.38308  35.7%  1898 1590s
  2204  1511   28.59286   77 1541   41.00000   26.38308  35.7%  1899 1605s
  2211  1516   29.22409   80 1450   41.00000   26.38308  35.7%  1901 1610s
  2220  1522   28.70097   85 1709   41.00000   26.38308  35.7%  1901 1615s
  2224  1525   28.78360   87 1453   41.00000   26.38308  35.7%  1905 1620s
  2232  1530   29.01826   91 1305   41.00000   26.38308  35.7%  1908 1625s
  2240  1535   29.03377   95 1311   41.00000   26.38308  35.7%  1911 1630s
  2249  1541   29.86055   99 1054   41.00000   26.38308  35.7%  1913 1635s
  2261  1549   30.06583  105 1198   41.00000   26.38308  35.7%  1913 1640s
  2269  1555   30.22777  109 1045   41.00000   26.38308  35.7%  1915 1645s
  2283  1564   29.94442  116  967   41.00000   26.38308  35.7%  1914 1650s
  2297  1573   30.00389  123  916   41.00000   26.38308  35.7%  1914 1655s
  2311  1583   30.03500  130 1410   41.00000   26.38308  35.7%  1916 1661s
  2322  1590   29.96099  136  984   41.00000   26.38308  35.7%  1915 1665s
  2334  1598   29.96916  142  956   41.00000   26.38308  35.7%  1915 1670s
  2345  1605   30.50470  147  804   41.00000   26.38308  35.7%  1920 1675s
  2358  1614   30.07427  154  882   41.00000   26.38308  35.7%  1920 1680s
  2373  1624   30.16282  161 1015   41.00000   26.38308  35.7%  1919 1685s
  2389  1635   30.68681  169  966   41.00000   26.38308  35.7%  1914 1690s
  2407  1647   30.91039  178  959   41.00000   26.38308  35.7%  1911 1695s
  2413  1651   31.35347  181  742   41.00000   26.38308  35.7%  1917 1701s
  2425  1659   30.78666  187  979   41.00000   26.38308  35.7%  1920 1705s
  2434  1665   31.08055  192  811   41.00000   26.38308  35.7%  1928 1711s
  2448  1674   30.56964  199  924   41.00000   26.38308  35.7%  1923 1715s
  2468  1687   30.67595  209  846   41.00000   26.38308  35.7%  1916 1720s
  2494  1705   30.71643  222  915   41.00000   26.38308  35.7%  1903 1725s
  2511  1716   30.96325  230  762   41.00000   26.38308  35.7%  1904 1730s
  2532  1736   31.80337  241  826   41.00000   26.38308  35.7%  1894 1735s
  2558  1762   32.82415  254  725   41.00000   26.38308  35.7%  1882 1740s
  2589  1793   32.90125  269  758   41.00000   26.38308  35.7%  1868 1745s
  2606  1810   33.30378  278  815   41.00000   26.38308  35.7%  1868 1750s
  2637  1841   35.67024  293  649   41.00000   26.38308  35.7%  1852 1755s
  2680  1884   36.17464  315  586   41.00000   26.38308  35.7%  1827 1760s
  2718  1922   36.73794  334  547   41.00000   26.38308  35.7%  1805 1765s
  2759  1963   37.73534  354  519   41.00000   26.38308  35.7%  1783 1770s
  2789  1993   38.22533  369  531   41.00000   26.38308  35.7%  1771 1775s
  2827  2031   38.60629  388  494   41.00000   26.38308  35.7%  1753 1780s
  2863  2067   38.39564  406  576   41.00000   26.38308  35.7%  1741 1785s
  2899  2103   38.61072  424  495   41.00000   26.38308  35.7%  1727 1791s
  2926  2130   37.74562  438  543   41.00000   26.38308  35.7%  1716 1795s
  2958  2162   37.74562  454  557   41.00000   26.38308  35.7%  1704 1803s
  2968  2172   37.91229  459  529   41.00000   26.38308  35.7%  1701 1805s
  3006  2210   37.97207  478  546   41.00000   26.38308  35.7%  1683 1810s
  3047  2251   38.83717  498  475   41.00000   26.38308  35.7%  1667 1815s
  3087  2291   38.33506  518  461   41.00000   26.38308  35.7%  1652 1820s
  3115  2319   38.56410  532  473   41.00000   26.38308  35.7%  1640 1825s
  3166  2367   38.77329  558  434   41.00000   26.38308  35.7%  1619 1830s
  3215  2414   39.77763  582  412   41.00000   26.38308  35.7%  1599 1835s
  3270  2427   26.43366   25 2655   41.00000   26.41596  35.6%  1577 1845s
  3272  2429   26.69976   26 2734   41.00000   26.41596  35.6%  1582 1852s
  3274  2431   26.81022   27 2406   41.00000   26.41596  35.6%  1584 1856s
  3278  2435   27.15211   29 1738   41.00000   26.41596  35.6%  1588 1861s
  3281  2438   26.81410   31 2326   41.00000   26.41596  35.6%  1589 1865s
  3285  2442   26.87158   33 2251   41.00000   26.41596  35.6%  1592 1870s
  3288  2445   27.22544   34 2150   41.00000   26.41596  35.6%  1594 1876s
  3292  2449   27.09025   36 2229   41.00000   26.41596  35.6%  1596 1881s
  3296  2453   27.30940   38 2014   41.00000   26.41596  35.6%  1597 1885s
  3304  2461   27.52637   42 1612   41.00000   26.41596  35.6%  1598 1890s
  3309  2466   27.76692   45 1889   41.00000   26.41596  35.6%  1601 1896s
  3312  2469   27.88977   46 1711   41.00000   26.41596  35.6%  1603 1900s
  3321  2478   27.79911   51 1620   41.00000   26.41596  35.6%  1604 1905s
  3326  2483   28.18656   53 1347   41.00000   26.41596  35.6%  1606 1912s
  3332  2489   28.22255   56 1295   41.00000   26.41596  35.6%  1605 1915s
  3342  2499   28.43627   61 1506   41.00000   26.41596  35.6%  1606 1920s
  3349  2506   28.00924   65 1349   41.00000   26.41596  35.6%  1607 1925s
  3356  2513   28.74581   68 1472   41.00000   26.41596  35.6%  1611 1930s
  3362  2519   29.04389   71 1305   41.00000   26.41596  35.6%  1614 1935s
  3368  2525   28.48107   74 1340   41.00000   26.41596  35.6%  1616 1940s
  3377  2534   28.53620   79 1201   41.00000   26.41596  35.6%  1619 1945s
  3386  2543   28.87099   83 1239   41.00000   26.41596  35.6%  1621 1950s
  3395  2552   29.08277   88 1343   41.00000   26.41596  35.6%  1622 1955s
  3400  2557   29.68659   90 1268   41.00000   26.41596  35.6%  1626 1960s
  3410  2567   30.32330   95 1208   41.00000   26.41596  35.6%  1626 1965s
  3418  2575   30.00720   99 1121   41.00000   26.41596  35.6%  1627 1970s
  3422  2579   30.35756  101 1146   41.00000   26.41596  35.6%  1627 2041s
  3432  2589   30.82129  106  855   41.00000   26.41596  35.6%  1626 2045s
  3442  2599   31.03870  111 1113   41.00000   26.41596  35.6%  1629 2050s
  3452  2609   30.90367  116 1086   41.00000   26.41596  35.6%  1629 2055s
  3464  2621   31.05041  122  975   41.00000   26.41596  35.6%  1630 2060s
  3483  2640   31.14192  132  889   41.00000   26.41596  35.6%  1628 2065s
  3494  2651   32.04278  137  877   41.00000   26.41596  35.6%  1632 2070s
  3513  2670   31.82630  147  943   41.00000   26.41596  35.6%  1627 2075s
  3532  2689   33.51229  156  794   41.00000   26.41596  35.6%  1623 2080s
  3546  2703   33.76471  163  909   41.00000   26.41596  35.6%  1623 2085s
  3564  2721   33.83722  172  842   41.00000   26.41596  35.6%  1623 2090s
  3592  2749   34.28420  186  798   41.00000   26.41596  35.6%  1616 2095s
  3609  2766   34.02449  195  838   41.00000   26.41596  35.6%  1616 2100s
  3629  2786   34.97950  205  716   41.00000   26.41596  35.6%  1613 2105s
  3656  2813   34.88303  218  731   41.00000   26.41596  35.6%  1606 2110s
  3683  2840   34.22888  232  832   41.00000   26.41596  35.6%  1597 2115s
  3704  2861   34.70380  242  788   41.00000   26.41596  35.6%  1592 2120s
  3727  2884   35.12130  254  782   41.00000   26.41596  35.6%  1586 2125s
  3757  2914   34.72662  269  693   41.00000   26.41596  35.6%  1578 2130s
  3786  2943   37.17405  283  441   41.00000   26.41596  35.6%  1569 2135s
  3827  2984   36.59072  304  486   41.00000   26.41596  35.6%  1556 2140s
  3873  3030   37.53200  327  384   41.00000   26.41596  35.6%  1540 2145s
  3915  3072   37.68526  348  433   41.00000   26.41596  35.6%  1528 2150s
  3941  3098   37.74983  361  407   41.00000   26.41596  35.6%  1520 2160s
  3980  3137   38.05124  380  377   41.00000   26.41596  35.6%  1510 2165s
  4017  3174   38.08429  399  359   41.00000   26.41596  35.6%  1499 2170s
  4071  3222   38.72716  426  318   41.00000   26.41596  35.6%  1482 2175s
  4135  3230   38.87894  458  299   41.00000   26.41596  35.6%  1462 2180s
  4181  3228   26.53017   29 3087   41.00000   26.41596  35.6%  1450 2191s
  4183  3230   26.55361   30 2942   41.00000   26.41596  35.6%  1453 2195s
  4187  3234   27.03043   32 2220   41.00000   26.41596  35.6%  1456 2201s
  4192  3239   26.93786   35 2157   41.00000   26.41596  35.6%  1457 2205s
  4195  3242   27.41629   36 2002   41.00000   26.41596  35.6%  1460 2210s
  4199  3246   27.53689   38 2028   41.00000   26.41596  35.6%  1461 2215s
  4207  3254   27.52151   42 2062   41.00000   26.41596  35.6%  1462 2220s
  4213  3260   27.44180   45 1892   41.00000   26.41596  35.6%  1464 2226s
  4219  3266   27.92894   48 1513   41.00000   26.41596  35.6%  1465 2230s
  4226  3273   28.54303   52 1959   41.00000   26.41596  35.6%  1466 2235s
  4235  3282   28.09481   56 1801   41.00000   26.41596  35.6%  1466 2240s
  4247  3294   28.71018   62 1485   41.00000   26.41596  35.6%  1465 2246s
  4253  3300   28.64598   65 1601   41.00000   26.41596  35.6%  1466 2250s
  4262  3309   28.49759   70 1761   41.00000   26.41596  35.6%  1466 2255s
  4269  3316   29.12577   73 1350   41.00000   26.41596  35.6%  1468 2261s
  4275  3322   29.04468   76 1360   41.00000   26.41596  35.6%  1469 2265s
  4283  3330   29.32170   80 1671   41.00000   26.41596  35.6%  1471 2270s
  4288  3335   28.91531   83 1678   41.00000   26.41596  35.6%  1473 2275s
  4295  3342   29.48242   86 1572   41.00000   26.41596  35.6%  1475 2281s
  4299  3346   29.18593   88 1454   41.00000   26.41596  35.6%  1478 2285s
  4304  3351   29.36767   91 1312   41.00000   26.41596  35.6%  1480 2290s
  4314  3361   29.58564   96 1301   41.00000   26.41596  35.6%  1480 2295s
  4325  3372   30.57912  101 1252   41.00000   26.41596  35.6%  1481 2300s
  4336  3383   29.69263  107 1074   41.00000   26.41596  35.6%  1482 2305s
  4345  3392   30.00370  111  966   41.00000   26.41596  35.6%  1484 2310s
  4360  3407   29.88965  119 1110   41.00000   26.41596  35.6%  1482 2315s
  4369  3416   30.55547  123  973   41.00000   26.41596  35.6%  1484 2320s
  4379  3426   30.26621  128  918   41.00000   26.41596  35.6%  1486 2325s
  4393  3440   30.11185  135 1252   41.00000   26.41596  35.6%  1486 2330s
  4408  3455   30.12608  143 1162   41.00000   26.41596  35.6%  1484 2335s
  4421  3468   31.81407  149 1052   41.00000   26.41596  35.6%  1484 2340s
  4442  3489   31.70238  160 1184   41.00000   26.41596  35.6%  1481 2345s
  4457  3504   32.81175  167  999   41.00000   26.41596  35.6%  1483 2350s
  4469  3516   32.87078  173 1038   41.00000   26.41596  35.6%  1484 2355s
  4484  3531   32.92226  181 1044   41.00000   26.41596  35.6%  1484 2360s
  4497  3544   33.32706  187  855   41.00000   26.41596  35.6%  1484 2365s
  4510  3557   32.94415  194  965   41.00000   26.41596  35.6%  1486 2370s
  4523  3570   33.07532  200  793   41.00000   26.41596  35.6%  1489 2376s
  4533  3580   33.43469  205  780   41.00000   26.41596  35.6%  1492 2380s
  4548  3595   33.06673  213  747   41.00000   26.41596  35.6%  1493 2385s
  4560  3607   33.26101  219  774   41.00000   26.41596  35.6%  1496 2390s
  4583  3630   34.06235  230  645   41.00000   26.41596  35.6%  1495 2395s
  4611  3658   33.82108  244  724   41.00000   26.41596  35.6%  1491 2400s
  4629  3676   34.16865  253  687   41.00000   26.41596  35.6%  1491 2405s
  4647  3694   34.16865  262  745   41.00000   26.41596  35.6%  1490 2410s
  4663  3710   34.16865  270  745   41.00000   26.41596  35.6%  1490 2415s
  4681  3728   35.66018  279  582   41.00000   26.41596  35.6%  1488 2420s
  4711  3758   35.66143  294  628   41.00000   26.41596  35.6%  1483 2425s
  4731  3778   36.66332  304  464   41.00000   26.41596  35.6%  1482 2430s
  4739  3786   35.95529  308  705   41.00000   26.41596  35.6%  1484 2436s
  4766  3813   36.37415  322  562   41.00000   26.41596  35.6%  1479 2440s
  4797  3844   37.13580  337  502   41.00000   26.41596  35.6%  1471 2445s
  4838  3885   36.45701  358  543   41.00000   26.41596  35.6%  1462 2450s
  4874  3921   36.49763  376  565   41.00000   26.41596  35.6%  1454 2455s
  4903  3950   38.43087  390  414   41.00000   26.41596  35.6%  1448 2460s
  4924  3971   37.93916  401  473   41.00000   26.41596  35.6%  1443 2472s
  4940  3987   37.93917  409  464   41.00000   26.41596  35.6%  1439 2475s
  4985  4032   38.46459  431  418   41.00000   26.41596  35.6%  1429 2480s
  5023  4066   39.22955  450  482   41.00000   26.41596  35.6%  1419 2485s
  5075  4092     cutoff  476        41.00000   26.41596  35.6%  1408 2490s
  5101  4106   39.25728  489  365   41.00000   26.41596  35.6%  1402 2508s
  5114  4103   39.25728  489  306   41.00000   26.41596  35.6%  1400 2510s
  5134  4099   26.53232   29 3050   41.00000   26.47528  35.4%  1397 2518s
  5135  4100   26.80314   30 2891   41.00000   26.47528  35.4%  1398 2520s
  5139  4104   26.72140   32 2544   41.00000   26.47528  35.4%  1400 2526s
  5142  4107   26.73081   33 2473   41.00000   26.47528  35.4%  1401 2530s
  5144  4109   26.81728   34 2378   41.00000   26.47528  35.4%  1403 2535s
  5147  4112   26.94921   36 2353   41.00000   26.47528  35.4%  1404 2540s
  5150  4115   27.68361   37 2414   41.00000   26.47528  35.4%  1405 2545s
  5154  4119   27.49866   39 2107   41.00000   26.47528  35.4%  1408 2551s
  5159  4124   27.11687   42 2198   41.00000   26.47528  35.4%  1409 2555s
  5162  4127   27.22306   43 2230   41.00000   26.47528  35.4%  1412 2560s
  5168  4133   27.57982   46 2123   41.00000   26.47528  35.4%  1413 2566s
  5172  4137   27.91188   48 2095   41.00000   26.47528  35.4%  1415 2570s
  5176  4141   27.50944   50 2170   41.00000   26.47528  35.4%  1416 2575s
  5182  4147   27.93357   53 1969   41.00000   26.47528  35.4%  1418 2581s
  5185  4150   27.74241   55 2124   41.00000   26.47528  35.4%  1420 2585s
  5191  4156   27.90073   58 2062   41.00000   26.47528  35.4%  1420 2590s
  5196  4161   28.18464   60 1764   41.00000   26.47528  35.4%  1422 2595s
  5201  4166   28.32805   63 2104   41.00000   26.47528  35.4%  1424 2600s
  5206  4171   28.65521   65 1831   41.00000   26.47528  35.4%  1425 2605s
  5219  4184   28.46384   72 1936   41.00000   26.47528  35.4%  1424 2610s
  5229  4194   28.51917   77 1660   41.00000   26.47528  35.4%  1424 2615s
  5235  4200   28.66808   80 1688   41.00000   26.47528  35.4%  1426 2620s
  5242  4207   29.17987   83 1620   41.00000   26.47528  35.4%  1427 2625s
  5258  4223   29.21135   91 1751   41.00000   26.47528  35.4%  1425 2630s
  5270  4235   29.69823   97 1466   41.00000   26.47528  35.4%  1424 2635s
  5280  4245   29.60072  102 1560   41.00000   26.47528  35.4%  1424 2640s
  5286  4251   29.73547  105 1372   41.00000   26.47528  35.4%  1427 2645s
  5297  4262   29.37005  111 1528   41.00000   26.47528  35.4%  1427 2650s
  5304  4269   29.90582  114 1371   41.00000   26.47528  35.4%  1429 2655s
  5314  4279   29.60579  119 1578   41.00000   26.47528  35.4%  1430 2660s
  5326  4291   29.80586  125 1350   41.00000   26.47528  35.4%  1431 2665s
  5344  4309   31.82482  134 1232   41.00000   26.47528  35.4%  1428 2671s
  5357  4322   31.55172  141 1212   41.00000   26.47528  35.4%  1428 2675s
  5363  4328   31.56777  144 1239   41.00000   26.47528  35.4%  1430 2680s
  5370  4335   32.27830  147 1070   41.00000   26.47528  35.4%  1433 2685s
  5382  4347   31.81768  153 1185   41.00000   26.47528  35.4%  1434 2690s
  5392  4357   32.40447  158  988   41.00000   26.47528  35.4%  1436 2695s
  5413  4378   32.14341  169 1180   41.00000   26.47528  35.4%  1434 2700s
  5421  4386   32.16026  173 1033   41.00000   26.47528  35.4%  1436 2705s
  5432  4397   32.55812  178 1128   41.00000   26.47528  35.4%  1439 2710s
  5441  4406   32.30679  183 1135   41.00000   26.47528  35.4%  1440 2715s
  5452  4417   32.76017  188  968   41.00000   26.47528  35.4%  1443 2720s
  5468  4433   32.94875  196  690   41.00000   26.47528  35.4%  1444 2725s
  5480  4445   33.48923  202  778   41.00000   26.47528  35.4%  1444 2730s
  5500  4465   33.61888  212  795   41.00000   26.47528  35.4%  1444 2735s
  5526  4491   33.50133  225  972   41.00000   26.47528  35.4%  1441 2740s
H 5550  4329                      40.0000000   26.47528  33.8%  1438 2745s
  5576  4357   33.69828  250  588   40.00000   26.47528  33.8%  1437 2750s
  5604  4385   34.10376  264  788   40.00000   26.47528  33.8%  1433 2756s
  5624  4405   35.27136  274  593   40.00000   26.47528  33.8%  1433 2760s
  5642  4423   34.92639  283  669   40.00000   26.47528  33.8%  1432 2765s
  5668  4449   36.32536  296  504   40.00000   26.47528  33.8%  1429 2770s
  5694  4475   36.53509  309  545   40.00000   26.47528  33.8%  1427 2775s
  5736  4517   36.41743  330  555   40.00000   26.47528  33.8%  1420 2780s
  5777  4558   36.62916  351  491   40.00000   26.47528  33.8%  1412 2785s
  5822  4603   37.59696  373  402   40.00000   26.47528  33.8%  1403 2790s
  5868  4632   38.40134  392  414   40.00000   26.47528  33.8%  1395 2795s
  5876  4628   26.48465   28 3051   40.00000   26.47528  33.8%  1394 2800s
  5878  4630   26.50542   29 3028   40.00000   26.47528  33.8%  1396 2805s
  5882  4634   27.51640   31 2317   40.00000   26.47528  33.8%  1397 2810s
  5886  4638   27.35326   33 2095   40.00000   26.47528  33.8%  1398 2815s
  5891  4643   26.92408   36 2249   40.00000   26.47528  33.8%  1400 2821s
  5896  4648   27.17350   38 2417   40.00000   26.47528  33.8%  1401 2826s
  5900  4652   27.40907   40 1938   40.00000   26.47528  33.8%  1402 2830s
  5904  4656   27.37969   42 1580   40.00000   26.47528  33.8%  1403 2835s
  5907  4659   27.11560   44 1880   40.00000   26.47528  33.8%  1404 2870s
  5912  4664   27.29422   46 1880   40.00000   26.47528  33.8%  1405 2876s
  5916  4668   27.64603   48 1818   40.00000   26.47528  33.8%  1406 2880s
  5921  4673   27.69194   51 1907   40.00000   26.47528  33.8%  1407 2885s
  5926  4678   28.40899   53 1587   40.00000   26.47528  33.8%  1408 2890s
  5937  4689   28.09927   59 1698   40.00000   26.47528  33.8%  1407 2895s
  5944  4696   28.54347   62 1525   40.00000   26.47528  33.8%  1408 2902s
  5946  4698   28.68162   63 1791   40.00000   26.47528  33.8%  1408 2905s
  5954  4706   29.13409   67 1388   40.00000   26.47528  33.8%  1410 2911s
  5957  4709   28.78149   69 1136   40.00000   26.47528  33.8%  1411 2915s
  5961  4713   28.78495   71 1275   40.00000   26.47528  33.8%  1415 2921s
  5968  4720   29.32041   74 1095   40.00000   26.47528  33.8%  1416 2926s
  5974  4726   29.35003   77 1137   40.00000   26.47528  33.8%  1418 2930s
  5982  4734   29.38502   81 1120   40.00000   26.47528  33.8%  1419 2938s
  5984  4736   29.52077   82 1008   40.00000   26.47528  33.8%  1419 2940s
  5988  4740   29.43641   84 1042   40.00000   26.47528  33.8%  1421 2947s
  5990  4742   29.68321   85  985   40.00000   26.47528  33.8%  1422 2950s
  5997  4749   29.20201   89 1265   40.00000   26.47528  33.8%  1424 2955s
  6006  4758   29.64680   93 1052   40.00000   26.47528  33.8%  1426 2960s
  6012  4764   30.03415   96 1053   40.00000   26.47528  33.8%  1428 2970s
  6023  4775   29.36379  102 1130   40.00000   26.47528  33.8%  1429 2975s
  6029  4781   29.36823  105 1118   40.00000   26.47528  33.8%  1430 2980s
  6039  4791   29.91847  110  918   40.00000   26.47528  33.8%  1431 2985s
  6057  4809   29.98794  119 1095   40.00000   26.47528  33.8%  1429 2990s
  6074  4826   30.65246  127  840   40.00000   26.47528  33.8%  1429 2995s
  6090  4842   30.97364  135  862   40.00000   26.47528  33.8%  1429 3000s
  6102  4854   30.68858  141  851   40.00000   26.47528  33.8%  1430 3005s
  6120  4872   31.65424  150  992   40.00000   26.47528  33.8%  1427 3010s
  6144  4896   33.68455  162  866   40.00000   26.47528  33.8%  1424 3015s
  6157  4909   33.40200  169  790   40.00000   26.47528  33.8%  1424 3020s
  6172  4924   34.30916  176  646   40.00000   26.47528  33.8%  1425 3025s
  6187  4939   33.45667  184  742   40.00000   26.47528  33.8%  1426 3030s
  6213  4965   33.51068  197  629   40.00000   26.47528  33.8%  1423 3035s
  6228  4980   33.90151  204  538   40.00000   26.47528  33.8%  1425 3040s
  6254  5006   34.63607  217  550   40.00000   26.47528  33.8%  1422 3046s
  6274  5026   34.70042  227  559   40.00000   26.47528  33.8%  1421 3050s
  6292  5044   34.08149  236  608   40.00000   26.47528  33.8%  1420 3055s
  6311  5063   33.85321  246  635   40.00000   26.47528  33.8%  1420 3060s
  6336  5088   34.72915  258  575   40.00000   26.47528  33.8%  1419 3065s
  6363  5115   33.90998  272  654   40.00000   26.47528  33.8%  1417 3070s
  6390  5142   36.61608  285  362   40.00000   26.47528  33.8%  1414 3075s
  6443  5195   36.32489  312  289   40.00000   26.47528  33.8%  1404 3080s
  6492  5242   37.36752  336  283   40.00000   26.47528  33.8%  1395 3085s
  6523  5251   26.49047   28 3134   40.00000   26.49047  33.8%  1390 3090s
  6525  5253   26.55316   29 2707   40.00000   26.50399  33.7%  1391 3096s
  6528  5256   26.88718   31 2374   40.00000   26.50399  33.7%  1393 3100s
  6531  5259   27.29006   32 2328   40.00000   26.50399  33.7%  1394 3106s
  6533  5261   27.41557   33 2223   40.00000   26.50399  33.7%  1396 3111s
  6537  5265   27.25296   35 2366   40.00000   26.50399  33.7%  1397 3115s
  6543  5271   27.30314   38 2070   40.00000   26.50399  33.7%  1398 3121s
  6547  5275   27.09911   40 2182   40.00000   26.50399  33.7%  1400 3125s
  6551  5279   27.05812   42 1986   40.00000   26.50399  33.7%  1401 3132s
  6553  5281   27.22442   43 2044   40.00000   26.50399  33.7%  1402 3135s
  6557  5285   27.41031   45 1970   40.00000   26.50399  33.7%  1404 3141s
  6560  5288   27.74534   47 2195   40.00000   26.50399  33.7%  1405 3145s
  6565  5293   27.55827   49 1943   40.00000   26.50399  33.7%  1406 3151s
  6570  5298   27.63140   52 1948   40.00000   26.50399  33.7%  1407 3155s
  6577  5305   27.73084   55 1957   40.00000   26.50399  33.7%  1407 3160s
  6583  5311   28.44915   58 1724   40.00000   26.50399  33.7%  1408 3166s
  6588  5316   27.86280   61 2082   40.00000   26.50399  33.7%  1408 3170s
  6593  5321   28.52495   63 1571   40.00000   26.50399  33.7%  1410 3176s
  6597  5325   28.39515   65 1863   40.00000   26.50399  33.7%  1411 3180s
  6603  5331   28.83215   68 1877   40.00000   26.50399  33.7%  1411 3185s
  6607  5335   28.91859   70 1322   40.00000   26.50399  33.7%  1412 3190s
  6613  5341   29.43932   73 1319   40.00000   26.50399  33.7%  1413 3196s
  6619  5347   28.87270   76 1475   40.00000   26.50399  33.7%  1414 3200s
  6628  5356   28.76395   81 1717   40.00000   26.50399  33.7%  1414 3205s
  6633  5361   29.35762   83 1689   40.00000   26.50399  33.7%  1416 3210s
  6641  5369   29.28224   87 1576   40.00000   26.50399  33.7%  1416 3215s
  6648  5376   29.12646   91 1302   40.00000   26.50399  33.7%  1417 3220s
  6659  5387   30.25283   96 1435   40.00000   26.50399  33.7%  1417 3226s
  6666  5394   29.69690  100 1214   40.00000   26.50399  33.7%  1418 3231s
  6675  5403   29.76406  104 1379   40.00000   26.50399  33.7%  1418 3235s
  6685  5413   30.06965  109 1008   40.00000   26.50399  33.7%  1419 3240s
  6693  5421   30.37135  113 1261   40.00000   26.50399  33.7%  1421 3245s
  6700  5428   29.98408  117 1079   40.00000   26.50399  33.7%  1422 3250s
  6709  5437   30.41048  121 1033   40.00000   26.50399  33.7%  1424 3255s
  6716  5444   30.11705  125 1158   40.00000   26.50399  33.7%  1425 3260s
  6727  5455   30.32022  130 1097   40.00000   26.50399  33.7%  1426 3265s
  6740  5468   30.25674  137 1041   40.00000   26.50399  33.7%  1427 3270s
  6748  5476   30.29595  141 1055   40.00000   26.50399  33.7%  1428 3275s
  6757  5485   30.70935  145  965   40.00000   26.50399  33.7%  1430 3280s
  6768  5496   30.40425  151 1043   40.00000   26.50399  33.7%  1432 3285s
  6778  5506   30.39722  156 1001   40.00000   26.50399  33.7%  1433 3290s
  6790  5518   30.41206  162 1020   40.00000   26.50399  33.7%  1434 3295s
  6801  5529   31.24981  167  804   40.00000   26.50399  33.7%  1436 3300s
  6819  5547   31.29321  176  958   40.00000   26.50399  33.7%  1436 3305s
  6836  5564   30.82678  185  774   40.00000   26.50399  33.7%  1436 3310s
  6848  5576   31.02629  191  785   40.00000   26.50399  33.7%  1436 3315s
  6868  5596   31.16094  201  866   40.00000   26.50399  33.7%  1434 3320s
  6890  5618   31.28816  212  874   40.00000   26.50399  33.7%  1432 3341s
  6900  5628   31.37821  217  924   40.00000   26.50399  33.7%  1433 3345s
  6914  5642   31.41584  224  889   40.00000   26.50399  33.7%  1433 3350s
  6928  5656   31.49305  231  954   40.00000   26.50399  33.7%  1434 3355s
  6943  5671   31.94323  238  779   40.00000   26.50399  33.7%  1434 3360s
  6959  5687   32.49820  246  874   40.00000   26.50399  33.7%  1433 3365s
  6979  5707   32.02733  256  858   40.00000   26.50399  33.7%  1431 3371s
  6985  5713   32.67843  259  765   40.00000   26.50399  33.7%  1431 3377s
  7000  5728   32.79441  267  781   40.00000   26.50399  33.7%  1430 3380s
  7023  5751   33.47350  278  876   40.00000   26.50399  33.7%  1426 3385s
  7044  5772   32.88682  289  862   40.00000   26.50399  33.7%  1425 3390s
  7064  5792   32.96045  299  909   40.00000   26.50399  33.7%  1424 3395s
  7087  5815   34.97927  310  642   40.00000   26.50399  33.7%  1421 3400s
  7113  5841   33.87588  323  723   40.00000   26.50399  33.7%  1419 3405s
  7143  5871   34.27264  338  669   40.00000   26.50399  33.7%  1416 3410s
  7160  5888   34.25340  347  701   40.00000   26.50399  33.7%  1414 3415s
  7199  5925   35.59391  366  723   40.00000   26.50399  33.7%  1409 3420s
  7239  5965   37.50000  386  596   40.00000   26.50399  33.7%  1402 3425s
  7281  6004   37.53993  407  548   40.00000   26.50399  33.7%  1396 3430s
  7324  6041   38.62794  429  489   40.00000   26.50399  33.7%  1391 3435s
  7339  6037   26.81950   34 2523   40.00000   26.50399  33.7%  1390 3444s
  7340  6038   26.91125   35 2128   40.00000   26.50399  33.7%  1391 3445s
  7345  6043   27.30939   37 2084   40.00000   26.50399  33.7%  1392 3450s
  7351  6049   27.40589   40 1855   40.00000   26.50399  33.7%  1393 3456s
  7356  6054   27.25384   43 1844   40.00000   26.50399  33.7%  1394 3460s
  7361  6059   27.69208   45 1893   40.00000   26.50399  33.7%  1396 3466s
  7365  6063   27.51081   47 1814   40.00000   26.50399  33.7%  1397 3470s
  7373  6071   28.56439   51 1687   40.00000   26.50399  33.7%  1397 3475s
  7381  6079   28.42353   55 1577   40.00000   26.50399  33.7%  1399 3480s
  7389  6087   28.50206   59 1718   40.00000   26.50399  33.7%  1399 3485s
  7394  6092   28.69204   62 1564   40.00000   26.50399  33.7%  1401 3490s
  7400  6098   28.75677   65 1521   40.00000   26.50399  33.7%  1402 3495s
  7407  6105   29.06308   68 1302   40.00000   26.50399  33.7%  1404 3501s
  7412  6110   28.94966   71 1364   40.00000   26.50399  33.7%  1406 3505s
  7419  6117   29.29459   74 1286   40.00000   26.50399  33.7%  1407 3510s
  7425  6123   30.10491   77 1319   40.00000   26.50399  33.7%  1409 3515s
  7439  6137   30.11849   84 1223   40.00000   26.50399  33.7%  1408 3520s
  7447  6145   30.41404   88 1244   40.00000   26.50399  33.7%  1409 3525s
  7459  6157   30.51338   94 1311   40.00000   26.50399  33.7%  1409 3530s
  7474  6172   30.07988  102 1243   40.00000   26.50399  33.7%  1408 3535s
  7486  6184   30.14442  108 1183   40.00000   26.50399  33.7%  1408 3540s
  7499  6197   30.76469  114 1200   40.00000   26.50399  33.7%  1409 3545s
  7511  6209   30.62116  120 1037   40.00000   26.50399  33.7%  1410 3550s
  7525  6223   30.96869  127  987   40.00000   26.50399  33.7%  1410 3555s
  7540  6238   31.11103  135  935   40.00000   26.50399  33.7%  1409 3560s
  7559  6257   31.41825  144  949   40.00000   26.50399  33.7%  1409 3565s
  7576  6274   32.03473  153 1092   40.00000   26.50399  33.7%  1409 3570s
  7593  6291   32.12949  161  783   40.00000   26.50399  33.7%  1408 3575s
  7609  6307   32.12720  169  801   40.00000   26.50399  33.7%  1408 3580s
  7628  6326   32.53842  179  913   40.00000   26.50399  33.7%  1407 3585s
  7652  6350   32.73405  191  845   40.00000   26.50399  33.7%  1405 3590s
  7662  6360   32.80094  196  775   40.00000   26.50399  33.7%  1407 3595s
  7673  6371   33.83605  201  692   40.00000   26.50399  33.7%  1407 3600s
  7679  6377   33.70184  204  617   40.00000   26.50399  33.7%  1408 3606s
  7697  6395   34.05092  213  594   40.00000   26.50399  33.7%  1408 3610s
  7726  6424   33.53555  228  588   40.00000   26.50399  33.7%  1406 3615s
  7761  6459   33.91872  245  588   40.00000   26.50399  33.7%  1402 3620s
  7798  6496   33.77180  264  602   40.00000   26.50399  33.7%  1398 3625s
  7831  6529   35.06515  280  491   40.00000   26.50399  33.7%  1394 3630s
  7866  6564   34.35301  298  511   40.00000   26.50399  33.7%  1390 3635s
  7873  6571   35.72261  301  442   40.00000   26.50399  33.7%  1390 3656s
  7892  6590   35.17487  311  502   40.00000   26.50399  33.7%  1387 3660s
  7924  6622   35.21542  327  500   40.00000   26.50399  33.7%  1383 3665s
  7963  6661   36.68703  346  434   40.00000   26.50399  33.7%  1378 3670s
  7987  6685   36.40580  358  391   40.00000   26.50399  33.7%  1375 3675s
  8018  6716   36.35302  374  498   40.00000   26.50399  33.7%  1371 3680s
  8062  6760   36.41077  396  491   40.00000   26.50399  33.7%  1366 3685s
  8104  6802   37.59812  417  392   40.00000   26.50399  33.7%  1361 3690s
  8148  6820   27.05674   34 2622   40.00000   26.50615  33.7%  1356 3700s
  8150  6822   27.52467   36 1777   40.00000   26.50615  33.7%  1357 3705s
  8156  6828   27.24075   40 1868   40.00000   26.50615  33.7%  1357 3710s
  8166  6838   27.75265   48 1777   40.00000   26.50615  33.7%  1358 3716s
  8167  6839   27.80276   47 1731   40.00000   26.50615  33.7%  1358 3720s
  8176  6848   27.62857   52 1581   40.00000   26.50615  33.7%  1357 3725s
  8183  6855   27.94624   54 1577   40.00000   26.50615  33.7%  1358 3730s
  8192  6864   28.18405   59 1381   40.00000   26.50615  33.7%  1358 3735s
  8208  6880   29.09394   70 1369   40.00000   26.50615  33.7%  1357 3740s
  8215  6887   29.07454   72 1166   40.00000   26.50615  33.7%  1358 3745s
  8226  6898   28.95650   79 1457   40.00000   26.50615  33.7%  1358 3750s
  8239  6911   29.09210   90 1420   40.00000   26.50615  33.7%  1358 3755s
  8254  6926   29.52925   97 1525   40.00000   26.50615  33.7%  1357 3760s
  8269  6941   29.76746  106 1390   40.00000   26.50615  33.7%  1356 3765s
  8284  6956   29.95260  119 1215   40.00000   26.50615  33.7%  1355 3770s
  8303  6975   30.01776  133  898   40.00000   26.50615  33.7%  1354 3775s
  8320  6992   30.96233  141  886   40.00000   26.50615  33.7%  1353 3780s
  8336  7008   31.00248  155 1101   40.00000   26.50615  33.7%  1354 3785s
  8354  7026   32.57265  168  739   40.00000   26.50615  33.7%  1351 3812s
  8365  7037   32.07265  171  733   40.00000   26.50615  33.7%  1351 3815s
  8386  7058   32.16218  179  804   40.00000   26.50615  33.7%  1349 3820s
  8404  7076   32.37082  183  930   40.00000   26.50615  33.7%  1348 3825s
  8438  7110   32.65608  202  881   40.00000   26.50615  33.7%  1345 3830s
  8456  7128   33.33601  208  703   40.00000   26.50615  33.7%  1344 3835s
  8467  7139   33.46066  208  650   40.00000   26.50615  33.7%  1346 3842s
  8482  7154   33.70459  219  528   40.00000   26.50615  33.7%  1345 3845s
  8513  7185   33.80323  237  713   40.00000   26.50615  33.7%  1341 3850s
  8545  7217   34.54009  259  646   40.00000   26.50615  33.7%  1338 3855s
  8581  7253   34.66628  293  576   40.00000   26.50615  33.7%  1334 3860s
  8613  7285   34.63955  319  541   40.00000   26.50615  33.7%  1330 3865s
  8654  7326   35.27340  345  526   40.00000   26.50615  33.7%  1324 3870s
  8689  7361   36.17832  364  491   40.00000   26.50615  33.7%  1320 3875s
  8718  7390   36.71955  388  502   40.00000   26.50615  33.7%  1317 3880s
  8765  7437   36.49621  419  378   40.00000   26.50615  33.7%  1311 3885s
  8815  7487   37.53306  437  326   40.00000   26.50615  33.7%  1305 3890s
  8851  7523   37.90622  446  310   40.00000   26.50615  33.7%  1300 3895s
  8856  7528   37.91011  447  302   40.00000   26.50615  33.7%  1300 3917s
  8875  7527   26.57181   30 3127   40.00000   26.50755  33.7%  1299 3926s
  8877  7529   27.01340   32 2237   40.00000   26.50755  33.7%  1300 3931s
  8883  7535   26.89166   36 2120   40.00000   26.50755  33.7%  1300 3935s
  8891  7543   27.16121   43 1952   40.00000   26.50755  33.7%  1299 3940s
  8897  7549   27.38682   47 1940   40.00000   26.50755  33.7%  1300 3945s
  8902  7554   27.68950   49 1883   40.00000   26.50755  33.7%  1301 3951s
  8908  7560   28.23131   52 1810   40.00000   26.50755  33.7%  1302 3955s
  8921  7573   28.65890   64 1747   40.00000   26.50755  33.7%  1301 3960s
  8932  7584   28.77898   74 1536   40.00000   26.50755  33.7%  1301 3965s
  8948  7600   29.18515   86 1593   40.00000   26.50755  33.7%  1299 3970s
  8953  7605   29.09875   90 1590   40.00000   26.50755  33.7%  1301 3975s
  8961  7613   29.44063   93 1583   40.00000   26.50755  33.7%  1300 3980s
  8968  7620   29.14040   97 1438   40.00000   26.50755  33.7%  1301 3985s
  8973  7625   29.18124   99 1470   40.00000   26.50755  33.7%  1302 3993s
  8976  7628   29.23697  102 1433   40.00000   26.50755  33.7%  1302 3997s
  8979  7631   29.23697  105 1402   40.00000   26.50755  33.7%  1301 4001s
  8990  7642   29.40831  114 1232   40.00000   26.50755  33.7%  1301 4005s
  9004  7656   29.47337  119 1132   40.00000   26.50755  33.7%  1300 4010s
  9018  7670   29.92489  128 1055   40.00000   26.50755  33.7%  1299 4017s
  9029  7681   30.14308  136 1202   40.00000   26.50755  33.7%  1298 4020s
  9045  7697   30.55547  141 1069   40.00000   26.50755  33.7%  1297 4025s
  9071  7723   31.17342  150  997   40.00000   26.50755  33.7%  1294 4030s
  9090  7742   32.35937  156  769   40.00000   26.50755  33.7%  1293 4035s
  9101  7753   32.27076  164  695   40.00000   26.50755  33.7%  1292 4040s
  9122  7774   31.86945  185 1041   40.00000   26.50755  33.7%  1290 4045s
  9148  7800   32.81314  190  978   40.00000   26.50755  33.7%  1287 4050s
  9181  7833   32.84239  207  925   40.00000   26.50755  33.7%  1283 4055s
  9207  7859   33.04727  231  867   40.00000   26.50755  33.7%  1281 4060s
  9229  7881   34.84854  250  715   40.00000   26.50755  33.7%  1280 4066s
  9232  7884   33.82895  246  699   40.00000   26.50755  33.7%  1282 4070s
  9252  7904   34.05748  264  654   40.00000   26.50755  33.7%  1280 4075s
  9273  7925   34.24892  281  657   40.00000   26.50755  33.7%  1278 4080s
  9283  7935   34.68171  283  410   40.00000   26.50755  33.7%  1279 4085s
  9299  7951   34.70147  296  649   40.00000   26.50755  33.7%  1278 4090s
  9313  7965   35.06344  301  632   40.00000   26.50755  33.7%  1279 4095s
  9337  7989   35.30306  313  553   40.00000   26.50755  33.7%  1278 4100s
  9385  8037   36.33057  352  326   40.00000   26.50755  33.7%  1272 4105s
  9433  8077   37.18660  366  318   40.00000   26.50755  33.7%  1267 4110s
  9483  8108   26.85626   30 3054   40.00000   26.51893  33.7%  1261 4118s
  9484  8109   27.00240   31 2868   40.00000   26.51893  33.7%  1262 4120s
  9490  8115   27.57662   37 2269   40.00000   26.51893  33.7%  1262 4126s
  9496  8121   27.29311   39 2248   40.00000   26.51893  33.7%  1262 4130s
  9501  8126   27.65180   43 2000   40.00000   26.51893  33.7%  1262 4136s
  9506  8131   27.47943   44 2145   40.00000   26.51893  33.7%  1263 4141s
  9513  8138   27.69981   50 2114   40.00000   26.51893  33.7%  1263 4145s
  9520  8145   27.72613   52 2050   40.00000   26.51893  33.7%  1263 4150s
  9528  8153   28.28788   55 1855   40.00000   26.51893  33.7%  1263 4155s
  9535  8160   28.54440   59 1824   40.00000   26.51893  33.7%  1264 4160s
  9542  8167   28.84879   62 1647   40.00000   26.51893  33.7%  1264 4165s
  9552  8177   29.60836   68 1460   40.00000   26.51893  33.7%  1265 4170s
  9566  8191   29.55693   78 1366   40.00000   26.51893  33.7%  1264 4175s
  9577  8202   30.34831   85 1096   40.00000   26.51893  33.7%  1265 4180s
  9587  8212   30.39678   89 1050   40.00000   26.51893  33.7%  1265 4185s
  9609  8234   30.63955  104 1131   40.00000   26.51893  33.7%  1263 4190s
  9626  8251   31.39164  114 1104   40.00000   26.51893  33.7%  1262 4195s
  9635  8260   31.56911  121 1125   40.00000   26.51893  33.7%  1262 4200s
  9645  8270   31.81029  125 1069   40.00000   26.51893  33.7%  1262 4206s
  9659  8284   32.17413  133  985   40.00000   26.51893  33.7%  1261 4210s
  9681  8306   33.22140  145  940   40.00000   26.51893  33.7%  1258 4215s
  9698  8323   32.59378  157 1020   40.00000   26.51893  33.7%  1257 4220s
  9720  8345   32.86594  173 1038   40.00000   26.51893  33.7%  1255 4225s
  9733  8358   32.94333  187  998   40.00000   26.51893  33.7%  1254 4230s
  9744  8369   33.54567  191  849   40.00000   26.51893  33.7%  1254 4235s
  9771  8396   33.81238  212  867   40.00000   26.51893  33.7%  1251 4240s
  9796  8421   34.13443  233  711   40.00000   26.51893  33.7%  1249 4245s
  9810  8435   34.60010  237  793   40.00000   26.51893  33.7%  1249 4250s
  9839  8464   34.73049  266  723   40.00000   26.51893  33.7%  1245 4275s
  9868  8493   35.48193  289  545   40.00000   26.51893  33.7%  1242 4280s
  9887  8512   35.39007  305  509   40.00000   26.51893  33.7%  1241 4285s
  9905  8530   36.29589  311  499   40.00000   26.51893  33.7%  1240 4290s
  9952  8577   37.26514  335  448   40.00000   26.51893  33.7%  1234 4295s
  9979  8602   37.62975  337  520   40.00000   26.51893  33.7%  1231 4300s
 10011  8632   37.94964  345  506   40.00000   26.51893  33.7%  1229 4305s
 10040  8655   38.50407  351  460   40.00000   26.51893  33.7%  1227 4311s
 10072  8647   26.66552   28 3227   40.00000   26.52050  33.7%  1226 4319s
 10073  8648   26.85346   29 2380   40.00000   26.52050  33.7%  1226 4322s
 10077  8652   27.27775   32 2154   40.00000   26.52050  33.7%  1226 4325s
 10087  8662   27.86794   38 1983   40.00000   26.52050  33.7%  1226 4331s
 10091  8666   27.77597   40 2195   40.00000   26.52050  33.7%  1227 4335s
 10096  8671   28.14936   43 2089   40.00000   26.52050  33.7%  1227 4340s
 10102  8677   27.89500   45 2056   40.00000   26.52050  33.7%  1227 4345s
 10110  8685   28.50533   49 1845   40.00000   26.52050  33.7%  1228 4350s
 10115  8690   28.42723   52 2036   40.00000   26.52050  33.7%  1228 4355s
 10122  8697   28.64224   55 1800   40.00000   26.52050  33.7%  1229 4360s
 10130  8705   29.13466   60 1921   40.00000   26.52050  33.7%  1229 4365s
 10145  8720   29.37170   71 1658   40.00000   26.52050  33.7%  1228 4370s
 10151  8726   30.06905   76 1681   40.00000   26.52050  33.7%  1229 4375s
 10159  8734   29.64093   81 1678   40.00000   26.52050  33.7%  1229 4380s
 10163  8738   29.80621   82 1539   40.00000   26.52050  33.7%  1229 4390s
 10174  8749   30.73473   87 1439   40.00000   26.52050  33.7%  1229 4395s
 10184  8759   30.73455   92 1362   40.00000   26.52050  33.7%  1229 4400s
 10195  8770   30.90958   99 1297   40.00000   26.52050  33.7%  1229 4405s
 10203  8777   30.39678   90 1664   40.00000   26.52050  33.7%  1228 5251s
 10205  8778   36.61608  286 1765   40.00000   26.52050  33.7%  1228 5271s
 10206  8779   33.01388  232 1440   40.00000   26.52050  33.7%  1228 5291s
 10207  8780   36.87953  389 1656   40.00000   26.52050  33.7%  1228 5295s
 10209  8781   31.03826  162 1939   40.00000   26.52050  33.7%  1228 5301s
 10211  8782   38.99859  546 2191   40.00000   26.52050  33.7%  1228 5305s
 10214  8784   27.22492   32 2510   40.00000   26.52050  33.7%  1227 5312s
 10215  8785   27.54600   48 2624   40.00000   26.52050  33.7%  1227 5315s
 10218  8787   27.36709   44 2919   40.00000   26.52050  33.7%  1227 5320s
 10220  8788   32.33212  166 2690   40.00000   26.54675  33.6%  1226 5325s
 10222  8790   33.82815  263 2671   40.00000   26.55698  33.6%  1226 5331s
 10223  8790   38.68607  514 2592   40.00000   26.62703  33.4%  1226 5367s
 10225  8792   33.55471  186 2784   40.00000   26.62703  33.4%  1226 5370s
 10227  8793   27.37999   43 2849   40.00000   26.62703  33.4%  1226 5400s
 10228  8794   29.23697  105 2360   40.00000   26.70149  33.2%  1225 5437s
 10229  8794   33.25000  306 2547   40.00000   26.70149  33.2%  1225 5466s
 10230  8795   31.60630  225 2457   40.00000   26.70149  33.2%  1225 5506s
 10231  8796   33.77244  228 2585   40.00000   26.70149  33.2%  1225 5532s
 10232  8796   35.08025  284 2476   40.00000   26.70149  33.2%  1225 5567s
 10233  8797   33.59801  213 2696   40.00000   26.70149  33.2%  1225 5596s
 10234  8798   29.73823  121 2422   40.00000   26.70149  33.2%  1225 5641s
 10237  8800   33.92524  244 2908   40.00000   26.70149  33.2%  1224 5645s
 10240  8802   36.12438  515 3016   40.00000   26.70149  33.2%  1224 5677s
 10241  8802   30.97359  217 2496   40.00000   26.70720  33.2%  1224 5715s
 10243  8804   35.17996  417 2855   40.00000   26.71387  33.2%  1224 5750s
 10244  8804   36.43822  353 2603   40.00000   26.71784  33.2%  1224 5788s
 10245  8805   37.54047  394 2781   40.00000   26.71784  33.2%  1223 5819s
 10246  8806   38.25612  385 2678   40.00000   26.72298  33.2%  1223 5861s
 10247  8806   35.29852  270 2834   40.00000   26.72298  33.2%  1223 5891s
 10248  8807   33.98030  225 2695   40.00000   26.74746  33.1%  1223 5931s
 10249  8808   29.68564   77 2874   40.00000   26.74746  33.1%  1223 5964s
 10250  8808   33.10378  241 2625   40.00000   26.74746  33.1%  1223 5999s
 10251  8809   38.41039  334 2766   40.00000   26.74746  33.1%  1223 6026s
 10252  8810   38.64368  438 2660   40.00000   26.74746  33.1%  1223 6070s
 10253  8810   38.43916  405 2851   40.00000   26.74746  33.1%  1222 6097s
 10254  8811   34.88323  349 2626   40.00000   26.75206  33.1%  1222 6136s
 10255  8812   37.26435  346 2865   40.00000   26.75206  33.1%  1222 6166s
 10256  8812   35.33492  351 2654   40.00000   26.76199  33.1%  1222 6204s
 10257  8813   29.74776  191 2816   40.00000   26.76199  33.1%  1222 6238s
 10258  8814   29.09656   75 2531   40.00000   26.79477  33.0%  1222 6278s
 10259  8814   27.41498   48 2726   40.00000   26.79477  33.0%  1222 6309s
 10260  8815   31.00000  237 2726   40.00000   26.87795  32.8%  1222 6350s
 10262  8816   36.97427  303 3014   40.00000   26.90111  32.7%  1221 6355s
 10265  8818   33.95237  249 3082   40.00000   26.96678  32.6%  1221 6360s
 10266  8819   27.93599   54 3103   40.00000   26.96708  32.6%  1221 6387s
 10267  8820   38.18532  637 2387   40.00000   27.06527  32.3%  1221 6425s
 10270  8822   33.53042  359 3093   40.00000   27.07423  32.3%  1220 6430s
 10272  8823   28.53249   79 3206   40.00000   27.07750  32.3%  1220 6458s
 10273  8824   31.84386  178 2632   40.00000   27.13982  32.2%  1220 6507s
 10274  8824   30.51352   95 2879   40.00000   27.13982  32.2%  1220 6512s
 10275  8825   37.31069  568 2672   40.00000   27.14277  32.1%  1220 6522s
 10276  8826   32.60292  156 2836   40.00000   27.14277  32.1%  1220 6526s
 10277  8826   37.53993  414 2742   40.00000   27.14650  32.1%  1220 6539s
 10278  8827   37.17405  284 2966   40.00000   27.14650  32.1%  1220 6541s
 10279  8828   36.19176  437 3014   40.00000   27.14650  32.1%  1219 6545s
 10280  8828   33.42899  200 2973   40.00000   27.14849  32.1%  1219 6557s
 10281  8829   38.57574  429 3189   40.00000   27.14849  32.1%  1219 6563s
 10282  8830   33.33601  209 3051   40.00000   27.14891  32.1%  1219 6573s
 10283  8830   31.07354  137 3241   40.00000   27.14891  32.1%  1219 6578s
 10284  8831   31.07608  261 2879   40.00000   27.15661  32.1%  1219 6590s
 10285  8832   31.56536  232 3179   40.00000   27.15661  32.1%  1219 6596s
 10286  8832   35.61639  281 3033   40.00000   27.15661  32.1%  1219 6677s
 10287  8833   32.03649  131 3107   40.00000   27.15661  32.1%  1218 6682s
 10288  8834   38.31825  426 2853   40.00000   27.15846  32.1%  1218 6695s
 10289  8834   34.03968  252 3044   40.00000   27.15846  32.1%  1218 6700s
 10290  8835   35.56666  295 2953   40.00000   27.15846  32.1%  1218 6710s
 10292  8836   29.93966   95 2872   40.00000   27.16238  32.1%  1218 6725s
 10293  8837   29.66689   87 3009   40.00000   27.16238  32.1%  1218 6730s
 10294  8838   29.79927   95 2880   40.00000   27.16356  32.1%  1218 6743s
 10295  8838   30.68571  110 3154   40.00000   27.16356  32.1%  1217 6748s
 10296  8839   37.69009  360 2973   40.00000   27.16451  32.1%  1217 6760s
 10297  8840   33.73177  241 3160   40.00000   27.16451  32.1%  1217 6765s
 10298  8840   30.97359  217 2993   40.00000   27.19191  32.0%  1217 6782s
 10299  8841   32.14463  161 3315   40.00000   27.19191  32.0%  1217 6787s
 10300  8842   30.74917  175 2993   40.00000   27.19191  32.0%  1217 6801s
 10301  8842   29.95668  141 3208   40.00000   27.19191  32.0%  1217 6806s
 10302  8843   34.47085  305 3076   40.00000   27.19191  32.0%  1217 6864s
 10303  8844   30.39678   90 3372   40.00000   27.19191  32.0%  1217 6870s
 10304  8844   34.18354  279 3074   40.00000   27.19191  32.0%  1216 6880s
 10305  8845   36.61608  286 3310   40.00000   27.19191  32.0%  1216 6885s
 10306  8846   33.01388  232 3047   40.00000   27.19191  32.0%  1216 6893s
 10307  8846   36.87953  389 3220   40.00000   27.19191  32.0%  1216 6898s
 10308  8847   27.40772   58 3097   40.00000   27.19191  32.0%  1216 6907s
 10309  8848   31.03826  162 3279   40.00000   27.19191  32.0%  1216 6913s
 10310  8848   34.49987  342 3279   40.00000   27.19191  32.0%  1216 6922s
 10311  8849   38.99859  546 3375   40.00000   27.19191  32.0%  1216 6927s
 10312  8850   29.33566   68 3287   40.00000   27.19191  32.0%  1215 6939s
 10313  8850   31.02781  180 3088   40.00000   27.19867  32.0%  1215 6944s
 10314  8851   27.22492   32 3196   40.00000   27.20679  32.0%  1215 6946s
 10315  8852   27.54600   48 3220   40.00000   27.20704  32.0%  1215 6950s
 10316  8852   33.55135  190 2796   40.00000   27.21435  32.0%  1215 6960s
 10317  8853   33.21168  254 3016   40.00000   27.21435  32.0%  1215 6965s
 10318  8854   27.36709   44 2745   40.00000   27.22567  31.9%  1215 6976s
 10319  8854   32.35650  320 2862   40.00000   27.22567  31.9%  1215 6981s
 10320  8855   32.33212  166 2628   40.00000   27.22859  31.9%  1215 6991s
 10321  8856   29.59572   99 2880   40.00000   27.22859  31.9%  1214 6997s
 10322  8856   33.82815  263 2680   40.00000   27.22987  31.9%  1214 7011s
 10323  8857   38.68607  514 2854   40.00000   27.22987  31.9%  1214 7015s
 10324  8858   38.24450  657 2771   40.00000   27.23285  31.9%  1214 7027s
 10325  8858   33.55471  186 3005   40.00000   27.23285  31.9%  1214 7031s
 10326  8859   32.07538  155 2774   40.00000   27.23364  31.9%  1214 7043s
 10327  8860   27.37999   43 2980   40.00000   27.23364  31.9%  1214 7048s
 10328  8860   29.23697  105 2787   40.00000   27.23885  31.9%  1214 7059s
 10329  8861   33.25000  306 3003   40.00000   27.23885  31.9%  1213 7063s
 10330  8862   31.60630  225 2809   40.00000   27.23885  31.9%  1213 7075s
 10332  8863   35.08025  284 2815   40.00000   27.24219  31.9%  1213 7090s
 10333  8864   33.59801  213 3077   40.00000   27.24219  31.9%  1213 7095s
 10334  8864   29.73823  121 2807   40.00000   27.24219  31.9%  1213 7105s
 10336  8866   37.84672  445 2874   40.00000   27.24219  31.9%  1213 7120s
 10337  8866   33.92524  244 3037   40.00000   27.24219  31.9%  1213 7125s
 10338  8867   36.55075  315 2806   40.00000   27.24830  31.9%  1212 7137s
 10339  8868   33.49131  223 2989   40.00000   27.24830  31.9%  1212 7142s
 10340  8868   36.12438  515 2851   40.00000   27.25081  31.9%  1212 7153s
 10341  8869   30.97359  217 3063   40.00000   27.25098  31.9%  1212 7158s
 10342  8870   38.13113  342 2730   40.00000   27.25560  31.9%  1212 7169s
 10343  8870   35.17996  417 2919   40.00000   27.25560  31.9%  1212 7174s
 10344  8871   36.43822  353 2847   40.00000   27.26947  31.8%  1212 7185s

Cutting planes:
  Gomory: 1
  Cover: 233
  Implied bound: 147
  Projected implied bound: 32
  Clique: 94
  MIR: 111
  Mixing: 1
  StrongCG: 14
  Flow cover: 337
  GUB cover: 224
  Zero half: 122
  RLT: 123
  Relax-and-lift: 628

Explored 10345 nodes (14738232 simplex iterations) in 7198.96 seconds (11134.88 work units)
Thread count was 1 (of 16 available processors)

Solution count 10: 40 41 42 ... 51

Time limit reached
Best objective 4.000000000000e+01, best bound 2.800000000000e+01, gap 30.0000%

User-callback calls 1302699, time in user-callback 1.87 sec

 sepatime0
40.0Stat(MathOptInterface.TIME_LIMIT, 40.0, 28.0, 0.3, 0.0, 1.041488, 7198.964606046677, 10345, Main.CFLG.LEFPV, "", #undef)
