Data path: /scratch/opt/lxu/CFLG/benchmarks/random_A
Instance: r_20_0.4_69.txt
Result path: /scratch/opt/lxu/CFLG/results/random_A
Solver: Gurobi
Time limit: 7200
Formulation: LEFPAI
Cover: Large
julia --project=. src/main.jl /scratch/opt/lxu/CFLG/benchmarks/random_A r_20_0.4_69.txt /scratch/opt/lxu/CFLG/results/random_A Gurobi 7200 LEFPAI Large
The latest version of Julia in the `release` channel is 1.11.5+0.x64.linux.gnu. You currently have `1.11.4+0.x64.linux.gnu` installed. Run:

  juliaup update

in your terminal shell to install Julia 1.11.5+0.x64.linux.gnu and update the `release` channel to that version.
/scratch/opt/lxu/CFLG/benchmarks/random_A Gurobi 7200.0 /scratch/opt/lxu/CFLG/results/random_A r_20_0.4_69.txt LEFPAI Large
/scratch/opt/lxu/CFLG/benchmarks/random_A/r_20_0.4_69.txt

 read graph
data loaded

problem_graph/original graph: node: 20/20 edge: 69/69 dlt: 1.2450892085363634 break_avg_len: 0.6225446042681817 break_max_len: 0.9827397640132096Vbar/V, Ebar/E(20, 20, 69, 69)
(1, 5)(1, 6)(1, 12)(1, 14)(1, 15)(1, 18)(1, 19)(1, 20)(2, 3)(2, 4)(2, 5)(2, 6)(2, 10)(2, 12)(2, 13)(2, 15)(2, 20)(3, 4)(3, 15)(3, 17)(3, 20)(4, 10)(4, 14)(4, 19)(4, 20)(5, 8)(5, 11)(5, 13)(5, 15)(5, 17)(6, 8)(6, 16)(6, 18)(6, 19)(6, 20)(7, 12)(7, 15)(7, 18)(8, 14)(8, 16)(8, 19)(9, 12)(9, 15)(9, 17)(9, 19)(10, 11)(10, 15)(10, 19)(11, 12)(11, 14)(11, 16)(11, 20)(12, 13)(12, 14)(12, 15)(12, 16)(12, 17)(12, 18)(13, 14)(13, 15)(13, 19)(15, 17)(15, 18)(15, 19)(15, 20)(16, 17)(16, 20)(17, 18)(18, 20)(Dict{Int64, Float64}(), Int64[], 20, 69)Set parameter TokenServer to value "solice01.zib.de"
Set parameter Threads to value 1
Set parameter OutputFlag to value 1
Gurobi Optimizer version 12.0.1 build v12.0.1rc0 (linux64 - "Debian GNU/Linux 12 (bookworm)")

CPU model: Intel(R) Xeon(R) Gold 5122 CPU @ 3.60GHz, instruction set [SSE2|AVX|AVX2|AVX512]
Thread count: 8 physical cores, 16 logical processors, using up to 1 threads

Non-default parameters:
Threads  1

Optimize a model with 89 rows, 207 columns and 345 nonzeros
Model fingerprint: 0x5f857a89
Coefficient statistics:
  Matrix range     [1e+00, 1e+00]
  Objective range  [1e+00, 1e+00]
  Bounds range     [1e+00, 1e+00]
  RHS range        [0e+00, 0e+00]
Presolve removed 89 rows and 207 columns
Presolve time: 0.02s
Presolve: All rows and columns removed
Iteration    Objective       Primal Inf.    Dual Inf.      Time
       0   -0.0000000e+00   0.000000e+00   0.000000e+00      0s

Solved in 0 iterations and 0.02 seconds (0.00 work units)
Optimal objective -0.000000000e+00

User-callback calls 35, time in user-callback 0.00 sec
elapsed CPU time: 1.719695 seconds
Set parameter TokenServer to value "solice01.zib.de"
Set parameter Threads to value 1
Set parameter OutputFlag to value 1
Set parameter MIPGap to value 0.0001
Set parameter MIPGapAbs to value 0.999998
Set parameter TimeLimit to value 7198.280305

 more cuts: false 1.2450892085363634 false
is_attach:trueformulation:LEFPAI0 69 0

 model loaded

Gurobi Optimizer version 12.0.1 build v12.0.1rc0 (linux64 - "Debian GNU/Linux 12 (bookworm)")

CPU model: Intel(R) Xeon(R) Gold 5122 CPU @ 3.60GHz, instruction set [SSE2|AVX|AVX2|AVX512]
Thread count: 8 physical cores, 16 logical processors, using up to 1 threads

Non-default parameters:
TimeLimit  7198.280305
MIPGapAbs  0.999998
Threads  1

Optimize a model with 3259 rows, 2839 columns and 9530 nonzeros
Model fingerprint: 0x466857b5
Model has 2523 simple general constraints
  2523 INDICATOR
Variable types: 158 continuous, 2681 integer (2681 binary)
Coefficient statistics:
  Matrix range     [3e-01, 1e+00]
  Objective range  [1e+00, 1e+00]
  Bounds range     [3e-01, 1e+00]
  RHS range        [3e-01, 1e+00]
  GenCon rhs range [8e-04, 1e+00]
  GenCon coe range [1e+00, 1e+00]
Presolve added 1268 rows and 0 columns
Presolve removed 0 rows and 107 columns
Presolve time: 0.09s
Presolved: 4527 rows, 2732 columns, 15659 nonzeros
Variable types: 89 continuous, 2643 integer (2643 binary)
Found heuristic solution: objective 69.0000000
Found heuristic solution: objective 19.0000000
Found heuristic solution: objective 18.0000000

Root relaxation: objective 4.587494e-01, 1905 iterations, 0.05 seconds (0.10 work units)

    Nodes    |    Current Node    |     Objective Bounds      |     Work
 Expl Unexpl |  Obj  Depth IntInf | Incumbent    BestBd   Gap | It/Node Time

     0     0    0.45875    0  221   18.00000    0.45875  97.5%     -    0s
H    0     0                      13.0000000    0.45875  96.5%     -    0s
H    0     0                       2.0000000    0.45875  77.1%     -    0s
     0     0    0.68243    0  257    2.00000    0.68243  65.9%     -    0s
     0     0    0.71540    0  305    2.00000    0.71540  64.2%     -    0s
     0     0    1.00000    0  170    2.00000    1.00000  50.0%     -    0s
     0     0    1.00000    0  132    2.00000    1.00000  50.0%     -    0s
     0     0    1.00000    0  113    2.00000    1.00000  50.0%     -    0s
     0     0    1.00000    0  133    2.00000    1.00000  50.0%     -    0s
     0     0    1.00000    0   67    2.00000    1.00000  50.0%     -    1s
     0     0    1.00000    0  134    2.00000    1.00000  50.0%     -    1s
     0     0    1.00000    0  132    2.00000    1.00000  50.0%     -    1s
     0     0    1.00000    0  102    2.00000    1.00000  50.0%     -    1s
     0     0    1.00000    0   81    2.00000    1.00000  50.0%     -    1s
     0     0    1.00000    0   74    2.00000    1.00000  50.0%     -    1s
     0     0    1.00000    0  153    2.00000    1.00000  50.0%     -    2s
     0     0    1.00000    0  250    2.00000    1.00000  50.0%     -    2s
     0     0    1.00000    0  244    2.00000    1.00000  50.0%     -    2s
     0     0    1.00000    0  246    2.00000    1.00000  50.0%     -    2s
     0     0    1.00000    0  173    2.00000    1.00000  50.0%     -    2s
     0     0    1.00000    0   65    2.00000    1.00000  50.0%     -    4s
     0     0    1.00000    0  126    2.00000    1.00000  50.0%     -    4s
     0     0    1.00000    0  131    2.00000    1.00000  50.0%     -    4s
     0     0 infeasible    0         2.00000    2.00000  0.00%     -    4s

Explored 1 nodes (22365 simplex iterations) in 4.68 seconds (4.72 work units)
Thread count was 1 (of 16 available processors)

Solution count 7: 2 13 17 ... 69

Optimal solution found (tolerance 1.00e-04)
Best objective 2.000000000000e+00, best bound 2.000000000000e+00, gap 0.0000%

User-callback calls 1529, time in user-callback 0.00 sec

 sepatime0 0 0
2.0Stat(MathOptInterface.OPTIMAL, 2.0, 2.0, 0.0, 0.0, 1.719695, 4.681364059448242, 1, Main.CFLG.LEFPAI, "", #undef)
