Data path: /scratch/opt/lxu/CFLG/benchmarks/city
Instance: city_479.txt
Result path: /scratch/opt/lxu/CFLG/results/city
Solver: Gurobi
Time limit: 3600
Formulation: LEFPV
Cover: Small
julia --project=. src/main.jl /scratch/opt/lxu/CFLG/benchmarks/city city_479.txt /scratch/opt/lxu/CFLG/results/city Gurobi 3600 LEFPV Small
The latest version of Julia in the `release` channel is 1.11.5+0.x64.linux.gnu. You currently have `1.11.4+0.x64.linux.gnu` installed. Run:

  juliaup update

in your terminal shell to install Julia 1.11.5+0.x64.linux.gnu and update the `release` channel to that version.
/scratch/opt/lxu/CFLG/benchmarks/city Gurobi 3600.0 /scratch/opt/lxu/CFLG/results/city city_479.txt LEFPV Small
/scratch/opt/lxu/CFLG/benchmarks/city/city_479.txt

 read graph
data loaded


after absorb:310 374

max_piece:76
problem_graph/original graph: node: 368/374 edge: 473/479 dlt: 0.040567567689340535 break_avg_len: 0.1643286674265885 break_max_len: 3.033657483813635elapsed CPU time: 0.08153 seconds
Set parameter TokenServer to value "solice01.zib.de"
Set parameter Threads to value 1
Set parameter OutputFlag to value 1
Set parameter MIPGap to value 0.0001
Set parameter MIPGapAbs to value 1
Set parameter TimeLimit to value 3599.91847

 more cuts:false
formulation:LEFPV324 149 74
Set parameter PreCrush to value 1

 model loaded

Gurobi Optimizer version 12.0.1 build v12.0.1rc0 (linux64 - "Debian GNU/Linux 12 (bookworm)")

CPU model: Intel(R) Xeon(R) Gold 5122 CPU @ 3.60GHz, instruction set [SSE2|AVX|AVX2|AVX512]
Thread count: 8 physical cores, 16 logical processors, using up to 1 threads

Non-default parameters:
TimeLimit  3599.91847
MIPGapAbs  1
PreCrush  1
Threads  1

Optimize a model with 12011 rows, 6722 columns and 27501 nonzeros
Model fingerprint: 0xdf6e43c5
Variable types: 1787 continuous, 4935 integer (4935 binary)
Coefficient statistics:
  Matrix range     [1e-06, 3e+00]
  Objective range  [1e+00, 1e+00]
  Bounds range     [2e-04, 3e+00]
  RHS range        [6e-05, 3e+00]
Presolve removed 7129 rows and 3617 columns
Presolve time: 0.16s
Presolved: 4882 rows, 3105 columns, 18971 nonzeros
Variable types: 1004 continuous, 2101 integer (2101 binary)
Found heuristic solution: objective 1041.0000000

Root relaxation: objective 8.002491e+02, 2816 iterations, 0.04 seconds (0.03 work units)

    Nodes    |    Current Node    |     Objective Bounds      |     Work
 Expl Unexpl |  Obj  Depth IntInf | Incumbent    BestBd   Gap | It/Node Time

     0     0  800.24907    0  924 1041.00000  800.24907  23.1%     -    0s
H    0     0                    1032.0000000  800.24907  22.5%     -    0s
     0     0  842.70288    0  928 1032.00000  842.70288  18.3%     -    0s
     0     0  843.06669    0  899 1032.00000  843.06669  18.3%     -    0s
     0     0  843.15697    0  917 1032.00000  843.15697  18.3%     -    0s
     0     0  843.17308    0  914 1032.00000  843.17308  18.3%     -    0s
     0     0  843.17413    0  917 1032.00000  843.17413  18.3%     -    0s
     0     0  854.78267    0  834 1032.00000  854.78267  17.2%     -    0s
     0     0  855.45732    0  839 1032.00000  855.45732  17.1%     -    0s
     0     0  855.52287    0  885 1032.00000  855.52287  17.1%     -    0s
     0     0  855.64187    0  884 1032.00000  855.64187  17.1%     -    0s
     0     0  855.65141    0  887 1032.00000  855.65141  17.1%     -    0s
     0     0  862.10557    0  779 1032.00000  862.10557  16.5%     -    1s
     0     0  862.48144    0  777 1032.00000  862.48144  16.4%     -    1s
     0     0  862.49988    0  760 1032.00000  862.49988  16.4%     -    1s
     0     0  864.95424    0  784 1032.00000  864.95424  16.2%     -    1s
     0     0  865.25968    0  765 1032.00000  865.25968  16.2%     -    1s
     0     0  865.29073    0  780 1032.00000  865.29073  16.2%     -    1s
     0     0  865.29073    0  796 1032.00000  865.29073  16.2%     -    1s
     0     0  865.33309    0  785 1032.00000  865.33309  16.1%     -    1s
     0     0  865.35321    0  782 1032.00000  865.35321  16.1%     -    1s
     0     0  865.61007    0  789 1032.00000  865.61007  16.1%     -    1s
     0     0  865.61901    0  801 1032.00000  865.61901  16.1%     -    1s
     0     0  865.69864    0  778 1032.00000  865.69864  16.1%     -    1s
     0     0  865.69864    0  676 1032.00000  865.69864  16.1%     -    1s
H    0     0                     951.0000000  865.71351  8.97%     -    1s
     0     2  866.19864    0  642  951.00000  866.19864  8.92%     -    1s
H   54    54                     945.0000000  866.19864  8.34%  79.9    2s
H  390   363                     926.0000000  866.19864  6.46%  23.9    3s
H  390   363                     925.0000000  866.19864  6.36%  23.9    4s
H  390   363                     924.0000000  866.19864  6.26%  23.9    4s
H  397   368                     920.9999991  866.19864  5.95%  23.6    4s
   534   498  875.71704   77  676  921.00000  866.19864  5.95%  26.3    5s
   583   531  880.34981   86  585  921.00000  877.59078  4.71%  24.1   10s
   620   555  907.33737  293  652  921.00000  879.02460  4.56%  22.6   15s
H  639   537                     917.0000000  879.77305  4.06%  22.0   18s
   659   550  881.02124  105  703  917.00000  879.94476  4.04%  21.3   20s
H  687   542                     916.0000000  880.25273  3.90%   263   23s
   702   552  880.84582   33  593  916.00000  880.84582  3.84%   257   25s
H  731   541                     915.0000000  881.85297  3.62%   247   29s
   739   546  887.43160  151  686  915.00000  882.06142  3.60%   244   30s
H  744   521                     914.0000000  882.43156  3.45%   243   31s
   774   541  898.20866  248  595  914.00000  883.42633  3.35%   233   35s
   809   565  895.00000  202  668  914.00000  883.55840  3.33%   420   40s
H  826   547                     913.0000000  883.75501  3.20%   411   43s
   838   555  884.15070   17  674  913.00000  884.15070  3.16%   405   45s
   862   571  894.00000  187  609  913.00000  884.44366  3.13%   394   50s
  1270   844  907.77202  247  189  913.00000  884.78166  3.09%   388   55s
  1800  1162  908.36259  261  156  913.00000  884.78166  3.09%   283   60s
H 1997  1243                     912.0000000  884.92959  2.97%   261   63s
H 2132  1283                     911.0000000  884.92959  2.86%   247   64s
  2132  1285  899.75178  190  274  911.00000  884.92959  2.86%   247   65s
H 2557  1522                     910.0000000  884.92959  2.75%   212   69s
  2592  1559  899.80763  185  268  910.00000  884.92959  2.75%   210   70s
  3562  2479  906.27600  239  212  910.00000  885.30965  2.71%   163   75s
H 4075  2796                     909.0000000  885.33620  2.60%   148   79s
  4169  2892  890.16454   95  415  909.00000  885.33620  2.60%   147   80s
  5438  4116  904.94041  228  226  909.00000  885.34482  2.60%   120   85s
  6818  5405  899.59235  172  319  909.00000  885.40000  2.60%   103   90s
  7946  6448  886.76414   60  603  909.00000  885.41451  2.59%  93.9   95s
  8814  7273  893.49846  132  415  909.00000  885.41613  2.59%  89.4  101s
  9562  7964  890.56166   86  503  909.00000  885.45039  2.59%  85.6  105s
 10203  8567  892.52160  111  676  909.00000  885.45457  2.59%  82.7  117s
 10218  8577  891.05423   90  561  909.00000  885.45457  2.59%  82.6  120s
 10242  8593  887.49708   54  600  909.00000  885.97853  2.53%  82.4  125s
 10262  8606  894.94115  141  767  909.00000  886.18988  2.51%  82.3  130s
 10280  8618  890.67386  101  755  909.00000  886.34381  2.49%  82.1  135s
 10294  8628  901.55360  192  730  909.00000  886.82638  2.44%  82.0  140s
 10401  8701  891.87568  111  293  909.00000  886.95369  2.43%  95.9  145s
 10760  8924  891.11025  111  418  909.00000  886.95963  2.42%  94.3  150s
 11020  9067  887.61234   66  599  909.00000  886.98016  2.42%  93.1  155s
 11159  9159  894.43910  136  306  909.00000  886.98016  2.42%  93.0  160s
 11337  9278  901.51621  225  259  909.00000  886.98016  2.42%  92.1  165s
 11510  9373  890.75851   99  369  909.00000  887.00551  2.42%  91.7  170s
 11753  9534  904.80744  220  212  909.00000  887.00551  2.42%  90.6  175s
 12345  9876  889.80306   94  513  909.00000  887.06455  2.41%  89.1  180s
 13172 10382  890.73800  115  455  909.00000  887.14936  2.40%  87.3  185s
 14292 11069  900.36637  191  295  909.00000  887.18240  2.40%  83.6  190s
 15673 11886  888.55729   74  580  909.00000  887.25133  2.39%  79.2  195s
 16760 12537  894.00164  135  518  909.00000  887.32205  2.38%  77.0  200s
 18008 13233  893.08725  123  443  909.00000  887.41416  2.37%  74.5  205s
 18957 13807  901.67800  198  269  909.00000  887.42043  2.37%  73.3  210s
 20040 14395  895.61775  134  447  909.00000  887.42230  2.37%  72.0  215s
 21147 14963  890.33794   91  563  909.00000  887.43169  2.37%  70.4  220s
 22352 15637  887.93119   67  757  909.00000  887.43755  2.37%  68.7  227s
 22963 16012 infeasible  168       909.00000  887.44292  2.37%  68.3  230s
 24257 16734  894.50795  123  468  909.00000  887.47711  2.37%  67.0  235s
 25172 17216  895.17981  163  454  909.00000  887.48467  2.37%  66.3  240s
 26378 17884  907.30778  238  245  909.00000  887.49668  2.37%  65.6  245s
 27633 18588  887.68687   64  823  909.00000  887.52675  2.36%  64.8  250s
 28552 19119  907.28879  190  281  909.00000  887.53261  2.36%  64.4  255s
 29900 19899  887.69289   69  700  909.00000  887.56422  2.36%  63.6  260s
 31011 20539  905.03046  249  171  909.00000  887.57680  2.36%  63.3  265s
 32247 21212  907.24855  181  279  909.00000  887.58548  2.36%  62.6  270s
 33018 21617  892.63593  106  449  909.00000  887.59606  2.35%  62.2  275s
 33916 22130  888.56283   83  606  909.00000  887.59712  2.35%  61.7  280s
 35038 22778  905.28360  201  246  909.00000  887.60009  2.35%  61.2  285s
 36300 23529  890.54018   87  517  909.00000  887.61137  2.35%  60.5  290s
 37130 24288  904.01556  156  317  909.00000  887.61547  2.35%  60.4  295s
 38150 25206  899.17168  152  352  909.00000  887.61986  2.35%  60.0  300s
 39374 26316  892.90430   99  445  909.00000  887.62238  2.35%  59.5  305s
 40591 27410  901.60930  194  256  909.00000  887.62673  2.35%  59.2  310s
 41803 28448  888.05596   65  779  909.00000  887.63701  2.35%  58.8  315s
 42424 29015  895.59742  127  342  909.00000  887.64066  2.35%  58.7  320s
 43532 30048  906.78083  199  252  909.00000  887.64397  2.35%  58.2  325s
 44818 31185  891.96702  113  439  909.00000  887.65403  2.35%  57.9  330s
 46129 32317  895.38365  154  418  909.00000  887.66314  2.35%  57.5  335s
 47420 33501  890.70949   83  593  909.00000  887.66521  2.35%  57.2  340s
 48634 34593  899.99558  163  305  909.00000  887.66691  2.35%  56.8  345s
 49813 35654  889.58763   87  557  909.00000  887.67231  2.35%  56.5  350s
 50736 36507  903.32365  191  259  909.00000  887.67426  2.35%  56.3  355s
 52052 37648  890.15649   99  521  909.00000  887.67702  2.35%  55.8  360s
 53260 38716  892.37967  100  507  909.00000  887.68687  2.34%  55.6  365s
 53695 39125  897.68483  174  315  909.00000  887.68924  2.34%  55.5  370s
 54939 40209     cutoff  190       909.00000  887.69155  2.34%  55.1  375s
 56133 41281  890.04718   79  520  909.00000  887.69846  2.34%  54.9  380s
 57432 42396  888.75953   85  616  909.00000  887.70499  2.34%  54.6  385s
 58602 43358  889.95760   94  544  909.00000  887.71058  2.34%  54.3  390s
 59782 44416  893.87028  129  519  909.00000  887.71150  2.34%  54.1  395s
 61080 45574  888.55625   78  600  909.00000  887.71949  2.34%  53.9  400s
 62051 46438  887.99398   74  679  909.00000  887.72703  2.34%  53.8  405s
 62902 47211  895.32519  128  469  909.00000  887.72817  2.34%  53.8  410s
 64121 48313  892.10869  101  509  909.00000  887.72874  2.34%  53.6  415s
 65250 49297  891.48068  107  449  909.00000  887.73376  2.34%  53.5  421s
 66371 50314  898.88188  122  428  909.00000  887.73979  2.34%  53.3  425s
 67451 51290  893.54381  137  423  909.00000  887.74338  2.34%  53.2  430s
 68845 52541  907.00000  299   41  909.00000  887.74622  2.34%  53.0  435s
 70021 53597  890.77064  103  513  909.00000  887.75587  2.34%  52.8  440s
 70962 54450  889.51516  100  525  909.00000  887.76296  2.34%  52.7  445s
 72102 55483  894.90434  140  477  909.00000  887.76925  2.34%  52.5  450s
 73422 56649  891.02206   96  494  909.00000  887.77609  2.33%  52.3  455s
 74219 57351  887.82216   67  752  909.00000  887.77871  2.33%  52.1  460s
 75329 58351  907.59357  203  247  909.00000  887.78105  2.33%  52.0  467s
 75917 58886  906.00000  226  175  909.00000  887.78300  2.33%  52.0  470s
 76976 59823  895.39007  121  503  909.00000  887.78430  2.33%  51.9  475s
 78420 61055  902.53622  192  242  909.00000  887.78877  2.33%  51.8  480s
 79497 62005  892.19375   99  525  909.00000  887.79574  2.33%  51.6  485s
 80796 63178  893.49050  110  487  909.00000  887.80224  2.33%  51.5  490s
 82207 64457  888.64566   78  603  909.00000  887.80918  2.33%  51.3  496s
 83166 65308  893.98762  123  364  909.00000  887.81250  2.33%  51.3  500s
 84321 66380  900.12558  170  417  909.00000  887.81562  2.33%  51.1  505s
 85532 67486  888.05391   70  757  909.00000  887.81827  2.33%  51.1  510s
 86789 68604  890.41774   99  502  909.00000  887.82190  2.33%  51.0  515s
 88019 69760  901.66308  174  285  909.00000  887.82289  2.33%  50.9  520s
 88981 70616  893.74638  131  408  909.00000  887.82611  2.33%  50.8  525s
 90191 71668  888.42132   82  592  909.00000  887.83121  2.33%  50.7  530s
 91591 72911  888.09759   66  714  909.00000  887.83408  2.33%  50.6  535s
 92110 73358  888.94082   85  634  909.00000  887.83567  2.33%  50.6  540s
 93418 74558  908.00000  265   67  909.00000  887.83857  2.33%  50.5  545s
 94642 75649  898.21574  151  280  909.00000  887.84154  2.33%  50.3  550s
 95872 76747  907.16493  213  225  909.00000  887.84434  2.33%  50.2  555s
 96795 77525  888.02332   71  644  909.00000  887.85028  2.33%  50.2  560s
 97932 78528  904.95294  166  247  909.00000  887.85239  2.33%  50.1  565s
 99043 79521  906.42992  205  275  909.00000  887.85361  2.33%  50.0  570s
 99840 80214  889.51985   76  683  909.00000  887.85487  2.33%  50.0  575s
 101149 81404  891.53449  125  507  909.00000  887.85593  2.33%  49.9  580s
 102422 82511  891.80120  103  428  909.00000  887.85593  2.33%  49.9  585s
 103764 83728  905.50992  228  215  909.00000  887.85593  2.33%  49.8  590s
 104690 84531  907.90266  181  321  909.00000  887.85662  2.33%  49.8  595s
 106096 85726  892.28807   98  555  909.00000  887.86080  2.33%  49.7  600s
 107300 86798  904.51061  252  169  909.00000  887.86256  2.33%  49.6  605s
 108315 87663  895.61281  150  352  909.00000  887.86506  2.33%  49.5  610s
 109064 88307  888.32428   72  746  909.00000  887.86602  2.32%  49.5  615s
 110066 89220  893.32059  114  403  909.00000  887.86730  2.32%  49.4  620s
 111335 90366  892.04623  101  542  909.00000  887.87021  2.32%  49.3  625s
 112732 91609  888.36578   69  719  909.00000  887.87349  2.32%  49.3  630s
 114143 92866  905.94566  232  217  909.00000  887.87416  2.32%  49.2  635s
 115333 93846  892.99636  109  501  909.00000  887.87632  2.32%  49.2  640s
 116719 95080  896.09681  142  444  909.00000  887.87742  2.32%  49.1  645s
 117912 96155  890.29166   88  565  909.00000  887.88145  2.32%  49.0  650s
 119132 97269  891.83076  115  498  909.00000  887.88326  2.32%  49.0  655s
 120322 98380  907.26034  252  281  909.00000  887.88436  2.32%  48.9  660s
 121505 99435  891.87226  112  511  909.00000  887.88580  2.32%  48.9  665s
 122678 100463  891.79468  102  514  909.00000  887.88846  2.32%  48.9  670s
 123964 101627  899.92426  174  347  909.00000  887.89263  2.32%  48.8  675s
 125136 102696  896.38755  132  444  909.00000  887.89722  2.32%  48.8  680s
 126252 103622  888.76589   74  695  909.00000  887.89895  2.32%  48.8  685s
 127688 104913  887.97755   70  729  909.00000  887.90019  2.32%  48.6  690s
 128833 105994  906.25400  184  263  909.00000  887.90031  2.32%  48.7  695s
 130348 107250  888.00268   75  793  909.00000  887.90137  2.32%  48.6  700s
 131501 108299  901.14288  181  282  909.00000  887.90180  2.32%  48.6  705s
 132913 109541  890.36491   90  519  909.00000  887.90272  2.32%  48.5  710s
 134195 110681  891.84526   97  565  909.00000  887.90281  2.32%  48.5  715s
 135505 111853  895.42249  128  476  909.00000  887.90414  2.32%  48.5  720s
 137031 113212  906.71734  197  293  909.00000  887.90638  2.32%  48.3  725s
 138301 114372  888.25791   79  621  909.00000  887.90867  2.32%  48.3  730s
 139554 115502  887.96115   70  773  909.00000  887.91024  2.32%  48.3  735s
 140723 116555  893.53153  119  535  909.00000  887.91049  2.32%  48.3  740s
 142104 117779  888.21737   65  754  909.00000  887.91125  2.32%  48.3  745s
 143357 118905  888.09478   68  762  909.00000  887.91281  2.32%  48.2  750s
 144959 120337  906.50346  196  255  909.00000  887.91309  2.32%  48.1  755s
 146011 121256  888.56698   70  748  909.00000  887.91460  2.32%  48.0  760s
 147182 122345  905.63095  149  339  909.00000  887.91509  2.32%  48.0  765s
 148283 123279  890.47942   99  548  909.00000  887.91572  2.32%  48.0  770s
 149399 124289  891.08287   92  514  909.00000  887.91572  2.32%  47.9  775s
 150661 125410  890.64847  102  569  909.00000  887.91572  2.32%  47.9  780s
 151907 126526  889.35328   85  609  909.00000  887.91572  2.32%  47.9  785s
 153091 127601  895.52636  136  345  909.00000  887.91572  2.32%  47.9  790s
 154243 128610  903.38355  192  256  909.00000  887.91572  2.32%  47.8  795s
 155573 129789  905.11693  219  256  909.00000  887.91572  2.32%  47.8  800s
 156678 130757  908.00000  278  133  909.00000  887.91663  2.32%  47.8  805s
 158085 131991  888.00438   75  788  909.00000  887.91788  2.32%  47.8  810s
 159214 132992  892.12306  112  498  909.00000  887.91788  2.32%  47.8  815s
 160347 133997  887.93252   72  689  909.00000  887.91788  2.32%  47.8  820s
 161449 134994  889.99912   98  521  909.00000  887.91847  2.32%  47.8  825s
 162913 136268  898.07902  155  343  909.00000  887.92022  2.32%  47.7  830s
 164170 137384  900.70383  175  313  909.00000  887.92053  2.32%  47.7  835s
 165330 138389  895.40500  131  402  909.00000  887.92089  2.32%  47.7  840s
 166824 139618  887.95104   77  688  909.00000  887.92148  2.32%  47.7  845s
 168079 140719  896.49477  139  372  909.00000  887.92209  2.32%  47.7  850s
 169436 141934  898.46599  136  430  909.00000  887.92258  2.32%  47.6  855s
 170816 143158  889.18965   89  610  909.00000  887.92375  2.32%  47.5  860s
 172183 144381  903.44182  191  278  909.00000  887.92466  2.32%  47.5  865s
 173346 145442  890.22426   96  486  909.00000  887.92489  2.32%  47.5  870s
 174606 146512  897.15180  145  323  909.00000  887.92688  2.32%  47.5  875s
 176074 147814  893.11066  124  442  909.00000  887.92773  2.32%  47.5  880s
 177300 148919  890.51612  101  585  909.00000  887.92950  2.32%  47.5  885s
 178494 149953  894.72987  111  460  909.00000  887.93047  2.32%  47.5  890s
 179841 151168  908.00000  222  119  909.00000  887.93132  2.32%  47.4  895s
 181297 152442  890.83146  100  451  909.00000  887.93166  2.32%  47.4  900s
 182446 153453  889.06617   89  552  909.00000  887.93252  2.32%  47.4  905s
 183711 154586  896.77289  128  402  909.00000  887.93316  2.32%  47.4  910s
 185079 155790  888.36237   78  621  909.00000  887.93514  2.32%  47.4  915s
 186251 156847  898.59527  131  343  909.00000  887.93635  2.32%  47.4  920s
 187668 158149  893.19060  114  446  909.00000  887.93764  2.32%  47.3  925s
 188932 159253  888.12540   75  742  909.00000  887.93900  2.32%  47.3  930s
 190226 160433  892.01596  116  447  909.00000  887.94037  2.32%  47.3  935s
 191544 161612  901.84577  185  257  909.00000  887.94090  2.32%  47.3  940s
 192974 162865  906.09305  196  266  909.00000  887.94105  2.32%  47.2  945s
 194190 163957  894.53386  114  457  909.00000  887.94152  2.32%  47.2  950s
 195659 165280  888.56568   79  694  909.00000  887.94224  2.32%  47.1  955s
 197176 166589  894.12278  113  447  909.00000  887.94280  2.32%  47.1  960s
 198482 167785  888.31794   81  696  909.00000  887.94282  2.32%  47.1  965s
 199792 168935  888.94072   95  598  909.00000  887.94282  2.32%  47.0  970s
 201214 170210  903.44409  172  261  909.00000  887.94282  2.32%  47.0  975s
 202396 171272  888.56379   81  654  909.00000  887.94282  2.32%  47.0  980s
 203773 172429  903.58014  197  263  909.00000  887.94297  2.32%  46.9  985s
 205150 173669  887.94348   72  692  909.00000  887.94297  2.32%  46.9  990s
 206409 174808  903.74836  197  295  909.00000  887.94297  2.32%  46.9  995s
 207814 176071  889.46017   86  571  909.00000  887.94312  2.32%  46.8 1000s
 209180 177328  898.23884  165  364  909.00000  887.94338  2.32%  46.8 1005s
 210491 178486  889.94682   89  536  909.00000  887.94391  2.32%  46.8 1010s
 211918 179736  889.70632   98  572  909.00000  887.94587  2.32%  46.8 1015s
 213210 180897  899.13080  161  266  909.00000  887.94634  2.32%  46.7 1020s
 214361 181858  888.32854   74  732  909.00000  887.94680  2.32%  46.8 1025s
 215649 182980  888.06017   74  793  909.00000  887.94793  2.32%  46.7 1030s
 216811 184040  893.26474  126  445  909.00000  887.94888  2.32%  46.7 1035s
 218275 185313  888.08985   78  685  909.00000  887.94894  2.32%  46.7 1040s
 219597 186462  906.28353  252  248  909.00000  887.94958  2.32%  46.7 1045s
 220644 187353  888.10259   76  672  909.00000  887.95010  2.32%  46.6 1050s
 222106 188600  905.83897  177  260  909.00000  887.95141  2.32%  46.6 1055s
 223163 189500  893.20071  104  542  909.00000  887.95271  2.32%  46.6 1060s
 224471 190587  888.15882   73  674  909.00000  887.95390  2.32%  46.5 1065s
 225711 191655  889.69874  104  519  909.00000  887.95504  2.32%  46.5 1070s
 226763 192629  903.67899  164  355  909.00000  887.95541  2.32%  46.5 1075s
 228199 193912  906.73723  206  275  909.00000  887.95579  2.32%  46.5 1080s
 229426 195002  893.11105  115  533  909.00000  887.95670  2.31%  46.5 1085s
 230678 196128  889.90220   97  463  909.00000  887.95712  2.31%  46.5 1090s
 231898 197176  889.87591   88  546  909.00000  887.95775  2.31%  46.5 1095s
 233380 198542  900.11198  153  327  909.00000  887.95853  2.31%  46.5 1100s
 234714 199743  888.29911   87  649  909.00000  887.95909  2.31%  46.4 1105s
 236129 201014  893.43315  106  498  909.00000  887.96059  2.31%  46.4 1110s
 237388 202116  898.51584  136  410  909.00000  887.96119  2.31%  46.3 1115s
 238748 203351  888.06476   70  698  909.00000  887.96182  2.31%  46.3 1120s
 239991 204490  891.90451  108  507  909.00000  887.96213  2.31%  46.3 1125s
 241346 205697  900.35071  148  333  909.00000  887.96288  2.31%  46.3 1130s
 242372 206597  888.54872   81  697  909.00000  887.96311  2.31%  46.3 1135s
 243643 207723  890.41465   95  559  909.00000  887.96386  2.31%  46.2 1140s
 244989 208925  890.21578   87  632  909.00000  887.96472  2.31%  46.2 1145s
 246328 210109  889.40273   85  646  909.00000  887.96506  2.31%  46.2 1150s
 247207 210911  904.01219  202  248  909.00000  887.96538  2.31%  46.2 1155s
 248649 212172  889.07597   79  676  909.00000  887.96608  2.31%  46.2 1160s
 249875 213320  894.54814  132  499  909.00000  887.96652  2.31%  46.2 1165s
 251294 214535  896.91478  160  418  909.00000  887.96724  2.31%  46.1 1170s
 252504 215603  891.95074  105  548  909.00000  887.96890  2.31%  46.1 1175s
 253626 216579  892.44092  116  529  909.00000  887.96915  2.31%  46.1 1180s
 255062 217795  888.66383   82  599  909.00000  887.96980  2.31%  46.1 1185s
 256270 218857  896.87872  142  388  909.00000  887.97046  2.31%  46.1 1190s
 256960 219476  908.00000  222  185  909.00000  887.97072  2.31%  46.1 1195s
 257972 220378  888.36100   72  747  909.00000  887.97164  2.31%  46.1 1204s
 258136 220523  890.35894   97  557  909.00000  887.97168  2.31%  46.1 1205s
 259190 221434  904.71995  200  251  909.00000  887.97180  2.31%  46.1 1210s
 260475 222574  895.03974  119  574  909.00000  887.97225  2.31%  46.1 1215s
 261863 223798  890.05311   93  590  909.00000  887.97310  2.31%  46.1 1220s
 262412 224289  893.53586  115  406  909.00000  887.97464  2.31%  46.1 1225s
 263668 225423  900.98785  198  328  909.00000  887.97520  2.31%  46.1 1230s
 265016 226580  888.77980   72  792  909.00000  887.97564  2.31%  46.1 1235s
 266219 227666  899.15223  152  402  909.00000  887.97644  2.31%  46.1 1240s
 267422 228708  888.35753   76  777  909.00000  887.97693  2.31%  46.1 1245s
 268736 229876  888.04922   72  717  909.00000  887.97734  2.31%  46.0 1250s
 270151 231141  888.14793   72  710  909.00000  887.97761  2.31%  46.0 1255s
 271434 232308  894.50212  127  441  909.00000  887.97870  2.31%  46.0 1260s
 272908 233636  888.62995   79  625  909.00000  887.97871  2.31%  46.0 1265s
 274088 234688  889.48158   95  557  909.00000  887.97871  2.31%  46.0 1270s
 275312 235809  891.15842  109  577  909.00000  887.97871  2.31%  46.0 1275s
 276560 236951  897.65918  140  365  909.00000  887.97887  2.31%  46.0 1280s
 277920 238138  895.54197  150  407  909.00000  887.97901  2.31%  46.0 1285s
 279182 239259  895.75312  130  419  909.00000  887.97989  2.31%  45.9 1290s
 280555 240472  902.04623  179  257  909.00000  887.98052  2.31%  45.9 1295s
 281763 241525  889.36150   81  625  909.00000  887.98167  2.31%  45.9 1300s
 283163 242790  888.09537   72  785  909.00000  887.98273  2.31%  45.9 1305s
 284484 243937  893.45916  120  417  909.00000  887.98300  2.31%  45.9 1310s
 285981 245310  888.41587   74  734  909.00000  887.98339  2.31%  45.8 1315s
 287423 246571  907.31246  244  214  909.00000  887.98435  2.31%  45.8 1320s
 288656 247650  890.62839   99  508  909.00000  887.98605  2.31%  45.8 1325s
 289937 248829  901.51663  154  368  909.00000  887.98703  2.31%  45.8 1330s
 291237 250000  891.62383  105  473  909.00000  887.98703  2.31%  45.8 1335s
 292448 251110  902.04180  160  300  909.00000  887.98808  2.31%  45.8 1340s
 293540 252077  890.58140  102  521  909.00000  887.98841  2.31%  45.8 1345s
 294903 253297  890.40219   95  620  909.00000  887.98870  2.31%  45.8 1350s
 296115 254377  890.27333   85  633  909.00000  887.98922  2.31%  45.8 1355s
 297467 255529  906.43226  196  247  909.00000  887.98986  2.31%  45.7 1360s
 298735 256659  892.29667  113  412  909.00000  887.99102  2.31%  45.7 1365s
 300191 257943  893.15924   93  467  909.00000  887.99260  2.31%  45.7 1370s
 301598 259223  905.74900  189  251  909.00000  887.99322  2.31%  45.7 1375s
 302642 260144  893.38700  128  412  909.00000  887.99398  2.31%  45.6 1380s
 304190 261483  888.80020   79  611  909.00000  887.99527  2.31%  45.6 1385s
 305607 262700  907.08558  175  283  909.00000  887.99659  2.31%  45.6 1390s
 306932 263823  893.98697  119  461  909.00000  887.99741  2.31%  45.6 1395s
 308057 264814  892.26428  104  492  909.00000  887.99868  2.31%  45.6 1400s
 309371 266001  894.42605  114  496  909.00000  887.99924  2.31%  45.6 1405s
 310657 267132  890.39470   88  622  909.00000  887.99980  2.31%  45.6 1410s
 311880 268209  891.81772  103  590  909.00000  888.00055  2.31%  45.6 1416s
 312932 269147  907.13620  216  315  909.00000  888.00105  2.31%  45.6 1420s
 314063 270136  895.30245  132  385  909.00000  888.00189  2.31%  45.6 1425s
 315466 271388  893.69512  117  497  909.00000  888.00229  2.31%  45.6 1430s
 316697 272494  888.18337   78  707  909.00000  888.00304  2.31%  45.6 1435s
 317966 273619  892.77244  121  521  909.00000  888.00372  2.31%  45.6 1440s
 319229 274744  888.46080   70  741  909.00000  888.00467  2.31%  45.6 1445s
 320544 275902  888.84539   85  663  909.00000  888.00492  2.31%  45.6 1450s
 321929 277138  906.92486  222  222  909.00000  888.00533  2.31%  45.5 1455s
 322842 277944  888.35103   76  748  909.00000  888.00573  2.31%  45.5 1460s
 324123 279078     cutoff  209       909.00000  888.00647  2.31%  45.5 1465s
 325322 280159  896.82017  141  344  909.00000  888.00706  2.31%  45.5 1470s
 326740 281405  905.21423  203  226  909.00000  888.00742  2.31%  45.5 1475s
 328024 282506  888.44728   79  784  909.00000  888.00777  2.31%  45.5 1480s
 329303 283677  891.67097   95  536  909.00000  888.00829  2.31%  45.5 1485s
 330667 284916  904.17373  186  295  909.00000  888.00872  2.31%  45.4 1490s
 332108 286163  888.67509   79  721  909.00000  888.00944  2.31%  45.4 1495s
 333045 287052  899.60128  173  308  909.00000  888.00946  2.31%  45.4 1500s
 334377 288206  888.36219   79  748  909.00000  888.01042  2.31%  45.4 1505s
 335662 289355  888.06236   77  755  909.00000  888.01117  2.31%  45.4 1510s
 336696 290299  890.54460  101  489  909.00000  888.01174  2.31%  45.5 1515s
 337236 290804  896.58378  139  332  909.00000  888.01180  2.31%  45.4 1520s
 338603 291901  899.45927  158  511  909.00000  888.01298  2.31%  45.4 1525s
 339898 293066  892.64529  111  520  909.00000  888.01326  2.31%  45.4 1530s
 341551 294529  907.18081  222  193  909.00000  888.01343  2.31%  45.3 1535s
 342601 295415  896.23151  131  450  909.00000  888.01377  2.31%  45.3 1540s
 343791 296460  888.45575   73  680  909.00000  888.01455  2.31%  45.3 1545s
 345115 297622  907.00044  192  239  909.00000  888.01509  2.31%  45.3 1550s
 346544 298908  889.19525   81  648  909.00000  888.01545  2.31%  45.3 1555s
 347377 299666  888.70948   80  665  909.00000  888.01576  2.31%  45.3 1560s
 348659 300820  889.18581   79  726  909.00000  888.01633  2.31%  45.3 1565s
 350124 302156 infeasible  204       909.00000  888.01653  2.31%  45.3 1570s
 351344 303213  891.00010  114  555  909.00000  888.01690  2.31%  45.3 1575s
 352635 304356  888.44318   81  618  909.00000  888.01748  2.31%  45.3 1580s
 353982 305561  888.64687   71  811  909.00000  888.01778  2.31%  45.2 1585s
 355284 306684  890.55611   99  556  909.00000  888.01860  2.31%  45.2 1590s
 356673 307926  891.35884   97  519  909.00000  888.01877  2.31%  45.2 1595s
 358063 309175  888.41468   78  659  909.00000  888.01883  2.31%  45.2 1600s
 359459 310418  889.41939   93  582  909.00000  888.01904  2.31%  45.2 1605s
 360876 311680  891.32713  100  539  909.00000  888.01935  2.31%  45.2 1610s
 362008 312699  899.99488  155  385  909.00000  888.01971  2.31%  45.2 1615s
 363458 313927  888.25912   71  815  909.00000  888.02075  2.31%  45.1 1620s
 364728 315040  898.93725  138  377  909.00000  888.02082  2.31%  45.1 1625s
 366070 316203  889.47483   75  788  909.00000  888.02138  2.31%  45.1 1630s
 367309 317340  897.55441  149  441  909.00000  888.02153  2.31%  45.1 1635s
 368432 318296  896.47895  136  449  909.00000  888.02199  2.31%  45.1 1640s
 369774 319520  902.09278  183  311  909.00000  888.02237  2.31%  45.1 1645s
 371061 320660  890.70961   94  641  909.00000  888.02273  2.31%  45.1 1650s
 372434 321881  904.00312  178  254  909.00000  888.02325  2.31%  45.1 1655s
 373682 322975  889.67671   83  593  909.00000  888.02360  2.31%  45.1 1660s
 374889 324058  899.99833  173  292  909.00000  888.02377  2.31%  45.1 1665s
 376410 325436  888.56638   76  751  909.00000  888.02409  2.31%  45.1 1670s
 377602 326468  893.43140  114  495  909.00000  888.02447  2.31%  45.1 1675s
 378990 327690  903.28622  192  272  909.00000  888.02455  2.31%  45.1 1680s
 380314 328864  896.24521  123  448  909.00000  888.02465  2.31%  45.1 1685s
 380760 329257  892.33319  108  514  909.00000  888.02489  2.31%  45.1 1690s
 382180 330545  900.14143  171  330  909.00000  888.02489  2.31%  45.0 1695s
 383144 331408  891.42036  113  558  909.00000  888.02502  2.31%  45.0 1700s
 384173 332339  899.85040  147  290  909.00000  888.02539  2.31%  45.0 1705s
 385659 333650  896.27699  141  417  909.00000  888.02599  2.31%  45.0 1710s
 386489 334377  893.47156  117  440  909.00000  888.02638  2.31%  45.0 1715s
 387894 335627  889.43373   84  647  909.00000  888.02679  2.31%  45.0 1720s
 388928 336549  888.49524   81  690  909.00000  888.02785  2.31%  45.0 1725s
 390370 337839  888.18779   74  778  909.00000  888.02819  2.31%  45.0 1730s
 391845 339135  888.09786   68  759  909.00000  888.02923  2.31%  45.0 1735s
 393016 340176  897.45313  150  283  909.00000  888.02946  2.31%  44.9 1740s
 394241 341257  900.39135  171  366  909.00000  888.02990  2.31%  44.9 1745s
 395748 342584  902.20670  175  295  909.00000  888.03044  2.31%  44.9 1750s
 397043 343735  890.40505   91  565  909.00000  888.03114  2.31%  44.9 1755s
 398446 344983  888.17575   74  736  909.00000  888.03164  2.31%  44.9 1760s
 399718 346144  903.10788  195  259  909.00000  888.03231  2.31%  44.9 1765s
 400847 347141  898.65716  130  356  909.00000  888.03285  2.31%  44.9 1770s
 402289 348409  888.70324   90  610  909.00000  888.03311  2.31%  44.9 1775s
 403158 349179  891.66061  114  530  909.00000  888.03357  2.31%  44.9 1780s
 404431 350316  896.28573  158  439  909.00000  888.03425  2.31%  44.9 1785s
 405810 351534  889.57840   82  574  909.00000  888.03490  2.31%  44.9 1790s
 407190 352711  888.53361   71  762  909.00000  888.03641  2.31%  44.8 1795s
 408270 353699  890.04422   98  622  909.00000  888.03642  2.31%  44.9 1800s
 409712 354999  900.24753  161  254  909.00000  888.03672  2.31%  44.8 1805s
 410936 356077  906.00000  231  140  909.00000  888.03754  2.31%  44.8 1810s
 412338 357319  892.74317  119  516  909.00000  888.03770  2.31%  44.8 1815s
 413587 358433  898.24941  150  306  909.00000  888.03819  2.31%  44.8 1820s
 414988 359616  891.68943   98  522  909.00000  888.03841  2.31%  44.8 1825s
 416308 360824  898.82265  159  358  909.00000  888.03907  2.31%  44.8 1830s
 417792 362144  891.44479   95  528  909.00000  888.03941  2.31%  44.8 1835s
 419065 363334  902.99886  199  318  909.00000  888.03952  2.31%  44.8 1840s
 420349 364453  895.14209  148  362  909.00000  888.03982  2.31%  44.8 1845s
 421565 365543  906.13423  192  214  909.00000  888.04045  2.31%  44.8 1850s
 422929 366740  889.76305   79  689  909.00000  888.04135  2.31%  44.8 1855s
 423443 367206  906.22608  185  306  909.00000  888.04160  2.31%  44.8 1863s
 423698 367437  902.66756  161  280  909.00000  888.04160  2.31%  44.8 1865s
 424922 368432  888.72285   83  628  909.00000  888.04228  2.31%  44.7 1870s
 426216 369615  906.82945  217  245  909.00000  888.04260  2.31%  44.7 1875s
 427479 370704  893.57728  118  468  909.00000  888.04298  2.31%  44.7 1880s
 428868 371946  888.72507   72  755  909.00000  888.04362  2.31%  44.7 1885s
 430207 373149  902.04078  140  306  909.00000  888.04421  2.31%  44.7 1890s
 431492 374256  895.08079  125  525  909.00000  888.04443  2.31%  44.7 1895s
 432800 375397  895.73723  153  454  909.00000  888.04518  2.31%  44.7 1900s
 434010 376411  889.61308   85  604  909.00000  888.04577  2.31%  44.7 1905s
 435437 377669  896.63896  131  464  909.00000  888.04599  2.31%  44.7 1910s
 436622 378713  894.79177  136  412  909.00000  888.04627  2.31%  44.7 1915s
 437962 379888     cutoff  215       909.00000  888.04627  2.31%  44.7 1920s
 438680 380517  895.25307  132  397  909.00000  888.04627  2.31%  44.7 1925s
 439964 381682  895.40384  112  465  909.00000  888.04689  2.31%  44.7 1930s
 441409 382952  890.11704   93  582  909.00000  888.04753  2.31%  44.6 1935s
 442662 384048  889.22425   72  643  909.00000  888.04851  2.30%  44.6 1940s
 443727 384997  888.75269   90  641  909.00000  888.04871  2.30%  44.6 1945s
 444822 385975  891.57702   97  517  909.00000  888.04921  2.30%  44.6 1950s
 446243 387219  890.53485   92  516  909.00000  888.04960  2.30%  44.6 1955s
 447716 388564  891.43802  101  511  909.00000  888.04991  2.30%  44.6 1960s
 448918 389659  901.59115  196  272  909.00000  888.05038  2.30%  44.6 1965s
 450186 390775  891.23275  111  565  909.00000  888.05066  2.30%  44.6 1970s
 451597 392031  889.05613   91  648  909.00000  888.05110  2.30%  44.6 1975s
 452811 393089  893.38777  116  430  909.00000  888.05208  2.30%  44.6 1980s
 453869 394027  898.39271  150  420  909.00000  888.05236  2.30%  44.6 1985s
 455228 395195  888.08689   65  697  909.00000  888.05288  2.30%  44.6 1990s
 456634 396424  888.71715   83  663  909.00000  888.05386  2.30%  44.6 1995s
 457914 397557  897.93267  159  392  909.00000  888.05390  2.30%  44.6 2000s
 459119 398616  889.92561   90  668  909.00000  888.05397  2.30%  44.6 2005s
 460478 399823  889.72902   89  612  909.00000  888.05442  2.30%  44.6 2010s
 461821 400989  890.12429   85  605  909.00000  888.05515  2.30%  44.6 2015s
 463238 402243  893.48830  126  540  909.00000  888.05578  2.30%  44.6 2020s
 464038 402951  891.98558  109  466  909.00000  888.05603  2.30%  44.6 2025s
 465358 404146  893.60414  115  547  909.00000  888.05619  2.30%  44.6 2030s
 466807 405438  908.00000  283   78  909.00000  888.05633  2.30%  44.6 2035s
 468180 406671  888.51603   83  681  909.00000  888.05676  2.30%  44.5 2040s
 469129 407543  903.34907  192  302  909.00000  888.05698  2.30%  44.6 2045s
 470452 408684     cutoff  203       909.00000  888.05772  2.30%  44.5 2050s
 471955 410001  888.21571   69  766  909.00000  888.05811  2.30%  44.5 2055s
 473144 411013  888.54735   76  767  909.00000  888.05857  2.30%  44.5 2060s
 474153 411929  894.60944  132  444  909.00000  888.05903  2.30%  44.5 2065s
 475474 413090  904.40647  196  267  909.00000  888.05919  2.30%  44.5 2070s
 476594 414022  892.90332  120  502  909.00000  888.05944  2.30%  44.5 2075s
 477990 415239  888.23503   75  781  909.00000  888.06032  2.30%  44.5 2080s
 479224 416324  906.63956  194  322  909.00000  888.06060  2.30%  44.5 2085s
 480395 417376 infeasible  207       909.00000  888.06168  2.30%  44.5 2090s
 481776 418625  888.11587   67  751  909.00000  888.06220  2.30%  44.5 2095s
 483039 419768  898.77154  137  386  909.00000  888.06287  2.30%  44.5 2100s
 484295 420838  903.57351  176  347  909.00000  888.06338  2.30%  44.5 2105s
 485470 421879  891.33402  108  563  909.00000  888.06338  2.30%  44.5 2110s
 486863 423104  892.13244  106  522  909.00000  888.06406  2.30%  44.5 2115s
 488204 424297  902.16619  166  324  909.00000  888.06419  2.30%  44.5 2120s
 489366 425328  898.80675  155  348  909.00000  888.06476  2.30%  44.5 2125s
 490502 426329  890.45297   95  602  909.00000  888.06494  2.30%  44.5 2130s
 491919 427509  888.52919   80  672  909.00000  888.06509  2.30%  44.5 2135s
 493420 428861  904.46844  177  273  909.00000  888.06528  2.30%  44.5 2140s
 494437 429716  892.06879   98  540  909.00000  888.06554  2.30%  44.5 2145s
 495639 430760  888.38164   79  781  909.00000  888.06597  2.30%  44.5 2150s
 496916 431820  890.00759   82  630  909.00000  888.06652  2.30%  44.5 2155s
 498189 432933  889.58723   93  665  909.00000  888.06702  2.30%  44.5 2160s
 499401 433999  888.69311   82  745  909.00000  888.06742  2.30%  44.5 2165s
 500147 434650  890.79287   96  492  909.00000  888.06754  2.30%  44.5 2170s
 501468 435782  895.23190  145  410  909.00000  888.06786  2.30%  44.5 2175s
 502764 436911  888.66681   83  686  909.00000  888.06872  2.30%  44.5 2180s
 503725 437771  893.49097  125  516  909.00000  888.06915  2.30%  44.5 2186s
 504537 438468  895.77202  131  385  909.00000  888.06929  2.30%  44.5 2190s
 505769 439558  897.17040  149  444  909.00000  888.06971  2.30%  44.5 2195s
 507040 440681  890.02511   78  609  909.00000  888.07029  2.30%  44.5 2200s
 508524 441982  907.28543  227  226  909.00000  888.07085  2.30%  44.5 2205s
 509523 442840  892.97923  119  443  909.00000  888.07118  2.30%  44.5 2210s
 510634 443810  888.84462   74  788  909.00000  888.07156  2.30%  44.5 2215s
 512027 444986  888.48362   78  785  909.00000  888.07238  2.30%  44.5 2220s
 513326 446133  888.65972   73  649  909.00000  888.07296  2.30%  44.5 2225s
 514703 447329  890.66171  105  566  909.00000  888.07310  2.30%  44.5 2230s
 515771 448277  907.23049  195  270  909.00000  888.07360  2.30%  44.5 2235s
 517107 449453  890.30679   85  623  909.00000  888.07382  2.30%  44.4 2240s
 518558 450735  893.53704  104  567  909.00000  888.07435  2.30%  44.4 2245s
 519792 451841  889.35196   92  577  909.00000  888.07453  2.30%  44.4 2251s
 520494 452470  889.84252   89  631  909.00000  888.07470  2.30%  44.4 2255s
 521811 453681  904.74172  200  278  909.00000  888.07488  2.30%  44.4 2260s
 523092 454800  890.27495   90  525  909.00000  888.07541  2.30%  44.4 2265s
 524468 456008  892.80285  111  502  909.00000  888.07566  2.30%  44.4 2270s
 525376 456818  904.33649  198  242  909.00000  888.07626  2.30%  44.4 2275s
 526812 458083  891.54721  100  545  909.00000  888.07687  2.30%  44.4 2280s
 528208 459304  891.10387   98  586  909.00000  888.07797  2.30%  44.4 2285s
 529544 460469  890.06340   84  675  909.00000  888.07853  2.30%  44.4 2290s
 530664 461418  895.40466  113  448  909.00000  888.07935  2.30%  44.4 2295s
 532017 462667  903.38685  194  288  909.00000  888.07953  2.30%  44.4 2300s
 533271 463781  889.72271   89  565  909.00000  888.08008  2.30%  44.4 2305s
 534702 465049  896.63130  131  412  909.00000  888.08025  2.30%  44.4 2310s
 535438 465676  892.90334  105  549  909.00000  888.08088  2.30%  44.4 2315s
 536781 466858  890.86339   90  555  909.00000  888.08115  2.30%  44.4 2320s
 538070 467987  888.67605   83  623  909.00000  888.08126  2.30%  44.4 2325s
 539501 469200  889.12118   76  651  909.00000  888.08179  2.30%  44.4 2330s
 540861 470441  888.87572   74  751  909.00000  888.08253  2.30%  44.3 2335s
 542368 471816  903.08455  190  322  909.00000  888.08281  2.30%  44.3 2340s
 543442 472752  890.21642   85  627  909.00000  888.08319  2.30%  44.3 2345s
 544739 473869  891.91799  109  493  909.00000  888.08358  2.30%  44.3 2350s
 546092 475072  905.33865  208  254  909.00000  888.08410  2.30%  44.3 2355s
 547368 476120  893.34928  111  410  909.00000  888.08464  2.30%  44.3 2360s
 548823 477425  888.13057   79  776  909.00000  888.08485  2.30%  44.3 2365s
 549567 478095  903.74926  178  251  909.00000  888.08491  2.30%  44.3 2371s
 550218 478676  903.41517  183  278  909.00000  888.08504  2.30%  44.3 2375s
 551569 479907  904.71572  185  310  909.00000  888.08535  2.30%  44.3 2380s
 552926 481110  905.10598  193  304  909.00000  888.08548  2.30%  44.3 2385s
 554252 482299  907.00544  199  203  909.00000  888.08569  2.30%  44.3 2390s
 555504 483417  893.22536  122  486  909.00000  888.08583  2.30%  44.3 2395s
 556969 484713  898.48513  150  301  909.00000  888.08618  2.30%  44.3 2400s
 558545 486138  890.03680   87  664  909.00000  888.08653  2.30%  44.3 2405s
 559963 487379  893.86238  116  437  909.00000  888.08670  2.30%  44.3 2410s
 560883 488207  897.49332  127  402  909.00000  888.08708  2.30%  44.2 2415s
 562127 489301  888.43235   80  650  909.00000  888.08758  2.30%  44.2 2420s
 563517 490501  891.63193   97  619  909.00000  888.08805  2.30%  44.2 2425s
 564290 491171  892.94448  110  577  909.00000  888.08808  2.30%  44.2 2430s
 565431 492138  890.46122   89  652  909.00000  888.08836  2.30%  44.2 2435s
 566687 493274  907.07657  166  292  909.00000  888.08839  2.30%  44.2 2440s
 567965 494379  894.55701  115  486  909.00000  888.08873  2.30%  44.2 2445s
 569300 495506  888.36859   75  780  909.00000  888.08902  2.30%  44.2 2450s
 570541 496592  890.12433   83  666  909.00000  888.08929  2.30%  44.2 2455s
 571709 497548  895.00412  113  452  909.00000  888.08965  2.30%  44.3 2460s
 573008 498683  896.34167  143  398  909.00000  888.08985  2.30%  44.2 2465s
 574220 499774  906.43775  212  300  909.00000  888.09044  2.30%  44.3 2470s
 575617 500987  889.26297   78  650  909.00000  888.09086  2.30%  44.3 2475s
 576846 502090  899.83801  172  373  909.00000  888.09136  2.30%  44.3 2480s
 578260 503262  899.76700  163  353  909.00000  888.09171  2.30%  44.3 2485s
 579584 504389  890.48145   84  617  909.00000  888.09228  2.30%  44.3 2490s
 580935 505567  892.52311   90  552  909.00000  888.09302  2.30%  44.2 2495s
 582200 506687  891.12696   98  577  909.00000  888.09314  2.30%  44.2 2500s
 583406 507783  888.79658   77  772  909.00000  888.09317  2.30%  44.2 2505s
 584872 509107  901.08237  150  327  909.00000  888.09394  2.30%  44.2 2510s
 585924 510018  893.80072  114  473  909.00000  888.09452  2.30%  44.3 2515s
 587172 511124  889.33167   78  640  909.00000  888.09500  2.30%  44.3 2520s
 588429 512259  901.74882  188  291  909.00000  888.09557  2.30%  44.3 2525s
 589836 513479  888.47473   73  602  909.00000  888.09592  2.30%  44.3 2530s
 590874 514418  888.28736   77  717  909.00000  888.09624  2.30%  44.3 2535s
 592087 515475  896.11000  146  361  909.00000  888.09688  2.30%  44.3 2540s
 593552 516761  894.70523  123  369  909.00000  888.09743  2.30%  44.3 2545s
 594888 517965  896.56984  115  453  909.00000  888.09759  2.30%  44.2 2555s
 595857 518812  899.11838  153  397  909.00000  888.09835  2.30%  44.2 2560s
 597173 519995  888.53369   73  687  909.00000  888.09867  2.30%  44.2 2565s
 598493 521120  888.34868   72  733  909.00000  888.09890  2.30%  44.2 2570s
 599915 522408  891.39000  103  515  909.00000  888.09936  2.30%  44.2 2575s
 600928 523350  892.24271   96  528  909.00000  888.09965  2.30%  44.2 2580s
 602150 524436  888.71338   76  737  909.00000  888.10035  2.30%  44.2 2585s
 603424 525585  889.55495   80  673  909.00000  888.10091  2.30%  44.2 2590s
 604653 526682  893.04671  103  547  909.00000  888.10127  2.30%  44.2 2595s
 605999 527860  906.14944  195  282  909.00000  888.10196  2.30%  44.2 2600s
 607080 528737  889.74415   81  735  909.00000  888.10244  2.30%  44.2 2605s
 608374 529888  895.50287  131  451  909.00000  888.10315  2.30%  44.2 2610s
 609607 531033  901.20458  158  316  909.00000  888.10340  2.30%  44.2 2615s
 610887 532148     cutoff  249       909.00000  888.10390  2.30%  44.2 2620s
 611962 533103  891.10763   93  543  909.00000  888.10452  2.30%  44.2 2625s
 613168 534198  891.37506   97  571  909.00000  888.10473  2.30%  44.2 2630s
 614388 535246  891.43861   95  546  909.00000  888.10518  2.30%  44.2 2635s
 615847 536552  889.97929   85  549  909.00000  888.10581  2.30%  44.2 2640s
 617076 537624  890.54115   91  542  909.00000  888.10586  2.30%  44.2 2645s
 618246 538697  893.61409  125  478  909.00000  888.10608  2.30%  44.2 2650s
 619637 539904  907.31851  185  253  909.00000  888.10637  2.30%  44.2 2655s
 620849 540956  891.04552   88  579  909.00000  888.10719  2.30%  44.2 2660s
 621805 541799  891.08122   94  612  909.00000  888.10729  2.30%  44.2 2665s
 623118 542978  902.22388  188  296  909.00000  888.10762  2.30%  44.2 2670s
 624552 544224  897.35203  125  415  909.00000  888.10869  2.30%  44.2 2675s
 625537 545091  898.37930  125  433  909.00000  888.10888  2.30%  44.2 2680s
 626849 546249  888.74226   80  759  909.00000  888.10907  2.30%  44.2 2685s
 628142 547414  897.67637  128  430  909.00000  888.10955  2.30%  44.2 2690s
 629468 548616  900.59627  157  332  909.00000  888.10971  2.30%  44.2 2695s
 630802 549723  891.24791   95  588  909.00000  888.11015  2.30%  44.2 2700s
 632022 550787  889.76530   88  586  909.00000  888.11034  2.30%  44.2 2705s
 633239 551895  889.80240   85  558  909.00000  888.11066  2.30%  44.2 2710s
 634610 553112  888.33329   69  807  909.00000  888.11130  2.30%  44.2 2715s
 635845 554242  907.18362  167  275  909.00000  888.11130  2.30%  44.2 2720s
 636976 555228  890.68184   97  551  909.00000  888.11161  2.30%  44.2 2725s
 638351 556398  894.65499  107  450  909.00000  888.11190  2.30%  44.2 2730s
 639759 557627  891.11735   89  596  909.00000  888.11237  2.30%  44.2 2735s
 640977 558680  898.83049  158  365  909.00000  888.11280  2.30%  44.2 2740s
 642429 559944  889.55689   76  750  909.00000  888.11363  2.30%  44.2 2745s
 643722 561100  907.61623  190  298  909.00000  888.11370  2.30%  44.2 2750s
 645184 562409  893.00281  101  485  909.00000  888.11444  2.30%  44.2 2755s
 646408 563500  901.21643  160  363  909.00000  888.11548  2.30%  44.2 2760s
 647432 564409  897.38777  126  416  909.00000  888.11600  2.30%  44.2 2765s
 648769 565587  888.45728   72  762  909.00000  888.11658  2.30%  44.2 2770s
 650044 566690  901.04980  161  343  909.00000  888.11712  2.30%  44.2 2775s
 651394 567915  904.00700  188  272  909.00000  888.11768  2.30%  44.2 2780s
 652059 568479  889.50713   84  695  909.00000  888.11779  2.30%  44.2 2785s
 653379 569633  889.89294   91  580  909.00000  888.11846  2.30%  44.2 2790s
 654734 570862  899.06333  152  370  909.00000  888.11869  2.30%  44.2 2795s
 656022 572029  898.73017  167  435  909.00000  888.11902  2.30%  44.2 2800s
 657319 573207  894.40091  122  485  909.00000  888.11934  2.30%  44.2 2805s
 658616 574366  890.57995   90  570  909.00000  888.11971  2.30%  44.2 2810s
 660000 575606  892.24953  109  473  909.00000  888.11990  2.30%  44.2 2815s
 661302 576794  889.64332   86  613  909.00000  888.12018  2.30%  44.2 2820s
 662206 577575  889.79837   85  694  909.00000  888.12035  2.30%  44.2 2825s
 663615 578857  892.30299   96  572  909.00000  888.12051  2.30%  44.2 2830s
 664827 579939  889.54944   76  624  909.00000  888.12072  2.30%  44.2 2835s
 666276 581185     cutoff  184       909.00000  888.12108  2.30%  44.2 2840s
 667332 582147  896.61503  137  484  909.00000  888.12136  2.30%  44.2 2845s
 668675 583309  899.00619  156  294  909.00000  888.12173  2.30%  44.2 2850s
 670141 584597 infeasible  229       909.00000  888.12181  2.30%  44.1 2855s
 671299 585610  901.52549  143  233  909.00000  888.12181  2.30%  44.2 2860s
 672588 586714  888.54394   69  753  909.00000  888.12225  2.30%  44.1 2865s
 673917 587885  888.50391   79  753  909.00000  888.12278  2.30%  44.1 2870s
 675118 588950  896.35190  124  482  909.00000  888.12288  2.30%  44.1 2875s
 676379 590094  896.95829  144  469  909.00000  888.12327  2.30%  44.2 2880s
 677717 591300  896.34105  135  337  909.00000  888.12334  2.30%  44.1 2885s
 678194 591706  898.68546  119  430  909.00000  888.12337  2.30%  44.1 2892s
 678475 591949  893.12140   98  519  909.00000  888.12348  2.30%  44.2 2895s
 679892 593166  889.00146   72  748  909.00000  888.12386  2.30%  44.1 2900s
 681019 594202  907.01999  229  155  909.00000  888.12390  2.30%  44.1 2905s
 682066 595121  888.80876   78  776  909.00000  888.12408  2.30%  44.1 2912s
 682544 595540  892.68376  110  524  909.00000  888.12428  2.30%  44.1 2915s
 683797 596648  895.40785  119  398  909.00000  888.12475  2.30%  44.1 2920s
 684930 597659  894.61565  125  556  909.00000  888.12510  2.30%  44.1 2925s
 686370 598926  901.08469  189  252  909.00000  888.12527  2.30%  44.1 2930s
 687404 599844  893.91124  114  471  909.00000  888.12569  2.30%  44.1 2935s
 688713 601007  892.92769   96  550  909.00000  888.12624  2.30%  44.1 2940s
 689951 602109  896.39031  134  434  909.00000  888.12707  2.30%  44.1 2945s
 691390 603374  908.00000  253  123  909.00000  888.12744  2.30%  44.1 2950s
 692586 604414  890.82370   86  587  909.00000  888.12799  2.30%  44.1 2955s
 693743 605458  890.44304   91  656  909.00000  888.12809  2.30%  44.1 2960s
 694925 606495  890.68779   96  585  909.00000  888.12843  2.30%  44.1 2965s
 696321 607703  889.17614   81  638  909.00000  888.12908  2.30%  44.1 2970s
 697510 608788  895.27912  122  407  909.00000  888.12937  2.30%  44.1 2975s
 698796 609910  894.36248  116  491  909.00000  888.13010  2.30%  44.1 2980s
 700007 610972  889.11107   75  719  909.00000  888.13026  2.30%  44.1 2985s
 701335 612145  891.50404  106  522  909.00000  888.13072  2.30%  44.1 2990s
 702402 613084  891.68469   99  539  909.00000  888.13095  2.30%  44.1 2995s
 703728 614266  889.74053   82  585  909.00000  888.13196  2.30%  44.1 3000s
 704626 615096  906.28113  249  159  909.00000  888.13212  2.30%  44.1 3005s
 705817 616107  889.09979   80  708  909.00000  888.13307  2.30%  44.1 3010s
 707279 617383  892.23672  103  606  909.00000  888.13332  2.30%  44.1 3015s
 708161 618155  889.97492   80  696  909.00000  888.13358  2.30%  44.1 3020s
 709416 619271  893.19579  114  473  909.00000  888.13428  2.30%  44.1 3025s
 710805 620478  902.09979  164  325  909.00000  888.13468  2.30%  44.1 3030s
 712077 621573  905.36639  185  363  909.00000  888.13506  2.30%  44.1 3035s
 713307 622679  896.27403  140  446  909.00000  888.13547  2.30%  44.1 3040s
 714515 623724  898.53707  158  358  909.00000  888.13584  2.30%  44.1 3045s
 715718 624797  895.39005  138  398  909.00000  888.13641  2.30%  44.1 3050s
 717004 625962  900.36449  157  324  909.00000  888.13680  2.30%  44.1 3055s
 718331 627104  888.95641   78  713  909.00000  888.13718  2.30%  44.1 3060s
 719581 628190  888.57975   76  705  909.00000  888.13743  2.30%  44.1 3065s
 721005 629460  898.37417  135  347  909.00000  888.13773  2.30%  44.1 3070s
 722365 630658  888.34531   73  769  909.00000  888.13824  2.30%  44.1 3075s
 723529 631654  895.65854  117  412  909.00000  888.13864  2.29%  44.1 3080s
 724825 632803  888.37424   77  734  909.00000  888.13897  2.29%  44.1 3085s
 725991 633840  890.07078   87  642  909.00000  888.13930  2.29%  44.1 3090s
 727378 635099  888.32739   71  825  909.00000  888.13955  2.29%  44.1 3095s
 728681 636254  901.76595  169  339  909.00000  888.13982  2.29%  44.1 3100s
 729835 637282  889.09197   81  618  909.00000  888.14024  2.29%  44.1 3105s
 731164 638478  888.42374   77  770  909.00000  888.14039  2.29%  44.1 3110s
 732363 639517  897.16677  111  492  909.00000  888.14088  2.29%  44.1 3115s
 733464 640479  894.25161  120  493  909.00000  888.14116  2.29%  44.1 3120s
 734816 641714  906.11002  167  264  909.00000  888.14144  2.29%  44.1 3125s
 736271 643011  891.23155   95  572  909.00000  888.14168  2.29%  44.1 3130s
 737516 644114  898.36739  155  361  909.00000  888.14192  2.29%  44.1 3135s
 738748 645172  888.91790   79  647  909.00000  888.14217  2.29%  44.1 3140s
 740076 646369  905.72648  204  306  909.00000  888.14242  2.29%  44.1 3145s
 741346 647443  888.61807   75  738  909.00000  888.14256  2.29%  44.1 3150s
 742669 648652  905.43864  202  253  909.00000  888.14275  2.29%  44.1 3155s
 743964 649776  891.15807   88  613  909.00000  888.14307  2.29%  44.1 3160s
 745214 650885  900.45074  168  329  909.00000  888.14354  2.29%  44.1 3165s
 746432 651927  892.27187  112  547  909.00000  888.14377  2.29%  44.1 3170s
 747879 653197  893.50869  105  509  909.00000  888.14439  2.29%  44.1 3175s
 748406 653650  891.12142   89  580  909.00000  888.14447  2.29%  44.1 3180s
 749514 654640  893.34772  110  447  909.00000  888.14461  2.29%  44.1 3185s
 751030 655986  888.30362   76  796  909.00000  888.14484  2.29%  44.1 3190s
 752459 657248  889.68581   84  611  909.00000  888.14532  2.29%  44.1 3195s
 753467 658187  896.80699  149  324  909.00000  888.14569  2.29%  44.1 3200s
 754685 659240  888.83270   75  704  909.00000  888.14600  2.29%  44.1 3205s
 755670 660110  894.50484  111  525  909.00000  888.14629  2.29%  44.1 3210s
 757090 661376  897.67373  139  385  909.00000  888.14658  2.29%  44.1 3215s
 758376 662473  891.44097   94  650  909.00000  888.14704  2.29%  44.1 3220s
 758668 662740  899.54965  149  254  909.00000  888.14715  2.29%  44.1 3226s
 759510 663489  895.26468  139  416  909.00000  888.14733  2.29%  44.1 3230s
 760679 664540  899.74252  159  331  909.00000  888.14754  2.29%  44.1 3235s
 762047 665763  898.73191  159  406  909.00000  888.14786  2.29%  44.1 3240s
 763202 666787  894.69253  104  510  909.00000  888.14791  2.29%  44.1 3245s
 764526 667985  892.18510  111  392  909.00000  888.14823  2.29%  44.1 3250s
 765886 669174  896.84929  148  432  909.00000  888.14841  2.29%  44.1 3255s
 767282 670416  891.81525  101  531  909.00000  888.14926  2.29%  44.1 3260s
 768429 671456  900.03742  189  382  909.00000  888.14935  2.29%  44.0 3265s
 769750 672628  888.82082   77  751  909.00000  888.14955  2.29%  44.0 3270s
 771099 673830  894.33795  111  394  909.00000  888.15017  2.29%  44.0 3275s
 772449 674970  890.40898   87  592  909.00000  888.15053  2.29%  44.0 3280s
 773376 675798  893.47246  114  441  909.00000  888.15090  2.29%  44.0 3285s
 774452 676721  897.67827  149  406  909.00000  888.15145  2.29%  44.0 3290s
 775660 677786  890.84321   84  640  909.00000  888.15166  2.29%  44.0 3295s
 777130 679077  898.60302  150  339  909.00000  888.15218  2.29%  44.0 3300s
 778415 680233  904.01098  184  414  909.00000  888.15241  2.29%  44.0 3305s
 779601 681277  890.06236   83  559  909.00000  888.15300  2.29%  44.0 3310s
 780803 682367  895.44793  120  460  909.00000  888.15322  2.29%  44.0 3315s
 782322 683715  894.79807  128  445  909.00000  888.15338  2.29%  44.0 3320s
 783564 684790  891.22076   91  591  909.00000  888.15338  2.29%  44.0 3325s
 784835 685916  889.43749   82  691  909.00000  888.15340  2.29%  44.0 3330s
 786217 687172  888.63401   70  783  909.00000  888.15368  2.29%  44.0 3335s
 787509 688361  899.01917  132  372  909.00000  888.15395  2.29%  44.0 3340s
 788624 689356  893.41806   96  502  909.00000  888.15447  2.29%  44.0 3345s
 789869 690458  903.41766  188  280  909.00000  888.15469  2.29%  44.0 3350s
 791062 691495  906.20305  221  206  909.00000  888.15473  2.29%  44.0 3355s
 792218 692516  901.04359  189  216  909.00000  888.15518  2.29%  44.0 3360s
 793674 693780  907.10358  250   90  909.00000  888.15547  2.29%  44.0 3365s
 794946 694897  905.38956  193  302  909.00000  888.15625  2.29%  44.0 3370s
 796096 695899  908.00000  247  111  909.00000  888.15666  2.29%  44.0 3375s
 797386 697033  890.82700   92  599  909.00000  888.15712  2.29%  44.0 3380s
 798643 698143  907.08228  189  216  909.00000  888.15723  2.29%  44.0 3385s
 799615 698998  890.23438   84  638  909.00000  888.15751  2.29%  44.0 3390s
 800997 700254  888.78106   80  780  909.00000  888.15828  2.29%  44.0 3395s
 802401 701495  889.64841   80  739  909.00000  888.15880  2.29%  44.0 3400s
 803732 702675  895.79841  114  497  909.00000  888.15930  2.29%  44.0 3405s
 804814 703644  906.09786  198  208  909.00000  888.15991  2.29%  44.0 3410s
 805967 704656  902.02945  193  300  909.00000  888.16035  2.29%  44.0 3415s
 807353 705855  894.46365  117  497  909.00000  888.16089  2.29%  44.0 3420s
 808615 706991  901.94606  169  264  909.00000  888.16116  2.29%  44.0 3425s
 810000 708201  888.89451   74  796  909.00000  888.16163  2.29%  44.0 3430s
 811184 709271  906.29368  202  253  909.00000  888.16177  2.29%  44.0 3435s
 812479 710382  889.64245   79  730  909.00000  888.16253  2.29%  44.0 3440s
 813713 711499  897.78190  129  355  909.00000  888.16268  2.29%  44.0 3445s
 814503 712203  897.98187  164  371  909.00000  888.16305  2.29%  44.0 3450s
 815813 713305  891.83823   91  581  909.00000  888.16322  2.29%  44.0 3455s
 817079 714415  889.70958   88  596  909.00000  888.16369  2.29%  44.0 3460s
 818348 715535  899.08527  155  313  909.00000  888.16403  2.29%  44.0 3465s
 819226 716284  889.36931   81  683  909.00000  888.16457  2.29%  44.0 3470s
 820507 717410  897.96471  135  273  909.00000  888.16519  2.29%  44.0 3475s
 821734 718508  901.71690  169  275  909.00000  888.16562  2.29%  44.0 3480s
 823240 719838  888.62235   76  735  909.00000  888.16587  2.29%  44.0 3485s
 824336 720800  903.00819  163  214  909.00000  888.16618  2.29%  44.0 3490s
 825737 722037  896.93854  136  403  909.00000  888.16700  2.29%  44.0 3495s
 826959 723119  888.66622   71  747  909.00000  888.16788  2.29%  44.0 3500s
 828354 724343  906.03978  208  205  909.00000  888.16820  2.29%  44.0 3505s
 829461 725326  900.98159  163  354  909.00000  888.16831  2.29%  44.0 3510s
 830807 726530  894.03213  133  516  909.00000  888.16923  2.29%  44.0 3515s
 832140 727651  888.43660   71  767  909.00000  888.16974  2.29%  44.0 3520s
 833495 728846  904.33268  173  252  909.00000  888.17015  2.29%  44.0 3525s
 834681 729920  906.30954  203  261  909.00000  888.17044  2.29%  44.0 3530s
 835869 730986  892.97761  110  560  909.00000  888.17087  2.29%  44.0 3535s
 836828 731848  888.54051   67  683  909.00000  888.17114  2.29%  44.0 3547s
 837078 732065  899.43635  167  269  909.00000  888.17114  2.29%  44.0 3550s
 838138 732972  898.58093  156  390  909.00000  888.17201  2.29%  44.0 3555s
 839338 734052  895.68454  131  497  909.00000  888.17244  2.29%  44.0 3560s
 840670 735226  902.10060  153  243  909.00000  888.17275  2.29%  44.0 3565s
 841990 736388  889.21505   78  744  909.00000  888.17358  2.29%  44.0 3570s
 843158 737409     cutoff  177       909.00000  888.17367  2.29%  44.0 3575s
 844341 738521  893.36378  110  533  909.00000  888.17367  2.29%  44.0 3580s
 845351 739418  892.45355   96  562  909.00000  888.17367  2.29%  44.0 3585s
 846690 740619  898.73923  127  429  909.00000  888.17384  2.29%  44.0 3590s
 847824 741635  901.42163  159  297  909.00000  888.17405  2.29%  44.0 3595s

Cutting planes:
  Learned: 7
  Gomory: 77
  Cover: 1042
  Implied bound: 311
  Clique: 9
  MIR: 568
  Mixing: 127
  StrongCG: 19
  Flow cover: 2601
  GUB cover: 147
  Inf proof: 14
  Zero half: 186
  Network: 1
  RLT: 177
  Relax-and-lift: 174
  BQP: 22

Explored 849160 nodes (37374972 simplex iterations) in 3599.92 seconds (2752.36 work units)
Thread count was 1 (of 16 available processors)

Solution count 10: 909 909 910 ... 917

Time limit reached
Warning: max constraint violation (1.0000e-06) exceeds tolerance
Best objective 9.090000000000e+02, best bound 8.890000000000e+02, gap 2.2002%

User-callback calls 2861393, time in user-callback 2.20 sec

 sepatime0
909.0Stat(MathOptInterface.TIME_LIMIT, 909.0, 889.0, 0.022002200220022004, 0.0, 0.08153, 3599.9236030578613, 849160, Main.CFLG.LEFPV, "", #undef)
