Data path: /scratch/opt/lxu/CFLG/benchmarks/Kgroup_A
Instance: K100.9.red
Result path: /scratch/opt/lxu/CFLG/results/Kgroup_A
Solver: Gurobi
Time limit: 3600
Formulation: EFP
Cover: Small
julia --project=. src/main.jl /scratch/opt/lxu/CFLG/benchmarks/Kgroup_A K100.9.red /scratch/opt/lxu/CFLG/results/Kgroup_A Gurobi 3600 EFP Small
The latest version of Julia in the `release` channel is 1.11.5+0.x64.linux.gnu. You currently have `1.11.4+0.x64.linux.gnu` installed. Run:

  juliaup update

in your terminal shell to install Julia 1.11.5+0.x64.linux.gnu and update the `release` channel to that version.
/scratch/opt/lxu/CFLG/benchmarks/Kgroup_A Gurobi 3600.0 /scratch/opt/lxu/CFLG/results/Kgroup_A K100.9.red EFP Small
/scratch/opt/lxu/CFLG/benchmarks/Kgroup_A/K100.9.red

 read graph
data loaded


after absorb:21 22

max_piece:11
problem_graph/original graph: node: 200/22 edge: 248/70 dlt: 0.09636830697928027 break_avg_len: 0.08242646002626607 break_max_len: 0.09605995547073791elapsed CPU time: 0.072896 seconds
Set parameter TokenServer to value "solice01.zib.de"
Set parameter Threads to value 1
Set parameter OutputFlag to value 1
Set parameter MIPGap to value 0.0001
Set parameter MIPGapAbs to value 1
Set parameter TimeLimit to value 3599.927104

 more cuts:false
formulation:EFP0 248 200

 model loaded

Gurobi Optimizer version 12.0.1 build v12.0.1rc0 (linux64 - "Debian GNU/Linux 12 (bookworm)")

CPU model: Intel(R) Xeon(R) Gold 5122 CPU @ 3.60GHz, instruction set [SSE2|AVX|AVX2|AVX512]
Thread count: 8 physical cores, 16 logical processors, using up to 1 threads

Non-default parameters:
TimeLimit  3599.927104
MIPGapAbs  1
Threads  1

Optimize a model with 6258 rows, 3968 columns and 17526 nonzeros
Model fingerprint: 0x7e2d22fc
Variable types: 944 continuous, 3024 integer (3024 binary)
Coefficient statistics:
  Matrix range     [6e-04, 1e+00]
  Objective range  [1e+00, 1e+00]
  Bounds range     [2e-02, 2e-01]
  RHS range        [2e-02, 9e+00]
Found heuristic solution: objective 245.0000000
Presolve removed 1695 rows and 980 columns
Presolve time: 0.10s
Presolved: 4563 rows, 2988 columns, 21541 nonzeros
Variable types: 448 continuous, 2540 integer (2540 binary)

Root relaxation: objective 2.381587e+01, 2813 iterations, 0.08 seconds (0.10 work units)

    Nodes    |    Current Node    |     Objective Bounds      |     Work
 Expl Unexpl |  Obj  Depth IntInf | Incumbent    BestBd   Gap | It/Node Time

     0     0   23.81587    0  986  245.00000   23.81587  90.3%     -    0s
H    0     0                     150.0000000   23.81587  84.1%     -    0s
H    0     0                     125.0000000   23.81587  80.9%     -    0s
H    0     0                     122.0000000   23.81587  80.5%     -    0s
H    0     0                     121.0000000   23.81587  80.3%     -    0s
     0     0   33.59683    0 1319  121.00000   33.59683  72.2%     -    0s
     0     0   34.76416    0 1425  121.00000   34.76416  71.3%     -    0s
     0     0   35.15657    0 1437  121.00000   35.15657  70.9%     -    0s
     0     0   35.15861    0 1446  121.00000   35.15861  70.9%     -    0s
     0     0   50.89615    0  741  121.00000   50.89615  57.9%     -    1s
H    0     0                     119.0000000   51.39615  56.8%     -    1s
     0     0   51.39615    0  753  119.00000   51.39615  56.8%     -    1s
     0     0   51.39615    0  779  119.00000   51.39615  56.8%     -    1s
     0     0   60.17335    0  529  119.00000   60.17335  49.4%     -    1s
H    0     0                     106.0000000   60.17335  43.2%     -    1s
     0     0   60.51283    0  557  106.00000   60.51283  42.9%     -    1s
     0     0   60.68837    0  550  106.00000   60.68837  42.7%     -    1s
     0     0   60.68837    0  555  106.00000   60.68837  42.7%     -    1s
     0     0   64.16667    0  480  106.00000   64.16667  39.5%     -    1s
H    0     0                     105.0000000   64.16667  38.9%     -    1s
H    0     0                     104.0000000   64.16667  38.3%     -    1s
     0     0   64.16667    0  474  104.00000   64.16667  38.3%     -    1s
     0     0   64.16667    0  486  104.00000   64.16667  38.3%     -    1s
H    0     0                      98.0000000   64.16667  34.5%     -    1s
     0     0   64.16667    0  471   98.00000   64.16667  34.5%     -    1s
     0     0   64.16667    0  449   98.00000   64.16667  34.5%     -    1s
     0     0   64.16667    0  418   98.00000   64.16667  34.5%     -    1s
H    0     0                      94.0000000   64.16667  31.7%     -    1s
     0     2   64.66667    0  389   94.00000   64.66667  31.2%     -    2s
H   52    50                      92.0000000   64.66667  29.7%  98.5    2s
H   52    50                      91.0000000   64.66667  28.9%  98.5    2s
H  553   484                      90.0000000   65.16667  27.6%  33.6    4s
   556   486   70.78916   31 1439   90.00000   65.16667  27.6%  33.4    5s
   593   511   80.01308  132  411   90.00000   72.22117  19.8%  31.3   10s
   624   533   73.00000   21  334   90.00000   73.00000  18.9%   151   15s
H  633   511                      89.0000000   73.00000  18.0%   149   16s
H  633   485                      88.0000000   73.00000  17.0%   149   16s
   832   617   80.43732  122  259   88.00000   73.00000  17.0%   189   20s
H 1121   722                      87.0000000   73.00000  16.1%   151   22s
  1310   847   80.42051  131  225   87.00000   73.00000  16.1%   137   25s
  2094  1299   80.91489  110  208   87.00000   73.14726  15.9%   105   30s
  2872  2011   85.97667  180  193   87.00000   73.15002  15.9%  90.3   35s
  4304  3293   77.99800   57  309   87.00000   73.22682  15.8%  76.4   40s
  5756  4614   74.52301   35  380   87.00000   73.37314  15.7%  69.0   45s
  6963  5669   84.06697  114  194   87.00000   73.46406  15.6%  66.0   50s
  8259  6768   80.83224   94  330   87.00000   73.55598  15.5%  63.2   55s
  9797  8099   78.19029   60  397   87.00000   73.69516  15.3%  61.0   60s
 10203  8438   81.28761  138  418   87.00000   73.69797  15.3%  60.3   71s
 10212  8444   79.36565   79  349   87.00000   73.69797  15.3%  60.2   75s
 10232  8457   81.41145   84  448   87.00000   73.69797  15.3%  60.1   80s
 10248  8468   80.04947   71  473   87.00000   74.26732  14.6%  60.0   85s
 10261  8477   82.46405  107  548   87.00000   74.58412  14.3%  59.9   90s
 10274  8485   84.12947  110  495   87.00000   74.63496  14.2%  59.8   95s
 10287  8494   75.41808   41  518   87.00000   74.63496  14.2%  59.8  100s
 10304  8505   77.19139   50  564   87.00000   74.63496  14.2%  59.7  105s
 10329  8522   76.01846   43  491   87.00000   75.23549  13.5%  59.5  110s
 10348  8535   80.04947   71  495   87.00000   76.00095  12.6%  59.4  115s
 10603  8685   79.25826   59  287   87.00000   76.07803  12.6%  84.3  120s
 10970  8882   78.03010   45  457   87.00000   76.20430  12.4%  83.2  125s
 11214  9012   79.70596   73  335   87.00000   76.42904  12.2%  82.7  130s
 11703  9289   85.00095  121  173   87.00000   76.62640  11.9%  81.3  135s
 12572  9759   81.18793   90  306   87.00000   76.76319  11.8%  78.7  140s
 13483 10246   85.55455  183  143   87.00000   76.77034  11.8%  76.4  145s
 14250 10661   81.08508   86  224   87.00000   76.79306  11.7%  75.2  150s
 15325 11204   80.52520   66  364   87.00000   76.85089  11.7%  73.3  155s
 16561 11805   84.69548  115  230   87.00000   76.91667  11.6%  71.2  160s
 17805 12380   86.00000  157   92   87.00000   76.94748  11.6%  69.4  165s
 18943 12940   84.00000  120  160   87.00000   76.99010  11.5%  68.3  170s
 20138 13511   80.00000   51  461   87.00000   77.03496  11.5%  67.2  175s
 21505 14097   78.02034   51  430   87.00000   77.09742  11.4%  65.8  180s
 22919 14839   78.73286   59  388   87.00000   77.12034  11.4%  65.0  185s
 24523 15619   81.50122   76  341   87.00000   77.15139  11.3%  63.7  190s
 26069 16353   85.36298  104  208   87.00000   77.19068  11.3%  62.5  195s
 27916 17235   83.76410   88  275   87.00000   77.23137  11.2%  61.0  200s
 29371 17923   85.98017  141  223   87.00000   77.26762  11.2%  60.1  205s
 30844 18614   83.21590   98  221   87.00000   77.28752  11.2%  59.3  210s
 32468 19388   78.54507   53  420   87.00000   77.31897  11.1%  58.4  215s
 34107 20228   84.72516   90  248   87.00000   77.34407  11.1%  57.5  220s
 35707 20978   80.24411   59  322   87.00000   77.36600  11.1%  57.0  225s
 37482 22339   78.14891   49  458   87.00000   77.38734  11.0%  56.4  230s
 39277 23750   80.91767   68  264   87.00000   77.41225  11.0%  55.7  235s
 40612 24850   84.38603   99  275   87.00000   77.42559  11.0%  55.3  240s
 42348 26259   85.00000  114  243   87.00000   77.44238  11.0%  54.8  245s
 44195 27780   83.00000  102  282   87.00000   77.47224  11.0%  54.3  250s
 46018 29335   85.21618  106  294   87.00000   77.49144  10.9%  53.8  255s
 47923 30897   86.00000  148  146   87.00000   77.51297  10.9%  53.2  260s
 49648 32276   82.08101   83  281   87.00000   77.52034  10.9%  52.7  265s
 51269 33604   83.40556   79  352   87.00000   77.52587  10.9%  52.4  270s
 52884 34918   86.00000  135   95   87.00000   77.53783  10.9%  52.0  275s
 54429 36192   85.21437  134  144   87.00000   77.55318  10.9%  51.7  280s
 56267 37702   84.29504  131  210   87.00000   77.56625  10.8%  51.3  285s
 58016 39092   86.00000  125  261   87.00000   77.58140  10.8%  51.0  290s
 59734 40483   78.16667   55  430   87.00000   77.59989  10.8%  50.7  295s
 61248 41706   78.22456   53  488   87.00000   77.60625  10.8%  50.5  300s
 63176 43207   78.23462   49  449   87.00000   77.62034  10.8%  50.2  305s
 64850 44592   85.00000  133  172   87.00000   77.62370  10.8%  50.0  310s
 66014 45556   84.60467  100  267   87.00000   77.63160  10.8%  49.8  315s
 67564 46758   77.66177   53  481   87.00000   77.64605  10.8%  49.7  320s
 69354 48179   86.00000  120  204   87.00000   77.65644  10.7%  49.5  325s
 71170 49628   82.12523   76  293   87.00000   77.66596  10.7%  49.3  330s
 72795 50915   81.34392   80  295   87.00000   77.67830  10.7%  49.1  335s
 74435 52221     cutoff  139        87.00000   77.68700  10.7%  48.9  340s
 76113 53593   77.92034   45  542   87.00000   77.69055  10.7%  48.8  345s
 77548 54728   82.00000   74  257   87.00000   77.70528  10.7%  48.7  350s
 79246 56142   81.05152   65  324   87.00000   77.71477  10.7%  48.5  355s
 80848 57459   83.17744   84  288   87.00000   77.72620  10.7%  48.4  360s
 82364 58719   79.93044   57  409   87.00000   77.73077  10.7%  48.3  365s
 84202 60198   77.75563   51  476   87.00000   77.74256  10.6%  48.1  370s
 85881 61609   83.10313   89  274   87.00000   77.75508  10.6%  48.1  375s
 87433 62838   82.19543   72  319   87.00000   77.77034  10.6%  48.0  380s
 89353 64374   78.48709   48  444   87.00000   77.77034  10.6%  47.8  385s
 91224 65851   78.69103   55  442   87.00000   77.77529  10.6%  47.7  390s
 92868 67202   86.00000  112  176   87.00000   77.78504  10.6%  47.6  395s
 94724 68691   79.89452   63  387   87.00000   77.79330  10.6%  47.4  400s
 96440 70126   85.87500   80  263   87.00000   77.80496  10.6%  47.4  405s
 97574 71032   81.15769   72  333   87.00000   77.81591  10.6%  47.4  410s
 99273 72377   86.00000  133  240   87.00000   77.82091  10.6%  47.3  415s
 100777 73611   81.93611   87  258   87.00000   77.82942  10.5%  47.2  420s
 102507 75030   78.26319   52  428   87.00000   77.83498  10.5%  47.1  425s
 104143 76373   85.28220  128  165   87.00000   77.84066  10.5%  47.0  430s
 105693 77648   85.00000  125  142   87.00000   77.85367  10.5%  46.9  435s
 107218 78839   84.72128   95  273   87.00000   77.85417  10.5%  46.9  440s
 108755 80082   81.22034   59  381   87.00000   77.86034  10.5%  46.9  445s
 110483 81452   85.00000  126  196   87.00000   77.87034  10.5%  46.8  450s
 111902 82548   85.04675  102  278   87.00000   77.88130  10.5%  46.7  455s
 113583 83910   86.00000  132  149   87.00000   77.89282  10.5%  46.7  460s
 115394 85357   83.93611   84  283   87.00000   77.89534  10.5%  46.6  465s
 116596 86287   85.11635  119  262   87.00000   77.90000  10.5%  46.6  470s
 118316 87647   86.00000   86  209   87.00000   77.90714  10.5%  46.5  475s
 120151 89051   78.43980   57  510   87.00000   77.91326  10.4%  46.4  480s
 122017 90549   86.00000  137  138   87.00000   77.92034  10.4%  46.3  485s
 123702 91887   85.49759  122  165   87.00000   77.93011  10.4%  46.3  490s
 125327 93160   78.02246   48  484   87.00000   77.93700  10.4%  46.4  495s
 127088 94535   85.01436  125  154   87.00000   77.94891  10.4%  46.3  500s
 128956 95986   80.09726   58  384   87.00000   77.95661  10.4%  46.2  505s
 130699 97371   78.43871   49  528   87.00000   77.96489  10.4%  46.2  510s
 132062 98487   78.47684   45  484   87.00000   77.97223  10.4%  46.2  515s
 133622 99758   86.00000  106  217   87.00000   77.97867  10.4%  46.1  520s
 135278 101085   83.60654   74  315   87.00000   77.98781  10.4%  46.1  525s
 136848 102351   79.34214   50  422   87.00000   77.99780  10.3%  46.1  530s
 138299 103485   79.11048   60  363   87.00000   78.00508  10.3%  46.1  535s
 140058 104948   83.00000   76  224   87.00000   78.01563  10.3%  46.0  540s
 141418 106068   78.04811   46  442   87.00000   78.02034  10.3%  46.0  545s
 142714 107114   85.44364  136  121   87.00000   78.02034  10.3%  45.9  550s
 144040 108160   79.52534   58  402   87.00000   78.02034  10.3%  45.9  555s
 145754 109522   83.02718   96  281   87.00000   78.02034  10.3%  45.9  560s
 147491 111014   84.00000  129  159   87.00000   78.02034  10.3%  45.8  565s
 149094 112303   85.77500  114  245   87.00000   78.02034  10.3%  45.8  570s
 150862 113750   84.24300   87  247   87.00000   78.02034  10.3%  45.8  575s
 152517 115074   78.02034   48  454   87.00000   78.02034  10.3%  45.8  580s
 154202 116451   86.00000  137  103   87.00000   78.02034  10.3%  45.7  585s
 155902 117797   85.99986  111  161   87.00000   78.02034  10.3%  45.7  590s
 157486 119078   86.00000  138  178   87.00000   78.02034  10.3%  45.7  595s
 159284 120516   80.24907   66  386   87.00000   78.02034  10.3%  45.6  600s
 161297 122119   78.16361   53  443   87.00000   78.02211  10.3%  45.5  605s
 162974 123474   84.41550   98  262   87.00000   78.02441  10.3%  45.5  610s
 164741 124933   83.12146   69  286   87.00000   78.02785  10.3%  45.5  615s
 166456 126325   81.68493   77  346   87.00000   78.03138  10.3%  45.5  620s
 168049 127643   78.20784   56  417   87.00000   78.03223  10.3%  45.5  625s
 169505 128796   83.00000   95  266   87.00000   78.03482  10.3%  45.5  630s
 171148 130073   83.07928   76  332   87.00000   78.03877  10.3%  45.5  635s
 172777 131464   86.00000  137  149   87.00000   78.04003  10.3%  45.4  640s
 174257 132647   81.00000   66  318   87.00000   78.04927  10.3%  45.5  645s
 175853 133921   80.48833   55  365   87.00000   78.05367  10.3%  45.4  650s
 177440 135169   78.20438   50  441   87.00000   78.05832  10.3%  45.4  655s
 178953 136374   84.15638  111  230   87.00000   78.06200  10.3%  45.4  660s
 180650 137780   80.14923   57  381   87.00000   78.06579  10.3%  45.4  665s
 182354 139144   82.93611   88  279   87.00000   78.06863  10.3%  45.3  670s
 183906 140367   79.07850   58  447   87.00000   78.06897  10.3%  45.3  675s
 185507 141634   85.00000  103  226   87.00000   78.07046  10.3%  45.3  680s
 186874 142777   82.23544   70  346   87.00000   78.07373  10.3%  45.3  685s
 188153 143782   86.00000   80  192   87.00000   78.07484  10.3%  45.4  690s
 189869 145189   78.07589   51  425   87.00000   78.07589  10.3%  45.4  695s
 190938 146082   78.26482   51  396   87.00000   78.07804  10.3%  45.4  700s
 192620 147405     cutoff  115        87.00000   78.08114  10.3%  45.4  705s
 194301 148742     cutoff  101        87.00000   78.08367  10.2%  45.3  710s
 195995 150120   85.00497  141  188   87.00000   78.08700  10.2%  45.3  715s
 197710 151400   85.00000   98  222   87.00000   78.08982  10.2%  45.3  720s
 199471 152731   83.00000   86  270   87.00000   78.09177  10.2%  45.3  725s
 201136 154071   82.00000   88  227   87.00000   78.09818  10.2%  45.3  730s
 202900 155492   83.02849   82  291   87.00000   78.10092  10.2%  45.2  735s
 204639 156864   80.07692   55  418   87.00000   78.10367  10.2%  45.2  740s
 206316 158215   83.72462   82  293   87.00000   78.10473  10.2%  45.2  745s
 207840 159408   80.74464   74  310   87.00000   78.10635  10.2%  45.2  750s
 209522 160724   82.25950   87  312   87.00000   78.10750  10.2%  45.2  755s
 211210 162092   80.12621   70  348   87.00000   78.11111  10.2%  45.1  760s
 212976 163549   82.91520   91  304   87.00000   78.11408  10.2%  45.1  765s
 214595 164871   85.23635   99  226   87.00000   78.11540  10.2%  45.1  770s
 216219 166189   85.95213  115  208   87.00000   78.12034  10.2%  45.1  775s
 217958 167557   85.90628  142  185   87.00000   78.12034  10.2%  45.0  780s
 219671 168928   86.00000  130  205   87.00000   78.12034  10.2%  45.0  785s
 221389 170295   86.00000  142  136   87.00000   78.12034  10.2%  44.9  790s
 222941 171518   83.15941   87  297   87.00000   78.12093  10.2%  44.9  795s
 224364 172676   83.93598   80  302   87.00000   78.12288  10.2%  44.9  800s
 226137 174091   82.69532   83  320   87.00000   78.12500  10.2%  44.9  805s
 227867 175458   84.00000   96  189   87.00000   78.12748  10.2%  44.9  810s
 229593 176811   84.32652   88  260   87.00000   78.12972  10.2%  44.8  815s
 231195 178068   84.31169  104  189   87.00000   78.13035  10.2%  44.8  820s
 232953 179458   83.00000   86  193   87.00000   78.13145  10.2%  44.8  825s
 234444 180677   85.41437  159  134   87.00000   78.13190  10.2%  44.7  830s
 236004 181941   79.68847   57  391   87.00000   78.13380  10.2%  44.7  835s
 237703 183255   78.28571   54  405   87.00000   78.13498  10.2%  44.7  840s
 239665 184787   84.93611  124  165   87.00000   78.13645  10.2%  44.7  845s
 241445 186187   86.00000  128  160   87.00000   78.13919  10.2%  44.7  850s
 243145 187508   78.31355   52  450   87.00000   78.14482  10.2%  44.7  855s
 244932 188921   84.00000   91  203   87.00000   78.14534  10.2%  44.6  860s
 246775 190340   80.50808   66  391   87.00000   78.14722  10.2%  44.6  865s
 248508 191721   79.95500   55  399   87.00000   78.15086  10.2%  44.6  870s
 250195 193059   85.57672  114  176   87.00000   78.15367  10.2%  44.5  875s
 251653 194191   79.74185   53  448   87.00000   78.15549  10.2%  44.5  880s
 253363 195543   79.36826   53  454   87.00000   78.15939  10.2%  44.5  885s
 255110 196927   84.79077  115  205   87.00000   78.16213  10.2%  44.5  890s
 255831 197522   86.00000  121  185   87.00000   78.16262  10.2%  44.5  895s
 257770 199031   79.02381   52  384   87.00000   78.16319  10.2%  44.4  900s
 259661 200565   82.66747   79  291   87.00000   78.16496  10.2%  44.4  905s
 261344 201962   86.00000  143  184   87.00000   78.16667  10.2%  44.4  910s
 262590 202944   85.99986  109  235   87.00000   78.16667  10.2%  44.4  915s
 264450 204483   84.77088  121  206   87.00000   78.16667  10.2%  44.3  920s
 266240 205889   83.32825   86  312   87.00000   78.16963  10.1%  44.3  925s
 268136 207358   79.49016   58  416   87.00000   78.17147  10.1%  44.3  930s
 269964 208903   86.00000  113  164   87.00000   78.17337  10.1%  44.3  935s
 271771 210250   84.14475  105  244   87.00000   78.17616  10.1%  44.2  940s
 273774 211801   78.53139   53  477   87.00000   78.17807  10.1%  44.2  945s
 275590 213239   78.23628   48  437   87.00000   78.18047  10.1%  44.1  950s
 277346 214661     cutoff  142        87.00000   78.18239  10.1%  44.1  955s
 279164 216177   84.17522   92  283   87.00000   78.18330  10.1%  44.1  960s
 280975 217637   80.94130   74  344   87.00000   78.18606  10.1%  44.1  965s
 282853 219101   85.16156  115  212   87.00000   78.18700  10.1%  44.1  970s
 284584 220575   85.10277  105  233   87.00000   78.18700  10.1%  44.1  975s
 286071 221739   84.00000   73  239   87.00000   78.18734  10.1%  44.0  980s
 287886 223211   86.00000  139  153   87.00000   78.18941  10.1%  44.0  985s
 289803 224733   78.75198   57  385   87.00000   78.19216  10.1%  44.0  990s
 291506 226054   83.00000   94  231   87.00000   78.19440  10.1%  44.0  995s
 293222 227438     cutoff  134        87.00000   78.19661  10.1%  44.0 1000s
 295175 229018   85.00000  108  240   87.00000   78.20000  10.1%  43.9 1005s
 296823 230323   78.46394   51  468   87.00000   78.20383  10.1%  43.9 1010s
 298522 231687   84.02469  108  224   87.00000   78.20544  10.1%  43.9 1015s
 300404 233218   82.68441   83  301   87.00000   78.20714  10.1%  43.9 1020s
 302013 234543   82.73604   76  303   87.00000   78.20853  10.1%  43.9 1025s
 303588 235762   78.80683   57  463   87.00000   78.21100  10.1%  43.9 1030s
 305405 237245   86.00000  136  162   87.00000   78.21371  10.1%  43.9 1035s
 307122 238614   78.43700   48  468   87.00000   78.21629  10.1%  43.9 1040s
 309030 240081   81.48544   66  273   87.00000   78.21809  10.1%  43.8 1045s
 310889 241545   83.03491   74  237   87.00000   78.22034  10.1%  43.8 1050s
 312698 243006   82.08960   76  316   87.00000   78.22150  10.1%  43.8 1055s
 314452 244449   84.00000   94  200   87.00000   78.22376  10.1%  43.8 1060s
 316215 245807   78.85310   59  365   87.00000   78.22506  10.1%  43.8 1065s
 317981 247191   85.11873  139  165   87.00000   78.22704  10.1%  43.8 1070s
 319853 248648   79.20000   59  382   87.00000   78.22958  10.1%  43.7 1075s
 321618 250006   83.21708   87  297   87.00000   78.23153  10.1%  43.7 1080s
 323095 251202   85.00000  142  169   87.00000   78.23283  10.1%  43.7 1085s
 325149 252749   83.46396   95  290   87.00000   78.23462  10.1%  43.7 1090s
 326857 254129   84.99427  106  183   87.00000   78.23570  10.1%  43.7 1095s
 328832 255681   84.25750   95  217   87.00000   78.23637  10.1%  43.6 1100s
 330691 257207   84.45583  131  274   87.00000   78.23925  10.1%  43.6 1105s
 332597 258750   82.20797   79  284   87.00000   78.24137  10.1%  43.6 1110s
 334399 260205     cutoff  141        87.00000   78.24214  10.1%  43.5 1115s
 336267 261596   83.00000   81  286   87.00000   78.24534  10.1%  43.5 1120s
 338044 263062   85.14579  121  175   87.00000   78.24758  10.1%  43.5 1125s
 339760 264439   79.13060   58  365   87.00000   78.24950  10.1%  43.5 1130s
 341454 265780   86.00000  146   87   87.00000   78.25145  10.1%  43.5 1135s
 343238 267151   78.32986   55  448   87.00000   78.25295  10.1%  43.5 1140s
 344555 268145   86.00000  137  199   87.00000   78.25421  10.1%  43.5 1145s
 346450 269582   85.05879  136  168   87.00000   78.25708  10.0%  43.4 1150s
 347763 270652   84.99357   98  255   87.00000   78.25778  10.0%  43.5 1155s
 349630 272123   80.26584   57  416   87.00000   78.25988  10.0%  43.4 1160s
 351498 273518     cutoff  228        87.00000   78.26104  10.0%  43.4 1165s
 353233 274862   84.06176   95  259   87.00000   78.26295  10.0%  43.4 1170s
 354487 275875   79.58855   64  386   87.00000   78.26397  10.0%  43.4 1175s
 356216 277259   85.08466  132  234   87.00000   78.26562  10.0%  43.4 1180s
 358040 278770   84.06711  125  176   87.00000   78.26740  10.0%  43.4 1185s
 359818 280226     cutoff   97        87.00000   78.27034  10.0%  43.4 1190s
 361706 281704   85.32472  164  143   87.00000   78.27034  10.0%  43.4 1195s
 363426 283064   83.36680  102  279   87.00000   78.27034  10.0%  43.3 1200s
 365307 284521   80.50514   61  333   87.00000   78.27034  10.0%  43.3 1205s
 367134 286038   85.02924   85  233   87.00000   78.27034  10.0%  43.3 1210s
 368870 287381   86.00000  110  220   87.00000   78.27034  10.0%  43.3 1215s
 370769 288878   80.24214   62  394   87.00000   78.27082  10.0%  43.3 1220s
 372554 290349   85.01025   82  321   87.00000   78.27224  10.0%  43.3 1225s
 374201 291681   78.56811   53  477   87.00000   78.27381  10.0%  43.3 1230s
 376107 293158   79.21222   51  430   87.00000   78.27484  10.0%  43.3 1235s
 377976 294663   81.50585   67  293   87.00000   78.27696  10.0%  43.2 1240s
 379854 296197   82.21851   75  349   87.00000   78.27871  10.0%  43.2 1245s
 380946 297072   79.55952   63  352   87.00000   78.27947  10.0%  43.2 1250s
 382717 298467   85.12090  121  202   87.00000   78.28099  10.0%  43.2 1255s
 384434 299876   80.90786   70  334   87.00000   78.28291  10.0%  43.2 1260s
 386139 301289   80.05132   64  416   87.00000   78.28455  10.0%  43.2 1265s
 387956 302657   83.93611   87  290   87.00000   78.28700  10.0%  43.2 1270s
 389814 304167   86.00000  130  148   87.00000   78.28709  10.0%  43.2 1275s
 391832 305757   86.00000   78  281   87.00000   78.28952  10.0%  43.1 1280s
 393662 307227   85.93045  146  128   87.00000   78.29121  10.0%  43.1 1285s
 395570 308744   78.49177   54  498   87.00000   78.29199  10.0%  43.1 1290s
 397598 310370   86.00000  189   53   87.00000   78.29436  10.0%  43.1 1295s
 399232 311741   86.00000  123  168   87.00000   78.29571  10.0%  43.1 1300s
 400998 313131   83.93611   94  263   87.00000   78.29919  10.0%  43.1 1305s
 402798 314549   81.70720   60  306   87.00000   78.30206  10.0%  43.0 1310s
 404622 315887   78.65173   56  531   87.00000   78.30510  10.0%  43.0 1315s
 406651 317491   82.38396   79  283   87.00000   78.30605  10.0%  43.0 1320s
 408467 318992   85.59505   80  313   87.00000   78.30784  10.0%  43.0 1325s
 410247 320331   80.19079   63  403   87.00000   78.30864  10.0%  43.0 1330s
 411130 321065   83.82838   95  281   87.00000   78.30992  10.0%  43.0 1335s
 412810 322436   84.01716  118  160   87.00000   78.31229  10.0%  43.0 1340s
 414619 323892   80.08771   60  444   87.00000   78.31355  10.0%  43.0 1345s
 416493 325396   81.60216   73  348   87.00000   78.31493  10.0%  42.9 1350s
 418336 326811   84.06085  102  256   87.00000   78.31611  10.0%  42.9 1355s
 420136 328185     cutoff   84        87.00000   78.31741  10.0%  42.9 1360s
 421963 329616   81.02034   58  343   87.00000   78.31824  10.0%  42.9 1365s
 423693 331017   83.49281  100  237   87.00000   78.31979  10.0%  42.9 1370s
 425638 332595   86.00000  142  176   87.00000   78.32034  10.0%  42.9 1375s
 427708 334219   80.31104   64  381   87.00000   78.32034  10.0%  42.8 1380s
 429761 335943   82.64439   78  285   87.00000   78.32034  10.0%  42.8 1385s
 430784 336787   85.00000  137  167   87.00000   78.32034  10.0%  42.8 1390s
 432677 338319   85.99679  113  207   87.00000   78.32155  10.0%  42.8 1395s
 434477 339732   85.10215  103  262   87.00000   78.32316  10.0%  42.7 1400s
 436419 341292     cutoff  143        87.00000   78.32508  10.0%  42.7 1405s
 438239 342723   85.00000   84  185   87.00000   78.32692  10.0%  42.7 1410s
 439492 343690   81.62211   69  291   87.00000   78.32853  10.0%  42.7 1415s
 441544 345398   86.00000  193   28   87.00000   78.32947  10.0%  42.7 1420s
 443537 347051     cutoff  112        87.00000   78.33152  10.0%  42.7 1425s
 445175 348370   83.09486   90  234   87.00000   78.33333  10.0%  42.7 1430s
 446983 349793   84.10083  113  214   87.00000   78.33333  10.0%  42.7 1435s
 448636 351146   79.57484   53  357   87.00000   78.33380  10.0%  42.7 1440s
 450473 352638   78.93439   59  439   87.00000   78.33453  10.0%  42.7 1445s
 452168 354044   82.48544   70  329   87.00000   78.33629  10.0%  42.7 1450s
 453954 355504   84.99174   80  294   87.00000   78.33840  10.0%  42.7 1455s
 455737 356871   86.00000  102  215   87.00000   78.34034  10.0%  42.7 1460s
 457537 358274   86.00000  158   95   87.00000   78.34239  10.0%  42.6 1465s
 459306 359623   82.50870   95  258   87.00000   78.34389  9.95%  42.7 1470s
 461004 361035   82.26054   73  309   87.00000   78.34631  9.95%  42.6 1475s
 462725 362362   82.52148   74  326   87.00000   78.34801  9.94%  42.6 1480s
 464569 363827   85.00000  108  208   87.00000   78.34975  9.94%  42.6 1485s
 466296 365209   78.46436   52  465   87.00000   78.35168  9.94%  42.6 1490s
 467934 366530   79.58982   59  409   87.00000   78.35281  9.94%  42.6 1495s
 469802 368057   85.38393  138  203   87.00000   78.35367  9.94%  42.6 1500s
 471300 369258   85.00000  120  138   87.00000   78.35367  9.94%  42.6 1505s
 473172 370729   83.93611  100  243   87.00000   78.35367  9.94%  42.6 1510s
 474971 372146   79.18255   57  435   87.00000   78.35367  9.94%  42.6 1515s
 476409 373324   84.09259  110  218   87.00000   78.35367  9.94%  42.6 1520s
 478209 374658   84.65896  110  219   87.00000   78.35367  9.94%  42.6 1525s
 480100 376126   83.00000   78  216   87.00000   78.35367  9.94%  42.6 1530s
 481986 377661   82.48544   67  268   87.00000   78.35367  9.94%  42.6 1535s
 483937 379221   83.55051   93  245   87.00000   78.35367  9.94%  42.6 1540s
 485702 380638   83.58210  100  226   87.00000   78.35484  9.94%  42.6 1545s
 487462 381993   79.71694   49  416   87.00000   78.35706  9.93%  42.6 1550s
 489419 383576   78.45817   54  477   87.00000   78.35859  9.93%  42.5 1555s
 491027 384889   86.00000  134  147   87.00000   78.36023  9.93%  42.5 1560s
 492903 386349   79.02953   54  488   87.00000   78.36245  9.93%  42.5 1565s
 494645 387792   84.32644   75  267   87.00000   78.36437  9.93%  42.5 1570s
 496446 389214   80.37605   63  453   87.00000   78.36570  9.92%  42.5 1575s
 498436 390785   82.87653   87  316   87.00000   78.36704  9.92%  42.5 1580s
 500101 392126   83.07309   67  349   87.00000   78.36872  9.92%  42.5 1585s
 501842 393441   78.57034   52  396   87.00000   78.37034  9.92%  42.5 1590s
 503663 394928   81.39800   73  422   87.00000   78.37034  9.92%  42.5 1595s
 505400 396293   82.62501   76  294   87.00000   78.37034  9.92%  42.5 1600s
 507269 397753     cutoff  140        87.00000   78.37207  9.92%  42.5 1605s
 509095 399095   78.71745   50  444   87.00000   78.37400  9.91%  42.5 1610s
 510638 400358   85.20858  132  152   87.00000   78.37556  9.91%  42.4 1615s
 512420 401794   79.02671   52  475   87.00000   78.37804  9.91%  42.4 1620s
 514116 403155   78.39819   56  430   87.00000   78.38056  9.91%  42.4 1625s
 515753 404438   85.00000   95  159   87.00000   78.38134  9.91%  42.4 1630s
 517525 405792   79.85367   56  429   87.00000   78.38368  9.90%  42.4 1635s
 519148 407058   82.30035   79  262   87.00000   78.38500  9.90%  42.4 1640s
 520905 408413     cutoff  136        87.00000   78.38640  9.90%  42.4 1645s
 522657 409838   82.68301   86  302   87.00000   78.38882  9.90%  42.4 1650s
 524422 411261   83.61882   87  347   87.00000   78.39071  9.90%  42.4 1655s
 525970 412531   80.16014   53  439   87.00000   78.39162  9.89%  42.4 1660s
 527550 413760     cutoff  117        87.00000   78.39403  9.89%  42.4 1665s
 529461 415313   84.14692   94  238   87.00000   78.39534  9.89%  42.4 1670s
 531064 416615   84.00000   99  253   87.00000   78.39534  9.89%  42.4 1675s
 533005 418183   84.00000   90  216   87.00000   78.39585  9.89%  42.4 1680s
 534629 419472   85.31726  101  254   87.00000   78.39736  9.89%  42.4 1685s
 536360 420814   78.68719   51  477   87.00000   78.39898  9.89%  42.4 1690s
 538193 422344   84.10209  106  184   87.00000   78.40000  9.89%  42.4 1695s
 540067 423859   86.00000  133  107   87.00000   78.40289  9.88%  42.4 1700s
 541719 425122   84.18967   92  252   87.00000   78.40434  9.88%  42.4 1705s
 543200 426268   78.40956   56  458   87.00000   78.40576  9.88%  42.4 1710s
 544967 427669   82.50192   75  289   87.00000   78.40767  9.88%  42.4 1715s
 546712 429065   85.09852  128  187   87.00000   78.40817  9.88%  42.4 1720s
 548649 430623   79.63071   55  430   87.00000   78.40924  9.87%  42.4 1725s
 550360 431968   78.80049   52  479   87.00000   78.41019  9.87%  42.3 1730s
 552090 433365   82.27902   78  357   87.00000   78.41168  9.87%  42.3 1735s
 553945 434814   82.11383   75  328   87.00000   78.41304  9.87%  42.3 1740s
 555786 436359   84.28851   83  205   87.00000   78.41344  9.87%  42.3 1745s
 557508 437677   85.68824  119  177   87.00000   78.41485  9.87%  42.3 1750s
 558334 438336   83.01043   85  303   87.00000   78.41553  9.87%  42.3 1755s
 560197 439858     cutoff  127        87.00000   78.41667  9.87%  42.3 1760s
 561967 441304     cutoff  143        87.00000   78.41754  9.86%  42.3 1765s
 563464 442470   84.34492   81  232   87.00000   78.41940  9.86%  42.3 1770s
 565425 444069   78.77044   51  444   87.00000   78.42034  9.86%  42.3 1775s
 567090 445385   84.00000   71  245   87.00000   78.42034  9.86%  42.3 1780s
 569102 446946   84.44408  100  316   87.00000   78.42034  9.86%  42.2 1785s
 571074 448530   84.70974   69  327   87.00000   78.42034  9.86%  42.2 1790s
 572931 449961   82.93611   82  315   87.00000   78.42044  9.86%  42.2 1795s
 574789 451420     cutoff  138        87.00000   78.42119  9.86%  42.2 1800s
 576583 452795   78.44232   57  467   87.00000   78.42266  9.86%  42.2 1805s
 578531 454385   85.04732  103  205   87.00000   78.42379  9.86%  42.2 1810s
 580507 455957   85.00000   82  205   87.00000   78.42510  9.86%  42.2 1815s
 582301 457384   86.00000   89  256   87.00000   78.42697  9.85%  42.1 1820s
 584063 458794   83.00000   89  215   87.00000   78.42807  9.85%  42.2 1825s
 585942 460290   84.03552  111  215   87.00000   78.42931  9.85%  42.1 1830s
 587633 461640   83.00000   73  308   87.00000   78.43037  9.85%  42.1 1835s
 589623 463195   85.48753  137  163   87.00000   78.43083  9.85%  42.1 1840s
 591088 464326   82.05004   77  310   87.00000   78.43170  9.85%  42.1 1845s
 592830 465738   79.18369   56  408   87.00000   78.43268  9.85%  42.1 1850s
 594607 467109   84.00000   93  256   87.00000   78.43396  9.85%  42.1 1855s
 596622 468653   83.05845   75  315   87.00000   78.43426  9.85%  42.1 1860s
 598231 469924   85.00000   88  223   87.00000   78.43540  9.84%  42.1 1865s
 600112 471447   86.00000  109  211   87.00000   78.43743  9.84%  42.1 1870s
 601745 472707   78.91690   57  440   87.00000   78.43969  9.84%  42.1 1875s
 603284 473976   83.96594  158  214   87.00000   78.44060  9.84%  42.1 1881s
 604577 474986   84.22664   89  235   87.00000   78.44260  9.84%  42.1 1885s
 606438 476430   83.98393   92  271   87.00000   78.44493  9.83%  42.1 1890s
 608134 477774   79.86437   66  422   87.00000   78.44654  9.83%  42.1 1895s
 609876 479111   84.10538   90  232   87.00000   78.44812  9.83%  42.1 1900s
 611610 480517   85.06681  116  167   87.00000   78.44896  9.83%  42.1 1905s
 613235 481810   83.47453   82  291   87.00000   78.44973  9.83%  42.1 1910s
 614897 483124   85.98393  101  187   87.00000   78.44998  9.83%  42.1 1915s
 616823 484668   81.20009   72  385   87.00000   78.45258  9.82%  42.0 1920s
 618332 485881   82.10000   77  303   87.00000   78.45367  9.82%  42.1 1925s
 620151 487300   78.46432   50  423   87.00000   78.45367  9.82%  42.0 1930s
 621975 488751   84.01933  107  288   87.00000   78.45418  9.82%  42.0 1935s
 623693 490127   84.00000  118  178   87.00000   78.45527  9.82%  42.0 1940s
 625398 491511   85.00000   91  183   87.00000   78.45671  9.82%  42.0 1945s
 627124 492915   84.87224   85  196   87.00000   78.45715  9.82%  42.0 1950s
 628816 494324   86.00000  122  178   87.00000   78.45794  9.82%  42.0 1955s
 630608 495757   83.83338   87  296   87.00000   78.45973  9.82%  42.0 1960s
 632197 496996   83.46590   77  294   87.00000   78.46182  9.81%  42.1 1965s
 634111 498514   85.00000  101  204   87.00000   78.46319  9.81%  42.0 1970s
 635833 499897   85.27014   73  288   87.00000   78.46411  9.81%  42.0 1975s
 637594 501313   82.93611   77  309   87.00000   78.46450  9.81%  42.0 1980s
 639321 502662   84.24282   73  349   87.00000   78.46581  9.81%  42.0 1985s
 641048 504010   83.03442   87  304   87.00000   78.46687  9.81%  42.0 1990s
 642726 505363   85.61973   96  273   87.00000   78.46829  9.81%  42.0 1995s
 644477 506776   85.00000  120  177   87.00000   78.46897  9.81%  42.0 2000s
 646131 508112   85.17925   80  320   87.00000   78.47023  9.80%  42.0 2006s
 647487 509182   82.75000   84  257   87.00000   78.47034  9.80%  42.0 2010s
 649339 510629   85.19568  115  196   87.00000   78.47134  9.80%  42.0 2015s
 651144 512090   86.00000  152  160   87.00000   78.47324  9.80%  42.0 2020s
 652916 513440   78.72743   53  470   87.00000   78.47482  9.80%  42.0 2025s
 653948 514297   86.00000  109  150   87.00000   78.47525  9.80%  42.0 2030s
 655621 515604   81.04233   65  370   87.00000   78.47659  9.80%  42.0 2035s
 657351 517022   85.62111  118  212   87.00000   78.47804  9.80%  42.0 2040s
 658522 517939   85.08965  113  210   87.00000   78.47917  9.79%  42.0 2045s
 660431 519342   82.00000   74  298   87.00000   78.48101  9.79%  42.0 2050s
 662161 520676   82.00000   71  324   87.00000   78.48238  9.79%  42.0 2055s
 663880 522017   83.32902   91  316   87.00000   78.48436  9.79%  42.0 2060s
 665635 523463   83.04238   98  282   87.00000   78.48568  9.79%  42.0 2065s
 667556 524978   79.27484   54  389   87.00000   78.48662  9.79%  42.0 2070s
 669366 526460   83.51465   76  311   87.00000   78.48787  9.78%  42.0 2075s
 671281 528008   84.16667   87  283   87.00000   78.49014  9.78%  42.0 2080s
 673009 529390   85.27933  122  169   87.00000   78.49091  9.78%  42.0 2085s
 674769 530807   81.30769   58  394   87.00000   78.49214  9.78%  42.0 2090s
 676543 532251   84.65804   88  200   87.00000   78.49263  9.78%  42.0 2095s
 677777 533238   84.01791   98  224   87.00000   78.49389  9.78%  42.0 2100s
 679580 534635   79.62765   65  387   87.00000   78.49544  9.78%  42.0 2105s
 681322 535999   84.40418   73  278   87.00000   78.49653  9.77%  42.0 2110s
 683034 537364   85.08812  112  178   87.00000   78.49697  9.77%  42.0 2115s
 684670 538655   85.54680  130  261   87.00000   78.49795  9.77%  42.0 2120s
 686572 540091   84.00000   84  264   87.00000   78.49841  9.77%  42.0 2125s
 688264 541456   83.05098   84  261   87.00000   78.50000  9.77%  42.0 2130s
 690102 542909   85.00000   97  237   87.00000   78.50000  9.77%  42.0 2135s
 691875 544280   84.04821   76  326   87.00000   78.50000  9.77%  42.0 2140s
 693369 545482   85.00000   99  183   87.00000   78.50059  9.77%  42.0 2145s
 695072 546746   83.00000   91  277   87.00000   78.50219  9.77%  42.0 2150s
 696887 548205   86.00000  135  153   87.00000   78.50457  9.76%  42.0 2155s
 698397 549427   85.55051   80  273   87.00000   78.50685  9.76%  42.0 2160s
 700241 550843   85.06141  105  204   87.00000   78.50807  9.76%  42.0 2165s
 701915 552137   85.42396   99  266   87.00000   78.50879  9.76%  42.0 2170s
 703789 553520   82.24677   66  349   87.00000   78.50972  9.76%  42.0 2175s
 705612 554980   78.77436   53  488   87.00000   78.51147  9.76%  42.0 2180s
 707454 556353     cutoff   89        87.00000   78.51398  9.75%  42.0 2185s
 709253 557812   81.42022   63  429   87.00000   78.51515  9.75%  42.0 2190s
 710972 559117   82.95836   73  327   87.00000   78.51667  9.75%  42.0 2195s
 712662 560375   83.98393   92  285   87.00000   78.51755  9.75%  42.0 2200s
 713887 561289   79.26937   54  456   87.00000   78.51861  9.75%  42.0 2205s
 715727 562738     cutoff  123        87.00000   78.51970  9.75%  42.0 2210s
 717459 564147 infeasible  137        87.00000   78.52034  9.75%  42.0 2215s
 719118 565448   78.97521   53  419   87.00000   78.52034  9.75%  42.0 2220s
 720942 566941   82.93611   70  289   87.00000   78.52034  9.75%  42.0 2225s
 722766 568396   85.13411  114  230   87.00000   78.52034  9.75%  42.0 2230s
 724574 569816   83.00000   85  227   87.00000   78.52034  9.75%  41.9 2235s
 726551 571397   82.00000   76  268   87.00000   78.52034  9.75%  41.9 2240s
 726946 571723   86.00000  128  171   87.00000   78.52034  9.75%  41.9 2245s
 728677 573096   81.46188   73  322   87.00000   78.52034  9.75%  41.9 2250s
 730600 574645   85.40935   86  194   87.00000   78.52034  9.75%  41.9 2255s
 732493 576145   86.00000  121  127   87.00000   78.52034  9.75%  41.9 2260s
 734322 577583   86.00000  125  201   87.00000   78.52034  9.75%  41.9 2265s
 736017 578913   83.47745   67  315   87.00000   78.52034  9.75%  41.9 2270s
 737909 580366   82.08362   72  346   87.00000   78.52034  9.75%  41.9 2275s
 739738 581825   81.61413   71  330   87.00000   78.52034  9.75%  41.9 2280s
 741499 583239   85.15748  126  155   87.00000   78.52034  9.75%  41.9 2285s
 743234 584560   86.00000  127  198   87.00000   78.52034  9.75%  41.9 2290s
 745040 585954   84.00000   94  238   87.00000   78.52034  9.75%  41.9 2295s
 747080 587548     cutoff  121        87.00000   78.52034  9.75%  41.9 2300s
 748903 589007   84.00000   78  307   87.00000   78.52034  9.75%  41.8 2305s
 750076 589955   78.77421   59  465   87.00000   78.52034  9.75%  41.8 2310s
 751875 591431   79.52044   56  437   87.00000   78.52034  9.75%  41.8 2315s
 753712 592882   83.17987  101  215   87.00000   78.52034  9.75%  41.8 2320s
 755525 594345   86.00000  135  168   87.00000   78.52044  9.75%  41.8 2325s
 757611 595999   80.02044   54  359   87.00000   78.52044  9.75%  41.8 2330s
 759512 597499   84.30567  107  232   87.00000   78.52044  9.75%  41.8 2335s
 761382 598966   82.03439   80  288   87.00000   78.52044  9.75%  41.8 2340s
 763274 600439   81.02044   63  365   87.00000   78.52044  9.75%  41.8 2345s
 765188 601939   84.42020   84  204   87.00000   78.52044  9.75%  41.8 2350s
 766983 603343   83.00000   90  274   87.00000   78.52105  9.75%  41.8 2355s
 768802 604827   84.00000   99  171   87.00000   78.52105  9.75%  41.8 2360s
 770453 606114   78.52137   52  475   87.00000   78.52137  9.75%  41.8 2365s
 772416 607641   82.11625   76  306   87.00000   78.52259  9.74%  41.7 2370s
 774275 609083   79.53227   64  411   87.00000   78.52375  9.74%  41.7 2375s
 776085 610507   82.25699   94  234   87.00000   78.52381  9.74%  41.7 2380s
 777909 611870   78.85216   50  513   87.00000   78.52526  9.74%  41.7 2385s
 779602 613202     cutoff  128        87.00000   78.52690  9.74%  41.7 2390s
 781361 614574   81.02974   71  308   87.00000   78.52871  9.74%  41.7 2395s
 783064 615927   84.00000   84  236   87.00000   78.52947  9.74%  41.7 2400s
 784670 617155   80.50000   67  329   87.00000   78.52960  9.74%  41.7 2405s
 786512 618661   86.00000  119  173   87.00000   78.53040  9.74%  41.7 2410s
 788170 619974   82.00000   72  280   87.00000   78.53181  9.73%  41.7 2415s
 789630 621138   84.13346   80  328   87.00000   78.53333  9.73%  41.7 2420s
 791381 622565   86.00000  147  195   87.00000   78.53408  9.73%  41.7 2425s
 793047 623824   82.59237   78  309   87.00000   78.53571  9.73%  41.7 2430s
 794759 625215   84.14376  100  224   87.00000   78.53709  9.73%  41.7 2435s
 796547 626595   83.44798   78  278   87.00000   78.53787  9.73%  41.7 2440s
 798392 628052   83.07637   94  213   87.00000   78.53877  9.73%  41.7 2445s
 800245 629507   84.14997  113  218   87.00000   78.53972  9.72%  41.7 2450s
 801618 630590   81.38182   69  331   87.00000   78.54034  9.72%  41.7 2455s
 803427 632023   85.25898  148  152   87.00000   78.54199  9.72%  41.7 2460s
 804930 633207   78.77044   46  494   87.00000   78.54313  9.72%  41.7 2465s
 806726 634707   82.50000   65  329   87.00000   78.54436  9.72%  41.7 2470s
 808555 636173   83.55051   86  242   87.00000   78.54638  9.72%  41.7 2475s
 810158 637400   85.86514  104  172   87.00000   78.54745  9.72%  41.7 2480s
 811860 638748   80.37098   63  378   87.00000   78.54901  9.71%  41.7 2485s
 813704 640152   86.00000  127  176   87.00000   78.55075  9.71%  41.7 2490s
 815494 641542     cutoff  136        87.00000   78.55216  9.71%  41.7 2495s
 817197 642921   85.09820  118  198   87.00000   78.55367  9.71%  41.7 2500s
 818973 644303   85.98393  106  255   87.00000   78.55469  9.71%  41.7 2505s
 820617 645576   86.00000   94  209   87.00000   78.55556  9.71%  41.7 2510s
 822271 646891   82.24677   70  353   87.00000   78.55631  9.71%  41.7 2515s
 824164 648308   79.55000   55  363   87.00000   78.55793  9.70%  41.7 2520s
 825823 649550   80.02044   62  346   87.00000   78.55939  9.70%  41.7 2525s
 827633 650954   83.55051   95  233   87.00000   78.56038  9.70%  41.7 2530s
 829349 652359 infeasible  110        87.00000   78.56261  9.70%  41.7 2535s
 831240 653829   84.70699  113  190   87.00000   78.56370  9.70%  41.7 2540s
 833051 655175     cutoff   94        87.00000   78.56510  9.70%  41.7 2545s
 834880 656596   83.31294   77  331   87.00000   78.56579  9.69%  41.7 2550s
 836583 657905   84.05167   97  287   87.00000   78.56634  9.69%  41.7 2555s
 838300 659315   85.00559  154  155   87.00000   78.56696  9.69%  41.7 2560s
 839692 660423   81.41916   62  454   87.00000   78.56820  9.69%  41.7 2565s
 841410 661819   79.13099   60  446   87.00000   78.56897  9.69%  41.7 2570s
 843175 663219   85.00000   93  212   87.00000   78.56984  9.69%  41.7 2575s
 844929 664577   82.29102   79  318   87.00000   78.57034  9.69%  41.7 2580s
 846685 665941   83.00000   94  276   87.00000   78.57044  9.69%  41.7 2585s
 848437 667202   83.23962   85  262   87.00000   78.57167  9.69%  41.7 2590s
 850192 668624   84.59203   69  280   87.00000   78.57358  9.69%  41.7 2595s
 851913 669952   84.00000   94  208   87.00000   78.57457  9.68%  41.7 2600s
 853809 671436   79.47655   62  419   87.00000   78.57484  9.68%  41.7 2605s
 855397 672720   85.76771   92  243   87.00000   78.57484  9.68%  41.7 2610s
 857181 674148   86.00000  118  172   87.00000   78.57525  9.68%  41.7 2615s
 858976 675595   83.00000   90  263   87.00000   78.57547  9.68%  41.7 2620s
 860589 676874   85.00000   95  241   87.00000   78.57602  9.68%  41.7 2625s
 861451 677544   82.61548   82  339   87.00000   78.57623  9.68%  41.7 2630s
 863080 678786   85.00000  101  223   87.00000   78.57674  9.68%  41.7 2635s
 864770 680125   82.72463   69  272   87.00000   78.57692  9.68%  41.7 2640s
 866255 681361   80.32380   59  397   87.00000   78.57730  9.68%  41.7 2645s
 868051 682761   79.02357   54  470   87.00000   78.57799  9.68%  41.7 2650s
 869762 684155   86.00000  155  133   87.00000   78.57848  9.68%  41.7 2655s
 871658 685649   86.00000  150  163   87.00000   78.58035  9.68%  41.7 2660s
 873427 686951   86.00000  118  155   87.00000   78.58125  9.68%  41.7 2665s
 874661 687901   80.81096   68  392   87.00000   78.58198  9.68%  41.7 2670s
 876521 689344   80.62486   64  377   87.00000   78.58294  9.67%  41.7 2675s
 877846 690396   83.02453   89  222   87.00000   78.58333  9.67%  41.7 2680s
 879673 691827   86.00000   98  154   87.00000   78.58405  9.67%  41.7 2685s
 881483 693160   78.71023   57  442   87.00000   78.58587  9.67%  41.7 2690s
 883243 694551   84.75053   96  206   87.00000   78.58700  9.67%  41.7 2695s
 885109 696002   80.57526   59  395   87.00000   78.58795  9.67%  41.7 2700s
 886948 697462   79.86170   63  447   87.00000   78.58865  9.67%  41.7 2705s
 888833 698946   86.00000  124  157   87.00000   78.59041  9.67%  41.7 2710s
 890492 700231   84.42979  105  202   87.00000   78.59091  9.67%  41.7 2715s
 892146 701579   81.57583   85  295   87.00000   78.59107  9.67%  41.7 2720s
 893814 702887   83.25198   70  328   87.00000   78.59174  9.66%  41.7 2725s
 895874 704493   82.59110   79  279   87.00000   78.59198  9.66%  41.6 2730s
 897722 705973   85.89564   87  236   87.00000   78.59302  9.66%  41.6 2735s
 899486 707334   86.00000  119  151   87.00000   78.59423  9.66%  41.6 2740s
 901281 708734   86.00000   99  187   87.00000   78.59534  9.66%  41.6 2745s
 902980 709989   84.00000   99  199   87.00000   78.59592  9.66%  41.6 2750s
 904806 711491   85.05723   95  223   87.00000   78.59716  9.66%  41.6 2755s
 906558 712877   79.10194   54  474   87.00000   78.59795  9.66%  41.6 2760s
 908389 714334   85.03855  109  260   87.00000   78.59945  9.66%  41.6 2765s
 910160 715667   85.03321  114  138   87.00000   78.60000  9.66%  41.6 2770s
 912019 717042   83.32354   86  321   87.00000   78.60091  9.65%  41.6 2775s
 913789 718431   81.25480   60  333   87.00000   78.60252  9.65%  41.6 2780s
 915656 719988 infeasible  124        87.00000   78.60367  9.65%  41.6 2785s
 917160 721160 infeasible  150        87.00000   78.60367  9.65%  41.6 2790s
 918921 722581   82.00000   73  271   87.00000   78.60367  9.65%  41.6 2795s
 920876 724110   86.00000  132  164   87.00000   78.60378  9.65%  41.6 2800s
 922564 725410   85.98394  125  215   87.00000   78.60404  9.65%  41.6 2805s
 924393 726852   86.00000  141  163   87.00000   78.60438  9.65%  41.6 2810s
 926226 728308   85.83948  123  146   87.00000   78.60557  9.65%  41.6 2815s
 928084 729798   82.50000   77  308   87.00000   78.60701  9.65%  41.6 2820s
 929923 731281   78.79651   58  459   87.00000   78.60729  9.65%  41.6 2825s
 931850 732807   81.70650   76  315   87.00000   78.60832  9.65%  41.6 2830s
 933706 734304   86.00000  165   55   87.00000   78.60969  9.64%  41.6 2835s
 935496 735695   79.25000   53  447   87.00000   78.61111  9.64%  41.6 2840s
 937353 737179   84.75037  106  291   87.00000   78.61211  9.64%  41.6 2845s
 939086 738541   86.00000  117  196   87.00000   78.61408  9.64%  41.6 2850s
 940045 739263   81.50769   68  359   87.00000   78.61449  9.64%  41.6 2855s
 941851 740763   83.98393   85  283   87.00000   78.61587  9.64%  41.6 2860s
 943465 742055   82.96188   82  283   87.00000   78.61700  9.64%  41.6 2865s
 945347 743519   79.91513   61  389   87.00000   78.61775  9.63%  41.6 2870s
 946527 744442   79.45179   53  422   87.00000   78.61850  9.63%  41.6 2875s
 948337 745841     cutoff  127        87.00000   78.61959  9.63%  41.6 2880s
 950185 747288     cutoff   67        87.00000   78.62034  9.63%  41.6 2885s
 952038 748774   86.00000  150  141   87.00000   78.62034  9.63%  41.6 2890s
 953887 750249   83.60008   94  224   87.00000   78.62034  9.63%  41.6 2895s
 955895 751890   86.00000  110  191   87.00000   78.62034  9.63%  41.5 2900s
 957840 753396   86.00000  115  233   87.00000   78.62034  9.63%  41.5 2905s
 959728 754938   85.00000   91  240   87.00000   78.62034  9.63%  41.5 2910s
 961640 756453   82.29527   73  303   87.00000   78.62044  9.63%  41.5 2915s
 963525 757900   83.62336   78  325   87.00000   78.62044  9.63%  41.5 2920s
 964615 758717   85.00000   98  181   87.00000   78.62044  9.63%  41.5 2925s
 966560 760229   82.50000   78  293   87.00000   78.62044  9.63%  41.5 2930s
 968372 761661   79.13034   59  457   87.00000   78.62153  9.63%  41.5 2935s
 970106 763041   84.08149  109  236   87.00000   78.62305  9.63%  41.5 2940s
 971939 764477   83.28851   78  265   87.00000   78.62377  9.63%  41.5 2945s
 973758 765893     cutoff  155        87.00000   78.62409  9.63%  41.5 2950s
 975417 767210   83.06800   67  283   87.00000   78.62469  9.63%  41.5 2955s
 977245 768672   80.63518   61  388   87.00000   78.62526  9.63%  41.5 2960s
 979112 770154   86.00000  126  161   87.00000   78.62647  9.62%  41.5 2965s
 980896 771478   86.00000  123  149   87.00000   78.62759  9.62%  41.5 2970s
 982778 772929   82.68561   90  315   87.00000   78.62871  9.62%  41.5 2975s
 984582 774354   85.95460   98  278   87.00000   78.62965  9.62%  41.5 2980s
 986528 775882   79.36965   55  452   87.00000   78.63052  9.62%  41.5 2985s
 987685 776842   85.00000  122  168   87.00000   78.63060  9.62%  41.5 2990s
 989513 778327   82.98577   82  344   87.00000   78.63099  9.62%  41.5 2995s
 991362 779792   85.00000  131  165   87.00000   78.63110  9.62%  41.5 3000s
 993029 781121   84.33427   94  266   87.00000   78.63158  9.62%  41.5 3005s
 994750 782528   83.00000   87  220   87.00000   78.63249  9.62%  41.5 3010s
 996599 783988   85.81164  114  201   87.00000   78.63336  9.62%  41.5 3015s
 998561 785482   80.02116   58  410   87.00000   78.63473  9.62%  41.5 3020s
 1000199 786731   83.11998   69  377   87.00000   78.63513  9.61%  41.5 3025s
 1000703 787144   83.12780   88  291   87.00000   78.63550  9.61%  41.5 3030s
 1002471 788528   85.93611  102  231   87.00000   78.63636  9.61%  41.5 3035s
 1004360 789974   83.03729   80  263   87.00000   78.63754  9.61%  41.5 3040s
 1006278 791451   85.10369   96  186   87.00000   78.63809  9.61%  41.5 3045s
 1008104 792899   85.18934  115  191   87.00000   78.63820  9.61%  41.4 3050s
 1009964 794307   83.06794   79  327   87.00000   78.63906  9.61%  41.4 3055s
 1011723 795659   85.00000   94  247   87.00000   78.63981  9.61%  41.4 3060s
 1013406 797020   84.98393   83  247   87.00000   78.64082  9.61%  41.4 3065s
 1015284 798525   83.00000  100  191   87.00000   78.64192  9.61%  41.4 3070s
 1017156 799881   86.00000  138  153   87.00000   78.64294  9.61%  41.4 3075s
 1018941 801291   84.29635   79  334   87.00000   78.64426  9.60%  41.4 3080s
 1020702 802706   79.82740   61  404   87.00000   78.64486  9.60%  41.4 3085s
 1022550 804169   82.08124   72  307   87.00000   78.64544  9.60%  41.4 3090s
 1024317 805538   83.00000   90  248   87.00000   78.64636  9.60%  41.4 3095s
 1026048 806916   82.00000   67  301   87.00000   78.64781  9.60%  41.4 3100s
 1027813 808308   79.64726   51  458   87.00000   78.64859  9.60%  41.4 3105s
 1029554 809700   82.00000   79  329   87.00000   78.64959  9.60%  41.4 3110s
 1031453 811198   84.00000   97  190   87.00000   78.65058  9.60%  41.4 3115s
 1033289 812607   82.00000   78  301   87.00000   78.65118  9.60%  41.4 3120s
 1035085 814024   78.75151   61  442   87.00000   78.65261  9.59%  41.4 3125s
 1036884 815369   82.10134   72  285   87.00000   78.65367  9.59%  41.4 3130s
 1038682 816753   82.28602   93  277   87.00000   78.65449  9.59%  41.4 3135s
 1040561 818220   83.02094   77  275   87.00000   78.65541  9.59%  41.4 3140s
 1042054 819337   80.82380   62  424   87.00000   78.65766  9.59%  41.4 3145s
 1043915 820811   82.50061   72  288   87.00000   78.65817  9.59%  41.4 3150s
 1045785 822275   79.15895   56  447   87.00000   78.65895  9.59%  41.4 3155s
 1047655 823758   85.00000   95  294   87.00000   78.66008  9.59%  41.4 3160s
 1049513 825117   81.50000   73  333   87.00000   78.66150  9.58%  41.4 3165s
 1051213 826462   84.00000   83  253   87.00000   78.66258  9.58%  41.4 3170s
 1052937 827837   86.00000  145  160   87.00000   78.66304  9.58%  41.4 3175s
 1054751 829234   85.53515  153  154   87.00000   78.66319  9.58%  41.4 3180s
 1056609 830728   85.00000  127  146   87.00000   78.66320  9.58%  41.4 3185s
 1058334 832089   85.74664  118  199   87.00000   78.66345  9.58%  41.4 3190s
 1059980 833363   84.00000   70  274   87.00000   78.66452  9.58%  41.4 3195s
 1061741 834720   83.94191   75  281   87.00000   78.66485  9.58%  41.4 3200s
 1063537 836103   84.00000  103  217   87.00000   78.66588  9.58%  41.4 3205s
 1065205 837441   83.33333   86  225   87.00000   78.66667  9.58%  41.4 3210s
 1067119 838943   84.02036  102  226   87.00000   78.66667  9.58%  41.4 3215s
 1068545 840071   84.80922   92  248   87.00000   78.66667  9.58%  41.4 3220s
 1070417 841485   84.39536   78  294   87.00000   78.66667  9.58%  41.4 3225s
 1072233 842905   82.08960   75  306   87.00000   78.66667  9.58%  41.4 3230s
 1073941 844294   85.28046  124  143   87.00000   78.66725  9.58%  41.4 3235s
 1075715 845718   83.16737   74  248   87.00000   78.66889  9.58%  41.4 3240s
 1077521 847168   86.00000  143  187   87.00000   78.67044  9.57%  41.4 3245s
 1079507 848780   86.00000  129  170   87.00000   78.67092  9.57%  41.4 3250s
 1081468 850299   79.67678   54  393   87.00000   78.67167  9.57%  41.4 3255s
 1083371 851775     cutoff  132        87.00000   78.67268  9.57%  41.4 3260s
 1085206 853183   85.64106  102  216   87.00000   78.67407  9.57%  41.3 3265s
 1087033 854538   79.63444   60  460   87.00000   78.67501  9.57%  41.3 3270s
 1088799 855962   84.00000   91  208   87.00000   78.67561  9.57%  41.3 3275s
 1090663 857429   82.22047   80  325   87.00000   78.67629  9.57%  41.3 3280s
 1092217 858633   85.08553  146  161   87.00000   78.67736  9.57%  41.3 3285s
 1093647 859729   80.73898   69  338   87.00000   78.67856  9.56%  41.3 3290s
 1095518 861246   83.53821  107  240   87.00000   78.67943  9.56%  41.3 3295s
 1097318 862561   78.81970   59  510   87.00000   78.68034  9.56%  41.3 3300s
 1099068 863930   80.93611   73  279   87.00000   78.68179  9.56%  41.3 3305s
 1101009 865400   81.81786   71  318   87.00000   78.68311  9.56%  41.3 3310s
 1102848 866848   81.02044   68  388   87.00000   78.68417  9.56%  41.3 3315s
 1104619 868282   85.98817  123  179   87.00000   78.68473  9.56%  41.3 3320s
 1106380 869699   85.00000  126  162   87.00000   78.68624  9.56%  41.3 3325s
 1108245 871222   85.00000  137  130   87.00000   78.68700  9.56%  41.3 3330s
 1110029 872579   79.02044   57  415   87.00000   78.68700  9.56%  41.3 3335s
 1112018 874090   80.66818   65  388   87.00000   78.68700  9.56%  41.3 3340s
 1113923 875586   80.02375   61  330   87.00000   78.68700  9.56%  41.3 3345s
 1115738 877020   79.39544   53  484   87.00000   78.68700  9.56%  41.3 3350s
 1117347 878314   84.00000   99  248   87.00000   78.68711  9.56%  41.3 3355s
 1119166 879797   86.00000  134  139   87.00000   78.68727  9.55%  41.3 3360s
 1121141 881350   86.00000  151  135   87.00000   78.68771  9.55%  41.3 3365s
 1122994 882815   84.50000   78  220   87.00000   78.68813  9.55%  41.3 3370s
 1124822 884230   86.00000  126  147   87.00000   78.68899  9.55%  41.3 3375s
 1126700 885751   86.00000  154  175   87.00000   78.69051  9.55%  41.3 3380s
 1128645 887327   85.42204  154  126   87.00000   78.69143  9.55%  41.3 3385s
 1130543 888784     cutoff   79        87.00000   78.69228  9.55%  41.3 3390s
 1132125 890050   81.46188   70  330   87.00000   78.69343  9.55%  41.3 3395s
 1133928 891535   80.22743   60  433   87.00000   78.69444  9.55%  41.3 3400s
 1135755 893003   81.04825   68  341   87.00000   78.69551  9.55%  41.2 3405s
 1137623 894469   80.40117   67  345   87.00000   78.69650  9.54%  41.2 3410s
 1139286 895810   79.68304   63  428   87.00000   78.69720  9.54%  41.2 3416s
 1139434 895940     cutoff  160        87.00000   78.69723  9.54%  41.2 3420s
 1141028 897208   85.98398  105  210   87.00000   78.69787  9.54%  41.2 3425s
 1142893 898685   83.73495   94  240   87.00000   78.69872  9.54%  41.2 3430s
 1144553 899978   80.19075   50  439   87.00000   78.69959  9.54%  41.2 3435s
 1146206 901250   79.90373   55  454   87.00000   78.70010  9.54%  41.2 3440s
 1148058 902722   80.09743   63  440   87.00000   78.70101  9.54%  41.2 3445s
 1149940 904144   82.16122   85  321   87.00000   78.70150  9.54%  41.2 3450s
 1151908 905604   85.51632   97  192   87.00000   78.70237  9.54%  41.2 3455s
 1153593 906917   81.50368   65  324   87.00000   78.70312  9.54%  41.2 3460s
 1155517 908328   85.02109   93  266   87.00000   78.70392  9.54%  41.2 3465s
 1157333 909762   78.85294   63  407   87.00000   78.70512  9.53%  41.2 3470s
 1159301 911271   79.09547   53  438   87.00000   78.70620  9.53%  41.2 3475s
 1160885 912457   83.00000   95  253   87.00000   78.70742  9.53%  41.2 3480s
 1162739 913948 infeasible  124        87.00000   78.70874  9.53%  41.2 3485s
 1164578 915422   86.00000  110  164   87.00000   78.71006  9.53%  41.2 3490s
 1165613 916214   79.79021   55  463   87.00000   78.71069  9.53%  41.2 3495s
 1167429 917569   78.71145   51  479   87.00000   78.71145  9.53%  41.2 3500s
 1169123 918913   85.02532  118  214   87.00000   78.71212  9.53%  41.2 3505s
 1170830 920246   82.12589   78  271   87.00000   78.71357  9.52%  41.2 3510s
 1172717 921731   80.97347   52  378   87.00000   78.71460  9.52%  41.2 3515s
 1174456 923090   86.00000  117  141   87.00000   78.71559  9.52%  41.2 3520s
 1176128 924362     cutoff  143        87.00000   78.71687  9.52%  41.2 3525s
 1178034 925887   83.27615   73  262   87.00000   78.71753  9.52%  41.2 3530s
 1179157 926733   83.13611   77  289   87.00000   78.71833  9.52%  41.2 3535s
 1180767 927995   80.16356   63  379   87.00000   78.71984  9.52%  41.2 3540s
 1182604 929353   80.29034   60  343   87.00000   78.72034  9.52%  41.2 3545s
 1184536 930856   84.00000   80  333   87.00000   78.72044  9.52%  41.2 3550s
 1186212 932168     cutoff  150        87.00000   78.72198  9.51%  41.2 3555s
 1188145 933672     cutoff  108        87.00000   78.72399  9.51%  41.2 3560s
 1189853 934977   79.46489   55  418   87.00000   78.72543  9.51%  41.2 3565s
 1191724 936454   84.17231   85  302   87.00000   78.72659  9.51%  41.2 3570s
 1193580 937942   84.00000  103  191   87.00000   78.72730  9.51%  41.2 3575s
 1195208 939221   78.82044   54  429   87.00000   78.72812  9.51%  41.2 3580s
 1197032 940653   84.00000   97  243   87.00000   78.72936  9.51%  41.2 3585s
 1199001 942160   81.46185   71  349   87.00000   78.73010  9.51%  41.2 3590s
 1200791 943499   86.00000  115  195   87.00000   78.73110  9.50%  41.2 3595s

Cutting planes:
  Gomory: 66
  Cover: 359
  Implied bound: 165
  MIR: 482
  Mixing: 9
  StrongCG: 4
  Flow cover: 2015
  GUB cover: 154
  Inf proof: 37
  Zero half: 298
  RLT: 186
  Relax-and-lift: 84

Explored 1202694 nodes (49567044 simplex iterations) in 3599.93 seconds (2913.28 work units)
Thread count was 1 (of 16 available processors)

Solution count 10: 87 88 89 ... 94

Time limit reached
Best objective 8.700000000000e+01, best bound 7.900000000000e+01, gap 9.1954%

User-callback calls 3906836, time in user-callback 3.45 sec

 sepatime0
Stat(MathOptInterface.TIME_LIMIT, 87.0, 79.0, 0.09195402298850575, 0.0, 0.072896, 3599.9307589530945, 1202694, Main.CFLG.EFP, "", #undef)
