Data path: /scratch/opt/lxu/CFLG/benchmarks/Kgroup_A
Instance: K100.1.red
Result path: /scratch/opt/lxu/CFLG/results/Kgroup_A
Solver: Gurobi
Time limit: 3600
Formulation: LEFPV
Cover: Small
julia --project=. src/main.jl /scratch/opt/lxu/CFLG/benchmarks/Kgroup_A K100.1.red /scratch/opt/lxu/CFLG/results/Kgroup_A Gurobi 3600 LEFPV Small
The latest version of Julia in the `release` channel is 1.11.5+0.x64.linux.gnu. You currently have `1.11.4+0.x64.linux.gnu` installed. Run:

  juliaup update

in your terminal shell to install Julia 1.11.5+0.x64.linux.gnu and update the `release` channel to that version.
/scratch/opt/lxu/CFLG/benchmarks/Kgroup_A Gurobi 3600.0 /scratch/opt/lxu/CFLG/results/Kgroup_A K100.1.red LEFPV Small
/scratch/opt/lxu/CFLG/benchmarks/Kgroup_A/K100.1.red

 read graph
data loaded


after absorb:42 42

max_piece:20
problem_graph/original graph: node: 66/42 edge: 209/185 dlt: 0.05086356964332492 break_avg_len: 0.18009110782804053 break_max_len: 1.0elapsed CPU time: 0.045805 seconds
Set parameter TokenServer to value "solice01.zib.de"
Set parameter Threads to value 1
Set parameter OutputFlag to value 1
Set parameter MIPGap to value 0.0001
Set parameter MIPGapAbs to value 1
Set parameter TimeLimit to value 3599.954195

 more cuts:false
formulation:LEFPV153 56 24
Set parameter PreCrush to value 1

 model loaded

Gurobi Optimizer version 12.0.1 build v12.0.1rc0 (linux64 - "Debian GNU/Linux 12 (bookworm)")

CPU model: Intel(R) Xeon(R) Gold 5222 CPU @ 3.80GHz, instruction set [SSE2|AVX|AVX2|AVX512]
Thread count: 8 physical cores, 16 logical processors, using up to 1 threads

Non-default parameters:
TimeLimit  3599.954195
MIPGapAbs  1
PreCrush  1
Threads  1

Optimize a model with 4964 rows, 2545 columns and 11313 nonzeros
Model fingerprint: 0x634af39a
Variable types: 693 continuous, 1852 integer (1546 binary)
Coefficient statistics:
  Matrix range     [2e-03, 1e+00]
  Objective range  [1e+00, 1e+00]
  Bounds range     [2e-03, 1e+00]
  RHS range        [1e-04, 9e+00]
Presolve removed 2902 rows and 707 columns
Presolve time: 0.04s
Presolved: 2062 rows, 1838 columns, 9827 nonzeros
Variable types: 581 continuous, 1257 integer (1208 binary)
Found heuristic solution: objective 384.0000000
Found heuristic solution: objective 363.0000000

Root relaxation: objective 2.750000e+02, 825 iterations, 0.01 seconds (0.01 work units)

    Nodes    |    Current Node    |     Objective Bounds      |     Work
 Expl Unexpl |  Obj  Depth IntInf | Incumbent    BestBd   Gap | It/Node Time

     0     0  275.00000    0   97  363.00000  275.00000  24.2%     -    0s
H    0     0                     351.0000000  275.00000  21.7%     -    0s
H    0     0                     335.0000000  275.00000  17.9%     -    0s
H    0     0                     324.0000000  275.00000  15.1%     -    0s
     0     0  275.42055    0  165  324.00000  275.42055  15.0%     -    0s
     0     0  275.55777    0  159  324.00000  275.55777  15.0%     -    0s
     0     0  278.89239    0  194  324.00000  278.89239  13.9%     -    0s
     0     0  278.96152    0  181  324.00000  278.96152  13.9%     -    0s
     0     0  278.96902    0  185  324.00000  278.96902  13.9%     -    0s
     0     0  278.96925    0  186  324.00000  278.96925  13.9%     -    0s
     0     0  280.87532    0  182  324.00000  280.87532  13.3%     -    0s
     0     0  280.94696    0  193  324.00000  280.94696  13.3%     -    0s
     0     0  280.94696    0  195  324.00000  280.94696  13.3%     -    0s
     0     0  280.94696    0  212  324.00000  280.94696  13.3%     -    0s
     0     0  280.94696    0  208  324.00000  280.94696  13.3%     -    0s
     0     0  280.94696    0  210  324.00000  280.94696  13.3%     -    0s
     0     0  281.69439    0  206  324.00000  281.69439  13.1%     -    0s
     0     0  281.84547    0  218  324.00000  281.84547  13.0%     -    0s
     0     0  281.85705    0  222  324.00000  281.85705  13.0%     -    0s
     0     0  281.85750    0  226  324.00000  281.85750  13.0%     -    0s
     0     0  282.44220    0  208  324.00000  282.44220  12.8%     -    0s
     0     0  282.51043    0  230  324.00000  282.51043  12.8%     -    0s
     0     0  282.51969    0  229  324.00000  282.51969  12.8%     -    0s
     0     0  282.52008    0  229  324.00000  282.52008  12.8%     -    0s
     0     0  282.77908    0  225  324.00000  282.77908  12.7%     -    0s
     0     0  282.82801    0  253  324.00000  282.82801  12.7%     -    0s
     0     0  282.83550    0  247  324.00000  282.83550  12.7%     -    0s
     0     0  282.83928    0  254  324.00000  282.83928  12.7%     -    0s
     0     0  283.00310    0  249  324.00000  283.00310  12.7%     -    0s
     0     0  283.12903    0  254  324.00000  283.12903  12.6%     -    0s
     0     0  283.13861    0  256  324.00000  283.13861  12.6%     -    0s
     0     0  283.13965    0  253  324.00000  283.13965  12.6%     -    0s
     0     0  283.26171    0  230  324.00000  283.26171  12.6%     -    0s
     0     0  283.29108    0  240  324.00000  283.29108  12.6%     -    0s
     0     0  283.29384    0  252  324.00000  283.29384  12.6%     -    0s
     0     0  283.30848    0  254  324.00000  283.30848  12.6%     -    0s
     0     0  283.31008    0  222  324.00000  283.31008  12.6%     -    0s
H    0     0                     300.0000000  283.31008  5.56%     -    0s
     0     2  283.33339    0  215  300.00000  283.33339  5.56%     -    0s
   624   533  295.01203  139  276  300.00000  287.33623  4.22%  16.0    5s
H  675   536                     299.0000000  288.39914  3.55%  14.8    8s
H  683   513                     298.0000000  288.42061  3.21%  14.6    9s
   710   532  297.00001  174  209  298.00000  288.45953  3.20%  89.6   10s
   801   593  294.79147  132  206  298.00000  288.95127  3.04%  79.5   15s
  1466   976  289.65682   29  191  298.00000  289.09167  2.99%   108   20s
  2560  1541  289.26344   35  215  298.00000  289.14950  2.97%  90.2   25s
  3671  2522  290.54241   44  175  298.00000  289.22514  2.94%  79.0   30s
  4783  3431  296.13943  133   47  298.00000  289.28609  2.92%  73.5   35s
  5973  4389  295.01146   85   59  298.00000  289.33006  2.91%  71.6   40s
  7414  5544     cutoff  149       298.00000  289.36423  2.90%  69.3   45s
  9004  6839  290.12910   31  212  298.00000  289.39732  2.89%  67.7   50s
 10203  7839  296.77358  115  222  298.00000  289.41338  2.88%  66.8   63s
 10225  7854  296.00000   94  257  298.00000  289.41338  2.88%  66.6   65s
 10275  7887  295.65189  119  295  298.00000  289.42594  2.88%  66.3   70s
 10316  7914  296.00000  101  257  298.00000  289.62677  2.81%  66.1   75s
 10356  7941  295.01171   81  262  298.00000  289.72794  2.78%  65.8   80s
 10385  7960  292.26264   80  295  298.00000  289.76139  2.76%  65.6   85s
 10413  7979  295.73508   93  275  298.00000  289.77052  2.76%  65.4   90s
 10611  8098  290.26428   51  168  298.00000  289.79477  2.75%  77.2   95s
 10906  8269  290.26963   42  244  298.00000  289.80014  2.75%  77.6  100s
 11284  8481  291.08113   56  166  298.00000  289.86249  2.73%  78.6  105s
 11988  8865  297.00002  153   35  298.00000  289.90262  2.72%  78.7  110s
 12792  9308  295.33373  104   82  298.00000  289.93146  2.71%  78.8  115s
 13613  9767  294.64491  104   84  298.00000  290.04537  2.67%  78.5  120s
 14333 10108  290.34524   46  359  298.00000  290.09568  2.65%  79.4  125s
 15033 10444  290.93006   51  197  298.00000  290.11729  2.65%  79.8  130s
 15872 10850  290.77947   42  256  298.00000  290.15453  2.63%  80.3  135s
 16763 11288  290.34244   50  322  298.00000  290.17358  2.63%  80.2  140s
 17518 11695  294.29901   69  117  298.00000  290.18205  2.62%  81.0  145s
 18393 12106  293.70475   66  189  298.00000  290.20614  2.62%  81.0  150s
 19175 12496  290.50979   51  356  298.00000  290.21612  2.61%  81.0  155s
 19943 12887  292.46289   95  153  298.00000  290.22915  2.61%  81.0  160s
 20642 13239  291.31758   63  161  298.00000  290.24451  2.60%  81.9  165s
 21546 13671  290.54287   51  299  298.00000  290.25829  2.60%  82.3  170s
 22400 14115  290.62384   57  276  298.00000  290.26575  2.60%  82.8  175s
 23243 14530  290.45118   43  371  298.00000  290.27365  2.59%  82.9  180s
 24023 14915  294.61684  106   91  298.00000  290.27993  2.59%  83.0  185s
 24942 15307  291.08454   51  268  298.00000  290.29562  2.59%  82.9  190s
 25893 15751  296.00000   91   54  298.00000  290.30268  2.58%  83.0  195s
 26933 16271  291.05348   52  247  298.00000  290.31618  2.58%  82.7  200s
 27852 16722  292.10763   67  186  298.00000  290.32652  2.57%  83.1  205s
 28973 17262  295.01759  108   57  298.00000  290.34160  2.57%  82.3  210s
 30060 17761  291.51327   75  193  298.00000  290.34727  2.57%  81.6  215s
 31052 18218  291.52329   64  154  298.00000  290.35523  2.57%  81.3  220s
 31986 18669  291.99721   64  153  298.00000  290.36226  2.56%  81.2  225s
 33020 19207  297.00000  180   20  298.00000  290.37217  2.56%  81.0  230s
 34100 19719  290.57056   53  344  298.00000  290.37799  2.56%  80.7  235s
 35089 20424  290.91574   60  187  298.00000  290.38111  2.56%  80.5  240s
 36123 21286  290.89655   44  275  298.00000  290.38939  2.55%  80.2  245s
 36434 21552  293.50787   88  167  298.00000  290.39029  2.55%  80.1  250s
 37368 22299  290.45722   47  342  298.00000  290.39612  2.55%  80.1  255s
 38460 23209  296.07404   98   49  298.00000  290.40366  2.55%  79.8  260s
 39552 24076  292.46034   58  149  298.00000  290.41075  2.55%  79.7  265s
 40526 24875     cutoff  115       298.00000  290.41371  2.55%  79.8  270s
 41609 25735  292.73039   75  129  298.00000  290.41848  2.54%  79.6  275s
 42766 26640  291.32000   54  288  298.00000  290.42774  2.54%  79.5  280s
 43874 27573  296.18881  126   44  298.00000  290.43267  2.54%  79.4  285s
 45077 28547  291.91167   69  131  298.00000  290.43736  2.54%  79.1  290s
 46044 29337  290.77636   47  324  298.00000  290.44132  2.54%  79.2  295s
 47169 30232  290.94271   47  234  298.00000  290.44706  2.53%  79.0  300s
 48229 31039  290.67958   49  242  298.00000  290.45355  2.53%  79.0  305s
 49288 31890  291.33918   50  204  298.00000  290.45722  2.53%  79.0  310s
 50217 32605  292.71190   71  149  298.00000  290.46077  2.53%  79.1  315s
 51196 33385  290.94816   60  319  298.00000  290.46593  2.53%  79.2  320s
 52090 34116  295.57895   95   69  298.00000  290.47041  2.53%  79.5  325s
 53121 34969  296.86090  111   61  298.00000  290.47252  2.53%  79.4  330s
 54158 35833  291.28246   59  236  298.00000  290.47624  2.52%  79.3  335s
 55204 36665  290.58506   55  324  298.00000  290.48002  2.52%  79.4  340s
 56343 37574  291.08697   48  275  298.00000  290.48703  2.52%  79.4  345s
 57448 38501  295.02345   96   85  298.00000  290.49017  2.52%  79.6  350s
 58667 39489  290.72728   55  228  298.00000  290.49660  2.52%  79.5  355s
 59853 40429  294.14098   72  127  298.00000  290.50018  2.52%  79.6  360s
 61329 41641  295.40393   97  114  298.00000  290.50446  2.52%  79.3  365s
 62511 42609  295.06591  117   96  298.00000  290.50979  2.51%  79.3  370s
 63730 43618  294.41355   73   75  298.00000  290.51309  2.51%  79.3  375s
 64993 44610  290.96797   50  248  298.00000  290.51775  2.51%  79.3  380s
 66273 45638  292.19557   73  174  298.00000  290.52186  2.51%  79.2  385s
 67540 46643  296.33333  106   65  298.00000  290.52517  2.51%  79.1  390s
 68745 47630  293.61394   67   76  298.00000  290.52903  2.51%  79.1  395s
 69918 48562  296.18975   98   59  298.00000  290.53134  2.51%  79.1  400s
 71171 49516  290.89033   50  295  298.00000  290.53488  2.51%  79.1  405s
 72399 50520  293.19971   68  137  298.00000  290.53828  2.50%  79.0  410s
 73642 51531  290.71527   53  290  298.00000  290.54107  2.50%  79.0  415s
 74677 52340  293.78614   73   87  298.00000  290.54451  2.50%  79.2  420s
 75786 53262  293.11201   65  110  298.00000  290.54726  2.50%  79.3  425s
 77027 54273  290.77285   56  195  298.00000  290.55064  2.50%  79.2  430s
 78378 55413  292.55817   69   85  298.00000  290.55231  2.50%  79.1  435s
 79725 56515  291.01757   50  311  298.00000  290.55532  2.50%  78.9  440s
 80910 57500  294.43211  115  103  298.00000  290.55787  2.50%  79.0  445s
 82124 58451  291.29176   51  224  298.00000  290.56143  2.50%  79.0  450s
 83308 59426  294.99587   90   93  298.00000  290.56375  2.50%  79.1  455s
 84499 60399  291.52515   67  234  298.00000  290.56670  2.49%  79.0  460s
 85691 61323  295.26338  126   93  298.00000  290.56903  2.49%  79.0  465s
 87039 62414  293.69185   90  172  298.00000  290.57200  2.49%  78.9  470s
 88320 63410  291.02784   52  203  298.00000  290.57526  2.49%  78.8  475s
 89608 64443  290.61509   54  321  298.00000  290.57734  2.49%  78.8  480s
 90844 65418  291.29373   52  209  298.00000  290.57970  2.49%  78.7  485s
 92029 66371  291.56265   58  114  298.00000  290.58261  2.49%  78.7  490s
 93268 67363  294.55179   83   82  298.00000  290.58456  2.49%  78.7  495s
 94553 68417  297.00000  160   40  298.00000  290.58866  2.49%  78.6  500s
 95600 69204  291.72178   62  153  298.00000  290.59092  2.49%  78.8  505s
 96793 70106  294.10332   75   89  298.00000  290.59234  2.49%  78.8  510s
 97993 71074  291.08867   51  266  298.00000  290.59452  2.49%  78.8  515s
 99274 72109  290.77762   50  269  298.00000  290.59596  2.48%  78.8  520s
 100491 73105  295.25328  104   79  298.00000  290.59871  2.48%  78.7  525s
 101697 74065  290.73381   55  282  298.00000  290.60014  2.48%  78.7  530s
 102922 75024  292.34130   56  171  298.00000  290.60244  2.48%  78.7  535s
 104171 76050  291.20884   52  201  298.00000  290.60425  2.48%  78.7  540s
 105233 76884  294.14571   88   62  298.00000  290.60586  2.48%  78.8  545s
 106528 77872  291.06011   60  238  298.00000  290.60757  2.48%  78.7  550s
 107695 78850  290.76474   57  310  298.00000  290.60941  2.48%  78.7  555s
 108821 79757  294.49732   83   66  298.00000  290.61077  2.48%  78.7  560s
 109983 80707  294.39916   94  113  298.00000  290.61285  2.48%  78.7  565s
 111073 81602  292.20340   46  224  298.00000  290.61554  2.48%  78.8  570s
 112246 82563  296.69416  112   68  298.00000  290.61809  2.48%  78.8  575s
 113306 83395  294.27564   95   67  298.00000  290.61946  2.48%  78.8  580s
 114603 84423  292.14036   74  196  298.00000  290.62172  2.48%  78.8  585s
 115787 85344  290.66296   59  343  298.00000  290.62361  2.48%  78.7  590s
 116908 86244  292.00251   67  253  298.00000  290.62547  2.47%  78.7  595s
 118007 87107  291.50892   63  208  298.00000  290.62695  2.47%  78.7  600s
 119206 88082  290.99301   57  258  298.00000  290.62799  2.47%  78.7  605s
 120291 88975  292.28709   71  114  298.00000  290.62916  2.47%  78.7  610s
 121352 89815  291.50656   62  175  298.00000  290.63052  2.47%  78.8  615s
 122422 90674  296.06667  104   84  298.00000  290.63253  2.47%  78.8  620s
 123575 91602     cutoff  114       298.00000  290.63428  2.47%  78.7  625s
 124723 92527     cutoff  141       298.00000  290.63574  2.47%  78.7  630s
 125909 93431  290.64697   60  325  298.00000  290.63767  2.47%  78.7  635s
 126999 94275  290.79121   49  261  298.00000  290.63883  2.47%  78.7  640s
 128246 95276  295.29354   92   89  298.00000  290.64032  2.47%  78.6  645s
 129477 96246  294.88092   85  111  298.00000  290.64150  2.47%  78.5  650s
 130523 97094  292.58392   73   87  298.00000  290.64299  2.47%  78.6  655s
 131518 97874  292.32493   71  141  298.00000  290.64392  2.47%  78.7  660s
 132636 98725  294.03281  104   75  298.00000  290.64509  2.47%  78.6  665s
 133731 99606  290.86202   49  345  298.00000  290.64695  2.47%  78.6  670s
 134861 100497  291.08851   61  248  298.00000  290.64933  2.47%  78.6  675s
 135949 101344  291.33329   58  152  298.00000  290.65049  2.47%  78.6  680s
 136788 101995  292.86690   69   90  298.00000  290.65217  2.47%  78.7  685s
 137804 102782  290.82738   51  316  298.00000  290.65358  2.47%  78.8  690s
 138787 103568  294.09840   70  148  298.00000  290.65496  2.46%  78.9  695s
 139807 104372  291.72023   78  130  298.00000  290.65605  2.46%  78.9  700s
 140948 105269  291.15649   51  276  298.00000  290.65765  2.46%  78.9  705s
 141915 106062  291.92090   75  186  298.00000  290.65857  2.46%  78.9  710s
 142988 106910  291.17982   58  300  298.00000  290.65943  2.46%  79.0  715s
 143973 107708  291.60060   52  173  298.00000  290.66056  2.46%  79.0  720s
 144945 108498  291.56646   56  184  298.00000  290.66198  2.46%  79.1  725s
 146023 109385  291.25764   58  172  298.00000  290.66287  2.46%  79.1  730s
 147206 110361  296.18041   76   80  298.00000  290.66466  2.46%  79.0  735s
 148355 111247  291.58614   74  243  298.00000  290.66643  2.46%  79.0  740s
 149374 112052  294.33827   90  114  298.00000  290.66864  2.46%  79.0  745s
 150524 112967  291.14826   50  278  298.00000  290.67022  2.46%  79.0  750s
 151619 113889  295.77393  103  107  298.00000  290.67121  2.46%  79.0  755s
 152913 114944  297.00000  143   36  298.00000  290.67245  2.46%  78.9  760s
 153932 115727  291.89589   66  155  298.00000  290.67392  2.46%  79.0  765s
 154931 116566  291.01068   51  269  298.00000  290.67512  2.46%  79.0  770s
 155938 117347  290.77754   54  340  298.00000  290.67583  2.46%  79.1  775s
 157060 118200  291.35293   55  309  298.00000  290.67782  2.46%  79.1  780s
 158127 119097  291.06759   52  330  298.00000  290.67955  2.46%  79.1  785s
 159240 119969  290.91467   56  266  298.00000  290.68059  2.46%  79.0  790s
 160356 120871  290.85107   57  316  298.00000  290.68180  2.46%  79.0  795s
 161395 121703  292.39778   89  189  298.00000  290.68294  2.46%  79.0  800s
 162345 122499  290.96906   57  322  298.00000  290.68350  2.46%  79.1  805s
 163415 123341  294.10987   86  129  298.00000  290.68485  2.45%  79.1  810s
 164547 124204  294.98510   72  167  298.00000  290.68668  2.45%  79.1  815s
 165587 125013  291.56799   80  181  298.00000  290.68798  2.45%  79.0  820s
 166591 125799  291.02079   60  340  298.00000  290.68952  2.45%  79.1  825s
 167642 126660  291.82557   59  143  298.00000  290.69066  2.45%  79.1  830s
 168721 127493  290.87224   59  262  298.00000  290.69177  2.45%  79.0  835s
 169644 128253  294.00000   72   50  298.00000  290.69260  2.45%  79.1  840s
 170777 129152  291.56348   71  152  298.00000  290.69438  2.45%  79.1  845s
 171818 129994  291.13262   58  324  298.00000  290.69527  2.45%  79.1  850s
 172856 130815  295.28777  116   77  298.00000  290.69629  2.45%  79.1  855s
 173960 131678  290.89557   54  267  298.00000  290.69733  2.45%  79.1  860s
 175031 132555  296.43215   88   87  298.00000  290.69881  2.45%  79.1  865s
 176140 133479  296.14271  101   71  298.00000  290.69961  2.45%  79.1  870s
 177178 134306  295.02685   84   71  298.00000  290.70124  2.45%  79.1  875s
 178278 135189  291.80129   54  183  298.00000  290.70217  2.45%  79.1  880s
 179455 136115  290.84124   53  284  298.00000  290.70287  2.45%  79.1  885s
 180500 136984  293.77151   89  119  298.00000  290.70384  2.45%  79.0  890s
 181487 137758  293.78049   86  108  298.00000  290.70564  2.45%  79.1  895s
 182620 138661  291.29639   48  262  298.00000  290.70644  2.45%  79.0  900s
 183826 139658  290.76987   54  183  298.00000  290.70759  2.45%  79.0  905s
 185006 140619  292.08452   76  161  298.00000  290.70880  2.45%  79.0  910s
 186253 141610  290.81749   53  376  298.00000  290.70961  2.45%  79.0  915s
 187067 142269  290.73514   57  284  298.00000  290.71057  2.45%  79.1  920s
 188036 143033  291.80474   67  204  298.00000  290.71120  2.45%  79.1  925s
 189043 143800  291.63431   62  168  298.00000  290.71198  2.45%  79.1  930s
 190189 144721  295.00317  119   69  298.00000  290.71279  2.45%  79.1  935s
 191315 145566  291.29163   62  242  298.00000  290.71364  2.45%  79.1  940s
 192340 146380  291.67316   48  219  298.00000  290.71446  2.44%  79.1  945s
 193461 147269  291.37157   56  282  298.00000  290.71579  2.44%  79.0  950s
 194449 148067  293.75725   77  137  298.00000  290.71680  2.44%  79.1  955s
 195583 148982     cutoff  101       298.00000  290.71809  2.44%  79.1  960s
 196632 149841  291.08806   42  283  298.00000  290.71887  2.44%  79.1  965s
 197913 150851  292.70133   74  137  298.00000  290.72051  2.44%  79.1  970s
 198938 151676  291.45026   71  195  298.00000  290.72115  2.44%  79.1  975s
 200021 152557  291.12943   52  257  298.00000  290.72227  2.44%  79.1  980s
 201126 153439  291.83971   59  203  298.00000  290.72344  2.44%  79.1  985s
 202184 154293  293.59804   75  102  298.00000  290.72411  2.44%  79.1  990s
 203434 155256  294.77882   88   71  298.00000  290.72451  2.44%  79.0  995s
 204658 156289  294.30918   62  101  298.00000  290.72580  2.44%  79.0 1000s
 205442 156906  293.08637   75  146  298.00000  290.72629  2.44%  79.0 1009s
 205507 156963  292.46606   91  160  298.00000  290.72632  2.44%  79.0 1010s
 206375 157663  292.53358   58  181  298.00000  290.72736  2.44%  79.1 1015s
 207373 158470  294.19060  119   81  298.00000  290.72808  2.44%  79.1 1020s
 208369 159212  294.19370   84  100  298.00000  290.72877  2.44%  79.1 1025s
 209445 160072  290.96001   56  269  298.00000  290.72963  2.44%  79.1 1030s
 210514 160948  292.29373   87  150  298.00000  290.73012  2.44%  79.1 1035s
 211559 161753  291.14151   56  255  298.00000  290.73155  2.44%  79.1 1040s
 212688 162678  293.78991   86   98  298.00000  290.73240  2.44%  79.1 1045s
 213871 163588  291.79683   58  298  298.00000  290.73308  2.44%  79.1 1050s
 215050 164531  293.04020   84  112  298.00000  290.73431  2.44%  79.1 1055s
 216131 165391  296.07673  139   62  298.00000  290.73503  2.44%  79.1 1060s
 217195 166175  290.88320   59  306  298.00000  290.73615  2.44%  79.1 1065s
 218163 166912  291.43833   48  281  298.00000  290.73745  2.44%  79.1 1070s
 219297 167804  294.18019   68  158  298.00000  290.73818  2.44%  79.1 1075s
 220440 168736  293.31860   88  163  298.00000  290.73910  2.44%  79.1 1080s
 221713 169693  291.40829   59  145  298.00000  290.74007  2.44%  79.0 1085s
 222780 170508  291.19648   57  173  298.00000  290.74100  2.44%  79.0 1090s
 223865 171385  291.35110   48  234  298.00000  290.74227  2.44%  79.0 1095s
 224856 172201  294.23500  117  146  298.00000  290.74321  2.44%  79.1 1100s
 226062 173147  294.55954   91  138  298.00000  290.74397  2.43%  79.1 1105s
 227221 174034  292.68471   94  165  298.00000  290.74536  2.43%  79.0 1110s
 228248 174799  291.41014   61  294  298.00000  290.74613  2.43%  79.0 1115s
 229380 175703  293.73575   70  130  298.00000  290.74773  2.43%  79.1 1120s
 230577 176638  295.10445   88  109  298.00000  290.74862  2.43%  79.0 1125s
 231674 177498  291.99629   69  144  298.00000  290.74951  2.43%  79.0 1130s
 232590 178248  296.01091  137   74  298.00000  290.75045  2.43%  79.0 1135s
 233818 179219  291.45564   65  235  298.00000  290.75113  2.43%  79.0 1140s
 234929 180119  290.93718   52  263  298.00000  290.75169  2.43%  79.0 1145s
 236071 181041  296.67393   99  115  298.00000  290.75279  2.43%  79.0 1150s
 237093 181866  295.00195  145   81  298.00000  290.75346  2.43%  79.0 1155s
 238058 182645  291.54897   49  177  298.00000  290.75466  2.43%  79.1 1160s
 239223 183585  290.86368   58  225  298.00000  290.75527  2.43%  79.0 1165s
 240353 184492  291.71335   61  197  298.00000  290.75604  2.43%  79.0 1170s
 241484 185354  291.14611   61  257  298.00000  290.75690  2.43%  79.0 1175s
 242516 186203  291.26544   63  238  298.00000  290.75796  2.43%  79.0 1180s
 243711 187178  293.20513   82  172  298.00000  290.75847  2.43%  79.0 1185s
 244863 188152  296.88853  110  106  298.00000  290.75957  2.43%  79.0 1190s
 245834 188936  291.17886   60  264  298.00000  290.76029  2.43%  79.0 1195s
 247112 189925  292.13353   61  233  298.00000  290.76151  2.43%  79.0 1200s
 248163 190770  294.07795  114   69  298.00000  290.76227  2.43%  79.0 1205s
 249162 191572  291.39115   59  247  298.00000  290.76311  2.43%  79.0 1210s
 250239 192435  293.68916   89   91  298.00000  290.76365  2.43%  79.0 1215s
 251327 193287  292.41749   76  235  298.00000  290.76417  2.43%  79.0 1220s
 252309 194044  292.73746   87  142  298.00000  290.76512  2.43%  79.1 1225s
 253418 194935  293.86039   86   61  298.00000  290.76580  2.43%  79.0 1230s
 254577 195867  290.96279   55  303  298.00000  290.76665  2.43%  79.0 1235s
 255646 196695  292.08055   54  259  298.00000  290.76729  2.43%  79.1 1240s
 256739 197568  296.15479  111   96  298.00000  290.76787  2.43%  79.0 1245s
 257689 198304  291.28133   56  248  298.00000  290.76848  2.43%  79.1 1250s
 258938 199275  295.09985  112   98  298.00000  290.76958  2.43%  79.0 1255s
 260135 200237  292.26901   78  170  298.00000  290.77012  2.43%  79.0 1260s
 261207 201066  293.23610   78  119  298.00000  290.77105  2.43%  79.0 1265s
 262256 201887  296.55093  158   93  298.00000  290.77193  2.43%  79.0 1270s
 263318 202727  291.28857   56  291  298.00000  290.77265  2.43%  79.0 1275s
 264333 203560  291.19809   60  237  298.00000  290.77347  2.43%  79.0 1280s
 265448 204439  292.38663   67  181  298.00000  290.77441  2.42%  79.0 1285s
 266480 205231  291.24645   53  350  298.00000  290.77514  2.42%  79.0 1290s
 267544 206090  292.91126   76  196  298.00000  290.77562  2.42%  79.1 1295s
 268536 206927  295.23527   91   91  298.00000  290.77597  2.42%  79.1 1300s
 269538 207705  290.96475   57  262  298.00000  290.77655  2.42%  79.1 1305s
 270515 208448  290.95061   53  360  298.00000  290.77738  2.42%  79.1 1310s
 271547 209315  291.50006   48  279  298.00000  290.77786  2.42%  79.2 1315s
 272676 210246  294.08676   70  159  298.00000  290.77885  2.42%  79.2 1320s
 273628 210982  290.95707   54  315  298.00000  290.77960  2.42%  79.2 1325s
 274797 211908  293.28350   86   78  298.00000  290.78012  2.42%  79.2 1330s
 276008 212904  297.00000   96   38  298.00000  290.78078  2.42%  79.1 1335s
 277125 213772  291.62525   66  180  298.00000  290.78156  2.42%  79.1 1340s
 278090 214471  292.12208   60  194  298.00000  290.78198  2.42%  79.2 1345s
 279078 215257  291.53303   51  246  298.00000  290.78264  2.42%  79.2 1350s
 280005 216008  293.11245   85  100  298.00000  290.78314  2.42%  79.2 1355s
 281006 216799  292.59445   74  175  298.00000  290.78437  2.42%  79.2 1360s
 282201 217740  291.79405   61  160  298.00000  290.78508  2.42%  79.2 1365s
 283212 218540  293.87817   82  121  298.00000  290.78596  2.42%  79.2 1370s
 284360 219416  291.31570   49  267  298.00000  290.78698  2.42%  79.2 1375s
 285238 220138  292.40657   74  199  298.00000  290.78748  2.42%  79.3 1380s
 286401 221081  292.86446   84   77  298.00000  290.78813  2.42%  79.3 1385s
 287463 221962  290.98548   61  272  298.00000  290.78924  2.42%  79.2 1390s
 288400 222687  291.11801   56  266  298.00000  290.78986  2.42%  79.3 1395s
 289562 223659  293.27768   77  159  298.00000  290.79083  2.42%  79.3 1400s
 290627 224509  292.55949   78  117  298.00000  290.79140  2.42%  79.3 1405s
 291633 225291  291.00082   53  295  298.00000  290.79217  2.42%  79.3 1410s
 292806 226204  291.55041   56  219  298.00000  290.79280  2.42%  79.3 1415s
 293953 227113  291.50874   71  207  298.00000  290.79369  2.42%  79.2 1420s
 295186 228069  296.00000  105   48  298.00000  290.79458  2.42%  79.2 1425s
 296236 228874  297.00000  147   34  298.00000  290.79521  2.42%  79.2 1430s
 297382 229768  291.37653   58  258  298.00000  290.79571  2.42%  79.2 1435s
 298475 230667  291.33043   56  259  298.00000  290.79657  2.42%  79.2 1440s
 299455 231375  291.41238   56  321  298.00000  290.79753  2.42%  79.2 1445s
 300518 232216  293.92984   93  140  298.00000  290.79829  2.42%  79.2 1450s
 301710 233149  291.60736   69  183  298.00000  290.79929  2.42%  79.2 1455s
 302864 234036 infeasible  122       298.00000  290.80024  2.42%  79.1 1460s
 304094 235018  291.41037   57  271  298.00000  290.80077  2.42%  79.1 1465s
 305348 236020  290.89584   58  274  298.00000  290.80159  2.42%  79.0 1470s
 306436 236901  291.02481   59  332  298.00000  290.80243  2.42%  79.0 1475s
 307527 237751  291.51156   68  228  298.00000  290.80303  2.42%  79.0 1480s
 308636 238686  293.18938   81  145  298.00000  290.80369  2.41%  79.0 1485s
 310015 239778  291.37366   49  283  298.00000  290.80445  2.41%  79.0 1490s
 311028 240561  292.31604   74  177  298.00000  290.80484  2.41%  79.0 1495s
 312147 241420  293.26627   85  161  298.00000  290.80515  2.41%  79.0 1500s
 313274 242322  297.00000  117   48  298.00000  290.80558  2.41%  79.0 1505s
 314395 243203  293.37716   58  165  298.00000  290.80637  2.41%  79.0 1510s
 315419 244010     cutoff  154       298.00000  290.80704  2.41%  79.0 1515s
 316581 244941  291.66627   62  221  298.00000  290.80774  2.41%  79.0 1520s
 317634 245796  294.34834  102  200  298.00000  290.80814  2.41%  79.0 1525s
 318824 246755  291.04062   50  337  298.00000  290.80878  2.41%  79.0 1530s
 319809 247562  291.65163   51  197  298.00000  290.80941  2.41%  79.0 1535s
 320829 248371  292.52366   70  137  298.00000  290.81000  2.41%  79.0 1540s
 321916 249208  291.25010   58  226  298.00000  290.81062  2.41%  79.0 1545s
 323189 250191  291.02472   56  333  298.00000  290.81174  2.41%  78.9 1550s
 324381 251139  292.41844   71  192  298.00000  290.81282  2.41%  78.9 1555s
 325535 252077  291.07085   49  330  298.00000  290.81379  2.41%  78.9 1560s
 326456 252805  292.06288   52  176  298.00000  290.81458  2.41%  78.9 1565s
 327551 253693     cutoff  155       298.00000  290.81502  2.41%  78.9 1570s
 328553 254486  291.78320   67  196  298.00000  290.81585  2.41%  78.9 1575s
 329630 255342  292.05498   66  205  298.00000  290.81646  2.41%  79.0 1580s
 330708 256174  292.56600   73  172  298.00000  290.81700  2.41%  78.9 1585s
 332010 257173  290.95128   51  306  298.00000  290.81752  2.41%  78.9 1590s
 332960 257930  291.04339   54  259  298.00000  290.81784  2.41%  78.9 1595s
 333984 258751     cutoff  154       298.00000  290.81823  2.41%  78.9 1600s
 335232 259743  292.35719   74  113  298.00000  290.81862  2.41%  78.9 1605s
 336325 260598  293.19015   81  110  298.00000  290.81894  2.41%  78.9 1610s
 337409 261497  292.98479   68  158  298.00000  290.81952  2.41%  78.9 1615s
 338334 262214  292.17783   65  214  298.00000  290.82033  2.41%  78.9 1620s
 339297 262941  296.81924   82   91  298.00000  290.82064  2.41%  78.9 1625s
 340397 263816  291.34373   76  235  298.00000  290.82153  2.41%  78.9 1630s
 341498 264679  291.30847   56  296  298.00000  290.82215  2.41%  78.9 1635s
 342502 265490  296.57383   99  102  298.00000  290.82279  2.41%  78.9 1640s
 343765 266502  291.10936   52  265  298.00000  290.82329  2.41%  78.9 1645s
 344890 267406  295.69825   91   83  298.00000  290.82371  2.41%  78.9 1650s
 346045 268314  296.00687   95   50  298.00000  290.82414  2.41%  78.9 1655s
 347174 269192  291.87174   58  266  298.00000  290.82469  2.41%  78.8 1660s
 348174 270007  291.24208   50  308  298.00000  290.82521  2.41%  78.9 1665s
 349278 270946  293.15758   70  105  298.00000  290.82567  2.41%  78.9 1670s
 350434 271906  291.72264   53  280  298.00000  290.82621  2.41%  78.9 1675s
 351395 272623  291.25045   59  226  298.00000  290.82672  2.41%  78.9 1680s
 352475 273464  291.09898   54  282  298.00000  290.82723  2.41%  78.9 1685s
 353460 274232  291.68981   57  212  298.00000  290.82774  2.41%  78.9 1690s
 354667 275205  291.19564   57  319  298.00000  290.82847  2.41%  78.9 1695s
 355765 276064  292.11936   66  169  298.00000  290.82891  2.41%  78.9 1700s
 356859 276929  291.30336   56  181  298.00000  290.82976  2.41%  78.9 1705s
 358001 277810  291.96050   70  176  298.00000  290.83080  2.41%  78.8 1710s
 359155 278757  291.09459   60  293  298.00000  290.83180  2.41%  78.8 1715s
 360246 279651  293.87749   99  111  298.00000  290.83241  2.41%  78.8 1720s
 361281 280473  293.03873   73  166  298.00000  290.83282  2.41%  78.8 1725s
 362369 281333  291.04405   55  225  298.00000  290.83337  2.40%  78.8 1730s
 363436 282225  294.92155   82  105  298.00000  290.83367  2.40%  78.8 1735s
 364378 282957  296.67321   90   75  298.00000  290.83417  2.40%  78.9 1740s
 365330 283702  293.75478   77  129  298.00000  290.83464  2.40%  78.9 1745s
 366503 284647  293.04471   58  144  298.00000  290.83509  2.40%  78.9 1750s
 367627 285520  291.18760   49  336  298.00000  290.83562  2.40%  78.8 1755s
 368602 286248  291.25923   62  265  298.00000  290.83634  2.40%  78.9 1760s
 369790 287204  291.63466   58  198  298.00000  290.83694  2.40%  78.8 1765s
 370786 287973  294.84224   86   99  298.00000  290.83746  2.40%  78.9 1770s
 371800 288780  292.07984   59  259  298.00000  290.83799  2.40%  78.9 1775s
 372848 289633  295.49411  120  111  298.00000  290.83858  2.40%  78.9 1780s
 373967 290503  291.35432   56  325  298.00000  290.83899  2.40%  78.9 1785s
 374925 291228  291.13739   52  323  298.00000  290.83967  2.40%  78.9 1790s
 375863 291967  291.76542   60  185  298.00000  290.84047  2.40%  78.9 1795s
 376804 292737  291.28884   58  222  298.00000  290.84106  2.40%  79.0 1800s
 377929 293641  291.23834   63  275  298.00000  290.84173  2.40%  78.9 1805s
 379109 294542  293.22088   70  136  298.00000  290.84249  2.40%  78.9 1810s
 380261 295481  292.69007   76  219  298.00000  290.84293  2.40%  78.9 1815s
 381440 296449  297.00000  107   32  298.00000  290.84360  2.40%  78.9 1820s
 382526 297311 infeasible  111       298.00000  290.84436  2.40%  78.9 1825s
 383626 298215  291.32170   52  262  298.00000  290.84519  2.40%  78.9 1830s
 384527 298934  293.29087  100  197  298.00000  290.84542  2.40%  78.9 1835s
 385782 299909  291.41279   57  302  298.00000  290.84590  2.40%  78.9 1840s
 386962 300766  291.20754   62  321  298.00000  290.84642  2.40%  78.8 1845s
 388053 301666  291.66318   65  210  298.00000  290.84683  2.40%  78.8 1850s
 389195 302614  293.88871   97  131  298.00000  290.84754  2.40%  78.8 1855s
 390258 303405  296.00000  106   37  298.00000  290.84811  2.40%  78.8 1860s
 391476 304342  291.99397   56  225  298.00000  290.84863  2.40%  78.8 1865s
 392490 305145  293.40409   75  155  298.00000  290.84913  2.40%  78.8 1870s
 393474 305879  291.47081   65  180  298.00000  290.84961  2.40%  78.8 1875s
 394510 306710  291.30138   54  183  298.00000  290.85029  2.40%  78.8 1880s
 395736 307694  294.38190  133  166  298.00000  290.85076  2.40%  78.8 1885s
 396809 308543  296.12653  124  102  298.00000  290.85131  2.40%  78.8 1890s
 397827 309306  291.90104   55  247  298.00000  290.85209  2.40%  78.8 1895s
 398800 310086  291.03452   57  298  298.00000  290.85284  2.40%  78.8 1900s
 399899 310954  292.71037   76  183  298.00000  290.85324  2.40%  78.8 1905s
 401096 311934  295.99718   98   61  298.00000  290.85389  2.40%  78.8 1910s
 402245 312822  291.56607   57  219  298.00000  290.85433  2.40%  78.8 1915s
 403306 313615  291.26991   59  300  298.00000  290.85521  2.40%  78.8 1920s
 404326 314410  291.64810   59  290  298.00000  290.85593  2.40%  78.8 1925s
 405434 315305  291.20790   72  251  298.00000  290.85639  2.40%  78.8 1930s
 406461 316133  291.83685   59  280  298.00000  290.85697  2.40%  78.8 1935s
 407570 317062  291.56472   61  214  298.00000  290.85740  2.40%  78.8 1940s
 408618 317854  292.45383   71  211  298.00000  290.85804  2.40%  78.8 1945s
 409681 318704  296.47097   88   58  298.00000  290.85880  2.40%  78.8 1950s
 410361 319242  294.22188   94   81  298.00000  290.85903  2.40%  78.8 1955s
 411358 320070  296.43302  125   73  298.00000  290.85942  2.40%  78.8 1960s
 412428 320898  293.19165   68  143  298.00000  290.85989  2.40%  78.8 1965s
 413577 321793  291.83164   62  244  298.00000  290.86051  2.40%  78.8 1970s
 413987 322139  296.36703  124   73  298.00000  290.86071  2.40%  78.8 1976s
 414557 322587  293.87162   91  148  298.00000  290.86101  2.40%  78.8 1980s
 415569 323369  291.44742   57  341  298.00000  290.86146  2.40%  78.8 1985s
 416570 324155  293.15440   87  179  298.00000  290.86210  2.40%  78.8 1990s
 417775 325129  291.24109   57  313  298.00000  290.86249  2.40%  78.8 1995s
 418933 326083  296.42621  112   70  298.00000  290.86319  2.39%  78.8 2000s
 419868 326831  291.53724   65  181  298.00000  290.86377  2.39%  78.8 2005s
 420910 327612  292.63534   70  158  298.00000  290.86434  2.39%  78.8 2010s
 421990 328443  296.01175   94   70  298.00000  290.86485  2.39%  78.9 2015s
 423134 329371  292.78348   70  109  298.00000  290.86533  2.39%  78.8 2020s
 424271 330247  291.60378   52  236  298.00000  290.86591  2.39%  78.8 2025s
 425286 331053  291.65594   60  231  298.00000  290.86628  2.39%  78.9 2030s
 426513 332051  297.00000  121   65  298.00000  290.86671  2.39%  78.8 2035s
 427713 333042  294.58030   95   92  298.00000  290.86757  2.39%  78.8 2040s
 428777 333867  293.84742   82  184  298.00000  290.86821  2.39%  78.8 2045s
 429973 334814  291.29854   64  284  298.00000  290.86883  2.39%  78.8 2050s
 431055 335613  293.33326   89  169  298.00000  290.86943  2.39%  78.8 2055s
 432086 336452  297.00000  101   52  298.00000  290.86994  2.39%  78.8 2060s
 433115 337260  293.35112   80  164  298.00000  290.87044  2.39%  78.8 2065s
 434090 338029  294.71811  122   87  298.00000  290.87088  2.39%  78.9 2070s
 435177 338881  291.74219   64  154  298.00000  290.87165  2.39%  78.9 2075s
 436230 339703  291.16606   63  290  298.00000  290.87224  2.39%  78.9 2080s
 437408 340586  294.00621  100   63  298.00000  290.87273  2.39%  78.9 2085s
 438444 341428  292.31775   72  198  298.00000  290.87336  2.39%  78.9 2090s
 439659 342395  296.03296   93   50  298.00000  290.87371  2.39%  78.8 2095s
 440759 343265  291.40508   58  282  298.00000  290.87423  2.39%  78.8 2100s
 441915 344183  291.49516   63  249  298.00000  290.87485  2.39%  78.8 2105s
 443010 345058  291.50006   66  177  298.00000  290.87515  2.39%  78.8 2110s
 444052 345891  292.99981   60  193  298.00000  290.87548  2.39%  78.8 2115s
 445261 346857  293.87894   82   86  298.00000  290.87578  2.39%  78.8 2120s
 446441 347780  292.39179   69  180  298.00000  290.87641  2.39%  78.8 2125s
 447500 348651  291.94706   52  272  298.00000  290.87675  2.39%  78.8 2130s
 448505 349451  291.09526   51  250  298.00000  290.87715  2.39%  78.8 2135s
 449556 350277  294.00000   80   47  298.00000  290.87739  2.39%  78.8 2140s
 450515 351033  294.82258  109  105  298.00000  290.87782  2.39%  78.8 2145s
 451576 351850  295.15119  137   91  298.00000  290.87816  2.39%  78.9 2150s
 452507 352571  292.57816   66  186  298.00000  290.87849  2.39%  78.9 2155s
 453607 353434  291.67604   57  281  298.00000  290.87908  2.39%  78.9 2160s
 454624 354239     cutoff  138       298.00000  290.87957  2.39%  78.9 2165s
 455669 355063  295.95893  142   69  298.00000  290.88003  2.39%  78.9 2170s
 456870 356009  291.51659   72  233  298.00000  290.88045  2.39%  78.8 2175s
 457878 356772  292.42332   56  232  298.00000  290.88102  2.39%  78.9 2180s
 458862 357558  292.73791   83  179  298.00000  290.88150  2.39%  78.9 2185s
 459891 358364  291.19390   62  333  298.00000  290.88197  2.39%  78.9 2190s
 460993 359223  292.56229   55  157  298.00000  290.88236  2.39%  78.9 2195s
 462158 360201  294.45077  107  133  298.00000  290.88285  2.39%  78.9 2200s
 463360 361140  296.51692   82   69  298.00000  290.88332  2.39%  78.9 2205s
 464354 361918  291.12940   60  333  298.00000  290.88391  2.39%  78.9 2210s
 465270 362643  291.94606   75  208  298.00000  290.88435  2.39%  78.9 2215s
 466436 363561  291.52098   61  208  298.00000  290.88496  2.39%  78.9 2220s
 467648 364548  297.00000  106   40  298.00000  290.88539  2.39%  78.9 2225s
 468640 365329  291.35345   52  280  298.00000  290.88578  2.39%  78.9 2230s
 469609 366080  291.92955   66  173  298.00000  290.88634  2.39%  78.9 2235s
 470725 366953  291.02880   56  305  298.00000  290.88689  2.39%  78.9 2240s
 471726 367760  292.62438   65  191  298.00000  290.88731  2.39%  78.9 2245s
 472807 368629  291.33761   54  280  298.00000  290.88759  2.39%  78.9 2250s
 474003 369631  292.17455   67  182  298.00000  290.88828  2.39%  78.9 2255s
 475179 370492  291.48408   63  248  298.00000  290.88871  2.39%  78.8 2260s
 476205 371321  291.90153   59  201  298.00000  290.88920  2.39%  78.8 2265s
 477196 372120  294.36973   90  120  298.00000  290.88959  2.39%  78.9 2270s
 478316 373010  291.63905   49  238  298.00000  290.89023  2.39%  78.9 2275s
 479356 373819  291.13308   55  314  298.00000  290.89058  2.39%  78.9 2280s
 480322 374579  295.00000  108   65  298.00000  290.89127  2.39%  78.9 2285s
 481419 375460  294.92859   99   98  298.00000  290.89156  2.39%  78.9 2290s
 482530 376328  290.96474   59  292  298.00000  290.89214  2.39%  78.9 2295s
 483586 377109  293.90384   84  157  298.00000  290.89266  2.39%  78.9 2300s
 484600 377927  292.08694   65  183  298.00000  290.89324  2.38%  78.9 2305s
 485587 378699  295.97139  124   57  298.00000  290.89354  2.38%  78.9 2310s
 486621 379547  296.00000  111   60  298.00000  290.89407  2.38%  78.9 2315s
 487634 380306  294.80214   92  136  298.00000  290.89437  2.38%  78.9 2320s
 488748 381192  292.11611   72  198  298.00000  290.89480  2.38%  78.9 2325s
 489906 382117  296.07686   77   60  298.00000  290.89523  2.38%  78.9 2330s
 490832 382774  292.58154   86  190  298.00000  290.89567  2.38%  78.9 2335s
 491891 383621  291.75382   62  220  298.00000  290.89637  2.38%  78.9 2340s
 493002 384499  292.43907   70  193  298.00000  290.89690  2.38%  78.9 2345s
 494027 385268 infeasible  103       298.00000  290.89726  2.38%  78.9 2350s
 495071 386079  296.00000  127   50  298.00000  290.89781  2.38%  78.9 2355s
 496090 386887  293.50738   81  105  298.00000  290.89829  2.38%  78.9 2360s
 497177 387741  291.83594   58  148  298.00000  290.89869  2.38%  78.9 2365s
 498188 388523  291.39565   61  169  298.00000  290.89909  2.38%  78.9 2370s
 499307 389444  293.33341   72  119  298.00000  290.89967  2.38%  78.9 2375s
 500326 390265  296.07083  141   22  298.00000  290.90030  2.38%  78.9 2380s
 501301 391019  292.35808   72  251  298.00000  290.90065  2.38%  78.9 2385s
 502442 391895  292.12559   70  199  298.00000  290.90124  2.38%  78.9 2390s
 503546 392741  291.54367   55  280  298.00000  290.90149  2.38%  78.9 2395s
 504537 393520     cutoff  114       298.00000  290.90178  2.38%  78.9 2400s
 505583 394341  291.16706   59  214  298.00000  290.90250  2.38%  78.9 2405s
 506372 394941  291.16555   63  294  298.00000  290.90277  2.38%  78.9 2410s
 507246 395614  292.11822   57  178  298.00000  290.90306  2.38%  78.9 2415s
 508450 396591  291.21228   48  262  298.00000  290.90357  2.38%  78.9 2420s
 509675 397556  291.23158   64  328  298.00000  290.90437  2.38%  78.9 2425s
 510673 398357  293.08242   76  206  298.00000  290.90472  2.38%  78.9 2430s
 511632 399069  292.53908   55  158  298.00000  290.90500  2.38%  78.9 2435s
 512791 399990  291.30957   57  374  298.00000  290.90571  2.38%  78.9 2440s
 513874 400750  292.08447   64  288  298.00000  290.90623  2.38%  78.9 2445s
 514987 401617  296.07818   96   65  298.00000  290.90676  2.38%  78.9 2450s
 516146 402522  293.26390   71  160  298.00000  290.90720  2.38%  78.9 2455s
 517333 403420  291.59652   57  310  298.00000  290.90817  2.38%  78.9 2460s
 518445 404225  291.43603   58  203  298.00000  290.90870  2.38%  78.9 2465s
 519458 405038  291.97562   68  203  298.00000  290.90915  2.38%  78.9 2470s
 520624 405964     cutoff  127       298.00000  290.90960  2.38%  78.9 2475s
 521947 407036  291.36309   59  303  298.00000  290.91021  2.38%  78.9 2480s
 523016 407909  294.97012   96   84  298.00000  290.91059  2.38%  78.9 2485s
 524046 408730  292.84516   67  137  298.00000  290.91103  2.38%  78.9 2490s
 525129 409612  293.86968  107  132  298.00000  290.91189  2.38%  78.9 2495s
 526108 410344  291.71786   57  271  298.00000  290.91234  2.38%  78.9 2500s
 527374 411376  295.74010  109  106  298.00000  290.91288  2.38%  78.9 2505s
 528523 412261  291.72673   61  261  298.00000  290.91322  2.38%  78.9 2510s
 529812 413262     cutoff  138       298.00000  290.91372  2.38%  78.9 2515s
 530896 414144  295.75987   99   92  298.00000  290.91427  2.38%  78.9 2520s
 532012 415049  297.00000  122   22  298.00000  290.91472  2.38%  78.9 2525s
 533327 416033  291.98796   63  234  298.00000  290.91531  2.38%  78.8 2530s
 534516 416962  291.96505   54  193  298.00000  290.91566  2.38%  78.8 2535s
 535526 417788  291.30640   57  273  298.00000  290.91605  2.38%  78.8 2540s
 536584 418638  297.00000  115   43  298.00000  290.91634  2.38%  78.8 2545s
 537677 419501  291.00559   55  278  298.00000  290.91691  2.38%  78.8 2550s
 538685 420315  292.13062   61  237  298.00000  290.91728  2.38%  78.9 2555s
 539714 421130  293.93545   82  140  298.00000  290.91784  2.38%  78.9 2560s
 540758 421940  293.00090   82  161  298.00000  290.91860  2.38%  78.9 2565s
 541784 422746     cutoff  115       298.00000  290.91917  2.38%  78.9 2570s
 542775 423525  294.42966   72  133  298.00000  290.91980  2.38%  78.9 2575s
 543801 424368  291.14007   64  316  298.00000  290.92040  2.38%  78.9 2580s
 544827 425196  291.74039   57  186  298.00000  290.92098  2.38%  78.9 2585s
 545970 426123  291.38100   62  307  298.00000  290.92169  2.38%  78.9 2590s
 546975 426937  292.11162   55  255  298.00000  290.92182  2.38%  78.9 2595s
 548152 427811  292.41342   72  175  298.00000  290.92233  2.38%  78.8 2600s
 549182 428638  291.46271   65  347  298.00000  290.92275  2.37%  78.8 2605s
 550166 429412  291.73236   63  206  298.00000  290.92309  2.37%  78.8 2610s
 551139 430191  292.56867   67  195  298.00000  290.92345  2.37%  78.9 2615s
 552059 430866  291.33844   59  209  298.00000  290.92382  2.37%  78.8 2620s
 553104 431684  295.39031   94   98  298.00000  290.92409  2.37%  78.8 2625s
 554290 432609  291.71788   60  144  298.00000  290.92454  2.37%  78.8 2630s
 555544 433633  291.19527   59  246  298.00000  290.92487  2.37%  78.8 2635s
 556649 434504  295.90869   83  159  298.00000  290.92546  2.37%  78.8 2640s
 557612 435252  295.12608   72  158  298.00000  290.92594  2.37%  78.8 2645s
 558474 435938  292.92991   65  164  298.00000  290.92641  2.37%  78.8 2650s
 559604 436802     cutoff   85       298.00000  290.92702  2.37%  78.8 2655s
 560633 437599  291.83672   65  130  298.00000  290.92738  2.37%  78.8 2660s
 561558 438364  293.50319   72  128  298.00000  290.92785  2.37%  78.9 2665s
 562572 439128  293.61565   85  187  298.00000  290.92821  2.37%  78.9 2670s
 563739 440023  291.50615   61  250  298.00000  290.92860  2.37%  78.9 2675s
 564841 440911  296.48466  101   53  298.00000  290.92931  2.37%  78.8 2680s
 565719 441588  292.92429   80  169  298.00000  290.92964  2.37%  78.8 2685s
 566829 442419  292.38230   56  137  298.00000  290.93002  2.37%  78.9 2690s
 567921 443280  293.07086   64  150  298.00000  290.93046  2.37%  78.8 2695s
 569046 444138  293.06476   59  177  298.00000  290.93092  2.37%  78.8 2700s
 570134 445006  291.19159   57  202  298.00000  290.93152  2.37%  78.8 2705s
 571165 445852  296.14672  122   96  298.00000  290.93214  2.37%  78.8 2710s
 572222 446691  291.14525   57  331  298.00000  290.93252  2.37%  78.8 2715s
 573354 447614  292.87484   62  161  298.00000  290.93296  2.37%  78.8 2720s
 574390 448402  291.70141   61  308  298.00000  290.93334  2.37%  78.8 2725s
 575378 449148  291.44593   71  324  298.00000  290.93360  2.37%  78.8 2730s
 576429 449975  292.82143   64  138  298.00000  290.93396  2.37%  78.8 2735s
 577417 450762  296.51772  105  114  298.00000  290.93427  2.37%  78.9 2740s
 578456 451590  293.20619   80  154  298.00000  290.93475  2.37%  78.9 2745s
 579504 452418  291.42602   61  291  298.00000  290.93533  2.37%  78.9 2750s
 580498 453229  292.44910   67  169  298.00000  290.93553  2.37%  78.9 2755s
 581520 454038  291.96218   73  202  298.00000  290.93595  2.37%  78.9 2760s
 582610 454924  292.84663   99  142  298.00000  290.93652  2.37%  78.9 2765s
 583688 455796  291.97245   68  229  298.00000  290.93719  2.37%  78.9 2770s
 584788 456640  296.21711   88   61  298.00000  290.93741  2.37%  78.9 2775s
 585807 457380  291.42298   58  268  298.00000  290.93761  2.37%  78.9 2780s
 586875 458219  296.49705   84   50  298.00000  290.93822  2.37%  78.9 2785s
 587823 458952  292.01507   58  159  298.00000  290.93884  2.37%  78.9 2790s
 588958 459830  296.15497   90  148  298.00000  290.93899  2.37%  78.9 2795s
 589297 460107  291.60520   61  207  298.00000  290.93917  2.37%  78.9 2804s
 589385 460179  292.58207   63  226  298.00000  290.93920  2.37%  78.9 2805s
 590298 460909  296.00853  131   69  298.00000  290.93989  2.37%  78.9 2810s
 591332 461738  292.03226   63  269  298.00000  290.94041  2.37%  78.9 2815s
 592287 462486  293.96752  103  118  298.00000  290.94086  2.37%  78.9 2820s
 593223 463209  294.91909   81   76  298.00000  290.94128  2.37%  78.9 2825s
 594141 463898  296.25565   79   66  298.00000  290.94167  2.37%  78.9 2830s
 595162 464705  291.53982   57  233  298.00000  290.94199  2.37%  78.9 2835s
 596337 465643  291.38227   51  283  298.00000  290.94260  2.37%  78.9 2840s
 597373 466453  291.55754   69  266  298.00000  290.94307  2.37%  78.9 2845s
 598639 467441  294.32204   88  125  298.00000  290.94343  2.37%  78.9 2850s
 599861 468405  296.28291  115   75  298.00000  290.94394  2.37%  78.9 2855s
 600893 469187  293.42857   79   61  298.00000  290.94431  2.37%  78.9 2860s
 601871 469974  293.61794   98  134  298.00000  290.94487  2.37%  78.9 2865s
 602809 470746  294.58440   87  139  298.00000  290.94532  2.37%  78.9 2870s
 603872 471571  291.33590   62  341  298.00000  290.94566  2.37%  78.9 2875s
 604938 472440  295.98776  118   67  298.00000  290.94612  2.37%  78.9 2880s
 606123 473327  291.53078   52  295  298.00000  290.94643  2.37%  78.9 2885s
 607145 474140  292.15272   53  260  298.00000  290.94666  2.37%  78.9 2890s
 608151 474953  292.42076   59  143  298.00000  290.94698  2.37%  78.9 2895s
 609256 475848  291.25096   56  253  298.00000  290.94729  2.37%  78.9 2900s
 610372 476734  291.92656   60  146  298.00000  290.94777  2.37%  78.9 2905s
 611533 477622  295.00319   81   77  298.00000  290.94816  2.37%  78.9 2910s
 612615 478469  291.50308   53  208  298.00000  290.94863  2.37%  78.9 2915s
 613608 479282  292.24692   67  136  298.00000  290.94899  2.37%  78.9 2920s
 614797 480178     cutoff   97       298.00000  290.94955  2.37%  78.9 2925s
 615788 480959  292.35978   74  178  298.00000  290.95004  2.37%  78.9 2930s
 616882 481826  291.71615   56  278  298.00000  290.95042  2.37%  78.9 2935s
 617912 482613  291.33356   59  245  298.00000  290.95109  2.37%  78.9 2940s
 619002 483513  291.54796   62  207  298.00000  290.95137  2.37%  78.9 2945s
 620109 484380  291.44701   55  225  298.00000  290.95186  2.37%  78.9 2950s
 621154 485237  296.86562   83  107  298.00000  290.95222  2.37%  78.9 2955s
 622129 486020  296.12604  103  157  298.00000  290.95281  2.36%  79.0 2960s
 623055 486762  293.44783   72  129  298.00000  290.95315  2.36%  79.0 2965s
 624100 487559  291.22514   55  296  298.00000  290.95354  2.36%  79.0 2970s
 625236 488485  295.13871   95  151  298.00000  290.95390  2.36%  79.0 2975s
 626466 489475  297.00000  192   12  298.00000  290.95440  2.36%  79.0 2980s
 627495 490259  292.86257   73  197  298.00000  290.95483  2.36%  79.0 2985s
 628553 491125  291.08126   50  226  298.00000  290.95507  2.36%  79.0 2990s
 629771 492087  293.40992   74  156  298.00000  290.95547  2.36%  78.9 2995s
 630850 492935  296.77944  137  100  298.00000  290.95589  2.36%  78.9 3000s
 631920 493743  291.79475   75  224  298.00000  290.95637  2.36%  78.9 3005s
 633047 494628  291.44238   62  239  298.00000  290.95688  2.36%  78.9 3010s
 634086 495463  291.52930   66  152  298.00000  290.95741  2.36%  78.9 3015s
 635322 496496  294.96799   88  109  298.00000  290.95784  2.36%  78.9 3020s
 636368 497280  293.54954   67  146  298.00000  290.95814  2.36%  78.9 3025s
 637501 498155  291.42376   61  262  298.00000  290.95858  2.36%  78.9 3030s
 638439 498860  291.55487   60  280  298.00000  290.95886  2.36%  78.9 3035s
 639608 499782  296.97047  104   97  298.00000  290.95915  2.36%  78.9 3040s
 640787 500734  292.08131   63  185  298.00000  290.95951  2.36%  78.9 3045s
 641880 501611  291.73458   63  199  298.00000  290.95984  2.36%  78.9 3050s
 642913 502405  296.49938  102   74  298.00000  290.96004  2.36%  78.9 3055s
 644023 503278  293.82914   84  130  298.00000  290.96044  2.36%  78.9 3060s
 645178 504165  292.93951   71  167  298.00000  290.96123  2.36%  78.9 3065s
 646350 505089  294.25323   94  195  298.00000  290.96161  2.36%  78.9 3070s
 647401 505905  295.00268  116   77  298.00000  290.96212  2.36%  78.9 3075s
 648469 506717  291.68283   55  308  298.00000  290.96244  2.36%  78.9 3080s
 649482 507489  291.18797   57  352  298.00000  290.96299  2.36%  78.9 3085s
 650499 508261  291.91184   59  276  298.00000  290.96321  2.36%  78.9 3090s
 651572 509105  292.13443   69  274  298.00000  290.96361  2.36%  78.9 3095s
 652543 509851  292.06911   67  260  298.00000  290.96394  2.36%  78.9 3100s
 653584 510698  294.99749   89   94  298.00000  290.96441  2.36%  78.9 3105s
 654754 511605  294.12175   87  153  298.00000  290.96479  2.36%  78.9 3110s
 655907 512546  296.00877  125   86  298.00000  290.96521  2.36%  78.9 3115s
 657008 513364  293.07464   86  165  298.00000  290.96561  2.36%  78.9 3120s
 658179 514310  296.00849   77   73  298.00000  290.96597  2.36%  78.9 3125s
 659211 515122  291.55382   59  158  298.00000  290.96641  2.36%  78.9 3130s
 660257 515940  295.75016   77   54  298.00000  290.96696  2.36%  78.9 3135s
 661373 516852  294.39526   92  137  298.00000  290.96726  2.36%  78.9 3140s
 662419 517668  292.14187   53  182  298.00000  290.96759  2.36%  78.9 3145s
 663390 518437  292.51449   74  158  298.00000  290.96784  2.36%  78.9 3150s
 664468 519240  292.19486   81  182  298.00000  290.96811  2.36%  78.9 3155s
 665610 520153  291.92011   70  215  298.00000  290.96859  2.36%  78.9 3160s
 666805 521119  296.09586   92   47  298.00000  290.96896  2.36%  78.9 3165s
 668068 522120  291.19656   58  299  298.00000  290.96942  2.36%  78.9 3170s
 669133 522970  294.81307   80  126  298.00000  290.96978  2.36%  78.9 3175s
 670242 523851  294.60062  109   79  298.00000  290.97018  2.36%  78.9 3180s
 671334 524691  292.33977   66  177  298.00000  290.97059  2.36%  78.9 3185s
 672429 525510  291.11712   60  220  298.00000  290.97096  2.36%  78.9 3190s
 673512 526360  291.64436   53  210  298.00000  290.97140  2.36%  78.9 3195s
 674438 527120  291.99722   56  209  298.00000  290.97162  2.36%  78.9 3200s
 675527 528008  292.34741   59  195  298.00000  290.97202  2.36%  78.9 3205s
 676780 529007  292.29978   67  155  298.00000  290.97240  2.36%  78.9 3210s
 677941 529920  292.59245   75  180  298.00000  290.97276  2.36%  78.9 3215s
 679074 530810  292.87660   67  160  298.00000  290.97322  2.36%  78.9 3220s
 680082 531632  295.84969  113  123  298.00000  290.97364  2.36%  78.9 3225s
 681134 532464  293.36307  101  146  298.00000  290.97415  2.36%  78.9 3230s
 682226 533288  291.53680   62  253  298.00000  290.97444  2.36%  78.9 3235s
 683313 534181  291.64087   63  292  298.00000  290.97474  2.36%  78.9 3240s
 684285 534962  295.03611   95  115  298.00000  290.97492  2.36%  78.9 3245s
 685441 535846  294.47703   95  102  298.00000  290.97522  2.36%  78.9 3250s
 686447 536641  292.26296   71  207  298.00000  290.97569  2.36%  78.9 3255s
 687555 537550  293.12250   65  214  298.00000  290.97606  2.36%  78.9 3260s
 688573 538379  291.82213   72  197  298.00000  290.97647  2.36%  78.9 3265s
 689636 539209  292.34193   57  125  298.00000  290.97689  2.36%  78.9 3270s
 690843 540173  293.54185   76  148  298.00000  290.97741  2.36%  78.9 3275s
 691898 540939  291.29624   62  296  298.00000  290.97789  2.36%  78.9 3280s
 693075 541928  295.99561   93   88  298.00000  290.97815  2.36%  78.9 3285s
 694244 542847  295.68864   95  124  298.00000  290.97845  2.36%  78.9 3290s
 695514 543859  292.25113   58  272  298.00000  290.97890  2.36%  78.8 3295s
 696837 544891  291.54924   58  276  298.00000  290.97936  2.36%  78.8 3300s
 697956 545772  294.09333   74   97  298.00000  290.97979  2.36%  78.8 3305s
 699020 546621  291.51726   61  286  298.00000  290.98020  2.36%  78.8 3310s
 700149 547549  291.51177   59  217  298.00000  290.98046  2.36%  78.8 3315s
 701192 548381  292.42344   61  177  298.00000  290.98091  2.36%  78.8 3320s
 702145 549141  295.70365  100  134  298.00000  290.98125  2.36%  78.8 3325s
 703251 550005  291.13326   59  262  298.00000  290.98163  2.36%  78.8 3330s
 704324 550854     cutoff  106       298.00000  290.98188  2.36%  78.8 3335s
 705396 551700  292.24599   61  244  298.00000  290.98222  2.35%  78.8 3340s
 706461 552568  296.60986   69  101  298.00000  290.98250  2.35%  78.8 3345s
 707599 553443  292.16473   62  166  298.00000  290.98278  2.35%  78.8 3350s
 708760 554378  291.72533   62  260  298.00000  290.98326  2.35%  78.8 3355s
 709892 555252  296.05597  129   78  298.00000  290.98355  2.35%  78.8 3360s
 710886 556042  293.58924   91  125  298.00000  290.98395  2.35%  78.8 3365s
 712074 556968  296.56789   93   79  298.00000  290.98439  2.35%  78.8 3370s
 713008 557728  292.69218   58  115  298.00000  290.98467  2.35%  78.8 3375s
 714090 558537  291.32463   49  280  298.00000  290.98509  2.35%  78.8 3380s
 715191 559415  291.51988   63  343  298.00000  290.98545  2.35%  78.8 3385s
 716209 560239  295.00000  100   56  298.00000  290.98576  2.35%  78.8 3390s
 717240 561055  292.17371   65  221  298.00000  290.98617  2.35%  78.8 3395s
 718250 561870  292.15141   63  199  298.00000  290.98657  2.35%  78.8 3400s
 719286 562694  292.08970   71  213  298.00000  290.98685  2.35%  78.8 3405s
 720299 563493  295.31425   74  151  298.00000  290.98725  2.35%  78.8 3410s
 721417 564433  294.81050   70  110  298.00000  290.98749  2.35%  78.8 3415s
 722470 565262  291.37443   56  296  298.00000  290.98789  2.35%  78.8 3420s
 723495 566088  295.93679  116   96  298.00000  290.98826  2.35%  78.8 3425s
 724543 566872  291.88978   52  240  298.00000  290.98855  2.35%  78.8 3430s
 725636 567736  292.51200   71  201  298.00000  290.98914  2.35%  78.8 3435s
 726754 568618  294.11044   89  193  298.00000  290.98968  2.35%  78.8 3440s
 727886 569497  293.49574   72  128  298.00000  290.99018  2.35%  78.8 3445s
 728975 570338  292.32414   67  168  298.00000  290.99040  2.35%  78.8 3450s
 730046 571201  292.31993   79  177  298.00000  290.99074  2.35%  78.8 3455s
 731146 572098  292.76572   69  189  298.00000  290.99109  2.35%  78.8 3460s
 732215 572974  296.04527   86   99  298.00000  290.99138  2.35%  78.8 3465s
 733291 573805  292.70233   79  153  298.00000  290.99187  2.35%  78.8 3470s
 734368 574662  291.60956   58  288  298.00000  290.99224  2.35%  78.8 3475s
 735310 575439  292.05872   61  199  298.00000  290.99256  2.35%  78.8 3480s
 736389 576293  292.29623   79  257  298.00000  290.99283  2.35%  78.8 3485s
 737578 577206     cutoff  113       298.00000  290.99314  2.35%  78.8 3490s
 738613 578018  291.68260   53  225  298.00000  290.99342  2.35%  78.8 3495s
 739658 578855  294.63619   98  104  298.00000  290.99381  2.35%  78.8 3500s
 740724 579625  293.57071   76  166  298.00000  290.99413  2.35%  78.8 3505s
 741827 580475  294.82755   84   91  298.00000  290.99437  2.35%  78.8 3510s
 743005 581395  294.02905   90  112  298.00000  290.99468  2.35%  78.8 3515s
 744051 582213  292.91530   67  169  298.00000  290.99511  2.35%  78.8 3520s
 745101 583060  293.24657   80  111  298.00000  290.99539  2.35%  78.8 3525s
 746231 583976  291.95603   62  239  298.00000  290.99569  2.35%  78.8 3530s
 747215 584725  292.32127   61  190  298.00000  290.99600  2.35%  78.8 3535s
 748283 585543  292.92655   79  191  298.00000  290.99631  2.35%  78.8 3540s
 749397 586454  294.88824  102  108  298.00000  290.99688  2.35%  78.8 3545s
 750441 587242  292.77787   62  175  298.00000  290.99728  2.35%  78.8 3550s
 751487 588046  293.75873   87  136  298.00000  290.99771  2.35%  78.8 3555s
 752489 588827  291.42348   59  306  298.00000  290.99833  2.35%  78.8 3560s
 753497 589624  291.60082   61  300  298.00000  290.99875  2.35%  78.8 3565s
 754504 590453  294.39848   85  134  298.00000  290.99908  2.35%  78.8 3570s
 755618 591330  292.93805   59  193  298.00000  290.99938  2.35%  78.8 3575s
 756678 592179  291.95376   64  231  298.00000  290.99962  2.35%  78.8 3580s
 757727 592980  291.77526   70  220  298.00000  290.99993  2.35%  78.8 3585s
 758631 593686  293.42634   67  106  298.00000  291.00019  2.35%  78.8 3590s
 759524 594383  291.18050   59  299  298.00000  291.00043  2.35%  78.9 3595s

Cutting planes:
  Learned: 1
  Gomory: 31
  Cover: 443
  Implied bound: 144
  MIR: 687
  Mixing: 54
  StrongCG: 40
  Flow cover: 1557
  GUB cover: 43
  Inf proof: 42
  Zero half: 32
  RLT: 63
  Relax-and-lift: 89
  BQP: 13

Explored 760403 nodes (59976952 simplex iterations) in 3599.96 seconds (3467.48 work units)
Thread count was 1 (of 16 available processors)

Solution count 9: 298 298 299 ... 384

Time limit reached
Best objective 2.980000000000e+02, best bound 2.920000000000e+02, gap 2.0134%

User-callback calls 2483216, time in user-callback 2.14 sec

 sepatime0
Stat(MathOptInterface.TIME_LIMIT, 298.0, 292.0, 0.020134228187919462, 0.0, 0.045805, 3599.955780982971, 760403, Main.CFLG.LEFPV, "", #undef)
