Data path: /scratch/opt/lxu/CFLG/benchmarks/Kgroup_B
Instance: K400.3.con.red
Result path: /scratch/opt/lxu/CFLG/results/Kgroup_B
Solver: Gurobi
Time limit: 3600
Formulation: LEVFP
Cover: Large
julia --project=. src/main.jl /scratch/opt/lxu/CFLG/benchmarks/Kgroup_B K400.3.con.red /scratch/opt/lxu/CFLG/results/Kgroup_B Gurobi 3600 LEVFP Large
The latest version of Julia in the `release` channel is 1.11.5+0.x64.linux.gnu. You currently have `1.11.4+0.x64.linux.gnu` installed. Run:

  juliaup update

in your terminal shell to install Julia 1.11.5+0.x64.linux.gnu and update the `release` channel to that version.
/scratch/opt/lxu/CFLG/benchmarks/Kgroup_B Gurobi 3600.0 /scratch/opt/lxu/CFLG/results/Kgroup_B K400.3.con.red LEVFP Large
/scratch/opt/lxu/CFLG/benchmarks/Kgroup_B/K400.3.con.red

 read graph
data loaded


after absorb:210 210

max_piece:4
problem_graph/original graph: node: 249/210 edge: 845/806 dlt: 0.3359578936834595 break_avg_len: 0.16022607237211134 break_max_len: 1.0elapsed CPU time: 0.131735 seconds
Set parameter TokenServer to value "solice01.zib.de"
Set parameter Threads to value 1
Set parameter OutputFlag to value 1
Set parameter MIPGap to value 0.0001
Set parameter MIPGapAbs to value 1
Set parameter TimeLimit to value 3599.868265

 model loaded

Gurobi Optimizer version 12.0.1 build v12.0.1rc0 (linux64 - "Debian GNU/Linux 12 (bookworm)")

CPU model: Intel(R) Xeon(R) Gold 5122 CPU @ 3.60GHz, instruction set [SSE2|AVX|AVX2|AVX512]
Thread count: 8 physical cores, 16 logical processors, using up to 1 threads

Non-default parameters:
TimeLimit  3599.868265
MIPGapAbs  1
Threads  1

Optimize a model with 85772 rows, 38393 columns and 248227 nonzeros
Model fingerprint: 0x93ee3c6f
Variable types: 1094 continuous, 37299 integer (37299 binary)
Coefficient statistics:
  Matrix range     [1e-06, 1e+00]
  Objective range  [1e+00, 1e+00]
  Bounds range     [5e-04, 7e-01]
  RHS range        [5e-04, 2e+01]
Presolve removed 22623 rows and 1271 columns
Presolve time: 1.58s
Presolved: 63149 rows, 37122 columns, 218760 nonzeros
Variable types: 1094 continuous, 36028 integer (36028 binary)
Found heuristic solution: objective 481.0000000

Root simplex log...

Iteration    Objective       Primal Inf.    Dual Inf.      Time
   20937    2.1738709e+01   8.530010e+02   0.000000e+00      5s
   24256    2.1859059e+01   0.000000e+00   0.000000e+00      7s

Root relaxation: objective 2.185906e+01, 24256 iterations, 4.57 seconds (5.81 work units)
Total elapsed time = 10.85s (DegenMoves)

    Nodes    |    Current Node    |     Objective Bounds      |     Work
 Expl Unexpl |  Obj  Depth IntInf | Incumbent    BestBd   Gap | It/Node Time

     0     0   21.85906    0 1973  481.00000   21.85906  95.5%     -   13s
H    0     0                     174.0000000   21.85906  87.4%     -   13s
H    0     0                      88.0000000   21.85906  75.2%     -   13s
H    0     0                      83.0000000   21.85906  73.7%     -   13s
H    0     0                      82.0000000   21.85906  73.3%     -   13s
H    0     0                      81.0000000   21.85906  73.0%     -   13s
H    0     0                      80.0000000   21.85906  72.7%     -   13s
H    0     0                      79.0000000   21.85906  72.3%     -   13s
H    0     0                      68.0000000   21.85906  67.9%     -   15s
H    0     0                      67.0000000   21.85906  67.4%     -   15s
H    0     0                      56.0000000   21.85906  61.0%     -   16s
H    0     0                      54.0000000   21.85906  59.5%     -   18s
H    0     0                      52.0000000   21.85906  58.0%     -   20s
H    0     0                      51.0000000   21.85906  57.1%     -   21s
H    0     0                      50.0000000   21.85906  56.3%     -   23s
     0     0   22.47205    0 2507   50.00000   22.47205  55.1%     -   32s
H    0     0                      49.0000000   22.47205  54.1%     -   34s
     0     0   22.99614    0 2238   49.00000   22.99614  53.1%     -   38s
     0     0   23.67480    0 2066   49.00000   23.67480  51.7%     -   45s
     0     0   23.84691    0 1866   49.00000   23.84691  51.3%     -   48s
     0     0   23.85288    0 1630   49.00000   23.85288  51.3%     -   49s
     0     0   25.05729    0 1930   49.00000   25.05729  48.9%     -   54s
     0     0   25.06232    0 1758   49.00000   25.06232  48.9%     -   55s
     0     0   25.10544    0 1924   49.00000   25.10544  48.8%     -   58s
     0     0   25.11049    0 1919   49.00000   25.11049  48.8%     -   59s
     0     0   25.15592    0 1980   49.00000   25.15592  48.7%     -   60s
     0     0   25.17726    0 1957   49.00000   25.17726  48.6%     -   61s
     0     0   25.18833    0 1956   49.00000   25.18833  48.6%     -   62s
     0     0   25.22561    0 2093   49.00000   25.22561  48.5%     -   63s
     0     0   25.23762    0 1947   49.00000   25.23762  48.5%     -   64s
     0     0   25.25871    0 2235   49.00000   25.25871  48.5%     -   65s
     0     0   25.26652    0 2469   49.00000   25.26652  48.4%     -   66s
     0     0   25.27083    0 2469   49.00000   25.27083  48.4%     -   67s
     0     0   25.27110    0 2374   49.00000   25.27110  48.4%     -   68s
     0     0   26.21936    0 1793   49.00000   26.21936  46.5%     -   79s
H    0     0                      48.0000000   26.21990  45.4%     -   96s
H    0     0                      47.0000000   26.21990  44.2%     -   97s
     0     0   26.55022    0 2079   47.00000   26.55022  43.5%     -  102s
     0     0   26.56035    0 2277   47.00000   26.56035  43.5%     -  103s
     0     0   26.57506    0 2163   47.00000   26.57506  43.5%     -  104s
     0     0   26.57764    0 2223   47.00000   26.57764  43.5%     -  105s
     0     0   26.58551    0 2039   47.00000   26.58551  43.4%     -  107s
     0     0   26.58754    0 2158   47.00000   26.58754  43.4%     -  108s
     0     0   26.59291    0 2294   47.00000   26.59291  43.4%     -  110s
     0     0   26.60007    0 2272   47.00000   26.60007  43.4%     -  111s
     0     0   26.60007    0 2274   47.00000   26.60007  43.4%     -  111s
     0     0   26.78993    0 2500   47.00000   26.78993  43.0%     -  117s
     0     0   26.87149    0 2686   47.00000   26.87149  42.8%     -  120s
     0     0   26.92885    0 2755   47.00000   26.92885  42.7%     -  123s
     0     0   26.98162    0 2840   47.00000   26.98162  42.6%     -  126s
     0     0   27.02042    0 2651   47.00000   27.02042  42.5%     -  129s
     0     0   27.02432    0 3086   47.00000   27.02432  42.5%     -  130s
     0     0   27.02761    0 3279   47.00000   27.02761  42.5%     -  131s
     0     0   27.03058    0 3103   47.00000   27.03058  42.5%     -  133s
     0     0   27.03449    0 3404   47.00000   27.03449  42.5%     -  134s
     0     0   27.03745    0 3337   47.00000   27.03745  42.5%     -  135s
     0     0   27.03845    0 3497   47.00000   27.03845  42.5%     -  136s
     0     0   27.19034    0 2804   47.00000   27.19034  42.1%     -  143s
     0     0   27.21739    0 2945   47.00000   27.21739  42.1%     -  146s
     0     0   27.24039    0 3009   47.00000   27.24039  42.0%     -  150s
     0     0   27.26591    0 3029   47.00000   27.26591  42.0%     -  152s
     0     0   27.26820    0 3031   47.00000   27.26820  42.0%     -  153s
     0     0   27.26993    0 3182   47.00000   27.26993  42.0%     -  154s
     0     0   27.27438    0 3280   47.00000   27.27438  42.0%     -  155s
     0     0   27.27520    0 3366   47.00000   27.27520  42.0%     -  156s
     0     0   27.36520    0 3046   47.00000   27.36520  41.8%     -  163s
     0     0   27.40256    0 3016   47.00000   27.40256  41.7%     -  166s
     0     0   27.41804    0 3016   47.00000   27.41804  41.7%     -  168s
     0     0   27.42636    0 3107   47.00000   27.42636  41.6%     -  170s
     0     0   27.43009    0 3169   47.00000   27.43009  41.6%     -  172s
     0     0   27.43115    0 3209   47.00000   27.43115  41.6%     -  172s
     0     0   27.53674    0 2518   47.00000   27.53674  41.4%     -  178s
H    0     0                      46.0000000   27.53674  40.1%     -  179s
     0     0   27.56320    0 2841   46.00000   27.56320  40.1%     -  187s
     0     0   27.57467    0 2846   46.00000   27.57467  40.1%     -  188s
     0     0   27.58794    0 3305   46.00000   27.58794  40.0%     -  190s
     0     0   27.59082    0 3039   46.00000   27.59082  40.0%     -  191s
     0     0   27.60503    0 3119   46.00000   27.60503  40.0%     -  194s
     0     0   27.61046    0 3108   46.00000   27.61046  40.0%     -  195s
     0     0   27.61077    0 3195   46.00000   27.61077  40.0%     -  196s
     0     0   27.71416    0 3358   46.00000   27.71416  39.8%     -  202s
     0     0   27.74098    0 3435   46.00000   27.74098  39.7%     -  207s
     0     0   27.75726    0 3254   46.00000   27.75726  39.7%     -  209s
     0     0   27.75988    0 3337   46.00000   27.75988  39.7%     -  211s
     0     0   27.76916    0 3469   46.00000   27.76916  39.6%     -  213s
     0     0   27.77481    0 3616   46.00000   27.77481  39.6%     -  215s
     0     0   27.77500    0 3521   46.00000   27.77500  39.6%     -  215s
     0     0   27.84709    0 3297   46.00000   27.84709  39.5%     -  223s
     0     0   27.85885    0 3387   46.00000   27.85885  39.4%     -  248s
     0     0   27.86603    0 3611   46.00000   27.86603  39.4%     -  250s
     0     0   27.87021    0 3388   46.00000   27.87021  39.4%     -  251s
     0     0   27.87256    0 3333   46.00000   27.87256  39.4%     -  252s
     0     0   27.87586    0 3444   46.00000   27.87586  39.4%     -  253s
     0     0   27.87751    0 3293   46.00000   27.87751  39.4%     -  253s
     0     0   27.87815    0 3300   46.00000   27.87815  39.4%     -  254s
     0     0   27.90909    0 3348   46.00000   27.90909  39.3%     -  258s
     0     0   27.91257    0 3575   46.00000   27.91257  39.3%     -  260s
     0     0   27.92573    0 3572   46.00000   27.92573  39.3%     -  263s
     0     0   27.92770    0 3416   46.00000   27.92770  39.3%     -  264s
     0     0   27.92801    0 3487   46.00000   27.92801  39.3%     -  265s
     0     0   27.96151    0 3041   46.00000   27.96151  39.2%     -  269s
     0     0   27.97838    0 2796   46.00000   27.97838  39.2%     -  272s
     0     0   27.98483    0 3180   46.00000   27.98483  39.2%     -  274s
     0     0   27.99757    0 3279   46.00000   27.99757  39.1%     -  276s
     0     0   27.99851    0 3440   46.00000   27.99851  39.1%     -  277s
     0     0   28.04941    0 3284   46.00000   28.04941  39.0%     -  284s
     0     0   28.05181    0 3304   46.00000   28.05181  39.0%     -  291s
     0     0   28.05379    0 3348   46.00000   28.05379  39.0%     -  293s
     0     0   28.05538    0 3434   46.00000   28.05538  39.0%     -  294s
     0     0   28.05895    0 3488   46.00000   28.05895  39.0%     -  295s
     0     0   28.06272    0 3602   46.00000   28.06272  39.0%     -  296s
     0     0   28.06343    0 3481   46.00000   28.06343  39.0%     -  297s
     0     0   28.12651    0 2980   46.00000   28.12651  38.9%     -  303s
     0     0   28.13989    0 3336   46.00000   28.13989  38.8%     -  306s
     0     0   28.14771    0 3077   46.00000   28.14771  38.8%     -  307s
     0     0   28.14870    0 3193   46.00000   28.14870  38.8%     -  309s
     0     0   28.19223    0 3212   46.00000   28.19223  38.7%     -  316s
H    0     0                      45.0000000   28.19223  37.4%     -  378s
     0     0   28.20058    0 3654   45.00000   28.20058  37.3%     -  402s
     0     0   28.20192    0 3618   45.00000   28.20192  37.3%     -  404s
     0     0   28.22041    0 3557   45.00000   28.22041  37.3%     -  409s
     0     0   28.23096    0 3704   45.00000   28.23096  37.3%     -  417s
     0     0   28.23596    0 3623   45.00000   28.23596  37.3%     -  419s
     0     0   28.24032    0 4088   45.00000   28.24032  37.2%     -  422s
     0     0   28.24236    0 4026   45.00000   28.24236  37.2%     -  424s
     0     0   28.24360    0 3904   45.00000   28.24360  37.2%     -  424s
     0     0   28.27129    0 3654   45.00000   28.27129  37.2%     -  430s
     0     0   28.27356    0 3525   45.00000   28.27356  37.2%     -  432s
     0     0   28.27552    0 3522   45.00000   28.27552  37.2%     -  433s
     0     0   28.28488    0 3786   45.00000   28.28488  37.1%     -  435s
     0     0   28.28832    0 4004   45.00000   28.28832  37.1%     -  438s
     0     0   28.29015    0 3935   45.00000   28.29015  37.1%     -  440s
     0     0   28.30626    0 3624   45.00000   28.30626  37.1%     -  445s
     0     0   28.32476    0 3585   45.00000   28.32476  37.1%     -  452s
     0     0   28.32789    0 3622   45.00000   28.32789  37.0%     -  454s
     0     0   28.32972    0 3626   45.00000   28.32972  37.0%     -  456s
     0     0   28.33266    0 3477   45.00000   28.33266  37.0%     -  458s
     0     0   28.33421    0 3761   45.00000   28.33421  37.0%     -  460s
     0     0   28.33763    0 3588   45.00000   28.33763  37.0%     -  462s
     0     0   28.35795    0 4058   45.00000   28.35795  37.0%     -  467s
     0     0   28.36793    0 4217   45.00000   28.36793  37.0%     -  470s
     0     0   28.36973    0 4228   45.00000   28.36973  37.0%     -  472s
     0     0   28.37073    0 4293   45.00000   28.37073  37.0%     -  473s
     0     0   28.39218    0 3937   45.00000   28.39218  36.9%     -  479s
     0     0   28.39527    0 4286   45.00000   28.39527  36.9%     -  490s
     0     0   28.39620    0 4230   45.00000   28.39620  36.9%     -  492s
     0     0   28.41583    0 4109   45.00000   28.41583  36.9%     -  498s
     0     0   28.42287    0 4325   45.00000   28.42287  36.8%     -  502s
     0     0   28.42703    0 4500   45.00000   28.42703  36.8%     -  506s
     0     0   28.42769    0 4348   45.00000   28.42769  36.8%     -  508s
     0     0   28.44154    0 4124   45.00000   28.44154  36.8%     -  513s
     0     0   28.44593    0 4185   45.00000   28.44593  36.8%     -  518s
     0     0   28.44779    0 4141   45.00000   28.44779  36.8%     -  520s
     0     0   28.45668    0 4228   45.00000   28.45668  36.8%     -  526s
     0     0   28.45938    0 4114   45.00000   28.45938  36.8%     -  529s
     0     0   28.46175    0 4372   45.00000   28.46175  36.8%     -  531s
     0     0   28.46275    0 4497   45.00000   28.46275  36.7%     -  533s
     0     0   28.47747    0 4383   45.00000   28.47747  36.7%     -  539s
     0     0   28.48209    0 4380   45.00000   28.48209  36.7%     -  544s
     0     0   28.48415    0 4311   45.00000   28.48415  36.7%     -  547s
     0     0   28.48439    0 4368   45.00000   28.48439  36.7%     -  548s
     0     0   28.49212    0 3906   45.00000   28.49212  36.7%     -  553s
     0     0   28.49427    0 3945   45.00000   28.49427  36.7%     -  554s
     0     0   28.49462    0 3923   45.00000   28.49462  36.7%     -  555s
     0     0   28.49782    0 4041   45.00000   28.49782  36.7%     -  559s
     0     0   28.50021    0 4097   45.00000   28.50021  36.7%     -  562s
     0     0   28.50102    0 4174   45.00000   28.50102  36.7%     -  563s
     0     0   28.50412    0 4176   45.00000   28.50412  36.7%     -  567s
     0     0   28.50412    0 3750   45.00000   28.50412  36.7%     -  575s
     0     2   28.50412    0 3750   45.00000   28.50412  36.7%     -  623s
     1     3   28.51552    1 3861   45.00000   28.50412  36.7% 23919  627s
     2     4   28.65253    1 3173   45.00000   28.51552  36.6% 17350  638s
     3     5   28.52012    2 3722   45.00000   28.51552  36.6% 12368  640s
     4     6   28.77369    2 2716   45.00000   28.52012  36.6% 11356  647s
     5     7   28.53568    3 3457   45.00000   28.52012  36.6%  9799  650s
     8    10   28.55570    6 3668   45.00000   28.52012  36.6%  7032  656s
    11    13   28.56235    9 3684   45.00000   28.52012  36.6%  5774  662s
    14    16   28.56811   12 3697   45.00000   28.52012  36.6%  4885  665s
    19    21   28.57906   17 3635   45.00000   28.52012  36.6%  3892  670s
    21    23   28.58782   19 3722   45.00000   28.52012  36.6%  6983  704s
    23    25   28.58830   21 3701   45.00000   28.52012  36.6%  6429  705s
    26    28   28.60626   24 3245   45.00000   28.52012  36.6%  5909  710s
    27    29   28.60850   25 3670   45.00000   28.52012  36.6%  8767  749s
    28    30   28.61223   26 3506   45.00000   28.52012  36.6%  8591  751s
    31    33   28.62009   29 3646   45.00000   28.52012  36.6%  7985  756s
    38    40   28.64439   36 3689   45.00000   28.52012  36.6%  6668  761s
    40    42   28.67273   38 3683   45.00000   28.52012  36.6%  8290  799s
    41    43   28.94883   38 3222   45.00000   28.52012  36.6%  8242  805s
    44    46   28.68633   41 3214   45.00000   28.52012  36.6%  7815  810s
    47    49   28.71830   44 3236   45.00000   28.52012  36.6%  7511  815s
    48    50   28.90121   44 2749   45.00000   28.52012  36.6%  7508  822s
    49    51   28.72617   45 3202   45.00000   28.52012  36.6%  7429  827s
    52    54   28.75969   48 3102   45.00000   28.52012  36.6%  7128  832s
    55    57   28.77000   51 3051   45.00000   28.52012  36.6%  6800  835s
    62    64   28.78674   58 3007   45.00000   28.52012  36.6%  6156  841s
    67    69   28.81316   63 2992   45.00000   28.52012  36.6%  5806  846s
    69    71   29.31773   64 2809   45.00000   28.52012  36.6%  5775  852s
    71    73   28.84150   66 3186   45.00000   28.52012  36.6%  5684  855s
    72    74   28.84450   67 3356   45.00000   28.52012  36.6%  6461  881s
    75    77   28.85938   70 3310   45.00000   28.52012  36.6%  6291  885s
    82    84   28.88030   77 3181   45.00000   28.52012  36.6%  5843  891s
    90    92   28.89670   85 2959   45.00000   28.52012  36.6%  5401  901s
    94    96   28.91014   89 3323   45.00000   28.52012  36.6%  5234  905s
   100   102   28.92311   95 3320   45.00000   28.52012  36.6%  5002  910s
   113   115   28.93468  108 3023   45.00000   28.52012  36.6%  4487  915s
   126   128   28.96202  121 3158   45.00000   28.52012  36.6%  4076  920s
   141   143   28.96914  136 3143   45.00000   28.52012  36.6%  3678  925s
   167   169   28.98539  162 3248   45.00000   28.52012  36.6%  3140  930s
   186   188   28.99882  181 2927   45.00000   28.52012  36.6%  2859  935s
   205   207   29.01168  200 2742   45.00000   28.52012  36.6%  2627  940s
   217   219   29.05810  212 3028   45.00000   28.52012  36.6%  2534  946s
   221   223   29.07117  215 2772   45.00000   28.52012  36.6%  2542  952s
   228   230   29.14172  222 2846   45.00000   28.52012  36.6%  2498  956s
   229   231   29.25061  222 2598   45.00000   28.52012  36.6%  2526  960s
   240   242   29.45788  232 2421   45.00000   28.52012  36.6%  2470  968s
   243   245   29.17732  235 2930   45.00000   28.52012  36.6%  2450  970s
   247   249   29.26847  239 2909   45.00000   28.52012  36.6%  2436  975s
   250   252   29.31447  241 2683   45.00000   28.52012  36.6%  2441  980s
   256   258   29.32560  246 2480   45.00000   28.52012  36.6%  2422  985s
   270   272   29.34059  260 2397   45.00000   28.52012  36.6%  2323  990s
   287   289   29.37624  277 2444   45.00000   28.52012  36.6%  2206  995s
   297   299   29.41504  286 2557   45.00000   28.52012  36.6%  2168 1001s
   301   303   29.42234  290 2249   45.00000   28.52012  36.6%  2148 1005s
   331   333   29.44341  320 2345   45.00000   28.52012  36.6%  1977 1010s
   342   344   29.95772  330 2293   45.00000   28.52012  36.6%  1947 1015s
   355   357   29.50435  343 2290   45.00000   28.52012  36.6%  1899 1020s
   368   370   29.54415  356 2201   45.00000   28.52012  36.6%  1852 1025s
   374   376   29.62341  360 2200   45.00000   28.52012  36.6%  1854 1030s
   380   382   29.93818  365 2016   45.00000   28.52012  36.6%  1851 1035s
   389   391   29.67919  373 2084   45.00000   28.52012  36.6%  1835 1040s
   405   407   29.71439  388 1945   45.00000   28.52012  36.6%  1786 1045s
   418   420   30.08928  399 1782   45.00000   28.52012  36.6%  1763 1050s
   422   424   30.33246  402 2022   45.00000   28.52012  36.6%  1775 1056s
   429   431   30.11736  409 1603   45.00000   28.52012  36.6%  1758 1060s
   435   437   30.15252  414 2062   45.00000   28.52012  36.6%  1757 1065s
   442   444   30.19725  420 1867   45.00000   28.52012  36.6%  1761 1070s
   459   461   30.29062  437 1631   45.00000   28.52012  36.6%  1714 1075s
   470   472   30.33298  447 1583   45.00000   28.52012  36.6%  1689 1081s
   478   480   31.34366  453 1698   45.00000   28.52012  36.6%  1682 1085s
   488   490   31.02071  460 1547   45.00000   28.52012  36.6%  1674 1090s
   495   497   30.90960  467 1608   45.00000   28.52012  36.6%  1656 1104s
   496   498   30.91605  468 1506   45.00000   28.52012  36.6%  1653 1105s
   527   529   31.03427  497 1271   45.00000   28.52012  36.6%  1579 1110s
   541   543   31.24997  507 1432   45.00000   28.52012  36.6%  1564 1115s
   565   567   31.74562  530 1181   45.00000   28.52012  36.6%  1513 1120s
   580   582   32.60967  541 1323   45.00000   28.52012  36.6%  1502 1125s
   621   621   33.70082  576  672   45.00000   28.52012  36.6%  1424 1130s
   667   667   34.43682  614  800   45.00000   28.52012  36.6%  1347 1135s
   727   727   35.66667  668  498   45.00000   28.52012  36.6%  1249 1140s
   781   781   36.66667  718  451   45.00000   28.52012  36.6%  1179 1145s
   854   846   39.49305  778  400   45.00000   28.52012  36.6%  1085 1150s
   946   928   28.71012    3 3500   45.00000   28.53568  36.6%   997 1163s
   948   929   29.95772  331 3750   45.00000   28.53568  36.6%   995 1227s
   950   930   29.47715  336 2441   45.00000   28.53568  36.6%   993 1281s
   951   931   42.07860  816 2344   45.00000   28.53568  36.6%   992 1330s
   952   932   36.66667  693 2676   45.00000   28.53568  36.6%   991 1343s
   953   932   39.33333  758 2675   45.00000   28.53568  36.6%   990 1360s
   954   933   30.26337  436 2926   45.00000   28.53568  36.6%   989 1370s
   955   934   41.73084  786 2892   45.00000   28.53568  36.6%   988 1375s
   956   934   28.77665   57 2987   45.00000   28.53568  36.6%   987 1381s
   957   935   36.07272  685 3153   45.00000   28.57184  36.5%   986 1388s
   958   936   29.42234  291 3457   45.00000   28.61924  36.4%   985 1395s
   959   936   40.91948  789 3236   45.00000   28.64254  36.3%   984 1401s
   960   937   34.66220  643 3608   45.00000   28.66816  36.3%   983 1407s
   961   938   36.66667  710 3686   45.00000   28.69637  36.2%   982 1413s
   962   938   30.23094  427 3573   45.00000   28.70297  36.2%   981 1417s
   963   939   31.03890  497 3477   45.00000   28.70644  36.2%   980 1420s
   966   941   29.34096  261 3667   45.00000   28.71433  36.2%   977 1426s
   969   943   32.61232  547 3713   45.00000   28.71532  36.2%   974 1437s
   970   944   28.85382    7 2770   45.00000   28.85382  35.9%   973 1467s
   971   944   42.14532  814 3331   45.00000   28.88648  35.8%   972 1483s
   972   945   36.66667  714 2966   45.00000   28.90714  35.8%   971 1489s
   973   946   39.50000  769 3303   45.00000   28.91190  35.8%   970 1494s
   974   946   34.30347  590 3253   45.00000   28.91190  35.8%   969 1503s
   975   947   29.69526  382 2602   45.00000   29.04410  35.5%   968 1551s
   976   948   39.33333  760 2738   45.00000   29.07873  35.4%   967 1565s
   977   948   30.93839  483 2717   45.00000   29.09867  35.3%   966 1574s
   978   949   30.94549  485 2696   45.00000   29.10001  35.3%   965 1576s
   979   950   33.43658  556 2934   45.00000   29.10377  35.3%   964 1580s
   981   951   43.00000  851 3037   45.00000   29.10574  35.3%   962 1591s
   982   952   38.80000  743 2969   45.00000   29.18875  35.1%   961 1617s
   983   952   30.99337  491 2966   45.00000   29.19964  35.1%   960 1623s
   984   953   41.30250  786 3140   45.00000   29.20765  35.1%   959 1633s
   985   954   29.37690  280 3024   45.00000   29.21157  35.1%   958 1639s
   986   954   30.24090  434 3047   45.00000   29.21157  35.1%   957 1648s
   987   955   34.62203  639 3019   45.00000   29.28993  34.9%   956 1682s
   988   956   39.00000  740 3190   45.00000   29.29620  34.9%   955 1688s
   989   956   29.46604  332 3251   45.00000   29.30206  34.9%   954 1693s
   990   957   30.87110  462 3148   45.00000   29.30509  34.9%   953 1697s
   991   958   34.51656  635 3339   45.00000   29.30521  34.9%   952 1708s
   992   958   34.48880  622 3049   45.00000   29.35434  34.8%   951 1731s
   993   959   42.07829  806 3252   45.00000   29.38122  34.7%   950 1743s
   994   960   30.42165  416 3405   45.00000   29.40280  34.7%   949 1752s
   996   961   29.41740  159 3635   45.00000   29.41740  34.6%   947 1760s
   999   963   43.00000  843 3587   45.00000   29.42103  34.6%   945 1765s
  1001   964   29.42179  103 3694   45.00000   29.42179  34.6%   943 1775s
  1002   965   29.43140  167 3262   45.00000   29.43140  34.6%   942 1795s
  1004   966   34.69184  621 3598   45.00000   29.45726  34.5%   940 1807s
  1006   968   34.80362  666 3423   45.00000   29.45872  34.5%   938 1810s
  1009   970   29.46711  320 3722   45.00000   29.46711  34.5%   935 1815s
  1011   971   34.52407  637 3616   45.00000   29.46980  34.5%   933 1820s
  1012   972   36.66667  699 3604   45.00000   29.46984  34.5%   932 1830s
  1013   972   40.00000  777 3090   45.00000   29.48442  34.5%   931 1869s
  1014   973   29.81906  401 3537   45.00000   29.49643  34.5%   931 1879s
  1015   974   29.50522  332 3518   45.00000   29.50522  34.4%   930 1886s
  1017   975   31.02071  461 3614   45.00000   29.50786  34.4%   928 1891s
  1018   976   31.16798  502 3619   45.00000   29.50793  34.4%   927 1900s
  1019   976   29.51833   92 3039   45.00000   29.51833  34.4%   926 1927s
  1020   977   30.68720  413 3147   45.00000   29.51854  34.4%   925 1930s
  1021   978   37.73568  732 3309   45.00000   29.51859  34.4%   924 1940s
  1022   978   30.68720  413 3253   45.00000   29.52833  34.4%   923 1965s
  1023   979   30.91605  469 3651   45.00000   29.52945  34.4%   922 1972s
  1025   980   39.00000  740 3774   45.00000   29.53723  34.4%   921 1981s
  1027   982   30.92153  477 3590   45.00000   29.54041  34.4%   919 1986s
  1028   982   29.78780  368 3639   45.00000   29.54052  34.4%   918 1994s
  1029   983   31.05120  500 3208   45.00000   29.54720  34.3%   917 2013s
  1030   984   29.55083  129 3288   45.00000   29.55083  34.3%   916 2021s
  1031   984   38.80599  738 3309   45.00000   29.55092  34.3%   915 2030s
  1032   985   29.55479   20 3307   45.00000   29.55479  34.3%   914 2052s
  1033   986   29.55479  331 3442   45.00000   29.55479  34.3%   913 2063s
  1034   986   29.55736   49 3304   45.00000   29.55736  34.3%   913 2079s
  1035   987   29.56240  160 3408   45.00000   29.56240  34.3%   912 2084s
  1036   988   30.92105  475 3399   45.00000   29.56346  34.3%   911 2086s
  1037   988   29.57060   96 3412   45.00000   29.57060  34.3%   910 2093s
  1038   989   34.77777  652 3915   45.00000   29.57755  34.3%   909 2100s
  1040   990   29.58345  147 3947   45.00000   29.58345  34.3%   907 2105s
  1041   991   29.71756  392 3952   45.00000   29.58345  34.3%   906 2114s
  1042   992   34.51302  626 2999   45.00000   29.60255  34.2%   906 2355s
  1043   992   29.60318   88 3229   45.00000   29.60318  34.2%   905 2360s
  1045   994   36.55556  678 3406   45.00000   29.60879  34.2%   903 2369s
  1046   994   29.60934  300 3589   45.00000   29.60934  34.2%   902 2371s
  1048   996   29.95772  331 3630   45.00000   29.61032  34.2%   900 2375s
  1049   996   31.74562  531 3643   45.00000   29.61034  34.2%   900 2386s
  1050   997   29.61081  336 3178   45.00000   29.61081  34.2%   899 2404s
  1051   998   42.07860  816 3076   45.00000   29.62467  34.2%   898 2412s
  1052   998   36.66667  693 3415   45.00000   29.63028  34.2%   897 2419s
  1053   999   39.33333  758 3731   45.00000   29.63604  34.1%   896 2423s
  1054  1000   30.26337  436 3605   45.00000   29.63686  34.1%   895 2426s
  1056  1001   29.64051   57 3754   45.00000   29.64051  34.1%   894 2433s
  1057  1002   36.07272  685 3663   45.00000   29.64064  34.1%   893 2444s
  1058  1002   29.76059  291 3005   45.00000   29.76059  33.9%   892 2477s
  1059  1003   40.91948  789 3022   45.00000   29.76271  33.9%   891 2481s
  1060  1004   34.66220  643 3201   45.00000   29.77425  33.8%   890 2490s
  1062  1005   30.23094  427 3411   45.00000   29.77768  33.8%   889 2495s
  1064  1006   29.77889  129 3394   45.00000   29.77889  33.8%   887 2507s
  1065  1007   29.82444  269 2899   45.00000   29.82444  33.7%   886 2528s
  1066  1008   29.82965  261 3342   45.00000   29.82965  33.7%   885 2536s
  1067  1008   30.42165  416 3426   45.00000   29.83300  33.7%   884 2540s
  1068  1009   43.00000  851 3318   45.00000   29.83309  33.7%   884 2549s
  1069  1010   32.61232  547 2995   45.00000   29.85175  33.7%   883 2567s
  1070  1010   29.85175    7 3040   45.00000   29.85175  33.7%   882 2576s
  1071  1011   42.14532  814 3087   45.00000   29.85783  33.6%   881 2598s
  1072  1012   36.66667  714 3328   45.00000   29.86088  33.6%   880 2607s
  1073  1012   39.50000  769 3319   45.00000   29.86099  33.6%   879 2616s
  1074  1013   34.30347  590 3148   45.00000   29.87189  33.6%   879 2632s
  1075  1014   29.87556  382 3407   45.00000   29.87556  33.6%   878 2639s
  1076  1014   39.33333  760 3371   45.00000   29.87732  33.6%   877 2644s
  1077  1015   30.93839  483 3321   45.00000   29.87936  33.6%   876 2647s
  1079  1016   33.43658  556 3338   45.00000   29.88122  33.6%   875 2652s
  1081  1018   43.00000  851 3282   45.00000   29.88153  33.6%   873 2660s
  1082  1018   38.80000  743 2905   45.00000   29.89648  33.6%   872 2680s
  1083  1019   30.99337  491 3396   45.00000   29.90065  33.6%   871 2688s
  1085  1020   29.90138  280 3516   45.00000   29.90138  33.6%   870 2691s
  1087  1022   34.62203  639 3433   45.00000   29.90154  33.6%   868 2700s
  1088  1022   39.00000  740 3108   45.00000   29.92319  33.5%   867 2721s
  1089  1023   29.92456  332 3253   45.00000   29.92456  33.5%   866 2726s
  1090  1024   30.87110  462 3254   45.00000   29.92466  33.5%   866 2736s
  1091  1024   34.51656  635 3248   45.00000   29.93340  33.5%   865 2756s
  1092  1025   34.48880  622 3418   45.00000   29.94656  33.5%   864 2765s
  1094  1026   30.42165  416 3889   45.00000   29.94827  33.4%   863 2771s
  1095  1027   35.66721  669 3937   45.00000   29.95145  33.4%   862 2775s
  1097  1028   29.95358  274 3827   45.00000   29.95358  33.4%   860 2781s
  1098  1029   31.02071  461 4079   45.00000   29.95608  33.4%   859 2786s
  1100  1030   29.95709  227 4139   45.00000   29.95709  33.4%   858 2800s
  1101  1031   29.97204  103 3097   45.00000   29.97204  33.4%   857 2822s
  1102  1032   29.97205  167 3229   45.00000   29.97205  33.4%   856 2833s
  1103  1032   41.02978  781 2961   45.00000   29.97895  33.4%   855 2856s
  1104  1033   34.69184  621 3308   45.00000   29.98427  33.4%   855 2863s
  1105  1034   29.98616  258 3394   45.00000   29.98616  33.4%   854 2866s
  1106  1034   34.80362  666 3432   45.00000   29.98754  33.4%   853 2871s
  1110  1037   29.99120  181 3202   45.00000   29.99120  33.4%   850 2877s
  1112  1038   36.66667  699 3187   45.00000   29.99161  33.4%   849 2884s
  1113  1039   40.00000  777 3084   45.00000   30.00127  33.3%   848 2902s
  1114  1040   30.00629  401 3334   45.00000   30.00629  33.3%   847 2912s
  1115  1040   30.00629  332 3300   45.00000   30.00629  33.3%   846 2918s
  1116  1041   30.01418  341 3216   45.00000   30.01418  33.3%   846 2936s
  1117  1042   31.02071  461 3558   45.00000   30.01504  33.3%   845 2941s
  1118  1042   31.16798  502 3418   45.00000   30.01734  33.3%   844 2945s
  1119  1043   30.01734   92 3428   45.00000   30.01734  33.3%   843 2951s
  1120  1044   30.68720  413 3277   45.00000   30.02038  33.3%   843 2971s
  1121  1044   37.73568  732 3572   45.00000   30.02116  33.3%   842 2978s
  1122  1045   30.68720  413 3551   45.00000   30.02425  33.3%   841 2982s
  1124  1046   30.93839  483 3639   45.00000   30.02466  33.3%   840 2993s
  1125  1047   39.00000  740 2991   45.00000   30.02655  33.3%   839 3009s
  1126  1048   30.19725  421 3155   45.00000   30.02655  33.3%   838 3018s
  1127  1048   30.92153  477 3282   45.00000   30.02817  33.3%   837 3036s
  1128  1049   30.02819  368 3306   45.00000   30.02819  33.3%   837 3044s
  1129  1050   31.05120  500 3243   45.00000   30.02858  33.3%   836 3059s
  1130  1050   30.02911  129 3369   45.00000   30.02911  33.3%   835 3065s
  1132  1052   30.02984   20 3812   45.00000   30.02984  33.3%   834 3071s
  1133  1052   30.02984  331 3741   45.00000   30.02984  33.3%   833 3077s
  1134  1053   30.03114   49 3053   45.00000   30.03114  33.3%   832 3093s
  1135  1054   30.03211  160 3410   45.00000   30.03211  33.3%   831 3100s
  1137  1055   30.03245   96 3418   45.00000   30.03245  33.3%   830 3111s
  1138  1056   34.77777  652 3285   45.00000   30.03294  33.3%   829 3126s
  1139  1056   30.03341  339 3667   45.00000   30.03341  33.3%   828 3134s
  1140  1057   30.03377  147 3615   45.00000   30.03377  33.3%   828 3137s
  1141  1058   30.03499  392 3693   45.00000   30.03499  33.3%   827 3142s
  1142  1058   34.51302  626 3723   45.00000   30.03527  33.3%   826 3146s
  1144  1060   33.45131  559 3642   45.00000   30.03545  33.3%   825 3157s
  1145  1060   36.55556  678 3365   45.00000   30.03559  33.3%   824 3171s
  1146  1061   30.03559  300 3455   45.00000   30.03559  33.3%   823 3179s
  1147  1062   30.03673  115 3699   45.00000   30.03673  33.3%   823 3199s
  1148  1062   30.03673  331 3739   45.00000   30.03673  33.3%   822 3206s
  1149  1063   31.74562  531 3725   45.00000   30.03673  33.3%   821 3218s
  1150  1064   30.03755  336 3613   45.00000   30.03755  33.2%   821 3226s
  1151  1064   42.07860  816 3937   45.00000   30.03830  33.2%   820 3230s
  1152  1065   36.66667  693 3915   45.00000   30.03830  33.2%   819 3238s
  1153  1066   39.33333  758 3660   45.00000   30.03858  33.2%   818 3256s
  1154  1066   30.26337  436 3703   45.00000   30.03858  33.2%   818 3267s
  1155  1067   41.73084  786 3547   45.00000   30.03858  33.2%   817 3280s
  1156  1068   30.03858   57 3564   45.00000   30.03858  33.2%   816 3289s
  1157  1068   36.07272  685 3514   45.00000   30.03858  33.2%   816 3303s
  1158  1069   30.03858  291 3596   45.00000   30.03858  33.2%   815 3312s
  1159  1070   40.91948  789 3329   45.00000   30.03886  33.2%   814 3328s
  1162  1073   30.23094  427 3750   45.00000   30.03886  33.2%  2652 3335s
  1164  1074   30.03886  129 2452   45.00000   30.03886  33.2%  2647 3375s
  1165  1075   30.03886  269 2449   45.00000   30.03886  33.2%  2645 3419s
  1166  1076   30.03886  261 2586   45.00000   30.03886  33.2%  2643 3430s
  1167  1076   30.42165  416 2824   45.00000   30.03886  33.2%  2640 3451s
  1168  1077   43.00000  851 3158   45.00000   30.03886  33.2%  2638 3466s
  1169  1078   32.61232  547 3046   45.00000   30.03886  33.2%  2636 3473s
  1170  1078   30.03886    7 2939   45.00000   30.03886  33.2%  2634 3484s
  1171  1079   42.14532  814 2841   45.00000   30.03886  33.2%  2631 3495s
  1172  1080   36.66667  714 3526   45.00000   30.03886  33.2%  2629 3504s
  1173  1080   39.50000  769 3702   45.00000   30.03886  33.2%  2627 3512s
  1174  1081   34.30347  590 3896   45.00000   30.03886  33.2%  2625 3517s
  1175  1082   30.03886  382 3864   45.00000   30.03886  33.2%  2622 3523s
  1176  1082   39.33333  760 3973   45.00000   30.03886  33.2%  2620 3528s
  1177  1083   30.93839  483 3881   45.00000   30.04164  33.2%  2618 3533s
  1178  1084   30.94549  485 3993   45.00000   30.04405  33.2%  2616 3538s
  1179  1084   33.43658  556 4088   45.00000   30.04555  33.2%  2613 3540s
  1181  1086   43.00000  851 4054   45.00000   30.04643  33.2%  2609 3553s
  1182  1086   38.80000  743 3486   45.00000   30.05066  33.2%  2607 3578s
  1183  1087   30.99337  491 3625   45.00000   30.05193  33.2%  2605 3585s
  1185  1088   30.05338  280 3711   45.00000   30.05338  33.2%  2600 3592s

Cutting planes:
  Learned: 20
  Gomory: 1
  Cover: 1016
  Implied bound: 84
  Projected implied bound: 2
  Clique: 185
  MIR: 139
  Mixing: 1
  StrongCG: 21
  Flow cover: 619
  GUB cover: 609
  Zero half: 26
  RLT: 229
  Relax-and-lift: 144
  BQP: 52
  PSD: 2

Explored 1186 nodes (3916892 simplex iterations) in 3600.36 seconds (4696.06 work units)
Thread count was 1 (of 16 available processors)

Solution count 10: 45 45 46 ... 54

Time limit reached
Best objective 4.500000000000e+01, best bound 3.100000000000e+01, gap 31.1111%

User-callback calls 433932, time in user-callback 0.86 sec
Stat(MathOptInterface.TIME_LIMIT, 45.0, 31.0, 0.3111111111111111, 0.0, 0.131735, 3600.36275100708, 1186, Main.CFLG.LEVFP, "", #undef)
