Data path: /scratch/opt/lxu/CFLG/benchmarks/tree_A
Instance: treeA.350.35
Result path: /scratch/opt/lxu/CFLG/results/tree_A
Solver: Gurobi
Time limit: 7200
Formulation: LEFPAI
Cover: Small
julia --project=. src/main.jl /scratch/opt/lxu/CFLG/benchmarks/tree_A treeA.350.35 /scratch/opt/lxu/CFLG/results/tree_A Gurobi 7200 LEFPAI Small
The latest version of Julia in the `release` channel is 1.11.6+0.x64.linux.gnu. You currently have `1.11.4+0.x64.linux.gnu` installed. Run:

  juliaup update

in your terminal shell to install Julia 1.11.6+0.x64.linux.gnu and update the `release` channel to that version.
/scratch/opt/lxu/CFLG/benchmarks/tree_A Gurobi 7200.0 /scratch/opt/lxu/CFLG/results/tree_A treeA.350.35 LEFPAI Small
/scratch/opt/lxu/CFLG/benchmarks/tree_A/treeA.350.35

 read graph
data loaded


after absorb:226 350

max_piece:26
problem_graph/original graph: node: 226/350 edge: 260/384 dlt: 0.3731814080442097 break_avg_len: 2.2046409336765604 break_max_len: 9.074736585998322Vbar/V, Ebar/E(225, 226, 259, 260)
Set parameter TokenServer to value "solice01.zib.de"
Set parameter Threads to value 1
Set parameter OutputFlag to value 1
Gurobi Optimizer version 12.0.1 build v12.0.1rc0 (linux64 - "Debian GNU/Linux 12 (bookworm)")

CPU model: Intel(R) Xeon(R) Gold 5222 CPU @ 3.80GHz, instruction set [SSE2|AVX|AVX2|AVX512]
Thread count: 8 physical cores, 16 logical processors, using up to 1 threads

Non-default parameters:
Threads  1

Optimize a model with 486 rows, 780 columns and 1300 nonzeros
Model fingerprint: 0x909021cf
Coefficient statistics:
  Matrix range     [1e+00, 1e+00]
  Objective range  [1e+00, 1e+00]
  Bounds range     [1e+00, 1e+00]
  RHS range        [1e+00, 1e+00]
Presolve removed 243 rows and 292 columns
Presolve time: 0.00s
Presolved: 243 rows, 488 columns, 765 nonzeros

Iteration    Objective       Primal Inf.    Dual Inf.      Time
       0    1.7200000e+02   5.800000e+01   0.000000e+00      0s
     109    1.1800000e+02   0.000000e+00   0.000000e+00      0s

Solved in 109 iterations and 0.00 seconds (0.00 work units)
Optimal objective  1.180000000e+02

User-callback calls 252, time in user-callback 0.00 sec
elapsed CPU time: 0.986495 seconds
Set parameter TokenServer to value "solice01.zib.de"
Set parameter Threads to value 1
Set parameter OutputFlag to value 1
Set parameter MIPGap to value 0.0001
Set parameter TimeLimit to value 7199.013505

 more cuts: false 0.3731814080442097 false
is_attach:trueformulation:LEFPAI259 1 1

 model loaded

Gurobi Optimizer version 12.0.1 build v12.0.1rc0 (linux64 - "Debian GNU/Linux 12 (bookworm)")

CPU model: Intel(R) Xeon(R) Gold 5222 CPU @ 3.80GHz, instruction set [SSE2|AVX|AVX2|AVX512]
Thread count: 8 physical cores, 16 logical processors, using up to 1 threads

Non-default parameters:
TimeLimit  7199.013505
Threads  1

Optimize a model with 3205 rows, 2499 columns and 5667 nonzeros
Model fingerprint: 0x6b849cc3
Model has 749 simple general constraints
  749 INDICATOR
Variable types: 746 continuous, 1753 integer (1753 binary)
Coefficient statistics:
  Matrix range     [2e-03, 1e+00]
  Objective range  [1e+00, 1e+00]
  Bounds range     [7e-02, 9e+00]
  RHS range        [7e-02, 9e+00]
  GenCon rhs range [2e-01, 9e+00]
  GenCon coe range [1e+00, 1e+00]
Presolve removed 2123 rows and 1360 columns
Presolve time: 0.03s
Presolved: 1082 rows, 1139 columns, 3236 nonzeros
Variable types: 530 continuous, 609 integer (609 binary)
Found heuristic solution: objective 780.0000000

Root relaxation: objective 6.951999e+02, 1193 iterations, 0.01 seconds (0.01 work units)

    Nodes    |    Current Node    |     Objective Bounds      |     Work
 Expl Unexpl |  Obj  Depth IntInf | Incumbent    BestBd   Gap | It/Node Time

     0     0  695.19989    0  325  780.00000  695.19989  10.9%     -    0s
H    0     0                     777.0000000  695.19989  10.5%     -    0s
H    0     0                     776.0000000  695.19989  10.4%     -    0s
     0     0  717.28363    0  321  776.00000  717.28363  7.57%     -    0s
H    0     0                     772.0000000  717.36742  7.08%     -    0s
H    0     0                     771.0000000  717.36742  6.96%     -    0s
     0     0  717.77923    0  317  771.00000  717.77923  6.90%     -    0s
     0     0  717.82508    0  329  771.00000  717.82508  6.90%     -    0s
     0     0  717.83334    0  329  771.00000  717.83334  6.90%     -    0s
     0     0  730.40801    0  289  771.00000  730.40801  5.26%     -    0s
H    0     0                     769.0000000  730.90801  4.95%     -    0s
     0     0  730.95675    0  298  769.00000  730.95675  4.95%     -    0s
     0     0  731.06335    0  294  769.00000  731.06335  4.93%     -    0s
     0     0  731.06335    0  296  769.00000  731.06335  4.93%     -    0s
     0     0  735.00304    0  217  769.00000  735.00304  4.42%     -    0s
H    0     0                     766.0000000  735.00304  4.05%     -    0s
     0     0  735.00397    0  241  766.00000  735.00397  4.05%     -    0s
     0     0  735.36830    0  243  766.00000  735.36830  4.00%     -    0s
     0     0  735.48233    0  256  766.00000  735.48233  3.98%     -    0s
     0     0  735.61884    0  257  766.00000  735.61884  3.97%     -    0s
     0     0  735.62963    0  261  766.00000  735.62963  3.96%     -    0s
     0     0  735.94138    0  250  766.00000  735.94138  3.92%     -    0s
H    0     0                     765.0000000  735.94202  3.80%     -    0s
H    0     0                     764.0000000  735.94202  3.67%     -    0s
     0     0  736.05353    0  265  764.00000  736.05353  3.66%     -    0s
     0     0  736.06510    0  265  764.00000  736.06510  3.66%     -    0s
     0     0  736.24243    0  261  764.00000  736.24243  3.63%     -    0s
     0     0  736.24243    0  181  764.00000  736.24243  3.63%     -    0s
H    0     0                     762.0000000  736.24577  3.38%     -    0s
     0     2  736.35493    0  179  762.00000  736.35493  3.37%     -    0s
H   78    78                     761.0000000  736.35493  3.24%  12.8    0s
H   81    81                     760.0000000  736.35493  3.11%  12.5    0s
H  108   108                     759.0000000  736.35493  2.98%  11.1    0s
H  132   128                     758.0000000  736.35493  2.86%  10.4    0s
H  135   131                     756.0000000  736.35493  2.60%  10.3    0s
H  538   476                     755.0000000  736.97864  2.39%  10.1    0s
H  538   442                     754.0000000  736.97864  2.26%  10.1    0s
H  601   458                     753.0000000  745.88666  0.94%   9.0    2s
  1072   730  747.25000   35   60  753.00000  747.00000  0.80%  55.4    5s
H 1958   970                     752.0000000  747.00000  0.66%  36.5    5s
H 2066   809                     751.0000000  747.00000  0.53%  35.5    6s
  4302  2236  747.00060   37  144  751.00000  747.00000  0.53%  30.6   10s
  6999  3981  747.04528   39  123  751.00000  747.00000  0.53%  28.4   15s
 10203  6157  748.00000   42  181  751.00000  747.00062  0.53%  26.6   21s
 10262  6196  749.00000   56   90  751.00000  747.22288  0.50%  26.4   25s
 10652  6347  748.25000   51   77  751.00000  748.25000  0.37%  32.7   30s
 13375  6724  749.04178   67   95  751.00000  748.75113  0.30%  31.6   35s
 16161  6818  749.23040   58  177  751.00000  749.00000  0.27%  32.4   40s
 18380  6966  750.00000   84   61  751.00000  749.00000  0.27%  33.5   45s
 21257  7024     cutoff   63       751.00000  749.00000  0.27%  33.8   50s
 24873  7245  749.23343   60  124  751.00000  749.00000  0.27%  33.1   55s
 28897  7634  749.74940   58  122  751.00000  749.00000  0.27%  32.1   60s
 32706  9138  749.61972   58  163  751.00000  749.00321  0.27%  31.5   65s
 36194 10270 infeasible   72       751.00000  749.04457  0.26%  32.1   70s
 40012 11544  749.70123   59  150  751.00000  749.09155  0.25%  31.9   75s
 43670 12586  749.33333   59  121  751.00000  749.14286  0.25%  31.8   80s
 47579 13645  750.00000   69   89  751.00000  749.20000  0.24%  31.5   85s
 51765 14895     cutoff   70       751.00000  749.25000  0.23%  31.1   90s
 56035 16407  749.75000   66  114  751.00000  749.27779  0.23%  30.7   95s
 59784 17342     cutoff   69       751.00000  749.33333  0.22%  30.7  100s
 63890 18437  749.50000   59  125  751.00000  749.40000  0.21%  30.5  105s
 67274 19217  750.00000   58   94  751.00000  749.50000  0.20%  30.4  110s
 71501 20645     cutoff   55       751.00000  749.50000  0.20%  30.1  115s
 75845 22088     cutoff   62       751.00000  749.50000  0.20%  29.8  120s
 80208 23509  750.00000   70   83  751.00000  749.50000  0.20%  29.5  125s
 84431 24763  750.00000   57  112  751.00000  749.55407  0.19%  29.3  130s
 88830 25941  750.00000   70   79  751.00000  749.63336  0.18%  29.0  135s
 93189 27320  750.00000   65  101  751.00000  749.66667  0.18%  28.8  140s
 97774 28657  750.00000   65   67  751.00000  749.75000  0.17%  28.6  145s
 101857 29728  750.00000   63  104  751.00000  749.83980  0.15%  28.5  150s
 105809 29900  750.00000   83   41  751.00000  750.00000  0.13%  28.6  155s
 108825 28807     cutoff   75       751.00000  750.00000  0.13%  29.1  160s
 111629 28244     cutoff   76       751.00000  750.00000  0.13%  29.5  165s
 114500 27532     cutoff   80       751.00000  750.00000  0.13%  30.1  170s
 117614 27124     cutoff   71       751.00000  750.00000  0.13%  30.4  175s
 120696 26831     cutoff   77       751.00000  750.00000  0.13%  30.6  180s
 123626 26630  750.00000   82   47  751.00000  750.00000  0.13%  30.9  185s
 126406 26395  750.00000   69  105  751.00000  750.00000  0.13%  31.1  190s
 129588 26323     cutoff   78       751.00000  750.00000  0.13%  31.3  195s
 132654 26109  750.00000   68   59  751.00000  750.00000  0.13%  31.5  200s
 135666 25930     cutoff   68       751.00000  750.00000  0.13%  31.7  205s
 137733 25764     cutoff   74       751.00000  750.00000  0.13%  31.8  210s
 140888 25634  750.00000   75   85  751.00000  750.00000  0.13%  31.9  215s
 144033 25520     cutoff   79       751.00000  750.00000  0.13%  32.1  220s
 146990 25209  750.00000   70   86  751.00000  750.00000  0.13%  32.2  225s
 150179 25156  750.00000   67   68  751.00000  750.00000  0.13%  32.3  230s
 153265 25159  750.00000   68  101  751.00000  750.00000  0.13%  32.5  235s
 155941 25070  750.00000   79   58  751.00000  750.00000  0.13%  32.6  240s
 159098 24920  750.00000   73   59  751.00000  750.00000  0.13%  32.7  245s
 162334 24753  750.00000   80   72  751.00000  750.00000  0.13%  32.8  250s
 165560 24519     cutoff   77       751.00000  750.00000  0.13%  32.9  255s
 168849 24269  750.00000   73   88  751.00000  750.00000  0.13%  32.9  260s
 172048 24139  750.00000   77   80  751.00000  750.00000  0.13%  32.9  265s
 175205 23869  750.00000   75   39  751.00000  750.00000  0.13%  33.0  270s
 178426 23769     cutoff   79       751.00000  750.00000  0.13%  33.0  275s
 181565 23715  750.00000   65   87  751.00000  750.00000  0.13%  33.1  280s
 184647 23635  750.00000   69   71  751.00000  750.00000  0.13%  33.2  285s
 187951 23534     cutoff   70       751.00000  750.00000  0.13%  33.2  290s
 190923 23453     cutoff   75       751.00000  750.00000  0.13%  33.3  295s
 193397 23417  750.00000   65   66  751.00000  750.00000  0.13%  33.4  300s
 196037 23360     cutoff   73       751.00000  750.00000  0.13%  33.4  305s
 198890 23255  750.00000   65   82  751.00000  750.00000  0.13%  33.4  310s
 202102 23204     cutoff   69       751.00000  750.00000  0.13%  33.5  315s
 205316 23049  750.00000   74   48  751.00000  750.00000  0.13%  33.5  320s
 208530 22880     cutoff   64       751.00000  750.00000  0.13%  33.6  325s
 211812 22798  750.00000   83   60  751.00000  750.00000  0.13%  33.6  330s
 215631 22723  750.00000   72   95  751.00000  750.00000  0.13%  33.5  335s
 218990 22597  750.00000   65   90  751.00000  750.00000  0.13%  33.5  340s
 222248 22406  750.00000   81   74  751.00000  750.00000  0.13%  33.6  345s
 225456 22127  750.00000   68   87  751.00000  750.00000  0.13%  33.6  350s
 228807 21918  750.00000   78  101  751.00000  750.00000  0.13%  33.6  355s
 232205 21781  750.00000   70   67  751.00000  750.00000  0.13%  33.6  360s
 235425 21606     cutoff   81       751.00000  750.00000  0.13%  33.6  365s
 238832 21394     cutoff   66       751.00000  750.00000  0.13%  33.6  370s
 242338 21176  750.00000   72   84  751.00000  750.00000  0.13%  33.6  375s
 245628 20995  750.00000   82   56  751.00000  750.00000  0.13%  33.6  380s
 248861 20804  750.00000   81   95  751.00000  750.00000  0.13%  33.6  385s
 251884 20704  750.00000   65   84  751.00000  750.00000  0.13%  33.7  390s
 255051 20487     cutoff   70       751.00000  750.00000  0.13%  33.7  395s
 258514 20424     cutoff   77       751.00000  750.00000  0.13%  33.7  400s
 261896 20305     cutoff   75       751.00000  750.00000  0.13%  33.7  405s
 265109 20279     cutoff   76       751.00000  750.00000  0.13%  33.8  410s
 267881 20133  750.00000   73  101  751.00000  750.00000  0.13%  33.8  415s
 270819 20073  750.00000   77   80  751.00000  750.00000  0.13%  33.8  420s
 274166 19953  750.00000   68   76  751.00000  750.00000  0.13%  33.8  425s
 277388 19843  750.00000   66  102  751.00000  750.00000  0.13%  33.8  430s
 280944 19700     cutoff   74       751.00000  750.00000  0.13%  33.8  435s
 284287 19501     cutoff   70       751.00000  750.00000  0.13%  33.8  440s
 287707 19413     cutoff   73       751.00000  750.00000  0.13%  33.8  445s
 290977 19338  750.00000   67   54  751.00000  750.00000  0.13%  33.8  450s
 294265 19236  750.00000   66   63  751.00000  750.00000  0.13%  33.8  455s
 297357 19096  750.00000   71   51  751.00000  750.00000  0.13%  33.8  460s
 300634 18908     cutoff   64       751.00000  750.00000  0.13%  33.8  465s
 304072 18771     cutoff   68       751.00000  750.00000  0.13%  33.7  470s
 307414 18623  750.00000   79   73  751.00000  750.00000  0.13%  33.7  475s
 310719 18400  750.00000   71   96  751.00000  750.00000  0.13%  33.7  480s
 313756 18245     cutoff   77       751.00000  750.00000  0.13%  33.7  485s
 317368 18124  750.00000   64   80  751.00000  750.00000  0.13%  33.7  490s
 320060 18006  750.00000   70   60  751.00000  750.00000  0.13%  33.7  495s
 323625 17878  750.00000   66   85  751.00000  750.00000  0.13%  33.7  500s
 326727 17765  750.00000   83   45  751.00000  750.00000  0.13%  33.7  505s
 329732 17611  750.00000   71   92  751.00000  750.00000  0.13%  33.7  510s
 332804 17464  750.00000   69   59  751.00000  750.00000  0.13%  33.7  515s
 336193 17284     cutoff   71       751.00000  750.00000  0.13%  33.7  520s
 339699 17182     cutoff   73       751.00000  750.00000  0.13%  33.7  525s
 342946 17126     cutoff   73       751.00000  750.00000  0.13%  33.7  530s
 346244 17002  750.00000   69   76  751.00000  750.00000  0.13%  33.7  535s
 349247 16870     cutoff   73       751.00000  750.00000  0.13%  33.7  540s
 352429 16715  750.00000   71   89  751.00000  750.00000  0.13%  33.7  545s
 355809 16620     cutoff   73       751.00000  750.00000  0.13%  33.7  550s
 358751 16585  750.00000   71   85  751.00000  750.00000  0.13%  33.7  555s
 362206 16529     cutoff   77       751.00000  750.00000  0.13%  33.7  560s
 365568 16426  750.00000   65   86  751.00000  750.00000  0.13%  33.7  565s
 368847 16358  750.00000   75   78  751.00000  750.00000  0.13%  33.7  570s
 371914 16212  750.00000   67   58  751.00000  750.00000  0.13%  33.7  575s
 375525 16034     cutoff   75       751.00000  750.00000  0.13%  33.7  580s
 378236 15922  750.00000   68   89  751.00000  750.00000  0.13%  33.7  585s
 381683 15760  750.00000   71   80  751.00000  750.00000  0.13%  33.7  590s
 384834 15581  750.00000   65   91  751.00000  750.00000  0.13%  33.7  595s
 387947 15459     cutoff   63       751.00000  750.00000  0.13%  33.7  600s
 391396 15313  750.00000   69   95  751.00000  750.00000  0.13%  33.6  605s
 394805 15184  750.00000   74   69  751.00000  750.00000  0.13%  33.6  610s
 397959 15156  750.00000   72   62  751.00000  750.00000  0.13%  33.7  615s
 401094 15000     cutoff   65       751.00000  750.00000  0.13%  33.7  620s
 403817 14892  750.00000   75   96  751.00000  750.00000  0.13%  33.7  625s
 407134 14755  750.00000   71   82  751.00000  750.00000  0.13%  33.7  630s
 410550 14648     cutoff   80       751.00000  750.00000  0.13%  33.7  635s
 413312 14546  750.00000   67   94  751.00000  750.00000  0.13%  33.6  640s
 416477 14387     cutoff   77       751.00000  750.00000  0.13%  33.6  645s
 419658 14291  750.00000   66  106  751.00000  750.00000  0.13%  33.6  650s
 423039 14162  750.00000   61   96  751.00000  750.00000  0.13%  33.6  655s
 426483 14066  750.00000   72   95  751.00000  750.00000  0.13%  33.6  660s
 429897 13948     cutoff   74       751.00000  750.00000  0.13%  33.6  665s
 432402 13887  750.00000   73   72  751.00000  750.00000  0.13%  33.6  670s
 435742 13735 infeasible   71       751.00000  750.00000  0.13%  33.6  675s
 439168 13642  750.00000   73   64  751.00000  750.00000  0.13%  33.6  680s
 442558 13531  750.00000   66   61  751.00000  750.00000  0.13%  33.6  685s
 445817 13448  750.00000   72   84  751.00000  750.00000  0.13%  33.5  690s
 449212 13267     cutoff   74       751.00000  750.00000  0.13%  33.5  695s
 452550 13118  750.00000   73   88  751.00000  750.00000  0.13%  33.5  700s
 456001 13034  750.00000   77   76  751.00000  750.00000  0.13%  33.5  705s
 459021 12918  750.00000   68   83  751.00000  750.00000  0.13%  33.5  710s
 462317 12796  750.00000   73   90  751.00000  750.00000  0.13%  33.5  715s
 465609 12661  750.00000   74   79  751.00000  750.00000  0.13%  33.5  720s
 469022 12564     cutoff   78       751.00000  750.00000  0.13%  33.5  725s
 472276 12505  750.00000   71   76  751.00000  750.00000  0.13%  33.5  730s
 475269 12420  750.00000   68   83  751.00000  750.00000  0.13%  33.5  735s
 478739 12347     cutoff   74       751.00000  750.00000  0.13%  33.5  740s
 481762 12248  750.00000   67   68  751.00000  750.00000  0.13%  33.5  745s
 485240 12179     cutoff   76       751.00000  750.00000  0.13%  33.5  750s
 488381 12131     cutoff   65       751.00000  750.00000  0.13%  33.5  755s
 491634 12030  750.00000   65   98  751.00000  750.00000  0.13%  33.5  760s
 494727 11967     cutoff   65       751.00000  750.00000  0.13%  33.5  765s
 497787 11895  750.00000   73   76  751.00000  750.00000  0.13%  33.5  770s
 501043 11799  750.00000   71   89  751.00000  750.00000  0.13%  33.5  775s
 504303 11709     cutoff   78       751.00000  750.00000  0.13%  33.5  780s
 507396 11618     cutoff   69       751.00000  750.00000  0.13%  33.5  785s
 510467 11520  750.00000   65   77  751.00000  750.00000  0.13%  33.5  790s
 513797 11425  750.00000   66   81  751.00000  750.00000  0.13%  33.4  795s
 517109 11319  750.00000   67   74  751.00000  750.00000  0.13%  33.4  800s
 519487 11275  750.00000   62   90  751.00000  750.00000  0.13%  33.4  805s
 522415 11167  750.00000   72   77  751.00000  750.00000  0.13%  33.4  810s
 525791 11098  750.00000   63   89  751.00000  750.00000  0.13%  33.4  815s
 529077 11005  750.00000   64   88  751.00000  750.00000  0.13%  33.4  820s
 532292 10903  750.00000   67   81  751.00000  750.00000  0.13%  33.4  825s
 535581 10831     cutoff   71       751.00000  750.00000  0.13%  33.4  830s
 538967 10748     cutoff   74       751.00000  750.00000  0.13%  33.4  835s
 542120 10669     cutoff   83       751.00000  750.00000  0.13%  33.4  840s
 545521 10613  750.00000   76   81  751.00000  750.00000  0.13%  33.4  845s
 548851 10487  750.00000   75  102  751.00000  750.00000  0.13%  33.4  850s
 552137 10394     cutoff   70       751.00000  750.00000  0.13%  33.4  855s
 554952 10286     cutoff   74       751.00000  750.00000  0.13%  33.4  860s
 558378 10212     cutoff   69       751.00000  750.00000  0.13%  33.4  865s
 561520 10101  750.00000   72   53  751.00000  750.00000  0.13%  33.4  870s
 564729 10023     cutoff   70       751.00000  750.00000  0.13%  33.4  875s
 567793  9949     cutoff   77       751.00000  750.00000  0.13%  33.4  880s
 570929  9904     cutoff   74       751.00000  750.00000  0.13%  33.4  885s
 574178  9842  750.00000   65   91  751.00000  750.00000  0.13%  33.4  890s
 577469  9750  750.00000   65   84  751.00000  750.00000  0.13%  33.4  895s
 580734  9690     cutoff   67       751.00000  750.00000  0.13%  33.4  900s
 583813  9591  750.00000   73   73  751.00000  750.00000  0.13%  33.4  905s
 587306  9507  750.00000   65  104  751.00000  750.00000  0.13%  33.4  910s
 590214  9492  750.00000   65   80  751.00000  750.00000  0.13%  33.4  915s
 593291  9449     cutoff   67       751.00000  750.00000  0.13%  33.4  920s
 596758  9416  750.00000   68   76  751.00000  750.00000  0.13%  33.4  925s
 600051  9379  750.00000   74   59  751.00000  750.00000  0.13%  33.4  930s
 603191  9340  750.00000   76   64  751.00000  750.00000  0.13%  33.4  935s
 605812  9322  750.00000   67  107  751.00000  750.00000  0.13%  33.4  940s
 608019  9291  750.00000   72   76  751.00000  750.00000  0.13%  33.4  945s
 610710  9235  750.00000   74   83  751.00000  750.00000  0.13%  33.4  950s
 613688  9169  750.00000   65  107  751.00000  750.00000  0.13%  33.4  955s
 616847  9094  750.00000   74   97  751.00000  750.00000  0.13%  33.4  960s
 619898  9045  750.00000   80   71  751.00000  750.00000  0.13%  33.4  965s
 622977  8967  750.00000   66   74  751.00000  750.00000  0.13%  33.4  970s
 626311  8913     cutoff   84       751.00000  750.00000  0.13%  33.4  975s
 629447  8823  750.00000   84   81  751.00000  750.00000  0.13%  33.4  980s
 632617  8682  750.00000   74   73  751.00000  750.00000  0.13%  33.4  985s
 635676  8567     cutoff   75       751.00000  750.00000  0.13%  33.4  990s
 639084  8514  750.00000   63   87  751.00000  750.00000  0.13%  33.4  995s
 642074  8417  750.00000   74   84  751.00000  750.00000  0.13%  33.4 1000s
 645183  8353  750.00000   74   83  751.00000  750.00000  0.13%  33.4 1005s
 648429  8281  750.00000   67   78  751.00000  750.00000  0.13%  33.4 1010s
 651667  8253  750.00000   67   75  751.00000  750.00000  0.13%  33.4 1015s
 653906  8216  750.00000   69  104  751.00000  750.00000  0.13%  33.4 1020s
 656981  8152  750.00000   69   73  751.00000  750.00000  0.13%  33.4 1025s
 660199  8080  750.00000   76   75  751.00000  750.00000  0.13%  33.4 1030s
 663430  8023  750.00000   74   55  751.00000  750.00000  0.13%  33.4 1035s
 666605  7902  750.00000   75   78  751.00000  750.00000  0.13%  33.4 1040s
 669533  7853     cutoff   65       751.00000  750.00000  0.13%  33.4 1045s
 672658  7806  750.00000   73   61  751.00000  750.00000  0.13%  33.4 1050s
 675855  7729  750.00000   72  105  751.00000  750.00000  0.13%  33.4 1055s
 679196  7652     cutoff   64       751.00000  750.00000  0.13%  33.4 1060s
 682406  7526  750.00000   65   93  751.00000  750.00000  0.13%  33.4 1065s
 685637  7451  750.00000   64  103  751.00000  750.00000  0.13%  33.4 1070s
 689049  7337  750.00000   67   71  751.00000  750.00000  0.13%  33.4 1075s
 692382  7311  750.00000   77   74  751.00000  750.00000  0.13%  33.4 1080s
 695604  7187     cutoff   67       751.00000  750.00000  0.13%  33.4 1085s
 698731  7132  750.00000   74   94  751.00000  750.00000  0.13%  33.4 1090s
 701888  7067  750.00000   71   65  751.00000  750.00000  0.13%  33.4 1095s
 705076  6977  750.00000   75   96  751.00000  750.00000  0.13%  33.4 1100s
 708230  6907  750.00000   70   86  751.00000  750.00000  0.13%  33.4 1105s
 711007  6844  750.00000   77   54  751.00000  750.00000  0.13%  33.4 1110s
 714224  6775  750.00000   64   94  751.00000  750.00000  0.13%  33.4 1115s
 717584  6735     cutoff   71       751.00000  750.00000  0.13%  33.4 1120s
 720924  6739  750.00000   75   78  751.00000  750.00000  0.13%  33.4 1125s
 724238  6674  750.00000   67   85  751.00000  750.00000  0.13%  33.3 1130s
 727446  6630  750.00000   75   93  751.00000  750.00000  0.13%  33.4 1135s
 729658  6612  750.00000   75   73  751.00000  750.00000  0.13%  33.4 1140s
 732868  6576     cutoff   67       751.00000  750.00000  0.13%  33.4 1145s
 736045  6546  750.00000   66   97  751.00000  750.00000  0.13%  33.3 1150s
 739326  6478  750.00000   73   74  751.00000  750.00000  0.13%  33.3 1155s
 742598  6421  750.00000   68   74  751.00000  750.00000  0.13%  33.3 1160s
 745728  6364 infeasible   67       751.00000  750.00000  0.13%  33.3 1165s
 748970  6306  750.00000   61  116  751.00000  750.00000  0.13%  33.3 1170s
 751791  6197  750.00000   71   85  751.00000  750.00000  0.13%  33.3 1175s
 755132  6098     cutoff   67       751.00000  750.00000  0.13%  33.3 1180s
 758473  6004  750.00000   67   97  751.00000  750.00000  0.13%  33.3 1185s
 760529  5927     cutoff   76       751.00000  750.00000  0.13%  33.3 1190s
 763705  5837  750.00000   71   59  751.00000  750.00000  0.13%  33.3 1195s
 767010  5790  750.00000   63  111  751.00000  750.00000  0.13%  33.3 1200s
 770367  5730     cutoff   65       751.00000  750.00000  0.13%  33.3 1205s
 773558  5609     cutoff   73       751.00000  750.00000  0.13%  33.3 1210s
 776820  5503     cutoff   70       751.00000  750.00000  0.13%  33.3 1215s
 780100  5380  750.00000   63   87  751.00000  750.00000  0.13%  33.3 1220s
 783202  5298     cutoff   78       751.00000  750.00000  0.13%  33.3 1225s
 786386  5204     cutoff   69       751.00000  750.00000  0.13%  33.3 1230s
 789464  5081  750.00000   64   76  751.00000  750.00000  0.13%  33.3 1235s
 792671  4995     cutoff   72       751.00000  750.00000  0.13%  33.3 1240s
 795206  4937  750.00000   71  106  751.00000  750.00000  0.13%  33.3 1245s
 797671  4853  750.00000   65   94  751.00000  750.00000  0.13%  33.3 1250s
 800893  4772  750.00000   64   87  751.00000  750.00000  0.13%  33.3 1255s
 804070  4677     cutoff   71       751.00000  750.00000  0.13%  33.3 1260s
 807280  4588     cutoff   73       751.00000  750.00000  0.13%  33.3 1265s
 810419  4497  750.00000   70   84  751.00000  750.00000  0.13%  33.3 1270s
 813417  4437  750.00000   67  104  751.00000  750.00000  0.13%  33.3 1275s
 816654  4332  750.00000   70   52  751.00000  750.00000  0.13%  33.3 1280s
 819882  4242  750.00000   64  104  751.00000  750.00000  0.13%  33.3 1285s
 822982  4152  750.00000   71   84  751.00000  750.00000  0.13%  33.3 1290s
 826253  4064     cutoff   77       751.00000  750.00000  0.13%  33.3 1295s
 829533  4014     cutoff   77       751.00000  750.00000  0.13%  33.3 1300s
 832780  3957     cutoff   61       751.00000  750.00000  0.13%  33.3 1305s
 836026  3905  750.00000   62  108  751.00000  750.00000  0.13%  33.2 1310s
 839209  3818     cutoff   69       751.00000  750.00000  0.13%  33.2 1315s
 842428  3687  750.00000   66   88  751.00000  750.00000  0.13%  33.2 1320s
 845578  3589  750.00000   64  113  751.00000  750.00000  0.13%  33.2 1325s
 848721  3490     cutoff   72       751.00000  750.00000  0.13%  33.2 1330s
 851838  3434  750.00000   65  109  751.00000  750.00000  0.13%  33.2 1335s
 854955  3345     cutoff   72       751.00000  750.00000  0.13%  33.2 1340s
 857977  3285  750.00000   66  123  751.00000  750.00000  0.13%  33.2 1345s
 861343  3243  750.00000   66   89  751.00000  750.00000  0.13%  33.2 1350s
 864427  3135  750.00000   71   97  751.00000  750.00000  0.13%  33.2 1355s
 867499  3044     cutoff   71       751.00000  750.00000  0.13%  33.2 1360s
 870576  2958  750.00000   69   95  751.00000  750.00000  0.13%  33.2 1365s
 873660  2848     cutoff   68       751.00000  750.00000  0.13%  33.2 1370s
 877037  2769  750.00000   69   96  751.00000  750.00000  0.13%  33.2 1375s
 880308  2703  750.00000   70   96  751.00000  750.00000  0.13%  33.2 1380s
 883346  2645  750.00000   66  106  751.00000  750.00000  0.13%  33.2 1385s
 886658  2578  750.00000   65  116  751.00000  750.00000  0.13%  33.2 1390s
 889142  2549  750.00000   64   90  751.00000  750.00000  0.13%  33.2 1395s
 892351  2460  750.00000   69  100  751.00000  750.00000  0.13%  33.2 1400s
 895622  2415     cutoff   81       751.00000  750.00000  0.13%  33.2 1405s
 898825  2330  750.00000   66  115  751.00000  750.00000  0.13%  33.2 1410s
 902126  2261     cutoff   73       751.00000  750.00000  0.13%  33.2 1415s
 905353  2208     cutoff   78       751.00000  750.00000  0.13%  33.2 1420s
 908403  2128  750.00000   77   65  751.00000  750.00000  0.13%  33.2 1425s
 911594  2058     cutoff   67       751.00000  750.00000  0.13%  33.2 1430s
 914632  2000  750.00000   66   78  751.00000  750.00000  0.13%  33.2 1435s
 917821  1916  750.00000   65   97  751.00000  750.00000  0.13%  33.2 1440s
 921053  1818  750.00000   58  127  751.00000  750.00000  0.13%  33.2 1445s
 924229  1734  750.00000   68   73  751.00000  750.00000  0.13%  33.2 1450s
 927384  1655     cutoff   68       751.00000  750.00000  0.13%  33.2 1455s
 929918  1628  750.00000   62  109  751.00000  750.00000  0.13%  33.2 1460s
 932984  1579     cutoff   74       751.00000  750.00000  0.13%  33.2 1465s
 936191  1508  750.00000   70   87  751.00000  750.00000  0.13%  33.2 1470s
 939342  1477  750.00000   67   82  751.00000  750.00000  0.13%  33.2 1475s
 942355  1408     cutoff   71       751.00000  750.00000  0.13%  33.2 1480s
 945289  1320  750.00000   65  127  751.00000  750.00000  0.13%  33.2 1485s
 948368  1218  750.00000   66   62  751.00000  750.00000  0.13%  33.2 1490s
 951461  1116 infeasible   68       751.00000  750.00000  0.13%  33.2 1495s
 954497  1042  750.00000   72   82  751.00000  750.00000  0.13%  33.2 1500s
 957080   979  750.00000   75   68  751.00000  750.00000  0.13%  33.2 1506s
 959320   949  750.00000   63   94  751.00000  750.00000  0.13%  33.2 1510s
 962501   868  750.00000   73   86  751.00000  750.00000  0.13%  33.2 1515s
 965618   823  750.00000   73  103  751.00000  750.00000  0.13%  33.2 1520s
 968696   755  750.00000   70  108  751.00000  750.00000  0.13%  33.2 1525s
 971827   715     cutoff   80       751.00000  750.00000  0.13%  33.2 1530s
 974951   662  750.00000   72   62  751.00000  750.00000  0.13%  33.2 1535s
 977598   614  750.00000   70   73  751.00000  750.00000  0.13%  33.1 1540s
 980451   535  750.00000   59  104  751.00000  750.00000  0.13%  33.2 1545s
 983612   480  750.00000   68  105  751.00000  750.00000  0.13%  33.1 1550s
 987053   453  750.00000   70  109  751.00000  750.00000  0.13%  33.1 1555s
 990246   413  750.00000   67   94  751.00000  750.00000  0.13%  33.1 1560s
 993037   370  750.00000   61  107  751.00000  750.00000  0.13%  33.1 1565s
 996259   331  750.00000   68  110  751.00000  750.00000  0.13%  33.1 1570s
 999301   259  750.00000   65  103  751.00000  750.00000  0.13%  33.1 1575s
 1002500   189  750.00000   61  141  751.00000  750.00000  0.13%  33.1 1580s
 1005473   152     cutoff   77       751.00000  750.00000  0.13%  33.1 1585s

Cutting planes:
  Learned: 9
  Gomory: 44
  Cover: 404
  Implied bound: 147
  Clique: 10
  MIR: 275
  Mixing: 25
  StrongCG: 11
  Flow cover: 871
  GUB cover: 20
  Inf proof: 11
  Zero half: 57
  RLT: 37
  Relax-and-lift: 29
  BQP: 2

Explored 1006229 nodes (33305007 simplex iterations) in 1586.18 seconds (1180.51 work units)
Thread count was 1 (of 16 available processors)

Solution count 10: 751 752 753 ... 761

Optimal solution found (tolerance 1.00e-04)
Warning: max constraint violation (1.0000e-06) exceeds tolerance
Best objective 7.510000000000e+02, best bound 7.510000000000e+02, gap 0.0000%

User-callback calls 2562386, time in user-callback 1.48 sec

 sepatime0 0 0
751.0
Stat(MathOptInterface.OPTIMAL, 751.0, 751.0, 0.0, 0.0, 0.986495, 1586.184453010559, 1006229, Main.CFLG.LEFPAI, "", #undef)
