Data path: /scratch/opt/lxu/CFLG/benchmarks/city
Instance: city_628.txt
Result path: /scratch/opt/lxu/CFLG/results/city
Solver: Gurobi
Time limit: 3600
Formulation: LEFPI
Cover: Large
julia --project=. src/main.jl /scratch/opt/lxu/CFLG/benchmarks/city city_628.txt /scratch/opt/lxu/CFLG/results/city Gurobi 3600 LEFPI Large
The latest version of Julia in the `release` channel is 1.11.5+0.x64.linux.gnu. You currently have `1.11.4+0.x64.linux.gnu` installed. Run:

  juliaup update

in your terminal shell to install Julia 1.11.5+0.x64.linux.gnu and update the `release` channel to that version.
/scratch/opt/lxu/CFLG/benchmarks/city Gurobi 3600.0 /scratch/opt/lxu/CFLG/results/city city_628.txt LEFPI Large
/scratch/opt/lxu/CFLG/benchmarks/city/city_628.txt

 read graph
data loaded


after absorb:397 465

max_piece:6
problem_graph/original graph: node: 456/465 edge: 619/628 dlt: 0.3884405700097162 break_avg_len: 0.19704416637003394 break_max_len: 1.593220338983051Set parameter TokenServer to value "solice01.zib.de"
Set parameter Threads to value 1
Set parameter OutputFlag to value 1
Gurobi Optimizer version 12.0.1 build v12.0.1rc0 (linux64 - "Debian GNU/Linux 12 (bookworm)")

CPU model: Intel(R) Xeon(R) Gold 5222 CPU @ 3.80GHz, instruction set [SSE2|AVX|AVX2|AVX512]
Thread count: 8 physical cores, 16 logical processors, using up to 1 threads

Non-default parameters:
Threads  1

Optimize a model with 1075 rows, 1857 columns and 3095 nonzeros
Model fingerprint: 0x7d0939ed
Coefficient statistics:
  Matrix range     [1e+00, 1e+00]
  Objective range  [1e+00, 1e+00]
  Bounds range     [1e+00, 1e+00]
  RHS range        [1e+00, 1e+00]
Presolve removed 1075 rows and 1857 columns
Presolve time: 0.02s
Presolve: All rows and columns removed
Iteration    Objective       Primal Inf.    Dual Inf.      Time
       0    6.1000000e+01   0.000000e+00   0.000000e+00      0s

Solved in 0 iterations and 0.02 seconds (0.00 work units)
Optimal objective  6.100000000e+01

User-callback calls 36, time in user-callback 0.00 sec
elapsed CPU time: 0.944576 seconds
Set parameter TokenServer to value "solice01.zib.de"
Set parameter Threads to value 1
Set parameter OutputFlag to value 1
Set parameter MIPGap to value 0.0001
Set parameter MIPGapAbs to value 1
Set parameter TimeLimit to value 3599.055424

 more cuts:falsefalse
61 0
formulation:LEFPI13 606 432

 model loaded

Gurobi Optimizer version 12.0.1 build v12.0.1rc0 (linux64 - "Debian GNU/Linux 12 (bookworm)")

CPU model: Intel(R) Xeon(R) Gold 5222 CPU @ 3.80GHz, instruction set [SSE2|AVX|AVX2|AVX512]
Thread count: 8 physical cores, 16 logical processors, using up to 1 threads

Non-default parameters:
TimeLimit  3599.055424
MIPGapAbs  1
Threads  1

Optimize a model with 16131 rows, 13567 columns and 45567 nonzeros
Model fingerprint: 0x8c0195e8
Model has 10598 simple general constraints
  10598 INDICATOR
Variable types: 1694 continuous, 11873 integer (11873 binary)
Coefficient statistics:
  Matrix range     [1e-03, 1e+00]
  Objective range  [1e+00, 1e+00]
  Bounds range     [1e-03, 2e+00]
  RHS range        [1e-03, 3e+00]
  GenCon rhs range [4e-07, 1e+00]
  GenCon coe range [1e+00, 1e+00]
Presolve added 3817 rows and 0 columns
Presolve removed 0 rows and 2427 columns
Presolve time: 0.80s
Presolved: 19948 rows, 11140 columns, 107824 nonzeros
Variable types: 1022 continuous, 10118 integer (10117 binary)
Found heuristic solution: objective 533.0000000
Found heuristic solution: objective 302.0000000

Root relaxation: objective 4.286091e+01, 10323 iterations, 0.56 seconds (0.55 work units)

    Nodes    |    Current Node    |     Objective Bounds      |     Work
 Expl Unexpl |  Obj  Depth IntInf | Incumbent    BestBd   Gap | It/Node Time

     0     0   42.86091    0 1604  302.00000   42.86091  85.8%     -    2s
     0     0   42.92002    0 1563  302.00000   42.92002  85.8%     -    2s
     0     0   42.92002    0 1548  302.00000   42.92002  85.8%     -    2s
H    0     0                     267.0000000   42.92002  83.9%     -    2s
H    0     0                     195.0000000   42.92002  78.0%     -    2s
H    0     0                     194.0000000   42.92002  77.9%     -    2s
H    0     0                     183.0000000   42.92002  76.5%     -    2s
H    0     0                     173.0000000   42.92002  75.2%     -    2s
     0     0   56.49376    0 1991  173.00000   56.49376  67.3%     -    3s
     0     0   56.53209    0 1963  173.00000   56.53209  67.3%     -    3s
H    0     0                     166.0000000   56.53614  65.9%     -    3s
H    0     0                     164.0000000   56.53614  65.5%     -    3s
     0     0   58.18439    0 2084  164.00000   58.18439  64.5%     -    4s
     0     0   58.18609    0 2091  164.00000   58.18609  64.5%     -    4s
     0     0   58.18639    0 2074  164.00000   58.18639  64.5%     -    4s
     0     0   58.22305    0 2068  164.00000   58.22305  64.5%     -    4s
     0     0   58.22305    0 2067  164.00000   58.22305  64.5%     -    4s
     0     0   58.22400    0 2101  164.00000   58.22400  64.5%     -    4s
     0     0   62.48009    0 2169  164.00000   62.48009  61.9%     -    5s
     0     0   62.51384    0 2160  164.00000   62.51384  61.9%     -    5s
     0     0   62.52105    0 2130  164.00000   62.52105  61.9%     -    5s
     0     0   62.53944    0 2118  164.00000   62.53944  61.9%     -    5s
     0     0   62.54320    0 2115  164.00000   62.54320  61.9%     -    5s
     0     0   62.54396    0 2086  164.00000   62.54396  61.9%     -    6s
H    0     0                     163.0000000   62.54396  61.6%     -    6s
H    0     0                     162.0000000   62.54396  61.4%     -    6s
H    0     0                     159.0000000   62.54396  60.7%     -    6s
H    0     0                     158.0000000   62.54396  60.4%     -    6s
H    0     0                     157.0000000   62.54396  60.2%     -    6s
H    0     0                     155.0000000   62.54396  59.6%     -    6s
     0     0   62.69509    0 2148  155.00000   62.69509  59.6%     -    6s
     0     0   62.69513    0 2147  155.00000   62.69513  59.6%     -    6s
     0     0   62.75049    0 2337  155.00000   62.75049  59.5%     -    6s
     0     0   62.75049    0 2337  155.00000   62.75049  59.5%     -    6s
     0     0   62.75266    0 2318  155.00000   62.75266  59.5%     -    6s
     0     0   68.38080    0 1951  155.00000   68.38080  55.9%     -    8s
     0     0   68.42346    0 1916  155.00000   68.42346  55.9%     -    8s
     0     0   68.44960    0 1928  155.00000   68.44960  55.8%     -    8s
H    0     0                     153.0000000   68.48066  55.2%     -    8s
     0     0   68.92460    0 1857  153.00000   68.92460  55.0%     -    8s
     0     0   68.92460    0 1853  153.00000   68.92460  55.0%     -    8s
     0     0   69.02469    0 1820  153.00000   69.02469  54.9%     -    8s
     0     0   69.03390    0 1791  153.00000   69.03390  54.9%     -    9s
     0     0   69.03812    0 1754  153.00000   69.03812  54.9%     -    9s
     0     0   72.35022    0 1613  153.00000   72.35022  52.7%     -    9s
H    0     0                     149.0000000   72.35295  51.4%     -    9s
H    0     0                     148.0000000   72.35295  51.1%     -    9s
H    0     0                     147.0000000   72.35295  50.8%     -    9s
H    0     0                     146.0000000   72.35295  50.4%     -    9s
     0     0   72.48109    0 1580  146.00000   72.48109  50.4%     -   10s
     0     0   72.48109    0 1578  146.00000   72.48109  50.4%     -   10s
     0     0   72.50039    0 1712  146.00000   72.50039  50.3%     -   10s
     0     0   72.51291    0 1752  146.00000   72.51291  50.3%     -   10s
     0     0   72.52017    0 1755  146.00000   72.52017  50.3%     -   10s
     0     0   72.52140    0 1766  146.00000   72.52140  50.3%     -   10s
     0     0   72.71959    0 1845  146.00000   72.71959  50.2%     -   10s
H    0     0                     141.0000000   72.74831  48.4%     -   10s
     0     0   72.77256    0 1782  141.00000   72.77256  48.4%     -   10s
     0     0   72.77452    0 1864  141.00000   72.77452  48.4%     -   11s
     0     0   72.89516    0 1850  141.00000   72.89516  48.3%     -   11s
H    0     0                     138.0000000   72.91997  47.2%     -   11s
H    0     0                     137.0000000   72.91997  46.8%     -   11s
H    0     0                     136.0000000   72.91997  46.4%     -   11s
H    0     0                     126.0000000   72.91997  42.1%     -   11s
H    0     0                     125.0000000   72.91997  41.7%     -   11s
H    0     0                     121.9999994   72.91997  40.2%     -   11s
H    0     0                     119.9999994   72.91997  39.2%     -   11s
H    0     0                     118.9999994   72.91997  38.7%     -   11s
     0     0   72.91997    0 1852  119.00000   72.91997  38.7%     -   11s
     0     0   72.91997    0 1846  119.00000   72.91997  38.7%     -   11s
     0     0   72.98754    0 1798  119.00000   72.98754  38.7%     -   12s
     0     0   73.02084    0 1812  119.00000   73.02084  38.6%     -   12s
     0     0   73.02145    0 1798  119.00000   73.02145  38.6%     -   12s
     0     0   73.02851    0 1742  119.00000   73.02851  38.6%     -   12s
     0     0   73.04222    0 1810  119.00000   73.04222  38.6%     -   12s
     0     0   73.04222    0 1832  119.00000   73.04222  38.6%     -   12s
     0     0   73.07826    0 1873  119.00000   73.07826  38.6%     -   13s
H    0     0                     118.0000000   73.14601  38.0%     -   13s
     0     0   73.14601    0 1849  118.00000   73.14601  38.0%     -   13s
     0     0   73.14601    0 1844  118.00000   73.14601  38.0%     -   13s
     0     0   73.14601    0 1441  118.00000   73.14601  38.0%     -   14s
H    0     0                     117.0000000   73.14601  37.5%     -   15s
H    0     0                     116.0000000   73.14601  36.9%     -   15s
H    0     0                     115.0000009   73.14601  36.4%     -   15s
H    0     0                     115.0000000   73.14601  36.4%     -   15s
H    0     0                     114.0000000   73.14601  35.8%     -   15s
H    0     0                     113.0000000   73.14601  35.3%     -   15s
H    0     0                     112.0000000   73.14601  34.7%     -   15s
H    0     0                     111.0000000   73.14601  34.1%     -   16s
H    0     0                     110.0000000   73.14601  33.5%     -   16s
H    0     0                     109.0000000   73.14601  32.9%     -   16s
H    0     0                     107.0000000   73.14601  31.6%     -   18s
     0     2   73.14601    0 1404  107.00000   73.14601  31.6%     -   18s
    38    40   75.24012   26 1277  107.00000   73.14601  31.6%   292   20s
   161   161   83.09974  115  909  107.00000   73.14601  31.6%   253   25s
H  243   234                     106.0000000   73.14601  31.0%   210   27s
   406   383   99.47623  300  361  106.00000   73.14601  31.0%   140   30s
   478   441   74.51376    7 1683  106.00000   73.24100  30.9%   129   35s
H  487   447                     104.0000000   73.24100  29.6%   129   36s
   514   476   78.32824   37 1392  104.00000   73.24100  29.6%   130   40s
   535   496   85.61252  144 1441  104.00000   73.24100  29.6%   129   48s
   537   497   90.33333  191 1809  104.00000   73.24100  29.6%   128   52s
   538   498   78.29387   38 1630  104.00000   73.24100  29.6%   128   55s
   545   503   90.50000  182 1652  104.00000   76.72906  26.2%   126   60s
   552   507   78.99674   69 1677  104.00000   77.84923  25.1%   125   65s
   556   510   85.35127  130 1575  104.00000   78.56919  24.5%   124   70s
   565   516   79.46445   83 1739  104.00000   79.46445  23.6%   122   75s
H  565   489                     103.0000000   80.02296  22.3%   122   78s
H  565   464                     102.0000000   80.02296  21.5%   122   78s
   569   467   80.06366    2 1757  102.00000   80.06366  21.5%   121   81s
   574   470   80.73222   68 1495  102.00000   80.73222  20.9%   120   87s
   579   473   81.51504   87 1246  102.00000   81.51504  20.1%   119   90s
   589   480   82.94543  116 1444  102.00000   82.55061  19.1%   117   95s
   593   483   82.57161   86 1718  102.00000   82.57161  19.0%   116  100s
H  595   459                     101.0000000   82.72104  18.1%   116  102s
   598   461  100.73489  322 1427  101.00000   82.72875  18.1%   115  105s
H  602   440                     100.0000000   82.82450  17.2%   115  107s
   606   442   99.85652  313 1379  100.00000   83.18205  16.8%   114  117s
   613   447   94.69023  247 1742  100.00000   83.30884  16.7%   112  120s
H  618   426                      99.0000000   83.34424  15.8%   112  123s
   621   428   99.00000  342 1648   99.00000   83.35698  15.8%   111  125s
   627   432   83.36557   37 1830   99.00000   83.36557  15.8%   110  130s
   634   438   83.36589   71 1815   99.00000   83.36589  15.8%   833  136s
   636   440   83.36589   61 1590   99.00000   83.36589  15.8%   831  140s
   642   444   89.53733  180 1557   99.00000   83.39320  15.8%   823  148s
   645   446   90.50000  182 1771   99.00000   83.39886  15.8%   819  151s
   648   448   86.02320  143 1477   99.00000   83.45018  15.7%   815  156s
   652   450   83.45018   69 1666   99.00000   83.45018  15.7%   810  161s
   656   453   85.35127  130 1842   99.00000   83.47927  15.7%   805  166s
   659   455   99.00000  306 1755   99.00000   83.52261  15.6%   802  170s
   667   460   83.56581   71 1513   99.00000   83.56581  15.6%   792  176s
   671   463   83.58732   97 1636   99.00000   83.58732  15.6%   787  180s
H  673   440                      98.0000000   83.59078  14.7%   785  187s
   674   441   83.59078   68 1452   98.00000   83.59078  14.7%   784  191s
   680   445   91.33333  204 1454   98.00000   83.59745  14.7%   777  196s
   685   448   90.07205  182 1338   98.00000   83.80267  14.5%   771  201s
   694   454   83.87592   11 1470   98.00000   83.87592  14.4%   761  205s
   698   457   98.00000  322 1412   98.00000   83.87592  14.4%   757  210s
   705   462   83.98226   37 1769   98.00000   83.98226  14.3%   749  215s
   711   466   98.00000  288 1505   98.00000   83.99980  14.3%   743  222s
   715   468   87.12913  168 1544   98.00000   84.01753  14.3%   739  226s
   720   472   84.55862  122 1424   98.00000   84.05877  14.2%   734  232s
   723   474   98.00000  327 1573   98.00000   84.06970  14.2%   731  235s
   729   478   94.33333  236 1602   98.00000   84.16681  14.1%   725  241s
   733   480   98.00000  310 1606   98.00000   84.22087  14.1%   721  247s
   737   483   90.33333  191 1380   98.00000   84.23387  14.0%   717  250s
   741   486   84.23998   87 1400   98.00000   84.23998  14.0%   713  255s
   748   491   86.02320  143 1814   98.00000   84.24136  14.0%  1606  261s
   750   493   84.24136   20 1404   98.00000   84.24136  14.0%  1602  265s
   755   496   84.29522   86 1341   98.00000   84.29522  14.0%  1591  270s
   757   497   84.33227   38 1400   98.00000   84.33227  13.9%  1587  275s
   759   499   98.00000  306 1361   98.00000   84.33227  13.9%  1583  281s
   761   500   84.33227   20 1407   98.00000   84.33227  13.9%  1579  286s
   764   502   84.33227   39 1434   98.00000   84.33227  13.9%  1572  292s
   765   503   84.33227   83 1573   98.00000   84.33227  13.9%  1570  295s
   767   504   84.33227   71 1718   98.00000   84.33227  13.9%  1566  301s
   769   505   84.34189    2 1734   98.00000   84.34189  13.9%  1562  307s
   772   507   98.00000  292 1573   98.00000   84.35842  13.9%  1556  311s
   778   511   94.32742  234 1437   98.00000   84.39127  13.9%  1544  319s
   779   512   84.39143   87 1734   98.00000   84.39143  13.9%  1542  320s
   783   515   90.83333  196 1534   98.00000   84.45849  13.8%  1534  325s
   787   517   98.00000  324 1723   98.00000   84.50228  13.8%  1526  330s
   795   523   84.53004    2 1475   98.00000   84.53004  13.7%  1511  335s
   800   526   84.54303   19 1732   98.00000   84.54303  13.7%  1502  340s
   804   529   86.19052  157 1404   98.00000   84.54859  13.7%  1494  347s
   809   534   84.67292   42 1349   98.00000   84.57123  13.7%  1939  350s
   846   559   85.81205   60 1192   98.00000   84.57123  13.7%  1880  355s
   870   575   86.75401   72 1126   98.00000   84.57123  13.7%  1856  360s
   882   583   87.11865   78  952   98.00000   84.57123  13.7%  1843  365s
   920   608   87.90280   97  961   98.00000   84.57123  13.7%  1799  370s
   960   635   89.41783  117  820   98.00000   84.57123  13.7%  1746  379s
   965   638   88.76191  120  825   98.00000   84.57123  13.7%  1738  380s
  1015   671   91.31394  145  719   98.00000   84.57123  13.7%  1687  385s
  1101   729   94.51872  188  570   98.00000   84.57123  13.7%  1574  390s
  1182   757   84.88330   46 1654   98.00000   84.57855  13.7%  1480  398s
  1190   762   85.01341   50 1611   98.00000   84.57855  13.7%  1481  400s
  1209   775   86.11031   59 1301   98.00000   84.57855  13.7%  1475  405s
  1236   793   86.26566   73 1324   98.00000   84.57855  13.7%  1467  412s
  1254   805   86.68886   82 1300   98.00000   84.57855  13.7%  1457  415s
  1265   812   86.94682   87 1158   98.00000   84.57855  13.7%  1454  420s
  1290   829   87.48625  100 1200   98.00000   84.57855  13.7%  1440  425s
  1322   850   88.25214  116 1045   98.00000   84.57855  13.7%  1421  430s
  1354   871   88.98022  132  961   98.00000   84.57855  13.7%  1401  435s
  1416   913   92.12017  163  679   98.00000   84.57855  13.7%  1362  440s
  1435   925   93.35004  172  518   98.00000   84.57855  13.7%  1348  446s
  1495   957     cutoff  202        98.00000   84.57855  13.7%  1299  450s
  1551   970   86.29332   60  946   98.00000   84.74085  13.5%  1271  455s
  1645  1032   89.21418  107  814   98.00000   84.74085  13.5%  1219  460s
  1813  1144   95.62319  191  559   98.00000   84.74085  13.5%  1117  465s
  1899  1172   88.07674   70  955   98.00000   84.74121  13.5%  1090  470s
  1975  1222   90.66448  108  705   98.00000   84.74121  13.5%  1069  479s
  1983  1228   89.96689  112  741   98.00000   84.74121  13.5%  1066  480s
  2114  1315   95.21439  178  525   98.00000   84.74121  13.5%  1009  485s
  2177  1335   86.92442   62 1246   98.00000   84.79649  13.5%   998  490s
  2225  1367   88.56232   86 1157   98.00000   84.79649  13.5%   994  495s
  2287  1408   91.73787  117  950   98.00000   84.79649  13.5%   983  500s
  2410  1475   85.00985   45 1607   98.00000   84.79710  13.5%   944  505s
  2448  1513   86.67757   64 1219   98.00000   84.79710  13.5%   947  510s
  2530  1595   88.44155  105  845   98.00000   84.79710  13.5%   932  515s
  2689  1747   96.16241  185  464   98.00000   84.79710  13.5%   886  520s
  2720  1772   86.26583   58 1191   98.00000   84.80623  13.5%   891  525s
  2786  1838   88.42413   91  844   98.00000   84.80623  13.5%   889  530s
  2958  2010   95.00000  177  306   98.00000   84.80623  13.5%   845  541s
  3012  2042   85.49286   52 1348   98.00000   84.80925  13.5%   838  545s
  3075  2105   89.08426   84  687   98.00000   84.80925  13.5%   835  550s
  3176  2204   93.29687  134  541   98.00000   84.80925  13.5%   821  555s
  3268  2267   85.95096   55 1093   98.00000   84.82510  13.4%   808  560s
  3348  2347   89.49412   88  903   98.00000   84.82510  13.4%   800  565s
  3444  2441   92.41236  138  614   98.00000   84.82510  13.4%   787  570s
  3575  2544   85.08748   48 1689   98.00000   84.82576  13.4%   763  575s
  3625  2594   87.04267   72 1079   98.00000   84.82576  13.4%   761  580s
  3700  2669   90.93118  113  556   98.00000   84.82576  13.4%   756  585s
  3915  2864   85.18650   47 1443   98.00000   84.84221  13.4%   722  590s
  3966  2915   88.59133   71  820   98.00000   84.84221  13.4%   721  595s
  4097  3044   92.75200  133  639   98.00000   84.84221  13.4%   707  600s
  4246  3154   85.98966   58 1477   98.00000   84.87554  13.4%   687  605s
  4349  3257   90.58058  114  640   98.00000   84.87554  13.4%   680  610s
  4460  3368   94.03755  147  561   98.00000   84.87554  13.4%   671  615s
  4567  3462   87.27483   66 1030   98.00000   84.88330  13.4%   661  620s
  4684  3577   92.35831  133  646   98.00000   84.88330  13.4%   652  625s
  4836  3711   85.62623   48 1758   98.00000   84.88763  13.4%   636  631s
  4862  3737   87.24456   69 1091   98.00000   84.88763  13.4%   636  635s
  4924  3799   89.54082   96  883   98.00000   84.88763  13.4%   633  651s
  5067  3939   94.20965  155  455   98.00000   84.88763  13.4%   618  655s
  5157  4008   85.65916   54 1607   98.00000   84.92243  13.3%   610  660s
  5221  4072   88.91058   84  889   98.00000   84.92243  13.3%   609  665s
  5359  4210   94.73928  151  555   98.00000   84.92243  13.3%   598  670s
  5430  4258   85.54585   49 1220   98.00000   84.92911  13.3%   593  675s
  5521  4349   90.64031   92  858   98.00000   84.92911  13.3%   588  680s
  5691  4495   85.70062   54 1352   98.00000   84.93092  13.3%   574  685s
  5799  4595   85.48412   53 1317   98.00000   84.93588  13.3%   568  690s
  5962  4739   85.16453   44 1476   98.00000   84.94433  13.3%   557  695s
  6050  4827   91.07389   88  566   98.00000   84.94433  13.3%   555  700s
  6182  4933   87.17448   57 1314   98.00000   84.94460  13.3%   547  706s
  6278  5027   95.89787  152  559   98.00000   84.94460  13.3%   542  710s
  6390  5125   94.52716  128  405   98.00000   84.94636  13.3%   537  715s
  6483  5200   87.72037   65 1219   98.00000   84.94876  13.3%   533  720s
  6583  5300   91.32608  125  703   98.00000   84.94876  13.3%   531  725s
  6749  5441   87.28571   57 1058   98.00000   84.95584  13.3%   520  731s
  6876  5556   85.14352   48 1609   98.00000   84.95596  13.3%   513  735s
  6981  5659   93.73810  152  666   98.00000   84.95596  13.3%   508  740s
  7048  5719   89.67456   91 1098   98.00000   84.96418  13.3%   507  745s
  7132  5795   86.90354   52 1162   98.00000   84.96486  13.3%   505  750s
  7180  5843   89.06205   72  908   98.00000   84.96486  13.3%   506  755s
  7306  5934   85.84679   55 1454   98.00000   84.98330  13.3%   501  760s
  7433  6044   85.80867   56 1622   98.00000   84.98899  13.3%   496  765s
  7582  6193   96.00000  205  284   98.00000   84.98899  13.3%   489  770s
  7636  6227   87.41539   62 1074   98.00000   84.99631  13.3%   487  775s
  7648  6239   89.37534   74  969   98.00000   84.99631  13.3%   487  780s
  7772  6352   87.58318   73 1252   98.00000   85.00016  13.3%   482  785s
  7862  6407   85.72503   48 1511   98.00000   85.00631  13.3%   481  790s
  7954  6498   94.63669  140  716   98.00000   85.00631  13.3%   478  795s
  8031  6564   88.50294   98  941   98.00000   85.01602  13.2%   476  800s
  8140  6660   86.04258   56 1483   98.00000   85.01650  13.2%   473  805s
  8172  6692   89.19306   74  903   98.00000   85.01650  13.2%   473  810s
  8377  6895   96.18118  176  493   98.00000   85.01650  13.2%   465  815s
  8471  6968   85.37213   49 1566   98.00000   85.01970  13.2%   464  820s
  8528  7025   92.67901  106  523   98.00000   85.01970  13.2%   463  825s
  8628  7109   88.20476   98  914   98.00000   85.02764  13.2%   461  830s
  8719  7180   86.30460   58 1381   98.00000   85.03224  13.2%   458  835s
  8820  7270   85.42578   54 1363   98.00000   85.03287  13.2%   456  842s
  8843  7293   86.60616   65 1102   98.00000   85.03287  13.2%   457  845s
  8904  7354   88.63703   96  907   98.00000   85.03287  13.2%   458  850s
  9027  7475   94.45400  157  619   98.00000   85.03287  13.2%   455  855s
  9082  7509   85.28491   48 1251   98.00000   85.03354  13.2%   453  860s
  9136  7563   89.37139   75  899   98.00000   85.03354  13.2%   455  865s
  9268  7659   86.97480   65 1355   98.00000   85.03465  13.2%   452  870s
  9320  7711   92.42871  117  882   98.00000   85.03465  13.2%   452  875s
  9420  7801   88.08494   81 1001   98.00000   85.04073  13.2%   450  880s
  9502  7872   85.67346   48 1742   98.00000   85.04185  13.2%   448  885s
  9589  7959   95.07996  135  489   98.00000   85.04185  13.2%   446  890s
  9663  8014   89.29593   87  885   98.00000   85.04325  13.2%   446  895s
  9755  8094   86.76699   62 1140   98.00000   85.04609  13.2%   445  900s
  9880  8218   94.11021  128  555   98.00000   85.04609  13.2%   443  905s
  9973  8279   87.39205   65  992   98.00000   85.04691  13.2%   440  910s
 10054  8345   85.32072   44 1496   98.00000   85.04691  13.2%   439  915s
 10125  8416   93.12362  115  607   98.00000   85.04691  13.2%   438  920s
 10203  8480   86.51258   66 1441   98.00000   85.04892  13.2%   436 1077s
 10205  8481   86.43277   63 1842   98.00000   85.04892  13.2%   436 1081s
 10206  8482   91.54022  103 1209   98.00000   85.04892  13.2%   436 1085s
 10213  8487   96.04830  144 1414   98.00000   85.04892  13.2%   436 1095s
 10215  8488   89.72671   77 1459   98.00000   85.04892  13.2%   436 1105s
 10217  8489   88.71021   86 1480   98.00000   85.04892  13.2%   436 1115s
 10218  8490   91.48466  131 1638   98.00000   85.04892  13.2%   435 1120s
 10220  8491   91.19051  119 1586   98.00000   85.04892  13.2%   435 1125s
 10222  8493   93.12362  115 1468   98.00000   85.04892  13.2%   435 1134s
 10223  8493   95.82685  163 1560   98.00000   85.04892  13.2%   435 1138s
 10224  8494   96.68895  195 1451   98.00000   85.04892  13.2%   435 1144s
 10225  8495   94.69595  143 1620   98.00000   85.04892  13.2%   435 1148s
 10226  8495   88.95552  125 1440   98.00000   85.04892  13.2%   435 1154s
 10227  8496   91.07389   90 1629   98.00000   85.04892  13.2%   435 1158s
 10228  8497   90.87676  108 1432   98.00000   85.04892  13.2%   435 1163s
 10229  8497   95.94761  153 1690   98.00000   85.04892  13.2%   435 1168s
 10230  8498   91.70311  135 1452   98.00000   85.04892  13.2%   435 1173s
 10231  8499   90.48909   97 1646   98.00000   85.04892  13.2%   435 1177s
 10232  8499   91.45002   84 1447   98.00000   85.04892  13.2%   435 1183s
 10233  8500   88.75690   79 1694   98.00000   85.04892  13.2%   435 1188s
 10234  8501   95.82685  162 1795   98.00000   85.04892  13.2%   435 1197s
 10235  8501   88.08680   89 1961   98.00000   85.04892  13.2%   435 1202s
 10236  8502   92.33802  127 1602   98.00000   85.04892  13.2%   435 1208s
 10238  8503   96.55602  110 1840   98.00000   85.04892  13.2%   435 1213s
 10239  8504   87.41615   62 1636   98.00000   85.04892  13.2%   435 1219s
 10240  8505   93.45593  138 1844   98.00000   85.04892  13.2%   435 1220s
 10241  8505   96.23721  105 1888   98.00000   85.04892  13.2%   435 1225s
 10242  8506   95.68927  166 1676   98.00000   85.04892  13.2%   434 1231s
 10244  8507   94.77759  154 1893   98.00000   85.04892  13.2%   434 1237s
 10245  8508   96.17195  185 1566   98.00000   85.04892  13.2%   434 1242s
 10248  8510   96.66190  177 1855   98.00000   85.04892  13.2%   434 1247s
 10249  8511   95.19816   99 1574   98.00000   85.04892  13.2%   434 1252s
 10251  8512   89.38909   81 1819   98.00000   85.04892  13.2%   434 1256s
 10252  8513   92.52291  128 1603   98.00000   85.04892  13.2%   434 1268s
 10253  8513   87.66692   74 1825   98.00000   85.04892  13.2%   434 1272s
 10254  8514   87.39938   70 1663   98.00000   85.04892  13.2%   434 1278s
 10255  8515   96.17599  177 1785   98.00000   85.04892  13.2%   434 1282s
 10256  8515   90.14236   98 1510   98.00000   85.04892  13.2%   434 1286s
 10257  8516   88.20651   66 1844   98.00000   85.04892  13.2%   434 1290s
 10258  8517   91.63277  129 1584   98.00000   85.04892  13.2%   434 1296s
 10259  8517   85.15651   50 1913   98.00000   85.04892  13.2%   434 1300s
 10261  8519   91.03989  109 1755   98.00000   85.04892  13.2%   434 1305s
 10263  8520   91.04894  102 1604   98.00000   85.04892  13.2%   434 1314s
 10264  8521   92.19343  113 1738   98.00000   85.04892  13.2%   434 1318s
 10265  8521   87.65025   72 1692   98.00000   85.04892  13.2%   433 1324s
 10266  8522   88.12117   81 1824   98.00000   85.04892  13.2%   433 1328s
 10267  8523   86.64735   68 1633   98.00000   85.04892  13.2%   433 1333s
 10268  8523   93.13180  163 1899   98.00000   85.04892  13.2%   433 1337s
 10269  8524   88.64008   80 1614   98.00000   85.04892  13.2%   433 1343s
 10270  8525   87.46841   71 1870   98.00000   85.04892  13.2%   433 1347s
 10271  8525   88.19970  105 1668   98.00000   85.04892  13.2%   433 1352s
 10272  8526   94.00000  152 1930   98.00000   85.04892  13.2%   433 1357s
 10273  8527   95.86173  183 1693   98.00000   85.04892  13.2%   433 1362s
 10274  8527   91.00298   88 1893   98.00000   85.04892  13.2%   433 1367s
 10275  8528   95.18927  163 1715   98.00000   85.04892  13.2%   433 1373s
 10276  8529   95.48358  155 1935   98.00000   85.04892  13.2%   433 1377s
 10277  8529   93.56563  137 1792   98.00000   85.04892  13.2%   433 1394s
 10278  8530   86.52134   69 1909   98.00000   85.04892  13.2%   433 1399s
 10279  8531   91.77478  122 1662   98.00000   85.04892  13.2%   433 1404s
 10280  8531   89.30971   79 1856   98.00000   85.04892  13.2%   433 1409s
 10281  8532   92.16284  116 1720   98.00000   85.04892  13.2%   433 1414s
 10282  8533   90.34358   97 1930   98.00000   85.04892  13.2%   433 1419s
 10283  8533   86.28681   56 1710   98.00000   85.04892  13.2%   433 1425s
 10284  8534   87.58248   73 1969   98.00000   85.04892  13.2%   433 1430s
 10285  8535   93.80235  146 1708   98.00000   85.04892  13.2%   433 1436s
 10286  8535   95.62272  167 1942   98.00000   85.04892  13.2%   433 1440s
 10287  8536   86.90612   67 1680   98.00000   85.04892  13.2%   433 1447s
 10288  8537   94.12357  147 1894   98.00000   85.04892  13.2%   433 1451s
 10289  8537   88.32987   69 1702   98.00000   85.04892  13.2%   432 1456s
 10290  8538   96.71411  158 1953   98.00000   85.04892  13.2%   432 1461s
 10291  8539   91.36419  106 1697   98.00000   85.04892  13.2%   432 1467s
 10292  8539   87.13392   60 1913   98.00000   85.04892  13.2%   432 1471s
 10293  8540   86.98059   56 1758   98.00000   85.04892  13.2%   432 1475s
 10295  8541   95.28949  156 1663   98.00000   85.04892  13.2%   432 1481s
 10297  8543   88.35080   78 1702   98.00000   85.04892  13.2%   432 1487s
 10299  8544   87.10967   94 1738   98.00000   85.04892  13.2%   432 1492s
 10300  8545   92.43721  139 1893   98.00000   85.04892  13.2%   432 1495s
 10302  8546   91.51321  153 1934   98.00000   85.04892  13.2%   432 1501s
 10304  8547   96.08185  173 1881   98.00000   85.04892  13.2%   432 1506s
 10306  8549   91.54022  103 1852   98.00000   85.04892  13.2%   432 1511s
 10307  8549   87.65433   67 1649   98.00000   85.04892  13.2%   432 1516s
 10309  8551   92.00000  149 1664   98.00000   85.04892  13.2%   432 1521s
 10311  8552   90.45630  113 1689   98.00000   85.04892  13.2%   432 1527s
 10313  8553   96.04830  144 1625   98.00000   85.04892  13.2%   431 1530s
 10317  8556   88.71021   86 1648   98.00000   85.04892  13.2%   431 1535s
 10321  8559   90.48558  117 1683   98.00000   85.04892  13.2%   431 1540s
 10325  8561   94.69595  143 1751   98.00000   85.04892  13.2%   431 1545s
 10329  8564   95.94761  153 1745   98.00000   85.04892  13.2%   431 1550s
 10333  8567   88.75690   79 1697   98.00000   85.04892  13.2%   431 1555s
 10337  8569   91.85411  115 1706   98.00000   85.04892  13.2%   430 1560s
 10341  8572   96.23721  105 1704   98.00000   85.04892  13.2%   430 1566s
 10344  8574   94.77759  154 1656   98.00000   85.04892  13.2%   430 1570s
 10350  8578   92.71726  165 1822   98.00000   85.04892  13.2%   430 1575s
 10354  8581   87.39938   70 1893   98.00000   85.04892  13.2%   430 1582s
 10358  8583   91.63277  129 1787   98.00000   85.04892  13.2%   430 1586s
 10363  8587   91.04894  102 1875   98.00000   85.04892  13.2%   429 1590s
 10367  8589   86.64735   68 1913   98.00000   85.04892  13.2%   429 1595s
 10371  8592   88.19970  105 2047   98.00000   85.04892  13.2%   429 1600s
 10374  8594   91.00298   88 1819   98.00000   85.04892  13.2%   429 1606s
 10378  8597   86.52134   69 1776   98.00000   85.04892  13.2%   429 1611s
 10382  8599   90.34358   97 1692   98.00000   85.04892  13.2%   429 1615s
 10386  8602   95.62272  167 2021   98.00000   85.04892  13.2%   428 1620s
 10389  8604   88.32987   69 1882   98.00000   85.04892  13.2%   428 1625s
 10393  8607   86.98059   56 1862   98.00000   85.04892  13.2%   428 1630s
 10395  8608   95.28949  156 1815   98.00000   85.04892  13.2%   428 1636s
 10399  8611   87.10967   94 2103   98.00000   85.04892  13.2%   428 1640s
 10404  8614   96.08185  173 1904   98.00000   85.04892  13.2%   428 1646s
 10406  8615   91.54022  103 1833   98.00000   85.04892  13.2%   428 1650s
 10411  8619   90.45630  113 2095   98.00000   85.04892  13.2%   427 1655s
 10414  8621   91.72855  131 2107   98.00000   85.04892  13.2%   427 1662s
 10417  8623   88.71021   86 2104   98.00000   85.04892  13.2%   427 1665s
 10421  8625   90.48558  117 2110   98.00000   85.04892  13.2%   427 1670s
 10425  8628   94.69595  143 2012   98.00000   85.04892  13.2%   427 1679s
 10426  8631   85.04892   50 1747   98.00000   85.04892  13.2%   552 1681s
 10434  8636   85.18741   54 1851   98.00000   85.04892  13.2%   552 1685s
 10447  8645   86.03138   60 1597   98.00000   85.04892  13.2%   553 1690s
 10458  8652   86.43619   66 1437   98.00000   85.04892  13.2%   553 1695s
 10470  8660   86.91903   72 1472   98.00000   85.04892  13.2%   554 1700s
 10484  8669   87.74014   79 1159   98.00000   85.04892  13.2%   554 1705s
 10500  8680   88.29790   87 1122   98.00000   85.04892  13.2%   554 1710s
 10522  8695   88.65517   98 1089   98.00000   85.04892  13.2%   553 1715s
 10536  8704   89.19731  105 1152   98.00000   85.04892  13.2%   553 1720s
 10551  8714   90.09572  112  827   98.00000   85.04892  13.2%   553 1725s
 10580  8733   89.55545  127  885   98.00000   85.04892  13.2%   553 1730s
 10610  8753   90.65718  142  749   98.00000   85.04892  13.2%   552 1735s
 10644  8776   92.43478  159  547   98.00000   85.04892  13.2%   551 1740s
 10694  8809   93.37949  184  465   98.00000   85.04892  13.2%   550 1745s
 10769  8853   96.25141  224  369   98.00000   85.04892  13.2%   547 1750s
 10778  8851   85.36455   53 1763   98.00000   85.04892  13.2%   547 1762s
 10784  8855   85.65911   56 1571   98.00000   85.04892  13.2%   547 1765s
 10796  8863   87.16874   62 1268   98.00000   85.04892  13.2%   548 1770s
 10806  8870   87.87447   67 1137   98.00000   85.04892  13.2%   548 1775s
 10821  8880   88.30946   75 1241   98.00000   85.04892  13.2%   549 1780s
 10830  8886   88.78837   79  924   98.00000   85.04892  13.2%   549 1785s
 10869  8912   91.54308   99  682   98.00000   85.04892  13.2%   548 1790s
 10919  8945   91.92174  124  747   98.00000   85.04892  13.2%   547 1795s
 10983  8979   96.16005  156  465   98.00000   85.04892  13.2%   544 1800s
 10996  8979   85.55339   53 1727   98.00000   85.25230  13.0%   544 1805s
 11010  8988   87.71466   60 1321   98.00000   85.25230  13.0%   545 1810s
 11022  8996   88.50295   66 1192   98.00000   85.25230  13.0%   545 1815s
 11037  9006   89.80840   74 1016   98.00000   85.25230  13.0%   546 1820s
 11064  9024   90.85627   87  961   98.00000   85.25230  13.0%   545 1825s
 11084  9037   91.89532   97  804   98.00000   85.25230  13.0%   546 1830s
 11123  9063   93.20803  117  648   98.00000   85.25230  13.0%   546 1835s
 11154  9084   94.06504  132  675   98.00000   85.25230  13.0%   545 1840s
 11199  9114   95.03508  155  511   98.00000   85.25230  13.0%   543 1845s
 11217  9119   86.26372   54 1573   98.00000   85.25376  13.0%   544 1850s
 11232  9129   87.18557   62 1433   98.00000   85.25376  13.0%   545 1855s
 11245  9138   88.41641   68 1273   98.00000   85.25376  13.0%   545 1860s
 11262  9149   89.12746   77 1113   98.00000   85.25376  13.0%   546 1865s
 11288  9166   90.90625   90 1101   98.00000   85.25376  13.0%   545 1870s
 11308  9180   92.48950  100  832   98.00000   85.25376  13.0%   545 1875s
 11343  9203   93.83659  117  675   98.00000   85.25376  13.0%   545 1880s
 11381  9228   94.17023  136  640   98.00000   85.25376  13.0%   544 1885s
 11416  9239   85.59826   55 1647   98.00000   85.30741  13.0%   543 1890s
 11424  9244   86.04529   59 1347   98.00000   85.30741  13.0%   545 1895s
 11446  9259   88.15743   70 1257   98.00000   85.30741  13.0%   545 1900s
 11464  9271   89.72681   79 1066   98.00000   85.30741  13.0%   547 1905s
 11485  9285   89.91878   90  926   98.00000   85.30741  13.0%   547 1910s
 11514  9304   92.47472  104  728   98.00000   85.30741  13.0%   547 1915s
 11558  9333   94.23317  126  578   98.00000   85.30741  13.0%   546 1920s
 11613  9359   96.54865  156  492   98.00000   85.30741  13.0%   544 1925s
 11627  9366   85.94866   60 1740   98.00000   85.31204  12.9%   545 1930s
 11640  9375   87.42503   67 1382   98.00000   85.31204  12.9%   545 1935s
 11660  9388   88.50267   77 1298   98.00000   85.31204  12.9%   545 1940s
 11674  9398   89.01978   84 1119   98.00000   85.31204  12.9%   546 1945s
H11694  8973                      97.0000003   85.31204  12.0%   545 1950s
H11694  8531                      97.0000000   85.31204  12.0%   545 1950s
 11721  8551   91.85214  107  831   97.00000   85.31204  12.0%   545 1955s
 11761  8578   92.61240  127  825   97.00000   85.31204  12.0%   544 1960s
 11799  8602   93.23049  147  816   97.00000   85.31204  12.0%   543 1965s
 11805  8606   94.56540  150  735   97.00000   85.31204  12.0%   543 1976s
 11829  8604   85.60381   55 1857   97.00000   85.33223  12.0%   543 1984s
 11832  8606   86.10591   57 1701   97.00000   85.33223  12.0%   543 1985s
 11845  8615   86.83851   63 1418   97.00000   85.33223  12.0%   544 1990s
 11861  8625   88.39970   71 1096   97.00000   85.33223  12.0%   545 1995s
 11885  8641   90.28626   83  919   97.00000   85.33223  12.0%   545 2000s
 11910  8658   91.24124   96  856   97.00000   85.33223  12.0%   546 2012s
 11922  8666   91.33990  102  748   97.00000   85.33223  12.0%   546 2015s
 11955  8688   92.52373  118  751   97.00000   85.33223  12.0%   545 2020s
 11991  8712   93.94080  136  565   97.00000   85.33223  12.0%   544 2025s
 12031  8724   86.16755   54 1816   97.00000   85.33776  12.0%   544 2030s
 12046  8734   87.03049   62 1258   97.00000   85.33776  12.0%   544 2038s
 12053  8738   87.74152   65 1268   97.00000   85.33776  12.0%   545 2040s
 12073  8752   88.74651   75 1003   97.00000   85.33776  12.0%   545 2047s
 12088  8762   90.24503   83 1067   97.00000   85.33776  12.0%   545 2050s
 12100  8770   90.41455   89 1041   97.00000   85.33776  12.0%   545 2055s
 12127  8788   91.81989  102 1080   97.00000   85.33776  12.0%   544 2060s
 12154  8806   91.62891  116  898   97.00000   85.33776  12.0%   543 2065s
 12181  8824   92.56017  129  966   97.00000   85.33776  12.0%   543 2071s
 12211  8844   93.58417  144  839   97.00000   85.33776  12.0%   542 2075s
 12262  8860   95.33581  172  650   97.00000   85.33776  12.0%   540 2080s
 12280  8868   87.15649   66 1493   97.00000   85.35856  12.0%   541 2085s
 12289  8874   87.49614   71 1377   97.00000   85.35856  12.0%   541 2092s
 12299  8880   87.91923   77 1359   97.00000   85.35856  12.0%   541 2095s
 12316  8892   89.59795   87 1157   97.00000   85.35856  12.0%   541 2100s
 12334  8904   90.54069   97 1090   97.00000   85.35856  12.0%   541 2105s
 12356  8918   91.42809  102  918   97.00000   85.35856  12.0%   541 2110s
 12394  8944   94.91467  117  768   97.00000   85.35856  12.0%   540 2115s
 12438  8960   85.54290   57 1972   97.00000   85.35856  12.0%   539 2120s
 12446  8965   86.35554   63 1615   97.00000   85.35856  12.0%   540 2127s
 12455  8971   87.39437   71 1505   97.00000   85.35856  12.0%   540 2130s
 12471  8982   88.13134   82 1215   97.00000   85.35856  12.0%   540 2135s
 12492  8996   89.15414   94 1033   97.00000   85.35856  12.0%   540 2140s
 12524  9017   91.05171  110 1130   97.00000   85.35856  12.0%   539 2145s
 12561  9042   93.47199  130  645   97.00000   85.35856  12.0%   539 2150s
 12621  9072   95.22247  173  580   97.00000   85.35856  12.0%   537 2155s
 12643  9074   86.70742   65 1556   97.00000   85.40214  12.0%   537 2160s
 12658  9084   87.40540   78 1418   97.00000   85.40214  12.0%   537 2165s
 12660  9085   87.51000   80 1263   97.00000   85.40214  12.0%   537 2171s
 12674  9094   88.99281   87 1076   97.00000   85.40214  12.0%   538 2175s
 12683  9100   88.77480   96 1166   97.00000   85.40214  12.0%   538 2180s
 12701  9112   90.42625  104 1015   97.00000   85.40214  12.0%   538 2185s
 12728  9130   91.06981  121  898   97.00000   85.40214  12.0%   538 2190s
 12758  9150   91.35716  131  829   97.00000   85.40214  12.0%   537 2195s
 12788  9170   94.05660  143  690   97.00000   85.40214  12.0%   536 2210s
 12823  9192   94.54687  147  576   97.00000   85.40214  12.0%   536 2215s
 12859  9199   85.40878   56 2021   97.00000   85.40214  12.0%   535 2220s
 12866  9203   86.30110   62 1744   97.00000   85.40214  12.0%   535 2228s
 12871  9207   86.94971   67 1545   97.00000   85.40214  12.0%   536 2230s
 12885  9216   88.27738   76 1288   97.00000   85.40214  12.0%   536 2235s
 12906  9230   89.06419   92 1127   97.00000   85.40214  12.0%   537 2240s
 12927  9244   89.89679  105 1006   97.00000   85.40214  12.0%   537 2245s
 12959  9265   91.93856  120  827   97.00000   85.40214  12.0%   536 2250s
 13002  9294   92.94372  147  738   97.00000   85.40214  12.0%   534 2255s
 13047  9324   94.19688  173  603   97.00000   85.40214  12.0%   533 2260s
 13085  9333   86.14331   61 1795   97.00000   85.40809  12.0%   532 2265s
 13102  9345   88.17665   72 1434   97.00000   85.40809  12.0%   533 2270s
 13120  9357   90.17441   84 1088   97.00000   85.40809  12.0%   533 2275s
 13143  9372   90.68666   97 1055   97.00000   85.40809  12.0%   533 2280s
 13171  9391   91.59322  113  743   97.00000   85.40809  12.0%   533 2285s
 13230  9430   93.94116  143  665   97.00000   85.40809  12.0%   531 2290s
 13287  9454   86.35693   58 1810   97.00000   85.40951  11.9%   530 2295s
 13295  9459   87.11063   64 1610   97.00000   85.40951  11.9%   530 2319s
 13296  9460   87.58958   65 1650   97.00000   85.40951  11.9%   530 2322s
 13304  9465   88.01892   71 1351   97.00000   85.40951  11.9%   530 2325s
 13318  9475   88.74597   77 1280   97.00000   85.40951  11.9%   531 2330s
 13323  9478   89.72262   78 1249   97.00000   85.40951  11.9%   532 2335s
 13337  9487   90.64892   89 1096   97.00000   85.40951  11.9%   533 2340s
 13359  9502   91.60388  102 1032   97.00000   85.40951  11.9%   533 2345s
 13393  9525   92.22764  125  947   97.00000   85.40951  11.9%   532 2350s
 13428  9548   94.27889  141  654   97.00000   85.40951  11.9%   531 2355s
 13479  9557   86.57183   65 1655   97.00000   85.41274  11.9%   531 2360s
 13491  9565   88.12850   72 1561   97.00000   85.41274  11.9%   531 2365s
 13510  9578   89.68190   81 1288   97.00000   85.41274  11.9%   532 2370s
 13531  9592   90.34483   88 1010   97.00000   85.41274  11.9%   532 2375s
 13562  9612   92.15375  106  807   97.00000   85.41274  11.9%   532 2380s
 13679  9675     cutoff  155        97.00000   85.41274  11.9%   528 2385s
 13692  9680   86.89920   66 1568   97.00000   85.41505  11.9%   529 2390s
 13713  9694   88.44126   79 1335   97.00000   85.41505  11.9%   529 2395s
 13733  9707   90.01223   92 1113   97.00000   85.41505  11.9%   529 2401s
 13771  9733   91.40756  111  912   97.00000   85.41505  11.9%   529 2417s
 13813  9761   93.44081  131  844   97.00000   85.41505  11.9%   528 2420s
 13877  9772   85.86947   56 1927   97.00000   85.41981  11.9%   527 2425s
 13894  9784   87.96086   73 1310   97.00000   85.41981  11.9%   527 2430s
 13905  9791   88.90519   84 1216   97.00000   85.41981  11.9%   527 2435s
 13927  9806   91.53158  106 1059   97.00000   85.41981  11.9%   527 2440s
 13986  9830   85.83139   55 1840   97.00000   85.44607  11.9%   526 2445s
 14002  9841   87.10177   71 1535   97.00000   85.44607  11.9%   526 2450s
 14028  9858   88.83811   97 1077   97.00000   85.44607  11.9%   526 2456s
 14049  9872   89.69497  118 1002   97.00000   85.44607  11.9%   527 2460s
 14113  9913   93.98302  181  758   97.00000   85.44607  11.9%   525 2465s
 14158  9923   86.64206   62 1638   97.00000   85.44861  11.9%   525 2470s
 14182  9939   89.33696   74 1314   97.00000   85.44861  11.9%   526 2475s
 14204  9953   90.42278   85 1234   97.00000   85.44861  11.9%   527 2480s
 14271  9998   94.08135  119  625   97.00000   85.44861  11.9%   527 2485s
 14307 10008   86.25817   71 1578   97.00000   85.45351  11.9%   526 2490s
 14336 10027   89.01501  100 1141   97.00000   85.45351  11.9%   527 2495s
 14372 10051   92.60044  136  688   97.00000   85.45351  11.9%   527 2500s
 14436 10081   86.32807   61 1617   97.00000   85.45865  11.9%   526 2505s
 14481 10111   90.22936  106  862   97.00000   85.45865  11.9%   526 2510s
 14572 10145   85.94857   61 1786   97.00000   85.45865  11.9%   524 2515s
 14599 10163   87.99430   81 1196   97.00000   85.45865  11.9%   525 2520s
 14625 10180   88.99902   92 1133   97.00000   85.45865  11.9%   526 2525s
 14690 10223   91.65239  124  739   97.00000   85.45865  11.9%   525 2530s
 14754 10266   93.64914  155  653   97.00000   85.45865  11.9%   524 2548s
 14810 10301   95.66158  175  510   97.00000   85.45865  11.9%   523 2550s
 14836 10308   87.01463   73 1418   97.00000   85.45934  11.9%   523 2555s
 14862 10325   90.95187   99 1222   97.00000   85.45934  11.9%   524 2560s
 14931 10362   86.07205   65 1673   97.00000   85.46895  11.9%   523 2565s
 14955 10378   87.90590   89 1293   97.00000   85.46895  11.9%   523 2570s
 14988 10400   90.75847  122 1114   97.00000   85.46895  11.9%   523 2575s
 15065 10432   85.77422   58 1912   97.00000   85.47239  11.9%   523 2580s
 15093 10451   88.38668   86 1355   97.00000   85.47239  11.9%   523 2585s
 15172 10504   94.84471  165  721   97.00000   85.47239  11.9%   522 2590s
 15214 10514   86.01006   59 1852   97.00000   85.47291  11.9%   522 2595s
 15232 10526   87.14237   63 1540   97.00000   85.47291  11.9%   524 2600s
 15255 10541   89.30181   73 1141   97.00000   85.47291  11.9%   525 2605s
 15303 10573   94.58007   98  641   97.00000   85.47291  11.9%   525 2611s
 15339 10588   87.28770   69 1673   97.00000   85.47374  11.9%   525 2615s
 15376 10613   90.80288  106  810   97.00000   85.47374  11.9%   525 2620s
 15460 10659   85.56637   57 1865   97.00000   85.47573  11.9%   524 2625s
 15509 10691   90.26171  106  803   97.00000   85.47573  11.9%   524 2630s
 15601 10742   86.94114   70 1404   97.00000   85.47592  11.9%   523 2635s
 15672 10789   94.63277  141  771   97.00000   85.47592  11.9%   522 2640s
 15720 10811   86.92428   79 1639   97.00000   85.47786  11.9%   522 2645s
 15737 10822   87.91092   96 1419   97.00000   85.47786  11.9%   522 2667s
 15758 10836   89.94394  117 1083   97.00000   85.47786  11.9%   522 2670s
 15831 10873   85.76991   56 1638   97.00000   85.48328  11.9%   521 2675s
 15866 10896   89.07816   91 1043   97.00000   85.48328  11.9%   522 2680s
 15926 10915   85.76739   58 1780   97.00000   85.49701  11.9%   521 2685s
 15962 10939   88.26767   94 1354   97.00000   85.49701  11.9%   521 2690s
 16057 11003   94.89965  189  822   97.00000   85.49701  11.9%   520 2695s
 16094 11017   88.52832   78 1447   97.00000   85.50386  11.9%   521 2700s
 16148 11051   91.74143  102 1097   97.00000   85.50386  11.9%   521 2705s
 16237 11090   86.35921   63 1596   97.00000   85.50428  11.9%   521 2710s
 16289 11124   91.51501  115  896   97.00000   85.50428  11.9%   521 2715s
 16408 11178   87.50477   75 1200   97.00000   85.51024  11.8%   519 2720s
 16516 11235   86.01708   64 1784   97.00000   85.51057  11.8%   517 2725s
 16597 11279   85.52613   54 2056   97.00000   85.51057  11.8%   517 2730s
 16622 11295   88.92448   79 1122   97.00000   85.51057  11.8%   517 2735s
 16716 11332   86.68260   58 1459   97.00000   85.51269  11.8%   516 2740s
 16735 11345   87.96472   67 1363   97.00000   85.51269  11.8%   518 2745s
 16792 11383   90.93618   96  774   97.00000   85.51269  11.8%   519 2750s
 16919 11430   86.93810   56 1375   97.00000   85.51269  11.8%   517 2755s
 16951 11452   89.38220   71 1239   97.00000   85.51269  11.8%   518 2760s
 17035 11494   85.53866   53 1880   97.00000   85.52108  11.8%   517 2765s
 17069 11516   88.15714   87 1369   97.00000   85.52108  11.8%   518 2770s
 17171 11568   86.01864   56 1997   97.00000   85.52115  11.8%   517 2776s
 17198 11586   89.63142   83 1397   97.00000   85.52115  11.8%   517 2780s
 17266 11612   85.79774   57 1912   97.00000   85.52115  11.8%   517 2785s
 17295 11631   88.71584   86  961   97.00000   85.52115  11.8%   518 2790s
 17403 11689   87.50115   66 1543   97.00000   85.52176  11.8%   516 2795s
 17505 11737   86.19783   60 1570   97.00000   85.52346  11.8%   515 2800s
 17535 11757   89.07178   77 1339   97.00000   85.52346  11.8%   516 2805s
 17615 11810   92.41046  112  772   97.00000   85.52346  11.8%   517 2810s
 17740 11873   86.61060   64 1616   97.00000   85.52376  11.8%   515 2815s
 17792 11907   91.48422  116  858   97.00000   85.52376  11.8%   515 2820s
 17868 11948   88.21919   80 1239   97.00000   85.52613  11.8%   515 2825s
 17969 12015   94.67925  181  571   97.00000   85.52613  11.8%   514 2830s
 18033 12045   88.74457   96 1352   97.00000   85.52613  11.8%   513 2835s
 18087 12075     cutoff  148        97.00000   85.52613  11.8%   513 2840s
 18115 12082   86.83266   74 1548   97.00000   85.52613  11.8%   513 2845s
 18158 12110   89.75698  117 1183   97.00000   85.52613  11.8%   514 2850s
 18252 12150   85.55337   56 1881   97.00000   85.52710  11.8%   512 2855s
 18287 12173   89.94764   91  825   97.00000   85.52710  11.8%   513 2860s
 18353 12207   86.04556   59 1694   97.00000   85.52748  11.8%   512 2865s
 18382 12227   87.73314   88 1316   97.00000   85.52748  11.8%   513 2870s
 18420 12252   91.36633  126  993   97.00000   85.52748  11.8%   513 2875s
 18491 12289   86.30142   60 1596   97.00000   85.53327  11.8%   512 2880s
 18520 12309   90.02279   89 1250   97.00000   85.53327  11.8%   512 2885s
 18580 12349   94.28814  149  891   97.00000   85.53327  11.8%   512 2890s
 18618 12361   88.08004   62 1535   97.00000   85.53802  11.8%   512 2895s
 18645 12379   88.68390   70 1315   97.00000   85.53802  11.8%   513 2900s
 18682 12404   91.64446   86  830   97.00000   85.53802  11.8%   514 2905s
 18790 12451   85.95663   61 2135   97.00000   85.53932  11.8%   512 2910s
 18818 12469   89.62069   89 1333   97.00000   85.53932  11.8%   513 2915s
 18893 12519   94.73469  164  678   97.00000   85.53932  11.8%   512 2920s
 18943 12523   86.94815   72 1848   97.00000   85.54290  11.8%   512 2925s
 18963 12536   87.93902   92 1649   97.00000   85.54290  11.8%   511 2930s
 19008 12566   91.31626  137 1038   97.00000   85.54290  11.8%   512 2935s
 19065 12589   85.71848   60 2042   97.00000   85.54402  11.8%   511 2940s
 19097 12610   87.78900   75 1431   97.00000   85.54402  11.8%   511 2945s
 19122 12627   89.59231   90  833   97.00000   85.54402  11.8%   512 2950s
 19173 12661   92.47799  110  643   97.00000   85.54402  11.8%   513 2955s
 19259 12694   86.23053   63 1555   97.00000   85.54767  11.8%   511 2960s
 19296 12719   90.29124  100  810   97.00000   85.54767  11.8%   511 2965s
 19380 12748   86.84617   57 1787   97.00000   85.54892  11.8%   511 2970s
 19400 12761   88.86329   67 1252   97.00000   85.54892  11.8%   511 2975s
 19430 12781   90.87874   82 1089   97.00000   85.54892  11.8%   512 2980s
 19554 12840   85.78866   57 1957   97.00000   85.54892  11.8%   511 2986s
 19572 12852   87.36832   75 1385   97.00000   85.54892  11.8%   511 2990s
 19630 12889   89.94201  132 1083   97.00000   85.54892  11.8%   511 2995s
 19736 12940   86.41933   68 1654   97.00000   85.55182  11.8%   509 3000s
 19794 12978   91.57046  126 1105   97.00000   85.55182  11.8%   509 3005s
 19866 13015   86.12959   63 1728   97.00000   85.55199  11.8%   508 3010s
 19885 13028   87.66511   82 1344   97.00000   85.55199  11.8%   509 3015s
 19931 13058   90.74084  128  961   97.00000   85.55199  11.8%   509 3020s
 19991 13084   86.22176   55 1749   97.00000   85.55397  11.8%   509 3025s
 20013 13099   88.77051   77 1235   97.00000   85.55397  11.8%   509 3030s
 20041 13118   91.96796  105  830   97.00000   85.55397  11.8%   509 3035s
 20100 13147   87.58548   73 1538   97.00000   85.55397  11.8%   509 3040s
 20169 13193   91.66072  142  897   97.00000   85.55397  11.8%   508 3045s
 20239 13230   86.96146   70 1513   97.00000   85.55452  11.8%   508 3050s
 20338 13277   85.70226   58 1882   97.00000   85.55488  11.8%   507 3055s
 20353 13287   86.90734   73 1364   97.00000   85.55488  11.8%   507 3060s
 20397 13316   91.87536  117  760   97.00000   85.55488  11.8%   507 3065s
 20470 13344   86.26921   59 1724   97.00000   85.55706  11.8%   506 3070s
 20499 13363   87.15673   70 1513   97.00000   85.55706  11.8%   507 3075s
 20532 13385   88.70531   81 1132   97.00000   85.55706  11.8%   507 3080s
 20573 13412   91.96512  102  894   97.00000   85.55706  11.8%   508 3085s
 20618 13432   87.96806   61 1660   97.00000   85.56271  11.8%   508 3090s
 20649 13453   90.14289   77 1239   97.00000   85.56271  11.8%   508 3095s
 20704 13490   92.67972  103  891   97.00000   85.56271  11.8%   509 3100s
 20839 13558   86.38340   58 1702   97.00000   85.56396  11.8%   507 3105s
 20876 13582   90.43516   95 1077   97.00000   85.56396  11.8%   507 3110s
 20966 13631   86.36780   77 1605   97.00000   85.56636  11.8%   505 3115s
 21042 13682   91.43285  153  743   97.00000   85.56636  11.8%   505 3120s
 21113 13715   88.25024   73 1245   97.00000   85.56648  11.8%   504 3125s
 21163 13749   92.69461  123 1012   97.00000   85.56648  11.8%   504 3130s
 21207 13772   87.53132   70 1413   97.00000   85.56806  11.8%   504 3135s
 21310 13831   96.00000  168  372   97.00000   85.56806  11.8%   503 3140s
 21360 13834   87.93866   78 1275   97.00000   85.57545  11.8%   503 3145s
 21433 13872   86.22076   60 1886   97.00000   85.57666  11.8%   502 3150s
 21478 13902   89.71770  105 1014   97.00000   85.57666  11.8%   502 3155s
 21572 13949   85.95152   61 2167   97.00000   85.58026  11.8%   501 3160s
 21606 13972   91.85110   95 1029   97.00000   85.58026  11.8%   502 3165s
 21667 13996   86.40230   64 1774   97.00000   85.58100  11.8%   501 3170s
 21702 14019   89.91232   99 1246   97.00000   85.58100  11.8%   501 3175s
 21761 14057   93.77057  158  807   97.00000   85.58100  11.8%   501 3180s
 21794 14070   88.90610   77 1328   97.00000   85.58218  11.8%   501 3185s
 21848 14104   95.38182  130  689   97.00000   85.58218  11.8%   501 3190s
 21877 14112   87.10990   64 1469   97.00000   85.58284  11.8%   502 3195s
 21908 14131   90.31250   79  836   97.00000   85.58284  11.8%   503 3200s
 21975 14176   93.64247  113  685   97.00000   85.58284  11.8%   502 3205s
 22070 14226   86.33309   63 1643   97.00000   85.58449  11.8%   502 3210s
 22096 14244   87.54305   75 1417   97.00000   85.58449  11.8%   502 3215s
 22136 14270   91.15511   93 1146   97.00000   85.58449  11.8%   503 3220s
 22194 14307   94.45042  120  552   97.00000   85.58449  11.8%   503 3225s
 22261 14338   87.53542   65 1581   97.00000   85.58737  11.8%   503 3230s
 22293 14359   90.31105   75 1192   97.00000   85.58737  11.8%   504 3235s
 22363 14387   85.78241   59 2040   97.00000   85.58831  11.8%   504 3240s
 22397 14409   88.87713   93 1410   97.00000   85.58831  11.8%   504 3245s
 22468 14453   95.55934  163  860   97.00000   85.58831  11.8%   503 3250s
 22511 14473   89.30083   91 1297   97.00000   85.60014  11.8%   504 3255s
 22602 14522   85.92667   60 1823   97.00000   85.60179  11.8%   503 3260s
 22633 14543   88.57935   91 1198   97.00000   85.60179  11.8%   503 3265s
 22715 14586   85.79016   56 2062   97.00000   85.60394  11.7%   502 3270s
 22748 14608   88.47927   89 1362   97.00000   85.60394  11.7%   502 3275s
 22844 14659   85.93025   56 1911   97.00000   85.60428  11.7%   502 3280s
 22879 14683   90.02226   91 1019   97.00000   85.60428  11.7%   502 3285s
 22938 14722   95.16337  150  594   97.00000   85.60428  11.7%   502 3290s
 22991 14741   89.83654   88  788   97.00000   85.60468  11.7%   502 3295s
 23068 14785   87.47285   70 1637   97.00000   85.60521  11.7%   501 3300s
 23137 14831   94.70101  139  903   97.00000   85.60521  11.7%   501 3305s
 23169 14842   87.60681   80 1333   97.00000   85.60981  11.7%   501 3310s
 23196 14860   89.61731  107 1010   97.00000   85.60981  11.7%   502 3315s
 23324 14921   86.48990   67 1558   97.00000   85.61183  11.7%   500 3320s
 23404 14956   85.91626   61 1758   97.00000   85.61718  11.7%   500 3325s
 23436 14977   88.47565   78 1520   97.00000   85.61718  11.7%   500 3330s
 23481 15007   90.67278   95 1249   97.00000   85.61718  11.7%   501 3335s
 23573 15066   94.64928  134  800   97.00000   85.61718  11.7%   501 3340s
 23628 15080   87.15115   69 1305   97.00000   85.61747  11.7%   501 3345s
 23678 15113   91.08109  119 1090   97.00000   85.61747  11.7%   501 3350s
 23770 15159   88.81632   91 1240   97.00000   85.62078  11.7%   500 3355s
 23875 15220   86.07041   63 1900   97.00000   85.62078  11.7%   500 3360s
 23918 15248   91.30471  106 1107   97.00000   85.62078  11.7%   500 3365s
 23985 15275   87.45456   78 1661   97.00000   85.62164  11.7%   499 3370s
 24040 15312   92.64303  133 1100   97.00000   85.62164  11.7%   500 3375s
 24054 15321   93.56188  147  894   97.00000   85.62164  11.7%   500 3380s
 24058 15324   93.67738  151  870   97.00000   85.62164  11.7%   500 3386s
 24060 15325   94.49671  153  797   97.00000   85.62164  11.7%   500 3391s
 24097 15339   86.54258   61 1792   97.00000   85.62289  11.7%   499 3395s
 24131 15361   91.01472   95 1271   97.00000   85.62289  11.7%   500 3400s
 24171 15388   93.25204  135  890   97.00000   85.62289  11.7%   500 3405s
 24234 15418   88.23204   83 1139   97.00000   85.62616  11.7%   500 3410s
 24360 15502   94.82971  209  606   97.00000   85.62616  11.7%   499 3415s
 24402 15514   87.25041   69 1530   97.00000   85.62968  11.7%   499 3420s
 24493 15575   92.88048  115  674   97.00000   85.62968  11.7%   499 3425s
 24594 15623   87.89319   70 1392   97.00000   85.63256  11.7%   498 3430s
 24710 15682   95.98771  172  533   97.00000   85.63256  11.7%   498 3435s
 24724 15692   87.91151   71 1209   97.00000   85.63466  11.7%   498 3440s
 24757 15714   91.23486  104  971   97.00000   85.63466  11.7%   498 3445s
 24864 15755   86.86808   71 1456   97.00000   85.63781  11.7%   497 3450s
 24931 15800   94.66227  138  598   97.00000   85.63781  11.7%   497 3455s
 24985 15819   87.97213   82 1405   97.00000   85.64019  11.7%   498 3460s
 25034 15851   89.53401   94 1113   97.00000   85.64019  11.7%   498 3465s
 25130 15915   92.31130  139  892   97.00000   85.64019  11.7%   497 3470s
 25256 15999   94.61723  184  504   97.00000   85.64019  11.7%   496 3475s
 25330 16015   86.43754   71 1774   97.00000   85.64049  11.7%   495 3480s
 25364 16037   88.64936  105 1272   97.00000   85.64049  11.7%   496 3485s
 25439 16087   94.30491  180  725   97.00000   85.64049  11.7%   495 3490s
 25500 16107   88.28819   77 1351   97.00000   85.64068  11.7%   495 3495s
 25531 16128   90.28872  108 1180   97.00000   85.64068  11.7%   495 3500s
 25577 16148   87.22191   70 1603   97.00000   85.64102  11.7%   495 3505s
 25624 16180   90.21491  117  875   97.00000   85.64102  11.7%   496 3510s
 25743 16235   86.11751   67 1868   97.00000   85.64109  11.7%   494 3515s
 25790 16264   90.91095  113  956   97.00000   85.64109  11.7%   495 3520s
 25851 16295   87.18416   68 1391   97.00000   85.64710  11.7%   495 3525s
 25878 16313   88.60606   78 1474   97.00000   85.64710  11.7%   496 3530s
 25937 16352   92.79611  104  721   97.00000   85.64710  11.7%   496 3535s
 26006 16375   87.80342   84 1294   97.00000   85.64904  11.7%   496 3540s
 26047 16403   93.34015  125  746   97.00000   85.64904  11.7%   496 3545s
 26088 16420   87.67478   75 1450   97.00000   85.64986  11.7%   496 3550s
 26137 16453   92.44487  124  866   97.00000   85.64986  11.7%   497 3555s
 26188 16471   86.01834   62 1878   97.00000   85.64990  11.7%   497 3560s
 26193 16474   86.41696   67 1590   97.00000   85.64990  11.7%   497 3566s
 26235 16502   91.74168  109 1253   97.00000   85.64990  11.7%   497 3570s
 26285 16519   86.70191   74 1743   97.00000   85.65824  11.7%   498 3575s
 26322 16544   89.28593  111 1176   97.00000   85.65824  11.7%   498 3580s
 26393 16581   86.45219   66 1783   97.00000   85.66051  11.7%   498 3585s
 26458 16625   91.46582  131 1032   97.00000   85.66051  11.7%   498 3590s
 26521 16653   86.66984   63 1613   97.00000   85.66296  11.7%   498 3595s

Cutting planes:
  Learned: 7
  Gomory: 28
  Cover: 311
  Implied bound: 259
  Clique: 103
  MIR: 810
  Mixing: 17
  StrongCG: 24
  Flow cover: 2621
  GUB cover: 417
  Inf proof: 2
  Zero half: 512
  RLT: 412
  Relax-and-lift: 189
  BQP: 34

Explored 26553 nodes (13318779 simplex iterations) in 3599.06 seconds (3811.15 work units)
Thread count was 1 (of 16 available processors)

Solution count 10: 97 98 99 ... 106

Time limit reached
Best objective 9.700000000000e+01, best bound 8.600000000000e+01, gap 11.3402%

User-callback calls 822695, time in user-callback 0.96 sec

 sepatime0
97.0Stat(MathOptInterface.TIME_LIMIT, 97.0, 86.0, 0.1134020618556701, 0.0, 0.944576, 3599.060585975647, 26553, Main.CFLG.LEFPI, "", #undef)
