Data path: /scratch/opt/lxu/CFLG/benchmarks/random_B
Instance: r_30_0.2_75.txt
Result path: /scratch/opt/lxu/CFLG/results/random_B
Solver: Gurobi
Time limit: 7200
Formulation: LEFP
Cover: Large
julia --project=. src/main.jl /scratch/opt/lxu/CFLG/benchmarks/random_B r_30_0.2_75.txt /scratch/opt/lxu/CFLG/results/random_B Gurobi 7200 LEFP Large
The latest version of Julia in the `release` channel is 1.11.5+0.x64.linux.gnu. You currently have `1.11.4+0.x64.linux.gnu` installed. Run:

  juliaup update

in your terminal shell to install Julia 1.11.5+0.x64.linux.gnu and update the `release` channel to that version.
/scratch/opt/lxu/CFLG/benchmarks/random_B Gurobi 7200.0 /scratch/opt/lxu/CFLG/results/random_B r_30_0.2_75.txt LEFP Large
/scratch/opt/lxu/CFLG/benchmarks/random_B/r_30_0.2_75.txt

 read graph
data loaded

problem_graph/original graph: node: 30/30 edge: 75/75 dlt: 1.338331712771451 break_avg_len: 0.6691658563857255 break_max_len: 0.9947526277799718Set parameter TokenServer to value "solice01.zib.de"
Set parameter Threads to value 1
Set parameter OutputFlag to value 1
Gurobi Optimizer version 12.0.1 build v12.0.1rc0 (linux64 - "Debian GNU/Linux 12 (bookworm)")

CPU model: Intel(R) Xeon(R) Gold 5122 CPU @ 3.60GHz, instruction set [SSE2|AVX|AVX2|AVX512]
Thread count: 8 physical cores, 16 logical processors, using up to 1 threads

Non-default parameters:
Threads  1

Optimize a model with 105 rows, 225 columns and 375 nonzeros
Model fingerprint: 0xdc7b3391
Coefficient statistics:
  Matrix range     [1e+00, 1e+00]
  Objective range  [1e+00, 1e+00]
  Bounds range     [1e+00, 1e+00]
  RHS range        [0e+00, 0e+00]
Presolve removed 105 rows and 225 columns
Presolve time: 0.00s
Presolve: All rows and columns removed
Iteration    Objective       Primal Inf.    Dual Inf.      Time
       0   -0.0000000e+00   0.000000e+00   0.000000e+00      0s

Solved in 0 iterations and 0.00 seconds (0.00 work units)
Optimal objective -0.000000000e+00

User-callback calls 35, time in user-callback 0.01 sec
elapsed CPU time: 1.317271 seconds
Set parameter TokenServer to value "solice01.zib.de"
Set parameter Threads to value 1
Set parameter OutputFlag to value 1
Set parameter MIPGap to value 0.0001
Set parameter MIPGapAbs to value 0.999998
Set parameter TimeLimit to value 7198.682729

 more cuts: false 1.338331712771451 false
is_attach:falseformulation:LEFP0 75 0

 model loaded

Gurobi Optimizer version 12.0.1 build v12.0.1rc0 (linux64 - "Debian GNU/Linux 12 (bookworm)")

CPU model: Intel(R) Xeon(R) Gold 5122 CPU @ 3.60GHz, instruction set [SSE2|AVX|AVX2|AVX512]
Thread count: 8 physical cores, 16 logical processors, using up to 1 threads

Non-default parameters:
TimeLimit  7198.682729
MIPGapAbs  0.999998
Threads  1

Optimize a model with 5344 rows, 2735 columns and 15717 nonzeros
Model fingerprint: 0x13817a15
Variable types: 180 continuous, 2555 integer (2555 binary)
Coefficient statistics:
  Matrix range     [1e-06, 2e+00]
  Objective range  [1e+00, 1e+00]
  Bounds range     [3e-01, 1e+00]
  RHS range        [3e-01, 2e+00]
Found heuristic solution: objective 25.0000000
Presolve removed 896 rows and 140 columns
Presolve time: 0.05s
Presolved: 4448 rows, 2595 columns, 14584 nonzeros
Variable types: 105 continuous, 2490 integer (2490 binary)

Root relaxation: objective 6.664277e-01, 2417 iterations, 0.07 seconds (0.15 work units)

    Nodes    |    Current Node    |     Objective Bounds      |     Work
 Expl Unexpl |  Obj  Depth IntInf | Incumbent    BestBd   Gap | It/Node Time

     0     0    0.66643    0  258   25.00000    0.66643  97.3%     -    0s
H    0     0                       7.0000000    0.66643  90.5%     -    0s
     0     0    1.10574    0  263    7.00000    1.10574  84.2%     -    0s
H    0     0                       6.0000000    1.11103  81.5%     -    0s
     0     0    1.31363    0  318    6.00000    1.31363  78.1%     -    0s
     0     0    1.31468    0  338    6.00000    1.31468  78.1%     -    0s
     0     0    1.31468    0  340    6.00000    1.31468  78.1%     -    0s
     0     0    1.42873    0  386    6.00000    1.42873  76.2%     -    0s
     0     0    1.45189    0  418    6.00000    1.45189  75.8%     -    0s
     0     0    1.45281    0  426    6.00000    1.45281  75.8%     -    0s
     0     0    1.45281    0  428    6.00000    1.45281  75.8%     -    0s
     0     0    1.80656    0  341    6.00000    1.80656  69.9%     -    1s
H    0     0                       5.0000000    1.80904  63.8%     -    1s
     0     0    1.82917    0  343    5.00000    1.82917  63.4%     -    1s
     0     0    1.82917    0  348    5.00000    1.82917  63.4%     -    1s
     0     0    1.86263    0  347    5.00000    1.86263  62.7%     -    1s
     0     0    1.91338    0  294    5.00000    1.91338  61.7%     -    1s
     0     0    1.92544    0  374    5.00000    1.92544  61.5%     -    1s
     0     0    1.92558    0  409    5.00000    1.92558  61.5%     -    1s
     0     0    1.92558    0  408    5.00000    1.92558  61.5%     -    1s
     0     0    1.92833    0  408    5.00000    1.92833  61.4%     -    1s
     0     0    1.92833    0  405    5.00000    1.92833  61.4%     -    1s
     0     0    1.92833    0  405    5.00000    1.92833  61.4%     -    1s
     0     0    1.92833    0  332    5.00000    1.92833  61.4%     -    2s
     0     0    1.92833    0  356    5.00000    1.92833  61.4%     -    2s
     0     0    1.92833    0  332    5.00000    1.92833  61.4%     -    2s
     0     0    1.92833    0  332    5.00000    1.92833  61.4%     -    2s
     0     2    1.92833    0  332    5.00000    1.92833  61.4%     -    2s
   364   277    2.50000    9   82    5.00000    2.01100  59.8%   101    5s
   595   470    3.21541   38  291    5.00000    2.02647  59.5%  91.0   10s
H  610   455                       4.0000000    2.08305  47.9%  88.8   14s
   614   458    2.18708   21  421    4.00000    2.08424  47.9%  88.2   15s
   633   473    2.43750   12  179    4.00000    2.10266  47.4%   156   20s
   763   486    2.50000   22   98    4.00000    2.43347  39.2%   186   25s
   919   464    2.80000   17  106    4.00000    2.50000  37.5%   190   30s
  1041   445     cutoff   28         4.00000    2.54291  36.4%   197   35s
  1207   398    3.00000   30  153    4.00000    2.63158  34.2%   200   40s
  1382   358    2.82518   38  152    4.00000    2.71429  32.1%   198   45s
  1565   239    3.00000   33  109    4.00000    3.00000  25.0%   201   50s
  1746   150     cutoff   40         4.00000    3.00000  25.0%   202   55s

Cutting planes:
  Cover: 20
  Implied bound: 5
  MIR: 26
  StrongCG: 4
  Flow cover: 44
  GUB cover: 53
  Zero half: 17
  RLT: 20
  Relax-and-lift: 8

Explored 1882 nodes (400576 simplex iterations) in 58.15 seconds (72.31 work units)
Thread count was 1 (of 16 available processors)

Solution count 6: 4 5 6 ... 25

Optimal solution found (tolerance 1.00e-04)
Best objective 4.000000000000e+00, best bound 4.000000000000e+00, gap 0.0000%

User-callback calls 19090, time in user-callback 0.02 sec

 sepatime0 0 0
4.0Stat(MathOptInterface.OPTIMAL, 4.0, 4.0, 0.0, 0.0, 1.317271, 58.14920210838318, 1882, Main.CFLG.LEFP, "", #undef)
