Data path: /scratch/opt/lxu/CFLG/benchmarks/Kgroup_B
Instance: K400.red
Result path: /scratch/opt/lxu/CFLG/results/Kgroup_B
Solver: Gurobi
Time limit: 7200
Formulation: LEFPV
Cover: Large
julia --project=. src/main.jl /scratch/opt/lxu/CFLG/benchmarks/Kgroup_B K400.red /scratch/opt/lxu/CFLG/results/Kgroup_B Gurobi 7200 LEFPV Large
The latest version of Julia in the `release` channel is 1.11.5+0.x64.linux.gnu. You currently have `1.11.4+0.x64.linux.gnu` installed. Run:

  juliaup update

in your terminal shell to install Julia 1.11.5+0.x64.linux.gnu and update the `release` channel to that version.
/scratch/opt/lxu/CFLG/benchmarks/Kgroup_B Gurobi 7200.0 /scratch/opt/lxu/CFLG/results/Kgroup_B K400.red LEFPV Large
/scratch/opt/lxu/CFLG/benchmarks/Kgroup_B/K400.red

 read graph
data loaded


after absorb:231 231

max_piece:4
problem_graph/original graph: node: 284/231 edge: 967/914 dlt: 0.4014452965953385 break_avg_len: 0.18972130356160213 break_max_len: 1.0Set parameter TokenServer to value "solice01.zib.de"
Set parameter Threads to value 1
Set parameter OutputFlag to value 1
Gurobi Optimizer version 12.0.1 build v12.0.1rc0 (linux64 - "Debian GNU/Linux 12 (bookworm)")

CPU model: Intel(R) Xeon(R) Gold 5222 CPU @ 3.80GHz, instruction set [SSE2|AVX|AVX2|AVX512]
Thread count: 8 physical cores, 16 logical processors, using up to 1 threads

Non-default parameters:
Threads  1

Optimize a model with 1251 rows, 2901 columns and 4835 nonzeros
Model fingerprint: 0x16499e05
Coefficient statistics:
  Matrix range     [1e+00, 1e+00]
  Objective range  [1e+00, 1e+00]
  Bounds range     [1e+00, 1e+00]
  RHS range        [0e+00, 0e+00]
Presolve removed 1251 rows and 2901 columns
Presolve time: 0.00s
Presolve: All rows and columns removed
Iteration    Objective       Primal Inf.    Dual Inf.      Time
       0   -0.0000000e+00   0.000000e+00   0.000000e+00      0s

Solved in 0 iterations and 0.00 seconds (0.00 work units)
Optimal objective -0.000000000e+00

User-callback calls 36, time in user-callback 0.00 sec
elapsed CPU time: 1.014457 seconds
Set parameter TokenServer to value "solice01.zib.de"
Set parameter Threads to value 1
Set parameter OutputFlag to value 1
Set parameter MIPGap to value 0.0001
Set parameter MIPGapAbs to value 0.999998
Set parameter TimeLimit to value 7198.985543

 more cuts:falsefalse
0 0
formulation:LEFPV6 961 275
Set parameter PreCrush to value 1

 model loaded

Gurobi Optimizer version 12.0.1 build v12.0.1rc0 (linux64 - "Debian GNU/Linux 12 (bookworm)")

CPU model: Intel(R) Xeon(R) Gold 5222 CPU @ 3.80GHz, instruction set [SSE2|AVX|AVX2|AVX512]
Thread count: 8 physical cores, 16 logical processors, using up to 1 threads

Non-default parameters:
TimeLimit  7198.985543
MIPGapAbs  0.999998
PreCrush  1
Threads  1

Optimize a model with 72563 rows, 36735 columns and 215065 nonzeros
Model fingerprint: 0x3d8e66dd
Variable types: 2218 continuous, 34517 integer (34517 binary)
Coefficient statistics:
  Matrix range     [1e-06, 1e+00]
  Objective range  [1e+00, 1e+00]
  Bounds range     [5e-03, 1e+00]
  RHS range        [6e-04, 1e+01]
Presolve removed 15191 rows and 1941 columns
Presolve time: 0.69s
Presolved: 57372 rows, 34794 columns, 193749 nonzeros
Variable types: 1257 continuous, 33537 integer (33537 binary)
Found heuristic solution: objective 964.0000000
Found heuristic solution: objective 473.0000000

Root relaxation: objective 1.162414e+01, 23519 iterations, 3.34 seconds (5.58 work units)
Total elapsed time = 8.38s (DegenMoves)

    Nodes    |    Current Node    |     Objective Bounds      |     Work
 Expl Unexpl |  Obj  Depth IntInf | Incumbent    BestBd   Gap | It/Node Time

     0     0   11.62414    0 1707  473.00000   11.62414  97.5%     -    8s
H    0     0                     364.0000000   11.62414  96.8%     -    8s
H    0     0                     128.0000000   11.62414  90.9%     -    8s
H    0     0                     120.0000000   11.62414  90.3%     -    9s
     0     0   13.97865    0 1688  120.00000   13.97865  88.4%     -   14s
H    0     0                     100.0000000   14.02770  86.0%     -   14s
H    0     0                      99.0000000   14.02770  85.8%     -   14s
H    0     0                      98.0000000   14.02770  85.7%     -   14s
H    0     0                      97.0000000   14.02770  85.5%     -   14s
H    0     0                      96.0000000   14.02770  85.4%     -   14s
H    0     0                      95.0000000   14.02770  85.2%     -   14s
H    0     0                      94.0000000   14.02770  85.1%     -   15s
H    0     0                      93.0000000   14.02770  84.9%     -   15s
H    0     0                      92.0000000   14.02770  84.8%     -   15s
H    0     0                      86.0000000   14.02770  83.7%     -   15s
H    0     0                      85.0000000   14.02770  83.5%     -   15s
H    0     0                      83.0000000   14.02770  83.1%     -   15s
H    0     0                      79.0000000   14.02770  82.2%     -   15s
H    0     0                      71.0000000   14.02770  80.2%     -   15s
H    0     0                      70.0000000   14.02770  80.0%     -   15s
H    0     0                      69.0000000   14.02770  79.7%     -   15s
     0     0   15.62634    0 2173   69.00000   15.62634  77.4%     -   20s
     0     0   17.05088    0 2147   69.00000   17.05088  75.3%     -   24s
     0     0   17.45288    0 2212   69.00000   17.45288  74.7%     -   26s
     0     0   17.45767    0 2249   69.00000   17.45767  74.7%     -   26s
     0     0   17.45793    0 2258   69.00000   17.45793  74.7%     -   26s
     0     0   18.36497    0 2286   69.00000   18.36497  73.4%     -   30s
H    0     0                      68.0000000   18.38947  73.0%     -   31s
H    0     0                      67.0000000   18.38947  72.6%     -   31s
H    0     0                      65.0000000   18.38947  71.7%     -   31s
     0     0   19.95011    0 2281   65.00000   19.95011  69.3%     -   34s
     0     0   20.15487    0 2447   65.00000   20.15487  69.0%     -   35s
     0     0   20.25196    0 2511   65.00000   20.25196  68.8%     -   35s
     0     0   20.26326    0 2480   65.00000   20.26326  68.8%     -   36s
     0     0   20.26360    0 2502   65.00000   20.26360  68.8%     -   36s
     0     0   24.05710    0 2217   65.00000   24.05710  63.0%     -   40s
H    0     0                      60.0000000   24.06330  59.9%     -   42s
     0     0   24.25936    0 2018   60.00000   24.25936  59.6%     -   43s
     0     0   24.50340    0 2185   60.00000   24.50340  59.2%     -   44s
     0     0   24.53495    0 2245   60.00000   24.53495  59.1%     -   45s
     0     0   24.54598    0 2416   60.00000   24.54598  59.1%     -   45s
     0     0   24.54673    0 2376   60.00000   24.54673  59.1%     -   45s
     0     0   25.41687    0 2088   60.00000   25.41687  57.6%     -   48s
     0     0   25.48018    0 2247   60.00000   25.48018  57.5%     -   48s
     0     0   25.53917    0 2184   60.00000   25.53917  57.4%     -   49s
     0     0   25.54747    0 2203   60.00000   25.54747  57.4%     -   50s
     0     0   25.54845    0 2320   60.00000   25.54845  57.4%     -   50s
     0     0   25.56532    0 2336   60.00000   25.56532  57.4%     -   51s
H    0     0                      59.0000000   25.56532  56.7%     -   51s
H    0     0                      58.0000000   25.56532  55.9%     -   51s
     0     0   25.56690    0 2373   58.00000   25.56690  55.9%     -   52s
     0     0   25.59258    0 2194   58.00000   25.59258  55.9%     -   54s
H    0     0                      57.0000000   25.59340  55.1%     -   54s
H    0     0                      56.0000000   25.59340  54.3%     -   54s
H    0     0                      55.0000000   25.59340  53.5%     -   54s
     0     0   25.59374    0 2226   55.00000   25.59374  53.5%     -   55s
     0     0   25.59625    0 2180   55.00000   25.59625  53.5%     -   55s
     0     0   25.62959    0 1684   55.00000   25.62959  53.4%     -   60s
H    0     0                      54.0000000   25.62959  52.5%     -   63s
H    0     0                      51.0000000   25.62959  49.7%     -   65s
H    0     0                      49.0000000   25.62959  47.7%     -   66s
H    0     0                      48.0000000   25.62959  46.6%     -   66s
H    0     0                      47.0000000   25.62959  45.5%     -   67s
     0     2   25.62995    0 1601   47.00000   25.62995  45.5%     -   86s
    11    13   26.15835    7 1428   47.00000   25.91569  44.9%  2577   90s
    26    28   26.27299   18 1407   47.00000   25.91569  44.9%  1440   98s
    41    43   26.54594   31 1406   47.00000   25.91569  44.9%  1045  100s
    96    98   27.21396   78 1165   47.00000   25.91569  44.9%   588  105s
   175   177   28.21501  144  984   47.00000   25.91569  44.9%   414  110s
   267   267   30.14797  223  717   47.00000   25.91569  44.9%   330  115s
   363   363   31.60384  307  682   47.00000   25.91569  44.9%   300  120s
   502   498   34.19101  431  526   47.00000   25.91569  44.9%   247  125s
   675   664   41.26695  573  404   47.00000   25.91569  44.9%   201  130s
   835   795   29.95567  176 1684   47.00000   25.92138  44.8%   172  159s
   837   796   26.39623   25 1893   47.00000   25.92138  44.8%   172  179s
   838   797   35.00000  460 1442   47.00000   25.92138  44.8%   172  194s
   839   798   31.94242  250 1652   47.00000   25.92138  44.8%   172  198s
   840   798   30.93379  254 1840   47.00000   25.92138  44.8%   171  201s
   842   800   37.51688  527 1725   47.00000   25.92138  44.8%   171  207s
   845   802   35.00517  463 1925   47.00000   25.92138  44.8%   170  211s
   849   804   34.50000  408 2291   47.00000   25.92138  44.8%   170  215s
   856   809   27.16691   72 2314   47.00000   25.92138  44.8%   168  222s
   857   810   32.11045  307 1993   47.00000   25.98285  44.7%   168  234s
   858   810   44.00000  626 2091   47.00000   26.00780  44.7%   168  236s
   860   812   45.00000  666 1921   47.00000   26.08409  44.5%   167  253s
   862   813   33.77449  378 2217   47.00000   26.10506  44.5%   167  258s
   863   814   33.83911  404 1985   47.00000   26.19164  44.3%   167  270s
   867   816   31.42200  293 2233   47.00000   26.23956  44.2%   166  277s
   868   817   38.51695  552 2106   47.00000   26.27350  44.1%   166  288s
   870   818   34.62734  429 2451   47.00000   26.28203  44.1%   166  290s
H  871   777                      46.0000000   26.32317  42.8%   165  316s
   872   778   34.12734  420 1999   46.00000   26.32317  42.8%   165  328s
   873   778   34.21097  427 2105   46.00000   26.32341  42.8%   165  331s
   874   779   31.21907  231 2159   46.00000   26.32752  42.8%   165  339s
   875   780   27.02720   54 2200   46.00000   26.32752  42.8%   165  342s
   876   780   26.99011   47 2254   46.00000   26.33163  42.8%   164  348s
   877   781   35.00000  452 2357   46.00000   26.33265  42.8%   164  351s
   878   782   28.93892  149 2077   46.00000   26.35355  42.7%   164  359s
   879   782   33.75000  390 2159   46.00000   26.35433  42.7%   164  361s
   880   783   41.26695  574 2035   46.00000   26.35484  42.7%   164  367s
   881   784   45.29006  660 2078   46.00000   26.35484  42.7%   163  370s
   882   784   29.80793  184 2034   46.00000   26.35629  42.7%   163  379s
   883   785   35.00000  455 2160   46.00000   26.35629  42.7%   163  382s
   884   786   46.00000  690 2130   46.00000   26.35629  42.7%   163  388s
   885   786   37.56166  531 2207   46.00000   26.35629  42.7%   163  391s
   886   787   33.75000  392 2124   46.00000   26.35730  42.7%   163  399s
   887   788   31.80875  323 2280   46.00000   26.35753  42.7%   162  402s
   888   788   40.52584  588 2023   46.00000   26.36643  42.7%   162  408s
   889   789   26.36699    8 2023   46.00000   26.36699  42.7%   162  414s
   890   790   34.50000  406 2023   46.00000   26.36723  42.7%   162  441s
   891   792   26.44901   13 1961   46.00000   26.44901  42.5%  1011  451s
   896   796   26.69916   15 2049   46.00000   26.66778  42.0%  1016  455s
   899   798   26.77978   17 2168   46.00000   26.66778  42.0%  1023  460s
   903   800   27.16801   19 1814   46.00000   26.66778  42.0%  1041  466s
   907   803   26.88855   21 2088   46.00000   26.66778  42.0%  1046  470s
   911   806   26.89761   23 2026   46.00000   26.66778  42.0%  1057  475s
   914   808   27.42792   24 2057   46.00000   26.66778  42.0%  1074  481s
   917   810   26.95041   26 1902   46.00000   26.66778  42.0%  1077  486s
   920   812   27.15020   27 1934   46.00000   26.66778  42.0%  1085  490s
   925   815   27.05278   30 1871   46.00000   26.66778  42.0%  1091  495s
   930   818   27.68451   32 1602   46.00000   26.66778  42.0%  1101  500s
   936   822   27.24663   35 1819   46.00000   26.66778  42.0%  1112  505s
   940   825   27.34246   37 1406   46.00000   26.66778  42.0%  1119  512s
   944   828   27.32763   39 1528   46.00000   26.66778  42.0%  1128  516s
   952   833   27.84557   43 1490   46.00000   26.66778  42.0%  1134  520s
   960   838   28.14482   47 1432   46.00000   26.66778  42.0%  1139  525s
   968   844   28.14340   51 1428   46.00000   26.66778  42.0%  1149  530s
   974   848   28.10754   54 1393   46.00000   26.66778  42.0%  1149  535s
   988   857   27.90185   61 1262   46.00000   26.66778  42.0%  1145  540s
   998   864   28.45522   66 1162   46.00000   26.66778  42.0%  1149  545s
  1007   870   28.08939   71 1347   46.00000   26.66778  42.0%  1157  550s
  1016   876   28.46913   75 1314   46.00000   26.66778  42.0%  1164  555s
H 1025   840                      45.0000000   26.66778  40.7%  1164  558s
  1032   846   29.25038   83 1215   45.00000   26.66778  40.7%  1163  560s
  1046   856   29.68260   90 1060   45.00000   26.66778  40.7%  1161  565s
  1058   864   29.42724   96 1050   45.00000   26.66778  40.7%  1163  570s
  1069   869   29.41634  102 1087   45.00000   26.66778  40.7%  1168  575s
  1076   874   29.76283  105 1163   45.00000   26.66778  40.7%  1174  580s
  1083   878   29.59266  109  911   45.00000   26.66778  40.7%  1174  585s
  1094   886   30.30002  114  876   45.00000   26.66778  40.7%  1192  590s
  1106   894   30.26978  120  865   45.00000   26.66778  40.7%  1208  598s
  1109   896   30.14266  122  830   45.00000   26.66778  40.7%  1216  600s
  1121   904   30.16072  128  937   45.00000   26.66778  40.7%  1222  605s
  1130   910   30.26714  132  823   45.00000   26.66778  40.7%  1229  610s
  1146   920   30.73408  140  699   45.00000   26.66778  40.7%  1225  615s
  1163   932   30.29485  149  624   45.00000   26.66778  40.7%  1224  620s
  1187   948   30.35323  161  683   45.00000   26.66778  40.7%  1211  627s
  1198   955   31.00000  166  632   45.00000   26.66778  40.7%  1209  630s
  1214   966   31.10352  174  705   45.00000   26.66778  40.7%  1201  635s
  1237   981   31.14429  186  712   45.00000   26.66778  40.7%  1191  640s
  1265  1000   31.33849  200  727   45.00000   26.66778  40.7%  1175  645s
  1294  1019   33.13843  214  551   45.00000   26.66778  40.7%  1160  650s
  1320  1036   33.83008  227  701   45.00000   26.66778  40.7%  1144  655s
  1338  1048   34.14118  236  526   45.00000   26.66778  40.7%  1132  660s
  1350  1056   34.14118  242  540   45.00000   26.66778  40.7%  1125  679s
  1354  1059   34.14118  244  540   45.00000   26.66778  40.7%  1123  680s
  1376  1074   34.16667  255  530   45.00000   26.66778  40.7%  1114  686s
  1406  1094   33.83334  270  532   45.00000   26.66778  40.7%  1098  690s
  1420  1103   34.50000  277  538   45.00000   26.66778  40.7%  1098  695s
  1440  1116   34.57648  287  632   45.00000   26.66778  40.7%  1090  700s
  1462  1131   34.50000  298  500   45.00000   26.66778  40.7%  1082  705s
  1484  1146   34.50000  309  515   45.00000   26.66778  40.7%  1074  711s
  1511  1164   34.00000  323  524   45.00000   26.66778  40.7%  1062  715s
  1538  1182   34.50000  336  486   45.00000   26.66778  40.7%  1052  723s
  1553  1192   34.00000  344  523   45.00000   26.66778  40.7%  1045  725s
  1576  1207   34.50000  355  465   45.00000   26.66778  40.7%  1035  730s
  1603  1225   34.50000  369  521   45.00000   26.66778  40.7%  1024  735s
  1619  1236   34.51189  377  581   45.00000   26.66778  40.7%  1018  740s
  1646  1254   35.52126  390  527   45.00000   26.66778  40.7%  1006  745s
  1677  1274   34.79382  406  623   45.00000   26.66778  40.7%   995  750s
  1716  1300   36.00000  425  513   45.00000   26.66778  40.7%   979  755s
  1738  1315   36.25663  436  557   45.00000   26.66778  40.7%   968  760s
  1769  1336   37.00000  452  428   45.00000   26.66778  40.7%   956  765s
  1808  1362   38.00000  471  383   45.00000   26.66778  40.7%   940  770s
  1836  1380   38.15776  485  417   45.00000   26.66778  40.7%   928  775s
  1886  1414   39.21884  510  339   45.00000   26.66778  40.7%   909  780s
  1925  1440   39.74224  530  375   45.00000   26.66778  40.7%   896  788s
  1947  1454   39.84289  541  359   45.00000   26.66778  40.7%   887  790s
  2000  1490   42.00000  567  308   45.00000   26.66778  40.7%   868  795s
  2073  1534   41.72588  604  295   45.00000   26.66778  40.7%   840  800s
  2149  1553   26.74447   14 2041   45.00000   26.66778  40.7%   814  810s
  2150  1554   27.37036   15 2185   45.00000   26.66778  40.7%   818  815s
  2153  1556   27.39174   16 2172   45.00000   26.66778  40.7%   822  820s
  2154  1556   27.12240   17 2016   45.00000   26.66778  40.7%   824  826s
  2158  1559   26.96839   19 2308   45.00000   26.66778  40.7%   826  830s
  2164  1563   27.05656   22 2107   45.00000   26.66778  40.7%   828  835s
  2170  1567   27.20030   25 2020   45.00000   26.66778  40.7%   831  840s
  2179  1573   27.97632   29 2113   45.00000   26.66778  40.7%   831  845s
  2185  1577   27.53712   32 1813   45.00000   26.66778  40.7%   834  853s
  2187  1578   27.70526   33 2060   45.00000   26.66778  40.7%   836  857s
  2191  1581   27.44535   35 1967   45.00000   26.66778  40.7%   838  861s
  2196  1584   27.34010   38 2077   45.00000   26.66778  40.7%   840  865s
  2202  1588   27.40582   41 1921   45.00000   26.66778  40.7%   842  870s
  2211  1594   27.80055   45 1847   45.00000   26.66778  40.7%   844  875s
  2218  1599   27.58479   49 1798   45.00000   26.66778  40.7%   846  880s
  2225  1604   27.66489   52 1578   45.00000   26.66778  40.7%   849  885s
  2233  1609   28.02874   56 1713   45.00000   26.66778  40.7%   851  890s
  2240  1614   28.12867   60 1622   45.00000   26.66778  40.7%   853  895s
  2249  1620   28.57108   64 1536   45.00000   26.66778  40.7%   857  900s
  2255  1624   29.29393   67 1672   45.00000   26.66778  40.7%   860  905s
  2263  1629   28.81849   71 1521   45.00000   26.66778  40.7%   863  910s
  2271  1634   28.63342   75 1454   45.00000   26.66778  40.7%   865  915s
  2278  1639   28.91502   79 1444   45.00000   26.66778  40.7%   869  920s
  2285  1644   28.95072   82 1325   45.00000   26.66778  40.7%   873  925s
  2293  1649   29.48260   86 1374   45.00000   26.66778  40.7%   880  932s
  2295  1650   29.34677   87 1281   45.00000   26.66778  40.7%   882  935s
  2303  1656   29.63067   91 1211   45.00000   26.66778  40.7%   886  940s
  2307  1658   29.40595   93 1207   45.00000   26.66778  40.7%   891  945s
  2313  1662   29.65213   96 1205   45.00000   26.66778  40.7%   895  950s
  2320  1667   29.13491  100 1240   45.00000   26.66778  40.7%   899  957s
  2324  1670   29.13958  102 1240   45.00000   26.66778  40.7%   901  960s
  2333  1676   29.99604  106 1314   45.00000   26.66778  40.7%   905  966s
  2339  1680   29.75030  109 1302   45.00000   26.66778  40.7%   909  970s
  2347  1685   30.19926  113 1264   45.00000   26.66778  40.7%   913  975s
  2354  1690   30.04962  117 1123   45.00000   26.66778  40.7%   916  980s
  2374  1703   31.06653  127 1006   45.00000   26.66778  40.7%   914  985s
  2384  1710   31.16667  132  880   45.00000   26.66778  40.7%   917  990s
  2397  1718   31.73796  138  857   45.00000   26.66778  40.7%   921  995s
  2407  1725   31.84259  143  846   45.00000   26.66778  40.7%   924 1000s
  2425  1737   31.89698  152  655   45.00000   26.66778  40.7%   924 1005s
  2432  1742   31.39698  156  760   45.00000   26.66778  40.7%   924 1010s
  2455  1757   31.59681  167  678   45.00000   26.66778  40.7%   922 1015s
  2483  1776   31.61741  181  859   45.00000   26.66778  40.7%   915 1020s
  2509  1793   32.19048  194  638   45.00000   26.66778  40.7%   911 1025s
  2531  1808   32.57711  205  744   45.00000   26.66778  40.7%   909 1030s
H 2536  1761                      44.0000000   26.66778  39.4%   908 1033s
  2539  1765   32.87144  209  728   44.00000   26.66778  39.4%   907 1035s
  2549  1772   32.79847  214  726   44.00000   26.66778  39.4%   907 1067s
  2560  1779   32.34316  220  850   44.00000   26.66778  39.4%   906 1070s
  2584  1795   32.75583  232  739   44.00000   26.66778  39.4%   902 1075s
  2595  1802   33.46900  237  906   44.00000   26.66778  39.4%   901 1080s
  2617  1817   33.80062  248  795   44.00000   26.66778  39.4%   899 1085s
  2638  1831   33.75071  259  766   44.00000   26.66778  39.4%   895 1090s
  2648  1838   33.77524  264  771   44.00000   26.66778  39.4%   893 1095s
  2671  1853   34.54656  275  721   44.00000   26.66778  39.4%   889 1101s
  2689  1865   34.78416  284  799   44.00000   26.66778  39.4%   886 1105s
  2711  1880   34.85365  295  801   44.00000   26.66778  39.4%   883 1110s
  2727  1890   35.58818  303  763   44.00000   26.66778  39.4%   883 1115s
  2752  1907   33.99027  316  824   44.00000   26.66778  39.4%   877 1120s
  2773  1921   34.50254  326  820   44.00000   26.66778  39.4%   874 1125s
  2779  1925   34.65228  329  763   44.00000   26.66778  39.4%   872 1130s
  2799  1938   35.28295  339  688   44.00000   26.66778  39.4%   871 1135s
  2810  1946   34.58948  345  730   44.00000   26.66778  39.4%   869 1140s
  2841  1966   35.18980  360  625   44.00000   26.66778  39.4%   863 1145s
  2860  1979   34.59730  370  788   44.00000   26.66778  39.4%   860 1151s
  2873  1988   35.24360  376  677   44.00000   26.66778  39.4%   860 1155s
  2897  2004   35.38227  388  568   44.00000   26.66778  39.4%   858 1160s
  2921  2020   35.43026  400  639   44.00000   26.66778  39.4%   854 1165s
  2947  2037   35.23901  413  601   44.00000   26.66778  39.4%   849 1170s
  2958  2044   34.68330  419  623   44.00000   26.66778  39.4%   847 1182s
  2970  2052   34.69724  425  598   44.00000   26.66778  39.4%   846 1185s
  2994  2068   35.85451  437  542   44.00000   26.66778  39.4%   842 1193s
  3007  2077   36.90319  443  547   44.00000   26.66778  39.4%   839 1195s
  3039  2104   37.30556  459  595   44.00000   26.66778  39.4%   833 1200s
  3078  2143   38.99352  479  470   44.00000   26.66778  39.4%   826 1205s
  3111  2176   39.19238  495  393   44.00000   26.66778  39.4%   822 1210s
  3166  2231   40.07480  523  361   44.00000   26.66778  39.4%   811 1215s
  3224  2289   40.55433  552  369   44.00000   26.66778  39.4%   799 1220s
  3289  2354   41.16251  584  316   44.00000   26.66778  39.4%   786 1225s
  3350  2389   42.63991  605  312   44.00000   26.66778  39.4%   775 1230s
  3359  2385   26.76540   14 2166   44.00000   26.69916  39.3%   775 1242s
  3361  2387   27.29635   15 2255   44.00000   26.69916  39.3%   777 1247s
  3364  2390   27.43918   17 2054   44.00000   26.69916  39.3%   778 1250s
  3371  2397   27.91733   20 1906   44.00000   26.69916  39.3%   779 1255s
  3378  2404   28.08060   24 1790   44.00000   26.69916  39.3%   780 1260s
  3384  2410   28.05549   27 1959   44.00000   26.69916  39.3%   782 1266s
  3389  2415   28.54334   29 1821   44.00000   26.69916  39.3%   783 1270s
  3397  2423   28.56581   33 1821   44.00000   26.69916  39.3%   784 1275s
  3403  2429   28.65472   36 1981   44.00000   26.69916  39.3%   786 1280s
  3412  2438   28.53329   41 1750   44.00000   26.69916  39.3%   786 1285s
  3426  2452   28.87504   48 1764   44.00000   26.69916  39.3%   785 1290s
  3427  2453   29.19721   48 1699   44.00000   26.69916  39.3%   785 1295s
  3434  2460   28.94431   52 1754   44.00000   26.69916  39.3%   786 1300s
  3441  2467   29.54370   55 1470   44.00000   26.69916  39.3%   788 1305s
  3449  2475   29.42547   59 1675   44.00000   26.69916  39.3%   789 1310s
  3455  2481   29.84848   62 1566   44.00000   26.69916  39.3%   791 1315s
  3461  2487   30.10246   65 1495   44.00000   26.69916  39.3%   792 1320s
  3471  2497   29.80335   70 1487   44.00000   26.69916  39.3%   793 1326s
  3480  2506   29.46728   75 1669   44.00000   26.69916  39.3%   793 1330s
  3487  2513   29.70318   78 1590   44.00000   26.69916  39.3%   794 1335s
  3496  2522   29.70263   83 1381   44.00000   26.69916  39.3%   796 1340s
  3499  2525   30.59631   84 1379   44.00000   26.69916  39.3%   796 1345s
  3507  2533   30.16254   88 1491   44.00000   26.69916  39.3%   798 1350s
  3515  2541   30.03997   92 1558   44.00000   26.69916  39.3%   800 1355s
  3523  2549   30.30485   96 1444   44.00000   26.69916  39.3%   802 1360s
  3527  2553   30.33089   98 1371   44.00000   26.69916  39.3%   803 1366s
  3532  2558   30.44584  101 1355   44.00000   26.69916  39.3%   805 1370s
  3537  2563   30.64524  103 1304   44.00000   26.69916  39.3%   809 1376s
  3544  2570   30.38703  107 1390   44.00000   26.69916  39.3%   812 1380s
  3551  2577   30.80135  110 1289   44.00000   26.69916  39.3%   814 1385s
  3558  2584   30.50755  114  991   44.00000   26.69916  39.3%   816 1390s
  3567  2593   30.82753  118 1276   44.00000   26.69916  39.3%   819 1395s
  3576  2602   30.69097  123 1470   44.00000   26.69916  39.3%   822 1400s
  3581  2607   30.77931  125 1314   44.00000   26.69916  39.3%   826 1405s
  3594  2620   31.11665  132 1169   44.00000   26.69916  39.3%   827 1410s
  3606  2632   31.11725  138 1152   44.00000   26.69916  39.3%   828 1417s
  3613  2639   31.73177  141 1227   44.00000   26.69916  39.3%   829 1420s
  3629  2655   31.74035  149 1104   44.00000   26.69916  39.3%   830 1425s
  3637  2663   32.16798  153 1203   44.00000   26.69916  39.3%   830 1430s
  3650  2676   31.58664  160 1088   44.00000   26.69916  39.3%   831 1435s
  3659  2685   31.84673  164 1085   44.00000   26.69916  39.3%   835 1440s
  3670  2696   31.88235  170 1238   44.00000   26.69916  39.3%   836 1445s
  3687  2713   32.66448  178 1092   44.00000   26.69916  39.3%   837 1452s
  3697  2723   32.79265  183 1121   44.00000   26.69916  39.3%   836 1455s
  3720  2746   32.41922  195 1015   44.00000   26.69916  39.3%   835 1460s
  3741  2767   32.78922  205 1114   44.00000   26.69916  39.3%   835 1465s
  3762  2788   32.76661  216  935   44.00000   26.69916  39.3%   833 1470s
  3769  2795   32.86818  219  888   44.00000   26.69916  39.3%   832 1475s
  3800  2826   32.91272  235  960   44.00000   26.69916  39.3%   829 1480s
  3824  2850   33.27217  247  998   44.00000   26.69916  39.3%   828 1485s
  3841  2865   33.90177  255  912   44.00000   26.69916  39.3%   828 1490s
  3869  2893   34.41250  269  843   44.00000   26.69916  39.3%   827 1495s
  3889  2913   33.90789  279  799   44.00000   26.69916  39.3%   825 1502s
  3911  2933   35.52421  290  816   44.00000   26.69916  39.3%   822 1505s
  3941  2963   36.22832  305  632   44.00000   26.69916  39.3%   819 1525s
  3969  2991   36.23523  319  642   44.00000   26.69916  39.3%   816 1530s
  3988  3010   36.27679  329  554   44.00000   26.69916  39.3%   813 1535s
  4022  3044   36.89204  346  583   44.00000   26.69916  39.3%   809 1540s
  4063  3085   39.51046  366  412   44.00000   26.69916  39.3%   803 1545s
  4110  3130   41.07204  390  303   44.00000   26.69916  39.3%   796 1550s
  4138  3130   26.79824   16 2570   44.00000   26.70089  39.3%   793 1556s
  4140  3132   26.80275   17 2423   44.00000   26.70089  39.3%   793 1560s
  4143  3135   27.71283   19 2023   44.00000   26.70089  39.3%   795 1565s
  4148  3140   27.74240   21 2108   44.00000   26.70089  39.3%   796 1570s
  4153  3145   28.42538   24 1846   44.00000   26.70089  39.3%   797 1575s
  4161  3153   28.66249   28 1768   44.00000   26.70089  39.3%   799 1581s
  4168  3160   29.39288   31 1376   44.00000   26.70089  39.3%   799 1585s
  4178  3170   29.28191   36 1586   44.00000   26.70089  39.3%   799 1590s
  4185  3177   29.12900   40 1560   44.00000   26.70089  39.3%   800 1595s
  4192  3184   29.55696   43 1382   44.00000   26.70089  39.3%   802 1600s
  4196  3188   29.68673   45 1541   44.00000   26.70089  39.3%   802 1605s
  4205  3197   29.80909   50 1552   44.00000   26.70089  39.3%   803 1610s
  4214  3206   30.18519   54 1167   44.00000   26.70089  39.3%   804 1615s
  4225  3217   30.03756   60 1417   44.00000   26.70089  39.3%   804 1620s
  4234  3226   30.39459   64 1203   44.00000   26.70089  39.3%   806 1625s
  4240  3232   30.45443   67 1343   44.00000   26.70089  39.3%   808 1630s
  4248  3240   30.27934   71 1331   44.00000   26.70089  39.3%   809 1635s
  4258  3250   30.52211   76 1129   44.00000   26.70089  39.3%   810 1640s
  4269  3261   30.73735   82 1156   44.00000   26.70089  39.3%   811 1645s
  4282  3274   31.47228   88  955   44.00000   26.70089  39.3%   812 1650s
  4298  3290   31.63434   96 1000   44.00000   26.70089  39.3%   813 1655s
  4304  3296   31.87898   99  911   44.00000   26.70089  39.3%   813 1660s
  4324  3316   32.66880  109  773   44.00000   26.70089  39.3%   813 1665s
  4350  3342   32.90109  122  749   44.00000   26.70089  39.3%   810 1670s
  4365  3357   32.90669  130  746   44.00000   26.70089  39.3%   810 1675s
  4383  3375   33.81109  139  769   44.00000   26.70089  39.3%   808 1682s
  4398  3390   34.11957  146  675   44.00000   26.70089  39.3%   807 1685s
  4415  3407   33.95851  155  743   44.00000   26.70089  39.3%   806 1690s
  4439  3431   34.08811  167  787   44.00000   26.70089  39.3%   805 1695s
  4450  3442   35.26075  172  714   44.00000   26.70089  39.3%   806 1700s
  4471  3463   35.35739  183  574   44.00000   26.70089  39.3%   804 1705s
  4496  3488   35.93420  195  566   44.00000   26.70089  39.3%   803 1710s
  4529  3521   35.38081  212  506   44.00000   26.70089  39.3%   799 1715s
  4564  3556   36.46488  229  426   44.00000   26.70089  39.3%   796 1720s
  4595  3587   36.15705  245  406   44.00000   26.70089  39.3%   792 1725s
  4649  3641   38.86604  272  297   44.00000   26.70089  39.3%   785 1730s
  4700  3692   40.10312  297  310   44.00000   26.70089  39.3%   779 1735s
  4736  3728   40.16381  315  284   44.00000   26.70089  39.3%   774 1746s
  4764  3752   41.33307  329  252   44.00000   26.70089  39.3%   771 1750s
  4827  3769   41.14230  361  261   44.00000   26.70089  39.3%   761 1757s
  4868  3774 infeasible  381        44.00000   26.70089  39.3%   756 1760s
  4949  3775   41.16667  422  296   44.00000   26.70089  39.3%   746 1765s
  5015  3777   41.48070  455  297   44.00000   26.70089  39.3%   737 1770s
  5087  3779   27.36291   16 2494   44.00000   26.71670  39.3%   731 1780s
  5092  3784   27.76775   19 2242   44.00000   26.71670  39.3%   732 1785s
  5093  3785   27.83173   19 2199   44.00000   26.71670  39.3%   732 1795s
  5097  3789   28.13865   21 2146   44.00000   26.71670  39.3%   734 1800s
  5101  3793   28.23947   23 1646   44.00000   26.71670  39.3%   735 1821s
  5105  3797   28.41985   25 1567   44.00000   26.71670  39.3%   736 1825s
  5113  3805   28.78903   29 1775   44.00000   26.71670  39.3%   737 1830s
  5121  3813   29.03842   33 1719   44.00000   26.71670  39.3%   738 1835s
  5129  3821   29.31514   37 1352   44.00000   26.71670  39.3%   739 1840s
  5141  3833   30.09866   43 1071   44.00000   26.71670  39.3%   739 1845s
  5152  3844   29.92351   49 1071   44.00000   26.71670  39.3%   740 1850s
  5159  3851   30.72775   52 1246   44.00000   26.71670  39.3%   743 1855s
  5170  3862   30.33549   58 1049   44.00000   26.71670  39.3%   744 1860s
  5184  3876   31.52811   65  829   44.00000   26.71670  39.3%   745 1865s
  5199  3891   31.90218   72  898   44.00000   26.71670  39.3%   746 1870s
  5211  3903   31.95774   78  838   44.00000   26.71670  39.3%   746 1875s
  5236  3928   31.92698   91  787   44.00000   26.71670  39.3%   745 1880s
  5263  3955   32.72198  104  760   44.00000   26.71670  39.3%   744 1885s
  5274  3966   32.68174  110  750   44.00000   26.71670  39.3%   745 1891s
  5297  3989   33.01777  121  704   44.00000   26.71670  39.3%   744 1895s
  5334  4026   33.75990  140  559   44.00000   26.71670  39.3%   741 1900s
  5379  4071   34.47955  162  559   44.00000   26.71670  39.3%   737 1905s
  5413  4105   36.03961  179  620   44.00000   26.71670  39.3%   734 1910s
  5459  4149   36.47350  202  502   44.00000   26.71670  39.3%   729 1915s
  5507  4197   37.32581  226  471   44.00000   26.71670  39.3%   724 1920s
  5548  4238   37.69697  247  479   44.00000   26.71670  39.3%   720 1925s
  5587  4277   39.00000  266  379   44.00000   26.71670  39.3%   717 1931s
  5622  4312   39.31272  284  453   44.00000   26.71670  39.3%   714 1935s
  5671  4361   40.51182  308  325   44.00000   26.71670  39.3%   710 1940s
  5736  4408   41.60725  341  313   44.00000   26.71670  39.3%   704 1945s
  5774  4408   27.34265   15 2428   44.00000   26.71670  39.3%   702 2056s
  5777  4411   27.41628   17 2353   44.00000   26.71670  39.3%   702 2060s
  5782  4416   27.88057   19 2193   44.00000   26.71670  39.3%   704 2066s
  5787  4421   28.10508   22 2056   44.00000   26.71670  39.3%   704 2070s
  5792  4426   28.17068   24 2012   44.00000   26.71670  39.3%   705 2075s
  5800  4434   28.94294   28 1910   44.00000   26.71670  39.3%   706 2080s
  5801  4435   28.26993   29 2122   44.00000   26.71670  39.3%   706 2085s
  5805  4439   28.54471   31 2000   44.00000   26.71670  39.3%   707 2090s
  5811  4445   29.04196   34 1549   44.00000   26.71670  39.3%   708 2095s
  5820  4454   29.33351   38 1592   44.00000   26.71670  39.3%   709 2101s
  5828  4462   29.78474   42 1243   44.00000   26.71670  39.3%   709 2107s
  5836  4470   30.06383   46 1216   44.00000   26.71670  39.3%   709 2110s
  5847  4481   30.14417   52 1442   44.00000   26.71670  39.3%   710 2115s
  5856  4490   30.51800   56 1317   44.00000   26.71670  39.3%   711 2124s
  5858  4492   30.77774   57 1375   44.00000   26.71670  39.3%   711 2125s
  5868  4502   30.46367   62 1144   44.00000   26.71670  39.3%   712 2130s
  5882  4516   30.59810   69 1157   44.00000   26.71670  39.3%   712 2135s
  5894  4528   31.90842   75 1091   44.00000   26.71670  39.3%   712 2140s
  5906  4540   32.26223   81 1270   44.00000   26.71670  39.3%   713 2145s
  5907  4541   31.55566   82 1184   44.00000   26.71670  39.3%   713 2178s
  5910  4544   31.97193   83 1109   44.00000   26.71670  39.3%   713 2181s
  5917  4551   31.75125   87 1169   44.00000   26.71670  39.3%   714 2185s
  5932  4566   32.62389   94 1101   44.00000   26.71670  39.3%   714 2190s
  5942  4576   32.06967   99  977   44.00000   26.71670  39.3%   715 2195s
  5956  4590   32.31755  106 1020   44.00000   26.71670  39.3%   716 2200s
  5964  4598   32.48331  110  999   44.00000   26.71670  39.3%   716 2205s
  5976  4610   32.56238  116  934   44.00000   26.71670  39.3%   717 2210s
  5983  4617   32.12523  120  978   44.00000   26.71670  39.3%   718 2215s
  5988  4622   32.41202  122  799   44.00000   26.71670  39.3%   719 2222s
  5992  4626   32.46808  124  913   44.00000   26.71670  39.3%   720 2225s
  6004  4638   32.40003  130 1076   44.00000   26.71670  39.3%   721 2230s
  6012  4646   32.41155  134 1147   44.00000   26.71670  39.3%   723 2237s
  6018  4652   32.59191  137  859   44.00000   26.71670  39.3%   723 2243s
  6022  4656   32.46578  139  910   44.00000   26.71670  39.3%   724 2245s
  6027  4661   32.69377  142  889   44.00000   26.71670  39.3%   725 2250s
  6044  4678   33.08311  150  945   44.00000   26.71670  39.3%   726 2255s
  6066  4700   33.86688  161  897   44.00000   26.71670  39.3%   725 2260s
  6086  4720   33.88193  171  759   44.00000   26.71670  39.3%   724 2265s
  6106  4740   33.66670  181  761   44.00000   26.71670  39.3%   723 2270s
  6128  4762   34.29823  192  697   44.00000   26.71670  39.3%   722 2275s
  6153  4787   34.83701  205  662   44.00000   26.71670  39.3%   721 2280s
  6183  4817   35.00127  220  551   44.00000   26.71670  39.3%   719 2285s
  6216  4850   36.86452  236  527   44.00000   26.71670  39.3%   717 2290s
  6255  4889   38.07054  256  459   44.00000   26.71670  39.3%   714 2295s
  6285  4919   38.19985  271  441   44.00000   26.71670  39.3%   712 2300s
  6338  4972   38.78334  297  442   44.00000   26.71670  39.3%   707 2305s
  6387  5021   40.33756  322  405   44.00000   26.71670  39.3%   704 2310s
  6441  5075   40.34284  349  370   44.00000   26.71670  39.3%   699 2315s
  6494  5126   40.78605  375  457   44.00000   26.71670  39.3%   695 2320s
  6536  5168   41.88795  396  359   44.00000   26.71670  39.3%   692 2325s
  6602  5206     cutoff  417        44.00000   26.71670  39.3%   686 2330s
  6605  5205   26.87860   15 2569   44.00000   26.77899  39.1%   687 2335s
  6606  5206   26.97988   16 2408   44.00000   26.77899  39.1%   687 2343s
  6608  5208   27.03029   17 2471   44.00000   26.77899  39.1%   688 2345s
  6611  5211   27.30550   18 2417   44.00000   26.77899  39.1%   688 2350s
  6614  5214   27.48842   20 2191   44.00000   26.77899  39.1%   689 2355s
  6619  5219   28.22476   22 1985   44.00000   26.77899  39.1%   690 2361s
  6624  5224   27.90362   25 2036   44.00000   26.77899  39.1%   691 2365s
  6633  5233   28.03017   29 1969   44.00000   26.77899  39.1%   691 2370s
  6639  5239   28.32517   32 1878   44.00000   26.77899  39.1%   692 2375s
  6647  5247   28.95099   36 1700   44.00000   26.77899  39.1%   693 2380s
  6655  5255   29.73221   40 1528   44.00000   26.77899  39.1%   694 2386s
  6659  5259   30.43322   42 1378   44.00000   26.77899  39.1%   694 2394s
  6660  5260   30.30940   43 1437   44.00000   26.77899  39.1%   694 2395s
  6667  5267   30.91475   46 1240   44.00000   26.77899  39.1%   695 2400s
  6677  5277   31.51536   51 1417   44.00000   26.77899  39.1%   696 2405s
  6683  5283   31.51681   54 1273   44.00000   26.77899  39.1%   698 2411s
  6688  5288   31.36895   57 1229   44.00000   26.77899  39.1%   699 2416s
  6693  5293   31.82310   59 1190   44.00000   26.77899  39.1%   701 2421s
  6698  5298   31.44363   62 1101   44.00000   26.77899  39.1%   702 2425s
  6703  5303   31.95354   64 1108   44.00000   26.77899  39.1%   703 2430s
  6707  5307   31.74079   66 1075   44.00000   26.77899  39.1%   704 2435s
  6718  5318   31.80399   72 1333   44.00000   26.77899  39.1%   706 2441s
  6724  5324   31.88376   75 1287   44.00000   26.77899  39.1%   707 2445s
  6732  5332   32.06417   79 1171   44.00000   26.77899  39.1%   708 2451s
  6738  5338   32.22622   82 1148   44.00000   26.77899  39.1%   708 2455s
  6749  5349   32.80016   87 1120   44.00000   26.77899  39.1%   709 2460s
  6759  5359   32.96006   92 1098   44.00000   26.77899  39.1%   710 2466s
  6765  5365   32.99971   95 1172   44.00000   26.77899  39.1%   711 2470s
  6771  5371   32.90535   98  963   44.00000   26.77899  39.1%   713 2475s
  6778  5378   32.99166  102  757   44.00000   26.77899  39.1%   715 2480s
  6792  5392   32.87799  109  720   44.00000   26.77899  39.1%   715 2485s
  6807  5407   33.52022  116  748   44.00000   26.77899  39.1%   716 2490s
  6815  5415   33.69084  120  764   44.00000   26.77899  39.1%   716 2495s
  6840  5438   34.89385  133  670   44.00000   26.77899  39.1%   715 2500s
  6866  5464   35.16912  146  602   44.00000   26.77899  39.1%   714 2505s
  6890  5488   35.36137  158  628   44.00000   26.77899  39.1%   714 2556s
  6903  5499   36.77797  164  414   44.00000   26.77899  39.1%   713 2560s
  6936  5532   36.18570  181  461   44.00000   26.77899  39.1%   712 2565s
  6966  5562   37.75744  196  350   44.00000   26.77899  39.1%   710 2570s
  6976  5572   38.14205  201  381   44.00000   26.77899  39.1%   709 2575s
  7002  5598   38.14740  214  379   44.00000   26.77899  39.1%   708 2582s
  7024  5620   38.64250  225  390   44.00000   26.77899  39.1%   706 2585s
  7077  5673   40.12185  251  340   44.00000   26.77899  39.1%   702 2590s
  7123  5719   40.12361  274  334   44.00000   26.77899  39.1%   699 2595s
  7170  5766   40.16036  298  394   44.00000   26.77899  39.1%   696 2600s
  7214  5810   39.96897  320  309   44.00000   26.77899  39.1%   693 2605s
  7272  5867   40.44605  349  256   44.00000   26.77899  39.1%   689 2610s
  7334  5923   40.65159  380  236   44.00000   26.77899  39.1%   684 2615s
  7385  5967   42.46190  405  232   44.00000   26.77899  39.1%   679 2622s
  7400  5964   26.90564   16 2573   44.00000   26.77928  39.1%   679 2627s
  7402  5966   26.93135   17 2489   44.00000   26.77928  39.1%   680 2631s
  7405  5969   27.29830   19 2166   44.00000   26.77928  39.1%   680 2635s
  7409  5973   27.32030   21 2235   44.00000   26.77928  39.1%   682 2640s
  7414  5978   27.63920   23 1663   44.00000   26.77928  39.1%   683 2645s
  7417  5981   27.45092   25 2075   44.00000   26.77928  39.1%   683 2654s
  7418  5982   27.45299   25 1890   44.00000   26.77928  39.1%   683 2655s
  7427  5991   28.60628   30 1532   44.00000   26.77928  39.1%   684 2660s
  7434  5998   29.30175   33 1331   44.00000   26.77928  39.1%   685 2665s
  7440  6004   30.13868   36 1158   44.00000   26.77928  39.1%   687 2670s
  7448  6012   29.94554   40 1199   44.00000   26.77928  39.1%   688 2675s
  7458  6022   31.28828   45  981   44.00000   26.77928  39.1%   689 2680s
  7479  6043   31.47027   56 1048   44.00000   26.77928  39.1%   688 2685s
  7500  6064   32.63240   66  938   44.00000   26.77928  39.1%   688 2690s
  7516  6080   32.81804   74  778   44.00000   26.77928  39.1%   689 2695s
  7535  6099   32.49834   84  876   44.00000   26.77928  39.1%   689 2700s
  7544  6108   33.04434   88  761   44.00000   26.77928  39.1%   689 2705s
  7559  6123   32.61127   96  882   44.00000   26.77928  39.1%   690 2710s
  7576  6140   33.28824  104  600   44.00000   26.77928  39.1%   691 2715s
  7602  6166   32.97916  117  598   44.00000   26.77928  39.1%   690 2720s
  7631  6195   33.26046  132  482   44.00000   26.77928  39.1%   689 2725s
  7667  6231   33.76046  150  530   44.00000   26.77928  39.1%   688 2730s
  7701  6265   34.32129  167  462   44.00000   26.77928  39.1%   686 2735s
  7733  6295   35.89595  183  455   44.00000   26.77928  39.1%   684 2740s
  7784  6346   38.07990  208  376   44.00000   26.77928  39.1%   681 2745s
  7841  6403   40.03948  237  307   44.00000   26.77928  39.1%   677 2750s
  7873  6420   41.53373  253  246   44.00000   26.77928  39.1%   675 2785s
  7914  6429     cutoff  273        44.00000   26.77928  39.1%   672 2790s
  7965  6434   41.80849  299  258   44.00000   26.77928  39.1%   668 2795s
  7993  6432     cutoff  307        44.00000   26.77928  39.1%   666 2800s
  7998  6435   27.10734   19 2222   44.00000   26.80276  39.1%   667 2805s
  8002  6439   27.71779   23 1931   44.00000   26.80276  39.1%   668 2810s
  8009  6446   27.73923   27 1845   44.00000   26.80276  39.1%   668 2815s
  8017  6454   29.07644   31 1728   44.00000   26.80276  39.1%   668 2822s
  8023  6460   29.48604   36 1571   44.00000   26.80276  39.1%   669 2825s
  8033  6470   29.78826   43 1472   44.00000   26.80276  39.1%   669 2830s
  8046  6483   30.69592   52 1303   44.00000   26.80276  39.1%   669 2835s
  8061  6498   30.51318   62 1369   44.00000   26.80276  39.1%   669 2840s
  8073  6504   31.36982   66 1277   44.00000   26.80276  39.1%   670 2845s
  8092  6523   31.61160   83 1286   44.00000   26.80276  39.1%   670 2850s
  8107  6538   32.41541   93 1231   44.00000   26.80276  39.1%   669 2855s
  8119  6550   32.50927  100 1013   44.00000   26.80276  39.1%   670 2860s
  8138  6569   32.87007  115  851   44.00000   26.80276  39.1%   670 2865s
  8153  6584   33.08063  121 1016   44.00000   26.80276  39.1%   670 2871s
  8171  6602   33.34455  138  952   44.00000   26.80276  39.1%   669 2875s
  8192  6623   33.93166  150 1024   44.00000   26.80276  39.1%   669 2883s
  8198  6629   34.22085  151  811   44.00000   26.80276  39.1%   669 2885s
  8229  6660   35.09825  163  652   44.00000   26.80276  39.1%   668 2890s
  8263  6694   35.67432  185  545   44.00000   26.80276  39.1%   667 2895s
  8298  6729   36.93037  196  496   44.00000   26.80276  39.1%   666 2900s
  8344  6775   37.21162  215  460   44.00000   26.80276  39.1%   663 2905s
  8393  6824   38.48724  241  357   44.00000   26.80276  39.1%   660 2910s
  8452  6883   38.98796  278  415   44.00000   26.80276  39.1%   656 2916s
  8513  6935   41.18782  307  337   44.00000   26.80276  39.1%   652 2920s
  8600  7016   41.68782  368  332   44.00000   26.80276  39.1%   646 2925s
  8662  7034   26.89082   18 2647   44.00000   26.80295  39.1%   643 2930s
  8667  7039   27.30421   22 2518   44.00000   26.80295  39.1%   643 2941s
  8672  7044   27.61494   26 1930   44.00000   26.80295  39.1%   643 2945s
  8678  7050   28.77205   30 1779   44.00000   26.80295  39.1%   644 2950s
  8685  7057   28.88975   33 1736   44.00000   26.80295  39.1%   644 2955s
  8696  7068   29.56383   42 1652   44.00000   26.80295  39.1%   644 2960s
  8705  7077   30.31910   46 1149   44.00000   26.80295  39.1%   645 2965s
  8711  7083   30.57673   48 1209   44.00000   26.80295  39.1%   646 2970s
  8728  7100   31.52927   55 1045   44.00000   26.80295  39.1%   646 2975s
  8744  7116   31.31317   68 1025   44.00000   26.80295  39.1%   646 2980s
  8757  7128   33.04591   77 1188   44.00000   26.80295  39.1%   647 2985s
  8770  7141   33.34831   86  963   44.00000   26.80295  39.1%   647 2990s
  8781  7152   33.65713   90  748   44.00000   26.80295  39.1%   648 2995s
  8817  7188   33.78838  113  727   44.00000   26.80295  39.1%   647 3000s
  8851  7222   34.46422  134  596   44.00000   26.80295  39.1%   646 3005s
  8895  7266   34.78678  171  718   44.00000   26.80295  39.1%   644 3010s
  8924  7295   34.87581  199  674   44.00000   26.80295  39.1%   642 3015s
  8978  7349   35.66479  230  671   44.00000   26.80295  39.1%   639 3020s
  9019  7390   38.57678  260  600   44.00000   26.80295  39.1%   638 3025s
  9028  7399   37.75055  268  583   44.00000   26.80295  39.1%   639 3030s
  9073  7444   39.14317  288  455   44.00000   26.80295  39.1%   637 3035s
  9125  7496   39.35099  331  397   44.00000   26.80295  39.1%   634 3040s
  9180  7551   40.88149  365  320   44.00000   26.80295  39.1%   630 3045s
  9216  7587   40.78774  372  354   44.00000   26.80295  39.1%   628 3050s
  9268  7615   27.41475   18 2531   44.00000   26.85435  39.0%   626 3059s
  9269  7616   27.97416   19 2268   44.00000   26.85435  39.0%   627 3062s
  9272  7619   27.49426   21 2340   44.00000   26.85435  39.0%   627 3072s
  9278  7625   28.03207   24 1947   44.00000   26.85435  39.0%   627 3076s
  9283  7630   28.65624   27 1754   44.00000   26.85435  39.0%   627 3080s
  9291  7638   29.17862   30 1700   44.00000   26.85435  39.0%   628 3085s
  9298  7645   29.27078   33 1803   44.00000   26.85435  39.0%   629 3090s
  9304  7651   30.19162   33 1520   44.00000   26.85435  39.0%   629 3095s
  9312  7659   30.63593   39 1530   44.00000   26.85435  39.0%   630 3100s
  9323  7670   30.87691   45 1463   44.00000   26.85435  39.0%   630 3105s
  9338  7685   31.56726   54 1343   44.00000   26.85435  39.0%   630 3110s
  9351  7698   32.53494   62 1165   44.00000   26.85435  39.0%   630 3115s
  9365  7712   32.19053   68  985   44.00000   26.85435  39.0%   630 3120s
  9373  7720   32.55123   71 1052   44.00000   26.85435  39.0%   631 3125s
  9385  7732   32.65942   76  842   44.00000   26.85435  39.0%   632 3130s
  9396  7743   33.52477   80  861   44.00000   26.85435  39.0%   632 3138s
  9397  7744   33.55145   80  821   44.00000   26.85435  39.0%   633 3140s
  9415  7762   34.00000   91  635   44.00000   26.85435  39.0%   633 3145s
  9435  7782   34.39677  103  664   44.00000   26.85435  39.0%   633 3150s
  9472  7819   35.13335  127  543   44.00000   26.85435  39.0%   632 3155s
  9509  7856   35.89402  146  512   44.00000   26.85435  39.0%   631 3160s
  9555  7902   36.28240  185  513   44.00000   26.85435  39.0%   630 3165s
  9618  7963   37.49541  219  393   44.00000   26.85435  39.0%   627 3170s
  9675  8019   39.02608  249  405   44.00000   26.85435  39.0%   624 3175s
  9722  8066   40.00125  270  298   44.00000   26.85435  39.0%   621 3180s
  9793  8117   27.51795   17 2252   44.00000   26.85517  39.0%   618 3201s
  9798  8122   27.70522   22 2163   44.00000   26.85517  39.0%   618 3205s
  9803  8127   28.15302   25 2077   44.00000   26.85517  39.0%   619 3210s
  9809  8133   28.81384   28 1893   44.00000   26.85517  39.0%   619 3215s
  9820  8144   29.05045   33 1809   44.00000   26.85517  39.0%   619 3220s
  9828  8152   29.32359   37 1612   44.00000   26.85517  39.0%   620 3231s
  9838  8162   29.98786   43 1477   44.00000   26.85517  39.0%   620 3235s
  9839  8163   29.69499   42 1598   44.00000   26.85517  39.0%   620 3277s
  9844  8168   30.22247   46 1375   44.00000   26.85517  39.0%   620 3280s
  9848  8172   30.47458   49 1438   44.00000   26.85517  39.0%   621 3285s
  9860  8184   30.82703   57 1217   44.00000   26.85517  39.0%   620 3290s
  9876  8200   31.02992   67 1200   44.00000   26.85517  39.0%   620 3295s
  9882  8206   31.22243   71 1017   44.00000   26.85517  39.0%   621 3300s
  9896  8220   31.39677   80 1004   44.00000   26.85517  39.0%   622 3305s
  9909  8233   31.54610   92 1050   44.00000   26.85517  39.0%   622 3310s
  9919  8243   31.70415   98 1046   44.00000   26.85517  39.0%   622 3315s
  9933  8257   32.16657  102  899   44.00000   26.85517  39.0%   623 3320s
  9948  8272   32.25453  114  927   44.00000   26.85517  39.0%   623 3325s
  9961  8285   32.51855  121  834   44.00000   26.85517  39.0%   624 3330s
  9968  8292   33.06569  125  756   44.00000   26.85517  39.0%   624 3335s
  9987  8311   33.21118  136  826   44.00000   26.85517  39.0%   624 3340s
 10013  8337   33.74763  158  596   44.00000   26.85517  39.0%   624 3345s
 10031  8355   33.86155  170  616   44.00000   26.85517  39.0%   624 3350s
 10045  8369   33.72654  180  693   44.00000   26.85517  39.0%   625 3355s
 10059  8383   33.72654  188  592   44.00000   26.85517  39.0%   625 3360s
 10078  8402   34.30958  204  752   44.00000   26.85517  39.0%   626 3365s
 10081  8405   34.34714  204  730   44.00000   26.85517  39.0%   626 3370s
 10100  8424   34.46004  211  668   44.00000   26.85517  39.0%   626 3375s
 10127  8451   35.12824  227  531   44.00000   26.85517  39.0%   626 3380s
 10161  8485   35.46370  240  592   44.00000   26.85517  39.0%   625 3385s
 10182  8506   36.81932  245  499   44.00000   26.85517  39.0%   625 3390s
 10203  8526   34.95887  171 1684   44.00000   26.85517  39.0%   625 4031s
 10205  8527   41.36911  561 2015   44.00000   26.85517  39.0%   625 4054s
 10206  8528   30.56837   60 1454   44.00000   26.85517  39.0%   625 4074s
 10207  8529   39.06479  286 1618   44.00000   26.85517  39.0%   625 4078s
 10208  8529   31.49050  158 1903   44.00000   26.85517  39.0%   625 4082s
 10210  8531   33.54504  207 1973   44.00000   26.85517  39.0%   625 4086s
 10212  8532   40.24510  223 2141   44.00000   26.85517  39.0%   625 4092s
 10214  8533   40.01363  214 2416   44.00000   26.85517  39.0%   624 4097s
 10216  8535   41.02823  546 2530   44.00000   26.85517  39.0%   624 4101s
 10220  8537   35.42403  217 2602   44.00000   26.91634  38.8%   624 4105s
 10222  8539   35.00000  362 2539   44.00000   26.98295  38.7%   624 4111s
 10223  8539   41.78770  369 2430   44.00000   27.03600  38.6%   624 4151s
 10225  8541   32.03068   64 2566   44.00000   27.03600  38.6%   624 4181s
 10226  8541   32.46590  103 2131   44.00000   27.08151  38.5%   624 4221s
 10228  8543   29.53874  108 2387   44.00000   27.08151  38.5%   624 4225s
 10231  8545   41.58797  338 2536   44.00000   27.08651  38.4%   623 4255s
 10232  8545   40.01943  266 2221   44.00000   27.10623  38.4%   623 4284s
 10233  8546   28.35644   36 2425   44.00000   27.10623  38.4%   623 4286s
 10234  8547   36.47237  428 2450   44.00000   27.10623  38.4%   623 4309s
 10235  8547   36.42447  232 2259   44.00000   27.10623  38.4%   623 4338s
 10236  8548   36.36286  188 2417   44.00000   27.10623  38.4%   623 4370s
 10237  8549   34.65228  330 2277   44.00000   27.10623  38.4%   623 4425s
 10238  8549   36.59357  220 2443   44.00000   27.10623  38.4%   623 4452s
 10239  8550   36.00000  422 2256   44.00000   27.13662  38.3%   623 4485s
 10240  8551   32.06087  192 2380   44.00000   27.13662  38.3%   623 4511s
 10241  8551   33.61383  137 2245   44.00000   27.14815  38.3%   623 4541s
 10242  8552   31.73500  180 2291   44.00000   27.14815  38.3%   623 4568s
 10243  8553   31.00000  160 2250   44.00000   27.14815  38.3%   623 4604s
 10244  8553   31.07604  124 2379   44.00000   27.14815  38.3%   623 4630s
 10245  8554   30.58855  107 2269   44.00000   27.14815  38.3%   623 4661s
 10247  8555   41.25783  350 2460   44.00000   27.15207  38.3%   622 4665s
 10248  8556   42.13608  593 2523   44.00000   27.15338  38.3%   622 4688s
 10249  8557   35.92765  152 2295   44.00000   27.17190  38.2%   622 4722s
 10250  8557   38.48281  224 2381   44.00000   27.17190  38.2%   622 4748s
H10250  8128                      43.0000000   27.17878  36.8%   622 4804s
 10251  8129   36.28712  431 2352   43.00000   27.17878  36.8%   622 4824s
 10252  8130   30.83491  112 2501   43.00000   27.17878  36.8%   622 4825s
 10255  8132   33.22545  232 2693   43.00000   27.21444  36.7%   622 4831s
 10260  8135   39.48340  495 2695   43.00000   27.24797  36.6%   622 4835s
 10265  8138   34.50000  322 3178   43.00000   27.29068  36.5%   621 4867s
 10266  8139   39.78554  485 2437   43.00000   27.32189  36.5%   621 4903s
 10267  8140   40.04408  285 2619   43.00000   27.32189  36.5%   621 4930s
 10268  8140   38.00000  477 2456   43.00000   27.35262  36.4%   621 5022s
 10269  8141   39.40638  296 2697   43.00000   27.35262  36.4%   621 5051s
 10270  8142   41.66574  580 2461   43.00000   27.35262  36.4%   621 5088s
 10272  8143   34.14758  171 2667   43.00000   27.35262  36.4%   621 5094s
 10273  8144   36.30444  245 2428   43.00000   27.38732  36.3%   621 5105s
 10277  8146   34.80645  167 2760   43.00000   27.38732  36.3%   621 5110s
 10279  8148   32.27938  165 2318   43.00000   27.45421  36.2%   620 5127s
 10280  8148   40.50655  367 2443   43.00000   27.45421  36.2%   620 5130s
 10281  8149   31.73500  180 2317   43.00000   27.49031  36.1%   620 5140s
 10283  8150   34.52803  155 2254   43.00000   27.49031  36.1%   620 5154s
 10284  8151   32.65676  107 2456   43.00000   27.49031  36.1%   620 5159s
 10285  8152   37.08474  255 2366   43.00000   27.49031  36.1%   620 5167s
 10286  8152   29.04547   34 2510   43.00000   27.49031  36.1%   620 5172s
 10287  8153   40.11910  233 2404   43.00000   27.49031  36.1%   620 5186s
 10288  8154   39.18841  264 2585   43.00000   27.49031  36.1%   620 5190s
 10289  8154   38.84973  467 2433   43.00000   27.49031  36.1%   620 5200s
 10291  8156   38.00000  474 2382   43.00000   27.49031  36.1%   620 5213s
 10292  8156   39.73456  285 2492   43.00000   27.49031  36.1%   620 5217s
 10293  8157   29.64446   44 2398   43.00000   27.49031  36.1%   620 5225s
 10295  8158   41.40091  568 2556   43.00000   27.49031  36.1%   619 5244s
 10296  8159   35.18980  361 2682   43.00000   27.49031  36.1%   619 5248s
 10297  8160   40.21884  538 2474   43.00000   27.49031  36.1%   619 5257s
 10298  8160   39.64308  497 2622   43.00000   27.49031  36.1%   619 5261s
 10299  8161   38.50000  473 2469   43.00000   27.49031  36.1%   619 5273s
 10300  8162   39.33557  277 2628   43.00000   27.49031  36.1%   619 5277s
 10301  8162   37.51764  341 2478   43.00000   27.49031  36.1%   619 5286s
 10302  8163   27.89562   27 2615   43.00000   27.49031  36.1%   619 5291s
 10303  8164   34.95887  171 2556   43.00000   27.49031  36.1%   619 5302s
 10304  8164   34.59684  110 2654   43.00000   27.49031  36.1%   619 5305s
 10305  8165   41.36911  561 2553   43.00000   27.49031  36.1%   619 5313s
 10306  8166   30.56837   60 2748   43.00000   27.49031  36.1%   619 5317s
 10307  8166   39.06479  286 2573   43.00000   27.49031  36.1%   619 5327s
 10308  8167   31.49050  158 2672   43.00000   27.49031  36.1%   619 5331s
 10309  8168   37.04152  336 2542   43.00000   27.49031  36.1%   619 5341s
 10310  8168   33.54504  207 2708   43.00000   27.49031  36.1%   619 5345s
 10311  8169   33.13843  215 2558   43.00000   27.52995  36.0%   619 5356s
 10312  8170   40.24510  223 2723   43.00000   27.52995  36.0%   618 5361s
 10313  8170   35.60504  181 2564   43.00000   27.52995  36.0%   618 5370s
 10315  8172   27.95341   53 2612   43.00000   27.52995  36.0%   618 5384s
 10316  8172   41.02823  546 2741   43.00000   27.52995  36.0%   618 5388s
 10317  8173   29.64446   44 2619   43.00000   27.52995  36.0%   618 5399s
 10318  8174   34.93407  294 2817   43.00000   27.52995  36.0%   618 5403s
 10319  8174   38.79630  468 2649   43.00000   27.52995  36.0%   618 5413s
 10320  8175   35.42403  217 2820   43.00000   27.52995  36.0%   618 5417s
 10321  8176   29.59963   96 2648   43.00000   27.52995  36.0%   618 5428s
 10322  8176   35.00000  362 2928   43.00000   27.52995  36.0%   618 5432s
 10323  8177   41.78770  369 2678   43.00000   27.52995  36.0%   618 5442s
 10324  8178   33.13843  212 2868   43.00000   27.52995  36.0%   618 5446s
 10325  8178   32.03068   64 2670   43.00000   27.52995  36.0%   618 5458s
 10326  8179   32.46590  103 2820   43.00000   27.52995  36.0%   618 5462s
 10327  8180   33.14095   89 2610   43.00000   27.52995  36.0%   618 5472s
 10328  8180   29.53874  108 2767   43.00000   27.52995  36.0%   618 5476s
 10329  8181   40.78770  366 2663   43.00000   27.52995  36.0%   617 5488s
 10330  8182   32.54572   79 2838   43.00000   27.52995  36.0%   617 5493s
 10331  8182   41.58797  338 2720   43.00000   27.52995  36.0%   617 5503s
 10332  8183   40.01943  266 2898   43.00000   27.52995  36.0%   617 5509s
 10333  8184   28.35644   36 2694   43.00000   27.52995  36.0%   617 5519s
 10334  8184   36.47237  428 2844   43.00000   27.52995  36.0%   617 5523s
 10335  8185   36.42447  232 2775   43.00000   27.52995  36.0%   617 5534s
 10336  8186   36.36286  188 2936   43.00000   27.52995  36.0%   617 5539s
 10337  8186   34.65228  330 2979   43.00000   27.52995  36.0%   617 5548s
 10338  8187   36.59357  220 3065   43.00000   27.52995  36.0%   617 5553s
 10339  8188   36.00000  422 2698   43.00000   27.52995  36.0%   617 5563s
 10340  8188   32.06087  192 2892   43.00000   27.52995  36.0%   617 5568s
 10341  8189   33.61383  137 2742   43.00000   27.52995  36.0%   617 5578s
 10342  8190   31.73500  180 2957   43.00000   27.52995  36.0%   617 5583s
 10343  8190   31.00000  160 2778   43.00000   27.52995  36.0%   617 5593s
 10344  8191   31.07604  124 2968   43.00000   27.52995  36.0%   617 5598s
 10345  8192   30.58855  107 2777   43.00000   27.52995  36.0%   616 5607s
 10346  8192   34.50000  324 2913   43.00000   27.52995  36.0%   616 5611s
 10347  8193   41.25783  350 2741   43.00000   27.52995  36.0%   616 5625s
 10349  8194   35.92765  152 2720   43.00000   27.52995  36.0%   616 5638s
 10350  8195   38.48281  224 2879   43.00000   27.52995  36.0%   616 5643s
 10351  8196   36.28712  431 2925   43.00000   27.52995  36.0%   616 5652s
 10352  8196   30.83491  112 3013   43.00000   27.52995  36.0%   616 5657s
 10353  8197   41.47397  591 2893   43.00000   27.52995  36.0%   616 5669s
 10354  8198   36.27539  246 2992   43.00000   27.52995  36.0%   616 5673s
 10355  8198   33.22545  232 2791   43.00000   27.52995  36.0%   616 5684s
 10356  8199   33.33511  108 2963   43.00000   27.52995  36.0%   616 5688s
 10357  8200   36.25000  384 2814   43.00000   27.52995  36.0%   616 5701s
 10358  8200   32.31755  107 2928   43.00000   27.52995  36.0%   616 5705s
 10359  8201   34.26386  188 2972   43.00000   27.52995  36.0%   616 5716s
 10360  8202   39.48340  495 3098   43.00000   27.52995  36.0%   616 5721s
 10361  8202   34.99161  288 2765   43.00000   27.52995  36.0%   616 5758s
 10362  8203   34.79085  172 2951   43.00000   27.52995  36.0%   615 5763s
 10363  8204   28.46913   76 2843   43.00000   27.52995  36.0%   615 5774s
 10364  8204   41.25858  354 2941   43.00000   27.52995  36.0%   615 5778s
 10365  8205   34.50000  322 2818   43.00000   27.63102  35.7%   615 5788s
 10366  8206   39.78554  485 3007   43.00000   27.63102  35.7%   615 5793s
 10367  8206   40.04408  285 2837   43.00000   27.63102  35.7%   615 5806s
 10368  8207   38.00000  477 3016   43.00000   27.63102  35.7%   615 5811s
 10369  8208   39.40638  296 2777   43.00000   27.63102  35.7%   615 5820s
 10371  8209   39.69238  503 2738   43.00000   27.63102  35.7%   615 5834s
 10372  8210   34.14758  171 2912   43.00000   27.63102  35.7%   615 5838s
 10373  8210   36.30444  245 2707   43.00000   27.63102  35.7%   615 5849s
 10374  8211   27.73223   39 2988   43.00000   27.63102  35.7%   615 5854s
 10375  8212   38.15267  482 2794   43.00000   27.63102  35.7%   615 5867s
 10376  8212   39.69238  503 2864   43.00000   27.63102  35.7%   615 5871s
 10377  8213   34.80645  167 2731   43.00000   27.63102  35.7%   615 5881s
 10378  8214   35.94302  193 2945   43.00000   27.63102  35.7%   615 5886s
 10379  8214   32.27938  165 2750   43.00000   27.63102  35.7%   614 5897s
 10380  8215   40.50655  367 2905   43.00000   27.63102  35.7%   614 5902s
 10381  8216   31.73500  180 2765   43.00000   27.63102  35.7%   614 5912s
 10382  8216   39.78185  487 2853   43.00000   27.63102  35.7%   614 5916s
 10383  8217   34.52803  155 2726   43.00000   27.63102  35.7%   614 5927s
 10384  8218   32.65676  107 2862   43.00000   27.63102  35.7%   614 5932s
 10385  8218   37.08474  255 2677   43.00000   27.63102  35.7%   614 5944s
 10386  8219   29.04547   34 2852   43.00000   27.63102  35.7%   614 5949s
 10387  8220   40.11910  233 2736   43.00000   27.63102  35.7%   614 5960s
 10388  8220   39.18841  264 2998   43.00000   27.63102  35.7%   614 5966s
 10389  8221   38.84973  467 2815   43.00000   27.63102  35.7%   614 5978s
 10390  8222   38.84973  467 2981   43.00000   27.63102  35.7%   614 5983s
 10391  8222   38.00000  474 2702   43.00000   27.63102  35.7%   614 5994s
 10392  8223   39.73456  285 2873   43.00000   27.63102  35.7%   614 5998s
 10393  8224   29.64446   44 2753   43.00000   27.63102  35.7%   614 6008s
 10394  8224   34.97870  176 2858   43.00000   27.63102  35.7%   614 6013s
 10395  8225   41.40091  568 2862   43.00000   27.63102  35.7%   614 6023s
 10396  8226   35.18980  361 3042   43.00000   27.63102  35.7%   613 6028s
 10397  8226   40.21884  538 2789   43.00000   27.63102  35.7%   613 6037s
 10398  8227   39.64308  497 2980   43.00000   27.63102  35.7%   613 6043s
 10399  8228   38.50000  473 2800   43.00000   27.63102  35.7%   613 6053s
 10400  8228   39.33557  277 2910   43.00000   27.63102  35.7%   613 6058s
 10401  8229   37.51764  341 2798   43.00000   27.63102  35.7%   613 6070s
 10402  8230   27.89562   27 3054   43.00000   27.63102  35.7%   613 6076s
 10403  8230   34.95887  171 2827   43.00000   27.63102  35.7%   613 6086s
 10404  8231   34.59684  110 3072   43.00000   27.63102  35.7%   613 6092s
 10405  8232   41.36911  561 2823   43.00000   27.63102  35.7%   613 6103s
 10406  8232   30.56837   60 3021   43.00000   27.63102  35.7%   613 6108s
 10407  8233   39.06479  286 2891   43.00000   27.63102  35.7%   613 6121s
 10408  8234   31.49050  158 3008   43.00000   27.63102  35.7%   613 6126s
 10409  8234   37.04152  336 2898   43.00000   27.63102  35.7%   613 6142s
 10410  8235   33.54504  207 3058   43.00000   27.63102  35.7%   613 6147s
 10411  8236   33.13843  215 2888   43.00000   27.63102  35.7%   613 6158s
 10412  8236   40.24510  223 3026   43.00000   27.63102  35.7%   613 6163s
 10413  8237   35.60504  181 2854   43.00000   27.63102  35.7%   612 6171s
 10414  8238   40.01363  214 3019   43.00000   27.63102  35.7%   612 6176s
 10415  8238   27.95341   53 2964   43.00000   27.63102  35.7%   612 6186s
 10416  8239   41.02823  546 3094   43.00000   27.63102  35.7%   612 6191s
 10417  8240   29.64446   44 2991   43.00000   27.63102  35.7%   612 6208s
 10418  8240   34.93407  294 3221   43.00000   27.63102  35.7%   612 6214s
 10419  8241   38.79630  468 2975   43.00000   27.63102  35.7%   612 6224s
 10420  8242   35.42403  217 3243   43.00000   27.63102  35.7%   612 6231s
 10421  8242   29.59963   96 2902   43.00000   27.63102  35.7%   612 6241s
 10422  8243   35.00000  362 3067   43.00000   27.63102  35.7%   612 6247s
 10423  8244   41.78770  369 2936   43.00000   27.63102  35.7%   612 6257s
 10424  8244   33.13843  212 3125   43.00000   27.63102  35.7%   612 6262s
 10425  8245   32.03068   64 2940   43.00000   27.63102  35.7%   612 6314s
 10426  8246   32.46590  103 3106   43.00000   27.63102  35.7%   612 6319s
 10427  8246   33.14095   89 3035   43.00000   27.63102  35.7%   612 6330s
 10428  8247   29.53874  108 3352   43.00000   27.63102  35.7%   612 6336s
 10429  8248   40.78770  366 2959   43.00000   27.63102  35.7%   612 6347s
 10430  8248   32.54572   79 3166   43.00000   27.63102  35.7%   611 6352s
 10431  8249   41.58797  338 2980   43.00000   27.63102  35.7%   611 6361s
 10432  8250   40.01943  266 3143   43.00000   27.63102  35.7%   611 6366s
 10433  8250   28.35644   36 3117   43.00000   27.63102  35.7%   611 6376s
 10434  8251   36.47237  428 3238   43.00000   27.63102  35.7%   611 6380s
 10435  8252   36.42447  232 3108   43.00000   27.63102  35.7%   611 6390s
 10436  8252   36.36286  188 3259   43.00000   27.63102  35.7%   611 6395s
 10437  8253   34.65228  330 3120   43.00000   27.63102  35.7%   611 6403s
 10438  8254   36.59357  220 3249   43.00000   27.63102  35.7%   611 6409s
 10439  8254   36.00000  422 3106   43.00000   27.63102  35.7%   611 6417s
 10440  8255   32.06087  192 3189   43.00000   27.63102  35.7%   611 6422s
 10441  8256   33.61383  137 3083   43.00000   27.63102  35.7%   611 6431s
 10442  8256   31.73500  180 3171   43.00000   27.63102  35.7%   611 6436s
 10443  8257   31.00000  160 2980   43.00000   27.63102  35.7%   611 6447s
 10444  8258   31.07604  124 3169   43.00000   27.63102  35.7%   611 6453s
 10445  8258   30.58855  107 2948   43.00000   27.63102  35.7%   611 6463s
 10446  8259   34.50000  324 2948   43.00000   27.63124  35.7%   611 6560s
 10447  8262   27.64756   23 2971   43.00000   27.64756  35.7%   948 6570s
 10449  8263   28.37344   24 2629   43.00000   27.64756  35.7%   949 6576s
 10453  8266   27.92262   26 2645   43.00000   27.64756  35.7%   949 6581s
 10456  8268   28.18653   27 2695   43.00000   27.64756  35.7%   950 6586s
 10458  8269   28.36709   28 2713   43.00000   27.64756  35.7%   951 6592s
 10460  8270   28.00650   29 2697   43.00000   27.64756  35.7%   951 6595s
 10464  8273   28.45316   31 2323   43.00000   27.64756  35.7%   952 6601s
 10467  8275   28.19831   33 2230   43.00000   27.64756  35.7%   953 6606s
 10470  8277   28.32696   34 2133   43.00000   27.64756  35.7%   953 6610s
 10472  8278   28.25198   35 2004   43.00000   27.64756  35.7%   953 6620s
 10474  8280   28.65078   36 1741   43.00000   27.64756  35.7%   953 6625s
 10478  8282   28.52480   38 1844   43.00000   27.64756  35.7%   954 6630s
 10483  8286   28.44496   41 1682   43.00000   27.64756  35.7%   955 6635s
 10486  8288   29.01323   42 1599   43.00000   27.64756  35.7%   956 6641s
 10488  8289   29.03470   43 1673   43.00000   27.64756  35.7%   957 6645s
 10492  8292   28.72636   45 1808   43.00000   27.64756  35.7%   958 6652s
 10495  8294   28.51111   47 1800   43.00000   27.64756  35.7%   959 6656s
 10498  8296   28.80510   48 1705   43.00000   27.64756  35.7%   960 6668s
 10499  8296   28.58592   49 1815   43.00000   27.64756  35.7%   960 6670s
 10501  8298   28.62880   50 1654   43.00000   27.64756  35.7%   961 6675s
 10504  8300   28.72667   51 1642   43.00000   27.64756  35.7%   962 6680s
 10510  8304   29.33526   54 1661   43.00000   27.64756  35.7%   963 6685s
 10516  8308   29.55066   57 1520   43.00000   27.64756  35.7%   963 6690s
 10520  8310   29.70259   59 1638   43.00000   27.64756  35.7%   964 6695s
 10524  8313   29.59801   61 1446   43.00000   27.64756  35.7%   964 6748s
 10527  8315   29.62799   63 1475   43.00000   27.64756  35.7%   965 6750s
 10535  8320   29.76431   67 1596   43.00000   27.64756  35.7%   965 6755s
 10540  8324   29.91696   69 1657   43.00000   27.64756  35.7%   966 6763s
 10541  8324   30.02689   70 1457   43.00000   27.64756  35.7%   967 6765s
 10544  8326   30.34247   71 1458   43.00000   27.64756  35.7%   967 6770s
 10548  8329   29.98596   73 1578   43.00000   27.64756  35.7%   967 6776s
 10551  8331   29.99753   75 1409   43.00000   27.64756  35.7%   967 6780s
 10554  8333   30.28579   76 1426   43.00000   27.64756  35.7%   967 6785s
 10563  8339   30.08795   81 1444   43.00000   27.64756  35.7%   968 6790s
 10572  8345   30.41124   85 1157   43.00000   27.64756  35.7%   968 6795s
 10586  8354   30.68058   92 1187   43.00000   27.64756  35.7%   968 6800s
 10598  8362   31.14776   98 1381   43.00000   27.64756  35.7%   967 6805s
 10608  8369   30.62821  103 1183   43.00000   27.64756  35.7%   967 6810s
 10622  8378   30.64393  110 1240   43.00000   27.64756  35.7%   967 6815s
 10632  8385   30.89189  115 1299   43.00000   27.64756  35.7%   967 6820s
 10644  8393   30.69651  121 1121   43.00000   27.64756  35.7%   967 6825s
 10656  8401   31.02767  127 1085   43.00000   27.64756  35.7%   967 6830s
 10662  8405   30.94491  130 1106   43.00000   27.64756  35.7%   968 6835s
 10672  8412   31.18654  135  956   43.00000   27.64756  35.7%   969 6845s
 10683  8419   31.48411  141  835   43.00000   27.64756  35.7%   969 6850s
 10698  8429   31.58655  148  938   43.00000   27.64756  35.7%   969 6855s
 10714  8440   31.83850  156 1035   43.00000   27.64756  35.7%   969 6860s
 10733  8452   31.44879  166  794   43.00000   27.64756  35.7%   968 6865s
 10753  8466   31.52619  176  748   43.00000   27.64756  35.7%   967 6870s
 10774  8480   32.02255  186  844   43.00000   27.64756  35.7%   966 6875s
 10793  8492   31.90359  196  988   43.00000   27.64756  35.7%   966 6880s
 10806  8501   32.44545  202  928   43.00000   27.64756  35.7%   966 6885s
 10820  8510   32.53059  209  904   43.00000   27.64756  35.7%   966 6890s
 10839  8523   32.63748  219  738   43.00000   27.64756  35.7%   965 6895s
 10865  8540   32.73884  232  593   43.00000   27.64756  35.7%   964 6900s
 10887  8555   32.84413  243  645   43.00000   27.64756  35.7%   963 6905s
 10918  8576   33.03386  258  753   43.00000   27.64756  35.7%   961 6910s
 10949  8596   33.88886  274  615   43.00000   27.64756  35.7%   959 6915s
 10973  8612   33.93814  286  613   43.00000   27.64756  35.7%   958 6920s
 11006  8634   35.62323  302  487   43.00000   27.64756  35.7%   956 6925s
 11035  8654   35.67556  317  495   43.00000   27.64756  35.7%   954 6930s
 11067  8675   36.62443  333  469   43.00000   27.64756  35.7%   952 6935s
 11108  8702   37.84137  353  391   43.00000   27.64756  35.7%   949 6940s
 11148  8727   39.91799  373  421   43.00000   27.64756  35.7%   946 6945s
 11182  8748   39.83209  390  416   43.00000   27.64756  35.7%   944 6950s
 11229  8775   40.22526  414  380   43.00000   27.64756  35.7%   941 6955s
 11265  8775   27.64845   24 2905   43.00000   27.64845  35.7%   938 6971s
 11266  8776   27.80583   25 3257   43.00000   27.64845  35.7%   939 6977s
 11267  8776   27.90030   25 3269   43.00000   27.65171  35.7%   940 6983s
 11270  8778   27.86485   27 3204   43.00000   27.65171  35.7%   940 6986s
 11271  8779   27.96662   27 3070   43.00000   27.65171  35.7%   940 6990s
 11275  8782   28.30157   29 2853   43.00000   27.65171  35.7%   941 6997s
 11278  8784   28.18627   31 2793   43.00000   27.65171  35.7%   941 7001s
 11282  8786   28.20728   33 2562   43.00000   27.65171  35.7%   941 7005s
 11287  8790   28.65315   35 2155   43.00000   27.65171  35.7%   941 7011s
 11289  8791   28.26582   36 2319   43.00000   27.65171  35.7%   942 7015s
 11291  8792   28.55634   37 2132   43.00000   27.65171  35.7%   942 7021s
 11293  8794   28.67259   38 1655   43.00000   27.65171  35.7%   943 7025s
 11297  8796   28.58449   40 1968   43.00000   27.65171  35.7%   943 7031s
 11303  8800   28.86046   43 2062   43.00000   27.65171  35.7%   944 7036s
 11307  8803   29.06256   45 1924   43.00000   27.65171  35.7%   944 7040s
 11312  8806   28.62515   48 1918   43.00000   27.65171  35.7%   944 7045s
 11315  8808   28.90515   49 1736   43.00000   27.65171  35.7%   945 7050s
 11319  8811   29.33027   51 1977   43.00000   27.65171  35.7%   945 7056s
 11326  8816   28.84052   55 1953   43.00000   27.65171  35.7%   945 7060s
 11333  8820   29.23458   58 1755   43.00000   27.65171  35.7%   946 7065s
 11340  8825   28.94510   62 1771   43.00000   27.65171  35.7%   946 7070s
 11346  8829   29.00714   65 1749   43.00000   27.65171  35.7%   946 7075s
 11351  8832   29.02546   67 1664   43.00000   27.65171  35.7%   947 7080s
 11357  8836   29.39369   70 1741   43.00000   27.65171  35.7%   947 7085s
 11367  8843   29.52255   75 1688   43.00000   27.65171  35.7%   947 7090s
 11373  8847   29.78528   78 1390   43.00000   27.65171  35.7%   948 7096s
 11379  8851   29.82769   81 1593   43.00000   27.65171  35.7%   948 7101s
 11384  8854   29.52813   84 1697   43.00000   27.65171  35.7%   948 7105s
 11392  8860   30.01113   88 1462   43.00000   27.65171  35.7%   948 7121s
 11401  8866   30.19026   92 1456   43.00000   27.65171  35.7%   948 7125s
 11409  8871   30.46792   96 1454   43.00000   27.65171  35.7%   949 7130s
 11423  8880   31.47549  103 1038   43.00000   27.65171  35.7%   948 7135s
 11433  8887   30.99809  108 1523   43.00000   27.65171  35.7%   948 7140s
 11447  8894   31.13689  115 1272   43.00000   27.65171  35.7%   948 7145s
 11459  8902   31.39377  121 1163   43.00000   27.65171  35.7%   948 7150s
 11473  8912   31.75041  128 1168   43.00000   27.65171  35.7%   948 7155s
 11486  8918   32.37776  134  932   43.00000   27.65171  35.7%   948 7160s
 11498  8926   32.38850  140 1088   43.00000   27.65171  35.7%   948 7165s
 11510  8934   32.40992  146  940   43.00000   27.65171  35.7%   948 7170s
 11523  8943   32.41600  153 1012   43.00000   27.65171  35.7%   948 7175s
 11540  8954   32.62045  161  968   43.00000   27.65171  35.7%   948 7180s
 11553  8963   32.53217  168 1117   43.00000   27.65171  35.7%   948 7185s
 11568  8973   32.69055  175 1048   43.00000   27.65171  35.7%   948 7190s
 11584  8984   33.18717  183  791   43.00000   27.65171  35.7%   948 7195s

Cutting planes:
  Gomory: 2
  Cover: 196
  Implied bound: 214
  Projected implied bound: 4
  Clique: 123
  MIR: 78
  StrongCG: 9
  Flow cover: 358
  GUB cover: 295
  Zero half: 123
  Mod-K: 2
  RLT: 109
  Relax-and-lift: 530

Explored 11593 nodes (11165345 simplex iterations) in 7198.99 seconds (11047.15 work units)
Thread count was 1 (of 16 available processors)

Solution count 10: 43 44 45 ... 55

Time limit reached
Best objective 4.299999998902e+01, best bound 2.800000000000e+01, gap 34.8837%

User-callback calls 1333374, time in user-callback 2.12 sec

 sepatime0
42.99999998901649Stat(MathOptInterface.TIME_LIMIT, 42.99999998901649, 28.0, 0.34883720913599875, 0.0, 1.014457, 7198.992306947708, 11593, Main.CFLG.LEFPV, "", #undef)
