Data path: /scratch/opt/lxu/CFLG/benchmarks/Kgroup_A
Instance: K100.10.red
Result path: /scratch/opt/lxu/CFLG/results/Kgroup_A
Solver: Gurobi
Time limit: 7200
Formulation: LEVFP
Cover: Large
julia --project=. src/main.jl /scratch/opt/lxu/CFLG/benchmarks/Kgroup_A K100.10.red /scratch/opt/lxu/CFLG/results/Kgroup_A Gurobi 7200 LEVFP Large
The latest version of Julia in the `release` channel is 1.11.5+0.x64.linux.gnu. You currently have `1.11.4+0.x64.linux.gnu` installed. Run:

  juliaup update

in your terminal shell to install Julia 1.11.5+0.x64.linux.gnu and update the `release` channel to that version.
/scratch/opt/lxu/CFLG/benchmarks/Kgroup_A Gurobi 7200.0 /scratch/opt/lxu/CFLG/results/Kgroup_A K100.10.red LEVFP Large
/scratch/opt/lxu/CFLG/benchmarks/Kgroup_A/K100.10.red

 read graph
data loaded


after absorb:27 27

max_piece:4
problem_graph/original graph: node: 35/27 edge: 86/78 dlt: 0.7151160756201429 break_avg_len: 0.3242968249905303 break_max_len: 0.7151153605040672elapsed CPU time: 0.037719 seconds
Set parameter TokenServer to value "solice01.zib.de"
Set parameter Threads to value 1
Set parameter OutputFlag to value 1
Set parameter MIPGap to value 0.0001
Set parameter MIPGapAbs to value 0.999998
Set parameter TimeLimit to value 7199.962281

 model loaded

Gurobi Optimizer version 12.0.1 build v12.0.1rc0 (linux64 - "Debian GNU/Linux 12 (bookworm)")

CPU model: Intel(R) Xeon(R) Gold 5222 CPU @ 3.80GHz, instruction set [SSE2|AVX|AVX2|AVX512]
Thread count: 8 physical cores, 16 logical processors, using up to 1 threads

Non-default parameters:
TimeLimit  7199.962281
MIPGapAbs  0.999998
Threads  1

Optimize a model with 7872 rows, 3430 columns and 22561 nonzeros
Model fingerprint: 0x33b8fbc1
Variable types: 121 continuous, 3309 integer (3309 binary)
Coefficient statistics:
  Matrix range     [1e-06, 1e+00]
  Objective range  [1e+00, 1e+00]
  Bounds range     [9e-03, 7e-01]
  RHS range        [9e-03, 1e+01]
Found heuristic solution: objective 30.0000000
Presolve removed 2099 rows and 126 columns
Presolve time: 0.35s
Presolved: 5773 rows, 3304 columns, 19901 nonzeros
Variable types: 121 continuous, 3183 integer (3183 binary)

Root relaxation: objective 2.085896e+00, 2083 iterations, 0.05 seconds (0.07 work units)

    Nodes    |    Current Node    |     Objective Bounds      |     Work
 Expl Unexpl |  Obj  Depth IntInf | Incumbent    BestBd   Gap | It/Node Time

     0     0    2.08590    0  170   30.00000    2.08590  93.0%     -    0s
H    0     0                      10.0000000    2.08590  79.1%     -    0s
H    0     0                       9.0000000    2.08590  76.8%     -    0s
H    0     0                       8.0000000    2.08590  73.9%     -    0s
H    0     0                       7.0000000    2.08590  70.2%     -    0s
H    0     0                       6.0000000    2.08590  65.2%     -    0s
     0     0    2.50000    0  168    6.00000    2.50000  58.3%     -    0s
     0     0    2.51424    0  191    6.00000    2.51424  58.1%     -    1s
     0     0    2.51424    0  193    6.00000    2.51424  58.1%     -    1s
     0     0    2.80599    0  318    6.00000    2.80599  53.2%     -    1s
     0     0    2.81606    0  324    6.00000    2.81606  53.1%     -    1s
     0     0    2.81606    0  324    6.00000    2.81606  53.1%     -    1s
     0     0    2.94228    0  208    6.00000    2.94228  51.0%     -    1s
H    0     0                       5.0000000    2.95102  41.0%     -    1s
     0     0    3.00000    0  256    5.00000    3.00000  40.0%     -    1s
     0     0    3.01448    0  294    5.00000    3.01448  39.7%     -    1s
     0     0    3.01462    0  220    5.00000    3.01462  39.7%     -    1s
     0     0    3.07801    0  293    5.00000    3.07801  38.4%     -    1s
     0     0    3.10242    0  327    5.00000    3.10242  38.0%     -    1s
     0     0    3.11100    0  274    5.00000    3.11100  37.8%     -    1s
     0     0    3.11568    0  314    5.00000    3.11568  37.7%     -    1s
     0     0    3.11621    0  331    5.00000    3.11621  37.7%     -    1s
     0     0    3.11621    0  330    5.00000    3.11621  37.7%     -    1s
     0     0    3.18342    0  287    5.00000    3.18342  36.3%     -    1s
     0     0    3.24871    0  228    5.00000    3.24871  35.0%     -    2s
     0     0    3.25646    0  239    5.00000    3.25646  34.9%     -    2s
     0     0    3.25646    0  243    5.00000    3.25646  34.9%     -    2s
     0     0    3.42421    0  177    5.00000    3.42421  31.5%     -    2s
     0     0    3.42421    0  176    5.00000    3.42421  31.5%     -    2s
     0     0    3.43509    0  150    5.00000    3.43509  31.3%     -    2s
     0     0    3.47515    0  188    5.00000    3.47515  30.5%     -    2s
     0     0    3.47515    0  185    5.00000    3.47515  30.5%     -    2s
     0     0    3.52792    0  175    5.00000    3.52792  29.4%     -    2s
     0     0    3.66667    0  199    5.00000    3.66667  26.7%     -    2s
     0     0    3.66667    0  171    5.00000    3.66667  26.7%     -    2s
     0     0    3.66667    0  177    5.00000    3.66667  26.7%     -    2s
     0     0    3.66667    0  181    5.00000    3.66667  26.7%     -    2s
     0     0    3.91946    0  136    5.00000    3.91946  21.6%     -    2s
     0     0    3.91946    0  134    5.00000    3.91946  21.6%     -    3s
     0     0    3.91946    0  123    5.00000    3.91946  21.6%     -    3s
     0     0    3.91946    0  122    5.00000    3.91946  21.6%     -    3s
     0     0    3.91946    0  343    5.00000    3.91946  21.6%     -    3s
     0     0    3.91946    0  280    5.00000    3.91946  21.6%     -    3s
     0     0    3.91946    0  277    5.00000    3.91946  21.6%     -    3s
     0     0    3.91946    0  341    5.00000    3.91946  21.6%     -    3s
     0     0    3.91946    0  360    5.00000    3.91946  21.6%     -    3s
     0     0    3.91946    0  181    5.00000    3.91946  21.6%     -    3s
     0     0    4.00000    0  141    5.00000    4.00000  20.0%     -    3s
     0     0    4.00000    0  140    5.00000    4.00000  20.0%     -    3s
     0     0    4.00000    0  210    5.00000    4.00000  20.0%     -    3s
     0     0    4.00000    0  209    5.00000    4.00000  20.0%     -    3s
     0     0    4.00000    0  208    5.00000    4.00000  20.0%     -    3s
     0     0    4.00000    0  238    5.00000    4.00000  20.0%     -    3s
     0     0    4.00000    0  237    5.00000    4.00000  20.0%     -    3s
     0     0    4.00000    0  199    5.00000    4.00000  20.0%     -    4s
     0     0    4.00000    0  202    5.00000    4.00000  20.0%     -    4s
     0     0    4.00000    0  233    5.00000    4.00000  20.0%     -    4s
     0     0    4.00000    0  231    5.00000    4.00000  20.0%     -    4s
     0     0    4.00000    0   30    5.00000    4.00000  20.0%     -    4s
     0     0    4.00000    0   34    5.00000    4.00000  20.0%     -    4s
     0     0    4.00000    0   34    5.00000    4.00000  20.0%     -    4s
     0     0    4.00000    0   34    5.00000    4.00000  20.0%     -    4s
     0     0    4.00000    0   15    5.00000    4.00000  20.0%     -    4s
     0     0    4.00000    0   66    5.00000    4.00000  20.0%     -    4s
     0     0    4.00000    0   70    5.00000    4.00000  20.0%     -    4s
     0     0    4.00000    0   60    5.00000    4.00000  20.0%     -    4s
     0     0    4.00000    0   68    5.00000    4.00000  20.0%     -    4s
     0     0    4.00000    0   46    5.00000    4.00000  20.0%     -    4s
     0     0    4.00000    0   13    5.00000    4.00000  20.0%     -    4s
     0     2    4.00000    0   13    5.00000    4.00000  20.0%     -    4s
     2     4    4.00000    0  136    5.00000    4.00000  20.0%   280    8s

Cutting planes:
  Cover: 3
  Implied bound: 3
  MIR: 3
  Flow cover: 5
  GUB cover: 1

Explored 6 nodes (54712 simplex iterations) in 11.16 seconds (10.79 work units)
Thread count was 1 (of 16 available processors)

Solution count 8: 5 5 6 ... 30

Optimal solution found (tolerance 1.00e-04)
Best objective 5.000000000000e+00, best bound 5.000000000000e+00, gap 0.0000%

User-callback calls 2467, time in user-callback 0.01 sec
Stat(MathOptInterface.OPTIMAL, 5.0, 5.0, 0.0, 0.0, 0.037719, 11.157287120819092, 6, Main.CFLG.LEVFP, "", #undef)
