Data path: /scratch/opt/lxu/CFLG/benchmarks/random_B
Instance: r_30_0.4_188.txt
Result path: /scratch/opt/lxu/CFLG/results/random_B
Solver: Gurobi
Time limit: 3600
Formulation: LEFP
Cover: Small
julia --project=. src/main.jl /scratch/opt/lxu/CFLG/benchmarks/random_B r_30_0.4_188.txt /scratch/opt/lxu/CFLG/results/random_B Gurobi 3600 LEFP Small
The latest version of Julia in the `release` channel is 1.11.5+0.x64.linux.gnu. You currently have `1.11.4+0.x64.linux.gnu` installed. Run:

  juliaup update

in your terminal shell to install Julia 1.11.5+0.x64.linux.gnu and update the `release` channel to that version.
/scratch/opt/lxu/CFLG/benchmarks/random_B Gurobi 3600.0 /scratch/opt/lxu/CFLG/results/random_B r_30_0.4_188.txt LEFP Small
/scratch/opt/lxu/CFLG/benchmarks/random_B/r_30_0.4_188.txt

 read graph
data loaded


after absorb:30 30

max_piece:6
problem_graph/original graph: node: 69/30 edge: 227/188 dlt: 0.2001699501077982 break_avg_len: 0.5023621762150057 break_max_len: 0.9917999550727499elapsed CPU time: 0.064489 seconds
Set parameter TokenServer to value "solice01.zib.de"
Set parameter Threads to value 1
Set parameter OutputFlag to value 1
Set parameter MIPGap to value 0.0001
Set parameter MIPGapAbs to value 1
Set parameter TimeLimit to value 3599.935511

 more cuts:false
formulation:LEFP149 78 39

 model loaded

Gurobi Optimizer version 12.0.1 build v12.0.1rc0 (linux64 - "Debian GNU/Linux 12 (bookworm)")

CPU model: Intel(R) Xeon(R) Gold 5122 CPU @ 3.60GHz, instruction set [SSE2|AVX|AVX2|AVX512]
Thread count: 8 physical cores, 16 logical processors, using up to 1 threads

Non-default parameters:
TimeLimit  3599.935511
MIPGapAbs  1
Threads  1

Optimize a model with 5873 rows, 3065 columns and 14049 nonzeros
Model fingerprint: 0x5f58b139
Variable types: 750 continuous, 2315 integer (2017 binary)
Coefficient statistics:
  Matrix range     [5e-02, 1e+00]
  Objective range  [1e+00, 1e+00]
  Bounds range     [5e-02, 1e+00]
  RHS range        [6e-05, 2e+00]
Presolve removed 3548 rows and 1033 columns
Presolve time: 0.07s
Presolved: 2325 rows, 2032 columns, 9005 nonzeros
Variable types: 594 continuous, 1438 integer (1393 binary)
Found heuristic solution: objective 301.0000000
Found heuristic solution: objective 278.0000000

Root relaxation: objective 1.940000e+02, 730 iterations, 0.01 seconds (0.01 work units)

    Nodes    |    Current Node    |     Objective Bounds      |     Work
 Expl Unexpl |  Obj  Depth IntInf | Incumbent    BestBd   Gap | It/Node Time

     0     0  194.00000    0   71  278.00000  194.00000  30.2%     -    0s
H    0     0                     264.0000000  194.00000  26.5%     -    0s
H    0     0                     253.0000000  194.00000  23.3%     -    0s
H    0     0                     231.0000000  194.00000  16.0%     -    0s
     0     0  194.00000    0  141  231.00000  194.00000  16.0%     -    0s
     0     0  194.00000    0  132  231.00000  194.00000  16.0%     -    0s
     0     0  194.00000    0   62  231.00000  194.00000  16.0%     -    0s
     0     0  194.00000    0   72  231.00000  194.00000  16.0%     -    0s
     0     0  194.09940    0  123  231.00000  194.09940  16.0%     -    0s
     0     0  194.22200    0  130  231.00000  194.22200  15.9%     -    0s
     0     0  194.66913    0  154  231.00000  194.66913  15.7%     -    0s
     0     0  194.83579    0  150  231.00000  194.83579  15.7%     -    0s
     0     0  194.83579    0  150  231.00000  194.83579  15.7%     -    0s
     0     0  195.10054    0  171  231.00000  195.10054  15.5%     -    0s
H    0     0                     222.0000000  195.18873  12.1%     -    0s
H    0     0                     221.0000000  195.18873  11.7%     -    0s
     0     0  195.18873    0  183  221.00000  195.18873  11.7%     -    0s
     0     0  195.18873    0  189  221.00000  195.18873  11.7%     -    0s
     0     0  195.19401    0  191  221.00000  195.19401  11.7%     -    0s
     0     0  195.19963    0  201  221.00000  195.19963  11.7%     -    0s
     0     0  195.20001    0  206  221.00000  195.20001  11.7%     -    0s
     0     0  195.59894    0  208  221.00000  195.59894  11.5%     -    0s
     0     0  195.62961    0  211  221.00000  195.62961  11.5%     -    0s
     0     0  195.62961    0  211  221.00000  195.62961  11.5%     -    0s
     0     0  195.95423    0  197  221.00000  195.95423  11.3%     -    0s
H    0     0                     217.0000000  195.95534  9.70%     -    0s
     0     0  196.04960    0  215  217.00000  196.04960  9.65%     -    0s
     0     0  196.06375    0  231  217.00000  196.06375  9.65%     -    0s
     0     0  196.06619    0  236  217.00000  196.06619  9.65%     -    0s
     0     0  196.06619    0  225  217.00000  196.06619  9.65%     -    0s
     0     0  196.31860    0  206  217.00000  196.31860  9.53%     -    0s
     0     0  196.35209    0  217  217.00000  196.35209  9.52%     -    0s
     0     0  196.35882    0  216  217.00000  196.35882  9.51%     -    0s
     0     0  196.36489    0  219  217.00000  196.36489  9.51%     -    0s
     0     0  196.36489    0  224  217.00000  196.36489  9.51%     -    0s
     0     0  196.60569    0  211  217.00000  196.60569  9.40%     -    0s
H    0     0                     215.0000000  196.60630  8.56%     -    0s
     0     0  196.61792    0  233  215.00000  196.61792  8.55%     -    0s
     0     0  196.62313    0  229  215.00000  196.62313  8.55%     -    0s
     0     0  196.63366    0  225  215.00000  196.63366  8.54%     -    0s
     0     0  196.64459    0  242  215.00000  196.64459  8.54%     -    0s
     0     0  196.64685    0  245  215.00000  196.64685  8.54%     -    0s
     0     0  196.64710    0  245  215.00000  196.64710  8.54%     -    0s
     0     0  196.84901    0  234  215.00000  196.84901  8.44%     -    0s
H    0     0                     214.0000000  196.84901  8.01%     -    0s
H    0     0                     213.0000000  196.84901  7.58%     -    0s
     0     0  196.90046    0  244  213.00000  196.90046  7.56%     -    0s
     0     0  196.91064    0  265  213.00000  196.91064  7.55%     -    0s
     0     0  196.91259    0  262  213.00000  196.91259  7.55%     -    0s
     0     0  197.09578    0  243  213.00000  197.09578  7.47%     -    0s
     0     0  197.12887    0  241  213.00000  197.12887  7.45%     -    0s
     0     0  197.14014    0  253  213.00000  197.14014  7.45%     -    1s
     0     0  197.14021    0  256  213.00000  197.14021  7.45%     -    1s
     0     0  197.33136    0  226  213.00000  197.33136  7.36%     -    1s
     0     0  197.34494    0  235  213.00000  197.34494  7.35%     -    1s
     0     0  197.34728    0  236  213.00000  197.34728  7.35%     -    1s
     0     0  197.47625    0  259  213.00000  197.47625  7.29%     -    1s
     0     0  197.49012    0  271  213.00000  197.49012  7.28%     -    1s
     0     0  197.49107    0  269  213.00000  197.49107  7.28%     -    1s
     0     0  197.52131    0  230  213.00000  197.52131  7.27%     -    1s
     0     0  197.54072    0  268  213.00000  197.54072  7.26%     -    1s
     0     0  197.56942    0  268  213.00000  197.56942  7.24%     -    1s
     0     0  197.57073    0  279  213.00000  197.57073  7.24%     -    1s
     0     0  197.93815    0  281  213.00000  197.93815  7.07%     -    1s
     0     0  198.06655    0  269  213.00000  198.06655  7.01%     -    1s
     0     0  198.10032    0  303  213.00000  198.10032  7.00%     -    1s
     0     0  198.10718    0  301  213.00000  198.10718  6.99%     -    1s
     0     0  198.10896    0  299  213.00000  198.10896  6.99%     -    1s
     0     0  198.22975    0  269  213.00000  198.22975  6.93%     -    1s
     0     0  198.26203    0  292  213.00000  198.26203  6.92%     -    1s
     0     0  198.27007    0  308  213.00000  198.27007  6.92%     -    1s
     0     0  198.27990    0  287  213.00000  198.27990  6.91%     -    1s
     0     0  198.28033    0  289  213.00000  198.28033  6.91%     -    1s
     0     0  198.36109    0  295  213.00000  198.36109  6.87%     -    1s
     0     0  198.37280    0  294  213.00000  198.37280  6.87%     -    1s
     0     0  198.37735    0  297  213.00000  198.37735  6.87%     -    1s
     0     0  198.37764    0  306  213.00000  198.37764  6.86%     -    1s
     0     0  198.44840    0  277  213.00000  198.44840  6.83%     -    1s
     0     0  198.46317    0  290  213.00000  198.46317  6.82%     -    1s
     0     0  198.46563    0  297  213.00000  198.46563  6.82%     -    1s
     0     0  198.49882    0  257  213.00000  198.49882  6.81%     -    1s
     0     0  198.54218    0  311  213.00000  198.54218  6.79%     -    1s
     0     0  198.55125    0  314  213.00000  198.55125  6.78%     -    1s
     0     0  198.56280    0  316  213.00000  198.56280  6.78%     -    1s
     0     0  198.56339    0  317  213.00000  198.56339  6.78%     -    1s
     0     0  198.59492    0  303  213.00000  198.59492  6.76%     -    1s
     0     0  198.60732    0  316  213.00000  198.60732  6.76%     -    1s
     0     0  198.62658    0  317  213.00000  198.62658  6.75%     -    1s
     0     0  198.62663    0  333  213.00000  198.62663  6.75%     -    1s
     0     0  198.71384    0  291  213.00000  198.71384  6.71%     -    1s
H    0     0                     212.0000000  198.71808  6.27%     -    1s
     0     0  198.71844    0  304  212.00000  198.71844  6.26%     -    1s
     0     0  198.71997    0  303  212.00000  198.71997  6.26%     -    1s
     0     0  198.72776    0  301  212.00000  198.72776  6.26%     -    1s
     0     0  198.73193    0  237  212.00000  198.73193  6.26%     -    2s
     0     2  198.73294    0  222  212.00000  198.73294  6.26%     -    2s
H  270   242                     211.0000000  198.88126  5.74%  26.8    2s
H  351   287                     210.0000000  198.88605  5.29%  25.3    3s
   582   487  201.09730   25  242  210.00000  200.45442  4.55%  26.6    5s
   656   536  201.95738   44  305  210.00000  201.62485  3.99%  23.6   10s
   726   584  203.00788   57  242  210.00000  201.97790  3.82%   102   15s
   786   626  202.47260   23   54  210.00000  202.14690  3.74%   156   20s
H 1182   809                     209.0000000  202.14789  3.28%   123   23s
H 1236   738                     208.0000000  202.14789  2.81%   120   24s
  1300   772  204.50187   50   68  208.00000  202.20035  2.79%   121   25s
  1867  1064  202.28406   24  269  208.00000  202.21453  2.78%   113   30s
  2442  1352  202.94906   28  212  208.00000  202.26617  2.76%   111   35s
  3090  1919  205.00000   75   75  208.00000  202.28082  2.75%   106   40s
  3728  2438  204.33877   39  157  208.00000  202.31839  2.73%   105   45s
  4254  2836  206.00466   65   83  208.00000  202.37544  2.70%   105   50s
  5018  3435  202.74151   28  172  208.00000  202.42063  2.68%   103   55s
  5769  4010  204.12959   46   79  208.00000  202.45284  2.67%   103   60s
  6435  4543  204.81075   40  135  208.00000  202.48318  2.65%   101   65s
  7070  5043  204.73987   52  127  208.00000  202.49650  2.65%   102   70s
  7814  5599  202.84041   41   95  208.00000  202.51246  2.64%   102   75s
  8456  6117  202.90774   36  239  208.00000  202.52057  2.63%   101   80s
  9198  6723  206.48694   58   50  208.00000  202.53352  2.63%   100   85s
  9897  7209  204.20207   48  139  208.00000  202.55044  2.62%   100   90s
 10203  7441  203.78528   53  237  208.00000  202.55501  2.62%   100  104s
 10211  7446  205.51836   82  242  208.00000  202.55501  2.62%   100  105s
 10256  7476  205.10700   80  354  208.00000  202.55501  2.62%  99.1  110s
 10291  7500  206.48305   84  349  208.00000  202.55921  2.62%  98.8  115s
 10322  7520  205.69188   54  328  208.00000  202.68765  2.55%  98.5  120s
 10351  7540  204.57177   44  317  208.00000  202.79127  2.50%  98.2  125s
 10376  7556  203.81993   33  365  208.00000  202.85386  2.47%  97.9  130s
 10400  7572  204.08704   51  243  208.00000  202.90522  2.45%  97.7  135s
 10420  7586  202.96386   39  329  208.00000  202.91298  2.45%  97.5  140s
 10440  7599  204.50000   63  315  208.00000  202.93186  2.44%  97.3  145s
 10458  7611  206.52226   73  331  208.00000  202.94106  2.43%  97.2  150s
 10477  7624  205.35583   69  344  208.00000  202.95174  2.43%  97.0  155s
 10497  7637  205.55465   52  390  208.00000  202.96268  2.42%  96.8  160s
 10513  7648  203.05038   26  374  208.00000  202.96305  2.42%  96.7  166s
 10565  7684  206.00000   58   26  208.00000  202.97270  2.42%   116  170s
 10829  7820  203.51660   37  284  208.00000  202.98946  2.41%   116  175s
 11019  7928  205.09141   80  100  208.00000  202.99544  2.41%   117  180s
 11129  7980  205.24252   66   85  208.00000  202.99560  2.41%   118  185s
 11406  8110  206.10942   73   74  208.00000  203.03607  2.39%   119  190s
 11705  8250  203.31441   54  222  208.00000  203.08112  2.36%   118  195s
 12000  8398     cutoff   86       208.00000  203.08268  2.36%   119  200s
 12374  8570  203.23122   38  172  208.00000  203.13315  2.34%   118  205s
 12788  8778  203.36549   47  339  208.00000  203.15032  2.33%   119  210s
 13129  8939  205.09124   71   68  208.00000  203.16175  2.33%   120  215s
 13598  9162  204.90245   83  171  208.00000  203.17011  2.32%   120  220s
 13944  9325  206.20743   73   88  208.00000  203.18035  2.32%   120  225s
 14448  9533  203.63685   53  140  208.00000  203.19825  2.31%   120  230s
 14919  9773  206.04666   51  111  208.00000  203.20723  2.30%   119  235s
 15401 10004  203.66949   42  245  208.00000  203.21221  2.30%   119  240s
 15744 10165  203.57821   51  275  208.00000  203.22835  2.29%   120  245s
 16151 10373  205.80169  116   90  208.00000  203.22963  2.29%   120  250s
 16593 10553  203.93243   45  250  208.00000  203.23978  2.29%   120  255s
 17025 10771  206.44680   90   68  208.00000  203.25040  2.28%   121  260s
 17414 10947  204.08598   55  133  208.00000  203.26512  2.28%   122  265s
 17810 11157  206.21901   63   93  208.00000  203.27026  2.27%   122  270s
 18210 11353  203.93365   58  175  208.00000  203.27325  2.27%   123  275s
 18637 11513  203.65971   51  309  208.00000  203.28402  2.27%   123  280s
 19001 11687  203.75235   48  159  208.00000  203.28767  2.27%   123  285s
 19471 11906  206.10867   85   95  208.00000  203.28949  2.26%   123  290s
 19920 12084  204.16426   54   88  208.00000  203.30182  2.26%   124  295s
 20289 12239  204.19189   58  212  208.00000  203.30793  2.26%   124  300s
 20799 12471  206.26298  128   80  208.00000  203.31333  2.25%   125  305s
 21243 12662  204.40096   69  148  208.00000  203.32231  2.25%   125  310s
 21702 12875  204.35155   62  130  208.00000  203.32711  2.25%   125  315s
 22125 13082  206.42127   56   89  208.00000  203.32865  2.25%   125  320s
 22569 13267  204.12845   53  268  208.00000  203.33656  2.24%   126  325s
 22994 13465  205.06141   43  187  208.00000  203.34081  2.24%   126  330s
 23405 13665  206.79823  111   43  208.00000  203.34959  2.24%   126  335s
 23855 13875  206.29648   85   93  208.00000  203.35499  2.23%   126  340s
 24321 14096  205.50975   66   96  208.00000  203.36356  2.23%   127  345s
 24805 14299  203.76861   47  254  208.00000  203.37089  2.23%   127  350s
 25382 14570  204.42434   54  179  208.00000  203.37556  2.22%   127  355s
 25774 14723  203.99427   50  268  208.00000  203.37866  2.22%   128  360s
 26217 14914  204.59537   66  164  208.00000  203.38256  2.22%   128  365s
 26621 15095  203.84166   53  285  208.00000  203.38487  2.22%   129  370s
 27019 15264  204.31040   58  189  208.00000  203.38822  2.22%   129  375s
 27490 15481  204.20391   51  223  208.00000  203.39443  2.21%   130  380s
 27988 15689  204.96201   65  103  208.00000  203.40258  2.21%   130  385s
 28498 15926  204.00441   60  334  208.00000  203.40964  2.21%   130  390s
 29004 16119  205.29498   89  102  208.00000  203.41601  2.20%   131  395s
 29486 16299  205.03276   51  125  208.00000  203.42172  2.20%   131  400s
 30044 16510  205.03127   42   75  208.00000  203.42965  2.20%   131  405s
 30536 16753  205.00000   99   55  208.00000  203.43245  2.20%   131  410s
 31039 16971  203.80534   37  309  208.00000  203.43654  2.19%   131  415s
 31454 17146  203.76613   42  247  208.00000  203.44104  2.19%   132  420s
 31900 17345  205.00000   55   93  208.00000  203.44461  2.19%   132  425s
 32391 17549  205.88673   87  103  208.00000  203.44786  2.19%   132  430s
 32818 17741  204.09304   55  123  208.00000  203.45175  2.19%   133  435s
 33278 17960     cutoff   98       208.00000  203.45653  2.18%   133  440s
 33761 18265  203.60322   51  340  208.00000  203.46107  2.18%   133  445s
 34256 18636  204.04136   51  167  208.00000  203.46225  2.18%   134  450s
 34825 19045  204.10605   61  309  208.00000  203.46740  2.18%   134  455s
 35268 19376  205.98804  104  103  208.00000  203.47295  2.18%   134  460s
 35705 19679  206.14265   83   81  208.00000  203.47690  2.17%   134  465s
 36281 20124     cutoff  107       208.00000  203.48244  2.17%   134  470s
 36764 20489  206.16034  108   69  208.00000  203.48455  2.17%   134  475s
 37269 20878  205.92012   81   86  208.00000  203.48973  2.17%   135  480s
 37803 21254  204.43473   61  155  208.00000  203.49132  2.17%   135  485s
 38320 21659  205.71316   98   99  208.00000  203.49275  2.17%   135  490s
 38820 22046  204.06931   55  185  208.00000  203.49523  2.17%   135  495s
 39352 22456  206.08546   66  127  208.00000  203.49874  2.16%   135  500s
 39802 22745  204.11873   58  160  208.00000  203.50193  2.16%   135  505s
 40291 23141  203.89195   56  306  208.00000  203.50466  2.16%   135  510s
 40661 23412  204.12803   48  173  208.00000  203.50786  2.16%   136  515s
 41178 23808  206.44013  130   59  208.00000  203.50914  2.16%   136  520s
 41634 24142  204.33778   61  197  208.00000  203.51224  2.16%   136  525s
 42124 24529  204.17330   57  130  208.00000  203.51562  2.16%   136  530s
 42613 24917  206.77530   89  105  208.00000  203.51739  2.16%   137  535s
 42976 25193  204.90668   72  171  208.00000  203.51947  2.15%   137  540s
 43434 25524  204.29528   51  224  208.00000  203.52234  2.15%   137  545s
 43988 25948  203.79070   48   97  208.00000  203.52768  2.15%   137  550s
 44467 26326  205.97548   62   69  208.00000  203.52841  2.15%   138  555s
 44961 26705  204.53509   65  125  208.00000  203.53063  2.15%   138  560s
 45471 27097  205.25173   74  136  208.00000  203.53373  2.15%   137  565s
 45930 27448  203.77464   43  342  208.00000  203.53645  2.15%   138  570s
 46439 27808  205.17305   64   87  208.00000  203.53921  2.14%   138  575s
 46918 28144  206.16656  106   66  208.00000  203.54135  2.14%   138  580s
 47405 28489  204.51967   56   92  208.00000  203.54441  2.14%   138  585s
 47904 28837  204.16111   44  303  208.00000  203.54648  2.14%   138  590s
 48392 29208  205.29094   53  184  208.00000  203.54862  2.14%   138  595s
 48853 29565  203.96175   62  355  208.00000  203.55039  2.14%   138  600s
 49337 29952  204.31042   50  175  208.00000  203.55241  2.14%   138  605s
 49834 30324  204.25750   56  320  208.00000  203.55536  2.14%   138  610s
 50314 30703  204.39407   54  257  208.00000  203.55838  2.14%   138  615s
 50728 31003  204.16739   50  229  208.00000  203.56195  2.13%   138  620s
 51229 31393  203.81653   57  226  208.00000  203.56364  2.13%   138  625s
 51770 31793  204.82701   59  121  208.00000  203.56555  2.13%   138  630s
 52298 32189  206.27885   86   73  208.00000  203.56851  2.13%   138  635s
 52731 32511  204.92300   62  178  208.00000  203.57035  2.13%   138  640s
 53246 32883  204.24453   52  265  208.00000  203.57193  2.13%   138  645s
 53778 33280  204.14397   56  327  208.00000  203.57534  2.13%   138  650s
 54186 33590  203.64196   50  406  208.00000  203.57804  2.13%   138  655s
 54643 33912  203.60534   42  281  208.00000  203.57976  2.13%   139  660s
 55121 34306  204.06374   51  237  208.00000  203.58126  2.12%   139  665s
 55639 34711  203.70283   60  256  208.00000  203.58237  2.12%   139  670s
 56090 35046  204.16625   48  159  208.00000  203.58617  2.12%   139  675s
 56594 35457  206.05607   89   67  208.00000  203.58696  2.12%   139  680s
 57137 35831  206.22011   98  114  208.00000  203.58865  2.12%   139  685s
 57659 36233  207.00000   67   46  208.00000  203.59036  2.12%   139  690s
 58067 36535  205.80066   70   79  208.00000  203.59335  2.12%   139  695s
 58519 36841  203.86572   44  219  208.00000  203.59545  2.12%   139  700s
 59006 37238  205.70926   57   83  208.00000  203.59800  2.12%   139  705s
 59469 37576  204.19473   53  296  208.00000  203.60007  2.12%   139  710s
 59911 37907  204.04989   55  264  208.00000  203.60147  2.11%   139  715s
 60369 38266  205.19798   70  128  208.00000  203.60331  2.11%   139  720s
 60814 38625  205.38953   74   50  208.00000  203.60476  2.11%   139  725s
 61328 39018  204.07516   51  224  208.00000  203.60585  2.11%   139  730s
 61810 39386  204.53578   65  156  208.00000  203.60781  2.11%   139  735s
 62287 39741  204.25521   69  167  208.00000  203.60928  2.11%   139  740s
 62708 40052  203.81257   53  303  208.00000  203.61139  2.11%   140  745s
 63146 40403  204.40029   55  143  208.00000  203.61253  2.11%   140  750s
 63617 40735  204.03617   39  377  208.00000  203.61408  2.11%   140  755s
 64058 41078  205.49116   77  115  208.00000  203.61634  2.11%   140  760s
 64501 41399  203.79140   52  319  208.00000  203.61862  2.11%   140  765s
 64915 41712  205.25063   80  137  208.00000  203.62099  2.11%   140  770s
 65421 42071  204.16038   53  216  208.00000  203.62283  2.10%   140  775s
 65902 42445  204.33263   55  196  208.00000  203.62416  2.10%   140  780s
 66353 42762  203.89589   55  252  208.00000  203.62706  2.10%   140  785s
 66814 43135     cutoff   97       208.00000  203.62799  2.10%   140  790s
 67308 43502  206.48461   70  113  208.00000  203.62899  2.10%   140  795s
 67761 43835  206.75774   66   98  208.00000  203.63038  2.10%   140  800s
 68173 44167  203.87657   50  215  208.00000  203.63154  2.10%   140  805s
 68643 44521  203.66679   44  248  208.00000  203.63242  2.10%   140  810s
 69110 44862  204.47428   54  300  208.00000  203.63439  2.10%   140  815s
 69524 45178     cutoff   92       208.00000  203.63574  2.10%   141  820s
 69975 45483  203.72556   45  370  208.00000  203.63653  2.10%   141  825s
 70381 45781  204.09874   59  299  208.00000  203.63795  2.10%   141  830s
 70857 46157  204.05281   58  189  208.00000  203.63892  2.10%   141  835s
 71305 46506  206.00000   81  128  208.00000  203.64106  2.10%   141  840s
 71744 46834  205.71254   64  132  208.00000  203.64282  2.09%   141  845s
 72133 47130  206.54851  103   79  208.00000  203.64496  2.09%   141  850s
 72640 47509  204.50241   41  245  208.00000  203.64649  2.09%   141  855s
 73127 47876  205.01151   70  184  208.00000  203.64842  2.09%   141  860s
 73603 48205  204.24637   53  118  208.00000  203.65270  2.09%   141  865s
 74082 48581  204.51538   57   97  208.00000  203.65338  2.09%   141  870s
 74629 49011  204.21051   50  232  208.00000  203.65457  2.09%   141  875s
 75063 49328  203.97557   54  303  208.00000  203.65632  2.09%   141  880s
 75575 49716  204.90776   56  107  208.00000  203.65837  2.09%   141  885s
 76037 50061  204.94422   81   88  208.00000  203.65994  2.09%   141  890s
 76558 50448  204.92505   76  122  208.00000  203.66174  2.09%   141  895s
 77044 50799  204.46285   55  193  208.00000  203.66259  2.09%   141  900s
 77616 51230  205.73705   72  155  208.00000  203.66369  2.08%   141  905s
 78047 51539  205.10540   62  119  208.00000  203.66468  2.08%   141  910s
 78433 51810  204.10444   45  238  208.00000  203.66596  2.08%   141  915s
 78822 52105  206.38815   77  128  208.00000  203.66672  2.08%   141  920s
 79268 52426  205.41414   69  168  208.00000  203.66807  2.08%   141  925s
 79760 52806  206.03627   92  131  208.00000  203.67017  2.08%   141  930s
 80253 53147  204.15257   51  174  208.00000  203.67229  2.08%   141  935s
 80736 53528  206.69952   96  121  208.00000  203.67319  2.08%   141  940s
 81184 53821  203.92571   48  302  208.00000  203.67584  2.08%   141  945s
 81629 54156  204.60997   57  167  208.00000  203.67666  2.08%   141  950s
 82115 54524  205.73896   75   75  208.00000  203.67789  2.08%   141  955s
 82584 54862  203.89414   44  227  208.00000  203.67928  2.08%   141  960s
 83005 55167  204.72056   66  129  208.00000  203.68058  2.08%   141  965s
 83455 55506  204.40369   46  224  208.00000  203.68170  2.08%   141  970s
 83932 55880  203.80100   45  295  208.00000  203.68249  2.08%   141  975s
 84387 56228  205.62090   60   83  208.00000  203.68380  2.08%   142  980s
 84766 56481  206.77282   67  117  208.00000  203.68500  2.07%   142  985s
 85154 56750  206.44496   45  324  208.00000  203.68648  2.07%   142  990s
 85547 57054  204.08396   42  221  208.00000  203.68785  2.07%   142  995s
 86055 57415  203.92215   66  201  208.00000  203.68890  2.07%   142 1000s
 86452 57709  204.15869   61  157  208.00000  203.68952  2.07%   142 1005s
 86488 57735  204.22544   54  150  208.00000  203.68954  2.07%   142 1016s
 86739 57918  204.06495   48  204  208.00000  203.68987  2.07%   142 1020s
 87131 58230  205.68720   76  126  208.00000  203.69052  2.07%   142 1025s
 87544 58513  204.97032   62  147  208.00000  203.69180  2.07%   142 1030s
 87922 58795  204.30334   70  158  208.00000  203.69306  2.07%   143 1035s
 88363 59105  203.83643   55  340  208.00000  203.69448  2.07%   143 1040s
 88809 59443  204.56981   66  358  208.00000  203.69642  2.07%   143 1045s
 89242 59781  204.03801   47  291  208.00000  203.69779  2.07%   143 1050s
 89730 60126  204.04702   45  202  208.00000  203.69917  2.07%   143 1055s
 90148 60454  204.92054   58  157  208.00000  203.69981  2.07%   143 1060s
 90598 60787  204.28235   48  300  208.00000  203.70116  2.07%   143 1065s
 91072 61140  204.60122   61  215  208.00000  203.70173  2.07%   143 1070s
 91487 61438  205.12435   65  153  208.00000  203.70264  2.07%   143 1075s
 91956 61747  205.70364   67  110  208.00000  203.70345  2.07%   143 1080s
 92421 62088  204.22580   55  246  208.00000  203.70498  2.06%   143 1085s
 92855 62417  205.03558   62   95  208.00000  203.70583  2.06%   143 1090s
 93331 62776  204.34624   57  193  208.00000  203.70686  2.06%   143 1095s
 93761 63114  204.40394   46  226  208.00000  203.70795  2.06%   143 1100s
 94230 63426  205.00000   60  104  208.00000  203.70850  2.06%   143 1105s
 94719 63788  204.78537   59   91  208.00000  203.70906  2.06%   143 1110s
 95190 64148  206.00000   98   44  208.00000  203.71056  2.06%   143 1115s
 95671 64480  204.33379   47  348  208.00000  203.71112  2.06%   143 1120s
 96146 64842  204.58621   70  188  208.00000  203.71180  2.06%   143 1125s
 96616 65182  204.47925   53  294  208.00000  203.71332  2.06%   143 1130s
 97191 65589  204.03359   50  304  208.00000  203.71429  2.06%   143 1135s
 97548 65841  204.25926   59  203  208.00000  203.71511  2.06%   143 1140s
 97952 66144  203.82504   44  343  208.00000  203.71612  2.06%   143 1145s
 98376 66470  204.59995   59  176  208.00000  203.71654  2.06%   143 1150s
 98807 66799  204.80362   51  169  208.00000  203.71743  2.06%   143 1155s
 99263 67116  204.28793   48  246  208.00000  203.71883  2.06%   143 1160s
 99662 67422  205.68877   62  114  208.00000  203.71976  2.06%   144 1165s
 100064 67725  204.13866   52  227  208.00000  203.72071  2.06%   144 1170s
 100462 68019  204.21897   47  213  208.00000  203.72143  2.06%   144 1175s
 100972 68417  205.18239   56  113  208.00000  203.72274  2.06%   144 1180s
 101483 68782  204.23061   63  221  208.00000  203.72347  2.06%   144 1185s
 101991 69167  204.78332   63   99  208.00000  203.72467  2.06%   144 1190s
 102456 69527  204.39554   49  273  208.00000  203.72549  2.06%   144 1195s
 102955 69890  206.21443  101   88  208.00000  203.72634  2.05%   144 1200s
 103500 70252  204.09704   51  320  208.00000  203.72818  2.05%   143 1205s
 103956 70600  205.80675   62   87  208.00000  203.72894  2.05%   143 1210s
 104420 70918  206.42924   90   96  208.00000  203.73054  2.05%   144 1215s
 104871 71249  205.15324   46  127  208.00000  203.73178  2.05%   144 1220s
 105271 71540  205.84407   62  125  208.00000  203.73332  2.05%   144 1225s
 105753 71862  204.35771   67  172  208.00000  203.73441  2.05%   144 1230s
 106242 72232  205.20220   62   65  208.00000  203.73517  2.05%   144 1235s
 106685 72565  205.57721   82   93  208.00000  203.73594  2.05%   144 1240s
 107187 72896  206.49814   80  105  208.00000  203.73673  2.05%   144 1245s
 107673 73272  204.60121   53  283  208.00000  203.73785  2.05%   144 1250s
 108141 73565  204.13034   55  268  208.00000  203.73844  2.05%   144 1255s
 108522 73852  207.00000   93   63  208.00000  203.73942  2.05%   144 1260s
 108950 74167  204.31881   49  320  208.00000  203.73980  2.05%   144 1265s
 109437 74524  204.36145   47  209  208.00000  203.74072  2.05%   144 1270s
 109899 74888  206.29154   79   80  208.00000  203.74151  2.05%   144 1275s
 110394 75278  206.04053  100   67  208.00000  203.74217  2.05%   144 1280s
 110808 75581  206.76490   99  107  208.00000  203.74291  2.05%   144 1285s
 111249 75908  204.48577   51  270  208.00000  203.74405  2.05%   144 1290s
 111747 76252  204.32929   51  194  208.00000  203.74492  2.05%   144 1295s
 112188 76599  206.10859   96  101  208.00000  203.74587  2.05%   144 1300s
 112588 76887  204.10544   69  310  208.00000  203.74706  2.04%   144 1305s
 113026 77203     cutoff   73       208.00000  203.74808  2.04%   144 1310s
 113435 77495  205.19699   63  127  208.00000  203.74889  2.04%   144 1315s
 113936 77870  204.52704   62  203  208.00000  203.74965  2.04%   144 1320s
 114422 78244  206.17809   84  117  208.00000  203.75017  2.04%   144 1325s
 114885 78596  205.50141   70  140  208.00000  203.75108  2.04%   144 1330s
 115266 78869  205.01050   58   88  208.00000  203.75266  2.04%   144 1335s
 115736 79246  206.67966   95   69  208.00000  203.75346  2.04%   144 1340s
 116134 79538  205.02591   63  147  208.00000  203.75445  2.04%   144 1345s
 116596 79840  206.92579   84   31  208.00000  203.75480  2.04%   144 1350s
 116997 80125  204.03117   56  239  208.00000  203.75551  2.04%   144 1355s
 117476 80469  206.59054   96  143  208.00000  203.75592  2.04%   144 1360s
 117860 80734  204.28986   52  318  208.00000  203.75634  2.04%   144 1365s
 118281 81050  204.09631   57  339  208.00000  203.75741  2.04%   144 1370s
 118727 81389  206.01132   66  100  208.00000  203.75836  2.04%   145 1375s
 119129 81633  204.11713   53  208  208.00000  203.75921  2.04%   145 1380s
 119562 81959  205.28292   68  131  208.00000  203.75959  2.04%   145 1385s
 119985 82268  205.00000   71  108  208.00000  203.76040  2.04%   145 1390s
 120478 82624  204.40106   55  202  208.00000  203.76085  2.04%   145 1395s
 120865 82906  204.21066   54  333  208.00000  203.76134  2.04%   145 1400s
 121374 83260  205.67975   56  167  208.00000  203.76171  2.04%   145 1405s
 121802 83568  204.00621   66  274  208.00000  203.76268  2.04%   145 1410s
 122267 83929  204.15353   52  217  208.00000  203.76386  2.04%   145 1415s
 122724 84251  204.02775   47  303  208.00000  203.76451  2.04%   145 1420s
 123207 84618  204.29064   44  177  208.00000  203.76528  2.04%   145 1425s
 123696 84958  204.24989   55  233  208.00000  203.76555  2.04%   145 1430s
 124088 85254  205.51627   85  107  208.00000  203.76676  2.04%   145 1435s
 124482 85544  205.66284   64  100  208.00000  203.76740  2.03%   145 1440s
 124914 85867  205.67072   88  111  208.00000  203.76791  2.03%   145 1445s
 125373 86181  204.54903   56  236  208.00000  203.76892  2.03%   145 1450s
 125811 86496  206.00653   73   77  208.00000  203.76963  2.03%   145 1455s
 126323 86845  206.24910   74  112  208.00000  203.77031  2.03%   145 1460s
 126804 87219  204.22622   50  299  208.00000  203.77100  2.03%   145 1465s
 127228 87523  207.00000   77  104  208.00000  203.77128  2.03%   145 1470s
 127714 87842  204.38625   60  183  208.00000  203.77178  2.03%   145 1475s
 128220 88198  204.28010   57  128  208.00000  203.77232  2.03%   145 1480s
 128692 88548  204.46580   54  159  208.00000  203.77300  2.03%   145 1485s
 129169 88897  204.83056   51  196  208.00000  203.77349  2.03%   145 1490s
 129629 89253  204.59206   62  250  208.00000  203.77397  2.03%   145 1495s
 130086 89596  205.36956   58   86  208.00000  203.77493  2.03%   145 1500s
 130548 89941  206.28102   85   72  208.00000  203.77609  2.03%   145 1505s
 130979 90260  205.19163   66   99  208.00000  203.77689  2.03%   145 1510s
 131504 90634  204.11167   47  328  208.00000  203.77739  2.03%   145 1515s
 131970 90963  204.14684   55  264  208.00000  203.77814  2.03%   145 1520s
 132442 91288  204.34787   54  212  208.00000  203.77897  2.03%   145 1525s
 132887 91632  204.73348   68  186  208.00000  203.77985  2.03%   145 1530s
 133343 91962  205.29282   57  132  208.00000  203.78121  2.03%   145 1535s
 133811 92302  205.40488   75  116  208.00000  203.78208  2.03%   145 1540s
 134217 92613  204.08577   52  207  208.00000  203.78246  2.03%   145 1545s
 134682 92947  204.16000   62  314  208.00000  203.78336  2.03%   145 1550s
 135122 93250  204.25644   49  198  208.00000  203.78423  2.03%   145 1555s
 135595 93597  205.54121   62  125  208.00000  203.78487  2.03%   145 1560s
 136063 93907  205.99629   85  138  208.00000  203.78615  2.03%   145 1565s
 136521 94248  204.02873   49  231  208.00000  203.78691  2.03%   145 1570s
 136934 94550  204.16297   53  235  208.00000  203.78772  2.03%   145 1575s
 137437 94900  204.37131   67  203  208.00000  203.78836  2.02%   145 1580s
 137910 95232  204.50085   62  159  208.00000  203.78932  2.02%   145 1585s
 138469 95603  203.79329   60  354  208.00000  203.79020  2.02%   145 1590s
 138928 95927  204.01856   50  166  208.00000  203.79079  2.02%   145 1595s
 139351 96270  205.03307   66   99  208.00000  203.79113  2.02%   145 1600s
 139823 96602  204.15676   49  307  208.00000  203.79147  2.02%   145 1605s
 140235 96910  204.61634   74  141  208.00000  203.79188  2.02%   145 1610s
 140720 97288  204.89064   78  147  208.00000  203.79223  2.02%   145 1615s
 141163 97605  204.44100   68  150  208.00000  203.79273  2.02%   145 1620s
 141632 97968  204.71065   62  214  208.00000  203.79320  2.02%   145 1625s
 142066 98277  204.51012   59  210  208.00000  203.79404  2.02%   145 1630s
 142495 98597  205.52546   55  122  208.00000  203.79450  2.02%   145 1635s
 143001 98982  204.68424   46  236  208.00000  203.79520  2.02%   145 1640s
 143529 99356  203.93034   54  356  208.00000  203.79580  2.02%   145 1645s
 143902 99619  204.05279   48  189  208.00000  203.79615  2.02%   145 1650s
 144380 99995  205.45748   51  185  208.00000  203.79675  2.02%   145 1655s
 144838 100326  205.48739   89  104  208.00000  203.79717  2.02%   145 1660s
 145267 100648  206.76458   78  100  208.00000  203.79790  2.02%   145 1665s
 145631 100913  204.26096   55  202  208.00000  203.79831  2.02%   145 1670s
 146050 101234  205.05307   81  128  208.00000  203.79890  2.02%   145 1675s
 146561 101605  207.00000  129   46  208.00000  203.79968  2.02%   145 1680s
 146984 101885  204.44918   45  309  208.00000  203.80036  2.02%   145 1685s
 147392 102207  204.73648   58  202  208.00000  203.80097  2.02%   145 1690s
 147832 102529  206.00000   93   78  208.00000  203.80179  2.02%   145 1695s
 148296 102864  203.84373   43  373  208.00000  203.80284  2.02%   145 1700s
 148698 103171  205.03772   78  143  208.00000  203.80352  2.02%   145 1705s
 149131 103474  204.90432   74  138  208.00000  203.80395  2.02%   145 1710s
 149596 103799     cutoff   67       208.00000  203.80465  2.02%   145 1715s
 150006 104109  204.21478   48  225  208.00000  203.80563  2.02%   145 1720s
 150434 104419  205.46296   70  117  208.00000  203.80626  2.02%   145 1725s
 150859 104705  205.54403   71  175  208.00000  203.80710  2.02%   145 1730s
 151336 105051  205.12660   55   90  208.00000  203.80766  2.02%   145 1735s
 151783 105383  204.96083   65  188  208.00000  203.80824  2.02%   145 1740s
 152189 105673  204.58213   68  150  208.00000  203.80877  2.02%   145 1745s
 152681 106039  204.68864   53  316  208.00000  203.80958  2.01%   145 1750s
 153123 106364  206.10079  105   90  208.00000  203.81021  2.01%   145 1755s
 153538 106681  206.33155   87  104  208.00000  203.81079  2.01%   145 1760s
 153936 106972  204.48270   66  143  208.00000  203.81158  2.01%   145 1765s
 154376 107286  205.50000   61   77  208.00000  203.81215  2.01%   146 1770s
 154830 107631  206.77778   90   75  208.00000  203.81298  2.01%   146 1775s
 155289 107970  204.62674   51  269  208.00000  203.81322  2.01%   146 1780s
 155728 108304  206.88727   97  118  208.00000  203.81357  2.01%   146 1785s
 156196 108644  204.03870   49  336  208.00000  203.81406  2.01%   146 1790s
 156677 108998  205.07593   70  159  208.00000  203.81474  2.01%   146 1795s
 157113 109317  206.00000  103   96  208.00000  203.81533  2.01%   146 1800s
 157550 109609  204.16672   44  281  208.00000  203.81570  2.01%   146 1805s
 158125 110052  204.41319   46  298  208.00000  203.81615  2.01%   146 1810s
 158498 110320  206.04365   63   93  208.00000  203.81673  2.01%   146 1815s
 159068 110690  206.00000   98   46  208.00000  203.81738  2.01%   146 1820s
 159487 110996  207.00000   87   73  208.00000  203.81796  2.01%   146 1825s
 159918 111327  205.51507   96   79  208.00000  203.81841  2.01%   146 1830s
 160354 111610  204.65572   64  196  208.00000  203.81887  2.01%   146 1835s
 160839 111955  204.42135   47  293  208.00000  203.81981  2.01%   146 1840s
 161273 112287  204.14302   59  241  208.00000  203.82038  2.01%   146 1845s
 161754 112626  206.35717   67   59  208.00000  203.82087  2.01%   146 1850s
 162214 112964  204.31738   62  252  208.00000  203.82156  2.01%   146 1855s
 162659 113261  204.11097   41  236  208.00000  203.82226  2.01%   146 1860s
 163063 113539  204.98655   64  114  208.00000  203.82256  2.01%   146 1865s
 163567 113930  207.00000   79   71  208.00000  203.82314  2.01%   146 1870s
 164012 114256  205.57896   67  120  208.00000  203.82363  2.01%   146 1875s
 164395 114544  204.62090   56  237  208.00000  203.82453  2.01%   146 1880s
 164831 114875  204.11260   56  146  208.00000  203.82491  2.01%   146 1885s
 165296 115201  204.32046   54  269  208.00000  203.82542  2.01%   146 1890s
 165668 115481  206.64333  106   50  208.00000  203.82620  2.01%   146 1895s
 166160 115820  206.23853   99   98  208.00000  203.82713  2.01%   146 1900s
 166574 116110  205.08038   89   97  208.00000  203.82781  2.01%   146 1905s
 167031 116439  205.73015   65  113  208.00000  203.82837  2.01%   146 1910s
 167459 116756  205.65777   75  138  208.00000  203.82903  2.01%   146 1915s
 167887 117082  205.50000   59   84  208.00000  203.82982  2.00%   146 1920s
 168333 117385  205.32795   63  150  208.00000  203.83066  2.00%   146 1925s
 168804 117745     cutoff   73       208.00000  203.83131  2.00%   146 1930s
 169255 118064  203.89419   54  285  208.00000  203.83169  2.00%   146 1935s
 169709 118374  203.95654   53  299  208.00000  203.83204  2.00%   146 1940s
 170144 118697  204.27911   57  283  208.00000  203.83274  2.00%   146 1945s
 170564 119005  206.12417   94  109  208.00000  203.83309  2.00%   146 1950s
 170928 119249  204.70731   45  141  208.00000  203.83371  2.00%   146 1955s
 171382 119578  204.40992   54  234  208.00000  203.83455  2.00%   146 1960s
 171857 119937  205.38226   89   77  208.00000  203.83565  2.00%   146 1965s
 172313 120280  204.11956   57  248  208.00000  203.83612  2.00%   146 1970s
 172693 120570  205.30247   56  165  208.00000  203.83646  2.00%   146 1975s
 173169 120908  204.70872   44  313  208.00000  203.83716  2.00%   146 1980s
 173674 121266  205.53352   58  107  208.00000  203.83804  2.00%   146 1985s
 174182 121606  206.55588   90   79  208.00000  203.83852  2.00%   146 1990s
 174654 121894  204.23774   50  279  208.00000  203.83941  2.00%   146 1995s
 175131 122252  203.98373   52  230  208.00000  203.83986  2.00%   146 2000s
 175602 122593  204.56525   47  253  208.00000  203.84024  2.00%   146 2005s
 176044 122924  204.65193   50  199  208.00000  203.84064  2.00%   146 2010s
 176435 123215  205.82464   89  151  208.00000  203.84107  2.00%   146 2015s
 176914 123532  205.28654   97   81  208.00000  203.84228  2.00%   146 2020s
 177418 123922  204.16714   60  319  208.00000  203.84299  2.00%   146 2025s
 177821 124170  204.15974   54  304  208.00000  203.84356  2.00%   146 2030s
 178328 124542  204.25301   55  304  208.00000  203.84392  2.00%   146 2035s
 178737 124854  204.86666   63  188  208.00000  203.84432  2.00%   146 2040s
 179110 125102  204.92607   54  179  208.00000  203.84456  2.00%   146 2045s
 179541 125434     cutoff   99       208.00000  203.84487  2.00%   146 2050s
 179944 125680  206.94658   68   68  208.00000  203.84554  2.00%   146 2055s
 180364 125966  204.34536   58  160  208.00000  203.84630  2.00%   146 2060s
 180856 126315  204.15845   49  251  208.00000  203.84695  2.00%   146 2065s
 181308 126620  204.71633   59  136  208.00000  203.84753  2.00%   146 2070s
 181797 127000  206.01716   89   55  208.00000  203.84797  2.00%   146 2075s
 182230 127284  205.37150   62  127  208.00000  203.84869  2.00%   146 2080s
 182667 127598  206.43183   88  118  208.00000  203.84927  2.00%   146 2085s
 183052 127854  204.14253   63  281  208.00000  203.84995  2.00%   146 2090s
 183451 128148  204.30368   52  279  208.00000  203.85095  1.99%   146 2095s
 183891 128485  205.03956   68  135  208.00000  203.85146  1.99%   146 2100s
 184311 128778  205.72211   56  118  208.00000  203.85193  1.99%   146 2105s
 184705 129062  204.72391   54  178  208.00000  203.85240  1.99%   146 2110s
 185109 129350  204.36718   51  189  208.00000  203.85308  1.99%   146 2115s
 185554 129642  205.53593   64  111  208.00000  203.85354  1.99%   146 2120s
 186044 129968  204.45077   56  307  208.00000  203.85407  1.99%   146 2125s
 186452 130258  205.16869   52  208  208.00000  203.85452  1.99%   146 2130s
 186880 130571  204.62153   45  296  208.00000  203.85506  1.99%   146 2135s
 187323 130893  205.17153   59  111  208.00000  203.85556  1.99%   146 2140s
 187713 131178  204.77581   54  219  208.00000  203.85609  1.99%   146 2145s
 188178 131505  204.35979   51  327  208.00000  203.85662  1.99%   146 2150s
 188579 131797  204.10754   60  264  208.00000  203.85719  1.99%   146 2155s
 189003 132099  204.19735   51  207  208.00000  203.85753  1.99%   146 2160s
 189429 132391  205.12784   66  197  208.00000  203.85821  1.99%   146 2165s
 189824 132677  205.50000   90   75  208.00000  203.85869  1.99%   147 2170s
 190234 132956     cutoff   82       208.00000  203.85910  1.99%   147 2175s
 190702 133301  205.50000   63   88  208.00000  203.86025  1.99%   147 2180s
 191217 133680  204.34339   51  168  208.00000  203.86090  1.99%   147 2185s
 191667 133997  204.85753   49   79  208.00000  203.86153  1.99%   147 2190s
 192080 134312  205.58725   76  123  208.00000  203.86215  1.99%   147 2195s
 192492 134563  205.71677   94   67  208.00000  203.86307  1.99%   147 2200s
 192926 134869  204.72164   70  119  208.00000  203.86333  1.99%   147 2205s
 193375 135194  204.56176   61  173  208.00000  203.86401  1.99%   147 2210s
 193796 135510  204.54525   55  207  208.00000  203.86429  1.99%   147 2215s
 194306 135887  204.26925   52  244  208.00000  203.86484  1.99%   147 2220s
 194717 136183  205.37249   72  146  208.00000  203.86555  1.99%   147 2225s
 195197 136534  205.49547   79  108  208.00000  203.86644  1.99%   147 2230s
 195582 136819  205.62186   74   95  208.00000  203.86720  1.99%   147 2235s
 195992 137085  204.72757   49  232  208.00000  203.86757  1.99%   147 2240s
 196413 137398  204.50997   54  245  208.00000  203.86837  1.99%   147 2245s
 196832 137699  204.74970   54  302  208.00000  203.86904  1.99%   147 2250s
 197221 137951  204.31631   47  222  208.00000  203.86931  1.99%   147 2255s
 197682 138284  204.10365   67  316  208.00000  203.86963  1.99%   147 2260s
 198135 138638  206.12889   71  107  208.00000  203.86990  1.99%   147 2265s
 198497 138908  205.22222   57  117  208.00000  203.87044  1.99%   147 2270s
 198910 139223  205.78469   88  121  208.00000  203.87069  1.99%   147 2275s
 199347 139533  204.11441   45  209  208.00000  203.87111  1.99%   147 2280s
 199795 139874  204.46054   54  251  208.00000  203.87136  1.98%   147 2285s
 200228 140190  204.03159   55  331  208.00000  203.87157  1.98%   147 2290s
 200688 140488  205.99999   66  111  208.00000  203.87215  1.98%   147 2295s
 201117 140817  206.10377   72  148  208.00000  203.87246  1.98%   147 2300s
 201506 141070  206.58859   79  108  208.00000  203.87295  1.98%   147 2305s
 201968 141425  206.69095   75   91  208.00000  203.87341  1.98%   147 2310s
 202366 141698  206.37241   81  102  208.00000  203.87391  1.98%   147 2315s
 202825 142059  205.77897   57  171  208.00000  203.87414  1.98%   147 2320s
 203217 142327  204.37748   54  367  208.00000  203.87489  1.98%   147 2325s
 203623 142617  205.00000   60   69  208.00000  203.87544  1.98%   147 2330s
 204013 142882  204.07153   45  337  208.00000  203.87612  1.98%   147 2335s
 204415 143174  203.97973   50  331  208.00000  203.87663  1.98%   147 2340s
 204893 143536  205.46193   74  117  208.00000  203.87704  1.98%   147 2345s
 205382 143888  204.69010   54  159  208.00000  203.87725  1.98%   147 2350s
 205928 144261  204.83413   60  125  208.00000  203.87783  1.98%   147 2355s
 206396 144584  204.56342   53  184  208.00000  203.87794  1.98%   147 2360s
 206863 144875  205.49319   56  115  208.00000  203.87848  1.98%   147 2365s
 207311 145181  204.84608   60   93  208.00000  203.87906  1.98%   147 2370s
 207798 145523  206.01377   78  108  208.00000  203.87965  1.98%   147 2375s
 208339 145945  205.90294   97   84  208.00000  203.88010  1.98%   147 2380s
 208891 146304  204.19274   48  295  208.00000  203.88032  1.98%   147 2385s
 209346 146617  206.28959   68  103  208.00000  203.88068  1.98%   147 2390s
 209762 146911  206.13190  100   80  208.00000  203.88101  1.98%   147 2395s
 210140 147157  205.30710   76  118  208.00000  203.88142  1.98%   147 2400s
 210644 147521  204.56024   57  207  208.00000  203.88168  1.98%   147 2405s
 211095 147867  204.90046   76  149  208.00000  203.88188  1.98%   147 2410s
 211550 148214  204.34030   51  268  208.00000  203.88254  1.98%   147 2415s
 212058 148592  204.76500   74  129  208.00000  203.88314  1.98%   147 2420s
 212424 148843  204.48839   52  241  208.00000  203.88364  1.98%   147 2425s
 212955 149215  204.02910   50  265  208.00000  203.88388  1.98%   147 2430s
 213356 149505  206.35805   60  116  208.00000  203.88423  1.98%   147 2435s
 213808 149836  204.89325   52  209  208.00000  203.88489  1.98%   147 2440s
 214294 150179  206.89503   66  102  208.00000  203.88506  1.98%   147 2445s
 214739 150485  207.00000   92   52  208.00000  203.88579  1.98%   147 2450s
 215207 150823  206.15869   68   93  208.00000  203.88605  1.98%   147 2455s
 215623 151102  204.35011   64  248  208.00000  203.88667  1.98%   147 2460s
 216037 151373  204.41571   58  343  208.00000  203.88718  1.98%   147 2465s
 216461 151677  204.28091   48  284  208.00000  203.88751  1.98%   147 2470s
 216935 152020  204.08657   59  268  208.00000  203.88793  1.98%   147 2475s
 217363 152326  205.78208   99   61  208.00000  203.88833  1.98%   147 2480s
 217816 152651  205.87334   63  191  208.00000  203.88853  1.98%   147 2485s
 218226 152936  206.50000   94   78  208.00000  203.88881  1.98%   147 2490s
 218712 153265  203.96936   47  313  208.00000  203.88932  1.98%   147 2495s
 219163 153602  204.29659   52  144  208.00000  203.88979  1.98%   147 2500s
 219755 154046  207.00000  112   18  208.00000  203.89042  1.98%   147 2505s
 220176 154304  205.54662   65  157  208.00000  203.89077  1.98%   147 2510s
 220529 154580  204.51248   54  323  208.00000  203.89135  1.98%   147 2515s
 220990 154935  206.52986   81  101  208.00000  203.89170  1.98%   147 2520s
 221402 155227  205.71326   70  147  208.00000  203.89250  1.97%   147 2525s
 221827 155541  204.68981   54  208  208.00000  203.89286  1.97%   147 2530s
 222275 155841  204.54048   49  179  208.00000  203.89334  1.97%   147 2535s
 222761 156213  205.10337   60   72  208.00000  203.89390  1.97%   147 2540s
 223252 156555  204.98976   54  144  208.00000  203.89446  1.97%   147 2545s
 223702 156893  204.18318   48  271  208.00000  203.89501  1.97%   147 2550s
 224103 157157  204.47738   52  169  208.00000  203.89545  1.97%   147 2555s
 224535 157449  204.23309   55  299  208.00000  203.89591  1.97%   147 2560s
 225011 157770  204.18315   48  272  208.00000  203.89662  1.97%   147 2565s
 225407 158064  203.96249   54  202  208.00000  203.89681  1.97%   147 2570s
 225849 158390  204.11668   57  365  208.00000  203.89801  1.97%   147 2575s
 226267 158692  205.62194   81  134  208.00000  203.89865  1.97%   147 2580s
 226681 158987  205.51432   77  125  208.00000  203.89907  1.97%   147 2585s
 227167 159334  206.26549   93   89  208.00000  203.89963  1.97%   147 2590s
 227578 159609  205.17209   61  220  208.00000  203.90016  1.97%   147 2595s
 227999 159920  204.24316   57  281  208.00000  203.90052  1.97%   147 2600s
 228427 160207  207.00000   83   35  208.00000  203.90081  1.97%   147 2605s
 228885 160501  206.53545   87   81  208.00000  203.90161  1.97%   147 2610s
 229310 160793  207.00000   60   91  208.00000  203.90242  1.97%   147 2615s
 229707 161066  206.25091   78   86  208.00000  203.90277  1.97%   147 2620s
 230178 161379  204.81597   66  276  208.00000  203.90329  1.97%   147 2625s
 230584 161655  204.18265   60  283  208.00000  203.90365  1.97%   147 2630s
 231038 161997  204.71895   54  254  208.00000  203.90396  1.97%   147 2635s
 231470 162326  204.62670   56  149  208.00000  203.90441  1.97%   147 2640s
 231906 162651  204.45106   45  272  208.00000  203.90502  1.97%   147 2645s
 232341 162975     cutoff   83       208.00000  203.90534  1.97%   147 2650s
 232842 163357  205.05169   71  102  208.00000  203.90562  1.97%   147 2655s
 233236 163642  205.10751   69  140  208.00000  203.90590  1.97%   147 2660s
 233685 163985  205.66784   73  105  208.00000  203.90620  1.97%   147 2665s
 234141 164322  205.99146   76   94  208.00000  203.90648  1.97%   147 2670s
 234520 164579  204.50358   54  204  208.00000  203.90692  1.97%   147 2675s
 234902 164833  204.89013   73  147  208.00000  203.90728  1.97%   147 2680s
 235369 165185  207.00000  101   43  208.00000  203.90812  1.97%   147 2685s
 235658 165379  205.07673   58  165  208.00000  203.90834  1.97%   147 2711s
 235904 165560  205.49952   68  164  208.00000  203.90840  1.97%   147 2715s
 236300 165833  205.43529   73  107  208.00000  203.90900  1.97%   147 2720s
 236792 166182  206.16385   71   96  208.00000  203.90947  1.97%   147 2725s
 237211 166474  205.90620   87   92  208.00000  203.91003  1.97%   147 2730s
 237643 166782  207.00000   67   30  208.00000  203.91045  1.97%   147 2735s
 238140 167124  204.17215   55  279  208.00000  203.91105  1.97%   147 2740s
 238520 167392  204.24043   57  263  208.00000  203.91148  1.97%   147 2745s
 238928 167667  204.95339   60  213  208.00000  203.91197  1.97%   147 2750s
 239373 168002  206.60820   94   66  208.00000  203.91229  1.97%   147 2755s
 239902 168377  205.93038   71  192  208.00000  203.91263  1.97%   147 2760s
 240367 168712  206.00000   77   45  208.00000  203.91284  1.96%   147 2765s
 240801 169049 infeasible   92       208.00000  203.91323  1.96%   147 2770s
 241197 169321  204.25450   45  293  208.00000  203.91358  1.96%   147 2775s
 241549 169578  204.47575   51  183  208.00000  203.91417  1.96%   147 2780s
 242045 169909  206.05349   82   63  208.00000  203.91461  1.96%   147 2785s
 242517 170205  204.57493   51  138  208.00000  203.91512  1.96%   147 2790s
 242988 170532  205.02671   57  180  208.00000  203.91570  1.96%   147 2795s
 243420 170834  204.52214   54  273  208.00000  203.91610  1.96%   147 2800s
 243917 171203  207.00000  109   58  208.00000  203.91628  1.96%   147 2805s
 244370 171518  205.04057   71  208  208.00000  203.91671  1.96%   147 2810s
 244831 171824  204.56145   66  247  208.00000  203.91734  1.96%   147 2815s
 245232 172127  206.01460   46   84  208.00000  203.91783  1.96%   147 2820s
 245687 172419  204.55560   57  240  208.00000  203.91829  1.96%   147 2825s
 246071 172677  205.73090   73   93  208.00000  203.91859  1.96%   147 2830s
 246572 173033  204.59929   74  244  208.00000  203.91912  1.96%   147 2835s
 246991 173307  204.55757   61  259  208.00000  203.91936  1.96%   147 2840s
 247464 173666  204.86131   50  158  208.00000  203.91974  1.96%   147 2845s
 247907 173983     cutoff   61       208.00000  203.92023  1.96%   147 2850s
 248373 174297  205.51202   72  108  208.00000  203.92047  1.96%   147 2855s
 248801 174595  205.47803   72  114  208.00000  203.92110  1.96%   147 2860s
 249258 174923  207.00000   58   45  208.00000  203.92168  1.96%   147 2865s
 249659 175227  205.23901   77  166  208.00000  203.92218  1.96%   147 2870s
 250126 175578  205.38798   69  126  208.00000  203.92279  1.96%   147 2875s
 250537 175852  204.77026   45  200  208.00000  203.92315  1.96%   147 2880s
 251060 176263  205.36768   84  154  208.00000  203.92351  1.96%   147 2885s
 251533 176623     cutoff   91       208.00000  203.92373  1.96%   147 2890s
 252025 176940  205.15641   68  239  208.00000  203.92439  1.96%   147 2895s
 252489 177300  205.99749   71  112  208.00000  203.92497  1.96%   147 2900s
 252971 177606  204.44450   60  167  208.00000  203.92523  1.96%   147 2905s
 253425 177945  205.24916   63  229  208.00000  203.92546  1.96%   147 2910s
 253830 178236  204.41273   48  264  208.00000  203.92597  1.96%   147 2915s
 254241 178520  204.61254   50  267  208.00000  203.92665  1.96%   147 2920s
 254653 178816  204.64426   55  233  208.00000  203.92718  1.96%   147 2925s
 255142 179171  206.65994   76   88  208.00000  203.92766  1.96%   147 2930s
 255606 179522  204.50830   43  286  208.00000  203.92801  1.96%   147 2935s
 256069 179824  205.04016   52  171  208.00000  203.92843  1.96%   147 2940s
 256496 180121  204.20297   58  171  208.00000  203.92883  1.96%   147 2945s
 257003 180464  204.52979   53  216  208.00000  203.92926  1.96%   147 2950s
 257371 180737  206.40110   77   85  208.00000  203.92956  1.96%   147 2955s
 257858 181094  204.53957   64  206  208.00000  203.92994  1.96%   147 2960s
 258300 181400  203.97202   51  340  208.00000  203.93057  1.96%   147 2965s
 258753 181754  204.42676   56  135  208.00000  203.93089  1.96%   147 2970s
 259231 182096  204.58466   55  218  208.00000  203.93138  1.96%   147 2975s
 259708 182420  204.79131   49  197  208.00000  203.93184  1.96%   147 2980s
 260104 182698  204.13033   38  351  208.00000  203.93227  1.96%   147 2985s
 260564 182994  204.37903   53  299  208.00000  203.93265  1.96%   147 2990s
 260977 183315  206.15694   99  125  208.00000  203.93309  1.96%   147 2995s
 261471 183639  204.27485   58  143  208.00000  203.93349  1.96%   147 3000s
 261901 183935  204.55806   56  104  208.00000  203.93396  1.95%   147 3005s
 262346 184290  206.53049   84   84  208.00000  203.93422  1.95%   147 3010s
 262765 184569  205.29899   68  133  208.00000  203.93473  1.95%   147 3015s
 263178 184883  205.72697   62  172  208.00000  203.93516  1.95%   147 3020s
 263561 185175  206.81905   99   78  208.00000  203.93557  1.95%   147 3025s
 264050 185484     cutoff   72       208.00000  203.93589  1.95%   147 3030s
 264427 185750  206.79244   60   92  208.00000  203.93615  1.95%   147 3035s
 264854 186039  206.44273   98   75  208.00000  203.93656  1.95%   147 3040s
 265254 186302  204.50507   54  191  208.00000  203.93684  1.95%   147 3045s
 265667 186591  204.32849   54  333  208.00000  203.93741  1.95%   147 3050s
 266152 186944  204.37924   49  192  208.00000  203.93771  1.95%   147 3055s
 266617 187295  205.33532   71  141  208.00000  203.93798  1.95%   147 3060s
 267020 187585  204.42564   59  112  208.00000  203.93833  1.95%   147 3065s
 267446 187907  206.31223   60   90  208.00000  203.93868  1.95%   147 3070s
 267924 188254  204.51877   61  215  208.00000  203.93907  1.95%   147 3075s
 268374 188551  205.72221   78  135  208.00000  203.93940  1.95%   147 3080s
 268852 188896  207.00000   77   32  208.00000  203.93995  1.95%   147 3085s
 269304 189236  206.16378   61   56  208.00000  203.94036  1.95%   147 3090s
 269725 189523  205.35737   80  145  208.00000  203.94082  1.95%   147 3095s
 270131 189821  206.93206   91   90  208.00000  203.94119  1.95%   147 3100s
 270495 190090  206.79690   71   95  208.00000  203.94150  1.95%   147 3105s
 270985 190416  205.99197   62   98  208.00000  203.94198  1.95%   147 3110s
 271459 190782  204.68416   55  184  208.00000  203.94245  1.95%   147 3115s
 271965 191129  206.60716   81  127  208.00000  203.94278  1.95%   147 3120s
 272400 191463  206.68337   73   89  208.00000  203.94351  1.95%   147 3125s
 272821 191732  204.50588   51  255  208.00000  203.94387  1.95%   147 3130s
 273314 192102  204.46236   55  307  208.00000  203.94440  1.95%   147 3135s
 273744 192415  206.72469   71  146  208.00000  203.94503  1.95%   147 3140s
 274164 192696  205.97502   78   58  208.00000  203.94537  1.95%   147 3145s
 274643 193043  204.97215   56  234  208.00000  203.94582  1.95%   147 3150s
 275090 193331  204.19773   56  221  208.00000  203.94613  1.95%   147 3155s
 275536 193669  204.26464   50  322  208.00000  203.94643  1.95%   147 3160s
 275959 193944  206.24258   76  201  208.00000  203.94662  1.95%   147 3165s
 276420 194240  206.60853   89  103  208.00000  203.94691  1.95%   147 3170s
 276846 194557  204.28237   48  288  208.00000  203.94749  1.95%   147 3175s
 277342 194886  204.13810   46  210  208.00000  203.94782  1.95%   147 3180s
 277715 195158  204.84476   56  202  208.00000  203.94830  1.95%   147 3185s
 278107 195432  204.75616   60  271  208.00000  203.94873  1.95%   147 3190s
 278527 195678  204.56842   52  160  208.00000  203.94921  1.95%   147 3195s
 279002 196032  204.19066   64  257  208.00000  203.94973  1.95%   147 3200s
 279465 196371  205.50000   71  114  208.00000  203.95021  1.95%   147 3205s
 279866 196665  204.65140   62  201  208.00000  203.95049  1.95%   147 3210s
 280353 197042  204.32319   52  267  208.00000  203.95103  1.95%   147 3215s
 280789 197351  205.11740   59   91  208.00000  203.95134  1.95%   147 3220s
 281204 197650  205.90000   80   69  208.00000  203.95174  1.95%   147 3225s
 281631 197955  204.52455   64  140  208.00000  203.95227  1.95%   147 3230s
 282081 198258  205.29090   58  298  208.00000  203.95265  1.95%   147 3235s
 282484 198539  206.12465   83  102  208.00000  203.95350  1.95%   147 3240s
 282997 198893  206.56409   66   98  208.00000  203.95377  1.95%   147 3245s
 283460 199245  206.34637   82   67  208.00000  203.95427  1.95%   147 3250s
 283955 199585  204.54165   48  300  208.00000  203.95467  1.94%   147 3255s
 284435 199954  206.24820   84  116  208.00000  203.95498  1.94%   147 3260s
 284867 200272  204.55540   44  173  208.00000  203.95530  1.94%   147 3265s
 285354 200628  205.06288   58  294  208.00000  203.95553  1.94%   147 3270s
 285790 200924  204.84650   58  308  208.00000  203.95590  1.94%   147 3275s
 286173 201208  206.47684   82  132  208.00000  203.95612  1.94%   147 3280s
 286620 201492  204.84999   49  146  208.00000  203.95656  1.94%   147 3285s
 287042 201818  204.54586   57  338  208.00000  203.95685  1.94%   147 3290s
 287436 202087  204.94663   61  158  208.00000  203.95714  1.94%   147 3295s
 287819 202346  205.00457   56  193  208.00000  203.95744  1.94%   147 3300s
 288214 202612     cutoff   71       208.00000  203.95777  1.94%   147 3305s
 288639 202932  206.46938   76   73  208.00000  203.95824  1.94%   147 3310s
 289113 203285  206.29436   73   49  208.00000  203.95853  1.94%   147 3315s
 289585 203589  204.11452   60  253  208.00000  203.95877  1.94%   147 3320s
 289986 203872  204.54457   54  245  208.00000  203.95902  1.94%   147 3325s
 290319 204093  206.43940   63   79  208.00000  203.95936  1.94%   147 3330s
 290780 204420  205.34770   71  104  208.00000  203.95949  1.94%   147 3335s
 291192 204696  204.37285   44  253  208.00000  203.95979  1.94%   147 3340s
 291610 205024  206.08745   74   75  208.00000  203.96003  1.94%   147 3345s
 292044 205309  204.71024   51  308  208.00000  203.96039  1.94%   147 3350s
 292455 205594  204.32880   52  295  208.00000  203.96062  1.94%   147 3355s
 292926 205929  205.23082   57  328  208.00000  203.96094  1.94%   147 3360s
 293340 206213  204.56563   57  143  208.00000  203.96114  1.94%   147 3365s
 293761 206505  205.14606   68  171  208.00000  203.96161  1.94%   147 3370s
 294206 206823  205.77810   62  171  208.00000  203.96203  1.94%   147 3375s
 294682 207174  204.78158   55  166  208.00000  203.96220  1.94%   147 3380s
 295131 207482  204.35229   58  306  208.00000  203.96251  1.94%   147 3385s
 295590 207817  205.71133   60  201  208.00000  203.96286  1.94%   147 3390s
 296080 208144  204.99498   62  198  208.00000  203.96315  1.94%   147 3395s
 296496 208446     cutoff  103       208.00000  203.96355  1.94%   147 3400s
 296875 208724  204.17146   55  297  208.00000  203.96389  1.94%   147 3405s
 297339 209079  204.58313   55  287  208.00000  203.96435  1.94%   147 3410s
 297743 209340  204.71129   44  260  208.00000  203.96477  1.94%   147 3415s
 298141 209605  204.07966   53  283  208.00000  203.96512  1.94%   147 3420s
 298623 209948  206.76411   74   71  208.00000  203.96560  1.94%   147 3425s
 299035 210250  205.50326   70  127  208.00000  203.96605  1.94%   147 3430s
 299490 210585  204.94139   56  192  208.00000  203.96626  1.94%   147 3435s
 299972 210923  204.21181   53  292  208.00000  203.96645  1.94%   147 3440s
 300351 211205  204.57208   53  180  208.00000  203.96669  1.94%   147 3445s
 300752 211460  204.20564   48  238  208.00000  203.96705  1.94%   148 3450s
 301200 211809  206.92500   80  106  208.00000  203.96753  1.94%   148 3455s
 301632 212105  205.02883   63  153  208.00000  203.96783  1.94%   148 3460s
 302095 212453  204.94029   62  211  208.00000  203.96818  1.94%   148 3465s
 302583 212797  205.15204   79   86  208.00000  203.96875  1.94%   147 3470s
 303094 213134  205.75546  105   97  208.00000  203.96920  1.94%   147 3475s
 303531 213413  204.07190   57  318  208.00000  203.96940  1.94%   147 3480s
 303999 213738  205.93940   73   79  208.00000  203.96986  1.94%   147 3485s
 304388 214027  204.59455   54  308  208.00000  203.97033  1.94%   148 3490s
 304792 214321  204.41698   54  293  208.00000  203.97071  1.94%   148 3495s
 305285 214686  206.50922   88   90  208.00000  203.97146  1.94%   147 3500s
 305691 214973  205.38927   63  118  208.00000  203.97191  1.94%   148 3505s
 306082 215249  205.90313   96  102  208.00000  203.97233  1.94%   148 3510s
 306589 215626  204.05106   42  265  208.00000  203.97271  1.94%   148 3515s
 307004 215911  204.53541   53  263  208.00000  203.97320  1.94%   148 3520s
 307418 216203  204.90877   59  187  208.00000  203.97355  1.94%   148 3525s
 307880 216577  206.31707  104  110  208.00000  203.97375  1.94%   148 3530s
 308279 216837     cutoff   80       208.00000  203.97410  1.94%   148 3535s
 308719 217126  205.25237   60  226  208.00000  203.97452  1.94%   148 3540s
 309179 217436  205.06076   67  144  208.00000  203.97485  1.94%   148 3545s
 309590 217740  207.00000   99   96  208.00000  203.97512  1.94%   148 3550s
 309997 218032  204.40859   57  282  208.00000  203.97534  1.93%   148 3555s
 310402 218327  204.64021   52  247  208.00000  203.97576  1.93%   148 3560s
 310893 218683  205.77778   65   84  208.00000  203.97588  1.93%   148 3565s
 311365 219037  204.31770   53  238  208.00000  203.97630  1.93%   148 3570s
 311777 219361  206.08534   86   49  208.00000  203.97643  1.93%   148 3575s
 312215 219670  206.07422   76   97  208.00000  203.97672  1.93%   148 3580s
 312705 219953  206.01059   67  124  208.00000  203.97723  1.93%   148 3585s
 313058 220206  205.31494   53  150  208.00000  203.97766  1.93%   148 3590s
 313530 220536  206.00217   77   53  208.00000  203.97808  1.93%   148 3595s

Cutting planes:
  Gomory: 29
  Cover: 478
  Implied bound: 170
  MIR: 1051
  Mixing: 27
  StrongCG: 30
  Flow cover: 2143
  GUB cover: 45
  Inf proof: 39
  Zero half: 32
  RLT: 87
  Relax-and-lift: 165
  BQP: 24

Explored 313971 nodes (46370888 simplex iterations) in 3599.94 seconds (3580.40 work units)
Thread count was 1 (of 16 available processors)

Solution count 10: 208 209 210 ... 221

Time limit reached
Best objective 2.080000000000e+02, best bound 2.040000000000e+02, gap 1.9231%

User-callback calls 1441176, time in user-callback 1.31 sec

 sepatime0
Stat(MathOptInterface.TIME_LIMIT, 208.0, 204.0, 0.019230769230769232, 0.0, 0.064489, 3599.938868045807, 313971, Main.CFLG.LEFP, "", #undef)
