Data path: /scratch/opt/lxu/CFLG/benchmarks/random_B
Instance: r_30_0.3_131.txt
Result path: /scratch/opt/lxu/CFLG/results/random_B
Solver: Gurobi
Time limit: 3600
Formulation: LEVFP
Cover: Small
julia --project=. src/main.jl /scratch/opt/lxu/CFLG/benchmarks/random_B r_30_0.3_131.txt /scratch/opt/lxu/CFLG/results/random_B Gurobi 3600 LEVFP Small
The latest version of Julia in the `release` channel is 1.11.5+0.x64.linux.gnu. You currently have `1.11.4+0.x64.linux.gnu` installed. Run:

  juliaup update

in your terminal shell to install Julia 1.11.5+0.x64.linux.gnu and update the `release` channel to that version.
/scratch/opt/lxu/CFLG/benchmarks/random_B Gurobi 3600.0 /scratch/opt/lxu/CFLG/results/random_B r_30_0.3_131.txt LEVFP Small
/scratch/opt/lxu/CFLG/benchmarks/random_B/r_30_0.3_131.txt

 read graph
data loaded


after absorb:30 30

max_piece:6
problem_graph/original graph: node: 57/30 edge: 158/131 dlt: 0.19944814619946954 break_avg_len: 0.5011067731517165 break_max_len: 0.996803218117645elapsed CPU time: 0.071293 seconds
Set parameter TokenServer to value "solice01.zib.de"
Set parameter Threads to value 1
Set parameter OutputFlag to value 1
Set parameter MIPGap to value 0.0001
Set parameter MIPGapAbs to value 1
Set parameter TimeLimit to value 3599.928707

 model loaded

Gurobi Optimizer version 12.0.1 build v12.0.1rc0 (linux64 - "Debian GNU/Linux 12 (bookworm)")

CPU model: Intel(R) Xeon(R) Gold 5122 CPU @ 3.60GHz, instruction set [SSE2|AVX|AVX2|AVX512]
Thread count: 8 physical cores, 16 logical processors, using up to 1 threads

Non-default parameters:
TimeLimit  3599.928707
MIPGapAbs  1
Threads  1

Optimize a model with 3797 rows, 1818 columns and 10033 nonzeros
Model fingerprint: 0x3c8c1a32
Variable types: 215 continuous, 1603 integer (1603 binary)
Coefficient statistics:
  Matrix range     [2e-06, 1e+00]
  Objective range  [1e+00, 1e+00]
  Bounds range     [5e-02, 4e-01]
  RHS range        [4e-04, 1e+01]
Presolve removed 1847 rows and 412 columns
Presolve time: 0.08s
Presolved: 1950 rows, 1406 columns, 11809 nonzeros
Variable types: 215 continuous, 1191 integer (1191 binary)
Found heuristic solution: objective 266.0000000
Found heuristic solution: objective 262.0000000
Found heuristic solution: objective 261.0000000

Root relaxation: objective 1.310000e+02, 560 iterations, 0.01 seconds (0.01 work units)

    Nodes    |    Current Node    |     Objective Bounds      |     Work
 Expl Unexpl |  Obj  Depth IntInf | Incumbent    BestBd   Gap | It/Node Time

     0     0  131.00000    0   84  261.00000  131.00000  49.8%     -    0s
H    0     0                     258.0000000  131.00000  49.2%     -    0s
H    0     0                     169.0000000  131.00000  22.5%     -    0s
H    0     0                     157.0000000  131.00000  16.6%     -    0s
H    0     0                     156.0000000  131.00000  16.0%     -    0s
     0     0  131.66667    0  126  156.00000  131.66667  15.6%     -    0s
H    0     0                     154.0000000  132.00000  14.3%     -    0s
H    0     0                     153.0000000  132.00000  13.7%     -    0s
     0     0  132.00000    0  141  153.00000  132.00000  13.7%     -    0s
     0     0  132.00000    0  134  153.00000  132.00000  13.7%     -    0s
     0     0  132.00000    0  135  153.00000  132.00000  13.7%     -    0s
     0     0  132.00000    0  132  153.00000  132.00000  13.7%     -    0s
     0     0  132.00000    0  135  153.00000  132.00000  13.7%     -    0s
     0     0  134.40069    0  166  153.00000  134.40069  12.2%     -    0s
     0     0  134.69207    0  161  153.00000  134.69207  12.0%     -    0s
     0     0  134.73177    0  174  153.00000  134.73177  11.9%     -    0s
     0     0  134.73962    0  172  153.00000  134.73962  11.9%     -    0s
     0     0  134.73962    0  174  153.00000  134.73962  11.9%     -    0s
     0     0  136.05244    0  170  153.00000  136.05244  11.1%     -    0s
     0     0  136.24388    0  179  153.00000  136.24388  11.0%     -    0s
     0     0  136.27248    0  192  153.00000  136.27248  10.9%     -    0s
     0     0  136.27248    0  198  153.00000  136.27248  10.9%     -    0s
     0     0  137.21395    0  181  153.00000  137.21395  10.3%     -    0s
     0     0  137.28395    0  182  153.00000  137.28395  10.3%     -    0s
     0     0  137.28395    0  184  153.00000  137.28395  10.3%     -    0s
     0     0  137.40316    0  220  153.00000  137.40316  10.2%     -    0s
H    0     0                     151.0000000  137.40316  9.00%     -    0s
     0     0  137.48186    0  220  151.00000  137.48186  8.95%     -    0s
     0     0  137.62697    0  216  151.00000  137.62697  8.86%     -    0s
     0     0  137.63591    0  218  151.00000  137.63591  8.85%     -    0s
     0     0  137.63608    0  218  151.00000  137.63608  8.85%     -    0s
     0     0  137.92699    0  186  151.00000  137.92699  8.66%     -    0s
H    0     0                     150.0000000  137.96032  8.03%     -    0s
     0     0  137.96032    0  194  150.00000  137.96032  8.03%     -    0s
     0     0  137.96032    0  207  150.00000  137.96032  8.03%     -    0s
     0     0  137.96032    0  214  150.00000  137.96032  8.03%     -    0s
     0     0  138.16818    0  212  150.00000  138.16818  7.89%     -    0s
     0     0  138.32018    0  200  150.00000  138.32018  7.79%     -    0s
     0     0  138.32062    0  213  150.00000  138.32062  7.79%     -    0s
     0     0  138.33577    0  224  150.00000  138.33577  7.78%     -    0s
     0     0  138.35086    0  231  150.00000  138.35086  7.77%     -    0s
     0     0  138.35480    0  240  150.00000  138.35480  7.76%     -    1s
     0     0  138.44905    0  206  150.00000  138.44905  7.70%     -    1s
     0     0  138.46053    0  215  150.00000  138.46053  7.69%     -    1s
     0     0  138.46259    0  216  150.00000  138.46259  7.69%     -    1s
     0     0  138.55200    0  193  150.00000  138.55200  7.63%     -    1s
     0     0  138.55397    0  232  150.00000  138.55397  7.63%     -    1s
     0     0  138.56530    0  217  150.00000  138.56530  7.62%     -    1s
     0     0  138.57667    0  171  150.00000  138.57667  7.62%     -    1s
H    0     0                     149.0000000  138.62612  6.96%     -    1s
     0     2  138.62612    0  170  149.00000  138.62612  6.96%     -    1s
H   26    26                     148.0000000  138.62612  6.33%  69.7    1s
H   26    26                     147.0000000  138.62612  5.70%  69.7    1s
H  528   480                     146.0000000  138.83404  4.91%  27.7    2s
   569   508  145.00000  108  254  146.00000  140.43344  3.81%  25.7    5s
   624   545  143.00000   92  118  146.00000  141.13889  3.33%   100   10s
H  765   610                     145.0000000  141.15625  2.65%   119   13s
   933   668  141.20696   25  183  145.00000  141.16667  2.64%   109   15s
  1745  1001  141.64717   31  121  145.00000  141.20523  2.62%  91.1   20s
  2358  1286  141.45770   28  181  145.00000  141.23810  2.59%  90.0   25s
  3005  1757  142.40189   68  111  145.00000  141.27936  2.57%  89.6   30s
  3885  2348  141.97464   40  152  145.00000  141.31654  2.54%  89.4   35s
  4764  2970  141.47487   30  176  145.00000  141.35258  2.52%  88.6   40s
  5638  3587  141.96469   33  165  145.00000  141.37500  2.50%  88.7   45s
  6476  4149  143.26667   35  105  145.00000  141.40754  2.48%  89.6   50s
  7285  4669  142.00000   34  150  145.00000  141.43400  2.46%  90.4   55s
  7974  5113  142.15340   33  138  145.00000  141.45848  2.44%  90.7   60s
  8426  5401  141.51426   33  213  145.00000  141.46748  2.44%  92.0   65s
  9219  5925  143.00000   41  102  145.00000  141.49865  2.41%  94.1   70s
 10005  6357  142.54369   44  152  145.00000  141.50000  2.41%  95.7   75s
 10203  6476  143.00838   46  171  145.00000  141.50163  2.41%  95.8   89s
 10208  6479  142.03564   35  215  145.00000  141.50163  2.41%  95.8   90s
 10245  6504  142.70000   35  251  145.00000  141.50163  2.41%  95.4   95s
 10268  6519  143.00000   36  264  145.00000  141.50163  2.41%  95.2  100s
 10288  6533  142.61111   34  289  145.00000  141.50163  2.41%  95.0  105s
 10309  6547  143.00000   43  341  145.00000  141.50163  2.41%  94.8  110s
 10336  6565  141.66667   35  307  145.00000  141.50163  2.41%  94.6  115s
 10355  6577  144.00000   64  321  145.00000  141.50163  2.41%  94.4  120s
 10369  6587  142.70737   39  310  145.00000  141.50163  2.41%  94.3  125s
 10387  6599  141.51695   29  369  145.00000  141.50163  2.41%  94.1  130s
 10407  6612  143.06394   56  321  145.00000  141.50163  2.41%  93.9  135s
 10427  6625  142.97645   41  349  145.00000  141.50163  2.41%  93.7  140s
 10439  6635  141.50170   30  260  145.00000  141.50170  2.41%   108  145s
 10749  6753  142.64844   55  104  145.00000  141.53982  2.39%   109  150s
 11038  6872  142.28810   55  128  145.00000  141.57111  2.36%   110  155s
 11351  7007  143.03905   53  144  145.00000  141.60116  2.34%   110  160s
 11645  7116  142.61186   48  144  145.00000  141.62377  2.33%   111  165s
 12024  7252  143.40406   67   81  145.00000  141.68054  2.29%   112  170s
 12501  7427  142.15898   46  179  145.00000  141.74329  2.25%   113  175s
 13002  7584  142.23032   42  200  145.00000  141.76699  2.23%   114  180s
 13416  7732     cutoff   54       145.00000  141.77934  2.22%   115  185s
 13895  7882  142.56359   57  169  145.00000  141.82110  2.19%   115  190s
 14490  8095  143.50000   62   37  145.00000  141.87202  2.16%   116  195s
 15108  8315  143.00221   68  129  145.00000  141.89657  2.14%   116  200s
 15788  8516  142.69140   52  147  145.00000  141.90645  2.13%   116  205s
 16375  8652  143.00000   45  148  145.00000  141.92315  2.12%   116  210s
 16950  8831  142.89517   49  164  145.00000  141.94138  2.11%   117  215s
 17522  9031  143.42035   65  132  145.00000  141.95966  2.10%   117  220s
 18123  9166  142.26031   35  276  145.00000  141.97873  2.08%   118  225s
 18646  9358  144.00000   68   78  145.00000  141.98751  2.08%   118  230s
 19160  9501  142.45752   42  187  145.00000  141.99823  2.07%   119  235s
 19726  9640  142.63218   46  166  145.00000  142.00451  2.07%   119  240s
 20325  9825  143.15036   69  114  145.00000  142.01225  2.06%   120  245s
 20996  9964     cutoff   44       145.00000  142.02334  2.05%   120  250s
 21629 10140  142.12787   46  225  145.00000  142.03493  2.04%   120  255s
 22211 10290  142.24868   40  258  145.00000  142.05042  2.03%   121  260s
 22820 10488  143.94444   55   72  145.00000  142.05935  2.03%   121  265s
 23399 10650  143.22712   61  121  145.00000  142.06759  2.02%   122  270s
 24057 10833  142.43485   41  293  145.00000  142.07715  2.02%   122  275s
 24697 11008  142.77156   49  179  145.00000  142.08244  2.01%   122  280s
 25358 11172  142.18154   36  217  145.00000  142.08806  2.01%   122  285s
 25950 11339  143.00000   43  129  145.00000  142.09608  2.00%   123  290s
 26510 11511  142.70469   45  246  145.00000  142.10510  2.00%   123  295s
 27098 11706  142.66022   43  155  145.00000  142.11151  1.99%   124  300s
 27746 11852  142.81804   48  166  145.00000  142.11892  1.99%   124  305s
 28327 12013  143.65164   59   94  145.00000  142.12731  1.98%   124  310s
 28932 12157  144.00000   63   52  145.00000  142.13207  1.98%   124  315s
 29589 12283  142.46331   45  299  145.00000  142.13856  1.97%   124  320s
 30168 12448  143.66667   53  131  145.00000  142.14409  1.97%   125  325s
 30709 12690  142.63829   48   77  145.00000  142.14722  1.97%   126  330s
 31295 13039  142.46300   46  256  145.00000  142.15135  1.96%   126  335s
 31904 13394  142.60289   43  170  145.00000  142.15491  1.96%   126  340s
 32519 13791  142.34097   44  217  145.00000  142.16268  1.96%   126  345s
 33102 14125  142.79564   46  204  145.00000  142.16728  1.95%   127  350s
 33696 14486  143.15997   57   96  145.00000  142.17315  1.95%   127  355s
 34329 14880     cutoff   79       145.00000  142.17737  1.95%   127  360s
 34956 15258  142.79741   43  168  145.00000  142.17891  1.95%   127  365s
 35573 15616  142.75157   52  174  145.00000  142.18225  1.94%   127  370s
 36173 15976  143.26464   59  150  145.00000  142.18822  1.94%   127  375s
 36758 16314  142.52982   38  193  145.00000  142.19294  1.94%   128  380s
 37383 16655  142.38233   52  229  145.00000  142.19862  1.93%   127  385s
 37986 16971  142.83686   37  202  145.00000  142.20304  1.93%   128  390s
 38421 17170  143.78160   62  109  145.00000  142.20304  1.93%   128  395s
 38970 17471  142.42799   45  157  145.00000  142.20621  1.93%   129  400s
 39614 17847  142.67046   49  226  145.00000  142.21075  1.92%   129  405s
 40157 18171  143.00000   55   76  145.00000  142.21548  1.92%   129  410s
 40742 18473  142.45785   40  276  145.00000  142.21873  1.92%   129  415s
 41224 18787  143.50000   56  152  145.00000  142.22198  1.92%   129  420s
 41733 19052  143.62907   48  133  145.00000  142.22508  1.91%   130  425s
 42333 19400  143.56546   49   84  145.00000  142.23087  1.91%   130  430s
 42877 19705  142.97039   69  118  145.00000  142.23496  1.91%   130  435s
 43479 20050  143.52934   42  128  145.00000  142.23981  1.90%   130  440s
 44033 20379  142.60766   46  176  145.00000  142.24359  1.90%   130  445s
 44654 20706  142.85849   44  211  145.00000  142.24883  1.90%   130  450s
 45162 21004  143.12542   58  104  145.00000  142.25000  1.90%   130  455s
 45645 21260  143.04341   54  141  145.00000  142.25144  1.90%   131  460s
 46221 21576  143.47407   56  136  145.00000  142.25643  1.89%   131  465s
 46823 21934  144.00000   79   39  145.00000  142.26034  1.89%   131  470s
 47381 22252  143.30621   56  108  145.00000  142.26327  1.89%   131  475s
 47897 22526  142.83437   41  220  145.00000  142.26719  1.88%   131  480s
 48477 22845  143.31473   63  126  145.00000  142.27054  1.88%   131  485s
 49090 23203     cutoff   60       145.00000  142.27447  1.88%   131  490s
 49706 23575  143.46061   63  138  145.00000  142.27890  1.88%   131  495s
 50372 23932  142.56329   46  231  145.00000  142.28255  1.87%   131  500s
 50438 23964  142.77187   47  213  145.00000  142.28314  1.87%   131  505s
 50906 24229  144.00000   82   97  145.00000  142.28571  1.87%   131  510s
 51513 24570  143.05251   71  106  145.00000  142.28821  1.87%   131  515s
 52111 24902  143.29231   70  132  145.00000  142.29172  1.87%   131  520s
 52735 25253  143.00000   51  117  145.00000  142.29627  1.86%   131  525s
 53288 25524  142.48015   48  193  145.00000  142.30026  1.86%   131  530s
 53838 25797  143.73176   70  119  145.00000  142.30450  1.86%   131  535s
 54407 26091  142.67869   41  188  145.00000  142.30680  1.86%   131  540s
 55009 26401     cutoff   65       145.00000  142.30929  1.86%   132  545s
 55524 26643  142.67318   46  213  145.00000  142.31271  1.85%   132  550s
 56120 26965  142.50495   49  227  145.00000  142.31579  1.85%   132  555s
 56648 27239  143.40031   56  138  145.00000  142.31816  1.85%   132  560s
 57176 27523  143.55878   47  187  145.00000  142.31973  1.85%   132  565s
 57704 27790  143.12272   49  197  145.00000  142.32164  1.85%   132  570s
 58204 28047     cutoff   53       145.00000  142.32450  1.85%   132  575s
 58751 28383  143.17077   47  199  145.00000  142.32711  1.84%   133  580s
 59304 28679  143.29163   63   88  145.00000  142.33060  1.84%   133  585s
 59923 29008  142.50732   38  273  145.00000  142.33314  1.84%   133  590s
 60503 29326  143.11458   52  228  145.00000  142.33356  1.84%   133  595s
 61051 29553  142.89175   47  223  145.00000  142.33558  1.84%   133  600s
 61593 29852  142.44865   40  168  145.00000  142.33888  1.84%   133  605s
 62186 30211  144.00000   68   40  145.00000  142.34083  1.83%   133  610s
 62804 30524  142.77694   60  118  145.00000  142.34323  1.83%   133  615s
 63381 30798  143.23336   50  133  145.00000  142.34587  1.83%   133  620s
 63940 31119  143.00000   46  142  145.00000  142.34791  1.83%   133  625s
 64519 31454  143.15791   49  172  145.00000  142.34994  1.83%   133  630s
 64984 31672  143.30625   48   96  145.00000  142.35290  1.83%   133  635s
 65632 32009  142.94489   44  162  145.00000  142.35481  1.82%   133  640s
 66231 32319  143.00000   52  111  145.00000  142.35832  1.82%   133  645s
 66883 32671  143.23534   49   91  145.00000  142.36099  1.82%   133  650s
 67447 32955  142.60323   49  178  145.00000  142.36414  1.82%   133  655s
 68023 33271  142.83333   52  160  145.00000  142.36585  1.82%   133  660s
 68688 33571  142.50000   48  176  145.00000  142.36848  1.81%   133  665s
 69353 33899  143.08898   48  202  145.00000  142.37059  1.81%   133  670s
 69945 34239  143.24833   53  140  145.00000  142.37418  1.81%   133  675s
 70497 34537  143.24407   52   99  145.00000  142.37624  1.81%   133  680s
 71182 34921  144.00000   76   68  145.00000  142.37812  1.81%   133  685s
 71787 35219  143.36410   61  101  145.00000  142.38173  1.81%   133  690s
 72372 35523     cutoff   64       145.00000  142.38394  1.80%   133  695s
 72932 35827  143.25194   56  145  145.00000  142.38602  1.80%   133  700s
 73533 36123  143.16767   56   86  145.00000  142.38824  1.80%   133  705s
 74188 36455  142.70202   47  235  145.00000  142.39023  1.80%   132  710s
 74794 36786  143.10099   47   69  145.00000  142.39309  1.80%   132  715s
 75355 37095  144.00000   87   27  145.00000  142.39535  1.80%   132  720s
 75952 37418  142.96085   51  189  145.00000  142.39747  1.79%   132  725s
 76525 37681  142.75821   45  203  145.00000  142.39890  1.79%   132  730s
 77046 37962  144.00000   68   74  145.00000  142.40000  1.79%   133  735s
 77567 38189  143.45210   49  187  145.00000  142.40139  1.79%   133  740s
 78149 38495  143.00157   48  196  145.00000  142.40409  1.79%   133  745s
 78751 38817  142.52789   46  174  145.00000  142.40630  1.79%   133  750s
 79356 39141  143.00000   49  100  145.00000  142.40792  1.79%   133  755s
 79911 39408  142.55139   49  153  145.00000  142.41010  1.79%   133  760s
 80520 39728  143.05328   51   98  145.00000  142.41331  1.78%   133  765s
 81074 40016  143.51141   36  201  145.00000  142.41464  1.78%   133  770s
 81700 40321  143.95329   64  146  145.00000  142.41667  1.78%   133  775s
 82221 40591  143.05068   53  253  145.00000  142.41793  1.78%   133  780s
 82790 40856  142.69199   46  187  145.00000  142.41968  1.78%   133  785s
 83394 41164  142.83338   51  161  145.00000  142.42342  1.78%   133  790s
 83921 41464  143.56955   65   85  145.00000  142.42556  1.78%   133  795s
 84525 41768  143.35076   45  140  145.00000  142.42776  1.77%   133  800s
 85091 42062  143.14287   55  169  145.00000  142.42943  1.77%   133  805s
 85674 42347  143.78184   52  133  145.00000  142.43155  1.77%   133  810s
 86246 42619  143.40000   48   85  145.00000  142.43263  1.77%   133  815s
 86839 42941  143.09262   44  182  145.00000  142.43444  1.77%   133  820s
 87459 43210  142.94424   48  134  145.00000  142.43592  1.77%   133  825s
 88106 43582  142.50171   47  202  145.00000  142.43808  1.77%   133  830s
 88613 43839  142.74801   40  264  145.00000  142.43980  1.77%   133  835s
 89196 44122  144.00000   51   76  145.00000  142.44110  1.76%   133  840s
 89789 44457  142.78225   53  155  145.00000  142.44393  1.76%   133  845s
 90404 44791  143.22061   69   72  145.00000  142.44510  1.76%   133  850s
 91044 45140  142.66633   51  194  145.00000  142.44656  1.76%   133  855s
 91584 45406  142.66667   48  205  145.00000  142.44799  1.76%   133  860s
 92145 45694  143.03081   46  138  145.00000  142.44977  1.76%   133  865s
 92724 46020  143.02027   55  128  145.00000  142.45091  1.76%   133  870s
 93330 46356  143.11434   45  106  145.00000  142.45248  1.76%   133  875s
 93903 46684  143.15538   39  153  145.00000  142.45534  1.75%   133  880s
 94457 46928  143.26519   50  192  145.00000  142.45796  1.75%   133  885s
 95056 47221  143.96102   83  107  145.00000  142.45918  1.75%   133  890s
 95661 47560  143.03517   53  136  145.00000  142.46068  1.75%   133  895s
 96303 47867  143.80213   54   94  145.00000  142.46308  1.75%   133  900s
 96826 48100  142.68045   45  280  145.00000  142.46450  1.75%   133  905s
 97442 48378  142.89798   53  183  145.00000  142.46566  1.75%   133  910s
 97926 48613  143.04343   56  131  145.00000  142.46667  1.75%   133  915s
 98474 48880  143.18110   47  145  145.00000  142.46830  1.75%   133  920s
 98960 49108  142.67987   52  251  145.00000  142.47028  1.74%   133  925s
 99574 49415  142.78769   50  222  145.00000  142.47195  1.74%   133  930s
 100145 49726  143.38085   44   96  145.00000  142.47383  1.74%   133  935s
 100697 49985  143.00000   47  114  145.00000  142.47539  1.74%   133  940s
 101281 50289  143.40749   47  224  145.00000  142.47728  1.74%   133  945s
 101840 50535  142.95151   52  187  145.00000  142.47886  1.74%   133  950s
 102425 50795  144.00000   67   62  145.00000  142.48015  1.74%   133  955s
 103147 51157  142.90193   42  168  145.00000  142.48209  1.74%   133  960s
 103648 51378  143.42350   48  199  145.00000  142.48369  1.74%   133  965s
 104208 51666  143.10633   46  175  145.00000  142.48603  1.73%   133  970s
 104770 51894  143.14395   57  149  145.00000  142.48805  1.73%   133  975s
 105342 52189  143.82793   45  146  145.00000  142.48929  1.73%   133  980s
 105883 52472  142.67909   49  181  145.00000  142.49041  1.73%   133  985s
 106416 52765  142.95820   52  179  145.00000  142.49168  1.73%   133  990s
 106995 53094  143.16491   55  157  145.00000  142.49386  1.73%   133  995s
 107580 53413  143.75000   58   55  145.00000  142.49632  1.73%   133 1000s
 108218 53716  143.62474   67  112  145.00000  142.49798  1.73%   133 1005s
 108738 53983  143.36820   60  147  145.00000  142.49965  1.72%   133 1010s
 109246 54211  143.01760   50  104  145.00000  142.50000  1.72%   133 1015s
 109793 54500  143.07439   57   97  145.00000  142.50000  1.72%   133 1020s
 110293 54714  142.84996   52  150  145.00000  142.50000  1.72%   133 1025s
 110816 54976  143.52992   49  154  145.00000  142.50000  1.72%   133 1030s
 111379 55296  142.52977   40  182  145.00000  142.50000  1.72%   133 1035s
 111817 55483  142.94995   50  209  145.00000  142.50000  1.72%   134 1040s
 112422 55790  144.00000   70   43  145.00000  142.50104  1.72%   134 1045s
 112548 55853  142.90017   47  140  145.00000  142.50149  1.72%   134 1053s
 112661 55911  143.22832   53  159  145.00000  142.50169  1.72%   134 1055s
 113197 56159     cutoff   65       145.00000  142.50343  1.72%   134 1060s
 113765 56428  142.70954   50  191  145.00000  142.50496  1.72%   134 1065s
 114301 56714  143.15411   55  194  145.00000  142.50599  1.72%   134 1070s
 114837 56966  142.98417   53  138  145.00000  142.50791  1.72%   134 1075s
 115426 57202  143.08159   49  211  145.00000  142.50950  1.72%   134 1080s
 116024 57490  143.06151   52  172  145.00000  142.51105  1.72%   134 1085s
 116608 57790     cutoff   57       145.00000  142.51213  1.72%   134 1090s
 117190 58082  142.83093   44  256  145.00000  142.51383  1.71%   134 1095s
 117671 58299  143.01601   47  142  145.00000  142.51449  1.71%   134 1100s
 118212 58559  142.63694   48  171  145.00000  142.51581  1.71%   134 1105s
 118821 58875  142.72083   47  184  145.00000  142.51711  1.71%   134 1110s
 119357 59142  143.51527   51  137  145.00000  142.51856  1.71%   134 1115s
 119947 59425  142.68648   36  225  145.00000  142.51989  1.71%   134 1120s
 120512 59719  143.13309   57  146  145.00000  142.52143  1.71%   134 1125s
 121038 59989  143.94967   69   96  145.00000  142.52222  1.71%   134 1130s
 121598 60247     cutoff   75       145.00000  142.52322  1.71%   134 1135s
 122157 60524  143.83879   60  108  145.00000  142.52462  1.71%   134 1140s
 122684 60788  143.11207   48  213  145.00000  142.52634  1.71%   134 1145s
 123182 61039  143.10250   56  133  145.00000  142.52729  1.71%   134 1150s
 123817 61354  143.50001   55   72  145.00000  142.52877  1.70%   134 1155s
 124415 61647  143.35776   49  198  145.00000  142.53053  1.70%   134 1160s
 124985 61916  142.86867   44  193  145.00000  142.53196  1.70%   134 1165s
 125614 62234  143.50000   78   48  145.00000  142.53371  1.70%   134 1170s
 126219 62532  143.03138   49  112  145.00000  142.53481  1.70%   134 1175s
 126783 62783     cutoff   60       145.00000  142.53589  1.70%   134 1180s
 127374 63078  143.47112   54  126  145.00000  142.53684  1.70%   134 1185s
 127951 63363  142.84730   55  234  145.00000  142.53800  1.70%   134 1190s
 128464 63610  144.00000   80   67  145.00000  142.53933  1.70%   134 1195s
 128991 63867  142.81682   40  152  145.00000  142.54040  1.70%   134 1200s
 129555 64165  143.08310   38  193  145.00000  142.54126  1.70%   134 1205s
 130171 64506  143.00000   59  100  145.00000  142.54291  1.69%   134 1210s
 130711 64771  144.00000   71   44  145.00000  142.54425  1.69%   134 1215s
 131308 65060  142.80944   47  224  145.00000  142.54535  1.69%   134 1220s
 131811 65316  142.78738   50  228  145.00000  142.54643  1.69%   134 1225s
 132341 65593  142.97513   50  215  145.00000  142.54739  1.69%   134 1230s
 132888 65864  143.83333   48   92  145.00000  142.54900  1.69%   134 1235s
 133471 66147  143.14648   46  187  145.00000  142.55008  1.69%   134 1240s
 134050 66422  143.09660   55  155  145.00000  142.55137  1.69%   134 1245s
 134595 66669     cutoff   70       145.00000  142.55253  1.69%   134 1250s
 135208 66978  142.76992   45  270  145.00000  142.55370  1.69%   134 1255s
 135716 67203  142.79152   42  151  145.00000  142.55486  1.69%   134 1260s
 136225 67444  143.75956   53  125  145.00000  142.55617  1.69%   134 1265s
 136866 67788  142.99182   54  130  145.00000  142.55754  1.68%   134 1270s
 137437 68090  143.67019   55  111  145.00000  142.55837  1.68%   134 1275s
 138071 68391  143.87378   59  127  145.00000  142.55971  1.68%   134 1280s
 138599 68659  143.19015   51  216  145.00000  142.56074  1.68%   134 1285s
 139102 68894  143.19883   52  126  145.00000  142.56208  1.68%   134 1290s
 139640 69147  143.80000   57   69  145.00000  142.56333  1.68%   134 1295s
 140245 69432  143.19377   52  100  145.00000  142.56451  1.68%   134 1300s
 140765 69669  144.00000   61  127  145.00000  142.56620  1.68%   134 1305s
 141257 69897     cutoff   45       145.00000  142.56822  1.68%   134 1310s
 141793 70150  142.60810   45  284  145.00000  142.56915  1.68%   134 1315s
 142398 70429  143.12479   53  170  145.00000  142.57050  1.68%   134 1320s
 142959 70689  143.24039   57  119  145.00000  142.57143  1.67%   134 1325s
 143469 70951  143.00000   48  175  145.00000  142.57292  1.67%   134 1330s
 144019 71263  143.33333   68   47  145.00000  142.57387  1.67%   134 1335s
 144571 71546  143.73679   62   97  145.00000  142.57516  1.67%   134 1340s
 145200 71822  143.00303   51  213  145.00000  142.57673  1.67%   134 1345s
 145710 72075  143.00939   48  221  145.00000  142.57798  1.67%   134 1350s
 146240 72335  143.16940   51  174  145.00000  142.57900  1.67%   134 1355s
 146746 72627  144.00000   49   68  145.00000  142.57997  1.67%   134 1360s
 147324 72853  143.00000   52   97  145.00000  142.58132  1.67%   134 1365s
 147832 73080  142.71245   46  232  145.00000  142.58269  1.67%   134 1370s
 148383 73379  142.77926   39  273  145.00000  142.58333  1.67%   134 1375s
 148867 73589  143.01805   45  112  145.00000  142.58441  1.67%   134 1380s
 149409 73824  144.00000   55   84  145.00000  142.58557  1.67%   134 1385s
 149949 74043  143.03913   64  118  145.00000  142.58709  1.66%   134 1390s
 150529 74313  142.97120   48  264  145.00000  142.58826  1.66%   134 1395s
 151109 74538     cutoff   60       145.00000  142.58902  1.66%   134 1400s
 151551 74758  143.50000   55   85  145.00000  142.58964  1.66%   134 1405s
 152100 75015  142.90163   42  238  145.00000  142.59101  1.66%   134 1410s
 152615 75241  142.70101   47  211  145.00000  142.59211  1.66%   134 1415s
 153137 75485  143.64301   56  124  145.00000  142.59369  1.66%   134 1420s
 153754 75813  143.14223   55  181  145.00000  142.59462  1.66%   134 1425s
 154328 76098  143.32676   47  124  145.00000  142.59569  1.66%   134 1430s
 154887 76356  143.85599   72  105  145.00000  142.59697  1.66%   134 1435s
 155402 76582  142.90491   54  191  145.00000  142.59802  1.66%   134 1440s
 155907 76791  142.85885   52  227  145.00000  142.59922  1.66%   134 1445s
 156403 76972  143.05625   51  194  145.00000  142.60000  1.66%   135 1450s
 156920 77202  143.34852   58  134  145.00000  142.60162  1.65%   135 1455s
 157498 77480  143.47673   61  100  145.00000  142.60285  1.65%   135 1460s
 157924 77670     cutoff   63       145.00000  142.60362  1.65%   135 1465s
 158487 77915  143.15557   54  101  145.00000  142.60505  1.65%   135 1470s
 159057 78208  143.00000   37  198  145.00000  142.60646  1.65%   135 1475s
 159621 78480  144.00000   53   65  145.00000  142.60752  1.65%   135 1480s
 160104 78674     cutoff   57       145.00000  142.60863  1.65%   135 1485s
 160692 78945  143.63954   58   78  145.00000  142.60941  1.65%   135 1490s
 161230 79186  142.80952   52  228  145.00000  142.61060  1.65%   135 1495s
 161821 79491  142.86889   61  189  145.00000  142.61191  1.65%   135 1500s
 162382 79758  143.55068   53  150  145.00000  142.61267  1.65%   135 1505s
 162913 79983  143.03895   50   53  145.00000  142.61386  1.65%   135 1510s
 163467 80245  142.96611   53  250  145.00000  142.61503  1.64%   135 1515s
 164063 80537  142.96182   45  227  145.00000  142.61629  1.64%   135 1520s
 164627 80809  144.00000   71   67  145.00000  142.61737  1.64%   135 1525s
 165215 81044  143.42546   46  202  145.00000  142.61854  1.64%   135 1530s
 165864 81368  143.01188   58  156  145.00000  142.61959  1.64%   135 1535s
 166475 81626  143.00037   55  131  145.00000  142.62124  1.64%   134 1540s
 167026 81872  143.11621   51  183  145.00000  142.62231  1.64%   134 1545s
 167549 82099  142.89942   52  208  145.00000  142.62301  1.64%   134 1550s
 168101 82383  143.16778   45   97  145.00000  142.62425  1.64%   135 1555s
 168623 82622  143.11108   55  156  145.00000  142.62504  1.64%   135 1560s
 169253 82909     cutoff   62       145.00000  142.62645  1.64%   134 1565s
 169790 83154  143.29398   46  155  145.00000  142.62806  1.64%   135 1570s
 170312 83357     cutoff   57       145.00000  142.62890  1.64%   135 1575s
 170836 83581     cutoff   70       145.00000  142.62992  1.63%   135 1580s
 171439 83895  143.66667   49   67  145.00000  142.63117  1.63%   135 1585s
 172010 84153  143.48188   47  144  145.00000  142.63222  1.63%   135 1590s
 172524 84370     cutoff   55       145.00000  142.63362  1.63%   135 1595s
 173049 84583  143.22849   44  221  145.00000  142.63474  1.63%   135 1600s
 173543 84813  142.69028   50  224  145.00000  142.63568  1.63%   135 1605s
 174084 85095  143.23033   51  194  145.00000  142.63647  1.63%   135 1610s
 174602 85349  143.02049   53  165  145.00000  142.63753  1.63%   135 1615s
 175169 85610  144.00000   69   49  145.00000  142.63866  1.63%   135 1620s
 175705 85824  142.82066   50  185  145.00000  142.63950  1.63%   135 1625s
 176321 86097  143.30445   53  210  145.00000  142.64074  1.63%   135 1630s
 176880 86358  143.13032   55   65  145.00000  142.64174  1.63%   135 1635s
 177406 86589  143.50000   60   69  145.00000  142.64273  1.63%   135 1640s
 177995 86828  144.00000   59   34  145.00000  142.64366  1.63%   135 1645s
 178571 87104  143.47793   69  106  145.00000  142.64444  1.62%   135 1650s
 179210 87367  142.75000   40  126  145.00000  142.64583  1.62%   135 1655s
 179749 87609     cutoff   63       145.00000  142.64682  1.62%   135 1660s
 180253 87824  142.96414   53  173  145.00000  142.64808  1.62%   135 1665s
 180799 88072  143.94988   51  122  145.00000  142.64902  1.62%   135 1670s
 181362 88367  143.71179   54   56  145.00000  142.64977  1.62%   135 1675s
 181875 88591  143.34387   45  171  145.00000  142.65085  1.62%   135 1680s
 182380 88804  143.22567   52   96  145.00000  142.65183  1.62%   135 1685s
 182934 89075  143.13196   48  163  145.00000  142.65298  1.62%   135 1690s
 183498 89315  142.94220   54  138  145.00000  142.65411  1.62%   135 1695s
 184102 89614  143.13666   60  147  145.00000  142.65479  1.62%   135 1700s
 184658 89847  142.95866   46  225  145.00000  142.65587  1.62%   135 1705s
 185183 90083  144.00000   70   82  145.00000  142.65680  1.62%   135 1710s
 185716 90326  144.00000   66   71  145.00000  142.65788  1.62%   135 1715s
 186371 90646  143.51981   59  152  145.00000  142.65884  1.61%   135 1720s
 186915 90864  143.36830   54  140  145.00000  142.65996  1.61%   135 1725s
 187471 91144  144.00000   63   39  145.00000  142.66110  1.61%   135 1730s
 187958 91349  142.94348   43  241  145.00000  142.66175  1.61%   135 1735s
 188493 91593  142.87549   49  258  145.00000  142.66322  1.61%   135 1740s
 189052 91823  142.88702   40  228  145.00000  142.66420  1.61%   135 1745s
 189644 92086  143.26578   58  119  145.00000  142.66534  1.61%   135 1750s
 190244 92385  144.00000   75   43  145.00000  142.66636  1.61%   135 1755s
 190809 92640  143.00000   48  206  145.00000  142.66667  1.61%   135 1760s
 191381 92932  143.00000   59  144  145.00000  142.66667  1.61%   135 1765s
 191845 93150  143.77372   61   83  145.00000  142.66667  1.61%   135 1770s
 192397 93417  143.46453   65   80  145.00000  142.66667  1.61%   135 1775s
 192874 93712  143.04249   58  152  145.00000  142.66672  1.61%   135 1780s
 193418 93983  143.67647   58  183  145.00000  142.66787  1.61%   135 1785s
 193914 94184  143.08973   54  206  145.00000  142.66859  1.61%   135 1790s
 194372 94357  143.76010   57   92  145.00000  142.66934  1.61%   135 1795s
 194947 94654  143.25381   60  134  145.00000  142.67058  1.61%   135 1800s
 195485 94876  143.34825   51  134  145.00000  142.67153  1.61%   135 1805s
 196069 95150  144.00000   50   46  145.00000  142.67258  1.61%   135 1810s
 196716 95462  143.43672   70   94  145.00000  142.67349  1.60%   135 1815s
 197329 95715  142.87759   52  201  145.00000  142.67423  1.60%   135 1820s
 197858 95933  143.11316   52  180  145.00000  142.67497  1.60%   135 1825s
 198409 96138  143.90471   60   69  145.00000  142.67559  1.60%   135 1830s
 198920 96352  143.48296   56  146  145.00000  142.67675  1.60%   135 1835s
 199529 96625  144.00000   87   38  145.00000  142.67770  1.60%   135 1840s
 200127 96902  144.00000   70   73  145.00000  142.67865  1.60%   135 1845s
 200617 97162  143.49895   62  133  145.00000  142.67926  1.60%   135 1850s
 201170 97415  142.86880   55  149  145.00000  142.68012  1.60%   135 1855s
 201735 97711  143.27924   55  112  145.00000  142.68108  1.60%   135 1860s
 202316 97950  143.56343   52  185  145.00000  142.68240  1.60%   135 1865s
 202809 98147  143.60575   52  112  145.00000  142.68330  1.60%   135 1870s
 203388 98409  143.50000   56  101  145.00000  142.68406  1.60%   135 1875s
 203998 98659     cutoff   67       145.00000  142.68513  1.60%   135 1880s
 204463 98882  143.00367   54  151  145.00000  142.68617  1.60%   135 1885s
 205086 99164  143.02036   46  149  145.00000  142.68737  1.59%   135 1890s
 205644 99398  143.54338   53  137  145.00000  142.68809  1.59%   135 1895s
 206188 99646  143.18323   50  103  145.00000  142.68866  1.59%   135 1900s
 206822 99933     cutoff   72       145.00000  142.68937  1.59%   135 1905s
 207312 100166  142.93109   55  192  145.00000  142.69009  1.59%   135 1910s
 207890 100403  143.02396   52  240  145.00000  142.69134  1.59%   135 1915s
 208460 100639  142.95129   53  173  145.00000  142.69225  1.59%   135 1920s
 208959 100884  143.63636   48   33  145.00000  142.69303  1.59%   135 1925s
 209498 101125  143.57425   51  123  145.00000  142.69403  1.59%   135 1930s
 210108 101408  144.00000   66   50  145.00000  142.69507  1.59%   135 1935s
 210645 101655  143.23752   59  133  145.00000  142.69616  1.59%   135 1940s
 211130 101822  143.18352   47  175  145.00000  142.69707  1.59%   135 1945s
 211688 102066  143.55958   67  101  145.00000  142.69787  1.59%   135 1950s
 212257 102341  142.97185   51  189  145.00000  142.69889  1.59%   135 1955s
 212795 102581     cutoff   66       145.00000  142.69984  1.59%   135 1960s
 213378 102859  143.17552   49  159  145.00000  142.70032  1.59%   135 1965s
 213866 103067  143.01993   52  172  145.00000  142.70162  1.59%   135 1970s
 214456 103332  143.00000   45  139  145.00000  142.70251  1.58%   135 1975s
 214992 103591  142.96166   56  142  145.00000  142.70335  1.58%   135 1980s
 215594 103850  144.00000   61   57  145.00000  142.70404  1.58%   135 1985s
 216161 104105  143.00319   54  235  145.00000  142.70495  1.58%   135 1990s
 216646 104327  144.00000   59   47  145.00000  142.70594  1.58%   135 1995s
 217196 104610  143.00467   55  222  145.00000  142.70629  1.58%   135 2000s
 217657 104762  142.79425   58  204  145.00000  142.70706  1.58%   135 2005s
 218174 104966  143.39597   49  226  145.00000  142.70784  1.58%   135 2010s
 218682 105182  143.47759   51  179  145.00000  142.70874  1.58%   135 2015s
 219257 105425  144.00000   71   66  145.00000  142.70943  1.58%   135 2020s
 219776 105673  143.00686   50  210  145.00000  142.71013  1.58%   135 2025s
 220266 105876  143.14859   61  120  145.00000  142.71086  1.58%   135 2030s
 220749 106106  144.00000   53   88  145.00000  142.71172  1.58%   135 2035s
 221306 106348  143.51369   67  149  145.00000  142.71273  1.58%   135 2040s
 221618 106496  144.00000   52   96  145.00000  142.71306  1.58%   135 2053s
 221719 106522  143.53162   59  183  145.00000  142.71322  1.58%   135 2055s
 222252 106771  144.00000   84   50  145.00000  142.71381  1.58%   135 2060s
 222812 106996  143.13061   51  211  145.00000  142.71429  1.58%   135 2065s
 223323 107224  143.00000   48  199  145.00000  142.71477  1.58%   135 2070s
 223779 107400  143.29309   56  119  145.00000  142.71565  1.58%   135 2075s
 224334 107645  142.94354   49  162  145.00000  142.71654  1.57%   135 2080s
 224826 107858  143.66124   51  194  145.00000  142.71740  1.57%   135 2085s
 225354 108095  143.83482   69   65  145.00000  142.71817  1.57%   135 2090s
 225894 108335     cutoff   64       145.00000  142.71881  1.57%   135 2095s
 226483 108639  143.07140   58  146  145.00000  142.71973  1.57%   135 2100s
 227006 108880     cutoff   64       145.00000  142.72080  1.57%   135 2105s
 227510 109108  143.25012   47  275  145.00000  142.72185  1.57%   135 2110s
 228006 109330     cutoff   59       145.00000  142.72272  1.57%   135 2115s
 228512 109520     cutoff   52       145.00000  142.72357  1.57%   135 2120s
 229064 109749  143.18364   56  245  145.00000  142.72458  1.57%   135 2125s
 229549 109970  143.88704   74   39  145.00000  142.72509  1.57%   135 2130s
 230143 110269  143.13077   44  113  145.00000  142.72591  1.57%   135 2135s
 230715 110541  144.00000   49  114  145.00000  142.72659  1.57%   135 2140s
 231275 110823  143.37227   60   76  145.00000  142.72727  1.57%   135 2145s
 231835 111060  143.87069   64  133  145.00000  142.72804  1.57%   135 2150s
 232463 111322  143.25657   47  140  145.00000  142.72886  1.57%   135 2155s
 233014 111560  144.00000   41   93  145.00000  142.72946  1.57%   135 2160s
 233594 111844  143.40065   43  222  145.00000  142.73041  1.57%   135 2165s
 234108 112048  144.00000   77   46  145.00000  142.73134  1.56%   135 2170s
 234591 112216  144.00000   59   65  145.00000  142.73227  1.56%   135 2175s
 235161 112444  143.43573   48  200  145.00000  142.73303  1.56%   135 2180s
 235621 112684  143.42005   52  176  145.00000  142.73377  1.56%   135 2185s
 236136 112930  143.04252   57  174  145.00000  142.73445  1.56%   135 2190s
 236642 113158  142.80599   41  232  145.00000  142.73498  1.56%   135 2195s
 237233 113440     cutoff   58       145.00000  142.73575  1.56%   135 2200s
 237716 113627  143.69873   54  106  145.00000  142.73672  1.56%   135 2205s
 238309 113916  143.61575   49   96  145.00000  142.73757  1.56%   135 2210s
 238843 114121  143.03330   49  171  145.00000  142.73842  1.56%   135 2215s
 239397 114370     cutoff   48       145.00000  142.73917  1.56%   135 2220s
 239945 114561  144.00000   55   57  145.00000  142.74038  1.56%   135 2225s
 240521 114819  143.00000   56  218  145.00000  142.74121  1.56%   135 2230s
 241063 115060  143.06841   41  168  145.00000  142.74200  1.56%   135 2235s
 241582 115274  143.78521   46  183  145.00000  142.74263  1.56%   135 2240s
 242116 115508  143.66667   51   77  145.00000  142.74340  1.56%   135 2245s
 242705 115762  144.00000   51   54  145.00000  142.74435  1.56%   135 2250s
 243243 115994  144.00000   59  107  145.00000  142.74501  1.56%   135 2255s
 243716 116187  143.78562   45  154  145.00000  142.74593  1.55%   135 2260s
 244289 116469  143.80000   62  100  145.00000  142.74707  1.55%   135 2265s
 244798 116655  143.73903   48  115  145.00000  142.74796  1.55%   135 2270s
 245285 116855  143.88520   54   96  145.00000  142.74865  1.55%   135 2275s
 245845 117089  143.60309   48  233  145.00000  142.74951  1.55%   135 2280s
 246403 117295  142.98659   54  191  145.00000  142.75000  1.55%   135 2285s
 246961 117543  143.50000   53  113  145.00000  142.75000  1.55%   135 2290s
 247556 117845  144.00000   60   57  145.00000  142.75000  1.55%   135 2295s
 248134 118144  143.14306   52  223  145.00000  142.75000  1.55%   135 2300s
 248642 118410  143.31857   65   90  145.00000  142.75007  1.55%   135 2305s
 249176 118640  142.87797   49  219  145.00000  142.75072  1.55%   135 2310s
 249744 118884  143.40435   52  158  145.00000  142.75132  1.55%   135 2315s
 250258 119104  143.72745   55   70  145.00000  142.75198  1.55%   135 2320s
 250820 119346     cutoff   65       145.00000  142.75282  1.55%   135 2325s
 251304 119554  143.00000   51  160  145.00000  142.75330  1.55%   135 2330s
 251872 119783  144.00000   58   28  145.00000  142.75435  1.55%   135 2335s
 252410 119961  143.18953   55  110  145.00000  142.75517  1.55%   135 2340s
 252966 120191  143.05651   41  223  145.00000  142.75589  1.55%   135 2345s
 253498 120416  143.00000   46  116  145.00000  142.75670  1.55%   135 2350s
 254124 120725  143.06134   50  225  145.00000  142.75736  1.55%   135 2355s
 254658 120952  143.61444   68  126  145.00000  142.75805  1.55%   135 2360s
 255143 121125  143.14181   64  154  145.00000  142.75909  1.55%   135 2365s
 255635 121305  143.76238   63   92  145.00000  142.75973  1.55%   135 2370s
 256191 121534  143.18607   49  187  145.00000  142.76036  1.54%   135 2375s
 256678 121728     cutoff   61       145.00000  142.76107  1.54%   135 2380s
 257263 122001  143.91452   65   78  145.00000  142.76172  1.54%   135 2385s
 257807 122224  142.92245   50  167  145.00000  142.76233  1.54%   135 2390s
 258295 122406  143.61879   65   99  145.00000  142.76308  1.54%   135 2395s
 258752 122603  143.60464   56  116  145.00000  142.76403  1.54%   135 2400s
 259282 122792  143.04111   40  211  145.00000  142.76507  1.54%   135 2405s
 259842 122994  143.16176   43  117  145.00000  142.76595  1.54%   135 2410s
 260397 123254  143.20568   48  256  145.00000  142.76642  1.54%   135 2415s
 260980 123460     cutoff   57       145.00000  142.76726  1.54%   135 2420s
 261453 123702  144.00000   69   51  145.00000  142.76782  1.54%   135 2425s
 261968 123916  143.13294   53  154  145.00000  142.76861  1.54%   135 2430s
 262517 124154  144.00000   58   15  145.00000  142.76940  1.54%   135 2435s
 263101 124401  143.00642   50  209  145.00000  142.77019  1.54%   135 2440s
 263618 124630  144.00000   58   73  145.00000  142.77100  1.54%   135 2445s
 264104 124814  143.12956   60  111  145.00000  142.77188  1.54%   135 2450s
 264682 125050  144.00000   63   78  145.00000  142.77279  1.54%   135 2455s
 265206 125263  142.91777   44  247  145.00000  142.77345  1.54%   135 2460s
 265721 125500     cutoff   54       145.00000  142.77438  1.53%   135 2465s
 266259 125715  143.91309   58   96  145.00000  142.77506  1.53%   135 2470s
 266852 125957  143.27208   46  116  145.00000  142.77555  1.53%   135 2475s
 267391 126169  143.15044   44  195  145.00000  142.77610  1.53%   135 2480s
 267990 126400  143.58679   49  109  145.00000  142.77672  1.53%   135 2485s
 268516 126616  143.59927   50  177  145.00000  142.77713  1.53%   135 2490s
 269047 126838  142.87176   48  245  145.00000  142.77778  1.53%   135 2495s
 269635 127098  143.69124   56  166  145.00000  142.77809  1.53%   135 2500s
 270208 127357  143.02961   48  182  145.00000  142.77862  1.53%   135 2505s
 270699 127547     cutoff   60       145.00000  142.77906  1.53%   135 2510s
 271241 127798     cutoff   50       145.00000  142.77945  1.53%   135 2515s
 271783 128034  143.40393   44  202  145.00000  142.78024  1.53%   135 2520s
 272310 128228  143.14500   49  144  145.00000  142.78114  1.53%   135 2525s
 272829 128442     cutoff   74       145.00000  142.78172  1.53%   136 2530s
 273402 128690  142.96452   46  256  145.00000  142.78213  1.53%   135 2535s
 273964 128911  144.00000   51   88  145.00000  142.78293  1.53%   135 2540s
 274543 129186  143.12034   50  220  145.00000  142.78360  1.53%   135 2545s
 275105 129436  143.42741   56  117  145.00000  142.78453  1.53%   135 2550s
 275619 129652  143.35082   46  222  145.00000  142.78535  1.53%   135 2555s
 276199 129884  144.00000   63   48  145.00000  142.78591  1.53%   135 2560s
 276751 130141  143.12658   55  157  145.00000  142.78627  1.53%   135 2565s
 277305 130354  143.62127   54  127  145.00000  142.78690  1.53%   135 2570s
 277785 130532  143.40514   56  203  145.00000  142.78738  1.53%   136 2575s
 278303 130760  143.81258   55  118  145.00000  142.78788  1.53%   136 2580s
 278843 130986  143.00000   51  220  145.00000  142.78851  1.53%   136 2585s
 279380 131259  144.00000   78   36  145.00000  142.78906  1.52%   136 2590s
 279935 131481  143.50037   45  218  145.00000  142.78967  1.52%   136 2595s
 280469 131692  143.28491   62   97  145.00000  142.79034  1.52%   136 2600s
 280896 131861  143.05385   45  103  145.00000  142.79089  1.52%   136 2605s
 281446 132055  143.10597   44  152  145.00000  142.79152  1.52%   136 2610s
 282046 132264     cutoff   75       145.00000  142.79218  1.52%   136 2615s
 282595 132478     cutoff   63       145.00000  142.79284  1.52%   136 2620s
 283193 132760  143.56524   54  134  145.00000  142.79350  1.52%   136 2625s
 283684 132967  143.40652   49  184  145.00000  142.79430  1.52%   136 2630s
 284193 133180  144.00000   59   62  145.00000  142.79481  1.52%   136 2635s
 284824 133421  143.01300   47  158  145.00000  142.79546  1.52%   136 2640s
 285353 133629  143.27979   50  224  145.00000  142.79609  1.52%   136 2645s
 285887 133886  143.01820   55  161  145.00000  142.79670  1.52%   136 2650s
 286303 134060  144.00000   50   86  145.00000  142.79724  1.52%   136 2655s
 286845 134313  143.06206   59  146  145.00000  142.79777  1.52%   136 2660s
 287463 134616  143.01071   45  274  145.00000  142.79826  1.52%   136 2665s
 287952 134814  144.00000   61  107  145.00000  142.79875  1.52%   136 2670s
 288426 135016     cutoff   78       145.00000  142.79922  1.52%   136 2675s
 289076 135288  143.17532   50  171  145.00000  142.79996  1.52%   136 2680s
 289603 135511  143.06559   43  164  145.00000  142.80000  1.52%   136 2685s
 290154 135744  143.17464   64  146  145.00000  142.80000  1.52%   136 2690s
 290586 135929  143.46786   40  224  145.00000  142.80023  1.52%   136 2695s
 291054 136143  142.99922   46  163  145.00000  142.80072  1.52%   136 2700s
 291587 136384  143.57143   66  103  145.00000  142.80125  1.52%   136 2705s
 292128 136606  142.85874   50  226  145.00000  142.80189  1.52%   136 2710s
 292670 136830     cutoff   64       145.00000  142.80245  1.52%   136 2715s
 293158 137039  143.79203   62  108  145.00000  142.80293  1.52%   136 2720s
 293686 137264  143.35769   59  166  145.00000  142.80354  1.51%   136 2725s
 294136 137420  143.37320   52  120  145.00000  142.80412  1.51%   136 2730s
 294704 137643  143.57907   57  131  145.00000  142.80499  1.51%   136 2735s
 295226 137869  143.01035   51  195  145.00000  142.80564  1.51%   136 2740s
 295781 138110  143.06938   51  141  145.00000  142.80624  1.51%   136 2745s
 296316 138341  143.77379   53  139  145.00000  142.80659  1.51%   136 2750s
 296793 138535  143.53173   50  189  145.00000  142.80705  1.51%   136 2755s
 297360 138788  142.87713   52  183  145.00000  142.80742  1.51%   136 2760s
 297892 139005  143.57519   52  127  145.00000  142.80806  1.51%   136 2765s
 298418 139247  143.73892   59  107  145.00000  142.80860  1.51%   136 2770s
 298960 139449  143.32658   52  149  145.00000  142.80930  1.51%   136 2775s
 299530 139642  143.11302   57  216  145.00000  142.80991  1.51%   136 2780s
 300020 139846  143.29490   47  277  145.00000  142.81064  1.51%   136 2785s
 300543 140083  143.41200   56  174  145.00000  142.81108  1.51%   136 2790s
 301115 140321  143.26453   51  215  145.00000  142.81171  1.51%   136 2795s
 301642 140506  143.39716   53  234  145.00000  142.81255  1.51%   136 2800s
 302216 140787  143.16615   55  144  145.00000  142.81305  1.51%   136 2805s
 302768 141031  143.68819   44  128  145.00000  142.81390  1.51%   136 2810s
 303332 141191  143.34873   44  168  145.00000  142.81476  1.51%   136 2815s
 303856 141428  144.00000   59   38  145.00000  142.81540  1.51%   136 2820s
 304340 141593  144.00000   51   60  145.00000  142.81590  1.51%   136 2825s
 304858 141800  143.12982   41  135  145.00000  142.81630  1.51%   136 2830s
 305422 142061  143.20444   49  197  145.00000  142.81693  1.51%   136 2835s
 305938 142236  143.17663   49  148  145.00000  142.81768  1.51%   136 2840s
 306494 142498  144.00000   72   43  145.00000  142.81810  1.50%   136 2845s
 307007 142712  143.80650   44  166  145.00000  142.81866  1.50%   136 2850s
 307587 142925  143.50000   53   71  145.00000  142.81912  1.50%   136 2855s
 308167 143158  143.57021   54  131  145.00000  142.81951  1.50%   136 2860s
 308651 143322  143.65667   50  181  145.00000  142.82029  1.50%   136 2865s
 309217 143573  143.52067   60  144  145.00000  142.82100  1.50%   136 2870s
 309657 143761  143.72685   48  136  145.00000  142.82172  1.50%   136 2875s
 310159 143987  143.63286   48  202  145.00000  142.82225  1.50%   136 2880s
 310667 144195  143.76119   60   90  145.00000  142.82299  1.50%   136 2885s
 311149 144421  143.19095   47  178  145.00000  142.82354  1.50%   136 2890s
 311681 144609     cutoff   79       145.00000  142.82396  1.50%   136 2895s
 312189 144805  143.14996   50  246  145.00000  142.82459  1.50%   136 2900s
 312701 145020  143.15700   59  184  145.00000  142.82512  1.50%   136 2905s
 313165 145251  143.00000   50  130  145.00000  142.82512  1.50%   136 2910s
 313663 145457  144.00000   60   70  145.00000  142.82555  1.50%   136 2915s
 314287 145708  143.04454   44  200  145.00000  142.82604  1.50%   136 2920s
 314899 145961     cutoff   55       145.00000  142.82662  1.50%   136 2925s
 315419 146198  143.28968   45  235  145.00000  142.82708  1.50%   136 2930s
 315920 146409  143.70947   53  210  145.00000  142.82762  1.50%   136 2935s
 316439 146588  142.90938   51  187  145.00000  142.82850  1.50%   136 2940s
 316924 146794     cutoff   54       145.00000  142.82892  1.50%   136 2945s
 317451 147014  143.72989   61  146  145.00000  142.82964  1.50%   136 2950s
 318016 147242  143.43842   55  134  145.00000  142.83008  1.50%   136 2955s
 318621 147509  143.55509   49  137  145.00000  142.83071  1.50%   136 2960s
 319125 147724  144.00000   73   29  145.00000  142.83134  1.50%   136 2965s
 319744 147986  142.95254   53  121  145.00000  142.83209  1.50%   136 2970s
 320298 148207  143.54975   49  124  145.00000  142.83288  1.49%   136 2975s
 320825 148434  144.00000   52   67  145.00000  142.83333  1.49%   136 2980s
 321338 148671     cutoff   52       145.00000  142.83333  1.49%   136 2985s
 321852 148922     cutoff   73       145.00000  142.83333  1.49%   136 2990s
 322233 149062  144.00000   53   78  145.00000  142.83333  1.49%   136 2995s
 322695 149273  143.56530   48  218  145.00000  142.83354  1.49%   136 3000s
 323126 149388  143.34166   50  147  145.00000  142.83407  1.49%   136 3005s
 323660 149613  143.49671   51  143  145.00000  142.83438  1.49%   136 3010s
 324240 149861  143.18437   52  166  145.00000  142.83503  1.49%   136 3015s
 324706 150009  143.88498   54  103  145.00000  142.83563  1.49%   136 3020s
 325254 150220  143.45157   54  145  145.00000  142.83625  1.49%   136 3025s
 325785 150404     cutoff   56       145.00000  142.83679  1.49%   136 3030s
 326279 150610  143.10641   51  178  145.00000  142.83716  1.49%   136 3035s
 326798 150848  143.90932   65   56  145.00000  142.83775  1.49%   136 3040s
 327286 151035  143.71045   63   57  145.00000  142.83806  1.49%   136 3045s
 327932 151339  143.54026   61   98  145.00000  142.83863  1.49%   136 3050s
 328440 151573  143.10938   50   98  145.00000  142.83945  1.49%   136 3055s
 329012 151788  143.38428   50  129  145.00000  142.84014  1.49%   136 3060s
 329550 151999  144.00000   47   71  145.00000  142.84088  1.49%   136 3065s
 330049 152199  143.66658   60  116  145.00000  142.84139  1.49%   136 3070s
 330592 152399     cutoff   57       145.00000  142.84225  1.49%   136 3075s
 331158 152648     cutoff   67       145.00000  142.84275  1.49%   136 3080s
 331740 152888     cutoff   61       145.00000  142.84334  1.49%   136 3085s
 332241 153122  143.21088   56  125  145.00000  142.84380  1.49%   136 3090s
 332868 153381     cutoff   62       145.00000  142.84433  1.49%   136 3095s
 333389 153603  142.98174   53  162  145.00000  142.84516  1.49%   136 3100s
 333899 153789  143.00779   48  162  145.00000  142.84598  1.49%   136 3105s
 334477 154089  143.96006   66  106  145.00000  142.84641  1.49%   136 3110s
 335001 154290  143.90134   58   77  145.00000  142.84697  1.48%   136 3115s
 335543 154530  143.18994   53  148  145.00000  142.84730  1.48%   136 3120s
 336112 154753  143.28397   48  182  145.00000  142.84795  1.48%   136 3125s
 336635 154999  143.54911   50  170  145.00000  142.84841  1.48%   136 3130s
 337091 155165  143.23493   50  189  145.00000  142.84899  1.48%   136 3135s
 337699 155418     cutoff   57       145.00000  142.84935  1.48%   136 3140s
 338257 155629  143.62500   62  134  145.00000  142.84978  1.48%   136 3145s
 338781 155819  144.00000   53   77  145.00000  142.85010  1.48%   136 3150s
 339299 156011  144.00000   61   52  145.00000  142.85073  1.48%   136 3155s
 339850 156174  143.07685   53  233  145.00000  142.85108  1.48%   136 3160s
 340336 156354  144.00000   53  105  145.00000  142.85159  1.48%   136 3165s
 340870 156599  143.16338   48  275  145.00000  142.85230  1.48%   136 3170s
 341418 156812  143.42246   62  176  145.00000  142.85282  1.48%   136 3175s
 341932 157022     cutoff   47       145.00000  142.85339  1.48%   136 3180s
 342460 157241  142.96688   50  255  145.00000  142.85409  1.48%   136 3185s
 343003 157462  143.80000   58   88  145.00000  142.85456  1.48%   136 3190s
 343581 157687  144.00000   52   74  145.00000  142.85531  1.48%   136 3195s
 344172 157920  143.58189   48  170  145.00000  142.85601  1.48%   136 3200s
 344688 158118  143.34652   46  214  145.00000  142.85677  1.48%   136 3205s
 345247 158317  143.37370   55  234  145.00000  142.85714  1.48%   136 3210s
 345797 158544  143.63786   54  178  145.00000  142.85729  1.48%   136 3215s
 346356 158770     cutoff   62       145.00000  142.85782  1.48%   136 3220s
 346921 159005  143.43117   46  134  145.00000  142.85863  1.48%   136 3225s
 347467 159221  143.83002   52   82  145.00000  142.85932  1.48%   136 3230s
 348031 159441  143.04919   49  198  145.00000  142.85993  1.48%   136 3235s
 348561 159658  143.50000   45  139  145.00000  142.86050  1.48%   136 3240s
 349083 159896  143.21631   42  195  145.00000  142.86101  1.48%   136 3245s
 349648 160133  144.00000   66  115  145.00000  142.86158  1.47%   136 3250s
 350160 160307  143.57074   55  167  145.00000  142.86219  1.47%   136 3255s
 350715 160533  143.38733   59  133  145.00000  142.86286  1.47%   136 3260s
 351225 160754  143.01814   50  183  145.00000  142.86352  1.47%   136 3265s
 351745 160981  143.56828   45  172  145.00000  142.86381  1.47%   136 3270s
 352304 161206  143.95609   59   97  145.00000  142.86455  1.47%   136 3275s
 352823 161399  143.47302   61  117  145.00000  142.86518  1.47%   136 3280s
 353294 161563  144.00000   54   41  145.00000  142.86572  1.47%   136 3285s
 353859 161776  143.30519   53  174  145.00000  142.86634  1.47%   136 3290s
 354344 161955  143.50109   71  102  145.00000  142.86669  1.47%   136 3295s
 354909 162163  143.38031   44   97  145.00000  142.86717  1.47%   136 3300s
 355484 162403  143.57143   52  169  145.00000  142.86759  1.47%   136 3305s
 355948 162563  144.00000   67   78  145.00000  142.86822  1.47%   136 3310s
 356494 162757  143.16412   55  231  145.00000  142.86865  1.47%   136 3315s
 356993 162943  143.68329   62  100  145.00000  142.86939  1.47%   136 3320s
 357436 163105  143.62253   54  219  145.00000  142.86965  1.47%   137 3325s
 358043 163347  143.22325   54  142  145.00000  142.87009  1.47%   136 3330s
 358526 163501  144.00000   57   73  145.00000  142.87058  1.47%   137 3335s
 359073 163749  143.97305   54  121  145.00000  142.87097  1.47%   137 3340s
 359644 164004  143.00614   47  204  145.00000  142.87157  1.47%   136 3345s
 360129 164194     cutoff   68       145.00000  142.87207  1.47%   136 3350s
 360729 164416  143.47137   64  104  145.00000  142.87253  1.47%   136 3355s
 361164 164546     cutoff   65       145.00000  142.87297  1.47%   137 3360s
 361690 164741  143.58228   69   74  145.00000  142.87348  1.47%   137 3365s
 362231 164968  143.86502   49  152  145.00000  142.87395  1.47%   137 3370s
 362734 165164  144.00000   54   92  145.00000  142.87443  1.47%   137 3375s
 363271 165337  142.96908   48  270  145.00000  142.87474  1.47%   137 3380s
 363815 165580  143.80410   59   97  145.00000  142.87500  1.47%   137 3385s
 364363 165848  143.50000   57   46  145.00000  142.87500  1.47%   137 3390s
 364926 166071     cutoff   52       145.00000  142.87541  1.47%   137 3395s
 365496 166284  143.01190   68  127  145.00000  142.87590  1.46%   137 3400s
 366009 166466  143.60913   56  213  145.00000  142.87673  1.46%   137 3405s
 366658 166775  143.34593   52  215  145.00000  142.87720  1.46%   136 3410s
 367188 166963     cutoff   53       145.00000  142.87759  1.46%   136 3415s
 367680 167152  143.39697   57  171  145.00000  142.87797  1.46%   137 3420s
 368188 167378  143.42213   71  134  145.00000  142.87839  1.46%   137 3425s
 368788 167617  143.20338   53  179  145.00000  142.87910  1.46%   137 3430s
 369317 167828  143.20126   49  123  145.00000  142.87974  1.46%   136 3435s
 369794 167982  143.92308   54  102  145.00000  142.88018  1.46%   136 3440s
 370330 168236  143.86352   60   89  145.00000  142.88050  1.46%   136 3445s
 370780 168377  143.14347   47  163  145.00000  142.88072  1.46%   137 3450s
 371284 168553  143.24773   57  156  145.00000  142.88112  1.46%   137 3455s
 371881 168807  143.86181   55   85  145.00000  142.88161  1.46%   137 3460s
 372163 168909  144.00000   54   54  145.00000  142.88183  1.46%   137 3465s
 372594 169083  143.09192   50  124  145.00000  142.88231  1.46%   137 3470s
 373117 169309  144.00000   55   71  145.00000  142.88266  1.46%   137 3475s
 373624 169497  143.72638   57  152  145.00000  142.88319  1.46%   137 3480s
 374124 169660  142.93446   50  227  145.00000  142.88355  1.46%   137 3485s
 374582 169793     cutoff   58       145.00000  142.88418  1.46%   137 3490s
 375100 169983  144.00000   68   65  145.00000  142.88462  1.46%   137 3495s
 375653 170149  143.20678   50  178  145.00000  142.88518  1.46%   137 3500s
 376210 170334  143.30523   56  148  145.00000  142.88572  1.46%   137 3505s
 376716 170525  143.37235   49  244  145.00000  142.88617  1.46%   137 3510s
 377326 170760  143.24019   45  228  145.00000  142.88659  1.46%   137 3515s
 377911 171011     cutoff   74       145.00000  142.88706  1.46%   137 3520s
 378441 171181  143.28571   68  106  145.00000  142.88752  1.46%   137 3525s
 379050 171389  143.24013   53   93  145.00000  142.88808  1.46%   137 3530s
 379667 171634  144.00000   61   87  145.00000  142.88870  1.46%   137 3535s
 380257 171869  143.50000   52  182  145.00000  142.88889  1.46%   137 3540s
 380783 172084     cutoff   62       145.00000  142.88960  1.46%   137 3545s
 381365 172313  143.07051   60  177  145.00000  142.89008  1.46%   137 3550s
 381963 172548  142.97648   46  169  145.00000  142.89063  1.45%   137 3555s
 382533 172758  144.00000   68   81  145.00000  142.89105  1.45%   137 3560s
 383106 172950  143.92364   64   41  145.00000  142.89160  1.45%   137 3565s
 383644 173161  143.45950   52  131  145.00000  142.89201  1.45%   137 3570s
 384189 173347  143.54079   50  136  145.00000  142.89269  1.45%   137 3575s
 384739 173511  143.30556   57  164  145.00000  142.89322  1.45%   137 3580s
 385340 173706  144.00000   61   37  145.00000  142.89402  1.45%   137 3585s
 385966 173935  143.21255   43  106  145.00000  142.89460  1.45%   137 3590s
 386501 174118  143.41095   59  142  145.00000  142.89504  1.45%   137 3595s

Cutting planes:
  Learned: 34
  Gomory: 21
  Cover: 888
  Implied bound: 34
  Clique: 14
  MIR: 576
  Mixing: 11
  StrongCG: 49
  Flow cover: 1719
  GUB cover: 113
  Inf proof: 13
  Zero half: 81
  RLT: 15
  Relax-and-lift: 124
  BQP: 16

Explored 387016 nodes (53004823 simplex iterations) in 3599.93 seconds (3327.08 work units)
Thread count was 1 (of 16 available processors)

Solution count 10: 145 145 146 ... 154

Time limit reached
Warning: max constraint violation (1.0000e-06) exceeds tolerance
Best objective 1.450000000000e+02, best bound 1.430000000000e+02, gap 1.3793%

User-callback calls 1677114, time in user-callback 1.98 sec
Stat(MathOptInterface.TIME_LIMIT, 145.0, 143.0, 0.013793103448275862, 1.5e-323, 0.071293, 3599.9310801029205, 387016, Main.CFLG.LEVFP, "", #undef)
