Data path: /scratch/opt/lxu/CFLG/benchmarks/random_B
Instance: r_40_0.4_297.txt
Result path: /scratch/opt/lxu/CFLG/results/random_B
Solver: Gurobi
Time limit: 7200
Formulation: LEFP
Cover: Large
julia --project=. src/main.jl /scratch/opt/lxu/CFLG/benchmarks/random_B r_40_0.4_297.txt /scratch/opt/lxu/CFLG/results/random_B Gurobi 7200 LEFP Large
The latest version of Julia in the `release` channel is 1.11.5+0.x64.linux.gnu. You currently have `1.11.4+0.x64.linux.gnu` installed. Run:

  juliaup update

in your terminal shell to install Julia 1.11.5+0.x64.linux.gnu and update the `release` channel to that version.
/scratch/opt/lxu/CFLG/benchmarks/random_B Gurobi 7200.0 /scratch/opt/lxu/CFLG/results/random_B r_40_0.4_297.txt LEFP Large
/scratch/opt/lxu/CFLG/benchmarks/random_B/r_40_0.4_297.txt

 read graph
data loaded

problem_graph/original graph: node: 40/40 edge: 297/297 dlt: 1.2585651957027357 break_avg_len: 0.6292825978513679 break_max_len: 0.9985183215968443Set parameter TokenServer to value "solice01.zib.de"
Set parameter Threads to value 1
Set parameter OutputFlag to value 1
Gurobi Optimizer version 12.0.1 build v12.0.1rc0 (linux64 - "Debian GNU/Linux 12 (bookworm)")

CPU model: Intel(R) Xeon(R) Gold 5122 CPU @ 3.60GHz, instruction set [SSE2|AVX|AVX2|AVX512]
Thread count: 8 physical cores, 16 logical processors, using up to 1 threads

Non-default parameters:
Threads  1

Optimize a model with 337 rows, 891 columns and 1485 nonzeros
Model fingerprint: 0x65a4c0eb
Coefficient statistics:
  Matrix range     [1e+00, 1e+00]
  Objective range  [1e+00, 1e+00]
  Bounds range     [1e+00, 1e+00]
  RHS range        [0e+00, 0e+00]
Presolve removed 337 rows and 891 columns
Presolve time: 0.00s
Presolve: All rows and columns removed
Iteration    Objective       Primal Inf.    Dual Inf.      Time
       0   -0.0000000e+00   0.000000e+00   0.000000e+00      0s

Solved in 0 iterations and 0.00 seconds (0.00 work units)
Optimal objective -0.000000000e+00

User-callback calls 35, time in user-callback 0.01 sec
elapsed CPU time: 1.337109 seconds
Set parameter TokenServer to value "solice01.zib.de"
Set parameter Threads to value 1
Set parameter OutputFlag to value 1
Set parameter MIPGap to value 0.0001
Set parameter MIPGapAbs to value 0.999998
Set parameter TimeLimit to value 7198.662891

 more cuts: false 1.2585651957027357 false
is_attach:falseformulation:LEFP0 297 0

 model loaded

Gurobi Optimizer version 12.0.1 build v12.0.1rc0 (linux64 - "Debian GNU/Linux 12 (bookworm)")

CPU model: Intel(R) Xeon(R) Gold 5122 CPU @ 3.60GHz, instruction set [SSE2|AVX|AVX2|AVX512]
Thread count: 8 physical cores, 16 logical processors, using up to 1 threads

Non-default parameters:
TimeLimit  7198.662891
MIPGapAbs  0.999998
Threads  1

Optimize a model with 51942 rows, 24858 columns and 154815 nonzeros
Model fingerprint: 0xb04e6817
Variable types: 634 continuous, 24224 integer (24224 binary)
Coefficient statistics:
  Matrix range     [1e-06, 2e+00]
  Objective range  [1e+00, 1e+00]
  Bounds range     [3e-01, 1e+00]
  RHS range        [3e-01, 2e+00]
Found heuristic solution: objective 42.0000000
Presolve removed 12062 rows and 381 columns
Presolve time: 0.61s
Presolved: 39880 rows, 24477 columns, 142212 nonzeros
Variable types: 337 continuous, 24140 integer (24140 binary)

Root relaxation: objective 4.774430e-01, 14433 iterations, 1.74 seconds (3.05 work units)

    Nodes    |    Current Node    |     Objective Bounds      |     Work
 Expl Unexpl |  Obj  Depth IntInf | Incumbent    BestBd   Gap | It/Node Time

     0     0    0.47744    0 1273   42.00000    0.47744  98.9%     -    5s
H    0     0                      18.0000000    0.47744  97.3%     -    5s
H    0     0                       6.0000000    0.47744  92.0%     -    5s
H    0     0                       5.0000000    0.47744  90.5%     -    5s
H    0     0                       4.0000000    0.47744  88.1%     -    5s
H    0     0                       3.0000000    0.47744  84.1%     -    5s
H    0     0                       2.0000000    0.47744  76.1%     -    5s
     0     0    0.62354    0  579    2.00000    0.62354  68.8%     -   10s
     0     0    0.68482    0  678    2.00000    0.68482  65.8%     -   13s
     0     0    0.74580    0  904    2.00000    0.74580  62.7%     -   16s
     0     0    0.76020    0 1025    2.00000    0.76020  62.0%     -   18s
     0     0    0.82453    0  887    2.00000    0.82453  58.8%     -   22s
     0     0    0.82454    0  891    2.00000    0.82454  58.8%     -   22s
     0     0    0.82454    0  891    2.00000    0.82454  58.8%     -   22s
     0     0    1.00000    0  636    2.00000    1.00000  50.0%     -   27s
     0     0    1.00000    0  712    2.00000    1.00000  50.0%     -   27s
     0     0    1.00000    0  626    2.00000    1.00000  50.0%     -   29s
     0     0    1.00000    0  452    2.00000    1.00000  50.0%     -   29s
     0     0    1.00000    0  452    2.00000    1.00000  50.0%     -   30s
     0     0    1.00000    0   31    2.00000    1.00000  50.0%     -   33s
     0     0    1.00000    0  201    2.00000    1.00000  50.0%     -   34s
     0     0    1.00000    0  132    2.00000    1.00000  50.0%     -   46s
     0     0    1.00000    0   91    2.00000    1.00000  50.0%     -   47s
     0     0    1.00000    0  358    2.00000    1.00000  50.0%     -   49s
     0     0    1.00000    0  317    2.00000    1.00000  50.0%     -   49s
     0     0    1.00000    0  138    2.00000    1.00000  50.0%     -   57s
     0     0    1.00000    0  179    2.00000    1.00000  50.0%     -   57s
     0     0    1.00000    0  222    2.00000    1.00000  50.0%     -   59s
     0     0    1.00000    0  232    2.00000    1.00000  50.0%     -   59s
     0     0    1.00000    0  236    2.00000    1.00000  50.0%     -   59s
     0     0    1.00000    0 1243    2.00000    1.00000  50.0%     -   76s
     0     0    1.00000    0  235    2.00000    1.00000  50.0%     -   98s
     0     0    1.00000    0  191    2.00000    1.00000  50.0%     -  107s
     0     0    1.00000    0  410    2.00000    1.00000  50.0%     -  119s
     0     0    1.00000    0  408    2.00000    1.00000  50.0%     -  119s
     0     0    1.00000    0  529    2.00000    1.00000  50.0%     -  120s
     0     0    1.00000    0  483    2.00000    1.00000  50.0%     -  120s
     0     0    1.00000    0  481    2.00000    1.00000  50.0%     -  120s
     0     0    1.00000    0  484    2.00000    1.00000  50.0%     -  128s
     0     0    1.00000    0  661    2.00000    1.00000  50.0%     -  129s
     0     0    1.00000    0  619    2.00000    1.00000  50.0%     -  129s
     0     0    1.00000    0  491    2.00000    1.00000  50.0%     -  130s
     0     0    1.00000    0  581    2.00000    1.00000  50.0%     -  130s
     0     0    1.00000    0  594    2.00000    1.00000  50.0%     -  131s
     0     0    1.00000    0  517    2.00000    1.00000  50.0%     -  131s
     0     0    1.00000    0  592    2.00000    1.00000  50.0%     -  131s
     0     0    1.00000    0  583    2.00000    1.00000  50.0%     -  131s
     0     0    1.00000    0  467    2.00000    1.00000  50.0%     -  131s
     0     0    1.00000    0  568    2.00000    1.00000  50.0%     -  132s
     0     0    1.00000    0  567    2.00000    1.00000  50.0%     -  132s
     0     0    1.00000    0  467    2.00000    1.00000  50.0%     -  132s
     0     0    1.00000    0  491    2.00000    1.00000  50.0%     -  132s
     0     0    1.00000    0  500    2.00000    1.00000  50.0%     -  132s
     0     0    1.00000    0  527    2.00000    1.00000  50.0%     -  132s
     0     0    1.00000    0  559    2.00000    1.00000  50.0%     -  133s
     0     0    1.00000    0  535    2.00000    1.00000  50.0%     -  133s
     0     0    1.00000    0  535    2.00000    1.00000  50.0%     -  133s
     0     0    1.00000    0  454    2.00000    1.00000  50.0%     -  133s
     0     0    1.00000    0  457    2.00000    1.00000  50.0%     -  133s
     0     0    1.00000    0  403    2.00000    1.00000  50.0%     -  136s

Cutting planes:
  Cover: 7
  Implied bound: 1
  Clique: 4
  MIR: 10
  StrongCG: 1
  GUB cover: 4
  RLT: 1
  Relax-and-lift: 135

Explored 1 nodes (210589 simplex iterations) in 138.33 seconds (128.06 work units)
Thread count was 1 (of 16 available processors)

Solution count 7: 2 3 4 ... 42

Optimal solution found (tolerance 1.00e-04)
Best objective 2.000000000000e+00, best bound 2.000000000000e+00, gap 0.0000%

User-callback calls 23866, time in user-callback 0.03 sec

 sepatime0 0 0
2.0Stat(MathOptInterface.OPTIMAL, 2.0, 2.0, 0.0, 0.0, 1.337109, 138.32972502708435, 1, Main.CFLG.LEFP, "", #undef)
