Data path: /scratch/opt/lxu/CFLG/benchmarks/Kgroup_A
Instance: K100.5.con.red
Result path: /scratch/opt/lxu/CFLG/results/Kgroup_A
Solver: Gurobi
Time limit: 3600
Formulation: LEVFP
Cover: Small
julia --project=. src/main.jl /scratch/opt/lxu/CFLG/benchmarks/Kgroup_A K100.5.con.red /scratch/opt/lxu/CFLG/results/Kgroup_A Gurobi 3600 LEVFP Small
The latest version of Julia in the `release` channel is 1.11.5+0.x64.linux.gnu. You currently have `1.11.4+0.x64.linux.gnu` installed. Run:

  juliaup update

in your terminal shell to install Julia 1.11.5+0.x64.linux.gnu and update the `release` channel to that version.
/scratch/opt/lxu/CFLG/benchmarks/Kgroup_A Gurobi 3600.0 /scratch/opt/lxu/CFLG/results/Kgroup_A K100.5.con.red LEVFP Small
/scratch/opt/lxu/CFLG/benchmarks/Kgroup_A/K100.5.con.red

 read graph
data loaded


after absorb:31 31

max_piece:16
problem_graph/original graph: node: 51/31 edge: 140/120 dlt: 0.06328201175150013 break_avg_len: 0.16436886169220818 break_max_len: 1.0elapsed CPU time: 0.044748 seconds
Set parameter TokenServer to value "solice01.zib.de"
Set parameter Threads to value 1
Set parameter OutputFlag to value 1
Set parameter MIPGap to value 0.0001
Set parameter MIPGapAbs to value 1
Set parameter TimeLimit to value 3599.955252

 model loaded

Gurobi Optimizer version 12.0.1 build v12.0.1rc0 (linux64 - "Debian GNU/Linux 12 (bookworm)")

CPU model: Intel(R) Xeon(R) Gold 5222 CPU @ 3.80GHz, instruction set [SSE2|AVX|AVX2|AVX512]
Thread count: 8 physical cores, 16 logical processors, using up to 1 threads

Non-default parameters:
TimeLimit  3599.955252
MIPGapAbs  1
Threads  1

Optimize a model with 3798 rows, 1820 columns and 10239 nonzeros
Model fingerprint: 0x797265a6
Variable types: 191 continuous, 1629 integer (1629 binary)
Coefficient statistics:
  Matrix range     [2e-06, 1e+00]
  Objective range  [1e+00, 1e+00]
  Bounds range     [4e-03, 1e-01]
  RHS range        [1e-03, 1e+01]
Presolve removed 1823 rows and 387 columns
Presolve time: 0.06s
Presolved: 1975 rows, 1433 columns, 12115 nonzeros
Variable types: 191 continuous, 1242 integer (1242 binary)
Found heuristic solution: objective 257.0000000
Found heuristic solution: objective 256.0000000
Found heuristic solution: objective 255.0000000

Root relaxation: objective 1.250000e+02, 419 iterations, 0.01 seconds (0.01 work units)

    Nodes    |    Current Node    |     Objective Bounds      |     Work
 Expl Unexpl |  Obj  Depth IntInf | Incumbent    BestBd   Gap | It/Node Time

     0     0  125.00000    0   77  255.00000  125.00000  51.0%     -    0s
H    0     0                     249.0000000  125.00000  49.8%     -    0s
H    0     0                     247.0000000  125.00000  49.4%     -    0s
H    0     0                     243.0000000  125.00000  48.6%     -    0s
     0     0  125.77621    0  122  243.00000  125.77621  48.2%     -    0s
H    0     0                     167.0000000  125.81796  24.7%     -    0s
     0     0  126.24002    0  130  167.00000  126.24002  24.4%     -    0s
     0     0  126.32010    0  129  167.00000  126.32010  24.4%     -    0s
     0     0  126.34640    0  133  167.00000  126.34640  24.3%     -    0s
     0     0  126.36843    0  131  167.00000  126.36843  24.3%     -    0s
     0     0  126.42252    0  134  167.00000  126.42252  24.3%     -    0s
     0     0  126.42252    0  136  167.00000  126.42252  24.3%     -    0s
     0     0  128.70611    0  120  167.00000  128.70611  22.9%     -    0s
H    0     0                     160.0000000  128.70611  19.6%     -    0s
H    0     0                     157.0000000  128.70611  18.0%     -    0s
H    0     0                     156.0000000  128.70611  17.5%     -    0s
     0     0  128.74256    0  133  156.00000  128.74256  17.5%     -    0s
     0     0  128.74256    0  125  156.00000  128.74256  17.5%     -    0s
     0     0  130.00000    0  143  156.00000  130.00000  16.7%     -    0s
H    0     0                     148.0000000  130.00000  12.2%     -    0s
     0     0  130.14612    0  162  148.00000  130.14612  12.1%     -    0s
     0     0  130.25617    0  139  148.00000  130.25617  12.0%     -    0s
     0     0  130.25617    0  128  148.00000  130.25617  12.0%     -    0s
     0     0  131.00575    0  170  148.00000  131.00575  11.5%     -    0s
H    0     0                     147.0000000  131.00575  10.9%     -    0s
     0     0  131.00639    0  160  147.00000  131.00639  10.9%     -    0s
     0     0  131.01323    0  162  147.00000  131.01323  10.9%     -    0s
     0     0  131.01323    0  108  147.00000  131.01323  10.9%     -    0s
H    0     0                     146.0000000  131.01323  10.3%     -    0s
H    0     0                     145.0000000  131.01360  9.65%     -    0s
H    0     0                     142.0000000  131.01360  7.74%     -    0s
     0     2  131.01360    0  105  142.00000  131.01360  7.74%     -    0s
H   26    26                     141.0000000  131.01360  7.08%  25.5    0s
H  254   231                     140.0000000  131.01915  6.41%  18.6    1s
H  459   355                     139.0000000  131.02652  5.74%  18.5    1s
   614   473  135.90716   39  207  139.00000  133.65745  3.84%  16.7    5s
   708   537  134.05409   12  222  139.00000  134.05409  3.56%  65.0   10s
  1042   708  135.10784   38  107  139.00000  134.37755  3.33%  98.7   15s
  1975  1151  135.10936   39  114  139.00000  134.45939  3.27%  85.4   20s
  2967  1725  134.63150   35  179  139.00000  134.55559  3.20%  79.6   25s
  3793  2331  136.00000   64   40  139.00000  134.61533  3.15%  80.4   30s
  4909  3098  135.04041   42  157  139.00000  134.68592  3.10%  78.5   35s
  5821  3696  135.22809   39  151  139.00000  134.71258  3.08%  78.2   40s
  6960  4488  136.00000   41  110  139.00000  134.73969  3.06%  77.1   45s
  8042  5269  137.23292   63   51  139.00000  134.75894  3.05%  76.3   50s
  8855  5806  136.41804   55   96  139.00000  134.77484  3.04%  75.6   55s
  9824  6458  134.85262   37  193  139.00000  134.79329  3.03%  75.6   60s
 10203  6713  137.18161   50  108  139.00000  134.79732  3.02%  76.0   72s
 10240  6738  135.50000   45  214  139.00000  134.79732  3.02%  75.8   75s
 10283  6766  136.73487   67  198  139.00000  134.79732  3.02%  75.5   80s
 10318  6790  136.00000   43  238  139.00000  134.79732  3.02%  75.2   85s
 10346  6808  136.46529   81  275  139.00000  134.79732  3.02%  75.0   90s
 10373  6826  138.00000   67  246  139.00000  134.79732  3.02%  74.8   95s
 10399  6844  136.31667   61  277  139.00000  134.79732  3.02%  74.6  100s
 10425  6861  136.12538   64  264  139.00000  134.79732  3.02%  74.4  105s
 10453  6880  136.43318   61  247  139.00000  134.79732  3.02%  74.2  110s
 10493  6908  135.64035   46   89  139.00000  134.82414  3.00%  86.7  115s
 10807  7019  135.94905   42  112  139.00000  134.89213  2.96%  86.4  120s
 11092  7144  136.80858   61   66  139.00000  134.90063  2.95%  86.6  125s
 11539  7335  136.31975   45   87  139.00000  134.96494  2.90%  86.3  130s
 12183  7640     cutoff  128       139.00000  135.00202  2.88%  85.8  135s
 12887  7926  135.55471   61   90  139.00000  135.05096  2.84%  85.6  140s
 13596  8224  135.44054   46  244  139.00000  135.11428  2.80%  85.9  145s
 14271  8488  136.05345   52  130  139.00000  135.14451  2.77%  86.2  150s
 14973  8761  135.79551   59  125  139.00000  135.17817  2.75%  87.0  155s
 15761  9064  135.86920   50   87  139.00000  135.20498  2.73%  87.7  160s
 16723  9416  137.86071   80   59  139.00000  135.21770  2.72%  87.8  165s
 17477  9713  136.65593   50  159  139.00000  135.22740  2.71%  88.6  170s
 18221  9998  135.69485   49  173  139.00000  135.24372  2.70%  88.8  175s
 18987 10305  135.49296   50  207  139.00000  135.25816  2.69%  88.9  180s
 19788 10624  135.76923   47   97  139.00000  135.27692  2.68%  89.2  185s
 20626 10901  136.00000   56   47  139.00000  135.28816  2.67%  89.4  190s
 21493 11191  135.43974   52  235  139.00000  135.29667  2.66%  89.7  195s
 22391 11535     cutoff   82       139.00000  135.30420  2.66%  89.8  200s
 23121 11827  135.57280   45  174  139.00000  135.31084  2.65%  90.3  205s
 23882 12075  135.55359   51  217  139.00000  135.31616  2.65%  90.6  210s
 24650 12356  136.10673   56  106  139.00000  135.31965  2.65%  91.0  215s
 25444 12606  135.42385   44  206  139.00000  135.32630  2.64%  91.3  220s
 26327 12958  135.73147   43  227  139.00000  135.33135  2.64%  91.2  225s
 27129 13250  136.00000   66   80  139.00000  135.33616  2.64%  91.5  230s
 28035 13570  135.50131   54  184  139.00000  135.34179  2.63%  91.5  235s
 28733 13809  135.44758   52  172  139.00000  135.34741  2.63%  92.0  240s
 29410 14070  136.10944   57   72  139.00000  135.35689  2.62%  92.5  245s
 30145 14336     cutoff   80       139.00000  135.36186  2.62%  92.7  250s
 30877 14584  136.01100   46  257  139.00000  135.36880  2.61%  93.0  255s
 31612 15023  138.00000  101   52  139.00000  135.37461  2.61%  93.2  260s
 32426 15581  135.40299   55  200  139.00000  135.37987  2.60%  93.4  265s
 33313 16225  135.55484   49  172  139.00000  135.38545  2.60%  93.3  270s
 34117 16796  135.47962   53  184  139.00000  135.39059  2.60%  93.4  275s
 34962 17379  135.82154   48  221  139.00000  135.39683  2.59%  93.6  280s
 35759 17943  137.03873   75   67  139.00000  135.40000  2.59%  93.8  285s
 36415 18393  137.28691   75   91  139.00000  135.40242  2.59%  94.3  290s
 37070 18834  137.53308   96   64  139.00000  135.40654  2.59%  94.6  295s
 37917 19385  136.02607   60   31  139.00000  135.41090  2.58%  94.4  300s
 38601 19869  136.04257   55  256  139.00000  135.41541  2.58%  94.7  305s
 39422 20414  136.00000   58  106  139.00000  135.41945  2.58%  94.7  310s
 40306 20999  138.00000  116   29  139.00000  135.42416  2.57%  94.7  315s
 40950 21443  138.00000   97   59  139.00000  135.42782  2.57%  95.2  320s
 41707 21981  136.49228   57   75  139.00000  135.42955  2.57%  95.5  325s
 42432 22463  135.87661   43  229  139.00000  135.43174  2.57%  95.7  330s
 43124 22937  136.16850   75   60  139.00000  135.43521  2.56%  95.9  335s
 43800 23384  135.50000   50  175  139.00000  135.43786  2.56%  96.2  340s
 44409 23794  136.34717   60   73  139.00000  135.44023  2.56%  96.4  345s
 45041 24212  137.00000   60   79  139.00000  135.44380  2.56%  96.6  350s
 45789 24712  136.70883   69  116  139.00000  135.44695  2.56%  96.8  355s
 46462 25161  135.84752   56  146  139.00000  135.45019  2.55%  97.1  360s
 47201 25640  136.06095   59   92  139.00000  135.45451  2.55%  97.4  365s
 47943 26121  135.52337   53  210  139.00000  135.45670  2.55%  97.5  370s
 48676 26603  137.00000   77   46  139.00000  135.45940  2.55%  97.8  375s
 49518 27211  135.84873   48  182  139.00000  135.46246  2.54%  97.7  380s
 50234 27714  136.00000   60   83  139.00000  135.46789  2.54%  98.0  385s
 51009 28194  137.27111   73  125  139.00000  135.47083  2.54%  98.1  390s
 51711 28648  136.00120   53  165  139.00000  135.47429  2.54%  98.3  395s
 52595 29264  135.52876   53  209  139.00000  135.47762  2.53%  98.1  400s
 53339 29776  135.60361   54  176  139.00000  135.48132  2.53%  98.2  405s
 54147 30330  137.27798   68   93  139.00000  135.48501  2.53%  98.3  410s
 54986 30915  137.00000   65   19  139.00000  135.48656  2.53%  98.2  415s
 55818 31460  136.54619   70  107  139.00000  135.48889  2.53%  98.2  420s
 56445 31881  138.00000   61   54  139.00000  135.49102  2.52%  98.5  425s
 57191 32328  136.90579   74   75  139.00000  135.49382  2.52%  98.6  430s
 58010 32857  137.00000   69   50  139.00000  135.49616  2.52%  98.6  435s
 58738 33292  137.27850   61  118  139.00000  135.49974  2.52%  98.8  440s
 59517 33836  136.07645   65  117  139.00000  135.50000  2.52%  98.8  445s
 60256 34333     cutoff   68       139.00000  135.50000  2.52%  99.0  450s
 61039 34835     cutoff   70       139.00000  135.50000  2.52%  99.1  455s
 61661 35226  137.07868   67   81  139.00000  135.50000  2.52%  99.3  460s
 62405 35692  136.17463   80  140  139.00000  135.50037  2.52%  99.4  465s
 63226 36262  135.50949   49  205  139.00000  135.50269  2.52%  99.4  470s
 64062 36817     cutoff  119       139.00000  135.50440  2.51%  99.5  475s
 64777 37251  136.00853   72  107  139.00000  135.50671  2.51%   100  480s
 65583 37783     cutoff   96       139.00000  135.50901  2.51%   100  485s
 66289 38197  136.29704   59  112  139.00000  135.51153  2.51%   100  490s
 66981 38612  138.00000   94   35  139.00000  135.51347  2.51%   100  495s
H67533 24453                     138.0000000  135.51503  1.80%   100  498s
 67583 24478     cutoff   53       138.00000  135.51515  1.80%   100  500s
 67587 24482  137.00000   55   49  138.00000  135.51515  1.80%   100  505s
 68069 24700  137.00000   61   68  138.00000  135.51880  1.80%   101  510s
 68611 24964  136.21260   75   72  138.00000  135.52061  1.80%   101  515s
 69174 25238  135.96764   54  172  138.00000  135.52375  1.79%   101  520s
 69708 25549  135.88424   57  142  138.00000  135.52614  1.79%   101  525s
 70223 25800     cutoff   55       138.00000  135.52899  1.79%   102  530s
 70743 26010  135.94811   60  117  138.00000  135.53188  1.79%   102  535s
 71295 26256  135.73476   50  163  138.00000  135.53478  1.79%   103  540s
 71844 26511  136.53125   57   77  138.00000  135.53784  1.78%   103  545s
 72434 26775  136.27004   59  142  138.00000  135.53934  1.78%   103  550s
 73019 27038  136.62703   63  126  138.00000  135.54183  1.78%   104  555s
 73608 27327     cutoff   63       138.00000  135.54525  1.78%   104  560s
 74328 27773  136.33333   45  112  138.00000  135.54656  1.78%   104  565s
 74964 28075  136.98770   64  100  138.00000  135.54900  1.78%   104  570s
 75638 28421  137.00000   75   52  138.00000  135.55129  1.77%   105  575s
 76178 28637  136.81463   67  107  138.00000  135.55415  1.77%   105  580s
 76779 28924  135.74523   52  135  138.00000  135.55574  1.77%   105  585s
 77450 29230  135.73341   45  209  138.00000  135.55775  1.77%   105  590s
 78110 29568  135.80621   58  180  138.00000  135.55993  1.77%   106  595s
 78695 29845  136.62500   57   79  138.00000  135.56250  1.77%   106  600s
 79352 30188  136.96428   79   92  138.00000  135.56623  1.76%   106  605s
 79907 30434  136.26510   71   89  138.00000  135.56766  1.76%   107  610s
 80482 30713  136.08071   58  123  138.00000  135.56970  1.76%   107  615s
 81138 30991  135.58209   50  161  138.00000  135.57143  1.76%   107  620s
 81793 31326  136.15813   53  115  138.00000  135.57304  1.76%   107  625s
 82445 31620  135.98135   59  167  138.00000  135.57576  1.76%   107  630s
 83078 31906  136.18804   67   91  138.00000  135.57786  1.76%   108  635s
 83676 32178  136.07471   53  165  138.00000  135.57942  1.75%   108  640s
 84377 32497  135.85253   62  188  138.00000  135.58150  1.75%   108  645s
 84998 32781     cutoff   63       138.00000  135.58333  1.75%   108  650s
 85674 33081  137.00000   50  106  138.00000  135.58620  1.75%   109  655s
 86386 33442  135.88839   55  172  138.00000  135.58745  1.75%   109  660s
 87010 33769     cutoff   65       138.00000  135.59002  1.75%   109  665s
 87622 34010  136.12492   47  192  138.00000  135.59161  1.75%   109  670s
 88371 34338  136.00000   62   90  138.00000  135.59441  1.74%   109  675s
 88999 34586  136.45916   68  104  138.00000  135.59770  1.74%   109  680s
 89626 34874  136.52862   46  145  138.00000  135.59994  1.74%   110  685s
 90308 35229  135.66206   54  141  138.00000  135.60000  1.74%   110  690s
 90975 35557  135.82599   53  150  138.00000  135.60000  1.74%   110  695s
 91704 35906     cutoff   51       138.00000  135.60000  1.74%   110  700s
 92284 36197  135.65961   54  197  138.00000  135.60000  1.74%   110  705s
 92919 36524  136.41150   58  162  138.00000  135.60138  1.74%   111  710s
 93523 36806  136.00000   65   94  138.00000  135.60373  1.74%   111  715s
 94210 37148  136.60140   49  106  138.00000  135.60556  1.74%   111  720s
 94828 37426     cutoff   59       138.00000  135.60723  1.73%   111  725s
 95405 37643  135.67735   50  226  138.00000  135.60901  1.73%   111  730s
 96018 37914  136.70789   58  119  138.00000  135.61027  1.73%   112  735s
 96685 38265  136.50000   66   57  138.00000  135.61198  1.73%   112  740s
 97383 38612  136.23598   48  195  138.00000  135.61341  1.73%   112  745s
 98016 38904  136.20338   57  144  138.00000  135.61528  1.73%   112  750s
 98672 39227  135.77678   44  205  138.00000  135.61600  1.73%   112  755s
 99308 39506  136.50000   64   94  138.00000  135.61793  1.73%   112  760s
 99941 39803  136.56984   58  170  138.00000  135.61935  1.73%   112  765s
 100620 40107  136.60000   50   98  138.00000  135.62006  1.72%   112  770s
 101243 40396  136.86779   81  123  138.00000  135.62143  1.72%   113  775s
 101922 40700  136.36822   58  187  138.00000  135.62360  1.72%   113  780s
 102490 40951  137.00000   82   31  138.00000  135.62500  1.72%   113  785s
 103126 41262  135.90097   57  151  138.00000  135.62607  1.72%   113  790s
 103804 41585     cutoff   74       138.00000  135.62777  1.72%   113  795s
 104434 41871  137.00000   59   35  138.00000  135.62963  1.72%   113  800s
 105108 42222  136.07957   58  140  138.00000  135.63202  1.72%   113  805s
 105766 42555  136.07098   46  206  138.00000  135.63347  1.71%   113  810s
 106353 42810  136.86425   64  134  138.00000  135.63537  1.71%   114  815s
 107017 43066  137.00000   73   52  138.00000  135.63681  1.71%   114  820s
 107638 43371  136.00900   66  142  138.00000  135.63896  1.71%   114  825s
 108258 43639  136.64740   56   90  138.00000  135.64007  1.71%   114  830s
 108841 43866  135.94923   63  175  138.00000  135.64285  1.71%   114  835s
 109469 44128  136.00000   58  148  138.00000  135.64481  1.71%   114  840s
 110088 44392  136.34048   49  197  138.00000  135.64659  1.71%   114  845s
 110706 44673  135.87038   49  189  138.00000  135.64841  1.70%   115  850s
 111281 44889  136.94894   59   93  138.00000  135.64942  1.70%   115  855s
 111831 45103  135.80258   52  212  138.00000  135.65027  1.70%   115  860s
 112418 45363  136.36941   76  110  138.00000  135.65212  1.70%   115  865s
 113044 45625  136.00000   57  100  138.00000  135.65434  1.70%   115  870s
 113658 45882  135.85332   58  145  138.00000  135.65573  1.70%   115  875s
 114199 46127  135.97463   57  157  138.00000  135.65683  1.70%   116  880s
 114732 46371  136.15200   57   79  138.00000  135.65850  1.70%   116  885s
 115395 46680  136.78731   60  144  138.00000  135.66070  1.70%   116  890s
 116042 46976  137.00000   62   72  138.00000  135.66250  1.69%   116  895s
 116672 47304  136.13537   59  158  138.00000  135.66342  1.69%   116  900s
 117345 47633  136.25175   55  133  138.00000  135.66564  1.69%   116  905s
 118055 47997  137.00000   64   50  138.00000  135.66667  1.69%   116  910s
 118669 48320  136.71956   55  108  138.00000  135.66667  1.69%   116  915s
 119369 48669  137.00000   74   95  138.00000  135.66667  1.69%   116  920s
 120009 48994  137.00000   79   70  138.00000  135.66667  1.69%   116  925s
 120693 49307     cutoff   63       138.00000  135.66667  1.69%   116  930s
 121336 49642  136.00000   52   89  138.00000  135.66667  1.69%   117  935s
 121889 49934  136.63428   53   94  138.00000  135.66667  1.69%   117  940s
 122576 50273  136.13360   51  220  138.00000  135.66832  1.69%   117  945s
 123167 50549  136.41060   59   89  138.00000  135.66913  1.69%   117  950s
 123817 50906     cutoff   68       138.00000  135.66974  1.69%   117  955s
 124467 51224     cutoff   72       138.00000  135.67112  1.69%   117  960s
 125192 51547     cutoff   59       138.00000  135.67276  1.69%   117  965s
 125804 51796  136.34463   72  105  138.00000  135.67409  1.69%   117  970s
 126390 52063  136.12815   53  128  138.00000  135.67543  1.68%   117  975s
 126966 52322  136.28288   49  145  138.00000  135.67689  1.68%   117  980s
 127648 52645  136.10463   52  200  138.00000  135.67888  1.68%   117  985s
 128379 52995  136.54366   57  114  138.00000  135.68029  1.68%   117  990s
 128942 53223  136.04653   50  132  138.00000  135.68165  1.68%   118  995s
 129578 53561  135.97168   65  175  138.00000  135.68304  1.68%   118 1000s
 130252 53898  136.75000   52   40  138.00000  135.68410  1.68%   118 1005s
 130901 54210  136.00000   56   74  138.00000  135.68516  1.68%   118 1010s
 131513 54480  136.19918   50  188  138.00000  135.68648  1.68%   118 1015s
 132134 54776  135.92658   58  131  138.00000  135.68757  1.68%   118 1020s
 132756 55071  136.14639   53  140  138.00000  135.68891  1.67%   118 1025s
 133389 55392  136.45042   80   78  138.00000  135.69057  1.67%   118 1030s
 134006 55682  135.91551   55  125  138.00000  135.69189  1.67%   118 1035s
 134661 55965  136.56872   62  106  138.00000  135.69358  1.67%   118 1040s
 135287 56251  136.07471   50  163  138.00000  135.69455  1.67%   118 1045s
 135873 56526  135.83333   50  177  138.00000  135.69635  1.67%   119 1050s
 136482 56792  136.09443   64   95  138.00000  135.69745  1.67%   119 1055s
 137141 57091  137.00000   80   45  138.00000  135.69858  1.67%   119 1060s
 137757 57378  136.07529   70  115  138.00000  135.69985  1.67%   119 1065s
 138381 57634     cutoff   84       138.00000  135.70079  1.67%   119 1070s
 139012 57908     cutoff   65       138.00000  135.70222  1.67%   119 1075s
 139607 58117  136.44805   55  159  138.00000  135.70323  1.66%   119 1080s
 140252 58417  136.50000   56  102  138.00000  135.70418  1.66%   119 1085s
 140783 58633  137.00000   66   45  138.00000  135.70530  1.66%   119 1090s
 141429 58943  136.11656   56  140  138.00000  135.70708  1.66%   119 1095s
 142066 59201  136.00000   56  120  138.00000  135.70797  1.66%   119 1100s
 142655 59449  136.82494   59  128  138.00000  135.70955  1.66%   120 1105s
 143292 59761  137.00000   57   76  138.00000  135.71052  1.66%   120 1110s
 143923 60067  136.29880   67  146  138.00000  135.71225  1.66%   120 1115s
 144587 60387  137.00000   63   34  138.00000  135.71312  1.66%   120 1120s
 145246 60677  136.15857   66  106  138.00000  135.71429  1.66%   120 1125s
 145859 60953  137.00000   69  113  138.00000  135.71543  1.66%   120 1130s
 146477 61202  136.40255   61  132  138.00000  135.71673  1.65%   120 1135s
 147106 61459  137.00000   63   46  138.00000  135.71803  1.65%   120 1140s
 147786 61839  136.14338   61  134  138.00000  135.71903  1.65%   120 1145s
 148441 62137  136.68741   64   93  138.00000  135.72086  1.65%   120 1150s
 149034 62374  136.83933   63  107  138.00000  135.72203  1.65%   120 1155s
 149561 62611  137.00000   66   63  138.00000  135.72291  1.65%   120 1160s
 150191 62870  136.26601   60  114  138.00000  135.72452  1.65%   120 1165s
 150847 63148  136.66332   62  112  138.00000  135.72566  1.65%   120 1170s
 151491 63402  136.22613   50  183  138.00000  135.72707  1.65%   120 1175s
 152103 63683  136.26709   65  134  138.00000  135.72786  1.65%   121 1180s
 152726 63961     cutoff   71       138.00000  135.72907  1.65%   121 1185s
 153284 64132     cutoff   58       138.00000  135.72995  1.64%   121 1190s
 153901 64422  136.07574   76  123  138.00000  135.73095  1.64%   121 1195s
 154535 64702  136.50000   74   54  138.00000  135.73238  1.64%   121 1200s
 155159 64980  136.06766   55  203  138.00000  135.73343  1.64%   121 1205s
 155805 65278  136.86618   66  118  138.00000  135.73486  1.64%   121 1210s
 156437 65597  136.00000   51  126  138.00000  135.73596  1.64%   121 1215s
 157063 65884  136.93935   63  127  138.00000  135.73709  1.64%   121 1220s
 157637 66168  137.00000   63  106  138.00000  135.73838  1.64%   121 1225s
 158186 66408  136.35710   66  124  138.00000  135.73947  1.64%   121 1230s
 158842 66680  135.96452   58  150  138.00000  135.74058  1.64%   121 1235s
 159384 66900  136.14713   58  113  138.00000  135.74164  1.64%   122 1240s
 160010 67196  137.00000   66   38  138.00000  135.74260  1.64%   122 1245s
 160569 67428  136.12502   62  130  138.00000  135.74377  1.63%   122 1250s
 161219 67715  136.00168   52  155  138.00000  135.74538  1.63%   122 1255s
 161800 67973  136.92518   54  119  138.00000  135.74659  1.63%   122 1260s
 162402 68213  136.73435   65   88  138.00000  135.74735  1.63%   122 1265s
 162979 68445  136.71304   62  154  138.00000  135.74984  1.63%   122 1270s
 163630 68785     cutoff   59       138.00000  135.75000  1.63%   122 1275s
 164376 69128     cutoff   72       138.00000  135.75000  1.63%   122 1280s
 165084 69470  135.81225   63  161  138.00000  135.75000  1.63%   122 1285s
 165656 69726  136.04054   56  109  138.00000  135.75000  1.63%   122 1290s
 166289 69975  136.14420   60  198  138.00000  135.75095  1.63%   122 1295s
 166915 70288  136.64969   63  120  138.00000  135.75170  1.63%   122 1300s
 167512 70530  136.73601   61  139  138.00000  135.75278  1.63%   122 1305s
 168134 70782  137.00000   54   82  138.00000  135.75386  1.63%   122 1310s
 168734 71008  135.80088   51  137  138.00000  135.75514  1.63%   122 1315s
 169307 71242  136.68791   68   71  138.00000  135.75590  1.63%   122 1320s
 169883 71469  135.92127   49  192  138.00000  135.75679  1.63%   122 1325s
 170571 71826  136.75000   65   81  138.00000  135.75787  1.62%   122 1330s
 171163 72057  136.24605   69  108  138.00000  135.75844  1.62%   123 1335s
 171871 72406  135.88963   58  167  138.00000  135.75949  1.62%   122 1340s
 172570 72773  136.14736   72   92  138.00000  135.76037  1.62%   122 1345s
 173178 73001  136.72432   58  225  138.00000  135.76138  1.62%   122 1350s
 173807 73272  136.10693   69   60  138.00000  135.76242  1.62%   123 1355s
 174470 73597  136.32621   58  125  138.00000  135.76320  1.62%   123 1360s
 175075 73840  136.76457   56  153  138.00000  135.76433  1.62%   123 1365s
 175678 74135  137.00000   78   21  138.00000  135.76523  1.62%   123 1370s
 176314 74426  136.37272   70  116  138.00000  135.76642  1.62%   123 1375s
 176970 74680  136.09408   63  203  138.00000  135.76725  1.62%   123 1380s
 177643 74988  135.88815   54  203  138.00000  135.76823  1.62%   123 1385s
 178295 75239  135.90218   58  168  138.00000  135.76903  1.62%   123 1390s
 178881 75466  137.00000   57   70  138.00000  135.76989  1.62%   123 1395s
 179587 75818  136.62572   55  179  138.00000  135.77080  1.62%   123 1400s
 180204 76070  136.71926   60  155  138.00000  135.77207  1.61%   123 1405s
 180882 76393  136.31265   60   45  138.00000  135.77292  1.61%   123 1410s
 181548 76644  136.11004   62  147  138.00000  135.77364  1.61%   123 1415s
 182179 76942  136.36921   59  182  138.00000  135.77500  1.61%   123 1420s
 182868 77240  136.66667   60   86  138.00000  135.77607  1.61%   123 1425s
 183507 77527  136.50000   53   92  138.00000  135.77695  1.61%   123 1430s
 184236 77878  136.35278   52  177  138.00000  135.77778  1.61%   123 1435s
 184931 78144  137.00000   66   44  138.00000  135.77842  1.61%   123 1440s
 185574 78465  136.28792   46  227  138.00000  135.77935  1.61%   123 1445s
 186298 78769  137.00000   74   61  138.00000  135.78033  1.61%   123 1450s
 186917 78998  136.10159   64  159  138.00000  135.78179  1.61%   123 1455s
 187519 79275  136.51873   66  127  138.00000  135.78263  1.61%   123 1460s
 188127 79553  135.93887   57  132  138.00000  135.78365  1.61%   123 1465s
 188674 79718  136.24743   44  221  138.00000  135.78478  1.61%   123 1470s
 189250 79936  136.52219   61   96  138.00000  135.78570  1.60%   123 1475s
 189939 80238  137.00000   70   65  138.00000  135.78669  1.60%   123 1480s
 190589 80530     cutoff   81       138.00000  135.78768  1.60%   123 1485s
 191229 80804  137.00000   80   84  138.00000  135.78872  1.60%   123 1490s
 191854 81002     cutoff   57       138.00000  135.78959  1.60%   123 1495s
 192484 81297  137.00000   75   70  138.00000  135.79076  1.60%   123 1500s
 193089 81525  136.52944   70  116  138.00000  135.79173  1.60%   123 1505s
 193682 81762  135.94049   54  114  138.00000  135.79237  1.60%   123 1510s
 194370 82139  136.71032   54  217  138.00000  135.79329  1.60%   123 1515s
 195012 82407  136.71667   66  141  138.00000  135.79453  1.60%   123 1520s
 195560 82639  136.76238   68   97  138.00000  135.79521  1.60%   123 1525s
 196254 82908  136.93643   52   94  138.00000  135.79596  1.60%   123 1530s
 196886 83199  137.00000   62   69  138.00000  135.79677  1.60%   124 1535s
 197474 83467     cutoff   57       138.00000  135.79722  1.60%   124 1540s
 198041 83687  136.39354   61  126  138.00000  135.79838  1.60%   124 1545s
 198614 83897  137.00000   68   55  138.00000  135.79928  1.59%   124 1550s
 199225 84176  137.00000   81   34  138.00000  135.80000  1.59%   124 1555s
 199926 84511  136.32495   63  101  138.00000  135.80014  1.59%   124 1560s
 200552 84814  136.50000   71   89  138.00000  135.80104  1.59%   124 1565s
 201221 85112  136.50000   67  103  138.00000  135.80247  1.59%   124 1570s
 201845 85299  136.37482   73   44  138.00000  135.80337  1.59%   124 1575s
 202406 85517  136.15192   47  175  138.00000  135.80436  1.59%   124 1580s
 203059 85811  135.94904   56  180  138.00000  135.80551  1.59%   124 1585s
 203629 86056  137.00000   59  111  138.00000  135.80642  1.59%   124 1590s
 204251 86297  136.76768   54  154  138.00000  135.80769  1.59%   124 1595s
 204833 86514  136.41234   55   85  138.00000  135.80839  1.59%   124 1600s
 205449 86745  136.83333   59   82  138.00000  135.80938  1.59%   124 1605s
 206028 86998  137.00000   64   45  138.00000  135.81022  1.59%   124 1610s
 206604 87228  136.36498   54  214  138.00000  135.81090  1.59%   124 1615s
 207263 87489  135.88588   57  111  138.00000  135.81168  1.59%   124 1620s
 207817 87713  136.00689   68   80  138.00000  135.81253  1.59%   124 1625s
 208490 87992     cutoff   89       138.00000  135.81349  1.58%   124 1630s
 209105 88269  137.00000   68   35  138.00000  135.81416  1.58%   124 1635s
 209671 88495  136.85608   59  116  138.00000  135.81493  1.58%   124 1640s
 210286 88733  137.00000   59   55  138.00000  135.81573  1.58%   124 1645s
 210849 88951     cutoff   61       138.00000  135.81674  1.58%   124 1650s
 211365 89172  135.85596   54  168  138.00000  135.81753  1.58%   125 1655s
 212004 89410  136.07048   55  175  138.00000  135.81869  1.58%   125 1660s
 212582 89605 infeasible   59       138.00000  135.82016  1.58%   125 1665s
 213187 89862  136.86993   71   79  138.00000  135.82104  1.58%   125 1670s
 213799 90088  136.60268   51  110  138.00000  135.82215  1.58%   125 1675s
 214428 90347  136.16269   71  199  138.00000  135.82313  1.58%   125 1680s
 215042 90601  136.30596   54   85  138.00000  135.82393  1.58%   125 1685s
 215634 90839  136.57236   72   90  138.00000  135.82491  1.58%   125 1690s
 216192 91080  136.94858   70  107  138.00000  135.82571  1.58%   125 1695s
 216745 91303  136.51827   63  105  138.00000  135.82627  1.58%   125 1700s
 217394 91573  137.00000   71   77  138.00000  135.82709  1.57%   125 1705s
 218016 91831  136.36193   55   74  138.00000  135.82857  1.57%   125 1710s
 218628 92078  136.20628   60  221  138.00000  135.82956  1.57%   125 1715s
 219236 92292  137.00000   73   69  138.00000  135.83054  1.57%   125 1720s
 219847 92522  136.28202   53  140  138.00000  135.83159  1.57%   125 1725s
 220440 92719  136.02481   52  122  138.00000  135.83256  1.57%   125 1730s
 220985 92939     cutoff   76       138.00000  135.83333  1.57%   125 1735s
 221607 93211     cutoff   74       138.00000  135.83333  1.57%   125 1740s
 222269 93501  136.14665   47  132  138.00000  135.83333  1.57%   125 1745s
 222859 93677  136.00163   49  149  138.00000  135.83398  1.57%   125 1750s
 223453 93921  135.90903   58  155  138.00000  135.83480  1.57%   125 1755s
 224173 94258  136.22865   51  166  138.00000  135.83574  1.57%   125 1760s
 224847 94535  136.53964   57  142  138.00000  135.83664  1.57%   125 1765s
 225424 94751  137.00000   61   64  138.00000  135.83754  1.57%   125 1770s
 226017 95057  137.00000   67   20  138.00000  135.83884  1.57%   125 1775s
 226572 95292  136.05340   57  126  138.00000  135.83931  1.57%   125 1780s
 227176 95541  136.34205   63  119  138.00000  135.84006  1.57%   125 1785s
 227695 95751  136.34203   56  188  138.00000  135.84099  1.56%   126 1790s
 228313 96022  136.52411   76   62  138.00000  135.84211  1.56%   126 1795s
 228891 96250  135.99121   62  161  138.00000  135.84317  1.56%   126 1800s
 229487 96467  135.92167   55  181  138.00000  135.84407  1.56%   126 1805s
 230089 96693  136.70702   63   62  138.00000  135.84482  1.56%   126 1810s
 230723 96987  136.00173   59  170  138.00000  135.84566  1.56%   126 1815s
 231352 97279  136.00000   46  126  138.00000  135.84615  1.56%   126 1820s
 232079 97604  136.00000   54  124  138.00000  135.84662  1.56%   126 1825s
 232675 97811  136.08173   61  166  138.00000  135.84785  1.56%   126 1830s
 233290 98041  136.12500   52  142  138.00000  135.84890  1.56%   126 1835s
 233885 98272  136.50000   73   52  138.00000  135.84984  1.56%   126 1840s
 234520 98516  136.71285   59  132  138.00000  135.85035  1.56%   126 1845s
 235094 98742  137.00000   69   26  138.00000  135.85104  1.56%   126 1850s
 235670 98981  136.00000   51  232  138.00000  135.85179  1.56%   126 1855s
 236292 99213  136.68449   50   94  138.00000  135.85255  1.56%   126 1860s
 236864 99441  137.00000   73   45  138.00000  135.85339  1.56%   126 1865s
 237461 99678  136.94744   72   83  138.00000  135.85410  1.56%   126 1870s
 238019 99907  136.15429   68   74  138.00000  135.85534  1.55%   126 1875s
 238637 100151  136.53797   72   88  138.00000  135.85624  1.55%   126 1880s
 239196 100366  137.00000   68   60  138.00000  135.85697  1.55%   126 1885s
 239742 100601  137.00000   97   29  138.00000  135.85720  1.55%   126 1904s
 239751 100600  136.18549   61   93  138.00000  135.85722  1.55%   126 1905s
 240262 100779  136.38196   54  129  138.00000  135.85780  1.55%   126 1910s
 240800 100993  137.00000   54   50  138.00000  135.85880  1.55%   126 1915s
 241422 101235  136.00963   66  147  138.00000  135.85936  1.55%   126 1920s
 241977 101410  136.42616   62  171  138.00000  135.86025  1.55%   126 1925s
 242601 101643  136.73444   55  226  138.00000  135.86106  1.55%   126 1930s
 243202 101842  136.33447   59  125  138.00000  135.86164  1.55%   126 1935s
 243842 102104  136.32867   61  157  138.00000  135.86274  1.55%   126 1940s
 244509 102402  136.18058   55  188  138.00000  135.86359  1.55%   126 1945s
 245188 102687  136.29750   67  124  138.00000  135.86430  1.55%   126 1950s
 245758 102915  136.76690   70   98  138.00000  135.86555  1.55%   126 1955s
 246350 103101  136.30141   59  123  138.00000  135.86637  1.55%   127 1960s
 247011 103378  136.34601   52  144  138.00000  135.86691  1.55%   127 1965s
 247548 103561  137.00000   64   59  138.00000  135.86798  1.54%   127 1970s
 248156 103807  136.85582   79   85  138.00000  135.86871  1.54%   127 1975s
 248745 104031  136.21664   53  157  138.00000  135.86959  1.54%   127 1980s
 249304 104269     cutoff   73       138.00000  135.87037  1.54%   127 1985s
 249898 104463  136.73045   57  197  138.00000  135.87124  1.54%   127 1990s
 250492 104698     cutoff   66       138.00000  135.87191  1.54%   127 1995s
 251093 104960  136.89606   57  106  138.00000  135.87296  1.54%   127 2000s
 251720 105218  136.50000   58  133  138.00000  135.87372  1.54%   127 2005s
 252287 105436  136.00000   63  103  138.00000  135.87456  1.54%   127 2010s
 252897 105657  136.36034   49  128  138.00000  135.87500  1.54%   127 2015s
 253528 105943  136.75481   60  107  138.00000  135.87512  1.54%   127 2020s
 254104 106086  136.50000   56   62  138.00000  135.87651  1.54%   127 2025s
 254688 106306  136.33750   49  103  138.00000  135.87748  1.54%   127 2030s
 255229 106528  136.67506   73  112  138.00000  135.87867  1.54%   127 2035s
 255882 106793  135.94904   60  176  138.00000  135.87908  1.54%   127 2040s
 256415 106960  137.00000   66   56  138.00000  135.87959  1.54%   127 2045s
 257013 107199  136.28061   63  122  138.00000  135.88039  1.54%   127 2050s
 257607 107458     cutoff   60       138.00000  135.88128  1.54%   127 2055s
 258223 107717     cutoff   73       138.00000  135.88235  1.53%   127 2060s
 258845 107953  136.54741   53  103  138.00000  135.88317  1.53%   127 2065s
 259498 108191 infeasible   77       138.00000  135.88421  1.53%   127 2070s
 260104 108443     cutoff   59       138.00000  135.88500  1.53%   127 2075s
 260666 108635  135.89093   54  151  138.00000  135.88593  1.53%   127 2080s
 261326 108878  136.57640   60   84  138.00000  135.88658  1.53%   127 2085s
 261950 109137     cutoff   81       138.00000  135.88717  1.53%   127 2090s
 262541 109384     cutoff   63       138.00000  135.88780  1.53%   127 2095s
 263068 109576  136.47462   58  193  138.00000  135.88857  1.53%   128 2100s
 263686 109788     cutoff   76       138.00000  135.88889  1.53%   128 2105s
 264372 110123  137.00000   62   59  138.00000  135.88905  1.53%   128 2110s
 264963 110347  136.42947   72   97  138.00000  135.88983  1.53%   128 2115s
 265548 110593  136.20426   61  140  138.00000  135.89064  1.53%   128 2120s
 266188 110828  137.00000   58   35  138.00000  135.89124  1.53%   128 2125s
 266701 111027  137.00000   71   65  138.00000  135.89208  1.53%   128 2130s
 267255 111197  136.62505   53  100  138.00000  135.89300  1.53%   128 2135s
 267850 111399  136.84507   82   85  138.00000  135.89370  1.53%   128 2140s
 268451 111640  137.00000   74   47  138.00000  135.89432  1.53%   128 2145s
 269068 111892  137.00000   69   66  138.00000  135.89484  1.53%   128 2150s
 269616 112107  136.18375   58  175  138.00000  135.89576  1.52%   128 2155s
 270204 112321  135.96039   57  141  138.00000  135.89671  1.52%   128 2160s
 270792 112508     cutoff   55       138.00000  135.89741  1.52%   128 2165s
 271349 112677  136.58571   61  162  138.00000  135.89809  1.52%   128 2170s
 271928 112876  136.60788   56  144  138.00000  135.89872  1.52%   128 2175s
 272491 113062  136.58786   47  107  138.00000  135.89961  1.52%   128 2180s
 273079 113300  136.90433   51  109  138.00000  135.90000  1.52%   128 2185s
 273647 113505  137.00000   56  107  138.00000  135.90070  1.52%   128 2190s
 274205 113764  136.00000   55  133  138.00000  135.90122  1.52%   128 2195s
 274813 113982  136.07733   56  134  138.00000  135.90215  1.52%   128 2200s
 275423 114196  136.74476   59  122  138.00000  135.90310  1.52%   128 2205s
 276024 114403  136.19041   66  208  138.00000  135.90396  1.52%   128 2210s
 276721 114674     cutoff   55       138.00000  135.90455  1.52%   128 2215s
 277367 114928  136.30360   63  194  138.00000  135.90536  1.52%   128 2220s
 277934 115151  136.12570   64  107  138.00000  135.90599  1.52%   128 2225s
 278595 115382  137.00000   72   89  138.00000  135.90654  1.52%   128 2230s
 279169 115603  137.00000   79   72  138.00000  135.90736  1.52%   128 2235s
 279728 115765  137.00000   62   77  138.00000  135.90783  1.52%   128 2240s
 280225 115901  136.04021   59  142  138.00000  135.90858  1.52%   129 2245s
 280811 116148  136.80000   68   65  138.00000  135.90909  1.52%   129 2250s
 281426 116426  136.41708   62  162  138.00000  135.90930  1.51%   129 2255s
 281981 116593  136.68862   59  158  138.00000  135.91022  1.51%   129 2260s
 282568 116782  136.36883   51  200  138.00000  135.91089  1.51%   129 2265s
 283144 116991  136.50000   59   94  138.00000  135.91164  1.51%   129 2270s
 283709 117202     cutoff   64       138.00000  135.91243  1.51%   129 2275s
 284242 117419  136.79761   63   91  138.00000  135.91300  1.51%   129 2280s
 284751 117588  136.55719   56  122  138.00000  135.91396  1.51%   129 2285s
 285335 117815  136.42759   57  190  138.00000  135.91455  1.51%   129 2290s
 285875 117984  136.64143   57  117  138.00000  135.91509  1.51%   129 2295s
 286439 118180  136.56959   58  159  138.00000  135.91606  1.51%   129 2300s
 287000 118358  136.50418   58  110  138.00000  135.91667  1.51%   129 2305s
 287578 118539  136.81867   55  130  138.00000  135.91707  1.51%   129 2310s
 288227 118765     cutoff   71       138.00000  135.91761  1.51%   129 2315s
 288849 119011  136.48341   59  121  138.00000  135.91816  1.51%   129 2320s
 289467 119250  136.79500   67  142  138.00000  135.91871  1.51%   129 2325s
 290042 119449  136.07692   64   91  138.00000  135.91944  1.51%   129 2330s
 290665 119708  137.00000   70   82  138.00000  135.92021  1.51%   129 2335s
 291205 119894  136.50000   52   63  138.00000  135.92111  1.51%   129 2340s
 291926 120189  135.97885   59  180  138.00000  135.92180  1.51%   129 2345s
 292503 120407  137.00000   76   56  138.00000  135.92247  1.51%   129 2350s
 293040 120602  136.00580   49  147  138.00000  135.92327  1.50%   129 2355s
 293642 120794  136.01005   57   29  138.00000  135.92383  1.50%   129 2360s
 294242 121032  136.26341   77  143  138.00000  135.92460  1.50%   129 2365s
 294885 121254     cutoff   67       138.00000  135.92534  1.50%   129 2370s
 295538 121544  136.35212   55  106  138.00000  135.92636  1.50%   129 2375s
 296115 121738  136.79917   57  129  138.00000  135.92706  1.50%   129 2380s
 296709 121962  135.96699   51  172  138.00000  135.92758  1.50%   129 2385s
 297322 122192  137.00000   69   64  138.00000  135.92824  1.50%   129 2390s
 297924 122474  137.00000   76   77  138.00000  135.92857  1.50%   129 2395s
 298469 122671     cutoff   64       138.00000  135.92915  1.50%   129 2400s
 299009 122822  136.82421   64  126  138.00000  135.93015  1.50%   130 2405s
 299564 123013  136.42241   54  165  138.00000  135.93098  1.50%   130 2410s
 300203 123238  136.63106   70  104  138.00000  135.93167  1.50%   130 2415s
 300850 123471  136.06712   53  178  138.00000  135.93249  1.50%   130 2420s
 301477 123747  136.32174   62  198  138.00000  135.93302  1.50%   130 2425s
 302032 123944  136.23097   55  206  138.00000  135.93337  1.50%   130 2430s
 302540 124086  136.80000   63   64  138.00000  135.93400  1.50%   130 2435s
 303081 124268  136.16413   51  203  138.00000  135.93500  1.50%   130 2440s
 303620 124442  136.82573   59  134  138.00000  135.93583  1.50%   130 2445s
 304181 124618  136.11597   47  150  138.00000  135.93684  1.50%   130 2450s
 304823 124837  136.76856   57  113  138.00000  135.93760  1.49%   130 2455s
 305437 125058  137.00008   68   41  138.00000  135.93824  1.49%   130 2460s
 306076 125291  136.50843   71  147  138.00000  135.93911  1.49%   130 2465s
 306694 125524  136.24967   51  134  138.00000  135.93987  1.49%   130 2470s
 307303 125730  136.92890   60   91  138.00000  135.94038  1.49%   130 2475s
 307888 125948  136.29654   55   94  138.00000  135.94118  1.49%   130 2480s
 308489 126163  136.50000   59  119  138.00000  135.94193  1.49%   130 2485s
 309139 126410  136.73679   62  104  138.00000  135.94269  1.49%   130 2490s
 309706 126602  136.28102   55  165  138.00000  135.94328  1.49%   130 2495s
 310283 126782  136.66667   65   65  138.00000  135.94444  1.49%   130 2500s
 310920 127003  137.00000   72   97  138.00000  135.94508  1.49%   130 2505s
 311439 127173  136.22498   82  103  138.00000  135.94589  1.49%   130 2510s
 312033 127416  136.10872   63  128  138.00000  135.94652  1.49%   130 2515s
 312646 127656  137.00000   69   69  138.00000  135.94708  1.49%   130 2520s
 313265 127858  136.68468   61  143  138.00000  135.94773  1.49%   130 2525s
 313827 128029  136.74809   60  158  138.00000  135.94884  1.49%   130 2530s
 314427 128244  136.50715   75  119  138.00000  135.94966  1.49%   130 2535s
 314943 128435     cutoff   71       138.00000  135.95021  1.49%   130 2540s
 315499 128611  136.27248   63  136  138.00000  135.95084  1.48%   130 2545s
 316085 128795  136.66768   52  159  138.00000  135.95130  1.48%   130 2550s
 316648 129006  136.54585   55  169  138.00000  135.95197  1.48%   130 2555s
 317236 129287  137.00000   80   56  138.00000  135.95267  1.48%   130 2560s
 317896 129525  136.50000   61   81  138.00000  135.95352  1.48%   130 2565s
 318501 129761  137.00000   59  123  138.00000  135.95420  1.48%   130 2570s
 319061 129946  137.00000   64   53  138.00000  135.95491  1.48%   130 2575s
 319629 130120  137.00000   59   92  138.00000  135.95550  1.48%   130 2580s
 320162 130317  137.00000   65   77  138.00000  135.95634  1.48%   131 2585s
 320784 130540  136.60312   60  133  138.00000  135.95695  1.48%   131 2590s
 321399 130754  136.14724   59  149  138.00000  135.95793  1.48%   131 2595s
 321987 130962  136.14796   57  188  138.00000  135.95860  1.48%   131 2600s
 322635 131193  137.00000   66   16  138.00000  135.95918  1.48%   131 2605s
 323312 131476  136.82251   60  146  138.00000  135.95973  1.48%   131 2610s
 323866 131672  136.30127   66   63  138.00000  135.96031  1.48%   131 2615s
 324450 131841  136.50575   71  115  138.00000  135.96097  1.48%   131 2620s
 325006 132002     cutoff   60       138.00000  135.96176  1.48%   131 2625s
 325556 132187  136.73899   71  134  138.00000  135.96226  1.48%   131 2630s
 326250 132471  137.00000   58   48  138.00000  135.96285  1.48%   131 2635s
 326847 132697  136.43905   71  122  138.00000  135.96365  1.48%   131 2640s
 327495 132949  136.21354   59  125  138.00000  135.96429  1.48%   131 2645s
 328089 133178  137.00000   71   50  138.00000  135.96503  1.47%   131 2650s
 328662 133383  137.00000   67   58  138.00000  135.96596  1.47%   131 2655s
 329275 133571  136.45833   56  140  138.00000  135.96663  1.47%   131 2660s
 329890 133798     cutoff   78       138.00000  135.96713  1.47%   131 2665s
 330498 134015     cutoff   68       138.00000  135.96801  1.47%   131 2670s
 331053 134192  136.06929   51  178  138.00000  135.96919  1.47%   131 2675s
 331628 134406     cutoff   85       138.00000  135.97012  1.47%   131 2680s
 332245 134644  136.18725   53  133  138.00000  135.97092  1.47%   131 2685s
 332872 134863  136.80919   67  104  138.00000  135.97175  1.47%   131 2690s
 333470 135031  136.84637   54  213  138.00000  135.97229  1.47%   131 2695s
 333992 135162     cutoff   56       138.00000  135.97318  1.47%   131 2700s
 334573 135379     cutoff   75       138.00000  135.97376  1.47%   131 2705s
 335146 135574  136.29396   63  176  138.00000  135.97447  1.47%   131 2710s
 335745 135796  136.40765   57  175  138.00000  135.97501  1.47%   131 2715s
 336354 136020  136.19969   59  130  138.00000  135.97596  1.47%   131 2720s
 336958 136242  136.00000   64   71  138.00000  135.97693  1.47%   131 2725s
 337509 136466  137.00000   78   58  138.00000  135.97768  1.47%   131 2730s
 338064 136664  136.50227   53  139  138.00000  135.97831  1.46%   131 2735s
 338648 136829  136.14032   51  168  138.00000  135.97904  1.46%   131 2740s
 339234 137051  137.00000   64   90  138.00000  135.97981  1.46%   131 2745s
 339823 137278     cutoff   87       138.00000  135.98058  1.46%   131 2750s
 340379 137460  136.40000   57  134  138.00000  135.98147  1.46%   131 2755s
 340944 137668  136.66667   65  155  138.00000  135.98225  1.46%   131 2760s
 341546 137852  136.00674   63  139  138.00000  135.98289  1.46%   131 2765s
 342312 138182  137.00000   95   12  138.00000  135.98326  1.46%   131 2770s
 343185 138694 infeasible   85       138.00000  135.98326  1.46%   131 2775s
 343881 139044  137.00000   64   63  138.00000  135.98383  1.46%   131 2780s
 344468 139306     cutoff   75       138.00000  135.98443  1.46%   131 2785s
 345026 139468  136.29043   61  145  138.00000  135.98555  1.46%   131 2790s
 345556 139604  136.52164   62   84  138.00000  135.98640  1.46%   131 2795s
 346107 139760  136.62322   70   99  138.00000  135.98701  1.46%   131 2800s
 346692 139950  136.00887   71  109  138.00000  135.98785  1.46%   131 2805s
 347263 140113  136.51191   57  146  138.00000  135.98850  1.46%   131 2810s
 347734 140235  136.78864   54   74  138.00000  135.98893  1.46%   131 2815s
 348304 140443  137.00000   73   59  138.00000  135.98939  1.46%   131 2820s
 348908 140660  136.87173   72  102  138.00000  135.99018  1.46%   131 2825s
 349478 140873  136.14641   67  190  138.00000  135.99085  1.46%   131 2830s
 350078 141087  136.41367   55  167  138.00000  135.99158  1.46%   131 2835s
 350724 141363  136.78986   51  147  138.00000  135.99239  1.45%   131 2840s
 351244 141562  136.84176   66  157  138.00000  135.99310  1.45%   131 2845s
 351841 141760  136.15220   72  161  138.00000  135.99370  1.45%   132 2850s
 352458 141976  136.32479   72  156  138.00000  135.99456  1.45%   132 2855s
 353019 142174     cutoff   62       138.00000  135.99544  1.45%   132 2860s
 353623 142406  136.23968   54  122  138.00000  135.99609  1.45%   132 2865s
 354283 142619  136.65524   59  162  138.00000  135.99722  1.45%   132 2870s
 354775 142723  136.24236   60  142  138.00000  135.99839  1.45%   132 2875s
 355349 142892  136.72107   72  142  138.00000  135.99920  1.45%   132 2880s
 355912 143104     cutoff   98       138.00000  135.99998  1.45%   132 2885s
 356588 143463  136.47210   78   88  138.00000  136.00000  1.45%   132 2890s
 357162 143741     cutoff   73       138.00000  136.00000  1.45%   132 2895s
 357802 144039  136.62647   73  128  138.00000  136.00000  1.45%   132 2900s
 358390 144284  137.00000   92   14  138.00000  136.00000  1.45%   132 2905s
 358992 144570     cutoff   68       138.00000  136.00000  1.45%   132 2910s
 359761 144976  136.75000   96   58  138.00000  136.00000  1.45%   132 2915s
 360470 145315  137.00000   71   62  138.00000  136.00000  1.45%   132 2920s
 361155 145645  136.01282   67  159  138.00000  136.00000  1.45%   132 2925s
 361872 145964  136.00000   64   74  138.00000  136.00000  1.45%   132 2930s
 362492 146215  137.00000   93   24  138.00000  136.00000  1.45%   132 2935s
 363263 146593  136.59996   68  136  138.00000  136.00000  1.45%   131 2940s
 363919 146899  136.33816   77  142  138.00000  136.00000  1.45%   131 2945s
 364733 147251  136.29312   71  132  138.00000  136.00000  1.45%   131 2950s
 365336 147485  136.02008   60  126  138.00000  136.00000  1.45%   131 2955s
 365886 147676  136.37479   73   96  138.00000  136.00000  1.45%   131 2960s
 366389 147919  137.00000   49   96  138.00000  136.00000  1.45%   131 2965s
 367006 148194  136.19283   61  138  138.00000  136.00000  1.45%   131 2970s
 367577 148429  136.02847   58  115  138.00000  136.00000  1.45%   131 2975s
 368243 148685  136.00970   56  113  138.00000  136.00000  1.45%   131 2980s
 368896 148973  136.50000   61   65  138.00000  136.00000  1.45%   131 2985s
 369445 149196  136.04070   66  115  138.00000  136.00000  1.45%   131 2990s
 370027 149439  137.00000   70   56  138.00000  136.00000  1.45%   131 2995s
 370586 149638  136.39063   61  110  138.00000  136.00000  1.45%   132 3000s
 371251 149901  136.00057   59  142  138.00000  136.00000  1.45%   131 3005s
 371839 150142  136.00000   72   50  138.00000  136.00000  1.45%   131 3010s
 372452 150424  137.00000   61   64  138.00000  136.00000  1.45%   131 3015s
 373095 150663  136.00427   65  119  138.00000  136.00000  1.45%   131 3020s
 373713 150922     cutoff   64       138.00000  136.00000  1.45%   131 3025s
 374473 151283  136.67146   62  137  138.00000  136.00000  1.45%   131 3030s
 375115 151599  136.22535   95   54  138.00000  136.00000  1.45%   131 3035s
 375750 151824  136.23249   60   83  138.00000  136.00000  1.45%   131 3040s
 376485 152201  137.00000   67   45  138.00000  136.00000  1.45%   131 3045s
 377170 152501  136.60757   65  112  138.00000  136.00000  1.45%   131 3050s
 377820 152780  136.34989   63  157  138.00000  136.00000  1.45%   131 3055s
 378470 153063  136.05893   64  134  138.00000  136.00000  1.45%   131 3060s
 379128 153320  136.50000   58   72  138.00000  136.00000  1.45%   131 3065s
 379889 153608  136.34018   65  106  138.00000  136.00000  1.45%   131 3070s
 380596 153908  136.00000   56  144  138.00000  136.00000  1.45%   131 3075s
 381237 154163  136.53812   62  142  138.00000  136.00000  1.45%   131 3080s
 381919 154514  136.00000   57   89  138.00000  136.00000  1.45%   131 3085s
 382686 154854  136.01251   62   95  138.00000  136.00000  1.45%   131 3090s
 383281 155080  136.02579   67  156  138.00000  136.00000  1.45%   131 3095s
 383957 155404  136.05393   63   86  138.00000  136.00000  1.45%   131 3100s
 384620 155691  137.00000   72   50  138.00000  136.00000  1.45%   131 3105s
 385389 156082  136.04718   53  101  138.00000  136.00000  1.45%   131 3110s
 385979 156306  137.00000   70   41  138.00000  136.00000  1.45%   131 3115s
 386669 156567  136.15002   62  112  138.00000  136.00000  1.45%   131 3120s
 387303 156814  136.20347   56   95  138.00000  136.00000  1.45%   131 3125s
 388012 157156  136.35950   60  121  138.00000  136.00000  1.45%   131 3130s
 388795 157563  137.00000   72   38  138.00000  136.00000  1.45%   131 3135s
 389448 157841  136.51957   70   92  138.00000  136.00000  1.45%   131 3140s
 390050 158061  137.00000   61   31  138.00000  136.00000  1.45%   131 3145s
 390849 158392  136.01939   70  115  138.00000  136.00000  1.45%   131 3150s
 391588 158713  136.54192   68   92  138.00000  136.00000  1.45%   131 3155s
 392362 159080  136.52017   88  127  138.00000  136.00000  1.45%   131 3160s
 392945 159301     cutoff   61       138.00000  136.00000  1.45%   131 3165s
 393553 159528  136.24482   56  151  138.00000  136.00000  1.45%   131 3170s
 394286 159833  136.21866   63  173  138.00000  136.00000  1.45%   131 3175s
 394951 160065  137.00000   65   64  138.00000  136.00000  1.45%   131 3180s
 395764 160442  137.00000   66   66  138.00000  136.00000  1.45%   131 3185s
 396340 160698  136.75000   75   53  138.00000  136.00000  1.45%   131 3190s
 397028 161009  137.00000   71   36  138.00000  136.00000  1.45%   131 3195s
 397798 161412  136.19427   65  121  138.00000  136.00000  1.45%   131 3200s
 398467 161742  136.42241   61  119  138.00000  136.00000  1.45%   131 3205s
 399258 162103  136.04913   51  104  138.00000  136.00000  1.45%   131 3210s
 399932 162437  137.00000   54  111  138.00000  136.00000  1.45%   131 3215s
 400586 162746  136.50000   76   40  138.00000  136.00000  1.45%   131 3220s
 401338 163132  136.30246   59  168  138.00000  136.00000  1.45%   130 3225s
 401942 163414  136.66441   67   78  138.00000  136.00000  1.45%   131 3230s
 402628 163739  136.79285   71   57  138.00000  136.00000  1.45%   130 3235s
 403331 164074  136.50000   50   94  138.00000  136.00000  1.45%   130 3240s
 404014 164407  136.04143   60  162  138.00000  136.00000  1.45%   130 3245s
 404643 164656  137.00000   76   36  138.00000  136.00000  1.45%   130 3250s
 405387 165033  136.26501   53  101  138.00000  136.00000  1.45%   130 3255s
 406063 165347  136.50000   54   72  138.00000  136.00000  1.45%   130 3260s
 406712 165604  136.33019   66  124  138.00000  136.00000  1.45%   130 3265s
 407372 165923  137.00000   82   56  138.00000  136.00000  1.45%   130 3270s
 408070 166223  136.19208   64  168  138.00000  136.00000  1.45%   130 3275s
 408841 166612  136.03248   49  137  138.00000  136.00000  1.45%   130 3280s
 409709 167034  136.22753   57  133  138.00000  136.00000  1.45%   130 3285s
 410269 167256  136.95890   65   29  138.00000  136.00000  1.45%   130 3290s
 410965 167563  137.00000   56   48  138.00000  136.00000  1.45%   130 3295s
 411618 167851  136.13632   68  130  138.00000  136.00000  1.45%   130 3300s
 412321 168179  136.50000   61   65  138.00000  136.00000  1.45%   130 3305s
 413034 168507     cutoff   83       138.00000  136.00000  1.45%   130 3310s
 413702 168785  136.28571   48  144  138.00000  136.00000  1.45%   130 3315s
 414364 169077  136.43479   59   87  138.00000  136.00000  1.45%   130 3320s
 415004 169385  136.63205   53  127  138.00000  136.00000  1.45%   130 3325s
 415825 169853  137.00000   63   31  138.00000  136.00000  1.45%   130 3330s
 416571 170175  136.75534   70  131  138.00000  136.00000  1.45%   130 3335s
 417214 170447  136.60771   61  113  138.00000  136.00000  1.45%   130 3340s
 417920 170777     cutoff   77       138.00000  136.00000  1.45%   130 3345s
 418584 171070  136.27819   64  124  138.00000  136.00000  1.45%   130 3350s
 419288 171396     cutoff   74       138.00000  136.00000  1.45%   130 3355s
 419954 171741  136.62500   63  131  138.00000  136.00000  1.45%   130 3360s
 420630 172043     cutoff   84       138.00000  136.00000  1.45%   130 3365s
 421291 172314  137.00000   70   57  138.00000  136.00000  1.45%   130 3370s
 421967 172623  136.19586   55   95  138.00000  136.00000  1.45%   130 3375s
 422536 172883  137.00000   81   16  138.00000  136.00000  1.45%   130 3380s
 423188 173158  137.00000   79   55  138.00000  136.00000  1.45%   130 3385s
 423763 173417  137.00000   66   78  138.00000  136.00000  1.45%   130 3390s
 424355 173625  136.51609   60  131  138.00000  136.00000  1.45%   130 3395s
 424915 173812  136.71621   70   54  138.00000  136.00000  1.45%   130 3400s
 425576 174091  136.07143   60  105  138.00000  136.00000  1.45%   130 3405s
 426190 174366     cutoff   82       138.00000  136.00000  1.45%   130 3410s
 426857 174647  137.00000   86   21  138.00000  136.00000  1.45%   130 3415s
 427502 174913  136.03749   65  185  138.00000  136.00000  1.45%   130 3420s
 428131 175168  136.00000   60  112  138.00000  136.00000  1.45%   130 3425s
 428764 175436  136.28563   63  151  138.00000  136.00000  1.45%   130 3430s
 429368 175663  136.71767   80   92  138.00000  136.00000  1.45%   130 3435s
 430054 175959  136.50000   65   73  138.00000  136.00000  1.45%   130 3440s
 430704 176236  136.51975   58  101  138.00000  136.00000  1.45%   130 3445s
 431244 176394  136.20636   61  134  138.00000  136.00000  1.45%   130 3450s
 431811 176609  136.64571   53  116  138.00000  136.00000  1.45%   130 3455s
 432482 176955  137.00000   74   58  138.00000  136.00000  1.45%   130 3460s
 433049 177168  136.03439   66  125  138.00000  136.00000  1.45%   130 3465s
 433697 177442     cutoff   70       138.00000  136.00000  1.45%   130 3470s
 434380 177740  137.00000   63  103  138.00000  136.00000  1.45%   130 3475s
 434972 178002  136.00100   63  112  138.00000  136.00000  1.45%   130 3480s
 435660 178314  136.04995   58  135  138.00000  136.00000  1.45%   130 3485s
 436298 178583  136.21054   52  101  138.00000  136.00000  1.45%   130 3490s
 436908 178861  136.01869   63   85  138.00000  136.00000  1.45%   130 3495s
 437665 179247     cutoff   71       138.00000  136.00000  1.45%   130 3500s
 438367 179599  136.07920   59  142  138.00000  136.00000  1.45%   130 3505s
 439177 180051     cutoff   72       138.00000  136.00000  1.45%   130 3510s
 439745 180252  136.03224   71  129  138.00000  136.00000  1.45%   130 3515s
 440427 180565  136.00000   57  111  138.00000  136.00000  1.45%   130 3520s
 441058 180846  136.50000   75   77  138.00000  136.00000  1.45%   130 3525s
 441717 181093  137.00000   58   77  138.00000  136.00000  1.45%   130 3530s
 442386 181363  136.18254   68  126  138.00000  136.00000  1.45%   130 3535s
 443166 181772  136.50644   62  101  138.00000  136.00000  1.45%   130 3540s
 443777 182036  136.86266   61   94  138.00000  136.00000  1.45%   130 3545s
 444400 182319  136.99644   66  106  138.00000  136.00000  1.45%   130 3550s
 445065 182616     cutoff   67       138.00000  136.00000  1.45%   130 3555s
 445661 182865  136.67877   66  156  138.00000  136.00000  1.45%   130 3560s
 446300 183186  136.04345   56  128  138.00000  136.00000  1.45%   130 3565s
 446921 183479  136.26622   57   95  138.00000  136.00000  1.45%   130 3570s
 447607 183782  136.73087   57  131  138.00000  136.00000  1.45%   130 3575s
 448301 184097  136.38674   59  120  138.00000  136.00000  1.45%   130 3580s
 448977 184375  136.02862   56   93  138.00000  136.00000  1.45%   130 3585s
 449650 184691  136.04594   53   97  138.00000  136.00000  1.45%   130 3590s
 450272 184983  136.33929   65  111  138.00000  136.00000  1.45%   130 3595s

Cutting planes:
  Learned: 38
  Gomory: 21
  Cover: 827
  Implied bound: 51
  Clique: 21
  MIR: 495
  Mixing: 13
  StrongCG: 39
  Flow cover: 1489
  GUB cover: 154
  Inf proof: 14
  Zero half: 94
  RLT: 13
  Relax-and-lift: 183
  BQP: 5

Explored 450898 nodes (58424537 simplex iterations) in 3599.96 seconds (3789.25 work units)
Thread count was 1 (of 16 available processors)

Solution count 10: 138 138 139 ... 148

Time limit reached
Best objective 1.380000000000e+02, best bound 1.360000000000e+02, gap 1.4493%

User-callback calls 1811061, time in user-callback 1.08 sec
Stat(MathOptInterface.TIME_LIMIT, 138.0, 136.00000000000006, 0.014492753623187993, 0.0, 0.044748, 3599.956773996353, 450898, Main.CFLG.LEVFP, "", #undef)
