Data path: /scratch/opt/lxu/CFLG/benchmarks/Kgroup_A
Instance: K100.1.red
Result path: /scratch/opt/lxu/CFLG/results/Kgroup_A
Solver: Gurobi
Time limit: 7200
Formulation: LEFPAD
Cover: Large
julia --project=. src/main.jl /scratch/opt/lxu/CFLG/benchmarks/Kgroup_A K100.1.red /scratch/opt/lxu/CFLG/results/Kgroup_A Gurobi 7200 LEFPAD Large
The latest version of Julia in the `release` channel is 1.11.6+0.x64.linux.gnu. You currently have `1.11.4+0.x64.linux.gnu` installed. Run:

  juliaup update

in your terminal shell to install Julia 1.11.6+0.x64.linux.gnu and update the `release` channel to that version.
/scratch/opt/lxu/CFLG/benchmarks/Kgroup_A Gurobi 7200.0 /scratch/opt/lxu/CFLG/results/Kgroup_A K100.1.red LEFPAD Large
/scratch/opt/lxu/CFLG/benchmarks/Kgroup_A/K100.1.red

 read graph
data loaded


after absorb:42 42

max_piece:4
ERROR: LoadError: BoundsError: attempt to access 0-element Vector{Int64} at index [2]
Stacktrace:
 [1] throw_boundserror(A::Vector{Int64}, I::Tuple{Int64})
   @ Base ./essentials.jl:14
 [2] getindex
   @ ./essentials.jl:916 [inlined]
 [3] pruning(problem::Problem)
   @ Main.CFLG /scratch/opt/lxu/CFLG/src/Problem.jl:140
 [4] solve!(problem::Problem, solver_name::String, option::Option, formulation::String)
   @ Main.CFLG /scratch/opt/lxu/CFLG/src/Algorithm.jl:89
 [5] main(args::Vector{String})
   @ Main /scratch/opt/lxu/CFLG/src/main.jl:39
 [6] top-level scope
   @ /scratch/opt/lxu/CFLG/src/main.jl:57
in expression starting at /scratch/opt/lxu/CFLG/src/main.jl:57
problem_graph/original graph: node: 61/42 edge: 204/185 dlt: 0.40690855714659935 break_avg_len: 0.1845051055689238 break_max_len: 1.0srun: error: htc-cmp481: task 0: Exited with exit code 1
