Data path: /scratch/opt/lxu/CFLG/benchmarks/tree_B
Instance: treeB.300.15
Result path: /scratch/opt/lxu/CFLG/results/tree_B
Solver: Gurobi
Time limit: 7200
Formulation: LEFPAD
Cover: Large
julia --project=. src/main.jl /scratch/opt/lxu/CFLG/benchmarks/tree_B treeB.300.15 /scratch/opt/lxu/CFLG/results/tree_B Gurobi 7200 LEFPAD Large
The latest version of Julia in the `release` channel is 1.11.5+0.x64.linux.gnu. You currently have `1.11.4+0.x64.linux.gnu` installed. Run:

  juliaup update

in your terminal shell to install Julia 1.11.5+0.x64.linux.gnu and update the `release` channel to that version.
/scratch/opt/lxu/CFLG/benchmarks/tree_B Gurobi 7200.0 /scratch/opt/lxu/CFLG/results/tree_B treeB.300.15 LEFPAD Large
/scratch/opt/lxu/CFLG/benchmarks/tree_B/treeB.300.15

 read graph
data loaded

problem_graph/original graph: node: 300/300 edge: 314/314 dlt: 3.04644848069629 break_avg_len: 1.523224240348145 break_max_len: 1.996631463959332Vbar/V, Ebar/E(86, 300, 100, 314)
Set parameter TokenServer to value "solice01.zib.de"
Set parameter Threads to value 1
Set parameter OutputFlag to value 1
Gurobi Optimizer version 12.0.1 build v12.0.1rc0 (linux64 - "Debian GNU/Linux 12 (bookworm)")

CPU model: Intel(R) Xeon(R) Gold 5122 CPU @ 3.60GHz, instruction set [SSE2|AVX|AVX2|AVX512]
Thread count: 8 physical cores, 16 logical processors, using up to 1 threads

Non-default parameters:
Threads  1

Optimize a model with 270 rows, 426 columns and 710 nonzeros
Model fingerprint: 0x454b109e
Coefficient statistics:
  Matrix range     [1e+00, 1e+00]
  Objective range  [1e+00, 1e+00]
  Bounds range     [1e+00, 1e+00]
  RHS range        [1e+00, 1e+00]
Presolve removed 270 rows and 426 columns
Presolve time: 0.00s
Presolve: All rows and columns removed
Iteration    Objective       Primal Inf.    Dual Inf.      Time
       0    4.2000000e+01   0.000000e+00   0.000000e+00      0s

Solved in 0 iterations and 0.00 seconds (0.00 work units)
Optimal objective  4.200000000e+01

User-callback calls 35, time in user-callback 0.01 sec
elapsed CPU time: 1.419643 seconds
Set parameter TokenServer to value "solice01.zib.de"
Set parameter Threads to value 1
Set parameter OutputFlag to value 1
Set parameter MIPGap to value 0.0001
Set parameter MIPGapAbs to value 0.999998
Set parameter TimeLimit to value 7198.580357

 more cuts: false 3.04644848069629 false
is_attach:trueformulation:LEFPAD0 142 0

 model loaded

Gurobi Optimizer version 12.0.1 build v12.0.1rc0 (linux64 - "Debian GNU/Linux 12 (bookworm)")

CPU model: Intel(R) Xeon(R) Gold 5122 CPU @ 3.60GHz, instruction set [SSE2|AVX|AVX2|AVX512]
Thread count: 8 physical cores, 16 logical processors, using up to 1 threads

Non-default parameters:
TimeLimit  7198.580357
MIPGapAbs  0.999998
Threads  1

Optimize a model with 5295 rows, 3706 columns and 14737 nonzeros
Model fingerprint: 0x06d695f7
Variable types: 1789 continuous, 1917 integer (1917 binary)
Coefficient statistics:
  Matrix range     [2e-03, 3e+00]
  Objective range  [1e+00, 1e+00]
  Bounds range     [2e-02, 3e+00]
  RHS range        [1e-06, 3e+00]
Presolve removed 2691 rows and 1636 columns
Presolve time: 0.06s
Presolved: 2604 rows, 2070 columns, 8127 nonzeros
Variable types: 1046 continuous, 1024 integer (1024 binary)
Found heuristic solution: objective 158.0000000
Found heuristic solution: objective 140.0000000
Found heuristic solution: objective 121.0000000

Root relaxation: objective 6.881431e+01, 1339 iterations, 0.02 seconds (0.02 work units)

    Nodes    |    Current Node    |     Objective Bounds      |     Work
 Expl Unexpl |  Obj  Depth IntInf | Incumbent    BestBd   Gap | It/Node Time

     0     0   68.81431    0  222  121.00000   68.81431  43.1%     -    0s
H    0     0                     114.0000000   68.81431  39.6%     -    0s
H    0     0                      98.0000000   68.81431  29.8%     -    0s
H    0     0                      97.0000000   68.81431  29.1%     -    0s
H    0     0                      96.0000000   68.81431  28.3%     -    0s
     0     0   74.91253    0  262   96.00000   74.91253  22.0%     -    0s
     0     0   74.91474    0  261   96.00000   74.91474  22.0%     -    0s
H    0     0                      95.0000000   74.98607  21.1%     -    0s
H    0     0                      92.0000000   74.98607  18.5%     -    0s
H    0     0                      90.0000000   74.98607  16.7%     -    0s
     0     0   74.98607    0  257   90.00000   74.98607  16.7%     -    0s
     0     0   74.98607    0  260   90.00000   74.98607  16.7%     -    0s
     0     0   76.15724    0  285   90.00000   76.15724  15.4%     -    0s
     0     0   76.15724    0  285   90.00000   76.15724  15.4%     -    0s
H    0     0                      89.0000000   76.16439  14.4%     -    0s
     0     0   76.19097    0  288   89.00000   76.19097  14.4%     -    0s
     0     0   76.19110    0  304   89.00000   76.19110  14.4%     -    0s
     0     0   76.95475    0  312   89.00000   76.95475  13.5%     -    0s
     0     0   77.12769    0  291   89.00000   77.12769  13.3%     -    0s
     0     0   77.13336    0  304   89.00000   77.13336  13.3%     -    0s
     0     0   77.13336    0  308   89.00000   77.13336  13.3%     -    0s
     0     0   78.60000    0  221   89.00000   78.60000  11.7%     -    0s
     0     0   78.60000    0  230   89.00000   78.60000  11.7%     -    0s
     0     0   78.60000    0  261   89.00000   78.60000  11.7%     -    0s
     0     0   78.60000    0  260   89.00000   78.60000  11.7%     -    0s
     0     0   78.60000    0  259   89.00000   78.60000  11.7%     -    0s
     0     0   78.60000    0   72   89.00000   78.60000  11.7%     -    0s
H    0     0                      82.0000000   78.66667  4.07%     -    0s
     0     0   78.66667    0  103   82.00000   78.66667  4.07%     -    0s
     0     0   78.66667    0   87   82.00000   78.66667  4.07%     -    0s
     0     0   78.66667    0   82   82.00000   78.66667  4.07%     -    0s
H    0     0                      81.0000000   78.66667  2.88%     -    0s
     0     2   78.66667    0   82   81.00000   78.66667  2.88%     -    0s
H  131     4                      80.0000000   79.00000  1.25%  79.5    1s

Cutting planes:
  Gomory: 14
  Cover: 82
  Implied bound: 145
  Clique: 2
  MIR: 177
  StrongCG: 2
  Flow cover: 100
  GUB cover: 6
  Zero half: 12
  Mod-K: 1
  RLT: 104
  Relax-and-lift: 8
  BQP: 36
  PSD: 3

Explored 489 nodes (52273 simplex iterations) in 2.78 seconds (2.08 work units)
Thread count was 1 (of 16 available processors)

Solution count 10: 80 81 82 ... 98

Optimal solution found (tolerance 1.00e-04)
Best objective 8.000000000000e+01, best bound 8.000000000000e+01, gap 0.0000%

User-callback calls 2760, time in user-callback 0.00 sec

 sepatime0 0 0
80.0Stat(MathOptInterface.OPTIMAL, 80.0, 80.0, 0.0, 0.0, 1.419643, 2.7842581272125244, 489, Main.CFLG.LEFPAD, "", #undef)
ERROR: LoadError: SystemError: opening file "/scratch/opt/lxu/CFLG/results/tree_B/treeB.300.15.LEFPAD.Large": No such file or directory
Stacktrace:
 [1] systemerror(p::String, errno::Int32; extrainfo::Nothing)
   @ Base ./error.jl:176
 [2] systemerror
   @ ./error.jl:175 [inlined]
 [3] open(fname::String; lock::Bool, read::Nothing, write::Nothing, create::Nothing, truncate::Bool, append::Nothing)
   @ Base ./iostream.jl:295
 [4] open
   @ ./iostream.jl:277 [inlined]
 [5] open(fname::String, mode::String; lock::Bool)
   @ Base ./iostream.jl:358
 [6] open
   @ ./iostream.jl:357 [inlined]
 [7] main(args::Vector{String})
   @ Main /scratch/opt/lxu/CFLG/src/main.jl:51
 [8] top-level scope
   @ /scratch/opt/lxu/CFLG/src/main.jl:57
in expression starting at /scratch/opt/lxu/CFLG/src/main.jl:57
srun: error: htc-cmp474: task 0: Exited with exit code 1
