Data path: /scratch/opt/lxu/CFLG/benchmarks/random_B
Instance: r_40_0.4_297.txt
Result path: /scratch/opt/lxu/CFLG/results/random_B
Solver: Gurobi
Time limit: 3600
Formulation: LEFP
Cover: Small
julia --project=. src/main.jl /scratch/opt/lxu/CFLG/benchmarks/random_B r_40_0.4_297.txt /scratch/opt/lxu/CFLG/results/random_B Gurobi 3600 LEFP Small
The latest version of Julia in the `release` channel is 1.11.5+0.x64.linux.gnu. You currently have `1.11.4+0.x64.linux.gnu` installed. Run:

  juliaup update

in your terminal shell to install Julia 1.11.5+0.x64.linux.gnu and update the `release` channel to that version.
/scratch/opt/lxu/CFLG/benchmarks/random_B Gurobi 3600.0 /scratch/opt/lxu/CFLG/results/random_B r_40_0.4_297.txt LEFP Small
/scratch/opt/lxu/CFLG/benchmarks/random_B/r_40_0.4_297.txt

 read graph
data loaded


after absorb:40 40

max_piece:8
problem_graph/original graph: node: 59/40 edge: 316/297 dlt: 0.15732064946284197 break_avg_len: 0.5914459859552413 break_max_len: 0.9985183215968443elapsed CPU time: 0.052962 seconds
Set parameter TokenServer to value "solice01.zib.de"
Set parameter Threads to value 1
Set parameter OutputFlag to value 1
Set parameter MIPGap to value 0.0001
Set parameter MIPGapAbs to value 1
Set parameter TimeLimit to value 3599.947038

 more cuts:false
formulation:LEFP278 38 19

 model loaded

Gurobi Optimizer version 12.0.1 build v12.0.1rc0 (linux64 - "Debian GNU/Linux 12 (bookworm)")

CPU model: Intel(R) Xeon(R) Gold 5122 CPU @ 3.60GHz, instruction set [SSE2|AVX|AVX2|AVX512]
Thread count: 8 physical cores, 16 logical processors, using up to 1 threads

Non-default parameters:
TimeLimit  3599.947038
MIPGapAbs  1
Threads  1

Optimize a model with 8369 rows, 4448 columns and 26696 nonzeros
Model fingerprint: 0x97471788
Variable types: 1007 continuous, 3441 integer (3441 binary)
Coefficient statistics:
  Matrix range     [1e-01, 1e+00]
  Objective range  [1e+00, 1e+00]
  Bounds range     [1e-01, 1e+00]
  RHS range        [4e-04, 2e+00]
Presolve removed 2906 rows and 566 columns
Presolve time: 0.17s
Presolved: 5463 rows, 3882 columns, 24108 nonzeros
Variable types: 931 continuous, 2951 integer (2951 binary)
Found heuristic solution: objective 515.0000000

Root relaxation: objective 4.500000e+02, 991 iterations, 0.01 seconds (0.01 work units)

    Nodes    |    Current Node    |     Objective Bounds      |     Work
 Expl Unexpl |  Obj  Depth IntInf | Incumbent    BestBd   Gap | It/Node Time

     0     0  450.00000    0   97  515.00000  450.00000  12.6%     -    0s
H    0     0                     506.0000000  450.00000  11.1%     -    0s
H    0     0                     501.0000000  450.00000  10.2%     -    0s
H    0     0                     491.0000000  450.00000  8.35%     -    0s
     0     0  450.00000    0  134  491.00000  450.00000  8.35%     -    0s
     0     0  450.00000    0  135  491.00000  450.00000  8.35%     -    0s
     0     0  450.00000    0   84  491.00000  450.00000  8.35%     -    0s
     0     0  450.00000    0   86  491.00000  450.00000  8.35%     -    0s
     0     0  450.00000    0   79  491.00000  450.00000  8.35%     -    0s
     0     0  450.00000    0   82  491.00000  450.00000  8.35%     -    0s
     0     0  450.00000    0   79  491.00000  450.00000  8.35%     -    0s
     0     0  450.00000    0   73  491.00000  450.00000  8.35%     -    0s
H    0     0                     487.0000000  451.00000  7.39%     -    0s
H    0     0                     486.0000000  451.00000  7.20%     -    0s
     0     2  451.00000    0   71  486.00000  451.00000  7.20%     -    1s
H   26    26                     485.0000000  451.00000  7.01%  37.4    1s
H  351   336                     474.0000000  451.00000  4.85%   9.9    2s
   564   523  451.09304   15   95  474.00000  451.09304  4.83%  27.6    5s
H 2203  1576                     473.0000000  451.09304  4.63%  14.2    9s
  2258  1620 infeasible  406       473.00000  451.09304  4.63%  14.2   10s
H 2287  1632                     472.0000000  451.09304  4.43%  14.1   10s
H 4783  3883                     471.0000000  451.09304  4.23%  11.2   14s
  4984  4084  460.00000  160   65  471.00000  451.09304  4.23%  11.1   15s
  8300  7250  461.00000  193   64  471.00000  451.09304  4.23%   9.8   20s
 10203  9061  466.00000  317   73  471.00000  451.13173  4.22%   9.4   29s
 10214  9068  466.00000  321  234  471.00000  458.84311  2.58%   9.4   30s
 10245  9089  462.00000  225  303  471.00000  459.05891  2.54%   9.3   35s
 10609  9292  466.00000   70   54  471.00000  459.06126  2.53%  11.3   40s
H10822  8925                     470.0000000  459.09532  2.32%  11.7   42s
 11167  9129  466.00000  114   28  470.00000  459.09884  2.32%  12.2   45s
H12084  9089                     469.0000000  459.16658  2.10%  14.4   49s
 12097  9100  467.00000  102   34  469.00000  459.16658  2.10%  14.4   50s
 13037  9590  461.34511   43  112  469.00000  459.20997  2.09%  16.8   55s
H13226  9066                     468.0000000  459.20997  1.88%  17.2   55s
 14002  9467  459.31994   30  243  468.00000  459.22547  1.87%  18.7   60s
 14748  9762  459.82074   33  181  468.00000  459.24510  1.87%  20.3   65s
 15317 10038  461.80174   48   87  468.00000  459.30523  1.86%  21.7   70s
 16235 10470  465.40869   76   92  468.00000  459.33908  1.85%  23.2   75s
 17089 10842  461.77271   49  108  468.00000  459.36723  1.84%  24.9   80s
 18032 11255  463.95373   59  112  468.00000  459.39174  1.84%  26.7   85s
 18825 11646  465.00190   87   45  468.00000  459.40441  1.84%  28.0   90s
 19689 12046  459.46880   31  268  468.00000  459.43283  1.83%  28.9   95s
 19781 12107  462.31236  101   67  468.00000  459.43283  1.83%  29.0  100s
 20449 12463  462.96446   72   96  468.00000  459.43881  1.83%  29.6  105s
 21590 13050  464.16677   57   81  468.00000  459.45387  1.83%  31.2  110s
 22872 13696  462.09333   51  101  468.00000  459.46880  1.82%  32.4  115s
 24086 14264  459.94426   47  134  468.00000  459.48230  1.82%  33.4  120s
 25170 14756  463.58271   74   57  468.00000  459.49335  1.82%  34.2  125s
 25676 14997     cutoff   83       468.00000  459.49864  1.82%  34.8  130s
 26731 15523  464.98952   57  100  468.00000  459.50266  1.82%  35.5  135s
 27890 16091  460.06937   36  229  468.00000  459.51637  1.81%  36.3  140s
 29235 16707  461.00968   47  155  468.00000  459.52838  1.81%  36.9  145s
 30498 17257  465.33206  109   69  468.00000  459.53726  1.81%  37.5  150s
 31293 17637  460.29213   38  210  468.00000  459.54581  1.81%  38.0  155s
 32473 18175  461.63480   52  126  468.00000  459.55921  1.80%  38.4  160s
 33616 18721  461.16688   52  171  468.00000  459.56642  1.80%  38.9  165s
 34728 19583  466.47044   63   56  468.00000  459.57414  1.80%  39.2  170s
 35707 20362  465.08608   83   61  468.00000  459.57931  1.80%  39.5  175s
 36758 21251  459.64859   36  241  468.00000  459.58191  1.80%  39.6  180s
 37964 22257  464.58861   70   61  468.00000  459.58813  1.80%  40.0  185s
 39272 23276  463.70413   67  117  468.00000  459.59357  1.80%  40.3  190s
 40423 24248  460.65431   47  121  468.00000  459.60339  1.79%  40.7  195s
 41209 24898  459.85667   36  253  468.00000  459.60794  1.79%  41.0  200s
 42089 25594  467.00000  116   42  468.00000  459.61119  1.79%  41.3  205s
 42874 26253  464.48001   76   48  468.00000  459.61409  1.79%  41.5  210s
 43680 26883  459.69204   38  180  468.00000  459.61713  1.79%  41.8  215s
 44499 27581  466.22429   94   58  468.00000  459.61923  1.79%  42.0  220s
 45345 28287  464.48802   99   79  468.00000  459.62317  1.79%  42.3  225s
 46082 28909  463.27928   57   84  468.00000  459.62593  1.79%  42.5  230s
 47285 29884  460.01040   39  239  468.00000  459.63096  1.79%  42.6  235s
 48488 30887  460.28846   36  183  468.00000  459.63473  1.79%  42.7  240s
 49520 31747  459.80933   45  205  468.00000  459.63760  1.79%  43.0  245s
 50826 32813  462.99873   67   67  468.00000  459.63997  1.79%  43.0  250s
 51464 33341  465.97462   97   97  468.00000  459.64273  1.79%  43.2  255s
 52426 34132  460.78408   58  159  468.00000  459.64482  1.79%  43.5  260s
 53573 35070     cutoff  100       468.00000  459.64946  1.78%  43.5  265s
 54461 35802  465.81030  134   46  468.00000  459.65283  1.78%  43.7  270s
 55484 36614  459.91749   41  219  468.00000  459.65521  1.78%  43.8  275s
 56175 37183  463.66509   61  111  468.00000  459.65684  1.78%  43.9  280s
 57242 38042  463.86109   86   62  468.00000  459.65941  1.78%  44.1  285s
 58372 38973  464.49762   79  138  468.00000  459.66188  1.78%  44.2  290s
 59286 39687  459.79804   35  228  468.00000  459.66344  1.78%  44.4  295s
 60363 40613  463.01594   53   85  468.00000  459.66607  1.78%  44.7  300s
 61212 41330  463.10683   74   60  468.00000  459.66769  1.78%  44.8  305s
 62257 42212  460.11933   46  175  468.00000  459.66942  1.78%  44.9  310s
 63462 43234  460.53979   38  184  468.00000  459.67338  1.78%  44.9  315s
 64394 43964  463.38552   50   99  468.00000  459.67533  1.78%  45.1  320s
 65437 44800  459.74338   34  253  468.00000  459.67847  1.78%  45.2  325s
 66313 45535  461.24136   44  109  468.00000  459.67948  1.78%  45.3  331s
 66998 46099  461.50063   60  179  468.00000  459.68168  1.78%  45.5  335s
 67914 46873  462.75635   56   92  468.00000  459.68323  1.78%  45.6  340s
 69076 47770  460.33979   41  159  468.00000  459.68627  1.78%  45.6  345s
 70036 48568  461.73419   55  134  468.00000  459.68964  1.78%  45.8  350s
 71047 49352  460.57513   37  183  468.00000  459.69184  1.78%  46.0  355s
 71690 49887  462.30894   76  137  468.00000  459.69370  1.77%  46.1  360s
 72748 50752  460.42507   38  164  468.00000  459.69600  1.77%  46.2  365s
 73981 51743  460.04440   46  191  468.00000  459.69737  1.77%  46.2  370s
 75013 52578  459.95022   40  194  468.00000  459.70019  1.77%  46.3  375s
 75973 53314  460.35280   38  202  468.00000  459.70237  1.77%  46.4  380s
 76689 53906  463.06229   84   94  468.00000  459.70328  1.77%  46.5  385s
 77706 54733  460.35939   47  129  468.00000  459.70551  1.77%  46.6  390s
 78716 55548  465.26388   76  110  468.00000  459.70808  1.77%  46.7  395s
 79838 56456  460.06165   39  203  468.00000  459.71019  1.77%  46.7  400s
 80864 57325  459.90951   40  184  468.00000  459.71214  1.77%  46.7  405s
 81616 57941     cutoff   85       468.00000  459.71366  1.77%  46.8  410s
 82470 58619  463.41852   90   35  468.00000  459.71591  1.77%  46.9  415s
 83445 59384  463.55275   87  103  468.00000  459.71814  1.77%  47.0  420s
 84621 60351  461.13728   55  118  468.00000  459.72078  1.77%  47.0  425s
 85651 61202  462.32815   53   89  468.00000  459.72414  1.77%  47.1  430s
 86717 62091  463.86735   80  105  468.00000  459.72601  1.77%  47.1  435s
 87671 62886  466.00000  118   58  468.00000  459.72723  1.77%  47.1  440s
 88767 63777  460.08680   37  212  468.00000  459.72868  1.77%  47.2  445s
 89876 64680  462.34576   73  114  468.00000  459.73049  1.77%  47.2  450s
 90897 65532  463.31966   72   98  468.00000  459.73183  1.77%  47.4  455s
 91818 66294  466.42069   91   38  468.00000  459.73260  1.77%  47.4  460s
 92853 67130  460.01044   40  243  468.00000  459.73385  1.77%  47.3  465s
 93924 67993  459.79306   35  276  468.00000  459.73507  1.77%  47.4  470s
 95209 69012  466.34197  102   66  468.00000  459.73706  1.77%  47.4  475s
 96199 69768  460.67682   39  175  468.00000  459.73854  1.77%  47.5  480s
 96952 70403  462.74854   47   88  468.00000  459.73971  1.77%  47.5  485s
 98218 71390  460.56771   47  181  468.00000  459.74115  1.76%  47.5  490s
 99229 72227  460.77839   44  184  468.00000  459.74292  1.76%  47.6  495s
 100152 72973  460.20589   47  222  468.00000  459.74422  1.76%  47.6  500s
 101314 73946  466.00000   63   72  468.00000  459.74656  1.76%  47.7  505s
 102176 74652  462.21996   62  101  468.00000  459.74872  1.76%  47.7  510s
 103215 75507  463.48024   87  102  468.00000  459.74950  1.76%  47.7  515s
 104402 76498  466.09600   67   85  468.00000  459.75159  1.76%  47.8  520s
 105520 77415  462.12468   49  105  468.00000  459.75314  1.76%  47.8  525s
 106682 78395  466.84821   72   49  468.00000  459.75480  1.76%  47.8  530s
 107483 79053  462.04826   50   80  468.00000  459.75633  1.76%  47.8  535s
 108532 79937  462.05142   61  106  468.00000  459.75777  1.76%  47.9  540s
 109578 80784  461.71041   88  162  468.00000  459.75883  1.76%  48.0  545s
 110597 81619  462.19509  100  127  468.00000  459.76028  1.76%  48.0  550s
 111685 82538  463.15983   52   65  468.00000  459.76132  1.76%  48.1  555s
 112370 83121  464.91149  104   78  468.00000  459.76206  1.76%  48.1  560s
 113360 83894  460.84005   44  180  468.00000  459.76424  1.76%  48.2  565s
 114386 84752  463.00465   57   85  468.00000  459.76579  1.76%  48.3  570s
 115389 85566  461.94500   59  166  468.00000  459.76867  1.76%  48.4  575s
 116332 86344  459.88498   45  246  468.00000  459.77067  1.76%  48.4  580s
 117323 87162  466.28295   84   68  468.00000  459.77213  1.76%  48.4  585s
 118206 87870  461.39294   55  103  468.00000  459.77379  1.76%  48.5  590s
 119440 88881  460.46113   49  126  468.00000  459.77598  1.76%  48.5  595s
 120454 89704  460.41897   42  187  468.00000  459.77743  1.76%  48.5  600s
 121062 90211  463.40495   70  128  468.00000  459.77820  1.76%  48.6  607s
 121434 90501  462.19057   65  111  468.00000  459.77866  1.76%  48.6  610s
 122424 91263  462.44992   55   71  468.00000  459.77989  1.76%  48.6  616s
 123322 91965  462.62056   75   97  468.00000  459.78139  1.76%  48.6  620s
 124405 92864  465.42676  116   73  468.00000  459.78354  1.76%  48.6  625s
 125530 93789  459.81786   36  214  468.00000  459.78499  1.76%  48.7  630s
 126618 94661  459.88129   38  279  468.00000  459.78647  1.76%  48.7  635s
 127525 95424  466.41870  113   41  468.00000  459.78741  1.75%  48.8  640s
 128525 96217  462.47747   60  128  468.00000  459.78910  1.75%  48.8  645s
 129688 97183  466.01639   85   54  468.00000  459.79050  1.75%  48.8  650s
 130859 98132  466.50000   98   67  468.00000  459.79252  1.75%  48.9  655s
 131995 99049  461.89627   57  110  468.00000  459.79394  1.75%  48.9  660s
 132679 99627  459.86625   38  242  468.00000  459.79476  1.75%  48.9  665s
 133857 100567     cutoff   93       468.00000  459.79654  1.75%  49.0  670s
 134933 101451  460.44100   38  209  468.00000  459.79824  1.75%  49.0  675s
 135989 102310  462.58031   69  114  468.00000  459.79984  1.75%  49.0  680s
 137186 103306  460.58701   45  155  468.00000  459.80103  1.75%  49.1  685s
 137954 103952  461.02350   60  132  468.00000  459.80187  1.75%  49.1  690s
 138976 104723  460.91444   50  158  468.00000  459.80325  1.75%  49.1  695s
 140199 105741  465.02685   85   88  468.00000  459.80382  1.75%  49.1  700s
 141401 106730  461.21339   57  149  468.00000  459.80484  1.75%  49.1  705s
 142587 107693     cutoff   89       468.00000  459.80632  1.75%  49.1  710s
 143456 108433  460.55353   42  165  468.00000  459.80703  1.75%  49.1  715s
 144545 109338  459.85459   39  223  468.00000  459.80860  1.75%  49.2  720s
 145721 110313  464.03012   70   69  468.00000  459.80958  1.75%  49.2  725s
 146928 111292  462.87741   74  129  468.00000  459.81103  1.75%  49.2  730s
 147929 112115  463.43154   78  114  468.00000  459.81221  1.75%  49.3  736s
 148880 112864  460.41282   42  135  468.00000  459.81347  1.75%  49.3  740s
 150060 113829  460.67604   40  147  468.00000  459.81498  1.75%  49.3  745s
 151254 114830  460.37755   48  187  468.00000  459.81614  1.75%  49.3  750s
 152379 115757  462.85731   77   96  468.00000  459.81745  1.75%  49.3  755s
 153106 116301  463.40912   73   59  468.00000  459.81838  1.75%  49.3  760s
 154294 117283  461.34676   48  123  468.00000  459.81981  1.75%  49.3  765s
 155412 118192  461.19676   55  146  468.00000  459.82080  1.75%  49.4  770s
 156624 119192  460.00378   40  230  468.00000  459.82179  1.75%  49.4  775s
 157923 120249  461.88984   57   83  468.00000  459.82285  1.75%  49.3  780s
 158923 121029  466.27208  116   59  468.00000  459.82387  1.75%  49.3  785s
 159956 121890  461.27140   45  156  468.00000  459.82459  1.75%  49.3  790s
 161147 122856  460.00364   46  173  468.00000  459.82545  1.75%  49.3  795s
 162366 123872  466.00117   77   31  468.00000  459.82666  1.75%  49.4  800s
 163252 124593  466.00000   83   53  468.00000  459.82750  1.75%  49.3  805s
 164554 125668  461.00433   63  206  468.00000  459.82828  1.75%  49.3  810s
 165850 126757  463.01929   48   97  468.00000  459.83055  1.75%  49.3  815s
 167016 127700     cutoff  109       468.00000  459.83161  1.75%  49.3  820s
 168333 128765  463.51906   87   56  468.00000  459.83302  1.75%  49.3  826s
 169296 129574  466.60217   91   50  468.00000  459.83364  1.74%  49.2  830s
 170713 130753  460.44363   40  163  468.00000  459.83472  1.74%  49.2  835s
 171995 131803  466.18655  103   59  468.00000  459.83585  1.74%  49.2  840s
 173382 132897  464.80899   45  161  468.00000  459.83689  1.74%  49.2  845s
 174380 133692  461.84331   61  161  468.00000  459.83808  1.74%  49.2  850s
 175713 134761  459.87361   37  229  468.00000  459.83907  1.74%  49.3  855s
 177030 135821  461.41390   53  172  468.00000  459.84000  1.74%  49.3  860s
 178358 136871  460.63775   50  209  468.00000  459.84103  1.74%  49.3  865s
 179216 137568  460.93809   50  113  468.00000  459.84174  1.74%  49.3  870s
 180660 138729  464.00000   70   75  468.00000  459.84361  1.74%  49.3  875s
 181969 139807  466.00000  108   64  468.00000  459.84464  1.74%  49.3  880s
 183270 140866  460.19297   43  152  468.00000  459.84582  1.74%  49.3  885s
 184257 141695  461.51581   47  135  468.00000  459.84657  1.74%  49.3  890s
 185510 142738  460.08360   44  180  468.00000  459.84808  1.74%  49.4  895s
 186853 143861  463.00635   53   92  468.00000  459.84952  1.74%  49.4  900s
 188276 145000  463.30329   69   85  468.00000  459.85071  1.74%  49.4  905s
 189303 145799  460.41356   40  194  468.00000  459.85240  1.74%  49.4  910s
 190666 146909  461.65658   61  161  468.00000  459.85339  1.74%  49.4  915s
 191920 147925  465.07653   54   83  468.00000  459.85451  1.74%  49.4  920s
 193295 148991  465.00465   80   46  468.00000  459.85560  1.74%  49.4  925s
 194177 149702  461.30209   46  131  468.00000  459.85631  1.74%  49.4  930s
 195640 150906     cutoff   78       468.00000  459.85819  1.74%  49.4  935s
 196941 151905  464.00683   66   69  468.00000  459.85901  1.74%  49.4  940s
 198217 152893  462.17920   65  103  468.00000  459.85989  1.74%  49.5  945s
 199284 153770  460.63943   41  161  468.00000  459.86157  1.74%  49.5  950s
 200683 154906  465.05428   70   64  468.00000  459.86280  1.74%  49.5  955s
 202037 156023  460.68593   51  134  468.00000  459.86364  1.74%  49.5  960s
 203412 157123  460.24046   44  221  468.00000  459.86444  1.74%  49.5  965s
 204378 157927  462.02263   62  125  468.00000  459.86478  1.74%  49.5  970s
 205825 159100  464.16665   60  113  468.00000  459.86579  1.74%  49.5  975s
 206998 160056  466.01909   61   59  468.00000  459.86655  1.74%  49.5  980s
 208334 161103  460.22837   41  148  468.00000  459.86811  1.74%  49.5  985s
 209248 161861  460.40523   52  108  468.00000  459.86882  1.74%  49.5  990s
 210682 163024  460.35617   45  158  468.00000  459.87006  1.74%  49.5  995s
 212139 164167  464.73624   90   76  468.00000  459.87084  1.74%  49.5 1000s
 213689 165420  463.11089   56  104  468.00000  459.87243  1.74%  49.5 1005s
 214609 166162  461.45620   55  191  468.00000  459.87308  1.74%  49.5 1010s
 216104 167449  462.75122   66   87  468.00000  459.87414  1.74%  49.5 1015s
 217637 168681  462.62806   66   76  468.00000  459.87527  1.74%  49.4 1020s
 219084 169847  459.92881   39  242  468.00000  459.87610  1.74%  49.4 1025s
 220097 170664  466.30765  113   45  468.00000  459.87666  1.74%  49.4 1030s
 221191 171530  460.24309   49  208  468.00000  459.87732  1.74%  49.5 1035s
 222456 172569  460.54842   38  169  468.00000  459.87837  1.74%  49.5 1040s
 223841 173641  467.00000  116   49  468.00000  459.87894  1.74%  49.5 1045s
 224629 174262  463.30394   81   89  468.00000  459.87961  1.74%  49.5 1050s
 226138 175482  460.29155   40  171  468.00000  459.88054  1.73%  49.5 1055s
 227397 176517  462.29337   51  112  468.00000  459.88137  1.73%  49.5 1060s
 228730 177583  463.12883   72  104  468.00000  459.88208  1.73%  49.5 1065s
 229959 178593  460.91615   42  170  468.00000  459.88348  1.73%  49.5 1070s
 231314 179725  462.07008   76   95  468.00000  459.88425  1.73%  49.5 1075s
 232969 181065  463.04100   66   79  468.00000  459.88534  1.73%  49.5 1080s
 234157 181989  460.54359   47  193  468.00000  459.88647  1.73%  49.5 1085s
 235122 182742  460.50285   39  135  468.00000  459.88699  1.73%  49.5 1090s
 236478 183848  460.74079   57  219  468.00000  459.88854  1.73%  49.5 1095s
 237893 185031  461.19770   61  160  468.00000  459.88934  1.73%  49.5 1100s
 239323 186186  462.27885   70  102  468.00000  459.88996  1.73%  49.5 1105s
 240221 186919  464.78811   94  105  468.00000  459.89051  1.73%  49.5 1110s
 241597 187974  461.95567   44  142  468.00000  459.89165  1.73%  49.5 1115s
 242968 189081     cutoff   75       468.00000  459.89228  1.73%  49.5 1120s
 244195 190065  460.38143   39  155  468.00000  459.89308  1.73%  49.5 1125s
 244986 190719  460.51620   38  127  468.00000  459.89363  1.73%  49.5 1130s
 246507 191993  461.16478   43  262  468.00000  459.89418  1.73%  49.5 1135s
 247888 193129  462.00828   53  153  468.00000  459.89518  1.73%  49.5 1140s
 249174 194161  462.69199   70  144  468.00000  459.89601  1.73%  49.6 1145s
 250193 194960  460.15375   42  142  468.00000  459.89679  1.73%  49.5 1150s
 251399 195950  461.64087   67  212  468.00000  459.89731  1.73%  49.6 1155s
 252777 197058  461.14924   53  136  468.00000  459.89871  1.73%  49.6 1160s
 254123 198131  460.56481   40  175  468.00000  459.89941  1.73%  49.6 1165s
 255078 198895  461.11919   38  152  468.00000  459.89996  1.73%  49.6 1170s
 256156 199759  460.11216   42  241  468.00000  459.90039  1.73%  49.6 1175s
 257532 200867  466.06892  103   69  468.00000  459.90131  1.73%  49.6 1180s
 258910 201973  461.09232   54  106  468.00000  459.90246  1.73%  49.6 1185s
 260151 202985  466.00000   87   26  468.00000  459.90313  1.73%  49.6 1191s
 261082 203750  463.03528   76  101  468.00000  459.90373  1.73%  49.6 1195s
 262438 204831  461.83341   62  130  468.00000  459.90463  1.73%  49.6 1200s
 263954 206073     cutoff   93       468.00000  459.90535  1.73%  49.6 1205s
 265202 207084  461.27983   49  152  468.00000  459.90623  1.73%  49.6 1210s
 265994 207709  462.01832   42   88  468.00000  459.90697  1.73%  49.6 1215s
 267281 208741  460.60051   45  204  468.00000  459.90783  1.73%  49.7 1220s
 268596 209851  461.72923   50  138  468.00000  459.90868  1.73%  49.7 1225s
 269859 210887  460.02247   37  209  468.00000  459.90995  1.73%  49.7 1230s
 270843 211699  460.23962   42  205  468.00000  459.91064  1.73%  49.7 1235s
 272252 212836  460.50041   36  186  468.00000  459.91170  1.73%  49.7 1240s
 273502 213866  460.28317   39  204  468.00000  459.91253  1.73%  49.7 1245s
 274791 214940  464.16348   98   73  468.00000  459.91323  1.73%  49.7 1250s
 275722 215627  465.04404   98   91  468.00000  459.91379  1.73%  49.7 1255s
 277071 216713  462.18186   47  129  468.00000  459.91471  1.73%  49.7 1260s
 278425 217805  466.00329  100   51  468.00000  459.91571  1.73%  49.7 1265s
 279597 218716  460.99622   56  162  468.00000  459.91682  1.73%  49.7 1270s
 280555 219491  464.83333   58   70  468.00000  459.91762  1.73%  49.7 1275s
 281839 220520  460.85646   45  156  468.00000  459.91832  1.73%  49.7 1280s
 283256 221670  465.00000   90   31  468.00000  459.91911  1.73%  49.7 1285s
 284632 222786  460.90781   56  168  468.00000  459.92008  1.73%  49.7 1290s
 285656 223630  466.00000   71   50  468.00000  459.92091  1.73%  49.7 1295s
 286793 224515  459.98673   39  220  468.00000  459.92173  1.73%  49.7 1300s
 288054 225533  463.78497   66   75  468.00000  459.92225  1.73%  49.7 1305s
 289514 226744 infeasible   80       468.00000  459.92225  1.73%  49.7 1310s
 290629 227633  463.73706   71   89  468.00000  459.92288  1.73%  49.7 1315s
 291417 228275  463.19737   70  128  468.00000  459.92331  1.73%  49.8 1320s
 292689 229302  466.00000  100   52  468.00000  459.92402  1.73%  49.8 1325s
 293993 230368  463.45693   85   99  468.00000  459.92458  1.73%  49.8 1330s
 295200 231315  467.00000  119   54  468.00000  459.92572  1.73%  49.8 1335s
 296124 232057  465.74175   83   66  468.00000  459.92647  1.73%  49.8 1340s
 297299 232982  462.30251   50  100  468.00000  459.92747  1.72%  49.8 1345s
 298696 234120  461.74418   55  130  468.00000  459.92858  1.72%  49.8 1350s
 300158 235333  460.10710   41  199  468.00000  459.92931  1.72%  49.8 1355s
 301090 236113  462.22981   55  126  468.00000  459.92994  1.72%  49.8 1360s
 302440 237176  460.36207   48  144  468.00000  459.93058  1.72%  49.8 1365s
 303758 238210  464.24597   73   87  468.00000  459.93118  1.72%  49.8 1370s
 305026 239205  460.85158   44  133  468.00000  459.93178  1.72%  49.8 1375s
 306060 240022  466.00000   95   63  468.00000  459.93254  1.72%  49.8 1380s
 307128 240849  460.48213   47  196  468.00000  459.93320  1.72%  49.8 1385s
 308339 241843  465.85430   50  135  468.00000  459.93383  1.72%  49.8 1390s
 309491 242785  465.00000   60   60  468.00000  459.93459  1.72%  49.9 1395s
 310730 243761  460.00059   38  227  468.00000  459.93533  1.72%  49.9 1400s
 311647 244516  460.75406   39  161  468.00000  459.93601  1.72%  49.9 1405s
 312864 245512  459.96101   43  220  468.00000  459.93672  1.72%  49.9 1410s
 314055 246472  461.24652   45  169  468.00000  459.93724  1.72%  49.9 1415s
 315377 247569  460.94551   44  188  468.00000  459.93824  1.72%  49.9 1420s
 316387 248399  459.97963   38  214  468.00000  459.93900  1.72%  49.9 1425s
 317674 249403  462.04600   50  129  468.00000  459.93941  1.72%  49.9 1430s
 318822 250351  460.91444   48  151  468.00000  459.94000  1.72%  50.0 1435s
 320217 251483  464.02675   80   82  468.00000  459.94052  1.72%  49.9 1440s
 321363 252361  465.18475   80   76  468.00000  459.94102  1.72%  49.9 1445s
 322466 253203  460.91668   49  104  468.00000  459.94174  1.72%  50.0 1450s
 323800 254292  466.47839   76   71  468.00000  459.94229  1.72%  50.0 1455s
 325029 255248  463.25396   83   83  468.00000  459.94287  1.72%  50.0 1460s
 326196 256187     cutoff  113       468.00000  459.94351  1.72%  50.0 1465s
 327087 256872  461.78331   59  128  468.00000  459.94395  1.72%  50.0 1470s
 328441 257997  466.02215  116   69  468.00000  459.94477  1.72%  50.0 1475s
 329574 258902  460.29884   43  149  468.00000  459.94541  1.72%  50.0 1480s
 330942 260001  465.01859   91   68  468.00000  459.94613  1.72%  50.0 1485s
 331904 260766  467.00000  129   28  468.00000  459.94657  1.72%  50.0 1490s
 333296 261863  463.19505   60   94  468.00000  459.94743  1.72%  50.0 1495s
 334477 262776  464.90453  106  127  468.00000  459.94808  1.72%  50.0 1500s
 335752 263807  463.25863   44  136  468.00000  459.94876  1.72%  50.0 1505s
 336666 264539  460.96557   45  156  468.00000  459.94958  1.72%  50.0 1510s
 337960 265574  461.13974   48  118  468.00000  459.95014  1.72%  50.0 1515s
 339243 266645  460.67855   37  205  468.00000  459.95067  1.72%  50.0 1520s
 340586 267698  460.47887   47  181  468.00000  459.95139  1.72%  50.0 1525s
 341767 268611     cutoff  106       468.00000  459.95168  1.72%  50.0 1530s
 342802 269426  460.90449   36  167  468.00000  459.95217  1.72%  50.0 1535s
 343965 270359  461.86423   56  107  468.00000  459.95260  1.72%  50.1 1540s
 345209 271338  460.04091   44  216  468.00000  459.95322  1.72%  50.1 1545s
 346468 272359  460.28273   48  174  468.00000  459.95392  1.72%  50.1 1550s
 347431 273105  460.32639   37  214  468.00000  459.95427  1.72%  50.1 1555s
 348636 274109  461.23896   51  119  468.00000  459.95510  1.72%  50.1 1560s
 349976 275204  466.00000  102   55  468.00000  459.95601  1.72%  50.1 1565s
 351256 276238  460.88190   38  152  468.00000  459.95675  1.72%  50.1 1570s
 352157 276968  461.69906   69  120  468.00000  459.95725  1.72%  50.1 1575s
 353445 278019  460.59885   45  153  468.00000  459.95783  1.72%  50.1 1580s
 354610 278920  461.42845   50  104  468.00000  459.95842  1.72%  50.1 1585s
 355927 279993  467.00000  109   35  468.00000  459.95918  1.72%  50.1 1590s
 357070 280891  466.03387  105   51  468.00000  459.96011  1.72%  50.1 1596s
 358203 281826  460.81919   52  102  468.00000  459.96058  1.72%  50.1 1600s
 359553 282901  463.49737   64  117  468.00000  459.96122  1.72%  50.1 1605s
 360890 283930  461.39766   50  177  468.00000  459.96197  1.72%  50.1 1610s
 362171 284977  464.02057   65   50  468.00000  459.96244  1.72%  50.1 1615s
 363174 285771  460.52802   43  211  468.00000  459.96305  1.72%  50.1 1620s
 364445 286774  460.03383   37  225  468.00000  459.96381  1.72%  50.1 1625s
 365789 287860  463.67087   67  109  468.00000  459.96427  1.72%  50.1 1630s
 366998 288808  460.23158   45  201  468.00000  459.96503  1.72%  50.1 1635s
 367798 289389 infeasible   70       468.00000  459.96522  1.72%  50.1 1640s
 368939 290279  465.04817   77   85  468.00000  459.96567  1.72%  50.2 1645s
 370254 291320  460.76301   39  203  468.00000  459.96657  1.72%  50.2 1650s
 371341 292199  460.54660   41  196  468.00000  459.96693  1.72%  50.2 1655s
 372373 293044  463.03294   74   79  468.00000  459.96757  1.72%  50.2 1660s
 373586 294001  460.73924   50  129  468.00000  459.96833  1.72%  50.2 1665s
 374842 295016  460.30619   44  200  468.00000  459.96895  1.72%  50.2 1670s
 376046 295954  460.00052   41  248  468.00000  459.96963  1.72%  50.2 1675s
 377309 296989     cutoff  117       468.00000  459.97046  1.72%  50.2 1680s
 378225 297724  462.42079   52  116  468.00000  459.97102  1.72%  50.2 1685s
 379406 298676  461.41398   52  182  468.00000  459.97160  1.72%  50.2 1690s
 380585 299610  460.70012   53  166  468.00000  459.97258  1.72%  50.2 1695s
 381776 300602  461.41169   55  153  468.00000  459.97329  1.72%  50.2 1700s
 382825 301418  460.26615   44  277  468.00000  459.97374  1.72%  50.2 1705s
 383798 302195  463.21966   67  107  468.00000  459.97404  1.71%  50.3 1710s
 385099 303274  465.00000   75   71  468.00000  459.97486  1.71%  50.3 1715s
 386340 304310     cutoff  105       468.00000  459.97560  1.71%  50.2 1720s
 387607 305262  461.93358   60  170  468.00000  459.97644  1.71%  50.3 1725s
 388572 306028  460.52369   40  230  468.00000  459.97689  1.71%  50.2 1730s
 389888 307087  466.00000  105   47  468.00000  459.97737  1.71%  50.2 1735s
 391206 308091  461.76376   49  161  468.00000  459.97830  1.71%  50.2 1740s
 392504 309139  460.62676   41  150  468.00000  459.97882  1.71%  50.2 1745s
 393318 309804  460.48278   44  189  468.00000  459.97917  1.71%  50.2 1750s
 394499 310754  465.00117   84   95  468.00000  459.97964  1.71%  50.2 1755s
 395852 311811  466.50000   66   68  468.00000  459.98015  1.71%  50.2 1760s
 397135 312872  460.60855   41  230  468.00000  459.98052  1.71%  50.2 1765s
 397889 313476  460.42174   52  144  468.00000  459.98100  1.71%  50.2 1770s
 399070 314418  463.22218   64  118  468.00000  459.98142  1.71%  50.2 1775s
 400314 315449     cutoff   98       468.00000  459.98197  1.71%  50.2 1780s
 401586 316440  462.23050   58   93  468.00000  459.98272  1.71%  50.2 1785s
 402806 317416  466.80491  123   50  468.00000  459.98325  1.71%  50.2 1790s
 403675 318103  460.76469   47  187  468.00000  459.98362  1.71%  50.2 1795s
 404984 319146  466.39377  103   90  468.00000  459.98413  1.71%  50.2 1800s
 406155 320082  462.64141   60  106  468.00000  459.98455  1.71%  50.2 1805s
 407445 321141  461.16634   51  154  468.00000  459.98515  1.71%  50.2 1810s
 408100 321678  461.55481   54  116  468.00000  459.98578  1.71%  50.3 1815s
 409293 322656  460.90467   52  138  468.00000  459.98646  1.71%  50.3 1820s
 410459 323561  466.88405   70   46  468.00000  459.98679  1.71%  50.3 1825s
 411639 324490  460.13204   51  214  468.00000  459.98742  1.71%  50.3 1830s
 412954 325572  463.09016   61   87  468.00000  459.98802  1.71%  50.3 1835s
 413809 326265  460.21459   43  195  468.00000  459.98843  1.71%  50.3 1840s
 415078 327314  460.09159   43  259  468.00000  459.98905  1.71%  50.3 1845s
 416339 328327  464.31206   52   72  468.00000  459.98977  1.71%  50.3 1850s
 417610 329306  461.68299   63  114  468.00000  459.99051  1.71%  50.3 1855s
 418335 329871  466.00437   67   53  468.00000  459.99093  1.71%  50.3 1860s
 419513 330802  462.67468   59  113  468.00000  459.99130  1.71%  50.3 1865s
 420720 331770  464.47489   68   90  468.00000  459.99177  1.71%  50.3 1870s
 421859 332667  464.83721   88   82  468.00000  459.99221  1.71%  50.3 1875s
 423082 333645  466.66665  111   71  468.00000  459.99272  1.71%  50.3 1880s
 423803 334209  466.38269   93   91  468.00000  459.99290  1.71%  50.3 1885s
 425157 335317  465.26861   92   68  468.00000  459.99339  1.71%  50.3 1890s
 426388 336306  467.00000  100   43  468.00000  459.99391  1.71%  50.4 1895s
 427608 337264  460.84402   59  178  468.00000  459.99460  1.71%  50.4 1900s
 428484 337959  460.61668   41  163  468.00000  459.99491  1.71%  50.4 1905s
 429217 338539  462.34090   67  148  468.00000  459.99552  1.71%  50.4 1912s
 429617 338834  466.28147   74   50  468.00000  459.99576  1.71%  50.4 1915s
 430710 339658  461.56167   52  120  468.00000  459.99624  1.71%  50.4 1920s
 431935 340640  465.07421   83   61  468.00000  459.99675  1.71%  50.4 1925s
 433178 341616  461.23494   47  158  468.00000  459.99727  1.71%  50.4 1930s
 433900 342159  461.08306   48  160  468.00000  459.99758  1.71%  50.4 1935s
 435091 343144  466.62007   66   62  468.00000  459.99803  1.71%  50.4 1940s
 436311 344080  460.28505   43  209  468.00000  459.99887  1.71%  50.4 1945s
 437429 345012  461.33953   50  121  468.00000  459.99952  1.71%  50.4 1950s
 438686 346072     cutoff  114       468.00000  459.99990  1.71%  50.4 1955s
 439857 347001  463.49401   76   87  468.00000  460.00026  1.71%  50.4 1960s
 441081 347973  461.62551   56  141  468.00000  460.00071  1.71%  50.4 1965s
 442424 349086  467.00000  100   27  468.00000  460.00127  1.71%  50.4 1970s
 443665 350069  466.50819  146   33  468.00000  460.00172  1.71%  50.4 1975s
 444491 350714  460.75909   46  159  468.00000  460.00184  1.71%  50.4 1980s
 445714 351709  463.05584   79   83  468.00000  460.00234  1.71%  50.4 1985s
 447095 352796  460.45216   42  239  468.00000  460.00273  1.71%  50.4 1990s
 448262 353762     cutoff  106       468.00000  460.00309  1.71%  50.4 1995s
 449214 354517  465.30216   77   80  468.00000  460.00340  1.71%  50.4 2000s
 450644 355681  466.09511  116   50  468.00000  460.00394  1.71%  50.4 2005s
 452032 356817  465.60385   67   64  468.00000  460.00432  1.71%  50.4 2010s
 453248 357772  462.84625   53  135  468.00000  460.00465  1.71%  50.4 2015s
 454116 358500  460.50213   44  175  468.00000  460.00484  1.71%  50.4 2020s
 455467 359589  461.27451   51  141  468.00000  460.00532  1.71%  50.4 2025s
 456709 360601  460.19534   51  158  468.00000  460.00573  1.71%  50.4 2030s
 457865 361515  461.24882   60  156  468.00000  460.00621  1.71%  50.4 2035s
 459090 362518  465.68166  103   91  468.00000  460.00670  1.71%  50.4 2041s
 459866 363126  466.33332   85   55  468.00000  460.00705  1.71%  50.4 2045s
 461056 364074  462.00000   70   82  468.00000  460.00765  1.71%  50.4 2050s
 462379 365111  461.39770   60  127  468.00000  460.00839  1.71%  50.4 2055s
 463617 366119  462.15846   57  137  468.00000  460.00885  1.71%  50.4 2060s
 464443 366771  461.16351   50  136  468.00000  460.00917  1.71%  50.4 2065s
 465610 367682  460.87670   37  136  468.00000  460.00963  1.71%  50.4 2070s
 466994 368799  460.86692   38  130  468.00000  460.01010  1.71%  50.4 2075s
 468309 369891  462.86614   80  119  468.00000  460.01065  1.71%  50.4 2080s
 469302 370675  461.08602   55  126  468.00000  460.01098  1.71%  50.4 2085s
 470612 371699  461.39795   47  141  468.00000  460.01142  1.71%  50.4 2090s
 471719 372553  465.95046  105   68  468.00000  460.01170  1.71%  50.4 2095s
 472944 373511  461.32963   52  162  468.00000  460.01207  1.71%  50.4 2100s
 474212 374516  461.56768   51  115  468.00000  460.01256  1.71%  50.4 2105s
 475011 375129  460.23440   41  219  468.00000  460.01293  1.71%  50.5 2110s
 476367 376231  461.44682   50  140  468.00000  460.01344  1.71%  50.5 2115s
 477531 377144  460.91248   43  173  468.00000  460.01389  1.71%  50.5 2120s
 478732 378090  463.77138   54   84  468.00000  460.01423  1.71%  50.5 2125s
 479519 378747  460.42559   42  225  468.00000  460.01451  1.71%  50.5 2130s
 480692 379672     cutoff   63       468.00000  460.01499  1.71%  50.5 2135s
 481830 380638  461.88241   54  144  468.00000  460.01541  1.71%  50.5 2140s
 482953 381542  466.29990   83   86  468.00000  460.01570  1.71%  50.5 2145s
 484225 382498  465.00000   86   36  468.00000  460.01616  1.71%  50.5 2150s
 485064 383154  465.96012   86   67  468.00000  460.01659  1.71%  50.5 2155s
 486314 384140  461.84983   59  159  468.00000  460.01708  1.71%  50.5 2160s
 487571 385120  461.93017   58  125  468.00000  460.01757  1.71%  50.5 2165s
 488879 386187  460.57443   47  159  468.00000  460.01808  1.71%  50.5 2170s
 489769 386915  461.28094   53  182  468.00000  460.01831  1.71%  50.5 2175s
 491053 387904  460.29346   40  228  468.00000  460.01867  1.71%  50.5 2180s
 492324 388909  460.97989   40  171  468.00000  460.01933  1.71%  50.5 2185s
 493569 389941  461.02956   55  166  468.00000  460.01974  1.71%  50.5 2190s
 494705 390876  462.81081   63   90  468.00000  460.02014  1.71%  50.5 2195s
 495563 391565  465.06797   66   85  468.00000  460.02037  1.71%  50.5 2200s
 496665 392448  461.82272   50  156  468.00000  460.02083  1.70%  50.5 2205s
 498041 393493  461.69956   45  127  468.00000  460.02167  1.70%  50.5 2210s
 499332 394535  462.04194   56   90  468.00000  460.02235  1.70%  50.5 2215s
 500175 395202  461.69321   51  109  468.00000  460.02280  1.70%  50.5 2220s
 501447 396222  460.93468   40  154  468.00000  460.02332  1.70%  50.5 2225s
 502693 397236  460.66151   50  122  468.00000  460.02365  1.70%  50.5 2230s
 503902 398215  461.14903   48  110  468.00000  460.02415  1.70%  50.5 2235s
 504999 399104  460.66441   52  190  468.00000  460.02453  1.70%  50.5 2240s
 506032 399909     cutoff   85       468.00000  460.02488  1.70%  50.5 2245s
 507556 401152  461.76403   44  175  468.00000  460.02545  1.70%  50.5 2250s
 508883 402229  460.30626   44  172  468.00000  460.02599  1.70%  50.5 2255s
 510088 403187  462.25233   53  141  468.00000  460.02646  1.70%  50.5 2260s
 511025 403966  461.48346   54  169  468.00000  460.02684  1.70%  50.5 2265s
 512299 404968  463.01255   53   82  468.00000  460.02742  1.70%  50.5 2270s
 513584 406012  460.88974   46  171  468.00000  460.02822  1.70%  50.5 2275s
 514788 406985  461.70299   52  138  468.00000  460.02880  1.70%  50.5 2280s
 515572 407620  465.14712   94   63  468.00000  460.02898  1.70%  50.5 2285s
 517033 408761  465.93683   92   77  468.00000  460.02958  1.70%  50.5 2290s
 518375 409820  460.10741   40  210  468.00000  460.03009  1.70%  50.5 2295s
 519568 410763  463.92462   66   99  468.00000  460.03036  1.70%  50.5 2300s
 520416 411421  460.11917   41  225  468.00000  460.03070  1.70%  50.5 2305s
 521631 412310  461.62295   52  124  468.00000  460.03121  1.70%  50.5 2310s
 522820 413287  466.48702   81   48  468.00000  460.03163  1.70%  50.5 2315s
 524187 414411  462.61953   63  130  468.00000  460.03230  1.70%  50.5 2320s
 525403 415318  466.00000   88   52  468.00000  460.03262  1.70%  50.5 2326s
 526310 416009  461.19445   49  162  468.00000  460.03320  1.70%  50.5 2330s
 527496 416939  464.36620   74   94  468.00000  460.03363  1.70%  50.5 2335s
 528843 418003  461.08138   56  173  468.00000  460.03440  1.70%  50.5 2340s
 529857 418818  460.68107   46  167  468.00000  460.03474  1.70%  50.5 2345s
 530661 419469  460.51329   41  160  468.00000  460.03505  1.70%  50.5 2350s
 531952 420522  461.84276   51   97  468.00000  460.03531  1.70%  50.5 2355s
 533179 421475  461.89719   49  212  468.00000  460.03571  1.70%  50.5 2360s
 534409 422508  464.25845   78   82  468.00000  460.03623  1.70%  50.5 2365s
 535605 423459  464.48637   83  119  468.00000  460.03668  1.70%  50.5 2371s
 536521 424173  464.07136   70   72  468.00000  460.03700  1.70%  50.5 2375s
 537581 424946  462.80607   64  128  468.00000  460.03729  1.70%  50.5 2380s
 538776 425896  462.05168   65  181  468.00000  460.03788  1.70%  50.6 2385s
 540080 426931  461.39754   49  129  468.00000  460.03837  1.70%  50.5 2390s
 540946 427625  460.36563   48  187  468.00000  460.03867  1.70%  50.6 2395s
 542270 428688  462.55497   58  108  468.00000  460.03914  1.70%  50.5 2400s
 543533 429702  462.39375   52  112  468.00000  460.03969  1.70%  50.5 2405s
 544703 430620  466.17744   73   80  468.00000  460.04016  1.70%  50.6 2410s
 545807 431484  462.11776   62   82  468.00000  460.04056  1.70%  50.6 2416s
 546713 432212  461.03753   47  118  468.00000  460.04095  1.70%  50.6 2420s
 548094 433352  467.00000  139   49  468.00000  460.04153  1.70%  50.6 2425s
 549313 434354  465.03563  105   72  468.00000  460.04174  1.70%  50.6 2430s
 550577 435376  466.02129   84   54  468.00000  460.04226  1.70%  50.6 2435s
 551477 436102  460.30599   54  167  468.00000  460.04259  1.70%  50.6 2440s
 552751 437119  460.71008   50  177  468.00000  460.04298  1.70%  50.6 2445s
 553949 438090  461.32713   50   98  468.00000  460.04335  1.70%  50.6 2450s
 555191 439102  464.34597   65  109  468.00000  460.04385  1.70%  50.6 2455s
 556110 439855  460.92761   46  193  468.00000  460.04409  1.70%  50.6 2460s
 557312 440835  460.92808   50  139  468.00000  460.04446  1.70%  50.6 2465s
 558552 441837  462.12661   54  109  468.00000  460.04488  1.70%  50.6 2470s
 559787 442857  461.79718   51  125  468.00000  460.04521  1.70%  50.6 2475s
 560921 443736  461.60831   66  128  468.00000  460.04564  1.70%  50.6 2480s
 561815 444460  460.78397   54  178  468.00000  460.04605  1.70%  50.6 2485s
 562980 445400  466.85203  135   48  468.00000  460.04654  1.70%  50.6 2490s
 564267 446394  461.24552   59  141  468.00000  460.04692  1.70%  50.6 2495s
 565413 447315  461.17682   56  160  468.00000  460.04727  1.70%  50.6 2500s
 566324 448043  466.01936  108   44  468.00000  460.04760  1.70%  50.6 2505s
 567514 448977  460.36092   48  191  468.00000  460.04811  1.70%  50.6 2510s
 568672 449884  460.49946   44  220  468.00000  460.04849  1.70%  50.6 2515s
 569732 450712  461.97107   59  117  468.00000  460.04885  1.70%  50.6 2520s
 570923 451659  461.33203   46  152  468.00000  460.04954  1.70%  50.6 2525s
 571842 452398  461.98132   54  125  468.00000  460.04974  1.70%  50.6 2530s
 573132 453437  461.23819   49  168  468.00000  460.05045  1.70%  50.6 2535s
 574343 454386  460.88323   41  190  468.00000  460.05075  1.70%  50.6 2540s
 575736 455495  460.81227   62  151  468.00000  460.05125  1.70%  50.6 2545s
 576465 456091  463.17208   54  134  468.00000  460.05149  1.70%  50.6 2550s
 577588 456994  466.00391   67  166  468.00000  460.05181  1.70%  50.7 2555s
 578852 457959  466.96322  111   35  468.00000  460.05234  1.70%  50.7 2560s
 580098 458953 infeasible   99       468.00000  460.05267  1.70%  50.7 2565s
 581162 459778  464.44189   54  124  468.00000  460.05306  1.70%  50.7 2570s
 581992 460437  462.74820   50  122  468.00000  460.05330  1.70%  50.7 2575s
 583206 461430  465.34431   71   95  468.00000  460.05384  1.70%  50.7 2580s
 584331 462312  463.15259   54   87  468.00000  460.05438  1.70%  50.7 2585s
 585587 463281  460.90624   40  166  468.00000  460.05481  1.70%  50.7 2590s
 586615 464119  462.65103   67  160  468.00000  460.05506  1.70%  50.7 2595s
 587884 465144  461.13612   53  146  468.00000  460.05544  1.70%  50.7 2600s
 589144 466133  461.61024   56  109  468.00000  460.05584  1.70%  50.7 2605s
 590433 467175  460.85413   49  223  468.00000  460.05622  1.70%  50.7 2610s
 591652 468140  462.42200   54  146  468.00000  460.05660  1.70%  50.7 2615s
 592438 468786  465.02441  122   77  468.00000  460.05676  1.70%  50.7 2620s
 593062 469284  460.44956   43  173  468.00000  460.05706  1.70%  50.7 2627s
 593592 469731  465.20351   92   62  468.00000  460.05728  1.70%  50.7 2630s
 594971 470821  461.54033   51  180  468.00000  460.05783  1.70%  50.7 2635s
 596124 471746  464.48756   87   80  468.00000  460.05820  1.70%  50.7 2640s
 596990 472424  465.57632   84   85  468.00000  460.05842  1.70%  50.7 2645s
 598139 473337  460.96603   45  174  468.00000  460.05872  1.70%  50.7 2650s
 599324 474313  466.88490   93   78  468.00000  460.05919  1.70%  50.7 2655s
 600621 475324  462.50290   57  130  468.00000  460.05967  1.70%  50.7 2660s
 601875 476287  461.75415   59  102  468.00000  460.06022  1.70%  50.7 2665s
 602745 477027  466.01227   79   60  468.00000  460.06045  1.70%  50.7 2670s
 604003 478008  460.75644   56  192  468.00000  460.06071  1.70%  50.7 2675s
 605311 479050  466.88768   77   66  468.00000  460.06125  1.70%  50.7 2680s
 606579 480043  461.22308   54  204  468.00000  460.06177  1.70%  50.7 2685s
 607550 480847  463.46683   77   88  468.00000  460.06201  1.70%  50.7 2690s
 608638 481682  465.16972   82   42  468.00000  460.06237  1.70%  50.7 2695s
 609806 482612  464.11497   56  121  468.00000  460.06287  1.70%  50.7 2700s
 611031 483600  466.19600   97   83  468.00000  460.06321  1.70%  50.7 2705s
 612120 484429  462.34527   65  107  468.00000  460.06362  1.70%  50.7 2711s
 612974 485119  463.05213   44   88  468.00000  460.06397  1.70%  50.7 2715s
 614270 486140  460.38435   36  207  468.00000  460.06460  1.70%  50.7 2720s
 615525 487171  463.90841   97  112  468.00000  460.06496  1.70%  50.7 2725s
 616684 488103  461.84591   47  101  468.00000  460.06536  1.70%  50.7 2730s
 617598 488835  464.41803   59   87  468.00000  460.06561  1.70%  50.7 2735s
 618704 489718  460.88596   52  164  468.00000  460.06592  1.70%  50.8 2740s
 619793 490566  466.07865   90   54  468.00000  460.06612  1.70%  50.8 2745s
 620929 491407  460.43102   37  154  468.00000  460.06657  1.70%  50.8 2750s
 622167 492389  460.17359   47  169  468.00000  460.06701  1.70%  50.8 2755s
 623019 493066  460.72658   40  171  468.00000  460.06730  1.70%  50.8 2760s
 624137 493950  462.14079   61  160  468.00000  460.06766  1.69%  50.8 2765s
 625439 494996  463.61049   75   96  468.00000  460.06800  1.69%  50.8 2770s
 626685 496028  464.82987   89  103  468.00000  460.06849  1.69%  50.8 2775s
 627494 496675  462.22188   58  129  468.00000  460.06881  1.69%  50.8 2780s
 628633 497583  465.66813   78   74  468.00000  460.06910  1.69%  50.8 2785s
 629902 498589  462.71120   65  134  468.00000  460.06947  1.69%  50.8 2790s
 631249 499637  461.00265   53  109  468.00000  460.06986  1.69%  50.8 2795s
 632524 500649  464.18153   82   79  468.00000  460.07011  1.69%  50.8 2801s
 633395 501354  460.12642   36  165  468.00000  460.07041  1.69%  50.8 2805s
 634704 502403  463.64218   64  117  468.00000  460.07092  1.69%  50.8 2810s
 635919 503414  462.04561   57  146  468.00000  460.07143  1.69%  50.8 2815s
 637112 504363  467.00000   87   33  468.00000  460.07163  1.69%  50.8 2820s
 638035 505095  460.09146   51  173  468.00000  460.07190  1.69%  50.8 2825s
 639276 506084  466.00838   88   84  468.00000  460.07230  1.69%  50.8 2830s
 640517 507063  464.30879   70   69  468.00000  460.07277  1.69%  50.8 2835s
 641786 508092  462.13578   71   82  468.00000  460.07299  1.69%  50.8 2840s
 642726 508768  466.01096   73   62  468.00000  460.07318  1.69%  50.8 2845s
 644022 509825  462.35405   46  119  468.00000  460.07375  1.69%  50.8 2850s
 645350 510906  465.84719  104   59  468.00000  460.07421  1.69%  50.8 2855s
 646704 511997  462.88226   72  136  468.00000  460.07458  1.69%  50.8 2860s
 647827 512868  465.16579   75   98  468.00000  460.07487  1.69%  50.8 2866s
 648807 513691  464.01972   89   72  468.00000  460.07533  1.69%  50.8 2870s
 650039 514650  466.93366   89   38  468.00000  460.07558  1.69%  50.8 2875s
 651302 515629  461.14189   48  113  468.00000  460.07603  1.69%  50.8 2880s
 652565 516634  463.58651   81   78  468.00000  460.07639  1.69%  50.8 2885s
 653445 517350  461.73833   63  153  468.00000  460.07662  1.69%  50.8 2890s
 654707 518368  465.21687   97   87  468.00000  460.07693  1.69%  50.8 2895s
 656029 519417  461.01920   51  153  468.00000  460.07720  1.69%  50.8 2900s
 657324 520453  466.90360   91   70  468.00000  460.07761  1.69%  50.8 2905s
 658116 521082  460.78507   39  189  468.00000  460.07786  1.69%  50.8 2910s
 659501 522187  460.38015   40  196  468.00000  460.07819  1.69%  50.8 2915s
 660643 523131  460.98268   53  154  468.00000  460.07838  1.69%  50.8 2920s
 661754 523971  464.09237   63   64  468.00000  460.07870  1.69%  50.8 2925s
 663018 524958  466.09857   85   96  468.00000  460.07912  1.69%  50.8 2930s
 663836 525599  462.93112   74   87  468.00000  460.07933  1.69%  50.8 2935s
 665076 526587  460.65310   49  172  468.00000  460.07969  1.69%  50.8 2940s
 666445 527715  466.04092   73   40  468.00000  460.08001  1.69%  50.8 2945s
 667820 528829     cutoff  110       468.00000  460.08041  1.69%  50.8 2950s
 668815 529651  463.30019   69   61  468.00000  460.08069  1.69%  50.8 2955s
 670192 530773  462.58203   57   99  468.00000  460.08123  1.69%  50.8 2960s
 671376 531721  460.72779   39  180  468.00000  460.08157  1.69%  50.8 2965s
 672699 532779  466.17806  102   53  468.00000  460.08186  1.69%  50.8 2970s
 673488 533395  462.16560   61  107  468.00000  460.08222  1.69%  50.8 2975s
 674779 534444  466.98869   84   75  468.00000  460.08269  1.69%  50.8 2980s
 676042 535450  463.93589   63  120  468.00000  460.08312  1.69%  50.8 2985s
 677486 536604  464.00819   94   53  468.00000  460.08363  1.69%  50.8 2990s
 678475 537409  465.01128  105   80  468.00000  460.08390  1.69%  50.8 2995s
 679544 538226  462.76278   60   87  468.00000  460.08417  1.69%  50.8 3000s
 680731 539143  463.42473   68  129  468.00000  460.08444  1.69%  50.8 3005s
 682003 540164  461.02165   51  169  468.00000  460.08481  1.69%  50.8 3010s
 683393 541289  463.17700   52   70  468.00000  460.08508  1.69%  50.8 3015s
 684179 541864  461.06512   48  115  468.00000  460.08543  1.69%  50.8 3020s
 685422 542844  460.71247   43  176  468.00000  460.08589  1.69%  50.8 3025s
 686720 543871  465.67816   95   55  468.00000  460.08609  1.69%  50.8 3030s
 688020 544871  463.50000   76   64  468.00000  460.08641  1.69%  50.8 3035s
 688851 545547  460.56064   50  157  468.00000  460.08669  1.69%  50.8 3040s
 690051 546524  461.18455   38   97  468.00000  460.08709  1.69%  50.8 3045s
 691237 547473  462.82902   65  142  468.00000  460.08736  1.69%  50.8 3050s
 692624 548589  464.27593   64  104  468.00000  460.08776  1.69%  50.8 3055s
 693736 549506  466.62160  120   74  468.00000  460.08805  1.69%  50.8 3061s
 694674 550229  461.83055   50  111  468.00000  460.08824  1.69%  50.8 3065s
 695896 551231  465.91832   83   66  468.00000  460.08865  1.69%  50.8 3070s
 697143 552213  464.91415   73   98  468.00000  460.08902  1.69%  50.8 3075s
 698437 553238  461.32059   46  133  468.00000  460.08940  1.69%  50.8 3080s
 699176 553848  462.53981   65  140  468.00000  460.08959  1.69%  50.8 3085s
 700464 554865  466.81856   90   52  468.00000  460.09003  1.69%  50.8 3090s
 701742 555843  460.14245   48  190  468.00000  460.09033  1.69%  50.8 3095s
 703016 556868  461.26809   45  133  468.00000  460.09081  1.69%  50.8 3100s
 703938 557620  464.17585   77   86  468.00000  460.09121  1.69%  50.8 3105s
 705140 558578  462.41269   52  140  468.00000  460.09144  1.69%  50.8 3110s
 706545 559704  461.05838   49  129  468.00000  460.09167  1.69%  50.8 3115s
 707729 560628  460.95427   39  162  468.00000  460.09197  1.69%  50.8 3120s
 708996 561649  462.04759   58  102  468.00000  460.09224  1.69%  50.8 3125s
 709824 562297  465.00000   68   76  468.00000  460.09250  1.69%  50.8 3130s
 711067 563304  466.92928  104   58  468.00000  460.09288  1.69%  50.8 3135s
 712385 564328  466.01869   80   46  468.00000  460.09315  1.69%  50.8 3140s
 713610 565298  463.63976   81  134  468.00000  460.09365  1.69%  50.8 3145s
 714450 565960  465.45248   86   78  468.00000  460.09392  1.69%  50.8 3150s
 715780 567028  460.83036   52  146  468.00000  460.09446  1.69%  50.8 3155s
 717092 568065  461.80887   39  180  468.00000  460.09484  1.69%  50.8 3160s
 718435 569107  463.26995   68  102  468.00000  460.09520  1.69%  50.8 3165s
 719321 569808  460.96555   49  133  468.00000  460.09546  1.69%  50.8 3170s
 720527 570714  466.79383   80   75  468.00000  460.09587  1.69%  50.8 3175s
 721875 571810  466.60210  129   54  468.00000  460.09615  1.69%  50.8 3180s
 723123 572743  460.60346   47  182  468.00000  460.09670  1.69%  50.8 3185s
 724307 573693  462.41999   63  115  468.00000  460.09696  1.69%  50.8 3190s
 725087 574225  461.42878   46  184  468.00000  460.09711  1.69%  50.8 3195s
 726286 575173  461.50081   45  126  468.00000  460.09759  1.69%  50.8 3200s
 727448 576055  462.00818   54  166  468.00000  460.09785  1.69%  50.8 3205s
 728783 577094  466.00830   88   66  468.00000  460.09806  1.69%  50.8 3210s
 729635 577769  463.46914   72  125  468.00000  460.09828  1.69%  50.8 3215s
 730896 578749  461.71180   52  124  468.00000  460.09857  1.69%  50.8 3220s
 732056 579665  461.52792   58  147  468.00000  460.09888  1.69%  50.8 3225s
 733414 580779  466.73466  106   77  468.00000  460.09932  1.69%  50.8 3230s
 734544 581667  462.96042   64   92  468.00000  460.09967  1.69%  50.8 3236s
 735553 582460  464.70552   69   84  468.00000  460.10004  1.69%  50.8 3240s
 736701 583374  460.44188   47  149  468.00000  460.10030  1.69%  50.8 3245s
 737863 584273  461.28615   47  114  468.00000  460.10047  1.69%  50.8 3250s
 739111 585231  460.10679   37  225  468.00000  460.10086  1.69%  50.8 3255s
 740008 585962  462.52471   74  101  468.00000  460.10117  1.69%  50.8 3260s
 741253 586977  461.11669   57  194  468.00000  460.10146  1.69%  50.8 3265s
 742475 587957  463.25798   64  135  468.00000  460.10172  1.69%  50.8 3270s
 743718 588923  462.59625   55   86  468.00000  460.10210  1.69%  50.8 3275s
 744746 589763  466.07807   64   81  468.00000  460.10239  1.69%  50.8 3280s
 745726 590497  460.18388   35  216  468.00000  460.10285  1.69%  50.8 3285s
 746955 591497  462.09608   59  186  468.00000  460.10307  1.69%  50.8 3290s
 748013 592334  465.26567   78   89  468.00000  460.10329  1.69%  50.8 3295s
 749261 593283  461.20483   50  123  468.00000  460.10350  1.69%  50.8 3300s
 750020 593862  460.69460   45  125  468.00000  460.10368  1.69%  50.8 3305s
 751341 594878  460.49315   46  225  468.00000  460.10402  1.69%  50.8 3310s
 752623 595908  460.54021   50  138  468.00000  460.10431  1.69%  50.8 3315s
 753841 596866  460.20264   55  183  468.00000  460.10463  1.69%  50.8 3320s
 754948 597741  464.51887  103   96  468.00000  460.10494  1.69%  50.8 3325s
 755984 598569  466.00000   89   61  468.00000  460.10522  1.69%  50.8 3330s
 757379 599701  467.00000  131   25  468.00000  460.10565  1.69%  50.8 3335s
 758607 600666  463.87861   84  133  468.00000  460.10601  1.69%  50.8 3340s
 759810 601592  460.30478   41  143  468.00000  460.10627  1.69%  50.8 3345s
 760648 602265  460.78279   46  181  468.00000  460.10651  1.69%  50.8 3350s
 761794 603159  460.42854   46  159  468.00000  460.10665  1.69%  50.8 3355s
 763081 604199     cutoff   95       468.00000  460.10705  1.69%  50.8 3360s
 764384 605193  460.52723   50  212  468.00000  460.10740  1.69%  50.8 3365s
 765287 605925  460.35736   49  143  468.00000  460.10765  1.69%  50.8 3370s
 766693 607055  460.27896   50  154  468.00000  460.10805  1.69%  50.8 3375s
 768000 608008  466.20012  109   81  468.00000  460.10833  1.69%  50.8 3380s
 769263 608976  461.91167   71  121  468.00000  460.10872  1.69%  50.8 3385s
 770251 609746  466.24007   91   74  468.00000  460.10892  1.69%  50.8 3390s
 771474 610711  460.68866   59  133  468.00000  460.10919  1.69%  50.8 3395s
 772915 611841  460.52788   48  192  468.00000  460.10946  1.69%  50.8 3400s
 774177 612809  466.03141   78   82  468.00000  460.10977  1.69%  50.8 3405s
 775175 613628  463.13510   72  117  468.00000  460.10997  1.69%  50.8 3410s
 776060 614356  466.42718   98   51  468.00000  460.11013  1.69%  50.8 3415s
 777246 615247     cutoff  103       468.00000  460.11049  1.69%  50.8 3420s
 778591 616339  466.50000  123   51  468.00000  460.11085  1.69%  50.8 3425s
 779860 617296  464.00536   62   90  468.00000  460.11107  1.69%  50.8 3430s
 780841 618107 infeasible   90       468.00000  460.11124  1.69%  50.8 3435s
 782151 619144  462.24743   76   91  468.00000  460.11164  1.69%  50.8 3440s
 783294 620038  460.79694   45  219  468.00000  460.11201  1.69%  50.8 3445s
 784592 621010  461.25756   42  145  468.00000  460.11235  1.69%  50.8 3450s
 785554 621753  460.89169   47   95  468.00000  460.11273  1.69%  50.8 3455s
 786859 622809  466.27322   78   73  468.00000  460.11306  1.69%  50.8 3460s
 788171 623853  465.79865   98   76  468.00000  460.11346  1.69%  50.8 3465s
 789501 624847  466.09081   79   81  468.00000  460.11378  1.69%  50.8 3470s
 790612 625753  461.48375   48  188  468.00000  460.11425  1.68%  50.8 3475s
 791614 626521  460.62340   44  199  468.00000  460.11449  1.68%  50.8 3480s
 792810 627440  462.18467   55  117  468.00000  460.11476  1.68%  50.8 3485s
 793885 628232  460.39545   42  233  468.00000  460.11503  1.68%  50.8 3490s
 794953 629075  462.20204   57   86  468.00000  460.11543  1.68%  50.8 3495s
 795860 629775  460.80852   39  163  468.00000  460.11565  1.68%  50.8 3500s
 797032 630719     cutoff  111       468.00000  460.11591  1.68%  50.8 3505s
 798295 631780     cutoff   96       468.00000  460.11622  1.68%  50.8 3510s
 799618 632822  464.25097   79  119  468.00000  460.11680  1.68%  50.8 3515s
 800857 633819  467.00000   92   42  468.00000  460.11716  1.68%  50.8 3521s
 801810 634592  462.49024   64  113  468.00000  460.11753  1.68%  50.8 3525s
 803042 635588  460.95386   43  136  468.00000  460.11781  1.68%  50.8 3530s
 804230 636536  463.32168   62  116  468.00000  460.11818  1.68%  50.8 3535s
 805277 637374  462.76039   65  120  468.00000  460.11845  1.68%  50.8 3540s
 806021 637968  460.40988   49  199  468.00000  460.11867  1.68%  50.8 3545s
 807171 638905  461.52554   56  160  468.00000  460.11895  1.68%  50.8 3550s
 808272 639767  462.11884   49  151  468.00000  460.11912  1.68%  50.8 3555s
 809491 640718     cutoff   80       468.00000  460.11944  1.68%  50.8 3560s
 810777 641754  460.12797   55  100  468.00000  460.11987  1.68%  50.8 3565s
 811595 642406  462.19902   60   96  468.00000  460.12008  1.68%  50.8 3570s
 812925 643499  460.31908   45  210  468.00000  460.12041  1.68%  50.8 3575s
 814123 644418  460.90052   45  176  468.00000  460.12078  1.68%  50.8 3580s
 815401 645455  460.80067   46  213  468.00000  460.12110  1.68%  50.8 3585s
 816293 646193  464.47279   73   71  468.00000  460.12131  1.68%  50.8 3590s
 817433 647103  463.87859   91   93  468.00000  460.12163  1.68%  50.8 3595s

Cutting planes:
  Learned: 1
  Gomory: 34
  Cover: 559
  Implied bound: 9
  MIR: 72
  Mixing: 6
  StrongCG: 51
  Flow cover: 297
  GUB cover: 182
  Zero half: 44
  Network: 1
  RLT: 9
  Relax-and-lift: 143

Explored 818740 nodes (41620534 simplex iterations) in 3599.95 seconds (2876.86 work units)
Thread count was 1 (of 16 available processors)

Solution count 10: 468 469 470 ... 485

Time limit reached
Best objective 4.680000000000e+02, best bound 4.610000000000e+02, gap 1.4957%

User-callback calls 2881240, time in user-callback 2.59 sec

 sepatime0
468.0Stat(MathOptInterface.TIME_LIMIT, 468.0, 461.0, 0.014957264957264958, 0.0, 0.052962, 3599.9511020183563, 818740, Main.CFLG.LEFP, "", #undef)
