Data path: /scratch/opt/lxu/CFLG/benchmarks/tree_B
Instance: treeB.200.10
Result path: /scratch/opt/lxu/CFLG/results/tree_B
Solver: Gurobi
Time limit: 7200
Formulation: LEFPAV
Cover: Large
julia --project=. src/main.jl /scratch/opt/lxu/CFLG/benchmarks/tree_B treeB.200.10 /scratch/opt/lxu/CFLG/results/tree_B Gurobi 7200 LEFPAV Large
The latest version of Julia in the `release` channel is 1.11.5+0.x64.linux.gnu. You currently have `1.11.4+0.x64.linux.gnu` installed. Run:

  juliaup update

in your terminal shell to install Julia 1.11.5+0.x64.linux.gnu and update the `release` channel to that version.
/scratch/opt/lxu/CFLG/benchmarks/tree_B Gurobi 7200.0 /scratch/opt/lxu/CFLG/results/tree_B treeB.200.10 LEFPAV Large
/scratch/opt/lxu/CFLG/benchmarks/tree_B/treeB.200.10

 read graph
data loaded

problem_graph/original graph: node: 200/200 edge: 209/209 dlt: 3.0179784925028312 break_avg_len: 1.5089892462514156 break_max_len: 1.98423584931659Vbar/V, Ebar/E(60, 200, 69, 209)
(7, 72)(7, 64)(7, 59)(72, 194)(64, 179)(59, 144)(24, 59)(59, 156)(10, 194)(9, 194)(61, 179)(138, 144)(8, 24)(24, 154)(24, 55)(156, 197)(152, 156)(10, 66)(10, 125)(9, 83)(61, 123)(61, 86)(68, 138)(8, 30)(8, 65)(111, 154)(49, 154)(55, 87)(41, 197)(119, 197)(98, 152)(66, 185)(23, 125)(17, 125)(83, 84)(123, 130)(28, 86)(62, 86)(60, 68)(30, 92)(109, 111)(87, 195)(34, 41)(118, 119)(81, 98)(84, 98)(185, 193)(23, 178)(17, 147)(14, 17)(129, 130)(28, 118)(62, 63)(39, 60)(92, 159)(109, 110)(63, 109)(65, 195)(34, 129)(81, 181)(57, 193)(95, 178)(15, 147)(11, 147)(14, 49)(39, 95)(11, 159)(110, 181)(15, 57)(Dict(5 => 0.0, 35 => 2.0, 20 => 0.0, 58 => 0.0, 30 => 1.0, 28 => 2.0, 37 => 1.0, 23 => 0.0, 53 => 0.0, 32 => 1.0, 6 => 0.0, 41 => 0.0, 43 => 1.0, 45 => 0.0, 9 => 2.0, 31 => 2.0, 14 => 0.0, 51 => 2.0, 39 => 0.0, 7 => 2.0, 33 => 0.0, 46 => 0.0, 40 => 0.0, 48 => 0.0, 34 => 1.0, 50 => 1.0, 4 => 0.0, 15 => 1.0, 2 => 1.0, 27 => 0.0, 38 => 1.0, 10 => 3.0, 18 => 3.0, 42 => 0.0), [2, 6, 7, 9, 20, 23, 27, 30, 31, 33, 34, 37, 38, 40, 41, 42, 43, 45, 48, 50, 51, 53, 58, 4, 5, 10, 14, 15, 18, 28, 32, 35, 39, 46], 94, 103)Set parameter TokenServer to value "solice01.zib.de"
Set parameter Threads to value 1
Set parameter OutputFlag to value 1
Gurobi Optimizer version 12.0.1 build v12.0.1rc0 (linux64 - "Debian GNU/Linux 12 (bookworm)")

CPU model: Intel(R) Xeon(R) Gold 5122 CPU @ 3.60GHz, instruction set [SSE2|AVX|AVX2|AVX512]
Thread count: 8 physical cores, 16 logical processors, using up to 1 threads

Non-default parameters:
Threads  1

Optimize a model with 197 rows, 309 columns and 515 nonzeros
Model fingerprint: 0xeeff73ef
Coefficient statistics:
  Matrix range     [1e+00, 1e+00]
  Objective range  [1e+00, 1e+00]
  Bounds range     [1e+00, 1e+00]
  RHS range        [1e+00, 1e+00]
Presolve removed 197 rows and 309 columns
Presolve time: 0.00s
Presolve: All rows and columns removed
Iteration    Objective       Primal Inf.    Dual Inf.      Time
       0    3.4000000e+01   0.000000e+00   0.000000e+00      0s

Solved in 0 iterations and 0.00 seconds (0.00 work units)
Optimal objective  3.400000000e+01

User-callback calls 35, time in user-callback 0.01 sec
elapsed CPU time: 1.914572 seconds
Set parameter TokenServer to value "solice01.zib.de"
Set parameter Threads to value 1
Set parameter OutputFlag to value 1
Set parameter MIPGap to value 0.0001
Set parameter MIPGapAbs to value 0.999998
Set parameter TimeLimit to value 7198.085428

 more cuts: false 3.0179784925028312 false
is_attach:trueformulation:LEFPAV0 103 0
Set parameter PreCrush to value 1

 model loaded

Gurobi Optimizer version 12.0.1 build v12.0.1rc0 (linux64 - "Debian GNU/Linux 12 (bookworm)")

CPU model: Intel(R) Xeon(R) Gold 5122 CPU @ 3.60GHz, instruction set [SSE2|AVX|AVX2|AVX512]
Thread count: 8 physical cores, 16 logical processors, using up to 1 threads

Non-default parameters:
TimeLimit  7198.085428
MIPGapAbs  0.999998
PreCrush  1
Threads  1

Optimize a model with 2940 rows, 1733 columns and 8059 nonzeros
Model fingerprint: 0xb66c8922
Variable types: 300 continuous, 1433 integer (1433 binary)
Coefficient statistics:
  Matrix range     [1e-06, 6e+00]
  Objective range  [1e+00, 1e+00]
  Bounds range     [2e-01, 3e+00]
  RHS range        [1e-06, 6e+00]
Presolve removed 1960 rows and 1071 columns
Presolve time: 0.04s
Presolved: 980 rows, 662 columns, 3881 nonzeros
Variable types: 129 continuous, 533 integer (533 binary)
Found heuristic solution: objective 110.0000000
Found heuristic solution: objective 107.0000000
Found heuristic solution: objective 86.0000000

Root relaxation: objective 5.092549e+01, 716 iterations, 0.01 seconds (0.01 work units)

    Nodes    |    Current Node    |     Objective Bounds      |     Work
 Expl Unexpl |  Obj  Depth IntInf | Incumbent    BestBd   Gap | It/Node Time

     0     0   50.92549    0  180   86.00000   50.92549  40.8%     -    0s
H    0     0                      82.0000000   50.92549  37.9%     -    0s
H    0     0                      69.0000000   50.92549  26.2%     -    0s
H    0     0                      63.0000000   50.92549  19.2%     -    0s
elapsed CPU time: 1.3882930993419635e13 seconds
     0     0   53.49627    0  187   63.00000   53.49627  15.1%     -    0s
H    0     0                      62.0000000   53.49627  13.7%     -    0s
elapsed CPU time: 0.005859 seconds
     0     0   53.49767    0  188   62.00000   53.49767  13.7%     -    0s
elapsed CPU time: 0.005625 seconds
     0     0   53.49788    0  190   62.00000   53.49788  13.7%     -    0s
elapsed CPU time: 0.005675 seconds
     0     0   54.99271    0  186   62.00000   54.99271  11.3%     -    0s
elapsed CPU time: 0.005725 seconds
     0     0   55.11777    0  175   62.00000   55.11777  11.1%     -    0s
elapsed CPU time: 0.005618 seconds
     0     0   55.11785    0  177   62.00000   55.11785  11.1%     -    0s
elapsed CPU time: 0.005713 seconds
     0     0   55.75000    0  102   62.00000   55.75000  10.1%     -    0s
H    0     0                      61.0000000   55.75000  8.61%     -    0s
H    0     0                      60.0000000   55.75000  7.08%     -    0s
elapsed CPU time: 0.005819 seconds
     0     0   55.75000    0  121   60.00000   55.75000  7.08%     -    0s
elapsed CPU time: 0.005717 seconds
     0     0   55.77967    0  148   60.00000   55.77967  7.03%     -    0s
elapsed CPU time: 0.00577 seconds
     0     0   55.81586    0  140   60.00000   55.81586  6.97%     -    0s
elapsed CPU time: 0.005619 seconds
     0     0   55.81586    0  142   60.00000   55.81586  6.97%     -    0s
elapsed CPU time: 0.005607 seconds
     0     0   55.82494    0  134   60.00000   55.82494  6.96%     -    0s
elapsed CPU time: 0.005687 seconds
     0     0   55.86532    0  134   60.00000   55.86532  6.89%     -    0s
elapsed CPU time: 0.005614 seconds
     0     0   55.86532    0  126   60.00000   55.86532  6.89%     -    0s
elapsed CPU time: 0.005622 seconds
     0     0   56.32915    0  128   60.00000   56.32915  6.12%     -    0s
elapsed CPU time: 0.005593 seconds
     0     0   56.32915    0   81   60.00000   56.32915  6.12%     -    1s
elapsed CPU time: 0.005637 seconds
elapsed CPU time: 0.005723 seconds
     0     2   56.33027    0   85   60.00000   56.33027  6.12%     -    1s
H   79    40                      59.0000000   56.50000  4.24%  16.3    1s

Cutting planes:
  Learned: 2
  Gomory: 15
  Lift-and-project: 3
  Cover: 20
  Implied bound: 8
  MIR: 12
  StrongCG: 1
  Flow cover: 33
  GUB cover: 13
  Zero half: 12
  RLT: 8
  Relax-and-lift: 4
  BQP: 9

Explored 1035 nodes (23636 simplex iterations) in 2.47 seconds (1.00 work units)
Thread count was 1 (of 16 available processors)

Solution count 10: 59 59 60 ... 82

Optimal solution found (tolerance 1.00e-04)
Best objective 5.900000000000e+01, best bound 5.900000000000e+01, gap 0.0000%

User-callback calls 3773, time in user-callback 1.61 sec

 sepatime1.3882930993419734e13 5811 18
59.0Stat(MathOptInterface.OPTIMAL, 59.0, 59.0, 0.0, 1.3882930993419734e13, 1.914572, 2.4718689918518066, 1035, Main.CFLG.LEFPAV, "", #undef)
