Data path: /scratch/opt/lxu/CFLG/benchmarks/city
Instance: city_132.txt
Result path: /scratch/opt/lxu/CFLG/results/city
Solver: Gurobi
Time limit: 3600
Formulation: LEFPD
Cover: Small
julia --project=. src/main.jl /scratch/opt/lxu/CFLG/benchmarks/city city_132.txt /scratch/opt/lxu/CFLG/results/city Gurobi 3600 LEFPD Small
The latest version of Julia in the `release` channel is 1.11.5+0.x64.linux.gnu. You currently have `1.11.4+0.x64.linux.gnu` installed. Run:

  juliaup update

in your terminal shell to install Julia 1.11.5+0.x64.linux.gnu and update the `release` channel to that version.
/scratch/opt/lxu/CFLG/benchmarks/city Gurobi 3600.0 /scratch/opt/lxu/CFLG/results/city city_132.txt LEFPD Small
/scratch/opt/lxu/CFLG/benchmarks/city/city_132.txt

 read graph
data loaded


after absorb:72 106

max_piece:20
problem_graph/original graph: node: 83/106 edge: 110/133 dlt: 0.08194847915242655 break_avg_len: 0.3963326446280991 break_max_len: 1.5795454545454546elapsed CPU time: 0.048134 seconds
Set parameter TokenServer to value "solice01.zib.de"
Set parameter Threads to value 1
Set parameter OutputFlag to value 1
Set parameter MIPGap to value 0.0001
Set parameter MIPGapAbs to value 1
Set parameter TimeLimit to value 3599.951866

 more cuts:false
formulation:LEFPD86 24 13

 model loaded

Gurobi Optimizer version 12.0.1 build v12.0.1rc0 (linux64 - "Debian GNU/Linux 12 (bookworm)")

CPU model: Intel(R) Xeon(R) Gold 5122 CPU @ 3.60GHz, instruction set [SSE2|AVX|AVX2|AVX512]
Thread count: 8 physical cores, 16 logical processors, using up to 1 threads

Non-default parameters:
TimeLimit  3599.951866
MIPGapAbs  1
Threads  1

Optimize a model with 2481 rows, 1470 columns and 5344 nonzeros
Model fingerprint: 0x5e59564b
Variable types: 747 continuous, 723 integer (551 binary)
Coefficient statistics:
  Matrix range     [8e-08, 2e+00]
  Objective range  [1e+00, 1e+00]
  Bounds range     [3e-03, 2e+00]
  RHS range        [3e-03, 9e+00]
Presolve removed 1360 rows and 320 columns
Presolve time: 0.02s
Presolved: 1121 rows, 1150 columns, 3561 nonzeros
Variable types: 649 continuous, 501 integer (445 binary)
Found heuristic solution: objective 313.0000000
Found heuristic solution: objective 298.0000000

Root relaxation: objective 2.301850e+02, 1048 iterations, 0.01 seconds (0.01 work units)

    Nodes    |    Current Node    |     Objective Bounds      |     Work
 Expl Unexpl |  Obj  Depth IntInf | Incumbent    BestBd   Gap | It/Node Time

     0     0  230.18497    0  222  298.00000  230.18497  22.8%     -    0s
     0     0  240.95491    0  246  298.00000  240.95491  19.1%     -    0s
     0     0  241.43451    0  241  298.00000  241.43451  19.0%     -    0s
     0     0  241.47706    0  244  298.00000  241.47706  19.0%     -    0s
     0     0  241.48061    0  244  298.00000  241.48061  19.0%     -    0s
     0     0  243.14948    0  235  298.00000  243.14948  18.4%     -    0s
H    0     0                     297.0000000  243.16412  18.1%     -    0s
     0     0  243.29123    0  233  297.00000  243.29123  18.1%     -    0s
     0     0  243.31857    0  240  297.00000  243.31857  18.1%     -    0s
     0     0  243.32068    0  240  297.00000  243.32068  18.1%     -    0s
     0     0  243.94936    0  232  297.00000  243.94936  17.9%     -    0s
H    0     0                     270.0000000  243.95582  9.65%     -    0s
     0     0  244.04026    0  238  270.00000  244.04026  9.61%     -    0s
     0     0  244.06272    0  258  270.00000  244.06272  9.61%     -    0s
     0     0  244.07600    0  255  270.00000  244.07600  9.60%     -    0s
     0     0  244.07601    0  257  270.00000  244.07601  9.60%     -    0s
     0     0  244.51262    0  267  270.00000  244.51262  9.44%     -    0s
     0     0  244.54995    0  273  270.00000  244.54995  9.43%     -    0s
     0     0  244.57005    0  277  270.00000  244.57005  9.42%     -    0s
     0     0  244.57091    0  275  270.00000  244.57091  9.42%     -    0s
     0     0  244.77121    0  273  270.00000  244.77121  9.34%     -    0s
     0     0  244.81674    0  272  270.00000  244.81674  9.33%     -    0s
     0     0  244.81768    0  270  270.00000  244.81768  9.33%     -    0s
     0     0  244.98349    0  268  270.00000  244.98349  9.27%     -    0s
     0     0  245.00295    0  267  270.00000  245.00295  9.26%     -    0s
     0     0  245.01058    0  266  270.00000  245.01058  9.26%     -    0s
     0     0  245.16356    0  260  270.00000  245.16356  9.20%     -    0s
H    0     0                     268.0000000  245.17235  8.52%     -    0s
     0     0  245.23883    0  272  268.00000  245.23883  8.49%     -    0s
     0     0  245.24509    0  273  268.00000  245.24509  8.49%     -    0s
     0     0  245.30037    0  257  268.00000  245.30037  8.47%     -    0s
     0     0  245.30577    0  248  268.00000  245.30577  8.47%     -    0s
H    0     0                     266.9999992  245.30577  8.13%     -    0s
     0     2  245.30577    0  247  267.00000  245.30577  8.13%     -    0s
H   81    75                     265.0000000  245.41775  7.39%  21.4    0s
H  135   129                     263.0000000  245.41775  6.69%  18.6    0s
H  182   172                     262.0000000  245.41775  6.33%  17.0    1s
   634   557  252.67963   68  284  262.00000  249.29977  4.85%  14.5    5s
   736   626  253.60029  105  273  262.00000  249.76422  4.67%  27.2   10s
H  847   667                     261.0000000  249.79148  4.29%  36.2   12s
H  873   653                     260.0000000  249.79148  3.93%  36.1   12s
H 1013   656                     259.0000000  249.79273  3.55%  35.4   13s
  1413   896  253.04433   56  164  259.00000  249.82062  3.54%  37.1   15s
H 1583   887                     258.0000000  249.86916  3.15%  36.9   15s
  2478  1432  252.78179   68  152  258.00000  249.98252  3.11%  40.5   20s
  3513  2378  255.17537   85  124  258.00000  250.03063  3.09%  42.9   25s
  4837  3482  250.69238   35  248  258.00000  250.13008  3.05%  42.9   30s
  6182  4647  256.01835   88  126  258.00000  250.17959  3.03%  43.5   35s
  7532  5758  252.74648   60  192  258.00000  250.20601  3.02%  43.8   40s
  8960  6936  255.29424   88   87  258.00000  250.25780  3.00%  44.0   45s
  9983  7776  252.69934   58  202  258.00000  250.29792  2.99%  44.5   50s
 10203  7958  251.24914   48  248  258.00000  250.30034  2.98%  44.5   61s
 10262  7997  253.05342   64  298  258.00000  250.87828  2.76%  44.2   65s
 10306  8027  251.35886   48  285  258.00000  250.90541  2.75%  44.0   70s
 10568  8184  256.02669  101   91  258.00000  250.94594  2.73%  45.2   75s
 10990  8402  251.12390   39  282  258.00000  250.97661  2.72%  45.7   80s
 11715  8800  252.55395   60  228  258.00000  251.16635  2.65%  46.3   85s
 12743  9352  252.40597   44  243  258.00000  251.21274  2.63%  46.1   90s
 13887  9927  255.98823   93  116  258.00000  251.25891  2.61%  46.1   95s
 15010 10470  252.64459   60  210  258.00000  251.33603  2.58%  45.7  100s
 16065 10972  252.07180   49  247  258.00000  251.38871  2.56%  45.6  105s
 17175 11543  254.85612   83  116  258.00000  251.42329  2.55%  45.7  110s
 18340 12099  252.18039   47  256  258.00000  251.45430  2.54%  45.6  115s
 19424 12610  252.25009   52  242  258.00000  251.46888  2.53%  45.7  120s
 20652 13180  252.58861   54  223  258.00000  251.50828  2.52%  45.4  125s
 22005 13813  251.69808   47  272  258.00000  251.52606  2.51%  45.2  130s
 23301 14457  252.13460   49  243  258.00000  251.55243  2.50%  45.1  135s
 24534 15023  252.84945   56  223  258.00000  251.56618  2.49%  45.0  140s
 25800 15629  252.12782   53  249  258.00000  251.59778  2.48%  44.9  145s
 27090 16249  255.78700   94  114  258.00000  251.61818  2.47%  44.8  150s
 28544 16920  255.14782   78  154  258.00000  251.64659  2.46%  44.6  155s
 29742 17511  253.93559   61  209  258.00000  251.65977  2.46%  44.5  160s
 31057 18133  253.53468   62  199  258.00000  251.67051  2.45%  44.3  165s
 32493 18805  252.19658   47  279  258.00000  251.68147  2.45%  44.2  170s
 33804 19390  255.58419   78  176  258.00000  251.69395  2.44%  44.2  175s
 35007 20131  252.88520   62  177  258.00000  251.70447  2.44%  44.2  180s
 36195 21082  253.14056   57  220  258.00000  251.71498  2.44%  44.2  185s
 37504 22143  251.90828   47  265  258.00000  251.72487  2.43%  44.1  190s
 38653 23072  253.60695   64  207  258.00000  251.73294  2.43%  44.1  195s
 40012 24148  253.40566   57  206  258.00000  251.74387  2.42%  44.0  200s
 41335 25128  254.36486   81  173  258.00000  251.75789  2.42%  44.0  205s
 42084 25722  253.62890   71  179  258.00000  251.76143  2.42%  44.0  210s
 43320 26723  256.80143   88  120  258.00000  251.76612  2.42%  44.0  215s
 44613 27750  251.84100   43  283  258.00000  251.77808  2.41%  44.0  220s
 45956 28825  252.47400   59  241  258.00000  251.78936  2.41%  44.0  225s
 47243 29862  252.24147   47  267  258.00000  251.80010  2.40%  44.0  230s
 48523 30893  254.00122   75  139  258.00000  251.80759  2.40%  44.0  235s
 49850 31931  255.45137   73  162  258.00000  251.81478  2.40%  44.0  240s
 51153 32994  256.19346   87  152  258.00000  251.82363  2.39%  44.0  245s
 52472 34032  252.04339   47  255  258.00000  251.83207  2.39%  44.0  250s
 53295 34659  252.06170   52  272  258.00000  251.83542  2.39%  44.0  255s
 54654 35738  252.14380   48  289  258.00000  251.84127  2.39%  44.0  260s
 56032 36784  252.04115   51  254  258.00000  251.84813  2.38%  44.0  265s
 57236 37754  254.50237   70  155  258.00000  251.85381  2.38%  44.0  270s
 58538 38777  252.79814   54  223  258.00000  251.85882  2.38%  44.0  275s
 59967 39861  252.40915   51  255  258.00000  251.86701  2.38%  44.0  280s
 61316 40925  253.64757   63  182  258.00000  251.87422  2.37%  44.0  285s
 62691 42005  252.14366   45  302  258.00000  251.87821  2.37%  44.0  290s
 63937 42988  255.92163   85  159  258.00000  251.88170  2.37%  44.1  295s
 65196 43944  252.69324   47  248  258.00000  251.88797  2.37%  44.1  300s
 66603 45057  255.25467   73  164  258.00000  251.89351  2.37%  44.1  305s
 67937 46116  256.73444   81  133  258.00000  251.89903  2.36%  44.1  310s
 69215 47120  252.49875   45  275  258.00000  251.90425  2.36%  44.1  315s
 70567 48179  252.56047   53  242  258.00000  251.91073  2.36%  44.1  320s
 71881 49229  252.19370   55  247  258.00000  251.91467  2.36%  44.1  325s
 73139 50231  252.67590   51  248  258.00000  251.92080  2.36%  44.1  330s
 74480 51294  255.93698   75  133  258.00000  251.92545  2.35%  44.1  335s
 75755 52236  252.99142   57  240  258.00000  251.93484  2.35%  44.1  340s
 77162 53316  254.74505   71  146  258.00000  251.94011  2.35%  44.1  345s
 78566 54437  252.43598   51  269  258.00000  251.94544  2.35%  44.1  350s
 79866 55464  252.37429   49  268  258.00000  251.95054  2.34%  44.1  355s
 81070 56392  254.96923   70  149  258.00000  251.95400  2.34%  44.2  360s
 82336 57364  256.44309   86  139  258.00000  251.95951  2.34%  44.2  365s
 83705 58467  252.54862   49  254  258.00000  251.96367  2.34%  44.2  370s
 84943 59462  255.51691   80  127  258.00000  251.96790  2.34%  44.2  375s
 86223 60459  255.65075   75  115  258.00000  251.97187  2.34%  44.2  380s
 87615 61559  253.16285   54  222  258.00000  251.97565  2.34%  44.2  385s
 88975 62576  252.83042   55  264  258.00000  251.98028  2.33%  44.1  390s
 90224 63523  254.10460   62  202  258.00000  251.98847  2.33%  44.2  395s
 91475 64510  253.40328   56  224  258.00000  251.99318  2.33%  44.2  400s
 92699 65467  252.05576   45  270  258.00000  251.99801  2.33%  44.1  405s
 94089 66565  253.85943   58  199  258.00000  252.00133  2.33%  44.1  410s
 95008 67278  255.73996   82  107  258.00000  252.00466  2.32%  44.1  415s
 96341 68344  252.88584   58  237  258.00000  252.00812  2.32%  44.1  420s
 97664 69362  254.62745   65  168  258.00000  252.01160  2.32%  44.1  425s
 99006 70430  255.23353   82  146  258.00000  252.01638  2.32%  44.1  430s
 100310 71473  256.84442   85   82  258.00000  252.02038  2.32%  44.1  435s
 101717 72584  252.15155   48  282  258.00000  252.02516  2.32%  44.1  440s
 103096 73657  255.16583   77  185  258.00000  252.02820  2.31%  44.1  445s
 104340 74635  253.33032   52  190  258.00000  252.03257  2.31%  44.1  450s
 105596 75594  252.19930   53  266  258.00000  252.03577  2.31%  44.1  455s
 106953 76659  253.44472   61  229  258.00000  252.03976  2.31%  44.1  460s
 108207 77654     cutoff   91       258.00000  252.04353  2.31%  44.1  465s
 109569 78712  254.74677   83  128  258.00000  252.04677  2.31%  44.1  470s
 110857 79709     cutoff   83       258.00000  252.05013  2.31%  44.1  475s
 112140 80746  254.98991   69  139  258.00000  252.05370  2.30%  44.1  480s
 113510 81774  254.43899   59  194  258.00000  252.05638  2.30%  44.0  485s
 114757 82764  255.30086   91  132  258.00000  252.05915  2.30%  44.1  490s
 116143 83832  254.83663   70  164  258.00000  252.06144  2.30%  44.1  495s
 117493 84877  252.45004   47  266  258.00000  252.06529  2.30%  44.0  500s
 118671 85787  254.55148   73  151  258.00000  252.06777  2.30%  44.1  505s
 120075 86867  254.46462   65  197  258.00000  252.07115  2.30%  44.0  510s
 121359 87833  252.56996   54  230  258.00000  252.07423  2.30%  44.0  515s
 122647 88850  255.31809   86  120  258.00000  252.07723  2.30%  44.0  520s
 123975 89883  253.26472   53  231  258.00000  252.07991  2.29%  44.0  525s
 125319 90949  253.28402   59  215  258.00000  252.08425  2.29%  44.0  530s
 126566 91931  253.31931   64  195  258.00000  252.08682  2.29%  44.0  535s
 128018 93073  253.83444   65  169  258.00000  252.08966  2.29%  43.9  540s
 129397 94156  253.45467   58  206  258.00000  252.09210  2.29%  43.9  545s
 130775 95219  252.55218   52  257  258.00000  252.09503  2.29%  43.9  550s
 131262 95597  254.20605   69  193  258.00000  252.09597  2.29%  43.9  555s
 132509 96576  256.30475   93   98  258.00000  252.09910  2.29%  43.9  560s
 133612 97442  253.15544   57  227  258.00000  252.10065  2.29%  43.9  565s
 134666 98246  253.44766   55  213  258.00000  252.10346  2.29%  43.9  570s
 136165 99404  253.83603   71  163  258.00000  252.10688  2.28%  43.9  575s
 137729 100560  253.55638   60  210  258.00000  252.10984  2.28%  43.8  580s
 138986 101528     cutoff   94       258.00000  252.11302  2.28%  43.8  585s
 140393 102679  256.54301   73  171  258.00000  252.11550  2.28%  43.8  590s
 141839 103782  254.88233   87  152  258.00000  252.11834  2.28%  43.8  595s
 143295 104890  255.47658   62  206  258.00000  252.12182  2.28%  43.8  600s
 144740 106043  253.39461   53  226  258.00000  252.12493  2.28%  43.8  605s
 146171 107127  255.17606   84  136  258.00000  252.12905  2.28%  43.8  610s
 147486 108123  253.17038   57  222  258.00000  252.13253  2.27%  43.8  615s
 148897 109237  253.17580   58  225  258.00000  252.13511  2.27%  43.7  620s
 150296 110321  252.35519   47  271  258.00000  252.13787  2.27%  43.8  625s
 151583 111304  252.54507   48  248  258.00000  252.14161  2.27%  43.8  630s
 152992 112412  256.74136   95  122  258.00000  252.14458  2.27%  43.7  635s
 154363 113478  253.69255   60  213  258.00000  252.14666  2.27%  43.7  640s
 155692 114503     cutoff   91       258.00000  252.14888  2.27%  43.7  645s
 157183 115695  253.46055   60  201  258.00000  252.15262  2.27%  43.7  650s
 158428 116661  253.13188   53  242  258.00000  252.15412  2.27%  43.7  655s
 159779 117716  255.79071   80  169  258.00000  252.15660  2.26%  43.7  660s
 161115 118757  255.05749   66  155  258.00000  252.15862  2.26%  43.7  665s
 162555 119845  254.21785   70  188  258.00000  252.16064  2.26%  43.7  670s
 163762 120775     cutoff   91       258.00000  252.16322  2.26%  43.7  675s
 165264 121968  256.11437   68  154  258.00000  252.16687  2.26%  43.7  680s
 166721 123109  252.58752   54  250  258.00000  252.16946  2.26%  43.7  685s
 168115 124163  252.20120   55  245  258.00000  252.17249  2.26%  43.6  690s
 169562 125276  254.70000   76  177  258.00000  252.17519  2.26%  43.6  695s
 170842 126309  255.53660   71  145  258.00000  252.17659  2.26%  43.6  700s
 172255 127428  252.70577   48  247  258.00000  252.17871  2.26%  43.7  705s
 173533 128412  252.29648   50  250  258.00000  252.18047  2.26%  43.7  710s
 174993 129543  253.23339   56  222  258.00000  252.18266  2.25%  43.7  715s
 176352 130629  252.53129   51  245  258.00000  252.18391  2.25%  43.7  720s
 177775 131705  252.57818   48  289  258.00000  252.18578  2.25%  43.7  725s
 179125 132727  252.82945   52  253  258.00000  252.18751  2.25%  43.7  730s
 180507 133799  253.80242   67  199  258.00000  252.19063  2.25%  43.7  735s
 181842 134846  252.74195   52  248  258.00000  252.19174  2.25%  43.7  740s
 183292 135957  252.57988   50  236  258.00000  252.19295  2.25%  43.7  745s
 184676 137011  255.89559   81  166  258.00000  252.19483  2.25%  43.6  750s
 186050 138069  256.17874   82  139  258.00000  252.19637  2.25%  43.6  755s
 187432 139114  253.77241   57  222  258.00000  252.19794  2.25%  43.6  760s
 188758 140147  256.69400   91   90  258.00000  252.20011  2.25%  43.6  765s
 190196 141243     cutoff   99       258.00000  252.20210  2.25%  43.6  770s
 191640 142329  253.21990   50  226  258.00000  252.20479  2.25%  43.6  775s
 192913 143298  252.50371   50  252  258.00000  252.20651  2.25%  43.6  780s
 194365 144438  253.22658   56  221  258.00000  252.20881  2.24%  43.6  785s
 195791 145556  252.31438   50  255  258.00000  252.21018  2.24%  43.5  790s
 197177 146623  252.40019   48  263  258.00000  252.21207  2.24%  43.5  795s
 198516 147677  253.24472   61  227  258.00000  252.21345  2.24%  43.5  800s
 199820 148686  252.92541   53  261  258.00000  252.21560  2.24%  43.5  805s
 201207 149757  253.05533   55  248  258.00000  252.21719  2.24%  43.5  810s
 202625 150863  254.11082   73  171  258.00000  252.21843  2.24%  43.5  815s
 204018 151888  252.68817   51  251  258.00000  252.22038  2.24%  43.5  820s
 205506 153071  256.62249  115   45  258.00000  252.22191  2.24%  43.5  825s
 206848 154100  253.00360   53  243  258.00000  252.22392  2.24%  43.4  830s
 208229 155172  255.24503   73  174  258.00000  252.22631  2.24%  43.4  835s
 209507 156161  254.68134   75  170  258.00000  252.22767  2.24%  43.4  840s
 210908 157261  253.75634   64  202  258.00000  252.22918  2.24%  43.4  845s
 212172 158252  252.68862   56  227  258.00000  252.23045  2.24%  43.4  850s
 213317 159125  253.51670   59  224  258.00000  252.23186  2.24%  43.5  856s
 214313 159917  254.70246   85  144  258.00000  252.23273  2.24%  43.5  860s
 215790 161047  256.69834   85  150  258.00000  252.23468  2.23%  43.4  865s
 217154 162073  253.83607   60  196  258.00000  252.23668  2.23%  43.4  870s
 218454 163081  253.69855   63  190  258.00000  252.23825  2.23%  43.4  875s
 220080 164392  256.13352   76  155  258.00000  252.23968  2.23%  43.4  880s
 221325 165339  254.50032   65  154  258.00000  252.24152  2.23%  43.4  885s
 222730 166447  254.35196   66  161  258.00000  252.24318  2.23%  43.4  890s
 224151 167553  253.29765   59  217  258.00000  252.24562  2.23%  43.4  895s
 225450 168579  253.29966   56  206  258.00000  252.24725  2.23%  43.4  900s
 226942 169740  252.32116   54  277  258.00000  252.24943  2.23%  43.4  905s
 228412 170891  255.64694   78  125  258.00000  252.25148  2.23%  43.3  910s
 229728 171937  255.47973   80  154  258.00000  252.25294  2.23%  43.3  915s
 231245 173137  256.99029   93   62  258.00000  252.25514  2.23%  43.3  920s
 232698 174226  255.64614   93  118  258.00000  252.25706  2.23%  43.3  925s
 233883 175143  254.33550   65  211  258.00000  252.25862  2.23%  43.3  930s
 235376 176321 infeasible   85       258.00000  252.26063  2.22%  43.3  935s
 236558 177222  252.69089   52  276  258.00000  252.26153  2.22%  43.3  940s
 237935 178250  252.72342   55  264  258.00000  252.26228  2.22%  43.3  945s
 239090 179162  256.20318   81  133  258.00000  252.26362  2.22%  43.3  950s
 240584 180350  252.98518   50  249  258.00000  252.26530  2.22%  43.2  955s
 241928 181367  254.57583   74  166  258.00000  252.26704  2.22%  43.2  960s
 243309 182411  253.43809   65  168  258.00000  252.26868  2.22%  43.2  965s
 244650 183450  252.81293   50  227  258.00000  252.27032  2.22%  43.2  970s
 245694 184246  254.03779   59  201  258.00000  252.27177  2.22%  43.3  975s
 247135 185339  253.96815   63  200  258.00000  252.27367  2.22%  43.2  980s
 248496 186403  252.89967   53  224  258.00000  252.27524  2.22%  43.2  985s
 249744 187376  253.86231   63  187  258.00000  252.27673  2.22%  43.3  990s
 251029 188382  254.59557   72  167  258.00000  252.27797  2.22%  43.2  995s
 252342 189410  255.38279   77  143  258.00000  252.27941  2.22%  43.3 1000s
 253798 190539 infeasible   97       258.00000  252.28056  2.22%  43.2 1005s
 255039 191510  253.65597   54  237  258.00000  252.28149  2.22%  43.2 1010s
 256501 192634  254.25714   68  192  258.00000  252.28305  2.22%  43.2 1015s
 257870 193687  255.31431   91  100  258.00000  252.28478  2.22%  43.2 1020s
 258857 194450  252.54297   50  254  258.00000  252.28637  2.21%  43.2 1026s
 259546 194987  255.80399   98   87  258.00000  252.28707  2.21%  43.2 1030s
 260981 196055  253.08685   58  226  258.00000  252.28841  2.21%  43.2 1035s
 262200 196992  255.88587   84  100  258.00000  252.28939  2.21%  43.2 1040s
 263544 198081  253.06924   63  247  258.00000  252.29088  2.21%  43.2 1045s
 264570 198858  256.05034   85  131  258.00000  252.29182  2.21%  43.2 1050s
 265891 199902  255.36230   84  157  258.00000  252.29319  2.21%  43.2 1055s
 267276 200993  252.84004   59  214  258.00000  252.29480  2.21%  43.2 1060s
 268706 202102  253.74440   56  215  258.00000  252.29666  2.21%  43.2 1065s
 270002 203143  256.93039   97   93  258.00000  252.29794  2.21%  43.2 1070s
 271493 204321  253.54446   63  208  258.00000  252.29933  2.21%  43.2 1075s
 272774 205359  254.96141   73  181  258.00000  252.30077  2.21%  43.2 1080s
 274199 206450  252.72728   50  253  258.00000  252.30229  2.21%  43.2 1085s
 275535 207491  256.46075   83  143  258.00000  252.30360  2.21%  43.2 1090s
 276821 208451  252.86417   55  246  258.00000  252.30514  2.21%  43.2 1095s
 278123 209449  253.35148   62  212  258.00000  252.30648  2.21%  43.3 1100s
 279439 210461  255.90944   92   96  258.00000  252.30794  2.21%  43.3 1105s
 280846 211565  254.36356   63  192  258.00000  252.30935  2.21%  43.2 1110s
 282309 212739  252.79164   47  256  258.00000  252.31110  2.20%  43.2 1115s
 283708 213827  254.33899   67  211  258.00000  252.31229  2.20%  43.2 1120s
 285071 214855  253.71095   54  247  258.00000  252.31358  2.20%  43.2 1125s
 286371 215884  253.43694   60  224  258.00000  252.31473  2.20%  43.2 1130s
 287592 216803  255.25384   80  139  258.00000  252.31600  2.20%  43.2 1135s
 288976 217885  253.55512   50  243  258.00000  252.31749  2.20%  43.2 1140s
 290267 218899  256.68041   76  181  258.00000  252.31906  2.20%  43.2 1145s
 291621 219880  253.03948   54  242  258.00000  252.32032  2.20%  43.2 1150s
 292876 220813  252.99761   54  239  258.00000  252.32109  2.20%  43.2 1155s
 294230 221869  252.98968   55  221  258.00000  252.32236  2.20%  43.2 1160s
 295543 222909  255.70237   74  151  258.00000  252.32350  2.20%  43.2 1165s
 296802 223868  254.06656   61  205  258.00000  252.32490  2.20%  43.2 1170s
 298108 224916  254.55737   85  160  258.00000  252.32594  2.20%  43.2 1175s
 299514 226051  253.65978   55  212  258.00000  252.32724  2.20%  43.2 1180s
 300752 227005     cutoff   91       258.00000  252.32853  2.20%  43.2 1185s
 302075 228010  252.67576   55  258  258.00000  252.32987  2.20%  43.2 1190s
 303410 229027  253.37924   50  224  258.00000  252.33089  2.20%  43.2 1195s
 304790 230069  253.51258   58  198  258.00000  252.33257  2.20%  43.2 1200s
 306174 231148  254.68711   69  171  258.00000  252.33434  2.20%  43.2 1205s
 307528 232189  252.40975   50  279  258.00000  252.33528  2.20%  43.2 1210s
 308794 233151  252.57790   52  245  258.00000  252.33715  2.19%  43.2 1215s
 310055 234113  252.90813   57  240  258.00000  252.33787  2.19%  43.2 1220s
 311348 235120  253.96205   58  237  258.00000  252.33902  2.19%  43.2 1225s
 312627 236091  252.75398   52  260  258.00000  252.34008  2.19%  43.2 1230s
 313789 237009  253.15836   54  231  258.00000  252.34154  2.19%  43.2 1235s
 315072 237970  252.54923   52  229  258.00000  252.34240  2.19%  43.2 1240s
 316430 239042  253.79758   55  202  258.00000  252.34428  2.19%  43.2 1245s
 317652 239947  252.51842   53  272  258.00000  252.34524  2.19%  43.3 1250s
 319036 241031  256.74612   85  109  258.00000  252.34646  2.19%  43.2 1255s
 320321 242036  255.19543   69  191  258.00000  252.34733  2.19%  43.2 1260s
 321754 243175  252.61486   48  255  258.00000  252.34815  2.19%  43.2 1265s
 322984 244099  254.23729   64  183  258.00000  252.34918  2.19%  43.2 1270s
 324272 245087  253.33677   60  195  258.00000  252.35046  2.19%  43.2 1275s
 325594 246083  253.37429   59  213  258.00000  252.35139  2.19%  43.2 1280s
 326977 247131     cutoff   68       258.00000  252.35268  2.19%  43.2 1285s
 328243 248096  255.20849   81  123  258.00000  252.35351  2.19%  43.2 1290s
 329651 249199  253.11155   53  223  258.00000  252.35458  2.19%  43.2 1295s
 330980 250241  253.33101   56  243  258.00000  252.35580  2.19%  43.2 1300s
 332263 251233  255.17970   70  182  258.00000  252.35686  2.19%  43.2 1305s
 333538 252173  252.58717   55  232  258.00000  252.35804  2.19%  43.2 1310s
 334891 253216  253.60685   58  238  258.00000  252.35935  2.19%  43.2 1315s
 336090 254150  254.58343   64  205  258.00000  252.36002  2.19%  43.2 1320s
 337307 255074  252.79587   59  238  258.00000  252.36118  2.19%  43.2 1325s
 338611 256081  254.29329   62  214  258.00000  252.36220  2.19%  43.3 1330s
 339879 257094  254.82223   76  143  258.00000  252.36377  2.18%  43.2 1335s
 340830 257831  256.60267   86  131  258.00000  252.36443  2.18%  43.2 1340s
 342121 258837  254.42731   68  181  258.00000  252.36546  2.18%  43.2 1345s
 343367 259781  254.34831   71  157  258.00000  252.36631  2.18%  43.2 1350s
 344801 260910  255.08927   68  182  258.00000  252.36728  2.18%  43.2 1355s
 346053 261896  254.32014   73  195  258.00000  252.36839  2.18%  43.2 1360s
 347387 262970  255.50947   74  180  258.00000  252.36919  2.18%  43.2 1365s
 348814 264035  256.48148   96  114  258.00000  252.37005  2.18%  43.2 1370s
 350140 265055  252.79142   49  244  258.00000  252.37088  2.18%  43.2 1375s
 351560 266179  252.97541   53  243  258.00000  252.37164  2.18%  43.2 1380s
 352793 267111  253.08680   53  231  258.00000  252.37243  2.18%  43.2 1385s
 354159 268144  254.00351   61  233  258.00000  252.37324  2.18%  43.2 1390s
 355456 269120  253.02065   49  249  258.00000  252.37427  2.18%  43.2 1395s
 356752 270149  252.51314   51  271  258.00000  252.37513  2.18%  43.2 1400s
 358079 271206  252.67022   54  235  258.00000  252.37613  2.18%  43.2 1405s
 359486 272300  253.43467   53  237  258.00000  252.37730  2.18%  43.2 1410s
 360793 273353  255.77066   72  133  258.00000  252.37820  2.18%  43.2 1415s
 362093 274371  253.13294   55  211  258.00000  252.37900  2.18%  43.2 1420s
 362598 274776  255.25703   73  174  258.00000  252.37944  2.18%  43.2 1425s
 363801 275706  254.02683   67  195  258.00000  252.38068  2.18%  43.2 1430s
 365135 276729  254.77937   61  167  258.00000  252.38167  2.18%  43.2 1435s
 366469 277767  252.49894   54  263  258.00000  252.38257  2.18%  43.2 1440s
 367804 278802  253.41468   56  223  258.00000  252.38371  2.18%  43.2 1445s
 369179 279897  253.00371   50  233  258.00000  252.38439  2.18%  43.2 1450s
 370487 280936  255.56775   84  144  258.00000  252.38499  2.18%  43.2 1455s
 371690 281861  255.77645   84  113  258.00000  252.38627  2.18%  43.2 1460s
 372849 282756  256.53522   93  102  258.00000  252.38712  2.18%  43.2 1465s
 374286 283822  252.56968   48  258  258.00000  252.38772  2.18%  43.2 1470s
 375454 284727  256.29470   74  164  258.00000  252.38868  2.17%  43.2 1475s
 376721 285723  252.94949   57  244  258.00000  252.38938  2.17%  43.2 1480s
 377957 286704  254.85629   68  169  258.00000  252.39058  2.17%  43.2 1485s
 379135 287671  255.37424   90  128  258.00000  252.39170  2.17%  43.2 1490s
 380528 288763  254.22677   62  195  258.00000  252.39272  2.17%  43.2 1495s
 381696 289670  254.52673   74  149  258.00000  252.39348  2.17%  43.2 1500s
 382964 290642  254.23109   77  152  258.00000  252.39449  2.17%  43.2 1505s
 384424 291754  253.23262   63  199  258.00000  252.39564  2.17%  43.2 1510s
 385733 292771  253.51689   55  218  258.00000  252.39678  2.17%  43.2 1515s
 387042 293795  253.88613   62  207  258.00000  252.39775  2.17%  43.2 1520s
 388460 294892  256.36517   90  117  258.00000  252.39878  2.17%  43.2 1525s
 389799 295914  252.62006   49  245  258.00000  252.39951  2.17%  43.2 1530s
 391040 296912  254.20647   66  170  258.00000  252.40000  2.17%  43.2 1535s
 392451 297960  252.57040   57  233  258.00000  252.40085  2.17%  43.2 1540s
 393770 298981  252.73944   58  236  258.00000  252.40150  2.17%  43.2 1545s
 395143 300026  253.57801   56  200  258.00000  252.40242  2.17%  43.2 1550s
 396523 301053  256.58513   98   97  258.00000  252.40369  2.17%  43.2 1555s
 397854 302103  256.93178   85  105  258.00000  252.40457  2.17%  43.2 1560s
 399147 303095  255.72435   70  138  258.00000  252.40529  2.17%  43.2 1565s
 400473 304129  253.48488   55  245  258.00000  252.40622  2.17%  43.2 1570s
 401771 305115  253.05417   56  219  258.00000  252.40702  2.17%  43.2 1575s
 403147 306182  254.19773   60  167  258.00000  252.40800  2.17%  43.2 1580s
 404527 307237  252.97973   49  257  258.00000  252.40881  2.17%  43.2 1585s
 405854 308265  253.01954   53  245  258.00000  252.40982  2.17%  43.2 1590s
 406932 309127  254.48888   57  219  258.00000  252.41058  2.17%  43.2 1595s
 408371 310243  255.55800   78  141  258.00000  252.41143  2.17%  43.2 1600s
 409788 311331  253.16054   54  269  258.00000  252.41226  2.17%  43.2 1605s
 411096 312298  252.96739   43  259  258.00000  252.41348  2.17%  43.2 1610s
 412428 313287  256.71990   86  141  258.00000  252.41457  2.16%  43.2 1615s
 413756 314294  255.38024   81  119  258.00000  252.41570  2.16%  43.2 1620s
 415173 315387  252.53118   51  243  258.00000  252.41701  2.16%  43.2 1625s
 416561 316480  254.82603   70  165  258.00000  252.41808  2.16%  43.2 1630s
 417995 317608  255.24122   71  193  258.00000  252.41920  2.16%  43.2 1635s
 419337 318621  256.06410  104   94  258.00000  252.42024  2.16%  43.2 1640s
 420738 319695  252.91337   55  234  258.00000  252.42129  2.16%  43.2 1645s
 422042 320682  254.17297   63  222  258.00000  252.42223  2.16%  43.2 1650s
 423390 321696  252.96626   54  257  258.00000  252.42295  2.16%  43.2 1655s
 424775 322811  253.37099   61  211  258.00000  252.42433  2.16%  43.2 1660s
 426093 323848  253.44996   55  234  258.00000  252.42517  2.16%  43.2 1665s
 427375 324865  255.04728   61  215  258.00000  252.42581  2.16%  43.2 1670s
 428610 325800  253.10045   53  240  258.00000  252.42669  2.16%  43.2 1675s
 429950 326839  256.55848   76  137  258.00000  252.42765  2.16%  43.2 1680s
 431338 327908  253.38447   59  238  258.00000  252.42867  2.16%  43.2 1685s
 432622 328889  253.09972   56  259  258.00000  252.42975  2.16%  43.2 1690s
 433889 329835  253.47862   62  221  258.00000  252.43051  2.16%  43.2 1695s
 435129 330811  255.97367   85  115  258.00000  252.43131  2.16%  43.2 1700s
 436478 331829  254.39476   71  146  258.00000  252.43216  2.16%  43.3 1705s
 437756 332835  253.94165   73  165  258.00000  252.43282  2.16%  43.3 1710s
 439147 333913  256.53264   87  125  258.00000  252.43347  2.16%  43.3 1715s
 440470 334889  252.81784   58  242  258.00000  252.43434  2.16%  43.3 1720s
 441903 336022  253.47453   56  224  258.00000  252.43529  2.16%  43.3 1725s
 443202 337038  252.80277   56  240  258.00000  252.43587  2.16%  43.3 1730s
 444542 338094  256.61471   94   53  258.00000  252.43652  2.16%  43.3 1735s
 445882 339152  254.60990   63  223  258.00000  252.43725  2.16%  43.3 1740s
 447143 340140  252.93079   50  277  258.00000  252.43787  2.16%  43.3 1745s
 448558 341258  253.57245   55  268  258.00000  252.43876  2.16%  43.3 1750s
 449796 342220  254.24445   72  203  258.00000  252.43982  2.16%  43.3 1755s
 451105 343210  253.05341   55  251  258.00000  252.44062  2.15%  43.3 1760s
 452425 344226  252.71743   48  273  258.00000  252.44129  2.15%  43.3 1765s
 453737 345202  254.33196   64  208  258.00000  252.44215  2.15%  43.3 1770s
 455046 346252  254.32145   60  201  258.00000  252.44293  2.15%  43.3 1775s
 456490 347393  256.68119   78   87  258.00000  252.44424  2.15%  43.3 1780s
 457787 348379  253.04249   51  231  258.00000  252.44495  2.15%  43.3 1785s
 459257 349498  252.50455   52  248  258.00000  252.44564  2.15%  43.3 1790s
 460562 350504  253.09365   54  234  258.00000  252.44678  2.15%  43.3 1795s
 461897 351560  252.68703   43  251  258.00000  252.44777  2.15%  43.3 1800s
 463326 352653  254.77136   67  178  258.00000  252.44848  2.15%  43.3 1805s
 464634 353662  253.89760   66  181  258.00000  252.44966  2.15%  43.3 1810s
 465993 354719  254.31035   64  159  258.00000  252.45046  2.15%  43.3 1815s
 467294 355738  253.21927   54  246  258.00000  252.45110  2.15%  43.3 1820s
 468751 356868  255.26851   73  161  258.00000  252.45166  2.15%  43.3 1825s
 470022 357826  254.68433   66  208  258.00000  252.45225  2.15%  43.3 1830s
 471378 358874  255.23187   74  133  258.00000  252.45301  2.15%  43.3 1835s
 472704 359885  254.01357   71  191  258.00000  252.45377  2.15%  43.3 1840s
 474150 360974  256.88813   84   84  258.00000  252.45491  2.15%  43.3 1845s
 475421 361921  253.30208   60  236  258.00000  252.45568  2.15%  43.3 1850s
 476774 362994  253.13840   51  263  258.00000  252.45673  2.15%  43.3 1855s
 478143 364064  255.66471   80  150  258.00000  252.45762  2.15%  43.3 1860s
 479446 365072  255.02754   76  131  258.00000  252.45833  2.15%  43.2 1865s
 480800 366177  256.44758   66  167  258.00000  252.45886  2.15%  43.2 1870s
 481971 367066  254.50858   71  195  258.00000  252.45977  2.15%  43.3 1875s
 482943 367817  253.24308   52  253  258.00000  252.46002  2.15%  43.3 1880s
 484381 368940  253.02367   57  226  258.00000  252.46085  2.15%  43.2 1885s
 485689 369960  253.51927   60  215  258.00000  252.46184  2.15%  43.2 1890s
 487183 371116  255.42551   73  180  258.00000  252.46273  2.15%  43.2 1895s
 488576 372190  253.88944   63  196  258.00000  252.46328  2.15%  43.2 1900s
 489742 373084  256.44646   88   93  258.00000  252.46371  2.15%  43.2 1906s
 490636 373793  253.55050   53  223  258.00000  252.46420  2.15%  43.2 1910s
 491912 374767  253.13411   54  246  258.00000  252.46535  2.15%  43.2 1915s
 493306 375836  255.65453   86  109  258.00000  252.46618  2.14%  43.2 1920s
 494623 376779  254.22557   70  187  258.00000  252.46697  2.14%  43.2 1925s
 496106 377883  254.53177   70  149  258.00000  252.46777  2.14%  43.2 1930s
 497307 378781  252.93354   52  229  258.00000  252.46830  2.14%  43.2 1936s
 498222 379474  254.71248   67  173  258.00000  252.46871  2.14%  43.2 1940s
 499549 380487  253.15311   51  260  258.00000  252.46935  2.14%  43.2 1945s
 500846 381488  253.21023   60  214  258.00000  252.47001  2.14%  43.3 1950s
 502317 382627  253.22850   58  263  258.00000  252.47072  2.14%  43.2 1955s
 503679 383703  253.23617   50  251  258.00000  252.47121  2.14%  43.2 1960s
 505024 384736  255.26391   70  151  258.00000  252.47199  2.14%  43.3 1965s
 506398 385787  252.92572   55  257  258.00000  252.47270  2.14%  43.3 1970s
 507769 386848  256.08134   84  143  258.00000  252.47376  2.14%  43.3 1975s
 509086 387809  254.18492   72  178  258.00000  252.47473  2.14%  43.3 1980s
 510479 388906  252.90096   60  244  258.00000  252.47543  2.14%  43.3 1985s
 511940 390091  253.92736   61  195  258.00000  252.47629  2.14%  43.3 1990s
 512829 390794     cutoff   95       258.00000  252.47672  2.14%  43.3 1995s
 514217 391872  254.74051   65  184  258.00000  252.47735  2.14%  43.3 2000s
 515584 392926  253.85482   57  212  258.00000  252.47788  2.14%  43.3 2005s
 517007 394018  254.96746   81  158  258.00000  252.47855  2.14%  43.3 2010s
 518336 395076  255.76237   80  160  258.00000  252.47907  2.14%  43.3 2015s
 519767 396158  254.72545   64  197  258.00000  252.47992  2.14%  43.3 2020s
 521117 397199  255.79434   70  177  258.00000  252.48057  2.14%  43.3 2025s
 522428 398184  253.24616   56  194  258.00000  252.48140  2.14%  43.3 2030s
 523774 399213  256.36074   68  161  258.00000  252.48232  2.14%  43.3 2035s
 525091 400211  253.75514   63  189  258.00000  252.48318  2.14%  43.3 2040s
 526506 401311  253.60638   61  221  258.00000  252.48391  2.14%  43.3 2045s
 527928 402435  254.45948   65  172  258.00000  252.48472  2.14%  43.3 2050s
 529330 403507  254.28009   62  185  258.00000  252.48529  2.14%  43.3 2055s
 530698 404528  253.72562   56  217  258.00000  252.48584  2.14%  43.3 2060s
 532183 405669  256.25773   79  153  258.00000  252.48682  2.14%  43.3 2065s
 533544 406734  253.32040   65  209  258.00000  252.48746  2.14%  43.3 2070s
 534963 407862  255.96712   67  184  258.00000  252.48830  2.14%  43.3 2075s
 536386 408952  253.41546   64  216  258.00000  252.48888  2.14%  43.3 2080s
 537719 409977  252.89089   54  248  258.00000  252.48963  2.14%  43.3 2085s
 539029 411011  255.06222   75  155  258.00000  252.49030  2.14%  43.3 2090s
 540423 412071  253.15950   51  217  258.00000  252.49072  2.14%  43.3 2095s
 541824 413160  253.50453   63  210  258.00000  252.49140  2.14%  43.3 2100s
 543139 414155  252.83759   55  243  258.00000  252.49221  2.13%  43.3 2105s
 544488 415200  253.83197   60  219  258.00000  252.49287  2.13%  43.3 2110s
 545833 416221  252.76781   45  252  258.00000  252.49351  2.13%  43.3 2115s
 547209 417310  252.70542   49  266  258.00000  252.49421  2.13%  43.3 2120s
 548635 418379  253.81309   60  229  258.00000  252.49500  2.13%  43.3 2125s
 549576 419137  256.39342   82  127  258.00000  252.49545  2.13%  43.3 2130s
 550854 420120  256.69208   92   99  258.00000  252.49620  2.13%  43.3 2135s
 552127 421120  254.57252   74  171  258.00000  252.49702  2.13%  43.3 2140s
 553556 422177  253.17649   51  222  258.00000  252.49785  2.13%  43.3 2145s
 554889 423221  254.96383   75  160  258.00000  252.49857  2.13%  43.3 2150s
 556230 424301  253.98224   61  190  258.00000  252.49965  2.13%  43.3 2155s
 557578 425295  254.50746   68  143  258.00000  252.50031  2.13%  43.3 2160s
 558998 426356  255.10955   82  131  258.00000  252.50104  2.13%  43.3 2165s
 560395 427430  252.65046   52  249  258.00000  252.50185  2.13%  43.3 2170s
 561794 428493  254.81180   88  129  258.00000  252.50271  2.13%  43.3 2175s
 563178 429563  252.91022   56  237  258.00000  252.50350  2.13%  43.3 2180s
 564513 430621  252.79930   57  248  258.00000  252.50391  2.13%  43.3 2185s
 565865 431668  254.43593   71  162  258.00000  252.50472  2.13%  43.3 2190s
 567168 432682  256.60700   82  125  258.00000  252.50547  2.13%  43.3 2195s
 568725 433870  254.93872   68  190  258.00000  252.50640  2.13%  43.3 2200s
 570159 434932  253.48571   49  247  258.00000  252.50712  2.13%  43.3 2205s
 571574 436023  252.83292   47  251  258.00000  252.50771  2.13%  43.3 2210s
 572797 436972  253.43477   61  214  258.00000  252.50839  2.13%  43.3 2215s
 574082 437929  252.76627   57  247  258.00000  252.50893  2.13%  43.3 2221s
 574951 438596  252.76979   49  263  258.00000  252.50918  2.13%  43.3 2225s
 576305 439672  253.36032   49  245  258.00000  252.50975  2.13%  43.3 2230s
 577649 440699  254.08515   63  202  258.00000  252.51040  2.13%  43.3 2235s
 578966 441693  256.96102   91   89  258.00000  252.51103  2.13%  43.3 2240s
 580254 442649  254.99049   71  155  258.00000  252.51167  2.13%  43.3 2245s
 581637 443728  255.60283   82  137  258.00000  252.51249  2.13%  43.3 2250s
 582911 444697  256.63632  105   81  258.00000  252.51325  2.13%  43.3 2255s
 584242 445698  252.76627   58  236  258.00000  252.51400  2.13%  43.3 2260s
 585589 446731  254.67327   70  159  258.00000  252.51484  2.13%  43.3 2265s
 586928 447750  253.42579   56  238  258.00000  252.51553  2.13%  43.3 2270s
 588322 448815  253.03061   49  268  258.00000  252.51631  2.13%  43.3 2275s
 589782 449932  253.13302   51  255  258.00000  252.51703  2.13%  43.3 2280s
 590830 450745  254.32083   69  180  258.00000  252.51740  2.13%  43.3 2285s
 592193 451789  253.21601   59  227  258.00000  252.51812  2.12%  43.3 2290s
 593520 452817  255.35931   74  164  258.00000  252.51880  2.12%  43.3 2295s
 594850 453812  252.89157   53  255  258.00000  252.51935  2.12%  43.3 2300s
 596222 454865  253.60070   70  162  258.00000  252.52022  2.12%  43.3 2305s
 597733 456057  255.79457   91  118  258.00000  252.52061  2.12%  43.3 2310s
 599081 457101  253.04506   50  266  258.00000  252.52120  2.12%  43.3 2315s
 600425 458152  253.14281   57  251  258.00000  252.52175  2.12%  43.3 2320s
 601850 459215  254.17100   70  154  258.00000  252.52242  2.12%  43.3 2325s
 603172 460262  255.84951   87  105  258.00000  252.52315  2.12%  43.3 2330s
 603930 460824  253.74974   56  206  258.00000  252.52354  2.12%  43.3 2335s
 605302 461872  253.03277   53  243  258.00000  252.52420  2.12%  43.3 2340s
 606693 462966  253.72329   67  184  258.00000  252.52493  2.12%  43.3 2345s
 608030 463993  253.65658   66  195  258.00000  252.52560  2.12%  43.3 2350s
 609284 464962  252.95326   56  270  258.00000  252.52606  2.12%  43.3 2355s
 610624 466002  256.88893   79  155  258.00000  252.52670  2.12%  43.3 2360s
 612116 467133  255.07535   90  100  258.00000  252.52741  2.12%  43.3 2365s
 613430 468158  253.36947   53  241  258.00000  252.52794  2.12%  43.3 2370s
 614774 469193  253.98662   58  206  258.00000  252.52869  2.12%  43.3 2375s
 616042 470149  255.99278   76  125  258.00000  252.52944  2.12%  43.3 2380s
 617361 471153  253.28737   57  241  258.00000  252.53023  2.12%  43.3 2385s
 618727 472194  254.26114   67  149  258.00000  252.53060  2.12%  43.3 2390s
 620085 473229  253.03814   51  247  258.00000  252.53122  2.12%  43.3 2395s
 621502 474338  254.97982   68  153  258.00000  252.53196  2.12%  43.3 2400s
 622870 475412  253.66625   67  189  258.00000  252.53254  2.12%  43.3 2405s
 624274 476471  252.86116   49  261  258.00000  252.53323  2.12%  43.3 2410s
 625667 477552     cutoff   85       258.00000  252.53380  2.12%  43.3 2415s
 627108 478700  255.24005   84  163  258.00000  252.53420  2.12%  43.3 2420s
 628379 479637  253.04993   51  266  258.00000  252.53481  2.12%  43.3 2425s
 629892 480784  253.06191   50  256  258.00000  252.53549  2.12%  43.3 2430s
 631139 481760  255.53370   73  172  258.00000  252.53634  2.12%  43.3 2435s
 632451 482748  253.44766   50  246  258.00000  252.53684  2.12%  43.3 2440s
 633796 483807  254.84459   73  178  258.00000  252.53768  2.12%  43.3 2445s
 635168 484813  254.30606   70  207  258.00000  252.53842  2.12%  43.3 2450s
 636459 485793  253.04273   55  236  258.00000  252.53904  2.12%  43.3 2455s
 636771 486050  253.58843   65  199  258.00000  252.53908  2.12%  43.3 2460s
 638051 487049  255.37301   79  125  258.00000  252.53958  2.12%  43.3 2465s
 639313 488009  252.82184   53  262  258.00000  252.54014  2.12%  43.3 2470s
 640763 489147  254.53443   66  178  258.00000  252.54053  2.12%  43.3 2475s
 642172 490222  253.33240   56  208  258.00000  252.54110  2.12%  43.3 2480s
 643499 491265  256.30783   76  107  258.00000  252.54187  2.12%  43.3 2485s
 644944 492389  255.09729   67  174  258.00000  252.54250  2.12%  43.3 2490s
 645877 493103  255.92359   83  152  258.00000  252.54286  2.12%  43.3 2495s
 647281 494134  253.90084   63  194  258.00000  252.54353  2.11%  43.3 2500s
 648645 495177  252.97989   45  254  258.00000  252.54413  2.11%  43.3 2505s
 649951 496178  253.85454   60  239  258.00000  252.54474  2.11%  43.3 2510s
 651290 497230  256.23075   72  146  258.00000  252.54549  2.11%  43.3 2515s
 652748 498344     cutoff   82       258.00000  252.54612  2.11%  43.3 2520s
 654139 499391  255.75497   77  140  258.00000  252.54666  2.11%  43.3 2525s
 655548 500501  255.24402   75  160  258.00000  252.54722  2.11%  43.3 2530s
 656923 501518  253.17177   54  229  258.00000  252.54777  2.11%  43.3 2535s
 658314 502570  254.45002   68  166  258.00000  252.54822  2.11%  43.3 2540s
 659664 503608 infeasible   55       258.00000  252.54887  2.11%  43.3 2545s
 661017 504678  256.90004  111   53  258.00000  252.54935  2.11%  43.3 2550s
 662354 505659  254.50404   72  143  258.00000  252.55009  2.11%  43.3 2555s
 663773 506673  256.63786   97  105  258.00000  252.55083  2.11%  43.3 2560s
 665257 507831  252.59141   44  247  258.00000  252.55162  2.11%  43.3 2565s
 665966 508372  253.30262   59  237  258.00000  252.55185  2.11%  43.3 2570s
 667385 509508  255.36844   74  139  258.00000  252.55259  2.11%  43.3 2575s
 668716 510523  253.33768   52  240  258.00000  252.55303  2.11%  43.3 2580s
 670087 511613  256.24129   90  105  258.00000  252.55360  2.11%  43.3 2585s
 671567 512724  253.14671   53  243  258.00000  252.55427  2.11%  43.3 2590s
 672962 513755  253.06520   51  225  258.00000  252.55487  2.11%  43.3 2595s
 674234 514729  252.78344   54  252  258.00000  252.55550  2.11%  43.3 2600s
 675585 515774  253.15021   54  249  258.00000  252.55595  2.11%  43.3 2605s
 677021 516861  253.20127   52  269  258.00000  252.55652  2.11%  43.3 2610s
 678343 517879  255.07432   78  135  258.00000  252.55701  2.11%  43.3 2615s
 679705 518921  252.83567   43  278  258.00000  252.55742  2.11%  43.3 2620s
 681157 520054  253.00372   57  255  258.00000  252.55780  2.11%  43.3 2625s
 682471 521049  253.29321   46  262  258.00000  252.55817  2.11%  43.3 2630s
 683918 522113  253.19240   47  235  258.00000  252.55872  2.11%  43.3 2635s
 685341 523212  254.76978   71  181  258.00000  252.55918  2.11%  43.3 2640s
 686680 524272  254.64296   75  149  258.00000  252.55967  2.11%  43.3 2645s
 688027 525304  253.85887   74  161  258.00000  252.56013  2.11%  43.3 2650s
 689501 526423  252.72961   56  257  258.00000  252.56056  2.11%  43.3 2655s
 690874 527463  254.80690   67  185  258.00000  252.56102  2.11%  43.3 2660s
 692199 528456  256.60147   67  156  258.00000  252.56151  2.11%  43.3 2665s
 693647 529552  253.06661   55  243  258.00000  252.56225  2.11%  43.3 2670s
 694993 530626  255.69357   57  171  258.00000  252.56278  2.11%  43.3 2675s
 696335 531670  253.72793   60  192  258.00000  252.56335  2.11%  43.3 2680s
 697728 532772  254.71201   72  199  258.00000  252.56407  2.11%  43.3 2685s
 699127 533843  253.05404   53  257  258.00000  252.56467  2.11%  43.3 2690s
 700409 534857  254.64268   84  138  258.00000  252.56547  2.11%  43.3 2695s
 701797 535929  252.83865   53  264  258.00000  252.56595  2.11%  43.3 2700s
 703243 536999  254.71812   83  133  258.00000  252.56653  2.11%  43.3 2705s
 704733 538120  254.30503   66  180  258.00000  252.56699  2.11%  43.3 2710s
 706124 539211  253.00159   56  244  258.00000  252.56754  2.11%  43.3 2715s
 707430 540194  253.34210   55  251  258.00000  252.56819  2.11%  43.3 2720s
 708681 541122  254.64257   67  181  258.00000  252.56870  2.11%  43.3 2725s
 710113 542258  254.66929   72  182  258.00000  252.56915  2.10%  43.3 2730s
 711490 543334  252.94265   52  251  258.00000  252.56981  2.10%  43.3 2735s
 712912 544402  256.81353   87  120  258.00000  252.57025  2.10%  43.3 2740s
 714243 545441  252.95723   50  271  258.00000  252.57087  2.10%  43.3 2745s
 715716 546579  253.73579   56  185  258.00000  252.57152  2.10%  43.3 2750s
 717095 547665  253.05718   56  219  258.00000  252.57228  2.10%  43.3 2755s
 718462 548711  256.44224   86  103  258.00000  252.57278  2.10%  43.3 2760s
 719825 549779  253.54299   59  228  258.00000  252.57328  2.10%  43.3 2765s
 720994 550692  253.88561   65  191  258.00000  252.57386  2.10%  43.3 2770s
 722350 551741  253.85088   61  233  258.00000  252.57478  2.10%  43.3 2775s
 723638 552757  256.97968  103   84  258.00000  252.57539  2.10%  43.3 2780s
 725072 553858  253.67806   62  205  258.00000  252.57592  2.10%  43.3 2785s
 726443 554917  253.12814   51  223  258.00000  252.57643  2.10%  43.3 2790s
 727798 555941  254.99682   79  132  258.00000  252.57717  2.10%  43.3 2795s
 729111 556937  256.26369   87  123  258.00000  252.57763  2.10%  43.3 2800s
 730458 557998  253.11447   56  223  258.00000  252.57809  2.10%  43.3 2805s
 731768 559017  253.09330   53  265  258.00000  252.57848  2.10%  43.3 2810s
 733079 560017  254.81665   67  137  258.00000  252.57888  2.10%  43.3 2815s
 734406 560993  253.01754   53  247  258.00000  252.57950  2.10%  43.3 2820s
 735817 562058  253.54065   63  218  258.00000  252.57988  2.10%  43.3 2825s
 737068 563011  252.78253   48  259  258.00000  252.58051  2.10%  43.3 2830s
 738479 564068  255.91774   80  130  258.00000  252.58091  2.10%  43.3 2835s
 739951 565192  254.97454   85  137  258.00000  252.58161  2.10%  43.3 2840s
 741246 566162  253.76626   58  209  258.00000  252.58201  2.10%  43.3 2845s
 742660 567197  255.43380   84  120  258.00000  252.58258  2.10%  43.3 2850s
 744057 568253  252.87258   52  259  258.00000  252.58293  2.10%  43.3 2855s
 745458 569313  253.26583   58  241  258.00000  252.58331  2.10%  43.3 2860s
 746411 570034  254.68235   67  165  258.00000  252.58374  2.10%  43.3 2865s
 747718 571066  253.58760   62  212  258.00000  252.58432  2.10%  43.3 2870s
 749094 572144  256.71223   83  133  258.00000  252.58518  2.10%  43.3 2875s
 750469 573214  253.35443   50  228  258.00000  252.58587  2.10%  43.3 2880s
 751870 574246  256.65328   87  122  258.00000  252.58645  2.10%  43.3 2885s
 753286 575323  252.89904   54  264  258.00000  252.58707  2.10%  43.3 2890s
 754536 576291  253.09620   55  262  258.00000  252.58768  2.10%  43.3 2895s
 755859 577305  252.81718   53  245  258.00000  252.58825  2.10%  43.3 2900s
 757178 578355  254.87516   69  193  258.00000  252.58866  2.10%  43.3 2905s
 758681 579485  252.70606   50  257  258.00000  252.58913  2.10%  43.3 2910s
 759994 580506  254.08041   67  187  258.00000  252.58959  2.10%  43.3 2915s
 761389 581585  255.47953   68  173  258.00000  252.59027  2.10%  43.3 2920s
 762761 582660  253.90317   66  170  258.00000  252.59089  2.10%  43.3 2925s
 764140 583704  252.92159   49  253  258.00000  252.59141  2.10%  43.3 2930s
 765541 584792  253.03397   54  248  258.00000  252.59202  2.10%  43.3 2935s
 766835 585826  256.20300   75  141  258.00000  252.59258  2.10%  43.3 2940s
 768366 586995  253.13946   55  233  258.00000  252.59312  2.10%  43.3 2945s
 769705 588011  255.13295   77  152  258.00000  252.59368  2.10%  43.3 2950s
 771141 589091  253.10283   51  219  258.00000  252.59409  2.10%  43.3 2955s
 772114 589844  254.62801   70  189  258.00000  252.59442  2.10%  43.3 2960s
 773505 590926  253.35700   58  235  258.00000  252.59489  2.10%  43.3 2965s
 774785 591913  253.00521   54  236  258.00000  252.59555  2.09%  43.3 2970s
 776060 592887  255.06856   70  189  258.00000  252.59583  2.09%  43.3 2975s
 777452 593930  253.43774   64  203  258.00000  252.59659  2.09%  43.3 2980s
 778875 594985  254.24979   61  217  258.00000  252.59702  2.09%  43.3 2985s
 780163 595990  256.08025   85  149  258.00000  252.59732  2.09%  43.3 2990s
 781623 597095  256.40918   79  138  258.00000  252.59777  2.09%  43.3 2995s
 782955 598130  255.74534   97   73  258.00000  252.59828  2.09%  43.3 3000s
 783972 598884  255.33355   69  164  258.00000  252.59859  2.09%  43.3 3007s
 784570 599358  253.01874   57  230  258.00000  252.59883  2.09%  43.3 3010s
 785905 600372  253.98470   66  168  258.00000  252.59931  2.09%  43.3 3015s
 787266 601430  253.89865   62  219  258.00000  252.59970  2.09%  43.3 3020s
 788600 602442  253.47252   54  235  258.00000  252.60029  2.09%  43.3 3025s
 789979 603494  253.05583   55  212  258.00000  252.60081  2.09%  43.3 3030s
 791386 604587  252.84869   50  249  258.00000  252.60128  2.09%  43.3 3035s
 792694 605620  253.55977   67  176  258.00000  252.60173  2.09%  43.3 3040s
 794015 606634  256.49431   84  145  258.00000  252.60233  2.09%  43.3 3045s
 795502 607748  254.24888   59  215  258.00000  252.60272  2.09%  43.3 3050s
 796878 608783  254.82712   70  188  258.00000  252.60327  2.09%  43.3 3055s
 797993 609615  253.28006   55  250  258.00000  252.60368  2.09%  43.3 3060s
 799291 610591  254.42034   77  183  258.00000  252.60406  2.09%  43.3 3065s
 800591 611619  254.55663   72  172  258.00000  252.60439  2.09%  43.3 3070s
 801892 612586  253.17363   56  226  258.00000  252.60477  2.09%  43.3 3075s
 803375 613769  253.75299   62  180  258.00000  252.60527  2.09%  43.3 3080s
 804642 614750  254.23551   67  160  258.00000  252.60571  2.09%  43.3 3085s
 806141 615899  253.93673   65  164  258.00000  252.60609  2.09%  43.3 3090s
 807496 616957  255.20044   75  146  258.00000  252.60658  2.09%  43.3 3095s
 808878 618028  254.77033   65  146  258.00000  252.60691  2.09%  43.3 3100s
 810342 619109  253.26547   54  224  258.00000  252.60739  2.09%  43.3 3105s
 811708 620156  254.70028   64  148  258.00000  252.60779  2.09%  43.3 3110s
 813061 621178  252.95793   53  235  258.00000  252.60829  2.09%  43.3 3115s
 814488 622269  255.52274   83  137  258.00000  252.60873  2.09%  43.3 3120s
 815841 623291  254.92691   71  180  258.00000  252.60904  2.09%  43.3 3125s
 817194 624299  253.10863   53  234  258.00000  252.60959  2.09%  43.3 3130s
 818551 625349  254.19451   67  204  258.00000  252.60996  2.09%  43.3 3135s
 819905 626400  256.82291   82  128  258.00000  252.61033  2.09%  43.3 3140s
 821258 627418  256.89493   94  139  258.00000  252.61083  2.09%  43.3 3145s
 822618 628392  254.70026   65  161  258.00000  252.61125  2.09%  43.3 3150s
 823923 629399  252.82580   56  237  258.00000  252.61169  2.09%  43.3 3155s
 825301 630434  252.74943   52  260  258.00000  252.61207  2.09%  43.3 3160s
 826634 631457  254.31564   66  177  258.00000  252.61254  2.09%  43.3 3165s
 827939 632414  254.13065   73  155  258.00000  252.61306  2.09%  43.3 3170s
 829429 633586  253.60483   62  222  258.00000  252.61344  2.09%  43.3 3175s
 830827 634617  253.60221   55  209  258.00000  252.61413  2.09%  43.3 3180s
 832152 635591  255.61712   73  156  258.00000  252.61480  2.09%  43.3 3185s
 833137 636336  253.21025   52  262  258.00000  252.61520  2.09%  43.3 3190s
 834550 637420  253.68469   65  196  258.00000  252.61574  2.09%  43.3 3195s
 835912 638449  255.63127   90  104  258.00000  252.61623  2.09%  43.3 3200s
 837267 639493  254.47468   64  182  258.00000  252.61672  2.09%  43.3 3205s
 838678 640588  256.78127   90  105  258.00000  252.61719  2.09%  43.3 3210s
 840054 641590  253.38618   56  239  258.00000  252.61758  2.09%  43.3 3215s
 841459 642674  256.89337   98   96  258.00000  252.61821  2.09%  43.3 3220s
 842833 643709  254.94361   76  158  258.00000  252.61857  2.09%  43.3 3225s
 844201 644711  254.18930   64  159  258.00000  252.61900  2.09%  43.3 3230s
 845483 645685  252.83642   55  250  258.00000  252.61933  2.09%  43.3 3235s
 846791 646673  255.46037   76  177  258.00000  252.61991  2.09%  43.3 3240s
 848098 647651     cutoff   93       258.00000  252.62025  2.09%  43.3 3245s
 849444 648688  255.47284   84  119  258.00000  252.62088  2.08%  43.3 3250s
 850785 649725  253.98388   61  181  258.00000  252.62121  2.08%  43.3 3255s
 852173 650798  252.99757   54  213  258.00000  252.62164  2.08%  43.3 3260s
 853574 651888  254.33453   70  204  258.00000  252.62201  2.08%  43.3 3265s
 854929 652936  255.07305   68  189  258.00000  252.62244  2.08%  43.3 3270s
 856368 653995  253.91206   71  187  258.00000  252.62290  2.08%  43.3 3275s
 857729 655068  253.98402   70  192  258.00000  252.62350  2.08%  43.3 3280s
 858733 655849  252.98580   50  244  258.00000  252.62377  2.08%  43.3 3285s
 860082 656847  252.83478   51  246  258.00000  252.62410  2.08%  43.3 3290s
 861429 657864  256.15434  107   98  258.00000  252.62447  2.08%  43.3 3295s
 862795 658935  254.86354   71  144  258.00000  252.62481  2.08%  43.3 3300s
 864155 660005  252.99142   53  237  258.00000  252.62541  2.08%  43.3 3305s
 865498 661048  253.04438   52  271  258.00000  252.62587  2.08%  43.3 3310s
 866857 662052  255.13010   73  121  258.00000  252.62645  2.08%  43.3 3315s
 868185 663097  255.89806   82  116  258.00000  252.62710  2.08%  43.3 3320s
 869548 664170  253.41902   60  208  258.00000  252.62766  2.08%  43.3 3325s
 870929 665237  253.61902   55  228  258.00000  252.62824  2.08%  43.3 3330s
 872181 666199  256.67484  103   54  258.00000  252.62859  2.08%  43.3 3335s
 873568 667263  256.56429   61  162  258.00000  252.62908  2.08%  43.3 3340s
 874992 668370  256.78733   88  103  258.00000  252.62945  2.08%  43.3 3345s
 876428 669431  254.09011   69  193  258.00000  252.62994  2.08%  43.3 3350s
 877781 670476  255.78418  106   92  258.00000  252.63037  2.08%  43.3 3355s
 879301 671630  254.22441   68  182  258.00000  252.63100  2.08%  43.3 3360s
 880758 672747  253.91807   63  212  258.00000  252.63132  2.08%  43.3 3365s
 882035 673712  254.53712   67  163  258.00000  252.63171  2.08%  43.3 3370s
 883237 674656  254.78442   69  170  258.00000  252.63204  2.08%  43.3 3375s
 884546 675675  255.59648   80  130  258.00000  252.63234  2.08%  43.3 3380s
 885984 676774  254.28593   58  249  258.00000  252.63279  2.08%  43.3 3385s
 887382 677835  256.60930   95   74  258.00000  252.63322  2.08%  43.3 3390s
 888688 678801  255.22020   81  121  258.00000  252.63371  2.08%  43.3 3395s
 890029 679822  256.12366  100   99  258.00000  252.63410  2.08%  43.3 3400s
 891439 680883  253.69578   59  210  258.00000  252.63450  2.08%  43.3 3405s
 892708 681810  253.05740   60  221  258.00000  252.63484  2.08%  43.3 3410s
 894149 682929  253.38750   56  200  258.00000  252.63525  2.08%  43.3 3415s
 895533 684023  253.37187   62  223  258.00000  252.63573  2.08%  43.3 3420s
 896942 685095  253.26160   58  208  258.00000  252.63629  2.08%  43.3 3425s
 898319 686180 infeasible   92       258.00000  252.63681  2.08%  43.3 3430s
 899664 687194  256.69319   88  121  258.00000  252.63724  2.08%  43.3 3435s
 901155 688369  253.35312   57  229  258.00000  252.63761  2.08%  43.3 3440s
 902503 689374  254.66954   69  184  258.00000  252.63787  2.08%  43.3 3445s
 903842 690378  253.38962   55  235  258.00000  252.63814  2.08%  43.3 3450s
 905258 691493  252.87875   50  243  258.00000  252.63855  2.08%  43.3 3455s
 906569 692483  253.38003   52  227  258.00000  252.63900  2.08%  43.3 3460s
 907973 693527  255.74555   97   91  258.00000  252.63932  2.08%  43.3 3465s
 909101 694362  253.14124   46  242  258.00000  252.63967  2.08%  43.3 3470s
 910546 695455  254.34338   67  170  258.00000  252.64009  2.08%  43.3 3475s
 911859 696477  253.27249   50  253  258.00000  252.64052  2.08%  43.3 3480s
 913181 697538  253.52709   55  228  258.00000  252.64086  2.08%  43.3 3485s
 914515 698559  253.31969   55  256  258.00000  252.64122  2.08%  43.3 3490s
 915939 699658  252.76466   50  262  258.00000  252.64157  2.08%  43.3 3495s
 917267 700712  252.87704   56  259  258.00000  252.64202  2.08%  43.3 3500s
 918623 701739  253.48393   64  206  258.00000  252.64244  2.08%  43.3 3505s
 919940 702744  254.70668   66  174  258.00000  252.64294  2.08%  43.3 3510s
 921319 703840  254.11244   77  186  258.00000  252.64323  2.08%  43.3 3515s
 922642 704856  254.30417   73  182  258.00000  252.64371  2.08%  43.3 3520s
 923814 705755  254.31097   59  201  258.00000  252.64404  2.08%  43.3 3525s
 925169 706788  253.69206   62  198  258.00000  252.64446  2.08%  43.3 3530s
 926498 707834  254.19681   68  160  258.00000  252.64484  2.08%  43.3 3535s
 927804 708845     cutoff   89       258.00000  252.64527  2.08%  43.3 3540s
 929111 709838  253.09996   52  258  258.00000  252.64574  2.08%  43.3 3545s
 930352 710750  256.29786   83  140  258.00000  252.64602  2.08%  43.3 3550s
 931713 711783  255.08050   73  164  258.00000  252.64649  2.08%  43.3 3555s
 932918 712699  253.06254   52  242  258.00000  252.64678  2.07%  43.3 3560s
 933947 713497  254.99263   63  164  258.00000  252.64699  2.07%  43.3 3565s
 935152 714405     cutoff   80       258.00000  252.64741  2.07%  43.3 3570s
 936522 715456  256.23023   86   89  258.00000  252.64793  2.07%  43.3 3575s
 937938 716529  254.36691   67  206  258.00000  252.64825  2.07%  43.3 3580s
 939217 717527  253.16503   55  237  258.00000  252.64866  2.07%  43.3 3585s
 940579 718566  253.47374   60  242  258.00000  252.64918  2.07%  43.3 3590s
 941944 719599  253.06556   52  244  258.00000  252.64960  2.07%  43.3 3595s

Cutting planes:
  Gomory: 79
  Cover: 81
  Implied bound: 99
  MIR: 920
  Mixing: 18
  StrongCG: 16
  Flow cover: 740
  GUB cover: 7
  Inf proof: 31
  Zero half: 1
  RLT: 66
  Relax-and-lift: 26

Explored 943352 nodes (40820473 simplex iterations) in 3599.95 seconds (3008.38 work units)
Thread count was 1 (of 16 available processors)

Solution count 10: 258 258 259 ... 267

Time limit reached
Best objective 2.580000000000e+02, best bound 2.530000000000e+02, gap 1.9380%

User-callback calls 3073672, time in user-callback 3.09 sec

 sepatime0
Stat(MathOptInterface.TIME_LIMIT, 258.0, 253.0, 0.01937984496124031, 0.0, 0.048134, 3599.9533030986786, 943352, Main.CFLG.LEFPD, "", #undef)
