Data path: /scratch/opt/lxu/CFLG/benchmarks/Kgroup_B
Instance: K400.8.con.red
Result path: /scratch/opt/lxu/CFLG/results/Kgroup_B
Solver: Gurobi
Time limit: 3600
Formulation: EFP
Cover: Small
julia --project=. src/main.jl /scratch/opt/lxu/CFLG/benchmarks/Kgroup_B K400.8.con.red /scratch/opt/lxu/CFLG/results/Kgroup_B Gurobi 3600 EFP Small
The latest version of Julia in the `release` channel is 1.11.5+0.x64.linux.gnu. You currently have `1.11.4+0.x64.linux.gnu` installed. Run:

  juliaup update

in your terminal shell to install Julia 1.11.5+0.x64.linux.gnu and update the `release` channel to that version.
/scratch/opt/lxu/CFLG/benchmarks/Kgroup_B Gurobi 3600.0 /scratch/opt/lxu/CFLG/results/Kgroup_B K400.8.con.red EFP Small
/scratch/opt/lxu/CFLG/benchmarks/Kgroup_B/K400.8.con.red

 read graph
data loaded


after absorb:235 235

max_piece:16
problem_graph/original graph: node: 2742/235 edge: 3494/987 dlt: 0.06610395483188111 break_avg_len: 0.056585838423502344 break_max_len: 0.06609635551573023elapsed CPU time: 2.790031 seconds
Set parameter TokenServer to value "solice01.zib.de"
Set parameter Threads to value 1
Set parameter OutputFlag to value 1
Set parameter MIPGap to value 0.0001
Set parameter MIPGapAbs to value 1
Set parameter TimeLimit to value 3597.209969

 more cuts:false
formulation:EFP0 3494 2742

 model loaded

Gurobi Optimizer version 12.0.1 build v12.0.1rc0 (linux64 - "Debian GNU/Linux 12 (bookworm)")

CPU model: Intel(R) Xeon(R) Gold 5122 CPU @ 3.60GHz, instruction set [SSE2|AVX|AVX2|AVX512]
Thread count: 8 physical cores, 16 logical processors, using up to 1 threads

Non-default parameters:
TimeLimit  3597.209969
MIPGapAbs  1
Threads  1

Optimize a model with 94250 rows, 58962 columns and 265546 nonzeros
Model fingerprint: 0x2b6fa3f5
Variable types: 13224 continuous, 45738 integer (45738 binary)
Coefficient statistics:
  Matrix range     [1e-06, 1e+00]
  Objective range  [1e+00, 1e+00]
  Bounds range     [1e-03, 1e-01]
  RHS range        [1e-03, 2e+01]
Found heuristic solution: objective 3478.0000000
Presolve removed 17959 rows and 10669 columns
Presolve time: 1.19s
Presolved: 76291 rows, 48293 columns, 279312 nonzeros
Variable types: 6236 continuous, 42057 integer (42057 binary)

Root simplex log...

Iteration    Objective       Primal Inf.    Dual Inf.      Time
   52537    1.9396416e+02   1.257457e+01   0.000000e+00      5s
   53068    1.9397400e+02   0.000000e+00   0.000000e+00      5s

Root relaxation: objective 1.939740e+02, 53068 iterations, 3.92 seconds (2.77 work units)

    Nodes    |    Current Node    |     Objective Bounds      |     Work
 Expl Unexpl |  Obj  Depth IntInf | Incumbent    BestBd   Gap | It/Node Time

     0     0  193.97400    0 12524 3478.00000  193.97400  94.4%     -   10s
H    0     0                    3251.0000000  193.97400  94.0%     -   10s
H    0     0                    3249.0000000  193.97400  94.0%     -   10s
H    0     0                    3196.0000000  193.97400  93.9%     -   10s
H    0     0                    3162.0000000  193.97400  93.9%     -   10s
     0     0  285.01245    0 14564 3162.00000  285.01245  91.0%     -   19s
H    0     0                    3015.0000000  285.01780  90.5%     -   19s
H    0     0                    3005.0000000  285.01780  90.5%     -   19s
     0     0  346.69360    0 15033 3005.00000  346.69360  88.5%     -   24s
     0     0  403.25791    0 17621 3005.00000  403.25791  86.6%     -   33s
     0     0  417.77734    0 18255 3005.00000  417.77734  86.1%     -   38s
     0     0  418.15629    0 18413 3005.00000  418.15629  86.1%     -   38s
     0     0  418.15850    0 18413 3005.00000  418.15850  86.1%     -   39s
     0     0  555.51929    0 13698 3005.00000  555.51929  81.5%     -   49s
H    0     0                    2825.0000000  555.52035  80.3%     -   50s
H    0     0                    2824.0000000  555.52035  80.3%     -   50s
H    0     0                    2823.0000000  555.52035  80.3%     -   50s
H    0     0                    2776.0000000  555.52035  80.0%     -   50s
     0     0  569.35860    0 13895 2776.00000  569.35860  79.5%     -   50s
     0     0  571.62423    0 14192 2776.00000  571.62423  79.4%     -   51s
     0     0  571.92775    0 14381 2776.00000  571.92775  79.4%     -   51s
     0     0  571.99970    0 14387 2776.00000  571.99970  79.4%     -   52s
     0     0  869.52838    0 6627 2776.00000  869.52838  68.7%     -   56s
     0     0  873.59587    0 6814 2776.00000  873.59587  68.5%     -   57s
     0     0  873.83442    0 6672 2776.00000  873.83442  68.5%     -   57s
     0     0  873.90055    0 6572 2776.00000  873.90055  68.5%     -   58s
     0     0  892.15473    0 6114 2776.00000  892.15473  67.9%     -   59s
H    0     0                    2499.0000000  892.15473  64.3%     -   60s
H    0     0                    2498.0000000  892.15473  64.3%     -   60s
H    0     0                    2493.0000000  892.15473  64.2%     -   60s
H    0     0                    2491.0000000  892.15473  64.2%     -   60s
H    0     0                    2456.0000000  892.15473  63.7%     -   60s
     0     0  892.79003    0 6000 2456.00000  892.79003  63.6%     -   60s
     0     0  892.90568    0 5932 2456.00000  892.90568  63.6%     -   60s
     0     0  893.89790    0 5863 2456.00000  893.89790  63.6%     -   62s
     0     0  893.95014    0 5853 2456.00000  893.95014  63.6%     -   62s
     0     0  895.03317    0 5698 2456.00000  895.03317  63.6%     -   63s
     0     0  895.03317    0 3692 2456.00000  895.03317  63.6%     -   66s
H    0     0                    1821.0000000  895.03317  50.8%     -   67s
H    0     0                    1805.0000000  895.03317  50.4%     -   67s
H    0     0                    1800.0000000  895.03317  50.3%     -   67s
H    0     0                    1793.0000000  895.03317  50.1%     -   68s
H    0     0                    1270.0000000  895.03317  29.5%     -   70s
H    0     0                    1225.0000000  895.03317  26.9%     -   71s
H    0     0                    1213.0000000  895.03317  26.2%     -   73s
H    0     0                    1211.0000000  895.03317  26.1%     -   73s
     0     2  895.53317    0 3467 1211.00000  895.53317  26.1%     -   73s
     8    10  895.53317    5 3490 1211.00000  895.53317  26.1%  1668   75s
H    9     9                    1206.0000000  895.53317  25.7%  1483   75s
H   26    26                    1202.0000000  895.53317  25.5%   605   77s
H   52    52                    1199.0000000  895.53317  25.3%   370   81s
H   52    52                    1189.0000000  895.53317  24.7%   370   81s
H   52    52                    1185.0000000  895.53317  24.4%   370   81s
H   52    52                    1179.0000000  895.53317  24.0%   370   83s
H   78    78                    1178.0000000  895.53317  24.0%   274   86s
H  104   104                    1177.0000000  895.53317  23.9%   240   88s
   120   122  895.80817   76 3345 1177.00000  895.53317  23.9%   225   90s
H  130   130                    1176.0000000  895.53317  23.8%   211   93s
H  130   130                    1175.0000000  895.53317  23.8%   211   93s
H  130   130                    1168.0000000  895.53317  23.3%   211   94s
H  130   130                    1164.0000000  895.53317  23.1%   211   96s
   180   182  896.59507  114 3350 1164.00000  895.53317  23.1%   186  100s
H  189   189                    1163.0000000  895.53317  23.0%   180  101s
H  216   216                    1162.0000000  895.53317  22.9%   170  102s
   254   256  897.12955  160 3347 1162.00000  895.53317  22.9%   153  105s
   329   331  898.29831  208 3227 1162.00000  895.53317  22.9%   131  110s
H  405   405                    1161.0000000  895.53317  22.9%   115  115s
H  432   428                    1160.0000000  895.53317  22.8%   110  117s
   474   472  904.06750  295 3090 1160.00000  895.53317  22.8%   104  120s
H  513   509                    1159.0000000  895.53317  22.7%  98.4  123s
   540   538  905.60033  333 3020 1159.00000  895.53317  22.7%  96.9  125s
H  567   563                    1157.0000000  895.53317  22.6%  94.7  127s
H  594   590                    1156.0000000  895.53317  22.5%  92.0  130s
H  621   617                    1154.0000000  895.53317  22.4%  89.2  133s
H  648   644                    1153.0000000  895.53317  22.3%  87.2  136s
   697   694  917.42707  436 2772 1153.00000  895.53317  22.3%  84.9  140s
H  729   723                    1152.0000000  895.53317  22.3%  82.5  143s
   755   751  920.87494  475 2666 1152.00000  895.53317  22.3%  81.0  145s
H  785   777                    1151.0000000  895.53317  22.2%  78.8  147s
   819   810  927.56136  520 2473 1151.00000  895.53317  22.2%  76.6  150s
H  873   853                    1150.0000000  895.53317  22.1%  73.4  155s
   915   889  936.26575  586 2309 1150.00000  895.53317  22.1%  71.5  160s
H  918   888                    1149.0000000  895.53317  22.1%  71.3  160s
H  977   938                    1147.0000000  895.53317  21.9%  68.2  167s
   978   939  897.92411  195 3692 1147.00000  895.53317  21.9%  68.1  172s
   980   940  933.53083  556 18704 1147.00000  895.53317  21.9%  68.0  194s
   981   941  896.64678  146 6657 1147.00000  895.53317  21.9%  67.9  217s
   987   945  917.16215  333 4667 1147.00000  917.16215  20.0%  67.5  226s
   991   948  922.34228  202 4411 1147.00000  922.34228  19.6%  67.2  231s
   996   951  925.19925    4 4395 1147.00000  925.19925  19.3%  66.9  236s
   999   953  930.88534  539 4183 1147.00000  926.92288  19.2%  66.7  241s
H 1002   906                    1146.0000000  928.17310  19.0%  66.5  246s
  1007   909  929.33451  263 4347 1146.00000  929.33451  18.9%  66.2  251s
H 1010   865                    1145.0000000  930.61921  18.7%  66.0  256s
  1016   869  934.03732  517 4108 1145.00000  934.03732  18.4%  65.6  261s
H 1019   827                    1144.0000000  936.56923  18.1%  65.4  266s
  1026   832  937.89178  401 4092 1144.00000  937.89178  18.0%  64.9  271s
  1031   835  939.91958   92 4192 1144.00000  939.91958  17.8%  64.6  276s
  1034   837  941.62132  619 3975 1144.00000  940.76835  17.8%  64.4  281s
H 1036   796                    1142.0000000  941.44164  17.6%  64.3  286s
  1041   799  942.78551   94 4273 1142.00000  942.78551  17.4%  64.0  291s
H 1043   759                    1138.0000000  945.41172  16.9%  63.9  304s
  1044   760  945.41172  127 4225 1138.00000  945.41172  16.9%  63.8  306s
  1049   763  948.18994  383 4424 1138.00000  948.18994  16.7%  63.5  313s
  1052   765  948.58230  233 4784 1138.00000  948.58230  16.6%  63.3  315s
  1053   766  950.00523  300 4071 1138.00000  950.00523  16.5%  63.3  323s
  1056   768  950.21130  107 4493 1138.00000  950.21130  16.5%  63.1  325s
  1061   771  951.29423  174 4535 1138.00000  951.29423  16.4%  62.8  330s
H 1061   731                    1137.0000000  952.05190  16.3%  62.8  340s
H 1061   693                    1136.0000000  952.05190  16.2%  62.8  341s
H 1061   657                    1134.9999984  952.05190  16.1%  62.8  341s
  1064   659  952.12767  112 4687 1135.00000  952.12767  16.1%  62.6  345s
  1065   660  952.92789    5 4254 1135.00000  952.92789  16.0%  62.6  350s
  1069   663  953.90878   74 4211 1135.00000  953.90878  16.0%  62.3  355s
  1074   666  954.22960  453 4636 1135.00000  954.22960  15.9%  62.0  360s
  1079   669  954.31206    8 4546 1135.00000  954.31206  15.9%  61.8  365s
  1082   671  954.57923   57 4523 1135.00000  954.57923  15.9%  61.6  370s
  1088   675  955.15952  491 4784 1135.00000  955.15952  15.8%  61.2  375s
  1092   678  955.59896  622 4093 1135.00000  955.59896  15.8%  61.0  382s
H 1093   643                    1133.0000000  955.61033  15.7%  61.0  388s
  1097   645  955.61033  350 4148 1133.00000  955.61033  15.7%  60.7  393s
  1099   647  955.65109  539 4213 1133.00000  955.65109  15.7%  60.6  398s
  1102   649  955.76315  626 4376 1133.00000  955.76315  15.6%  60.5  405s
H 1104   615                    1130.0000000  955.88965  15.4%  60.4  411s
  1108   618  955.93930  160 4347 1130.00000  955.93930  15.4%  60.1  415s
  1110   619  956.29218  545 4310 1130.00000  956.29218  15.4%  60.0  420s
  1114   622  956.29218  621 4681 1130.00000  956.29218  15.4%  59.8  425s
  1117   624  956.29218  586 4337 1130.00000  956.29218  15.4%  59.7  432s
  1122   628  956.29218  328 18709 1130.00000  956.29218  15.4%  1681  455s
  1123   629  956.29218  319 5760 1130.00000  956.29218  15.4%  1680  489s
  1125   630  956.29218  291 5130 1130.00000  956.29218  15.4%  1677  490s
  1131   634  957.44816   92 4422 1130.00000  957.44816  15.3%  1668  497s
  1134   636  958.27877  619 4216 1130.00000  958.27877  15.2%  1663  503s
  1137   638  958.67358   36 4223 1130.00000  958.67358  15.2%  1659  508s
  1140   640  958.91730  232 4009 1130.00000  958.91730  15.1%  1654  512s
  1143   642  959.33704  176 4000 1130.00000  959.33704  15.1%  1650  517s
  1145   644  960.00191  521 4023 1130.00000  960.00191  15.0%  1647  522s
  1147   645  960.75381  588 4072 1130.00000  960.75381  15.0%  1644  527s
  1149   646  961.53874  383 4236 1130.00000  961.53874  14.9%  1642  533s
  1153   649  962.11787  300 4156 1130.00000  962.11787  14.9%  1636  539s
  1154   650  962.18631  393 4453 1130.00000  962.18631  14.9%  1634  540s
  1156   651  962.90814  107 4169 1130.00000  962.90814  14.8%  1632  545s
H 1158   618                    1127.9999991  963.51520  14.6%  1629  554s
  1159   619  963.51520  460 4341 1128.00000  963.51520  14.6%  1627  555s
  1162   621  963.73916  523 4311 1128.00000  963.73916  14.6%  1623  560s
  1167   624  964.58361  135 4232 1128.00000  964.58361  14.5%  1616  574s
  1170   626  964.65692  304 4624 1128.00000  964.65692  14.5%  1612  576s
  1171   627  965.49691  385 4294 1128.00000  965.49691  14.4%  1611  580s
  1173   628  967.06282  359 4219 1128.00000  967.06282  14.3%  1608  587s
  1176   630  967.78011  399 4283 1128.00000  967.78011  14.2%  1604  595s
  1181   634  968.14300  146 4366 1128.00000  968.14300  14.2%  1597  603s
  1183   635  968.15047   52 4746 1128.00000  968.15047  14.2%  1594  605s
  1184   636  968.33608  155 4288 1128.00000  968.33608  14.2%  1593  611s
  1188   638  968.64296  491 4337 1128.00000  968.64296  14.1%  1588  617s
  1192   641  968.68931  622 4877 1128.00000  968.68931  14.1%  1582  620s
  1195   643  969.28215  277 4792 1128.00000  969.28215  14.1%  1578  625s
  1198   645  969.42103  518 4367 1128.00000  969.42103  14.1%  1574  633s
  1199   646  969.42103  539 4879 1128.00000  969.42103  14.1%  1573  635s
  1201   647  969.50962  174 4834 1128.00000  969.50962  14.1%  1570  640s
  1205   650  969.86394  152 4695 1128.00000  969.86394  14.0%  1565  647s
  1209   652  969.86394   51 5278 1128.00000  969.86394  14.0%  1560  650s
  1210   653  970.14531  545 4524 1128.00000  970.14531  14.0%  1559  655s
  1215   656  970.52773  391 4392 1128.00000  970.52773  14.0%  1552  664s
  1216   657  970.52773  517 4997 1128.00000  970.52773  14.0%  1551  665s
  1217   658  971.35073  586 4424 1128.00000  971.35073  13.9%  1550  670s
  1220   660  971.53495  413 4430 1128.00000  971.53495  13.9%  1546  677s
  1222   661  971.60216  328 4448 1128.00000  971.60216  13.9%  1543  684s
  1223   662  971.60786  319 4926 1128.00000  971.60786  13.9%  1542  685s
H 1224   627                    1126.9999996  972.13844  13.7%  1541  701s
  1225   628  972.13844  291 4288 1127.00000  972.13844  13.7%  1540  705s
  1230   631  972.29981    5 4700 1127.00000  972.29981  13.7%  1533  714s
  1231   632  972.42730   92 5371 1127.00000  972.42730  13.7%  1532  715s
  1235   635  972.65072  578 4876 1127.00000  972.65072  13.7%  1527  724s
  1236   635  972.65072  304 5542 1127.00000  972.65072  13.7%  1526  725s
H 1238   604                    1126.0000000  972.72339  13.6%  1524  734s
H 1238   571                    1125.0000000  972.72339  13.5%  1524  734s
  1241   573  972.75889   94 5363 1125.00000  972.75889  13.5%  1520  735s
  1243   574  972.89453  176 4435 1125.00000  972.89453  13.5%  1517  742s
  1246   576  973.21628  380 4978 1125.00000  973.21628  13.5%  1514  750s
  1250   579  973.80933  119 4635 1125.00000  973.80933  13.4%  1509  757s
  1252   580  973.80933  233 5479 1125.00000  973.80933  13.4%  1506  760s
  1253   581  973.80933  300 4651 1125.00000  973.80933  13.4%  1505  766s
  1256   583  974.14188  107 4732 1125.00000  974.14188  13.4%  1502  773s
  1259   585  974.14188  460 5698 1125.00000  974.14188  13.4%  1498  775s
  1260   585  974.48969  210 4586 1125.00000  974.48969  13.4%  1497  781s
  1263   587  974.53229  361 5053 1125.00000  974.53229  13.4%  1493  787s
  1265   589  974.66646    5 5135 1125.00000  974.66646  13.4%  1491  796s
  1269   591  974.76941   74 4968 1125.00000  974.76941  13.4%  1486  803s
  1271   593  974.80177  385 4903 1125.00000  974.80177  13.4%  1484  809s
  1272   593  974.80177  493 5477 1125.00000  974.80177  13.4%  1483  810s
  1273   594  974.80177  359 4914 1125.00000  974.80177  13.4%  1482  816s
  1278   598  974.80177  195 18718 1125.00000  974.80177  13.4%  3536  840s
  1279   599  974.80177    8 6015 1125.00000  974.80177  13.4%  3533  874s
  1281   600  974.80177  146 5328 1125.00000  974.80177  13.4%  3528  875s
  1289   606  975.11372  266 4734 1125.00000  975.11372  13.3%  3506  884s
  1290   606  975.11372  216 4728 1125.00000  975.11372  13.3%  3503  885s
  1291   607  975.11372  202 4484 1125.00000  975.11372  13.3%  3500  890s
  1294   609  975.13694  129 4389 1125.00000  975.13694  13.3%  3492  895s
  1298   612  975.14654  518 4487 1125.00000  975.14654  13.3%  3481  900s
  1301   614  975.23366  174 4617 1125.00000  975.23366  13.3%  3473  905s
  1304   616  975.44681  381 4551 1125.00000  975.44681  13.3%  3465  910s
  1306   617  975.45485  145 4656 1125.00000  975.45485  13.3%  3460  915s
  1308   618  975.51634  160 4797 1125.00000  975.51634  13.3%  3455  920s
  1310   620  975.56880  545 4421 1125.00000  975.56880  13.3%  3449  925s
  1312   621  976.09857   45 4584 1125.00000  976.09857  13.2%  3444  931s
H 1314   590                    1124.0000000  976.13471  13.2%  3439  941s
  1317   592  976.51120  586 4596 1124.00000  976.51120  13.1%  3431  947s
  1322   596  976.89520  328 4387 1124.00000  976.89520  13.1%  3418  959s
  1323   596  976.89520  319 4792 1124.00000  976.89520  13.1%  3416  961s
  1324   597  977.01265  359 4370 1124.00000  977.01265  13.1%  3413  965s
  1328   600  978.03346  401 4486 1124.00000  978.03346  13.0%  3403  971s
  1331   602  978.10160   92 4286 1124.00000  978.10160  13.0%  3395  977s
  1334   604  978.21396  619 4422 1124.00000  978.21396  13.0%  3387  984s
  1336   605  978.21878  304 5108 1124.00000  978.21878  13.0%  3382  986s
  1337   606  978.25513   36 4482 1124.00000  978.25513  13.0%  3380  991s
H 1340   576                    1123.0000000  978.39367  12.9%  3372  999s
  1341   576  978.39367   94 4605 1123.00000  978.39367  12.9%  3370 1001s
  1346   580  978.58594  380 4434 1123.00000  978.58594  12.9%  3357 1008s
  1348   581  978.62851  505 5188 1123.00000  978.62851  12.9%  3352 1010s
  1349   582  978.99001  383 4503 1123.00000  978.99001  12.8%  3350 1015s
  1353   584  979.34780  300 4809 1123.00000  979.34780  12.8%  3340 1022s
  1355   586  979.58697   89 4432 1123.00000  979.58697  12.8%  3335 1028s
  1357   587  979.59281   22 4956 1123.00000  979.59281  12.8%  3330 1030s
  1359   588  979.66854  460 4884 1123.00000  979.66854  12.8%  3325 1036s
  1360   589  980.11438  210 4460 1123.00000  980.11438  12.7%  3323 1040s
  1363   591  980.52201  361 4501 1123.00000  980.52201  12.7%  3315 1048s
H 1364   561                    1122.0000000  980.52201  12.6%  3313 1058s
  1366   562  980.52201  189 5162 1122.00000  980.52201  12.6%  3308 1060s
  1367   563  980.52201  135 4607 1122.00000  980.52201  12.6%  3306 1065s
  1370   565  980.52201  304 4634 1122.00000  980.52201  12.6%  3298 1071s
  1372   566  980.58698  493 4864 1122.00000  980.58698  12.6%  3294 1079s
  1374   567  980.60108  453 5409 1122.00000  980.60108  12.6%  3289 1081s
  1375   568  980.60363  182 4553 1122.00000  980.60363  12.6%  3286 1086s
H 1376   539                    1121.0000000  980.62106  12.5%  3284 1093s
  1379   541  980.65148    8 5407 1121.00000  980.65148  12.5%  3277 1095s
  1380   541  980.86246  556 4568 1121.00000  980.86246  12.5%  3274 1104s
  1381   542  980.86246  146 5286 1121.00000  980.86246  12.5%  3272 1105s
  1382   543  980.86246   57 4796 1121.00000  980.86246  12.5%  3270 1112s
  1385   545  980.86246  428 5541 1121.00000  980.86246  12.5%  3263 1115s
  1387   546  980.86246  333 5195 1121.00000  980.86246  12.5%  3258 1120s
H 1390   519                    1120.0000000  980.98999  12.4%  3251 1128s
  1393   521  981.01436  330 5420 1120.00000  981.01436  12.4%  3244 1130s
  1395   522  981.48793  277 5315 1120.00000  981.48793  12.4%  3239 1135s
  1397   524  981.61860  350 4758 1120.00000  981.61860  12.4%  3235 1143s
  1398   524  981.61860  518 5564 1120.00000  981.61860  12.4%  3232 1145s
  1399   525  981.82930  539 4808 1120.00000  981.82930  12.3%  3230 1155s
  1402   527  981.98772  626 4840 1120.00000  981.98772  12.3%  3223 1163s
  1403   528  981.98862  163 5770 1120.00000  981.98862  12.3%  3221 1165s
  1404   528  982.07441  381 4700 1120.00000  982.07441  12.3%  3218 1171s
  1407   530  982.23938  263 4884 1120.00000  982.23938  12.3%  3212 1180s
  1411   533  982.39741  337 4849 1120.00000  982.39741  12.3%  3203 1188s
  1412   534  982.39741   45 5577 1120.00000  982.39741  12.3%  3200 1190s
  1413   534  982.40392  444 5024 1120.00000  982.40392  12.3%  3198 1195s
  1417   537  982.61412  586 4770 1120.00000  982.61412  12.3%  3189 1209s
  1418   538  982.61412   42 5429 1120.00000  982.61412  12.3%  3187 1210s
  1420   539  982.64521  413 4857 1120.00000  982.64521  12.3%  3182 1218s
  1422   540  982.64979  328 5997 1120.00000  982.64979  12.3%  3178 1221s
  1423   541  982.83555  319 4943 1120.00000  982.83555  12.2%  3176 1226s
  1428   544  983.02695  401 4830 1120.00000  983.02695  12.2%  3164 1236s
  1430   546  983.18307    5 5393 1120.00000  983.18307  12.2%  3160 1244s
  1432   547  983.20103  130 6077 1120.00000  983.20103  12.2%  3156 1246s
  1433   548  983.35912   20 5474 1120.00000  983.35912  12.2%  3153 1253s
  1435   549  983.36360  578 6256 1120.00000  983.36360  12.2%  3149 1256s
  1436   550  983.60100  304 4973 1120.00000  983.60100  12.2%  3147 1262s
  1438   551  983.68716  198 4982 1120.00000  983.68716  12.2%  3142 1270s
  1441   553  983.72794   94 5290 1120.00000  983.72794  12.2%  3136 1278s
H 1442   523                    1119.0000000  983.73631  12.1%  3134 1283s
  1445   525  983.73640  521 5021 1119.00000  983.73640  12.1%  3127 1290s
  1450   529  983.73640  119 18719 1119.00000  983.73640  12.1%  5264 1315s
  1451   530  983.73640  134 5425 1119.00000  983.73640  12.1%  5261 1359s
  1452   531  983.73640  233 5478 1119.00000  983.73640  12.1%  5257 1360s
  1461   537  984.31600  174 4937 1119.00000  984.31600  12.0%  5225 1370s
  1464   539  984.31600  112 4774 1119.00000  984.31600  12.0%  5214 1377s
  1467   541  984.87059  135 4609 1119.00000  984.87059  12.0%  5203 1383s
  1469   542  984.88442   74 4900 1119.00000  984.88442  12.0%  5196 1385s
  1472   544  984.97103  493 5022 1119.00000  984.97103  12.0%  5186 1390s
  1473   545  985.55751  359 4618 1119.00000  985.55751  11.9%  5182 1395s
  1476   547  985.72708  399 4627 1119.00000  985.72708  11.9%  5172 1400s
  1480   549  985.81797  556 4494 1119.00000  985.81797  11.9%  5158 1406s
  1482   551  985.81797   57 4717 1119.00000  985.81797  11.9%  5151 1413s
  1484   552  985.83130  155 4738 1119.00000  985.83130  11.9%  5144 1418s
  1485   553  985.83322  428 5083 1119.00000  985.83322  11.9%  5140 1420s
  1488   555  985.97460  491 5150 1119.00000  985.97460  11.9%  5130 1426s
  1489   555  986.16932  266 4604 1119.00000  986.16932  11.9%  5127 1438s
  1491   557  986.56617  202 4945 1119.00000  986.56617  11.8%  5120 1446s
H 1493   529                    1118.0000000  986.86157  11.7%  5113 1455s
  1498   532  986.86157  518 4821 1118.00000  986.86157  11.7%  5096 1462s
H 1500   506                    1117.0000000  986.95606  11.6%  5089 1474s
  1502   507  986.96856  626 5456 1117.00000  986.96856  11.6%  5082 1475s
  1504   508  987.07562  381 4811 1117.00000  987.07562  11.6%  5075 1481s
  1508   511  987.32114  160 4800 1117.00000  987.32114  11.6%  5062 1487s
  1510   512  987.40008  545 4787 1117.00000  987.40008  11.6%  5055 1493s
  1511   513  987.40008  337 5199 1117.00000  987.40008  11.6%  5052 1495s
  1512   514  987.40008   45 4819 1117.00000  987.40008  11.6%  5049 1503s
  1513   514  987.40048  444 5245 1117.00000  987.40048  11.6%  5045 1505s
  1514   515  987.93054  621 4838 1117.00000  987.93054  11.6%  5042 1510s
  1517   517  987.93054  586 4739 1117.00000  987.93054  11.6%  5032 1517s
  1519   518  987.93054    4 5052 1117.00000  987.93054  11.6%  5025 1525s
  1521   520  988.17193   74 5089 1117.00000  988.17193  11.5%  5019 1531s
  1523   521  988.17193  319 5216 1117.00000  988.17193  11.5%  5012 1538s
  1525   522  988.17193  291 5684 1117.00000  988.17193  11.5%  5006 1540s
  1526   523  988.17193  401 4884 1117.00000  988.17193  11.5%  5002 1548s
  1528   524  988.17193  401 5102 1117.00000  988.17193  11.5%  4996 1556s
  1530   526  988.36495    5 4937 1117.00000  988.36495  11.5%  4989 1564s
  1532   527  988.38760  130 5541 1117.00000  988.38760  11.5%  4983 1565s
  1534   528  988.39144  619 4883 1117.00000  988.39144  11.5%  4976 1571s
  1536   530  988.39753  304 5117 1117.00000  988.39753  11.5%  4970 1583s
  1539   532  988.40610  455 5876 1117.00000  988.40610  11.5%  4960 1586s
H 1539   504                    1116.0000000  988.47652  11.4%  4960 1591s
  1543   506  988.57176  176 5171 1116.00000  988.57176  11.4%  4947 1599s
  1544   507  988.57176  127 5721 1116.00000  988.57176  11.4%  4944 1601s
  1545   508  988.61923  521 4908 1116.00000  988.61923  11.4%  4941 1607s
  1547   509  988.62910  588 5148 1116.00000  988.62910  11.4%  4934 1614s
  1548   510  988.62910  505 5586 1116.00000  988.62910  11.4%  4931 1615s
H 1548   483                    1115.0000000  988.65547  11.3%  4931 1623s
  1551   485  988.66105  134 5828 1115.00000  988.66105  11.3%  4922 1625s
H 1551   459                    1114.0000000  989.19436  11.2%  4922 1646s
  1554   461  989.19436  393 4826 1114.00000  989.19436  11.2%  4912 1655s
  1556   462  989.19436  107 4946 1114.00000  989.19436  11.2%  4906 1662s
  1558   463  989.19436  224 5256 1114.00000  989.19436  11.2%  4899 1670s
  1560   465  989.19436  210 4821 1114.00000  989.19436  11.2%  4893 1677s
  1562   466  989.19436  523 4960 1114.00000  989.19436  11.2%  4887 1684s
  1565   469  989.19436    5 3692 1114.00000  989.19436  11.2%  6375 1686s
  1567   470  989.19436  135 18690 1114.00000  989.19436  11.2%  6367 1709s
  1568   471  989.19436  198 5210 1114.00000  989.19436  11.2%  6363 1741s
  1577   477  989.19436  203 5696 1114.00000  989.19436  11.2%  6327 1745s
  1579   478  989.19436    8 4783 1114.00000  989.19436  11.2%  6319 1751s
  1580   479  989.29664  556 4519 1114.00000  989.29664  11.2%  6315 1755s
  1582   480  989.39372   57 4699 1114.00000  989.39372  11.2%  6307 1760s
  1584   482  989.39442  155 4945 1114.00000  989.39442  11.2%  6299 1768s
  1586   483  989.41531  275 4673 1114.00000  989.41531  11.2%  6291 1774s
  1587   484  989.41532  333 4873 1114.00000  989.41532  11.2%  6287 1775s
  1588   484  989.44011  491 4630 1114.00000  989.44011  11.2%  6283 1780s
  1590   486  989.50326  216 4667 1114.00000  989.50326  11.2%  6275 1785s
  1593   488  989.52803  330 4665 1114.00000  989.52803  11.2%  6263 1793s
  1594   488  989.52803  129 4948 1114.00000  989.52803  11.2%  6259 1795s
  1596   490  989.56886    4 5034 1114.00000  989.56886  11.2%  6251 1801s
  1597   490  989.63136  350 4635 1114.00000  989.63136  11.2%  6248 1806s
  1599   492  989.63136  539 4616 1114.00000  989.63136  11.2%  6240 1819s
  1600   492  989.63136  609 5050 1114.00000  989.63136  11.2%  6236 1820s
  1601   493  989.63720  174 4930 1114.00000  989.63720  11.2%  6232 1825s
  1603   494  989.85983  163 5010 1114.00000  989.85983  11.1%  6224 1835s
  1605   496  989.91265  152 4716 1114.00000  989.91265  11.1%  6216 1843s
  1607   497  989.91265  263 4724 1114.00000  989.91265  11.1%  6209 1850s
  1610   499  989.93832  545 4583 1114.00000  989.93832  11.1%  6197 1857s
  1613   501  990.44983  444 4953 1114.00000  990.44983  11.1%  6186 1874s
  1614   502  990.44983  621 5494 1114.00000  990.44983  11.1%  6182 1876s
  1615   502  990.46528  391 4648 1114.00000  990.46528  11.1%  6178 1881s
  1617   504  990.72388  586 4714 1114.00000  990.72388  11.1%  6170 1888s
  1618   504  990.72388   42 5358 1114.00000  990.72388  11.1%  6166 1890s
  1619   505  990.72388    4 4804 1114.00000  990.72388  11.1%  6163 1895s
  1621   506  990.72388   74 4680 1114.00000  990.72388  11.1%  6155 1901s
  1623   508  990.72388  319 4897 1114.00000  990.72388  11.1%  6147 1908s
  1624   508  990.72388  359 4727 1114.00000  990.72388  11.1%  6144 1911s
  1625   509  990.72388  291 4727 1114.00000  990.72388  11.1%  6140 1918s
  1626   512  990.98906   67 4574 1114.00000  990.98906  11.0%  6951 1921s
  1647   526  993.17503   77 4618 1114.00000  990.98906  11.0%  6864 1925s
  1652   529  993.34752   80 4561 1114.00000  990.98906  11.0%  6843 1930s
  1695   558  995.35079  101 4393 1114.00000  990.98906  11.0%  6673 1935s
  1727   579  996.22284  117 4351 1114.00000  990.98906  11.0%  6551 1940s
  1763   603  997.89056  135 4338 1114.00000  990.98906  11.0%  6419 1945s
  1793   623  998.84335  150 4279 1114.00000  990.98906  11.0%  6314 1950s
  1833   650 1001.21958  170 4357 1114.00000  990.98906  11.0%  6179 1955s
  1848   660 1001.50735  178 4294 1114.00000  990.98906  11.0%  6129 1960s
  1868   673 1001.92807  188 4314 1114.00000  990.98906  11.0%  6065 1965s
  1898   693 1003.38584  203 4286 1114.00000  990.98906  11.0%  5971 1970s
  1939   720 1005.54793  223 4301 1114.00000  990.98906  11.0%  5847 1975s
  1968   740 1005.58597  238 4290 1114.00000  990.98906  11.0%  5763 1980s
  1997   759 1006.96781  252 4197 1114.00000  990.98906  11.0%  5681 1985s
  2014   770 1007.79553  261 4117 1114.00000  990.98906  11.0%  5634 1990s
  2041   788 1009.37211  274 4037 1114.00000  990.98906  11.0%  5562 1995s
  2067   806 1010.95696  287 3960 1114.00000  990.98906  11.0%  5493 2010s
  2101   826 1012.88434  304 3920 1114.00000  990.98906  11.0%  5406 2015s
  2134   848 1012.42105  321 3956 1114.00000  990.98906  11.0%  5325 2020s
  2165   869 1013.58331  336 3802 1114.00000  990.98906  11.0%  5250 2025s
  2198   891 1014.45866  353 3716 1114.00000  990.98906  11.0%  5173 2030s
  2238   917 1017.92647  373 3599 1114.00000  990.98906  11.0%  5082 2035s
  2275   939 1020.18054  391 3503 1114.00000  990.98906  11.0%  5001 2040s
  2309   962 1021.10983  408 3452 1114.00000  990.98906  11.0%  4931 2045s
  2341   980 1023.72743  424 3359 1114.00000  990.98906  11.0%  4865 2050s
  2381  1007 1025.08303  445 3324 1114.00000  990.98906  11.0%  4785 2055s
  2416  1030 1026.11538  462 3351 1114.00000  990.98906  11.0%  4718 2060s
  2458  1057 1027.11538  484 3281 1114.00000  990.98906  11.0%  4639 2065s
  2490  1079 1027.63736  500 3320 1114.00000  990.98906  11.0%  4582 2070s
  2527  1103 1030.88472  518 3229 1114.00000  990.98906  11.0%  4516 2075s
  2569  1130 1031.83826  540 3152 1114.00000  990.98906  11.0%  4443 2080s
  2597  1147 1033.20134  554 3145 1114.00000  990.98906  11.0%  4396 2085s
  2624  1165 1034.87443  567 3162 1114.00000  990.98906  11.0%  4352 2090s
  2652  1184 1035.81782  581 3100 1114.00000  990.98906  11.0%  4307 2095s
  2705  1216 1036.97881  608 3082 1114.00000  990.98906  11.0%  4223 2101s
  2732  1234 1037.35821  621 3104 1114.00000  990.98906  11.0%  4182 2105s
  2771  1260 1038.97881  641 3009 1114.00000  990.98906  11.0%  4124 2110s
  2802  1281 1040.97881  656 2941 1114.00000  990.98906  11.0%  4079 2115s
  2839  1301 1041.92653  674 2891 1114.00000  990.98906  11.0%  4026 2120s
  2867  1320 1042.79382  688 2884 1114.00000  990.98906  11.0%  3988 2125s
  2902  1342 1043.81280  706 2845 1114.00000  990.98906  11.0%  3940 2130s
  2937  1366 1044.42653  723 2809 1114.00000  990.98906  11.0%  3894 2135s
  2958  1380 1045.33545  734 2759 1114.00000  990.98906  11.0%  3866 2141s
  2975  1391 1045.83545  742 2755 1114.00000  990.98906  11.0%  3845 2145s
  3006  1412 1045.99653  758 2739 1114.00000  990.98906  11.0%  3805 2150s
  3036  1432 1047.33545  773 2682 1114.00000  990.98906  11.0%  3768 2155s
  3074  1457 1047.83545  792 2667 1114.00000  990.98906  11.0%  3723 2160s
H 3097  1450                    1113.0000000  990.98906  11.0%  3695 2169s
  3105  1460 1049.23148  807 2643 1113.00000  990.98906  11.0%  3686 2170s
  3137  1492 1050.39087  823 2606 1113.00000  990.98906  11.0%  3649 2175s
  3179  1534 1050.80955  844 2644 1113.00000  990.98906  11.0%  3602 2180s
  3218  1573 1051.95099  864 2649 1113.00000  990.98906  11.0%  3559 2187s
  3245  1600 1053.60950  877 2608 1113.00000  990.98906  11.0%  3530 2190s
  3294  1649 1053.60950  902 2525 1113.00000  990.98906  11.0%  3478 2195s
  3326  1680 1055.33490  918 2542 1113.00000  990.98906  11.0%  3445 2200s
  3370  1721 1056.17037  940 2539 1113.00000  990.98906  11.0%  3401 2205s
  3407  1758 1057.98404  959 2483 1113.00000  990.98906  11.0%  3365 2210s
  3434  1785 1058.85574  972 2466 1113.00000  990.98906  11.0%  3339 2215s
  3480  1831 1061.19632  995 2402 1113.00000  990.98906  11.0%  3296 2220s
  3515  1866 1060.97677 1013 2417 1113.00000  990.98906  11.0%  3263 2225s
  3561  1912 1061.30760 1036 2406 1113.00000  990.98906  11.0%  3222 2230s
  3581  1932 1062.40268 1046 2365 1113.00000  990.98906  11.0%  3204 2235s
  3615  1966 1062.62517 1063 2306 1113.00000  990.98906  11.0%  3175 2240s
  3653  2004 1063.02962 1082 2338 1113.00000  990.98906  11.0%  3142 2249s
  3658  2009 1064.11368 1084 2328 1113.00000  990.98906  11.0%  3138 2250s
  3714  2064 1064.62517 1112 2318 1113.00000  990.98906  11.0%  3091 2255s
  3752  2102 1065.58567 1131 2280 1113.00000  990.98906  11.0%  3061 2260s
  3814  2164 1065.83714 1162 2261 1113.00000  990.98906  11.0%  3012 2265s
  3880  2230 1066.95386 1195 2285 1113.00000  990.98906  11.0%  2961 2270s
  3930  2280 1070.90495 1220 2202 1113.00000  990.98906  11.0%  2924 2275s
  3941  2291 1070.90495 1226 2221 1113.00000  990.98906  11.0%  2916 2282s
  3972  2322 1071.59150 1241 2192 1113.00000  990.98906  11.0%  2894 2285s
  4016  2364 1073.59638 1263 2162 1113.00000  990.98906  11.0%  2863 2290s
H 4064  2410                    1112.0000000  990.98906  10.9%  2829 2295s
  4122  2470 1075.89086 1316 2162 1112.00000  990.98906  10.9%  2790 2300s
  4188  2536 1076.75827 1349 2174 1112.00000  990.98906  10.9%  2747 2305s
  4224  2572 1076.81462 1367 2134 1112.00000  990.98906  10.9%  2724 2310s
  4291  2639 1077.67537 1400 1979 1112.00000  990.98906  10.9%  2682 2315s
  4359  2707 1080.04071 1434 1951 1112.00000  990.98906  10.9%  2640 2320s
  4391  2739 1081.84089 1450 1945 1112.00000  990.98906  10.9%  2621 2325s
  4461  2809 1083.94211 1485 1923 1112.00000  990.98906  10.9%  2581 2330s
  4525  2871 1086.53463 1517 1829 1112.00000  990.98906  10.9%  2545 2335s
  4556  2902 1086.75312 1533 1839 1112.00000  990.98906  10.9%  2527 2343s
  4578  2924 1086.87629 1544 1823 1112.00000  990.98906  10.9%  2515 2345s
  4625  2971 1088.71241 1567 1772 1112.00000  990.98906  10.9%  2490 2350s
  4675  3018 1090.77994 1593 1735 1112.00000  990.98906  10.9%  2464 2355s
  4733  3076 1092.13780 1622 1741 1112.00000  990.98906  10.9%  2434 2360s
  4789  3132 1093.82325 1650 1716 1112.00000  990.98906  10.9%  2406 2365s
  4847  3190 1094.17869 1679 1703 1112.00000  990.98906  10.9%  2378 2370s
  4911  3252 1098.36866 1711 1659 1112.00000  990.98906  10.9%  2347 2377s
  4924  3265 1098.36866 1717 1667 1112.00000  990.98906  10.9%  2341 2387s
  4961  3302 1099.73134 1736 1631 1112.00000  990.98906  10.9%  2324 2390s
  5015  3354 1101.73134 1764 1573 1112.00000  990.98906  10.9%  2299 2395s
  5049  3388 1102.70323 1781 1562 1112.00000  990.98906  10.9%  2284 2400s
  5101  3440 1103.04207 1807 1532 1112.00000  990.98906  10.9%  2261 2407s
  5138  3477 1104.04207 1825 1510 1112.00000  990.98906  10.9%  2245 2410s
  5205  3542 1106.34419 1859 1474 1112.00000  990.98906  10.9%  2216 2415s
  5254  3591 1107.93702 1883 1448 1112.00000  990.98906  10.9%  2196 2420s
  5298  3611 1110.77103 1902 1415 1112.00000  990.98906  10.9%  2178 2432s
  5311  3611  992.18361   70 4568 1112.00000  991.48906  10.8%  2173 2435s
  5336  3636  993.19333   82 4522 1112.00000  991.48906  10.8%  2163 2440s
  5380  3680  996.86599  104 4477 1112.00000  991.48906  10.8%  2146 2445s
  5428  3728 1001.29141  128 4641 1112.00000  991.48906  10.8%  2129 2450s
  5474  3774 1002.69843  151 4434 1112.00000  991.48906  10.8%  2112 2455s
  5504  3804 1003.50709  166 4423 1112.00000  991.48906  10.8%  2101 2460s
  5554  3854 1005.55810  191 4366 1112.00000  991.48906  10.8%  2083 2465s
  5592  3892 1006.27220  210 4373 1112.00000  991.48906  10.8%  2070 2470s
  5637  3937 1007.52431  233 4398 1112.00000  991.48906  10.8%  2054 2475s
  5675  3975 1008.54300  252 4350 1112.00000  991.48906  10.8%  2041 2480s
  5718  4016 1010.36333  273 4378 1112.00000  991.48906  10.8%  2026 2485s
  5746  4044 1011.45411  287 4328 1112.00000  991.48906  10.8%  2017 2490s
  5789  4087 1013.71727  309 4241 1112.00000  991.48906  10.8%  2003 2495s
  5826  4124 1015.38136  327 4232 1112.00000  991.48906  10.8%  1991 2500s
  5864  4162 1016.06730  346 4084 1112.00000  991.48906  10.8%  1979 2505s
  5905  4203 1017.89990  367 4132 1112.00000  991.48906  10.8%  1966 2510s
  5907  4205 1017.89990  368 4124 1112.00000  991.48906  10.8%  1965 2519s
  5908  4206 1017.89990  368 4147 1112.00000  991.48906  10.8%  1965 2520s
  5939  4237 1019.11698  384 4191 1112.00000  991.48906  10.8%  1955 2525s
  5985  4282 1020.77649  407 4144 1112.00000  991.48906  10.8%  1941 2530s
  6016  4313 1021.38792  423 4195 1112.00000  991.48906  10.8%  1932 2535s
  6041  4338 1022.62712  435 4167 1112.00000  991.48906  10.8%  1925 2540s
  6083  4378 1025.39108  456 4103 1112.00000  991.48906  10.8%  1912 2545s
  6134  4429 1027.09632  482 3963 1112.00000  991.48906  10.8%  1897 2550s
  6145  4440 1028.17806  487 3920 1112.00000  991.48906  10.8%  1894 2574s
  6152  4447 1029.33346  491 3930 1112.00000  991.48906  10.8%  1892 2575s
  6188  4483 1030.38553  509 3906 1112.00000  991.48906  10.8%  1882 2580s
  6225  4520 1031.93418  527 3830 1112.00000  991.48906  10.8%  1871 2586s
  6262  4557 1033.42252  546 3694 1112.00000  991.48906  10.8%  1861 2590s
  6300  4595 1033.96255  565 3683 1112.00000  991.48906  10.8%  1850 2595s
  6341  4636 1034.11943  585 3666 1112.00000  991.48906  10.8%  1839 2600s
  6399  4694 1036.80776  614 3611 1112.00000  991.48906  10.8%  1823 2605s
H 6442  4725                    1111.0000000  991.48906  10.8%  1811 2611s
  6484  4767 1040.47519  656 3412 1111.00000  991.48906  10.8%  1800 2615s
  6526  4809 1040.62242  677 3515 1111.00000  991.48906  10.8%  1789 2621s
  6560  4841 1044.10110  694 3364 1111.00000  991.48906  10.8%  1780 2625s
  6610  4891 1048.06111  719 3179 1111.00000  991.48906  10.8%  1767 2630s
  6662  4943 1049.98334  745 3079 1111.00000  991.48906  10.8%  1754 2635s
  6719  4997 1052.41779  774 3104 1111.00000  991.48906  10.8%  1739 2641s
  6764  5042 1051.87143  797 3037 1111.00000  991.48906  10.8%  1728 2645s
  6804  5082 1051.96325  817 3010 1111.00000  991.48906  10.8%  1718 2650s
  6853  5131 1053.50714  841 2964 1111.00000  991.48906  10.8%  1707 2655s
  6890  5168 1053.96245  860 2874 1111.00000  991.48906  10.8%  1698 2668s
  6891  5169 1054.74079  860 2865 1111.00000  991.48906  10.8%  1697 2670s
  6932  5210 1054.43951  881 2886 1111.00000  991.48906  10.8%  1688 2675s
  6992  5264 1057.89845  910 2846 1111.00000  991.48906  10.8%  1674 2680s
  7040  5312 1057.88638  934 2788 1111.00000  991.48906  10.8%  1663 2685s
  7087  5357 1058.33568  958 2762 1111.00000  991.48906  10.8%  1652 2690s
  7132  5402 1060.95513  980 2719 1111.00000  991.48906  10.8%  1642 2695s
  7196  5462 1064.71363 1012 2610 1111.00000  991.48906  10.8%  1628 2701s
  7236  5502 1064.12147 1032 2625 1111.00000  991.48906  10.8%  1619 2705s
  7299  5565 1064.04587 1064 2524 1111.00000  991.48906  10.8%  1605 2710s
  7341  5607 1065.01907 1085 2545 1111.00000  991.48906  10.8%  1597 2715s
  7401  5667 1065.98956 1115 2486 1111.00000  991.48906  10.8%  1584 2720s
  7451  5717 1066.94806 1140 2413 1111.00000  991.48906  10.8%  1574 2725s
  7499  5763 1069.49951 1164 2401 1111.00000  991.48906  10.8%  1564 2730s
  7549  5813 1069.78429 1189 2426 1111.00000  991.48906  10.8%  1554 2735s
  7609  5870 1070.80732 1220 2385 1111.00000  991.48906  10.8%  1542 2740s
  7652  5913 1071.51447 1241 2292 1111.00000  991.48906  10.8%  1534 2745s
  7714  5975 1072.77913 1272 2212 1111.00000  991.48906  10.8%  1522 2750s
  7769  6030 1073.55092 1300 2204 1111.00000  991.48906  10.8%  1511 2755s
  7822  6083 1075.70203 1326 2155 1111.00000  991.48906  10.8%  1501 2760s
  7877  6136 1078.98156 1354 2125 1111.00000  991.48906  10.8%  1491 2765s
  7932  6191 1079.17760 1381 2104 1111.00000  991.48906  10.8%  1481 2770s
  7984  6243 1080.67719 1407 2053 1111.00000  991.48906  10.8%  1472 2775s
  8033  6289 1082.10040 1432 2036 1111.00000  991.48906  10.8%  1463 2780s
  8082  6338 1082.40319 1457 2045 1111.00000  991.48906  10.8%  1454 2785s
  8144  6400 1084.54668 1488 1995 1111.00000  991.48906  10.8%  1444 2790s
  8194  6450 1085.61717 1513 1959 1111.00000  991.48906  10.8%  1435 2796s
  8242  6498 1086.68424 1537 1925 1111.00000  991.48906  10.8%  1427 2800s
  8292  6548 1087.41329 1562 1940 1111.00000  991.48906  10.8%  1419 2805s
  8355  6611 1089.53498 1593 1872 1111.00000  991.48906  10.8%  1408 2810s
  8408  6664 1091.43336 1620 1813 1111.00000  991.48906  10.8%  1400 2815s
  8437  6693 1091.58372 1634 1788 1111.00000  991.48906  10.8%  1395 2820s
  8502  6755 1092.78886 1667 1733 1111.00000  991.48906  10.8%  1384 2825s
  8565  6817 1095.01307 1699 1740 1111.00000  991.48906  10.8%  1375 2830s
  8628  6880 1095.04821 1730 1667 1111.00000  991.48906  10.8%  1365 2835s
  8669  6921 1095.27914 1751 1682 1111.00000  991.48906  10.8%  1358 2840s
  8692  6944 1096.35039 1762 1664 1111.00000  991.48906  10.8%  1355 2850s
  8735  6981 1097.40039 1784 1613 1111.00000  991.48906  10.8%  1348 2855s
  8768  7014 1098.40039 1800 1603 1111.00000  991.48906  10.8%  1343 2860s
  8834  7080 1101.12247 1833 1588 1111.00000  991.48906  10.8%  1333 2865s
  8856  7102 1103.46627 1844 1590 1111.00000  991.48906  10.8%  1330 2880s
  8884  7130 1102.42935 1858 1563 1111.00000  991.48906  10.8%  1326 2885s
  8948  7194 1105.52759 1890 1510 1111.00000  991.48906  10.8%  1317 2890s
  9017  7261 1107.19796 1925 1483 1111.00000  991.48906  10.8%  1307 2895s
  9072  7316 1106.81860 1953 1458 1111.00000  991.48906  10.8%  1299 2900s
  9108  7352 1108.85824 1971 1448 1111.00000  991.48906  10.8%  1294 2905s
  9164  7386  993.62597   85 4401 1111.00000  991.48906  10.8%  1286 2910s
  9217  7439  998.69940  112 4361 1111.00000  991.48906  10.8%  1280 2915s
  9244  7466 1001.06347  125 4324 1111.00000  991.48906  10.8%  1276 2920s
  9292  7514 1003.58167  149 4090 1111.00000  991.48906  10.8%  1270 2925s
  9339  7561 1005.80795  173 4159 1111.00000  991.48906  10.8%  1264 2930s
  9373  7595 1008.19389  190 4084 1111.00000  991.48906  10.8%  1260 2935s
  9422  7644 1009.86840  214 3918 1111.00000  991.48906  10.8%  1254 2940s
  9475  7697 1012.19404  241 3978 1111.00000  991.48906  10.8%  1248 2945s
  9509  7731 1013.70332  258 3994 1111.00000  991.48906  10.8%  1244 2950s
  9556  7778 1016.29027  281 3999 1111.00000  991.48906  10.8%  1238 2955s
  9596  7818 1017.13108  301 3906 1111.00000  991.48906  10.8%  1233 2960s
  9642  7864 1018.59873  324 3778 1111.00000  991.48906  10.8%  1228 2965s
  9684  7906 1019.50272  345 3813 1111.00000  991.48906  10.8%  1223 2970s
  9713  7935 1019.91579  360 3755 1111.00000  991.48906  10.8%  1220 2987s
  9728  7950 1022.00211  367 3720 1111.00000  991.48906  10.8%  1218 2990s
  9755  7977 1022.80567  381 3725 1111.00000  991.48906  10.8%  1215 2995s
  9806  8028 1025.49012  406 3582 1111.00000  991.48906  10.8%  1209 3000s
  9840  8062 1027.24601  423 3528 1111.00000  991.48906  10.8%  1206 3005s
  9887  8106 1030.33420  447 3452 1111.00000  991.48906  10.8%  1200 3010s
  9908  8127 1030.50129  458 3454 1111.00000  991.48906  10.8%  1198 3015s
  9964  8183 1030.72063  486 3435 1111.00000  991.48906  10.8%  1192 3020s
 10021  8240 1032.30825  514 3395 1111.00000  991.48906  10.8%  1186 3025s
 10063  8280 1034.28764  535 3351 1111.00000  991.48906  10.8%  1181 3030s
 10115  8332 1034.86579  561 3332 1111.00000  991.48906  10.8%  1175 3035s
 10165  8382 1035.42345  586 3352 1111.00000  991.48906  10.8%  1170 3040s
 10203  8419 1087.61717 1534 3692 1111.00000  991.48906  10.8%  1166 3356s
 10205  8420 1083.02229 1465 18691 1111.00000  991.48906  10.8%  1166 3384s
 10206  8421 1099.36866 1723 5481 1111.00000  991.48906  10.8%  1166 3432s
 10210  8424 1051.23148  820 5657 1111.00000  991.48906  10.8%  1165 3435s
 10217  8428 1012.96771  244 4640 1111.00000  991.48906  10.8%  1164 3447s
 10218  8429 1041.69751  682 4878 1111.00000  991.48906  10.8%  1164 3452s
 10219  8430 1047.10171  740 4736 1111.00000  991.77545  10.7%  1164 3459s
 10220  8430 1087.79738 1557 4782 1111.00000  991.77545  10.7%  1164 3464s
 10221  8431  994.16147   89 4659 1111.00000  991.86008  10.7%  1164 3472s
 10222  8432  998.29557  141 4695 1111.00000  991.86008  10.7%  1164 3477s
 10223  8432 1052.73039  846 4605 1111.00000  991.86008  10.7%  1164 3484s
 10224  8433 1096.55926 1776 4681 1111.00000  991.86008  10.7%  1163 3489s
 10225  8434 1067.30314 1146 4769 1111.00000  991.86008  10.7%  1163 3497s
 10226  8434 1013.51692  252 4772 1111.00000  991.86008  10.7%  1163 3502s
 10227  8435 1064.67109 1063 4682 1111.00000  991.86008  10.7%  1163 3509s
 10229  8436 1033.86507  550 4942 1111.00000  991.86008  10.7%  1163 3514s
 10230  8437  995.01311   98 4738 1111.00000  992.34883  10.7%  1163 3522s
 10231  8438 1025.09171  451 4919 1111.00000  992.34883  10.7%  1163 3527s
 10232  8438 1087.41813 1545 4734 1111.00000  992.41155  10.7%  1163 3537s
 10233  8439 1003.61303  201 5059 1111.00000  992.41182  10.7%  1162 3543s
 10234  8440 1095.01307 1697 4652 1111.00000  992.55224  10.7%  1162 3553s
 10235  8440 1035.18816  571 4980 1111.00000  992.55224  10.7%  1162 3558s
 10236  8441 1028.14428  498 4519 1111.00000  992.58547  10.7%  1162 3566s
 10238  8442 1072.59150 1252 5018 1111.00000  992.58547  10.7%  1162 3572s
 10239  8443 1092.50122 1661 4660 1111.00000  992.58547  10.7%  1162 3585s
 10240  8444 1001.49489  164 5009 1111.00000  992.58547  10.7%  1162 3590s

Cutting planes:
  Gomory: 128
  Cover: 1185
  Implied bound: 150
  Clique: 20
  MIR: 779
  Mixing: 9
  StrongCG: 27
  Flow cover: 2779
  GUB cover: 778
  Zero half: 3493
  Mod-K: 1
  RLT: 231
  Relax-and-lift: 311
  BQP: 3

Explored 10240 nodes (12879854 simplex iterations) in 3597.27 seconds (2828.51 work units)
Thread count was 1 (of 16 available processors)

Solution count 10: 1111 1112 1113 ... 1120

Time limit reached
Best objective 1.111000000000e+03, best bound 9.930000000000e+02, gap 10.6211%

User-callback calls 772214, time in user-callback 0.88 sec

 sepatime0
Stat(MathOptInterface.TIME_LIMIT, 1111.0, 993.0, 0.10621062106210621, 0.0, 2.790031, 3597.2679340839386, 10240, Main.CFLG.EFP, "", #undef)
