Data path: /scratch/opt/lxu/CFLG/benchmarks/tree_A
Instance: treeA.600.30
Result path: /scratch/opt/lxu/CFLG/results/tree_A
Solver: Gurobi
Time limit: 7200
Formulation: LEFPA
Cover: Large
julia --project=. src/main.jl /scratch/opt/lxu/CFLG/benchmarks/tree_A treeA.600.30 /scratch/opt/lxu/CFLG/results/tree_A Gurobi 7200 LEFPA Large
The latest version of Julia in the `release` channel is 1.11.5+0.x64.linux.gnu. You currently have `1.11.4+0.x64.linux.gnu` installed. Run:

  juliaup update

in your terminal shell to install Julia 1.11.5+0.x64.linux.gnu and update the `release` channel to that version.
/scratch/opt/lxu/CFLG/benchmarks/tree_A Gurobi 7200.0 /scratch/opt/lxu/CFLG/results/tree_A treeA.600.30 LEFPA Large
/scratch/opt/lxu/CFLG/benchmarks/tree_A/treeA.600.30

 read graph
data loaded

problem_graph/original graph: node: 600/600 edge: 629/629 dlt: 2.9938320086291417 break_avg_len: 1.4969160043145708 break_max_len: 1.9903424158885938Vbar/V, Ebar/E(233, 600, 262, 629)
(Dict{Int64, Bool}(413 => 1, 110 => 1, 550 => 1, 220 => 1, 308 => 1, 501 => 1, 234 => 1, 219 => 1, 449 => 0, 73 => 0, 282 => 1, 251 => 1, 272 => 0, 115 => 1, 275 => 1, 112 => 0, 164 => 1, 253 => 1, 470 => 1, 547 => 1, 559 => 1, 324 => 1, 267 => 1, 567 => 1, 460 => 1, 363 => 0, 544 => 1, 63 => 1, 431 => 0, 191 => 1, 479 => 1, 52 => 1, 515 => 1, 434 => 1, 28 => 1, 487 => 0, 204 => 1, 568 => 0, 119 => 1, 162 => 1, 95 => 1, 216 => 1, 441 => 0, 71 => 1, 339 => 0, 66 => 1, 439 => 1, 243 => 1, 476 => 1, 26 => 1, 301 => 1, 167 => 1, 157 => 1, 279 => 1, 374 => 1, 255 => 1, 591 => 1, 31 => 1, 485 => 1, 409 => 0, 453 => 1, 46 => 1, 225 => 1, 395 => 1, 128 => 1, 474 => 1, 159 => 0, 152 => 1, 241 => 1, 170 => 1, 229 => 1, 226 => 0, 498 => 0, 562 => 1, 78 => 1, 72 => 0, 258 => 1, 421 => 1, 454 => 1, 271 => 1, 83 => 1, 286 => 1, 520 => 1, 554 => 1, 270 => 1, 433 => 1, 96 => 1, 345 => 1, 274 => 1, 447 => 1, 594 => 1, 143 => 1, 231 => 1, 245 => 1, 552 => 0, 254 => 1, 142 => 1, 322 => 0), Dict(413 => 1.2068163721194276, 110 => 2.457659626549411, 550 => 2.844154843839508, 220 => 1.6272794389063552, 308 => 0.4427582848230811, 501 => 1.0521668201949215, 234 => 2.811354367421035, 219 => 1.4313303933765673, 449 => 0.49494407469493185, 73 => 2.521053138437321, 282 => 1.4494968658663403, 251 => 1.8773709846972957, 272 => 0.3873950028435007, 115 => 2.5811967627441508, 275 => 1.8655108087036656, 112 => 0.26816434831949776, 164 => 1.4300000657600427, 253 => 1.6914278574157913, 470 => 1.590617093158735, 547 => 1.4394261153558916, 559 => 1.0471879528656132, 324 => 1.291972747061246, 267 => 2.8926386250563754, 567 => 1.7201969861520827, 460 => 1.891125549411672, 363 => 0.6857908533201882, 544 => 1.8769989225648174, 63 => 1.3282978634059863, 431 => 0.13491992177158396, 191 => 2.8772228442892267, 479 => 1.1724067667250795, 52 => 1.7280308138266363, 515 => 1.5569111686203079, 434 => 2.7521110747355584, 28 => 1.8375018363634257, 487 => 2.054783717347562, 204 => 1.3216117547034614, 568 => 1.5346605657229513, 119 => 1.4699342759785905, 162 => 1.901346756531666, 95 => 2.8715836182427332, 216 => 2.6014715475252745, 441 => 1.3937623674030943, 71 => 1.536981511237906, 339 => 2.067742981465242, 66 => 2.7521922639536234, 439 => 2.6608778321656983, 243 => 1.9434102810922944, 476 => 2.8846263695377115, 26 => 1.0349157460727676, 301 => 1.823813409721235, 167 => 1.3915091967590505, 157 => 2.904131159039575, 279 => 2.5658850051658764, 374 => 1.4464038838010023, 255 => 2.2866192955033364, 591 => 1.8878924634749226, 31 => 1.726686099719689, 485 => 2.92758657149339, 409 => 1.9702092186184137, 453 => 1.8089538420889664, 46 => 1.362060148237325, 225 => 1.5569300724790112, 395 => 1.282877423498077, 128 => 1.2638372227004437, 474 => 2.582497815044781, 159 => 0.06426790944322436, 152 => 0.3477083886228065, 241 => 2.665837626999047, 170 => 2.6000708563308947, 229 => 1.0828519109063566, 226 => 0.19085675301616112, 498 => 1.7007069051837893, 562 => 1.3088691256719782, 78 => 1.9271535454993112, 72 => 0.026825543111843597, 258 => 1.830858351236707, 421 => 1.7993259488573528, 454 => 1.7752812259397621, 271 => 1.9440383579167722, 83 => 1.9285713694440056, 286 => 2.9696233670262213, 520 => 1.122191313879963, 554 => 1.2160562434449442, 270 => 2.408619660621527, 433 => 1.9318479348645057, 96 => 2.9463615393324627, 345 => 1.621078020816592, 274 => 1.8527602661820226, 447 => 1.5809086374450687, 594 => 2.8021549052342785, 143 => 1.609133905023972, 231 => 2.93177585613915, 245 => 1.0388667362414665, 552 => 1.1543019919539508, 254 => 2.483235909369898, 142 => 1.1199960920748522, 322 => 0.5063126598194181))Set parameter TokenServer to value "solice01.zib.de"
Set parameter Threads to value 1
Set parameter OutputFlag to value 1
Gurobi Optimizer version 12.0.1 build v12.0.1rc0 (linux64 - "Debian GNU/Linux 12 (bookworm)")

CPU model: Intel(R) Xeon(R) Gold 5122 CPU @ 3.60GHz, instruction set [SSE2|AVX|AVX2|AVX512]
Thread count: 8 physical cores, 16 logical processors, using up to 1 threads

Non-default parameters:
Threads  1

Optimize a model with 691 rows, 1080 columns and 1800 nonzeros
Model fingerprint: 0x11747c36
Coefficient statistics:
  Matrix range     [1e+00, 1e+00]
  Objective range  [1e+00, 1e+00]
  Bounds range     [1e+00, 1e+00]
  RHS range        [1e+00, 1e+00]
Presolve removed 691 rows and 1080 columns
Presolve time: 0.00s
Presolve: All rows and columns removed
Iteration    Objective       Primal Inf.    Dual Inf.      Time
       0    9.8000000e+01   0.000000e+00   0.000000e+00      0s

Solved in 0 iterations and 0.00 seconds (0.00 work units)
Optimal objective  9.800000000e+01

User-callback calls 35, time in user-callback 0.00 sec
elapsed CPU time: 1.598619 seconds
Set parameter TokenServer to value "solice01.zib.de"
Set parameter Threads to value 1
Set parameter OutputFlag to value 1
Set parameter MIPGap to value 0.0001
Set parameter TimeLimit to value 7198.401381

 more cuts: false 2.9938320086291417 false
is_attach:trueformulation:LEFPA0 360 0

 model loaded

Min ye[1] + ye[2] + ye[3] + ye[4] + ye[5] + ye[6] + ye[7] + ye[8] + ye[9] + ye[10] + ye[11] + ye[12] + ye[13] + ye[14] + ye[15] + ye[16] + ye[17] + ye[18] + ye[19] + ye[20] + ye[21] + ye[22] + ye[23] + ye[24] + ye[25] + ye[26] + ye[27] + ye[28] + ye[29] + ye[30] + [[...533 terms omitted...]] + yv[302] + yv[303] + yv[304] + yv[305] + yv[306] + yv[307] + yv[308] + yv[309] + yv[310] + yv[311] + yv[312] + yv[313] + yv[314] + yv[315] + yv[316] + yv[317] + yv[318] + yv[319] + yv[320] + yv[321] + yv[322] + yv[323] + yv[324] + yv[325] + yv[326] + yv[327] + yv[328] + yv[329] + yv[330] + yv[331] + 58
Subject to
 q[1,a] ≥ 0
 q[2,a] ≥ 0
 q[3,a] ≥ 0
 q[4,a] ≥ 0
 q[5,a] ≥ 0
 q[6,a] ≥ 0
 q[7,a] ≥ 0
 q[8,a] ≥ 0
 q[9,a] ≥ 0
 q[10,a] ≥ 0
 q[11,a] ≥ 0
 q[12,a] ≥ 0
 q[13,a] ≥ 0
 q[14,a] ≥ 0
 q[15,a] ≥ 0
 q[16,a] ≥ 0
 q[17,a] ≥ 0
 q[18,a] ≥ 0
 q[19,a] ≥ 0
 q[20,a] ≥ 0
 q[21,a] ≥ 0
 q[22,a] ≥ 0
 q[23,a] ≥ 0
 q[24,a] ≥ 0
 q[25,a] ≥ 0
 q[26,a] ≥ 0
 q[27,a] ≥ 0
 q[28,a] ≥ 0
 q[29,a] ≥ 0
 q[30,a] ≥ 0
 q[31,a] ≥ 0
 q[32,a] ≥ 0
 q[33,a] ≥ 0
 q[34,a] ≥ 0
 q[35,a] ≥ 0
 q[36,a] ≥ 0
 q[37,a] ≥ 0
 q[38,a] ≥ 0
 q[39,a] ≥ 0
 q[40,a] ≥ 0
 q[41,a] ≥ 0
 q[42,a] ≥ 0
 q[43,a] ≥ 0
 q[44,a] ≥ 0
 q[45,a] ≥ 0
 q[46,a] ≥ 0
 q[47,a] ≥ 0
 q[48,a] ≥ 0
 q[49,a] ≥ 0
 q[50,a] ≥ 0
[[...15816 constraints skipped...]]
 q[311,a] = 1.839530016675191
 q[312,a] = 0
 q[313,a] = 0
 q[314,a] = 0
 q[315,a] = 0
 q[316,a] = 0
 q[317,a] = 2.606437005785641
 q[318,a] = 0
 q[319,a] = 0
 q[320,a] = 0
 q[321,a] = 0
 q[322,a] = 0
 q[323,a] = 0
 q[324,a] = 0
 q[325,a] = 0.9390482912815798
 q[326,a] = 0
 q[327,a] = 0
 q[328,a] = 1.6000696412260473
 q[329,a] = 0
 q[330,a] = 1.023622790010728
 q[331,a] = 0
 q[332,a] = 0
 q[333,a] = 0
 q[334,a] = 1.2931251034453524
 q[335,a] = 0
 q[336,a] = 0
 q[337,a] = 0
 q[338,a] = 0
 q[339,a] = 0
 q[340,a] = 2.4875193488097236
 q[341,a] = 0
 q[342,a] = 0
 q[343,a] = 0
 q[344,a] = 0
 q[345,a] = 0
 q[346,a] = 0
 q[347,a] = 0
 q[348,a] = 0
 q[349,a] = 1.4591714429061904
 q[350,a] = 0
 q[351,a] = 0
 q[352,a] = 0
 q[353,a] = 0
 q[354,a] = 0
 q[355,a] = 0
 q[356,a] = 0
 q[357,a] = 0
 q[358,a] = 0
 q[359,a] = 0
 q[360,a] = 0
Gurobi Optimizer version 12.0.1 build v12.0.1rc0 (linux64 - "Debian GNU/Linux 12 (bookworm)")

CPU model: Intel(R) Xeon(R) Gold 5122 CPU @ 3.60GHz, instruction set [SSE2|AVX|AVX2|AVX512]
Thread count: 8 physical cores, 16 logical processors, using up to 1 threads

Non-default parameters:
TimeLimit  7198.401381
Threads  1

Optimize a model with 9224 rows, 5641 columns and 25109 nonzeros
Model fingerprint: 0x19a44818
Variable types: 1051 continuous, 4590 integer (4590 binary)
Coefficient statistics:
  Matrix range     [1e-06, 6e+00]
  Objective range  [1e+00, 1e+00]
  Bounds range     [3e-01, 3e+00]
  RHS range        [1e-06, 6e+00]
Presolve removed 4964 rows and 2903 columns
Presolve time: 0.15s
Presolved: 4260 rows, 2738 columns, 18013 nonzeros
Variable types: 510 continuous, 2228 integer (2228 binary)
Found heuristic solution: objective 318.0000000
Found heuristic solution: objective 311.0000000
Found heuristic solution: objective 224.0000000

Root relaxation: objective 1.007885e+02, 2821 iterations, 0.04 seconds (0.04 work units)

    Nodes    |    Current Node    |     Objective Bounds      |     Work
 Expl Unexpl |  Obj  Depth IntInf | Incumbent    BestBd   Gap | It/Node Time

     0     0  100.78850    0  775  224.00000  100.78850  55.0%     -    0s
H    0     0                     219.0000000  100.78850  54.0%     -    0s
H    0     0                     179.0000000  100.78850  43.7%     -    0s
H    0     0                     175.0000000  100.78850  42.4%     -    0s
H    0     0                     174.0000000  100.78850  42.1%     -    0s
     0     0  109.51757    0  878  174.00000  109.51757  37.1%     -    0s
H    0     0                     158.0000000  109.51757  30.7%     -    0s
H    0     0                     156.0000000  109.51757  29.8%     -    0s
     0     0  109.55030    0  890  156.00000  109.55030  29.8%     -    0s
     0     0  109.55057    0  911  156.00000  109.55057  29.8%     -    0s
     0     0  113.91336    0  838  156.00000  113.91336  27.0%     -    0s
     0     0  114.11472    0  860  156.00000  114.11472  26.8%     -    0s
     0     0  114.20397    0  890  156.00000  114.20397  26.8%     -    0s
     0     0  114.20398    0  900  156.00000  114.20398  26.8%     -    0s
     0     0  116.71098    0  774  156.00000  116.71098  25.2%     -    0s
H    0     0                     149.0000000  116.71098  21.7%     -    0s
H    0     0                     148.0000000  116.71098  21.1%     -    0s
H    0     0                     147.0000000  116.71098  20.6%     -    0s
H    0     0                     146.0000000  116.71098  20.1%     -    0s
     0     0  117.29719    0  829  146.00000  117.29719  19.7%     -    0s
     0     0  117.29834    0  747  146.00000  117.29834  19.7%     -    0s
     0     0  117.96852    0  809  146.00000  117.96852  19.2%     -    0s
     0     0  118.00736    0  770  146.00000  118.00736  19.2%     -    0s
     0     0  118.01231    0  765  146.00000  118.01231  19.2%     -    0s
     0     0  118.43045    0  815  146.00000  118.43045  18.9%     -    1s
     0     0  118.43540    0  797  146.00000  118.43540  18.9%     -    1s
     0     0  118.46050    0  773  146.00000  118.46050  18.9%     -    1s
H    0     0                     144.0000000  118.46050  17.7%     -    1s
H    0     0                     143.0000000  118.46050  17.2%     -    1s
     0     0  118.46050    0  811  143.00000  118.46050  17.2%     -    1s
     0     0  118.60159    0  753  143.00000  118.60159  17.1%     -    1s
     0     0  118.60159    0  758  143.00000  118.60159  17.1%     -    1s
     0     0  118.60159    0  756  143.00000  118.60159  17.1%     -    1s
H    0     0                     141.0000000  118.60159  15.9%     -    1s
H    0     0                     139.0000000  118.60159  14.7%     -    1s
H    0     0                     138.0000000  118.60159  14.1%     -    1s
     0     0  118.60159    0  784  138.00000  118.60159  14.1%     -    1s
     0     0  118.60159    0  516  138.00000  118.60159  14.1%     -    1s
     0     0  118.60159    0  612  138.00000  118.60159  14.1%     -    1s
     0     0  118.61247    0  533  138.00000  118.61247  14.0%     -    1s
     0     0  118.61247    0  524  138.00000  118.61247  14.0%     -    1s
H    0     0                     137.0000000  118.67166  13.4%     -    1s
H    0     0                     136.0000000  118.67166  12.7%     -    1s
H    0     0                     135.0000000  118.67166  12.1%     -    1s
H    0     0                     134.0000000  118.67166  11.4%     -    1s
     0     2  118.67166    0  523  134.00000  118.67166  11.4%     -    1s
H  325   280                     133.0000000  119.06944  10.5%  30.6    2s
H  352   297                     132.0000000  119.06944  9.80%  29.2    2s
H  433   345                     131.0000000  119.07116  9.11%  31.7    3s
   561   451  121.33709    9  575  131.00000  121.33709  7.38%  29.1    5s
H  576   437                     130.0000000  127.00000  2.31%  28.3    6s
   632   477  127.53640   35  101  130.00000  127.07895  2.25%   141   10s
  1699   820  128.01121   56  134  130.00000  127.49968  1.92%  68.9   15s
  3302  1631  129.00000   46   69  130.00000  127.64428  1.81%  47.8   20s
  5547  2782 infeasible   48       130.00000  127.87335  1.64%  37.8   25s
  7504  3732  129.00000   51   53  130.00000  128.00000  1.54%  34.5   30s
  9386  4699  129.00000   71   37  130.00000  128.00000  1.54%  32.5   35s
 10203  5178  128.00058   53  524  130.00000  128.00000  1.54%  31.6   45s
 10228  5195  129.00000   53  142  130.00000  128.00000  1.54%  31.5   50s
 10249  5209  128.00684   37  120  130.00000  128.00000  1.54%  31.5   55s
 10515  5297  128.00000   38  198  130.00000  128.00000  1.54%  37.7   60s
 11309  5569  128.23481   76  122  130.00000  128.00000  1.54%  37.2   65s
 12923  5954  129.00000   58   16  130.00000  128.00000  1.54%  36.4   70s
 14603  6229  129.00000   67   92  130.00000  128.00000  1.54%  36.1   75s
 16334  6491  128.00000   52   83  130.00000  128.00000  1.54%  35.9   80s
 18127  6770  128.00000   57  102  130.00000  128.00000  1.54%  35.6   85s
 20059  7189     cutoff   73       130.00000  128.00000  1.54%  35.2   90s
 22176  7662  128.44902   71  144  130.00000  128.00000  1.54%  34.9   95s
 24335  8099     cutoff   67       130.00000  128.00000  1.54%  34.6  100s
 26235  8588  129.00000   51   92  130.00000  128.00000  1.54%  34.5  105s
 28280  9722  129.00000   76   90  130.00000  128.00000  1.54%  34.2  110s
 30429 10948  129.00000   66  115  130.00000  128.00000  1.54%  33.9  115s
 32688 12243  128.62008   62  186  130.00000  128.00000  1.54%  33.5  120s
 34704 13357  128.00000   44  159  130.00000  128.00000  1.54%  33.2  125s
 36876 14410     cutoff   72       130.00000  128.00000  1.54%  33.0  130s
 38925 15661  129.00000   80   77  130.00000  128.00000  1.54%  32.8  135s
 41129 16929  129.00000   49  138  130.00000  128.00000  1.54%  32.6  140s
 43066 17985  128.18190   60  177  130.00000  128.00000  1.54%  32.6  145s
 45451 19376  128.00000   49  174  130.00000  128.00000  1.54%  32.4  150s
 47864 20796  129.00000   80   94  130.00000  128.00000  1.54%  32.1  155s
 50228 22027  129.00000   71   82  130.00000  128.00000  1.54%  31.9  160s
 52425 23309  129.00000   68   93  130.00000  128.00000  1.54%  31.7  165s
 54775 24684  129.00000   70   39  130.00000  128.00000  1.54%  31.5  170s
 57139 25991  129.00000   51  160  130.00000  128.00000  1.54%  31.4  175s
 59269 27181  129.00000   63  149  130.00000  128.00000  1.54%  31.5  180s
 61554 28320  128.25000   47  212  130.00000  128.00000  1.54%  31.4  185s
 63819 29531  129.00000   67   49  130.00000  128.00000  1.54%  31.4  190s
 66140 30723  129.00000   79  101  130.00000  128.00000  1.54%  31.2  195s
 68340 31903  128.16667   54  186  130.00000  128.00000  1.54%  31.2  200s
 70265 32927  129.00000   64  168  130.00000  128.00000  1.54%  31.1  205s
 72550 34192  129.00000   52  132  130.00000  128.00000  1.54%  31.1  210s
 75010 35452  129.00000   63  105  130.00000  128.00000  1.54%  30.9  215s
 77298 36594  128.00000   59  202  130.00000  128.00000  1.54%  30.8  220s
H78885   233                     129.0000000  128.00000  0.78%  30.7  223s
 79004   199  128.00000   60  121  129.00000  128.00000  0.78%  30.8  225s
 80886   274     cutoff   71       129.00000  128.00000  0.78%  31.0  230s
 82455   224  128.00000   49  524  129.00000  128.00000  0.78%  31.3  245s
 82484   243  128.00000   47  174  129.00000  128.00000  0.78%  31.2  250s

Cutting planes:
  Learned: 5
  Gomory: 36
  Lift-and-project: 1
  Cover: 76
  Implied bound: 19
  Clique: 12
  MIR: 35
  Mixing: 3
  StrongCG: 3
  Flow cover: 126
  GUB cover: 44
  Zero half: 104
  RLT: 25
  Relax-and-lift: 6
  BQP: 8

Explored 82675 nodes (2643532 simplex iterations) in 252.66 seconds (180.17 work units)
Thread count was 1 (of 16 available processors)

Solution count 10: 129 129 129 ... 132

Optimal solution found (tolerance 1.00e-04)
Best objective 1.290000000000e+02, best bound 1.290000000000e+02, gap 0.0000%

User-callback calls 273496, time in user-callback 0.24 sec

 sepatime0 0 0
129.0Stat(MathOptInterface.OPTIMAL, 129.0, 129.0, 0.0, 0.0, 1.598619, 252.66344904899597, 82675, Main.CFLG.LEFPA, "", #undef)
