Data path: /scratch/opt/lxu/CFLG/benchmarks/city
Instance: city_132.txt
Result path: /scratch/opt/lxu/CFLG/results/city
Solver: Gurobi
Time limit: 7200
Formulation: LEFPA
Cover: Large
julia --project=. src/main.jl /scratch/opt/lxu/CFLG/benchmarks/city city_132.txt /scratch/opt/lxu/CFLG/results/city Gurobi 7200 LEFPA Large
The latest version of Julia in the `release` channel is 1.11.5+0.x64.linux.gnu. You currently have `1.11.4+0.x64.linux.gnu` installed. Run:

  juliaup update

in your terminal shell to install Julia 1.11.5+0.x64.linux.gnu and update the `release` channel to that version.
/scratch/opt/lxu/CFLG/benchmarks/city Gurobi 7200.0 /scratch/opt/lxu/CFLG/results/city city_132.txt LEFPA Large
/scratch/opt/lxu/CFLG/benchmarks/city/city_132.txt

 read graph
data loaded


after absorb:72 106

max_piece:4
problem_graph/original graph: node: 87/106 edge: 114/133 dlt: 0.6555878332194124 break_avg_len: 0.3824262360446571 break_max_len: 1.5795454545454546Vbar/V, Ebar/E(77, 87, 104, 114)
(1, 66)(2, 24)(2, 71)(3, 52)(4, 19)(4, 73)(44, 73)(5, 63)(5, 12)(6, 74)(20, 74)(6, 22)(8, 54)(9, 36)(2, 10)(10, 17)(12, 66)(7, 13)(13, 51)(14, 68)(14, 25)(15, 75)(27, 75)(16, 59)(16, 48)(17, 18)(17, 71)(18, 68)(18, 64)(19, 57)(19, 76)(62, 76)(13, 20)(22, 49)(23, 77)(35, 77)(23, 31)(3, 24)(24, 42)(25, 69)(26, 51)(26, 27)(15, 28)(30, 40)(30, 72)(15, 78)(31, 78)(31, 60)(32, 57)(32, 62)(32, 79)(49, 79)(8, 35)(28, 80)(35, 80)(2, 36)(9, 37)(37, 81)(56, 81)(20, 38)(14, 82)(39, 82)(39, 83)(50, 83)(16, 40)(12, 41)(7, 41)(42, 47)(38, 44)(10, 46)(46, 59)(9, 84)(46, 84)(1, 85)(47, 85)(26, 49)(38, 50)(25, 50)(7, 51)(42, 52)(8, 53)(18, 86)(53, 86)(39, 54)(4, 54)(3, 55)(30, 56)(56, 67)(6, 57)(53, 59)(28, 60)(27, 62)(1, 63)(47, 63)(55, 64)(48, 65)(40, 67)(55, 68)(41, 87)(69, 87)(5, 69)(64, 71)(23, 72)(65, 72)(Dict(70 => 0.0, 49 => 0.0, 15 => 0.0, 32 => 0.0, 16 => 0.0, 63 => 0.0, 50 => 0.0, 9 => 0.0, 66 => 0.0, 48 => 0.0), [48, 70, 15, 49, 32, 9, 16, 63, 50, 66], 87, 114)Set parameter TokenServer to value "solice01.zib.de"
Set parameter Threads to value 1
Set parameter OutputFlag to value 1
Gurobi Optimizer version 12.0.1 build v12.0.1rc0 (linux64 - "Debian GNU/Linux 12 (bookworm)")

CPU model: Intel(R) Xeon(R) Gold 5122 CPU @ 3.60GHz, instruction set [SSE2|AVX|AVX2|AVX512]
Thread count: 8 physical cores, 16 logical processors, using up to 1 threads

Non-default parameters:
Threads  1

Optimize a model with 201 rows, 342 columns and 570 nonzeros
Model fingerprint: 0xb1b85321
Coefficient statistics:
  Matrix range     [1e+00, 1e+00]
  Objective range  [1e+00, 1e+00]
  Bounds range     [1e+00, 1e+00]
  RHS range        [1e+00, 1e+00]
Presolve removed 201 rows and 342 columns
Presolve time: 0.00s
Presolve: All rows and columns removed
Iteration    Objective       Primal Inf.    Dual Inf.      Time
       0    1.0000000e+01   0.000000e+00   0.000000e+00      0s

Solved in 0 iterations and 0.00 seconds (0.00 work units)
Optimal objective  1.000000000e+01

User-callback calls 35, time in user-callback 0.00 sec
elapsed CPU time: 1.752326 seconds
Set parameter TokenServer to value "solice01.zib.de"
Set parameter Threads to value 1
Set parameter OutputFlag to value 1
Set parameter MIPGap to value 0.0001
Set parameter MIPGapAbs to value 0.999998
Set parameter TimeLimit to value 7198.247674

 more cuts: false 0.6555878332194124 false
is_attach:trueformulation:LEFPA0 114 0

 model loaded

Gurobi Optimizer version 12.0.1 build v12.0.1rc0 (linux64 - "Debian GNU/Linux 12 (bookworm)")

CPU model: Intel(R) Xeon(R) Gold 5122 CPU @ 3.60GHz, instruction set [SSE2|AVX|AVX2|AVX512]
Thread count: 8 physical cores, 16 logical processors, using up to 1 threads

Non-default parameters:
TimeLimit  7198.247674
MIPGapAbs  0.999998
Threads  1

Optimize a model with 3324 rows, 1968 columns and 9319 nonzeros
Model fingerprint: 0x341fa004
Variable types: 315 continuous, 1653 integer (1653 binary)
Coefficient statistics:
  Matrix range     [1e-06, 2e+00]
  Objective range  [1e+00, 1e+00]
  Bounds range     [4e-03, 2e+00]
  RHS range        [1e-06, 2e+00]
Presolve removed 1045 rows and 521 columns
Presolve time: 0.09s
Presolved: 2279 rows, 1447 columns, 11022 nonzeros
Variable types: 190 continuous, 1257 integer (1257 binary)
Found heuristic solution: objective 104.0000000
Found heuristic solution: objective 103.0000000
Found heuristic solution: objective 72.0000000

Root relaxation: objective 8.622457e+00, 1288 iterations, 0.03 seconds (0.03 work units)

    Nodes    |    Current Node    |     Objective Bounds      |     Work
 Expl Unexpl |  Obj  Depth IntInf | Incumbent    BestBd   Gap | It/Node Time

     0     0    8.62246    0  367   72.00000    8.62246  88.0%     -    0s
H    0     0                      68.0000000    8.62246  87.3%     -    0s
H    0     0                      45.0000000    8.62246  80.8%     -    0s
H    0     0                      43.0000000    8.62246  79.9%     -    0s
H    0     0                      42.0000000    8.62246  79.5%     -    0s
     0     0   10.75587    0  441   42.00000   10.75587  74.4%     -    0s
H    0     0                      41.0000000   10.83672  73.6%     -    0s
H    0     0                      38.0000000   10.83672  71.5%     -    0s
     0     0   10.86094    0  462   38.00000   10.86094  71.4%     -    0s
     0     0   10.88805    0  495   38.00000   10.88805  71.3%     -    0s
     0     0   10.88815    0  492   38.00000   10.88815  71.3%     -    0s
     0     0   12.51621    0  415   38.00000   12.51621  67.1%     -    0s
H    0     0                      27.0000000   12.51621  53.6%     -    0s
H    0     0                      26.0000000   12.51621  51.9%     -    0s
     0     0   12.71895    0  423   26.00000   12.71895  51.1%     -    0s
     0     0   12.76657    0  463   26.00000   12.76657  50.9%     -    0s
     0     0   12.77484    0  465   26.00000   12.77484  50.9%     -    0s
     0     0   12.77484    0  466   26.00000   12.77484  50.9%     -    0s
     0     0   14.63702    0  294   26.00000   14.63702  43.7%     -    0s
     0     0   14.74369    0  373   26.00000   14.74369  43.3%     -    0s
     0     0   14.74369    0  363   26.00000   14.74369  43.3%     -    0s
     0     0   14.74369    0  363   26.00000   14.74369  43.3%     -    0s
     0     0   15.15000    0  331   26.00000   15.15000  41.7%     -    0s
     0     0   15.19508    0  354   26.00000   15.19508  41.6%     -    0s
     0     0   15.21375    0  404   26.00000   15.21375  41.5%     -    0s
     0     0   15.21865    0  382   26.00000   15.21865  41.5%     -    0s
     0     0   15.21926    0  400   26.00000   15.21926  41.5%     -    0s
     0     0   15.25452    0  364   26.00000   15.25452  41.3%     -    0s
     0     0   15.25834    0  357   26.00000   15.25834  41.3%     -    0s
     0     0   15.25845    0  406   26.00000   15.25845  41.3%     -    0s
     0     0   15.26944    0  420   26.00000   15.26944  41.3%     -    0s
     0     0   15.27655    0  402   26.00000   15.27655  41.2%     -    0s
     0     0   15.27655    0  403   26.00000   15.27655  41.2%     -    0s
     0     0   15.28095    0  353   26.00000   15.28095  41.2%     -    1s
     0     0   15.28231    0  261   26.00000   15.28231  41.2%     -    1s
H    0     0                      24.0000000   15.29832  36.3%     -    1s
     0     2   15.29832    0  261   24.00000   15.29832  36.3%     -    1s
H  130   108                      23.0000000   15.40748  33.0%  54.4    1s
H  130    96                      22.0000000   15.40748  30.0%  54.4    1s
H  433   341                      21.0000007   15.50221  26.2%  45.2    2s
H  433   341                      21.0000007   15.50221  26.2%  45.2    2s
H  460   290                      21.0000000   15.50221  26.2%  47.8    3s
   601   381   19.34325   39  233   21.00000   16.50000  21.4%  47.9    5s
   644   411   18.53235   24  226   21.00000   17.00000  19.0%   118   10s
   817   504   17.47307   27  270   21.00000   17.25626  17.8%   162   15s
  1216   656   18.55306   34  121   21.00000   17.44180  16.9%   147   20s
  1855   859   19.75784   42  194   21.00000   17.62777  16.1%   129   25s
  2533  1246   17.73334   35  240   21.00000   17.69972  15.7%   120   30s
  3450  1808   19.15793   37  222   21.00000   17.75626  15.4%   114   35s
  3908  2066   17.84301   34  266   21.00000   17.78420  15.3%   113   40s
  4854  2620   18.40994   41  216   21.00000   17.82387  15.1%   107   45s
  5791  3109   19.56190   50  168   21.00000   17.86981  14.9%   105   50s
  6662  3572   18.20656   35  278   21.00000   17.92449  14.6%   103   55s
  7628  4087   19.21542   48  157   21.00000   17.97098  14.4%   102   60s
  8662  4639   19.36806   54  143   21.00000   18.00000  14.3%   100   65s
  9683  5137   18.07276   32  281   21.00000   18.00655  14.3%   100   70s
 10203  5406   18.53806   40  261   21.00000   18.01735  14.2%  99.2   89s
 10213  5413   19.25859   49  406   21.00000   18.01735  14.2%  99.1   90s
 10230  5424   18.69187   43  392   21.00000   18.01735  14.2%  98.9   95s
 10246  5435   18.53614   41  437   21.00000   18.01735  14.2%  98.8  100s
 10260  5444   18.24869   39  369   21.00000   18.01735  14.2%  98.6  105s
 10273  5453   18.66667   40  438   21.00000   18.01735  14.2%  98.5  110s
 10286  5461   19.64994   58  431   21.00000   18.01735  14.2%  98.4  115s
 10299  5470   19.36224   55  478   21.00000   18.01735  14.2%  98.3  120s
 10314  5480   19.04719   51  463   21.00000   18.01735  14.2%  98.1  125s
 10336  5495   18.80706   47  446   21.00000   18.01735  14.2%  97.9  130s
 10360  5511   18.24869   39  411   21.00000   18.01735  14.2%  97.7  135s
 10382  5525   18.62594   40  434   21.00000   18.01735  14.2%  97.5  140s
 10407  5542   19.13908   40  464   21.00000   18.01735  14.2%  97.2  145s
 10500  5601   18.33960   43  235   21.00000   18.01735  14.2%   114  150s
 10695  5678   18.17724   42  214   21.00000   18.01735  14.2%   115  155s
 11009  5792   18.60000   45  213   21.00000   18.01735  14.2%   116  160s
 11451  5880   19.53892   76  130   21.00000   18.01735  14.2%   115  165s
 11818  5950   18.14559   43  341   21.00000   18.01735  14.2%   114  170s
 12425  6098   19.07768   51  205   21.00000   18.05189  14.0%   114  175s
 12822  6201   19.03546   51  198   21.00000   18.08163  13.9%   114  180s
 13401  6348   19.51089   61  187   21.00000   18.11966  13.7%   113  185s
 14127  6506   18.39331   45  320   21.00000   18.16629  13.5%   114  190s
 14523  6590   18.74432   43  339   21.00000   18.18344  13.4%   115  195s
 15309  6694   19.05414   49  306   21.00000   18.23081  13.2%   116  200s
 15965  6792   18.39203   46  328   21.00000   18.25864  13.1%   116  205s
 16666  6870     cutoff   51        21.00000   18.29126  12.9%   116  210s
 17482  6972   19.70265   55  199   21.00000   18.33333  12.7%   116  215s
 18126  7072   18.50000   44  257   21.00000   18.34584  12.6%   117  220s
 18921  7133   19.23445   46  213   21.00000   18.37699  12.5%   118  225s
 19574  7172   19.62963   49  181   21.00000   18.38997  12.4%   118  230s
 20220  7229   19.06250   42  229   21.00000   18.40857  12.3%   118  235s
 20902  7309   19.31212   48  199   21.00000   18.42382  12.3%   119  240s
 21668  7429   19.41188   54  152   21.00000   18.44052  12.2%   119  245s
 22350  7480   20.00000   59  171   21.00000   18.46181  12.1%   120  250s
 23094  7495   18.85063   57  349   21.00000   18.47864  12.0%   120  255s
 23780  7537   19.54945   63  160   21.00000   18.49635  11.9%   120  260s
 24231  7575   19.50997   49  301   21.00000   18.50000  11.9%   121  265s
 24983  7599   19.61360   57  190   21.00000   18.51682  11.8%   121  270s
 25721  7614   19.43999   57  224   21.00000   18.53196  11.8%   121  275s
 26424  7622   19.04470   51  295   21.00000   18.54605  11.7%   122  280s
 27043  7654   19.11455   58  203   21.00000   18.55556  11.6%   122  285s
 27708  7954     cutoff   55        21.00000   18.55685  11.6%   122  290s
 28417  8172   19.66208   42  202   21.00000   18.56752  11.6%   122  295s
 29058  8388   19.02311   55  267   21.00000   18.57782  11.5%   123  300s
 29746  8588     cutoff   59        21.00000   18.59402  11.5%   123  305s
 30447  8792   19.50000   45  234   21.00000   18.60714  11.4%   124  310s
 31199  9055   19.52766   49  307   21.00000   18.61818  11.3%   124  315s
 31906  9278   19.83333   49  221   21.00000   18.62787  11.3%   124  320s
 32620  9536   19.19853   46  311   21.00000   18.63668  11.3%   124  325s
 33308  9745   19.50486   56  261   21.00000   18.64808  11.2%   124  330s
 33925  9950   19.66606   53  247   21.00000   18.65964  11.1%   125  335s
 34633 10188   18.92889   45  307   21.00000   18.66667  11.1%   125  340s
 35345 10389   19.51476   53  234   21.00000   18.67820  11.1%   126  345s
 36032 10600   18.98625   44  290   21.00000   18.68816  11.0%   126  350s
 36744 10793   19.37084   48  232   21.00000   18.70000  11.0%   126  355s
 37345 10982   19.74165   51  260   21.00000   18.71259  10.9%   127  360s
 37993 11186     cutoff   58        21.00000   18.71951  10.9%   127  365s
 38704 11355     cutoff   56        21.00000   18.73326  10.8%   128  370s
 39291 11510   19.33333   54  202   21.00000   18.74115  10.8%   128  375s
 39978 11648     cutoff   58        21.00000   18.75000  10.7%   128  380s
 40737 11922     cutoff   63        21.00000   18.75542  10.7%   128  385s
 41186 12052   20.00000   57  126   21.00000   18.76073  10.7%   129  390s
 41860 12217   19.81944   51  222   21.00000   18.77133  10.6%   129  395s
 42516 12391     cutoff   53        21.00000   18.78104  10.6%   129  400s
 43192 12556     cutoff   62        21.00000   18.79171  10.5%   129  405s
 43917 12761   19.50000   51  191   21.00000   18.80256  10.5%   130  410s
 44590 12968   19.40597   55  206   21.00000   18.80903  10.4%   130  415s
 45261 13090   19.19382   49  198   21.00000   18.81720  10.4%   130  420s
 45942 13261   20.00000   67   69   21.00000   18.82391  10.4%   130  425s
 46684 13429   19.38172   50  274   21.00000   18.83333  10.3%   130  430s
 47289 13544   19.17610   45  275   21.00000   18.84492  10.3%   131  435s
 47986 13697     cutoff   54        21.00000   18.85478  10.2%   131  440s
 48681 13835     cutoff   54        21.00000   18.86562  10.2%   131  445s
 49431 14024   20.00000   59  155   21.00000   18.87541  10.1%   131  450s
 50144 14168   19.30697   48  292   21.00000   18.88660  10.1%   131  455s
 50818 14330     cutoff   53        21.00000   18.89559  10.0%   131  460s
 51445 14474     cutoff   64        21.00000   18.90342  10.0%   132  465s
 52116 14560     cutoff   58        21.00000   18.91480  9.93%   132  470s
 52574 14677     cutoff   51        21.00000   18.91884  9.91%   132  475s
 52916 14748   19.35085   44  243   21.00000   18.92486  9.88%   132  481s
 53376 14822   19.56102   51  206   21.00000   18.93113  9.85%   132  485s
 54122 14937   20.00000   52  138   21.00000   18.94031  9.81%   132  490s
 54829 15056   19.38095   45  295   21.00000   18.95241  9.75%   132  495s
 55551 15221   19.53530   45  268   21.00000   18.96244  9.70%   132  500s
 56194 15347   19.32966   54  231   21.00000   18.97324  9.65%   133  505s
 56910 15494   19.98679   60  196   21.00000   18.98101  9.61%   133  510s
 57572 15579     cutoff   59        21.00000   18.98976  9.57%   133  515s
 58281 15723   19.28546   57  264   21.00000   19.00000  9.52%   133  520s
 59014 15872   19.32690   51  290   21.00000   19.00000  9.52%   133  525s
 59687 16071     cutoff   61        21.00000   19.00000  9.52%   133  530s
 60345 16242   19.08333   44  215   21.00000   19.00000  9.52%   134  535s
 60972 16403     cutoff   59        21.00000   19.00000  9.52%   134  540s
 61637 16572   19.42422   49  221   21.00000   19.00000  9.52%   134  545s
 62229 16726     cutoff   57        21.00000   19.00000  9.52%   134  550s
 62777 16866   19.05235   46  300   21.00000   19.00000  9.52%   135  555s
 63423 17023   19.00426   49  179   21.00000   19.00426  9.50%   135  560s
 63993 17111   19.53408   47  254   21.00000   19.01050  9.47%   135  565s
 64638 17217   20.00000   51  143   21.00000   19.01465  9.45%   135  570s
 65239 17319 infeasible   53        21.00000   19.02059  9.43%   135  575s
 65852 17418   19.83333   54  156   21.00000   19.02632  9.40%   136  580s
 66591 17553   20.00000   68   91   21.00000   19.03044  9.38%   136  585s
 67310 17687   19.82496   52  214   21.00000   19.03621  9.35%   136  590s
 67973 17798     cutoff   69        21.00000   19.04072  9.33%   136  595s
 68691 17924   19.59509   56  337   21.00000   19.04464  9.31%   136  600s
 69336 18006   19.28101   46  252   21.00000   19.05000  9.29%   136  605s
 69897 18071   19.31099   45  357   21.00000   19.05528  9.26%   136  610s
 70558 18200   19.63029   52  188   21.00000   19.05889  9.24%   136  615s
 71243 18314     cutoff   55        21.00000   19.06250  9.23%   136  620s
 71865 18397   19.70554   60  178   21.00000   19.06914  9.19%   137  625s
 72386 18457     cutoff   52        21.00000   19.07406  9.17%   137  630s
 72926 18537   19.16826   49  255   21.00000   19.07938  9.15%   137  635s
 73601 18643     cutoff   55        21.00000   19.08333  9.13%   137  640s
 74234 18736   20.00000   57  184   21.00000   19.08712  9.11%   137  645s
 74929 18862   19.68148   48  221   21.00000   19.09091  9.09%   137  650s
 75632 18921     cutoff   52        21.00000   19.09662  9.06%   137  655s
 76290 19004   19.60447   50  300   21.00000   19.10047  9.05%   137  660s
 76944 19084   19.60508   51  240   21.00000   19.10546  9.02%   137  665s
 77564 19173   19.62679   52  254   21.00000   19.11111  8.99%   138  670s
 78277 19340   19.88230   56  268   21.00000   19.11337  8.98%   138  675s
 78941 19358   20.00000   50  170   21.00000   19.11905  8.96%   138  680s
 79494 19424   19.70490   53  212   21.00000   19.12354  8.94%   138  685s
 80103 19481   19.63136   48  217   21.00000   19.12783  8.92%   138  690s
 80756 19536   20.00000   52  210   21.00000   19.13346  8.89%   138  695s
 81368 19608   19.39654   50  390   21.00000   19.13751  8.87%   138  700s
 81818 19658   19.27606   45  289   21.00000   19.14130  8.85%   138  705s
 82463 19699   19.56778   55  287   21.00000   19.14551  8.83%   139  710s
 82976 19754   20.00000   55  125   21.00000   19.15108  8.80%   139  715s
 83545 19820     cutoff   57        21.00000   19.15508  8.79%   139  720s
 84190 19864   19.50280   47  226   21.00000   19.16032  8.76%   139  725s
 84779 19902   19.66667   49  212   21.00000   19.16601  8.73%   139  730s
 85357 19969   19.30000   51  217   21.00000   19.16667  8.73%   139  737s
 85783 20040   20.00000   52   92   21.00000   19.16667  8.73%   139  740s
 86451 20125   19.90000   53  116   21.00000   19.16838  8.72%   140  745s
 87083 20193     cutoff   48        21.00000   19.17534  8.69%   140  750s
 87709 20258     cutoff   53        21.00000   19.17970  8.67%   140  755s
 88297 20318     cutoff   63        21.00000   19.18444  8.65%   140  760s
 88667 20322     cutoff   64        21.00000   19.18833  8.63%   140  765s
 89332 20386     cutoff   61        21.00000   19.19276  8.61%   140  770s
 89979 20418   19.50000   49  220   21.00000   19.19945  8.57%   140  775s
 90678 20526   19.76161   52  197   21.00000   19.20153  8.56%   140  780s
 91168 20526   20.00000   51  200   21.00000   19.20794  8.53%   140  785s
 91673 20538   19.68277   53  305   21.00000   19.21212  8.51%   141  790s
 92269 20566   19.51746   50  222   21.00000   19.21656  8.49%   141  795s
 92858 20589   19.85790   49  261   21.00000   19.22221  8.47%   141  800s
 93528 20657   19.65618   52  278   21.00000   19.22727  8.44%   141  805s
 94210 20681     cutoff   58        21.00000   19.23333  8.41%   141  810s
 94888 20717   20.00000   56  204   21.00000   19.23985  8.38%   141  815s
 95521 20755   19.77778   50  269   21.00000   19.24578  8.35%   141  820s
 96142 20762   20.00000   57  149   21.00000   19.25000  8.33%   141  825s
 96757 20824   20.00000   52  107   21.00000   19.25000  8.33%   141  830s
 97354 20954     cutoff   56        21.00000   19.25000  8.33%   141  835s
 97929 21073   19.75000   51  180   21.00000   19.25000  8.33%   142  840s
 98584 21083   19.44229   48  235   21.00000   19.25632  8.30%   142  845s
 99198 21086   19.83547   47  298   21.00000   19.26167  8.28%   142  850s
 99728 21089   19.75533   62  246   21.00000   19.26551  8.26%   142  855s
 100372 21077     cutoff   59        21.00000   19.27085  8.23%   142  860s
 100951 21058   19.65608   52  204   21.00000   19.27586  8.21%   142  865s
 101520 21057   19.75000   52  212   21.00000   19.28000  8.19%   142  870s
 102107 21054   19.68217   54  229   21.00000   19.28561  8.16%   142  875s
 102588 21037   19.34622   46  300   21.00000   19.28921  8.15%   142  880s
 103047 21006   20.00000   57  207   21.00000   19.29343  8.13%   143  885s
 103622 20976   19.70420   60  287   21.00000   19.29803  8.10%   143  890s
 104208 21010   20.00000   57  154   21.00000   19.30000  8.10%   143  895s
 104838 21006   19.73083   53  241   21.00000   19.30578  8.07%   143  900s
 105421 20976   20.00000   55  168   21.00000   19.31211  8.04%   143  905s
 106038 20967   19.95264   58  194   21.00000   19.31729  8.01%   143  910s
 106651 20934   19.70513   52  295   21.00000   19.32281  7.99%   143  915s
 107257 20872   19.35924   49  249   21.00000   19.32922  7.96%   143  920s
 107841 20863     cutoff   61        21.00000   19.33333  7.94%   143  925s
 108482 20938   19.82595   55  259   21.00000   19.33333  7.94%   143  930s
 109069 21019   20.00000   50  168   21.00000   19.33333  7.94%   143  935s
 109740 21127   20.00000   55  220   21.00000   19.33333  7.94%   143  940s
 110336 21246     cutoff   59        21.00000   19.33333  7.94%   143  945s
 110946 21351   19.63145   54  339   21.00000   19.33498  7.93%   144  950s
 111522 21296     cutoff   58        21.00000   19.34087  7.90%   144  955s
 112115 21261   19.99278   52  317   21.00000   19.34576  7.88%   144  960s
 112737 21246     cutoff   63        21.00000   19.35126  7.85%   144  965s
 113267 21212   19.77806   52  260   21.00000   19.35723  7.82%   144  970s
 113694 21163   19.64914   56  201   21.00000   19.36068  7.81%   144  975s
 114378 21204   19.37500   47  227   21.00000   19.36364  7.79%   144  980s
 114941 21188     cutoff   55        21.00000   19.36842  7.77%   144  985s
 115555 21141   19.67306   49  240   21.00000   19.37413  7.74%   144  990s
 116212 21179     cutoff   53        21.00000   19.37640  7.73%   144  995s
 116715 21125   19.38259   49  226   21.00000   19.38095  7.71%   144 1000s
 117167 21211     cutoff   50        21.00000   19.38177  7.71%   144 1005s
 117820 21236   19.46935   51  345   21.00000   19.38511  7.69%   144 1010s
 118323 21248     cutoff   52        21.00000   19.38833  7.67%   144 1015s
 118921 21231   20.00000   56  193   21.00000   19.39210  7.66%   144 1020s
 119504 21180     cutoff   53        21.00000   19.39647  7.64%   144 1025s
 120139 21190   20.00000   62  139   21.00000   19.40000  7.62%   144 1030s
 120820 21253     cutoff   55        21.00000   19.40000  7.62%   144 1035s
 121412 21298   19.95397   62  203   21.00000   19.40139  7.61%   144 1040s
 122075 21270     cutoff   62        21.00000   19.40516  7.59%   144 1045s
 122670 21257   19.93535   54  262   21.00000   19.40840  7.58%   145 1050s
 123219 21230   19.45976   51  285   21.00000   19.41392  7.55%   145 1055s
 123777 21218   19.59063   48  375   21.00000   19.41769  7.53%   145 1065s
 124299 21233   19.50257   60  286   21.00000   19.42075  7.52%   145 1070s
 124813 21143     cutoff   57        21.00000   19.42578  7.50%   145 1075s
 125423 21110   19.97089   56  220   21.00000   19.42989  7.48%   145 1080s
 125836 21045   19.57886   45  339   21.00000   19.43484  7.45%   145 1085s
 126439 20979     cutoff   56        21.00000   19.43901  7.43%   145 1090s
 127033 20935     cutoff   57        21.00000   19.44278  7.42%   145 1095s
 127687 20918     cutoff   58        21.00000   19.44601  7.40%   145 1100s
 128278 20896   19.93339   51  211   21.00000   19.44978  7.38%   145 1105s
 128762 20850     cutoff   53        21.00000   19.45341  7.36%   145 1110s
 129309 20766     cutoff   55        21.00000   19.45838  7.34%   145 1115s
 129908 20757   19.68965   51  257   21.00000   19.46244  7.32%   145 1120s
 130562 20731   20.00000   48  231   21.00000   19.46651  7.30%   145 1125s
 131124 20708   19.64870   53  291   21.00000   19.46986  7.29%   145 1130s
 131700 20599     cutoff   53        21.00000   19.47494  7.26%   145 1135s
 132261 20520     cutoff   51        21.00000   19.47866  7.24%   146 1140s
 132796 20387     cutoff   55        21.00000   19.48468  7.22%   146 1145s
 133434 20297   19.74439   51  282   21.00000   19.49210  7.18%   146 1150s
 133952 20235   20.00000   57  128   21.00000   19.49719  7.16%   146 1155s
 134496 20216     cutoff   55        21.00000   19.50000  7.14%   146 1160s
 135216 20199     cutoff   52        21.00000   19.50000  7.14%   146 1165s
 135831 20195   19.76961   45  250   21.00000   19.50000  7.14%   146 1170s
 136344 20189   20.00000   56   93   21.00000   19.50000  7.14%   146 1175s
 136856 20204   19.50000   49  173   21.00000   19.50000  7.14%   146 1180s
 137451 20250   20.00000   57  183   21.00000   19.50000  7.14%   146 1185s
 138005 20286   20.00000   55  116   21.00000   19.50000  7.14%   146 1190s
 138562 20331   20.00000   68   74   21.00000   19.50000  7.14%   146 1195s
 139134 20346   19.77778   54  184   21.00000   19.50000  7.14%   146 1200s
 139725 20411     cutoff   48        21.00000   19.50000  7.14%   146 1205s
 140382 20467     cutoff   57        21.00000   19.50000  7.14%   146 1210s
 140819 20493   20.00000   55  198   21.00000   19.50000  7.14%   146 1215s
 141429 20539   19.69491   48  264   21.00000   19.50000  7.14%   146 1220s
 141969 20583   19.83333   52  125   21.00000   19.50000  7.14%   147 1225s
 142516 20617     cutoff   56        21.00000   19.50000  7.14%   147 1230s
 143058 20687     cutoff   52        21.00000   19.50000  7.14%   147 1235s
 143672 20772     cutoff   59        21.00000   19.50000  7.14%   147 1240s
 144123 20797   19.69832   55  317   21.00000   19.50133  7.14%   147 1245s
 144697 20713   20.00000   53  191   21.00000   19.50532  7.12%   147 1250s
 145244 20623   20.00000   53  235   21.00000   19.51000  7.10%   147 1255s
 145783 20506   19.80428   61  219   21.00000   19.51391  7.08%   147 1260s
 146327 20398   19.72226   57  297   21.00000   19.51843  7.06%   147 1265s
 146926 20286   19.88338   54  120   21.00000   19.52158  7.04%   147 1270s
 147386 20225   19.74410   52  300   21.00000   19.52481  7.02%   147 1275s
 148016 20103   20.00000   57  116   21.00000   19.52941  7.00%   147 1280s
 148643 20019     cutoff   58        21.00000   19.53361  6.98%   147 1285s
 149227 19894   20.00000   57  158   21.00000   19.53903  6.96%   147 1290s
 149816 19743     cutoff   52        21.00000   19.54375  6.93%   147 1295s
 150431 19588   20.00000   59  185   21.00000   19.54953  6.91%   147 1300s
 151064 19472     cutoff   51        21.00000   19.55459  6.88%   147 1305s
 151672 19382     cutoff   63        21.00000   19.55821  6.87%   147 1310s
 152265 19236   19.61799   57  236   21.00000   19.56342  6.84%   147 1315s
 152979 19175   19.95003   58  224   21.00000   19.56807  6.82%   147 1320s
 153536 18995     cutoff   57        21.00000   19.57391  6.79%   147 1325s
 153745 18927   19.62745   44  275   21.00000   19.57624  6.78%   147 1330s
 154360 18770     cutoff   64        21.00000   19.58180  6.75%   147 1335s
 154953 18647     cutoff   56        21.00000   19.58465  6.74%   147 1340s
 155559 18460     cutoff   56        21.00000   19.59106  6.71%   147 1345s
 156148 18257   19.69965   56  283   21.00000   19.59944  6.67%   147 1350s
 156740 18195     cutoff   50        21.00000   19.60096  6.66%   147 1355s
 157368 18035     cutoff   65        21.00000   19.60684  6.63%   147 1360s
 157940 17837   20.00000   56  211   21.00000   19.61417  6.60%   147 1365s
 158529 17608     cutoff   58        21.00000   19.62116  6.57%   147 1370s
 159171 17470   19.64265   51  351   21.00000   19.62528  6.55%   147 1375s
 159750 17250 infeasible   54        21.00000   19.63333  6.51%   147 1380s
 160368 17014   19.91723   54  291   21.00000   19.64144  6.47%   147 1385s
 161070 16735   19.82168   51  288   21.00000   19.65000  6.43%   147 1390s
 161750 16487   19.66840   51  177   21.00000   19.65846  6.39%   147 1395s
 162412 16264   20.00000   60   86   21.00000   19.66667  6.35%   147 1400s
 163024 16272   20.00000   52  162   21.00000   19.66667  6.35%   147 1405s
 163610 16223   19.95013   66  246   21.00000   19.66667  6.35%   147 1410s
 164229 16181   19.79810   51  229   21.00000   19.66667  6.35%   147 1415s
 164845 16192     cutoff   49        21.00000   19.66667  6.35%   147 1420s
 165375 16191   19.90000   56  195   21.00000   19.66667  6.35%   147 1425s
 165927 16072     cutoff   60        21.00000   19.66985  6.33%   147 1430s
 166373 15859   20.00000   55  220   21.00000   19.67705  6.30%   147 1435s
 166966 15611   19.90939   51  266   21.00000   19.68499  6.26%   147 1440s
 167592 15358   19.71419   57  293   21.00000   19.69413  6.22%   147 1445s
 168299 15088     cutoff   55        21.00000   19.70187  6.18%   147 1450s
 168939 14757     cutoff   54        21.00000   19.71179  6.13%   147 1455s
 169461 14571     cutoff   52        21.00000   19.71575  6.12%   147 1460s
 170139 14231   19.85302   51  299   21.00000   19.72539  6.07%   147 1465s
 170904 13803     cutoff   52        21.00000   19.74136  5.99%   147 1470s
 171582 13523     cutoff   60        21.00000   19.75000  5.95%   147 1475s
 172157 13462   19.75000   48  158   21.00000   19.75000  5.95%   147 1480s
 172645 13445     cutoff   57        21.00000   19.75000  5.95%   147 1485s
 173210 13441   20.00000   58  182   21.00000   19.75000  5.95%   147 1490s
 173685 13186     cutoff   55        21.00000   19.75911  5.91%   147 1495s
 174380 12867     cutoff   54        21.00000   19.77147  5.85%   147 1500s
 175167 12422   19.79015   53  198   21.00000   19.78823  5.77%   147 1505s
 175914 12125   19.81805   53  256   21.00000   19.80000  5.71%   147 1510s
 176522 11842     cutoff   57        21.00000   19.80985  5.67%   147 1515s
 177291 11456   20.00000   60  138   21.00000   19.82977  5.57%   147 1520s
 177970 11250   19.93355   57  195   21.00000   19.83492  5.55%   146 1525s
 178754 10863     cutoff   67        21.00000   19.85546  5.45%   146 1530s
 179554 10483     cutoff   51        21.00000   19.87719  5.35%   146 1535s
 180510  9936   19.92382   59  205   21.00000   19.91843  5.15%   146 1540s
 181474  9246   19.98814   59  224   21.00000   19.98652  4.83%   145 1545s
 182153  9026   20.00000   60  140   21.00000   20.00000  4.76%   145 1550s
 182856  8898     cutoff   59        21.00000   20.00000  4.76%   145 1555s
 183422  8780   20.00000   65   86   21.00000   20.00000  4.76%   145 1560s
 184233  8724   20.00000   61   93   21.00000   20.00000  4.76%   145 1565s
 184815  8526     cutoff   64        21.00000   20.00000  4.76%   145 1570s
 185313  8423     cutoff   55        21.00000   20.00000  4.76%   145 1575s
 185820  8252     cutoff   55        21.00000   20.00000  4.76%   145 1580s
 186417  8053     cutoff   55        21.00000   20.00000  4.76%   145 1585s
 186891  7853     cutoff   55        21.00000   20.00000  4.76%   146 1590s
 187507  7685   20.00000   53  227   21.00000   20.00000  4.76%   146 1595s
 188235  7586   20.00000   58  152   21.00000   20.00000  4.76%   145 1600s
 188857  7458   20.00000   60  179   21.00000   20.00000  4.76%   145 1605s
 189439  7293   20.00000   54  148   21.00000   20.00000  4.76%   145 1610s
 190089  7206     cutoff   52        21.00000   20.00000  4.76%   145 1615s
 190573  7050     cutoff   57        21.00000   20.00000  4.76%   146 1620s
 191097  6911     cutoff   63        21.00000   20.00000  4.76%   146 1625s
 191587  6711 infeasible   62        21.00000   20.00000  4.76%   146 1630s
 192254  6581   20.00000   56  123   21.00000   20.00000  4.76%   146 1635s
 192785  6427   20.00000   55  155   21.00000   20.00000  4.76%   146 1640s
 193443  6356   20.00000   71   93   21.00000   20.00000  4.76%   146 1645s
 194109  6251     cutoff   62        21.00000   20.00000  4.76%   146 1650s
 194573  6211   20.00000   51  156   21.00000   20.00000  4.76%   146 1655s
 195176  6059     cutoff   57        21.00000   20.00000  4.76%   146 1660s
 195568  5986   20.00000   63   62   21.00000   20.00000  4.76%   146 1665s
 196093  5865     cutoff   56        21.00000   20.00000  4.76%   146 1670s
 196682  5809   20.00000   55  138   21.00000   20.00000  4.76%   146 1675s
 197227  5747     cutoff   53        21.00000   20.00000  4.76%   146 1680s
 197763  5619     cutoff   54        21.00000   20.00000  4.76%   146 1685s
 198238  5515     cutoff   51        21.00000   20.00000  4.76%   146 1690s
 198778  5409   20.00000   59  205   21.00000   20.00000  4.76%   146 1695s
 199303  5304   20.00000   68   44   21.00000   20.00000  4.76%   146 1700s
 199907  5212   20.00000   52  151   21.00000   20.00000  4.76%   146 1705s
 200444  5065     cutoff   54        21.00000   20.00000  4.76%   146 1710s
 201104  5035     cutoff   61        21.00000   20.00000  4.76%   146 1715s
 201716  4929     cutoff   60        21.00000   20.00000  4.76%   146 1720s
 202223  4845     cutoff   65        21.00000   20.00000  4.76%   146 1725s
 202849  4721   20.00000   60  109   21.00000   20.00000  4.76%   146 1730s
 203635  4672     cutoff   61        21.00000   20.00000  4.76%   146 1735s
 204163  4560   20.00000   54  174   21.00000   20.00000  4.76%   146 1740s
 204690  4435     cutoff   56        21.00000   20.00000  4.76%   146 1745s
 205114  4377   20.00000   66   62   21.00000   20.00000  4.76%   146 1750s
 205508  4302     cutoff   56        21.00000   20.00000  4.76%   147 1755s
 205908  4204   20.00000   56  139   21.00000   20.00000  4.76%   147 1760s
 206362  4117   20.00000   66  109   21.00000   20.00000  4.76%   147 1765s
 206916  4032     cutoff   57        21.00000   20.00000  4.76%   147 1770s
 207330  3931   20.00000   52   96   21.00000   20.00000  4.76%   147 1775s
 207807  3844   20.00000   58  191   21.00000   20.00000  4.76%   147 1780s
 208263  3754   20.00000   59  190   21.00000   20.00000  4.76%   147 1785s
 208956  3709     cutoff   54        21.00000   20.00000  4.76%   147 1790s
 209406  3623     cutoff   64        21.00000   20.00000  4.76%   147 1795s
 209849  3525     cutoff   61        21.00000   20.00000  4.76%   147 1800s
 210395  3438     cutoff   57        21.00000   20.00000  4.76%   147 1805s
 210986  3356   20.00000   50  151   21.00000   20.00000  4.76%   147 1810s
 211451  3275   20.00000   62  159   21.00000   20.00000  4.76%   147 1815s
 212183  3206   20.00000   56  161   21.00000   20.00000  4.76%   147 1820s
 212758  3196   20.00000   67  100   21.00000   20.00000  4.76%   147 1828s
 212984  3174   20.00000   54  150   21.00000   20.00000  4.76%   147 1830s
 213431  3122   20.00000   64  115   21.00000   20.00000  4.76%   147 1835s
 213903  3069   20.00000   59  102   21.00000   20.00000  4.76%   147 1840s
 214392  2989   20.00000   62  188   21.00000   20.00000  4.76%   148 1845s
 215005  2946   20.00000   61  116   21.00000   20.00000  4.76%   147 1850s
 215608  2877   20.00000   52  206   21.00000   20.00000  4.76%   148 1855s
 216010  2807     cutoff   58        21.00000   20.00000  4.76%   148 1860s
 216629  2726     cutoff   50        21.00000   20.00000  4.76%   148 1865s
 217252  2678   20.00000   64  114   21.00000   20.00000  4.76%   148 1870s
 218218  2649     cutoff   57        21.00000   20.00000  4.76%   147 1875s
 218689  2591   20.00000   52  114   21.00000   20.00000  4.76%   147 1880s
 219162  2501   20.00000   54  166   21.00000   20.00000  4.76%   148 1885s
 219674  2437     cutoff   65        21.00000   20.00000  4.76%   148 1890s
 220240  2391     cutoff   64        21.00000   20.00000  4.76%   148 1895s
 220794  2365   20.00000   61  104   21.00000   20.00000  4.76%   148 1900s
 221393  2288     cutoff   62        21.00000   20.00000  4.76%   148 1905s
 221876  2241   20.00000   62  146   21.00000   20.00000  4.76%   148 1910s
 222498  2205     cutoff   47        21.00000   20.00000  4.76%   148 1915s
 222953  2140   20.00000   58  104   21.00000   20.00000  4.76%   148 1920s
 223398  2064     cutoff   49        21.00000   20.00000  4.76%   148 1925s
 223900  2000     cutoff   54        21.00000   20.00000  4.76%   148 1930s
 224256  1921   20.00000   47  164   21.00000   20.00000  4.76%   148 1935s
 224642  1853   20.00000   50  195   21.00000   20.00000  4.76%   148 1940s
 225324  1801     cutoff   61        21.00000   20.00000  4.76%   148 1945s
 225768  1736 infeasible   57        21.00000   20.00000  4.76%   148 1950s
 226218  1638     cutoff   60        21.00000   20.00000  4.76%   148 1955s
 226794  1542     cutoff   55        21.00000   20.00000  4.76%   148 1960s
 227203  1443     cutoff   54        21.00000   20.00000  4.76%   149 1965s
 227814  1365     cutoff   73        21.00000   20.00000  4.76%   149 1970s
 228404  1298     cutoff   53        21.00000   20.00000  4.76%   149 1975s
 228943  1252     cutoff   58        21.00000   20.00000  4.76%   149 1980s
 229375  1213   20.00000   69  129   21.00000   20.00000  4.76%   149 1985s
 229969  1177     cutoff   56        21.00000   20.00000  4.76%   149 1990s
 230461  1122     cutoff   62        21.00000   20.00000  4.76%   149 1995s
 230916  1068   20.00000   56  150   21.00000   20.00000  4.76%   149 2000s
 231314  1001   20.00000   53  164   21.00000   20.00000  4.76%   149 2005s
 231626   973   20.00000   60  138   21.00000   20.00000  4.76%   149 2010s
 232002   891     cutoff   54        21.00000   20.00000  4.76%   149 2015s
 232353   829     cutoff   55        21.00000   20.00000  4.76%   149 2020s
 232899   768   20.00000   51  151   21.00000   20.00000  4.76%   149 2025s
 233338   701     cutoff   53        21.00000   20.00000  4.76%   150 2030s
 233764   634   20.00000   58  150   21.00000   20.00000  4.76%   150 2035s
 234297   578     cutoff   58        21.00000   20.00000  4.76%   150 2040s
 234720   521 infeasible   62        21.00000   20.00000  4.76%   150 2045s
 235050   446   20.00000   50  197   21.00000   20.00000  4.76%   150 2050s
 235386   363   20.00000   59  228   21.00000   20.00000  4.76%   150 2055s
 235839   304     cutoff   55        21.00000   20.00000  4.76%   150 2060s
 236240   259   20.00000   59  239   21.00000   20.00000  4.76%   150 2065s
 236619   194     cutoff   57        21.00000   20.00000  4.76%   150 2070s
 236986   115     cutoff   63        21.00000   20.00000  4.76%   151 2075s
 237909    70     cutoff   71        21.00000   20.00000  4.76%   150 2080s

Cutting planes:
  Gomory: 14
  Cover: 298
  Implied bound: 164
  Clique: 4
  MIR: 635
  Mixing: 4
  StrongCG: 13
  Flow cover: 1466
  GUB cover: 145
  Inf proof: 13
  Zero half: 194
  RLT: 77
  Relax-and-lift: 68
  BQP: 13

Explored 238447 nodes (35849784 simplex iterations) in 2082.97 seconds (2104.43 work units)
Thread count was 1 (of 16 available processors)

Solution count 10: 21 21 21 ... 26

Optimal solution found (tolerance 1.00e-04)
Best objective 2.100000000000e+01, best bound 2.000000233140e+01, gap 4.7619%

User-callback calls 964530, time in user-callback 0.82 sec

 sepatime0 0 0
21.0Stat(MathOptInterface.OPTIMAL, 21.0, 20.000002331401, 0.04761893659995241, 0.0, 1.752326, 2082.966976881027, 238447, Main.CFLG.LEFPA, "", #undef)
