Data path: /scratch/opt/lxu/CFLG/benchmarks/city
Instance: city_628.txt
Result path: /scratch/opt/lxu/CFLG/results/city
Solver: Gurobi
Time limit: 7200
Formulation: EF
Cover: Large
julia --project=. src/main.jl /scratch/opt/lxu/CFLG/benchmarks/city city_628.txt /scratch/opt/lxu/CFLG/results/city Gurobi 7200 EF Large
The latest version of Julia in the `release` channel is 1.11.5+0.x64.linux.gnu. You currently have `1.11.4+0.x64.linux.gnu` installed. Run:

  juliaup update

in your terminal shell to install Julia 1.11.5+0.x64.linux.gnu and update the `release` channel to that version.
/scratch/opt/lxu/CFLG/benchmarks/city Gurobi 7200.0 /scratch/opt/lxu/CFLG/results/city city_628.txt EF Large
/scratch/opt/lxu/CFLG/benchmarks/city/city_628.txt

 read graph
data loaded


after absorb:397 465

max_piece:5
problem_graph/original graph: node: 486/465 edge: 649/628 dlt: 0.3884405700097162 break_avg_len: 0.18793580736987825 break_max_len: 0.3855932203389831elapsed CPU time: 0.37037 seconds
Set parameter TokenServer to value "solice01.zib.de"
Set parameter Threads to value 1
Set parameter OutputFlag to value 1
Set parameter MIPGap to value 0.0001
Set parameter TimeLimit to value 7199.62963
slurmstepd-htc-cmp438: error: Detected 1 oom_kill event in StepId=14622874.0. Some of the step tasks have been OOM Killed.
srun: error: htc-cmp438: task 0: Out Of Memory
