Data path: /scratch/opt/lxu/CFLG/benchmarks/Kgroup_A
Instance: K100.1.red
Result path: /scratch/opt/lxu/CFLG/results/Kgroup_A
Solver: Gurobi
Time limit: 3600
Formulation: LEFPD
Cover: Small
julia --project=. src/main.jl /scratch/opt/lxu/CFLG/benchmarks/Kgroup_A K100.1.red /scratch/opt/lxu/CFLG/results/Kgroup_A Gurobi 3600 LEFPD Small
The latest version of Julia in the `release` channel is 1.11.5+0.x64.linux.gnu. You currently have `1.11.4+0.x64.linux.gnu` installed. Run:

  juliaup update

in your terminal shell to install Julia 1.11.5+0.x64.linux.gnu and update the `release` channel to that version.
/scratch/opt/lxu/CFLG/benchmarks/Kgroup_A Gurobi 3600.0 /scratch/opt/lxu/CFLG/results/Kgroup_A K100.1.red LEFPD Small
/scratch/opt/lxu/CFLG/benchmarks/Kgroup_A/K100.1.red

 read graph
data loaded


after absorb:42 42

max_piece:20
problem_graph/original graph: node: 66/42 edge: 209/185 dlt: 0.05086356964332492 break_avg_len: 0.18009110782804053 break_max_len: 1.0elapsed CPU time: 0.04554 seconds
Set parameter TokenServer to value "solice01.zib.de"
Set parameter Threads to value 1
Set parameter OutputFlag to value 1
Set parameter MIPGap to value 0.0001
Set parameter MIPGapAbs to value 1
Set parameter TimeLimit to value 3599.95446

 more cuts:false
formulation:LEFPD153 56 24

 model loaded

Gurobi Optimizer version 12.0.1 build v12.0.1rc0 (linux64 - "Debian GNU/Linux 12 (bookworm)")

CPU model: Intel(R) Xeon(R) Gold 5222 CPU @ 3.80GHz, instruction set [SSE2|AVX|AVX2|AVX512]
Thread count: 8 physical cores, 16 logical processors, using up to 1 threads

Non-default parameters:
TimeLimit  3599.95446
MIPGapAbs  1
Threads  1

Optimize a model with 7266 rows, 4484 columns and 20945 nonzeros
Model fingerprint: 0x576314bc
Variable types: 1908 continuous, 2576 integer (2576 binary)
Coefficient statistics:
  Matrix range     [5e-08, 1e+00]
  Objective range  [1e+00, 1e+00]
  Bounds range     [2e-03, 1e+00]
  RHS range        [1e-03, 2e+00]
Presolve removed 4383 rows and 1426 columns
Presolve time: 0.09s
Presolved: 2883 rows, 3058 columns, 13537 nonzeros
Variable types: 1559 continuous, 1499 integer (1499 binary)
Found heuristic solution: objective 461.0000000
Found heuristic solution: objective 460.0000000

Root relaxation: objective 2.802051e+02, 1578 iterations, 0.02 seconds (0.02 work units)

    Nodes    |    Current Node    |     Objective Bounds      |     Work
 Expl Unexpl |  Obj  Depth IntInf | Incumbent    BestBd   Gap | It/Node Time

     0     0  280.20514    0  167  460.00000  280.20514  39.1%     -    0s
H    0     0                     447.0000000  280.20514  37.3%     -    0s
H    0     0                     442.0000000  280.20514  36.6%     -    0s
H    0     0                     440.0000000  280.20514  36.3%     -    0s
     0     0  286.15939    0  246  440.00000  286.15939  35.0%     -    0s
     0     0  286.25124    0  241  440.00000  286.25124  34.9%     -    0s
     0     0  286.32407    0  246  440.00000  286.32407  34.9%     -    0s
     0     0  286.32798    0  244  440.00000  286.32798  34.9%     -    0s
     0     0  289.92528    0  343  440.00000  289.92528  34.1%     -    0s
     0     0  290.07968    0  337  440.00000  290.07968  34.1%     -    0s
     0     0  290.14187    0  354  440.00000  290.14187  34.1%     -    0s
     0     0  290.18430    0  358  440.00000  290.18430  34.0%     -    0s
     0     0  292.14895    0  378  440.00000  292.14895  33.6%     -    0s
     0     0  292.30109    0  378  440.00000  292.30109  33.6%     -    0s
     0     0  292.36831    0  376  440.00000  292.36831  33.6%     -    0s
     0     0  292.39640    0  395  440.00000  292.39640  33.5%     -    0s
     0     0  292.39953    0  394  440.00000  292.39953  33.5%     -    0s
     0     0  293.27629    0  389  440.00000  293.27629  33.3%     -    0s
H    0     0                     439.0000000  293.27710  33.2%     -    0s
H    0     0                     423.0000000  293.27710  30.7%     -    0s
     0     0  293.34574    0  411  423.00000  293.34574  30.7%     -    0s
     0     0  293.36159    0  420  423.00000  293.36159  30.6%     -    0s
     0     0  293.36190    0  420  423.00000  293.36190  30.6%     -    0s
     0     0  293.47663    0  422  423.00000  293.47663  30.6%     -    0s
     0     0  293.53571    0  431  423.00000  293.53571  30.6%     -    0s
     0     0  293.55652    0  433  423.00000  293.55652  30.6%     -    0s
     0     0  293.56747    0  434  423.00000  293.56747  30.6%     -    0s
     0     0  293.56898    0  434  423.00000  293.56898  30.6%     -    0s
     0     0  293.77989    0  426  423.00000  293.77989  30.5%     -    0s
     0     0  293.83027    0  434  423.00000  293.83027  30.5%     -    1s
     0     0  293.85196    0  452  423.00000  293.85196  30.5%     -    1s
     0     0  293.85341    0  449  423.00000  293.85341  30.5%     -    1s
     0     0  293.93433    0  438  423.00000  293.93433  30.5%     -    1s
     0     0  293.94526    0  434  423.00000  293.94526  30.5%     -    1s
     0     0  293.94570    0  439  423.00000  293.94570  30.5%     -    1s
     0     0  293.96327    0  450  423.00000  293.96327  30.5%     -    1s
     0     0  293.96657    0  435  423.00000  293.96657  30.5%     -    1s
     0     2  293.96707    0  432  423.00000  293.96707  30.5%     -    1s
H   52    52                     398.0000000  294.28808  26.1%  82.8    1s
H   52    52                     391.0000000  294.28808  24.7%  82.8    1s
H   54    54                     321.0000000  294.28808  8.32%  81.2    1s
H   54    54                     320.0000000  294.28808  8.03%  81.2    1s
H   78    78                     318.0000000  294.28808  7.46%  66.1    2s
H   78    78                     317.0000000  294.28808  7.16%  66.1    2s
H   78    78                     316.0000000  294.28808  6.87%  66.1    2s
H   81    81                     314.0000000  294.28808  6.28%  66.2    2s
H   81    81                     312.0000000  294.28808  5.68%  66.2    2s
H  244   220                     311.0000000  294.29479  5.37%  38.5    2s
H  271   242                     310.0000000  294.29479  5.07%  39.9    2s
H  409   325                     309.0000000  294.29479  4.76%  32.3    2s
   559   460  297.39911   36  383  309.00000  295.10841  4.50%  32.5    5s
   627   505  296.75392   16  461  309.00000  296.75392  3.96%  28.9   10s
H  649   492                     308.0000000  296.99842  3.57%  28.0   12s
   683   516  298.06925   41  424  308.00000  297.06191  3.55%  68.7   15s
   748   562  298.31790   48  291  308.00000  297.17180  3.52%  90.2   20s
   964   687  303.97978   81  144  308.00000  297.17227  3.52%  93.4   25s
H  979   655                     307.0000000  297.17227  3.20%  93.1   25s
  1180   764  298.73434   47  297  307.00000  297.19687  3.19%  94.7   30s
  1545   969  297.84968   32  402  307.00000  297.32366  3.15%  95.6   35s
  2007  1212  302.51491   62  142  307.00000  297.43136  3.12%  92.1   40s
  2439  1505  302.48892   56  232  307.00000  297.43803  3.11%  89.9   45s
  2920  1919  302.84869   75  186  307.00000  297.49651  3.10%  88.6   50s
  3155  2121  301.33248   59  184  307.00000  297.53082  3.08%  89.1   55s
  3556  2452  305.76629   83   86  307.00000  297.59778  3.06%  88.8   60s
H 3854  2434                     305.9999995  297.60536  2.74%  89.0   64s
  3908  2473  303.91046   76  120  306.00000  297.61269  2.74%  88.9   65s
  4185  2694  299.55740   38  356  306.00000  297.62314  2.74%  90.3   70s
  4440  2920  303.28984   54  221  306.00000  297.62928  2.74%  93.2   75s
  4760  3182  302.84980   62  144  306.00000  297.65736  2.73%  94.5   80s
  5049  3410  299.81761   42  267  306.00000  297.68386  2.72%  95.1   85s
  5356  3648  298.51875   38  422  306.00000  297.70590  2.71%  95.7   90s
  5721  3931  301.10926   45  253  306.00000  297.75882  2.69%  95.4   95s
  6052  4180  298.75908   37  369  306.00000  297.78190  2.69%  95.6  100s
  6433  4452  297.88851   33  414  306.00000  297.80304  2.68%  95.5  105s
  6814  4756  298.17088   38  407  306.00000  297.83579  2.67%  95.2  110s
  7139  5006  298.61829   37  329  306.00000  297.84666  2.66%  95.8  115s
  7390  5202  304.76354   71  158  306.00000  297.86416  2.66%  95.0  120s
  7748  5489  300.80749   49  288  306.00000  297.88554  2.65%  95.0  125s
  8064  5722     cutoff   50       306.00000  297.88933  2.65%  95.9  130s
  8497  6066  298.09392   33  421  306.00000  297.90696  2.64%  95.4  135s
  8867  6363  298.14649   35  376  306.00000  297.93446  2.64%  95.5  140s
  9292  6690  300.08124   46  277  306.00000  297.95537  2.63%  94.9  145s
  9667  6983  301.25097   56  232  306.00000  297.96912  2.62%  94.8  150s
 10061  7279  301.98685   50  206  306.00000  297.98211  2.62%  94.3  155s
 10203  7396  299.45151   43  435  306.00000  297.98672  2.62%  94.0  186s
 10230  7414  304.10863   87  476  306.00000  297.98672  2.62%  93.8  190s
 10274  7445  298.85920   55  284  306.00000  297.98672  2.62%  95.2  195s
 10426  7530  298.87492   47  303  306.00000  297.98672  2.62%  95.7  200s
 10563  7606  301.96702   65  228  306.00000  297.98672  2.62%  95.9  205s
 10734  7687  299.57761   48  329  306.00000  297.98672  2.62%  96.2  210s
 10859  7752  301.37294   61  225  306.00000  297.99831  2.61%  96.5  215s
 11126  7846  299.21604   46  379  306.00000  298.08764  2.59%  96.2  220s
 11381  7983  298.69830   44  410  306.00000  298.13909  2.57%  96.7  225s
 11730  8174  299.34446   52  387  306.00000  298.23224  2.54%  96.8  230s
 12035  8320  299.06065   44  462  306.00000  298.36993  2.49%  97.5  235s
 12351  8471  301.23625   55  291  306.00000  298.43064  2.47%  98.2  240s
 12679  8610  299.19111   45  385  306.00000  298.44606  2.47%  98.6  245s
 13024  8770  299.62255   49  368  306.00000  298.46983  2.46%  98.8  250s
 13383  8945  299.63486   54  380  306.00000  298.51209  2.45%  99.2  255s
 13721  9101  299.04185   48  399  306.00000  298.54243  2.44%  99.4  260s
 14080  9241  300.27809   47  322  306.00000  298.58318  2.42%   100  265s
 14426  9396  299.48935   47  383  306.00000  298.61355  2.41%   100  270s
 14732  9548  302.56480   63  252  306.00000  298.62555  2.41%   100  275s
 15024  9668  299.30401   46  395  306.00000  298.66414  2.40%   101  280s
 15379  9804  299.32807   46  415  306.00000  298.69830  2.39%   101  285s
 15707  9957  302.49406   76  225  306.00000  298.71784  2.38%   102  290s
 16109 10131  299.97245   49  413  306.00000  298.75314  2.37%   102  295s
 16430 10263  300.73527   47  341  306.00000  298.77374  2.36%   102  300s
 16732 10411  302.79465   74  140  306.00000  298.78093  2.36%   103  305s
 17087 10550  299.75317   55  340  306.00000  298.79422  2.35%   103  312s
 17244 10621  301.24894   54  325  306.00000  298.80663  2.35%   104  315s
 17612 10791  299.72708   49  344  306.00000  298.84592  2.34%   104  320s
 17937 10953  298.90257   47  368  306.00000  298.86210  2.33%   104  325s
 18304 11108  299.71363   48  359  306.00000  298.88457  2.33%   104  330s
 18605 11250  299.28171   45  460  306.00000  298.90158  2.32%   105  335s
 18936 11374  298.97675   48  388  306.00000  298.92069  2.31%   105  340s
 19228 11488  301.82170   68  250  306.00000  298.93032  2.31%   105  345s
 19557 11611  302.83124   70  237  306.00000  298.93774  2.31%   105  350s
 19943 11780  300.64677   56  299  306.00000  298.95376  2.30%   106  355s
 20204 11879  299.45446   46  441  306.00000  298.96750  2.30%   106  360s
 20628 12040  299.21274   48  370  306.00000  298.97677  2.30%   106  365s
 21048 12235  299.61496   47  386  306.00000  298.99483  2.29%   107  370s
 21487 12426  300.46895   47  341  306.00000  299.01209  2.28%   107  375s
 21882 12575  299.11826   44  422  306.00000  299.02302  2.28%   107  380s
 22381 12797  299.89878   49  367  306.00000  299.03185  2.28%   107  385s
 22754 12943  301.50791   60  313  306.00000  299.04735  2.27%   107  390s
 23046 13070  300.90878   59  273  306.00000  299.05739  2.27%   108  395s
 23407 13228  304.19394   89  166  306.00000  299.06311  2.27%   108  400s
 23719 13370  300.71631   56  323  306.00000  299.06921  2.26%   108  405s
 24064 13508  301.67850   61  254  306.00000  299.07310  2.26%   109  410s
 24448 13653  299.42779   45  467  306.00000  299.09542  2.26%   109  415s
 24872 13814  303.42921   73  186  306.00000  299.10565  2.25%   109  420s
 25209 13951  301.39666   58  294  306.00000  299.11125  2.25%   109  425s
 25649 14109  299.97509   48  351  306.00000  299.12176  2.25%   110  430s
 26079 14280  299.34118   46  467  306.00000  299.12797  2.25%   110  435s
 26461 14395  299.17718   48  395  306.00000  299.13258  2.24%   110  440s
 26818 14570  302.44745   71  241  306.00000  299.13539  2.24%   111  445s
 27201 14727  300.94559   57  334  306.00000  299.14392  2.24%   111  450s
 27582 14871  300.30512   51  368  306.00000  299.15616  2.24%   111  455s
 27946 15001  302.92551   71  253  306.00000  299.17313  2.23%   111  460s
 28310 15160  304.97430   94  145  306.00000  299.18192  2.23%   112  465s
 28717 15336  302.40267   69  235  306.00000  299.18920  2.23%   112  470s
 29081 15464  301.40006   61  320  306.00000  299.19604  2.22%   112  475s
 29423 15599  299.53441   50  387  306.00000  299.20116  2.22%   112  480s
 29823 15765  300.40410   50  310  306.00000  299.21242  2.22%   112  485s
 30200 15886  300.17740   51  297  306.00000  299.21616  2.22%   112  490s
 30576 16047  300.30148   51  312  306.00000  299.22052  2.22%   112  495s
 30963 16203  299.98448   53  328  306.00000  299.22580  2.21%   112  500s
 31405 16353     cutoff   82       306.00000  299.23422  2.21%   113  505s
 31834 16538  301.00163   63  354  306.00000  299.24501  2.21%   113  510s
 32241 16686  303.52724   61  289  306.00000  299.25444  2.20%   113  515s
 32629 16894  299.46344   48  392  306.00000  299.26293  2.20%   113  520s
 32978 17165  302.72655   65  246  306.00000  299.26749  2.20%   113  525s
 33324 17415  302.36514   67  217  306.00000  299.27172  2.20%   113  530s
 33705 17678  300.46178   48  399  306.00000  299.28087  2.20%   113  535s
 34055 17949  299.65092   46  407  306.00000  299.28578  2.19%   114  540s
 34354 18179  300.51896   52  361  306.00000  299.28796  2.19%   114  545s
 34757 18426  300.92117   53  301  306.00000  299.29089  2.19%   114  550s
 35094 18687  299.76687   46  488  306.00000  299.29723  2.19%   114  555s
 35319 18860  301.42780   61  265  306.00000  299.29827  2.19%   114  560s
 35720 19101  300.12977   47  369  306.00000  299.30407  2.19%   114  565s
 36072 19354  299.87930   49  377  306.00000  299.31174  2.19%   115  570s
 36357 19555  300.49664   55  320  306.00000  299.31758  2.18%   115  575s
 36756 19844  300.52904   53  377  306.00000  299.32080  2.18%   115  580s
 37147 20126  299.61148   47  374  306.00000  299.32380  2.18%   115  585s
 37453 20360  301.08745   64  241  306.00000  299.32702  2.18%   115  590s
 37843 20667  299.72930   48  450  306.00000  299.33127  2.18%   115  595s
 38220 20925  300.92031   53  282  306.00000  299.33677  2.18%   115  600s
 38650 21245  300.86259   57  314  306.00000  299.33934  2.18%   115  605s
 39062 21565  299.92299   50  309  306.00000  299.34352  2.18%   115  610s
 39481 21830  300.03445   52  351  306.00000  299.34633  2.17%   115  615s
 39814 22079  300.33736   52  339  306.00000  299.34946  2.17%   115  620s
 40213 22366  300.20971   49  395  306.00000  299.35146  2.17%   115  625s
 40500 22571  300.78451   56  286  306.00000  299.35718  2.17%   115  630s
 40820 22800  301.01914   54  295  306.00000  299.36510  2.17%   115  635s
 41183 23042  300.25085   56  320  306.00000  299.37167  2.17%   116  640s
 41536 23294  300.92574   56  343  306.00000  299.37639  2.16%   116  645s
 41955 23617  299.91975   49  426  306.00000  299.37941  2.16%   116  650s
 42332 23905  303.80424   81  265  306.00000  299.38313  2.16%   116  655s
 42687 24157  301.08807   60  301  306.00000  299.38606  2.16%   116  660s
 43065 24454  299.67010   52  390  306.00000  299.38950  2.16%   116  665s
 43403 24691  301.96147   54  360  306.00000  299.39324  2.16%   116  670s
 43710 24911  301.64618   61  367  306.00000  299.39926  2.16%   116  675s
 44030 25145  301.13283   58  381  306.00000  299.40367  2.16%   116  680s
 44377 25396  302.90152   72  261  306.00000  299.40772  2.15%   116  685s
 44729 25616  302.96055   65  185  306.00000  299.41097  2.15%   116  690s
 45083 25886  300.77161   55  363  306.00000  299.41519  2.15%   117  695s
 45401 26124  301.04869   55  409  306.00000  299.41949  2.15%   117  700s
 45728 26351  300.17048   53  344  306.00000  299.42700  2.15%   117  705s
 46111 26614  300.55466   47  438  306.00000  299.42883  2.15%   117  710s
 46430 26852  301.48673   63  347  306.00000  299.43191  2.15%   117  715s
 46806 27115  300.90796   56  246  306.00000  299.43551  2.15%   117  720s
 47134 27358  300.44058   60  244  306.00000  299.43753  2.14%   117  725s
 47503 27621  300.24998   55  405  306.00000  299.44002  2.14%   117  730s
 47869 27878  302.42143   71  215  306.00000  299.44271  2.14%   117  735s
 48291 28176  300.70806   54  404  306.00000  299.44582  2.14%   117  740s
 48635 28434  299.63260   50  416  306.00000  299.45055  2.14%   117  745s
 49055 28687 infeasible   76       306.00000  299.45423  2.14%   117  750s
 49445 28985  300.72161   55  346  306.00000  299.46160  2.14%   117  755s
 49822 29251  301.14784   56  339  306.00000  299.46463  2.14%   117  760s
 50167 29492  304.41630   84  229  306.00000  299.47077  2.13%   117  765s
 50589 29785  301.67744   64  276  306.00000  299.47693  2.13%   117  770s
 50697 29861  300.39739   56  336  306.00000  299.47745  2.13%   117  776s
 50933 30044  300.37312   50  365  306.00000  299.47931  2.13%   117  780s
 51300 30314  299.82606   48  414  306.00000  299.48167  2.13%   118  785s
 51706 30582  300.52217   51  377  306.00000  299.48336  2.13%   118  790s
 52103 30852  299.58123   48  421  306.00000  299.48686  2.13%   118  795s
 52464 31119  300.94122   56  351  306.00000  299.49010  2.13%   118  800s
 52877 31433  303.03083   78  222  306.00000  299.49337  2.13%   118  805s
 53270 31691  299.94468   49  376  306.00000  299.49858  2.12%   118  810s
 53652 31979  304.42231   80   34  306.00000  299.50068  2.12%   118  815s
 54080 32264  300.22660   49  374  306.00000  299.50232  2.12%   118  820s
 54444 32509  299.94732   52  399  306.00000  299.50500  2.12%   118  825s
 54745 32753  300.62372   49  388  306.00000  299.50608  2.12%   118  830s
 55106 33028  301.07862   53  301  306.00000  299.50920  2.12%   118  835s
 55434 33263  300.69837   56  323  306.00000  299.51150  2.12%   118  840s
 55819 33559  303.60895   73  230  306.00000  299.51335  2.12%   118  845s
 56174 33796  300.16690   51  402  306.00000  299.51593  2.12%   118  850s
 56493 33995  300.11217   52  393  306.00000  299.51836  2.12%   118  855s
 56832 34246  302.26601   59  275  306.00000  299.51962  2.12%   118  860s
 57154 34477  304.72912   74  177  306.00000  299.52201  2.12%   119  865s
H57551 29194                     305.0000000  299.52652  1.79%   118  869s
 57593 29227  302.99805   62  257  305.00000  299.52659  1.79%   118  870s
 57904 29425  300.50477   51  313  305.00000  299.52994  1.79%   119  875s
 58245 29637  300.03026   49  400  305.00000  299.53243  1.79%   119  880s
 58537 29834  300.12414   55  381  305.00000  299.53685  1.79%   119  885s
 58846 30042  301.78147   64  291  305.00000  299.53879  1.79%   119  890s
 59133 30216  301.32568   59  359  305.00000  299.54250  1.79%   119  895s
 59467 30439  300.03972   48  441  305.00000  299.54579  1.79%   119  900s
 59774 30659  303.56929   81  170  305.00000  299.54765  1.79%   119  905s
 60039 30813  300.46887   50  389  305.00000  299.55220  1.79%   120  910s
 60365 31056  302.35216   54  347  305.00000  299.55392  1.79%   120  915s
 60691 31284  302.66937   65  261  305.00000  299.55613  1.78%   120  920s
 61047 31493  301.42525   50  305  305.00000  299.56005  1.78%   120  925s
 61293 31645  300.00825   53  333  305.00000  299.56266  1.78%   120  930s
 61594 31834  300.46461   61  359  305.00000  299.56472  1.78%   120  935s
 61943 32029     cutoff   76       305.00000  299.56751  1.78%   120  940s
 62179 32181  302.06086   65  282  305.00000  299.56919  1.78%   120  945s
 62471 32374  302.09987   57  262  305.00000  299.57408  1.78%   120  950s
 62761 32583  300.46711   51  292  305.00000  299.57517  1.78%   121  955s
 63039 32784  301.94743   63  279  305.00000  299.57772  1.78%   121  960s
 63360 32984  302.20661   53  253  305.00000  299.58005  1.78%   121  965s
 63663 33187  300.23304   46  430  305.00000  299.58301  1.78%   121  970s
 63964 33412  302.15584   65  273  305.00000  299.58537  1.78%   121  975s
 64230 33605  303.14147   72  239  305.00000  299.58714  1.77%   121  980s
 64507 33772  301.39352   68  287  305.00000  299.58949  1.77%   121  985s
 64853 34005  301.60172   62  252  305.00000  299.59413  1.77%   121  990s
 65204 34232  301.26905   54  322  305.00000  299.59538  1.77%   121  995s
 65497 34432  301.82416   58  317  305.00000  299.59800  1.77%   122 1000s
 65787 34630  303.70408   67  196  305.00000  299.60045  1.77%   122 1005s
 66130 34852  300.21231   54  341  305.00000  299.60263  1.77%   122 1010s
 66458 35093  303.71598   79  193  305.00000  299.60528  1.77%   122 1015s
 66812 35348  303.57090   77  170  305.00000  299.61122  1.77%   122 1020s
 67113 35544  300.86835   52  382  305.00000  299.61321  1.77%   122 1025s
 67464 35777  302.37773   59  178  305.00000  299.61635  1.77%   122 1030s
 67796 35977  303.31549   54  256  305.00000  299.61870  1.76%   122 1035s
 68125 36201  300.23790   55  325  305.00000  299.61996  1.76%   123 1040s
 68456 36440  300.28589   51  335  305.00000  299.62320  1.76%   123 1045s
 68786 36644  301.99028   65  313  305.00000  299.62628  1.76%   123 1050s
 69106 36854  300.69809   56  416  305.00000  299.62921  1.76%   123 1055s
 69467 37065  300.40774   52  371  305.00000  299.63058  1.76%   123 1060s
 69845 37318  301.94759   57  249  305.00000  299.63432  1.76%   123 1065s
 70052 37453  303.28171   63  257  305.00000  299.63595  1.76%   123 1070s
 70405 37673  300.15846   51  388  305.00000  299.63801  1.76%   123 1075s
 70745 37890  301.11850   55  358  305.00000  299.64075  1.76%   123 1080s
 71095 38093  303.78481   52  272  305.00000  299.64357  1.76%   123 1085s
 71422 38308  299.87483   49  432  305.00000  299.64570  1.76%   123 1090s
 71788 38548  300.55362   52  360  305.00000  299.64711  1.76%   123 1095s
 72124 38748  301.53855   62  264  305.00000  299.64899  1.75%   123 1100s
 72484 38992  300.47953   52  318  305.00000  299.65194  1.75%   123 1105s
 72803 39190  300.86732   53  392  305.00000  299.65425  1.75%   124 1110s
 73146 39422  300.58306   52  356  305.00000  299.65617  1.75%   124 1115s
 73517 39646  300.00568   53  415  305.00000  299.65845  1.75%   124 1120s
 73813 39840  302.12532   61  291  305.00000  299.66004  1.75%   124 1125s
 74190 40073  302.83568   64  278  305.00000  299.66117  1.75%   124 1130s
 74635 40336     cutoff   64       305.00000  299.66468  1.75%   124 1135s
 74951 40547  300.92052   54  363  305.00000  299.66649  1.75%   124 1140s
 75306 40765  300.50127   57  347  305.00000  299.67001  1.75%   124 1145s
 75629 40997  300.98134   53  312  305.00000  299.67198  1.75%   124 1150s
 75983 41239  300.64525   55  340  305.00000  299.67542  1.75%   124 1155s
 76336 41446  300.29421   53  341  305.00000  299.67777  1.74%   124 1160s
 76673 41665  299.84019   48  432  305.00000  299.67952  1.74%   124 1165s
 77055 41882  301.36935   59  320  305.00000  299.68225  1.74%   124 1170s
 77359 42074  300.11566   49  412  305.00000  299.68440  1.74%   124 1175s
 77745 42300  300.21192   52  349  305.00000  299.68828  1.74%   124 1180s
 78075 42541  300.53487   51  405  305.00000  299.69090  1.74%   124 1185s
 78451 42802  300.07322   51  411  305.00000  299.69430  1.74%   124 1190s
 78809 43020  301.89781   59  338  305.00000  299.69637  1.74%   124 1195s
 79136 43238     cutoff   62       305.00000  299.69780  1.74%   125 1200s
 79439 43431  300.25823   55  404  305.00000  299.70265  1.74%   125 1205s
 79761 43637  300.24796   53  396  305.00000  299.70604  1.74%   125 1210s
 80108 43872  303.20117   69  269  305.00000  299.70828  1.73%   125 1215s
 80450 44094  300.92798   52  366  305.00000  299.71003  1.73%   125 1220s
 80803 44361  303.44851   73  210  305.00000  299.71239  1.73%   125 1225s
 81169 44570  303.28889   69  219  305.00000  299.71620  1.73%   125 1230s
 81510 44796  301.11965   56  347  305.00000  299.71795  1.73%   125 1235s
 81809 44985  301.14340   59  299  305.00000  299.71867  1.73%   125 1240s
 82182 45231  303.95797   65  253  305.00000  299.72065  1.73%   125 1245s
 82487 45421  301.10034   52  322  305.00000  299.72248  1.73%   125 1250s
 82784 45620  300.41196   59  321  305.00000  299.72453  1.73%   125 1255s
 83203 45880  303.86411   74  233  305.00000  299.72584  1.73%   125 1260s
 83545 46116  302.52390   67  295  305.00000  299.72764  1.73%   125 1265s
 83981 46364  302.96649   70  255  305.00000  299.72989  1.73%   125 1270s
 84287 46577  301.43126   59  370  305.00000  299.73242  1.73%   125 1275s
 84688 46783  300.49442   54  391  305.00000  299.73427  1.73%   126 1280s
 85038 47001  301.50021   64  290  305.00000  299.73593  1.73%   126 1285s
 85326 47199  302.48759   70  278  305.00000  299.73714  1.73%   126 1290s
 85742 47456  300.74680   55  349  305.00000  299.73896  1.72%   126 1295s
 86016 47651  302.34846   63  291  305.00000  299.74042  1.72%   126 1300s
 86328 47850  303.92143   72  258  305.00000  299.74167  1.72%   126 1305s
 86660 48053  301.60786   62  296  305.00000  299.74371  1.72%   126 1310s
 86948 48240  300.42020   53  404  305.00000  299.74488  1.72%   126 1315s
 87276 48469  301.10463   56  376  305.00000  299.74664  1.72%   126 1320s
 87598 48683  300.40824   52  326  305.00000  299.74823  1.72%   126 1325s
 87954 48922  299.85334   48  439  305.00000  299.75040  1.72%   126 1330s
 88315 49153  300.62084   59  404  305.00000  299.75263  1.72%   126 1335s
 88678 49390  300.86482   57  364  305.00000  299.75385  1.72%   126 1340s
 88996 49596  302.16435   65  236  305.00000  299.75571  1.72%   126 1345s
 89378 49829  303.61571   65  249  305.00000  299.75732  1.72%   126 1350s
 89679 50024  300.94157   64  321  305.00000  299.75859  1.72%   126 1355s
 89978 50203  300.14141   50  415  305.00000  299.75958  1.72%   126 1360s
 90279 50410  302.79888   59  302  305.00000  299.76130  1.72%   126 1365s
 90628 50635  301.59508   56  320  305.00000  299.76347  1.72%   126 1370s
 90978 50855  300.10469   48  336  305.00000  299.76557  1.72%   126 1375s
 91345 51105  302.75589   67  284  305.00000  299.76732  1.72%   126 1380s
 91648 51306  303.73486   71  249  305.00000  299.76930  1.71%   126 1385s
 91975 51496  302.68850   67  283  305.00000  299.77016  1.71%   127 1390s
 92072 51550  302.47136   68  216  305.00000  299.77067  1.71%   127 1395s
 92369 51744  300.19368   48  415  305.00000  299.77300  1.71%   127 1400s
 92724 52001  301.12721   56  326  305.00000  299.77413  1.71%   127 1405s
 93090 52246  300.82311   53  338  305.00000  299.77577  1.71%   127 1410s
 93461 52481  300.12622   54  451  305.00000  299.77695  1.71%   127 1415s
 93780 52693  300.69111   53  414  305.00000  299.77817  1.71%   127 1420s
 94088 52902  301.72471   66  314  305.00000  299.77972  1.71%   127 1425s
 94417 53104  301.18812   59  376  305.00000  299.78099  1.71%   127 1430s
 94788 53343  301.20519   65  309  305.00000  299.78276  1.71%   127 1435s
 95171 53594  300.12655   50  408  305.00000  299.78386  1.71%   127 1440s
 95502 53809  300.08622   54  427  305.00000  299.78509  1.71%   127 1445s
 95762 53987  301.64795   55  360  305.00000  299.78683  1.71%   127 1450s
 96109 54175  302.28785   68  309  305.00000  299.78922  1.71%   127 1455s
 96450 54382  300.31677   54  325  305.00000  299.79068  1.71%   127 1460s
 96767 54608  302.79785   65  246  305.00000  299.79148  1.71%   127 1465s
 97100 54824  300.63409   59  357  305.00000  299.79280  1.71%   127 1470s
 97446 55038  300.99761   53  340  305.00000  299.79407  1.71%   127 1475s
 97741 55235     cutoff   81       305.00000  299.79581  1.71%   127 1480s
 98100 55428  300.10769   54  346  305.00000  299.79792  1.71%   127 1485s
 98378 55628  300.97413   54  285  305.00000  299.79973  1.71%   127 1490s
 98778 55864  300.40400   49  416  305.00000  299.80179  1.70%   127 1495s
 99072 56077  303.08055   70  234  305.00000  299.80285  1.70%   127 1500s
 99377 56280  300.80719   57  350  305.00000  299.80469  1.70%   127 1505s
 99748 56510  299.94269   46  417  305.00000  299.80602  1.70%   127 1510s
 100066 56731     cutoff   63       305.00000  299.80700  1.70%   127 1515s
 100381 56933  300.03265   50  453  305.00000  299.80808  1.70%   127 1520s
 100705 57143  302.37622   62  266  305.00000  299.80903  1.70%   127 1525s
 101049 57357  301.05863   57  345  305.00000  299.81191  1.70%   127 1530s
 101347 57537  300.15499   49  445  305.00000  299.81324  1.70%   127 1535s
 101694 57768  303.66116   66  239  305.00000  299.81588  1.70%   128 1540s
 101998 57964  301.76674   65  328  305.00000  299.81861  1.70%   128 1545s
 102374 58192  299.85634   47  366  305.00000  299.81922  1.70%   128 1550s
 102677 58406  301.01045   52  323  305.00000  299.82025  1.70%   128 1555s
 103013 58633  300.40618   50  399  305.00000  299.82139  1.70%   128 1560s
 103371 58856  300.82263   55  309  305.00000  299.82332  1.70%   128 1565s
 103688 59060  302.58121   65  254  305.00000  299.82524  1.70%   128 1570s
 104053 59272  302.34415   54  286  305.00000  299.82671  1.70%   128 1575s
 104373 59477  301.05589   57  374  305.00000  299.82758  1.70%   128 1580s
 104688 59688  301.22594   64  354  305.00000  299.82957  1.70%   128 1585s
 105070 59902  301.84166   61  314  305.00000  299.83047  1.69%   128 1590s
 105400 60122  300.53784   55  368  305.00000  299.83217  1.69%   128 1595s
 105716 60322  303.36512   65  235  305.00000  299.83382  1.69%   128 1600s
 106042 60531  300.15745   56  347  305.00000  299.83487  1.69%   128 1605s
 106354 60735  302.58729   60  330  305.00000  299.83573  1.69%   128 1610s
 106670 60933  300.21459   48  439  305.00000  299.83794  1.69%   128 1615s
 106990 61138  300.94348   58  311  305.00000  299.83946  1.69%   128 1620s
 107294 61336  300.94671   53  327  305.00000  299.84057  1.69%   128 1625s
 107674 61601  300.67894   54  348  305.00000  299.84261  1.69%   128 1630s
 107991 61801  302.88333   66  241  305.00000  299.84434  1.69%   128 1635s
 108283 61985  300.75560   57  338  305.00000  299.84629  1.69%   128 1640s
 108648 62239  300.56206   59  391  305.00000  299.84789  1.69%   128 1645s
 108963 62465  301.27147   56  357  305.00000  299.84908  1.69%   128 1650s
 109337 62708  302.76591   74  277  305.00000  299.85118  1.69%   128 1655s
 109633 62884  300.58342   54  399  305.00000  299.85291  1.69%   128 1660s
 109984 63105  302.34012   58  272  305.00000  299.85434  1.69%   128 1665s
 110310 63310  300.49327   57  401  305.00000  299.85628  1.69%   128 1670s
 110726 63573     cutoff   73       305.00000  299.85754  1.69%   128 1675s
 111090 63796  300.73043   51  336  305.00000  299.85847  1.69%   128 1680s
 111396 64013  303.86638   66  190  305.00000  299.85945  1.69%   128 1685s
 111719 64202  302.64904   58  319  305.00000  299.86074  1.69%   128 1690s
 112062 64429  300.23590   52  393  305.00000  299.86253  1.68%   128 1695s
 112347 64623  301.36711   57  272  305.00000  299.86326  1.68%   128 1700s
 112675 64826  301.36932   57  348  305.00000  299.86492  1.68%   129 1705s
 113043 65075  301.17337   54  332  305.00000  299.86762  1.68%   128 1710s
 113411 65292  303.55030   68  277  305.00000  299.86862  1.68%   128 1715s
 113691 65460  300.11570   51  417  305.00000  299.86953  1.68%   129 1720s
 114018 65680  300.73402   57  376  305.00000  299.87081  1.68%   129 1725s
 114326 65902  301.79050   70  289  305.00000  299.87222  1.68%   129 1730s
 114655 66106  300.10321   52  425  305.00000  299.87426  1.68%   129 1735s
 114955 66279  300.44747   54  464  305.00000  299.87529  1.68%   129 1740s
 115315 66535  303.95048   71  241  305.00000  299.87646  1.68%   129 1745s
 115679 66727  301.00713   56  357  305.00000  299.87809  1.68%   129 1750s
 116047 66966  300.69242   54  410  305.00000  299.87993  1.68%   129 1755s
 116316 67148  303.18364   72  284  305.00000  299.88178  1.68%   129 1760s
 116735 67385  301.45475   53  315  305.00000  299.88372  1.68%   129 1765s
 117086 67597  302.09774   65  241  305.00000  299.88549  1.68%   129 1770s
 117446 67787  300.83609   49  418  305.00000  299.88655  1.68%   129 1775s
 117754 67991  300.31737   53  383  305.00000  299.88773  1.68%   129 1780s
 118057 68189  301.22578   61  318  305.00000  299.88901  1.68%   129 1785s
 118469 68449  301.27272   61  289  305.00000  299.89111  1.68%   129 1790s
 118871 68691  300.55045   53  349  305.00000  299.89297  1.67%   129 1795s
 119252 68957  302.43248   62  219  305.00000  299.89465  1.67%   129 1800s
 119572 69150  303.96025   73  246  305.00000  299.89542  1.67%   129 1805s
 119894 69348  300.47541   49  421  305.00000  299.89668  1.67%   129 1810s
 120247 69569  302.27639   68  324  305.00000  299.89773  1.67%   129 1815s
 120637 69818  300.80534   55  407  305.00000  299.89901  1.67%   129 1820s
 120969 70008  300.62891   52  389  305.00000  299.90005  1.67%   129 1825s
 121293 70220  300.35594   52  461  305.00000  299.90118  1.67%   129 1830s
 121678 70434  300.96010   54  331  305.00000  299.90195  1.67%   129 1835s
 121964 70622  301.30881   64  328  305.00000  299.90266  1.67%   129 1840s
 122338 70863  300.63876   52  373  305.00000  299.90395  1.67%   129 1845s
 122677 71063  302.82474   70  209  305.00000  299.90552  1.67%   129 1850s
 122982 71246  300.55635   51  390  305.00000  299.90721  1.67%   129 1855s
 123284 71451  303.78423   73  260  305.00000  299.90781  1.67%   129 1860s
 123652 71665  300.97353   56  344  305.00000  299.90886  1.67%   129 1865s
 123971 71864  300.88908   50  294  305.00000  299.91109  1.67%   129 1870s
 124311 72068  300.77239   53  402  305.00000  299.91198  1.67%   129 1875s
 124593 72255  301.40816   58  302  305.00000  299.91238  1.67%   129 1880s
 124956 72457  303.82514   71  286  305.00000  299.91344  1.67%   129 1885s
 125272 72665  301.88876   57  320  305.00000  299.91609  1.67%   129 1890s
 125620 72879  303.83982   69  178  305.00000  299.91772  1.67%   129 1895s
 125972 73091  301.20989   56  322  305.00000  299.91844  1.67%   129 1900s
 126267 73280  301.38201   56  295  305.00000  299.92069  1.67%   129 1905s
 126543 73456  302.62397   62  243  305.00000  299.92177  1.66%   129 1910s
 126880 73666  303.60389   62  211  305.00000  299.92349  1.66%   129 1915s
 127200 73861  301.71578   58  262  305.00000  299.92436  1.66%   129 1920s
 127484 74037  302.28897   62  300  305.00000  299.92546  1.66%   129 1925s
 127805 74236  300.91656   56  355  305.00000  299.92637  1.66%   129 1930s
 128156 74421  300.99201   53  376  305.00000  299.92778  1.66%   129 1935s
 128495 74634  301.68935   51  342  305.00000  299.92893  1.66%   129 1940s
 128770 74812  301.30673   63  310  305.00000  299.93038  1.66%   129 1945s
 129113 75011  301.06650   56  359  305.00000  299.93203  1.66%   129 1950s
 129463 75211  300.95276   52  340  305.00000  299.93319  1.66%   130 1955s
 129793 75397  302.63711   54  297  305.00000  299.93419  1.66%   130 1960s
 130125 75619  300.46759   56  371  305.00000  299.93469  1.66%   130 1965s
 130484 75824  301.89314   55  329  305.00000  299.93563  1.66%   130 1970s
 130803 76031  301.51025   59  348  305.00000  299.93777  1.66%   130 1975s
 131126 76240  302.54334   61  346  305.00000  299.93886  1.66%   130 1980s
 131470 76451  300.84849   62  383  305.00000  299.94010  1.66%   130 1985s
 131813 76665  303.11808   68  212  305.00000  299.94146  1.66%   130 1990s
 131877 76707  301.91026   63  323  305.00000  299.94164  1.66%   130 1996s
 132181 76859  300.36918   50  377  305.00000  299.94239  1.66%   130 2000s
 132501 77077  300.30829   53  383  305.00000  299.94317  1.66%   130 2005s
 132794 77263  299.96064   52  420  305.00000  299.94460  1.66%   130 2010s
 133136 77457  301.50235   55  298  305.00000  299.94553  1.66%   130 2015s
 133434 77674  303.25372   69  265  305.00000  299.94654  1.66%   130 2020s
 133753 77856  300.70836   52  384  305.00000  299.94757  1.66%   130 2025s
 134071 78073  300.29140   53  402  305.00000  299.94878  1.66%   130 2030s
 134408 78279  301.72494   56  328  305.00000  299.94988  1.66%   130 2035s
 134737 78503  303.62907   71  215  305.00000  299.95103  1.66%   130 2040s
 135102 78743  300.59026   52  420  305.00000  299.95193  1.66%   130 2045s
 135451 78955  300.92182   56  369  305.00000  299.95303  1.65%   130 2050s
 135765 79158  300.33420   54  369  305.00000  299.95445  1.65%   130 2055s
 136094 79350  302.56703   55  323  305.00000  299.95588  1.65%   130 2060s
 136416 79559  301.49906   54  366  305.00000  299.95807  1.65%   130 2065s
 136746 79777  300.64786   54  377  305.00000  299.95898  1.65%   130 2070s
 137088 79995  302.96021   64  224  305.00000  299.96064  1.65%   130 2075s
 137403 80193  301.29496   52  410  305.00000  299.96243  1.65%   130 2080s
 137746 80405  302.88985   52  239  305.00000  299.96376  1.65%   130 2085s
 138101 80631  300.89015   58  315  305.00000  299.96540  1.65%   130 2090s
 138432 80870  302.08754   63  274  305.00000  299.96646  1.65%   130 2095s
 138792 81068  301.60957   59  306  305.00000  299.96758  1.65%   130 2100s
 139089 81261  301.02498   55  331  305.00000  299.96825  1.65%   130 2105s
 139401 81452  300.89837   47  424  305.00000  299.96969  1.65%   130 2110s
 139661 81635  301.97929   61  199  305.00000  299.97090  1.65%   130 2115s
 140061 81888     cutoff   79       305.00000  299.97246  1.65%   130 2120s
 140355 82057  303.25668   66  287  305.00000  299.97393  1.65%   130 2125s
 140622 82234  300.44464   54  414  305.00000  299.97554  1.65%   130 2130s
 140967 82451  302.37120   63  307  305.00000  299.97635  1.65%   130 2135s
 141287 82667  303.29226   70  195  305.00000  299.97710  1.65%   130 2140s
 141575 82846  302.92625   55  327  305.00000  299.97745  1.65%   130 2145s
 141901 83016  300.75678   54  408  305.00000  299.97910  1.65%   130 2150s
 142231 83212  301.52352   58  297  305.00000  299.98017  1.65%   130 2155s
 142601 83455  303.17491   73  175  305.00000  299.98099  1.65%   130 2160s
 142976 83671  301.21475   57  305  305.00000  299.98196  1.65%   130 2165s
 143312 83892  302.73604   67  279  305.00000  299.98270  1.65%   130 2170s
 143590 84068  300.73709   53  365  305.00000  299.98402  1.64%   130 2175s
 143892 84274  301.01540   55  336  305.00000  299.98487  1.64%   130 2180s
 144255 84461  301.98545   55  376  305.00000  299.98620  1.64%   130 2185s
 144578 84669  300.83698   57  350  305.00000  299.98697  1.64%   131 2190s
 144949 84896  300.50634   49  426  305.00000  299.98925  1.64%   131 2195s
 145247 85101  303.81883   67  221  305.00000  299.98981  1.64%   131 2200s
 145563 85304  300.82820   53  392  305.00000  299.99079  1.64%   131 2205s
 145897 85495  303.72996   75  197  305.00000  299.99198  1.64%   131 2210s
 146205 85698  303.25564   71  244  305.00000  299.99271  1.64%   131 2215s
 146537 85912  301.10168   58  344  305.00000  299.99410  1.64%   131 2220s
 146883 86129  300.25004   49  376  305.00000  299.99502  1.64%   131 2225s
 147248 86350  300.33995   55  399  305.00000  299.99615  1.64%   131 2230s
 147557 86560  303.93809   70  186  305.00000  299.99692  1.64%   131 2235s
 147844 86727  303.53227   80  276  305.00000  299.99839  1.64%   131 2240s
 148205 86931  302.76730   64  236  305.00000  299.99933  1.64%   131 2245s
 148512 87137  303.79934   69  217  305.00000  300.00099  1.64%   131 2250s
 148876 87347  300.24607   55  379  305.00000  300.00246  1.64%   131 2255s
 149229 87582  303.13650   62  281  305.00000  300.00403  1.64%   131 2260s
 149553 87766  302.59087   61  310  305.00000  300.00511  1.64%   131 2265s
 149891 87976  301.48459   60  361  305.00000  300.00691  1.64%   131 2270s
 150238 88182  302.93812   60  258  305.00000  300.00830  1.64%   131 2275s
 150553 88352  303.92005   73  216  305.00000  300.00886  1.64%   131 2280s
 150879 88568  303.20432   63  259  305.00000  300.00947  1.64%   131 2285s
 151214 88775  300.98780   48  418  305.00000  300.01027  1.64%   131 2290s
 151547 88985  300.39885   50  401  305.00000  300.01116  1.64%   131 2295s
 151838 89161  303.12083   71  199  305.00000  300.01211  1.64%   131 2300s
 152191 89370  301.73950   59  323  305.00000  300.01324  1.64%   131 2305s
 152551 89602  303.38325   73  199  305.00000  300.01411  1.63%   131 2310s
 152914 89812  300.77937   57  414  305.00000  300.01467  1.63%   131 2315s
 153292 90001  300.78706   49  417  305.00000  300.01573  1.63%   131 2320s
 153599 90191  300.34529   51  428  305.00000  300.01667  1.63%   131 2325s
 153948 90410  301.14360   55  351  305.00000  300.01759  1.63%   131 2330s
 154280 90581  300.64615   54  322  305.00000  300.01874  1.63%   131 2335s
 154629 90817     cutoff   71       305.00000  300.02032  1.63%   131 2340s
 154962 90983  301.62150   57  320  305.00000  300.02154  1.63%   131 2345s
 155286 91184  301.04156   52  392  305.00000  300.02247  1.63%   131 2350s
 155548 91356  303.54890   75  239  305.00000  300.02287  1.63%   131 2355s
 155865 91537  300.80180   56  398  305.00000  300.02413  1.63%   131 2360s
 156126 91729  303.00770   68  261  305.00000  300.02488  1.63%   131 2365s
 156477 91955  300.52481   55  356  305.00000  300.02575  1.63%   131 2370s
 156776 92148  302.21799   64  277  305.00000  300.02772  1.63%   131 2375s
 157124 92368  303.22525   67  165  305.00000  300.02841  1.63%   131 2380s
 157439 92545  301.41152   60  295  305.00000  300.02955  1.63%   131 2385s
 157778 92767  301.01202   61  350  305.00000  300.03089  1.63%   131 2390s
 158129 92981  303.61511   70  251  305.00000  300.03143  1.63%   131 2395s
 158436 93188  300.53673   52  425  305.00000  300.03309  1.63%   131 2400s
 158810 93387  301.83505   53  420  305.00000  300.03382  1.63%   131 2405s
 159111 93598  300.47688   54  386  305.00000  300.03463  1.63%   131 2410s
 159381 93750  300.67842   53  358  305.00000  300.03610  1.63%   132 2415s
 159733 93965  300.39165   53  364  305.00000  300.03682  1.63%   131 2420s
 160078 94181  302.86974   61  331  305.00000  300.03735  1.63%   132 2425s
 160435 94402  303.45411   73  243  305.00000  300.03898  1.63%   132 2430s
 160741 94606  303.58032   76  235  305.00000  300.03971  1.63%   132 2435s
 161060 94799  303.64075   68  247  305.00000  300.04071  1.63%   132 2440s
 161464 95010  302.58362   65  335  305.00000  300.04168  1.63%   132 2445s
 161773 95215  302.17261   62  289  305.00000  300.04207  1.63%   132 2450s
 162137 95441  302.20326   66  243  305.00000  300.04283  1.63%   132 2455s
 162500 95668  300.31105   54  418  305.00000  300.04364  1.63%   132 2460s
 162888 95916  301.06045   57  296  305.00000  300.04432  1.62%   132 2465s
 163262 96156  302.75894   76  269  305.00000  300.04597  1.62%   132 2470s
 163590 96369  300.95288   54  357  305.00000  300.04710  1.62%   132 2475s
 163918 96585  300.87412   54  371  305.00000  300.04805  1.62%   132 2480s
 164264 96801  300.62654   56  384  305.00000  300.04975  1.62%   132 2485s
 164557 97000  302.72567   62  341  305.00000  300.05103  1.62%   132 2490s
 164886 97199  300.43808   54  309  305.00000  300.05198  1.62%   132 2495s
 165282 97444  301.76524   64  274  305.00000  300.05349  1.62%   132 2500s
 165614 97660  301.58750   60  282  305.00000  300.05437  1.62%   132 2505s
 165988 97872  301.07049   53  337  305.00000  300.05549  1.62%   132 2510s
 166332 98088  300.71457   55  354  305.00000  300.05683  1.62%   132 2515s
 166693 98281  301.00162   57  392  305.00000  300.05778  1.62%   132 2520s
 166999 98487  300.45430   49  446  305.00000  300.05859  1.62%   132 2525s
 167313 98684  303.22372   74  169  305.00000  300.05937  1.62%   132 2530s
 167637 98873  300.44969   54  399  305.00000  300.06002  1.62%   132 2535s
 167966 99082  300.72111   57  349  305.00000  300.06120  1.62%   132 2540s
 168283 99281  300.63421   51  384  305.00000  300.06223  1.62%   132 2545s
 168568 99480  302.91008   66  239  305.00000  300.06289  1.62%   132 2550s
 168938 99702  300.98877   60  307  305.00000  300.06354  1.62%   132 2555s
 169276 99923  300.84965   58  440  305.00000  300.06445  1.62%   132 2560s
 169508 100072  300.91668   57  348  305.00000  300.06475  1.62%   132 2565s
 169851 100265  300.45404   54  364  305.00000  300.06641  1.62%   132 2570s
 170188 100485  301.54300   57  345  305.00000  300.06728  1.62%   132 2575s
 170577 100735  301.97971   55  275  305.00000  300.06846  1.62%   132 2580s
 170931 100945  301.13141   56  298  305.00000  300.06969  1.62%   132 2585s
 171248 101106  301.44336   58  323  305.00000  300.07072  1.62%   132 2590s
 171577 101317  301.81925   57  323  305.00000  300.07130  1.62%   132 2595s
 171880 101511  302.63877   65  273  305.00000  300.07209  1.62%   132 2600s
 172238 101736  302.49119   63  279  305.00000  300.07293  1.62%   132 2605s
 172547 101935  301.04835   56  355  305.00000  300.07375  1.62%   132 2610s
 172876 102148  303.78015   74  265  305.00000  300.07482  1.61%   132 2615s
 173227 102382  300.75904   55  410  305.00000  300.07594  1.61%   132 2620s
 173482 102523  301.29479   58  380  305.00000  300.07657  1.61%   132 2625s
 173823 102736  300.87527   57  372  305.00000  300.07715  1.61%   132 2630s
 174149 102942  301.88483   57  366  305.00000  300.07808  1.61%   132 2635s
 174408 103076  302.47166   71  340  305.00000  300.07869  1.61%   132 2640s
 174742 103275  301.43504   53  409  305.00000  300.07932  1.61%   132 2645s
 175089 103476  301.06008   57  327  305.00000  300.07987  1.61%   132 2650s
 175404 103665  303.73974   77  218  305.00000  300.08117  1.61%   132 2655s
 175728 103849  300.56267   51  417  305.00000  300.08251  1.61%   132 2660s
 176085 104072  301.50033   60  349  305.00000  300.08300  1.61%   132 2665s
 176395 104255  300.99724   55  341  305.00000  300.08408  1.61%   132 2670s
 176710 104438  303.18499   57  297  305.00000  300.08468  1.61%   132 2675s
 176978 104598  302.16382   66  307  305.00000  300.08555  1.61%   132 2680s
 177329 104834  301.40376   58  282  305.00000  300.08654  1.61%   132 2685s
 177693 105057  302.11665   67  295  305.00000  300.08808  1.61%   132 2690s
 178023 105236  301.07865   48  430  305.00000  300.08911  1.61%   132 2695s
 178362 105450  301.79625   66  365  305.00000  300.08965  1.61%   132 2700s
 178652 105624  300.78701   53  330  305.00000  300.09046  1.61%   132 2705s
 178989 105823  300.30114   48  416  305.00000  300.09155  1.61%   132 2710s
 179317 106025  301.55724   56  369  305.00000  300.09232  1.61%   132 2715s
 179559 106195  301.34277   64  317  305.00000  300.09299  1.61%   132 2720s
 179965 106444  301.44658   57  376  305.00000  300.09359  1.61%   132 2725s
 180270 106650  300.99976   52  415  305.00000  300.09429  1.61%   132 2730s
 180576 106835  300.73499   52  389  305.00000  300.09479  1.61%   132 2735s
 180920 107039     cutoff   72       305.00000  300.09565  1.61%   132 2740s
 181289 107250  302.09087   64  332  305.00000  300.09637  1.61%   132 2745s
 181598 107432  300.66621   57  321  305.00000  300.09765  1.61%   132 2750s
 181876 107620  303.63777   66  254  305.00000  300.09833  1.61%   132 2755s
 182222 107820  300.85133   54  413  305.00000  300.09972  1.61%   132 2760s
 182555 108032  300.66589   56  355  305.00000  300.10052  1.61%   132 2765s
 182913 108241     cutoff   94       305.00000  300.10097  1.61%   132 2770s
 183217 108431  300.82636   50  372  305.00000  300.10219  1.61%   133 2775s
 183562 108641  300.83291   60  360  305.00000  300.10281  1.61%   132 2780s
 183905 108855  302.72924   54  209  305.00000  300.10368  1.61%   133 2785s
 184201 109051  302.93092   66  286  305.00000  300.10431  1.61%   133 2790s
 184462 109192  303.19445   60  289  305.00000  300.10502  1.60%   133 2795s
 184798 109414  302.82151   68  247  305.00000  300.10602  1.60%   133 2800s
 185195 109627  301.31558   57  320  305.00000  300.10723  1.60%   133 2805s
 185566 109866  302.78537   66  289  305.00000  300.10787  1.60%   133 2810s
 185964 110089  303.88887   57  269  305.00000  300.10860  1.60%   133 2815s
 186286 110279  300.96596   54  358  305.00000  300.11050  1.60%   133 2820s
 186584 110475  302.42556   63  282  305.00000  300.11155  1.60%   133 2825s
 186935 110687  301.40583   56  319  305.00000  300.11208  1.60%   133 2830s
 187284 110867  300.90693   53  420  305.00000  300.11268  1.60%   133 2835s
 187589 111073  300.51154   54  425  305.00000  300.11363  1.60%   133 2840s
 187934 111295  300.77114   53  376  305.00000  300.11464  1.60%   133 2845s
 188255 111495  302.40225   57  250  305.00000  300.11560  1.60%   133 2850s
 188615 111704  301.91715   54  390  305.00000  300.11616  1.60%   133 2855s
 188933 111905  303.11529   74  216  305.00000  300.11663  1.60%   133 2860s
 189295 112136  302.93307   55  314  305.00000  300.11782  1.60%   133 2865s
 189620 112338  301.42308   57  356  305.00000  300.11917  1.60%   133 2870s
 189962 112553  301.16862   53  367  305.00000  300.11979  1.60%   133 2875s
 190230 112715  301.94067   60  323  305.00000  300.12058  1.60%   133 2880s
 190617 112928  302.48945   65  287  305.00000  300.12132  1.60%   133 2885s
 190981 113141  303.17541   52  343  305.00000  300.12278  1.60%   133 2890s
 191282 113324  302.52914   66  294  305.00000  300.12381  1.60%   133 2895s
 191593 113514  302.35515   66  266  305.00000  300.12488  1.60%   133 2900s
 191962 113733  300.36874   56  438  305.00000  300.12604  1.60%   133 2905s
 192289 113950  301.81232   60  341  305.00000  300.12710  1.60%   133 2910s
 192628 114176  301.58526   64  316  305.00000  300.12823  1.60%   133 2915s
 192837 114296  300.48005   53  416  305.00000  300.12837  1.60%   133 2922s
 192975 114381  300.31404   51  405  305.00000  300.12851  1.60%   133 2925s
 193312 114605  302.66052   65  268  305.00000  300.12939  1.60%   133 2930s
 193706 114832  301.86140   61  307  305.00000  300.12994  1.60%   133 2935s
 194046 115040  302.01776   62  313  305.00000  300.13055  1.60%   133 2940s
 194394 115238  300.73183   54  397  305.00000  300.13116  1.60%   133 2945s
 194649 115408  301.93846   59  299  305.00000  300.13160  1.60%   133 2950s
 195007 115625  301.42994   59  318  305.00000  300.13214  1.60%   133 2955s
 195386 115834     cutoff   82       305.00000  300.13286  1.60%   133 2960s
 195699 116023  302.44394   67  191  305.00000  300.13350  1.60%   133 2965s
 196055 116230  301.20830   57  380  305.00000  300.13402  1.60%   133 2970s
 196415 116466  300.58800   53  341  305.00000  300.13467  1.60%   133 2975s
 196742 116676  301.54072   63  306  305.00000  300.13535  1.59%   133 2980s
 197006 116844  303.88105   72  253  305.00000  300.13594  1.59%   133 2985s
 197296 117031  301.07711   53  337  305.00000  300.13723  1.59%   133 2990s
 197603 117226  301.20315   58  384  305.00000  300.13759  1.59%   133 2995s
 197923 117416  300.75746   57  413  305.00000  300.13882  1.59%   133 3000s
 198217 117596  300.48359   52  445  305.00000  300.13950  1.59%   133 3005s
 198538 117790  300.27421   50  383  305.00000  300.14040  1.59%   133 3010s
 198912 117988  301.58490   59  329  305.00000  300.14125  1.59%   133 3015s
 199168 118140  301.18974   55  343  305.00000  300.14242  1.59%   133 3020s
 199578 118410  303.86434   80  234  305.00000  300.14312  1.59%   133 3025s
 199901 118598  301.73063   59  357  305.00000  300.14403  1.59%   133 3030s
 200246 118812  300.64339   54  387  305.00000  300.14534  1.59%   133 3035s
 200574 119018  301.37131   55  308  305.00000  300.14674  1.59%   133 3040s
 200909 119244  301.56653   53  346  305.00000  300.14710  1.59%   133 3045s
 201238 119475  301.77069   59  281  305.00000  300.14759  1.59%   133 3050s
 201570 119697  302.61333   67  236  305.00000  300.14793  1.59%   133 3055s
 201887 119877     cutoff   69       305.00000  300.14879  1.59%   133 3060s
 202252 120075  300.34059   51  423  305.00000  300.14919  1.59%   133 3065s
 202604 120296  303.93664   75  257  305.00000  300.14992  1.59%   133 3070s
 202892 120469  300.49447   53  374  305.00000  300.15048  1.59%   133 3075s
 203207 120676  302.54747   65  276  305.00000  300.15154  1.59%   133 3080s
 203591 120887  302.08784   59  327  305.00000  300.15185  1.59%   133 3085s
 203942 121113  303.13802   71  233  305.00000  300.15228  1.59%   133 3090s
 204235 121312  303.17411   69  231  305.00000  300.15311  1.59%   133 3095s
 204563 121514  303.34043   78  162  305.00000  300.15358  1.59%   133 3100s
 204935 121746  301.69955   59  285  305.00000  300.15474  1.59%   133 3105s
 205273 121952  300.79098   54  336  305.00000  300.15537  1.59%   133 3110s
 205582 122145  300.55353   50  369  305.00000  300.15616  1.59%   133 3115s
 205940 122376  303.01394   73  255  305.00000  300.15705  1.59%   133 3120s
 206257 122567  302.21073   61  289  305.00000  300.15800  1.59%   133 3125s
 206628 122781  300.45960   51  426  305.00000  300.15900  1.59%   133 3130s
 207016 123029     cutoff   74       305.00000  300.15966  1.59%   133 3135s
 207388 123262  300.95942   54  369  305.00000  300.16013  1.59%   133 3140s
 207696 123453  301.53274   58  333  305.00000  300.16083  1.59%   133 3145s
 207988 123637  303.21015   63  343  305.00000  300.16158  1.59%   133 3150s
 208318 123820  300.88348   55  377  305.00000  300.16270  1.59%   133 3155s
 208645 124002  300.95025   56  380  305.00000  300.16360  1.59%   133 3160s
 208966 124191  302.79258   64  304  305.00000  300.16468  1.59%   133 3165s
 209274 124387  303.73190   72  233  305.00000  300.16531  1.59%   133 3170s
 209671 124639  303.57226   75  209  305.00000  300.16601  1.58%   133 3175s
 210011 124852  301.08954   55  316  305.00000  300.16701  1.58%   133 3180s
 210363 125095  300.74774   54  403  305.00000  300.16819  1.58%   133 3185s
 210695 125295  301.10392   54  320  305.00000  300.16916  1.58%   133 3190s
 211030 125515  300.50302   53  405  305.00000  300.16995  1.58%   133 3195s
 211346 125721  301.69186   60  326  305.00000  300.17048  1.58%   133 3200s
 211686 125935  300.96093   53  401  305.00000  300.17131  1.58%   133 3205s
 212066 126137  300.67407   53  334  305.00000  300.17219  1.58%   133 3210s
 212398 126338  303.84517   56  246  305.00000  300.17330  1.58%   133 3215s
 212698 126523  301.74681   55  273  305.00000  300.17374  1.58%   133 3220s
 213093 126743  302.33121   74  270  305.00000  300.17439  1.58%   133 3225s
 213418 126955  301.85098   61  362  305.00000  300.17507  1.58%   133 3230s
 213746 127126  302.11974   65  357  305.00000  300.17581  1.58%   133 3235s
 214077 127340  301.41647   61  311  305.00000  300.17669  1.58%   133 3240s
 214459 127529  300.44225   53  399  305.00000  300.17742  1.58%   133 3245s
 214758 127727  301.26225   55  365  305.00000  300.17830  1.58%   133 3250s
 215056 127927  303.36198   77  204  305.00000  300.17886  1.58%   133 3255s
 215348 128117  300.78337   50  411  305.00000  300.18013  1.58%   133 3260s
 215655 128310  300.67679   50  351  305.00000  300.18119  1.58%   133 3265s
 216007 128493  300.35068   54  366  305.00000  300.18204  1.58%   133 3270s
 216365 128704  301.19158   55  370  305.00000  300.18294  1.58%   133 3275s
 216681 128886  303.61028   56  276  305.00000  300.18380  1.58%   133 3280s
 216966 129039  301.05583   52  363  305.00000  300.18471  1.58%   133 3285s
 217314 129229  300.56019   56  391  305.00000  300.18567  1.58%   133 3290s
 217650 129428  301.68714   59  329  305.00000  300.18630  1.58%   133 3295s
 217964 129621  301.27295   59  320  305.00000  300.18739  1.58%   133 3300s
 218297 129836  303.75590   67  275  305.00000  300.18803  1.58%   133 3305s
 218558 129984  301.94128   61  261  305.00000  300.18925  1.58%   133 3310s
 218951 130222  303.86344   73  218  305.00000  300.18987  1.58%   133 3315s
 219252 130407  300.95332   57  452  305.00000  300.19042  1.58%   133 3320s
 219541 130580  301.97735   64  319  305.00000  300.19151  1.58%   133 3325s
 219876 130791  301.97597   60  216  305.00000  300.19260  1.58%   133 3330s
 220241 131038  303.58991   77  221  305.00000  300.19333  1.58%   133 3335s
 220523 131210  301.00075   58  353  305.00000  300.19441  1.58%   133 3340s
 220881 131438  302.30786   59  265  305.00000  300.19514  1.58%   133 3345s
 221217 131629  300.34144   54  391  305.00000  300.19636  1.57%   133 3350s
 221518 131832  302.51190   65  246  305.00000  300.19676  1.57%   133 3355s
 221827 132021  303.37222   75  218  305.00000  300.19793  1.57%   134 3360s
 222136 132207  300.68152   52  435  305.00000  300.19884  1.57%   134 3365s
 222416 132387  302.73484   59  348  305.00000  300.19955  1.57%   134 3370s
 222747 132582  303.78823   73  235  305.00000  300.20034  1.57%   134 3375s
 223082 132772  301.12566   55  306  305.00000  300.20094  1.57%   134 3380s
 223409 132974     cutoff   73       305.00000  300.20126  1.57%   134 3385s
 223742 133176  302.12634   65  329  305.00000  300.20185  1.57%   134 3390s
 224049 133345  303.57857   71  276  305.00000  300.20259  1.57%   134 3395s
 224383 133543  300.55743   54  404  305.00000  300.20406  1.57%   134 3400s
 224710 133734     cutoff   76       305.00000  300.20468  1.57%   134 3405s
 225013 133892  301.98166   56  371  305.00000  300.20511  1.57%   134 3410s
 225328 134082  302.89348   73  218  305.00000  300.20599  1.57%   134 3415s
 225672 134256  301.19547   54  440  305.00000  300.20691  1.57%   134 3420s
 226003 134453  303.80133   64  233  305.00000  300.20776  1.57%   134 3425s
 226354 134667  300.76520   59  380  305.00000  300.20817  1.57%   134 3430s
 226691 134886     cutoff   79       305.00000  300.20894  1.57%   134 3435s
 227016 135064  300.50176   51  436  305.00000  300.20942  1.57%   134 3440s
 227347 135251  303.72766   65  310  305.00000  300.21006  1.57%   134 3445s
 227707 135437  300.56411   53  400  305.00000  300.21073  1.57%   134 3450s
 228036 135655  301.52742   56  311  305.00000  300.21116  1.57%   134 3455s
 228369 135872  301.53965   58  317  305.00000  300.21192  1.57%   134 3460s
 228717 136058  300.76674   52  393  305.00000  300.21278  1.57%   134 3465s
 229033 136253  300.83216   53  364  305.00000  300.21299  1.57%   134 3470s
 229387 136473  302.86239   68  274  305.00000  300.21346  1.57%   134 3475s
 229712 136679  300.75452   56  420  305.00000  300.21455  1.57%   134 3480s
 230107 136898  301.00901   55  399  305.00000  300.21514  1.57%   134 3485s
 230441 137111  301.22677   61  297  305.00000  300.21614  1.57%   134 3490s
 230812 137304  301.44656   56  324  305.00000  300.21663  1.57%   134 3495s
 231142 137471  302.17800   58  295  305.00000  300.21760  1.57%   134 3500s
 231437 137662  302.01139   63  335  305.00000  300.21865  1.57%   134 3505s
 231776 137840  300.84336   56  410  305.00000  300.21951  1.57%   134 3510s
 232076 138019  303.21720   72  279  305.00000  300.21996  1.57%   134 3515s
 232395 138195  301.31568   59  330  305.00000  300.22061  1.57%   134 3520s
 232734 138416  302.42466   63  270  305.00000  300.22108  1.57%   134 3525s
 233034 138573  301.05771   56  343  305.00000  300.22170  1.57%   134 3530s
 233339 138784  301.45384   50  388  305.00000  300.22205  1.57%   134 3535s
 233628 138952  301.55867   56  278  305.00000  300.22284  1.57%   134 3540s
 234013 139154  302.52077   57  288  305.00000  300.22403  1.57%   134 3545s
 234314 139358  301.99491   58  308  305.00000  300.22509  1.57%   134 3550s
 234632 139536  301.06402   51  380  305.00000  300.22592  1.57%   134 3555s
 234933 139741  303.84277   74  275  305.00000  300.22651  1.57%   134 3560s
 235228 139923  302.39494   62  299  305.00000  300.22701  1.56%   134 3565s
 235540 140099  300.76976   57  406  305.00000  300.22757  1.56%   134 3570s
 235848 140294  301.06792   56  379  305.00000  300.22841  1.56%   134 3575s
 236188 140491  301.29627   58  345  305.00000  300.22923  1.56%   134 3580s
 236482 140670  301.14444   57  332  305.00000  300.22983  1.56%   134 3585s
 236836 140872  302.23284   62  328  305.00000  300.23068  1.56%   134 3590s
 237176 141060  301.65111   56  392  305.00000  300.23219  1.56%   134 3595s

Cutting planes:
  Gomory: 41
  Cover: 419
  Implied bound: 395
  Clique: 11
  MIR: 506
  Mixing: 6
  StrongCG: 2
  Flow cover: 877
  GUB cover: 29
  Inf proof: 1
  Zero half: 2
  RLT: 24
  Relax-and-lift: 60
  BQP: 4

Explored 237460 nodes (31813519 simplex iterations) in 3599.96 seconds (3700.27 work units)
Thread count was 1 (of 16 available processors)

Solution count 10: 305 305 306 ... 314

Time limit reached
Warning: max constraint violation (1.0000e-06) exceeds tolerance
Best objective 3.050000000000e+02, best bound 3.010000000000e+02, gap 1.3115%

User-callback calls 1144699, time in user-callback 1.09 sec

 sepatime0
305.0Stat(MathOptInterface.TIME_LIMIT, 305.0, 301.0, 0.013114754098360656, 0.0, 0.04554, 3599.9570591449738, 237460, Main.CFLG.LEFPD, "", #undef)
