Data path: /scratch/opt/lxu/CFLG/benchmarks/tree_A
Instance: treeA.600.60
Result path: /scratch/opt/lxu/CFLG/results/tree_A
Solver: Gurobi
Time limit: 7200
Formulation: LEFPAV
Cover: Large
julia --project=. src/main.jl /scratch/opt/lxu/CFLG/benchmarks/tree_A treeA.600.60 /scratch/opt/lxu/CFLG/results/tree_A Gurobi 7200 LEFPAV Large
The latest version of Julia in the `release` channel is 1.11.5+0.x64.linux.gnu. You currently have `1.11.4+0.x64.linux.gnu` installed. Run:

  juliaup update

in your terminal shell to install Julia 1.11.5+0.x64.linux.gnu and update the `release` channel to that version.
/scratch/opt/lxu/CFLG/benchmarks/tree_A Gurobi 7200.0 /scratch/opt/lxu/CFLG/results/tree_A treeA.600.60 LEFPAV Large
/scratch/opt/lxu/CFLG/benchmarks/tree_A/treeA.600.60

 read graph
data loaded

problem_graph/original graph: node: 600/600 edge: 659/659 dlt: 2.9916806156987903 break_avg_len: 1.4958403078493951 break_max_len: 1.9964793111613726Vbar/V, Ebar/E(311, 600, 370, 659)
(2, 577)(2, 533)(2, 233)(4, 542)(4, 342)(6, 152)(6, 110)(7, 489)(7, 361)(8, 368)(8, 73)(10, 546)(10, 115)(14, 251)(14, 522)(16, 443)(16, 96)(19, 559)(19, 540)(20, 314)(20, 115)(22, 568)(22, 76)(22, 87)(25, 229)(25, 198)(26, 423)(26, 151)(26, 48)(27, 33)(27, 236)(28, 38)(28, 547)(28, 578)(28, 86)(28, 47)(29, 340)(29, 119)(30, 498)(30, 399)(31, 96)(31, 446)(33, 339)(34, 224)(34, 486)(38, 397)(40, 392)(40, 272)(40, 112)(41, 374)(41, 367)(43, 557)(43, 316)(43, 99)(44, 559)(44, 599)(46, 541)(46, 261)(46, 447)(47, 130)(47, 234)(48, 251)(48, 513)(52, 595)(52, 187)(52, 267)(53, 258)(53, 95)(53, 473)(61, 369)(61, 411)(61, 169)(64, 426)(64, 212)(66, 364)(66, 220)(66, 425)(66, 299)(68, 193)(68, 217)(68, 153)(71, 358)(71, 251)(72, 127)(72, 442)(72, 339)(73, 372)(73, 527)(74, 161)(74, 176)(75, 324)(75, 591)(75, 467)(76, 103)(76, 551)(78, 115)(78, 153)(78, 498)(80, 451)(80, 293)(83, 554)(83, 142)(86, 439)(87, 174)(87, 291)(92, 100)(92, 136)(95, 434)(95, 483)(95, 452)(96, 241)(99, 271)(100, 442)(103, 108)(106, 559)(106, 363)(108, 128)(110, 436)(111, 164)(111, 392)(111, 509)(112, 445)(114, 388)(114, 366)(115, 275)(119, 395)(123, 414)(123, 584)(127, 161)(128, 322)(128, 308)(130, 224)(131, 555)(131, 568)(131, 479)(131, 547)(131, 373)(134, 342)(134, 269)(136, 358)(137, 468)(137, 476)(139, 439)(139, 473)(139, 255)(142, 155)(147, 208)(147, 272)(149, 167)(149, 152)(151, 204)(152, 551)(152, 250)(153, 559)(153, 329)(154, 364)(154, 349)(155, 237)(156, 215)(156, 193)(157, 393)(157, 220)(159, 417)(159, 243)(159, 587)(162, 292)(162, 449)(163, 457)(163, 487)(164, 274)(166, 299)(166, 269)(166, 453)(167, 243)(167, 182)(168, 474)(168, 282)(169, 389)(169, 373)(170, 415)(170, 479)(171, 446)(171, 417)(174, 485)(176, 277)(179, 584)(179, 583)(181, 594)(181, 531)(182, 423)(183, 268)(183, 595)(187, 473)(195, 408)(195, 261)(198, 409)(202, 579)(202, 373)(204, 231)(205, 228)(205, 472)(208, 316)(209, 352)(209, 271)(210, 509)(210, 322)(212, 431)(212, 231)(212, 351)(215, 270)(216, 367)(216, 441)(217, 336)(219, 452)(219, 453)(219, 524)(221, 439)(221, 314)(224, 409)(225, 436)(225, 500)(225, 280)(226, 236)(226, 560)(226, 500)(226, 433)(228, 482)(229, 234)(233, 522)(234, 313)(236, 366)(237, 393)(241, 293)(241, 279)(243, 444)(245, 497)(245, 282)(249, 384)(249, 485)(250, 410)(251, 487)(254, 266)(254, 284)(255, 274)(258, 501)(266, 461)(267, 389)(268, 569)(270, 285)(270, 513)(270, 319)(271, 518)(275, 484)(277, 446)(277, 569)(279, 344)(280, 447)(282, 451)(284, 434)(284, 534)(285, 468)(286, 337)(286, 360)(291, 528)(292, 527)(299, 495)(303, 413)(303, 568)(306, 361)(306, 400)(308, 520)(309, 583)(309, 416)(310, 542)(310, 442)(313, 359)(316, 374)(317, 520)(317, 419)(319, 372)(320, 409)(320, 361)(322, 354)(324, 469)(325, 573)(325, 454)(328, 344)(328, 554)(329, 546)(329, 455)(335, 419)(335, 413)(336, 389)(337, 409)(338, 541)(338, 555)(339, 418)(339, 556)(340, 369)(344, 528)(345, 399)(345, 415)(349, 553)(349, 368)(351, 383)(352, 540)(354, 445)(359, 472)(360, 522)(360, 390)(361, 400)(363, 388)(363, 574)(373, 442)(379, 597)(379, 391)(383, 485)(384, 546)(384, 417)(389, 579)(390, 489)(391, 434)(395, 591)(397, 479)(399, 431)(400, 430)(404, 599)(404, 578)(408, 444)(410, 522)(411, 455)(414, 495)(415, 531)(416, 562)(418, 425)(425, 467)(426, 478)(430, 552)(433, 564)(437, 517)(437, 562)(441, 553)(441, 594)(443, 455)(447, 498)(449, 557)(453, 587)(454, 517)(457, 562)(461, 487)(469, 513)(470, 515)(470, 577)(474, 556)(476, 531)(476, 544)(478, 556)(482, 564)(483, 599)(484, 489)(485, 524)(486, 515)(497, 534)(501, 518)(524, 574)(533, 552)(544, 573)(552, 560)(569, 573)(597, 599)(Dict(56 => 1.0, 123 => 0.0, 305 => 3.0, 220 => 0.0, 308 => 0.0, 6 => 1.0, 197 => 1.0, 219 => 0.0, 73 => 1.0, 282 => 0.0, 164 => 0.0, 253 => 0.0, 196 => 1.0, 275 => 0.0, 151 => 1.0, 90 => 1.0, 139 => 0.0, 4 => 0.0, 54 => 2.0, 63 => 1.0, 191 => 0.0, 263 => 3.0, 91 => 1.0, 244 => 1.0, 218 => 1.0, 224 => 0.0, 122 => 1.0, 58 => 0.0, 52 => 1.0, 28 => 0.0, 277 => 0.0, 41 => 0.0, 300 => 0.0, 36 => 0.0, 68 => 2.0, 98 => 0.0, 130 => 0.0, 118 => 0.0, 119 => 0.0, 39 => 1.0, 7 => 0.0, 25 => 0.0, 172 => 0.0, 76 => 0.0, 156 => 0.0, 34 => 0.0, 50 => 1.0, 296 => 0.0, 26 => 0.0, 147 => 0.0, 42 => 0.0, 167 => 1.0, 144 => 0.0, 157 => 0.0, 20 => 0.0, 195 => 0.0, 141 => 1.0, 135 => 1.0, 266 => 0.0, 31 => 0.0, 217 => 0.0, 189 => 1.0, 74 => 0.0, 94 => 0.0, 259 => 0.0, 21 => 0.0, 38 => 0.0, 163 => 1.0, 129 => 1.0, 209 => 0.0, 226 => 0.0, 297 => 2.0, 105 => 0.0, 133 => 0.0, 223 => 1.0, 221 => 0.0, 285 => 1.0, 184 => 1.0, 252 => 0.0, 24 => 1.0, 137 => 0.0, 1 => 0.0, 22 => 0.0, 271 => 0.0, 175 => 1.0, 99 => 3.0, 237 => 2.0, 89 => 0.0, 281 => 0.0, 14 => 1.0, 3 => 0.0, 270 => 1.0, 96 => 0.0, 299 => 1.0, 149 => 0.0, 155 => 1.0, 181 => 0.0, 246 => 0.0, 113 => 1.0, 65 => 1.0, 245 => 0.0, 97 => 1.0, 254 => 0.0, 165 => 0.0, 298 => 0.0, 309 => 1.0, 269 => 0.0), [4, 6, 20, 21, 22, 31, 36, 38, 39, 41, 42, 50, 58, 73, 74, 76, 89, 90, 91, 94, 97, 98, 105, 123, 130, 133, 135, 137, 139, 141, 147, 155, 156, 163, 164, 165, 167, 172, 184, 189, 191, 195, 219, 220, 221, 223, 237, 245, 252, 253, 254, 263, 269, 270, 277, 281, 285, 296, 300, 308, 1, 3, 7, 14, 24, 25, 26, 28, 34, 52, 54, 56, 63, 65, 68, 96, 99, 113, 118, 119, 122, 129, 144, 149, 151, 157, 175, 181, 196, 197, 209, 217, 218, 224, 226, 244, 246, 259, 266, 271, 275, 282, 297, 298, 299, 305, 309], 418, 477)Set parameter TokenServer to value "solice01.zib.de"
Set parameter Threads to value 1
Set parameter OutputFlag to value 1
Gurobi Optimizer version 12.0.1 build v12.0.1rc0 (linux64 - "Debian GNU/Linux 12 (bookworm)")

CPU model: Intel(R) Xeon(R) Gold 5222 CPU @ 3.80GHz, instruction set [SSE2|AVX|AVX2|AVX512]
Thread count: 8 physical cores, 16 logical processors, using up to 1 threads

Non-default parameters:
Threads  1

Optimize a model with 895 rows, 1431 columns and 2385 nonzeros
Model fingerprint: 0xe1bdf9ef
Coefficient statistics:
  Matrix range     [1e+00, 1e+00]
  Objective range  [1e+00, 1e+00]
  Bounds range     [1e+00, 1e+00]
  RHS range        [1e+00, 1e+00]
Presolve removed 895 rows and 1431 columns
Presolve time: 0.00s
Presolve: All rows and columns removed
Iteration    Objective       Primal Inf.    Dual Inf.      Time
       0    1.0700000e+02   0.000000e+00   0.000000e+00      0s

Solved in 0 iterations and 0.00 seconds (0.00 work units)
Optimal objective  1.070000000e+02

User-callback calls 35, time in user-callback 0.00 sec
elapsed CPU time: 1.395682 seconds
Set parameter TokenServer to value "solice01.zib.de"
Set parameter Threads to value 1
Set parameter OutputFlag to value 1
Set parameter MIPGap to value 0.0001
Set parameter MIPGapAbs to value 0.999998
Set parameter TimeLimit to value 7198.604318

 more cuts: false 2.9916806156987903 false
is_attach:trueformulation:LEFPAV0 477 0
Set parameter PreCrush to value 1

 model loaded

Gurobi Optimizer version 12.0.1 build v12.0.1rc0 (linux64 - "Debian GNU/Linux 12 (bookworm)")

CPU model: Intel(R) Xeon(R) Gold 5222 CPU @ 3.80GHz, instruction set [SSE2|AVX|AVX2|AVX512]
Thread count: 8 physical cores, 16 logical processors, using up to 1 threads

Non-default parameters:
TimeLimit  7198.604318
MIPGapAbs  0.999998
PreCrush  1
Threads  1

Optimize a model with 13505 rows, 8008 columns and 37295 nonzeros
Model fingerprint: 0x05f269ba
Variable types: 1372 continuous, 6636 integer (6636 binary)
Coefficient statistics:
  Matrix range     [1e-06, 6e+00]
  Objective range  [1e+00, 1e+00]
  Bounds range     [3e-03, 3e+00]
  RHS range        [1e-06, 6e+00]
Presolve removed 7251 rows and 3960 columns
Presolve time: 0.19s
Presolved: 6254 rows, 4048 columns, 27035 nonzeros
Variable types: 662 continuous, 3386 integer (3386 binary)
Found heuristic solution: objective 441.0000000
Found heuristic solution: objective 435.0000000
Found heuristic solution: objective 300.0000000

Root relaxation: objective 1.206601e+02, 3939 iterations, 0.06 seconds (0.06 work units)

    Nodes    |    Current Node    |     Objective Bounds      |     Work
 Expl Unexpl |  Obj  Depth IntInf | Incumbent    BestBd   Gap | It/Node Time

     0     0  120.66011    0 1034  300.00000  120.66011  59.8%     -    0s
H    0     0                     285.0000000  120.66011  57.7%     -    0s
H    0     0                     218.0000000  120.66011  44.7%     -    0s
H    0     0                     213.0000000  120.66011  43.4%     -    0s
H    0     0                     212.0000000  120.66011  43.1%     -    0s
elapsed CPU time: 1.3844080209613469e13 seconds
     0     0  130.59027    0 1163  212.00000  130.59027  38.4%     -    1s
H    0     0                     199.0000000  130.59368  34.4%     -    1s
elapsed CPU time: 1.3833831910838717e13 seconds
     0     0  130.69290    0 1176  199.00000  130.69290  34.3%     -    1s
elapsed CPU time: 9.208477412394812e12 seconds
     0     0  130.70258    0 1195  199.00000  130.70258  34.3%     -    1s
elapsed CPU time: 0.018536 seconds
     0     0  130.71792    0 1194  199.00000  130.71792  34.3%     -    1s
elapsed CPU time: 0.018303 seconds
     0     0  130.71792    0 1199  199.00000  130.71792  34.3%     -    1s
elapsed CPU time: 0.018971 seconds
     0     0  136.43598    0 1074  199.00000  136.43598  31.4%     -    1s
elapsed CPU time: 4.604890220523966e12 seconds
     0     0  136.85544    0 1082  199.00000  136.85544  31.2%     -    1s
elapsed CPU time: 1.3841868576333518e13 seconds
     0     0  136.87657    0 1074  199.00000  136.87657  31.2%     -    1s
elapsed CPU time: 0.210215 seconds
     0     0  136.87956    0 1105  199.00000  136.87956  31.2%     -    1s
elapsed CPU time: 0.017864 seconds
     0     0  140.95095    0 1042  199.00000  140.95095  29.2%     -    1s
H    0     0                     188.0000000  140.98522  25.0%     -    2s
H    0     0                     187.0000000  140.98522  24.6%     -    2s
elapsed CPU time: 9.186301431093678e12 seconds
     0     0  140.99981    0 1019  187.00000  140.99981  24.6%     -    2s
elapsed CPU time: 0.018744 seconds
     0     0  141.00640    0 1022  187.00000  141.00640  24.6%     -    2s
elapsed CPU time: 1.3839561654909553e13 seconds
     0     0  143.44203    0  942  187.00000  143.44203  23.3%     -    2s
H    0     0                     186.0000000  143.44203  22.9%     -    2s
H    0     0                     185.0000000  143.44203  22.5%     -    2s
elapsed CPU time: 1.844443466979451e13 seconds
     0     0  143.45272    0  860  185.00000  143.45272  22.5%     -    2s
elapsed CPU time: 9.227962493605791e12 seconds
     0     0  143.45459    0  905  185.00000  143.45459  22.5%     -    2s
elapsed CPU time: 1.8442240474082203e13 seconds
     0     0  143.65351    0  888  185.00000  143.65351  22.3%     -    2s
elapsed CPU time: 1.844592654386465e13 seconds
     0     0  143.65351    0  958  185.00000  143.65351  22.3%     -    2s
elapsed CPU time: 4.132437143617172e9 seconds
     0     0  143.71053    0  943  185.00000  143.71053  22.3%     -    2s
H    0     0                     177.0000000  143.87720  18.7%     -    2s
H    0     0                     176.0000000  143.87720  18.3%     -    2s
elapsed CPU time: 9.204549750701967e12 seconds
     0     0  143.87720    0  954  176.00000  143.87720  18.3%     -    2s
elapsed CPU time: 9.987199122556196e9 seconds
     0     0  143.87720    0  908  176.00000  143.87720  18.3%     -    2s
elapsed CPU time: 0.018112 seconds
     0     0  143.87720    0  993  176.00000  143.87720  18.3%     -    2s
elapsed CPU time: 2.3960916022265643e11 seconds
     0     0  143.87720    0  622  176.00000  143.87720  18.3%     -    2s
elapsed CPU time: 1.3835073091962686e13 seconds
H    0     0                     174.0000000  143.89075  17.3%     -    3s
H    0     0                     171.0000000  143.89075  15.9%     -    3s
H    0     0                     170.0000000  143.89075  15.4%     -    3s
H    0     0                     169.0000000  143.89075  14.9%     -    3s
elapsed CPU time: 1.4620068694234e7 seconds
     0     2  143.89075    0  621  169.00000  143.89075  14.9%     -    3s
H   52    50                     164.0000000  143.97825  12.2%   119    3s
H   52    50                     163.0000000  143.97825  11.7%   119    3s
H  130   125                     162.0000000  143.97825  11.1%  68.3    4s
   299   283  149.83297   57  483  162.00000  143.98658  11.1%  48.2    5s
H  487   423                     160.0000000  144.06515  10.0%  38.5    6s
H  487   411                     159.0000000  144.06515  9.39%  38.5    6s
H  494   394                     158.0000000  144.06515  8.82%  38.6    6s
   567   460  151.45178  104  304  158.00000  150.73917  4.60%  37.6   10s
H  569   438                     157.0000000  151.04882  3.79%  37.5   10s
H  577   420                     156.0000000  151.24183  3.05%  37.0   11s
   607   441  151.24183   73  342  156.00000  151.24183  3.05%   133   15s
H  613   422                     155.0000000  151.24183  2.42%   131   16s
   798   520  153.34284   81  371  155.00000  151.24183  2.42%   183   20s
  1183   667  154.00000   54  162  155.00000  151.32165  2.37%   150   25s
H 1210   412                     154.0000000  151.32165  1.74%   148   25s
  1937   633  151.87919   28  509  154.00000  151.37934  1.70%   118   30s
  2526   891  151.53963   29  447  154.00000  151.50000  1.62%   105   35s
  3269  1204  153.00000   35  326  154.00000  151.66667  1.52%  96.6   40s
  4162  1553  152.07068   29  479  154.00000  151.82356  1.41%  88.5   45s
  5166  1926  153.00000   45  278  154.00000  151.98726  1.31%  82.0   50s
  6074  2347     cutoff   52       154.00000  152.00000  1.30%  79.5   55s
  7123  2838  153.00000   45  302  154.00000  152.00000  1.30%  76.1   60s
  8096  3275  152.18136   35  392  154.00000  152.00000  1.30%  74.2   65s
  9133  3749  152.33333   36  353  154.00000  152.00000  1.30%  73.3   70s
  9869  4066  152.00000   34  330  154.00000  152.00000  1.30%  73.1   75s
 10203  4205  153.00000   39  622  154.00000  152.00000  1.30%  73.1   88s
 10210  4210  152.11098   49  141  154.00000  152.00000  1.30%  73.0   90s
 10225  4220  152.28818   43  121  154.00000  152.07407  1.25%  72.9   95s
 10241  4230  152.40671   37   93  154.00000  152.16667  1.19%  72.8  100s
 10256  4240  153.00000   49  106  154.00000  152.20000  1.17%  72.7  105s
 10385  4240  152.50000   68  128  154.00000  152.50000  0.97%  85.0  110s

Cutting planes:
  Learned: 9
  Gomory: 30
  Lift-and-project: 1
  Cover: 71
  Implied bound: 27
  Clique: 11
  MIR: 45
  Mixing: 2
  StrongCG: 9
  Flow cover: 170
  GUB cover: 74
  Zero half: 102
  RLT: 30
  Relax-and-lift: 13
  BQP: 15

Explored 10430 nodes (910007 simplex iterations) in 110.37 seconds (85.89 work units)
Thread count was 1 (of 16 available processors)

Solution count 10: 154 154 155 ... 159

Optimal solution found (tolerance 1.00e-04)
Best objective 1.540000000000e+02, best bound 1.540000000000e+02, gap 0.0000%

User-callback calls 66785, time in user-callback 1.83 sec

 sepatime1.6621294185627738e14 89143 24
154.0Stat(MathOptInterface.OPTIMAL, 154.0, 154.0, 0.0, 1.6621294185627738e14, 1.395682, 110.36741399765015, 10430, Main.CFLG.LEFPAV, "", #undef)
