Data path: /scratch/opt/lxu/CFLG/benchmarks/Kgroup_A
Instance: K100.3.con.red
Result path: /scratch/opt/lxu/CFLG/results/Kgroup_A
Solver: Gurobi
Time limit: 3600
Formulation: LEFPV2
Cover: Small
julia --project=. src/main.jl /scratch/opt/lxu/CFLG/benchmarks/Kgroup_A K100.3.con.red /scratch/opt/lxu/CFLG/results/Kgroup_A Gurobi 3600 LEFPV2 Small
The latest version of Julia in the `release` channel is 1.11.5+0.x64.linux.gnu. You currently have `1.11.4+0.x64.linux.gnu` installed. Run:

  juliaup update

in your terminal shell to install Julia 1.11.5+0.x64.linux.gnu and update the `release` channel to that version.
/scratch/opt/lxu/CFLG/benchmarks/Kgroup_A Gurobi 3600.0 /scratch/opt/lxu/CFLG/results/Kgroup_A K100.3.con.red LEFPV2 Small
/scratch/opt/lxu/CFLG/benchmarks/Kgroup_A/K100.3.con.red

 read graph
data loaded


after absorb:26 26

max_piece:28
problem_graph/original graph: node: 43/26 edge: 140/123 dlt: 0.037777522644551434 break_avg_len: 0.13276100815085215 break_max_len: 1.0elapsed CPU time: 0.045095 seconds
Set parameter TokenServer to value "solice01.zib.de"
Set parameter Threads to value 1
Set parameter OutputFlag to value 1
Set parameter MIPGap to value 0.0001
Set parameter MIPGapAbs to value 1
Set parameter TimeLimit to value 3599.954905

 more cuts:true
formulation:LEFPV295 45 17
Set parameter PreCrush to value 1

 model loaded

Gurobi Optimizer version 12.0.1 build v12.0.1rc0 (linux64 - "Debian GNU/Linux 12 (bookworm)")

CPU model: Intel(R) Xeon(R) Gold 5222 CPU @ 3.80GHz, instruction set [SSE2|AVX|AVX2|AVX512]
Thread count: 8 physical cores, 16 logical processors, using up to 1 threads

Non-default parameters:
TimeLimit  3599.954905
MIPGapAbs  1
PreCrush  1
Threads  1

Optimize a model with 3871 rows, 2001 columns and 9354 nonzeros
Model fingerprint: 0xea422a0b
Variable types: 463 continuous, 1538 integer (1348 binary)
Coefficient statistics:
  Matrix range     [2e-03, 1e+00]
  Objective range  [1e+00, 1e+00]
  Bounds range     [2e-03, 1e+00]
  RHS range        [4e-04, 1e+01]
Presolve removed 2092 rows and 486 columns
Presolve time: 0.04s
Presolved: 1779 rows, 1515 columns, 9349 nonzeros
Variable types: 373 continuous, 1142 integer (1095 binary)
Found heuristic solution: objective 279.0000000
Found heuristic solution: objective 255.0000000

Root relaxation: objective 1.890000e+02, 445 iterations, 0.01 seconds (0.01 work units)

    Nodes    |    Current Node    |     Objective Bounds      |     Work
 Expl Unexpl |  Obj  Depth IntInf | Incumbent    BestBd   Gap | It/Node Time

     0     0  189.00000    0   60  255.00000  189.00000  25.9%     -    0s
H    0     0                     238.0000000  189.00000  20.6%     -    0s
H    0     0                     230.0000000  189.00000  17.8%     -    0s
H    0     0                     225.0000000  189.00000  16.0%     -    0s
     0     0  189.24010    0   90  225.00000  189.24010  15.9%     -    0s
     0     0  189.48663    0   88  225.00000  189.48663  15.8%     -    0s
     0     0  189.84634    0   94  225.00000  189.84634  15.6%     -    0s
H    0     0                     209.0000000  189.91034  9.13%     -    0s
     0     0  189.91386    0   80  209.00000  189.91386  9.13%     -    0s
     0     0  189.91505    0   82  209.00000  189.91505  9.13%     -    0s
     0     0  189.91505    0   82  209.00000  189.91505  9.13%     -    0s
     0     0  190.33816    0   96  209.00000  190.33816  8.93%     -    0s
     0     0  190.37553    0   99  209.00000  190.37553  8.91%     -    0s
     0     0  190.37697    0  102  209.00000  190.37697  8.91%     -    0s
     0     0  190.37699    0  101  209.00000  190.37699  8.91%     -    0s
     0     0  190.77477    0  101  209.00000  190.77477  8.72%     -    0s
     0     0  190.79989    0   93  209.00000  190.79989  8.71%     -    0s
     0     0  190.80460    0  106  209.00000  190.80460  8.71%     -    0s
     0     0  190.80460    0  106  209.00000  190.80460  8.71%     -    0s
     0     0  190.99032    0  106  209.00000  190.99032  8.62%     -    0s
H    0     0                     208.0000000  190.99040  8.18%     -    0s
     0     0  191.00045    0  110  208.00000  191.00045  8.17%     -    0s
     0     0  191.00112    0  101  208.00000  191.00112  8.17%     -    0s
     0     0  191.00560    0  102  208.00000  191.00560  8.17%     -    0s
     0     0  191.00816    0  104  208.00000  191.00816  8.17%     -    0s
     0     0  191.03261    0  110  208.00000  191.03261  8.16%     -    0s
     0     0  191.03632    0  113  208.00000  191.03632  8.16%     -    0s
     0     0  191.03632    0  109  208.00000  191.03632  8.16%     -    0s
     0     0  191.09037    0  119  208.00000  191.09037  8.13%     -    0s
H    0     0                     207.0000000  191.12544  7.67%     -    0s
     0     0  191.12544    0  120  207.00000  191.12544  7.67%     -    0s
     0     0  191.12544    0  121  207.00000  191.12544  7.67%     -    0s
     0     0  191.12614    0  119  207.00000  191.12614  7.67%     -    0s
H    0     0                     206.0000000  191.14552  7.21%     -    0s
     0     0  191.15929    0  117  206.00000  191.15929  7.20%     -    0s
     0     0  191.16997    0  125  206.00000  191.16997  7.20%     -    0s
     0     0  191.17004    0  125  206.00000  191.17004  7.20%     -    0s
     0     0  191.19045    0  108  206.00000  191.19045  7.19%     -    0s
H    0     0                     204.0000000  191.19457  6.28%     -    0s
H    0     0                     203.0000000  191.19457  5.82%     -    0s
     0     0  191.19457    0  122  203.00000  191.19457  5.82%     -    0s
     0     0  191.19457    0  119  203.00000  191.19457  5.82%     -    0s
     0     0  191.20973    0  112  203.00000  191.20973  5.81%     -    0s
H    0     0                     202.0000000  191.23655  5.33%     -    0s
     0     0  191.23655    0  116  202.00000  191.23655  5.33%     -    0s
     0     0  191.23655    0  124  202.00000  191.23655  5.33%     -    0s
     0     0  191.24653    0  111  202.00000  191.24653  5.32%     -    0s
     0     0  191.24653    0  114  202.00000  191.24653  5.32%     -    0s
     0     0  191.26130    0  122  202.00000  191.26130  5.32%     -    0s
     0     0  191.29324    0  129  202.00000  191.29324  5.30%     -    0s
     0     0  191.29630    0  129  202.00000  191.29630  5.30%     -    0s
     0     0  191.29630    0  129  202.00000  191.29630  5.30%     -    0s
     0     0  191.30105    0  121  202.00000  191.30105  5.30%     -    0s
     0     0  191.30439    0  124  202.00000  191.30439  5.29%     -    0s
     0     0  191.30451    0  126  202.00000  191.30451  5.29%     -    0s
     0     0  191.31154    0  116  202.00000  191.31154  5.29%     -    0s
     0     0  191.31737    0   97  202.00000  191.31737  5.29%     -    0s
H    0     0                     201.0000000  191.88183  4.54%     -    0s
     0     2  191.88183    0   97  201.00000  191.88183  4.54%     -    0s
   726   591  198.04003   52   47  201.00000  193.95118  3.51%  41.4    5s
H 1183   769                     200.0000000  194.06606  2.97%  38.2    6s
  2783  1814  197.62345   43   35  200.00000  194.12327  2.94%  32.3   10s
  5557  3830  197.06095   38   42  200.00000  194.31349  2.84%  30.9   15s
  8423  5927  194.50911   15  124  200.00000  194.45820  2.77%  30.7   20s
 10203  7244  196.11580   34   97  200.00000  194.49268  2.75%  30.0   26s
 10252  7277  197.86345   33  124  200.00000  194.74176  2.63%  29.9   30s
 10290  7302  197.61648   66  136  200.00000  194.87834  2.56%  29.8   35s
 10350  7342  198.48635   62  159  200.00000  195.17155  2.41%  29.6   40s
 10560  7447  195.39555   24  113  200.00000  195.26000  2.37%  34.5   45s
 11103  7690  195.31084   28  131  200.00000  195.30601  2.35%  35.7   50s
 12198  8239  196.00000   34   76  200.00000  195.43460  2.28%  37.0   55s
 13496  8762  196.35343   35  132  200.00000  195.62256  2.19%  38.3   60s
 14673  9200  198.59046   43   73  200.00000  195.69153  2.15%  39.3   65s
 16176  9846  198.00000   69   22  200.00000  195.74258  2.13%  39.7   70s
 17560 10350  196.38306   37   57  200.00000  195.77822  2.11%  40.4   75s
 19250 10981  196.21452   30  151  200.00000  195.81099  2.09%  40.6   80s
 20816 11563  195.93986   37  115  200.00000  195.84637  2.08%  41.1   85s
 22445 12175  196.25870   36  122  200.00000  195.87518  2.06%  41.3   90s
 24064 12721  199.00000   56   34  200.00000  195.89670  2.05%  41.5   95s
 25734 13262  196.21017   37   72  200.00000  195.92464  2.04%  41.7  100s
 27371 13856  196.85503   34  118  200.00000  195.94096  2.03%  42.0  105s
 28890 14462  197.25027   53   83  200.00000  195.95883  2.02%  42.3  110s
 30446 15023  197.25900   36   91  200.00000  195.97414  2.01%  42.5  115s
 32111 15620  197.98368   64   50  200.00000  195.99891  2.00%  42.6  120s
 33539 16486  196.94045   34  151  200.00000  196.01067  1.99%  43.1  125s
 35197 17644  198.50000   62   39  200.00000  196.02477  1.99%  43.2  130s
 36662 18597  197.14588   42   69  200.00000  196.03948  1.98%  43.5  135s
 38177 19551  198.55361   45   62  200.00000  196.05002  1.97%  43.6  140s
 39729 20596  196.91350   47   75  200.00000  196.06467  1.97%  43.8  145s
 41238 21564  197.00000   61   50  200.00000  196.07406  1.96%  43.9  150s
 42871 22650  196.78254   32  127  200.00000  196.08091  1.96%  43.9  155s
 44365 23638  196.92874   45  105  200.00000  196.09157  1.95%  44.0  160s
 45908 24686  198.30184   59   58  200.00000  196.09827  1.95%  44.0  165s
 47398 25641  196.33595   29  141  200.00000  196.10855  1.95%  44.1  170s
 49029 26666  197.02219   43   94  200.00000  196.11629  1.94%  44.1  175s
 50565 27666  196.90090   47  101  200.00000  196.12694  1.94%  44.2  180s
 52114 28626  196.38074   35  139  200.00000  196.13637  1.93%  44.2  185s
 53569 29544  196.90126   39  114  200.00000  196.14320  1.93%  44.3  190s
 55123 30501  196.68682   32  130  200.00000  196.15082  1.92%  44.4  195s
 56668 31500  196.31832   32  133  200.00000  196.15774  1.92%  44.4  200s
 58232 32517  196.64015   45  120  200.00000  196.16219  1.92%  44.4  205s
 59678 33412  197.51444   55   50  200.00000  196.16716  1.92%  44.5  210s
 61338 34408  196.32958   41  110  200.00000  196.17310  1.91%  44.5  215s
 62840 35353  197.20305   55   67  200.00000  196.18007  1.91%  44.5  220s
 64526 36428  196.86494   44   99  200.00000  196.18493  1.91%  44.5  225s
 66145 37443  196.47669   44  125  200.00000  196.19229  1.90%  44.5  230s
 67806 38541  196.42399   36  109  200.00000  196.19935  1.90%  44.4  235s
 69436 39608  199.00000   65   28  200.00000  196.20597  1.90%  44.4  240s
 71059 40605  198.03396   42   44  200.00000  196.21185  1.89%  44.3  245s
 72752 41677  196.54528   33  132  200.00000  196.21774  1.89%  44.3  250s
 74495 42781  197.70708   34   73  200.00000  196.22256  1.89%  44.2  255s
 76108 43798  196.58917   34   93  200.00000  196.22863  1.89%  44.2  260s
 77776 44872  196.67568   40   89  200.00000  196.23370  1.88%  44.1  265s
 79486 45946  197.00442   40   55  200.00000  196.23917  1.88%  44.0  270s
 81052 46979  198.01238   50   64  200.00000  196.24377  1.88%  44.1  275s
 82559 47962  197.00000   43   61  200.00000  196.24810  1.88%  44.1  280s
 83435 48533  197.26997   44   58  200.00000  196.25000  1.88%  44.1  285s
 84776 49401  197.67595   49   93  200.00000  196.25287  1.87%  44.2  290s
 86247 50321  198.31734   37   72  200.00000  196.25640  1.87%  44.3  295s
 87702 51225  197.37955   58   59  200.00000  196.25938  1.87%  44.3  300s
 89193 52193  197.11823   41   73  200.00000  196.26157  1.87%  44.4  305s
 90732 53207  198.43503   55   51  200.00000  196.26558  1.87%  44.4  310s
 92241 54119  197.23525   34  132  200.00000  196.26967  1.87%  44.4  315s
 93718 55037  196.61711   45   97  200.00000  196.27408  1.86%  44.5  320s
 95312 56020     cutoff   64       200.00000  196.27699  1.86%  44.4  325s
 96803 56958  197.19978   55   59  200.00000  196.28097  1.86%  44.5  330s
 98312 57924  198.10996   48   50  200.00000  196.28582  1.86%  44.5  335s
 99744 58850  199.00000   40   48  200.00000  196.28914  1.86%  44.5  340s
 101270 59818  198.00000   54   48  200.00000  196.29226  1.85%  44.6  345s
 102805 60759  198.23397   51   51  200.00000  196.29617  1.85%  44.6  350s
 104376 61723  198.00000   45   44  200.00000  196.29988  1.85%  44.6  355s
 105863 62617  197.00808   38   57  200.00000  196.30350  1.85%  44.6  360s
 107454 63615     cutoff   51       200.00000  196.30730  1.85%  44.6  365s
 108986 64565  196.40232   48  122  200.00000  196.31158  1.84%  44.6  370s
 110581 65534  197.48892   53   53  200.00000  196.31394  1.84%  44.6  375s
 112043 66415  198.03697   62   47  200.00000  196.31808  1.84%  44.6  380s
 113632 67383     cutoff   65       200.00000  196.32087  1.84%  44.6  385s
 115082 68267  197.45722   49   70  200.00000  196.32427  1.84%  44.6  390s
 116607 69228  196.58095   35  116  200.00000  196.32759  1.84%  44.6  395s
 118151 70207     cutoff   58       200.00000  196.33075  1.83%  44.6  400s
 119779 71239  198.08675   40   87  200.00000  196.33389  1.83%  44.6  405s
 121394 72193  197.00000   48   52  200.00000  196.33593  1.83%  44.6  410s
 122831 73093  197.28660   37  108  200.00000  196.33929  1.83%  44.7  415s
 124366 73990  197.57805   50   37  200.00000  196.34246  1.83%  44.7  420s
 125997 74980  197.93470   67   54  200.00000  196.34669  1.83%  44.7  425s
 127547 75874  197.60325   53   76  200.00000  196.35078  1.82%  44.7  430s
 129057 76836     cutoff   60       200.00000  196.35390  1.82%  44.7  435s
 130484 77751     cutoff   57       200.00000  196.35673  1.82%  44.8  440s
 131960 78646  198.16840   48   47  200.00000  196.36021  1.82%  44.8  445s
 133564 79612  197.04484   29  107  200.00000  196.36337  1.82%  44.8  450s
 135032 80508  198.23184   43   82  200.00000  196.36708  1.82%  44.8  455s
 136578 81409     cutoff   66       200.00000  196.36998  1.82%  44.8  460s
 138025 82288  198.24448   44   42  200.00000  196.37240  1.81%  44.9  465s
 139630 83210  196.53384   40  112  200.00000  196.37515  1.81%  44.9  470s
 141193 84098  197.35017   36  107  200.00000  196.37767  1.81%  44.9  475s
 142642 84921  198.24170   60   69  200.00000  196.38005  1.81%  44.9  480s
 144251 85904  198.13028   49   53  200.00000  196.38324  1.81%  44.9  485s
 145826 86893  197.59398   56   47  200.00000  196.38601  1.81%  44.9  490s
 147381 87840  198.13217   56   42  200.00000  196.38863  1.81%  44.9  495s
 148969 88742  197.00519   39   69  200.00000  196.39197  1.80%  44.9  500s
 150487 89683     cutoff   43       200.00000  196.39543  1.80%  44.9  505s
 151980 90593  198.60195   51   45  200.00000  196.39829  1.80%  44.9  510s
 153576 91576  198.78753   61   60  200.00000  196.40093  1.80%  44.9  515s
 155204 92485  196.58311   36  155  200.00000  196.40423  1.80%  44.8  520s
 156723 93439 infeasible   51       200.00000  196.40697  1.80%  44.8  525s
 158306 94353     cutoff   65       200.00000  196.40924  1.80%  44.8  530s
 159882 95279  198.29836   58   47  200.00000  196.41200  1.79%  44.8  535s
 161500 96248  197.95382   54   61  200.00000  196.41451  1.79%  44.8  540s
 163089 97238  197.02770   35   92  200.00000  196.41767  1.79%  44.8  545s
 164571 98166  197.03544   38   88  200.00000  196.42033  1.79%  44.8  550s
 166081 99091  198.38997   54   51  200.00000  196.42239  1.79%  44.8  555s
 167807 100118  197.99312   53   84  200.00000  196.42481  1.79%  44.8  560s
 169428 101063  197.04390   38  101  200.00000  196.42739  1.79%  44.8  565s
 170977 101943  196.73702   48   86  200.00000  196.43040  1.78%  44.8  570s
 172348 102857  197.66667   59   36  200.00000  196.43173  1.78%  44.8  575s
 173948 103779  198.17995   56   60  200.00000  196.43470  1.78%  44.8  580s
 175638 104784  198.19748   64   61  200.00000  196.43785  1.78%  44.7  585s
 177214 105693  198.00000   49   28  200.00000  196.44064  1.78%  44.7  590s
 178810 106609  199.00000   60   37  200.00000  196.44288  1.78%  44.7  595s
 180362 107534  198.60899   49   48  200.00000  196.44536  1.78%  44.7  600s
 181974 108411  197.27250   40   73  200.00000  196.44771  1.78%  44.7  605s
 183530 109341     cutoff   54       200.00000  196.45034  1.77%  44.7  610s
 185129 110314  197.12784   35   93  200.00000  196.45263  1.77%  44.7  615s
 186656 111213  196.65121   44  121  200.00000  196.45482  1.77%  44.7  620s
 188362 112225  197.00778   42   75  200.00000  196.45700  1.77%  44.6  625s
 189777 113040     cutoff   42       200.00000  196.45939  1.77%  44.7  630s
 191338 113987  198.37466   70   72  200.00000  196.46133  1.77%  44.6  635s
 192825 114899  196.81497   36  127  200.00000  196.46384  1.77%  44.7  640s
 194327 115865  198.46431   49   64  200.00000  196.46653  1.77%  44.7  645s
 195921 116765  198.65740   51   38  200.00000  196.46891  1.77%  44.6  650s
 197463 117685  197.50450   48   88  200.00000  196.47093  1.76%  44.6  655s
 198894 118501  196.51549   39  116  200.00000  196.47265  1.76%  44.7  660s
 200413 119444  197.14311   41   89  200.00000  196.47463  1.76%  44.7  665s
 202026 120452  199.00000   71   26  200.00000  196.47644  1.76%  44.7  670s
 203668 121381  198.11368   61   39  200.00000  196.47862  1.76%  44.6  675s
 205288 122311  196.54792   33   96  200.00000  196.48141  1.76%  44.6  680s
 206711 123116  196.98886   45  103  200.00000  196.48387  1.76%  44.6  685s
 208231 124026  198.14920   50   47  200.00000  196.48605  1.76%  44.6  690s
 209864 125042  197.06824   53  113  200.00000  196.48821  1.76%  44.6  695s
 211580 126069  198.00000   48   44  200.00000  196.49004  1.75%  44.5  700s
 213191 127044  197.47472   63   80  200.00000  196.49149  1.75%  44.5  705s
 214816 128016  198.06593   49   41  200.00000  196.49409  1.75%  44.5  710s
 216375 128883  197.56814   47   70  200.00000  196.49658  1.75%  44.5  715s
 217971 129835  196.79507   48  103  200.00000  196.49884  1.75%  44.5  720s
 219437 130714  197.18227   41  103  200.00000  196.50000  1.75%  44.5  725s
 220755 131476  199.00000   71   24  200.00000  196.50000  1.75%  44.5  730s
 222377 132384  198.37931   52   59  200.00000  196.50170  1.75%  44.5  735s
 223967 133294  197.67379   50   70  200.00000  196.50435  1.75%  44.5  740s
 224399 133549  197.21033   44   98  200.00000  196.50467  1.75%  44.5  745s
 225710 134293  198.26613   49   51  200.00000  196.50612  1.75%  44.5  750s
 227306 135216  198.61294   73   57  200.00000  196.50788  1.75%  44.5  755s
 228810 136101  198.22563   66   34  200.00000  196.51003  1.74%  44.5  760s
 230333 136995     cutoff   55       200.00000  196.51142  1.74%  44.5  765s
 231784 137878  197.07378   44   58  200.00000  196.51282  1.74%  44.5  770s
 233354 138811  196.58866   30  126  200.00000  196.51441  1.74%  44.5  775s
 234901 139720     cutoff   64       200.00000  196.51593  1.74%  44.5  780s
 236416 140607  197.24613   42   46  200.00000  196.51745  1.74%  44.5  785s
 237940 141457  196.63648   43  144  200.00000  196.51949  1.74%  44.5  790s
 239421 142346  197.18191   40  104  200.00000  196.52087  1.74%  44.5  795s
 240855 143194  198.43863   44   65  200.00000  196.52258  1.74%  44.5  800s
 242430 144135  198.00000   51   42  200.00000  196.52371  1.74%  44.5  805s
 244037 145090  197.26575   39   92  200.00000  196.52548  1.74%  44.5  810s
 245642 146025  197.79516   47   65  200.00000  196.52766  1.74%  44.5  815s
 247112 146871  198.10628   57   56  200.00000  196.52895  1.74%  44.5  820s
 248634 147747  198.11485   58   32  200.00000  196.53067  1.73%  44.5  825s
 250058 148601  197.77436   49   92  200.00000  196.53218  1.73%  44.5  830s
 251616 149574  197.00000   41   75  200.00000  196.53336  1.73%  44.5  835s
 253129 150411  197.41755   53   81  200.00000  196.53570  1.73%  44.5  840s
 254695 151310     cutoff   58       200.00000  196.53773  1.73%  44.5  845s
 256146 152192  197.09238   47  117  200.00000  196.53968  1.73%  44.5  850s
 257654 153054  196.64957   37  109  200.00000  196.54124  1.73%  44.5  855s
 259229 153950  196.67742   42  136  200.00000  196.54348  1.73%  44.5  860s
 260808 154879  198.60440   58   39  200.00000  196.54500  1.73%  44.5  865s
 262270 155718  198.56161   52   45  200.00000  196.54688  1.73%  44.5  870s
 263931 156701  198.20650   56   46  200.00000  196.54810  1.73%  44.5  875s
 265403 157590  199.00000   59   22  200.00000  196.54931  1.73%  44.5  880s
 266965 158474  196.66920   37  144  200.00000  196.55109  1.72%  44.5  885s
 268685 159468  196.87531   34  125  200.00000  196.55301  1.72%  44.5  890s
 270254 160397  197.55511   59   63  200.00000  196.55413  1.72%  44.5  895s
 271825 161306  198.00000   51   22  200.00000  196.55542  1.72%  44.5  900s
 273458 162195  197.38667   52   56  200.00000  196.55681  1.72%  44.4  905s
 274958 163075  197.02561   43  114  200.00000  196.55802  1.72%  44.4  910s
 276462 164000     cutoff   66       200.00000  196.55938  1.72%  44.4  915s
 277893 164837  197.59820   62   77  200.00000  196.56055  1.72%  44.5  920s
 279430 165699  197.60872   60   70  200.00000  196.56182  1.72%  44.5  925s
 280961 166642  197.81592   38  101  200.00000  196.56287  1.72%  44.5  930s
 282618 167574  198.01847   36   52  200.00000  196.56435  1.72%  44.4  935s
 284237 168486  197.31546   52   83  200.00000  196.56553  1.72%  44.4  940s
 285907 169443     cutoff   69       200.00000  196.56714  1.72%  44.4  945s
 287407 170327  197.75859   44   90  200.00000  196.56833  1.72%  44.4  950s
 288984 171222  197.80373   49   96  200.00000  196.56950  1.72%  44.4  955s
 290477 172111  198.45268   71   46  200.00000  196.57078  1.71%  44.4  960s
 291878 172942  198.06079   45   53  200.00000  196.57201  1.71%  44.4  965s
 293521 173912  196.75839   38  146  200.00000  196.57353  1.71%  44.4  970s
 294994 174729  196.58893   46   79  200.00000  196.57487  1.71%  44.4  975s
 296519 175621  198.36099   57   46  200.00000  196.57567  1.71%  44.4  980s
 298008 176496  198.71226   56   79  200.00000  196.57679  1.71%  44.4  985s
 299517 177396     cutoff   64       200.00000  196.57812  1.71%  44.4  990s
 301066 178304  198.18487   49   53  200.00000  196.57917  1.71%  44.4  995s
 302690 179199  197.13072   40  116  200.00000  196.58042  1.71%  44.4 1000s
 304291 180142  197.39110   51   98  200.00000  196.58172  1.71%  44.4 1005s
 305982 181168     cutoff   67       200.00000  196.58304  1.71%  44.3 1010s
 307505 182050  197.10576   46  137  200.00000  196.58391  1.71%  44.3 1015s
 309155 182989  196.65313   33  109  200.00000  196.58517  1.71%  44.3 1020s
 310661 183853  197.51646   54   66  200.00000  196.58665  1.71%  44.3 1025s
 312141 184727  198.14552   46   44  200.00000  196.58788  1.71%  44.3 1030s
 313653 185599  197.21034   39  122  200.00000  196.58914  1.71%  44.3 1035s
 315097 186407  197.25481   50   91  200.00000  196.59030  1.70%  44.3 1040s
 316635 187290  197.28075   43   83  200.00000  196.59202  1.70%  44.3 1045s
 318239 188210  198.16404   62   48  200.00000  196.59321  1.70%  44.3 1050s
 319806 189071     cutoff   70       200.00000  196.59466  1.70%  44.3 1055s
 321290 189885  197.15004   43   82  200.00000  196.59602  1.70%  44.3 1060s
 322837 190765  197.00000   38   82  200.00000  196.59775  1.70%  44.3 1065s
 324397 191678     cutoff   79       200.00000  196.59852  1.70%  44.3 1070s
 325965 192586  198.40664   52   64  200.00000  196.59993  1.70%  44.3 1075s
 327474 193435  198.15244   41   75  200.00000  196.60130  1.70%  44.3 1080s
 329048 194276  198.30165   46   42  200.00000  196.60216  1.70%  44.3 1085s
 330614 195205  197.12464   40  107  200.00000  196.60329  1.70%  44.3 1090s
 332153 196027  197.54220   51   76  200.00000  196.60444  1.70%  44.3 1095s
 333735 196874  197.03425   45   80  200.00000  196.60556  1.70%  44.3 1100s
 335242 197787  197.13742   42   74  200.00000  196.60722  1.70%  44.3 1105s
 336827 198668  197.00000   38   76  200.00000  196.60852  1.70%  44.3 1110s
 338330 199516  198.33333   53   60  200.00000  196.60994  1.70%  44.3 1115s
 339821 200324  197.20389   49  104  200.00000  196.61126  1.69%  44.3 1120s
 341298 201150  198.17541   50   92  200.00000  196.61268  1.69%  44.3 1125s
 342775 201964  198.44272   64   68  200.00000  196.61380  1.69%  44.3 1130s
 344413 202904     cutoff   75       200.00000  196.61528  1.69%  44.3 1135s
 345930 203744     cutoff   66       200.00000  196.61618  1.69%  44.3 1140s
 347480 204657  197.07091   41  114  200.00000  196.61754  1.69%  44.3 1145s
 348953 205409  197.03768   35  130  200.00000  196.61893  1.69%  44.3 1150s
 350450 206290  198.12282   43   51  200.00000  196.61965  1.69%  44.3 1155s
 351934 207060  198.38404   63   43  200.00000  196.62068  1.69%  44.3 1160s
 353312 207802  198.27165   57   69  200.00000  196.62178  1.69%  44.3 1165s
 354834 208683  196.96382   54   85  200.00000  196.62306  1.69%  44.3 1170s
 356401 209510  197.38194   65   86  200.00000  196.62416  1.69%  44.3 1175s
 357958 210417  197.08313   48  158  200.00000  196.62516  1.69%  44.3 1180s
 359499 211330  198.03665   60   94  200.00000  196.62639  1.69%  44.3 1185s
 360879 212063  197.90071   44   79  200.00000  196.62727  1.69%  44.3 1190s
 362311 212808  198.02598   45   45  200.00000  196.62825  1.69%  44.3 1195s
 363707 213604  198.27589   55   72  200.00000  196.62943  1.69%  44.3 1200s
 365271 214470  198.93846   49   38  200.00000  196.63027  1.68%  44.3 1205s
 366777 215333  198.01414   57   65  200.00000  196.63161  1.68%  44.3 1210s
 368160 216090  196.93955   48   93  200.00000  196.63273  1.68%  44.3 1215s
 369745 216963  196.95960   40  166  200.00000  196.63411  1.68%  44.3 1220s
 371221 217752  197.00000   35   86  200.00000  196.63551  1.68%  44.3 1225s
 372782 218549  196.76632   35  125  200.00000  196.63657  1.68%  44.3 1230s
 374339 219426  198.26607   57   71  200.00000  196.63786  1.68%  44.3 1235s
 375843 220239  197.09746   47  122  200.00000  196.63901  1.68%  44.3 1240s
 377388 221070  197.11396   43  110  200.00000  196.64013  1.68%  44.3 1245s
 378986 221997     cutoff   61       200.00000  196.64112  1.68%  44.3 1250s
 380536 222868  196.88787   44  121  200.00000  196.64224  1.68%  44.3 1255s
 382020 223688  198.00000   40   62  200.00000  196.64313  1.68%  44.3 1260s
 383403 224454  198.42311   43   78  200.00000  196.64420  1.68%  44.3 1265s
 385061 225354  197.20542   42  105  200.00000  196.64541  1.68%  44.3 1270s
 386635 226219  197.22214   42   81  200.00000  196.64679  1.68%  44.3 1275s
 388000 227001  198.12248   43   39  200.00000  196.64777  1.68%  44.3 1280s
 389575 227877  196.97353   45  170  200.00000  196.64899  1.68%  44.3 1285s
 391171 228707  197.04228   47  104  200.00000  196.64997  1.68%  44.3 1290s
 392640 229512  196.69287   35   92  200.00000  196.65072  1.67%  44.3 1295s
 394115 230326  198.27284   48   42  200.00000  196.65151  1.67%  44.3 1300s
 395536 231094  197.17927   38   84  200.00000  196.65255  1.67%  44.3 1305s
 397023 231977  198.35330   61   54  200.00000  196.65347  1.67%  44.3 1310s
 397432 232194  198.22705   50   56  200.00000  196.65363  1.67%  44.3 1315s
 398805 232929  197.40801   41  110  200.00000  196.65449  1.67%  44.3 1320s
 400432 233861  196.77211   38   77  200.00000  196.65574  1.67%  44.3 1325s
 401971 234797  196.90463   43   81  200.00000  196.65698  1.67%  44.2 1330s
 403404 235593  198.37489   79   56  200.00000  196.65779  1.67%  44.3 1335s
 404860 236405  197.10583   44   83  200.00000  196.65886  1.67%  44.3 1340s
 406396 237247  197.69750   46   52  200.00000  196.66009  1.67%  44.3 1345s
 407792 237958  197.89835   47   79  200.00000  196.66114  1.67%  44.3 1350s
 409175 238729  197.51263   56   51  200.00000  196.66224  1.67%  44.3 1355s
 410651 239520     cutoff   59       200.00000  196.66334  1.67%  44.3 1360s
 412160 240317  198.61277   49   64  200.00000  196.66458  1.67%  44.3 1365s
 413609 241065  196.97458   45  127  200.00000  196.66570  1.67%  44.3 1370s
 415036 241896  197.27109   44   81  200.00000  196.66667  1.67%  44.3 1375s
 416626 242835  197.84939   42   73  200.00000  196.66684  1.67%  44.3 1380s
 418119 243691     cutoff   62       200.00000  196.66748  1.67%  44.3 1385s
 419537 244448     cutoff   60       200.00000  196.66820  1.67%  44.3 1390s
 421052 245276  198.40160   46   92  200.00000  196.66916  1.67%  44.3 1395s
 422536 246061  198.00000   53   29  200.00000  196.67023  1.66%  44.3 1400s
 424034 246871  197.41042   49  105  200.00000  196.67129  1.66%  44.3 1405s
 425501 247688  198.41582   54   65  200.00000  196.67226  1.66%  44.3 1410s
 427001 248510  198.04106   60   59  200.00000  196.67315  1.66%  44.3 1415s
 428502 249369  197.28579   35  108  200.00000  196.67394  1.66%  44.3 1420s
 429918 250157  197.00000   39   68  200.00000  196.67485  1.66%  44.3 1425s
 431413 250992     cutoff   71       200.00000  196.67623  1.66%  44.3 1430s
 432861 251843  198.43511   55   26  200.00000  196.67711  1.66%  44.3 1435s
 434301 252622  197.18986   33  115  200.00000  196.67837  1.66%  44.3 1440s
 435834 253497  197.67900   42  107  200.00000  196.67928  1.66%  44.3 1445s
 437316 254327  196.95729   36  122  200.00000  196.68007  1.66%  44.3 1450s
 438717 255126  198.00848   64   43  200.00000  196.68090  1.66%  44.3 1455s
 440217 255936  198.04854   55   44  200.00000  196.68189  1.66%  44.3 1460s
 441673 256736  196.76604   38  118  200.00000  196.68276  1.66%  44.3 1465s
 443189 257606  197.59889   42   68  200.00000  196.68377  1.66%  44.3 1470s
 444648 258403  197.48785   48   91  200.00000  196.68482  1.66%  44.3 1475s
 446145 259203  198.26825   42   61  200.00000  196.68589  1.66%  44.3 1480s
 447624 260027  198.95696   51   37  200.00000  196.68703  1.66%  44.3 1485s
 449110 260846  198.12346   49   31  200.00000  196.68809  1.66%  44.3 1490s
 450644 261620  198.03202   53   55  200.00000  196.68915  1.66%  44.3 1495s
 452085 262391  197.15409   45  100  200.00000  196.69036  1.65%  44.3 1500s
 453661 263240     cutoff   61       200.00000  196.69146  1.65%  44.3 1505s
 455083 264014  196.92658   47   89  200.00000  196.69239  1.65%  44.3 1510s
 456545 264792  197.53033   45   92  200.00000  196.69340  1.65%  44.3 1515s
 458025 265573  197.25235   38  144  200.00000  196.69435  1.65%  44.3 1520s
 459508 266394  197.03714   46   58  200.00000  196.69540  1.65%  44.3 1525s
 460933 267238  198.02847   54   45  200.00000  196.69677  1.65%  44.3 1530s
 462540 268073  196.83888   41  157  200.00000  196.69769  1.65%  44.3 1535s
 464018 268862  197.71233   42   72  200.00000  196.69864  1.65%  44.3 1540s
 465297 269595  197.33288   49  130  200.00000  196.69986  1.65%  44.3 1545s
 466900 270469  196.86957   45   81  200.00000  196.70049  1.65%  44.3 1550s
 468376 271276  196.78510   39  112  200.00000  196.70161  1.65%  44.3 1555s
 469877 272043  198.17173   60   63  200.00000  196.70235  1.65%  44.3 1560s
 471383 272868  196.76257   42  108  200.00000  196.70337  1.65%  44.3 1565s
 472845 273679  198.11257   56   50  200.00000  196.70412  1.65%  44.3 1570s
 474405 274460  199.00000   60   37  200.00000  196.70498  1.65%  44.3 1575s
 475776 275174  198.17329   56   72  200.00000  196.70617  1.65%  44.3 1580s
 477298 276001  197.22447   41  120  200.00000  196.70710  1.65%  44.3 1585s
 478843 276940  197.41127   59   79  200.00000  196.70832  1.65%  44.3 1590s
 480256 277704     cutoff   53       200.00000  196.70923  1.65%  44.3 1595s
 481709 278502  197.67876   50   58  200.00000  196.71023  1.64%  44.3 1600s
 483152 279319  197.32577   46  116  200.00000  196.71139  1.64%  44.3 1605s
 484770 280217  197.33333   42   54  200.00000  196.71229  1.64%  44.3 1610s
 486270 281024  197.21607   43  127  200.00000  196.71329  1.64%  44.3 1615s
 487762 281813  197.85283   47   59  200.00000  196.71423  1.64%  44.3 1620s
 489224 282611     cutoff   51       200.00000  196.71534  1.64%  44.3 1625s
 490625 283337  197.61762   49   57  200.00000  196.71620  1.64%  44.3 1630s
 492272 284222  197.60230   37  127  200.00000  196.71737  1.64%  44.3 1635s
 493783 285017  198.76758   50   79  200.00000  196.71838  1.64%  44.3 1640s
 495308 285842  197.22931   46  132  200.00000  196.71942  1.64%  44.3 1645s
 496888 286761  197.25088   43  109  200.00000  196.72022  1.64%  44.3 1650s
 498344 287508  197.22704   52  106  200.00000  196.72147  1.64%  44.3 1655s
 499797 288248  197.08378   41   79  200.00000  196.72219  1.64%  44.3 1660s
 501161 288970  196.92906   41  106  200.00000  196.72337  1.64%  44.3 1665s
 502803 289896  198.13922   54   42  200.00000  196.72429  1.64%  44.3 1670s
 504346 290732  198.07834   58   69  200.00000  196.72511  1.64%  44.3 1675s
 505930 291561  197.88097   45   64  200.00000  196.72618  1.64%  44.3 1680s
 507398 292394  198.62050   51   58  200.00000  196.72710  1.64%  44.3 1685s
 508871 293216  198.03177   45   68  200.00000  196.72793  1.64%  44.3 1690s
 510411 294085  198.05219   58   48  200.00000  196.72886  1.64%  44.3 1695s
 511890 294813     cutoff   66       200.00000  196.72967  1.64%  44.3 1700s
 513371 295608  198.94484   53   48  200.00000  196.73049  1.63%  44.3 1705s
 514754 296349     cutoff   50       200.00000  196.73134  1.63%  44.3 1710s
 516163 297126  198.02073   45   70  200.00000  196.73235  1.63%  44.3 1715s
 517616 297869  198.07939   62   63  200.00000  196.73322  1.63%  44.3 1720s
 519143 298720  197.62485   45   69  200.00000  196.73402  1.63%  44.3 1725s
 520480 299488  197.04954   37   92  200.00000  196.73486  1.63%  44.3 1730s
 522104 300350  198.34472   56  143  200.00000  196.73565  1.63%  44.3 1735s
 523641 301130  198.94401   71   54  200.00000  196.73663  1.63%  44.3 1740s
 525161 301965  197.24997   47   84  200.00000  196.73740  1.63%  44.3 1745s
 526796 302880  198.88472   72   63  200.00000  196.73833  1.63%  44.2 1750s
 528234 303647  198.14272   48   54  200.00000  196.73906  1.63%  44.2 1755s
 529747 304415  198.52453   62   48  200.00000  196.74016  1.63%  44.2 1760s
 531245 305251  199.00000   51   39  200.00000  196.74125  1.63%  44.2 1765s
 532683 305955  198.43537   50   71  200.00000  196.74238  1.63%  44.3 1770s
 533889 306559  199.00000   51   16  200.00000  196.74297  1.63%  44.3 1777s
 534505 306920  198.68844   61   66  200.00000  196.74329  1.63%  44.3 1780s
 535952 307665  197.10888   41   88  200.00000  196.74396  1.63%  44.3 1785s
 537480 308446  198.92143   60   78  200.00000  196.74522  1.63%  44.3 1790s
 538891 309249  197.24946   50   97  200.00000  196.74613  1.63%  44.3 1795s
 540380 310091  198.14860   52   50  200.00000  196.74678  1.63%  44.3 1800s
 541878 310814  197.03837   51  122  200.00000  196.74790  1.63%  44.3 1805s
 543382 311681  197.51529   33   95  200.00000  196.74881  1.63%  44.3 1810s
 544978 312496  197.32694   42   59  200.00000  196.74951  1.63%  44.3 1815s
 546340 313215  198.10929   56   78  200.00000  196.75000  1.63%  44.3 1820s
 547873 314087  197.12964   44  110  200.00000  196.75036  1.62%  44.3 1825s
 549348 314917     cutoff   62       200.00000  196.75097  1.62%  44.3 1830s
 550840 315747  197.81107   56   97  200.00000  196.75167  1.62%  44.3 1835s
 552267 316544  196.86718   37  102  200.00000  196.75230  1.62%  44.3 1840s
 553781 317305  197.55615   57   61  200.00000  196.75302  1.62%  44.2 1845s
 555114 318001  196.96395   47  121  200.00000  196.75364  1.62%  44.3 1850s
 556473 318762  197.00000   45   55  200.00000  196.75409  1.62%  44.3 1855s
 557854 319505  197.58663   45  103  200.00000  196.75470  1.62%  44.3 1860s
 559276 320307  197.33416   38  107  200.00000  196.75533  1.62%  44.3 1865s
 560704 321088  197.14049   49  107  200.00000  196.75582  1.62%  44.3 1870s
 562105 321847  198.74238   56   41  200.00000  196.75641  1.62%  44.3 1875s
 563533 322639  199.00000   44   22  200.00000  196.75701  1.62%  44.3 1880s
 565030 323424  197.29776   49   88  200.00000  196.75750  1.62%  44.3 1885s
 566449 324216  197.88124   59   82  200.00000  196.75826  1.62%  44.3 1890s
 567983 325053  197.43511   42   54  200.00000  196.75902  1.62%  44.3 1895s
 569450 325871  198.11718   47   61  200.00000  196.75976  1.62%  44.3 1900s
 570908 326685  198.52571   58   50  200.00000  196.76064  1.62%  44.3 1905s
 572241 327434  198.43885   46   63  200.00000  196.76133  1.62%  44.3 1910s
 573722 328258  197.27582   39   65  200.00000  196.76189  1.62%  44.3 1915s
 575192 329072  198.02003   49   65  200.00000  196.76232  1.62%  44.3 1920s
 576670 329857  196.77880   38  111  200.00000  196.76308  1.62%  44.3 1925s
 578134 330732  196.86266   35  121  200.00000  196.76357  1.62%  44.3 1930s
 579634 331552  197.35609   50   97  200.00000  196.76407  1.62%  44.3 1935s
 581249 332500  199.00000   71   24  200.00000  196.76454  1.62%  44.3 1940s
 582725 333309  198.12544   63   43  200.00000  196.76505  1.62%  44.3 1945s
 584227 334095  197.10992   52   74  200.00000  196.76573  1.62%  44.3 1950s
 585663 334868  197.10700   41  115  200.00000  196.76631  1.62%  44.3 1955s
 587123 335641     cutoff   59       200.00000  196.76711  1.62%  44.3 1960s
 588627 336496  197.89016   45  119  200.00000  196.76776  1.62%  44.3 1965s
 590049 337258  197.04982   33  142  200.00000  196.76848  1.62%  44.3 1970s
 591447 338033  198.16954   51   92  200.00000  196.76916  1.62%  44.3 1975s
 592916 338832  197.09049   35   99  200.00000  196.76978  1.62%  44.3 1980s
 594383 339560  197.46734   49   77  200.00000  196.77060  1.61%  44.3 1985s
 595867 340382  198.82079   65   39  200.00000  196.77128  1.61%  44.3 1990s
 597339 341174  197.30355   43  116  200.00000  196.77196  1.61%  44.3 1995s
 598776 341944  197.50803   48   80  200.00000  196.77274  1.61%  44.3 2000s
 600232 342696  197.11516   52  125  200.00000  196.77351  1.61%  44.3 2005s
 601681 343516  198.44325   58   39  200.00000  196.77435  1.61%  44.3 2010s
 603134 344300  198.44532   49   80  200.00000  196.77525  1.61%  44.3 2015s
 604507 345073  198.25593   56   60  200.00000  196.77597  1.61%  44.3 2020s
 605979 345827  198.02488   58   39  200.00000  196.77691  1.61%  44.3 2025s
 607344 346583  196.97343   42  109  200.00000  196.77750  1.61%  44.3 2030s
 608765 347369  198.07311   42   60  200.00000  196.77818  1.61%  44.4 2035s
 610253 348206  197.62935   69   91  200.00000  196.77899  1.61%  44.4 2040s
 611626 348971  197.91430   63   96  200.00000  196.77965  1.61%  44.4 2045s
 613044 349701  197.00000   45   74  200.00000  196.78033  1.61%  44.4 2050s
 614519 350449  197.19808   33  117  200.00000  196.78106  1.61%  44.4 2055s
 615972 351279  198.62488   46   90  200.00000  196.78171  1.61%  44.4 2060s
 617420 352075  197.35818   55   56  200.00000  196.78233  1.61%  44.4 2065s
 618782 352805  197.32071   49   91  200.00000  196.78320  1.61%  44.4 2070s
 620238 353546  197.40000   50   46  200.00000  196.78393  1.61%  44.4 2075s
 621673 354267  198.56619   51   65  200.00000  196.78481  1.61%  44.4 2080s
 623145 355027  197.25160   48   95  200.00000  196.78548  1.61%  44.4 2085s
 624657 355823  197.41042   71   67  200.00000  196.78636  1.61%  44.4 2090s
 626100 356547  198.35846   58   49  200.00000  196.78731  1.61%  44.4 2095s
 627528 357302     cutoff   50       200.00000  196.78802  1.61%  44.4 2100s
 628970 358042  197.63369   45  109  200.00000  196.78868  1.61%  44.4 2105s
 630417 358762  197.41007   39  101  200.00000  196.78951  1.61%  44.4 2110s
 631826 359462     cutoff   79       200.00000  196.79006  1.60%  44.4 2115s
 633179 360256  196.96999   37  106  200.00000  196.79079  1.60%  44.4 2120s
 634546 361014  199.00000   54   39  200.00000  196.79129  1.60%  44.4 2125s
 636035 361796  198.15252   53   54  200.00000  196.79205  1.60%  44.4 2130s
 637343 362522  197.00000   57   56  200.00000  196.79262  1.60%  44.4 2135s
 638692 363287  196.88747   46   97  200.00000  196.79334  1.60%  44.4 2140s
 640226 364097  198.36345   58   55  200.00000  196.79413  1.60%  44.4 2145s
 641660 364858  199.00000   58   25  200.00000  196.79485  1.60%  44.4 2150s
 642975 365613  198.27713   50   80  200.00000  196.79529  1.60%  44.4 2155s
 644453 366403  197.00000   40   71  200.00000  196.79594  1.60%  44.4 2160s
 645872 367156  197.50547   61   89  200.00000  196.79678  1.60%  44.5 2165s
 647317 367959  197.20904   48   93  200.00000  196.79747  1.60%  44.4 2170s
 648770 368690  198.23306   58   70  200.00000  196.79832  1.60%  44.5 2175s
 650287 369461  197.23586   51   63  200.00000  196.79912  1.60%  44.4 2180s
 651770 370265  197.48401   55  103  200.00000  196.79998  1.60%  44.4 2185s
 653237 371000  197.49261   52   98  200.00000  196.80094  1.60%  44.4 2190s
 654710 371805  198.88261   52   59  200.00000  196.80149  1.60%  44.4 2195s
 656247 372613  197.35316   46  137  200.00000  196.80230  1.60%  44.4 2200s
 657648 373349     cutoff   68       200.00000  196.80299  1.60%  44.4 2205s
 659120 374130  198.74134   52   78  200.00000  196.80394  1.60%  44.4 2210s
 660576 374927  196.93766   38  114  200.00000  196.80461  1.60%  44.4 2215s
 661998 375742  196.86696   44   75  200.00000  196.80522  1.60%  44.5 2220s
 663319 376494  198.50000   55   43  200.00000  196.80580  1.60%  44.5 2225s
 664863 377318  197.32007   40  105  200.00000  196.80643  1.60%  44.5 2230s
 666267 378080  197.13293   35  106  200.00000  196.80710  1.60%  44.5 2235s
 667727 378896  198.00000   40   42  200.00000  196.80783  1.60%  44.5 2240s
 669276 379827  197.67076   54   64  200.00000  196.80862  1.60%  44.5 2245s
 670765 380605  198.72077   59   57  200.00000  196.80915  1.60%  44.4 2250s
 672174 381306  198.46361   48   68  200.00000  196.80976  1.60%  44.5 2255s
 673594 382070  197.18151   42  137  200.00000  196.81026  1.59%  44.5 2260s
 674951 382764  197.33289   36   91  200.00000  196.81099  1.59%  44.5 2265s
 676550 383615     cutoff   56       200.00000  196.81176  1.59%  44.5 2270s
 677991 384353     cutoff   47       200.00000  196.81224  1.59%  44.5 2275s
 679574 385143  197.76034   50   64  200.00000  196.81278  1.59%  44.4 2280s
 681015 385948  199.00000   59   47  200.00000  196.81350  1.59%  44.5 2285s
 682509 386677  196.90229   43  120  200.00000  196.81415  1.59%  44.5 2290s
 683942 387447  197.82280   43   51  200.00000  196.81492  1.59%  44.4 2295s
 685248 388115  199.00000   54   41  200.00000  196.81567  1.59%  44.5 2300s
 686815 388964  199.00000   68   36  200.00000  196.81622  1.59%  44.4 2305s
 688190 389697  197.51117   55   80  200.00000  196.81686  1.59%  44.5 2310s
 689718 390523  196.99528   41  124  200.00000  196.81763  1.59%  44.4 2315s
 691239 391335  198.10889   64   42  200.00000  196.81850  1.59%  44.4 2320s
 692709 392060  197.47665   46   56  200.00000  196.81925  1.59%  44.4 2325s
 694188 392820  197.15368   48   97  200.00000  196.81982  1.59%  44.4 2330s
 695559 393546  197.59618   43   77  200.00000  196.82055  1.59%  44.4 2335s
 696909 394254  197.27021   47  121  200.00000  196.82124  1.59%  44.4 2340s
 698404 395032  198.41380   56   70  200.00000  196.82198  1.59%  44.4 2345s
 699781 395751  198.20623   50   62  200.00000  196.82269  1.59%  44.4 2350s
 701233 396522  196.87182   37  102  200.00000  196.82350  1.59%  44.5 2355s
 702613 397230  198.10447   48   73  200.00000  196.82429  1.59%  44.5 2360s
 704091 398016  197.41732   42  109  200.00000  196.82497  1.59%  44.5 2365s
 705533 398805  197.54924   43   88  200.00000  196.82595  1.59%  44.5 2370s
 706810 399499  197.23912   38   67  200.00000  196.82667  1.59%  44.5 2375s
 708147 400217     cutoff   48       200.00000  196.82753  1.59%  44.5 2380s
 709545 400922  197.44598   37  156  200.00000  196.82817  1.59%  44.5 2385s
 711056 401689  197.19179   39   92  200.00000  196.82897  1.59%  44.5 2390s
 712615 402529  197.50500   50   64  200.00000  196.82966  1.59%  44.5 2395s
 714077 403259  197.63874   39   90  200.00000  196.83032  1.58%  44.5 2400s
 715599 404033  197.83846   46   91  200.00000  196.83097  1.58%  44.5 2405s
 717142 404798  198.73524   58   70  200.00000  196.83173  1.58%  44.5 2410s
 718484 405483  197.39794   43   95  200.00000  196.83250  1.58%  44.5 2415s
 719859 406189  197.23721   40  109  200.00000  196.83304  1.58%  44.5 2420s
 721284 406924  197.04211   50  134  200.00000  196.83336  1.58%  44.5 2425s
 722675 407615  198.50660   44   73  200.00000  196.83403  1.58%  44.5 2430s
 724118 408385  197.67929   41   71  200.00000  196.83482  1.58%  44.5 2435s
 725596 409196  198.92124   53   27  200.00000  196.83543  1.58%  44.5 2440s
 726982 410024  198.26573   58   43  200.00000  196.83618  1.58%  44.5 2445s
 728361 410699  197.93844   40  102  200.00000  196.83675  1.58%  44.5 2450s
 729734 411381  198.25713   45   67  200.00000  196.83734  1.58%  44.5 2455s
 731192 412106  197.23963   32  146  200.00000  196.83785  1.58%  44.5 2460s
 732626 412887  198.10470   59   68  200.00000  196.83844  1.58%  44.5 2465s
 734059 413571  197.18212   43   75  200.00000  196.83882  1.58%  44.5 2470s
 735468 414289  198.17540   67   72  200.00000  196.83943  1.58%  44.5 2475s
 736934 415044  197.10984   33  131  200.00000  196.83996  1.58%  44.5 2480s
 738464 415821  197.47833   40  118  200.00000  196.84056  1.58%  44.5 2485s
 739843 416568  197.95103   41   99  200.00000  196.84114  1.58%  44.5 2490s
 741290 417343  197.10246   35  121  200.00000  196.84186  1.58%  44.5 2495s
 742740 418096  198.21285   54   35  200.00000  196.84240  1.58%  44.5 2500s
 744118 418769  197.19948   39   88  200.00000  196.84328  1.58%  44.5 2505s
 745585 419468  198.45290   53   74  200.00000  196.84391  1.58%  44.5 2510s
 747028 420182  198.31465   64   23  200.00000  196.84453  1.58%  44.5 2515s
 748532 420980  199.00000   47   39  200.00000  196.84503  1.58%  44.5 2520s
 749888 421622  197.61047   43  105  200.00000  196.84562  1.58%  44.5 2525s
 751314 422365  197.52054   49  100  200.00000  196.84644  1.58%  44.5 2530s
 752691 423030  197.44603   47   80  200.00000  196.84687  1.58%  44.5 2535s
 754091 423714  197.26289   42  108  200.00000  196.84752  1.58%  44.5 2540s
 755505 424482  198.27017   51   26  200.00000  196.84780  1.58%  44.5 2545s
 756917 425207  197.93467   50   75  200.00000  196.84853  1.58%  44.5 2550s
 758306 425874  198.32309   61   41  200.00000  196.84922  1.58%  44.5 2555s
 759708 426574  198.41037   68   74  200.00000  196.84956  1.58%  44.5 2560s
 761101 427308 infeasible   54       200.00000  196.85015  1.57%  44.5 2565s
 762443 428021  198.00467   42   84  200.00000  196.85072  1.57%  44.5 2570s
 763803 428682  198.00561   59   77  200.00000  196.85135  1.57%  44.5 2575s
 765171 429379  197.24111   50   73  200.00000  196.85195  1.57%  44.5 2580s
 766629 430141  198.21620   58   53  200.00000  196.85267  1.57%  44.5 2585s
 768052 430923  197.75944   39   69  200.00000  196.85304  1.57%  44.5 2590s
 769444 431629  197.99305   49  100  200.00000  196.85369  1.57%  44.5 2595s
 770854 432318  197.28481   36  131  200.00000  196.85432  1.57%  44.5 2600s
 772278 432986  198.70472   54   44  200.00000  196.85521  1.57%  44.5 2605s
 773679 433682  197.49911   41  114  200.00000  196.85580  1.57%  44.5 2610s
 775150 434391  198.01794   51   73  200.00000  196.85654  1.57%  44.5 2615s
 776602 435136  197.03589   44   82  200.00000  196.85719  1.57%  44.5 2620s
 778066 435883     cutoff   61       200.00000  196.85800  1.57%  44.5 2625s
 779474 436643  198.44997   41  123  200.00000  196.85874  1.57%  44.6 2630s
 780951 437436  198.76414   50   62  200.00000  196.85954  1.57%  44.6 2635s
 782406 438236  198.60123   64   66  200.00000  196.86011  1.57%  44.6 2640s
 783899 438993  197.28961   47  129  200.00000  196.86077  1.57%  44.6 2645s
 785266 439696  197.42423   42  126  200.00000  196.86126  1.57%  44.6 2650s
 786678 440426     cutoff   48       200.00000  196.86196  1.57%  44.6 2655s
 788195 441222     cutoff   56       200.00000  196.86258  1.57%  44.6 2660s
 789683 441970  197.43895   49  111  200.00000  196.86311  1.57%  44.6 2665s
 791089 442665     cutoff   54       200.00000  196.86391  1.57%  44.6 2670s
 792561 443421  197.25295   37   74  200.00000  196.86451  1.57%  44.6 2675s
 794052 444189  198.13417   54   37  200.00000  196.86511  1.57%  44.6 2680s
 795499 444871  197.04653   41  112  200.00000  196.86590  1.57%  44.6 2685s
 796804 445597  198.33836   51   57  200.00000  196.86639  1.57%  44.6 2695s
 798121 446247  197.15908   44   79  200.00000  196.86696  1.57%  44.6 2700s
 799540 447024  198.51424   55   48  200.00000  196.86754  1.57%  44.6 2705s
 800966 447734  197.43198   52   84  200.00000  196.86818  1.57%  44.6 2710s
 802395 448456  197.88761   49   83  200.00000  196.86886  1.57%  44.6 2715s
 803757 449145  197.60387   55   83  200.00000  196.86958  1.57%  44.6 2720s
 805202 449895  198.09471   55   67  200.00000  196.87025  1.56%  44.6 2725s
 806689 450626  197.14386   45  155  200.00000  196.87097  1.56%  44.6 2730s
 808104 451355  197.81498   48   55  200.00000  196.87145  1.56%  44.6 2735s
 809576 452096  197.17129   45  187  200.00000  196.87209  1.56%  44.6 2740s
 811039 452852     cutoff   45       200.00000  196.87275  1.56%  44.6 2745s
 812479 453531  199.00000   69   14  200.00000  196.87342  1.56%  44.6 2750s
 813941 454198  198.00885   52   59  200.00000  196.87397  1.56%  44.6 2755s
 815476 454975  197.31654   54   86  200.00000  196.87463  1.56%  44.6 2760s
 816911 455730  198.21840   67   41  200.00000  196.87529  1.56%  44.6 2765s
 818440 456511  197.24996   47  113  200.00000  196.87596  1.56%  44.6 2770s
 819982 457315  197.89797   46   63  200.00000  196.87681  1.56%  44.6 2775s
 821528 458108  198.50000   49   44  200.00000  196.87738  1.56%  44.6 2780s
 823028 458902  197.16104   44   94  200.00000  196.87830  1.56%  44.6 2785s
 824541 459683  198.00000   61   79  200.00000  196.87891  1.56%  44.6 2790s
 826013 460387  198.06659   52   38  200.00000  196.87952  1.56%  44.6 2795s
 827461 461104  197.39796   48   79  200.00000  196.88007  1.56%  44.6 2800s
 828876 461843  196.93283   40  102  200.00000  196.88054  1.56%  44.6 2805s
 830236 462535  197.52572   54   81  200.00000  196.88109  1.56%  44.6 2810s
 831708 463303  198.38204   57   52  200.00000  196.88149  1.56%  44.6 2815s
 833258 464088     cutoff   72       200.00000  196.88223  1.56%  44.6 2820s
 834658 464774  198.07384   57   40  200.00000  196.88274  1.56%  44.6 2825s
 836254 465546  197.31136   36  104  200.00000  196.88332  1.56%  44.6 2830s
 837647 466292  198.00000   56   50  200.00000  196.88390  1.56%  44.6 2835s
 839169 467102  198.11147   46   49  200.00000  196.88445  1.56%  44.6 2840s
 840604 467824  197.23972   58  105  200.00000  196.88529  1.56%  44.6 2845s
 842045 468544  197.18481   38   90  200.00000  196.88596  1.56%  44.6 2850s
 843528 469343  198.92345   38  115  200.00000  196.88661  1.56%  44.6 2855s
 844955 470015  199.00000   53   28  200.00000  196.88713  1.56%  44.6 2860s
 846352 470711  197.23625   47  110  200.00000  196.88770  1.56%  44.6 2865s
 847695 471377  198.40368   59   93  200.00000  196.88812  1.56%  44.6 2870s
 849202 472143  197.00000   48   82  200.00000  196.88871  1.56%  44.6 2875s
 850782 472915  198.22330   51   54  200.00000  196.88929  1.56%  44.6 2880s
 852239 473622  197.93340   42   89  200.00000  196.88994  1.56%  44.6 2885s
 853594 474287  198.04636   57   42  200.00000  196.89054  1.55%  44.7 2890s
 855145 475087  198.15171   53   33  200.00000  196.89110  1.55%  44.7 2895s
 856559 475817  198.24475   41   49  200.00000  196.89165  1.55%  44.7 2900s
 858071 476567  199.00000   65   22  200.00000  196.89217  1.55%  44.7 2905s
 859607 477276  198.18155   45   58  200.00000  196.89285  1.55%  44.7 2910s
 861076 478068  197.66009   39   47  200.00000  196.89336  1.55%  44.7 2915s
 862476 478814  197.43070   45  104  200.00000  196.89385  1.55%  44.7 2920s
 863926 479545     cutoff   70       200.00000  196.89446  1.55%  44.7 2925s
 865363 480242     cutoff   55       200.00000  196.89507  1.55%  44.7 2930s
 866723 480986  198.14112   60   66  200.00000  196.89578  1.55%  44.7 2935s
 868205 481780  197.16235   45  115  200.00000  196.89632  1.55%  44.7 2940s
 869749 482508     cutoff   49       200.00000  196.89697  1.55%  44.7 2945s
 871290 483292  197.69255   41  105  200.00000  196.89757  1.55%  44.7 2950s
 872675 483984  198.00000   42   66  200.00000  196.89813  1.55%  44.7 2955s
 874184 484704  198.00000   50   51  200.00000  196.89893  1.55%  44.7 2960s
 875661 485394  197.97233   45   74  200.00000  196.89971  1.55%  44.7 2965s
 877187 486171  197.25727   45   80  200.00000  196.90033  1.55%  44.7 2970s
 878641 486851  198.70698   62   58  200.00000  196.90088  1.55%  44.7 2975s
 880173 487632  199.00000   60   21  200.00000  196.90135  1.55%  44.7 2980s
 881670 488387  196.97118   51  106  200.00000  196.90204  1.55%  44.7 2985s
 883066 489081  197.03145   49   75  200.00000  196.90248  1.55%  44.7 2990s
 884616 489808  197.98975   51   78  200.00000  196.90299  1.55%  44.7 2995s
 886091 490548  197.35312   59   97  200.00000  196.90338  1.55%  44.7 3000s
 887574 491281     cutoff   53       200.00000  196.90388  1.55%  44.7 3005s
 889005 491982  198.67272   55   66  200.00000  196.90446  1.55%  44.7 3010s
 890457 492715     cutoff   70       200.00000  196.90526  1.55%  44.7 3015s
 891850 493425  197.35516   38  121  200.00000  196.90602  1.55%  44.7 3020s
 893236 494064  197.69939   38  102  200.00000  196.90664  1.55%  44.7 3025s
 894752 494800  197.81614   54  101  200.00000  196.90717  1.55%  44.7 3030s
 896241 495533  199.00000   49   18  200.00000  196.90776  1.55%  44.7 3035s
 897738 496241  197.65165   42  126  200.00000  196.90833  1.55%  44.7 3040s
 899119 496903  198.00521   46   52  200.00000  196.90897  1.55%  44.7 3045s
 900645 497675  197.45240   44   88  200.00000  196.90959  1.55%  44.7 3050s
 902110 498420  197.54915   48  104  200.00000  196.91003  1.54%  44.7 3055s
 903704 499247  198.00000   50   53  200.00000  196.91074  1.54%  44.7 3060s
 905170 499984  198.30291   60   64  200.00000  196.91138  1.54%  44.7 3065s
 906645 500750  198.08732   55   71  200.00000  196.91198  1.54%  44.7 3070s
 908127 501525  198.34593   58   55  200.00000  196.91262  1.54%  44.7 3075s
 909540 502238  197.02745   46   88  200.00000  196.91325  1.54%  44.7 3080s
 910979 502967 infeasible   77       200.00000  196.91364  1.54%  44.7 3085s
 912239 503681  197.00856   47  114  200.00000  196.91365  1.54%  44.7 3090s
 913468 504378  197.17563   56  126  200.00000  196.91365  1.54%  44.7 3095s
 914914 505137  198.00000   38   42  200.00000  196.91406  1.54%  44.7 3100s
 916373 505865  197.46494   40   81  200.00000  196.91467  1.54%  44.7 3105s
 917880 506613  197.03512   48  131  200.00000  196.91533  1.54%  44.7 3110s
 919284 507358  197.11236   55   82  200.00000  196.91592  1.54%  44.7 3115s
 920787 508071  197.17104   36   95  200.00000  196.91652  1.54%  44.7 3120s
 922274 508831  197.33207   51  124  200.00000  196.91717  1.54%  44.7 3125s
 923647 509481  198.02297   43   78  200.00000  196.91765  1.54%  44.7 3130s
 925133 510268     cutoff   46       200.00000  196.91812  1.54%  44.7 3135s
 926651 510974  198.82459   66   55  200.00000  196.91872  1.54%  44.7 3140s
 928195 511749  197.11414   48  122  200.00000  196.91910  1.54%  44.7 3145s
 929547 512407  197.53722   45   76  200.00000  196.91963  1.54%  44.7 3150s
 931098 513151  198.44253   45   63  200.00000  196.92001  1.54%  44.7 3155s
 932569 513902  197.67551   57   70  200.00000  196.92064  1.54%  44.7 3160s
 934033 514652  196.97181   39  111  200.00000  196.92112  1.54%  44.7 3165s
 935490 515387  198.45858   38   60  200.00000  196.92178  1.54%  44.7 3170s
 937058 516172  198.13504   46   77  200.00000  196.92237  1.54%  44.7 3175s
 938505 516918     cutoff   44       200.00000  196.92295  1.54%  44.7 3180s
 939909 517661  198.00000   48   42  200.00000  196.92342  1.54%  44.7 3185s
 941374 518384  197.66893   54   49  200.00000  196.92393  1.54%  44.7 3190s
 942827 519134  198.96511   47   58  200.00000  196.92437  1.54%  44.7 3195s
 944219 519841  197.26659   51   94  200.00000  196.92489  1.54%  44.7 3200s
 945741 520618 infeasible   67       200.00000  196.92555  1.54%  44.7 3205s
 947292 521352  198.20272   59   50  200.00000  196.92640  1.54%  44.7 3210s
 948786 522062     cutoff   67       200.00000  196.92685  1.54%  44.7 3215s
 950316 522821  198.85824   52   61  200.00000  196.92750  1.54%  44.7 3220s
 951754 523583  198.01688   51   70  200.00000  196.92800  1.54%  44.7 3225s
 953269 524332  198.57314   53   62  200.00000  196.92844  1.54%  44.7 3230s
 954754 525081     cutoff   58       200.00000  196.92892  1.54%  44.7 3235s
 956238 525869  197.47644   41  113  200.00000  196.92951  1.54%  44.7 3240s
 957703 526640  198.40976   64   67  200.00000  196.92994  1.54%  44.7 3245s
 959157 527378  197.83091   46   56  200.00000  196.93053  1.53%  44.7 3250s
 960616 528112  199.00000   45   57  200.00000  196.93093  1.53%  44.7 3255s
 962043 528842  197.25552   51   96  200.00000  196.93135  1.53%  44.7 3260s
 963591 529652  197.37860   36   80  200.00000  196.93185  1.53%  44.7 3265s
 964965 530334  197.82568   43   50  200.00000  196.93229  1.53%  44.7 3270s
 966441 531076  198.77003   61   40  200.00000  196.93276  1.53%  44.7 3275s
 967963 531783  197.71860   49   96  200.00000  196.93317  1.53%  44.7 3280s
 969486 532554     cutoff   54       200.00000  196.93361  1.53%  44.7 3285s
 970950 533279  198.00922   48  113  200.00000  196.93408  1.53%  44.7 3290s
 972357 533918  199.00000   58   18  200.00000  196.93447  1.53%  44.7 3295s
 973930 534687  198.10297   50   77  200.00000  196.93494  1.53%  44.7 3300s
 975430 535386  197.84780   40   53  200.00000  196.93533  1.53%  44.7 3305s
 976872 536109  197.30000   49   77  200.00000  196.93576  1.53%  44.7 3310s
 978357 536883  198.50000   52   58  200.00000  196.93619  1.53%  44.7 3315s
 979855 537589  198.21010   53   55  200.00000  196.93659  1.53%  44.7 3320s
 981372 538359  197.73969   48   99  200.00000  196.93711  1.53%  44.7 3325s
 982777 539046  197.66558   58   75  200.00000  196.93762  1.53%  44.7 3330s
 984206 539787  198.00000   52   61  200.00000  196.93803  1.53%  44.7 3335s
 985607 540504  197.25281   40  110  200.00000  196.93860  1.53%  44.7 3340s
 987055 541257  197.08031   35   65  200.00000  196.93889  1.53%  44.7 3345s
 988573 542017  197.62522   42   86  200.00000  196.93931  1.53%  44.7 3350s
 990049 542767  198.08651   56   63  200.00000  196.93970  1.53%  44.7 3355s
 991553 543505  198.19355   57   47  200.00000  196.94023  1.53%  44.7 3360s
 993141 544204  198.26800   58   43  200.00000  196.94068  1.53%  44.7 3365s
 994617 544904  197.09099   52   66  200.00000  196.94115  1.53%  44.7 3370s
 996080 545591  197.57009   44  144  200.00000  196.94162  1.53%  44.7 3375s
 997458 546312  198.05379   54   69  200.00000  196.94202  1.53%  44.7 3380s
 998935 546974  198.39122   62   66  200.00000  196.94266  1.53%  44.7 3385s
 1000422 547745     cutoff   56       200.00000  196.94306  1.53%  44.7 3390s
 1001964 548522     cutoff   60       200.00000  196.94361  1.53%  44.7 3395s
 1003506 549275     cutoff   47       200.00000  196.94405  1.53%  44.7 3400s
 1004899 549919  197.74944   50   56  200.00000  196.94454  1.53%  44.7 3405s
 1006516 550719  197.20834   38   91  200.00000  196.94505  1.53%  44.7 3410s
 1007996 551467  197.83212   53   76  200.00000  196.94547  1.53%  44.7 3415s
 1009487 552218  197.18837   56   93  200.00000  196.94593  1.53%  44.7 3420s
 1010973 552957  199.00000   52   29  200.00000  196.94653  1.53%  44.7 3425s
 1012462 553677  197.15991   54  111  200.00000  196.94700  1.53%  44.7 3430s
 1014024 554466  197.23568   51   86  200.00000  196.94744  1.53%  44.7 3435s
 1015534 555205  197.33932   48  101  200.00000  196.94791  1.53%  44.7 3440s
 1017120 555967  197.65652   53   88  200.00000  196.94838  1.53%  44.7 3445s
 1018648 556675  198.16338   69   82  200.00000  196.94890  1.53%  44.7 3450s
 1020089 557401  197.24017   46   65  200.00000  196.94943  1.53%  44.7 3455s
 1021630 558169  197.16912   58   96  200.00000  196.94996  1.53%  44.7 3460s
 1023100 558892  198.00000   53   33  200.00000  196.95034  1.52%  44.7 3465s
 1024660 559707  198.79249   70   59  200.00000  196.95075  1.52%  44.7 3470s
 1026054 560393  198.84070   62   53  200.00000  196.95137  1.52%  44.7 3475s
 1027588 561112  198.13862   55   73  200.00000  196.95172  1.52%  44.7 3480s
 1029065 561823  197.08294   45  110  200.00000  196.95216  1.52%  44.7 3485s
 1030548 562605  197.30393   49   95  200.00000  196.95269  1.52%  44.7 3490s
 1031957 563336  197.80862   41  107  200.00000  196.95310  1.52%  44.7 3495s
 1033426 564038     cutoff   74       200.00000  196.95352  1.52%  44.7 3500s
 1034829 564754  197.88608   48  101  200.00000  196.95397  1.52%  44.7 3512s
 1035510 565074  198.03038   38  133  200.00000  196.95419  1.52%  44.7 3515s
 1036908 565732  198.74779   59   52  200.00000  196.95466  1.52%  44.7 3520s
 1038288 566412  197.08438   38   97  200.00000  196.95512  1.52%  44.7 3525s
 1039639 567057  197.11057   41  108  200.00000  196.95552  1.52%  44.7 3530s
 1041024 567770  197.07863   39   74  200.00000  196.95597  1.52%  44.7 3535s
 1042555 568578  197.30917   40   64  200.00000  196.95643  1.52%  44.7 3540s
 1044116 569311  198.11597   42   88  200.00000  196.95682  1.52%  44.7 3545s
 1045585 570080  198.48661   58   56  200.00000  196.95717  1.52%  44.7 3550s
 1047058 570797     cutoff   68       200.00000  196.95762  1.52%  44.7 3555s
 1048428 571483 infeasible   41       200.00000  196.95805  1.52%  44.7 3560s
 1049871 572194  197.13083   58  102  200.00000  196.95853  1.52%  44.7 3565s
 1051291 572849  197.29006   46  104  200.00000  196.95900  1.52%  44.7 3570s
 1052811 573587  199.00000   54   20  200.00000  196.95948  1.52%  44.7 3575s
 1054213 574298  197.41349   52   69  200.00000  196.95994  1.52%  44.7 3580s
 1055710 574995  197.14118   52  124  200.00000  196.96033  1.52%  44.7 3585s
 1057233 575787  197.75998   48   70  200.00000  196.96065  1.52%  44.7 3590s
 1058754 576503  198.81471   49   47  200.00000  196.96115  1.52%  44.7 3595s

Cutting planes:
  Learned: 1
  Gomory: 39
  Cover: 273
  Implied bound: 80
  MIR: 568
  Mixing: 44
  StrongCG: 23
  Flow cover: 1089
  GUB cover: 19
  Inf proof: 69
  Zero half: 18
  RLT: 22
  Relax-and-lift: 67
  BQP: 3

Explored 1060148 nodes (47429959 simplex iterations) in 3599.96 seconds (3468.11 work units)
Thread count was 1 (of 16 available processors)

Solution count 10: 200 200 201 ... 209

Time limit reached
Warning: max constraint violation (1.0000e-06) exceeds tolerance
Best objective 2.000000000000e+02, best bound 1.970000000000e+02, gap 1.5000%

User-callback calls 3467045, time in user-callback 3.51 sec

 sepatime0
Stat(MathOptInterface.TIME_LIMIT, 200.0, 197.0, 0.015, 0.0, 0.045095, 3599.9572689533234, 1060148, Main.CFLG.LEFPV2, "", #undef)
