Data path: /scratch/opt/lxu/CFLG/benchmarks/Kgroup_A
Instance: K100.10.red
Result path: /scratch/opt/lxu/CFLG/results/Kgroup_A
Solver: Gurobi
Time limit: 3600
Formulation: LEFPV2
Cover: Small
julia --project=. src/main.jl /scratch/opt/lxu/CFLG/benchmarks/Kgroup_A K100.10.red /scratch/opt/lxu/CFLG/results/Kgroup_A Gurobi 3600 LEFPV2 Small
The latest version of Julia in the `release` channel is 1.11.5+0.x64.linux.gnu. You currently have `1.11.4+0.x64.linux.gnu` installed. Run:

  juliaup update

in your terminal shell to install Julia 1.11.5+0.x64.linux.gnu and update the `release` channel to that version.
/scratch/opt/lxu/CFLG/benchmarks/Kgroup_A Gurobi 3600.0 /scratch/opt/lxu/CFLG/results/Kgroup_A K100.10.red LEFPV2 Small
/scratch/opt/lxu/CFLG/benchmarks/Kgroup_A/K100.10.red

 read graph
data loaded


after absorb:27 27

max_piece:12
problem_graph/original graph: node: 43/27 edge: 94/78 dlt: 0.08938950945251786 break_avg_len: 0.2966970952041019 break_max_len: 1.0elapsed CPU time: 0.044178 seconds
Set parameter TokenServer to value "solice01.zib.de"
Set parameter Threads to value 1
Set parameter OutputFlag to value 1
Set parameter MIPGap to value 0.0001
Set parameter MIPGapAbs to value 1
Set parameter TimeLimit to value 3599.955822

 more cuts:true
formulation:LEFPV258 36 16
Set parameter PreCrush to value 1

 model loaded

Gurobi Optimizer version 12.0.1 build v12.0.1rc0 (linux64 - "Debian GNU/Linux 12 (bookworm)")

CPU model: Intel(R) Xeon(R) Gold 5222 CPU @ 3.80GHz, instruction set [SSE2|AVX|AVX2|AVX512]
Thread count: 8 physical cores, 16 logical processors, using up to 1 threads

Non-default parameters:
TimeLimit  3599.955822
MIPGapAbs  1
PreCrush  1
Threads  1

Optimize a model with 2126 rows, 1145 columns and 4923 nonzeros
Model fingerprint: 0xc8572ca8
Variable types: 325 continuous, 820 integer (704 binary)
Coefficient statistics:
  Matrix range     [2e-03, 1e+00]
  Objective range  [1e+00, 1e+00]
  Bounds range     [2e-03, 1e+00]
  RHS range        [2e-03, 5e+00]
Presolve removed 1174 rows and 347 columns
Presolve time: 0.02s
Presolved: 952 rows, 798 columns, 4624 nonzeros
Variable types: 253 continuous, 545 integer (513 binary)
Found heuristic solution: objective 169.0000000
Found heuristic solution: objective 156.0000000

Root relaxation: objective 1.180716e+02, 435 iterations, 0.00 seconds (0.00 work units)

    Nodes    |    Current Node    |     Objective Bounds      |     Work
 Expl Unexpl |  Obj  Depth IntInf | Incumbent    BestBd   Gap | It/Node Time

     0     0  118.07159    0   69  156.00000  118.07159  24.3%     -    0s
H    0     0                     154.0000000  118.07159  23.3%     -    0s
H    0     0                     153.0000000  118.07159  22.8%     -    0s
H    0     0                     149.0000000  118.07159  20.8%     -    0s
     0     0  119.51453    0  120  149.00000  119.51453  19.8%     -    0s
H    0     0                     139.0000000  119.63286  13.9%     -    0s
     0     0  119.63286    0  125  139.00000  119.63286  13.9%     -    0s
     0     0  119.63286    0  122  139.00000  119.63286  13.9%     -    0s
     0     0  121.41328    0  112  139.00000  121.41328  12.7%     -    0s
     0     0  121.50465    0  115  139.00000  121.50465  12.6%     -    0s
     0     0  121.50465    0  119  139.00000  121.50465  12.6%     -    0s
     0     0  121.50465    0  114  139.00000  121.50465  12.6%     -    0s
     0     0  121.50465    0  115  139.00000  121.50465  12.6%     -    0s
     0     0  122.35763    0  124  139.00000  122.35763  12.0%     -    0s
     0     0  122.67089    0  125  139.00000  122.67089  11.7%     -    0s
     0     0  122.73563    0  145  139.00000  122.73563  11.7%     -    0s
     0     0  122.73864    0  144  139.00000  122.73864  11.7%     -    0s
     0     0  122.73892    0  144  139.00000  122.73892  11.7%     -    0s
     0     0  123.43827    0  132  139.00000  123.43827  11.2%     -    0s
     0     0  123.46836    0  135  139.00000  123.46836  11.2%     -    0s
     0     0  123.46841    0  141  139.00000  123.46841  11.2%     -    0s
     0     0  124.11709    0  122  139.00000  124.11709  10.7%     -    0s
H    0     0                     138.0000000  124.12306  10.1%     -    0s
     0     0  124.12306    0  137  138.00000  124.12306  10.1%     -    0s
     0     0  124.12306    0  148  138.00000  124.12306  10.1%     -    0s
     0     0  124.18096    0  144  138.00000  124.18096  10.0%     -    0s
     0     0  124.21828    0  140  138.00000  124.21828  10.0%     -    0s
     0     0  124.38177    0  122  138.00000  124.38177  9.87%     -    0s
H    0     0                     137.0000000  124.49897  9.12%     -    0s
     0     0  124.49897    0  136  137.00000  124.49897  9.12%     -    0s
     0     0  124.49897    0  128  137.00000  124.49897  9.12%     -    0s
     0     0  124.56685    0  142  137.00000  124.56685  9.08%     -    0s
     0     0  124.58686    0  130  137.00000  124.58686  9.06%     -    0s
     0     0  124.60890    0  150  137.00000  124.60890  9.04%     -    0s
     0     0  124.60890    0  153  137.00000  124.60890  9.04%     -    0s
     0     0  124.62244    0  146  137.00000  124.62244  9.03%     -    0s
     0     0  124.63074    0  143  137.00000  124.63074  9.03%     -    0s
     0     0  124.66389    0  139  137.00000  124.66389  9.00%     -    0s
     0     0  124.69129    0  151  137.00000  124.69129  8.98%     -    0s
     0     0  124.71290    0  148  137.00000  124.71290  8.97%     -    0s
     0     0  124.72853    0  150  137.00000  124.72853  8.96%     -    0s
     0     0  124.72853    0  163  137.00000  124.72853  8.96%     -    0s
     0     0  124.73103    0  116  137.00000  124.73103  8.96%     -    0s
     0     2  124.74139    0  116  137.00000  124.74139  8.95%     -    0s
H   52    51                     136.0000000  124.74139  8.28%  26.4    0s
H   81    73                     135.0000000  124.74139  7.60%  19.4    0s
H  300   245                     134.0000000  124.78435  6.88%  21.9    0s
   738   581  127.85548   35  158  134.00000  127.85548  4.59%  59.6    5s
  2514  1506  129.70308   39   58  134.00000  128.05173  4.44%  40.8   10s
  5887  4120  130.00740   38   76  134.00000  128.20683  4.32%  36.4   15s
  8979  6532  130.00000   41   62  134.00000  128.33403  4.23%  35.2   20s
 10203  7462  130.01767   41  116  134.00000  128.34831  4.22%  35.0   26s
 10276  7511  132.45866   77  149  134.00000  128.40741  4.17%  34.8   30s
 10355  7563  129.03951   35  181  134.00000  128.53697  4.08%  34.5   35s
 10418  7605  128.60570   33  163  134.00000  128.60570  4.03%  34.3   40s
H10454  7243                     133.0000000  128.62288  3.29%  34.2   43s
 10519  7288  130.69261   56   33  133.00000  128.64511  3.27%  46.5   45s
 11305  7617  129.00000   34  147  133.00000  128.78001  3.17%  47.2   50s
 12873  8204  131.14870   54   55  133.00000  129.00000  3.01%  49.0   55s
 14679  8816  130.00000   55   68  133.00000  129.05245  2.97%  50.4   60s
 16534  9532  130.47176   54   91  133.00000  129.14608  2.90%  51.8   65s
 18481 10208  131.27974   59   37  133.00000  129.21027  2.85%  53.0   70s
 20391 10868  131.01674   66  103  133.00000  129.25573  2.82%  53.7   75s
 22498 11537  130.66417   46  100  133.00000  129.30393  2.78%  54.2   80s
 24239 12111  129.87175   40  115  133.00000  129.32941  2.76%  54.6   85s
 26245 12788  129.99486   38  187  133.00000  129.35825  2.74%  55.2   90s
 28012 13373  131.17193   68   75  133.00000  129.37555  2.73%  55.9   95s
 30041 13976     cutoff   58       133.00000  129.39620  2.71%  56.3  100s
 32102 14611  130.11755   42  104  133.00000  129.41338  2.70%  56.5  105s
 34210 15919  129.56558   39  139  133.00000  129.43785  2.68%  56.6  110s
 36153 17182  129.57358   54  124  133.00000  129.45765  2.66%  57.0  115s
 38274 18436  130.37004   51   75  133.00000  129.47912  2.65%  56.9  120s
 40338 19736  129.89044   45  173  133.00000  129.49236  2.64%  57.0  125s
 42094 20805  129.97531   42  137  133.00000  129.50000  2.63%  57.5  130s
 43979 22009  130.08875   43  109  133.00000  129.50270  2.63%  57.6  135s
 46088 23297  130.39219   39  150  133.00000  129.51692  2.62%  57.6  140s
 48183 24554  131.30150   57   64  133.00000  129.52875  2.61%  57.5  145s
 50078 25752  130.41531   47   95  133.00000  129.53966  2.60%  57.6  150s
 51975 26960  129.79072   48  154  133.00000  129.54957  2.59%  57.7  155s
 53952 28197  130.24629   49  139  133.00000  129.55987  2.59%  57.7  160s
 55696 29336  130.88204   57   76  133.00000  129.56622  2.58%  58.0  165s
 57651 30592  129.66394   43  162  133.00000  129.57202  2.58%  58.0  170s
 59617 31784  129.87174   39  103  133.00000  129.58159  2.57%  58.0  175s
 61545 33068  130.99476   66   64  133.00000  129.58693  2.57%  58.0  180s
 63490 34276  129.83018   51  108  133.00000  129.59331  2.56%  58.0  185s
 65515 35586  129.89769   53  144  133.00000  129.60118  2.56%  58.0  190s
 67498 36839  130.10878   52  135  133.00000  129.60805  2.55%  58.0  195s
 69502 38166  131.00000   53   45  133.00000  129.61379  2.55%  58.0  200s
 71511 39384  129.65047   45  130  133.00000  129.62249  2.54%  57.9  205s
 73544 40665  130.06366   39  159  133.00000  129.63091  2.53%  57.9  210s
 75724 42003  130.09709   45  143  133.00000  129.63921  2.53%  57.8  215s
 77606 43139  130.19356   44  141  133.00000  129.64720  2.52%  57.8  220s
 79480 44227  130.40000   50   71  133.00000  129.65610  2.51%  57.9  225s
 81497 45531 infeasible   79       133.00000  129.66275  2.51%  57.9  230s
 83541 46814  130.00000   64   89  133.00000  129.66788  2.51%  57.9  235s
 85354 47874  131.08235   51   82  133.00000  129.67230  2.50%  58.0  240s
 87477 49156  130.00614   46  184  133.00000  129.67754  2.50%  57.9  245s
 89396 50304     cutoff   71       133.00000  129.68321  2.49%  57.9  250s
 91403 51540  130.27907   46  116  133.00000  129.68950  2.49%  57.8  255s
 93362 52745  131.67234   82   63  133.00000  129.69628  2.48%  57.8  260s
 95562 54087  131.01153   81   55  133.00000  129.70193  2.48%  57.7  265s
 97517 55265  130.18601   56  106  133.00000  129.70792  2.48%  57.7  270s
 99500 56481  131.31877   63   84  133.00000  129.71298  2.47%  57.7  275s
 101421 57583  129.93022   38  146  133.00000  129.71884  2.47%  57.8  280s
 103206 58627  130.37895   59   96  133.00000  129.72419  2.46%  57.8  285s
 105032 59685  131.53901   62   49  133.00000  129.72869  2.46%  57.9  290s
 107012 60795  130.70409   52  107  133.00000  129.73495  2.45%  58.0  295s
 108922 61935     cutoff   67       133.00000  129.74130  2.45%  58.0  300s
 110763 63011     cutoff   64       133.00000  129.74712  2.45%  58.1  305s
 112307 64011  131.41387   61   45  133.00000  129.75015  2.44%  58.1  311s
 113548 64753  130.07801   48  148  133.00000  129.75378  2.44%  58.1  315s
 115379 65871  131.47619   49   74  133.00000  129.75793  2.44%  58.1  320s
 117280 66955  130.39618   48  128  133.00000  129.76369  2.43%  58.2  325s
 119238 68129  131.00000   78   30  133.00000  129.76890  2.43%  58.2  330s
 121301 69267  130.02989   41  160  133.00000  129.77571  2.42%  58.1  335s
 123279 70406  131.30711   49   66  133.00000  129.78030  2.42%  58.1  340s
 125375 71583  130.33333   53  139  133.00000  129.78542  2.42%  58.1  345s
 127537 72874  129.86164   45  114  133.00000  129.79133  2.41%  58.0  350s
 129693 74136  131.36588   54  147  133.00000  129.79804  2.41%  58.0  355s
 131755 75298  131.21199   67   53  133.00000  129.80432  2.40%  58.0  360s
 133797 76456  131.23411   53   82  133.00000  129.80843  2.40%  57.9  365s
 135776 77593  132.00000   77   45  133.00000  129.81298  2.40%  57.9  370s
 137727 78754  132.00000   80   20  133.00000  129.81823  2.39%  58.0  375s
 139670 79850  131.42351   62   88  133.00000  129.82282  2.39%  58.0  380s
 141590 80948  131.54332   50   74  133.00000  129.82756  2.39%  58.0  385s
 143687 82196  131.55987   54   70  133.00000  129.83327  2.38%  58.0  390s
 145722 83367  130.06235   55  139  133.00000  129.83740  2.38%  58.0  395s
 147562 84432  130.26828   54  126  133.00000  129.84244  2.37%  58.0  400s
 149581 85583  131.40860   59   57  133.00000  129.84707  2.37%  58.0  405s
 151537 86636  130.07576   50  135  133.00000  129.85219  2.37%  58.0  410s
 153373 87710  131.99470   56   67  133.00000  129.85726  2.36%  58.1  415s
 155352 88918 infeasible   57       133.00000  129.86048  2.36%  58.1  420s
 157243 90021  132.00000   61   28  133.00000  129.86487  2.36%  58.1  425s
 159142 91155  130.37412   46  145  133.00000  129.86909  2.35%  58.1  430s
 160951 92173  130.00000   45  134  133.00000  129.87174  2.35%  58.2  435s
 162906 93334  131.04817   51  106  133.00000  129.87486  2.35%  58.2  440s
 164995 94546  131.06094   56   91  133.00000  129.87922  2.35%  58.2  445s
 166810 95544  130.36623   50  132  133.00000  129.88409  2.34%  58.2  450s
 168790 96708  130.35746   54  118  133.00000  129.88788  2.34%  58.2  455s
 170739 97800  130.52902   54   72  133.00000  129.89150  2.34%  58.2  460s
 172791 98942  130.39152   61   93  133.00000  129.89534  2.33%  58.2  465s
 174823 100103  130.18727   54  115  133.00000  129.89995  2.33%  58.2  470s
 176829 101197  130.26680   57  111  133.00000  129.90368  2.33%  58.2  475s
 178743 102273  130.42498   61   65  133.00000  129.90736  2.33%  58.2  480s
 180686 103333  130.62958   48  133  133.00000  129.91075  2.32%  58.2  485s
 182642 104509  130.58812   42  167  133.00000  129.91452  2.32%  58.2  490s
 184701 105692  132.00000   65   36  133.00000  129.91851  2.32%  58.1  495s
 186608 106796  130.58730   58   53  133.00000  129.92254  2.31%  58.1  500s
 188463 107859  130.62765   44  132  133.00000  129.92603  2.31%  58.2  505s
 190380 108905  130.54471   43   91  133.00000  129.92952  2.31%  58.2  510s
 192351 110005  130.03475   54  125  133.00000  129.93291  2.31%  58.2  515s
 194079 110955  130.67590   47  135  133.00000  129.93587  2.30%  58.3  520s
 195876 111983     cutoff   50       133.00000  129.93903  2.30%  58.3  525s
 197690 112972  130.11177   54  116  133.00000  129.94320  2.30%  58.4  530s
 199744 114155  130.49408   45  153  133.00000  129.94774  2.29%  58.3  535s
 201758 115232  132.00000   71   49  133.00000  129.95078  2.29%  58.3  540s
 203711 116316  130.65009   47  127  133.00000  129.95436  2.29%  58.3  545s
 205729 117486  130.32468   50  126  133.00000  129.95841  2.29%  58.3  550s
 207596 118508  131.01659   62   67  133.00000  129.96099  2.28%  58.3  555s
 209533 119575  131.58442   68   64  133.00000  129.96461  2.28%  58.3  560s
 211505 120711  129.97490   48  156  133.00000  129.96760  2.28%  58.3  565s
 213489 121795  131.75806   79   80  133.00000  129.97058  2.28%  58.3  570s
 215430 122861  130.14137   40  160  133.00000  129.97372  2.28%  58.3  575s
 217455 123946  131.75000   68   55  133.00000  129.97708  2.27%  58.3  580s
 219405 124943  130.54935   51   80  133.00000  129.97948  2.27%  58.3  585s
 221406 126106  130.66801   49  150  133.00000  129.98217  2.27%  58.2  590s
 223298 127132  130.48952   47  122  133.00000  129.98458  2.27%  58.3  595s
 225257 128284  131.82061   61   54  133.00000  129.98791  2.26%  58.3  600s
 227214 129312  130.53068   52  111  133.00000  129.99078  2.26%  58.3  605s
 229181 130361  130.90375   52   98  133.00000  129.99285  2.26%  58.2  610s
 231183 131486  131.01912   62   63  133.00000  129.99669  2.26%  58.2  615s
 233129 132520  131.40290   59   72  133.00000  129.99909  2.26%  58.2  620s
 234940 133484  131.01700   55   64  133.00000  130.00000  2.26%  58.2  625s
 236854 134439  130.56732   61   81  133.00000  130.00000  2.26%  58.2  630s
 238654 135439  130.48509   60   73  133.00000  130.00000  2.26%  58.3  635s
 240511 136422  130.87248   52   82  133.00000  130.00000  2.26%  58.3  640s
 242374 137453  130.70543   48  158  133.00000  130.00000  2.26%  58.3  645s
 244157 138443 infeasible   79       133.00000  130.00000  2.26%  58.4  650s
 246022 139516  130.00000   47  127  133.00000  130.00000  2.26%  58.4  655s
 247618 140427  131.04081   56   49  133.00000  130.00000  2.26%  58.4  660s
 249484 141517  132.00000   84   47  133.00000  130.00000  2.26%  58.5  665s
 251214 142433  130.25527   46  123  133.00000  130.00000  2.26%  58.5  670s
 252942 143427  131.56000   62   57  133.00000  130.00000  2.26%  58.5  675s
 254742 144437  131.01867   56   70  133.00000  130.00000  2.26%  58.6  680s
 256382 145297  130.17211   55  139  133.00000  130.00000  2.26%  58.6  685s
 258090 146274 infeasible   65       133.00000  130.00000  2.26%  58.7  690s
 259805 147249  131.96371   70   70  133.00000  130.00000  2.26%  58.7  695s
 261657 148315  131.13471   58   66  133.00000  130.00000  2.26%  58.7  700s
 263491 149365  130.15404   56   80  133.00000  130.00000  2.26%  58.7  705s
 265217 150326  131.45606   73   75  133.00000  130.00000  2.26%  58.8  710s
 266967 151368  130.36988   49  122  133.00000  130.00000  2.26%  58.8  715s
 268568 152280  130.34842   49  139  133.00000  130.00000  2.26%  58.8  720s
 270211 153212  131.00000   54   52  133.00000  130.00000  2.26%  58.9  725s
 272059 154328  130.32991   62   75  133.00000  130.00000  2.26%  58.9  730s
 273810 155328  130.29799   58  100  133.00000  130.00000  2.26%  58.9  735s
 275677 156412  130.37911   53  132  133.00000  130.00000  2.26%  58.9  740s
 277441 157394  131.37926   61   56  133.00000  130.00000  2.26%  58.9  745s
 279138 158409  131.00000   51   61  133.00000  130.00000  2.26%  59.0  750s
 280881 159430  130.21024   55   91  133.00000  130.00000  2.26%  59.0  755s
 282412 160276  130.09313   51  136  133.00000  130.00000  2.26%  59.1  760s
 284126 161274  131.95244   70   56  133.00000  130.00000  2.26%  59.1  765s
 285894 162286  130.09767   44   95  133.00000  130.00000  2.26%  59.1  770s
 287373 163092  132.00000   70   54  133.00000  130.00000  2.26%  59.2  775s
 289095 164051  130.27587   49  129  133.00000  130.00000  2.26%  59.2  780s
 290766 164990  130.77898   54   76  133.00000  130.00000  2.26%  59.3  785s
 292449 165952  131.04591   61   65  133.00000  130.00000  2.26%  59.3  790s
 293222 166420  131.76489   70   43  133.00000  130.00000  2.26%  59.3  795s
 294837 167368  130.00000   50  116  133.00000  130.00000  2.26%  59.4  800s
 296431 168336  131.61243   78   64  133.00000  130.00000  2.26%  59.4  805s
 298195 169388  131.61128   82   46  133.00000  130.00000  2.26%  59.4  810s
 299965 170390  130.33539   49   87  133.00000  130.00000  2.26%  59.4  815s
 301668 171355  130.15661   48  135  133.00000  130.00000  2.26%  59.4  820s
 303410 172354     cutoff   72       133.00000  130.00000  2.26%  59.5  825s
 304999 173360     cutoff   79       133.00000  130.00000  2.26%  59.5  830s
 306612 174291  130.00000   52   42  133.00000  130.00000  2.26%  59.6  835s
 308228 175177  131.11578   58   47  133.00000  130.00000  2.26%  59.6  840s
 309952 176169  131.41741   59   55  133.00000  130.00000  2.26%  59.6  845s
 311393 177050  130.04913   54  154  133.00000  130.00000  2.26%  59.7  850s
 312730 177816  131.00000   47   92  133.00000  130.00000  2.26%  59.8  855s
 314339 178723  132.00000   84   62  133.00000  130.00000  2.26%  59.8  860s
 316003 179653  131.13594   54   71  133.00000  130.00007  2.26%  59.9  865s
 317996 180725  131.33147   77   86  133.00000  130.00069  2.26%  59.8  870s
 319682 181683  130.44007   49   77  133.00000  130.00122  2.25%  59.9  875s
 321614 182722  131.90808   69   41  133.00000  130.00267  2.25%  59.9  880s
 323415 183732  130.20709   47  148  133.00000  130.00370  2.25%  59.9  885s
 325161 184777  130.13333   53  128  133.00000  130.00430  2.25%  59.9  890s
 327013 185818  131.52743   67  107  133.00000  130.00492  2.25%  59.9  895s
 328950 186820  132.00000   84    8  133.00000  130.00558  2.25%  59.9  900s
 330693 187697  130.33333   45   99  133.00000  130.00665  2.25%  59.9  905s
 332521 188684  131.21229   72   79  133.00000  130.00758  2.25%  59.9  910s
 334355 189628  130.41612   55   86  133.00000  130.00842  2.25%  59.9  915s
 336248 190702  130.92583   76   58  133.00000  130.00944  2.25%  59.9  920s
 338013 191699  132.00000   75   47  133.00000  130.01017  2.25%  59.9  925s
 339940 192744  130.47056   63   94  133.00000  130.01118  2.25%  59.9  930s
 341755 193713  130.83272   56   82  133.00000  130.01208  2.25%  59.9  935s
 343581 194662  131.31347   61   48  133.00000  130.01346  2.25%  59.9  940s
 345440 195670  130.11784   53  147  133.00000  130.01427  2.24%  59.9  945s
 347222 196681  131.18943   65   62  133.00000  130.01541  2.24%  59.9  950s
 349048 197741  130.44679   46  113  133.00000  130.01630  2.24%  59.9  955s
 350663 198686  131.10178   74   63  133.00000  130.01736  2.24%  59.9  960s
 352518 199665  131.08427   59   69  133.00000  130.01839  2.24%  59.9  965s
 354387 200652     cutoff   61       133.00000  130.01969  2.24%  59.9  970s
 356183 201569  131.08306   53   72  133.00000  130.02068  2.24%  59.9  975s
 357983 202575  130.31654   49  132  133.00000  130.02183  2.24%  59.9  980s
 359851 203571  132.00000   62   62  133.00000  130.02339  2.24%  59.9  985s
 361759 204607  131.69588   67   75  133.00000  130.02488  2.24%  59.9  990s
 363596 205573     cutoff   64       133.00000  130.02550  2.24%  59.9  995s
 365449 206559  130.12468   52  145  133.00000  130.02641  2.24%  59.9 1000s
 367353 207594  131.43432   54   60  133.00000  130.02743  2.24%  59.8 1005s
 369154 208546  130.43802   46   95  133.00000  130.02841  2.23%  59.8 1010s
 370986 209531  130.16475   59   95  133.00000  130.02945  2.23%  59.8 1015s
 372776 210507     cutoff   74       133.00000  130.03020  2.23%  59.8 1020s
 374675 211550  130.88456   46  159  133.00000  130.03105  2.23%  59.8 1025s
 376476 212509  131.63138   61   73  133.00000  130.03211  2.23%  59.8 1030s
 378294 213493  130.08320   58  125  133.00000  130.03309  2.23%  59.8 1035s
 379981 214372     cutoff   63       133.00000  130.03426  2.23%  59.8 1040s
 381832 215378  131.69486   77   87  133.00000  130.03517  2.23%  59.8 1045s
 383683 216399  131.74105   65   34  133.00000  130.03608  2.23%  59.8 1050s
 385605 217523  131.01867   50   98  133.00000  130.03697  2.23%  59.8 1055s
 387491 218538     cutoff   67       133.00000  130.03796  2.23%  59.8 1060s
 389336 219453  130.57412   55  114  133.00000  130.03897  2.23%  59.8 1065s
 391233 220417  130.53981   42  116  133.00000  130.04026  2.23%  59.8 1070s
 393103 221481  130.52850   62  108  133.00000  130.04088  2.22%  59.8 1075s
 394936 222462  131.00000   53   45  133.00000  130.04201  2.22%  59.8 1080s
 396722 223346  130.24332   60  138  133.00000  130.04274  2.22%  59.8 1085s
 398434 224246  131.21149   59   68  133.00000  130.04372  2.22%  59.8 1090s
 400197 225166  130.27165   56   63  133.00000  130.04468  2.22%  59.8 1095s
 402100 226227  130.51295   42  113  133.00000  130.04598  2.22%  59.8 1100s
 403963 227220  130.44761   47  128  133.00000  130.04740  2.22%  59.8 1105s
 405920 228224  131.05388   59  136  133.00000  130.04840  2.22%  59.8 1110s
 407709 229170  132.00000   58   46  133.00000  130.04931  2.22%  59.8 1115s
 409562 230182  130.50299   50  133  133.00000  130.05032  2.22%  59.8 1120s
 411295 231115  131.26203   56   94  133.00000  130.05105  2.22%  59.8 1125s
 413114 231975  131.06823   61   66  133.00000  130.05218  2.22%  59.8 1130s
 414866 232837  130.72369   64   77  133.00000  130.05302  2.22%  59.8 1135s
 416746 233867  131.21296   68   74  133.00000  130.05388  2.22%  59.8 1140s
 418542 234886  131.00000   61   59  133.00000  130.05470  2.21%  59.8 1145s
 420309 235778  130.76132   42  148  133.00000  130.05566  2.21%  59.8 1150s
 421811 236556  131.25769   59  103  133.00000  130.05654  2.21%  59.8 1155s
 423509 237509  132.00000   81   27  133.00000  130.05733  2.21%  59.8 1160s
 425280 238488  130.84022   53  128  133.00000  130.05833  2.21%  59.9 1165s
 426998 239344  131.43745   68   34  133.00000  130.05939  2.21%  59.9 1170s
 428771 240207  131.13352   64   83  133.00000  130.06029  2.21%  59.9 1175s
 430668 241179  132.00000   75   44  133.00000  130.06112  2.21%  59.8 1180s
 432407 242128  131.94428   78   45  133.00000  130.06200  2.21%  59.9 1185s
 434054 242972  131.00000   56   59  133.00000  130.06307  2.21%  59.9 1190s
 435812 243933  131.34745   82   42  133.00000  130.06399  2.21%  59.9 1195s
 437669 244817  130.81873   65   86  133.00000  130.06499  2.21%  59.9 1200s
 439451 245776  130.91213   57   88  133.00000  130.06581  2.21%  59.9 1205s
 441168 246620  131.78678   64   43  133.00000  130.06688  2.21%  59.9 1210s
 442956 247517  131.50000   47   65  133.00000  130.06790  2.20%  59.9 1215s
 444624 248370  131.33333   46  100  133.00000  130.06925  2.20%  59.9 1220s
 446357 249233  131.68411   66   49  133.00000  130.07030  2.20%  59.9 1225s
 448188 250186  130.51081   63  108  133.00000  130.07127  2.20%  59.9 1230s
 449990 251094     cutoff   75       133.00000  130.07255  2.20%  59.9 1235s
 451580 251886  130.20906   56  134  133.00000  130.07348  2.20%  59.9 1240s
 453350 252825  130.23434   59  120  133.00000  130.07439  2.20%  59.9 1245s
 454982 253590  130.17292   56  107  133.00000  130.07510  2.20%  59.9 1250s
 456861 254631  131.57481   58   55  133.00000  130.07635  2.20%  59.9 1255s
 458600 255545  130.50752   62  129  133.00000  130.07721  2.20%  59.9 1260s
 460398 256524  131.05871   54   77  133.00000  130.07838  2.20%  59.9 1265s
 462316 257485  131.08063   55   61  133.00000  130.07899  2.20%  59.9 1270s
 463924 258353  130.55600   43  149  133.00000  130.07976  2.20%  59.9 1275s
 465734 259299  131.37384   72   87  133.00000  130.08060  2.20%  59.9 1280s
 467593 260217  131.43643   51   95  133.00000  130.08123  2.19%  59.9 1285s
 469381 261164  131.00000   53   85  133.00000  130.08213  2.19%  59.9 1290s
 471135 262033  131.00000   55   69  133.00000  130.08297  2.19%  59.9 1295s
 472827 262944  130.24293   47  128  133.00000  130.08375  2.19%  59.9 1300s
 474519 263833  130.50949   49   83  133.00000  130.08429  2.19%  59.9 1305s
 476356 264758  130.70394   50   96  133.00000  130.08538  2.19%  59.9 1310s
 478057 265599  132.00000   79   51  133.00000  130.08602  2.19%  59.9 1315s
 479790 266505  130.34215   55  100  133.00000  130.08691  2.19%  59.9 1320s
 481593 267456  130.48608   42  159  133.00000  130.08766  2.19%  59.9 1325s
 483414 268426  131.03606   55   80  133.00000  130.08842  2.19%  59.9 1330s
 485137 269302  131.01072   59   58  133.00000  130.08952  2.19%  59.9 1335s
 486933 270222  131.87994   65   34  133.00000  130.09021  2.19%  59.9 1340s
 488873 271226  131.14604   51   91  133.00000  130.09089  2.19%  59.9 1345s
 490614 272110  130.99994   59  117  133.00000  130.09185  2.19%  59.9 1350s
 492693 273268  131.19211   55   78  133.00000  130.09252  2.19%  59.9 1355s
 494497 274152  130.35174   49   81  133.00000  130.09332  2.19%  59.9 1360s
 496280 275108  131.82913   67   83  133.00000  130.09432  2.18%  59.9 1365s
 498067 275999  131.50440   58   90  133.00000  130.09510  2.18%  59.9 1370s
 500026 277027  131.70366   73   46  133.00000  130.09584  2.18%  59.8 1375s
 501879 277952  130.11026   45  104  133.00000  130.09655  2.18%  59.8 1380s
 503599 278843  131.99335   59   44  133.00000  130.09745  2.18%  59.8 1385s
 505355 279727     cutoff   76       133.00000  130.09822  2.18%  59.8 1390s
 507087 280597  130.22894   53  132  133.00000  130.09884  2.18%  59.9 1395s
 509016 281574  130.75000   47   85  133.00000  130.09964  2.18%  59.9 1400s
 510812 282470  131.90272   65   40  133.00000  130.10022  2.18%  59.9 1405s
 512784 283508  130.42729   53  134  133.00000  130.10106  2.18%  59.8 1410s
 514692 284469  130.19837   60  113  133.00000  130.10185  2.18%  59.8 1415s
 516244 285225  131.41270   49   47  133.00000  130.10253  2.18%  59.9 1420s
 518028 286051  132.00000   48   35  133.00000  130.10334  2.18%  59.9 1425s
 519847 286975  131.35575   59   41  133.00000  130.10406  2.18%  59.9 1430s
 521694 287907  131.00000   58   47  133.00000  130.10496  2.18%  59.9 1435s
 523524 288866 infeasible   70       133.00000  130.10567  2.18%  59.9 1440s
 525208 289684  131.00000   57   89  133.00000  130.10620  2.18%  59.9 1445s
 527062 290609  130.35465   53  136  133.00000  130.10706  2.18%  59.9 1450s
 528875 291530  131.36243   60   82  133.00000  130.10795  2.17%  59.9 1455s
 530700 292458  131.10745   57  109  133.00000  130.10859  2.17%  59.9 1460s
 532535 293383  131.13629   59   84  133.00000  130.10933  2.17%  59.9 1465s
 534390 294300  131.68407   58   54  133.00000  130.11017  2.17%  59.9 1470s
 536184 295202  130.14050   51  119  133.00000  130.11081  2.17%  59.9 1475s
 538086 296166  130.99953   54   90  133.00000  130.11155  2.17%  59.8 1480s
 539741 297004  131.41253   55  113  133.00000  130.11209  2.17%  59.9 1485s
 541190 297753  131.06178   56   72  133.00000  130.11267  2.17%  59.9 1490s
 543071 298673  131.02632   60   52  133.00000  130.11358  2.17%  59.9 1495s
 545061 299685  130.38123   55  142  133.00000  130.11436  2.17%  59.9 1500s
 546865 300617 infeasible   65       133.00000  130.11499  2.17%  59.9 1505s
 548747 301549  130.31841   49  167  133.00000  130.11583  2.17%  59.9 1510s
 550670 302501  130.14124   59  111  133.00000  130.11652  2.17%  59.9 1515s
 552461 303404  130.77115   56  115  133.00000  130.11725  2.17%  59.9 1520s
 554262 304350  130.47359   59  112  133.00000  130.11799  2.17%  59.9 1528s
 554830 304643  130.16777   48  142  133.00000  130.11824  2.17%  59.9 1530s
 556618 305556     cutoff   66       133.00000  130.11913  2.17%  59.9 1535s
 558488 306559  130.62772   54  142  133.00000  130.11971  2.17%  59.9 1540s
 560356 307519  130.39435   50  144  133.00000  130.12070  2.16%  59.9 1545s
 562032 308315  130.50000   58   84  133.00000  130.12148  2.16%  59.9 1550s
 563922 309271  130.28498   49  141  133.00000  130.12224  2.16%  59.9 1555s
 565832 310168  130.68019   51   97  133.00000  130.12305  2.16%  59.9 1560s
 567716 311084 infeasible   60       133.00000  130.12396  2.16%  59.9 1565s
 569512 311981  130.63527   45  152  133.00000  130.12473  2.16%  59.9 1570s
 571097 312816  131.87981   63   68  133.00000  130.12520  2.16%  59.9 1575s
 572885 313703  130.80362   50  106  133.00000  130.12594  2.16%  59.9 1580s
 574709 314566  130.51638   53  123  133.00000  130.12680  2.16%  59.9 1585s
 576373 315376  131.45004   63   96  133.00000  130.12732  2.16%  59.9 1590s
 578061 316239  130.74413   43  118  133.00000  130.12814  2.16%  60.0 1595s
 579836 317121  130.29011   56  131  133.00000  130.12889  2.16%  60.0 1600s
 581646 318032  131.26820   50  104  133.00000  130.12959  2.16%  60.0 1605s
 583444 318988  130.83824   66   78  133.00000  130.13041  2.16%  60.0 1610s
 585194 319887  130.19059   69  131  133.00000  130.13128  2.16%  60.0 1615s
 587018 320778  131.41775   58  102  133.00000  130.13202  2.16%  60.0 1620s
 588712 321669  132.00000   72   32  133.00000  130.13290  2.16%  60.0 1625s
 590436 322640  131.99107   67   54  133.00000  130.13333  2.16%  60.0 1630s
 592293 323599     cutoff   74       133.00000  130.13377  2.16%  60.0 1635s
 594135 324536  131.41682   54  103  133.00000  130.13449  2.15%  60.0 1640s
 596025 325489  131.48775   62   53  133.00000  130.13500  2.15%  60.0 1645s
 597861 326442  131.08855   48   81  133.00000  130.13589  2.15%  60.0 1650s
 599796 327386  131.10531   52   88  133.00000  130.13678  2.15%  60.0 1655s
 601517 328255  131.15923   62  123  133.00000  130.13762  2.15%  60.0 1660s
 603244 329095  130.59279   57   97  133.00000  130.13824  2.15%  60.0 1665s
 605105 329981  131.32251   76   74  133.00000  130.13919  2.15%  60.0 1670s
 606831 330822  131.12912   52   86  133.00000  130.13971  2.15%  60.0 1675s
 608557 331607  131.94367   83   58  133.00000  130.14038  2.15%  60.0 1680s
 610345 332527  132.00000   60   30  133.00000  130.14111  2.15%  60.0 1685s
 612166 333385  132.00000   58   57  133.00000  130.14179  2.15%  60.0 1690s
 613941 334227  131.19878   59   32  133.00000  130.14239  2.15%  60.0 1695s
 615766 335127  131.25138   54  133  133.00000  130.14322  2.15%  60.0 1700s
 617680 336036  132.00000   62   25  133.00000  130.14412  2.15%  60.0 1705s
 619662 337082  130.16636   54   94  133.00000  130.14483  2.15%  60.0 1710s
 621382 337968  131.00000   54   76  133.00000  130.14519  2.15%  60.0 1715s
 623135 338791  130.56218   52  110  133.00000  130.14596  2.15%  60.0 1720s
 624879 339685  132.00000   78   50  133.00000  130.14657  2.15%  60.1 1725s
 626695 340620  131.12776   50  129  133.00000  130.14746  2.14%  60.1 1730s
 628532 341556  131.36364   59   57  133.00000  130.14815  2.14%  60.0 1735s
 630341 342414  131.40325   71   29  133.00000  130.14881  2.14%  60.0 1740s
 632111 343266  130.93714   51  119  133.00000  130.14943  2.14%  60.1 1745s
 633887 344159  132.00000   54   51  133.00000  130.15021  2.14%  60.1 1750s
 635621 345041     cutoff   62       133.00000  130.15095  2.14%  60.1 1755s
 637436 345913  130.60195   59  109  133.00000  130.15148  2.14%  60.1 1760s
 639187 346794  131.00000   57   51  133.00000  130.15213  2.14%  60.1 1765s
 640887 347647  131.11676   51  105  133.00000  130.15283  2.14%  60.1 1770s
 642865 348684  130.41341   70  112  133.00000  130.15377  2.14%  60.1 1775s
 644554 349559  132.00000   63   73  133.00000  130.15442  2.14%  60.1 1780s
 646290 350433  131.17123   71   64  133.00000  130.15510  2.14%  60.1 1785s
 648062 351328  130.23007   44  154  133.00000  130.15572  2.14%  60.1 1790s
 649797 352236     cutoff   76       133.00000  130.15624  2.14%  60.1 1795s
 651349 353065  131.48210   60   68  133.00000  130.15653  2.14%  60.1 1800s
 653205 354014  131.00000   55   92  133.00000  130.15713  2.14%  60.1 1805s
 654989 354931  130.49868   52  138  133.00000  130.15773  2.14%  60.1 1810s
 656688 355786  130.59870   56  132  133.00000  130.15835  2.14%  60.1 1815s
 658474 356618  131.23663   55   96  133.00000  130.15898  2.14%  60.1 1820s
 660169 357504  131.97535   62   54  133.00000  130.15962  2.14%  60.2 1825s
 661933 358373  131.12105   54  124  133.00000  130.16020  2.14%  60.2 1830s
 663512 359137  131.18200   44   75  133.00000  130.16077  2.13%  60.2 1835s
 665222 359980  131.50313   71   73  133.00000  130.16129  2.13%  60.2 1840s
 666997 360794  130.44024   48  131  133.00000  130.16204  2.13%  60.2 1845s
 668617 361552  130.50069   54  131  133.00000  130.16265  2.13%  60.2 1850s
 670445 362430  130.90446   56  134  133.00000  130.16347  2.13%  60.2 1855s
 672092 363271  131.00000   61   53  133.00000  130.16406  2.13%  60.2 1860s
 673883 364185  131.80334   78   55  133.00000  130.16462  2.13%  60.2 1865s
 675438 364938  131.29386   59   66  133.00000  130.16528  2.13%  60.2 1870s
 677041 365712  131.61241   73   56  133.00000  130.16576  2.13%  60.3 1875s
 678636 366562     cutoff   66       133.00000  130.16640  2.13%  60.3 1880s
 680305 367399  131.32388   48   47  133.00000  130.16667  2.13%  60.3 1885s
 682032 368290  131.74151   53   91  133.00000  130.16712  2.13%  60.3 1890s
 683700 369148  130.94927   68  101  133.00000  130.16774  2.13%  60.3 1895s
 685392 369931  132.00000   54   68  133.00000  130.16833  2.13%  60.3 1900s
 687124 370780  131.18768   61   84  133.00000  130.16889  2.13%  60.3 1905s
 688796 371641  130.83795   57  113  133.00000  130.16957  2.13%  60.3 1910s
 690566 372595  130.59025   58  131  133.00000  130.17013  2.13%  60.3 1915s
 692310 373438  130.68605   58  106  133.00000  130.17076  2.13%  60.3 1920s
 693954 374217  131.34239   59  126  133.00000  130.17155  2.13%  60.4 1925s
 695668 375069  130.38841   47  134  133.00000  130.17233  2.13%  60.4 1930s
 697329 375931  131.28353   73   76  133.00000  130.17276  2.13%  60.4 1935s
 698917 376689  131.11743   57   52  133.00000  130.17336  2.13%  60.4 1940s
 700506 377432  130.54297   45  109  133.00000  130.17397  2.12%  60.4 1945s
 702207 378296  132.00000   54   55  133.00000  130.17471  2.12%  60.4 1950s
 703938 379158  131.00000   55   87  133.00000  130.17533  2.12%  60.4 1955s
 705676 379970  131.81120   60   69  133.00000  130.17608  2.12%  60.4 1960s
 707373 380767  130.74053   52  124  133.00000  130.17681  2.12%  60.4 1965s
 708816 381473  132.00000   66   50  133.00000  130.17730  2.12%  60.4 1970s
 710593 382417     cutoff   78       133.00000  130.17796  2.12%  60.4 1975s
 712184 383173  130.66056   61  115  133.00000  130.17861  2.12%  60.5 1980s
 713941 384032     cutoff   55       133.00000  130.17936  2.12%  60.5 1985s
 715635 384816  132.00000   69   84  133.00000  130.18001  2.12%  60.5 1990s
 717379 385661  131.54014   63   52  133.00000  130.18070  2.12%  60.5 1995s
 719246 386558  130.67151   66   88  133.00000  130.18133  2.12%  60.5 2000s
 721053 387457  130.30479   48  119  133.00000  130.18202  2.12%  60.5 2005s
 722660 388187  130.54386   57  118  133.00000  130.18277  2.12%  60.5 2010s
 724398 389112  130.55852   51  126  133.00000  130.18335  2.12%  60.5 2015s
 726032 389781  130.63550   51  163  133.00000  130.18409  2.12%  60.5 2020s
 727660 390580  131.59893   61   53  133.00000  130.18476  2.12%  60.5 2025s
 729370 391452  130.58466   59   76  133.00000  130.18535  2.12%  60.5 2030s
 731042 392302     cutoff   68       133.00000  130.18592  2.12%  60.5 2035s
 732729 393154  130.29580   49  161  133.00000  130.18642  2.12%  60.5 2040s
 734423 394035  131.00000   52   91  133.00000  130.18685  2.12%  60.5 2045s
 736202 394917  131.03962   68   79  133.00000  130.18747  2.11%  60.5 2050s
 737844 395774  131.58871   67   48  133.00000  130.18807  2.11%  60.5 2055s
 739594 396639     cutoff   70       133.00000  130.18874  2.11%  60.5 2060s
 741286 397515  131.46032   73   69  133.00000  130.18931  2.11%  60.5 2065s
 742944 398339  131.60492   60   49  133.00000  130.18990  2.11%  60.5 2070s
 744037 398887  130.35082   54  153  133.00000  130.19034  2.11%  60.5 2077s
 744751 399266  132.00000   66   28  133.00000  130.19066  2.11%  60.5 2080s
 746360 400066  131.85882   55   94  133.00000  130.19119  2.11%  60.5 2085s
 748051 400846  131.26737   58   86  133.00000  130.19194  2.11%  60.5 2090s
 749772 401668  131.43308   55   29  133.00000  130.19248  2.11%  60.5 2095s
 751490 402503  131.00000   62  112  133.00000  130.19309  2.11%  60.5 2100s
 753198 403348  131.38218   66   42  133.00000  130.19367  2.11%  60.5 2105s
 754929 404182  131.02773   60  104  133.00000  130.19423  2.11%  60.5 2110s
 756501 404967  131.24403   56  105  133.00000  130.19455  2.11%  60.5 2115s
 758214 405813  131.37692   62   81  133.00000  130.19508  2.11%  60.5 2120s
 759615 406433  130.58709   50  149  133.00000  130.19564  2.11%  60.6 2125s
 761281 407254  130.30623   58  132  133.00000  130.19630  2.11%  60.6 2130s
 763009 408098  130.70314   56  152  133.00000  130.19679  2.11%  60.6 2135s
 764844 409052  130.63316   54  121  133.00000  130.19738  2.11%  60.6 2140s
 766556 409895  130.57844   50  159  133.00000  130.19796  2.11%  60.6 2145s
 768253 410732  130.75419   56   81  133.00000  130.19866  2.11%  60.6 2150s
 769962 411550  130.76143   55  123  133.00000  130.19924  2.11%  60.6 2155s
 771730 412440     cutoff   72       133.00000  130.19981  2.11%  60.6 2160s
 773306 413169  131.49601   57   62  133.00000  130.20000  2.11%  60.6 2165s
 774828 413902  131.02765   56   51  133.00000  130.20038  2.10%  60.6 2170s
 776388 414612  131.97533   65   74  133.00000  130.20104  2.10%  60.6 2175s
 778055 415345  131.34608   58   65  133.00000  130.20178  2.10%  60.6 2180s
 779634 416069  131.36441   68   85  133.00000  130.20226  2.10%  60.7 2185s
 781326 416829  131.19546   48   91  133.00000  130.20288  2.10%  60.7 2190s
 782936 417597  131.00000   52   87  133.00000  130.20339  2.10%  60.7 2195s
 784571 418402  131.33021   58   98  133.00000  130.20383  2.10%  60.7 2200s
 786156 419147  131.11025   56  102  133.00000  130.20436  2.10%  60.7 2205s
 787873 419996  131.49780   64   69  133.00000  130.20483  2.10%  60.7 2210s
 789432 420773  131.00000   61   69  133.00000  130.20524  2.10%  60.7 2215s
 791171 421630  131.06517   56   64  133.00000  130.20579  2.10%  60.7 2220s
 792885 422483  130.89834   68   83  133.00000  130.20633  2.10%  60.7 2225s
 794553 423286  131.25000   56   50  133.00000  130.20688  2.10%  60.7 2230s
 796266 424183  131.36806   51   80  133.00000  130.20753  2.10%  60.7 2235s
 797975 425018  130.89406   45  106  133.00000  130.20813  2.10%  60.7 2240s
 799551 425771  131.64875   51   88  133.00000  130.20868  2.10%  60.7 2245s
 801252 426595  131.40034   70   55  133.00000  130.20928  2.10%  60.7 2250s
 802874 427279  131.15408   46   73  133.00000  130.21001  2.10%  60.7 2255s
 804454 428076  131.00000   52  126  133.00000  130.21055  2.10%  60.7 2260s
 806020 428796     cutoff   69       133.00000  130.21109  2.10%  60.8 2265s
 807638 429580  131.26912   55   87  133.00000  130.21186  2.10%  60.8 2270s
 809484 430496  131.06148   57   93  133.00000  130.21231  2.10%  60.8 2275s
 811051 431284  131.67859   61   69  133.00000  130.21276  2.10%  60.8 2280s
 812795 432165  131.32430   69   35  133.00000  130.21330  2.10%  60.8 2285s
 814569 433024  131.01212   67   99  133.00000  130.21406  2.09%  60.8 2290s
 816269 433850  130.75786   47  125  133.00000  130.21467  2.09%  60.8 2295s
 817886 434567  131.21565   56   41  133.00000  130.21524  2.09%  60.8 2300s
 819572 435362  130.46778   54  127  133.00000  130.21589  2.09%  60.8 2305s
 821235 436194  132.00000   63   58  133.00000  130.21633  2.09%  60.8 2310s
 822771 436914  131.20615   56   67  133.00000  130.21688  2.09%  60.8 2315s
 824418 437677  130.87888   55   94  133.00000  130.21736  2.09%  60.8 2320s
 826007 438459     cutoff   73       133.00000  130.21784  2.09%  60.8 2325s
 827630 439191  132.00000   66   25  133.00000  130.21848  2.09%  60.8 2330s
 829194 439898     cutoff   60       133.00000  130.21907  2.09%  60.8 2335s
 830486 440405  130.63124   62  110  133.00000  130.21957  2.09%  60.8 2340s
 832074 441208  130.73749   46  159  133.00000  130.21998  2.09%  60.8 2345s
 833814 442071  131.00564   57  114  133.00000  130.22072  2.09%  60.8 2350s
 835507 442792  131.00000   51   56  133.00000  130.22128  2.09%  60.8 2355s
 837216 443676  130.80152   70   80  133.00000  130.22183  2.09%  60.8 2360s
 838879 444467  131.34057   60   76  133.00000  130.22249  2.09%  60.8 2365s
 840501 445203  131.12215   72  101  133.00000  130.22297  2.09%  60.8 2370s
 842190 446022  131.33333   63   96  133.00000  130.22356  2.09%  60.8 2375s
 843844 446806  131.63722   59   37  133.00000  130.22404  2.09%  60.9 2380s
 845459 447573  131.00000   53   57  133.00000  130.22466  2.09%  60.9 2385s
 847073 448327  130.44288   60  126  133.00000  130.22527  2.09%  60.9 2390s
 848694 449054  130.87336   47   84  133.00000  130.22585  2.09%  60.9 2395s
 850345 449941  130.38454   47  155  133.00000  130.22623  2.09%  60.9 2400s
 851867 450571  130.56224   63  128  133.00000  130.22689  2.09%  60.9 2405s
 853665 451458  131.98970   57   45  133.00000  130.22742  2.08%  60.9 2410s
 855455 452363  130.75572   46  145  133.00000  130.22795  2.08%  60.9 2415s
 857227 453266  131.88960   59   53  133.00000  130.22840  2.08%  60.9 2420s
 858938 454159  132.00000   64   49  133.00000  130.22889  2.08%  60.9 2425s
 860457 454883  130.28222   47  124  133.00000  130.22942  2.08%  60.9 2430s
 862179 455741  131.50000   73   64  133.00000  130.22995  2.08%  60.9 2435s
 863844 456526  131.44458   67   51  133.00000  130.23048  2.08%  60.9 2440s
 865422 457230  131.03448   44  145  133.00000  130.23117  2.08%  60.9 2445s
 866826 457940  131.49029   48  131  133.00000  130.23158  2.08%  60.9 2450s
 868522 458738  131.02853   49  137  133.00000  130.23208  2.08%  60.9 2455s
 870295 459549  130.68939   54  104  133.00000  130.23269  2.08%  60.9 2460s
 872040 460355  130.72824   57  148  133.00000  130.23325  2.08%  60.9 2465s
 873686 461145  132.00000   62   30  133.00000  130.23378  2.08%  60.9 2470s
 875286 461918  130.84092   47  136  133.00000  130.23429  2.08%  61.0 2475s
 876805 462660  131.28663   58   36  133.00000  130.23481  2.08%  61.0 2480s
 878411 463468  131.00467   44   83  133.00000  130.23527  2.08%  61.0 2485s
 880049 464225  132.00000   62   47  133.00000  130.23577  2.08%  61.0 2490s
 881764 464994  131.61445   64   57  133.00000  130.23651  2.08%  61.0 2495s
 883315 465673  131.32421   50  128  133.00000  130.23705  2.08%  61.0 2500s
 884873 466395  130.60827   52  117  133.00000  130.23742  2.08%  61.0 2505s
 886426 467117  130.74603   44  108  133.00000  130.23798  2.08%  61.0 2510s
 888077 467933  132.00000   79   33  133.00000  130.23849  2.08%  61.0 2515s
 889786 468711  130.30584   55  126  133.00000  130.23906  2.08%  61.0 2520s
 891512 469564  132.00000   70   71  133.00000  130.23947  2.08%  61.0 2525s
 893114 470312  130.45036   47  107  133.00000  130.23986  2.08%  61.0 2530s
 894600 470947  130.61951   56  106  133.00000  130.24048  2.07%  61.0 2535s
 896191 471733  130.90232   57  145  133.00000  130.24090  2.07%  61.0 2540s
 897901 472506  130.68466   50  142  133.00000  130.24135  2.07%  61.0 2545s
 899542 473229     cutoff   56       133.00000  130.24193  2.07%  61.0 2550s
 901284 474063  132.00000   57   39  133.00000  130.24257  2.07%  61.0 2555s
 902910 474772  131.33969   47  167  133.00000  130.24313  2.07%  61.0 2560s
 904610 475613  131.06227   63   97  133.00000  130.24348  2.07%  61.0 2565s
 906290 476443  131.07141   50  160  133.00000  130.24395  2.07%  61.0 2570s
 907919 477224  132.00000   66   82  133.00000  130.24452  2.07%  61.0 2575s
 909438 477899     cutoff   68       133.00000  130.24492  2.07%  61.0 2580s
 911049 478599  131.53075   64   73  133.00000  130.24549  2.07%  61.0 2585s
 912557 479266  130.30760   49  126  133.00000  130.24606  2.07%  61.1 2590s
 914231 479990  131.60066   77   65  133.00000  130.24657  2.07%  61.1 2595s
 915864 480821  131.85664   73   79  133.00000  130.24699  2.07%  61.1 2600s
 917476 481566     cutoff   62       133.00000  130.24750  2.07%  61.1 2605s
 919230 482374  130.39146   41  150  133.00000  130.24819  2.07%  61.1 2610s
 920861 483197  130.93445   59  114  133.00000  130.24852  2.07%  61.1 2615s
 922626 484089  131.65944   73   78  133.00000  130.24901  2.07%  61.1 2620s
 924272 484915  131.84486   61   62  133.00000  130.24943  2.07%  61.1 2625s
 925848 485707  131.03992   75   66  133.00000  130.24985  2.07%  61.1 2630s
 927347 486415  131.00000   49   89  133.00000  130.25000  2.07%  61.1 2635s
 928858 487290  131.01291   52  104  133.00000  130.25000  2.07%  61.1 2640s
 930403 488103     cutoff   56       133.00000  130.25005  2.07%  61.1 2645s
 931886 488780  130.53178   56  130  133.00000  130.25046  2.07%  61.1 2650s
 933507 489633  131.40596   75   51  133.00000  130.25094  2.07%  61.1 2655s
 935111 490394  130.63761   54   93  133.00000  130.25137  2.07%  61.1 2660s
 936846 491225  131.10224   47   90  133.00000  130.25194  2.07%  61.1 2665s
 938429 491913  130.68688   49  130  133.00000  130.25232  2.07%  61.1 2670s
 940025 492678     cutoff   64       133.00000  130.25278  2.07%  61.1 2675s
 941590 493449  130.90542   52  147  133.00000  130.25326  2.07%  61.1 2680s
 943335 494304  131.50077   63   59  133.00000  130.25367  2.06%  61.1 2685s
 944992 495074  132.00000   53   44  133.00000  130.25407  2.06%  61.1 2690s
 946452 495736     cutoff   70       133.00000  130.25457  2.06%  61.1 2695s
 948092 496482     cutoff   59       133.00000  130.25499  2.06%  61.1 2700s
 949651 497257  131.00918   58   85  133.00000  130.25537  2.06%  61.1 2705s
 951351 498095  130.92495   55  121  133.00000  130.25598  2.06%  61.1 2710s
 952859 498873  130.82550   51  137  133.00000  130.25644  2.06%  61.1 2715s
 954595 499640  131.16909   56  108  133.00000  130.25700  2.06%  61.1 2720s
 956359 500498  131.13589   55  105  133.00000  130.25751  2.06%  61.1 2725s
 957957 501199  131.63981   65   43  133.00000  130.25801  2.06%  61.1 2730s
 958632 501522  130.58652   59  148  133.00000  130.25827  2.06%  61.1 2736s
 959710 502067  131.03933   59   89  133.00000  130.25857  2.06%  61.1 2740s
 961346 502799  130.47222   54  125  133.00000  130.25913  2.06%  61.1 2745s
 963028 503628  130.74474   58   99  133.00000  130.25955  2.06%  61.1 2750s
 964608 504378  130.83999   65   99  133.00000  130.25993  2.06%  61.2 2755s
 966195 505128     cutoff   79       133.00000  130.26041  2.06%  61.2 2760s
 967819 505850  131.21073   63   92  133.00000  130.26105  2.06%  61.2 2765s
 969530 506652  131.41979   62   78  133.00000  130.26160  2.06%  61.2 2770s
 971130 507346  130.99487   55   74  133.00000  130.26198  2.06%  61.2 2775s
 972788 508157  131.53011   78   51  133.00000  130.26248  2.06%  61.2 2780s
 974349 508898  131.00000   66   78  133.00000  130.26296  2.06%  61.2 2785s
 975977 509695  130.98964   50  110  133.00000  130.26339  2.06%  61.2 2790s
 977655 510476  131.04318   63   61  133.00000  130.26388  2.06%  61.2 2795s
 979221 511226  131.16700   61  118  133.00000  130.26440  2.06%  61.2 2800s
 980795 511878  130.49141   53  141  133.00000  130.26501  2.06%  61.2 2805s
 982578 512804  131.09366   49   99  133.00000  130.26561  2.06%  61.2 2810s
 984123 513527  131.83348   63   80  133.00000  130.26607  2.06%  61.2 2815s
 985702 514261  131.68524   57   67  133.00000  130.26659  2.06%  61.2 2820s
 987202 514965  130.30869   63  128  133.00000  130.26700  2.05%  61.2 2825s
 988792 515665  130.68562   51  107  133.00000  130.26748  2.05%  61.2 2830s
 990184 516351  131.03488   50  114  133.00000  130.26795  2.05%  61.2 2835s
 991898 517201  131.50000   69   32  133.00000  130.26853  2.05%  61.2 2840s
 993472 517920  131.29281   45  119  133.00000  130.26910  2.05%  61.2 2845s
 995117 518725  131.07454   48   86  133.00000  130.26953  2.05%  61.2 2850s
 996685 519440  130.47187   48  144  133.00000  130.27010  2.05%  61.2 2855s
 998267 520189  131.44978   70   70  133.00000  130.27060  2.05%  61.2 2860s
 1000005 520922  131.83714   79   52  133.00000  130.27113  2.05%  61.2 2865s
 1001688 521724  131.20351   62  149  133.00000  130.27170  2.05%  61.2 2870s
 1003205 522421  130.86911   59   81  133.00000  130.27212  2.05%  61.2 2875s
 1004788 523144  132.00000   78   40  133.00000  130.27270  2.05%  61.2 2880s
 1006386 523910  130.72816   58   90  133.00000  130.27319  2.05%  61.2 2885s
 1007926 524667  130.85714   47  111  133.00000  130.27363  2.05%  61.2 2890s
 1009504 525335     cutoff   69       133.00000  130.27403  2.05%  61.3 2895s
 1011141 526053  131.05838   60  111  133.00000  130.27455  2.05%  61.3 2900s
 1012737 526778  130.50167   51  111  133.00000  130.27506  2.05%  61.3 2905s
 1014386 527585  132.00000   91   32  133.00000  130.27545  2.05%  61.3 2910s
 1015983 528352  130.52311   74  114  133.00000  130.27597  2.05%  61.3 2915s
 1017559 529080  130.50948   45  153  133.00000  130.27652  2.05%  61.3 2920s
 1019130 529825  131.00000   71   51  133.00000  130.27687  2.05%  61.3 2925s
 1020784 530633  131.23262   66   68  133.00000  130.27740  2.05%  61.3 2930s
 1022382 531383  130.54432   47  125  133.00000  130.27792  2.05%  61.3 2935s
 1024007 532165  130.76326   52  137  133.00000  130.27846  2.05%  61.3 2940s
 1025489 532918  130.89012   48  129  133.00000  130.27898  2.05%  61.3 2945s
 1027120 533593     cutoff   80       133.00000  130.27961  2.05%  61.3 2950s
 1028774 534324  131.00000   65  101  133.00000  130.27999  2.05%  61.3 2955s
 1030472 535138  130.98991   50  124  133.00000  130.28059  2.04%  61.3 2960s
 1032036 535823  131.24544   55  103  133.00000  130.28106  2.04%  61.3 2965s
 1033645 536576  131.10330   47  119  133.00000  130.28152  2.04%  61.3 2970s
 1035242 537328  132.00000   50   48  133.00000  130.28201  2.04%  61.3 2975s
 1036873 538080  130.61161   55  108  133.00000  130.28260  2.04%  61.3 2980s
 1038580 538913  130.65006   49  117  133.00000  130.28309  2.04%  61.3 2985s
 1040251 539687  131.17704   47  110  133.00000  130.28365  2.04%  61.3 2990s
 1041821 540378  131.14114   50   87  133.00000  130.28415  2.04%  61.3 2995s
 1043449 541127  130.39004   50  132  133.00000  130.28454  2.04%  61.3 3000s
 1045071 541871  131.07643   51  101  133.00000  130.28501  2.04%  61.3 3005s
 1046702 542624  130.43806   48  128  133.00000  130.28550  2.04%  61.3 3010s
 1048324 543332  132.00000   72   32  133.00000  130.28589  2.04%  61.3 3015s
 1049885 544096  130.98496   52  108  133.00000  130.28634  2.04%  61.3 3020s
 1051532 544845  130.69100   51  135  133.00000  130.28681  2.04%  61.3 3025s
 1052918 545468     cutoff   57       133.00000  130.28735  2.04%  61.3 3030s
 1054483 546111  132.00000   79   20  133.00000  130.28788  2.04%  61.3 3035s
 1055967 546812  131.26363   62   71  133.00000  130.28833  2.04%  61.3 3040s
 1057594 547552  131.00588   44  103  133.00000  130.28877  2.04%  61.3 3045s
 1059129 548214  131.00000   60   63  133.00000  130.28937  2.04%  61.3 3050s
 1060705 548920  131.06024   54  102  133.00000  130.28984  2.04%  61.4 3055s
 1062247 549674  131.40798   62   85  133.00000  130.29034  2.04%  61.4 3060s
 1063795 550374  131.23692   61   90  133.00000  130.29071  2.04%  61.4 3065s
 1065352 551071  131.04152   58   63  133.00000  130.29131  2.04%  61.4 3070s
 1067005 551852  130.49184   57  116  133.00000  130.29187  2.04%  61.4 3075s
 1068615 552566     cutoff   73       133.00000  130.29230  2.04%  61.4 3080s
 1070247 553307  130.75225   58  149  133.00000  130.29287  2.04%  61.4 3085s
 1071906 554111  131.20159   66  113  133.00000  130.29335  2.04%  61.4 3090s
 1073583 554919  130.79082   50   84  133.00000  130.29383  2.03%  61.4 3095s
 1075062 555515  132.00000   76   17  133.00000  130.29427  2.03%  61.4 3100s
 1076607 556203  130.53111   48  140  133.00000  130.29469  2.03%  61.4 3105s
 1078142 556874  131.92683   71   72  133.00000  130.29519  2.03%  61.4 3110s
 1079737 557593     cutoff   58       133.00000  130.29568  2.03%  61.4 3115s
 1081301 558305  131.06207   59  115  133.00000  130.29622  2.03%  61.4 3120s
 1082928 559030  131.03303   51  106  133.00000  130.29675  2.03%  61.4 3125s
 1084378 559683     cutoff   72       133.00000  130.29721  2.03%  61.4 3130s
 1085852 560357     cutoff   69       133.00000  130.29763  2.03%  61.4 3135s
 1087362 560992  130.65178   51   99  133.00000  130.29807  2.03%  61.4 3140s
 1088917 561663  131.01706   58   83  133.00000  130.29843  2.03%  61.4 3145s
 1090569 562399  130.81823   48  149  133.00000  130.29877  2.03%  61.4 3150s
 1092025 563098  131.58562   60   50  133.00000  130.29932  2.03%  61.5 3155s
 1093647 563839  131.47392   55  134  133.00000  130.29987  2.03%  61.5 3160s
 1095228 564533  130.46273   54   91  133.00000  130.30020  2.03%  61.5 3165s
 1096774 565217  131.45387   72   74  133.00000  130.30065  2.03%  61.5 3170s
 1098278 565925     cutoff   68       133.00000  130.30115  2.03%  61.5 3175s
 1099900 566624  130.94636   60   81  133.00000  130.30161  2.03%  61.5 3180s
 1101567 567377  131.58466   55  138  133.00000  130.30214  2.03%  61.5 3185s
 1103266 568114  130.86236   48  109  133.00000  130.30258  2.03%  61.5 3190s
 1104933 568890  131.06718   48  103  133.00000  130.30311  2.03%  61.5 3195s
 1106537 569618  131.45104   63  107  133.00000  130.30361  2.03%  61.5 3200s
 1108139 570291     cutoff   65       133.00000  130.30401  2.03%  61.5 3205s
 1109674 570911     cutoff   68       133.00000  130.30440  2.03%  61.5 3210s
 1111119 571518  132.00000   66   46  133.00000  130.30477  2.03%  61.5 3215s
 1112676 572231  132.00000   71   35  133.00000  130.30523  2.03%  61.5 3220s
 1114242 572914  131.14817   49  108  133.00000  130.30564  2.03%  61.5 3225s
 1115732 573600  131.25155   61   64  133.00000  130.30605  2.03%  61.5 3230s
 1117344 574378  131.04264   51  125  133.00000  130.30639  2.03%  61.5 3235s
 1118900 575078  130.71454   58   74  133.00000  130.30685  2.02%  61.5 3240s
 1120440 575755  131.03034   59   78  133.00000  130.30731  2.02%  61.5 3245s
 1122006 576478  130.36645   48  139  133.00000  130.30761  2.02%  61.5 3250s
 1123511 577132  131.43662   60  110  133.00000  130.30793  2.02%  61.5 3255s
 1124889 577754  131.69969   62   94  133.00000  130.30827  2.02%  61.6 3260s
 1126407 578400  131.20000   55   92  133.00000  130.30871  2.02%  61.6 3265s
 1127985 579127  131.03761   61  101  133.00000  130.30911  2.02%  61.6 3270s
 1129581 579822  131.00000   49   62  133.00000  130.30961  2.02%  61.6 3275s
 1131068 580496  132.00000   50   72  133.00000  130.31015  2.02%  61.6 3280s
 1132612 581188  131.17956   56  129  133.00000  130.31058  2.02%  61.6 3285s
 1134209 581919  131.42080   50  104  133.00000  130.31109  2.02%  61.6 3290s
 1135753 582555  130.47384   64   90  133.00000  130.31164  2.02%  61.6 3295s
 1137371 583347  132.00000   72   49  133.00000  130.31202  2.02%  61.6 3300s
 1138838 583992     cutoff   60       133.00000  130.31238  2.02%  61.6 3305s
 1140479 584711  131.00000   59  108  133.00000  130.31285  2.02%  61.6 3310s
 1141987 585405  130.56316   48  157  133.00000  130.31321  2.02%  61.6 3315s
 1143446 586086  131.01735   63  114  133.00000  130.31360  2.02%  61.6 3320s
 1145032 586763     cutoff   63       133.00000  130.31399  2.02%  61.6 3325s
 1146530 587383  131.00769   52  172  133.00000  130.31444  2.02%  61.6 3330s
 1148054 588102  131.44136   79   52  133.00000  130.31483  2.02%  61.6 3335s
 1149641 588830     cutoff   62       133.00000  130.31523  2.02%  61.6 3340s
 1151113 589477  130.74893   62   91  133.00000  130.31552  2.02%  61.6 3345s
 1152590 590188  132.00000   51   34  133.00000  130.31586  2.02%  61.7 3350s
 1154172 590903  131.40000   58   39  133.00000  130.31638  2.02%  61.7 3355s
 1155767 591511  131.28794   49  103  133.00000  130.31681  2.02%  61.7 3360s
 1157224 592142  131.82531   54   56  133.00000  130.31721  2.02%  61.7 3365s
 1158708 592800  130.60583   51  100  133.00000  130.31759  2.02%  61.7 3370s
 1160203 593456  132.00000   78   45  133.00000  130.31794  2.02%  61.7 3375s
 1161898 594180  131.00000   54   95  133.00000  130.31831  2.02%  61.7 3380s
 1163483 594880  131.00000   59  113  133.00000  130.31889  2.02%  61.7 3385s
 1164989 595576  131.50057   62   55  133.00000  130.31925  2.02%  61.7 3390s
 1166643 596311  131.36836   64   66  133.00000  130.31971  2.02%  61.7 3395s
 1168253 597006     cutoff   97       133.00000  130.32017  2.01%  61.7 3400s
 1169815 597692  131.04205   61   33  133.00000  130.32056  2.01%  61.7 3405s
 1171365 598416  130.44137   49  110  133.00000  130.32099  2.01%  61.7 3410s
 1172856 599082  131.00000   54   92  133.00000  130.32143  2.01%  61.7 3415s
 1174415 599799  131.44661   65  115  133.00000  130.32189  2.01%  61.7 3420s
 1175871 600396 infeasible   57       133.00000  130.32230  2.01%  61.7 3425s
 1177457 601100  130.87975   57   99  133.00000  130.32270  2.01%  61.7 3430s
 1178949 601758  130.71257   56  125  133.00000  130.32314  2.01%  61.7 3435s
 1180420 602342  130.50689   73  123  133.00000  130.32363  2.01%  61.7 3440s
 1182081 603092  131.15941   67   76  133.00000  130.32404  2.01%  61.7 3445s
 1183644 603790  131.00000   54  103  133.00000  130.32450  2.01%  61.7 3450s
 1185029 604351  130.49383   41  122  133.00000  130.32481  2.01%  61.7 3455s
 1186570 605088  131.09026   57  104  133.00000  130.32521  2.01%  61.7 3460s
 1188111 605706  131.31434   58  101  133.00000  130.32564  2.01%  61.7 3465s
 1189741 606405  130.86973   54  141  133.00000  130.32603  2.01%  61.7 3470s
 1191250 607109  132.00000   60   49  133.00000  130.32634  2.01%  61.7 3475s
 1192918 607839  131.95014   71   65  133.00000  130.32674  2.01%  61.7 3480s
 1194541 608605  130.77103   46  130  133.00000  130.32722  2.01%  61.7 3485s
 1196077 609316  130.90439   58  109  133.00000  130.32761  2.01%  61.7 3490s
 1197623 609983  131.33389   66   79  133.00000  130.32801  2.01%  61.7 3495s
 1199192 610625  130.49277   50  139  133.00000  130.32842  2.01%  61.7 3500s
 1200696 611266  132.00000   56   65  133.00000  130.32882  2.01%  61.7 3505s
 1202310 612002  130.82062   62  136  133.00000  130.32916  2.01%  61.7 3510s
 1203915 612741  130.50996   56  109  133.00000  130.32955  2.01%  61.7 3515s
 1204202 612868  131.49887   78   59  133.00000  130.32968  2.01%  61.7 3521s
 1205065 613264  131.03223   59  123  133.00000  130.32988  2.01%  61.7 3525s
 1206529 613903     cutoff   70       133.00000  130.33025  2.01%  61.7 3530s
 1208142 614587  131.84596   53   63  133.00000  130.33069  2.01%  61.7 3535s
 1209776 615346  131.07249   63   84  133.00000  130.33118  2.01%  61.7 3540s
 1211318 616044  131.62500   71   53  133.00000  130.33153  2.01%  61.7 3545s
 1212797 616671  130.41248   64  116  133.00000  130.33194  2.01%  61.8 3550s
 1214420 617407  130.55061   45  129  133.00000  130.33236  2.01%  61.8 3555s
 1215924 618055     cutoff   69       133.00000  130.33269  2.01%  61.8 3560s
 1217453 618714  131.50000   53   91  133.00000  130.33294  2.01%  61.8 3565s
 1218978 619403  131.24670   45  137  133.00000  130.33329  2.01%  61.8 3570s
 1220467 620095  131.14508   69   60  133.00000  130.33333  2.01%  61.8 3575s
 1222023 620841     cutoff   71       133.00000  130.33333  2.01%  61.8 3580s
 1223414 621430     cutoff   60       133.00000  130.33333  2.01%  61.8 3585s
 1224804 621996  131.84542   68   60  133.00000  130.33333  2.01%  61.8 3590s
 1226017 622595  131.04359   58   42  133.00000  130.33333  2.01%  61.8 3595s

Cutting planes:
  Learned: 1
  Gomory: 29
  Cover: 183
  Implied bound: 89
  MIR: 925
  Mixing: 48
  StrongCG: 43
  Flow cover: 1256
  GUB cover: 15
  Inf proof: 104
  Zero half: 28
  RLT: 45
  Relax-and-lift: 56
  BQP: 8

Explored 1227452 nodes (75917271 simplex iterations) in 3599.96 seconds (3394.30 work units)
Thread count was 1 (of 16 available processors)

Solution count 10: 133 133 134 ... 153

Time limit reached
Best objective 1.330000000000e+02, best bound 1.310000000000e+02, gap 1.5038%

User-callback calls 3615183, time in user-callback 2.19 sec

 sepatime0
Stat(MathOptInterface.TIME_LIMIT, 133.0, 131.0, 0.015037593984962405, 0.0, 0.044178, 3599.9571850299835, 1227452, Main.CFLG.LEFPV2, "", #undef)
