Data path: /scratch/opt/lxu/CFLG/benchmarks/Kgroup_A
Instance: K100.1.red
Result path: /scratch/opt/lxu/CFLG/results/Kgroup_A
Solver: Gurobi
Time limit: 3600
Formulation: LEFPV2
Cover: Small
julia --project=. src/main.jl /scratch/opt/lxu/CFLG/benchmarks/Kgroup_A K100.1.red /scratch/opt/lxu/CFLG/results/Kgroup_A Gurobi 3600 LEFPV2 Small
The latest version of Julia in the `release` channel is 1.11.5+0.x64.linux.gnu. You currently have `1.11.4+0.x64.linux.gnu` installed. Run:

  juliaup update

in your terminal shell to install Julia 1.11.5+0.x64.linux.gnu and update the `release` channel to that version.
/scratch/opt/lxu/CFLG/benchmarks/Kgroup_A Gurobi 3600.0 /scratch/opt/lxu/CFLG/results/Kgroup_A K100.1.red LEFPV2 Small
/scratch/opt/lxu/CFLG/benchmarks/Kgroup_A/K100.1.red

 read graph
data loaded


after absorb:42 42

max_piece:20
problem_graph/original graph: node: 66/42 edge: 209/185 dlt: 0.05086356964332492 break_avg_len: 0.18009110782804053 break_max_len: 1.0elapsed CPU time: 0.045436 seconds
Set parameter TokenServer to value "solice01.zib.de"
Set parameter Threads to value 1
Set parameter OutputFlag to value 1
Set parameter MIPGap to value 0.0001
Set parameter MIPGapAbs to value 1
Set parameter TimeLimit to value 3599.954564

 more cuts:true
formulation:LEFPV2153 56 24
Set parameter PreCrush to value 1

 model loaded

Gurobi Optimizer version 12.0.1 build v12.0.1rc0 (linux64 - "Debian GNU/Linux 12 (bookworm)")

CPU model: Intel(R) Xeon(R) Gold 5222 CPU @ 3.80GHz, instruction set [SSE2|AVX|AVX2|AVX512]
Thread count: 8 physical cores, 16 logical processors, using up to 1 threads

Non-default parameters:
TimeLimit  3599.954564
MIPGapAbs  1
PreCrush  1
Threads  1

Optimize a model with 4964 rows, 2545 columns and 11313 nonzeros
Model fingerprint: 0x634af39a
Variable types: 693 continuous, 1852 integer (1546 binary)
Coefficient statistics:
  Matrix range     [2e-03, 1e+00]
  Objective range  [1e+00, 1e+00]
  Bounds range     [2e-03, 1e+00]
  RHS range        [1e-04, 9e+00]
Presolve removed 2902 rows and 707 columns
Presolve time: 0.04s
Presolved: 2062 rows, 1838 columns, 9827 nonzeros
Variable types: 581 continuous, 1257 integer (1208 binary)
Found heuristic solution: objective 384.0000000
Found heuristic solution: objective 363.0000000

Root relaxation: objective 2.750000e+02, 825 iterations, 0.01 seconds (0.01 work units)

    Nodes    |    Current Node    |     Objective Bounds      |     Work
 Expl Unexpl |  Obj  Depth IntInf | Incumbent    BestBd   Gap | It/Node Time

     0     0  275.00000    0   97  363.00000  275.00000  24.2%     -    0s
H    0     0                     351.0000000  275.00000  21.7%     -    0s
H    0     0                     335.0000000  275.00000  17.9%     -    0s
H    0     0                     324.0000000  275.00000  15.1%     -    0s
     0     0  275.42055    0  165  324.00000  275.42055  15.0%     -    0s
     0     0  275.55777    0  159  324.00000  275.55777  15.0%     -    0s
     0     0  278.89239    0  194  324.00000  278.89239  13.9%     -    0s
     0     0  278.96152    0  181  324.00000  278.96152  13.9%     -    0s
     0     0  278.96902    0  185  324.00000  278.96902  13.9%     -    0s
     0     0  278.96925    0  186  324.00000  278.96925  13.9%     -    0s
     0     0  280.87532    0  182  324.00000  280.87532  13.3%     -    0s
     0     0  280.94696    0  193  324.00000  280.94696  13.3%     -    0s
     0     0  280.94696    0  195  324.00000  280.94696  13.3%     -    0s
     0     0  280.94696    0  212  324.00000  280.94696  13.3%     -    0s
     0     0  280.94696    0  208  324.00000  280.94696  13.3%     -    0s
     0     0  280.94696    0  210  324.00000  280.94696  13.3%     -    0s
     0     0  281.69439    0  206  324.00000  281.69439  13.1%     -    0s
     0     0  281.84547    0  218  324.00000  281.84547  13.0%     -    0s
     0     0  281.85705    0  222  324.00000  281.85705  13.0%     -    0s
     0     0  281.85750    0  226  324.00000  281.85750  13.0%     -    0s
     0     0  282.44220    0  208  324.00000  282.44220  12.8%     -    0s
     0     0  282.51043    0  230  324.00000  282.51043  12.8%     -    0s
     0     0  282.51969    0  229  324.00000  282.51969  12.8%     -    0s
     0     0  282.52008    0  229  324.00000  282.52008  12.8%     -    0s
     0     0  282.77908    0  225  324.00000  282.77908  12.7%     -    0s
     0     0  282.82801    0  253  324.00000  282.82801  12.7%     -    0s
     0     0  282.83550    0  247  324.00000  282.83550  12.7%     -    0s
     0     0  282.83928    0  254  324.00000  282.83928  12.7%     -    0s
     0     0  283.00310    0  249  324.00000  283.00310  12.7%     -    0s
     0     0  283.12903    0  254  324.00000  283.12903  12.6%     -    0s
     0     0  283.13861    0  256  324.00000  283.13861  12.6%     -    0s
     0     0  283.13965    0  253  324.00000  283.13965  12.6%     -    0s
     0     0  283.26171    0  230  324.00000  283.26171  12.6%     -    0s
     0     0  283.29108    0  240  324.00000  283.29108  12.6%     -    0s
     0     0  283.29384    0  252  324.00000  283.29384  12.6%     -    0s
     0     0  283.30848    0  254  324.00000  283.30848  12.6%     -    0s
     0     0  283.31008    0  222  324.00000  283.31008  12.6%     -    0s
H    0     0                     300.0000000  283.31008  5.56%     -    0s
     0     2  283.33339    0  215  300.00000  283.33339  5.56%     -    0s
   624   533  295.01203  139  276  300.00000  287.33623  4.22%  16.0    5s
H  675   536                     299.0000000  288.39914  3.55%  14.8    8s
H  683   513                     298.0000000  288.42061  3.21%  14.6    8s
   711   533  295.00000  170  198  298.00000  288.46370  3.20%  89.5   10s
   801   593  294.79147  132  206  298.00000  288.95127  3.04%  79.5   15s
  1466   976  289.65682   29  191  298.00000  289.09167  2.99%   108   20s
  2560  1541  289.26344   35  215  298.00000  289.14950  2.97%  90.2   25s
  3671  2522  290.54241   44  175  298.00000  289.22514  2.94%  79.0   30s
  4729  3381  293.99809   82   96  298.00000  289.28609  2.92%  74.2   35s
  5930  4346  290.13758   42  199  298.00000  289.33006  2.91%  71.7   40s
  7305  5466  291.57531   65  142  298.00000  289.36423  2.90%  69.9   45s
  8976  6827  293.49802   91   89  298.00000  289.39703  2.89%  67.5   50s
 10203  7839  296.77358  115  222  298.00000  289.41338  2.88%  66.8   64s
 10223  7852  292.18416   68  238  298.00000  289.41338  2.88%  66.7   65s
 10272  7885  295.46249   99  297  298.00000  289.41338  2.88%  66.3   70s
 10310  7910  292.35233   64  249  298.00000  289.61217  2.81%  66.1   75s
 10353  7939  294.57880   81  253  298.00000  289.72794  2.78%  65.8   80s
 10382  7958  291.08404   47  306  298.00000  289.75571  2.77%  65.6   85s
 10410  7977  292.35233   64  324  298.00000  289.77052  2.76%  65.5   90s
 10601  8091  290.15566   46  208  298.00000  289.79477  2.75%  77.0   95s
 10872  8261  295.01839  103   58  298.00000  289.79502  2.75%  77.3  100s
 11252  8459  289.90869   40  285  298.00000  289.86249  2.73%  78.4  105s
 11865  8792  291.67392   78  165  298.00000  289.90262  2.72%  78.8  110s
 12676  9231  290.39432   39  297  298.00000  289.93146  2.71%  79.0  115s
 13516  9703  291.85377   59  140  298.00000  290.04537  2.67%  78.5  120s
 14230 10070  290.65787   51  208  298.00000  290.07930  2.66%  79.4  125s
 15019 10435  290.41604   44  318  298.00000  290.11729  2.65%  79.7  130s
 15762 10801  290.49171   44  214  298.00000  290.15161  2.63%  80.2  135s
 16619 11201  290.34552   46  296  298.00000  290.17268  2.63%  80.4  140s
 17456 11653  290.23073   47  262  298.00000  290.18205  2.62%  80.8  145s
 18346 12094  295.03847   96   59  298.00000  290.20390  2.62%  80.9  150s
 19110 12468  292.12309   77  157  298.00000  290.21569  2.61%  80.9  155s
 19935 12882  292.06065   87  161  298.00000  290.22915  2.61%  81.0  160s
 20608 13217  290.97507   59  166  298.00000  290.24451  2.60%  81.9  165s
 21545 13670  290.50999   50  371  298.00000  290.25829  2.60%  82.3  170s
 22395 14112  290.41555   52  329  298.00000  290.26575  2.60%  82.8  175s
 23243 14530  290.45118   43  371  298.00000  290.27365  2.59%  82.9  180s
 23996 14897  292.53656   79  113  298.00000  290.27993  2.59%  83.0  185s
 24939 15305  290.92761   48  329  298.00000  290.29562  2.59%  82.9  190s
 25867 15736  292.57609   66  121  298.00000  290.30268  2.58%  83.0  195s
 26932 16271  290.53892   50  262  298.00000  290.31618  2.58%  82.7  200s
 27852 16722  292.10763   67  186  298.00000  290.32652  2.57%  83.1  205s
 28978 17265  296.95203  113   56  298.00000  290.34160  2.57%  82.3  210s
 30060 17761  291.51327   75  193  298.00000  290.34727  2.57%  81.6  215s
 31062 18225  292.45944   74  107  298.00000  290.35523  2.57%  81.3  220s
 32021 18692  295.07632   99   60  298.00000  290.36226  2.56%  81.2  225s
 33066 19216  291.13748   55  153  298.00000  290.37218  2.56%  81.0  230s
 34108 19725  291.02075   61  230  298.00000  290.37799  2.56%  80.7  235s
 35136 20468  297.00000  105   83  298.00000  290.38111  2.56%  80.4  240s
 36154 21317  294.13706   75  103  298.00000  290.38939  2.55%  80.2  245s
 36439 21557  294.04184   93  161  298.00000  290.39029  2.55%  80.1  250s
 37351 22294  294.37384   88   66  298.00000  290.39596  2.55%  80.1  255s
 38417 23166  293.85973   77  114  298.00000  290.40366  2.55%  79.9  260s
 39535 24059  291.28695   48  165  298.00000  290.41075  2.55%  79.7  265s
 40419 24785  292.31489   60  157  298.00000  290.41371  2.55%  79.8  270s
 41534 25672  292.07710   70  141  298.00000  290.41765  2.54%  79.6  275s
 42657 26550  291.59747   73  209  298.00000  290.42705  2.54%  79.6  280s
 43787 27505  295.77780   91  108  298.00000  290.43238  2.54%  79.4  285s
 44973 28472  296.58567  166   37  298.00000  290.43679  2.54%  79.2  290s
 45918 29253  292.28697   75  177  298.00000  290.44068  2.54%  79.2  295s
 47067 30148  291.23562   58  206  298.00000  290.44688  2.53%  79.0  300s
 48096 30944  291.76236   73  182  298.00000  290.45226  2.53%  79.0  305s
 49151 31775  292.31332   74  185  298.00000  290.45647  2.53%  79.0  310s
 50068 32481  291.75642   63  181  298.00000  290.46060  2.53%  79.1  315s
 51022 33256  293.71039   86  181  298.00000  290.46410  2.53%  79.2  320s
 51926 33974  297.00000  106   52  298.00000  290.47008  2.53%  79.4  325s
 52949 34823  293.82434   80   95  298.00000  290.47174  2.53%  79.4  330s
 54049 35748  290.53501   50  340  298.00000  290.47541  2.53%  79.3  335s
 55026 36540  294.43997   95   75  298.00000  290.47957  2.52%  79.3  340s
 56086 37365  291.04165   64  230  298.00000  290.48394  2.52%  79.5  345s
 57202 38288  295.51887   95   74  298.00000  290.48957  2.52%  79.5  350s
 58448 39305  291.21284   51  259  298.00000  290.49524  2.52%  79.5  355s
 59580 40207  290.84511   57  230  298.00000  290.49835  2.52%  79.6  360s
 61062 41409  292.15311   58  120  298.00000  290.50261  2.52%  79.2  365s
 62210 42356  291.13769   54  135  298.00000  290.50830  2.51%  79.2  370s
 63458 43386  290.78025   50  332  298.00000  290.51278  2.51%  79.3  375s
 64626 44315  291.21580   48  323  298.00000  290.51706  2.51%  79.3  380s
 65943 45377  290.88145   57  280  298.00000  290.52025  2.51%  79.2  385s
 67137 46317  293.48187   78  138  298.00000  290.52432  2.51%  79.2  390s
 68271 47241  295.00000   87   47  298.00000  290.52758  2.51%  79.2  395s
 69605 48298  290.83384   50  281  298.00000  290.53076  2.51%  79.0  400s
 70757 49178  295.20716   96   43  298.00000  290.53419  2.51%  79.1  405s
 72005 50225  296.86744  116   64  298.00000  290.53740  2.50%  79.0  410s
 73264 51214  291.04774   55  338  298.00000  290.54079  2.50%  79.0  415s
 74300 52036  292.61814   60  167  298.00000  290.54351  2.50%  79.2  420s
 75436 52974  291.76613   56  285  298.00000  290.54645  2.50%  79.2  425s
 76582 53941  297.00000  154   37  298.00000  290.54893  2.50%  79.3  430s
 77999 55107  295.93321   95   57  298.00000  290.55140  2.50%  79.0  435s
 79309 56197  294.00000   87   73  298.00000  290.55440  2.50%  78.9  440s
 80452 57123  291.07336   57  293  298.00000  290.55665  2.50%  79.0  445s
 81747 58151  296.65121   97   99  298.00000  290.55969  2.50%  79.0  450s
 82924 59110  292.70712   49  129  298.00000  290.56290  2.50%  79.0  455s
 84117 60092     cutoff  125       298.00000  290.56533  2.49%  79.0  460s
 85340 61051  290.84924   60  284  298.00000  290.56844  2.49%  79.0  465s
 86578 62049  295.91563  123   64  298.00000  290.57104  2.49%  78.9  470s
 87903 63081     cutoff   93       298.00000  290.57393  2.49%  78.8  475s
 89097 64020  291.99143   75  185  298.00000  290.57711  2.49%  78.9  480s
 90452 65105  296.98814  129   67  298.00000  290.57866  2.49%  78.7  485s
 91744 66157  292.99255   89   75  298.00000  290.58223  2.49%  78.7  490s
 92913 67082  292.76924   55  171  298.00000  290.58355  2.49%  78.7  495s
 94134 68056  291.76112   60  227  298.00000  290.58737  2.49%  78.7  500s
 95290 68939  293.33725   93  121  298.00000  290.59035  2.49%  78.7  505s
 96484 69857  292.46224   74  143  298.00000  290.59194  2.49%  78.8  510s
 97672 70833  291.64126   68  200  298.00000  290.59390  2.49%  78.8  515s
 98951 71856  293.82798   97  120  298.00000  290.59510  2.48%  78.8  520s
 100267 72911  290.87559   56  283  298.00000  290.59751  2.48%  78.7  525s
 101447 73847  290.67154   51  227  298.00000  290.59998  2.48%  78.7  530s
 102679 74830  295.94305  110   96  298.00000  290.60192  2.48%  78.7  535s
 103864 75797  293.28411   80   98  298.00000  290.60395  2.48%  78.8  540s
 105093 76790  293.67241   91  141  298.00000  290.60558  2.48%  78.8  545s
 106401 77791  291.36455   58  188  298.00000  290.60753  2.48%  78.7  550s
 107556 78747  292.66093   78  147  298.00000  290.60868  2.48%  78.7  555s
 108773 79709  291.11518   52  278  298.00000  290.61077  2.48%  78.7  560s
 109962 80686  291.65214   73  204  298.00000  290.61285  2.48%  78.7  565s
 111086 81615  293.00798   52  180  298.00000  290.61554  2.48%  78.8  570s
 112291 82591  292.54259   80  141  298.00000  290.61811  2.48%  78.8  575s
 113471 83521  292.79476   76  173  298.00000  290.62018  2.48%  78.8  580s
 114727 84521  291.36922   64  219  298.00000  290.62185  2.48%  78.8  585s
 115885 85414  291.10888   52  210  298.00000  290.62384  2.48%  78.8  590s
 117062 86351  291.39442   66  177  298.00000  290.62560  2.47%  78.7  595s
 118272 87323  290.74270   61  306  298.00000  290.62721  2.47%  78.7  600s
 119391 88234  292.31911   86  165  298.00000  290.62812  2.47%  78.7  605s
 120528 89159  291.68613   70  190  298.00000  290.62942  2.47%  78.7  610s
 121600 90013  291.76763   67  199  298.00000  290.63077  2.47%  78.8  615s
 122679 90865  291.11016   50  293  298.00000  290.63322  2.47%  78.8  620s
 123838 91816  291.11075   55  289  298.00000  290.63499  2.47%  78.8  625s
 125061 92771  292.13438   64  137  298.00000  290.63655  2.47%  78.7  630s
 126195 93662  293.10345   68  179  298.00000  290.63813  2.47%  78.7  635s
 127375 94577  292.14921   65  166  298.00000  290.63953  2.47%  78.7  640s
 128636 95571  291.22372   59  153  298.00000  290.64070  2.47%  78.6  645s
 129793 96488  290.85407   55  312  298.00000  290.64213  2.47%  78.6  650s
 130898 97392  292.33616   78  155  298.00000  290.64317  2.47%  78.6  655s
 131955 98233  293.56060   93  114  298.00000  290.64403  2.47%  78.7  660s
 133059 99075  291.48501   59  208  298.00000  290.64641  2.47%  78.7  665s
 134177 99945  296.99999  129   15  298.00000  290.64791  2.47%  78.6  670s
 135278 100836  295.97678  124   62  298.00000  290.64991  2.47%  78.6  675s
 136278 101599  291.81982   62  126  298.00000  290.65118  2.47%  78.7  680s
 137280 102361  293.43498   85   91  298.00000  290.65253  2.47%  78.8  685s
 138280 103178  291.28214   47  263  298.00000  290.65430  2.47%  78.8  690s
 139278 103972  292.99816   90  167  298.00000  290.65562  2.46%  78.9  695s
 140443 104890  291.15933   59  326  298.00000  290.65661  2.46%  78.9  700s
 141485 105727  293.15666   88  118  298.00000  290.65801  2.46%  78.9  705s
 142532 106530  291.47685   62  246  298.00000  290.65926  2.46%  78.9  710s
 143568 107387  292.40846   65  195  298.00000  290.66006  2.46%  79.0  715s
 144593 108230  296.22220  107   63  298.00000  290.66084  2.46%  79.0  720s
 145620 109079  294.63283  109   87  298.00000  290.66261  2.46%  79.1  725s
 146711 109940  297.00000  112   46  298.00000  290.66410  2.46%  79.0  730s
 147957 110970  293.88064   95   60  298.00000  290.66612  2.46%  79.0  735s
 149082 111837  296.22146   77   95  298.00000  290.66808  2.46%  79.0  740s
 150177 112667  291.94243   70  197  298.00000  290.66964  2.46%  79.0  745s
 151308 113624  294.57514   79  104  298.00000  290.67103  2.46%  79.0  750s
 152551 114653  297.00000   96   62  298.00000  290.67214  2.46%  79.0  755s
 153709 115567  297.00000  132   32  298.00000  290.67370  2.46%  78.9  760s
 154620 116297  292.33113   72  179  298.00000  290.67466  2.46%  79.0  765s
 155671 117154  292.33130   72  185  298.00000  290.67569  2.46%  79.1  770s
 156821 118034  295.02181   92   74  298.00000  290.67722  2.46%  79.0  775s
 157910 118925  296.01958  148   52  298.00000  290.67902  2.46%  79.1  780s
 158978 119755  291.33252   56  159  298.00000  290.68036  2.46%  79.0  785s
 160092 120651  295.67399  103   77  298.00000  290.68148  2.46%  79.1  790s
 161201 121531  291.61836   62  186  298.00000  290.68281  2.46%  79.0  795s
 162245 122425  291.86913   59  205  298.00000  290.68343  2.46%  79.1  800s
 163304 123246  291.96174   70  259  298.00000  290.68463  2.45%  79.1  805s
 164463 124138  291.25128   56  271  298.00000  290.68657  2.45%  79.0  810s
 165494 124948  291.14911   56  341  298.00000  290.68788  2.45%  79.0  815s
 166523 125753  291.07712   57  346  298.00000  290.68933  2.45%  79.1  820s
 167581 126609  290.86230   62  274  298.00000  290.69052  2.45%  79.1  825s
 168652 127434  292.98370   75  152  298.00000  290.69173  2.45%  79.0  830s
 169615 128226  291.56021   57  152  298.00000  290.69260  2.45%  79.1  835s
 170759 129134  291.00419   53  271  298.00000  290.69438  2.45%  79.1  840s
 171796 129981  295.62954   80   69  298.00000  290.69526  2.45%  79.1  845s
 172850 130809  294.70568  110   73  298.00000  290.69629  2.45%  79.1  850s
 173960 131678  290.89557   54  267  298.00000  290.69733  2.45%  79.1  855s
 175031 132555  296.43215   88   87  298.00000  290.69881  2.45%  79.1  860s
 176151 133482  291.24807   63  287  298.00000  290.70003  2.45%  79.1  865s
 177197 134323     cutoff   93       298.00000  290.70124  2.45%  79.1  870s
 178308 135218  296.15256   84   95  298.00000  290.70217  2.45%  79.1  875s
 179486 136146  293.73705   84  130  298.00000  290.70287  2.45%  79.1  880s
 180568 137024  297.00000   68   42  298.00000  290.70386  2.45%  79.0  885s
 181560 137791  291.47374   61  242  298.00000  290.70570  2.45%  79.1  890s
 182673 138707  291.73811   55  286  298.00000  290.70652  2.45%  79.1  895s
 183937 139753  291.53451   50  267  298.00000  290.70776  2.45%  79.0  900s
 185109 140714  296.00756  132   47  298.00000  290.70880  2.45%  79.0  905s
 186273 141630  291.68739   73  195  298.00000  290.70961  2.45%  79.0  910s
 187103 142293  291.20604   62  267  298.00000  290.71069  2.45%  79.1  915s
 188090 143074  290.98244   54  269  298.00000  290.71129  2.45%  79.1  920s
 189178 143913  291.32749   60  192  298.00000  290.71202  2.45%  79.1  925s
 190280 144786  293.11981   93  137  298.00000  290.71282  2.45%  79.1  930s
 191424 145653  292.14885   63  217  298.00000  290.71386  2.45%  79.1  935s
 192422 146444  292.37269   62  181  298.00000  290.71460  2.44%  79.1  940s
 193618 147398  291.04934   58  255  298.00000  290.71592  2.44%  79.0  945s
 194622 148227  297.00000  122   43  298.00000  290.71694  2.44%  79.1  950s
 195741 149112  291.21241   51  260  298.00000  290.71823  2.44%  79.1  955s
 196804 149972  292.80489   83  127  298.00000  290.71919  2.44%  79.1  960s
 198109 151007  291.55585   58  193  298.00000  290.72053  2.44%  79.1  965s
 199117 151818  291.02144   50  174  298.00000  290.72133  2.44%  79.1  970s
 200217 152700  291.67166   48  291  298.00000  290.72271  2.44%  79.1  975s
 201367 153634  296.26523   97   69  298.00000  290.72370  2.44%  79.1  980s
 202557 154533  291.41277   59  237  298.00000  290.72420  2.44%  79.1  985s
 203775 155531  293.87395   87  140  298.00000  290.72482  2.44%  79.0  990s
 204932 156493  291.33049   54  285  298.00000  290.72593  2.44%  79.0  995s
 205442 156906  293.08637   75  146  298.00000  290.72629  2.44%  79.0 1003s
 205711 157125  292.01472   65  178  298.00000  290.72654  2.44%  79.1 1005s
 206569 157806  291.13493   55  290  298.00000  290.72760  2.44%  79.1 1010s
 207708 158702  291.33487   59  196  298.00000  290.72844  2.44%  79.1 1015s
 208816 159580  296.09413   72   96  298.00000  290.72906  2.44%  79.1 1020s
 209862 160399  291.21957   56  231  298.00000  290.72968  2.44%  79.1 1025s
 210937 161286  293.82323   62  111  298.00000  290.73064  2.44%  79.1 1030s
 211999 162107  295.72601  106   74  298.00000  290.73179  2.44%  79.1 1035s
 213151 163060  295.26100  104  100  298.00000  290.73249  2.44%  79.1 1040s
 214383 163987  297.00000  116   77  298.00000  290.73337  2.44%  79.1 1045s
 215589 164958  291.75982   68  197  298.00000  290.73486  2.44%  79.1 1050s
 216599 165724  291.70280   73  133  298.00000  290.73552  2.44%  79.1 1055s
 217584 166469  293.31334   93  170  298.00000  290.73657  2.44%  79.1 1060s
 218765 167381  292.25646   80  218  298.00000  290.73779  2.44%  79.1 1065s
 219910 168319  295.10073   94   89  298.00000  290.73853  2.44%  79.1 1070s
 221081 169191  291.62850   71  213  298.00000  290.73970  2.44%  79.1 1075s
 222220 170082  291.29861   57  269  298.00000  290.74058  2.44%  79.1 1080s
 223408 171015  296.76227   84   68  298.00000  290.74144  2.44%  79.0 1085s
 224446 171871  291.59194   64  151  298.00000  290.74268  2.44%  79.1 1090s
 225520 172734  291.45237   63  216  298.00000  290.74369  2.44%  79.1 1095s
 226794 173720  294.96521   90   71  298.00000  290.74475  2.43%  79.0 1100s
 227764 174454  292.70862   89  153  298.00000  290.74584  2.43%  79.0 1105s
 228999 175385  292.05334   57  231  298.00000  290.74686  2.43%  79.0 1110s
 230153 176292  294.42032   65  165  298.00000  290.74818  2.43%  79.0 1115s
 231275 177176  290.98584   57  296  298.00000  290.74923  2.43%  79.0 1120s
 232368 178055  291.08943   55  225  298.00000  290.75023  2.43%  79.0 1125s
 233426 178904  290.89419   51  301  298.00000  290.75098  2.43%  79.0 1130s
 234636 179896  291.75908   56  288  298.00000  290.75148  2.43%  79.0 1135s
 235754 180788  293.90336   78  132  298.00000  290.75239  2.43%  79.0 1140s
 236722 181573  292.31682   63  168  298.00000  290.75323  2.43%  79.1 1145s
 237799 182428  291.02550   58  280  298.00000  290.75426  2.43%  79.1 1150s
 239060 183451  290.88255   51  270  298.00000  290.75509  2.43%  79.0 1155s
 240164 184339  294.51742   72  119  298.00000  290.75592  2.43%  79.0 1160s
 241329 185236  292.64394   74  165  298.00000  290.75671  2.43%  79.0 1165s
 242348 186064  291.07819   62  319  298.00000  290.75794  2.43%  79.0 1170s
 243516 187042  291.75737   75  171  298.00000  290.75844  2.43%  79.0 1175s
 244786 188087  290.87999   50  365  298.00000  290.75940  2.43%  79.0 1180s
 245737 188851  291.25924   56  263  298.00000  290.76022  2.43%  79.0 1185s
 247000 189841  292.40490   63  179  298.00000  290.76151  2.43%  79.0 1190s
 248064 190683  293.61559   83  112  298.00000  290.76222  2.43%  79.0 1195s
 249151 191561  291.06943   51  316  298.00000  290.76311  2.43%  79.0 1200s
 250213 192409  291.56342   76  197  298.00000  290.76365  2.43%  79.0 1205s
 251331 193291  292.62854   80  225  298.00000  290.76417  2.43%  79.0 1210s
 252353 194079  291.08045   54  220  298.00000  290.76513  2.43%  79.1 1215s
 253486 194977  292.07881   63  146  298.00000  290.76583  2.43%  79.0 1220s
 254653 195931  290.90487   54  231  298.00000  290.76667  2.43%  79.0 1225s
 255767 196800  290.82243   46  272  298.00000  290.76736  2.43%  79.0 1230s
 256875 197681  297.00000  117   60  298.00000  290.76787  2.43%  79.0 1235s
 257915 198480  291.51592   53  291  298.00000  290.76878  2.43%  79.0 1240s
 259124 199423  290.93267   50  332  298.00000  290.76973  2.43%  79.0 1245s
 260308 200362  294.17368   88   74  298.00000  290.77024  2.43%  79.0 1250s
 261444 201235  291.24236   63  326  298.00000  290.77120  2.43%  79.0 1255s
 262495 202085  292.34939   60  142  298.00000  290.77212  2.43%  79.0 1260s
 263556 202900  291.39279   73  177  298.00000  290.77285  2.43%  79.0 1265s
 264704 203853  291.06172   53  294  298.00000  290.77367  2.42%  79.0 1270s
 265768 204664  292.55456   88  182  298.00000  290.77453  2.42%  79.0 1275s
 266756 205481  293.57385   89  118  298.00000  290.77515  2.42%  79.1 1280s
 267873 206361  292.24913   72  189  298.00000  290.77577  2.42%  79.1 1285s
 268863 207190  291.52144   65  221  298.00000  290.77621  2.42%  79.1 1290s
 269928 208006  290.81585   55  324  298.00000  290.77694  2.42%  79.1 1295s
 270819 208699  293.65151   78  180  298.00000  290.77751  2.42%  79.2 1300s
 272031 209696  293.16566   82  181  298.00000  290.77854  2.42%  79.1 1305s
 273051 210510  291.05513   54  323  298.00000  290.77918  2.42%  79.2 1310s
 274106 211364  294.00878   94   64  298.00000  290.77993  2.42%  79.2 1315s
 275311 212323  292.18541   65  159  298.00000  290.78039  2.42%  79.1 1320s
 276569 213333  291.39949   59  229  298.00000  290.78119  2.42%  79.1 1325s
 277623 214177     cutoff  114       298.00000  290.78179  2.42%  79.1 1330s
 278568 214850  292.64552   71  185  298.00000  290.78222  2.42%  79.2 1335s
 279585 215677  292.93987   59  153  298.00000  290.78299  2.42%  79.2 1340s
 280560 216448  291.10497   61  268  298.00000  290.78411  2.42%  79.2 1345s
 281636 217264  291.18818   60  291  298.00000  290.78478  2.42%  79.2 1350s
 282873 218268  295.66188   85  105  298.00000  290.78570  2.42%  79.2 1355s
 283940 219079  291.30964   53  308  298.00000  290.78648  2.42%  79.2 1360s
 284925 219891  290.90002   51  317  298.00000  290.78717  2.42%  79.3 1365s
 285990 220735  291.57808   52  228  298.00000  290.78798  2.42%  79.3 1370s
 287148 221714  291.11765   59  253  298.00000  290.78901  2.42%  79.2 1375s
 288155 222520  291.20681   45  307  298.00000  290.78968  2.42%  79.3 1380s
 289255 223412  292.97681   74  191  298.00000  290.79068  2.42%  79.3 1385s
 290377 224294  292.03198   60  220  298.00000  290.79130  2.42%  79.3 1390s
 291465 225168     cutoff  105       298.00000  290.79182  2.42%  79.3 1395s
 292542 225988  293.12473   82  139  298.00000  290.79261  2.42%  79.3 1400s
 293745 226933  291.36694   64  148  298.00000  290.79357  2.42%  79.2 1405s
 295018 227945  297.00025  116   28  298.00000  290.79443  2.42%  79.2 1410s
 296024 228728  290.86836   56  274  298.00000  290.79515  2.42%  79.2 1415s
 297210 229647  294.84091   71  114  298.00000  290.79569  2.42%  79.2 1420s
 298367 230576     cutoff   99       298.00000  290.79652  2.42%  79.2 1425s
 299385 231323  291.58605   63  255  298.00000  290.79744  2.42%  79.2 1430s
 300489 232187  291.28248   64  354  298.00000  290.79829  2.42%  79.2 1435s
 301690 233129  290.95293   57  230  298.00000  290.79929  2.42%  79.2 1440s
 302860 234036 infeasible  121       298.00000  290.80024  2.42%  79.1 1445s
 304110 235034  292.20416   73  206  298.00000  290.80077  2.42%  79.1 1450s
 305402 236052  294.02765   78  145  298.00000  290.80159  2.42%  79.0 1455s
 306506 236971  296.44836  129  104  298.00000  290.80243  2.42%  79.0 1460s
 307614 237828  293.64026   92  133  298.00000  290.80314  2.42%  79.0 1465s
 308807 238813  296.00000  109   41  298.00000  290.80387  2.41%  79.0 1470s
 310153 239879  291.16525   59  277  298.00000  290.80448  2.41%  79.0 1475s
 311273 240760  297.00000  100   42  298.00000  290.80487  2.41%  79.0 1480s
 312444 241655 infeasible  106       298.00000  290.80521  2.41%  79.0 1485s
 313547 242533  293.04441   88   88  298.00000  290.80565  2.41%  79.0 1490s
 314647 243392  292.66774   78  191  298.00000  290.80650  2.41%  79.0 1495s
 315785 244300  291.29214   62  221  298.00000  290.80738  2.41%  79.0 1500s
 316846 245132  291.35075   58  241  298.00000  290.80793  2.41%  79.0 1505s
 318034 246108  291.28339   60  230  298.00000  290.80834  2.41%  79.0 1510s
 319157 247031  291.08885   56  313  298.00000  290.80893  2.41%  79.0 1515s
 320177 247870  291.25919   55  182  298.00000  290.80968  2.41%  79.0 1520s
 321247 248693  294.62555   82  112  298.00000  290.81028  2.41%  79.0 1525s
 322459 249604  291.08157   51  206  298.00000  290.81114  2.41%  79.0 1530s
 323679 250572  291.16653   55  311  298.00000  290.81197  2.41%  78.9 1535s
 324854 251521  291.89029   55  180  298.00000  290.81328  2.41%  78.9 1540s
 325936 252396  291.56979   56  177  298.00000  290.81423  2.41%  78.9 1545s
 326967 253204  291.94914   62  208  298.00000  290.81488  2.41%  78.9 1550s
 328016 254071  294.52779  106  109  298.00000  290.81539  2.41%  79.0 1555s
 329179 254999  295.85714   91  103  298.00000  290.81626  2.41%  78.9 1560s
 330212 255821  293.26872  100  144  298.00000  290.81662  2.41%  79.0 1565s
 331507 256796  291.58411   53  157  298.00000  290.81737  2.41%  78.9 1570s
 332575 257609  291.19162   61  215  298.00000  290.81768  2.41%  78.9 1575s
 333625 258467  294.31554   78   90  298.00000  290.81804  2.41%  78.9 1580s
 334816 259399  296.65947  145   62  298.00000  290.81853  2.41%  78.9 1585s
 336000 260344  291.13375   57  333  298.00000  290.81884  2.41%  78.9 1590s
 337174 261308  296.97788   98   53  298.00000  290.81931  2.41%  78.9 1595s
 338125 262052  291.25781   63  180  298.00000  290.82024  2.41%  78.9 1600s
 339032 262723  291.17893   53  357  298.00000  290.82056  2.41%  78.9 1605s
 340127 263592  291.55641   59  318  298.00000  290.82132  2.41%  78.9 1610s
 341233 264498  293.88161   95  154  298.00000  290.82207  2.41%  78.9 1615s
 342301 265319  291.10406   62  279  298.00000  290.82267  2.41%  78.9 1620s
 343614 266389     cutoff  107       298.00000  290.82315  2.41%  78.9 1625s
 344688 267238  292.80224   86  182  298.00000  290.82363  2.41%  78.9 1630s
 345935 268226  291.51126   62  251  298.00000  290.82413  2.41%  78.9 1635s
 347066 269104  292.89080   85   98  298.00000  290.82466  2.41%  78.9 1640s
 348070 269947  297.00000  148   42  298.00000  290.82517  2.41%  78.9 1645s
 349252 270920  291.15898   58  199  298.00000  290.82567  2.41%  78.9 1650s
 350434 271906  291.72264   53  280  298.00000  290.82621  2.41%  78.9 1655s
 351395 272623  291.25045   59  226  298.00000  290.82672  2.41%  78.9 1660s
 352482 273471  293.43066   61  121  298.00000  290.82723  2.41%  78.9 1665s
 353530 274302  296.00000  106   50  298.00000  290.82774  2.41%  78.9 1670s
 354704 275242  294.93016   94  107  298.00000  290.82847  2.41%  78.9 1675s
 355836 276111  293.46219   62  140  298.00000  290.82911  2.41%  78.9 1680s
 356929 276985  290.95239   56  268  298.00000  290.82980  2.41%  78.9 1685s
 358172 277960  290.85987   46  277  298.00000  290.83091  2.41%  78.8 1690s
 359307 278888  293.55312   67  108  298.00000  290.83185  2.41%  78.8 1695s
 360454 279829  292.32703   58  179  298.00000  290.83254  2.41%  78.8 1700s
 361539 280678  294.90343  104   64  298.00000  290.83294  2.41%  78.8 1705s
 362605 281525  291.79053   56  289  298.00000  290.83341  2.40%  78.8 1710s
 363635 282376  295.51352  101  136  298.00000  290.83374  2.40%  78.9 1715s
 364551 283088  293.34382   85   82  298.00000  290.83425  2.40%  78.9 1720s
 365735 284033  291.29764   68  283  298.00000  290.83480  2.40%  78.9 1725s
 366862 284908  296.74999  107   39  298.00000  290.83530  2.40%  78.9 1730s
 367893 285693  291.28252   66  262  298.00000  290.83578  2.40%  78.9 1735s
 369083 286636  290.97955   58  197  298.00000  290.83658  2.40%  78.8 1740s
 370215 287536  292.42021   80  210  298.00000  290.83718  2.40%  78.8 1745s
 371255 288378  293.36978   80  137  298.00000  290.83756  2.40%  78.9 1750s
 372225 289116  291.13848   52  236  298.00000  290.83843  2.40%  78.9 1755s
 373384 290058  291.66134   62  314  298.00000  290.83879  2.40%  78.9 1760s
 374479 290889  291.57324   55  214  298.00000  290.83922  2.40%  78.9 1765s
 375375 291589  293.15271   78  148  298.00000  290.84014  2.40%  78.9 1770s
 376244 292267  292.31688   80  197  298.00000  290.84086  2.40%  79.0 1775s
 377414 293213  292.00736   57  178  298.00000  290.84140  2.40%  78.9 1780s
 378620 294180  295.95893  117   67  298.00000  290.84207  2.40%  78.9 1785s
 379817 295121  292.18386   61  158  298.00000  290.84282  2.40%  78.9 1790s
 380991 296071  296.04962  106   79  298.00000  290.84335  2.40%  78.9 1795s
 382107 296978  294.48008  105  140  298.00000  290.84405  2.40%  78.9 1800s
 383286 297923  291.44169   65  284  298.00000  290.84511  2.40%  78.9 1805s
 384216 298696  296.51349  102  126  298.00000  290.84534  2.40%  78.9 1810s
 385363 299581  294.03710   77  105  298.00000  290.84572  2.40%  78.9 1815s
 386670 300549  291.21567   62  295  298.00000  290.84622  2.40%  78.9 1820s
 387709 301393  295.38010   88  112  298.00000  290.84675  2.40%  78.9 1825s
 388980 302440  296.05217  102   41  298.00000  290.84743  2.40%  78.8 1830s
 390021 303304  295.02428   67   92  298.00000  290.84811  2.40%  78.8 1835s
 391215 304152  294.75000   79   58  298.00000  290.84853  2.40%  78.8 1840s
 392314 305013  293.88827   80  119  298.00000  290.84909  2.40%  78.8 1845s
 393305 305734  291.67493   57  142  298.00000  290.84947  2.40%  78.8 1850s
 394397 306619  292.79746   62  204  298.00000  290.85008  2.40%  78.8 1855s
 395653 307621  296.26531   98   57  298.00000  290.85076  2.40%  78.8 1860s
 396741 308475  291.05921   56  250  298.00000  290.85131  2.40%  78.8 1865s
 397803 309300  296.01258  151   50  298.00000  290.85203  2.40%  78.8 1870s
 398800 310086  291.03452   57  298  298.00000  290.85284  2.40%  78.8 1875s
 399904 310959  293.40472   81  150  298.00000  290.85324  2.40%  78.8 1880s
 401125 311949  292.40994   72  194  298.00000  290.85391  2.40%  78.8 1885s
 402376 312915  291.29670   58  271  298.00000  290.85438  2.40%  78.8 1890s
 403423 313723  296.77782  112  106  298.00000  290.85524  2.40%  78.8 1895s
 404440 314508  293.96661   84  107  298.00000  290.85605  2.40%  78.8 1900s
 405657 315487  291.13832   57  301  298.00000  290.85645  2.40%  78.8 1905s
 406679 316314  291.46608   50  279  298.00000  290.85708  2.40%  78.8 1910s
 407858 317283  293.95841   93  127  298.00000  290.85744  2.40%  78.8 1915s
 408839 318038  291.58835   55  238  298.00000  290.85836  2.40%  78.8 1920s
 410018 318955  297.00000   95   44  298.00000  290.85893  2.40%  78.8 1925s
 410649 319466  290.96641   56  276  298.00000  290.85914  2.40%  78.8 1930s
 411761 320345  291.46321   57  308  298.00000  290.85966  2.40%  78.8 1935s
 412793 321211  295.67205  107   97  298.00000  290.85999  2.40%  78.8 1940s
 413900 322070  296.26923   96   90  298.00000  290.86071  2.40%  78.8 1945s
 413993 322139  296.36214  124   69  298.00000  290.86071  2.40%  78.8 1950s
 415007 322926  291.27189   57  276  298.00000  290.86127  2.40%  78.8 1955s
 416021 323723  290.92948   49  297  298.00000  290.86178  2.40%  78.8 1960s
 417147 324619  292.50146   86  195  298.00000  290.86225  2.40%  78.8 1965s
 418292 325559  292.66787   67  230  298.00000  290.86280  2.40%  78.8 1970s
 419419 326451  291.87719   60  215  298.00000  290.86337  2.39%  78.8 1975s
 420516 327336     cutoff  136       298.00000  290.86423  2.39%  78.8 1980s
 421629 328163     cutoff   85       298.00000  290.86466  2.39%  78.8 1985s
 422692 329033  291.82283   55  256  298.00000  290.86505  2.39%  78.9 1990s
 423889 329955  295.59316   83  138  298.00000  290.86571  2.39%  78.8 1995s
 424893 330735  291.48587   60  195  298.00000  290.86617  2.39%  78.9 2000s
 426075 331702  296.17903  110   61  298.00000  290.86663  2.39%  78.9 2005s
 427322 332717  293.96596   95  125  298.00000  290.86725  2.39%  78.8 2010s
 428484 333649  292.30154   73  227  298.00000  290.86813  2.39%  78.8 2015s
 429700 334604  291.85764   60  248  298.00000  290.86876  2.39%  78.8 2020s
 430788 335422  293.09645   64  138  298.00000  290.86928  2.39%  78.8 2025s
 431848 336241  293.37566   88  118  298.00000  290.86989  2.39%  78.8 2030s
 432888 337080  292.15027   58  185  298.00000  290.87031  2.39%  78.8 2035s
 433914 337880  291.04873   53  289  298.00000  290.87084  2.39%  78.9 2040s
 435046 338773  292.97961   76  181  298.00000  290.87158  2.39%  78.9 2045s
 436075 339580  293.81544   93  152  298.00000  290.87214  2.39%  78.9 2050s
 437243 340453  293.25975   87  153  298.00000  290.87270  2.39%  78.9 2055s
 438310 341311  292.66017   75  170  298.00000  290.87335  2.39%  78.9 2060s
 439502 342262  293.39197   83  168  298.00000  290.87369  2.39%  78.8 2065s
 440628 343155  294.00081   81   82  298.00000  290.87418  2.39%  78.8 2070s
 441825 344118  292.16622   67  225  298.00000  290.87485  2.39%  78.8 2075s
 442950 345009  292.19827   68  143  298.00000  290.87514  2.39%  78.8 2080s
 444027 345880 infeasible  117       298.00000  290.87547  2.39%  78.8 2085s
 445234 346830  291.39275   55  183  298.00000  290.87578  2.39%  78.8 2090s
 446431 347770  291.72167   59  197  298.00000  290.87641  2.39%  78.8 2095s
 447506 348657  292.23261   58  194  298.00000  290.87675  2.39%  78.8 2100s
 448532 349478  292.77626   78  150  298.00000  290.87715  2.39%  78.8 2105s
 449636 350346  296.65682  109   78  298.00000  290.87739  2.39%  78.8 2110s
 450590 351084  296.17866   94   61  298.00000  290.87782  2.39%  78.8 2115s
 451718 351968  293.87084   78  130  298.00000  290.87819  2.39%  78.8 2120s
 452707 352742  291.69477   56  255  298.00000  290.87859  2.39%  78.9 2125s
 453791 353584  291.19612   62  293  298.00000  290.87923  2.39%  78.9 2130s
 454770 354332  292.30388   67  205  298.00000  290.87969  2.39%  78.9 2135s
 455931 355274  291.23584   61  277  298.00000  290.88012  2.39%  78.9 2140s
 457043 356144  292.11413   58  227  298.00000  290.88063  2.39%  78.9 2145s
 458138 356965  291.40724   64  218  298.00000  290.88119  2.39%  78.9 2150s
 459169 357796  291.44749   57  270  298.00000  290.88168  2.39%  78.9 2155s
 460185 358604  292.91374   73  160  298.00000  290.88207  2.39%  78.9 2160s
 461330 359512  293.25000   77  105  298.00000  290.88244  2.39%  78.9 2165s
 462522 360468  291.33613   55  225  298.00000  290.88308  2.39%  78.9 2170s
 463708 361420  294.00000   83   81  298.00000  290.88363  2.39%  78.9 2175s
 464695 362182  294.55927   86  124  298.00000  290.88408  2.39%  78.9 2180s
 465744 363000  293.02143   77  190  298.00000  290.88462  2.39%  78.9 2185s
 466889 363927  293.63348   78   74  298.00000  290.88522  2.39%  78.9 2190s
 468096 364903  291.11262   53  251  298.00000  290.88557  2.39%  78.9 2195s
 469126 365693  292.03477   55  183  298.00000  290.88600  2.39%  78.9 2200s
 470185 366540  291.29645   56  257  298.00000  290.88675  2.39%  78.9 2205s
 471231 367351  292.55075   77  118  298.00000  290.88702  2.39%  78.9 2210s
 472262 368193  291.67211   62  271  298.00000  290.88746  2.39%  78.9 2215s
 473456 369182  295.59904  110   77  298.00000  290.88801  2.39%  78.9 2220s
 474732 370140  291.03602   60  286  298.00000  290.88856  2.39%  78.8 2225s
 475848 371032  291.17375   54  267  298.00000  290.88898  2.39%  78.8 2230s
 476873 371848  291.53588   64  231  298.00000  290.88954  2.39%  78.8 2235s
 477899 372672  291.80028   75  134  298.00000  290.88980  2.39%  78.9 2240s
 479034 373571  292.16825   61  211  298.00000  290.89047  2.39%  78.9 2245s
 480036 374357  293.66375   65  175  298.00000  290.89116  2.39%  78.9 2250s
 481043 375133  294.06677  101  143  298.00000  290.89144  2.39%  78.9 2255s
 482168 376039  292.66759   63  187  298.00000  290.89200  2.39%  78.9 2260s
 483227 376860  293.41995   74  147  298.00000  290.89260  2.39%  78.9 2265s
 484342 377708  292.97182   68  122  298.00000  290.89309  2.38%  78.9 2270s
 485371 378512  291.98127   68  203  298.00000  290.89348  2.38%  78.9 2275s
 486397 379357  295.02444  119   56  298.00000  290.89395  2.38%  78.9 2280s
 487441 380161  295.18747  108   92  298.00000  290.89433  2.38%  78.9 2285s
 488562 381046  295.58773  103   97  298.00000  290.89472  2.38%  78.9 2290s
 489696 381940  294.27917  112  170  298.00000  290.89518  2.38%  78.9 2295s
 490726 382684  291.80705   59  270  298.00000  290.89561  2.38%  78.9 2300s
 491803 383545  295.65092   72  120  298.00000  290.89625  2.38%  78.9 2305s
 492982 384479  291.46114   50  247  298.00000  290.89690  2.38%  78.9 2310s
 493961 385204  292.17934   65  198  298.00000  290.89726  2.38%  78.9 2315s
 495026 386034  293.09907   82  155  298.00000  290.89781  2.38%  78.9 2320s
 496118 386913  297.00000  108   33  298.00000  290.89829  2.38%  78.9 2325s
 497237 387787  291.46816   56  290  298.00000  290.89870  2.38%  78.9 2330s
 498260 388587  291.03951   60  259  298.00000  290.89910  2.38%  78.9 2335s
 499392 389521  293.96098   92   89  298.00000  290.89974  2.38%  78.9 2340s
 500426 390345  295.56333   84   80  298.00000  290.90033  2.38%  78.9 2345s
 501417 391103  297.00000  106   35  298.00000  290.90077  2.38%  78.9 2350s
 502692 392068  292.31323   61  197  298.00000  290.90124  2.38%  78.9 2355s
 503740 392878  296.09603   92   68  298.00000  290.90150  2.38%  78.9 2360s
 504781 393714  291.56513   66  308  298.00000  290.90186  2.38%  78.9 2365s
 505855 394541  293.25371   84  165  298.00000  290.90259  2.38%  78.9 2370s
 506462 395015  292.37410   86  204  298.00000  290.90277  2.38%  78.9 2375s
 507504 395827  292.22465   61  260  298.00000  290.90318  2.38%  78.9 2380s
 508920 396962  291.36284   43  312  298.00000  290.90393  2.38%  78.9 2385s
 509987 397816  294.78699  100  107  298.00000  290.90442  2.38%  78.9 2390s
 511013 398637  294.99999   94   60  298.00000  290.90479  2.38%  78.9 2395s
 512022 399386  292.87773   94  135  298.00000  290.90522  2.38%  78.9 2400s
 513249 400254  291.46189   53  253  298.00000  290.90592  2.38%  78.9 2405s
 514238 401026  292.48839   70  152  298.00000  290.90644  2.38%  78.9 2410s
 515471 401976  293.29913   84  136  298.00000  290.90693  2.38%  78.9 2415s
 516662 402926  296.00557  115   79  298.00000  290.90760  2.38%  78.9 2420s
 517924 403869  291.16125   59  317  298.00000  290.90841  2.38%  78.9 2425s
 519000 404674  294.14082   83  147  298.00000  290.90894  2.38%  78.9 2430s
 520067 405534  295.53822  102  109  298.00000  290.90941  2.38%  78.9 2435s
 521375 406588  291.85180   79  225  298.00000  290.90994  2.38%  78.9 2440s
 522674 407638  291.03613   58  245  298.00000  290.91045  2.38%  78.9 2445s
 523677 408426  291.66648   52  233  298.00000  290.91082  2.38%  78.9 2450s
 524727 409284  291.25830   65  257  298.00000  290.91158  2.38%  78.9 2455s
 525811 410107  293.91987   89   92  298.00000  290.91211  2.38%  78.9 2460s
 526928 411004     cutoff  131       298.00000  290.91280  2.38%  78.9 2465s
 528176 411989  293.36881   73  168  298.00000  290.91308  2.38%  78.9 2470s
 529444 412953  291.94071   55  253  298.00000  290.91360  2.38%  78.9 2475s
 530610 413917  291.66306   58  175  298.00000  290.91413  2.38%  78.9 2480s
 531737 414836  295.08402   92  103  298.00000  290.91461  2.38%  78.9 2485s
 533054 415823  292.35481   63  203  298.00000  290.91528  2.38%  78.8 2490s
 534320 416805  291.91465   69  123  298.00000  290.91557  2.38%  78.8 2495s
 535354 417649  291.41739   50  309  298.00000  290.91600  2.38%  78.8 2500s
 536403 418484  294.17568   95   78  298.00000  290.91628  2.38%  78.8 2505s
 537524 419380  290.95979   51  362  298.00000  290.91677  2.38%  78.8 2510s
 538573 420230  292.55567   66  184  298.00000  290.91724  2.38%  78.9 2515s
 539631 421071  292.60531   66  227  298.00000  290.91782  2.38%  78.9 2520s
 540706 421896  293.45770   69  146  298.00000  290.91855  2.38%  78.9 2525s
 541729 422693  291.23085   60  281  298.00000  290.91917  2.38%  78.9 2530s
 542742 423492  291.08207   55  273  298.00000  290.91980  2.38%  78.9 2535s
 543801 424368  291.14007   64  316  298.00000  290.92040  2.38%  78.9 2540s
 544866 425235  295.41674   96  101  298.00000  290.92098  2.38%  78.9 2545s
 546023 426165  291.14247   60  316  298.00000  290.92170  2.38%  78.9 2550s
 547057 427005  292.25081   62  189  298.00000  290.92185  2.38%  78.9 2555s
 548244 427891  297.00000  128   44  298.00000  290.92238  2.38%  78.8 2560s
 549255 428693  291.49873   66  335  298.00000  290.92275  2.37%  78.9 2565s
 550256 429496  291.90091   60  228  298.00000  290.92312  2.37%  78.9 2570s
 551362 430369  291.94802   65  220  298.00000  290.92364  2.37%  78.8 2575s
 552240 431007  291.36988   65  158  298.00000  290.92382  2.37%  78.8 2580s
 553296 431837  291.40962   61  244  298.00000  290.92421  2.37%  78.8 2585s
 554643 432917  292.16380   77  117  298.00000  290.92460  2.37%  78.8 2590s
 555803 433832  293.34372   94  142  298.00000  290.92512  2.37%  78.8 2595s
 556921 434691  292.03764   76  199  298.00000  290.92558  2.37%  78.8 2600s
 557808 435401     cutoff   95       298.00000  290.92596  2.37%  78.8 2605s
 558827 436205  296.24843   92   64  298.00000  290.92661  2.37%  78.8 2610s
 559948 437067  291.37504   54  245  298.00000  290.92718  2.37%  78.8 2615s
 560980 437877  291.25832   60  288  298.00000  290.92758  2.37%  78.8 2620s
 561986 438661  292.03028   77  196  298.00000  290.92796  2.37%  78.9 2625s
 563002 439460  295.66313   98   91  298.00000  290.92837  2.37%  78.9 2630s
 564202 440414  296.00014   90  113  298.00000  290.92875  2.37%  78.8 2635s
 565137 441159  292.22574   83  138  298.00000  290.92938  2.37%  78.9 2640s
 566153 441907  291.80336   52  245  298.00000  290.92984  2.37%  78.9 2645s
 567210 442699  292.88331   74  113  298.00000  290.93011  2.37%  78.9 2650s
 568339 443584  291.25930   54  293  298.00000  290.93064  2.37%  78.9 2655s
 569407 444407  293.60183   90  107  298.00000  290.93111  2.37%  78.9 2660s
 570493 445301  290.98527   55  305  298.00000  290.93179  2.37%  78.8 2665s
 571530 446138  291.66382   58  278  298.00000  290.93228  2.37%  78.9 2670s
 572690 447073  295.36692  117   98  298.00000  290.93263  2.37%  78.8 2675s
 573800 447970  292.15209   62  162  298.00000  290.93317  2.37%  78.8 2680s
 574753 448683  294.08981   87  102  298.00000  290.93348  2.37%  78.8 2685s
 575827 449514  291.68763   62  218  298.00000  290.93376  2.37%  78.8 2690s
 576862 450295  292.24601   70  189  298.00000  290.93412  2.37%  78.8 2695s
 577933 451188  291.24158   49  240  298.00000  290.93450  2.37%  78.9 2700s
 578904 451936  292.21139   74  188  298.00000  290.93496  2.37%  78.9 2705s
 579964 452803  293.48599   80   90  298.00000  290.93541  2.37%  78.9 2710s
 580970 453612  296.11370  126   90  298.00000  290.93584  2.37%  78.9 2715s
 582031 454482  295.84393  116  111  298.00000  290.93630  2.37%  78.9 2720s
 583090 455313  296.25000   80   65  298.00000  290.93678  2.37%  78.9 2725s
 584260 456222  291.14281   59  296  298.00000  290.93728  2.37%  78.9 2730s
 585157 456916  291.23097   58  284  298.00000  290.93749  2.37%  78.9 2735s
 586210 457694  291.09414   52  320  298.00000  290.93797  2.37%  78.9 2740s
 587259 458507  291.47574   59  259  298.00000  290.93860  2.37%  78.9 2745s
 588343 459339  296.08937  132   26  298.00000  290.93890  2.37%  78.9 2750s
 589297 460107  291.60520   61  207  298.00000  290.93917  2.37%  78.9 2762s
 589762 460482  294.13523   67  150  298.00000  290.93940  2.37%  78.9 2765s
 590741 461292  296.14320  129   65  298.00000  290.94006  2.37%  78.9 2770s
 591706 462034 infeasible   97       298.00000  290.94059  2.37%  78.9 2775s
 592582 462712  291.51712   56  182  298.00000  290.94095  2.37%  78.9 2780s
 593622 463492  295.56372   92  135  298.00000  290.94148  2.37%  78.9 2785s
 594494 464165  291.36662   63  259  298.00000  290.94178  2.37%  78.9 2790s
 595606 465051     cutoff  109       298.00000  290.94225  2.37%  78.9 2795s
 596745 465972     cutoff   87       298.00000  290.94287  2.37%  78.9 2800s
 597846 466832  296.43976  111  137  298.00000  290.94330  2.37%  78.9 2805s
 599212 467921  291.96987   54  377  298.00000  290.94358  2.37%  78.9 2810s
 600289 468727  291.35539   54  318  298.00000  290.94404  2.37%  78.9 2815s
 601347 469547     cutoff  110       298.00000  290.94452  2.37%  78.9 2820s
 602245 470283  291.46595   60  239  298.00000  290.94508  2.37%  78.9 2825s
 603182 471059  295.31463  108   67  298.00000  290.94543  2.37%  78.9 2830s
 604240 471863  292.18752   62  263  298.00000  290.94594  2.37%  78.9 2835s
 605458 472829  295.40756   93  127  298.00000  290.94630  2.37%  78.9 2840s
 606476 473629  294.29725   67  151  298.00000  290.94652  2.37%  78.9 2845s
 607556 474468  292.22222   71  199  298.00000  290.94685  2.37%  78.9 2850s
 608552 475290  297.00000  146   10  298.00000  290.94707  2.37%  78.9 2855s
 609715 476215  292.71279   82  168  298.00000  290.94742  2.37%  78.9 2860s
 610854 477080  291.95112   65  169  298.00000  290.94803  2.37%  78.9 2865s
 611956 477972  294.90366   93  131  298.00000  290.94846  2.37%  78.9 2870s
 613076 478846  291.60797   67  214  298.00000  290.94883  2.37%  78.9 2875s
 614197 479739  291.43367   55  297  298.00000  290.94919  2.37%  78.9 2880s
 615158 480463  291.77248   71  235  298.00000  290.94982  2.37%  78.9 2885s
 616268 481330  292.60790   65  192  298.00000  290.95021  2.37%  78.9 2890s
 617289 482156  293.99628   58   90  298.00000  290.95066  2.37%  78.9 2895s
 618349 482984  294.63126   99  151  298.00000  290.95118  2.37%  78.9 2900s
 619438 483851  291.62877   52  266  298.00000  290.95161  2.37%  78.9 2905s
 620503 484697  291.52703   61  297  298.00000  290.95198  2.37%  78.9 2910s
 621632 485632  296.00000  107   73  298.00000  290.95245  2.36%  78.9 2915s
 622503 486321     cutoff  111       298.00000  290.95293  2.36%  79.0 2920s
 623520 487097  291.52074   59  200  298.00000  290.95334  2.36%  79.0 2925s
 624624 487991  291.32010   52  303  298.00000  290.95368  2.36%  79.0 2930s
 625770 488918  293.36276   89   91  298.00000  290.95413  2.36%  79.0 2935s
 626944 489818  291.44270   59  300  298.00000  290.95458  2.36%  79.0 2940s
 627902 490596  293.70592   72  105  298.00000  290.95495  2.36%  79.0 2945s
 629054 491540  291.46363   61  316  298.00000  290.95524  2.36%  79.0 2950s
 630226 492441  291.56095   60  258  298.00000  290.95570  2.36%  79.0 2955s
 631293 493248  292.68290   69  195  298.00000  290.95598  2.36%  78.9 2960s
 632430 494145  291.82287   59  261  298.00000  290.95659  2.36%  78.9 2965s
 633413 494920  291.37431   60  228  298.00000  290.95709  2.36%  78.9 2970s
 634661 495936  291.23241   55  237  298.00000  290.95770  2.36%  78.9 2975s
 635769 496867  296.00000   82   52  298.00000  290.95794  2.36%  78.9 2980s
 636802 497626  293.22929   76  150  298.00000  290.95831  2.36%  78.9 2985s
 637861 498445  292.52486   59  201  298.00000  290.95864  2.36%  78.9 2990s
 638938 499271  291.60795   56  321  298.00000  290.95896  2.36%  78.9 2995s
 640066 500152  291.93205   57  170  298.00000  290.95930  2.36%  78.9 3000s
 641287 501155  295.49206  111   66  298.00000  290.95963  2.36%  78.9 3005s
 642301 501940  292.03877   65  174  298.00000  290.95988  2.36%  78.9 3010s
 643351 502758  296.09244  101   83  298.00000  290.96026  2.36%  78.9 3015s
 644602 503736  291.38465   63  296  298.00000  290.96098  2.36%  78.9 3020s
 645676 504568  291.91818   61  290  298.00000  290.96138  2.36%  78.9 3025s
 646760 505377  291.85114   61  221  298.00000  290.96176  2.36%  78.9 3030s
 647870 506258  291.49007   68  236  298.00000  290.96224  2.36%  78.9 3035s
 648797 506989  293.18655   77  129  298.00000  290.96257  2.36%  78.9 3040s
 649866 507805  291.60363   55  234  298.00000  290.96313  2.36%  78.9 3045s
 650968 508643  291.57930   58  268  298.00000  290.96330  2.36%  78.9 3050s
 651980 509431  292.29064   68  160  298.00000  290.96378  2.36%  78.9 3055s
 652965 510211  296.52004  115  121  298.00000  290.96414  2.36%  78.9 3060s
 654057 511059  292.82341   64  155  298.00000  290.96447  2.36%  78.9 3065s
 655220 511962  291.31674   61  253  298.00000  290.96496  2.36%  78.9 3070s
 656309 512841  292.90115   69  157  298.00000  290.96534  2.36%  78.9 3075s
 657354 513642  296.00000  155   61  298.00000  290.96571  2.36%  78.9 3080s
 658520 514588  295.59822  105   95  298.00000  290.96602  2.36%  78.9 3085s
 659665 515480  296.00013  101   66  298.00000  290.96669  2.36%  78.9 3090s
 660689 516287  291.42241   54  185  298.00000  290.96706  2.36%  78.9 3095s
 661806 517187  297.00000  125   45  298.00000  290.96742  2.36%  78.9 3100s
 662796 517990  296.76246  116   73  298.00000  290.96764  2.36%  78.9 3105s
 663710 518706  291.43869   58  232  298.00000  290.96796  2.36%  78.9 3110s
 664899 519589  294.10624  109  107  298.00000  290.96832  2.36%  78.9 3115s
 666076 520531  292.04241   66  237  298.00000  290.96882  2.36%  78.9 3120s
 667274 521517  291.32501   58  283  298.00000  290.96914  2.36%  78.9 3125s
 668473 522446     cutoff  106       298.00000  290.96957  2.36%  78.9 3130s
 669578 523324  294.28524   81  123  298.00000  290.96986  2.36%  78.9 3135s
 670608 524156  297.00000  124   49  298.00000  290.97024  2.36%  78.9 3140s
 671768 525024  292.17063   65  243  298.00000  290.97075  2.36%  78.9 3145s
 672876 525876  293.22754   87  233  298.00000  290.97116  2.36%  78.9 3150s
 673852 526645  291.97806   58  216  298.00000  290.97143  2.36%  78.9 3155s
 674825 527422  294.83576   95  104  298.00000  290.97176  2.36%  78.9 3160s
 675954 528361  292.68811   73  232  298.00000  290.97222  2.36%  78.9 3165s
 677245 529386  291.46315   69  238  298.00000  290.97255  2.36%  78.9 3170s
 678354 530234  296.09487  137   55  298.00000  290.97281  2.36%  78.9 3175s
 679460 531122  297.00000  115   50  298.00000  290.97337  2.36%  78.9 3180s
 680478 531935  291.64021   55  216  298.00000  290.97396  2.36%  78.9 3185s
 681663 532863  291.18619   56  284  298.00000  290.97428  2.36%  78.9 3190s
 682733 533709  291.60291   51  346  298.00000  290.97457  2.36%  78.9 3195s
 683724 534522  295.38270  115   91  298.00000  290.97479  2.36%  78.9 3200s
 684800 535377  292.36764   58  168  298.00000  290.97504  2.36%  78.9 3205s
 685941 536236  291.65383   68  210  298.00000  290.97538  2.36%  78.9 3210s
 686866 537000  293.80688   71  139  298.00000  290.97590  2.36%  78.9 3215s
 687925 537843  292.27097   64  203  298.00000  290.97621  2.36%  78.9 3220s
 689020 538731  292.85323   70  190  298.00000  290.97666  2.36%  78.9 3225s
 690084 539582  297.00000  106   54  298.00000  290.97704  2.36%  78.9 3230s
 691371 540568  291.56925   56  273  298.00000  290.97760  2.36%  78.9 3235s
 692478 541447  291.13877   54  307  298.00000  290.97806  2.36%  78.9 3240s
 693491 542236  292.06464   59  191  298.00000  290.97825  2.36%  78.9 3245s
 694686 543226  296.08206  104   87  298.00000  290.97856  2.36%  78.9 3250s
 695960 544201  294.47812   70  135  298.00000  290.97907  2.36%  78.8 3255s
 697245 545216  293.51822   75  139  298.00000  290.97947  2.36%  78.8 3260s
 698358 546098  291.69028   62  186  298.00000  290.97992  2.36%  78.8 3265s
 699446 546966  295.84285  103  103  298.00000  290.98029  2.36%  78.8 3270s
 700483 547817  292.94088   82  186  298.00000  290.98060  2.36%  78.8 3275s
 701468 548589  295.00000   86   55  298.00000  290.98094  2.36%  78.8 3280s
 702502 549411  294.12792   85  113  298.00000  290.98142  2.36%  78.8 3285s
 703566 550264  292.47209   67  141  298.00000  290.98172  2.36%  78.8 3290s
 704730 551179  295.04649  121   54  298.00000  290.98202  2.36%  78.8 3295s
 705655 551917  294.26826   92  160  298.00000  290.98230  2.35%  78.8 3300s
 706765 552774  291.75490   50  270  298.00000  290.98262  2.35%  78.8 3305s
 707911 553684  291.73489   59  209  298.00000  290.98283  2.35%  78.8 3310s
 709074 554628  293.66667   76   67  298.00000  290.98331  2.35%  78.8 3315s
 710161 555469  297.00000  151   61  298.00000  290.98375  2.35%  78.8 3320s
 711226 556319  297.00000  109   40  298.00000  290.98403  2.35%  78.8 3325s
 712358 557204  291.48155   65  343  298.00000  290.98444  2.35%  78.8 3330s
 713422 557988  292.08983   52  315  298.00000  290.98485  2.35%  78.8 3335s
 714354 558750  293.57042   84  181  298.00000  290.98518  2.35%  78.8 3340s
 715469 559654  295.61791   90   74  298.00000  290.98550  2.35%  78.8 3345s
 716547 560523  293.66235   81  180  298.00000  290.98587  2.35%  78.8 3350s
 717544 561307  291.97908   66  271  298.00000  290.98626  2.35%  78.8 3355s
 718485 562055  296.65448   84   99  298.00000  290.98664  2.35%  78.8 3360s
 719563 562907  294.51613   66   91  298.00000  290.98692  2.35%  78.8 3365s
 720590 563729  293.04501   71  114  298.00000  290.98733  2.35%  78.8 3370s
 721682 564619  291.44871   59  248  298.00000  290.98761  2.35%  78.8 3375s
 722727 565457  291.56879   53  293  298.00000  290.98794  2.35%  78.8 3380s
 723722 566238  292.33960   57  185  298.00000  290.98837  2.35%  78.8 3385s
 724860 567130  291.27631   47  187  298.00000  290.98873  2.35%  78.8 3390s
 725841 567898  291.42095   50  276  298.00000  290.98930  2.35%  78.8 3395s
 727055 568814  292.49543   54  193  298.00000  290.98977  2.35%  78.8 3400s
 728107 569666  294.04912  101  146  298.00000  290.99023  2.35%  78.8 3405s
 729181 570504  292.74220   68  186  298.00000  290.99049  2.35%  78.8 3410s
 730286 571393  292.05627   56  244  298.00000  290.99082  2.35%  78.8 3415s
 731321 572227  292.00382   66  268  298.00000  290.99113  2.35%  78.8 3420s
 732462 573134  292.62212   75  167  298.00000  290.99148  2.35%  78.8 3425s
 733543 574011  291.85834   73  235  298.00000  290.99188  2.35%  78.8 3430s
 734572 574831  291.66219   66  223  298.00000  290.99235  2.35%  78.8 3435s
 735474 575566  292.89215   86  205  298.00000  290.99257  2.35%  78.8 3440s
 736658 576507  291.72058   62  269  298.00000  290.99294  2.35%  78.8 3445s
 737775 577333     cutoff  109       298.00000  290.99324  2.35%  78.8 3450s
 738811 578171  291.37574   51  330  298.00000  290.99371  2.35%  78.8 3455s
 739858 578995  293.43084   74  147  298.00000  290.99386  2.35%  78.8 3460s
 740958 579787  291.12495   52  269  298.00000  290.99417  2.35%  78.8 3465s
 742011 580599  292.22417   56  145  298.00000  290.99442  2.35%  78.8 3470s
 743181 581531  292.70308   60  181  298.00000  290.99472  2.35%  78.8 3475s
 744260 582379  293.24326   74  117  298.00000  290.99517  2.35%  78.8 3480s
 745283 583227  295.66307  112   77  298.00000  290.99545  2.35%  78.8 3485s
 746429 584139  291.50703   55  253  298.00000  290.99577  2.35%  78.8 3490s
 747376 584852  292.34925   77  179  298.00000  290.99605  2.35%  78.8 3495s
 748519 585734  291.82002   54  199  298.00000  290.99634  2.35%  78.8 3500s
 749633 586647  296.50000  109   28  298.00000  290.99692  2.35%  78.8 3505s
 750559 587344  294.08777   75  118  298.00000  290.99742  2.35%  78.8 3510s
 751609 588125  291.81519   59  232  298.00000  290.99782  2.35%  78.8 3515s
 752635 588961  296.26850  113   85  298.00000  290.99835  2.35%  78.8 3520s
 753550 589669  292.09392   66  230  298.00000  290.99879  2.35%  78.8 3525s
 754699 590601  292.11094   67  177  298.00000  290.99908  2.35%  78.8 3530s
 755767 591428  291.82401   67  210  298.00000  290.99943  2.35%  78.8 3535s
 756868 592340  294.11173   94  138  298.00000  290.99965  2.35%  78.8 3540s
 757882 593097  291.70933   61  274  298.00000  290.99997  2.35%  78.8 3545s
 758786 593814  294.81330   90  143  298.00000  291.00025  2.35%  78.8 3550s
 759675 594506  291.57716   55  336  298.00000  291.00044  2.35%  78.9 3555s
 760551 595157  291.87889   67  197  298.00000  291.00083  2.35%  78.9 3560s
 761512 595845  293.10436   69  123  298.00000  291.00111  2.35%  78.9 3565s
 762361 596525  291.82233   55  236  298.00000  291.00138  2.35%  78.9 3570s
 763328 597256  294.22210   89  112  298.00000  291.00172  2.35%  78.9 3575s
 764369 598095  292.45448   73  173  298.00000  291.00193  2.35%  78.9 3580s
 765448 598940  291.49986   57  315  298.00000  291.00222  2.35%  78.9 3585s
 766393 599717  292.57242   70  190  298.00000  291.00258  2.35%  78.9 3590s
 767346 600443  291.60328   60  201  298.00000  291.00287  2.35%  78.9 3595s

Cutting planes:
  Learned: 1
  Gomory: 31
  Cover: 445
  Implied bound: 144
  MIR: 694
  Mixing: 54
  StrongCG: 41
  Flow cover: 1568
  GUB cover: 43
  Inf proof: 42
  Zero half: 32
  RLT: 63
  Relax-and-lift: 89
  BQP: 13

Explored 768433 nodes (60649965 simplex iterations) in 3599.96 seconds (3507.00 work units)
Thread count was 1 (of 16 available processors)

Solution count 9: 298 298 299 ... 384

Time limit reached
Best objective 2.980000000000e+02, best bound 2.920000000000e+02, gap 2.0134%

User-callback calls 2481887, time in user-callback 1.81 sec

 sepatime0
Stat(MathOptInterface.TIME_LIMIT, 298.0, 292.0, 0.020134228187919462, 0.0, 0.045436, 3599.9562339782715, 768433, Main.CFLG.LEFPV2, "", #undef)
