Data path: /scratch/opt/lxu/CFLG/benchmarks/random_A
Instance: r_15_0.3_25.txt
Result path: /scratch/opt/lxu/CFLG/results/random_A
Solver: Gurobi
Time limit: 3600
Formulation: EFP
Cover: Small
julia --project=. src/main.jl /scratch/opt/lxu/CFLG/benchmarks/random_A r_15_0.3_25.txt /scratch/opt/lxu/CFLG/results/random_A Gurobi 3600 EFP Small
The latest version of Julia in the `release` channel is 1.11.5+0.x64.linux.gnu. You currently have `1.11.4+0.x64.linux.gnu` installed. Run:

  juliaup update

in your terminal shell to install Julia 1.11.5+0.x64.linux.gnu and update the `release` channel to that version.
/scratch/opt/lxu/CFLG/benchmarks/random_A Gurobi 3600.0 /scratch/opt/lxu/CFLG/results/random_A r_15_0.3_25.txt EFP Small
/scratch/opt/lxu/CFLG/benchmarks/random_A/r_15_0.3_25.txt

 read graph
data loaded


after absorb:10 15

max_piece:12
problem_graph/original graph: node: 74/15 edge: 84/25 dlt: 0.20070015003345412 break_avg_len: 0.1810066288180503 break_max_len: 0.2004177259325231elapsed CPU time: 0.047195 seconds
Set parameter TokenServer to value "solice01.zib.de"
Set parameter Threads to value 1
Set parameter OutputFlag to value 1
Set parameter MIPGap to value 0.0001
Set parameter MIPGapAbs to value 1
Set parameter TimeLimit to value 3599.952805

 more cuts:false
formulation:EFP0 84 74

 model loaded

Gurobi Optimizer version 12.0.1 build v12.0.1rc0 (linux64 - "Debian GNU/Linux 12 (bookworm)")

CPU model: Intel(R) Xeon(R) Gold 5122 CPU @ 3.60GHz, instruction set [SSE2|AVX|AVX2|AVX512]
Thread count: 8 physical cores, 16 logical processors, using up to 1 threads

Non-default parameters:
TimeLimit  3599.952805
MIPGapAbs  1
Threads  1

Optimize a model with 1746 rows, 1162 columns and 4784 nonzeros
Model fingerprint: 0xc461c241
Variable types: 326 continuous, 836 integer (836 binary)
Coefficient statistics:
  Matrix range     [6e-02, 1e+00]
  Objective range  [1e+00, 1e+00]
  Bounds range     [1e-01, 4e-01]
  RHS range        [1e-01, 5e+00]
Found heuristic solution: objective 84.0000000
Presolve removed 617 rows and 383 columns
Presolve time: 0.06s
Presolved: 1129 rows, 779 columns, 5361 nonzeros
Variable types: 158 continuous, 621 integer (621 binary)

Root relaxation: objective 1.323545e+01, 894 iterations, 0.02 seconds (0.02 work units)

    Nodes    |    Current Node    |     Objective Bounds      |     Work
 Expl Unexpl |  Obj  Depth IntInf | Incumbent    BestBd   Gap | It/Node Time

     0     0   13.23545    0  459   84.00000   13.23545  84.2%     -    0s
H    0     0                      46.0000000   13.23545  71.2%     -    0s
H    0     0                      43.0000000   13.23545  69.2%     -    0s
H    0     0                      42.0000000   13.23545  68.5%     -    0s
     0     0   16.28757    0  448   42.00000   16.28757  61.2%     -    0s
     0     0   16.33024    0  443   42.00000   16.33024  61.1%     -    0s
     0     0   16.33043    0  444   42.00000   16.33043  61.1%     -    0s
     0     0   21.75696    0  303   42.00000   21.75696  48.2%     -    0s
     0     0   21.76718    0  303   42.00000   21.76718  48.2%     -    0s
     0     0   23.63507    0  247   42.00000   23.63507  43.7%     -    0s
H    0     0                      41.0000000   23.63566  42.4%     -    0s
H    0     0                      40.0000000   23.63566  40.9%     -    0s
     0     0   23.69188    0  246   40.00000   23.69188  40.8%     -    0s
     0     0   23.70008    0  251   40.00000   23.70008  40.7%     -    0s
     0     0   25.50000    0  226   40.00000   25.50000  36.2%     -    0s
H    0     0                      39.0000000   25.50000  34.6%     -    0s
     0     0   25.50000    0  229   39.00000   25.50000  34.6%     -    0s
     0     0   25.50000    0  216   39.00000   25.50000  34.6%     -    0s
H    0     0                      38.0000000   25.50000  32.9%     -    0s
     0     0   25.50000    0  209   38.00000   25.50000  32.9%     -    0s
     0     0   25.50000    0  171   38.00000   25.50000  32.9%     -    0s
     0     0   25.50000    0  163   38.00000   25.50000  32.9%     -    0s
     0     0   25.50000    0  164   38.00000   25.50000  32.9%     -    0s
     0     0   25.50000    0  164   38.00000   25.50000  32.9%     -    0s
     0     2   26.00000    0  164   38.00000   26.00000  31.6%     -    0s
H   27    26                      36.0000000   26.50000  26.4%  47.9    0s
H   79    70                      35.0000000   26.50000  24.3%  30.0    0s
H  424   292                      34.0000000   27.00000  20.6%  22.6    1s
  1482   901   32.64261   64   92   34.00000   27.00000  20.6%  36.4    5s
  3038  1966   27.21904   23  200   34.00000   27.03226  20.5%  37.8   10s
  5101  3511   29.19444   34  133   34.00000   27.17877  20.1%  40.0   15s
  7516  5301   29.20438   26  153   34.00000   27.45226  19.3%  42.2   20s
 10081  7131   29.51230   29  179   34.00000   27.71965  18.5%  42.3   25s
 10205  7221   30.07057   33  454   34.00000   27.71965  18.5%  42.4   30s
 10494  7385   33.00000   65   52   34.00000   29.00000  14.7%  44.5   35s
 12145  8104   30.82682   53  104   34.00000   29.00125  14.7%  44.0   40s
 14623  9027   30.65155   48  150   34.00000   29.00430  14.7%  43.0   45s
 17073  9878   29.56035   33  209   34.00000   29.13384  14.3%  42.6   50s
 19168 10488   30.01923   34  165   34.00000   29.21008  14.1%  42.4   55s
 21995 11334   29.67887   34  219   34.00000   29.33333  13.7%  41.7   60s
 24815 12227   29.52001   38  218   34.00000   29.43706  13.4%  41.2   65s
 27717 13055   29.93454   36  194   34.00000   29.49451  13.3%  40.8   70s
 30663 13875   32.51271   47  124   34.00000   29.54294  13.1%  40.3   75s
 33106 14932   32.34276   54   94   34.00000   29.61215  12.9%  40.1   80s
 35741 16537   31.00000   41  131   34.00000   29.68012  12.7%  39.8   85s
 38791 18497   32.07836   58   97   34.00000   29.72319  12.6%  39.4   90s
 41646 20174   30.40782   36  206   34.00000   29.79632  12.4%  39.3   95s
 44331 21784   32.00000   54  119   34.00000   29.86572  12.2%  39.0  100s
 47331 23467   32.16699   47  115   34.00000   29.94671  11.9%  38.9  105s
 50622 25546   29.98018   42  187   34.00000   29.97664  11.8%  38.4  110s
 53645 27386   33.00000   54  102   34.00000   30.00000  11.8%  38.3  115s
 56379 28938   32.00000   51   85   34.00000   30.00430  11.8%  38.3  120s
 59606 30927   32.43259   57   88   34.00000   30.00430  11.8%  38.1  125s
 62876 32967   31.07692   44  110   34.00000   30.01923  11.7%  37.9  130s
 65865 34889     cutoff   68        34.00000   30.01923  11.7%  37.6  135s
 68982 36911   31.08594   43  136   34.00000   30.01923  11.7%  37.4  140s
 71930 38763   31.56343   47  129   34.00000   30.01923  11.7%  37.4  145s
 74852 40562     cutoff   55        34.00000   30.01923  11.7%  37.3  150s
 77658 42263   31.32138   45  162   34.00000   30.01923  11.7%  37.3  155s
 80562 44097     cutoff   60        34.00000   30.01923  11.7%  37.2  160s
 83828 46109   32.92122   62   86   34.00000   30.01923  11.7%  37.0  165s
 86569 47749   33.00000   66   74   34.00000   30.01923  11.7%  36.9  170s
 89583 49616   30.13328   40  144   34.00000   30.01923  11.7%  36.8  175s
 92469 51422   30.26464   37  184   34.00000   30.01923  11.7%  36.7  180s
 95490 53337   32.77752   66   56   34.00000   30.01923  11.7%  36.6  185s
 98524 55193   30.02542   43  186   34.00000   30.01923  11.7%  36.5  190s
 101513 57112   31.58487   47  165   34.00000   30.01979  11.7%  36.5  195s
 104141 58773   31.00000   49  132   34.00000   30.02564  11.7%  36.4  200s
 107320 60725   30.86725   37  192   34.00000   30.03050  11.7%  36.3  205s
 110367 62498   32.09853   50  133   34.00000   30.04192  11.6%  36.2  210s
 113443 64249   30.70943   43  152   34.00000   30.06391  11.6%  36.1  215s
 116342 65911   31.00000   44  107   34.00000   30.07692  11.5%  36.0  220s
 119297 67763   31.00000   54  115   34.00000   30.07692  11.5%  35.9  225s
 122348 69640   30.11111   42  141   34.00000   30.07692  11.5%  35.9  230s
 125191 71367   30.29910   52  166   34.00000   30.07692  11.5%  35.8  235s
 127991 73010   31.00000   45  137   34.00000   30.07692  11.5%  35.8  240s
 130671 74591   33.00000   58   89   34.00000   30.07948  11.5%  35.9  245s
 133865 76588   30.90937   46  161   34.00000   30.08465  11.5%  35.7  250s
 136507 78160     cutoff   65        34.00000   30.09901  11.5%  35.7  255s
 139703 80128   32.98908   59   72   34.00000   30.10000  11.5%  35.7  260s
 142697 81832   33.00000   51   88   34.00000   30.10000  11.5%  35.7  265s
 145847 83705   32.38477   56  120   34.00000   30.10000  11.5%  35.7  270s
 148782 85445   31.27162   42  201   34.00000   30.10907  11.4%  35.7  275s
 152056 87475   30.20000   40  165   34.00000   30.11111  11.4%  35.5  280s
 155166 89312   30.56024   37  242   34.00000   30.12170  11.4%  35.5  285s
 158054 91006   33.00000   62  103   34.00000   30.13214  11.4%  35.5  290s
 160818 92569   30.28953   42  192   34.00000   30.14396  11.3%  35.5  295s
 163490 94021   31.88582   49  137   34.00000   30.15604  11.3%  35.4  300s
 166363 95626   30.22222   44  122   34.00000   30.16667  11.3%  35.4  305s
 168853 97165   30.83786   40  159   34.00000   30.17128  11.3%  35.3  310s
 171672 98750   31.03252   44  139   34.00000   30.18015  11.2%  35.3  315s
 174417 100313   32.34130   51  112   34.00000   30.19037  11.2%  35.3  320s
 177168 101887   33.00000   56   60   34.00000   30.20000  11.2%  35.3  325s
 180013 103493   31.64958   42  198   34.00000   30.21201  11.1%  35.3  330s
 182292 104850   31.76637   48  107   34.00000   30.21503  11.1%  35.4  335s
 184985 106440   30.81800   43  165   34.00000   30.21514  11.1%  35.4  340s
 187864 108062   32.95741   48   93   34.00000   30.22291  11.1%  35.3  345s
 190641 109593   32.35579   44  115   34.00000   30.23763  11.1%  35.3  350s
 193149 110916   30.48154   38  200   34.00000   30.24929  11.0%  35.4  355s
 196014 112476   30.51095   40  182   34.00000   30.26136  11.0%  35.4  360s
 198638 114018   33.00000   60   56   34.00000   30.26464  11.0%  35.4  365s
 201596 115699 infeasible   60        34.00000   30.26923  11.0%  35.4  370s
 203806 116777   32.07836   54   66   34.00000   30.27630  11.0%  35.4  375s
 206385 118274   32.23241   44  141   34.00000   30.28126  10.9%  35.5  380s
 209082 119776   31.78696   53  147   34.00000   30.29578  10.9%  35.5  385s
 212090 121426   31.33962   52  116   34.00000   30.30784  10.9%  35.4  390s
 215048 123112   31.89957   50  102   34.00000   30.31977  10.8%  35.4  395s
 217722 124483   31.45398   49  225   34.00000   30.33002  10.8%  35.4  400s
 220666 126110   30.57287   43  171   34.00000   30.33333  10.8%  35.4  405s
 223576 127762   33.00000   54   77   34.00000   30.33688  10.8%  35.4  410s
 225901 129070   31.83936   49  145   34.00000   30.34426  10.8%  35.4  415s
 228676 130667   30.42267   43  174   34.00000   30.34585  10.7%  35.4  420s
 231437 132216   30.41575   39  192   34.00000   30.35256  10.7%  35.4  425s
 234309 133748   30.75536   36  145   34.00000   30.35256  10.7%  35.4  430s
 236863 135107   31.14144   46  141   34.00000   30.35475  10.7%  35.4  435s
 239798 136724   30.86481   40  169   34.00000   30.36457  10.7%  35.4  440s
 242703 138258   32.25091   50  155   34.00000   30.37402  10.7%  35.4  445s
 245382 139708   32.99756   52  120   34.00000   30.37665  10.7%  35.4  450s
 248284 141197   32.95741   55   94   34.00000   30.38499  10.6%  35.4  455s
 251105 142717   32.97852   62   98   34.00000   30.39533  10.6%  35.4  460s
 253198 143799   32.38823   51  130   34.00000   30.40162  10.6%  35.3  465s
 255955 145319   31.57213   43  180   34.00000   30.40900  10.6%  35.3  470s
 258530 146657   32.95284   59   60   34.00000   30.41736  10.5%  35.4  475s
 261235 148092   31.12026   46  151   34.00000   30.42262  10.5%  35.3  480s
 264157 149674   31.99529   38  171   34.00000   30.42777  10.5%  35.3  485s
 266871 151069   32.10695   51  113   34.00000   30.43484  10.5%  35.3  490s
 269698 152570   32.86596   59   82   34.00000   30.44307  10.5%  35.4  495s
 272202 153918   32.02186   57   96   34.00000   30.44861  10.4%  35.3  500s
 275113 155411   31.04025   43  150   34.00000   30.45613  10.4%  35.3  505s
 278096 157097   32.75085   56  173   34.00000   30.45906  10.4%  35.3  510s
 280247 158203   30.52300   44  164   34.00000   30.46529  10.4%  35.3  515s
 283142 159694   32.84045   48  118   34.00000   30.47085  10.4%  35.3  520s
 286243 161339   33.00000   77   47   34.00000   30.47743  10.4%  35.3  525s
 289133 162832   32.45661   57  120   34.00000   30.48435  10.3%  35.2  530s
 291638 164087   30.63592   45  187   34.00000   30.48870  10.3%  35.3  535s
 294349 165529   32.96875   53   88   34.00000   30.49451  10.3%  35.3  540s
 296779 166938   31.28937   44  151   34.00000   30.49483  10.3%  35.3  545s
 299685 168574   31.98574   42  144   34.00000   30.49675  10.3%  35.3  550s
 302709 170313   31.04443   39  178   34.00000   30.49776  10.3%  35.2  555s
 305482 171780   32.26484   57  114   34.00000   30.50000  10.3%  35.3  560s
 308604 173419   31.50000   47  106   34.00000   30.50000  10.3%  35.2  565s
 311740 175160   30.55553   47  125   34.00000   30.50000  10.3%  35.2  570s
 314537 176557   32.01677   51  125   34.00000   30.50000  10.3%  35.2  575s
 317280 178010   33.00000   55   84   34.00000   30.50000  10.3%  35.2  580s
 320046 179500   31.90867   50  106   34.00000   30.50009  10.3%  35.2  585s
 322625 180923     cutoff   74        34.00000   30.50387  10.3%  35.2  590s
 325298 182282   32.10150   51  117   34.00000   30.50834  10.3%  35.2  595s
 327938 183731   31.00000   42  117   34.00000   30.51051  10.3%  35.2  600s
 330698 185242   30.54802   43  241   34.00000   30.51424  10.3%  35.2  605s
 333404 186642   30.58855   45  175   34.00000   30.51923  10.2%  35.2  610s
 336462 188282   30.51923   44  138   34.00000   30.51923  10.2%  35.2  615s
 339244 189710   32.31015   53  154   34.00000   30.51923  10.2%  35.2  620s
 341308 190817   32.95794   56   98   34.00000   30.51923  10.2%  35.2  625s
 343638 192110   31.02766   49  170   34.00000   30.52265  10.2%  35.2  630s
 346570 193601   31.52857   47  150   34.00000   30.52857  10.2%  35.2  635s
 349246 195068   32.74585   58  137   34.00000   30.53493  10.2%  35.2  640s
 351865 196334   30.68814   43  184   34.00000   30.53951  10.2%  35.2  645s
 353754 197330   32.07143   48  123   34.00000   30.54163  10.2%  35.2  650s
 356493 198785   32.56728   59   96   34.00000   30.54701  10.2%  35.2  655s
 359271 200239   31.16264   50  139   34.00000   30.55288  10.1%  35.2  660s
 362139 201725     cutoff   58        34.00000   30.55628  10.1%  35.2  665s
 364089 202748   32.04085   51  158   34.00000   30.55997  10.1%  35.2  670s
 366837 204076     cutoff   58        34.00000   30.56520  10.1%  35.2  675s
 369549 205512   32.52449   61   84   34.00000   30.56855  10.1%  35.2  680s
 372297 206831     cutoff   57        34.00000   30.57143  10.1%  35.2  685s
 374899 208134   30.85858   42  202   34.00000   30.57292  10.1%  35.2  690s
 377677 209534   31.97246   47  107   34.00000   30.57747  10.1%  35.2  695s
 380445 210944   31.22217   42  156   34.00000   30.58240  10.1%  35.2  700s
 383161 212316   31.14249   47  166   34.00000   30.58782  10.0%  35.2  705s
 386259 213971 infeasible   68        34.00000   30.59157  10.0%  35.2  710s
 389012 215441   31.38247   45  181   34.00000   30.59567  10.0%  35.2  715s
 391808 216841   33.00000   90   14   34.00000   30.59927  10.0%  35.1  720s
 394633 218321 infeasible   58        34.00000   30.60361  10.0%  35.1  725s
 397525 219788   30.66031   50  169   34.00000   30.60845  10.0%  35.1  730s
 400200 221137   31.87533   53  119   34.00000   30.61368  10.0%  35.1  735s
 402990 222528   33.00000   60   71   34.00000   30.61837  9.95%  35.1  740s
 405806 223973   32.42510   66   92   34.00000   30.62254  9.93%  35.1  745s
 408728 225460   32.26406   54  135   34.00000   30.62678  9.92%  35.1  750s
 411430 226868   32.56167   50  151   34.00000   30.63247  9.90%  35.1  755s
 414190 228316   32.62598   59  110   34.00000   30.63587  9.89%  35.0  760s
 416968 229677   32.14555   44  170   34.00000   30.64148  9.88%  35.0  765s
 419779 231112   31.14287   45  207   34.00000   30.64616  9.86%  35.0  770s
 422545 232604   33.00000   59   93   34.00000   30.65169  9.85%  35.0  775s
 424657 233632   32.24039   44  178   34.00000   30.65620  9.83%  35.0  780s
 427297 234931 infeasible   62        34.00000   30.66149  9.82%  35.0  785s
 429989 236166   33.00000   58  110   34.00000   30.66705  9.80%  35.0  790s
 432719 237557   31.20480   53  112   34.00000   30.67325  9.78%  35.0  795s
 435502 238921   33.00000   61   46   34.00000   30.67834  9.77%  35.0  800s
 438295 240279   33.00000   64   91   34.00000   30.68213  9.76%  35.0  805s
 441102 241690   32.00000   47  112   34.00000   30.68590  9.75%  35.0  810s
 444039 243129   32.24511   45  177   34.00000   30.69031  9.73%  35.0  815s
 446548 244331     cutoff   62        34.00000   30.69326  9.73%  35.0  820s
 449585 245946   32.21586   59   88   34.00000   30.69637  9.72%  35.0  825s
 452426 247406   31.61995   45  170   34.00000   30.70058  9.70%  34.9  830s
 454733 248581   33.00000   66   73   34.00000   30.70519  9.69%  34.9  835s
 457505 249915   32.50000   50  105   34.00000   30.70943  9.68%  34.9  840s
 460061 251251   30.83791   45  218   34.00000   30.71348  9.67%  34.9  845s
 462824 252697   33.00000   57   67   34.00000   30.71514  9.66%  34.9  850s
 465333 253899   32.03937   54  126   34.00000   30.72006  9.65%  34.9  855s
 468099 255355   31.30167   39  210   34.00000   30.72086  9.64%  35.0  860s
 470571 256597   32.49675   44  138   34.00000   30.72569  9.63%  35.0  865s
 473262 257901   33.00000   63   48   34.00000   30.72965  9.62%  35.0  870s
 475124 258884     cutoff   58        34.00000   30.73349  9.61%  34.9  875s
 477645 260083   32.52011   52  124   34.00000   30.73893  9.59%  34.9  880s
 479985 261249   30.76419   49  165   34.00000   30.74299  9.58%  34.9  885s
 482165 262332   33.00000   55   80   34.00000   30.74678  9.57%  34.9  890s
 484814 263579   33.00000   59   66   34.00000   30.75000  9.56%  34.9  895s
 487330 264672   31.60289   44  228   34.00000   30.75488  9.54%  35.0  900s
 490074 266069   31.55521   53  152   34.00000   30.75881  9.53%  34.9  905s
 492524 267269   30.94802   48  154   34.00000   30.76315  9.52%  34.9  910s
 495222 268581   32.30761   49  140   34.00000   30.76654  9.51%  34.9  915s
 497957 269797   32.14678   52  117   34.00000   30.77105  9.50%  34.9  920s
 500593 271053   31.43397   45  151   34.00000   30.77654  9.48%  34.9  925s
 503363 272373   31.33350   47  180   34.00000   30.78130  9.47%  34.9  930s
 506148 273784   33.00000   50  121   34.00000   30.78217  9.46%  34.9  935s
 509060 275269   32.74956   54   86   34.00000   30.78728  9.45%  34.9  940s
 511592 276545   31.02786   44  164   34.00000   30.78900  9.44%  34.9  945s
 514367 277895     cutoff   62        34.00000   30.79455  9.43%  34.9  950s
 516761 279022   32.89092   52  144   34.00000   30.79865  9.42%  34.9  955s
 519443 280293   32.41257   53  106   34.00000   30.80436  9.40%  34.9  960s
 522283 281785   32.72976   52   92   34.00000   30.80619  9.39%  34.9  965s
 524959 283064   33.00000   55   91   34.00000   30.81085  9.38%  34.9  970s
 527298 284118   33.00000   61   58   34.00000   30.81483  9.37%  34.9  975s
 530090 285351   32.90969   55  132   34.00000   30.81912  9.36%  34.9  980s
 532750 286610   31.21858   48  164   34.00000   30.82293  9.34%  34.9  985s
 535404 287783   33.00000   64   77   34.00000   30.82785  9.33%  34.9  990s
 538259 289101   30.83120   39  189   34.00000   30.83120  9.32%  34.9  995s
 541057 290332   31.14015   45  165   34.00000   30.83399  9.31%  34.9 1000s
 543630 291527   31.09856   46  188   34.00000   30.83806  9.30%  34.9 1005s
 546024 292697   31.43483   41  181   34.00000   30.84101  9.29%  34.9 1010s
 548815 294015   31.70596   50  195   34.00000   30.84555  9.28%  34.9 1015s
 551454 295179   31.09938   40  174   34.00000   30.84938  9.27%  34.9 1020s
 554312 296428   32.95741   59   85   34.00000   30.85479  9.25%  34.9 1025s
 556970 297610   31.30696   49  117   34.00000   30.85714  9.24%  34.9 1030s
 559634 298764     cutoff   65        34.00000   30.85811  9.24%  34.9 1035s
 562153 299954   32.09680   53  152   34.00000   30.86327  9.23%  34.9 1040s
 564604 301244   30.86481   40  162   34.00000   30.86481  9.22%  34.9 1045s
 567068 302356   30.88992   47  168   34.00000   30.86926  9.21%  34.9 1050s
 569906 303735     cutoff   66        34.00000   30.87412  9.19%  34.9 1055s
 572249 304823   32.01923   45  145   34.00000   30.87825  9.18%  34.9 1060s
 574326 305754   32.46531   52  121   34.00000   30.88267  9.17%  34.9 1065s
 576474 306810   33.00000   57   79   34.00000   30.88666  9.16%  34.9 1070s
 578832 307816   33.00000   55   60   34.00000   30.89045  9.15%  34.9 1075s
 581369 308965   33.00000   71   38   34.00000   30.89533  9.13%  34.9 1080s
 583628 309931   33.00000   54  102   34.00000   30.89967  9.12%  34.9 1085s
 586137 311081   33.00000   71   56   34.00000   30.90407  9.11%  34.9 1090s
 588670 312299     cutoff   62        34.00000   30.90742  9.10%  34.9 1095s
 591313 313472     cutoff   72        34.00000   30.91189  9.08%  34.9 1100s
 593946 314678 infeasible   69        34.00000   30.91704  9.07%  34.9 1105s
 596524 315884   31.97176   47  191   34.00000   30.92198  9.05%  34.9 1110s
 598980 316852   32.00000   48   81   34.00000   30.92639  9.04%  34.9 1115s
 601517 318007   31.33015   40  150   34.00000   30.93015  9.03%  34.9 1120s
 603807 318950   31.41607   45  205   34.00000   30.93402  9.02%  34.9 1125s
 606441 320012   32.00000   57   69   34.00000   30.93780  9.01%  34.9 1130s
 609017 321196   32.95741   46  105   34.00000   30.94126  9.00%  34.9 1135s
 611903 322607   31.81505   44  146   34.00000   30.94532  8.98%  34.9 1140s
 614550 323839   32.95741   52   76   34.00000   30.94829  8.98%  34.9 1145s
 617212 325068   32.51923   48  165   34.00000   30.95162  8.97%  34.9 1150s
 619909 326367   33.00000   70   38   34.00000   30.95536  8.95%  34.9 1155s
 622334 327523   32.71617   54   85   34.00000   30.95741  8.95%  34.9 1160s
 625128 329031   32.97160   72   72   34.00000   30.95741  8.95%  34.9 1165s
 627865 330488   30.96031   43  144   34.00000   30.95741  8.95%  34.9 1170s
 630499 331939   32.46555   56   97   34.00000   30.95741  8.95%  34.9 1175s
 632914 333290   32.95741   56   74   34.00000   30.95741  8.95%  34.9 1180s
 635584 334740   33.00000   60   50   34.00000   30.95741  8.95%  34.9 1185s
 638320 336282   33.00000   63   66   34.00000   30.95741  8.95%  34.9 1190s
 640938 337643   30.95741   45  125   34.00000   30.95741  8.95%  34.9 1195s
 643625 339120   31.96369   59   67   34.00000   30.95766  8.95%  34.9 1200s
 645995 340269   32.79170   50   91   34.00000   30.95951  8.94%  34.9 1205s
 648632 341496   30.96631   42  192   34.00000   30.96154  8.94%  34.9 1210s
 650423 342378   32.02291   49  167   34.00000   30.96342  8.93%  34.9 1215s
 653038 343656   31.68343   47  168   34.00000   30.96527  8.93%  34.9 1220s
 655704 344901   33.00000   51   59   34.00000   30.96812  8.92%  34.9 1225s
 658261 346042   31.50113   46  162   34.00000   30.97136  8.91%  34.9 1230s
 661011 347382   31.98444   50  174   34.00000   30.97416  8.90%  34.9 1235s
 663739 348677   30.97975   41  178   34.00000   30.97631  8.89%  34.9 1240s
 666143 350001     cutoff   66        34.00000   30.97664  8.89%  34.9 1245s
 668663 351379   32.96014   50  128   34.00000   30.97664  8.89%  34.9 1250s
 671171 352746   31.97496   59   94   34.00000   30.97664  8.89%  34.9 1255s
 673961 354407   31.91501   56  116   34.00000   30.97727  8.89%  34.9 1260s
 676792 355759   31.62565   41  198   34.00000   30.97752  8.89%  34.9 1265s
 679132 356790   31.42638   44  188   34.00000   30.97918  8.88%  34.8 1270s
 682077 358360   32.76192   61  114   34.00000   30.97965  8.88%  34.8 1275s
 684993 359974   33.00000   66   44   34.00000   30.97965  8.88%  34.8 1280s
 687983 361639   31.52873   44  132   34.00000   30.97965  8.88%  34.8 1285s
 690592 362977   31.23699   49  194   34.00000   30.98195  8.88%  34.8 1290s
 693172 364252   32.95741   58   70   34.00000   30.98305  8.87%  34.8 1295s
 695875 365627   31.52740   44  201   34.00000   30.98533  8.87%  34.8 1300s
 698567 366975   33.00000   67   43   34.00000   30.98799  8.86%  34.8 1305s
 701420 368410   31.03904   41  194   34.00000   30.98886  8.86%  34.8 1310s
 704233 369855   32.36232   70   77   34.00000   30.99124  8.85%  34.8 1315s
 707423 371614     cutoff   63        34.00000   30.99255  8.85%  34.7 1320s
 710008 372842   31.51923   46  156   34.00000   30.99504  8.84%  34.7 1325s
 712699 374252   31.00065   45  162   34.00000   30.99644  8.83%  34.7 1330s
 715397 375475   33.00000   55   83   34.00000   30.99783  8.83%  34.7 1335s
 718318 376972   31.01923   46  138   34.00000   30.99897  8.83%  34.7 1340s
 720881 378212   31.04545   47  135   34.00000   31.00000  8.82%  34.7 1345s
 723680 379596   32.01329   49   95   34.00000   31.00000  8.82%  34.7 1350s
 725950 380820   32.00441   55   90   34.00000   31.00000  8.82%  34.7 1355s
 728806 382274   31.06496   44  153   34.00000   31.00000  8.82%  34.7 1360s
 731679 383779   32.00000   44   86   34.00000   31.00000  8.82%  34.7 1365s
 734527 385270   33.00000   55   60   34.00000   31.00000  8.82%  34.7 1370s
 737369 386757   31.56393   51  154   34.00000   31.00000  8.82%  34.7 1375s
 739287 387759   32.14163   52   70   34.00000   31.00000  8.82%  34.7 1380s
 742061 389225   31.08690   51  107   34.00000   31.00000  8.82%  34.7 1385s
 744470 390519   31.26684   48  128   34.00000   31.00000  8.82%  34.7 1390s
 746852 391787   33.00000   62   48   34.00000   31.00000  8.82%  34.7 1395s
 749688 393318     cutoff   77        34.00000   31.00000  8.82%  34.7 1400s
 752558 394802   32.65047   54   87   34.00000   31.00000  8.82%  34.6 1405s
 755238 396224   33.00000   53   94   34.00000   31.00000  8.82%  34.7 1410s
 758065 397692   32.04692   57   95   34.00000   31.00000  8.82%  34.7 1415s
 760881 399188   32.00000   52   89   34.00000   31.00000  8.82%  34.7 1420s
 763827 400761   33.00000   68   52   34.00000   31.00000  8.82%  34.6 1425s
 766606 402202   31.04545   43  111   34.00000   31.00000  8.82%  34.6 1430s
 768522 403200   31.09086   48  159   34.00000   31.00000  8.82%  34.6 1435s
 771207 404590   32.00000   49   64   34.00000   31.00000  8.82%  34.7 1440s
 773861 405960   31.47868   53  152   34.00000   31.00000  8.82%  34.7 1445s
 776592 407363   31.93821   51  109   34.00000   31.00000  8.82%  34.7 1450s
 779282 408775   33.00000   55   70   34.00000   31.00000  8.82%  34.7 1455s
 782195 410236   32.44496   53  103   34.00000   31.00000  8.82%  34.7 1460s
 784873 411660   32.74835   62   71   34.00000   31.00000  8.82%  34.7 1465s
 787785 413174   33.00000   64   59   34.00000   31.00000  8.82%  34.7 1470s
 790525 414581   32.17974   60   85   34.00000   31.00000  8.82%  34.7 1475s
 793294 416065   32.00000   52   97   34.00000   31.00000  8.82%  34.7 1480s
 795979 417526   31.92899   53   79   34.00000   31.00000  8.82%  34.7 1485s
 798850 418992   31.64988   46  114   34.00000   31.00000  8.82%  34.7 1490s
 801594 420366   33.00000   60   42   34.00000   31.00000  8.82%  34.7 1495s
 804562 421955   33.00000   65   40   34.00000   31.00000  8.82%  34.7 1500s
 807524 423488   33.00000   67   59   34.00000   31.00000  8.82%  34.7 1505s
 810269 424951   32.00000   51   84   34.00000   31.00000  8.82%  34.7 1510s
 812576 426174   31.63040   53  144   34.00000   31.00000  8.82%  34.7 1515s
 815266 427486   31.27935   50  121   34.00000   31.00000  8.82%  34.7 1520s
 817893 428874   31.15924   47  172   34.00000   31.00000  8.82%  34.7 1525s
 820552 430291   33.00000   62   88   34.00000   31.00000  8.82%  34.7 1530s
 823334 431743   32.00000   49   66   34.00000   31.00000  8.82%  34.7 1535s
 826051 433205   31.45093   50  147   34.00000   31.00000  8.82%  34.7 1540s
 828764 434628   31.45591   47  156   34.00000   31.00000  8.82%  34.7 1545s
 831712 436068   33.00000   64   36   34.00000   31.00000  8.82%  34.7 1550s
 834389 437443   32.83395   71   56   34.00000   31.00000  8.82%  34.7 1555s
 837384 439023   32.01130   56  114   34.00000   31.00000  8.82%  34.7 1560s
 839934 440315   33.00000   68   51   34.00000   31.00000  8.82%  34.7 1565s
 842639 441679   32.53939   63  108   34.00000   31.00000  8.82%  34.7 1570s
 845298 443078   31.87612   45  101   34.00000   31.00000  8.82%  34.7 1575s
 848049 444467   33.00000   55  116   34.00000   31.00000  8.82%  34.7 1580s
 850192 445575   32.01312   46  167   34.00000   31.00000  8.82%  34.7 1585s
 852899 446953   32.04572   50  153   34.00000   31.00000  8.82%  34.7 1590s
 855705 448409   32.13670   54   55   34.00000   31.00000  8.82%  34.7 1595s
 858332 449788   32.05367   53  100   34.00000   31.00000  8.82%  34.7 1600s
 861143 451302   31.28043   49  126   34.00000   31.00000  8.82%  34.7 1605s
 863869 452748   33.00000   51   73   34.00000   31.00000  8.82%  34.7 1610s
 866700 454310   31.29167   43  137   34.00000   31.00000  8.82%  34.7 1615s
 868900 455523   33.00000   52   52   34.00000   31.00000  8.82%  34.7 1620s
 871648 456936   33.00000   70   26   34.00000   31.00000  8.82%  34.7 1625s
 874372 458249   32.16440   49  106   34.00000   31.00000  8.82%  34.7 1630s
 877044 459642   31.19332   50  163   34.00000   31.00000  8.82%  34.7 1635s
 879862 461102   31.98957   50   82   34.00000   31.00000  8.82%  34.7 1640s
 882589 462546   31.00000   48  126   34.00000   31.00000  8.82%  34.7 1645s
 885286 464000   33.00000   68   63   34.00000   31.00000  8.82%  34.7 1650s
 887951 465377   31.04324   43  139   34.00000   31.00000  8.82%  34.7 1655s
 890918 466981   31.00000   45  117   34.00000   31.00000  8.82%  34.7 1660s
 893778 468536   31.04345   47  162   34.00000   31.00000  8.82%  34.7 1665s
 896620 469982   31.26795   45  154   34.00000   31.00000  8.82%  34.7 1670s
 898612 471008   32.94809   56   91   34.00000   31.00000  8.82%  34.7 1675s
 901167 472285     cutoff   55        34.00000   31.00000  8.82%  34.7 1680s
 903933 473664   31.97382   58   83   34.00000   31.00000  8.82%  34.7 1685s
 906603 475065   33.00000   68   40   34.00000   31.00000  8.82%  34.7 1690s
 909288 476442   31.59834   50  109   34.00000   31.00000  8.82%  34.8 1695s
 911604 477658   33.00000   58   86   34.00000   31.00000  8.82%  34.8 1700s
 914421 479116   32.38205   59  126   34.00000   31.00000  8.82%  34.8 1705s
 917099 480489     cutoff   58        34.00000   31.00000  8.82%  34.8 1710s
 919913 482050   33.00000   65   44   34.00000   31.00000  8.82%  34.8 1715s
 922680 483495   32.00000   50   58   34.00000   31.00000  8.82%  34.8 1720s
 925496 484991   33.00000   67   37   34.00000   31.00000  8.82%  34.8 1725s
 928241 486468   31.33333   49  130   34.00000   31.00000  8.82%  34.8 1730s
 930070 487368   31.01145   47  148   34.00000   31.00000  8.82%  34.8 1735s
 932749 488794   31.56227   45  137   34.00000   31.00000  8.82%  34.8 1740s
 935458 490246   32.06226   56  117   34.00000   31.00000  8.82%  34.8 1745s
 938213 491717   31.00000   47  156   34.00000   31.00000  8.82%  34.8 1750s
 940985 493193   32.90135   55  125   34.00000   31.00000  8.82%  34.8 1755s
 943523 494536   31.54909   45  136   34.00000   31.00000  8.82%  34.8 1760s
 946372 495942   32.34219   58  101   34.00000   31.00000  8.82%  34.8 1765s
 949018 497236   33.00000   57  104   34.00000   31.00000  8.82%  34.8 1770s
 951761 498628   33.00000   62   62   34.00000   31.00000  8.82%  34.8 1775s
 954450 500086   31.09365   45  171   34.00000   31.00000  8.82%  34.8 1780s
 957155 501563   32.00000   51   88   34.00000   31.00000  8.82%  34.8 1785s
 959901 502976     cutoff   63        34.00000   31.00000  8.82%  34.8 1790s
 962634 504438   32.74973   51   86   34.00000   31.00000  8.82%  34.8 1795s
 965374 505876   33.00000   59   86   34.00000   31.00000  8.82%  34.8 1800s
 968063 507267   32.93600   53  129   34.00000   31.00000  8.82%  34.8 1805s
 970370 508563   32.15059   49  150   34.00000   31.00000  8.82%  34.8 1810s
 972920 509945   31.27470   43  170   34.00000   31.00000  8.82%  34.8 1815s
 975458 511272   31.36435   48  120   34.00000   31.00000  8.82%  34.8 1820s
 978063 512617   31.21212   44  147   34.00000   31.00000  8.82%  34.8 1825s
 980720 514011   31.70203   50  121   34.00000   31.00000  8.82%  34.8 1830s
 983592 515562   32.00000   58   86   34.00000   31.00000  8.82%  34.8 1835s
 986363 516985   31.00000   44  138   34.00000   31.00000  8.82%  34.8 1840s
 989189 518483   32.97878   54  129   34.00000   31.00000  8.82%  34.8 1845s
 991073 519486   31.55934   50  136   34.00000   31.00000  8.82%  34.8 1850s
 993847 521004     cutoff   84        34.00000   31.00000  8.82%  34.8 1855s
 996594 522462   32.53005   55   74   34.00000   31.00000  8.82%  34.8 1860s
 999246 523860   32.00000   52  102   34.00000   31.00000  8.82%  34.8 1865s
 1002000 525264   32.06786   50   89   34.00000   31.00000  8.82%  34.8 1870s
 1004431 526601   33.00000   64   56   34.00000   31.00000  8.82%  34.8 1875s
 1007237 528107   31.31897   48   64   34.00000   31.00000  8.82%  34.8 1880s
 1009893 529463 infeasible   55        34.00000   31.00000  8.82%  34.9 1885s
 1012614 530883   31.31089   49  134   34.00000   31.00000  8.82%  34.9 1890s
 1015505 532472   33.00000   61  109   34.00000   31.00000  8.82%  34.8 1895s
 1018153 533799   32.50000   49   91   34.00000   31.00000  8.82%  34.9 1900s
 1020713 535091   32.97589   54   56   34.00000   31.00000  8.82%  34.9 1905s
 1022979 536235   31.13633   42  135   34.00000   31.00000  8.82%  34.9 1910s
 1025585 537676   32.42436   49  145   34.00000   31.00000  8.82%  34.9 1915s
 1028222 539069   32.50000   52  110   34.00000   31.00000  8.82%  34.9 1920s
 1031020 540510   31.66667   40  162   34.00000   31.00000  8.82%  34.9 1925s
 1033455 541820   32.09660   48  134   34.00000   31.00000  8.82%  34.9 1930s
 1035976 543121   32.00245   45  160   34.00000   31.00000  8.82%  34.9 1935s
 1038713 544523   33.00000   59   68   34.00000   31.00000  8.82%  34.9 1940s
 1041462 545923   33.00000   69   39   34.00000   31.00000  8.82%  34.9 1945s
 1044153 547310   33.00000   62   44   34.00000   31.00000  8.82%  34.9 1950s
 1046740 548622   32.22275   52   70   34.00000   31.00000  8.82%  34.9 1955s
 1049348 549997   32.50000   50  133   34.00000   31.00000  8.82%  34.9 1960s
 1052066 551429   31.20440   48  121   34.00000   31.00000  8.82%  34.9 1965s
 1054629 552835   32.00677   46  140   34.00000   31.00000  8.82%  34.9 1970s
 1057254 554276   32.00000   54   72   34.00000   31.00000  8.82%  34.9 1975s
 1059760 555596   31.00000   47  157   34.00000   31.00000  8.82%  34.9 1980s
 1062308 556902   32.31798   59   88   34.00000   31.00000  8.82%  34.9 1985s
 1064911 558254   31.31224   48  165   34.00000   31.00000  8.82%  34.9 1990s
 1067397 559527   32.00000   56   67   34.00000   31.00000  8.82%  34.9 1995s
 1070140 560975 infeasible   78        34.00000   31.00000  8.82%  34.9 2000s
 1072875 562460   33.00000   77   41   34.00000   31.00000  8.82%  34.9 2005s
 1075623 563922   33.00000   56   81   34.00000   31.00000  8.82%  34.9 2010s
 1077670 564905   32.45793   51  113   34.00000   31.00000  8.82%  34.9 2015s
 1079867 566018   31.00000   45  119   34.00000   31.00000  8.82%  35.0 2020s
 1082544 567339   31.66667   44  125   34.00000   31.00000  8.82%  35.0 2025s
 1085158 568578   33.00000   67   50   34.00000   31.00146  8.82%  35.0 2030s
 1087835 569945   32.00151   57  106   34.00000   31.00286  8.82%  35.0 2035s
 1090837 571540   32.98826   56   74   34.00000   31.00361  8.81%  34.9 2040s
 1093712 573088   32.25000   49  122   34.00000   31.00385  8.81%  34.9 2045s
 1096329 574298   31.21233   50  168   34.00000   31.00434  8.81%  34.9 2050s
 1097570 574899   32.48968   69  105   34.00000   31.00492  8.81%  34.9 2055s
 1099821 575938   32.19388   49  176   34.00000   31.00544  8.81%  34.9 2060s
 1102353 577022   32.52565   51  142   34.00000   31.00544  8.81%  34.9 2065s
 1104623 578010   31.46142   50  177   34.00000   31.00544  8.81%  34.9 2070s
 1106591 578960   32.13241   50  158   34.00000   31.00638  8.80%  35.0 2075s
 1109320 580331   31.98826   50  109   34.00000   31.00749  8.80%  34.9 2080s
 1112314 581894   33.00000   57   60   34.00000   31.00845  8.80%  34.9 2085s
 1115133 583245   32.00000   51   56   34.00000   31.00954  8.80%  34.9 2090s
 1117946 584513   31.35068   43  144   34.00000   31.01089  8.79%  34.9 2095s
 1120656 585844   31.95741   50   62   34.00000   31.01210  8.79%  34.9 2100s
 1123473 587240   31.70550   46  187   34.00000   31.01302  8.79%  34.9 2105s
 1126058 588489   31.44519   48  127   34.00000   31.01421  8.78%  34.9 2110s
 1128823 589892   31.18895   45  145   34.00000   31.01587  8.78%  34.9 2115s
 1131387 591160 infeasible   69        34.00000   31.01694  8.77%  34.9 2120s
 1134385 592687     cutoff   63        34.00000   31.01782  8.77%  34.9 2125s
 1137359 594346   31.04545   45  144   34.00000   31.01818  8.77%  34.9 2130s
 1140283 595849     cutoff   64        34.00000   31.01882  8.77%  34.9 2135s
 1143060 597372   32.63830   53  104   34.00000   31.01923  8.77%  34.9 2140s
 1145675 598790   31.01923   45  141   34.00000   31.01923  8.77%  34.9 2145s
 1148722 600521   31.13821   49  119   34.00000   31.01923  8.77%  34.8 2150s
 1151952 602278   31.13291   41  175   34.00000   31.01923  8.77%  34.8 2155s
 1155090 603995   31.01923   42  141   34.00000   31.01923  8.77%  34.8 2160s
 1158084 605602   33.00000   58   78   34.00000   31.01923  8.77%  34.8 2165s
 1160711 606895   31.16743   42  210   34.00000   31.01923  8.77%  34.8 2170s
 1163665 608468   32.01923   43  119   34.00000   31.01923  8.77%  34.8 2175s
 1166369 609945   32.03382   49  143   34.00000   31.01923  8.77%  34.8 2180s
 1169217 611424   32.00000   45   68   34.00000   31.01923  8.77%  34.8 2185s
 1171749 612817   33.00000   61   48   34.00000   31.01923  8.77%  34.8 2190s
 1174337 614203   32.50000   58  119   34.00000   31.01923  8.77%  34.8 2195s
 1177130 615658   31.22590   39  209   34.00000   31.01923  8.77%  34.8 2200s
 1179922 617096   32.11600   57   87   34.00000   31.01923  8.77%  34.8 2205s
 1182653 618618   32.00000   54  103   34.00000   31.01923  8.77%  34.8 2210s
 1185004 619779   32.00000   49   80   34.00000   31.01923  8.77%  34.8 2215s
 1187878 621296   31.04277   43  176   34.00000   31.01923  8.77%  34.7 2220s
 1190675 622802   33.00000   57   88   34.00000   31.01923  8.77%  34.7 2225s
 1193578 624294   32.55390   50  159   34.00000   31.01923  8.77%  34.7 2230s
 1196023 625506   33.00000   50   81   34.00000   31.01923  8.77%  34.7 2235s
 1198734 626930   32.04167   48  120   34.00000   31.01923  8.77%  34.7 2240s
 1201236 628184     cutoff   58        34.00000   31.01923  8.77%  34.7 2245s
 1203968 629586   32.12100   48  116   34.00000   31.01923  8.77%  34.7 2250s
 1206801 631041   32.51923   54  130   34.00000   31.01923  8.77%  34.7 2255s
 1209414 632358   31.01923   44  123   34.00000   31.01923  8.77%  34.7 2260s
 1212188 633790   32.07692   52  103   34.00000   31.01923  8.77%  34.7 2265s
 1214906 635224   32.17589   51   82   34.00000   31.01923  8.77%  34.7 2270s
 1217337 636537   31.61597   42  136   34.00000   31.01923  8.77%  34.7 2275s
 1219996 637848     cutoff   45        34.00000   31.01923  8.77%  34.7 2280s
 1222279 639013   33.00000   56   80   34.00000   31.01923  8.77%  34.7 2285s
 1224809 640295     cutoff   66        34.00000   31.01923  8.77%  34.7 2290s
 1227424 641722   32.50000   43  107   34.00000   31.01923  8.77%  34.7 2295s
 1230053 643054   32.12500   46  124   34.00000   31.01923  8.77%  34.8 2300s
 1232636 644364   32.98377   54  104   34.00000   31.01923  8.77%  34.8 2305s
 1235243 645746   33.00000   48   69   34.00000   31.01923  8.77%  34.8 2310s
 1237377 646763   31.50000   46  115   34.00000   31.01923  8.77%  34.8 2315s
 1240196 648255     cutoff   59        34.00000   31.01923  8.77%  34.8 2320s
 1242344 649313   33.00000   58   95   34.00000   31.01923  8.77%  34.8 2325s
 1244977 650578   31.56832   49  156   34.00000   31.01923  8.77%  34.8 2330s
 1247257 651716   32.49943   56  123   34.00000   31.01923  8.77%  34.8 2335s
 1249907 653047   32.50000   47  134   34.00000   31.01923  8.77%  34.8 2340s
 1252547 654384   31.65938   48  180   34.00000   31.01923  8.77%  34.8 2345s
 1255219 655735   33.00000   64   74   34.00000   31.01923  8.77%  34.8 2350s
 1257937 657024   31.02083   41  167   34.00000   31.01923  8.77%  34.8 2355s
 1260612 658423   31.02083   44  143   34.00000   31.01923  8.77%  34.8 2360s
 1263170 659748   32.08044   47  154   34.00000   31.01923  8.77%  34.8 2365s
 1265627 660973   31.25324   39  176   34.00000   31.01923  8.77%  34.8 2370s
 1267952 662070     cutoff   58        34.00000   31.01923  8.77%  34.8 2375s
 1270592 663428   32.32921   48  125   34.00000   31.01923  8.77%  34.8 2380s
 1273244 664783   32.98499   64   68   34.00000   31.01979  8.77%  34.8 2385s
 1276005 666120   32.31637   57   94   34.00000   31.02067  8.76%  34.8 2390s
 1277415 666916     cutoff   68        34.00000   31.02083  8.76%  34.8 2395s
 1280205 668365   32.85763   53  111   34.00000   31.02083  8.76%  34.8 2400s
 1282877 669762   31.59323   48  132   34.00000   31.02083  8.76%  34.8 2405s
 1285366 671112   31.02083   42  185   34.00000   31.02083  8.76%  34.8 2410s
 1287934 672451   32.00000   48   91   34.00000   31.02083  8.76%  34.8 2415s
 1290061 673461   33.00000   55   80   34.00000   31.02083  8.76%  34.8 2420s
 1292039 674483   31.09183   42  181   34.00000   31.02083  8.76%  34.8 2425s
 1294687 675705   31.20000   54  145   34.00000   31.02158  8.76%  34.8 2430s
 1297281 676915     cutoff   57        34.00000   31.02274  8.76%  34.8 2435s
 1299219 677742   31.93961   49  149   34.00000   31.02366  8.75%  34.8 2440s
 1301696 678861   31.21271   48  169   34.00000   31.02467  8.75%  34.8 2445s
 1304230 679988   32.06786   56   92   34.00000   31.02470  8.75%  34.8 2450s
 1306981 681384   32.02521   52  116   34.00000   31.02521  8.75%  34.8 2455s
 1309844 682851   31.03350   49  118   34.00000   31.02564  8.75%  34.8 2460s
 1313085 684665   31.16471   46  177   34.00000   31.02564  8.75%  34.7 2465s
 1316017 686117   31.03262   48  130   34.00000   31.02564  8.75%  34.7 2470s
 1318773 687540   31.50000   46  135   34.00000   31.02564  8.75%  34.7 2475s
 1321505 688905   31.49510   47  122   34.00000   31.02587  8.75%  34.7 2480s
 1324136 690127   32.02083   53  144   34.00000   31.02667  8.75%  34.7 2485s
 1326906 691519   33.00000   62   36   34.00000   31.02778  8.74%  34.7 2490s
 1329684 692907   32.40408   56  106   34.00000   31.02808  8.74%  34.7 2495s
 1332495 694241     cutoff   64        34.00000   31.02857  8.74%  34.7 2500s
 1335251 695585   32.03744   65   73   34.00000   31.02952  8.74%  34.7 2505s
 1338195 697076     cutoff   54        34.00000   31.03030  8.73%  34.7 2510s
 1340984 698466   31.30454   46  197   34.00000   31.03108  8.73%  34.7 2515s
 1343693 699716   32.00000   53   87   34.00000   31.03184  8.73%  34.7 2520s
 1346314 700925 infeasible   54        34.00000   31.03278  8.73%  34.7 2525s
 1349242 702438   32.33147   47  171   34.00000   31.03354  8.72%  34.7 2530s
 1352074 703750   33.00000   59   32   34.00000   31.03433  8.72%  34.7 2535s
 1354889 705193   31.20741   41  163   34.00000   31.03433  8.72%  34.7 2540s
 1357555 706474     cutoff   62        34.00000   31.03532  8.72%  34.7 2545s
 1360230 707678   32.11282   60  103   34.00000   31.03645  8.72%  34.7 2550s
 1362875 708920   31.18750   44  145   34.00000   31.03754  8.71%  34.7 2555s
 1365554 710208   33.00000   62   63   34.00000   31.03814  8.71%  34.7 2560s
 1368275 711556   32.10500   55   90   34.00000   31.03884  8.71%  34.7 2565s
 1371103 712914   31.29849   44  126   34.00000   31.03976  8.71%  34.7 2570s
 1373744 714160 infeasible   61        34.00000   31.04074  8.70%  34.7 2575s
 1376345 715443   32.38444   62   93   34.00000   31.04153  8.70%  34.7 2580s
 1378887 716799   31.12500   47  141   34.00000   31.04167  8.70%  34.7 2585s
 1381494 717994   32.07884   58   99   34.00000   31.04232  8.70%  34.7 2590s
 1384139 719245   31.33333   46  111   34.00000   31.04324  8.70%  34.7 2595s
 1387009 720748   33.00000   53   93   34.00000   31.04359  8.70%  34.6 2600s
 1389549 721938     cutoff   58        34.00000   31.04463  8.69%  34.6 2605s
 1392324 723247   33.00000   60   52   34.00000   31.04545  8.69%  34.6 2610s
 1395148 724678   31.16667   44  138   34.00000   31.04545  8.69%  34.6 2615s
 1398096 726191   33.00000   64   53   34.00000   31.04545  8.69%  34.6 2620s
 1400909 727543   33.00000   55   69   34.00000   31.04545  8.69%  34.6 2625s
 1403558 728732   32.00000   49   98   34.00000   31.04599  8.69%  34.6 2630s
 1405823 729732   33.00000   77   68   34.00000   31.04721  8.68%  34.6 2635s
 1408415 730863   33.00000   62   66   34.00000   31.04819  8.68%  34.6 2640s
 1411421 732427     cutoff   57        34.00000   31.04926  8.68%  34.6 2645s
 1413613 733575   33.00000   64   43   34.00000   31.04967  8.68%  34.6 2650s
 1416184 734782   31.93895   47  129   34.00000   31.05007  8.68%  34.6 2655s
 1418807 736017   33.00000   64   45   34.00000   31.05107  8.67%  34.6 2660s
 1421391 737226   31.90429   50  137   34.00000   31.05215  8.67%  34.6 2665s
 1424004 738459   33.00000   58   52   34.00000   31.05323  8.67%  34.6 2670s
 1426754 739761   33.00000   54   76   34.00000   31.05447  8.66%  34.6 2675s
 1429378 740885 infeasible   65        34.00000   31.05556  8.66%  34.6 2680s
 1432192 742237   32.95741   60   58   34.00000   31.05672  8.66%  34.6 2685s
 1434802 743557   32.60101   48  152   34.00000   31.05741  8.65%  34.6 2690s
 1437378 744859   32.41375   51  129   34.00000   31.05741  8.65%  34.6 2695s
 1439861 745958   33.00000   61   66   34.00000   31.05850  8.65%  34.6 2700s
 1442214 747009   33.00000   62   72   34.00000   31.05956  8.65%  34.6 2705s
 1443876 747771   31.92670   48  187   34.00000   31.06034  8.65%  34.6 2710s
 1446579 748955   33.00000   56   76   34.00000   31.06091  8.64%  34.6 2715s
 1449082 750063   31.06212   46  129   34.00000   31.06202  8.64%  34.6 2720s
 1451987 751463 infeasible   53        34.00000   31.06281  8.64%  34.6 2725s
 1454457 752581   33.00000   50   83   34.00000   31.06406  8.64%  34.6 2730s
 1457192 753752   33.00000   51   92   34.00000   31.06469  8.63%  34.6 2735s
 1459780 754967   31.09660   44  193   34.00000   31.06561  8.63%  34.6 2740s
 1462612 756271   32.73621   71   44   34.00000   31.06667  8.63%  34.6 2745s
 1465319 757518   32.04074   46  102   34.00000   31.06755  8.62%  34.6 2750s
 1468112 758862   32.04074   41  145   34.00000   31.06851  8.62%  34.6 2755s
 1470697 760231   32.01069   52  130   34.00000   31.06901  8.62%  34.6 2760s
 1473295 761424   31.48333   43  163   34.00000   31.07000  8.62%  34.6 2765s
 1476011 762718   31.73620   43  191   34.00000   31.07091  8.61%  34.6 2770s
 1478709 763990   31.76554   49  100   34.00000   31.07143  8.61%  34.6 2775s
 1481486 765322   31.62136   42  201   34.00000   31.07227  8.61%  34.6 2780s
 1484020 766556   31.48178   42  156   34.00000   31.07296  8.61%  34.6 2785s
 1486028 767445   33.00000   62   49   34.00000   31.07358  8.61%  34.6 2790s
 1488666 768640   33.00000   60   34   34.00000   31.07468  8.60%  34.6 2795s
 1491325 769764   31.83708   47  136   34.00000   31.07537  8.60%  34.6 2800s
 1493910 770621   32.11123   48  125   34.00000   31.07537  8.60%  34.6 2805s
 1496317 771503   32.36050   52   90   34.00000   31.07537  8.60%  34.6 2810s
 1498809 772612 infeasible   62        34.00000   31.07620  8.60%  34.6 2815s
 1501525 773940   31.14286   46   63   34.00000   31.07692  8.60%  34.6 2820s
 1504665 775647   31.14286   45   73   34.00000   31.07692  8.60%  34.6 2825s
 1507852 777380   32.32653   68   60   34.00000   31.07692  8.60%  34.5 2830s
 1510822 778908   31.14286   42  102   34.00000   31.07692  8.60%  34.5 2835s
 1513876 780648     cutoff   71        34.00000   31.07692  8.60%  34.5 2840s
 1516900 782177   32.00000   53   74   34.00000   31.07692  8.60%  34.5 2845s
 1519631 783612   33.00000   66   42   34.00000   31.07692  8.60%  34.5 2850s
 1522571 785158   33.00000   70   78   34.00000   31.07692  8.60%  34.5 2855s
 1525215 786493     cutoff   56        34.00000   31.07692  8.60%  34.5 2860s
 1527932 787854   31.41667   43  127   34.00000   31.07692  8.60%  34.5 2865s
 1530468 789148   32.20347   51  100   34.00000   31.07692  8.60%  34.5 2870s
 1532973 790367 infeasible   54        34.00000   31.07692  8.60%  34.5 2875s
 1535545 791688   31.97633   58  126   34.00000   31.07726  8.60%  34.5 2880s
 1537904 792786   32.00000   49  129   34.00000   31.07837  8.59%  34.5 2885s
 1540266 793858   31.46847   48  139   34.00000   31.07943  8.59%  34.5 2890s
 1542909 795121   32.69535   50  125   34.00000   31.08022  8.59%  34.5 2895s
 1545412 796317   31.92011   46  147   34.00000   31.08173  8.58%  34.5 2900s
 1547813 797447   32.98566   55   75   34.00000   31.08235  8.58%  34.5 2905s
 1550214 798581   32.59244   49  109   34.00000   31.08241  8.58%  34.5 2910s
 1552681 799643   32.56774   56  114   34.00000   31.08308  8.58%  34.5 2915s
 1555805 801342   31.12500   48  106   34.00000   31.08333  8.58%  34.5 2920s
 1559023 803114   32.00000   49   78   34.00000   31.08333  8.58%  34.5 2925s
 1561954 804710   32.36424   55   95   34.00000   31.08333  8.58%  34.4 2930s
 1564875 806279   33.00000   60   52   34.00000   31.08333  8.58%  34.4 2935s
 1567599 807774   32.07609   57   66   34.00000   31.08333  8.58%  34.4 2940s
 1570419 809247   31.08955   43  172   34.00000   31.08333  8.58%  34.4 2945s
 1573068 810587   31.25000   43  161   34.00000   31.08333  8.58%  34.4 2950s
 1575436 811639   31.08401   43  215   34.00000   31.08401  8.58%  34.4 2955s
 1577085 812376   32.78978   56  157   34.00000   31.08409  8.58%  34.4 2960s
 1579722 813618   32.55563   50  171   34.00000   31.08488  8.57%  34.4 2965s
 1582339 814847   31.97533   48  170   34.00000   31.08597  8.57%  34.4 2970s
 1585173 816077 infeasible   53        34.00000   31.08690  8.57%  34.4 2975s
 1587721 817158   32.00000   53   67   34.00000   31.08802  8.56%  34.4 2980s
 1590425 818405   32.06318   45  124   34.00000   31.08882  8.56%  34.4 2985s
 1592769 819431   31.82577   47  179   34.00000   31.08979  8.56%  34.4 2990s
 1594876 820309 infeasible   67        34.00000   31.09066  8.56%  34.4 2995s
 1597997 821942   33.00000   52   40   34.00000   31.09091  8.56%  34.4 3000s
 1600858 823398     cutoff   62        34.00000   31.09091  8.56%  34.4 3005s
 1603848 824859   33.00000   57   64   34.00000   31.09091  8.56%  34.4 3010s
 1606695 826328   31.60000   50  140   34.00000   31.09091  8.56%  34.4 3015s
 1609711 827839   33.00000   61   69   34.00000   31.09091  8.56%  34.4 3020s
 1612656 829436   32.00000   51   94   34.00000   31.09091  8.56%  34.4 3025s
 1615260 830702   31.58975   46  146   34.00000   31.09096  8.56%  34.4 3030s
 1617540 831771   32.07454   55   63   34.00000   31.09199  8.55%  34.4 3035s
 1620136 832934   31.57323   44  198   34.00000   31.09316  8.55%  34.4 3040s
 1622665 834083   33.00000   60   57   34.00000   31.09365  8.55%  34.4 3045s
 1625045 835119   32.33333   61  102   34.00000   31.09460  8.55%  34.4 3050s
 1627585 836298   33.00000   66   67   34.00000   31.09576  8.54%  34.4 3055s
 1630059 837425 infeasible   60        34.00000   31.09606  8.54%  34.4 3060s
 1632812 838602     cutoff   54        34.00000   31.09666  8.54%  34.4 3065s
 1635339 839659   31.68713   50  164   34.00000   31.09756  8.54%  34.4 3070s
 1637873 840727   32.52778   45  106   34.00000   31.09810  8.53%  34.4 3075s
 1640264 841732   32.87252   56  136   34.00000   31.09925  8.53%  34.4 3080s
 1642995 842922   33.00000   55   39   34.00000   31.10000  8.53%  34.4 3085s
 1646316 844709   31.50000   45  112   34.00000   31.10000  8.53%  34.4 3090s
 1649360 846322   33.00000   59  104   34.00000   31.10000  8.53%  34.4 3095s
 1652343 847900   33.00000   59   43   34.00000   31.10000  8.53%  34.4 3100s
 1655362 849458   33.00000   70   59   34.00000   31.10000  8.53%  34.3 3105s
 1657734 850677   33.00000   73   34   34.00000   31.10000  8.53%  34.3 3110s
 1660504 852087   32.00335   55  111   34.00000   31.10000  8.53%  34.3 3115s
 1663387 853604   32.62692   62   84   34.00000   31.10000  8.53%  34.3 3120s
 1665357 854471   33.00000   71   62   34.00000   31.10000  8.53%  34.3 3126s
 1667451 855607   31.84887   44  114   34.00000   31.10000  8.53%  34.3 3130s
 1670040 856860   31.58333   44  145   34.00000   31.10000  8.53%  34.3 3135s
 1672661 858168   33.00000   57   90   34.00000   31.10000  8.53%  34.3 3140s
 1675341 859551   32.50000   62   84   34.00000   31.10000  8.53%  34.3 3145s
 1677863 860710     cutoff   66        34.00000   31.10000  8.53%  34.4 3150s
 1680308 861842   32.38998   49  111   34.00000   31.10000  8.53%  34.4 3155s
 1682903 863085   32.76263   55  121   34.00000   31.10005  8.53%  34.4 3160s
 1685322 864045   31.44466   39  175   34.00000   31.10137  8.53%  34.4 3165s
 1687965 865189     cutoff   54        34.00000   31.10256  8.52%  34.4 3170s
 1690706 866446     cutoff   60        34.00000   31.10354  8.52%  34.4 3175s
 1693262 867574     cutoff   60        34.00000   31.10446  8.52%  34.4 3180s
 1695559 868612   33.00000   62   44   34.00000   31.10538  8.51%  34.4 3185s
 1697998 869586 infeasible   55        34.00000   31.10654  8.51%  34.4 3190s
 1700707 870775   32.01830   48  102   34.00000   31.10759  8.51%  34.4 3195s
 1703485 872081   32.25201   42  156   34.00000   31.10830  8.51%  34.4 3200s
 1706106 873215   33.00000   63   37   34.00000   31.10925  8.50%  34.4 3205s
 1708682 874446     cutoff   59        34.00000   31.10998  8.50%  34.4 3210s
 1711515 875735   33.00000   52   67   34.00000   31.11014  8.50%  34.4 3215s
 1714279 876799   31.77083   46  179   34.00000   31.11024  8.50%  34.4 3220s
 1717198 878166   32.14952   55  141   34.00000   31.11111  8.50%  34.4 3225s
 1720140 879683   31.11111   42  148   34.00000   31.11111  8.50%  34.3 3230s
 1722349 880792   33.00000   64   66   34.00000   31.11111  8.50%  34.3 3235s
 1724821 882013   33.00000   55   88   34.00000   31.11111  8.50%  34.3 3240s
 1727364 883247   32.07172   61   95   34.00000   31.11130  8.50%  34.3 3245s
 1729941 884430     cutoff   55        34.00000   31.11283  8.49%  34.3 3250s
 1732517 885527   31.11410   49  134   34.00000   31.11410  8.49%  34.3 3255s
 1735022 886572   33.00000   59   33   34.00000   31.11515  8.48%  34.4 3260s
 1736774 887279   32.89433   47  149   34.00000   31.11581  8.48%  34.4 3265s
 1739478 888478   33.00000   56   80   34.00000   31.11683  8.48%  34.3 3270s
 1742130 889610   32.02376   61   97   34.00000   31.11810  8.48%  34.3 3275s
 1744538 890633   31.75048   45  183   34.00000   31.11903  8.47%  34.3 3280s
 1747066 891732   33.00000   49   64   34.00000   31.12000  8.47%  34.3 3285s
 1749623 892804   31.52608   49  140   34.00000   31.12104  8.47%  34.3 3290s
 1752048 893830   33.00000   69   44   34.00000   31.12202  8.46%  34.3 3295s
 1754498 895030   31.75199   45  168   34.00000   31.12270  8.46%  34.3 3300s
 1757115 896187     cutoff   79        34.00000   31.12408  8.46%  34.3 3305s
 1759483 897216   33.00000   55   85   34.00000   31.12482  8.46%  34.4 3310s
 1762526 898847   33.00000   53   65   34.00000   31.12500  8.46%  34.3 3315s
 1765462 900319   31.33333   44  124   34.00000   31.12500  8.46%  34.3 3320s
 1767938 901426   33.00000   51  115   34.00000   31.12500  8.46%  34.3 3325s
 1770316 902491   32.62500   51  145   34.00000   31.12589  8.45%  34.3 3330s
 1772824 903459   32.45161   54  143   34.00000   31.12711  8.45%  34.3 3335s
 1775254 904529   32.65189   53  127   34.00000   31.12810  8.45%  34.3 3340s
 1777724 905538   31.91667   45  161   34.00000   31.12912  8.44%  34.3 3345s
 1780192 906567   33.00000   65   64   34.00000   31.13019  8.44%  34.4 3350s
 1782809 907609   32.16365   56   76   34.00000   31.13108  8.44%  34.4 3355s
 1785456 908702   33.00000   61   62   34.00000   31.13223  8.43%  34.3 3360s
 1788192 909828   33.00000   79   62   34.00000   31.13324  8.43%  34.3 3365s
 1790423 910833   33.00000   58   60   34.00000   31.13431  8.43%  34.3 3371s
 1791997 911452   32.12862   63   72   34.00000   31.13521  8.43%  34.3 3375s
 1794089 912304   33.00000   56   70   34.00000   31.13589  8.42%  34.3 3380s
 1796687 913464   31.89091   50  136   34.00000   31.13701  8.42%  34.3 3385s
 1799051 914481   31.22985   39  154   34.00000   31.13820  8.42%  34.3 3390s
 1801595 915499   31.70000   47  132   34.00000   31.13938  8.41%  34.3 3395s
 1804047 916605   32.00000   51   89   34.00000   31.14016  8.41%  34.3 3400s
 1806625 917641   32.91323   53  161   34.00000   31.14165  8.41%  34.3 3405s
 1809238 918794   33.00000   60   65   34.00000   31.14281  8.40%  34.3 3410s
 1812096 920156     cutoff   54        34.00000   31.14286  8.40%  34.3 3415s
 1814819 921367   32.95741   52   90   34.00000   31.14339  8.40%  34.3 3420s
 1817554 922579   32.59101   55  139   34.00000   31.14428  8.40%  34.3 3425s
 1820023 923607   31.54920   45  173   34.00000   31.14532  8.40%  34.3 3430s
 1822600 924740   33.00000   57   38   34.00000   31.14631  8.39%  34.3 3435s
 1824744 925690   32.75000   53  159   34.00000   31.14702  8.39%  34.3 3440s
 1827336 926782   31.95741   44   79   34.00000   31.14825  8.39%  34.3 3445s
 1829839 927763   32.55278   45  107   34.00000   31.14927  8.38%  34.3 3450s
 1832372 928862   32.00000   49  104   34.00000   31.15035  8.38%  34.3 3455s
 1834922 929938   31.97642   51  134   34.00000   31.15146  8.38%  34.3 3460s
 1837552 931072   33.00000   55   67   34.00000   31.15247  8.38%  34.3 3465s
 1840161 932245   32.25000   46  139   34.00000   31.15338  8.37%  34.3 3470s
 1842870 933337   33.00000   55   92   34.00000   31.15476  8.37%  34.3 3475s
 1845313 934290   33.00000   54   81   34.00000   31.15573  8.37%  34.3 3480s
 1847804 935387   33.00000   54   44   34.00000   31.15658  8.36%  34.3 3485s
 1850223 936353   32.00000   44   58   34.00000   31.15750  8.36%  34.3 3490s
 1852993 937544   32.00000   50  111   34.00000   31.15836  8.36%  34.3 3495s
 1855720 938743   33.00000   57   92   34.00000   31.15919  8.36%  34.3 3500s
 1858376 939836   31.30324   44  193   34.00000   31.16036  8.35%  34.3 3505s
 1860817 940856   33.00000   66   43   34.00000   31.16123  8.35%  34.3 3510s
 1863471 942018   32.12449   45   89   34.00000   31.16209  8.35%  34.3 3515s
 1866023 943083   31.63258   44  205   34.00000   31.16276  8.34%  34.3 3520s
 1868429 944111   31.49841   45  182   34.00000   31.16342  8.34%  34.3 3525s
 1871092 945240   32.25702   45  136   34.00000   31.16403  8.34%  34.3 3530s
 1873793 946416   33.00000   55   84   34.00000   31.16510  8.34%  34.3 3535s
 1876336 947483   32.75840   47  193   34.00000   31.16605  8.34%  34.3 3540s
 1878930 948325   32.95741   56   85   34.00000   31.16652  8.33%  34.3 3545s
 1881763 949685   33.00000   61   44   34.00000   31.16667  8.33%  34.3 3550s
 1884733 951059   33.00000   65  110   34.00000   31.16667  8.33%  34.3 3555s
 1887330 952147   32.95741   53   69   34.00000   31.16690  8.33%  34.3 3560s
 1889633 953175   32.00000   55   82   34.00000   31.16755  8.33%  34.3 3565s
 1892077 954165   33.00000   57   97   34.00000   31.16850  8.33%  34.3 3570s
 1893594 954786     cutoff   60        34.00000   31.16940  8.33%  34.3 3575s
 1895912 955675   33.00000   55  104   34.00000   31.17056  8.32%  34.3 3580s
 1898449 956712     cutoff   47        34.00000   31.17180  8.32%  34.3 3585s
 1901084 957854     cutoff   58        34.00000   31.17293  8.31%  34.3 3590s
 1903696 958932   32.06318   41  132   34.00000   31.17429  8.31%  34.3 3595s

Cutting planes:
  Gomory: 71
  Cover: 415
  Implied bound: 114
  MIR: 413
  Mixing: 2
  StrongCG: 4
  Flow cover: 1590
  GUB cover: 40
  Inf proof: 57
  Zero half: 65
  RLT: 111
  Relax-and-lift: 48

Explored 1906286 nodes (65401531 simplex iterations) in 3599.95 seconds (2692.88 work units)
Thread count was 1 (of 16 available processors)

Solution count 10: 34 35 36 ... 46

Time limit reached
Best objective 3.400000000000e+01, best bound 3.200000000000e+01, gap 5.8824%

User-callback calls 5449033, time in user-callback 4.74 sec

 sepatime0
Stat(MathOptInterface.TIME_LIMIT, 34.0, 32.0, 0.058823529411764705, 0.0, 0.047195, 3599.954136133194, 1906286, Main.CFLG.EFP, "", #undef)
