Data path: /scratch/opt/lxu/CFLG/benchmarks/random_B
Instance: r_30_0.4_188.txt
Result path: /scratch/opt/lxu/CFLG/results/random_B
Solver: Gurobi
Time limit: 3600
Formulation: LEFPI
Cover: Small
julia --project=. src/main.jl /scratch/opt/lxu/CFLG/benchmarks/random_B r_30_0.4_188.txt /scratch/opt/lxu/CFLG/results/random_B Gurobi 3600 LEFPI Small
The latest version of Julia in the `release` channel is 1.11.5+0.x64.linux.gnu. You currently have `1.11.4+0.x64.linux.gnu` installed. Run:

  juliaup update

in your terminal shell to install Julia 1.11.5+0.x64.linux.gnu and update the `release` channel to that version.
/scratch/opt/lxu/CFLG/benchmarks/random_B Gurobi 3600.0 /scratch/opt/lxu/CFLG/results/random_B r_30_0.4_188.txt LEFPI Small
/scratch/opt/lxu/CFLG/benchmarks/random_B/r_30_0.4_188.txt

 read graph
data loaded


after absorb:30 30

max_piece:6
problem_graph/original graph: node: 69/30 edge: 227/188 dlt: 0.2001699501077982 break_avg_len: 0.5023621762150057 break_max_len: 0.9917999550727499elapsed CPU time: 0.06493 seconds
Set parameter TokenServer to value "solice01.zib.de"
Set parameter Threads to value 1
Set parameter OutputFlag to value 1
Set parameter MIPGap to value 0.0001
Set parameter MIPGapAbs to value 1
Set parameter TimeLimit to value 3599.93507

 more cuts:false
formulation:LEFPI149 78 39

 model loaded

Gurobi Optimizer version 12.0.1 build v12.0.1rc0 (linux64 - "Debian GNU/Linux 12 (bookworm)")

CPU model: Intel(R) Xeon(R) Gold 5122 CPU @ 3.60GHz, instruction set [SSE2|AVX|AVX2|AVX512]
Thread count: 8 physical cores, 16 logical processors, using up to 1 threads

Non-default parameters:
TimeLimit  3599.93507
MIPGapAbs  1
Threads  1

Optimize a model with 4161 rows, 3065 columns and 8982 nonzeros
Model fingerprint: 0x4c9ddf2b
Model has 1712 simple general constraints
  1712 INDICATOR
Variable types: 750 continuous, 2315 integer (2017 binary)
Coefficient statistics:
  Matrix range     [5e-02, 1e+00]
  Objective range  [1e+00, 1e+00]
  Bounds range     [5e-02, 1e+00]
  RHS range        [6e-05, 2e+00]
  GenCon rhs range [2e-07, 1e+00]
  GenCon coe range [1e+00, 1e+00]
Presolve removed 1784 rows and 1012 columns
Presolve time: 0.09s
Presolved: 2377 rows, 2053 columns, 10316 nonzeros
Variable types: 594 continuous, 1459 integer (1414 binary)
Found heuristic solution: objective 378.0000000
Found heuristic solution: objective 293.0000000

Root relaxation: objective 1.940000e+02, 998 iterations, 0.01 seconds (0.01 work units)

    Nodes    |    Current Node    |     Objective Bounds      |     Work
 Expl Unexpl |  Obj  Depth IntInf | Incumbent    BestBd   Gap | It/Node Time

     0     0  194.00000    0   65  293.00000  194.00000  33.8%     -    0s
H    0     0                     285.0000000  194.00000  31.9%     -    0s
H    0     0                     237.0000000  194.00000  18.1%     -    0s
H    0     0                     229.0000000  194.00000  15.3%     -    0s
     0     0  194.00000    0  107  229.00000  194.00000  15.3%     -    0s
     0     0  194.00000    0   99  229.00000  194.00000  15.3%     -    0s
     0     0  194.00000    0   63  229.00000  194.00000  15.3%     -    0s
     0     0  194.00000    0   73  229.00000  194.00000  15.3%     -    0s
     0     0  194.02922    0  100  229.00000  194.02922  15.3%     -    0s
H    0     0                     228.0000000  194.05767  14.9%     -    0s
H    0     0                     222.0000000  194.05767  12.6%     -    0s
     0     0  194.05767    0  103  222.00000  194.05767  12.6%     -    0s
     0     0  194.70549    0  152  222.00000  194.70549  12.3%     -    0s
     0     0  194.79802    0  146  222.00000  194.79802  12.3%     -    0s
     0     0  194.79802    0  150  222.00000  194.79802  12.3%     -    0s
     0     0  194.79802    0  137  222.00000  194.79802  12.3%     -    0s
     0     0  194.97423    0  155  222.00000  194.97423  12.2%     -    0s
     0     0  195.05446    0  168  222.00000  195.05446  12.1%     -    0s
     0     0  195.05446    0  161  222.00000  195.05446  12.1%     -    0s
     0     0  195.05446    0  164  222.00000  195.05446  12.1%     -    0s
     0     0  195.05446    0  165  222.00000  195.05446  12.1%     -    0s
     0     0  195.49023    0  170  222.00000  195.49023  11.9%     -    0s
     0     0  195.52061    0  197  222.00000  195.52061  11.9%     -    0s
     0     0  195.53475    0  188  222.00000  195.53475  11.9%     -    0s
     0     0  195.53475    0  194  222.00000  195.53475  11.9%     -    0s
     0     0  195.74194    0  165  222.00000  195.74194  11.8%     -    0s
     0     0  195.80710    0  206  222.00000  195.80710  11.8%     -    0s
     0     0  195.81516    0  208  222.00000  195.81516  11.8%     -    0s
     0     0  195.81516    0  211  222.00000  195.81516  11.8%     -    0s
     0     0  196.09279    0  212  222.00000  196.09279  11.7%     -    0s
     0     0  196.13813    0  225  222.00000  196.13813  11.6%     -    0s
     0     0  196.15716    0  230  222.00000  196.15716  11.6%     -    0s
     0     0  196.15848    0  226  222.00000  196.15848  11.6%     -    0s
     0     0  196.46912    0  193  222.00000  196.46912  11.5%     -    0s
     0     0  196.48935    0  223  222.00000  196.48935  11.5%     -    0s
     0     0  196.49423    0  227  222.00000  196.49423  11.5%     -    0s
     0     0  196.49949    0  239  222.00000  196.49949  11.5%     -    0s
     0     0  196.50565    0  245  222.00000  196.50565  11.5%     -    0s
     0     0  196.50689    0  248  222.00000  196.50689  11.5%     -    0s
     0     0  196.79548    0  221  222.00000  196.79548  11.4%     -    0s
     0     0  196.86777    0  217  222.00000  196.86777  11.3%     -    0s
     0     0  196.87635    0  227  222.00000  196.87635  11.3%     -    0s
     0     0  196.87999    0  228  222.00000  196.87999  11.3%     -    0s
     0     0  196.87999    0  229  222.00000  196.87999  11.3%     -    0s
     0     0  197.11636    0  200  222.00000  197.11636  11.2%     -    1s
     0     0  197.20035    0  226  222.00000  197.20035  11.2%     -    1s
     0     0  197.21746    0  257  222.00000  197.21746  11.2%     -    1s
     0     0  197.22024    0  247  222.00000  197.22024  11.2%     -    1s
     0     0  197.22025    0  257  222.00000  197.22025  11.2%     -    1s
     0     0  197.29723    0  253  222.00000  197.29723  11.1%     -    1s
     0     0  197.30305    0  264  222.00000  197.30305  11.1%     -    1s
     0     0  197.30947    0  257  222.00000  197.30947  11.1%     -    1s
     0     0  197.31972    0  274  222.00000  197.31972  11.1%     -    1s
     0     0  197.32799    0  281  222.00000  197.32799  11.1%     -    1s
     0     0  197.32825    0  290  222.00000  197.32825  11.1%     -    1s
     0     0  197.38009    0  197  222.00000  197.38009  11.1%     -    1s
     0     0  197.42341    0  242  222.00000  197.42341  11.1%     -    1s
     0     0  197.43795    0  251  222.00000  197.43795  11.1%     -    1s
     0     0  197.45024    0  275  222.00000  197.45024  11.1%     -    1s
     0     0  197.45269    0  270  222.00000  197.45269  11.1%     -    1s
     0     0  197.54783    0  253  222.00000  197.54783  11.0%     -    1s
     0     0  197.55980    0  263  222.00000  197.55980  11.0%     -    1s
     0     0  197.57402    0  279  222.00000  197.57402  11.0%     -    1s
     0     0  197.57524    0  292  222.00000  197.57524  11.0%     -    1s
     0     0  197.60934    0  275  222.00000  197.60934  11.0%     -    1s
     0     0  197.63441    0  274  222.00000  197.63441  11.0%     -    1s
     0     0  197.63676    0  272  222.00000  197.63676  11.0%     -    1s
     0     0  197.75411    0  236  222.00000  197.75411  10.9%     -    1s
     0     0  197.80328    0  251  222.00000  197.80328  10.9%     -    1s
     0     0  197.81110    0  276  222.00000  197.81110  10.9%     -    1s
     0     0  197.81229    0  269  222.00000  197.81229  10.9%     -    1s
     0     0  197.87287    0  301  222.00000  197.87287  10.9%     -    1s
     0     0  197.89067    0  293  222.00000  197.89067  10.9%     -    1s
     0     0  197.89739    0  312  222.00000  197.89739  10.9%     -    1s
     0     0  197.89887    0  312  222.00000  197.89887  10.9%     -    1s
     0     0  197.94657    0  323  222.00000  197.94657  10.8%     -    1s
     0     0  197.95740    0  336  222.00000  197.95740  10.8%     -    1s
     0     0  197.95911    0  329  222.00000  197.95911  10.8%     -    1s
     0     0  197.98697    0  326  222.00000  197.98697  10.8%     -    1s
     0     0  197.99537    0  341  222.00000  197.99537  10.8%     -    2s
     0     0  197.99620    0  335  222.00000  197.99620  10.8%     -    2s
     0     0  198.00789    0  337  222.00000  198.00789  10.8%     -    2s
     0     0  198.01205    0  293  222.00000  198.01205  10.8%     -    2s
H    0     0                     210.0000000  198.01205  5.71%     -    2s
     0     2  198.01326    0  285  210.00000  198.01326  5.71%     -    2s
   577   519  200.88316   97  235  210.00000  199.88246  4.82%  19.7    5s
   669   580  203.38476   53  299  210.00000  201.50462  4.05%  17.0   10s
   759   642  201.91812   64  229  210.00000  201.91812  3.85%   105   15s
   825   686  202.19081   97  163  210.00000  202.19081  3.72%  96.4   20s
H  855   668                     209.0000000  202.25449  3.23%  93.0   24s
   871   678  207.19159  206  270  209.00000  202.26852  3.22%  91.3   25s
   945   729  203.55040  135  315  209.00000  202.33569  3.19%   173   30s
   989   758  204.07139  110  292  209.00000  202.39126  3.16%   166   35s
  1051   800  206.62061  161  211  209.00000  202.46355  3.13%   226   40s
  1093   828  206.06376  157  197  209.00000  202.50015  3.11%   218   45s
  1334   950  202.56137   48  181  209.00000  202.51428  3.10%   232   50s
  1856  1236  207.04110  115   32  209.00000  202.57289  3.08%   190   55s
  2451  1555  202.83315   56  204  209.00000  202.61021  3.06%   162   60s
  3089  1896  203.46956   69  121  209.00000  202.66570  3.03%   147   65s
  3775  2315  202.89892   51  230  209.00000  202.67816  3.02%   133   70s
  4480  2894  207.08842   86   91  209.00000  202.69092  3.02%   125   75s
  5064  3345  204.00162   82  177  209.00000  202.72062  3.00%   121   80s
  5679  3837  203.16965   56  197  209.00000  202.73196  3.00%   118   85s
  6290  4336  202.79013   50  298  209.00000  202.75608  2.99%   115   90s
  6957  4840  206.90567   85  129  209.00000  202.76952  2.98%   112   95s
  7636  5403  203.18471   56  187  209.00000  202.79086  2.97%   110  100s
  8389  6026  207.21128  135   47  209.00000  202.79769  2.97%   108  105s
  9059  6576  206.34121   79   96  209.00000  202.80828  2.96%   106  110s
  9882  7260  203.14136   63  216  209.00000  202.82738  2.95%   105  115s
 10203  7532  203.66667   71  293  209.00000  202.83360  2.95%   105  131s
 10238  7555  206.17997  102  273  209.00000  202.83360  2.95%   104  135s
 10281  7584  205.02431   86  360  209.00000  202.83360  2.95%   104  140s
 10312  7605  205.26619  104  346  209.00000  202.83360  2.95%   103  145s
 10333  7619  205.93842  106  330  209.00000  202.83360  2.95%   103  150s
 10370  7643  203.77069   60  369  209.00000  202.83360  2.95%   103  155s
 10398  7662  207.14798  121  384  209.00000  202.83360  2.95%   103  160s
 10425  7680  205.65680   76  312  209.00000  202.83360  2.95%   102  165s
 10445  7693  207.71648  123  369  209.00000  202.83360  2.95%   102  170s
 10467  7708  204.18628   77  379  209.00000  202.83360  2.95%   102  175s
 10489  7723  205.51863  113  346  209.00000  202.84319  2.95%   102  180s
 10518  7742  206.00000  130  387  209.00000  202.87889  2.93%   101  185s
 10538  7755  206.17997  102  397  209.00000  202.89130  2.92%   101  190s
 10563  7772  203.00393   59  366  209.00000  202.90519  2.92%   101  195s
 10587  7788  207.01789  111  406  209.00000  202.91817  2.91%   101  200s
H10590  7394                     208.0000000  202.91845  2.44%   120  205s
 10713  7477  205.29708  121   60  208.00000  202.93946  2.43%   120  210s
 10957  7591  204.33766   83  110  208.00000  202.98643  2.41%   120  215s
 11159  7703  205.19772   87  118  208.00000  203.02950  2.39%   122  220s
 11431  7817  206.05232   96   94  208.00000  203.04209  2.38%   123  225s
 11687  7937  203.41010   76  242  208.00000  203.08937  2.36%   124  230s
 11967  8086  203.61471   75  214  208.00000  203.11411  2.35%   123  235s
 12214  8228  204.38491   76  133  208.00000  203.13985  2.34%   124  240s
 12538  8379  203.63735   75  225  208.00000  203.14571  2.33%   125  245s
 12899  8566  203.40288   69  290  208.00000  203.17051  2.32%   125  250s
 13300  8772  203.31048   70  411  208.00000  203.18372  2.32%   125  255s
 13681  8923  205.94108   88  106  208.00000  203.20514  2.31%   125  260s
 14084  9106  204.17244   72  198  208.00000  203.21760  2.30%   126  265s
 14421  9270  204.23859   89  163  208.00000  203.23180  2.29%   126  270s
 14898  9487  203.80098   67  369  208.00000  203.24301  2.29%   126  275s
 15242  9640  204.16073   76  160  208.00000  203.25410  2.28%   126  280s
 15666  9866  205.52542  111  117  208.00000  203.26387  2.28%   127  285s
 16059 10053  204.94007   79  119  208.00000  203.26774  2.28%   127  290s
 16469 10247  203.31378   68  253  208.00000  203.28675  2.27%   127  295s
 16828 10422  205.99314   96   84  208.00000  203.29455  2.26%   128  300s
 17164 10561  204.00446   79  266  208.00000  203.29998  2.26%   128  305s
 17548 10738  204.77651   95  155  208.00000  203.30364  2.26%   129  310s
 17952 10936  204.21684   85  129  208.00000  203.30773  2.26%   129  315s
 18329 11117  204.66877   89  103  208.00000  203.31308  2.25%   129  320s
 18699 11298  205.55520   82  140  208.00000  203.31708  2.25%   130  325s
 19070 11465  203.72626   70  217  208.00000  203.32547  2.25%   130  330s
 19478 11682  205.25396   82  143  208.00000  203.33360  2.24%   130  335s
 19881 11863  203.80984   79  320  208.00000  203.34256  2.24%   130  340s
 20300 12047  203.99861   73  371  208.00000  203.34948  2.24%   130  345s
 20713 12234  205.49974   90  107  208.00000  203.36123  2.23%   131  350s
 21219 12452     cutoff  132       208.00000  203.37106  2.23%   131  355s
 21629 12632  206.00000  135   44  208.00000  203.37728  2.22%   132  360s
 22182 12866  203.63784   67  294  208.00000  203.38390  2.22%   132  365s
 22551 13036  204.77364   84  212  208.00000  203.38599  2.22%   132  370s
 22952 13243  206.02922  107  104  208.00000  203.39033  2.22%   132  375s
 23215 13341  203.64019   69  246  208.00000  203.39260  2.22%   132  380s
 23586 13514  204.14920   76  347  208.00000  203.40099  2.21%   133  385s
 23979 13685  203.86899   82  208  208.00000  203.40361  2.21%   133  390s
 24526 13927  204.07636   74  201  208.00000  203.41039  2.21%   133  395s
 25107 14186  206.28491  138   62  208.00000  203.41443  2.20%   133  400s
 25573 14383  203.79737   81  227  208.00000  203.41693  2.20%   133  405s
 26070 14589  204.47264   89   96  208.00000  203.42293  2.20%   133  410s
 26604 14826  203.72151   69  355  208.00000  203.42691  2.20%   133  415s
 27045 15021  205.85810   94   59  208.00000  203.43335  2.20%   133  420s
 27439 15179  204.28791   79  164  208.00000  203.43747  2.19%   134  425s
 27922 15385  203.51937   72  288  208.00000  203.44367  2.19%   134  430s
 28390 15618  204.48211   75  126  208.00000  203.44975  2.19%   134  435s
 28833 15834  204.79361  101  128  208.00000  203.45534  2.18%   135  440s
 29314 16034  203.70063   75  235  208.00000  203.45644  2.18%   135  445s
 29744 16244  204.40474   78  163  208.00000  203.45985  2.18%   135  450s
 30277 16521  203.58143   71  290  208.00000  203.46336  2.18%   135  455s
 30687 16707  206.03525   89  152  208.00000  203.46630  2.18%   135  460s
 31161 16925  203.84777   78  304  208.00000  203.47204  2.18%   135  465s
 31630 17126  204.32723   93  215  208.00000  203.47625  2.17%   136  470s
 32106 17372  204.17374   79  299  208.00000  203.47845  2.17%   136  475s
 32539 17527  204.13600   81  209  208.00000  203.48332  2.17%   136  480s
 33105 17898  205.56265   85  121  208.00000  203.48500  2.17%   136  485s
 33596 18282  204.17728   80  172  208.00000  203.48829  2.17%   136  490s
 34074 18670  206.45859  142  120  208.00000  203.49119  2.17%   136  495s
 34557 19045  203.91104   73  252  208.00000  203.49513  2.17%   136  500s
 35050 19432  204.40939   82  194  208.00000  203.49759  2.16%   136  505s
 35558 19842  204.31049   80  196  208.00000  203.49920  2.16%   136  510s
 36016 20223  204.27526   65  188  208.00000  203.50060  2.16%   137  515s
 36429 20541  205.97712   97  103  208.00000  203.50327  2.16%   137  520s
 36853 20873  206.67723   98  171  208.00000  203.50535  2.16%   137  525s
 37284 21212  206.00002  111   91  208.00000  203.50811  2.16%   137  530s
 37677 21507  203.94653   74  308  208.00000  203.51091  2.16%   138  535s
 38057 21801  205.29200   93  167  208.00000  203.51301  2.16%   138  540s
 38569 22196  205.00737   89  159  208.00000  203.51504  2.16%   138  545s
 38954 22505     cutoff  129       208.00000  203.51725  2.16%   138  550s
 39404 22832  206.83518   87   62  208.00000  203.51846  2.15%   138  555s
 39894 23225  204.00510   78  311  208.00000  203.52139  2.15%   138  560s
 40401 23641  203.94028   81  275  208.00000  203.52365  2.15%   138  565s
 40819 23955  205.33934   87  128  208.00000  203.52517  2.15%   138  570s
 41275 24289  203.68302   69  369  208.00000  203.52826  2.15%   138  575s
 41749 24677  206.71261  112   74  208.00000  203.52883  2.15%   138  580s
 42184 25036  205.15126  104   70  208.00000  203.53044  2.15%   138  585s
 42608 25343  204.23412   85  198  208.00000  203.53259  2.15%   138  590s
 43093 25724  203.94740   77  205  208.00000  203.53444  2.15%   138  595s
 43615 26127  207.00000  150   49  208.00000  203.53647  2.15%   138  600s
 44087 26471  204.46373   81  147  208.00000  203.53803  2.15%   138  605s
 44512 26807  206.26726  101   70  208.00000  203.53914  2.14%   138  610s
 44940 27124  206.80889   89   58  208.00000  203.54033  2.14%   138  615s
 45401 27497  204.12340   87  237  208.00000  203.54229  2.14%   138  620s
 45876 27866  203.73382   77  426  208.00000  203.54427  2.14%   138  625s
 46325 28225  203.89364   68  327  208.00000  203.54641  2.14%   138  630s
 46800 28595  206.05310   79  209  208.00000  203.54814  2.14%   138  635s
 47231 28916  203.62385   67  418  208.00000  203.54906  2.14%   138  640s
 47638 29230  203.96996   79  379  208.00000  203.55147  2.14%   139  645s
 48057 29568  203.89976   79  348  208.00000  203.55350  2.14%   139  650s
 48520 29945  203.73336   73  267  208.00000  203.55575  2.14%   139  655s
 48919 30241  205.77934  114  144  208.00000  203.55740  2.14%   139  660s
 49322 30562  206.14671  123   90  208.00000  203.55893  2.14%   139  665s
 49734 30886  206.29278   83  145  208.00000  203.56113  2.13%   139  670s
 50157 31198  203.60676   73  369  208.00000  203.56547  2.13%   139  675s
 50538 31480  205.98494  105  133  208.00000  203.56651  2.13%   140  680s
 50973 31803  205.40687  115  105  208.00000  203.56814  2.13%   140  685s
 51509 32218  206.54461  102   99  208.00000  203.57004  2.13%   139  690s
 51933 32557  206.05978  139   59  208.00000  203.57194  2.13%   139  695s
 52498 32966  204.03258   73  293  208.00000  203.57389  2.13%   139  700s
 52879 33251  205.64307  106  138  208.00000  203.57472  2.13%   139  705s
 53326 33603  203.81487   73  325  208.00000  203.57766  2.13%   139  710s
 53693 33893  204.67909   76  141  208.00000  203.57910  2.13%   140  715s
 54108 34172  203.94655   73  241  208.00000  203.58141  2.12%   140  720s
 54603 34551  203.73418   73  279  208.00000  203.58334  2.12%   140  725s
 55053 34921  204.47985   85  277  208.00000  203.58456  2.12%   140  730s
 55515 35268  204.34827   73  341  208.00000  203.58745  2.12%   140  735s
 55901 35566  204.10330   77  333  208.00000  203.58874  2.12%   140  740s
 56298 35867  204.82459   90   98  208.00000  203.59072  2.12%   140  745s
 56772 36195  207.00000  113   40  208.00000  203.59176  2.12%   140  750s
 57237 36521  204.20282   90  188  208.00000  203.59491  2.12%   140  755s
 57692 36882  204.13286   81  201  208.00000  203.59626  2.12%   140  760s
 58166 37232  203.85688   74  331  208.00000  203.59790  2.12%   140  765s
 58609 37585  204.43458   80  238  208.00000  203.59899  2.12%   140  770s
 58991 37893  205.52959   95  149  208.00000  203.60104  2.11%   140  775s
 59381 38181  204.17677   83  389  208.00000  203.60242  2.11%   140  780s
 59859 38561  204.11278   82  258  208.00000  203.60310  2.11%   140  785s
 60216 38835  205.26900   87  139  208.00000  203.60476  2.11%   140  790s
 60651 39133  203.92503   69  372  208.00000  203.60649  2.11%   141  795s
 61089 39452  204.03132   73  287  208.00000  203.60746  2.11%   141  800s
 61514 39799  206.21001   95   80  208.00000  203.60798  2.11%   141  805s
 61949 40127  204.10911   78  235  208.00000  203.60884  2.11%   141  810s
 62348 40442  206.31298   89  141  208.00000  203.60958  2.11%   141  815s
 62751 40751  204.92883   90  166  208.00000  203.61041  2.11%   141  820s
 63131 41039  204.18908   71  219  208.00000  203.61195  2.11%   141  825s
 63514 41336  203.96550   74  286  208.00000  203.61317  2.11%   141  830s
 63981 41730  205.33375  105   79  208.00000  203.61423  2.11%   141  835s
 64372 42033  204.34302   86   89  208.00000  203.61519  2.11%   141  840s
 64811 42344  204.21930   86  142  208.00000  203.61637  2.11%   141  845s
 65200 42646  206.01042   87   89  208.00000  203.61824  2.11%   141  850s
 65628 42967  205.00226   84  104  208.00000  203.61941  2.11%   141  855s
 66216 43401  205.20098   98  125  208.00000  203.62106  2.11%   141  860s
 66642 43740  204.20000   90  309  208.00000  203.62238  2.10%   141  865s
 67034 44027  204.59401   78  209  208.00000  203.62376  2.10%   141  870s
 67452 44344  204.19585   81  283  208.00000  203.62471  2.10%   141  875s
 67847 44625  204.05586   77  275  208.00000  203.62599  2.10%   141  880s
 68240 44956  203.87799   72  339  208.00000  203.62690  2.10%   141  888s
 68298 45002  203.83976   76  373  208.00000  203.62699  2.10%   141  890s
 68748 45348  203.85413   84  184  208.00000  203.62731  2.10%   141  895s
 69179 45669  204.59782   98  147  208.00000  203.62847  2.10%   141  900s
 69648 46022  206.58534  127   71  208.00000  203.62940  2.10%   141  905s
 70053 46335  204.27990   82  144  208.00000  203.63115  2.10%   141  910s
 70509 46684  204.35018   82  358  208.00000  203.63263  2.10%   141  915s
 70917 47000  205.75341   94  157  208.00000  203.63491  2.10%   141  920s
 71414 47405  207.00000  162   28  208.00000  203.63626  2.10%   141  925s
 71825 47671  204.69515   87  276  208.00000  203.63812  2.10%   141  930s
 72266 48026  205.70795  105  224  208.00000  203.63951  2.10%   141  935s
 72692 48325  204.25429   81  313  208.00000  203.64096  2.10%   141  940s
 73061 48565  204.32555   81  250  208.00000  203.64150  2.10%   142  945s
 73516 48927  205.36690  100  162  208.00000  203.64247  2.09%   142  950s
 73862 49186     cutoff   85       208.00000  203.64286  2.09%   142  955s
 74281 49505  204.81631   92  121  208.00000  203.64357  2.09%   142  960s
 74683 49800  203.73819   76  329  208.00000  203.64440  2.09%   142  965s
 75095 50121  204.11905   76  315  208.00000  203.64533  2.09%   142  970s
 75461 50411  204.18966   87  235  208.00000  203.64723  2.09%   142  975s
 75904 50751  204.84364   83  199  208.00000  203.64829  2.09%   142  980s
 76372 51102     cutoff   99       208.00000  203.64993  2.09%   142  985s
 76703 51321  204.39693   73  240  208.00000  203.65068  2.09%   142  990s
 77050 51585  204.83653   78  259  208.00000  203.65187  2.09%   142  995s
 77484 51896  205.78833   98   71  208.00000  203.65274  2.09%   142 1000s
 77896 52225     cutoff  110       208.00000  203.65462  2.09%   142 1005s
 78344 52557  203.79333   80  340  208.00000  203.65551  2.09%   142 1010s
 78709 52854  204.40091   78  300  208.00000  203.65644  2.09%   143 1015s
 79020 53092  204.27560   77  283  208.00000  203.65733  2.09%   143 1020s
 79362 53359  205.12667   91  173  208.00000  203.65786  2.09%   143 1025s
 79778 53684  204.40627   78  264  208.00000  203.65903  2.09%   143 1030s
 80251 54043  204.43612   84  268  208.00000  203.66045  2.09%   143 1035s
 80692 54385  204.97335   91  102  208.00000  203.66118  2.09%   143 1040s
 81118 54701  204.50887   80  343  208.00000  203.66251  2.09%   143 1045s
 81596 55097  206.00000  136   31  208.00000  203.66305  2.09%   143 1050s
 82097 55484  207.00000  160    8  208.00000  203.66447  2.08%   143 1055s
 82478 55762  206.57555  143   93  208.00000  203.66622  2.08%   143 1060s
 82869 56032  203.91463   86  331  208.00000  203.66749  2.08%   143 1065s
 83245 56279  204.71552   81  246  208.00000  203.66820  2.08%   143 1070s
 83703 56614  206.32499   87   77  208.00000  203.66921  2.08%   143 1075s
 84125 56927  204.49086   83  126  208.00000  203.66998  2.08%   143 1080s
 84481 57199  204.03169   73  240  208.00000  203.67075  2.08%   143 1085s
 84805 57428  204.12415   75  357  208.00000  203.67152  2.08%   144 1090s
 85235 57754  204.23746   82  321  208.00000  203.67251  2.08%   144 1095s
 85677 58097  205.20233   92  161  208.00000  203.67404  2.08%   144 1100s
 86056 58352  205.26720   89  199  208.00000  203.67519  2.08%   144 1105s
 86440 58613  204.33065   72  326  208.00000  203.67619  2.08%   144 1110s
 86869 58922  204.83805   77  223  208.00000  203.67672  2.08%   144 1115s
 87292 59242  205.68198  102  133  208.00000  203.67801  2.08%   144 1120s
 87738 59581  204.03962   78  359  208.00000  203.68013  2.08%   144 1125s
 88154 59907  206.46733   86  102  208.00000  203.68063  2.08%   144 1130s
 88538 60177  206.51422   78   96  208.00000  203.68162  2.08%   144 1135s
 89006 60492  204.36612   89  202  208.00000  203.68265  2.08%   144 1140s
 89463 60850  204.10465   83  226  208.00000  203.68350  2.08%   144 1145s
 89964 61234  206.00000   93   57  208.00000  203.68492  2.07%   144 1150s
 90334 61493  204.09607   74  363  208.00000  203.68598  2.07%   144 1155s
 90737 61793  205.09079   82  173  208.00000  203.68703  2.07%   144 1160s
 91146 62089  204.63038   70  191  208.00000  203.68804  2.07%   144 1165s
 91567 62418  204.49529   84  216  208.00000  203.68975  2.07%   144 1170s
 92037 62794  204.17752   81  328  208.00000  203.69051  2.07%   144 1175s
 92354 63018  204.45240   81  175  208.00000  203.69140  2.07%   144 1180s
 92790 63334  203.87889   75  295  208.00000  203.69228  2.07%   144 1185s
 93200 63659  204.94034   80  160  208.00000  203.69322  2.07%   144 1190s
 93583 63940  204.70979   76  186  208.00000  203.69412  2.07%   144 1195s
 94047 64300  206.46157  161   37  208.00000  203.69539  2.07%   144 1200s
 94353 64514  205.60869  103   88  208.00000  203.69627  2.07%   144 1205s
 94783 64842  204.23382   75  259  208.00000  203.69728  2.07%   144 1210s
 95243 65194  204.42381   87  211  208.00000  203.69799  2.07%   144 1215s
 95635 65478  204.26230   85  258  208.00000  203.69865  2.07%   145 1220s
 96065 65796  205.34424   79  117  208.00000  203.70028  2.07%   145 1225s
 96448 66074  205.13775   87  188  208.00000  203.70134  2.07%   145 1230s
 96839 66368  205.02042   75  190  208.00000  203.70222  2.07%   145 1235s
 97327 66717  204.24034   81  388  208.00000  203.70312  2.07%   145 1240s
 97712 67007  204.16428   71  277  208.00000  203.70409  2.07%   145 1245s
 98117 67317  204.98324   87  151  208.00000  203.70503  2.06%   145 1250s
 98553 67636  204.12388   87  346  208.00000  203.70634  2.06%   145 1255s
 98980 67942  204.76744   94  240  208.00000  203.70762  2.06%   145 1260s
 99428 68254  206.39603  124   50  208.00000  203.70908  2.06%   145 1265s
 99875 68542  203.91622   77  212  208.00000  203.71082  2.06%   145 1270s
 100251 68807  206.87609  107  104  208.00000  203.71209  2.06%   145 1275s
 100583 69035  205.79356   98   71  208.00000  203.71289  2.06%   145 1280s
 100984 69317  205.21076   92  126  208.00000  203.71362  2.06%   145 1285s
 101453 69699  205.06402   98  128  208.00000  203.71527  2.06%   145 1290s
 101864 69996  205.09918   84  147  208.00000  203.71588  2.06%   145 1295s
 102372 70385  204.30856   67  292  208.00000  203.71705  2.06%   145 1300s
 102812 70709  204.26364   72  303  208.00000  203.71882  2.06%   145 1305s
 103139 70936  204.17624   75  317  208.00000  203.71959  2.06%   145 1310s
 103581 71258  205.96012  104  104  208.00000  203.72045  2.06%   145 1315s
 103974 71572  204.51168   75  198  208.00000  203.72129  2.06%   145 1320s
 104402 71877  203.73268   74  346  208.00000  203.72210  2.06%   145 1325s
 104905 72228  205.60385   99  125  208.00000  203.72284  2.06%   145 1330s
 105337 72524  203.97238   74  220  208.00000  203.72369  2.06%   145 1335s
 105689 72774  205.34210  101  194  208.00000  203.72475  2.06%   145 1340s
 106154 73124  204.09294   73  246  208.00000  203.72574  2.05%   145 1345s
 106570 73435  204.47021   82  342  208.00000  203.72716  2.05%   145 1367s
 106679 73528  206.00000   93   34  208.00000  203.72733  2.05%   145 1370s
 107081 73805  204.06960   76  246  208.00000  203.72846  2.05%   145 1375s
 107524 74126  207.00000  128   75  208.00000  203.72899  2.05%   145 1380s
 107873 74386  206.48039  101  117  208.00000  203.72981  2.05%   145 1385s
 108279 74689  203.98196   72  148  208.00000  203.73050  2.05%   145 1390s
 108688 74979  203.76492   75  303  208.00000  203.73117  2.05%   145 1395s
 109103 75270  204.01604   73  282  208.00000  203.73203  2.05%   145 1400s
 109585 75628  204.34793   80  230  208.00000  203.73255  2.05%   145 1405s
 110008 75936  205.36152   82  141  208.00000  203.73379  2.05%   145 1410s
 110419 76212  203.98303   78  339  208.00000  203.73443  2.05%   145 1415s
 110860 76555  204.43227   83  258  208.00000  203.73496  2.05%   145 1420s
 111298 76859  206.02013   85  287  208.00000  203.73626  2.05%   145 1425s
 111720 77170  205.07816   93  154  208.00000  203.73733  2.05%   145 1430s
 112135 77495  204.47027   88  135  208.00000  203.73795  2.05%   145 1435s
 112557 77792  204.09204   74  297  208.00000  203.73871  2.05%   145 1440s
 112970 78119  204.18449   77  216  208.00000  203.73995  2.05%   145 1445s
 113326 78391  204.89901   83  182  208.00000  203.74101  2.05%   145 1450s
 113763 78691  204.14703   79  308  208.00000  203.74209  2.05%   145 1455s
 114195 79040  204.04210   67  316  208.00000  203.74275  2.05%   145 1460s
 114628 79373  204.32051   79  210  208.00000  203.74325  2.05%   145 1465s
 114991 79624  204.52432   79  180  208.00000  203.74376  2.05%   145 1470s
 115354 79888  205.53565   84  143  208.00000  203.74511  2.05%   145 1475s
 115761 80208  203.97820   78  372  208.00000  203.74585  2.05%   146 1480s
 116176 80494  203.88885   67  303  208.00000  203.74690  2.04%   146 1485s
 116643 80831  205.09350   72  106  208.00000  203.74741  2.04%   146 1490s
 116952 81032  204.29832   72  252  208.00000  203.74814  2.04%   146 1495s
 117314 81286  204.42295   84  176  208.00000  203.74845  2.04%   146 1500s
 117708 81599  204.48895   95  335  208.00000  203.74921  2.04%   146 1505s
 118095 81898  204.57499   81  139  208.00000  203.75037  2.04%   146 1510s
 118556 82231  206.04843   90   88  208.00000  203.75106  2.04%   146 1515s
 119018 82537  205.38803   81  112  208.00000  203.75154  2.04%   146 1520s
 119406 82840  204.82386   96  187  208.00000  203.75199  2.04%   146 1525s
 119854 83143  203.78806   71  323  208.00000  203.75268  2.04%   146 1530s
 120299 83471  204.28765   76  278  208.00000  203.75330  2.04%   146 1535s
 120699 83768  204.26450   86  367  208.00000  203.75404  2.04%   146 1540s
 121050 84022  204.62328   90  242  208.00000  203.75465  2.04%   146 1545s
 121444 84313  204.48487   77  211  208.00000  203.75604  2.04%   146 1550s
 121904 84671  205.10868   81  180  208.00000  203.75721  2.04%   146 1555s
 122364 84998  206.71460   99  108  208.00000  203.75770  2.04%   146 1560s
 122749 85290  205.17595   77  235  208.00000  203.75884  2.04%   146 1565s
 123145 85594  204.57365   83  307  208.00000  203.75940  2.04%   146 1570s
 123574 85906  204.99683   90  134  208.00000  203.76041  2.04%   146 1575s
 124010 86242  204.11171   87  261  208.00000  203.76110  2.04%   146 1580s
 124399 86540     cutoff  115       208.00000  203.76140  2.04%   146 1585s
 124821 86859  205.04259   96  116  208.00000  203.76166  2.04%   146 1590s
 125190 87116  204.33678   80  181  208.00000  203.76296  2.04%   146 1595s
 125583 87387  206.11261   89  109  208.00000  203.76347  2.04%   146 1600s
 126028 87722  205.03849  103  211  208.00000  203.76435  2.04%   146 1605s
 126430 88028  207.00000  132   47  208.00000  203.76485  2.04%   146 1610s
 126799 88290  204.85057   84  342  208.00000  203.76560  2.04%   146 1615s
 127230 88615  204.08035   80  318  208.00000  203.76648  2.04%   146 1620s
 127594 88903  205.20315   88  153  208.00000  203.76715  2.04%   146 1625s
 128001 89153  206.30869   98   86  208.00000  203.76795  2.03%   146 1630s
 128420 89463  204.24645   79  347  208.00000  203.76923  2.03%   146 1635s
 128809 89755  206.03129   82  108  208.00000  203.76964  2.03%   146 1640s
 129258 90108  206.00808   84   50  208.00000  203.77078  2.03%   146 1645s
 129672 90417  206.37223   99   67  208.00000  203.77205  2.03%   146 1650s
 130069 90703  204.10476   74  331  208.00000  203.77290  2.03%   146 1655s
 130465 90995  206.18435  105   85  208.00000  203.77332  2.03%   146 1660s
 130899 91317  204.50650   78  308  208.00000  203.77378  2.03%   146 1665s
 131248 91592  204.83868  102  142  208.00000  203.77436  2.03%   147 1670s
 131611 91844  205.43902   92  132  208.00000  203.77478  2.03%   147 1675s
 132095 92215  204.13893   70  427  208.00000  203.77573  2.03%   147 1680s
 132491 92506  206.70881  110   78  208.00000  203.77618  2.03%   147 1685s
 132896 92765  204.51394   87  174  208.00000  203.77680  2.03%   147 1690s
 133307 93064  204.66500   85  155  208.00000  203.77766  2.03%   147 1695s
 133718 93379  206.36253  104  173  208.00000  203.77802  2.03%   147 1700s
 134191 93716  204.51912   79  276  208.00000  203.77874  2.03%   147 1705s
 134520 93962  206.20043  112  125  208.00000  203.77921  2.03%   147 1710s
 134904 94258  205.29000  104   96  208.00000  203.78002  2.03%   147 1715s
 135319 94547  206.00000  125   79  208.00000  203.78114  2.03%   147 1720s
 135689 94801  204.97212   74  176  208.00000  203.78170  2.03%   147 1725s
 136068 95075  205.80742   89  107  208.00000  203.78253  2.03%   147 1730s
 136514 95394  206.55518  104   99  208.00000  203.78316  2.03%   147 1735s
 136872 95644  203.80330   78  362  208.00000  203.78375  2.03%   147 1740s
 137336 96007  204.88193   80  202  208.00000  203.78440  2.03%   147 1745s
 137773 96318  204.79856   77  171  208.00000  203.78490  2.03%   147 1750s
 138148 96589  204.13690   71  318  208.00000  203.78526  2.03%   147 1755s
 138470 96826  205.34060   87  118  208.00000  203.78580  2.03%   147 1760s
 138946 97148  204.76523   89  184  208.00000  203.78606  2.03%   147 1765s
 139320 97408  204.32018   75  265  208.00000  203.78662  2.03%   147 1770s
 139713 97674     cutoff  112       208.00000  203.78712  2.03%   147 1775s
 140154 98017  205.67189   82  208  208.00000  203.78801  2.02%   147 1780s
 140511 98284  205.52553   87  113  208.00000  203.78859  2.02%   147 1785s
 140883 98553  205.82927  102  132  208.00000  203.78937  2.02%   147 1790s
 141232 98822  206.07134  101  126  208.00000  203.79002  2.02%   147 1795s
 141610 99095  204.38463   83  275  208.00000  203.79042  2.02%   147 1800s
 142030 99400  204.27385   80  399  208.00000  203.79108  2.02%   147 1805s
 142380 99665     cutoff  119       208.00000  203.79162  2.02%   147 1810s
 142876 100056  204.80917   98  174  208.00000  203.79185  2.02%   147 1815s
 143314 100393  206.57320  103  109  208.00000  203.79245  2.02%   147 1820s
 143717 100684  205.24181   82  209  208.00000  203.79294  2.02%   147 1825s
 144184 101028  204.80042   80  245  208.00000  203.79354  2.02%   147 1830s
 144588 101309  204.42885   76  309  208.00000  203.79458  2.02%   147 1835s
 144935 101556  205.55237  121  161  208.00000  203.79527  2.02%   147 1840s
 145303 101838  203.93803   73  359  208.00000  203.79565  2.02%   147 1845s
 145719 102119  204.47963   78  269  208.00000  203.79644  2.02%   147 1850s
 146244 102549  206.01401  105  135  208.00000  203.79687  2.02%   147 1855s
 146635 102819  204.17602   83  153  208.00000  203.79740  2.02%   147 1860s
 147182 103208  205.13228   89  132  208.00000  203.79772  2.02%   147 1865s
 147516 103450  204.77552   84  211  208.00000  203.79859  2.02%   147 1870s
 147929 103793  205.71195  145   99  208.00000  203.79905  2.02%   147 1875s
 148327 104042  205.67251   98  184  208.00000  203.79975  2.02%   147 1880s
 148758 104376  206.25000  131   43  208.00000  203.80065  2.02%   147 1885s
 149120 104628  205.74535  105   98  208.00000  203.80166  2.02%   147 1890s
 149547 104946  205.39039   85  201  208.00000  203.80221  2.02%   147 1895s
 149915 105221  204.04194   78  279  208.00000  203.80307  2.02%   147 1900s
 150363 105521  204.17350   79  166  208.00000  203.80357  2.02%   147 1905s
 150788 105820     cutoff  109       208.00000  203.80403  2.02%   147 1910s
 151146 106096  204.74922   87  222  208.00000  203.80463  2.02%   147 1915s
 151542 106394  204.44512   70  256  208.00000  203.80512  2.02%   147 1920s
 151917 106685  204.79666   85  207  208.00000  203.80558  2.02%   147 1925s
 152468 107099  204.49824   86  179  208.00000  203.80587  2.02%   147 1930s
 152923 107404  204.65223   86  182  208.00000  203.80631  2.02%   147 1935s
 153344 107703  204.27260   85  189  208.00000  203.80691  2.02%   147 1940s
 153785 108035  204.28588   91  294  208.00000  203.80750  2.02%   147 1945s
 154152 108321  205.16079   82  184  208.00000  203.80779  2.02%   147 1950s
 154535 108601  205.80417   90  141  208.00000  203.80878  2.02%   147 1955s
 154927 108887  205.72137   89  113  208.00000  203.80922  2.01%   147 1960s
 155327 109180  204.18059   77  285  208.00000  203.80953  2.01%   147 1965s
 155753 109469  206.00341   92  170  208.00000  203.81009  2.01%   147 1970s
 156155 109782  207.00000  100   41  208.00000  203.81092  2.01%   147 1975s
 156487 110007  205.18957   84  144  208.00000  203.81216  2.01%   147 1980s
 156843 110265  204.50423   79  242  208.00000  203.81233  2.01%   148 1985s
 157255 110574  205.13306   89  149  208.00000  203.81300  2.01%   148 1990s
 157656 110875  204.43842   72  258  208.00000  203.81367  2.01%   148 1995s
 158000 111102  203.99599   70  251  208.00000  203.81419  2.01%   148 2000s
 158438 111420  204.32395   75  223  208.00000  203.81461  2.01%   148 2005s
 158844 111726  205.25008   79   94  208.00000  203.81478  2.01%   148 2010s
 159267 112008  207.00000  108   69  208.00000  203.81541  2.01%   148 2015s
 159654 112298  204.53542   75  219  208.00000  203.81603  2.01%   148 2020s
 160069 112610  206.27442   99  123  208.00000  203.81651  2.01%   148 2025s
 160443 112873  204.94212   88  210  208.00000  203.81695  2.01%   148 2030s
 160819 113139  205.51616   89  152  208.00000  203.81768  2.01%   148 2035s
 161256 113407  204.59497   84  145  208.00000  203.81848  2.01%   148 2040s
 161699 113733  205.18480   83  104  208.00000  203.81889  2.01%   148 2045s
 162228 114123  203.90885   73  336  208.00000  203.81937  2.01%   148 2050s
 162637 114392  205.00201   81  184  208.00000  203.81984  2.01%   148 2055s
 163064 114709  205.50000  109   69  208.00000  203.82056  2.01%   148 2060s
 163437 114972  205.96155  110  128  208.00000  203.82078  2.01%   148 2065s
 163896 115258  207.00000   95   54  208.00000  203.82133  2.01%   148 2070s
 164316 115570  205.20409   91  192  208.00000  203.82186  2.01%   148 2075s
 164729 115865  204.08183   72  333  208.00000  203.82288  2.01%   148 2080s
 165146 116180  204.31338   76  376  208.00000  203.82328  2.01%   148 2085s
 165502 116426  205.78505  102  105  208.00000  203.82410  2.01%   148 2090s
 165929 116726  204.44502   84  303  208.00000  203.82459  2.01%   148 2095s
 166402 117038  204.51315   92  257  208.00000  203.82505  2.01%   148 2100s
 166802 117332  206.08098  109   59  208.00000  203.82574  2.01%   148 2105s
 167250 117632  205.19660   91  166  208.00000  203.82640  2.01%   148 2110s
 167605 117874  204.16195   79  245  208.00000  203.82714  2.01%   148 2115s
 167967 118162     cutoff  121       208.00000  203.82752  2.01%   148 2120s
 168374 118444  204.49988   78  184  208.00000  203.82778  2.01%   148 2125s
 168810 118771  206.12529  105  135  208.00000  203.82822  2.01%   148 2130s
 169264 119130  205.89975   89  115  208.00000  203.82896  2.01%   148 2135s
 169671 119448  205.37823  114   98  208.00000  203.82916  2.01%   148 2140s
 170140 119804  205.16234   92   91  208.00000  203.82981  2.00%   148 2145s
 170633 120184  206.12783  115  109  208.00000  203.83033  2.00%   148 2150s
 171061 120479  204.39600   81  332  208.00000  203.83124  2.00%   148 2155s
 171465 120793  204.98787   87  192  208.00000  203.83173  2.00%   148 2160s
 171874 121086  204.88274   71  249  208.00000  203.83257  2.00%   148 2165s
 172187 121293  204.40890   87  237  208.00000  203.83316  2.00%   148 2170s
 172570 121563  204.09578   75  306  208.00000  203.83362  2.00%   148 2175s
 173055 121913  204.77477   73  272  208.00000  203.83474  2.00%   148 2180s
 173413 122165  204.52221   73  188  208.00000  203.83515  2.00%   148 2185s
 173822 122485  204.46623   77  167  208.00000  203.83584  2.00%   148 2190s
 174286 122827     cutoff  111       208.00000  203.83604  2.00%   148 2195s
 174694 123134  206.36810   94  141  208.00000  203.83652  2.00%   148 2200s
 175107 123403  203.98929   77  328  208.00000  203.83737  2.00%   148 2205s
 175574 123728  204.37196   80  213  208.00000  203.83759  2.00%   148 2210s
 176028 124050  204.56013   81  266  208.00000  203.83847  2.00%   148 2215s
 176392 124292  204.76482   83  131  208.00000  203.83887  2.00%   148 2220s
 176786 124569  204.41326   83  272  208.00000  203.83924  2.00%   148 2225s
 177206 124895  204.34332   80  244  208.00000  203.84017  2.00%   148 2230s
 177629 125231  204.94877   81  310  208.00000  203.84063  2.00%   148 2235s
 177988 125496  204.61818   74  188  208.00000  203.84127  2.00%   148 2240s
 178487 125844  204.03876   76  212  208.00000  203.84182  2.00%   148 2245s
 178865 126132  207.00000   90   78  208.00000  203.84220  2.00%   148 2250s
 179224 126394  204.62043   84  232  208.00000  203.84274  2.00%   148 2255s
 179643 126713  204.86665   82  149  208.00000  203.84346  2.00%   148 2260s
 179995 126966  205.50857   91  113  208.00000  203.84420  2.00%   148 2265s
 180403 127230  204.21372   75  291  208.00000  203.84483  2.00%   148 2270s
 180806 127533  204.03122   76  334  208.00000  203.84519  2.00%   148 2275s
 181253 127875  204.84708   79  178  208.00000  203.84566  2.00%   148 2280s
 181652 128136  206.99326   93   52  208.00000  203.84613  2.00%   148 2285s
 182037 128404  204.80360   80  255  208.00000  203.84643  2.00%   148 2290s
 182436 128698  204.30327   82  363  208.00000  203.84681  2.00%   148 2295s
 182879 129035  204.36124   77  280  208.00000  203.84718  2.00%   148 2300s
 183297 129338  205.29620   90   73  208.00000  203.84793  2.00%   148 2305s
 183787 129720  207.00000  151    8  208.00000  203.84831  2.00%   148 2310s
 184208 130017     cutoff  126       208.00000  203.84877  2.00%   148 2315s
 184575 130276  205.21683   95  145  208.00000  203.84927  2.00%   148 2320s
 184989 130568  204.39524   87  186  208.00000  203.84993  2.00%   148 2325s
 185403 130889  206.00000  122   36  208.00000  203.85080  1.99%   148 2330s
 185707 131112     cutoff   87       208.00000  203.85118  1.99%   148 2335s
 186156 131437  204.48800   72  269  208.00000  203.85174  1.99%   148 2340s
 186557 131727  205.23217   85  188  208.00000  203.85227  1.99%   148 2345s
 186974 132032  204.73564   75  207  208.00000  203.85289  1.99%   148 2350s
 187422 132353  204.05585   80  334  208.00000  203.85310  1.99%   148 2355s
 187931 132766  204.70144   82  333  208.00000  203.85375  1.99%   148 2360s
 188300 133043  204.88871   79  227  208.00000  203.85400  1.99%   148 2365s
 188683 133282  204.80677   98  155  208.00000  203.85414  1.99%   148 2370s
 189100 133577  205.49201  107  109  208.00000  203.85495  1.99%   148 2375s
 189465 133823  205.79147   87  126  208.00000  203.85542  1.99%   148 2380s
 189877 134092  206.84324  101  101  208.00000  203.85593  1.99%   148 2385s
 190273 134382  206.50000  104   78  208.00000  203.85630  1.99%   148 2390s
 190671 134684  204.34615   76  242  208.00000  203.85692  1.99%   148 2395s
 191122 135011  206.37558   98   96  208.00000  203.85717  1.99%   148 2400s
 191482 135261  204.85948   79  337  208.00000  203.85780  1.99%   148 2405s
 191928 135561  205.49083   85  172  208.00000  203.85809  1.99%   148 2410s
 192372 135852  205.11938   79  111  208.00000  203.85896  1.99%   148 2415s
 192785 136174  206.15125  105   98  208.00000  203.85925  1.99%   148 2420s
 193227 136432  204.80346   96  202  208.00000  203.85964  1.99%   148 2425s
 193747 136839  204.29812   83  203  208.00000  203.86015  1.99%   148 2430s
 194138 137123  204.89065   77  211  208.00000  203.86071  1.99%   148 2435s
 194614 137449  204.55089   83  274  208.00000  203.86137  1.99%   148 2440s
 195027 137765  205.45065   93  138  208.00000  203.86171  1.99%   148 2445s
 195427 138067  204.39341   80  315  208.00000  203.86199  1.99%   148 2450s
 195881 138394  206.02352   89  114  208.00000  203.86246  1.99%   148 2455s
 196335 138725  204.61516   81  125  208.00000  203.86300  1.99%   148 2460s
 196813 139045  204.40400   76  277  208.00000  203.86367  1.99%   148 2465s
 197241 139369     cutoff   90       208.00000  203.86390  1.99%   148 2470s
 197615 139631  204.70232   98  110  208.00000  203.86457  1.99%   148 2475s
 198133 140001  206.00215  121   77  208.00000  203.86497  1.99%   148 2480s
 198541 140300  205.30290   86   95  208.00000  203.86539  1.99%   148 2485s
 198930 140556  204.69625   79  364  208.00000  203.86570  1.99%   148 2490s
 199344 140873  206.95674  104   89  208.00000  203.86611  1.99%   148 2495s
 199725 141158  205.66140  100   92  208.00000  203.86669  1.99%   148 2500s
 200127 141434  205.52174   79  142  208.00000  203.86737  1.99%   148 2505s
 200525 141715  204.81609   82  174  208.00000  203.86834  1.99%   148 2510s
 200984 142069  205.36813   96  151  208.00000  203.86874  1.99%   148 2515s
 201301 142280  205.95073   89   94  208.00000  203.86936  1.99%   148 2520s
 201760 142614  205.43276  102  101  208.00000  203.86968  1.99%   148 2525s
 202352 142998  204.50821   88  160  208.00000  203.87001  1.99%   148 2530s
 202815 143292  204.50888   79  340  208.00000  203.87056  1.99%   148 2535s
 203192 143578  205.66108   82  288  208.00000  203.87082  1.99%   148 2540s
 203569 143848  204.06911   68  265  208.00000  203.87155  1.98%   148 2545s
 204004 144162  204.46874   80  303  208.00000  203.87197  1.98%   148 2550s
 204367 144418  205.39912   97  170  208.00000  203.87236  1.98%   148 2555s
 204798 144744  204.89442   78  125  208.00000  203.87265  1.98%   148 2560s
 205229 145058     cutoff  102       208.00000  203.87345  1.98%   148 2565s
 205665 145370  206.36450  113   50  208.00000  203.87394  1.98%   148 2570s
 206097 145661  206.00000   99   29  208.00000  203.87433  1.98%   148 2575s
 206490 145950  204.54489   86  337  208.00000  203.87462  1.98%   148 2580s
 206860 146228  205.21409   78  101  208.00000  203.87493  1.98%   148 2585s
 207276 146503  204.47727   89  336  208.00000  203.87617  1.98%   148 2590s
 207826 146945  206.05526  176   23  208.00000  203.87649  1.98%   148 2595s
 208222 147223  204.34532   76  254  208.00000  203.87720  1.98%   148 2600s
 208629 147508  204.21188   73  347  208.00000  203.87751  1.98%   148 2605s
 209086 147858  204.16373   78  297  208.00000  203.87828  1.98%   148 2610s
 209432 148112  204.19105   69  338  208.00000  203.87856  1.98%   148 2615s
 209821 148406  204.42205   75  353  208.00000  203.87904  1.98%   148 2620s
 210182 148668  203.94866   80  311  208.00000  203.87976  1.98%   148 2625s
 210565 148955  206.24928  107   84  208.00000  203.88015  1.98%   148 2630s
 211069 149315  204.27295   76  324  208.00000  203.88058  1.98%   148 2635s
 211538 149629  204.81173   73  293  208.00000  203.88090  1.98%   148 2640s
 211993 149965  204.68322   82  233  208.00000  203.88138  1.98%   147 2645s
 212402 150265  205.43864   93  106  208.00000  203.88150  1.98%   147 2650s
 212863 150573  204.72603   80  295  208.00000  203.88244  1.98%   147 2655s
 213302 150910  205.09219   90  136  208.00000  203.88302  1.98%   147 2660s
 213717 151187  204.51405   79  274  208.00000  203.88361  1.98%   147 2665s
 214157 151506  204.29323   78  257  208.00000  203.88411  1.98%   147 2670s
 214546 151810  206.29235   99  129  208.00000  203.88447  1.98%   147 2675s
 214985 152120  204.66602   84  277  208.00000  203.88495  1.98%   147 2680s
 215347 152396  204.19397   74  213  208.00000  203.88550  1.98%   148 2685s
 215745 152692  207.00000  140   43  208.00000  203.88576  1.98%   148 2690s
 216185 152963  204.47431   73  317  208.00000  203.88599  1.98%   148 2695s
 216586 153256  205.19281   92  141  208.00000  203.88679  1.98%   148 2700s
 216997 153539  205.15608   85  260  208.00000  203.88736  1.98%   148 2705s
 217435 153836  204.15965   74  244  208.00000  203.88790  1.98%   148 2710s
 217841 154159  206.25333  133   61  208.00000  203.88820  1.98%   148 2715s
 218288 154501  206.17977  107   43  208.00000  203.88896  1.98%   148 2720s
 218713 154789  204.86108   83  399  208.00000  203.88982  1.98%   148 2725s
 219039 155026  206.00000  103   41  208.00000  203.89005  1.98%   148 2730s
 219487 155376  205.94295  106  168  208.00000  203.89084  1.98%   148 2735s
 219982 155710  206.02071  104   87  208.00000  203.89135  1.98%   148 2740s
 220398 155968  204.16500   77  356  208.00000  203.89213  1.97%   148 2745s
 220735 156232  205.49604   99  170  208.00000  203.89258  1.97%   148 2750s
 221152 156516  204.30877   83  210  208.00000  203.89317  1.97%   148 2755s
 221555 156819  204.34880   86  214  208.00000  203.89355  1.97%   148 2760s
 222023 157169  206.95674  121   73  208.00000  203.89439  1.97%   148 2765s
 222429 157442  204.24474   73  203  208.00000  203.89487  1.97%   148 2770s
 222815 157731  205.27152   83  117  208.00000  203.89504  1.97%   148 2775s
 223252 158037  205.95005  111   95  208.00000  203.89547  1.97%   148 2780s
 223670 158350  204.36555   85  294  208.00000  203.89588  1.97%   148 2785s
 224063 158647  205.06195  108  171  208.00000  203.89617  1.97%   148 2790s
 224509 158940  204.08844   73  283  208.00000  203.89654  1.97%   148 2795s
 224829 159182  205.76903  106  154  208.00000  203.89690  1.97%   148 2800s
 225325 159567  204.32936   82  246  208.00000  203.89714  1.97%   148 2805s
 225705 159838  205.46367  104   96  208.00000  203.89735  1.97%   148 2810s
 226119 160118  205.85024   88  129  208.00000  203.89779  1.97%   148 2815s
 226535 160410  204.64154   87  174  208.00000  203.89802  1.97%   148 2820s
 227041 160718  204.54538   80  315  208.00000  203.89849  1.97%   148 2825s
 227443 161006  206.54213   99   99  208.00000  203.89891  1.97%   148 2830s
 227903 161355  206.14634   92  118  208.00000  203.89960  1.97%   148 2835s
 228290 161630  204.86344   87  285  208.00000  203.89979  1.97%   148 2840s
 228716 161934  204.79261   74  195  208.00000  203.90027  1.97%   148 2845s
 229196 162255  204.83625   94  266  208.00000  203.90097  1.97%   148 2850s
 229618 162585  204.70653   89  188  208.00000  203.90137  1.97%   147 2855s
 230067 162916  204.42152   80  361  208.00000  203.90209  1.97%   147 2860s
 230478 163195  206.93965  116  105  208.00000  203.90249  1.97%   147 2865s
 230866 163483  205.02822   90   95  208.00000  203.90307  1.97%   147 2870s
 231304 163814  205.24596   87  220  208.00000  203.90362  1.97%   147 2875s
 231658 164058  204.31634   75  206  208.00000  203.90409  1.97%   147 2880s
 232181 164434  204.54161   79  205  208.00000  203.90450  1.97%   147 2885s
 232623 164740  206.00344   94   88  208.00000  203.90505  1.97%   147 2890s
 233075 165068  204.08276   81  257  208.00000  203.90529  1.97%   147 2895s
 233500 165387  204.61135   85  202  208.00000  203.90563  1.97%   147 2900s
 233890 165645  204.23195   80  180  208.00000  203.90595  1.97%   147 2905s
 234287 165937  205.64317   87  148  208.00000  203.90635  1.97%   147 2910s
 234712 166257     cutoff  120       208.00000  203.90669  1.97%   147 2915s
 235114 166526  204.62730   79  209  208.00000  203.90697  1.97%   147 2920s
 235464 166784  204.60674   75  245  208.00000  203.90726  1.97%   147 2925s
 235892 167082  205.81339   72  268  208.00000  203.90768  1.97%   147 2930s
 236285 167366  204.18649   73  270  208.00000  203.90793  1.97%   147 2935s
 236635 167614     cutoff   90       208.00000  203.90822  1.97%   147 2940s
 237110 167933  204.17764   80  327  208.00000  203.90846  1.97%   147 2945s
 237465 168197  204.76629   88  222  208.00000  203.90873  1.97%   147 2950s
 237894 168524  206.73457  107   86  208.00000  203.90917  1.97%   147 2955s
 238331 168821  204.27118   74  312  208.00000  203.90954  1.97%   147 2960s
 238715 169110  205.21342  104  167  208.00000  203.91005  1.97%   147 2965s
 239097 169396  205.61366   82  171  208.00000  203.91023  1.97%   147 2970s
 239540 169727  205.19327  104  159  208.00000  203.91061  1.97%   147 2975s
 240036 170102  205.48691  106  129  208.00000  203.91094  1.97%   147 2980s
 240447 170427  205.90057   99   91  208.00000  203.91123  1.97%   147 2985s
 240967 170776  204.35169   76  204  208.00000  203.91145  1.97%   147 2990s
 241422 171130  204.82692   83  141  208.00000  203.91191  1.97%   147 2995s
 241861 171445  204.79380   87  190  208.00000  203.91212  1.97%   147 3000s
 242370 171808  204.35630   72  291  208.00000  203.91246  1.97%   147 3005s
 242787 172133  205.28356  103   86  208.00000  203.91309  1.96%   147 3010s
 243244 172416  204.22621   76  221  208.00000  203.91345  1.96%   147 3015s
 243597 172649  204.99892   94  143  208.00000  203.91381  1.96%   147 3020s
 244006 172965  206.05497   95  150  208.00000  203.91407  1.96%   147 3025s
 244436 173194  204.22162   82  241  208.00000  203.91462  1.96%   147 3030s
 244862 173523  206.94973  122   85  208.00000  203.91488  1.96%   147 3035s
 245342 173853  204.39390   79  254  208.00000  203.91533  1.96%   147 3040s
 245754 174135  204.49188   83  137  208.00000  203.91558  1.96%   147 3045s
 246242 174489  204.54395   81  114  208.00000  203.91583  1.96%   147 3050s
 246661 174783  204.54149   77  309  208.00000  203.91642  1.96%   147 3055s
 247035 175072  204.76885   81  177  208.00000  203.91671  1.96%   147 3060s
 247428 175369  206.42779  121   75  208.00000  203.91709  1.96%   147 3065s
 247844 175649  204.50432   77  282  208.00000  203.91744  1.96%   147 3070s
 248239 175918  204.36251   84  277  208.00000  203.91782  1.96%   147 3075s
 248544 176123  204.51390   84  218  208.00000  203.91823  1.96%   147 3080s
 248920 176389  206.48999  111  176  208.00000  203.91853  1.96%   147 3085s
 249303 176689  206.50000  128   52  208.00000  203.91898  1.96%   147 3090s
 249712 176973  204.20990   79  420  208.00000  203.91935  1.96%   147 3095s
 250177 177334  204.95131   87  181  208.00000  203.91972  1.96%   147 3100s
 250613 177648  204.70325   80  167  208.00000  203.92015  1.96%   147 3105s
 251110 178003  205.19392   91  166  208.00000  203.92075  1.96%   147 3110s
 251495 178293  204.59491   75  222  208.00000  203.92117  1.96%   147 3115s
 251954 178601     cutoff   94       208.00000  203.92151  1.96%   147 3120s
 252378 178903  206.01187   80   92  208.00000  203.92190  1.96%   147 3125s
 252795 179218  204.98165   84  284  208.00000  203.92244  1.96%   147 3130s
 253163 179467  204.68591   86  186  208.00000  203.92294  1.96%   147 3135s
 253619 179845     cutoff  116       208.00000  203.92318  1.96%   147 3140s
 253985 180120  206.63530  101  122  208.00000  203.92354  1.96%   147 3145s
 254369 180413  206.05884   93   84  208.00000  203.92384  1.96%   147 3150s
 254869 180764  204.65733   88  110  208.00000  203.92423  1.96%   147 3155s
 255396 181176  204.73473   82  189  208.00000  203.92448  1.96%   147 3160s
 255734 181425  206.14353  137   51  208.00000  203.92501  1.96%   147 3165s
 256189 181754  206.61366   92  112  208.00000  203.92559  1.96%   147 3170s
 256583 182038  205.42999   94  131  208.00000  203.92603  1.96%   147 3175s
 257145 182437 infeasible  175       208.00000  203.92639  1.96%   147 3180s
 257582 182761  204.50982   75  129  208.00000  203.92676  1.96%   147 3185s
 258093 183154  205.58043   89  107  208.00000  203.92719  1.96%   147 3190s
 258467 183397  204.60947   78  126  208.00000  203.92797  1.96%   147 3195s
 258891 183700  205.38916   89  179  208.00000  203.92834  1.96%   147 3200s
 259293 183996  204.44916   82  303  208.00000  203.92862  1.96%   147 3205s
 259658 184250  204.21893   80  247  208.00000  203.92898  1.96%   147 3210s
 260064 184560  204.99327  100  144  208.00000  203.92938  1.96%   147 3215s
 260507 184893  204.52960   85  203  208.00000  203.92978  1.96%   147 3220s
 261020 185249  206.49960  107  120  208.00000  203.93014  1.96%   147 3225s
 261440 185559  204.27125   72  259  208.00000  203.93061  1.96%   147 3230s
 261885 185890  205.03196   80  211  208.00000  203.93092  1.96%   147 3235s
 262308 186173  204.86477   80  270  208.00000  203.93144  1.96%   147 3240s
 262746 186518  204.45101   74  289  208.00000  203.93193  1.96%   147 3245s
 263169 186809  204.07567   70  294  208.00000  203.93241  1.96%   147 3250s
 263578 187095     cutoff  135       208.00000  203.93274  1.96%   147 3255s
 264017 187398  205.73632  107  129  208.00000  203.93316  1.96%   147 3260s
 264404 187646  204.06785   85  322  208.00000  203.93341  1.96%   147 3265s
 264801 187925  206.24170   98  122  208.00000  203.93371  1.95%   147 3270s
 265212 188232  205.33333  124   54  208.00000  203.93395  1.95%   147 3275s
 265585 188507  207.00000  119   68  208.00000  203.93430  1.95%   147 3280s
 265983 188806  206.01027   91  116  208.00000  203.93483  1.95%   147 3285s
 266416 189100  205.67347   91   81  208.00000  203.93554  1.95%   147 3290s
 266855 189410  206.33333  109   80  208.00000  203.93615  1.95%   147 3295s
 267274 189717  204.91110   90  155  208.00000  203.93656  1.95%   147 3300s
 267669 189985  205.11894   86  234  208.00000  203.93695  1.95%   147 3305s
 268165 190346     cutoff   96       208.00000  203.93738  1.95%   147 3310s
 268555 190626  205.04881   93  141  208.00000  203.93767  1.95%   147 3315s
 269001 190983  204.82049   75  283  208.00000  203.93822  1.95%   147 3320s
 269452 191291  204.20683   74  309  208.00000  203.93850  1.95%   147 3325s
 269879 191603     cutoff   91       208.00000  203.93884  1.95%   147 3330s
 270395 191884  204.30035   78  339  208.00000  203.93913  1.95%   147 3335s
 270851 192216  204.38380   80  211  208.00000  203.93970  1.95%   147 3340s
 271284 192555  204.70001   87  214  208.00000  203.93993  1.95%   147 3345s
 271683 192836  205.32806   79  151  208.00000  203.94017  1.95%   147 3350s
 272071 193105  205.17316   81  166  208.00000  203.94057  1.95%   147 3355s
 272463 193366  205.26634   87  180  208.00000  203.94080  1.95%   147 3360s
 272837 193624  204.71746   70  199  208.00000  203.94179  1.95%   147 3365s
 273228 193887  204.83265   77  198  208.00000  203.94204  1.95%   147 3370s
 273601 194134  204.75221   77  228  208.00000  203.94241  1.95%   147 3375s
 274029 194443  204.78166   81  231  208.00000  203.94283  1.95%   147 3380s
 274456 194762  204.77428   91  196  208.00000  203.94334  1.95%   147 3385s
 274894 195069  206.00000   93   28  208.00000  203.94370  1.95%   147 3390s
 275353 195382  204.48884   73  398  208.00000  203.94417  1.95%   147 3395s
 275740 195658  204.16754   80  341  208.00000  203.94465  1.95%   147 3400s
 276135 195943  206.81790  109   88  208.00000  203.94488  1.95%   147 3405s
 276530 196217  204.10129   68  343  208.00000  203.94532  1.95%   147 3410s
 276974 196528  205.22238  102  164  208.00000  203.94567  1.95%   147 3415s
 277396 196834  205.24016   79  182  208.00000  203.94598  1.95%   147 3420s
 277802 197073  205.71191  101  105  208.00000  203.94627  1.95%   147 3425s
 278190 197338  204.62460   86  140  208.00000  203.94682  1.95%   147 3430s
 278655 197687  206.04635   88  190  208.00000  203.94714  1.95%   147 3435s
 279079 197946  204.92022   82  253  208.00000  203.94767  1.95%   147 3440s
 279489 198246  205.04412   81  123  208.00000  203.94805  1.95%   147 3445s
 279975 198628  204.73695   80  209  208.00000  203.94862  1.95%   147 3450s
 280392 198929  205.14593   80  147  208.00000  203.94891  1.95%   147 3455s
 280795 199206  204.42385   78  335  208.00000  203.94920  1.95%   147 3460s
 281252 199544  204.22163   78  258  208.00000  203.94939  1.95%   147 3465s
 281792 199935  204.44908   71  305  208.00000  203.94962  1.95%   147 3470s
 282253 200263  206.49854  115   66  208.00000  203.94996  1.95%   147 3475s
 282637 200538  204.35208   81  278  208.00000  203.95039  1.95%   147 3480s
 283094 200864  204.08305   81  288  208.00000  203.95106  1.95%   147 3485s
 283523 201181  206.00000  121   48  208.00000  203.95132  1.95%   147 3490s
 284026 201533  204.19419   80  378  208.00000  203.95165  1.95%   147 3495s
 284413 201827  205.02466   82  185  208.00000  203.95197  1.95%   147 3500s
 284777 202096  204.70010   83  361  208.00000  203.95212  1.95%   147 3505s
 285211 202386  204.82856   98  106  208.00000  203.95253  1.95%   147 3510s
 285647 202690  204.71751   85  364  208.00000  203.95307  1.95%   147 3515s
 286045 202982  204.07571   74  267  208.00000  203.95344  1.95%   147 3520s
 286474 203302  204.33330   84  318  208.00000  203.95367  1.95%   147 3525s
 286837 203568  204.51034   89  181  208.00000  203.95403  1.95%   147 3530s
 287292 203882  204.90075   84  165  208.00000  203.95444  1.94%   147 3535s
 287761 204198  207.00000   98   48  208.00000  203.95470  1.94%   147 3540s
 288129 204453  204.60901   74  276  208.00000  203.95510  1.94%   147 3545s
 288592 204769  205.09714   93  229  208.00000  203.95531  1.94%   147 3550s
 289037 205084  204.05108   70  422  208.00000  203.95568  1.94%   147 3555s
 289400 205364  204.54789   75  333  208.00000  203.95596  1.94%   147 3560s
 289873 205707  207.00000  110   29  208.00000  203.95632  1.94%   147 3565s
 290273 206012  206.56696  159   69  208.00000  203.95653  1.94%   147 3570s
 290656 206285  206.17438  126  133  208.00000  203.95691  1.94%   147 3575s
 291117 206572  204.48537   76  289  208.00000  203.95745  1.94%   147 3580s
 291464 206837  204.84898   83  232  208.00000  203.95772  1.94%   147 3585s
 291882 207141     cutoff  153       208.00000  203.95806  1.94%   147 3590s
 292321 207456  206.60017  105   68  208.00000  203.95868  1.94%   147 3595s

Cutting planes:
  Learned: 1
  Gomory: 26
  Cover: 480
  Implied bound: 160
  MIR: 1013
  Mixing: 39
  StrongCG: 28
  Flow cover: 2232
  GUB cover: 67
  Inf proof: 35
  Zero half: 38
  RLT: 80
  Relax-and-lift: 185
  BQP: 68

Explored 292747 nodes (42966101 simplex iterations) in 3599.94 seconds (3565.43 work units)
Thread count was 1 (of 16 available processors)

Solution count 10: 208 209 210 ... 378

Time limit reached
Best objective 2.080000000000e+02, best bound 2.040000000000e+02, gap 1.9231%

User-callback calls 1375789, time in user-callback 1.23 sec

 sepatime0
Stat(MathOptInterface.TIME_LIMIT, 208.0, 204.0, 0.019230769230769232, 0.0, 0.06493, 3599.936201095581, 292747, Main.CFLG.LEFPI, "", #undef)
